0_10_cc.dat
/gpfs/alpine/bip115/scratch/hrlee/radical.pilot.sandbox/re.session.login2.hrlee.018634.0000/pilot.0000/staging_area/0_10_cc.dat
0, 10
Choosing optimized barrier algorithm name I0:HybridBinomial:SHMEM:P2P
Converse/Charm++ Commit ID: v6.10.2-0-g7bf00fa-namd-charm-6.10.2-build-2020-Aug-05-556
Warning> Randomization of virtual memory (ASLR) is turned on in the kernel, thread migration may not work! Run 'echo 0 > /proc/sys/kernel/randomize_va_space' as root to disable it, or try running with '+isomalloc_sync'.
CharmLB> Load balancer assumes all CPUs are same.
Charm++> Running on 1 hosts (1 sockets x 7 cores x 4 PUs = 28-way SMP)
Charm++> cpu topology info is gathered in 0.006 seconds.
Info: Built with CUDA version 10010
Did not find +devices i,j,k,... argument, using all
Pe 39 physical rank 39 will use CUDA device of pe 35
Pe 5 physical rank 5 will use CUDA device of pe 4
Pe 40 physical rank 40 will use CUDA device of pe 35
Pe 2 physical rank 2 will use CUDA device of pe 4
Pe 37 physical rank 37 will use CUDA device of pe 35
Pe 9 physical rank 9 will use CUDA device of pe 7
Pe 20 physical rank 20 will use CUDA device of pe 14
Pe 6 physical rank 6 will use CUDA device of pe 4
Pe 25 physical rank 25 will use CUDA device of pe 21
Pe 11 physical rank 11 will use CUDA device of pe 7
Pe 31 physical rank 31 will use CUDA device of pe 28
Pe 19 physical rank 19 will use CUDA device of pe 14
Pe 27 physical rank 27 will use CUDA device of pe 21
Pe 33 physical rank 33 will use CUDA device of pe 28
Pe 17 physical rank 17 will use CUDA device of pe 14
Pe 26 physical rank 26 will use CUDA device of pe 21
Pe 34 physical rank 34 will use CUDA device of pe 28
Pe 18 physical rank 18 will use CUDA device of pe 14
Pe 23 physical rank 23 will use CUDA device of pe 21
Pe 12 physical rank 12 will use CUDA device of pe 7
Pe 32 physical rank 32 will use CUDA device of pe 28
Pe 16 physical rank 16 will use CUDA device of pe 14
Pe 3 physical rank 3 will use CUDA device of pe 4
Pe 38 physical rank 38 will use CUDA device of pe 35
Pe 24 physical rank 24 will use CUDA device of pe 21
Pe 10 physical rank 10 will use CUDA device of pe 7
Pe 30 physical rank 30 will use CUDA device of pe 28
Pe 15 physical rank 15 will use CUDA device of pe 14
Pe 41 physical rank 41 will use CUDA device of pe 35
Pe 22 physical rank 22 will use CUDA device of pe 21
Pe 13 physical rank 13 will use CUDA device of pe 7
Pe 29 physical rank 29 will use CUDA device of pe 28
Pe 1 physical rank 1 will use CUDA device of pe 4
Pe 36 physical rank 36 will use CUDA device of pe 35
Pe 8 physical rank 8 will use CUDA device of pe 7
Pe 0 physical rank 0 will use CUDA device of pe 4
Pe 14 physical rank 14 binding to CUDA device 0 on h14n10: 'Tesla V100-SXM2-16GB'  Mem: 16128MB  Rev: 7.0  PCI: 4:6:0
Pe 4 physical rank 4 binding to CUDA device 0 on h14n10: 'Tesla V100-SXM2-16GB'  Mem: 16128MB  Rev: 7.0  PCI: 4:4:0
Pe 21 physical rank 21 binding to CUDA device 0 on h14n10: 'Tesla V100-SXM2-16GB'  Mem: 16128MB  Rev: 7.0  PCI: 35:3:0
Pe 28 physical rank 28 binding to CUDA device 0 on h14n10: 'Tesla V100-SXM2-16GB'  Mem: 16128MB  Rev: 7.0  PCI: 35:4:0
Pe 35 physical rank 35 binding to CUDA device 0 on h14n10: 'Tesla V100-SXM2-16GB'  Mem: 16128MB  Rev: 7.0  PCI: 35:5:0
Pe 7 physical rank 7 binding to CUDA device 0 on h14n10: 'Tesla V100-SXM2-16GB'  Mem: 16128MB  Rev: 7.0  PCI: 4:5:0
Info: NAMD 2.14 for Linux-POWER-pami-smp-Summit-CUDA
Info: 
Info: Please visit http://www.ks.uiuc.edu/Research/namd/
Info: for updates, documentation, and support information.
Info: 
Info: Please cite Phillips et al., J. Chem. Phys. 153:044130 (2020) doi:10.1063/5.0014475
Info: in all publications reporting results obtained with NAMD.
Info: 
Info: Based on Charm++/Converse 61002 for pami-linux-ppc64le-smp
Info: Built Wed Aug 5 14:28:51 EDT 2020 by jimp on login2
Info: 1 NAMD  2.14  Linux-POWER-pami-smp-Summit-CUDA  42    h14n10  hrlee
Info: Running on 42 processors, 6 nodes, 1 physical nodes.
Info: CPU topology information available.
Info: Charm++/Converse parallel runtime startup completed at 1.33297 s
CkLoopLib is used in SMP with simple dynamic scheduling (converse-level notification)
Info: 791.75 MB of memory in use based on /proc/self/stat
Info: Configuration file is adk-step1.namd
Info: Working in the current directory /gpfs/alpine/bip115/scratch/hrlee/radical.pilot.sandbox/re.session.login2.hrlee.018634.0000/pilot.0000/unit.000745
TCL: Suspending until startup complete.
Info: SIMULATION PARAMETERS:
Info: TIMESTEP               1
Info: NUMBER OF STEPS        0
Info: STEPS PER CYCLE        20
Info: LOAD BALANCER  Centralized
Info: LOAD BALANCING STRATEGY  New Load Balancers -- DEFAULT
Info: LDB PERIOD             4000 steps
Info: FIRST LDB TIMESTEP     100
Info: LAST LDB TIMESTEP     -1
Info: LDB BACKGROUND SCALING 1
Info: HOM BACKGROUND SCALING 1
Info: MIN ATOMS PER PATCH    40
Info: VELOCITY FILE          0_10_adk-step1.restart.vel
Info: CENTER OF MASS MOVING INITIALLY? NO
Info: DIELECTRIC             80
Info: EXCLUDE                SCALED ONE-FOUR
Info: 1-4 ELECTROSTATICS SCALED BY 1
Info: MODIFIED 1-4 VDW PARAMETERS WILL BE USED
Info: DCD FILENAME           adk-step1.dcd
Info: DCD FREQUENCY          1000
Info: DCD FIRST STEP         1000
Info: NO EXTENDED SYSTEM TRAJECTORY OUTPUT
Info: NO VELOCITY DCD OUTPUT
Info: NO FORCE DCD OUTPUT
Info: OUTPUT FILENAME        adk-step1
Info: BINARY OUTPUT FILES WILL BE USED
Info: RESTART FILENAME       adk-step1.restart
Info: RESTART FREQUENCY      1000
Info: BINARY RESTART FILES WILL BE USED
Info: SWITCHING ACTIVE
Info: SWITCHING ON           9
Info: SWITCHING OFF          10
Info: PAIRLIST DISTANCE      11
Info: PAIRLIST SHRINK RATE   0.01
Info: PAIRLIST GROW RATE     0.01
Info: PAIRLIST TRIGGER       0.3
Info: PAIRLISTS PER CYCLE    2
Info: PAIRLISTS ENABLED
Info: MARGIN                 0
Info: HYDROGEN GROUP CUTOFF  2.5
Info: PATCH DIMENSION        13.5
Info: ENERGY OUTPUT STEPS    100
Info: CROSSTERM ENERGY INCLUDED IN DIHEDRAL
Info: TIMING OUTPUT STEPS    1000
Info: PRESSURE OUTPUT STEPS  100
Info: GRID FORCE ACTIVE
Info:  Please include this reference in published work using
Info:  the Gridforce module of NAMD: David Wells, Volha Abramkina,
Info:  and Aleksei Aksimentiev, J. Chem. Phys. 127:125101-10 (2007).
Info: MGRIDFORCE key 0
Info:            Potfile 4ake-target_autopsf-grid.dx
Info:            Scale 0.3 0.3 0.3
Info:            File 1ake-docked-noh_autopsf-grid.pdb
Info:            Col O
Info:            ChargeCol B
Info:            VOffset 0 0 0
Info:            Continuous K1 FALSE
Info:            Continuous K2 FALSE
Info:            Continuous K3 FALSE
Info:            Volts FALSE
Info:            Gridforce-Lite FALSE
Info:            Gridforce-CheckSize TRUE
Info: LANGEVIN DYNAMICS ACTIVE
Info: LANGEVIN TEMPERATURE   300
Info: LANGEVIN USING BBK INTEGRATOR
Info: LANGEVIN DAMPING COEFFICIENT IS 5 INVERSE PS
Info: LANGEVIN DYNAMICS NOT APPLIED TO HYDROGENS
Info: USING VERLET I (r-RESPA) MTS SCHEME.
Info: C1 SPLITTING OF LONG RANGE ELECTROSTATICS
Info: PLACING ATOMS IN PATCHES BY HYDROGEN GROUPS
Info: RIGID BONDS TO HYDROGEN : WATER
Info:         ERROR TOLERANCE : 1e-08
Info:          MAX ITERATIONS : 100
Info: RIGID WATER USING SETTLE ALGORITHM
Info: NONBONDED FORCES EVALUATED EVERY 2 STEPS
Info: RANDOM NUMBER SEED     1609984387
Info: USE HYDROGEN BONDS?    NO
Info: COORDINATE PDB         1ake-docked-noh_autopsf.pdb
Info: STRUCTURE FILE         1ake-docked-noh_autopsf.psf
Info: PARAMETER file: CHARMM format! 
Info: PARAMETERS             par_all36_prot.prm
Info: USING ARITHMETIC MEAN TO COMBINE L-J SIGMA PARAMETERS
Info: BINARY COORDINATES     0_10_adk-step1.restart.coor
Info: SUMMARY OF PARAMETERS:
Info: 132 BONDS
Info: 362 ANGLES
Info: 702 DIHEDRAL
Info: 35 IMPROPER
Info: 6 CROSSTERM
Info: 53 VDW
Info: 0 VDW_PAIRS
Info: 0 NBTHOLE_PAIRS
Info: TIME FOR READING PSF FILE: 0.359042
Info: READING EXTRA BONDS FILE 1ake-extrabonds.txt
Info: READING EXTRA BONDS FILE 1ake-extrabonds-cispeptide.txt
Info: READING EXTRA BONDS FILE 1ake-extrabonds-chirality.txt
Info: READ 80 EXTRA BONDS
Info: READ 80 EXTRA ANGLES
Warning: EXTRA ANGLES ARE COSINE-BASED BY DEFAULT TO MATCH PREVIOUS VERSIONS
Warning: FOR NORMAL HARMONIC EXTRA ANGLES SET extraBondsCosAngles off
Info: READ 493 EXTRA DIHEDRALS
Info: READ 438 EXTRA IMPROPERS
Info: Reading pdb file 1ake-docked-noh_autopsf.pdb
Info: TIME FOR READING PDB FILE: 0.0618252
Info: 
Info: ****************************
Info: STRUCTURE SUMMARY:
Info: 3341 ATOMS
Info: 3445 BONDS
Info: 6203 ANGLES
Info: 9414 DIHEDRALS
Info: 1005 IMPROPERS
Info: 212 CROSSTERMS
Info: 0 EXCLUSIONS
Info: 0 RIGID BONDS
Info: 1 GRIDS ACTIVE
Info: 10023 DEGREES OF FREEDOM
Info: 1656 HYDROGEN GROUPS
Info: 4 ATOMS IN LARGEST HYDROGEN GROUP
Info: 1656 MIGRATION GROUPS
Info: 4 ATOMS IN LARGEST MIGRATION GROUP
Info: TOTAL MASS = 23582 amu
Info: TOTAL CHARGE = -4 e
Info: *****************************
Info: Reading from binary file 0_10_adk-step1.restart.coor
Info: 
Info: Entering startup at 2.28703 s, 799.688 MB of memory in use
Info: Startup phase 0 took 0.000231363 s, 799.812 MB of memory in use
Info: ADDED 18308 IMPLICIT EXCLUSIONS
Info: Startup phase 1 took 0.0092551 s, 799.938 MB of memory in use
Info: NONBONDED TABLE R-SQUARED SPACING: 0.0625
Info: NONBONDED TABLE SIZE: 705 POINTS
Info: ABSOLUTE IMPRECISION IN FAST TABLE ENERGY: 3.38813e-21 AT 9.89634
Info: RELATIVE IMPRECISION IN FAST TABLE ENERGY: 4.23384e-15 AT 9.94673
Info: ABSOLUTE IMPRECISION IN FAST TABLE FORCE: 6.35275e-22 AT 9.94673
Info: RELATIVE IMPRECISION IN FAST TABLE FORCE: 5.07982e-16 AT 9.94673
Info: INCONSISTENCY IN FAST TABLE ENERGY VS FORCE: 0.000290185 AT 0.251946
Info: ABSOLUTE IMPRECISION IN VDWA TABLE ENERGY: 1.57772e-30 AT 9.89634
Info: RELATIVE IMPRECISION IN VDWA TABLE ENERGY: 4.54938e-15 AT 9.94673
Info: ABSOLUTE IMPRECISION IN VDWA TABLE FORCE: 5.91646e-31 AT 9.94673
Info: RELATIVE IMPRECISION IN VDWA TABLE FORCE: 5.6823e-16 AT 9.94673
Info: INCONSISTENCY IN VDWA TABLE ENERGY VS FORCE: 0.0040507 AT 0.251946
Info: ABSOLUTE IMPRECISION IN VDWB TABLE ENERGY: 4.71751e-25 AT 9.94673
Info: RELATIVE IMPRECISION IN VDWB TABLE ENERGY: 1.45371e-14 AT 9.94673
Info: ABSOLUTE IMPRECISION IN VDWB TABLE FORCE: 6.20385e-25 AT 9.94673
Info: RELATIVE IMPRECISION IN VDWB TABLE FORCE: 5.97512e-16 AT 9.94673
Info: INCONSISTENCY IN VDWB TABLE ENERGY VS FORCE: 0.00377068 AT 9.07951
Info: Startup phase 2 took 0.000708936 s, 800.875 MB of memory in use
Info: Startup phase 3 took 0.000197114 s, 800.938 MB of memory in use
Info: Startup phase 4 took 0.000307247 s, 801.062 MB of memory in use
Info: Startup phase 5 took 0.000184853 s, 801.062 MB of memory in use
Info: ORIGINAL ATOMS MINMAX IS -20.4655 -33.0496 -37.9287  16.7591 26.0004 16.8002
Info: ADJUSTED ATOMS MINMAX IS -15.6234 -28.0506 -32.8282  11.2483 15.9344 9.01402
Info: PATCH GRID IS 4 BY 4 BY 4
Info: PATCH GRID IS 2-AWAY BY 1-AWAY BY 1-AWAY
Info: Reading from binary file 0_10_adk-step1.restart.vel
Info: REMOVING COM VELOCITY -0.01743 0.0173044 -0.0915719
Info: LARGEST PATCH (27) HAS 174 ATOMS
Info: TORUS A SIZE 1 USING 0
Info: TORUS B SIZE 1 USING 0
Info: TORUS C SIZE 1 USING 0
Info: TORUS MINIMAL MESH SIZE IS 1 BY 1 BY 1
Info: Placed 100% of base nodes on same physical node as patch
Info: Startup phase 6 took 0.0085028 s, 801.188 MB of memory in use
Info: Startup phase 7 took 0.00018888 s, 802.438 MB of memory in use
Info: Updated CUDA force table with 4096 elements.
Info: Updated CUDA force table with 4096 elements.
Info: Updated CUDA LJ table with 53 x 53 elements.
Info: Updated CUDA force table with 4096 elements.
Info: Updated CUDA LJ table with 53 x 53 elements.
Info: Updated CUDA LJ table with 53 x 53 elements.
Info: Updated CUDA force table with 4096 elements.
Info: Updated CUDA LJ table with 53 x 53 elements.
Info: Updated CUDA force table with 4096 elements.
Info: Updated CUDA force table with 4096 elements.
Info: Updated CUDA LJ table with 53 x 53 elements.
Info: Updated CUDA LJ table with 53 x 53 elements.
Info: Startup phase 8 took 0.0032858 s, 802.625 MB of memory in use
Info: Startup phase 9 took 0.00043141 s, 802.75 MB of memory in use
Info: Startup phase 10 took 0.000170965 s, 803.062 MB of memory in use
Info: Startup phase 11 took 0.000741792 s, 803.062 MB of memory in use
LDB: Central LB being created...
Info: Startup phase 12 took 0.0021543 s, 803.75 MB of memory in use
Info: CREATING 1516 COMPUTE OBJECTS
Info: Found 278 unique exclusion lists needing 900 bytes
Info: Found 278 unique exclusion lists needing 900 bytes
Info: Found 278 unique exclusion lists needing 900 bytes
Info: Found 278 unique exclusion lists needing 900 bytes
Info: Found 278 unique exclusion lists needing 900 bytes
Info: Found 278 unique exclusion lists needing 900 bytes
Info: Startup phase 13 took 0.0166591 s, 804.688 MB of memory in use
Info: Building spanning tree ... send: 1 recv: 0 with branch factor 4
Info: useSync: 0 useProxySync: 0
Info: Startup phase 14 took 0.000273896 s, 804.875 MB of memory in use
Info: Startup phase 15 took 0.000258446 s, 804.938 MB of memory in use
Info: Finished startup at 2.33058 s, 805.188 MB of memory in use

TCL: Running for 5000 steps
PRESSURE: 0 0 0 0 0 0 0 0 0 0
GPRESSURE: 0 0 0 0 0 0 0 0 0 0
ETITLE:      TS           BOND          ANGLE          DIHED          IMPRP               ELECT            VDW       BOUNDARY           MISC        KINETIC               TOTAL           TEMP      POTENTIAL         TOTAL3        TEMPAVG

ENERGY:       0      1117.5066      1670.0163      2102.8487       144.5735            -44.6103      -778.2978         0.0000      2408.5887      2930.8857           9551.5114       294.3009      6620.6257      9576.1844       294.3009

LDB: ============= START OF LOAD BALANCING ============== 2.34688
LDB: ============== END OF LOAD BALANCING =============== 2.34693
Info: useSync: 0 useProxySync: 0
LDB: =============== DONE WITH MIGRATION ================ 2.34706
LDB: ============= START OF LOAD BALANCING ============== 2.40377
LDB: Partitioning computes with target load 0.000000
LDB: Increased migratable compute count from 0 to 0
LDB: Largest unpartitionable compute is 0.000000
LDB: ============== END OF LOAD BALANCING =============== 2.40412
Info: build node-aware spanning tree with send: 1, recv: 0 with branch factor 4
Info: useSync: 0 useProxySync: 0
LDB: =============== DONE WITH MIGRATION ================ 2.40508
PRESSURE: 100 0 0 0 0 0 0 0 0 0
GPRESSURE: 100 0 0 0 0 0 0 0 0 0
PRESSAVG: 100 0 0 0 0 0 0 0 0 0
GPRESSAVG: 100 0 0 0 0 0 0 0 0 0
Info: Initial time: 42 CPUs 0.000709381 s/step 0.00821043 days/ns 827.875 MB memory
ENERGY:     100      1067.2893      1673.4107      2086.1563       169.6365            -45.4369      -778.1433         0.0000      2410.9779      2927.6493           9511.5398       293.9759      6583.8906      9535.5248       297.8583

LDB: ============= START OF LOAD BALANCING ============== 2.41933
LDB: ============== END OF LOAD BALANCING =============== 2.41937
Info: useSync: 0 useProxySync: 0
LDB: =============== DONE WITH MIGRATION ================ 2.41948
LDB: ============= START OF LOAD BALANCING ============== 2.47628
LDB: TIME 2.47657 LOAD: AVG 0.0177819 MAX 0.0415022  PROXIES: TOTAL 225 MAXPE 13 MAXPATCH 7 None MEM: 829.125 MB
LDB: TIME 2.47678 LOAD: AVG 0.0177819 MAX 0.0415022  PROXIES: TOTAL 225 MAXPE 13 MAXPATCH 7 TorusLB MEM: 829.188 MB
LDB: Reverting to original mapping
LDB: ============== END OF LOAD BALANCING =============== 2.47703
Info: build node-aware spanning tree with send: 1, recv: 0 with branch factor 4
Info: useSync: 0 useProxySync: 0
LDB: =============== DONE WITH MIGRATION ================ 2.47792
PRESSURE: 200 0 0 0 0 0 0 0 0 0
GPRESSURE: 200 0 0 0 0 0 0 0 0 0
PRESSAVG: 200 0 0 0 0 0 0 0 0 0
GPRESSAVG: 200 0 0 0 0 0 0 0 0 0
Info: Initial time: 42 CPUs 0.000707891 s/step 0.00819318 days/ns 829.188 MB memory
ENERGY:     200      1089.2161      1628.1618      2090.4825       151.8890            -44.3221      -785.0578         0.0000      2420.4793      2908.7334           9459.5821       292.0765      6550.8487      9485.2237       292.2026

LDB: ============= START OF LOAD BALANCING ============== 2.54901
LDB: TIME 2.54928 LOAD: AVG 0.0222201 MAX 0.0517688  PROXIES: TOTAL 225 MAXPE 13 MAXPATCH 7 None MEM: 829.688 MB
LDB: TIME 2.54947 LOAD: AVG 0.0222201 MAX 0.0517688  PROXIES: TOTAL 225 MAXPE 13 MAXPATCH 7 RefineTorusLB MEM: 829.812 MB
LDB: TIME 2.54963 LOAD: AVG 0.0222201 MAX 0.0517688  PROXIES: TOTAL 225 MAXPE 13 MAXPATCH 7 RefineTorusLB MEM: 829.812 MB
LDB: ============== END OF LOAD BALANCING =============== 2.54989
Info: build node-aware spanning tree with send: 1, recv: 0 with branch factor 4
Info: useSync: 0 useProxySync: 0
LDB: =============== DONE WITH MIGRATION ================ 2.55082
PRESSURE: 300 0 0 0 0 0 0 0 0 0
GPRESSURE: 300 0 0 0 0 0 0 0 0 0
PRESSAVG: 300 0 0 0 0 0 0 0 0 0
GPRESSAVG: 300 0 0 0 0 0 0 0 0 0
Info: Initial time: 42 CPUs 0.00070964 s/step 0.00821342 days/ns 829.812 MB memory
ENERGY:     300      1117.3072      1707.0935      2067.7286       144.2060            -44.1832      -808.9495         0.0000      2422.5925      2926.1826           9531.9776       293.8286      6605.7951      9556.4260       293.5978

LDB: ============= START OF LOAD BALANCING ============== 2.62149
LDB: TIME 2.62182 LOAD: AVG 0.0222339 MAX 0.050983  PROXIES: TOTAL 225 MAXPE 13 MAXPATCH 7 None MEM: 830.312 MB
LDB: TIME 2.62201 LOAD: AVG 0.0222339 MAX 0.050983  PROXIES: TOTAL 225 MAXPE 13 MAXPATCH 7 RefineTorusLB MEM: 830.312 MB
LDB: TIME 2.62217 LOAD: AVG 0.0222339 MAX 0.050983  PROXIES: TOTAL 225 MAXPE 13 MAXPATCH 7 RefineTorusLB MEM: 830.312 MB
LDB: Reverting to original mapping
LDB: ============== END OF LOAD BALANCING =============== 2.62246
Info: build node-aware spanning tree with send: 1, recv: 0 with branch factor 4
Info: useSync: 0 useProxySync: 0
LDB: =============== DONE WITH MIGRATION ================ 2.62339
PRESSURE: 400 0 0 0 0 0 0 0 0 0
GPRESSURE: 400 0 0 0 0 0 0 0 0 0
PRESSAVG: 400 0 0 0 0 0 0 0 0 0
GPRESSAVG: 400 0 0 0 0 0 0 0 0 0
Info: Benchmark time: 42 CPUs 0.000704985 s/step 0.00815955 days/ns 830.312 MB memory
ENERGY:     400      1085.2696      1685.9424      2093.7582       139.3671            -44.1619      -788.5904         0.0000      2420.7702      2927.7819           9520.1369       293.9892      6592.3551      9542.4718       295.3141

PRESSURE: 500 0 0 0 0 0 0 0 0 0
GPRESSURE: 500 0 0 0 0 0 0 0 0 0
PRESSAVG: 500 0 0 0 0 0 0 0 0 0
GPRESSAVG: 500 0 0 0 0 0 0 0 0 0
Info: Benchmark time: 42 CPUs 0.000705337 s/step 0.00816363 days/ns 830.562 MB memory
ENERGY:     500      1108.6459      1599.3184      2096.1674       147.1916            -43.5542      -776.7285         0.0000      2420.6188      3014.9381           9566.5976       302.7409      6551.6594      9590.9568       298.0677

PRESSURE: 600 0 0 0 0 0 0 0 0 0
GPRESSURE: 600 0 0 0 0 0 0 0 0 0
PRESSAVG: 600 0 0 0 0 0 0 0 0 0
GPRESSAVG: 600 0 0 0 0 0 0 0 0 0
Info: Benchmark time: 42 CPUs 0.000701155 s/step 0.00811522 days/ns 830.562 MB memory
ENERGY:     600      1128.2465      1699.0955      2098.7211       148.2273            -44.4235      -761.9008         0.0000      2418.2381      2914.9569           9601.1610       292.7014      6686.2042      9626.0555       298.4300

PRESSURE: 700 0 0 0 0 0 0 0 0 0
GPRESSURE: 700 0 0 0 0 0 0 0 0 0
PRESSAVG: 700 0 0 0 0 0 0 0 0 0
GPRESSAVG: 700 0 0 0 0 0 0 0 0 0
Info: Benchmark time: 42 CPUs 0.000702219 s/step 0.00812753 days/ns 830.562 MB memory
ENERGY:     700      1112.2012      1724.6941      2079.2575       148.5968            -44.9535      -779.6547         0.0000      2414.1957      2971.2693           9625.6063       298.3559      6654.3370      9645.5886       300.9269

PRESSURE: 800 0 0 0 0 0 0 0 0 0
GPRESSURE: 800 0 0 0 0 0 0 0 0 0
PRESSAVG: 800 0 0 0 0 0 0 0 0 0
GPRESSAVG: 800 0 0 0 0 0 0 0 0 0
Info: Benchmark time: 42 CPUs 0.000701294 s/step 0.00811683 days/ns 830.562 MB memory
ENERGY:     800      1125.7628      1708.0531      2081.8381       153.1436            -43.5264      -794.0418         0.0000      2415.5651      2996.8735           9643.6680       300.9269      6646.7944      9665.7911       300.0334

PRESSURE: 900 0 0 0 0 0 0 0 0 0
GPRESSURE: 900 0 0 0 0 0 0 0 0 0
PRESSAVG: 900 0 0 0 0 0 0 0 0 0
GPRESSAVG: 900 0 0 0 0 0 0 0 0 0
Info: Benchmark time: 42 CPUs 0.000698636 s/step 0.00808606 days/ns 830.562 MB memory
ENERGY:     900      1154.7403      1707.1886      2126.8832       154.2304            -43.4185      -790.8999         0.0000      2418.7211      2968.4307           9695.8758       298.0709      6727.4452      9720.6204       302.6447

PRESSURE: 1000 0 0 0 0 0 0 0 0 0
GPRESSURE: 1000 0 0 0 0 0 0 0 0 0
PRESSAVG: 1000 0 0 0 0 0 0 0 0 0
GPRESSAVG: 1000 0 0 0 0 0 0 0 0 0
TIMING: 1000  CPU: 0.732245, 0.000712051/step  Wall: 0.733404, 0.000712717/step, 0.000791907 hours remaining, 830.562500 MB of memory in use.
ETITLE:      TS           BOND          ANGLE          DIHED          IMPRP               ELECT            VDW       BOUNDARY           MISC        KINETIC               TOTAL           TEMP      POTENTIAL         TOTAL3        TEMPAVG

ENERGY:    1000      1085.8180      1697.9567      2102.1530       150.3738            -43.0002      -806.5457         0.0000      2413.2371      3030.9170           9630.9098       304.3454      6599.9928      9656.6993       302.8145

WRITING EXTENDED SYSTEM TO RESTART FILE AT STEP 1000
OPENING COORDINATE DCD FILE
WRITING COORDINATES TO DCD FILE adk-step1.dcd AT STEP 1000
WRITING COORDINATES TO RESTART FILE AT STEP 1000
FINISHED WRITING RESTART COORDINATES
The last position output (seq=1000) takes 0.004 seconds, 830.625 MB of memory in use
WRITING VELOCITIES TO RESTART FILE AT STEP 1000
FINISHED WRITING RESTART VELOCITIES
The last velocity output (seq=1000) takes 0.002 seconds, 830.688 MB of memory in use
PRESSURE: 1100 0 0 0 0 0 0 0 0 0
GPRESSURE: 1100 0 0 0 0 0 0 0 0 0
PRESSAVG: 1100 0 0 0 0 0 0 0 0 0
GPRESSAVG: 1100 0 0 0 0 0 0 0 0 0
ENERGY:    1100      1118.5571      1744.2394      2111.5305       154.5700            -43.5842      -828.5748         0.0000      2417.8469      2981.3477           9655.9325       299.3679      6674.5849      9679.3249       301.4823

PRESSURE: 1200 0 0 0 0 0 0 0 0 0
GPRESSURE: 1200 0 0 0 0 0 0 0 0 0
PRESSAVG: 1200 0 0 0 0 0 0 0 0 0
GPRESSAVG: 1200 0 0 0 0 0 0 0 0 0
ENERGY:    1200      1113.0713      1694.7321      2120.5340       143.4480            -43.3198      -788.3995         0.0000      2424.0059      3005.3997           9669.4717       301.7831      6664.0720      9694.4681       302.4320

PRESSURE: 1300 0 0 0 0 0 0 0 0 0
GPRESSURE: 1300 0 0 0 0 0 0 0 0 0
PRESSAVG: 1300 0 0 0 0 0 0 0 0 0
GPRESSAVG: 1300 0 0 0 0 0 0 0 0 0
ENERGY:    1300      1072.6910      1693.5516      2101.5996       154.1610            -43.6306      -795.5327         0.0000      2428.6251      2988.2026           9599.6676       300.0563      6611.4650      9625.2836       299.2834

PRESSURE: 1400 0 0 0 0 0 0 0 0 0
GPRESSURE: 1400 0 0 0 0 0 0 0 0 0
PRESSAVG: 1400 0 0 0 0 0 0 0 0 0
GPRESSAVG: 1400 0 0 0 0 0 0 0 0 0
ENERGY:    1400      1091.3504      1707.4255      2118.6113       142.2438            -43.6030      -813.8110         0.0000      2436.4343      2968.7579           9607.4093       298.1038      6638.6513      9631.6593       299.7109

PRESSURE: 1500 0 0 0 0 0 0 0 0 0
GPRESSURE: 1500 0 0 0 0 0 0 0 0 0
PRESSAVG: 1500 0 0 0 0 0 0 0 0 0
GPRESSAVG: 1500 0 0 0 0 0 0 0 0 0
ENERGY:    1500      1092.7799      1709.9997      2066.6060       148.8523            -42.8049      -776.8728         0.0000      2435.0527      2996.7300           9630.3429       300.9125      6633.6129      9651.8057       299.8500

PRESSURE: 1600 0 0 0 0 0 0 0 0 0
GPRESSURE: 1600 0 0 0 0 0 0 0 0 0
PRESSAVG: 1600 0 0 0 0 0 0 0 0 0
GPRESSAVG: 1600 0 0 0 0 0 0 0 0 0
ENERGY:    1600      1092.7074      1697.3569      2082.2174       169.6235            -41.5337      -776.2169         0.0000      2436.8563      2984.4948           9645.5056       299.6839      6661.0109      9670.3874       301.2029

PRESSURE: 1700 0 0 0 0 0 0 0 0 0
GPRESSURE: 1700 0 0 0 0 0 0 0 0 0
PRESSAVG: 1700 0 0 0 0 0 0 0 0 0
GPRESSAVG: 1700 0 0 0 0 0 0 0 0 0
ENERGY:    1700      1073.7272      1721.5769      2118.0485       161.9517            -40.4961      -795.4705         0.0000      2430.9398      2997.7830           9668.0605       301.0183      6670.2775      9687.5792       301.6753

PRESSURE: 1800 0 0 0 0 0 0 0 0 0
GPRESSURE: 1800 0 0 0 0 0 0 0 0 0
PRESSAVG: 1800 0 0 0 0 0 0 0 0 0
GPRESSAVG: 1800 0 0 0 0 0 0 0 0 0
ENERGY:    1800      1071.8674      1705.9715      2095.7874       161.0916            -41.8781      -764.0684         0.0000      2424.3125      2960.6706           9613.7545       297.2917      6653.0839      9636.7587       302.1234

PRESSURE: 1900 0 0 0 0 0 0 0 0 0
GPRESSURE: 1900 0 0 0 0 0 0 0 0 0
PRESSAVG: 1900 0 0 0 0 0 0 0 0 0
GPRESSAVG: 1900 0 0 0 0 0 0 0 0 0
ENERGY:    1900      1087.0100      1702.0322      2116.2014       166.0937            -42.5482      -777.6493         0.0000      2415.2630      2955.2577           9621.6605       296.7481      6666.4027      9644.4213       299.1936

PRESSURE: 2000 0 0 0 0 0 0 0 0 0
GPRESSURE: 2000 0 0 0 0 0 0 0 0 0
PRESSAVG: 2000 0 0 0 0 0 0 0 0 0
GPRESSAVG: 2000 0 0 0 0 0 0 0 0 0
TIMING: 2000  CPU: 1.43095, 0.000698706/step  Wall: 1.44497, 0.000711566/step, 0.000592972 hours remaining, 830.687500 MB of memory in use.
ETITLE:      TS           BOND          ANGLE          DIHED          IMPRP               ELECT            VDW       BOUNDARY           MISC        KINETIC               TOTAL           TEMP      POTENTIAL         TOTAL3        TEMPAVG

ENERGY:    2000      1092.2782      1699.2930      2105.8368       166.4273            -42.1882      -769.9475         0.0000      2415.2989      2885.7991           9552.7976       289.7736      6666.9985      9575.4639       296.3101

WRITING EXTENDED SYSTEM TO RESTART FILE AT STEP 2000
WRITING COORDINATES TO DCD FILE adk-step1.dcd AT STEP 2000
WRITING COORDINATES TO RESTART FILE AT STEP 2000
FINISHED WRITING RESTART COORDINATES
The last position output (seq=2000) takes 0.002 seconds, 830.688 MB of memory in use
WRITING VELOCITIES TO RESTART FILE AT STEP 2000
FINISHED WRITING RESTART VELOCITIES
The last velocity output (seq=2000) takes 0.002 seconds, 830.688 MB of memory in use
PRESSURE: 2100 0 0 0 0 0 0 0 0 0
GPRESSURE: 2100 0 0 0 0 0 0 0 0 0
PRESSAVG: 2100 0 0 0 0 0 0 0 0 0
GPRESSAVG: 2100 0 0 0 0 0 0 0 0 0
ENERGY:    2100      1108.0115      1690.8952      2096.1608       152.6218            -42.3808      -781.0255         0.0000      2417.8393      2903.3941           9545.5163       291.5403      6642.1223      9570.8445       297.4815

PRESSURE: 2200 0 0 0 0 0 0 0 0 0
GPRESSURE: 2200 0 0 0 0 0 0 0 0 0
PRESSAVG: 2200 0 0 0 0 0 0 0 0 0
GPRESSAVG: 2200 0 0 0 0 0 0 0 0 0
ENERGY:    2200      1121.3012      1681.3839      2104.5031       135.3975            -43.2642      -801.0285         0.0000      2420.7501      2933.9609           9553.0041       294.6097      6619.0431      9574.7068       296.8815

PRESSURE: 2300 0 0 0 0 0 0 0 0 0
GPRESSURE: 2300 0 0 0 0 0 0 0 0 0
PRESSAVG: 2300 0 0 0 0 0 0 0 0 0
GPRESSAVG: 2300 0 0 0 0 0 0 0 0 0
ENERGY:    2300      1081.8420      1682.5371      2084.6246       152.4868            -43.4011      -760.9349         0.0000      2421.5849      2939.3342           9558.0736       295.1492      6618.7394      9584.5881       296.9396

PRESSURE: 2400 0 0 0 0 0 0 0 0 0
GPRESSURE: 2400 0 0 0 0 0 0 0 0 0
PRESSAVG: 2400 0 0 0 0 0 0 0 0 0
GPRESSAVG: 2400 0 0 0 0 0 0 0 0 0
ENERGY:    2400      1063.4290      1725.9991      2081.7593       145.3334            -43.3160      -775.3178         0.0000      2422.1567      2930.1322           9550.1759       294.2252      6620.0437      9573.3460       296.6496

PRESSURE: 2500 0 0 0 0 0 0 0 0 0
GPRESSURE: 2500 0 0 0 0 0 0 0 0 0
PRESSAVG: 2500 0 0 0 0 0 0 0 0 0
GPRESSAVG: 2500 0 0 0 0 0 0 0 0 0
ENERGY:    2500      1086.4545      1701.7285      2079.6606       144.2866            -43.4970      -768.6151         0.0000      2421.6462      2948.5736           9570.2378       296.0770      6621.6642      9596.4361       298.4554

PRESSURE: 2600 0 0 0 0 0 0 0 0 0
GPRESSURE: 2600 0 0 0 0 0 0 0 0 0
PRESSAVG: 2600 0 0 0 0 0 0 0 0 0
GPRESSAVG: 2600 0 0 0 0 0 0 0 0 0
ENERGY:    2600      1089.3421      1637.2961      2097.0315       136.7763            -43.7036      -766.2847         0.0000      2418.1992      3009.3366           9577.9936       302.1784      6568.6570      9602.6588       298.3586

PRESSURE: 2700 0 0 0 0 0 0 0 0 0
GPRESSURE: 2700 0 0 0 0 0 0 0 0 0
PRESSAVG: 2700 0 0 0 0 0 0 0 0 0
GPRESSAVG: 2700 0 0 0 0 0 0 0 0 0
ENERGY:    2700      1102.9066      1687.1183      2099.5523       157.5753            -43.2573      -784.4978         0.0000      2413.2246      2944.8368           9577.4589       295.7017      6632.6220      9601.2004       298.3753

PRESSURE: 2800 0 0 0 0 0 0 0 0 0
GPRESSURE: 2800 0 0 0 0 0 0 0 0 0
PRESSAVG: 2800 0 0 0 0 0 0 0 0 0
GPRESSAVG: 2800 0 0 0 0 0 0 0 0 0
ENERGY:    2800      1069.8277      1676.8382      2120.4004       141.4166            -43.7346      -769.5527         0.0000      2417.5765      3001.7009           9614.4731       301.4117      6612.7722      9636.7398       300.4391

PRESSURE: 2900 0 0 0 0 0 0 0 0 0
GPRESSURE: 2900 0 0 0 0 0 0 0 0 0
PRESSAVG: 2900 0 0 0 0 0 0 0 0 0
GPRESSAVG: 2900 0 0 0 0 0 0 0 0 0
ENERGY:    2900      1092.6059      1701.7659      2134.0857       152.0734            -43.7702      -770.2410         0.0000      2421.3864      2945.9965           9633.9023       295.8182      6687.9058      9652.9694       300.5431

WRITING COORDINATES TO DCD FILE adk-step1.dcd AT STEP 3000
WRITING COORDINATES TO RESTART FILE AT STEP 3000
FINISHED WRITING RESTART COORDINATES
The last position output (seq=3000) takes 0.003 seconds, 830.688 MB of memory in use
WRITING VELOCITIES TO RESTART FILE AT STEP 3000
FINISHED WRITING RESTART VELOCITIES
The last velocity output (seq=3000) takes 0.002 seconds, 830.688 MB of memory in use
PRESSURE: 3000 0 0 0 0 0 0 0 0 0
GPRESSURE: 3000 0 0 0 0 0 0 0 0 0
PRESSAVG: 3000 0 0 0 0 0 0 0 0 0
GPRESSAVG: 3000 0 0 0 0 0 0 0 0 0
TIMING: 3000  CPU: 2.09379, 0.000662842/step  Wall: 2.10917, 0.000664201/step, 0.000369001 hours remaining, 830.687500 MB of memory in use.
ETITLE:      TS           BOND          ANGLE          DIHED          IMPRP               ELECT            VDW       BOUNDARY           MISC        KINETIC               TOTAL           TEMP      POTENTIAL         TOTAL3        TEMPAVG

ENERGY:    3000      1097.3091      1740.4539      2120.2346       150.2425            -43.7995      -826.7439         0.0000      2424.8102      3009.1209           9671.6278       302.1567      6662.5069      9692.5671       301.4206

WRITING EXTENDED SYSTEM TO RESTART FILE AT STEP 3000
PRESSURE: 3100 0 0 0 0 0 0 0 0 0
GPRESSURE: 3100 0 0 0 0 0 0 0 0 0
PRESSAVG: 3100 0 0 0 0 0 0 0 0 0
GPRESSAVG: 3100 0 0 0 0 0 0 0 0 0
ENERGY:    3100      1102.2307      1675.4017      2123.9124       162.7038            -44.2484      -781.1304         0.0000      2423.4789      3023.8306           9686.1794       303.6338      6662.3488      9712.5558       303.4844

PRESSURE: 3200 0 0 0 0 0 0 0 0 0
GPRESSURE: 3200 0 0 0 0 0 0 0 0 0
PRESSAVG: 3200 0 0 0 0 0 0 0 0 0
GPRESSAVG: 3200 0 0 0 0 0 0 0 0 0
ENERGY:    3200      1083.3341      1702.1383      2118.9642       151.5425            -44.3373      -786.6680         0.0000      2415.2885      3035.7435           9676.0058       304.8300      6640.2623      9701.8756       302.5820

PRESSURE: 3300 0 0 0 0 0 0 0 0 0
GPRESSURE: 3300 0 0 0 0 0 0 0 0 0
PRESSAVG: 3300 0 0 0 0 0 0 0 0 0
GPRESSAVG: 3300 0 0 0 0 0 0 0 0 0
ENERGY:    3300      1114.7275      1699.4391      2136.5765       159.9597            -43.4414      -819.2174         0.0000      2408.1342      2980.1189           9636.2970       299.2445      6656.1781      9659.6018       302.9056

PRESSURE: 3400 0 0 0 0 0 0 0 0 0
GPRESSURE: 3400 0 0 0 0 0 0 0 0 0
PRESSAVG: 3400 0 0 0 0 0 0 0 0 0
GPRESSAVG: 3400 0 0 0 0 0 0 0 0 0
ENERGY:    3400      1079.9741      1642.8788      2140.3069       153.0720            -43.6737      -766.1960         0.0000      2396.4841      2951.6543           9554.5005       296.3863      6602.8462      9579.9792       299.2921

PRESSURE: 3500 0 0 0 0 0 0 0 0 0
GPRESSURE: 3500 0 0 0 0 0 0 0 0 0
PRESSAVG: 3500 0 0 0 0 0 0 0 0 0
GPRESSAVG: 3500 0 0 0 0 0 0 0 0 0
ENERGY:    3500      1064.3630      1699.9014      2129.8512       152.6717            -43.4096      -781.2061         0.0000      2397.7597      2966.1476           9586.0788       297.8416      6619.9312      9609.3082       299.3617

PRESSURE: 3600 0 0 0 0 0 0 0 0 0
GPRESSURE: 3600 0 0 0 0 0 0 0 0 0
PRESSAVG: 3600 0 0 0 0 0 0 0 0 0
GPRESSAVG: 3600 0 0 0 0 0 0 0 0 0
ENERGY:    3600      1035.5239      1719.4230      2118.0276       147.5138            -43.9566      -776.9501         0.0000      2397.4467      3031.9749           9629.0033       304.4516      6597.0284      9654.3657       298.9741

PRESSURE: 3700 0 0 0 0 0 0 0 0 0
GPRESSURE: 3700 0 0 0 0 0 0 0 0 0
PRESSAVG: 3700 0 0 0 0 0 0 0 0 0
GPRESSAVG: 3700 0 0 0 0 0 0 0 0 0
ENERGY:    3700      1141.2407      1682.3945      2109.4042       153.2154            -44.7018      -792.7224         0.0000      2401.4071      2989.6117           9639.8493       300.1978      6650.2376      9662.4169       303.1211

PRESSURE: 3800 0 0 0 0 0 0 0 0 0
GPRESSURE: 3800 0 0 0 0 0 0 0 0 0
PRESSAVG: 3800 0 0 0 0 0 0 0 0 0
GPRESSAVG: 3800 0 0 0 0 0 0 0 0 0
ENERGY:    3800      1116.4966      1695.6108      2133.3743       147.8077            -44.5238      -778.2909         0.0000      2404.6846      3013.2530           9688.4123       302.5717      6675.1593      9713.0996       302.5632

PRESSURE: 3900 0 0 0 0 0 0 0 0 0
GPRESSURE: 3900 0 0 0 0 0 0 0 0 0
PRESSAVG: 3900 0 0 0 0 0 0 0 0 0
GPRESSAVG: 3900 0 0 0 0 0 0 0 0 0
ENERGY:    3900      1095.2545      1674.8280      2119.5921       147.2485            -44.4156      -785.1098         0.0000      2409.9385      3098.1625           9715.4987       311.0977      6617.3362      9743.5419       303.5958

PRESSURE: 4000 0 0 0 0 0 0 0 0 0
GPRESSURE: 4000 0 0 0 0 0 0 0 0 0
PRESSAVG: 4000 0 0 0 0 0 0 0 0 0
GPRESSAVG: 4000 0 0 0 0 0 0 0 0 0
TIMING: 4000  CPU: 2.72732, 0.000633529/step  Wall: 2.74397, 0.000634803/step, 0.000176334 hours remaining, 830.687500 MB of memory in use.
ETITLE:      TS           BOND          ANGLE          DIHED          IMPRP               ELECT            VDW       BOUNDARY           MISC        KINETIC               TOTAL           TEMP      POTENTIAL         TOTAL3        TEMPAVG

ENERGY:    4000      1093.0260      1752.4357      2132.4024       146.3319            -43.8449      -772.8453         0.0000      2410.0792      2967.7165           9685.3015       297.9992      6717.5850      9710.8525       304.0934

WRITING EXTENDED SYSTEM TO RESTART FILE AT STEP 4000
WRITING COORDINATES TO DCD FILE adk-step1.dcd AT STEP 4000
WRITING COORDINATES TO RESTART FILE AT STEP 4000
FINISHED WRITING RESTART COORDINATES
The last position output (seq=4000) takes 0.002 seconds, 830.688 MB of memory in use
WRITING VELOCITIES TO RESTART FILE AT STEP 4000
FINISHED WRITING RESTART VELOCITIES
The last velocity output (seq=4000) takes 0.002 seconds, 830.688 MB of memory in use
PRESSURE: 4100 0 0 0 0 0 0 0 0 0
GPRESSURE: 4100 0 0 0 0 0 0 0 0 0
PRESSAVG: 4100 0 0 0 0 0 0 0 0 0
GPRESSAVG: 4100 0 0 0 0 0 0 0 0 0
ENERGY:    4100      1086.6442      1699.0325      2105.4142       143.7689            -43.8957      -789.4934         0.0000      2415.7631      3029.5691           9646.8029       304.2100      6617.2338      9673.3913       302.0382

PRESSURE: 4200 0 0 0 0 0 0 0 0 0
GPRESSURE: 4200 0 0 0 0 0 0 0 0 0
PRESSAVG: 4200 0 0 0 0 0 0 0 0 0
GPRESSAVG: 4200 0 0 0 0 0 0 0 0 0
ENERGY:    4200      1082.6920      1674.3844      2116.3323       149.9383            -44.8030      -771.3663         0.0000      2411.7739      2999.8776           9618.8291       301.2286      6618.9515      9641.9582       300.4875

LDB: ============= START OF LOAD BALANCING ============== 5.25635
LDB: ============== END OF LOAD BALANCING =============== 5.25642
Info: useSync: 0 useProxySync: 0
LDB: =============== DONE WITH MIGRATION ================ 5.25652
PRESSURE: 4300 0 0 0 0 0 0 0 0 0
GPRESSURE: 4300 0 0 0 0 0 0 0 0 0
PRESSAVG: 4300 0 0 0 0 0 0 0 0 0
GPRESSAVG: 4300 0 0 0 0 0 0 0 0 0
ENERGY:    4300      1073.5572      1654.6551      2128.5874       150.9143            -44.3330      -753.2409         0.0000      2408.4494      3001.8010           9620.3905       301.4217      6618.5895      9644.2023       300.2603

LDB: ============= START OF LOAD BALANCING ============== 5.32187
LDB: TIME 5.32217 LOAD: AVG 0.0181799 MAX 0.0524679  PROXIES: TOTAL 225 MAXPE 13 MAXPATCH 7 None MEM: 830.688 MB
LDB: TIME 5.32237 LOAD: AVG 0.0181799 MAX 0.0524679  PROXIES: TOTAL 225 MAXPE 13 MAXPATCH 7 RefineTorusLB MEM: 830.812 MB
LDB: TIME 5.32251 LOAD: AVG 0.0181799 MAX 0.0524679  PROXIES: TOTAL 225 MAXPE 13 MAXPATCH 7 RefineTorusLB MEM: 830.812 MB
LDB: Reverting to original mapping
LDB: ============== END OF LOAD BALANCING =============== 5.32278
Info: build node-aware spanning tree with send: 1, recv: 0 with branch factor 4
Info: useSync: 0 useProxySync: 0
LDB: =============== DONE WITH MIGRATION ================ 5.32363
PRESSURE: 4400 0 0 0 0 0 0 0 0 0
GPRESSURE: 4400 0 0 0 0 0 0 0 0 0
PRESSAVG: 4400 0 0 0 0 0 0 0 0 0
GPRESSAVG: 4400 0 0 0 0 0 0 0 0 0
ENERGY:    4400      1140.2043      1663.3935      2129.9666       145.5870            -43.9855      -803.3775         0.0000      2406.9902      3011.8436           9650.6223       302.4301      6638.7786      9675.0474       300.8414

PRESSURE: 4500 0 0 0 0 0 0 0 0 0
GPRESSURE: 4500 0 0 0 0 0 0 0 0 0
PRESSAVG: 4500 0 0 0 0 0 0 0 0 0
GPRESSAVG: 4500 0 0 0 0 0 0 0 0 0
ENERGY:    4500      1134.4742      1662.7122      2112.3174       156.0625            -43.6666      -789.9553         0.0000      2404.5346      2993.2538           9629.7327       300.5635      6636.4789      9654.4294       302.3247

PRESSURE: 4600 0 0 0 0 0 0 0 0 0
GPRESSURE: 4600 0 0 0 0 0 0 0 0 0
PRESSAVG: 4600 0 0 0 0 0 0 0 0 0
GPRESSAVG: 4600 0 0 0 0 0 0 0 0 0
ENERGY:    4600      1106.3859      1709.2776      2099.4601       157.5047            -43.1188      -774.4839         0.0000      2408.3021      3001.6660           9664.9937       301.4082      6663.3277      9689.7290       301.6870

PRESSURE: 4700 0 0 0 0 0 0 0 0 0
GPRESSURE: 4700 0 0 0 0 0 0 0 0 0
PRESSAVG: 4700 0 0 0 0 0 0 0 0 0
GPRESSAVG: 4700 0 0 0 0 0 0 0 0 0
ENERGY:    4700      1127.5672      1701.0450      2119.1999       141.6628            -42.2113      -802.9971         0.0000      2401.8512      3053.7520           9699.8697       306.6383      6646.1178      9722.1816       303.5951

PRESSURE: 4800 0 0 0 0 0 0 0 0 0
GPRESSURE: 4800 0 0 0 0 0 0 0 0 0
PRESSAVG: 4800 0 0 0 0 0 0 0 0 0
GPRESSAVG: 4800 0 0 0 0 0 0 0 0 0
ENERGY:    4800      1131.2094      1751.1103      2105.3335       156.1698            -42.6148      -763.0414         0.0000      2398.2346      2942.8136           9679.2150       295.4986      6736.4014      9697.7155       303.9325

PRESSURE: 4900 0 0 0 0 0 0 0 0 0
GPRESSURE: 4900 0 0 0 0 0 0 0 0 0
PRESSAVG: 4900 0 0 0 0 0 0 0 0 0
GPRESSAVG: 4900 0 0 0 0 0 0 0 0 0
ENERGY:    4900      1136.2251      1711.6479      2135.4935       169.5215            -43.0008      -817.3434         0.0000      2410.2866      3052.9799           9755.8102       306.5608      6702.8303      9779.1654       305.6292

WRITING COORDINATES TO DCD FILE adk-step1.dcd AT STEP 5000
WRITING COORDINATES TO RESTART FILE AT STEP 5000
FINISHED WRITING RESTART COORDINATES
The last position output (seq=5000) takes 0.003 seconds, 830.812 MB of memory in use
WRITING VELOCITIES TO RESTART FILE AT STEP 5000
FINISHED WRITING RESTART VELOCITIES
The last velocity output (seq=5000) takes 0.002 seconds, 831.062 MB of memory in use
PRESSURE: 5000 0 0 0 0 0 0 0 0 0
GPRESSURE: 5000 0 0 0 0 0 0 0 0 0
PRESSAVG: 5000 0 0 0 0 0 0 0 0 0
GPRESSAVG: 5000 0 0 0 0 0 0 0 0 0
TIMING: 5000  CPU: 3.38241, 0.000655085/step  Wall: 3.40656, 0.000662589/step, 0 hours remaining, 831.062500 MB of memory in use.
ETITLE:      TS           BOND          ANGLE          DIHED          IMPRP               ELECT            VDW       BOUNDARY           MISC        KINETIC               TOTAL           TEMP      POTENTIAL         TOTAL3        TEMPAVG

ENERGY:    5000      1108.1247      1698.6265      2111.4980       162.8420            -42.6384      -777.8787         0.0000      2414.5580      3004.6479           9679.7802       301.7076      6675.1322      9699.1022       304.3348

WRITING EXTENDED SYSTEM TO RESTART FILE AT STEP 5000
WRITING EXTENDED SYSTEM TO OUTPUT FILE AT STEP 5000
WRITING COORDINATES TO OUTPUT FILE AT STEP 5000
CLOSING COORDINATE DCD FILE adk-step1.dcd
The last position output (seq=-2) takes 0.004 seconds, 831.062 MB of memory in use
WRITING VELOCITIES TO OUTPUT FILE AT STEP 5000
====================================================

WallClock: 5.724414  CPUTime: 4.366283  Memory: 831.062500 MB
End of program
