2_15_cc.dat
/gpfs/alpine/bip115/scratch/hrlee/radical.pilot.sandbox/re.session.login1.hrlee.018632.0003/pilot.0000/staging_area/2_15_cc.dat
2, 15
Choosing optimized barrier algorithm name I0:HybridBinomial:SHMEM:P2P
Converse/Charm++ Commit ID: v6.10.2-0-g7bf00fa-namd-charm-6.10.2-build-2020-Aug-05-556
Warning> Randomization of virtual memory (ASLR) is turned on in the kernel, thread migration may not work! Run 'echo 0 > /proc/sys/kernel/randomize_va_space' as root to disable it, or try running with '+isomalloc_sync'.
CharmLB> Load balancer assumes all CPUs are same.
Charm++> Running on 1 hosts (1 sockets x 7 cores x 4 PUs = 28-way SMP)
Charm++> cpu topology info is gathered in 0.006 seconds.
Info: Built with CUDA version 10010
Did not find +devices i,j,k,... argument, using all
Pe 31 physical rank 31 will use CUDA device of pe 28
Pe 34 physical rank 34 will use CUDA device of pe 28
Pe 2 physical rank 2 will use CUDA device of pe 4
Pe 3 physical rank 3 will use CUDA device of pe 4
Pe 11 physical rank 11 will use CUDA device of pe 7
Pe 5 physical rank 5 will use CUDA device of pe 4
Pe 41 physical rank 41 will use CUDA device of pe 35
Pe 25 physical rank 25 will use CUDA device of pe 21
Pe 18 physical rank 18 will use CUDA device of pe 14
Pe 9 physical rank 9 will use CUDA device of pe 7
Pe 38 physical rank 38 will use CUDA device of pe 35
Pe 23 physical rank 23 will use CUDA device of pe 21
Pe 17 physical rank 17 will use CUDA device of pe 14
Pe 13 physical rank 13 will use CUDA device of pe 7
Pe 40 physical rank 40 will use CUDA device of pe 35
Pe 24 physical rank 24 will use CUDA device of pe 21
Pe 20 physical rank 20 will use CUDA device of pe 14
Pe 12 physical rank 12 will use CUDA device of pe 7
Pe 33 physical rank 33 will use CUDA device of pe 28
Pe 37 physical rank 37 will use CUDA device of pe 35
Pe 27 physical rank 27 will use CUDA device of pe 21
Pe 16 physical rank 16 will use CUDA device of pe 14
Pe 10 physical rank 10 will use CUDA device of pe 7
Pe 30 physical rank 30 will use CUDA device of pe 28
Pe 6 physical rank 6 will use CUDA device of pe 4
Pe 39 physical rank 39 will use CUDA device of pe 35
Pe 26 physical rank 26 will use CUDA device of pe 21
Pe 19 physical rank 19 will use CUDA device of pe 14
Pe 8 physical rank 8 will use CUDA device of pe 7
Pe 32 physical rank 32 will use CUDA device of pe 28
Pe 1 physical rank 1 will use CUDA device of pe 4
Pe 36 physical rank 36 will use CUDA device of pe 35
Pe 22 physical rank 22 will use CUDA device of pe 21
Pe 15 physical rank 15 will use CUDA device of pe 14
Pe 0 physical rank 0 will use CUDA device of pe 4
Pe 29 physical rank 29 will use CUDA device of pe 28
Pe 7 physical rank 7 binding to CUDA device 0 on g24n18: 'Tesla V100-SXM2-16GB'  Mem: 16128MB  Rev: 7.0  PCI: 4:5:0
Pe 4 physical rank 4 binding to CUDA device 0 on g24n18: 'Tesla V100-SXM2-16GB'  Mem: 16128MB  Rev: 7.0  PCI: 4:4:0
Pe 35 physical rank 35 binding to CUDA device 0 on g24n18: 'Tesla V100-SXM2-16GB'  Mem: 16128MB  Rev: 7.0  PCI: 35:5:0
Pe 21 physical rank 21 binding to CUDA device 0 on g24n18: 'Tesla V100-SXM2-16GB'  Mem: 16128MB  Rev: 7.0  PCI: 35:3:0
Pe 14 physical rank 14 binding to CUDA device 0 on g24n18: 'Tesla V100-SXM2-16GB'  Mem: 16128MB  Rev: 7.0  PCI: 4:6:0
Pe 28 physical rank 28 binding to CUDA device 0 on g24n18: 'Tesla V100-SXM2-16GB'  Mem: 16128MB  Rev: 7.0  PCI: 35:4:0
Info: NAMD 2.14 for Linux-POWER-pami-smp-Summit-CUDA
Info: 
Info: Please visit http://www.ks.uiuc.edu/Research/namd/
Info: for updates, documentation, and support information.
Info: 
Info: Please cite Phillips et al., J. Chem. Phys. 153:044130 (2020) doi:10.1063/5.0014475
Info: in all publications reporting results obtained with NAMD.
Info: 
Info: Based on Charm++/Converse 61002 for pami-linux-ppc64le-smp
Info: Built Wed Aug 5 14:28:51 EDT 2020 by jimp on login2
Info: 1 NAMD  2.14  Linux-POWER-pami-smp-Summit-CUDA  42    g24n18  hrlee
Info: Running on 42 processors, 6 nodes, 1 physical nodes.
Info: CPU topology information available.
Info: Charm++/Converse parallel runtime startup completed at 1.29505 s
CkLoopLib is used in SMP with simple dynamic scheduling (converse-level notification)
Info: 791.688 MB of memory in use based on /proc/self/stat
Info: Configuration file is adk-step1.namd
Info: Working in the current directory /gpfs/alpine/bip115/scratch/hrlee/radical.pilot.sandbox/re.session.login1.hrlee.018632.0003/pilot.0000/unit.001023
TCL: Suspending until startup complete.
Info: SIMULATION PARAMETERS:
Info: TIMESTEP               1
Info: NUMBER OF STEPS        0
Info: STEPS PER CYCLE        20
Info: LOAD BALANCER  Centralized
Info: LOAD BALANCING STRATEGY  New Load Balancers -- DEFAULT
Info: LDB PERIOD             4000 steps
Info: FIRST LDB TIMESTEP     100
Info: LAST LDB TIMESTEP     -1
Info: LDB BACKGROUND SCALING 1
Info: HOM BACKGROUND SCALING 1
Info: MIN ATOMS PER PATCH    40
Info: VELOCITY FILE          2_15_adk-step1.restart.vel
Info: CENTER OF MASS MOVING INITIALLY? NO
Info: DIELECTRIC             80
Info: EXCLUDE                SCALED ONE-FOUR
Info: 1-4 ELECTROSTATICS SCALED BY 1
Info: MODIFIED 1-4 VDW PARAMETERS WILL BE USED
Info: DCD FILENAME           adk-step1.dcd
Info: DCD FREQUENCY          1000
Info: DCD FIRST STEP         1000
Info: NO EXTENDED SYSTEM TRAJECTORY OUTPUT
Info: NO VELOCITY DCD OUTPUT
Info: NO FORCE DCD OUTPUT
Info: OUTPUT FILENAME        adk-step1
Info: BINARY OUTPUT FILES WILL BE USED
Info: RESTART FILENAME       adk-step1.restart
Info: RESTART FREQUENCY      1000
Info: BINARY RESTART FILES WILL BE USED
Info: SWITCHING ACTIVE
Info: SWITCHING ON           9
Info: SWITCHING OFF          10
Info: PAIRLIST DISTANCE      11
Info: PAIRLIST SHRINK RATE   0.01
Info: PAIRLIST GROW RATE     0.01
Info: PAIRLIST TRIGGER       0.3
Info: PAIRLISTS PER CYCLE    2
Info: PAIRLISTS ENABLED
Info: MARGIN                 0
Info: HYDROGEN GROUP CUTOFF  2.5
Info: PATCH DIMENSION        13.5
Info: ENERGY OUTPUT STEPS    100
Info: CROSSTERM ENERGY INCLUDED IN DIHEDRAL
Info: TIMING OUTPUT STEPS    1000
Info: PRESSURE OUTPUT STEPS  100
Info: GRID FORCE ACTIVE
Info:  Please include this reference in published work using
Info:  the Gridforce module of NAMD: David Wells, Volha Abramkina,
Info:  and Aleksei Aksimentiev, J. Chem. Phys. 127:125101-10 (2007).
Info: MGRIDFORCE key 0
Info:            Potfile 4ake-target_autopsf-grid.dx
Info:            Scale 0.3 0.3 0.3
Info:            File 1ake-docked-noh_autopsf-grid.pdb
Info:            Col O
Info:            ChargeCol B
Info:            VOffset 0 0 0
Info:            Continuous K1 FALSE
Info:            Continuous K2 FALSE
Info:            Continuous K3 FALSE
Info:            Volts FALSE
Info:            Gridforce-Lite FALSE
Info:            Gridforce-CheckSize TRUE
Info: LANGEVIN DYNAMICS ACTIVE
Info: LANGEVIN TEMPERATURE   300
Info: LANGEVIN USING BBK INTEGRATOR
Info: LANGEVIN DAMPING COEFFICIENT IS 5 INVERSE PS
Info: LANGEVIN DYNAMICS NOT APPLIED TO HYDROGENS
Info: USING VERLET I (r-RESPA) MTS SCHEME.
Info: C1 SPLITTING OF LONG RANGE ELECTROSTATICS
Info: PLACING ATOMS IN PATCHES BY HYDROGEN GROUPS
Info: RIGID BONDS TO HYDROGEN : WATER
Info:         ERROR TOLERANCE : 1e-08
Info:          MAX ITERATIONS : 100
Info: RIGID WATER USING SETTLE ALGORITHM
Info: NONBONDED FORCES EVALUATED EVERY 2 STEPS
Info: RANDOM NUMBER SEED     1609822632
Info: USE HYDROGEN BONDS?    NO
Info: COORDINATE PDB         1ake-docked-noh_autopsf.pdb
Info: STRUCTURE FILE         1ake-docked-noh_autopsf.psf
Info: PARAMETER file: CHARMM format! 
Info: PARAMETERS             par_all36_prot.prm
Info: USING ARITHMETIC MEAN TO COMBINE L-J SIGMA PARAMETERS
Info: BINARY COORDINATES     2_15_adk-step1.restart.coor
Info: SUMMARY OF PARAMETERS:
Info: 132 BONDS
Info: 362 ANGLES
Info: 702 DIHEDRAL
Info: 35 IMPROPER
Info: 6 CROSSTERM
Info: 53 VDW
Info: 0 VDW_PAIRS
Info: 0 NBTHOLE_PAIRS
Info: TIME FOR READING PSF FILE: 0.341818
Info: READING EXTRA BONDS FILE 1ake-extrabonds.txt
Info: READING EXTRA BONDS FILE 1ake-extrabonds-cispeptide.txt
Info: READING EXTRA BONDS FILE 1ake-extrabonds-chirality.txt
Info: READ 80 EXTRA BONDS
Info: READ 80 EXTRA ANGLES
Warning: EXTRA ANGLES ARE COSINE-BASED BY DEFAULT TO MATCH PREVIOUS VERSIONS
Warning: FOR NORMAL HARMONIC EXTRA ANGLES SET extraBondsCosAngles off
Info: READ 493 EXTRA DIHEDRALS
Info: READ 438 EXTRA IMPROPERS
Info: Reading pdb file 1ake-docked-noh_autopsf.pdb
Info: TIME FOR READING PDB FILE: 0.103421
Info: 
Info: ****************************
Info: STRUCTURE SUMMARY:
Info: 3341 ATOMS
Info: 3445 BONDS
Info: 6203 ANGLES
Info: 9414 DIHEDRALS
Info: 1005 IMPROPERS
Info: 212 CROSSTERMS
Info: 0 EXCLUSIONS
Info: 0 RIGID BONDS
Info: 1 GRIDS ACTIVE
Info: 10023 DEGREES OF FREEDOM
Info: 1656 HYDROGEN GROUPS
Info: 4 ATOMS IN LARGEST HYDROGEN GROUP
Info: 1656 MIGRATION GROUPS
Info: 4 ATOMS IN LARGEST MIGRATION GROUP
Info: TOTAL MASS = 23582 amu
Info: TOTAL CHARGE = -4 e
Info: *****************************
Info: Reading from binary file 2_15_adk-step1.restart.coor
Info: 
Info: Entering startup at 2.25039 s, 798.812 MB of memory in use
Info: Startup phase 0 took 0.000231168 s, 798.938 MB of memory in use
Info: ADDED 18308 IMPLICIT EXCLUSIONS
Info: Startup phase 1 took 0.00849295 s, 799.062 MB of memory in use
Info: NONBONDED TABLE R-SQUARED SPACING: 0.0625
Info: NONBONDED TABLE SIZE: 705 POINTS
Info: ABSOLUTE IMPRECISION IN FAST TABLE ENERGY: 3.38813e-21 AT 9.89634
Info: RELATIVE IMPRECISION IN FAST TABLE ENERGY: 4.23384e-15 AT 9.94673
Info: ABSOLUTE IMPRECISION IN FAST TABLE FORCE: 6.35275e-22 AT 9.94673
Info: RELATIVE IMPRECISION IN FAST TABLE FORCE: 5.07982e-16 AT 9.94673
Info: INCONSISTENCY IN FAST TABLE ENERGY VS FORCE: 0.000290185 AT 0.251946
Info: ABSOLUTE IMPRECISION IN VDWA TABLE ENERGY: 1.57772e-30 AT 9.89634
Info: RELATIVE IMPRECISION IN VDWA TABLE ENERGY: 4.54938e-15 AT 9.94673
Info: ABSOLUTE IMPRECISION IN VDWA TABLE FORCE: 5.91646e-31 AT 9.94673
Info: RELATIVE IMPRECISION IN VDWA TABLE FORCE: 5.6823e-16 AT 9.94673
Info: INCONSISTENCY IN VDWA TABLE ENERGY VS FORCE: 0.0040507 AT 0.251946
Info: ABSOLUTE IMPRECISION IN VDWB TABLE ENERGY: 4.71751e-25 AT 9.94673
Info: RELATIVE IMPRECISION IN VDWB TABLE ENERGY: 1.45371e-14 AT 9.94673
Info: ABSOLUTE IMPRECISION IN VDWB TABLE FORCE: 6.20385e-25 AT 9.94673
Info: RELATIVE IMPRECISION IN VDWB TABLE FORCE: 5.97512e-16 AT 9.94673
Info: INCONSISTENCY IN VDWB TABLE ENERGY VS FORCE: 0.00377068 AT 9.07951
Info: Startup phase 2 took 0.000446468 s, 800.188 MB of memory in use
Info: Startup phase 3 took 0.000158313 s, 800.188 MB of memory in use
Info: Startup phase 4 took 0.000271753 s, 800.312 MB of memory in use
Info: Startup phase 5 took 0.000149728 s, 800.375 MB of memory in use
Info: ORIGINAL ATOMS MINMAX IS -20.1037 -33.1078 -37.8036  17.3608 22.1697 15.9797
Info: ADJUSTED ATOMS MINMAX IS -15.6254 -27.9873 -32.4341  11.5813 14.6261 8.26078
Info: PATCH GRID IS 3 BY 4 BY 4
Info: PATCH GRID IS 1-AWAY BY 1-AWAY BY 1-AWAY
Info: Reading from binary file 2_15_adk-step1.restart.vel
Info: REMOVING COM VELOCITY -0.133521 0.188659 -0.175413
Info: LARGEST PATCH (16) HAS 238 ATOMS
Info: TORUS A SIZE 1 USING 0
Info: TORUS B SIZE 1 USING 0
Info: TORUS C SIZE 1 USING 0
Info: TORUS MINIMAL MESH SIZE IS 1 BY 1 BY 1
Info: Placed 100% of base nodes on same physical node as patch
Info: Startup phase 6 took 0.00834367 s, 800.562 MB of memory in use
Info: Startup phase 7 took 0.000154825 s, 801.375 MB of memory in use
Info: Updated CUDA force table with 4096 elements.
Info: Updated CUDA LJ table with 53 x 53 elements.
Info: Updated CUDA force table with 4096 elements.
Info: Updated CUDA LJ table with 53 x 53 elements.
Info: Updated CUDA force table with 4096 elements.
Info: Updated CUDA LJ table with 53 x 53 elements.
Info: Updated CUDA force table with 4096 elements.
Info: Updated CUDA LJ table with 53 x 53 elements.
Info: Updated CUDA force table with 4096 elements.
Info: Updated CUDA force table with 4096 elements.
Info: Updated CUDA LJ table with 53 x 53 elements.
Info: Updated CUDA LJ table with 53 x 53 elements.
Info: Startup phase 8 took 0.00328521 s, 801.562 MB of memory in use
Info: Startup phase 9 took 0.000323315 s, 801.688 MB of memory in use
Info: Startup phase 10 took 0.000158415 s, 801.75 MB of memory in use
Info: Startup phase 11 took 0.000966147 s, 801.938 MB of memory in use
LDB: Central LB being created...
Info: Startup phase 12 took 0.00218654 s, 802.938 MB of memory in use
Info: CREATING 1046 COMPUTE OBJECTS
Info: Found 278 unique exclusion lists needing 900 bytes
Info: Found 278 unique exclusion lists needing 900 bytes
Info: Found 278 unique exclusion lists needing 900 bytes
Info: Found 278 unique exclusion lists needing 900 bytes
Info: Found 278 unique exclusion lists needing 900 bytes
Info: Found 278 unique exclusion lists needing 900 bytes
Info: Startup phase 13 took 0.0174021 s, 803.75 MB of memory in use
Info: Building spanning tree ... send: 1 recv: 0 with branch factor 4
Info: useSync: 0 useProxySync: 0
Info: Startup phase 14 took 0.000201178 s, 804 MB of memory in use
Info: Startup phase 15 took 0.00022617 s, 804.125 MB of memory in use
Info: Finished startup at 2.29339 s, 804.25 MB of memory in use

TCL: Running for 5000 steps
PRESSURE: 0 0 0 0 0 0 0 0 0 0
GPRESSURE: 0 0 0 0 0 0 0 0 0 0
ETITLE:      TS           BOND          ANGLE          DIHED          IMPRP               ELECT            VDW       BOUNDARY           MISC        KINETIC               TOTAL           TEMP      POTENTIAL         TOTAL3        TEMPAVG

ENERGY:       0      1129.2902      1791.7667      2089.2751       155.6532            -42.3160      -786.4302         0.0000      3834.1434      2944.2465          11115.6290       295.6425      8171.3826     11140.2758       295.6425

LDB: ============= START OF LOAD BALANCING ============== 2.30962
LDB: ============== END OF LOAD BALANCING =============== 2.30967
Info: useSync: 0 useProxySync: 0
LDB: =============== DONE WITH MIGRATION ================ 2.30976
LDB: ============= START OF LOAD BALANCING ============== 2.36469
LDB: Partitioning computes with target load 0.000000
LDB: Increased migratable compute count from 0 to 0
LDB: Largest unpartitionable compute is 0.000000
LDB: ============== END OF LOAD BALANCING =============== 2.36494
Info: build node-aware spanning tree with send: 1, recv: 0 with branch factor 4
Info: useSync: 0 useProxySync: 0
LDB: =============== DONE WITH MIGRATION ================ 2.36563
PRESSURE: 100 0 0 0 0 0 0 0 0 0
GPRESSURE: 100 0 0 0 0 0 0 0 0 0
PRESSAVG: 100 0 0 0 0 0 0 0 0 0
GPRESSAVG: 100 0 0 0 0 0 0 0 0 0
Info: Initial time: 42 CPUs 0.000691649 s/step 0.00800519 days/ns 819.625 MB memory
ENERGY:     100      1089.0180      1718.2176      2092.0799       152.3053            -42.3543      -816.1728         0.0000      3844.2157      3008.1558          11045.4652       302.0598      8037.3094     11072.3716       300.4343

LDB: ============= START OF LOAD BALANCING ============== 2.37964
LDB: ============== END OF LOAD BALANCING =============== 2.37967
Info: useSync: 0 useProxySync: 0
LDB: =============== DONE WITH MIGRATION ================ 2.37975
LDB: ============= START OF LOAD BALANCING ============== 2.43492
LDB: TIME 2.43508 LOAD: AVG 0.0138536 MAX 0.0358758  PROXIES: TOTAL 185 MAXPE 10 MAXPATCH 7 None MEM: 820 MB
LDB: TIME 2.43522 LOAD: AVG 0.0138536 MAX 0.0358758  PROXIES: TOTAL 185 MAXPE 10 MAXPATCH 7 TorusLB MEM: 820.062 MB
LDB: ============== END OF LOAD BALANCING =============== 2.4354
Info: build node-aware spanning tree with send: 1, recv: 0 with branch factor 4
Info: useSync: 0 useProxySync: 0
LDB: =============== DONE WITH MIGRATION ================ 2.43603
PRESSURE: 200 0 0 0 0 0 0 0 0 0
GPRESSURE: 200 0 0 0 0 0 0 0 0 0
PRESSAVG: 200 0 0 0 0 0 0 0 0 0
GPRESSAVG: 200 0 0 0 0 0 0 0 0 0
Info: Initial time: 42 CPUs 0.000690804 s/step 0.00799541 days/ns 820.062 MB memory
ENERGY:     200      1072.9347      1697.9283      2060.6104       156.8306            -42.0757      -753.7929         0.0000      3842.4961      3031.5283          11066.4598       304.4068      8034.9315     11089.2998       300.3979

LDB: ============= START OF LOAD BALANCING ============== 2.50498
LDB: TIME 2.5052 LOAD: AVG 0.0171336 MAX 0.0447294  PROXIES: TOTAL 185 MAXPE 10 MAXPATCH 7 None MEM: 821.25 MB
LDB: TIME 2.50536 LOAD: AVG 0.0171336 MAX 0.0447294  PROXIES: TOTAL 185 MAXPE 10 MAXPATCH 7 RefineTorusLB MEM: 821.25 MB
LDB: TIME 2.5055 LOAD: AVG 0.0171336 MAX 0.0447294  PROXIES: TOTAL 185 MAXPE 10 MAXPATCH 7 RefineTorusLB MEM: 821.25 MB
LDB: Reverting to original mapping
LDB: ============== END OF LOAD BALANCING =============== 2.50573
Info: build node-aware spanning tree with send: 1, recv: 0 with branch factor 4
Info: useSync: 0 useProxySync: 0
LDB: =============== DONE WITH MIGRATION ================ 2.50641
PRESSURE: 300 0 0 0 0 0 0 0 0 0
GPRESSURE: 300 0 0 0 0 0 0 0 0 0
PRESSAVG: 300 0 0 0 0 0 0 0 0 0
GPRESSAVG: 300 0 0 0 0 0 0 0 0 0
Info: Initial time: 42 CPUs 0.000686213 s/step 0.00794228 days/ns 821.25 MB memory
ENERGY:     300      1088.5448      1678.9807      2099.8092       168.0394            -41.8325      -780.6036         0.0000      3848.8629      2943.1526          11004.9535       295.5326      8061.8009     11031.9790       298.6954

LDB: ============= START OF LOAD BALANCING ============== 2.57479
LDB: TIME 2.57499 LOAD: AVG 0.0169115 MAX 0.0436371  PROXIES: TOTAL 185 MAXPE 10 MAXPATCH 7 None MEM: 822.125 MB
LDB: TIME 2.57516 LOAD: AVG 0.0169115 MAX 0.0436371  PROXIES: TOTAL 185 MAXPE 10 MAXPATCH 7 RefineTorusLB MEM: 822.125 MB
LDB: TIME 2.5753 LOAD: AVG 0.0169115 MAX 0.0436371  PROXIES: TOTAL 185 MAXPE 10 MAXPATCH 7 RefineTorusLB MEM: 822.125 MB
LDB: Reverting to original mapping
LDB: ============== END OF LOAD BALANCING =============== 2.57553
Info: build node-aware spanning tree with send: 1, recv: 0 with branch factor 4
Info: useSync: 0 useProxySync: 0
LDB: =============== DONE WITH MIGRATION ================ 2.5762
PRESSURE: 400 0 0 0 0 0 0 0 0 0
GPRESSURE: 400 0 0 0 0 0 0 0 0 0
PRESSAVG: 400 0 0 0 0 0 0 0 0 0
GPRESSAVG: 400 0 0 0 0 0 0 0 0 0
Info: Benchmark time: 42 CPUs 0.000683703 s/step 0.00791323 days/ns 822.125 MB memory
ENERGY:     400      1091.6078      1708.9223      2078.5358       140.0319            -42.2139      -789.1364         0.0000      3847.2197      3003.9362          11038.9035       301.6361      8034.9673     11061.2643       297.4344

PRESSURE: 500 0 0 0 0 0 0 0 0 0
GPRESSURE: 500 0 0 0 0 0 0 0 0 0
PRESSAVG: 500 0 0 0 0 0 0 0 0 0
GPRESSAVG: 500 0 0 0 0 0 0 0 0 0
Info: Benchmark time: 42 CPUs 0.000678093 s/step 0.00784829 days/ns 823.125 MB memory
ENERGY:     500      1131.2123      1696.0259      2090.0097       152.2801            -40.5985      -790.3680         0.0000      3845.0756      2961.6400          11045.2771       297.3890      8083.6371     11070.8575       299.9308

PRESSURE: 600 0 0 0 0 0 0 0 0 0
GPRESSURE: 600 0 0 0 0 0 0 0 0 0
PRESSAVG: 600 0 0 0 0 0 0 0 0 0
GPRESSAVG: 600 0 0 0 0 0 0 0 0 0
Info: Benchmark time: 42 CPUs 0.000679003 s/step 0.00785884 days/ns 823.125 MB memory
ENERGY:     600      1101.4517      1732.5871      2085.8148       149.0548            -40.9501      -800.5321         0.0000      3839.7999      3001.7261          11068.9521       301.4142      8067.2259     11099.0154       301.2278

PRESSURE: 700 0 0 0 0 0 0 0 0 0
GPRESSURE: 700 0 0 0 0 0 0 0 0 0
PRESSAVG: 700 0 0 0 0 0 0 0 0 0
GPRESSAVG: 700 0 0 0 0 0 0 0 0 0
Info: Benchmark time: 42 CPUs 0.000675522 s/step 0.00781855 days/ns 827.062 MB memory
ENERGY:     700      1106.2142      1721.9665      2075.3577       176.0896            -40.4901      -787.3960         0.0000      3847.2154      3034.7665          11133.7239       304.7319      8098.9573     11161.2750       301.7280

PRESSURE: 800 0 0 0 0 0 0 0 0 0
GPRESSURE: 800 0 0 0 0 0 0 0 0 0
PRESSAVG: 800 0 0 0 0 0 0 0 0 0
GPRESSAVG: 800 0 0 0 0 0 0 0 0 0
Info: Benchmark time: 42 CPUs 0.000667247 s/step 0.00772277 days/ns 827.062 MB memory
ENERGY:     800      1103.6416      1804.3115      2099.1810       162.3855            -41.6865      -808.5898         0.0000      3841.2657      3007.8636          11168.3726       302.0305      8160.5091     11195.5109       306.7856

PRESSURE: 900 0 0 0 0 0 0 0 0 0
GPRESSURE: 900 0 0 0 0 0 0 0 0 0
PRESSAVG: 900 0 0 0 0 0 0 0 0 0
GPRESSAVG: 900 0 0 0 0 0 0 0 0 0
Info: Benchmark time: 42 CPUs 0.00065678 s/step 0.00760162 days/ns 827.062 MB memory
ENERGY:     900      1087.8050      1746.0339      2083.7004       148.8101            -42.3442      -773.5612         0.0000      3826.1202      3021.8476          11098.4117       303.4347      8076.5642     11129.9086       305.3356

PRESSURE: 1000 0 0 0 0 0 0 0 0 0
GPRESSURE: 1000 0 0 0 0 0 0 0 0 0
PRESSAVG: 1000 0 0 0 0 0 0 0 0 0
GPRESSAVG: 1000 0 0 0 0 0 0 0 0 0
TIMING: 1000  CPU: 0.697675, 0.000679415/step  Wall: 0.704425, 0.000682829/step, 0.000758699 hours remaining, 827.062500 MB of memory in use.
ETITLE:      TS           BOND          ANGLE          DIHED          IMPRP               ELECT            VDW       BOUNDARY           MISC        KINETIC               TOTAL           TEMP      POTENTIAL         TOTAL3        TEMPAVG

ENERGY:    1000      1068.2393      1728.4958      2093.3712       166.0830            -42.4415      -764.4637         0.0000      3821.9365      3036.3348          11107.5554       304.8894      8071.2206     11136.4615       302.7256

WRITING EXTENDED SYSTEM TO RESTART FILE AT STEP 1000
OPENING COORDINATE DCD FILE
WRITING COORDINATES TO DCD FILE adk-step1.dcd AT STEP 1000
WRITING COORDINATES TO RESTART FILE AT STEP 1000
FINISHED WRITING RESTART COORDINATES
The last position output (seq=1000) takes 0.004 seconds, 827.188 MB of memory in use
WRITING VELOCITIES TO RESTART FILE AT STEP 1000
FINISHED WRITING RESTART VELOCITIES
The last velocity output (seq=1000) takes 0.002 seconds, 827.250 MB of memory in use
PRESSURE: 1100 0 0 0 0 0 0 0 0 0
GPRESSURE: 1100 0 0 0 0 0 0 0 0 0
PRESSAVG: 1100 0 0 0 0 0 0 0 0 0
GPRESSAVG: 1100 0 0 0 0 0 0 0 0 0
ENERGY:    1100      1133.1581      1713.5838      2106.9073       166.2611            -43.7306      -769.9226         0.0000      3823.6140      2936.3048          11066.1758       294.8450      8129.8710     11091.5858       301.2384

PRESSURE: 1200 0 0 0 0 0 0 0 0 0
GPRESSURE: 1200 0 0 0 0 0 0 0 0 0
PRESSAVG: 1200 0 0 0 0 0 0 0 0 0
GPRESSAVG: 1200 0 0 0 0 0 0 0 0 0
ENERGY:    1200      1124.6696      1651.7543      2104.6074       150.5774            -43.1680      -787.0702         0.0000      3826.5088      2957.3782          10985.2575       296.9611      8027.8793     11013.4918       298.1905

PRESSURE: 1300 0 0 0 0 0 0 0 0 0
GPRESSURE: 1300 0 0 0 0 0 0 0 0 0
PRESSAVG: 1300 0 0 0 0 0 0 0 0 0
GPRESSAVG: 1300 0 0 0 0 0 0 0 0 0
ENERGY:    1300      1083.8759      1737.3038      2079.0173       161.4347            -42.5180      -801.3953         0.0000      3832.7318      2928.1635          10978.6137       294.0275      8050.4502     11001.2233       298.5371

PRESSURE: 1400 0 0 0 0 0 0 0 0 0
GPRESSURE: 1400 0 0 0 0 0 0 0 0 0
PRESSAVG: 1400 0 0 0 0 0 0 0 0 0
GPRESSAVG: 1400 0 0 0 0 0 0 0 0 0
ENERGY:    1400      1084.5208      1673.3592      2069.0102       146.6330            -42.4836      -801.0092         0.0000      3838.4510      2969.6983          10938.1798       298.1982      7968.4815     10962.0452       296.7727

PRESSURE: 1500 0 0 0 0 0 0 0 0 0
GPRESSURE: 1500 0 0 0 0 0 0 0 0 0
PRESSAVG: 1500 0 0 0 0 0 0 0 0 0
GPRESSAVG: 1500 0 0 0 0 0 0 0 0 0
ENERGY:    1500      1104.3580      1716.9758      2043.5896       151.3455            -41.9516      -800.7173         0.0000      3833.1962      2937.0580          10943.8542       294.9206      8006.7962     10966.4590       296.6679

PRESSURE: 1600 0 0 0 0 0 0 0 0 0
GPRESSURE: 1600 0 0 0 0 0 0 0 0 0
PRESSAVG: 1600 0 0 0 0 0 0 0 0 0
GPRESSAVG: 1600 0 0 0 0 0 0 0 0 0
ENERGY:    1600      1088.4689      1679.2638      2091.8150       152.6292            -42.0739      -767.2850         0.0000      3818.4141      2914.5336          10935.7657       292.6589      8021.2321     10961.2097       295.6219

PRESSURE: 1700 0 0 0 0 0 0 0 0 0
GPRESSURE: 1700 0 0 0 0 0 0 0 0 0
PRESSAVG: 1700 0 0 0 0 0 0 0 0 0
GPRESSAVG: 1700 0 0 0 0 0 0 0 0 0
ENERGY:    1700      1111.9283      1692.3212      2103.2625       148.4366            -41.9365      -761.6940         0.0000      3812.4368      2895.0482          10959.8032       290.7023      8064.7550     10982.3906       293.9556

PRESSURE: 1800 0 0 0 0 0 0 0 0 0
GPRESSURE: 1800 0 0 0 0 0 0 0 0 0
PRESSAVG: 1800 0 0 0 0 0 0 0 0 0
GPRESSAVG: 1800 0 0 0 0 0 0 0 0 0
ENERGY:    1800      1043.0932      1685.9573      2080.5737       153.1680            -42.1323      -784.6824         0.0000      3813.9823      2960.9176          10910.8775       297.3165      7949.9599     10932.4523       293.8256

PRESSURE: 1900 0 0 0 0 0 0 0 0 0
GPRESSURE: 1900 0 0 0 0 0 0 0 0 0
PRESSAVG: 1900 0 0 0 0 0 0 0 0 0
GPRESSAVG: 1900 0 0 0 0 0 0 0 0 0
ENERGY:    1900      1041.7806      1669.7009      2083.4119       163.4778            -41.8728      -751.1429         0.0000      3808.0116      2919.3701          10892.7372       293.1445      7973.3671     10921.5740       292.8074

PRESSURE: 2000 0 0 0 0 0 0 0 0 0
GPRESSURE: 2000 0 0 0 0 0 0 0 0 0
PRESSAVG: 2000 0 0 0 0 0 0 0 0 0
GPRESSAVG: 2000 0 0 0 0 0 0 0 0 0
TIMING: 2000  CPU: 1.3605, 0.000662828/step  Wall: 1.37524, 0.000670811/step, 0.00055901 hours remaining, 827.250000 MB of memory in use.
ETITLE:      TS           BOND          ANGLE          DIHED          IMPRP               ELECT            VDW       BOUNDARY           MISC        KINETIC               TOTAL           TEMP      POTENTIAL         TOTAL3        TEMPAVG

ENERGY:    2000      1067.5127      1678.4397      2075.8746       148.6452            -42.4706      -776.3950         0.0000      3806.8575      2916.0691          10874.5332       292.8131      7958.4641     10895.6205       292.1983

WRITING EXTENDED SYSTEM TO RESTART FILE AT STEP 2000
WRITING COORDINATES TO DCD FILE adk-step1.dcd AT STEP 2000
WRITING COORDINATES TO RESTART FILE AT STEP 2000
FINISHED WRITING RESTART COORDINATES
The last position output (seq=2000) takes 0.003 seconds, 827.250 MB of memory in use
WRITING VELOCITIES TO RESTART FILE AT STEP 2000
FINISHED WRITING RESTART VELOCITIES
The last velocity output (seq=2000) takes 0.002 seconds, 827.250 MB of memory in use
PRESSURE: 2100 0 0 0 0 0 0 0 0 0
GPRESSURE: 2100 0 0 0 0 0 0 0 0 0
PRESSAVG: 2100 0 0 0 0 0 0 0 0 0
GPRESSAVG: 2100 0 0 0 0 0 0 0 0 0
ENERGY:    2100      1090.7568      1682.1966      2072.2833       161.3708            -41.5023      -802.6429         0.0000      3813.7608      2862.6777          10838.9008       287.4519      7976.2231     10859.5220       289.6736

PRESSURE: 2200 0 0 0 0 0 0 0 0 0
GPRESSURE: 2200 0 0 0 0 0 0 0 0 0
PRESSAVG: 2200 0 0 0 0 0 0 0 0 0
GPRESSAVG: 2200 0 0 0 0 0 0 0 0 0
ENERGY:    2200      1039.4726      1687.8245      2088.1703       145.0186            -40.9433      -789.7753         0.0000      3814.0384      2918.1583          10861.9640       293.0229      7943.8057     10884.4463       291.9541

PRESSURE: 2300 0 0 0 0 0 0 0 0 0
GPRESSURE: 2300 0 0 0 0 0 0 0 0 0
PRESSAVG: 2300 0 0 0 0 0 0 0 0 0
GPRESSAVG: 2300 0 0 0 0 0 0 0 0 0
ENERGY:    2300      1118.6690      1726.2530      2075.2267       155.6650            -41.3891      -793.3198         0.0000      3817.8159      2914.4471          10973.3678       292.6502      8058.9207     10995.9283       296.0410

PRESSURE: 2400 0 0 0 0 0 0 0 0 0
GPRESSURE: 2400 0 0 0 0 0 0 0 0 0
PRESSAVG: 2400 0 0 0 0 0 0 0 0 0
GPRESSAVG: 2400 0 0 0 0 0 0 0 0 0
ENERGY:    2400      1067.8109      1685.0828      2089.0664       150.9103            -41.8856      -772.7235         0.0000      3812.0237      2911.8708          10902.1558       292.3915      7990.2849     10927.5547       295.3022

PRESSURE: 2500 0 0 0 0 0 0 0 0 0
GPRESSURE: 2500 0 0 0 0 0 0 0 0 0
PRESSAVG: 2500 0 0 0 0 0 0 0 0 0
GPRESSAVG: 2500 0 0 0 0 0 0 0 0 0
ENERGY:    2500      1070.9041      1722.8057      2078.0139       165.9011            -42.0940      -793.1459         0.0000      3810.6604      2852.9584          10866.0037       286.4759      8013.0453     10889.5176       292.1242

PRESSURE: 2600 0 0 0 0 0 0 0 0 0
GPRESSURE: 2600 0 0 0 0 0 0 0 0 0
PRESSAVG: 2600 0 0 0 0 0 0 0 0 0
GPRESSAVG: 2600 0 0 0 0 0 0 0 0 0
ENERGY:    2600      1055.5652      1650.0910      2058.7949       163.3710            -42.0486      -773.8058         0.0000      3813.1057      2942.4875          10867.5609       295.4658      7925.0733     10894.1932       292.6907

PRESSURE: 2700 0 0 0 0 0 0 0 0 0
GPRESSURE: 2700 0 0 0 0 0 0 0 0 0
PRESSAVG: 2700 0 0 0 0 0 0 0 0 0
GPRESSAVG: 2700 0 0 0 0 0 0 0 0 0
ENERGY:    2700      1103.1631      1699.4482      2073.8704       168.0847            -42.8995      -781.9024         0.0000      3817.9017      2862.5405          10900.2066       287.4381      8037.6662     10921.9454       290.2660

PRESSURE: 2800 0 0 0 0 0 0 0 0 0
GPRESSURE: 2800 0 0 0 0 0 0 0 0 0
PRESSAVG: 2800 0 0 0 0 0 0 0 0 0
GPRESSAVG: 2800 0 0 0 0 0 0 0 0 0
ENERGY:    2800      1092.2552      1619.4519      2066.9098       141.3119            -41.7939      -792.7170         0.0000      3820.2134      2931.5069          10837.1381       294.3632      7905.6312     10859.3895       291.3197

PRESSURE: 2900 0 0 0 0 0 0 0 0 0
GPRESSURE: 2900 0 0 0 0 0 0 0 0 0
PRESSAVG: 2900 0 0 0 0 0 0 0 0 0
GPRESSAVG: 2900 0 0 0 0 0 0 0 0 0
ENERGY:    2900      1068.6005      1631.3082      2065.1127       150.5096            -41.1557      -764.8896         0.0000      3817.4712      2904.9829          10831.9397       291.6999      7926.9568     10855.4042       290.8402

WRITING COORDINATES TO DCD FILE adk-step1.dcd AT STEP 3000
WRITING COORDINATES TO RESTART FILE AT STEP 3000
FINISHED WRITING RESTART COORDINATES
The last position output (seq=3000) takes 0.003 seconds, 827.250 MB of memory in use
WRITING VELOCITIES TO RESTART FILE AT STEP 3000
FINISHED WRITING RESTART VELOCITIES
The last velocity output (seq=3000) takes 0.002 seconds, 827.250 MB of memory in use
PRESSURE: 3000 0 0 0 0 0 0 0 0 0
GPRESSURE: 3000 0 0 0 0 0 0 0 0 0
PRESSAVG: 3000 0 0 0 0 0 0 0 0 0
GPRESSAVG: 3000 0 0 0 0 0 0 0 0 0
TIMING: 3000  CPU: 2.0254, 0.000664896/step  Wall: 2.04212, 0.000666879/step, 0.000370489 hours remaining, 827.250000 MB of memory in use.
ETITLE:      TS           BOND          ANGLE          DIHED          IMPRP               ELECT            VDW       BOUNDARY           MISC        KINETIC               TOTAL           TEMP      POTENTIAL         TOTAL3        TEMPAVG

ENERGY:    3000      1110.0421      1703.9722      2065.0291       152.7827            -42.5331      -806.9041         0.0000      3813.0403      2880.5312          10875.9604       289.2446      7995.4292     10896.7464       290.8615

WRITING EXTENDED SYSTEM TO RESTART FILE AT STEP 3000
PRESSURE: 3100 0 0 0 0 0 0 0 0 0
GPRESSURE: 3100 0 0 0 0 0 0 0 0 0
PRESSAVG: 3100 0 0 0 0 0 0 0 0 0
GPRESSAVG: 3100 0 0 0 0 0 0 0 0 0
ENERGY:    3100      1086.9100      1685.4587      2062.0918       160.2396            -42.0317      -778.5397         0.0000      3819.6997      2909.6896          10903.5180       292.1725      7993.8284     10925.4430       292.2050

PRESSURE: 3200 0 0 0 0 0 0 0 0 0
GPRESSURE: 3200 0 0 0 0 0 0 0 0 0
PRESSAVG: 3200 0 0 0 0 0 0 0 0 0
GPRESSAVG: 3200 0 0 0 0 0 0 0 0 0
ENERGY:    3200      1080.1922      1700.3893      2068.2637       162.8201            -41.6589      -754.3119         0.0000      3818.9127      2927.4558          10962.0630       293.9565      8034.6072     10984.4193       292.9092

PRESSURE: 3300 0 0 0 0 0 0 0 0 0
GPRESSURE: 3300 0 0 0 0 0 0 0 0 0
PRESSAVG: 3300 0 0 0 0 0 0 0 0 0
GPRESSAVG: 3300 0 0 0 0 0 0 0 0 0
ENERGY:    3300      1123.3377      1688.1601      2102.5286       154.6884            -40.8392      -813.2024         0.0000      3812.5613      2904.6337          10931.8682       291.6648      8027.2345     10952.9537       294.1462

PRESSURE: 3400 0 0 0 0 0 0 0 0 0
GPRESSURE: 3400 0 0 0 0 0 0 0 0 0
PRESSAVG: 3400 0 0 0 0 0 0 0 0 0
GPRESSAVG: 3400 0 0 0 0 0 0 0 0 0
ENERGY:    3400      1101.9473      1668.0222      2074.5547       156.0304            -41.3743      -778.7242         0.0000      3810.8502      2932.7982          10924.1045       294.4929      7991.3063     10951.5379       294.2443

PRESSURE: 3500 0 0 0 0 0 0 0 0 0
GPRESSURE: 3500 0 0 0 0 0 0 0 0 0
PRESSAVG: 3500 0 0 0 0 0 0 0 0 0
GPRESSAVG: 3500 0 0 0 0 0 0 0 0 0
ENERGY:    3500      1064.9031      1690.5554      2058.7205       156.0816            -41.1870      -777.2732         0.0000      3814.1011      2997.0936          10962.9951       300.9490      7965.9016     10988.7204       295.0073

PRESSURE: 3600 0 0 0 0 0 0 0 0 0
GPRESSURE: 3600 0 0 0 0 0 0 0 0 0
PRESSAVG: 3600 0 0 0 0 0 0 0 0 0
GPRESSAVG: 3600 0 0 0 0 0 0 0 0 0
ENERGY:    3600      1080.7933      1638.8323      2085.7537       152.8695            -42.1983      -779.2740         0.0000      3814.0640      3013.1853          10964.0256       302.5649      7950.8404     10992.4231       299.0674

PRESSURE: 3700 0 0 0 0 0 0 0 0 0
GPRESSURE: 3700 0 0 0 0 0 0 0 0 0
PRESSAVG: 3700 0 0 0 0 0 0 0 0 0
GPRESSAVG: 3700 0 0 0 0 0 0 0 0 0
ENERGY:    3700      1034.8570      1717.8706      2107.3256       163.7403            -42.0190      -770.0749         0.0000      3815.0770      2993.5691          11020.3458       300.5951      8026.7767     11046.2264       296.8023

PRESSURE: 3800 0 0 0 0 0 0 0 0 0
GPRESSURE: 3800 0 0 0 0 0 0 0 0 0
PRESSAVG: 3800 0 0 0 0 0 0 0 0 0
GPRESSAVG: 3800 0 0 0 0 0 0 0 0 0
ENERGY:    3800      1092.8744      1685.0900      2099.8081       156.2970            -41.2160      -760.5026         0.0000      3819.2944      2937.4858          10989.1312       294.9636      8051.6453     11016.0748       297.6434

PRESSURE: 3900 0 0 0 0 0 0 0 0 0
GPRESSURE: 3900 0 0 0 0 0 0 0 0 0
PRESSAVG: 3900 0 0 0 0 0 0 0 0 0
GPRESSAVG: 3900 0 0 0 0 0 0 0 0 0
ENERGY:    3900      1056.5903      1705.9954      2122.8532       152.0728            -41.2993      -794.4884         0.0000      3805.4004      2965.9034          10973.0278       297.8171      8007.1244     10999.1883       296.4292

PRESSURE: 4000 0 0 0 0 0 0 0 0 0
GPRESSURE: 4000 0 0 0 0 0 0 0 0 0
PRESSAVG: 4000 0 0 0 0 0 0 0 0 0
GPRESSAVG: 4000 0 0 0 0 0 0 0 0 0
TIMING: 4000  CPU: 2.63811, 0.000612712/step  Wall: 2.65587, 0.000613755/step, 0.000170488 hours remaining, 831.125000 MB of memory in use.
ETITLE:      TS           BOND          ANGLE          DIHED          IMPRP               ELECT            VDW       BOUNDARY           MISC        KINETIC               TOTAL           TEMP      POTENTIAL         TOTAL3        TEMPAVG

ENERGY:    4000      1130.7790      1775.9302      2080.9722       145.7772            -41.1051      -802.6624         0.0000      3793.0960      2909.9952          10992.7823       292.2032      8082.7871     11017.8798       298.1851

WRITING EXTENDED SYSTEM TO RESTART FILE AT STEP 4000
WRITING COORDINATES TO DCD FILE adk-step1.dcd AT STEP 4000
WRITING COORDINATES TO RESTART FILE AT STEP 4000
FINISHED WRITING RESTART COORDINATES
The last position output (seq=4000) takes 0.002 seconds, 831.125 MB of memory in use
WRITING VELOCITIES TO RESTART FILE AT STEP 4000
FINISHED WRITING RESTART VELOCITIES
The last velocity output (seq=4000) takes 0.002 seconds, 831.125 MB of memory in use
PRESSURE: 4100 0 0 0 0 0 0 0 0 0
GPRESSURE: 4100 0 0 0 0 0 0 0 0 0
PRESSAVG: 4100 0 0 0 0 0 0 0 0 0
GPRESSAVG: 4100 0 0 0 0 0 0 0 0 0
ENERGY:    4100      1085.4952      1680.1639      2111.2676       149.3413            -42.4132      -804.2344         0.0000      3783.1150      3025.4602          10988.1956       303.7974      7962.7354     11012.3208       300.8280

PRESSURE: 4200 0 0 0 0 0 0 0 0 0
GPRESSURE: 4200 0 0 0 0 0 0 0 0 0
PRESSAVG: 4200 0 0 0 0 0 0 0 0 0
GPRESSAVG: 4200 0 0 0 0 0 0 0 0 0
ENERGY:    4200      1108.8387      1690.3893      2103.6898       145.4141            -42.2056      -782.4661         0.0000      3776.4773      2973.4564          10973.5937       298.5755      8000.1373     11000.8625       299.6114

LDB: ============= START OF LOAD BALANCING ============== 5.12081
LDB: ============== END OF LOAD BALANCING =============== 5.12087
Info: useSync: 0 useProxySync: 0
LDB: =============== DONE WITH MIGRATION ================ 5.12097
PRESSURE: 4300 0 0 0 0 0 0 0 0 0
GPRESSURE: 4300 0 0 0 0 0 0 0 0 0
PRESSAVG: 4300 0 0 0 0 0 0 0 0 0
GPRESSAVG: 4300 0 0 0 0 0 0 0 0 0
ENERGY:    4300      1140.4433      1677.5320      2109.1463       158.2497            -42.2605      -773.0416         0.0000      3784.5494      2911.6553          10966.2738       292.3699      8054.6185     10987.3596       299.1251

LDB: ============= START OF LOAD BALANCING ============== 5.18362
LDB: TIME 5.18388 LOAD: AVG 0.0155226 MAX 0.0470438  PROXIES: TOTAL 185 MAXPE 10 MAXPATCH 7 None MEM: 831.125 MB
LDB: TIME 5.18403 LOAD: AVG 0.0155226 MAX 0.0470438  PROXIES: TOTAL 185 MAXPE 10 MAXPATCH 7 RefineTorusLB MEM: 831.25 MB
LDB: TIME 5.18416 LOAD: AVG 0.0155226 MAX 0.0470438  PROXIES: TOTAL 185 MAXPE 10 MAXPATCH 7 RefineTorusLB MEM: 831.25 MB
LDB: ============== END OF LOAD BALANCING =============== 5.18439
Info: build node-aware spanning tree with send: 1, recv: 0 with branch factor 4
Info: useSync: 0 useProxySync: 0
LDB: =============== DONE WITH MIGRATION ================ 5.18509
PRESSURE: 4400 0 0 0 0 0 0 0 0 0
GPRESSURE: 4400 0 0 0 0 0 0 0 0 0
PRESSAVG: 4400 0 0 0 0 0 0 0 0 0
GPRESSAVG: 4400 0 0 0 0 0 0 0 0 0
ENERGY:    4400      1104.7494      1635.5706      2104.3800       141.5718            -42.6773      -777.8608         0.0000      3782.8345      2973.6852          10922.2535       298.5985      7948.5683     10946.0849       296.4814

PRESSURE: 4500 0 0 0 0 0 0 0 0 0
GPRESSURE: 4500 0 0 0 0 0 0 0 0 0
PRESSAVG: 4500 0 0 0 0 0 0 0 0 0
GPRESSAVG: 4500 0 0 0 0 0 0 0 0 0
ENERGY:    4500      1067.8563      1693.8159      2110.1952       152.8207            -42.6747      -791.5733         0.0000      3773.7885      2963.4134          10927.6418       297.5671      7964.2285     10954.1002       296.6477

PRESSURE: 4600 0 0 0 0 0 0 0 0 0
GPRESSURE: 4600 0 0 0 0 0 0 0 0 0
PRESSAVG: 4600 0 0 0 0 0 0 0 0 0
GPRESSAVG: 4600 0 0 0 0 0 0 0 0 0
ENERGY:    4600      1098.1983      1646.3979      2077.0447       144.3555            -42.8277      -745.8158         0.0000      3754.1692      2964.5457          10896.0678       297.6808      7931.5221     10921.8284       296.0611

PRESSURE: 4700 0 0 0 0 0 0 0 0 0
GPRESSURE: 4700 0 0 0 0 0 0 0 0 0
PRESSAVG: 4700 0 0 0 0 0 0 0 0 0
GPRESSAVG: 4700 0 0 0 0 0 0 0 0 0
ENERGY:    4700      1098.4308      1720.6260      2093.8685       147.0373            -41.7423      -792.4225         0.0000      3742.8650      2917.5741          10886.2369       292.9642      7968.6628     10908.1426       298.1144

PRESSURE: 4800 0 0 0 0 0 0 0 0 0
GPRESSURE: 4800 0 0 0 0 0 0 0 0 0
PRESSAVG: 4800 0 0 0 0 0 0 0 0 0
GPRESSAVG: 4800 0 0 0 0 0 0 0 0 0
ENERGY:    4800      1122.5982      1679.7357      2073.8503       159.5527            -40.8188      -809.8653         0.0000      3740.6617      2928.1489          10853.8635       294.0261      7925.7145     10877.8710       296.3973

PRESSURE: 4900 0 0 0 0 0 0 0 0 0
GPRESSURE: 4900 0 0 0 0 0 0 0 0 0
PRESSAVG: 4900 0 0 0 0 0 0 0 0 0
GPRESSAVG: 4900 0 0 0 0 0 0 0 0 0
ENERGY:    4900      1063.3320      1675.1518      2107.9562       151.5826            -40.5390      -747.7193         0.0000      3734.3786      2995.6866          10939.8295       300.8078      7944.1429     10965.6764       296.9510

PRESSURE: 5000 0 0 0 0 0 0 0 0 0
GPRESSURE: 5000 0 0 0 0 0 0 0 0 0
PRESSAVG: 5000 0 0 0 0 0 0 0 0 0
GPRESSAVG: 5000 0 0 0 0 0 0 0 0 0
TIMING: 5000  CPU: 3.25686, 0.000618747/step  Wall: 3.28417, 0.000628304/step, 0 hours remaining, 831.250000 MB of memory in use.
ETITLE:      TS           BOND          ANGLE          DIHED          IMPRP               ELECT            VDW       BOUNDARY           MISC        KINETIC               TOTAL           TEMP      POTENTIAL         TOTAL3        TEMPAVG

ENERGY:    5000      1111.5472      1682.1223      2090.0271       151.2548            -40.8272      -782.2896         0.0000      3740.0986      2911.2591          10863.1922       292.3301      7951.9331     10888.5987       298.0489

WRITING EXTENDED SYSTEM TO RESTART FILE AT STEP 5000
WRITING COORDINATES TO DCD FILE adk-step1.dcd AT STEP 5000
WRITING COORDINATES TO RESTART FILE AT STEP 5000
FINISHED WRITING RESTART COORDINATES
The last position output (seq=5000) takes 0.002 seconds, 831.812 MB of memory in use
WRITING VELOCITIES TO RESTART FILE AT STEP 5000
FINISHED WRITING RESTART VELOCITIES
The last velocity output (seq=5000) takes 0.002 seconds, 831.812 MB of memory in use
WRITING EXTENDED SYSTEM TO OUTPUT FILE AT STEP 5000
WRITING COORDINATES TO OUTPUT FILE AT STEP 5000
CLOSING COORDINATE DCD FILE adk-step1.dcd
The last position output (seq=-2) takes 0.004 seconds, 831.812 MB of memory in use
WRITING VELOCITIES TO OUTPUT FILE AT STEP 5000
====================================================

WallClock: 5.569871  CPUTime: 4.153957  Memory: 831.812500 MB
End of program
