6_11_cc.dat
/gpfs/alpine/bip115/scratch/hrlee/radical.pilot.sandbox/re.session.login2.hrlee.018634.0000/pilot.0000/staging_area/6_11_cc.dat
6, 11
Choosing optimized barrier algorithm name I0:HybridBinomial:SHMEM:P2P
Converse/Charm++ Commit ID: v6.10.2-0-g7bf00fa-namd-charm-6.10.2-build-2020-Aug-05-556
Warning> Randomization of virtual memory (ASLR) is turned on in the kernel, thread migration may not work! Run 'echo 0 > /proc/sys/kernel/randomize_va_space' as root to disable it, or try running with '+isomalloc_sync'.
CharmLB> Load balancer assumes all CPUs are same.
Charm++> Running on 1 hosts (1 sockets x 7 cores x 4 PUs = 28-way SMP)
Charm++> cpu topology info is gathered in 0.003 seconds.
Info: Built with CUDA version 10010
Did not find +devices i,j,k,... argument, using all
Pe 3 physical rank 3 will use CUDA device of pe 4
Pe 19 physical rank 19 will use CUDA device of pe 14
Pe 13 physical rank 13 will use CUDA device of pe 7
Pe 23 physical rank 23 will use CUDA device of pe 21
Pe 34 physical rank 34 will use CUDA device of pe 28
Pe 17 physical rank 17 will use CUDA device of pe 14
Pe 5 physical rank 5 will use CUDA device of pe 4
Pe 40 physical rank 40 will use CUDA device of pe 35
Pe 11 physical rank 11 will use CUDA device of pe 7
Pe 27 physical rank 27 will use CUDA device of pe 21
Pe 32 physical rank 32 will use CUDA device of pe 28
Pe 20 physical rank 20 will use CUDA device of pe 14
Pe 2 physical rank 2 will use CUDA device of pe 4
Pe 37 physical rank 37 will use CUDA device of pe 35
Pe 12 physical rank 12 will use CUDA device of pe 7
Pe 26 physical rank 26 will use CUDA device of pe 21
Pe 31 physical rank 31 will use CUDA device of pe 28
Pe 16 physical rank 16 will use CUDA device of pe 14
Pe 6 physical rank 6 will use CUDA device of pe 4
Pe 38 physical rank 38 will use CUDA device of pe 35
Pe 9 physical rank 9 will use CUDA device of pe 7
Pe 24 physical rank 24 will use CUDA device of pe 21
Pe 33 physical rank 33 will use CUDA device of pe 28
Pe 18 physical rank 18 will use CUDA device of pe 14
Pe 41 physical rank 41 will use CUDA device of pe 35
Pe 10 physical rank 10 will use CUDA device of pe 7
Pe 25 physical rank 25 will use CUDA device of pe 21
Pe 30 physical rank 30 will use CUDA device of pe 28
Pe 15 physical rank 15 will use CUDA device of pe 14
Pe 1 physical rank 1 will use CUDA device of pe 4
Pe 39 physical rank 39 will use CUDA device of pe 35
Pe 8 physical rank 8 will use CUDA device of pe 7
Pe 22 physical rank 22 will use CUDA device of pe 21
Pe 29 physical rank 29 will use CUDA device of pe 28
Pe 0 physical rank 0 will use CUDA device of pe 4
Pe 36 physical rank 36 will use CUDA device of pe 35
Pe 14 physical rank 14 binding to CUDA device 0 on h14n10: 'Tesla V100-SXM2-16GB'  Mem: 16128MB  Rev: 7.0  PCI: 4:6:0
Pe 4 physical rank 4 binding to CUDA device 0 on h14n10: 'Tesla V100-SXM2-16GB'  Mem: 16128MB  Rev: 7.0  PCI: 4:4:0
Pe 7 physical rank 7 binding to CUDA device 0 on h14n10: 'Tesla V100-SXM2-16GB'  Mem: 16128MB  Rev: 7.0  PCI: 4:5:0
Pe 21 physical rank 21 binding to CUDA device 0 on h14n10: 'Tesla V100-SXM2-16GB'  Mem: 16128MB  Rev: 7.0  PCI: 35:3:0
Pe 28 physical rank 28 binding to CUDA device 0 on h14n10: 'Tesla V100-SXM2-16GB'  Mem: 16128MB  Rev: 7.0  PCI: 35:4:0
Pe 35 physical rank 35 binding to CUDA device 0 on h14n10: 'Tesla V100-SXM2-16GB'  Mem: 16128MB  Rev: 7.0  PCI: 35:5:0
Info: NAMD 2.14 for Linux-POWER-pami-smp-Summit-CUDA
Info: 
Info: Please visit http://www.ks.uiuc.edu/Research/namd/
Info: for updates, documentation, and support information.
Info: 
Info: Please cite Phillips et al., J. Chem. Phys. 153:044130 (2020) doi:10.1063/5.0014475
Info: in all publications reporting results obtained with NAMD.
Info: 
Info: Based on Charm++/Converse 61002 for pami-linux-ppc64le-smp
Info: Built Wed Aug 5 14:28:51 EDT 2020 by jimp on login2
Info: 1 NAMD  2.14  Linux-POWER-pami-smp-Summit-CUDA  42    h14n10  hrlee
Info: Running on 42 processors, 6 nodes, 1 physical nodes.
Info: CPU topology information available.
Info: Charm++/Converse parallel runtime startup completed at 1.32812 s
CkLoopLib is used in SMP with simple dynamic scheduling (converse-level notification)
Info: 791.688 MB of memory in use based on /proc/self/stat
Info: Configuration file is adk-step1.namd
Info: Working in the current directory /gpfs/alpine/bip115/scratch/hrlee/radical.pilot.sandbox/re.session.login2.hrlee.018634.0000/pilot.0000/unit.000820
TCL: Suspending until startup complete.
Info: SIMULATION PARAMETERS:
Info: TIMESTEP               1
Info: NUMBER OF STEPS        0
Info: STEPS PER CYCLE        20
Info: LOAD BALANCER  Centralized
Info: LOAD BALANCING STRATEGY  New Load Balancers -- DEFAULT
Info: LDB PERIOD             4000 steps
Info: FIRST LDB TIMESTEP     100
Info: LAST LDB TIMESTEP     -1
Info: LDB BACKGROUND SCALING 1
Info: HOM BACKGROUND SCALING 1
Info: MIN ATOMS PER PATCH    40
Info: VELOCITY FILE          6_11_adk-step1.restart.vel
Info: CENTER OF MASS MOVING INITIALLY? NO
Info: DIELECTRIC             80
Info: EXCLUDE                SCALED ONE-FOUR
Info: 1-4 ELECTROSTATICS SCALED BY 1
Info: MODIFIED 1-4 VDW PARAMETERS WILL BE USED
Info: DCD FILENAME           adk-step1.dcd
Info: DCD FREQUENCY          1000
Info: DCD FIRST STEP         1000
Info: NO EXTENDED SYSTEM TRAJECTORY OUTPUT
Info: NO VELOCITY DCD OUTPUT
Info: NO FORCE DCD OUTPUT
Info: OUTPUT FILENAME        adk-step1
Info: BINARY OUTPUT FILES WILL BE USED
Info: RESTART FILENAME       adk-step1.restart
Info: RESTART FREQUENCY      1000
Info: BINARY RESTART FILES WILL BE USED
Info: SWITCHING ACTIVE
Info: SWITCHING ON           9
Info: SWITCHING OFF          10
Info: PAIRLIST DISTANCE      11
Info: PAIRLIST SHRINK RATE   0.01
Info: PAIRLIST GROW RATE     0.01
Info: PAIRLIST TRIGGER       0.3
Info: PAIRLISTS PER CYCLE    2
Info: PAIRLISTS ENABLED
Info: MARGIN                 0
Info: HYDROGEN GROUP CUTOFF  2.5
Info: PATCH DIMENSION        13.5
Info: ENERGY OUTPUT STEPS    100
Info: CROSSTERM ENERGY INCLUDED IN DIHEDRAL
Info: TIMING OUTPUT STEPS    1000
Info: PRESSURE OUTPUT STEPS  100
Info: GRID FORCE ACTIVE
Info:  Please include this reference in published work using
Info:  the Gridforce module of NAMD: David Wells, Volha Abramkina,
Info:  and Aleksei Aksimentiev, J. Chem. Phys. 127:125101-10 (2007).
Info: MGRIDFORCE key 0
Info:            Potfile 4ake-target_autopsf-grid.dx
Info:            Scale 0.3 0.3 0.3
Info:            File 1ake-docked-noh_autopsf-grid.pdb
Info:            Col O
Info:            ChargeCol B
Info:            VOffset 0 0 0
Info:            Continuous K1 FALSE
Info:            Continuous K2 FALSE
Info:            Continuous K3 FALSE
Info:            Volts FALSE
Info:            Gridforce-Lite FALSE
Info:            Gridforce-CheckSize TRUE
Info: LANGEVIN DYNAMICS ACTIVE
Info: LANGEVIN TEMPERATURE   300
Info: LANGEVIN USING BBK INTEGRATOR
Info: LANGEVIN DAMPING COEFFICIENT IS 5 INVERSE PS
Info: LANGEVIN DYNAMICS NOT APPLIED TO HYDROGENS
Info: USING VERLET I (r-RESPA) MTS SCHEME.
Info: C1 SPLITTING OF LONG RANGE ELECTROSTATICS
Info: PLACING ATOMS IN PATCHES BY HYDROGEN GROUPS
Info: RIGID BONDS TO HYDROGEN : WATER
Info:         ERROR TOLERANCE : 1e-08
Info:          MAX ITERATIONS : 100
Info: RIGID WATER USING SETTLE ALGORITHM
Info: NONBONDED FORCES EVALUATED EVERY 2 STEPS
Info: RANDOM NUMBER SEED     1609984466
Info: USE HYDROGEN BONDS?    NO
Info: COORDINATE PDB         1ake-docked-noh_autopsf.pdb
Info: STRUCTURE FILE         1ake-docked-noh_autopsf.psf
Info: PARAMETER file: CHARMM format! 
Info: PARAMETERS             par_all36_prot.prm
Info: USING ARITHMETIC MEAN TO COMBINE L-J SIGMA PARAMETERS
Info: BINARY COORDINATES     6_11_adk-step1.restart.coor
Info: SUMMARY OF PARAMETERS:
Info: 132 BONDS
Info: 362 ANGLES
Info: 702 DIHEDRAL
Info: 35 IMPROPER
Info: 6 CROSSTERM
Info: 53 VDW
Info: 0 VDW_PAIRS
Info: 0 NBTHOLE_PAIRS
Info: TIME FOR READING PSF FILE: 0.368192
Info: READING EXTRA BONDS FILE 1ake-extrabonds.txt
Info: READING EXTRA BONDS FILE 1ake-extrabonds-cispeptide.txt
Info: READING EXTRA BONDS FILE 1ake-extrabonds-chirality.txt
Info: READ 80 EXTRA BONDS
Info: READ 80 EXTRA ANGLES
Warning: EXTRA ANGLES ARE COSINE-BASED BY DEFAULT TO MATCH PREVIOUS VERSIONS
Warning: FOR NORMAL HARMONIC EXTRA ANGLES SET extraBondsCosAngles off
Info: READ 493 EXTRA DIHEDRALS
Info: READ 438 EXTRA IMPROPERS
Info: Reading pdb file 1ake-docked-noh_autopsf.pdb
Info: TIME FOR READING PDB FILE: 0.106302
Info: 
Info: ****************************
Info: STRUCTURE SUMMARY:
Info: 3341 ATOMS
Info: 3445 BONDS
Info: 6203 ANGLES
Info: 9414 DIHEDRALS
Info: 1005 IMPROPERS
Info: 212 CROSSTERMS
Info: 0 EXCLUSIONS
Info: 0 RIGID BONDS
Info: 1 GRIDS ACTIVE
Info: 10023 DEGREES OF FREEDOM
Info: 1656 HYDROGEN GROUPS
Info: 4 ATOMS IN LARGEST HYDROGEN GROUP
Info: 1656 MIGRATION GROUPS
Info: 4 ATOMS IN LARGEST MIGRATION GROUP
Info: TOTAL MASS = 23582 amu
Info: TOTAL CHARGE = -4 e
Info: *****************************
Info: Reading from binary file 6_11_adk-step1.restart.coor
Info: 
Info: Entering startup at 2.28238 s, 799.625 MB of memory in use
Info: Startup phase 0 took 0.000183351 s, 799.75 MB of memory in use
Info: ADDED 18308 IMPLICIT EXCLUSIONS
Info: Startup phase 1 took 0.00920287 s, 799.875 MB of memory in use
Info: NONBONDED TABLE R-SQUARED SPACING: 0.0625
Info: NONBONDED TABLE SIZE: 705 POINTS
Info: ABSOLUTE IMPRECISION IN FAST TABLE ENERGY: 3.38813e-21 AT 9.89634
Info: RELATIVE IMPRECISION IN FAST TABLE ENERGY: 4.23384e-15 AT 9.94673
Info: ABSOLUTE IMPRECISION IN FAST TABLE FORCE: 6.35275e-22 AT 9.94673
Info: RELATIVE IMPRECISION IN FAST TABLE FORCE: 5.07982e-16 AT 9.94673
Info: INCONSISTENCY IN FAST TABLE ENERGY VS FORCE: 0.000290185 AT 0.251946
Info: ABSOLUTE IMPRECISION IN VDWA TABLE ENERGY: 1.57772e-30 AT 9.89634
Info: RELATIVE IMPRECISION IN VDWA TABLE ENERGY: 4.54938e-15 AT 9.94673
Info: ABSOLUTE IMPRECISION IN VDWA TABLE FORCE: 5.91646e-31 AT 9.94673
Info: RELATIVE IMPRECISION IN VDWA TABLE FORCE: 5.6823e-16 AT 9.94673
Info: INCONSISTENCY IN VDWA TABLE ENERGY VS FORCE: 0.0040507 AT 0.251946
Info: ABSOLUTE IMPRECISION IN VDWB TABLE ENERGY: 4.71751e-25 AT 9.94673
Info: RELATIVE IMPRECISION IN VDWB TABLE ENERGY: 1.45371e-14 AT 9.94673
Info: ABSOLUTE IMPRECISION IN VDWB TABLE FORCE: 6.20385e-25 AT 9.94673
Info: RELATIVE IMPRECISION IN VDWB TABLE FORCE: 5.97512e-16 AT 9.94673
Info: INCONSISTENCY IN VDWB TABLE ENERGY VS FORCE: 0.00377068 AT 9.07951
Info: Startup phase 2 took 0.00052869 s, 800.812 MB of memory in use
Info: Startup phase 3 took 0.000153999 s, 800.875 MB of memory in use
Info: Startup phase 4 took 0.000310151 s, 801 MB of memory in use
Info: Startup phase 5 took 0.000155399 s, 801 MB of memory in use
Info: ORIGINAL ATOMS MINMAX IS -20.7961 -33.011 -37.1635  16.9839 26.0321 16.4093
Info: ADJUSTED ATOMS MINMAX IS -15.5638 -28.0286 -33.0283  11.3523 15.6434 9.13777
Info: PATCH GRID IS 4 BY 4 BY 4
Info: PATCH GRID IS 2-AWAY BY 1-AWAY BY 1-AWAY
Info: Reading from binary file 6_11_adk-step1.restart.vel
Info: REMOVING COM VELOCITY -0.0847143 0.0391324 -0.085394
Info: LARGEST PATCH (27) HAS 171 ATOMS
Info: TORUS A SIZE 1 USING 0
Info: TORUS B SIZE 1 USING 0
Info: TORUS C SIZE 1 USING 0
Info: TORUS MINIMAL MESH SIZE IS 1 BY 1 BY 1
Info: Placed 100% of base nodes on same physical node as patch
Info: Startup phase 6 took 0.00826963 s, 801.125 MB of memory in use
Info: Startup phase 7 took 0.000159493 s, 802.438 MB of memory in use
Info: Updated CUDA force table with 4096 elements.
Info: Updated CUDA force table with 4096 elements.
Info: Updated CUDA LJ table with 53 x 53 elements.
Info: Updated CUDA LJ table with 53 x 53 elements.
Info: Updated CUDA force table with 4096 elements.
Info: Updated CUDA force table with 4096 elements.
Info: Updated CUDA LJ table with 53 x 53 elements.
Info: Updated CUDA LJ table with 53 x 53 elements.
Info: Updated CUDA force table with 4096 elements.
Info: Updated CUDA force table with 4096 elements.
Info: Updated CUDA LJ table with 53 x 53 elements.
Info: Updated CUDA LJ table with 53 x 53 elements.
Info: Startup phase 8 took 0.00333505 s, 802.625 MB of memory in use
Info: Startup phase 9 took 0.000397567 s, 802.75 MB of memory in use
Info: Startup phase 10 took 0.000154784 s, 803.062 MB of memory in use
Info: Startup phase 11 took 0.000707548 s, 803.062 MB of memory in use
LDB: Central LB being created...
Info: Startup phase 12 took 0.00222279 s, 803.625 MB of memory in use
Info: CREATING 1516 COMPUTE OBJECTS
Info: Found 278 unique exclusion lists needing 900 bytes
Info: Found 278 unique exclusion lists needing 900 bytes
Info: Found 278 unique exclusion lists needing 900 bytes
Info: Found 278 unique exclusion lists needing 900 bytes
Info: Found 278 unique exclusion lists needing 900 bytes
Info: Found 278 unique exclusion lists needing 900 bytes
Info: Startup phase 13 took 0.0156479 s, 804.75 MB of memory in use
Info: Building spanning tree ... send: 1 recv: 0 with branch factor 4
Info: useSync: 0 useProxySync: 0
Info: Startup phase 14 took 0.000220491 s, 804.938 MB of memory in use
Info: Startup phase 15 took 0.000288594 s, 805 MB of memory in use
Info: Finished startup at 2.32432 s, 805.25 MB of memory in use

TCL: Running for 5000 steps
PRESSURE: 0 0 0 0 0 0 0 0 0 0
GPRESSURE: 0 0 0 0 0 0 0 0 0 0
ETITLE:      TS           BOND          ANGLE          DIHED          IMPRP               ELECT            VDW       BOUNDARY           MISC        KINETIC               TOTAL           TEMP      POTENTIAL         TOTAL3        TEMPAVG

ENERGY:       0      1116.4393      1739.2413      2092.3700       143.2065            -43.5345      -794.1525         0.0000      2401.4205      3043.4660           9698.4566       305.6055      6654.9906      9723.2891       305.6055

LDB: ============= START OF LOAD BALANCING ============== 2.33937
LDB: ============== END OF LOAD BALANCING =============== 2.33941
Info: useSync: 0 useProxySync: 0
LDB: =============== DONE WITH MIGRATION ================ 2.3395
LDB: ============= START OF LOAD BALANCING ============== 2.39025
LDB: Partitioning computes with target load 0.000000
LDB: Increased migratable compute count from 0 to 0
LDB: Largest unpartitionable compute is 0.000000
LDB: ============== END OF LOAD BALANCING =============== 2.39054
Info: build node-aware spanning tree with send: 1, recv: 0 with branch factor 4
Info: useSync: 0 useProxySync: 0
LDB: =============== DONE WITH MIGRATION ================ 2.39133
PRESSURE: 100 0 0 0 0 0 0 0 0 0
GPRESSURE: 100 0 0 0 0 0 0 0 0 0
PRESSAVG: 100 0 0 0 0 0 0 0 0 0
GPRESSAVG: 100 0 0 0 0 0 0 0 0 0
Info: Initial time: 42 CPUs 0.000637995 s/step 0.0073842 days/ns 831.688 MB memory
ENERGY:     100      1041.1536      1749.9016      2111.5046       153.9859            -42.5797      -783.3656         0.0000      2409.2362      3063.5183           9703.3548       307.6190      6639.8366      9730.5966       303.8434

LDB: ============= START OF LOAD BALANCING ============== 2.40401
Info: useSync: 0 useProxySync: 0
LDB: ============== END OF LOAD BALANCING =============== 2.40404
LDB: =============== DONE WITH MIGRATION ================ 2.40413
LDB: ============= START OF LOAD BALANCING ============== 2.45482
LDB: TIME 2.45501 LOAD: AVG 0.0129676 MAX 0.0413994  PROXIES: TOTAL 222 MAXPE 10 MAXPATCH 7 None MEM: 833.312 MB
LDB: TIME 2.45516 LOAD: AVG 0.0129676 MAX 0.0413994  PROXIES: TOTAL 222 MAXPE 10 MAXPATCH 7 TorusLB MEM: 833.375 MB
LDB: ============== END OF LOAD BALANCING =============== 2.45537
Info: build node-aware spanning tree with send: 1, recv: 0 with branch factor 4
Info: useSync: 0 useProxySync: 0
LDB: =============== DONE WITH MIGRATION ================ 2.4561
PRESSURE: 200 0 0 0 0 0 0 0 0 0
GPRESSURE: 200 0 0 0 0 0 0 0 0 0
PRESSAVG: 200 0 0 0 0 0 0 0 0 0
GPRESSAVG: 200 0 0 0 0 0 0 0 0 0
Info: Initial time: 42 CPUs 0.000631908 s/step 0.00731375 days/ns 833.375 MB memory
ENERGY:     200      1100.5753      1700.6845      2137.3506       141.6883            -43.4491      -774.1501         0.0000      2413.1206      3091.8230           9767.6432       310.4612      6675.8202      9793.1672       306.2788

LDB: ============= START OF LOAD BALANCING ============== 2.51864
LDB: TIME 2.51884 LOAD: AVG 0.0161752 MAX 0.0515159  PROXIES: TOTAL 222 MAXPE 10 MAXPATCH 7 None MEM: 833.75 MB
LDB: TIME 2.51896 LOAD: AVG 0.0161752 MAX 0.0515159  PROXIES: TOTAL 222 MAXPE 10 MAXPATCH 7 RefineTorusLB MEM: 833.75 MB
LDB: TIME 2.51908 LOAD: AVG 0.0161752 MAX 0.0515159  PROXIES: TOTAL 222 MAXPE 10 MAXPATCH 7 RefineTorusLB MEM: 833.75 MB
LDB: ============== END OF LOAD BALANCING =============== 2.51931
Info: build node-aware spanning tree with send: 1, recv: 0 with branch factor 4
Info: useSync: 0 useProxySync: 0
LDB: =============== DONE WITH MIGRATION ================ 2.52004
PRESSURE: 300 0 0 0 0 0 0 0 0 0
GPRESSURE: 300 0 0 0 0 0 0 0 0 0
PRESSAVG: 300 0 0 0 0 0 0 0 0 0
GPRESSAVG: 300 0 0 0 0 0 0 0 0 0
Info: Initial time: 42 CPUs 0.000622831 s/step 0.00720869 days/ns 833.75 MB memory
ENERGY:     300      1090.7505      1722.2892      2110.8906       152.6742            -43.9167      -786.2827         0.0000      2417.9276      3076.1427           9740.4755       308.8866      6664.3328      9767.3196       306.7012

LDB: ============= START OF LOAD BALANCING ============== 2.58197
LDB: TIME 2.58219 LOAD: AVG 0.0161572 MAX 0.0509853  PROXIES: TOTAL 222 MAXPE 10 MAXPATCH 7 None MEM: 834.25 MB
LDB: TIME 2.58231 LOAD: AVG 0.0161572 MAX 0.0509853  PROXIES: TOTAL 222 MAXPE 10 MAXPATCH 7 RefineTorusLB MEM: 834.312 MB
LDB: TIME 2.58242 LOAD: AVG 0.0161572 MAX 0.0509853  PROXIES: TOTAL 222 MAXPE 10 MAXPATCH 7 RefineTorusLB MEM: 834.312 MB
LDB: ============== END OF LOAD BALANCING =============== 2.58264
Info: build node-aware spanning tree with send: 1, recv: 0 with branch factor 4
Info: useSync: 0 useProxySync: 0
LDB: =============== DONE WITH MIGRATION ================ 2.58338
PRESSURE: 400 0 0 0 0 0 0 0 0 0
GPRESSURE: 400 0 0 0 0 0 0 0 0 0
PRESSAVG: 400 0 0 0 0 0 0 0 0 0
GPRESSAVG: 400 0 0 0 0 0 0 0 0 0
Info: Benchmark time: 42 CPUs 0.000618727 s/step 0.0071612 days/ns 834.312 MB memory
ENERGY:     400      1115.5627      1722.7043      2130.0608       152.2139            -44.2127      -739.0605         0.0000      2405.5360      3014.1504           9756.9549       302.6618      6742.8045      9780.8922       307.4185

PRESSURE: 500 0 0 0 0 0 0 0 0 0
GPRESSURE: 500 0 0 0 0 0 0 0 0 0
PRESSAVG: 500 0 0 0 0 0 0 0 0 0
GPRESSAVG: 500 0 0 0 0 0 0 0 0 0
Info: Benchmark time: 42 CPUs 0.000623879 s/step 0.00722082 days/ns 834.875 MB memory
ENERGY:     500      1127.3878      1745.5675      2111.1104       165.2933            -44.5834      -791.2060         0.0000      2410.0444      3082.7748           9806.3888       309.5526      6723.6140      9831.4126       308.1039

PRESSURE: 600 0 0 0 0 0 0 0 0 0
GPRESSURE: 600 0 0 0 0 0 0 0 0 0
PRESSAVG: 600 0 0 0 0 0 0 0 0 0
GPRESSAVG: 600 0 0 0 0 0 0 0 0 0
Info: Benchmark time: 42 CPUs 0.000621349 s/step 0.00719154 days/ns 834.875 MB memory
ENERGY:     600      1112.4712      1741.2580      2116.0978       155.4856            -43.1241      -771.9834         0.0000      2412.3572      3090.5956           9813.1578       310.3379      6722.5622      9838.6203       309.8107

PRESSURE: 700 0 0 0 0 0 0 0 0 0
GPRESSURE: 700 0 0 0 0 0 0 0 0 0
PRESSAVG: 700 0 0 0 0 0 0 0 0 0
GPRESSAVG: 700 0 0 0 0 0 0 0 0 0
Info: Benchmark time: 42 CPUs 0.000621248 s/step 0.00719037 days/ns 834.875 MB memory
ENERGY:     700      1126.8390      1739.3175      2083.9173       165.8049            -42.4952      -777.4506         0.0000      2410.2718      3086.2165           9792.4213       309.8982      6706.2047      9816.9816       310.1331

PRESSURE: 800 0 0 0 0 0 0 0 0 0
GPRESSURE: 800 0 0 0 0 0 0 0 0 0
PRESSAVG: 800 0 0 0 0 0 0 0 0 0
GPRESSAVG: 800 0 0 0 0 0 0 0 0 0
Info: Benchmark time: 42 CPUs 0.00062446 s/step 0.00722755 days/ns 834.875 MB memory
ENERGY:     800      1098.5980      1788.4152      2108.2611       154.8051            -42.3238      -786.4180         0.0000      2417.1105      3010.8600           9749.3081       302.3314      6738.4481      9773.3374       308.7490

PRESSURE: 900 0 0 0 0 0 0 0 0 0
GPRESSURE: 900 0 0 0 0 0 0 0 0 0
PRESSAVG: 900 0 0 0 0 0 0 0 0 0
GPRESSAVG: 900 0 0 0 0 0 0 0 0 0
Info: Benchmark time: 42 CPUs 0.000613833 s/step 0.00710455 days/ns 834.875 MB memory
ENERGY:     900      1074.0204      1717.5128      2110.0786       160.4253            -42.7789      -786.0057         0.0000      2411.3071      3090.7684           9735.3281       310.3553      6644.5597      9761.6716       306.7241

PRESSURE: 1000 0 0 0 0 0 0 0 0 0
GPRESSURE: 1000 0 0 0 0 0 0 0 0 0
PRESSAVG: 1000 0 0 0 0 0 0 0 0 0
GPRESSAVG: 1000 0 0 0 0 0 0 0 0 0
TIMING: 1000  CPU: 0.648397, 0.000630043/step  Wall: 0.649653, 0.000630386/step, 0.000700429 hours remaining, 834.875000 MB of memory in use.
ETITLE:      TS           BOND          ANGLE          DIHED          IMPRP               ELECT            VDW       BOUNDARY           MISC        KINETIC               TOTAL           TEMP      POTENTIAL         TOTAL3        TEMPAVG

ENERGY:    1000      1082.3656      1701.6417      2078.8988       150.6704            -43.5726      -787.5746         0.0000      2413.9304      3076.1441           9672.5038       308.8868      6596.3598      9698.7838       303.9557

WRITING EXTENDED SYSTEM TO RESTART FILE AT STEP 1000
OPENING COORDINATE DCD FILE
WRITING COORDINATES TO DCD FILE adk-step1.dcd AT STEP 1000
WRITING COORDINATES TO RESTART FILE AT STEP 1000
FINISHED WRITING RESTART COORDINATES
The last position output (seq=1000) takes 0.004 seconds, 834.938 MB of memory in use
WRITING VELOCITIES TO RESTART FILE AT STEP 1000
FINISHED WRITING RESTART VELOCITIES
The last velocity output (seq=1000) takes 0.002 seconds, 835.000 MB of memory in use
PRESSURE: 1100 0 0 0 0 0 0 0 0 0
GPRESSURE: 1100 0 0 0 0 0 0 0 0 0
PRESSAVG: 1100 0 0 0 0 0 0 0 0 0
GPRESSAVG: 1100 0 0 0 0 0 0 0 0 0
ENERGY:    1100      1099.7693      1693.4600      2114.3966       142.6532            -42.0551      -803.6849         0.0000      2412.7592      3037.6291           9654.9273       305.0194      6617.2983      9681.9974       302.2595

PRESSURE: 1200 0 0 0 0 0 0 0 0 0
GPRESSURE: 1200 0 0 0 0 0 0 0 0 0
PRESSAVG: 1200 0 0 0 0 0 0 0 0 0
GPRESSAVG: 1200 0 0 0 0 0 0 0 0 0
ENERGY:    1200      1104.7541      1685.6339      2093.6410       148.5077            -43.2421      -795.6591         0.0000      2416.6268      3023.5681           9633.8303       303.6074      6610.2623      9660.4331       303.7407

PRESSURE: 1300 0 0 0 0 0 0 0 0 0
GPRESSURE: 1300 0 0 0 0 0 0 0 0 0
PRESSAVG: 1300 0 0 0 0 0 0 0 0 0
GPRESSAVG: 1300 0 0 0 0 0 0 0 0 0
ENERGY:    1300      1060.2300      1714.1789      2083.8724       152.8865            -42.6036      -783.6412         0.0000      2410.6184      3077.2224           9672.7637       308.9951      6595.5413      9698.6694       300.9866

PRESSURE: 1400 0 0 0 0 0 0 0 0 0
GPRESSURE: 1400 0 0 0 0 0 0 0 0 0
PRESSAVG: 1400 0 0 0 0 0 0 0 0 0
GPRESSAVG: 1400 0 0 0 0 0 0 0 0 0
ENERGY:    1400      1061.0054      1689.9879      2128.5883       153.8444            -42.1521      -763.0402         0.0000      2413.0690      3032.7914           9674.0940       304.5336      6641.3026      9699.9196       303.5289

PRESSURE: 1500 0 0 0 0 0 0 0 0 0
GPRESSURE: 1500 0 0 0 0 0 0 0 0 0
PRESSAVG: 1500 0 0 0 0 0 0 0 0 0
GPRESSAVG: 1500 0 0 0 0 0 0 0 0 0
ENERGY:    1500      1079.1745      1722.6111      2135.5046       158.8350            -42.3648      -810.1919         0.0000      2416.6641      2976.9217           9637.1543       298.9235      6660.2326      9661.2298       303.2869

PRESSURE: 1600 0 0 0 0 0 0 0 0 0
GPRESSURE: 1600 0 0 0 0 0 0 0 0 0
PRESSAVG: 1600 0 0 0 0 0 0 0 0 0
GPRESSAVG: 1600 0 0 0 0 0 0 0 0 0
ENERGY:    1600      1088.9623      1729.3683      2077.0875       152.2987            -42.3127      -768.4160         0.0000      2414.1043      2961.3450           9612.4374       297.3594      6651.0925      9634.1072       302.4176

PRESSURE: 1700 0 0 0 0 0 0 0 0 0
GPRESSURE: 1700 0 0 0 0 0 0 0 0 0
PRESSAVG: 1700 0 0 0 0 0 0 0 0 0
GPRESSAVG: 1700 0 0 0 0 0 0 0 0 0
ENERGY:    1700      1060.8477      1690.5547      2112.1197       163.4194            -42.6975      -791.6223         0.0000      2412.7908      3006.9134           9612.3260       301.9351      6605.4126      9634.1773       301.5350

PRESSURE: 1800 0 0 0 0 0 0 0 0 0
GPRESSURE: 1800 0 0 0 0 0 0 0 0 0
PRESSAVG: 1800 0 0 0 0 0 0 0 0 0
GPRESSAVG: 1800 0 0 0 0 0 0 0 0 0
ENERGY:    1800      1071.3791      1717.3957      2088.0028       159.1255            -42.4310      -761.8576         0.0000      2411.1053      2973.5181           9616.2379       298.5817      6642.7198      9635.6139       301.0273

PRESSURE: 1900 0 0 0 0 0 0 0 0 0
GPRESSURE: 1900 0 0 0 0 0 0 0 0 0
PRESSAVG: 1900 0 0 0 0 0 0 0 0 0
GPRESSAVG: 1900 0 0 0 0 0 0 0 0 0
ENERGY:    1900      1056.9203      1688.7546      2087.6944       146.3043            -43.1016      -773.4851         0.0000      2411.9749      3018.5715           9593.6333       303.1057      6575.0618      9620.6221       299.4785

PRESSURE: 2000 0 0 0 0 0 0 0 0 0
GPRESSURE: 2000 0 0 0 0 0 0 0 0 0
PRESSAVG: 2000 0 0 0 0 0 0 0 0 0
GPRESSAVG: 2000 0 0 0 0 0 0 0 0 0
TIMING: 2000  CPU: 1.28038, 0.000631979/step  Wall: 1.28941, 0.000639755/step, 0.000533129 hours remaining, 835.000000 MB of memory in use.
ETITLE:      TS           BOND          ANGLE          DIHED          IMPRP               ELECT            VDW       BOUNDARY           MISC        KINETIC               TOTAL           TEMP      POTENTIAL         TOTAL3        TEMPAVG

ENERGY:    2000      1083.6636      1672.1199      2102.3746       154.8159            -42.8815      -818.2288         0.0000      2418.0805      2993.8483           9563.7925       300.6232      6569.9442      9586.5098       300.6870

WRITING EXTENDED SYSTEM TO RESTART FILE AT STEP 2000
WRITING COORDINATES TO DCD FILE adk-step1.dcd AT STEP 2000
WRITING COORDINATES TO RESTART FILE AT STEP 2000
FINISHED WRITING RESTART COORDINATES
The last position output (seq=2000) takes 0.002 seconds, 835.000 MB of memory in use
WRITING VELOCITIES TO RESTART FILE AT STEP 2000
FINISHED WRITING RESTART VELOCITIES
The last velocity output (seq=2000) takes 0.002 seconds, 835.000 MB of memory in use
PRESSURE: 2100 0 0 0 0 0 0 0 0 0
GPRESSURE: 2100 0 0 0 0 0 0 0 0 0
PRESSAVG: 2100 0 0 0 0 0 0 0 0 0
GPRESSAVG: 2100 0 0 0 0 0 0 0 0 0
ENERGY:    2100      1081.2822      1673.3791      2078.9454       155.5876            -43.0820      -794.0981         0.0000      2408.8019      2970.2596           9531.0757       298.2545      6560.8161      9553.5684       298.2778

PRESSURE: 2200 0 0 0 0 0 0 0 0 0
GPRESSURE: 2200 0 0 0 0 0 0 0 0 0
PRESSAVG: 2200 0 0 0 0 0 0 0 0 0
GPRESSAVG: 2200 0 0 0 0 0 0 0 0 0
ENERGY:    2200      1049.7468      1723.0875      2095.4530       153.5958            -43.6590      -796.0022         0.0000      2405.6785      2984.8105           9572.7111       299.7157      6587.9005      9600.4726       298.7877

PRESSURE: 2300 0 0 0 0 0 0 0 0 0
GPRESSURE: 2300 0 0 0 0 0 0 0 0 0
PRESSAVG: 2300 0 0 0 0 0 0 0 0 0
GPRESSAVG: 2300 0 0 0 0 0 0 0 0 0
ENERGY:    2300      1078.4985      1665.8824      2090.4630       148.4651            -43.3678      -797.2970         0.0000      2407.3378      3010.1020           9560.0841       302.2553      6549.9821      9583.3289       298.7525

PRESSURE: 2400 0 0 0 0 0 0 0 0 0
GPRESSURE: 2400 0 0 0 0 0 0 0 0 0
PRESSAVG: 2400 0 0 0 0 0 0 0 0 0
GPRESSAVG: 2400 0 0 0 0 0 0 0 0 0
ENERGY:    2400      1088.0607      1761.9160      2103.1534       162.0132            -42.6415      -814.5295         0.0000      2413.4513      2900.2780           9571.7015       291.2274      6671.4235      9596.5464       299.0384

PRESSURE: 2500 0 0 0 0 0 0 0 0 0
GPRESSURE: 2500 0 0 0 0 0 0 0 0 0
PRESSAVG: 2500 0 0 0 0 0 0 0 0 0
GPRESSAVG: 2500 0 0 0 0 0 0 0 0 0
ENERGY:    2500      1075.9759      1711.3055      2060.0219       162.9182            -43.3822      -799.9275         0.0000      2406.9271      3007.5415           9581.3805       301.9982      6573.8390      9604.2737       298.8557

PRESSURE: 2600 0 0 0 0 0 0 0 0 0
GPRESSURE: 2600 0 0 0 0 0 0 0 0 0
PRESSAVG: 2600 0 0 0 0 0 0 0 0 0
GPRESSAVG: 2600 0 0 0 0 0 0 0 0 0
ENERGY:    2600      1078.8878      1734.5590      2102.4670       151.7548            -43.6611      -784.9578         0.0000      2408.6543      2899.4341           9547.1380       291.1427      6647.7039      9571.4331       299.2088

PRESSURE: 2700 0 0 0 0 0 0 0 0 0
GPRESSURE: 2700 0 0 0 0 0 0 0 0 0
PRESSAVG: 2700 0 0 0 0 0 0 0 0 0
GPRESSAVG: 2700 0 0 0 0 0 0 0 0 0
ENERGY:    2700      1109.2156      1710.6145      2074.1560       142.0274            -43.4854      -792.5377         0.0000      2414.4028      2961.4326           9575.8259       297.3682      6614.3933      9602.0938       297.4885

PRESSURE: 2800 0 0 0 0 0 0 0 0 0
GPRESSURE: 2800 0 0 0 0 0 0 0 0 0
PRESSAVG: 2800 0 0 0 0 0 0 0 0 0
GPRESSAVG: 2800 0 0 0 0 0 0 0 0 0
ENERGY:    2800      1063.6454      1613.7809      2071.2211       150.9119            -42.6696      -764.9604         0.0000      2405.0333      3050.1885           9547.1511       306.2805      6496.9625      9570.1899       299.8066

PRESSURE: 2900 0 0 0 0 0 0 0 0 0
GPRESSURE: 2900 0 0 0 0 0 0 0 0 0
PRESSAVG: 2900 0 0 0 0 0 0 0 0 0
GPRESSAVG: 2900 0 0 0 0 0 0 0 0 0
ENERGY:    2900      1074.1096      1653.9691      2099.5337       147.4223            -43.4025      -808.2291         0.0000      2408.2375      2975.9831           9507.6236       298.8293      6531.6406      9530.1851       296.4478

PRESSURE: 3000 0 0 0 0 0 0 0 0 0
GPRESSURE: 3000 0 0 0 0 0 0 0 0 0
PRESSAVG: 3000 0 0 0 0 0 0 0 0 0
GPRESSAVG: 3000 0 0 0 0 0 0 0 0 0
TIMING: 3000  CPU: 1.9201, 0.000639725/step  Wall: 1.93442, 0.000645016/step, 0.000358342 hours remaining, 835.000000 MB of memory in use.
ETITLE:      TS           BOND          ANGLE          DIHED          IMPRP               ELECT            VDW       BOUNDARY           MISC        KINETIC               TOTAL           TEMP      POTENTIAL         TOTAL3        TEMPAVG

ENERGY:    3000      1078.7321      1722.0191      2056.8204       134.7467            -43.6048      -785.3768         0.0000      2411.1262      2937.3465           9511.8093       294.9496      6574.4628      9532.1361       295.7200

WRITING EXTENDED SYSTEM TO RESTART FILE AT STEP 3000
WRITING VELOCITIES TO RESTART FILE AT STEP 3000
FINISHED WRITING RESTART VELOCITIES
The last velocity output (seq=3000) takes 0.002 seconds, 835.000 MB of memory in use
WRITING COORDINATES TO DCD FILE adk-step1.dcd AT STEP 3000
WRITING COORDINATES TO RESTART FILE AT STEP 3000
FINISHED WRITING RESTART COORDINATES
The last position output (seq=3000) takes 0.002 seconds, 835.000 MB of memory in use
PRESSURE: 3100 0 0 0 0 0 0 0 0 0
GPRESSURE: 3100 0 0 0 0 0 0 0 0 0
PRESSAVG: 3100 0 0 0 0 0 0 0 0 0
GPRESSAVG: 3100 0 0 0 0 0 0 0 0 0
ENERGY:    3100      1087.0766      1723.0736      2081.0069       167.2707            -42.9878      -812.9419         0.0000      2416.6723      2915.6214           9534.7919       292.7681      6619.1705      9556.9622       296.3293

PRESSURE: 3200 0 0 0 0 0 0 0 0 0
GPRESSURE: 3200 0 0 0 0 0 0 0 0 0
PRESSAVG: 3200 0 0 0 0 0 0 0 0 0
GPRESSAVG: 3200 0 0 0 0 0 0 0 0 0
ENERGY:    3200      1049.9681      1642.3415      2082.9022       152.0368            -43.0230      -807.3401         0.0000      2413.1891      2985.5035           9475.5781       299.7852      6490.0747      9502.5779       295.4572

PRESSURE: 3300 0 0 0 0 0 0 0 0 0
GPRESSURE: 3300 0 0 0 0 0 0 0 0 0
PRESSAVG: 3300 0 0 0 0 0 0 0 0 0
GPRESSAVG: 3300 0 0 0 0 0 0 0 0 0
ENERGY:    3300      1083.0458      1693.4561      2067.4673       147.6974            -42.6221      -774.0072         0.0000      2404.6554      2939.9654           9519.6581       295.2126      6579.6927      9541.4420       297.0077

PRESSURE: 3400 0 0 0 0 0 0 0 0 0
GPRESSURE: 3400 0 0 0 0 0 0 0 0 0
PRESSAVG: 3400 0 0 0 0 0 0 0 0 0
GPRESSAVG: 3400 0 0 0 0 0 0 0 0 0
ENERGY:    3400      1120.6165      1705.9295      2084.7213       148.4135            -42.1049      -803.9355         0.0000      2405.3802      2952.4223           9571.4429       296.4634      6619.0206      9592.0408       298.0641

PRESSURE: 3500 0 0 0 0 0 0 0 0 0
GPRESSURE: 3500 0 0 0 0 0 0 0 0 0
PRESSAVG: 3500 0 0 0 0 0 0 0 0 0
GPRESSAVG: 3500 0 0 0 0 0 0 0 0 0
ENERGY:    3500      1098.6752      1685.7962      2112.4447       149.5314            -43.0108      -791.9845         0.0000      2409.7769      2909.6526           9530.8816       292.1688      6621.2291      9557.4876       299.2812

PRESSURE: 3600 0 0 0 0 0 0 0 0 0
GPRESSURE: 3600 0 0 0 0 0 0 0 0 0
PRESSAVG: 3600 0 0 0 0 0 0 0 0 0
GPRESSAVG: 3600 0 0 0 0 0 0 0 0 0
ENERGY:    3600      1069.7910      1738.8515      2071.5419       152.4455            -42.7154      -815.8054         0.0000      2414.0640      2935.0746           9523.2478       294.7215      6588.1732      9550.1853       296.5826

PRESSURE: 3700 0 0 0 0 0 0 0 0 0
GPRESSURE: 3700 0 0 0 0 0 0 0 0 0
PRESSAVG: 3700 0 0 0 0 0 0 0 0 0
GPRESSAVG: 3700 0 0 0 0 0 0 0 0 0
ENERGY:    3700      1070.9725      1708.4200      2061.1157       151.0312            -42.4637      -796.4683         0.0000      2414.0389      2925.2002           9491.8466       293.7300      6566.6463      9517.6618       295.5879

PRESSURE: 3800 0 0 0 0 0 0 0 0 0
GPRESSURE: 3800 0 0 0 0 0 0 0 0 0
PRESSAVG: 3800 0 0 0 0 0 0 0 0 0
GPRESSAVG: 3800 0 0 0 0 0 0 0 0 0
ENERGY:    3800      1144.0521      1657.3635      2113.1724       142.3873            -41.9518      -812.5901         0.0000      2417.6392      2938.4367           9558.5094       295.0591      6620.0726      9578.5564       296.7157

PRESSURE: 3900 0 0 0 0 0 0 0 0 0
GPRESSURE: 3900 0 0 0 0 0 0 0 0 0
PRESSAVG: 3900 0 0 0 0 0 0 0 0 0
GPRESSAVG: 3900 0 0 0 0 0 0 0 0 0
ENERGY:    3900      1034.6508      1727.1756      2102.7850       140.5776            -42.5890      -791.6961         0.0000      2414.2262      2965.3080           9550.4382       297.7573      6585.1302      9574.1897       297.6895

PRESSURE: 4000 0 0 0 0 0 0 0 0 0
GPRESSURE: 4000 0 0 0 0 0 0 0 0 0
PRESSAVG: 4000 0 0 0 0 0 0 0 0 0
GPRESSAVG: 4000 0 0 0 0 0 0 0 0 0
TIMING: 4000  CPU: 2.55099, 0.00063089/step  Wall: 2.57095, 0.000636526/step, 0.000176813 hours remaining, 835.000000 MB of memory in use.
ETITLE:      TS           BOND          ANGLE          DIHED          IMPRP               ELECT            VDW       BOUNDARY           MISC        KINETIC               TOTAL           TEMP      POTENTIAL         TOTAL3        TEMPAVG

ENERGY:    4000      1072.5446      1716.0589      2072.3202       159.2825            -43.1874      -796.0998         0.0000      2408.3382      2934.5369           9523.7942       294.6675      6589.2573      9543.2083       297.4639

WRITING EXTENDED SYSTEM TO RESTART FILE AT STEP 4000
WRITING COORDINATES TO DCD FILE adk-step1.dcd AT STEP 4000
WRITING COORDINATES TO RESTART FILE AT STEP 4000
FINISHED WRITING RESTART COORDINATES
The last position output (seq=4000) takes 0.002 seconds, 835.000 MB of memory in use
WRITING VELOCITIES TO RESTART FILE AT STEP 4000
FINISHED WRITING RESTART VELOCITIES
The last velocity output (seq=4000) takes 0.002 seconds, 835.000 MB of memory in use
PRESSURE: 4100 0 0 0 0 0 0 0 0 0
GPRESSURE: 4100 0 0 0 0 0 0 0 0 0
PRESSAVG: 4100 0 0 0 0 0 0 0 0 0
GPRESSAVG: 4100 0 0 0 0 0 0 0 0 0
ENERGY:    4100      1067.4679      1745.2392      2086.3181       150.0826            -43.5092      -811.5586         0.0000      2403.0414      2989.7480           9586.8294       300.2114      6597.0814      9609.5263       297.3665

PRESSURE: 4200 0 0 0 0 0 0 0 0 0
GPRESSURE: 4200 0 0 0 0 0 0 0 0 0
PRESSAVG: 4200 0 0 0 0 0 0 0 0 0
GPRESSAVG: 4200 0 0 0 0 0 0 0 0 0
ENERGY:    4200      1053.2929      1679.5211      2103.1751       156.3548            -43.4558      -776.2721         0.0000      2403.9203      2969.8741           9546.4105       298.2158      6576.5364      9572.2467       301.0713

LDB: ============= START OF LOAD BALANCING ============== 5.07384
LDB: ============== END OF LOAD BALANCING =============== 5.0739
Info: useSync: 0 useProxySync: 0
LDB: =============== DONE WITH MIGRATION ================ 5.074
PRESSURE: 4300 0 0 0 0 0 0 0 0 0
GPRESSURE: 4300 0 0 0 0 0 0 0 0 0
PRESSAVG: 4300 0 0 0 0 0 0 0 0 0
GPRESSAVG: 4300 0 0 0 0 0 0 0 0 0
ENERGY:    4300      1075.3710      1676.7799      2090.0477       151.7142            -43.0362      -803.9990         0.0000      2406.5145      2988.8800           9542.2721       300.1243      6553.3921      9564.0449       298.5067

LDB: ============= START OF LOAD BALANCING ============== 5.13689
LDB: TIME 5.13712 LOAD: AVG 0.0161689 MAX 0.0518839  PROXIES: TOTAL 222 MAXPE 10 MAXPATCH 7 None MEM: 835 MB
LDB: TIME 5.13726 LOAD: AVG 0.0161689 MAX 0.0518839  PROXIES: TOTAL 222 MAXPE 10 MAXPATCH 7 RefineTorusLB MEM: 835.062 MB
LDB: TIME 5.13739 LOAD: AVG 0.0161689 MAX 0.0518839  PROXIES: TOTAL 222 MAXPE 10 MAXPATCH 7 RefineTorusLB MEM: 835.062 MB
LDB: ============== END OF LOAD BALANCING =============== 5.13761
Info: build node-aware spanning tree with send: 1, recv: 0 with branch factor 4
Info: useSync: 0 useProxySync: 0
LDB: =============== DONE WITH MIGRATION ================ 5.13835
PRESSURE: 4400 0 0 0 0 0 0 0 0 0
GPRESSURE: 4400 0 0 0 0 0 0 0 0 0
PRESSAVG: 4400 0 0 0 0 0 0 0 0 0
GPRESSAVG: 4400 0 0 0 0 0 0 0 0 0
ENERGY:    4400      1052.2962      1704.5735      2111.7505       146.3695            -42.3382      -786.0064         0.0000      2407.7948      2980.1026           9574.5424       299.2429      6594.4399      9598.3611       299.4398

PRESSURE: 4500 0 0 0 0 0 0 0 0 0
GPRESSURE: 4500 0 0 0 0 0 0 0 0 0
PRESSAVG: 4500 0 0 0 0 0 0 0 0 0
GPRESSAVG: 4500 0 0 0 0 0 0 0 0 0
ENERGY:    4500      1062.6843      1697.1017      2084.9056       149.2443            -41.9310      -790.0203         0.0000      2410.5116      2971.9076           9544.4040       298.4200      6572.4964      9568.2906       298.8209

PRESSURE: 4600 0 0 0 0 0 0 0 0 0
GPRESSURE: 4600 0 0 0 0 0 0 0 0 0
PRESSAVG: 4600 0 0 0 0 0 0 0 0 0
GPRESSAVG: 4600 0 0 0 0 0 0 0 0 0
ENERGY:    4600      1116.7491      1661.5594      2109.4653       145.8767            -41.8100      -796.8468         0.0000      2409.3958      2971.6465           9576.0360       298.3938      6604.3895      9598.6869       298.7034

PRESSURE: 4700 0 0 0 0 0 0 0 0 0
GPRESSURE: 4700 0 0 0 0 0 0 0 0 0
PRESSAVG: 4700 0 0 0 0 0 0 0 0 0
GPRESSAVG: 4700 0 0 0 0 0 0 0 0 0
ENERGY:    4700      1082.2476      1667.0277      2098.0969       159.2588            -42.3458      -801.4271         0.0000      2405.2658      2971.5563           9539.6801       298.3847      6568.1238      9561.6117       298.6037

PRESSURE: 4800 0 0 0 0 0 0 0 0 0
GPRESSURE: 4800 0 0 0 0 0 0 0 0 0
PRESSAVG: 4800 0 0 0 0 0 0 0 0 0
GPRESSAVG: 4800 0 0 0 0 0 0 0 0 0
ENERGY:    4800      1094.3482      1683.2350      2099.2450       158.6419            -42.2933      -797.1040         0.0000      2399.1462      2969.4387           9564.6577       298.1721      6595.2190      9589.8980       298.4633

PRESSURE: 4900 0 0 0 0 0 0 0 0 0
GPRESSURE: 4900 0 0 0 0 0 0 0 0 0
PRESSAVG: 4900 0 0 0 0 0 0 0 0 0
GPRESSAVG: 4900 0 0 0 0 0 0 0 0 0
ENERGY:    4900      1097.3793      1689.9104      2093.8976       159.5148            -43.2143      -764.8938         0.0000      2395.1080      3015.1266           9642.8287       302.7598      6627.7021      9667.5301       300.8254

PRESSURE: 5000 0 0 0 0 0 0 0 0 0
GPRESSURE: 5000 0 0 0 0 0 0 0 0 0
PRESSAVG: 5000 0 0 0 0 0 0 0 0 0
GPRESSAVG: 5000 0 0 0 0 0 0 0 0 0
TIMING: 5000  CPU: 3.1868, 0.000635813/step  Wall: 3.21121, 0.000640256/step, 0 hours remaining, 835.062500 MB of memory in use.
ETITLE:      TS           BOND          ANGLE          DIHED          IMPRP               ELECT            VDW       BOUNDARY           MISC        KINETIC               TOTAL           TEMP      POTENTIAL         TOTAL3        TEMPAVG

ENERGY:    5000      1076.1942      1767.7514      2092.2793       150.9636            -43.1628      -784.6307         0.0000      2397.7310      2981.9726           9639.0986       299.4307      6657.1261      9664.0019       302.2571

WRITING EXTENDED SYSTEM TO RESTART FILE AT STEP 5000
WRITING COORDINATES TO DCD FILE adk-step1.dcd AT STEP 5000
WRITING COORDINATES TO RESTART FILE AT STEP 5000
FINISHED WRITING RESTART COORDINATES
The last position output (seq=5000) takes 0.002 seconds, 835.500 MB of memory in use
WRITING VELOCITIES TO RESTART FILE AT STEP 5000
FINISHED WRITING RESTART VELOCITIES
The last velocity output (seq=5000) takes 0.002 seconds, 835.500 MB of memory in use
WRITING EXTENDED SYSTEM TO OUTPUT FILE AT STEP 5000
WRITING COORDINATES TO OUTPUT FILE AT STEP 5000
CLOSING COORDINATE DCD FILE adk-step1.dcd
The last position output (seq=-2) takes 0.004 seconds, 835.500 MB of memory in use
WRITING VELOCITIES TO OUTPUT FILE AT STEP 5000
====================================================

WallClock: 5.888981  CPUTime: 4.054949  Memory: 835.562500 MB
End of program
