4_2_cc.dat
/gpfs/alpine/bip115/scratch/hrlee/radical.pilot.sandbox/re.session.login2.hrlee.018634.0000/pilot.0000/staging_area/4_2_cc.dat
4, 2
Choosing optimized barrier algorithm name I0:HybridBinomial:SHMEM:P2P
Converse/Charm++ Commit ID: v6.10.2-0-g7bf00fa-namd-charm-6.10.2-build-2020-Aug-05-556
Warning> Randomization of virtual memory (ASLR) is turned on in the kernel, thread migration may not work! Run 'echo 0 > /proc/sys/kernel/randomize_va_space' as root to disable it, or try running with '+isomalloc_sync'.
CharmLB> Load balancer assumes all CPUs are same.
Charm++> Running on 1 hosts (1 sockets x 7 cores x 4 PUs = 28-way SMP)
Charm++> cpu topology info is gathered in 0.002 seconds.
Info: Built with CUDA version 10010
Did not find +devices i,j,k,... argument, using all
Pe 17 physical rank 17 will use CUDA device of pe 14
Pe 11 physical rank 11 will use CUDA device of pe 7
Pe 30 physical rank 30 will use CUDA device of pe 28
Pe 37 physical rank 37 will use CUDA device of pe 35
Pe 26 physical rank 26 will use CUDA device of pe 21
Pe 20 physical rank 20 will use CUDA device of pe 14
Pe 9 physical rank 9 will use CUDA device of pe 7
Pe 1 physical rank 1 will use CUDA device of pe 4
Pe 32 physical rank 32 will use CUDA device of pe 28
Pe 40 physical rank 40 will use CUDA device of pe 35
Pe 23 physical rank 23 will use CUDA device of pe 21
Pe 16 physical rank 16 will use CUDA device of pe 14
Pe 10 physical rank 10 will use CUDA device of pe 7
Pe 5 physical rank 5 will use CUDA device of pe 4
Pe 31 physical rank 31 will use CUDA device of pe 28
Pe 39 physical rank 39 will use CUDA device of pe 35
Pe 27 physical rank 27 will use CUDA device of pe 21
Pe 19 physical rank 19 will use CUDA device of pe 14
Pe 13 physical rank 13 will use CUDA device of pe 7
Pe 6 physical rank 6 will use CUDA device of pe 4
Pe 33 physical rank 33 will use CUDA device of pe 28
Pe 41 physical rank 41 will use CUDA device of pe 35
Pe 25 physical rank 25 will use CUDA device of pe 21
Pe 15 physical rank 15 will use CUDA device of pe 14
Pe 12 physical rank 12 will use CUDA device of pe 7
Pe 3 physical rank 3 will use CUDA device of pe 4
Pe 34 physical rank 34 will use CUDA device of pe 28
Pe 38 physical rank 38 will use CUDA device of pe 35
Pe 24 physical rank 24 will use CUDA device of pe 21
Pe 18 physical rank 18 will use CUDA device of pe 14
Pe 8 physical rank 8 will use CUDA device of pe 7
Pe 2 physical rank 2 will use CUDA device of pe 4
Pe 29 physical rank 29 will use CUDA device of pe 28
Pe 36 physical rank 36 will use CUDA device of pe 35
Pe 22 physical rank 22 will use CUDA device of pe 21
Pe 0 physical rank 0 will use CUDA device of pe 4
Pe 14 physical rank 14 binding to CUDA device 0 on h14n12: 'Tesla V100-SXM2-16GB'  Mem: 16128MB  Rev: 7.0  PCI: 4:6:0
Pe 7 physical rank 7 binding to CUDA device 0 on h14n12: 'Tesla V100-SXM2-16GB'  Mem: 16128MB  Rev: 7.0  PCI: 4:5:0
Pe 4 physical rank 4 binding to CUDA device 0 on h14n12: 'Tesla V100-SXM2-16GB'  Mem: 16128MB  Rev: 7.0  PCI: 4:4:0
Pe 28 physical rank 28 binding to CUDA device 0 on h14n12: 'Tesla V100-SXM2-16GB'  Mem: 16128MB  Rev: 7.0  PCI: 35:4:0
Pe 35 physical rank 35 binding to CUDA device 0 on h14n12: 'Tesla V100-SXM2-16GB'  Mem: 16128MB  Rev: 7.0  PCI: 35:5:0
Pe 21 physical rank 21 binding to CUDA device 0 on h14n12: 'Tesla V100-SXM2-16GB'  Mem: 16128MB  Rev: 7.0  PCI: 35:3:0
Info: NAMD 2.14 for Linux-POWER-pami-smp-Summit-CUDA
Info: 
Info: Please visit http://www.ks.uiuc.edu/Research/namd/
Info: for updates, documentation, and support information.
Info: 
Info: Please cite Phillips et al., J. Chem. Phys. 153:044130 (2020) doi:10.1063/5.0014475
Info: in all publications reporting results obtained with NAMD.
Info: 
Info: Based on Charm++/Converse 61002 for pami-linux-ppc64le-smp
Info: Built Wed Aug 5 14:28:51 EDT 2020 by jimp on login2
Info: 1 NAMD  2.14  Linux-POWER-pami-smp-Summit-CUDA  42    h14n12  hrlee
Info: Running on 42 processors, 6 nodes, 1 physical nodes.
Info: CPU topology information available.
Info: Charm++/Converse parallel runtime startup completed at 1.34512 s
CkLoopLib is used in SMP with simple dynamic scheduling (converse-level notification)
Info: 791.688 MB of memory in use based on /proc/self/stat
Info: Configuration file is adk-step1.namd
Info: Working in the current directory /gpfs/alpine/bip115/scratch/hrlee/radical.pilot.sandbox/re.session.login2.hrlee.018634.0000/pilot.0000/unit.000239
TCL: Suspending until startup complete.
Info: SIMULATION PARAMETERS:
Info: TIMESTEP               1
Info: NUMBER OF STEPS        0
Info: STEPS PER CYCLE        20
Info: LOAD BALANCER  Centralized
Info: LOAD BALANCING STRATEGY  New Load Balancers -- DEFAULT
Info: LDB PERIOD             4000 steps
Info: FIRST LDB TIMESTEP     100
Info: LAST LDB TIMESTEP     -1
Info: LDB BACKGROUND SCALING 1
Info: HOM BACKGROUND SCALING 1
Info: MIN ATOMS PER PATCH    40
Info: VELOCITY FILE          4_2_adk-step1.restart.vel
Info: CENTER OF MASS MOVING INITIALLY? NO
Info: DIELECTRIC             80
Info: EXCLUDE                SCALED ONE-FOUR
Info: 1-4 ELECTROSTATICS SCALED BY 1
Info: MODIFIED 1-4 VDW PARAMETERS WILL BE USED
Info: DCD FILENAME           adk-step1.dcd
Info: DCD FREQUENCY          1000
Info: DCD FIRST STEP         1000
Info: NO EXTENDED SYSTEM TRAJECTORY OUTPUT
Info: NO VELOCITY DCD OUTPUT
Info: NO FORCE DCD OUTPUT
Info: OUTPUT FILENAME        adk-step1
Info: BINARY OUTPUT FILES WILL BE USED
Info: RESTART FILENAME       adk-step1.restart
Info: RESTART FREQUENCY      1000
Info: BINARY RESTART FILES WILL BE USED
Info: SWITCHING ACTIVE
Info: SWITCHING ON           9
Info: SWITCHING OFF          10
Info: PAIRLIST DISTANCE      11
Info: PAIRLIST SHRINK RATE   0.01
Info: PAIRLIST GROW RATE     0.01
Info: PAIRLIST TRIGGER       0.3
Info: PAIRLISTS PER CYCLE    2
Info: PAIRLISTS ENABLED
Info: MARGIN                 0
Info: HYDROGEN GROUP CUTOFF  2.5
Info: PATCH DIMENSION        13.5
Info: ENERGY OUTPUT STEPS    100
Info: CROSSTERM ENERGY INCLUDED IN DIHEDRAL
Info: TIMING OUTPUT STEPS    1000
Info: PRESSURE OUTPUT STEPS  100
Info: GRID FORCE ACTIVE
Info:  Please include this reference in published work using
Info:  the Gridforce module of NAMD: David Wells, Volha Abramkina,
Info:  and Aleksei Aksimentiev, J. Chem. Phys. 127:125101-10 (2007).
Info: MGRIDFORCE key 0
Info:            Potfile 4ake-target_autopsf-grid.dx
Info:            Scale 0.3 0.3 0.3
Info:            File 1ake-docked-noh_autopsf-grid.pdb
Info:            Col O
Info:            ChargeCol B
Info:            VOffset 0 0 0
Info:            Continuous K1 FALSE
Info:            Continuous K2 FALSE
Info:            Continuous K3 FALSE
Info:            Volts FALSE
Info:            Gridforce-Lite FALSE
Info:            Gridforce-CheckSize TRUE
Info: LANGEVIN DYNAMICS ACTIVE
Info: LANGEVIN TEMPERATURE   300
Info: LANGEVIN USING BBK INTEGRATOR
Info: LANGEVIN DAMPING COEFFICIENT IS 5 INVERSE PS
Info: LANGEVIN DYNAMICS NOT APPLIED TO HYDROGENS
Info: USING VERLET I (r-RESPA) MTS SCHEME.
Info: C1 SPLITTING OF LONG RANGE ELECTROSTATICS
Info: PLACING ATOMS IN PATCHES BY HYDROGEN GROUPS
Info: RIGID BONDS TO HYDROGEN : WATER
Info:         ERROR TOLERANCE : 1e-08
Info:          MAX ITERATIONS : 100
Info: RIGID WATER USING SETTLE ALGORITHM
Info: NONBONDED FORCES EVALUATED EVERY 2 STEPS
Info: RANDOM NUMBER SEED     1609983860
Info: USE HYDROGEN BONDS?    NO
Info: COORDINATE PDB         1ake-docked-noh_autopsf.pdb
Info: STRUCTURE FILE         1ake-docked-noh_autopsf.psf
Info: PARAMETER file: CHARMM format! 
Info: PARAMETERS             par_all36_prot.prm
Info: USING ARITHMETIC MEAN TO COMBINE L-J SIGMA PARAMETERS
Info: BINARY COORDINATES     4_2_adk-step1.restart.coor
Info: SUMMARY OF PARAMETERS:
Info: 132 BONDS
Info: 362 ANGLES
Info: 702 DIHEDRAL
Info: 35 IMPROPER
Info: 6 CROSSTERM
Info: 53 VDW
Info: 0 VDW_PAIRS
Info: 0 NBTHOLE_PAIRS
Info: TIME FOR READING PSF FILE: 0.295429
Info: READING EXTRA BONDS FILE 1ake-extrabonds.txt
Info: READING EXTRA BONDS FILE 1ake-extrabonds-cispeptide.txt
Info: READING EXTRA BONDS FILE 1ake-extrabonds-chirality.txt
Info: READ 80 EXTRA BONDS
Info: READ 80 EXTRA ANGLES
Warning: EXTRA ANGLES ARE COSINE-BASED BY DEFAULT TO MATCH PREVIOUS VERSIONS
Warning: FOR NORMAL HARMONIC EXTRA ANGLES SET extraBondsCosAngles off
Info: READ 493 EXTRA DIHEDRALS
Info: READ 438 EXTRA IMPROPERS
Info: Reading pdb file 1ake-docked-noh_autopsf.pdb
Info: TIME FOR READING PDB FILE: 0.0121009
Info: 
Info: ****************************
Info: STRUCTURE SUMMARY:
Info: 3341 ATOMS
Info: 3445 BONDS
Info: 6203 ANGLES
Info: 9414 DIHEDRALS
Info: 1005 IMPROPERS
Info: 212 CROSSTERMS
Info: 0 EXCLUSIONS
Info: 0 RIGID BONDS
Info: 1 GRIDS ACTIVE
Info: 10023 DEGREES OF FREEDOM
Info: 1656 HYDROGEN GROUPS
Info: 4 ATOMS IN LARGEST HYDROGEN GROUP
Info: 1656 MIGRATION GROUPS
Info: 4 ATOMS IN LARGEST MIGRATION GROUP
Info: TOTAL MASS = 23582 amu
Info: TOTAL CHARGE = -4 e
Info: *****************************
Info: Reading from binary file 4_2_adk-step1.restart.coor
Info: 
Info: Entering startup at 2.09862 s, 799.625 MB of memory in use
Info: Startup phase 0 took 0.00020334 s, 799.75 MB of memory in use
Info: ADDED 18308 IMPLICIT EXCLUSIONS
Info: Startup phase 1 took 0.00838838 s, 799.875 MB of memory in use
Info: NONBONDED TABLE R-SQUARED SPACING: 0.0625
Info: NONBONDED TABLE SIZE: 705 POINTS
Info: ABSOLUTE IMPRECISION IN FAST TABLE ENERGY: 3.38813e-21 AT 9.89634
Info: RELATIVE IMPRECISION IN FAST TABLE ENERGY: 4.23384e-15 AT 9.94673
Info: ABSOLUTE IMPRECISION IN FAST TABLE FORCE: 6.35275e-22 AT 9.94673
Info: RELATIVE IMPRECISION IN FAST TABLE FORCE: 5.07982e-16 AT 9.94673
Info: INCONSISTENCY IN FAST TABLE ENERGY VS FORCE: 0.000290185 AT 0.251946
Info: ABSOLUTE IMPRECISION IN VDWA TABLE ENERGY: 1.57772e-30 AT 9.89634
Info: RELATIVE IMPRECISION IN VDWA TABLE ENERGY: 4.54938e-15 AT 9.94673
Info: ABSOLUTE IMPRECISION IN VDWA TABLE FORCE: 5.91646e-31 AT 9.94673
Info: RELATIVE IMPRECISION IN VDWA TABLE FORCE: 5.6823e-16 AT 9.94673
Info: INCONSISTENCY IN VDWA TABLE ENERGY VS FORCE: 0.0040507 AT 0.251946
Info: ABSOLUTE IMPRECISION IN VDWB TABLE ENERGY: 4.71751e-25 AT 9.94673
Info: RELATIVE IMPRECISION IN VDWB TABLE ENERGY: 1.45371e-14 AT 9.94673
Info: ABSOLUTE IMPRECISION IN VDWB TABLE FORCE: 6.20385e-25 AT 9.94673
Info: RELATIVE IMPRECISION IN VDWB TABLE FORCE: 5.97512e-16 AT 9.94673
Info: INCONSISTENCY IN VDWB TABLE ENERGY VS FORCE: 0.00377068 AT 9.07951
Info: Startup phase 2 took 0.000654832 s, 800.875 MB of memory in use
Info: Startup phase 3 took 0.000191463 s, 800.938 MB of memory in use
Info: Startup phase 4 took 0.00031732 s, 801.062 MB of memory in use
Info: Startup phase 5 took 0.000180065 s, 801.062 MB of memory in use
Info: ORIGINAL ATOMS MINMAX IS -20.8172 -33.323 -35.1902  16.8572 17.892 16.3816
Info: ADJUSTED ATOMS MINMAX IS -16.6697 -27.5113 -31.3881  11.4558 11.2854 8.00453
Info: PATCH GRID IS 5 BY 3 BY 3
Info: PATCH GRID IS 2-AWAY BY 1-AWAY BY 1-AWAY
Info: Reading from binary file 4_2_adk-step1.restart.vel
Info: REMOVING COM VELOCITY 0.0791409 -0.130955 0.0173209
Info: LARGEST PATCH (12) HAS 167 ATOMS
Info: TORUS A SIZE 1 USING 0
Info: TORUS B SIZE 1 USING 0
Info: TORUS C SIZE 1 USING 0
Info: TORUS MINIMAL MESH SIZE IS 1 BY 1 BY 1
Info: Placed 100% of base nodes on same physical node as patch
Info: Startup phase 6 took 0.00789502 s, 801.125 MB of memory in use
Info: Startup phase 7 took 0.000181042 s, 802.062 MB of memory in use
Info: Updated CUDA force table with 4096 elements.
Info: Updated CUDA force table with 4096 elements.
Info: Updated CUDA LJ table with 53 x 53 elements.
Info: Updated CUDA LJ table with 53 x 53 elements.
Info: Updated CUDA force table with 4096 elements.
Info: Updated CUDA LJ table with 53 x 53 elements.
Info: Updated CUDA force table with 4096 elements.
Info: Updated CUDA LJ table with 53 x 53 elements.
Info: Updated CUDA force table with 4096 elements.
Info: Updated CUDA LJ table with 53 x 53 elements.
Info: Updated CUDA force table with 4096 elements.
Info: Updated CUDA LJ table with 53 x 53 elements.
Info: Startup phase 8 took 0.00302212 s, 802.25 MB of memory in use
Info: Startup phase 9 took 0.000341737 s, 802.375 MB of memory in use
Info: Startup phase 10 took 0.000197202 s, 802.562 MB of memory in use
Info: Startup phase 11 took 0.000928275 s, 802.75 MB of memory in use
LDB: Central LB being created...
Info: Startup phase 12 took 0.00204006 s, 803.812 MB of memory in use
Info: CREATING 1139 COMPUTE OBJECTS
Info: Found 278 unique exclusion lists needing 900 bytes
Info: Found 278 unique exclusion lists needing 900 bytes
Info: Found 278 unique exclusion lists needing 900 bytes
Info: Found 278 unique exclusion lists needing 900 bytes
Info: Found 278 unique exclusion lists needing 900 bytes
Info: Found 278 unique exclusion lists needing 900 bytes
Info: Startup phase 13 took 0.0167279 s, 804.75 MB of memory in use
Info: Building spanning tree ... send: 1 recv: 0 with branch factor 4
Info: useSync: 0 useProxySync: 0
Info: Startup phase 14 took 0.000209887 s, 804.875 MB of memory in use
Info: Startup phase 15 took 0.000283529 s, 804.938 MB of memory in use
Info: Finished startup at 2.14038 s, 805.125 MB of memory in use

TCL: Running for 5000 steps
PRESSURE: 0 0 0 0 0 0 0 0 0 0
GPRESSURE: 0 0 0 0 0 0 0 0 0 0
ETITLE:      TS           BOND          ANGLE          DIHED          IMPRP               ELECT            VDW       BOUNDARY           MISC        KINETIC               TOTAL           TEMP      POTENTIAL         TOTAL3        TEMPAVG

ENERGY:       0      1091.0354      1667.8347      2069.6263       163.4041            -40.5957      -749.9699         0.0000      2816.3585      2979.5183           9997.2117       299.1842      7017.6935     10021.8837       299.1842

LDB: ============= START OF LOAD BALANCING ============== 2.15648
LDB: ============== END OF LOAD BALANCING =============== 2.15653
Info: useSync: 0 useProxySync: 0
LDB: =============== DONE WITH MIGRATION ================ 2.15662
LDB: ============= START OF LOAD BALANCING ============== 2.20865
LDB: Partitioning computes with target load 0.000000
LDB: Increased migratable compute count from 0 to 0
LDB: Largest unpartitionable compute is 0.000000
LDB: ============== END OF LOAD BALANCING =============== 2.20899
Info: build node-aware spanning tree with send: 1, recv: 0 with branch factor 4
Info: useSync: 0 useProxySync: 0
LDB: =============== DONE WITH MIGRATION ================ 2.20975
PRESSURE: 100 0 0 0 0 0 0 0 0 0
GPRESSURE: 100 0 0 0 0 0 0 0 0 0
PRESSAVG: 100 0 0 0 0 0 0 0 0 0
GPRESSAVG: 100 0 0 0 0 0 0 0 0 0
Info: Initial time: 42 CPUs 0.00065802 s/step 0.00761598 days/ns 820.75 MB memory
ENERGY:     100      1092.7502      1716.9313      2050.4101       150.7675            -40.8919      -779.4725         0.0000      2806.2253      2932.0359           9928.7558       294.4164      6996.7199      9951.1942       296.4566

LDB: ============= START OF LOAD BALANCING ============== 2.22236
Info: useSync: 0 useProxySync: 0
LDB: ============== END OF LOAD BALANCING =============== 2.22239
LDB: =============== DONE WITH MIGRATION ================ 2.22249
LDB: ============= START OF LOAD BALANCING ============== 2.2696
LDB: TIME 2.26983 LOAD: AVG 0.0116703 MAX 0.0299371  PROXIES: TOTAL 173 MAXPE 7 MAXPATCH 7 None MEM: 821.312 MB
LDB: TIME 2.27003 LOAD: AVG 0.0116703 MAX 0.0299371  PROXIES: TOTAL 173 MAXPE 7 MAXPATCH 7 TorusLB MEM: 821.312 MB
LDB: ============== END OF LOAD BALANCING =============== 2.27028
Info: build node-aware spanning tree with send: 1, recv: 0 with branch factor 4
Info: useSync: 0 useProxySync: 0
LDB: =============== DONE WITH MIGRATION ================ 2.27097
PRESSURE: 200 0 0 0 0 0 0 0 0 0
GPRESSURE: 200 0 0 0 0 0 0 0 0 0
PRESSAVG: 200 0 0 0 0 0 0 0 0 0
GPRESSAVG: 200 0 0 0 0 0 0 0 0 0
Info: Initial time: 42 CPUs 0.000592608 s/step 0.00685889 days/ns 821.312 MB memory
ENERGY:     200      1079.3715      1726.8934      2048.5005       153.0417            -40.6256      -750.7867         0.0000      2805.9327      2940.4170           9962.7445       295.2579      7022.3275      9985.2708       297.7352

LDB: ============= START OF LOAD BALANCING ============== 2.33001
LDB: TIME 2.33025 LOAD: AVG 0.0145109 MAX 0.0374147  PROXIES: TOTAL 173 MAXPE 7 MAXPATCH 7 None MEM: 822.312 MB
LDB: TIME 2.33042 LOAD: AVG 0.0145109 MAX 0.0374147  PROXIES: TOTAL 173 MAXPE 7 MAXPATCH 7 RefineTorusLB MEM: 822.375 MB
LDB: TIME 2.33057 LOAD: AVG 0.0145109 MAX 0.0374147  PROXIES: TOTAL 173 MAXPE 7 MAXPATCH 7 RefineTorusLB MEM: 822.375 MB
LDB: Reverting to original mapping
LDB: ============== END OF LOAD BALANCING =============== 2.33082
Info: build node-aware spanning tree with send: 1, recv: 0 with branch factor 4
Info: useSync: 0 useProxySync: 0
LDB: =============== DONE WITH MIGRATION ================ 2.33152
PRESSURE: 300 0 0 0 0 0 0 0 0 0
GPRESSURE: 300 0 0 0 0 0 0 0 0 0
PRESSAVG: 300 0 0 0 0 0 0 0 0 0
GPRESSAVG: 300 0 0 0 0 0 0 0 0 0
Info: Initial time: 42 CPUs 0.000588743 s/step 0.00681415 days/ns 822.375 MB memory
ENERGY:     300      1103.3827      1657.3830      2062.6634       164.6579            -39.8342      -752.6940         0.0000      2801.6187      2993.2050           9990.3826       300.5586      6997.1776     10012.5792       296.6225

LDB: ============= START OF LOAD BALANCING ============== 2.39058
LDB: TIME 2.39082 LOAD: AVG 0.0146346 MAX 0.0372824  PROXIES: TOTAL 173 MAXPE 7 MAXPATCH 7 None MEM: 823.312 MB
LDB: TIME 2.39099 LOAD: AVG 0.0146346 MAX 0.0372824  PROXIES: TOTAL 173 MAXPE 7 MAXPATCH 7 RefineTorusLB MEM: 823.312 MB
LDB: TIME 2.39115 LOAD: AVG 0.0146346 MAX 0.0372824  PROXIES: TOTAL 173 MAXPE 7 MAXPATCH 7 RefineTorusLB MEM: 823.312 MB
LDB: Reverting to original mapping
LDB: ============== END OF LOAD BALANCING =============== 2.39142
Info: build node-aware spanning tree with send: 1, recv: 0 with branch factor 4
Info: useSync: 0 useProxySync: 0
LDB: =============== DONE WITH MIGRATION ================ 2.39211
PRESSURE: 400 0 0 0 0 0 0 0 0 0
GPRESSURE: 400 0 0 0 0 0 0 0 0 0
PRESSAVG: 400 0 0 0 0 0 0 0 0 0
GPRESSAVG: 400 0 0 0 0 0 0 0 0 0
Info: Benchmark time: 42 CPUs 0.000589172 s/step 0.00681912 days/ns 823.312 MB memory
ENERGY:     400      1095.4726      1677.3726      2083.5512       156.1153            -40.1678      -760.8561         0.0000      2794.5236      2934.4017           9940.4130       294.6539      7006.0113      9962.7962       296.5306

PRESSURE: 500 0 0 0 0 0 0 0 0 0
GPRESSURE: 500 0 0 0 0 0 0 0 0 0
PRESSAVG: 500 0 0 0 0 0 0 0 0 0
GPRESSAVG: 500 0 0 0 0 0 0 0 0 0
Info: Benchmark time: 42 CPUs 0.000587503 s/step 0.00679981 days/ns 824.125 MB memory
ENERGY:     500      1127.4847      1713.3580      2075.2423       150.4563            -40.5992      -780.3530         0.0000      2792.7159      3000.5903          10038.8953       301.3002      7038.3050     10061.9943       299.6755

PRESSURE: 600 0 0 0 0 0 0 0 0 0
GPRESSURE: 600 0 0 0 0 0 0 0 0 0
PRESSAVG: 600 0 0 0 0 0 0 0 0 0
GPRESSAVG: 600 0 0 0 0 0 0 0 0 0
Info: Benchmark time: 42 CPUs 0.000585162 s/step 0.00677271 days/ns 824.125 MB memory
ENERGY:     600      1123.4557      1731.3824      2067.9514       153.5327            -40.5093      -772.9404         0.0000      2785.7413      2988.6440          10037.2579       300.1006      7048.6139     10065.5046       301.5166

PRESSURE: 700 0 0 0 0 0 0 0 0 0
GPRESSURE: 700 0 0 0 0 0 0 0 0 0
PRESSAVG: 700 0 0 0 0 0 0 0 0 0
GPRESSAVG: 700 0 0 0 0 0 0 0 0 0
Info: Benchmark time: 42 CPUs 0.000588786 s/step 0.00681466 days/ns 824.125 MB memory
ENERGY:     700      1095.1171      1727.0750      2100.3251       162.4546            -40.2527      -786.3811         0.0000      2786.0031      3061.1270          10105.4682       307.3789      7044.3411     10131.8792       304.3123

PRESSURE: 800 0 0 0 0 0 0 0 0 0
GPRESSURE: 800 0 0 0 0 0 0 0 0 0
PRESSAVG: 800 0 0 0 0 0 0 0 0 0
GPRESSAVG: 800 0 0 0 0 0 0 0 0 0
Info: Benchmark time: 42 CPUs 0.000585422 s/step 0.00677572 days/ns 824.125 MB memory
ENERGY:     800      1092.1784      1783.3654      2110.6201       157.8184            -40.3556      -767.9600         0.0000      2779.2597      3058.5803          10173.5068       307.1231      7114.9265     10197.5356       306.7715

PRESSURE: 900 0 0 0 0 0 0 0 0 0
GPRESSURE: 900 0 0 0 0 0 0 0 0 0
PRESSAVG: 900 0 0 0 0 0 0 0 0 0
GPRESSAVG: 900 0 0 0 0 0 0 0 0 0
Info: Benchmark time: 42 CPUs 0.00058542 s/step 0.00677569 days/ns 824.125 MB memory
ENERGY:     900      1132.3142      1706.1213      2107.8434       151.9360            -40.4107      -760.8810         0.0000      2775.6340      3020.1104          10092.6676       303.2602      7072.5572     10117.5692       307.1314

PRESSURE: 1000 0 0 0 0 0 0 0 0 0
GPRESSURE: 1000 0 0 0 0 0 0 0 0 0
PRESSAVG: 1000 0 0 0 0 0 0 0 0 0
GPRESSAVG: 1000 0 0 0 0 0 0 0 0 0
TIMING: 1000  CPU: 0.62187, 0.000603288/step  Wall: 0.622629, 0.000601819/step, 0.000668688 hours remaining, 824.125000 MB of memory in use.
ETITLE:      TS           BOND          ANGLE          DIHED          IMPRP               ELECT            VDW       BOUNDARY           MISC        KINETIC               TOTAL           TEMP      POTENTIAL         TOTAL3        TEMPAVG

ENERGY:    1000      1092.6148      1742.1612      2094.3458       169.8845            -39.1248      -786.7986         0.0000      2772.5760      3060.9200          10106.5790       307.3581      7045.6590     10131.2381       305.5343

WRITING EXTENDED SYSTEM TO RESTART FILE AT STEP 1000
OPENING COORDINATE DCD FILE
WRITING COORDINATES TO DCD FILE adk-step1.dcd AT STEP 1000
WRITING COORDINATES TO RESTART FILE AT STEP 1000
FINISHED WRITING RESTART COORDINATES
The last position output (seq=1000) takes 0.004 seconds, 824.312 MB of memory in use
WRITING VELOCITIES TO RESTART FILE AT STEP 1000
FINISHED WRITING RESTART VELOCITIES
The last velocity output (seq=1000) takes 0.002 seconds, 824.312 MB of memory in use
PRESSURE: 1100 0 0 0 0 0 0 0 0 0
GPRESSURE: 1100 0 0 0 0 0 0 0 0 0
PRESSAVG: 1100 0 0 0 0 0 0 0 0 0
GPRESSAVG: 1100 0 0 0 0 0 0 0 0 0
ENERGY:    1100      1141.0933      1708.8112      2095.4761       155.7861            -38.5035      -764.8623         0.0000      2777.3577      2989.2523          10064.4110       300.1617      7075.1586     10087.0516       305.0690

PRESSURE: 1200 0 0 0 0 0 0 0 0 0
GPRESSURE: 1200 0 0 0 0 0 0 0 0 0
PRESSAVG: 1200 0 0 0 0 0 0 0 0 0
GPRESSAVG: 1200 0 0 0 0 0 0 0 0 0
ENERGY:    1200      1124.5284      1668.0481      2114.1092       154.1737            -39.0861      -735.1749         0.0000      2762.7708      3027.5792          10076.9485       304.0102      7049.3693     10100.1551       305.8680

PRESSURE: 1300 0 0 0 0 0 0 0 0 0
GPRESSURE: 1300 0 0 0 0 0 0 0 0 0
PRESSAVG: 1300 0 0 0 0 0 0 0 0 0
GPRESSAVG: 1300 0 0 0 0 0 0 0 0 0
ENERGY:    1300      1116.9857      1700.0384      2084.5711       158.7288            -38.8409      -730.5516         0.0000      2757.8309      3022.2020          10070.9645       303.4703      7048.7625     10093.6211       304.3879

PRESSURE: 1400 0 0 0 0 0 0 0 0 0
GPRESSURE: 1400 0 0 0 0 0 0 0 0 0
PRESSAVG: 1400 0 0 0 0 0 0 0 0 0
GPRESSAVG: 1400 0 0 0 0 0 0 0 0 0
ENERGY:    1400      1086.2190      1731.7545      2110.9934       160.9552            -38.2248      -747.6077         0.0000      2754.7413      3000.5760          10059.4070       301.2987      7058.8310     10087.0073       305.4997

PRESSURE: 1500 0 0 0 0 0 0 0 0 0
GPRESSURE: 1500 0 0 0 0 0 0 0 0 0
PRESSAVG: 1500 0 0 0 0 0 0 0 0 0
GPRESSAVG: 1500 0 0 0 0 0 0 0 0 0
ENERGY:    1500      1122.9892      1670.2560      2091.9772       152.8799            -38.4950      -765.5306         0.0000      2752.3549      3028.9448          10015.3766       304.1473      6986.4318     10041.7597       304.5501

PRESSURE: 1600 0 0 0 0 0 0 0 0 0
GPRESSURE: 1600 0 0 0 0 0 0 0 0 0
PRESSAVG: 1600 0 0 0 0 0 0 0 0 0
GPRESSAVG: 1600 0 0 0 0 0 0 0 0 0
ENERGY:    1600      1101.7686      1706.3988      2069.4144       164.5045            -39.9535      -773.6869         0.0000      2747.4631      3051.2829          10027.1918       306.3904      6975.9089     10053.4076       304.5840

PRESSURE: 1700 0 0 0 0 0 0 0 0 0
GPRESSURE: 1700 0 0 0 0 0 0 0 0 0
PRESSAVG: 1700 0 0 0 0 0 0 0 0 0
GPRESSAVG: 1700 0 0 0 0 0 0 0 0 0
ENERGY:    1700      1078.3237      1723.8527      2106.8734       162.5990            -40.1081      -758.8579         0.0000      2735.1566      3013.6337          10021.4729       302.6099      7007.8393     10044.1422       304.9582

PRESSURE: 1800 0 0 0 0 0 0 0 0 0
GPRESSURE: 1800 0 0 0 0 0 0 0 0 0
PRESSAVG: 1800 0 0 0 0 0 0 0 0 0
GPRESSAVG: 1800 0 0 0 0 0 0 0 0 0
ENERGY:    1800      1110.0730      1771.5078      2109.3344       159.0077            -40.5840      -749.5236         0.0000      2730.2592      2952.3656          10042.4401       296.4577      7090.0745     10063.3964       306.6304

PRESSURE: 1900 0 0 0 0 0 0 0 0 0
GPRESSURE: 1900 0 0 0 0 0 0 0 0 0
PRESSAVG: 1900 0 0 0 0 0 0 0 0 0
GPRESSAVG: 1900 0 0 0 0 0 0 0 0 0
ENERGY:    1900      1089.4091      1696.0810      2083.7840       158.7882            -40.7426      -729.8887         0.0000      2723.1944      3018.0264           9998.6519       303.0510      6980.6254     10024.7414       304.2050

PRESSURE: 2000 0 0 0 0 0 0 0 0 0
GPRESSURE: 2000 0 0 0 0 0 0 0 0 0
PRESSAVG: 2000 0 0 0 0 0 0 0 0 0
GPRESSAVG: 2000 0 0 0 0 0 0 0 0 0
TIMING: 2000  CPU: 1.20097, 0.000579099/step  Wall: 1.21594, 0.000593307/step, 0.000494422 hours remaining, 824.312500 MB of memory in use.
ETITLE:      TS           BOND          ANGLE          DIHED          IMPRP               ELECT            VDW       BOUNDARY           MISC        KINETIC               TOTAL           TEMP      POTENTIAL         TOTAL3        TEMPAVG

ENERGY:    2000      1075.1713      1748.7077      2079.3713       179.5794            -40.7241      -751.3557         0.0000      2720.3049      2989.3877          10000.4426       300.1753      7011.0549     10022.6693       303.3013

WRITING EXTENDED SYSTEM TO RESTART FILE AT STEP 2000
WRITING VELOCITIES TO RESTART FILE AT STEP 2000
FINISHED WRITING RESTART VELOCITIES
The last velocity output (seq=2000) takes 0.002 seconds, 824.312 MB of memory in use
WRITING COORDINATES TO DCD FILE adk-step1.dcd AT STEP 2000
WRITING COORDINATES TO RESTART FILE AT STEP 2000
FINISHED WRITING RESTART COORDINATES
The last position output (seq=2000) takes 0.002 seconds, 824.312 MB of memory in use
PRESSURE: 2100 0 0 0 0 0 0 0 0 0
GPRESSURE: 2100 0 0 0 0 0 0 0 0 0
PRESSAVG: 2100 0 0 0 0 0 0 0 0 0
GPRESSAVG: 2100 0 0 0 0 0 0 0 0 0
ENERGY:    2100      1099.6798      1670.3892      2066.2766       157.2942            -41.3937      -762.3223         0.0000      2720.6098      2986.3120           9896.8455       299.8664      6910.5336      9917.0519       302.6476

PRESSURE: 2200 0 0 0 0 0 0 0 0 0
GPRESSURE: 2200 0 0 0 0 0 0 0 0 0
PRESSAVG: 2200 0 0 0 0 0 0 0 0 0
GPRESSAVG: 2200 0 0 0 0 0 0 0 0 0
ENERGY:    2200      1044.4172      1723.4131      2058.5282       148.8115            -40.7994      -778.3359         0.0000      2705.4448      2970.6332           9832.1127       298.2921      6861.4795      9860.4334       296.6464

PRESSURE: 2300 0 0 0 0 0 0 0 0 0
GPRESSURE: 2300 0 0 0 0 0 0 0 0 0
PRESSAVG: 2300 0 0 0 0 0 0 0 0 0
GPRESSAVG: 2300 0 0 0 0 0 0 0 0 0
ENERGY:    2300      1074.0748      1651.3884      2084.8778       146.1045            -40.2602      -768.0253         0.0000      2700.3730      2910.7883           9759.3213       292.2828      6848.5330      9782.3822       296.0745

PRESSURE: 2400 0 0 0 0 0 0 0 0 0
GPRESSURE: 2400 0 0 0 0 0 0 0 0 0
PRESSAVG: 2400 0 0 0 0 0 0 0 0 0
GPRESSAVG: 2400 0 0 0 0 0 0 0 0 0
ENERGY:    2400      1057.8137      1642.2655      2085.3297       157.5393            -40.0372      -765.3953         0.0000      2698.3774      2941.1109           9777.0040       295.3276      6835.8931      9802.2106       292.8091

PRESSURE: 2500 0 0 0 0 0 0 0 0 0
GPRESSURE: 2500 0 0 0 0 0 0 0 0 0
PRESSAVG: 2500 0 0 0 0 0 0 0 0 0
GPRESSAVG: 2500 0 0 0 0 0 0 0 0 0
ENERGY:    2500      1019.1971      1693.9587      2108.6954       156.3785            -39.3770      -754.8273         0.0000      2702.2226      2944.9571           9831.2051       295.7138      6886.2480      9853.9246       293.6333

PRESSURE: 2600 0 0 0 0 0 0 0 0 0
GPRESSURE: 2600 0 0 0 0 0 0 0 0 0
PRESSAVG: 2600 0 0 0 0 0 0 0 0 0
GPRESSAVG: 2600 0 0 0 0 0 0 0 0 0
ENERGY:    2600      1110.3240      1672.9334      2075.5558       151.8102            -40.0057      -782.3469         0.0000      2707.8288      2923.9718           9820.0715       293.6066      6896.0997      9841.2272       295.4389

PRESSURE: 2700 0 0 0 0 0 0 0 0 0
GPRESSURE: 2700 0 0 0 0 0 0 0 0 0
PRESSAVG: 2700 0 0 0 0 0 0 0 0 0
GPRESSAVG: 2700 0 0 0 0 0 0 0 0 0
ENERGY:    2700      1082.4260      1691.3355      2037.1627       151.5485            -39.3875      -779.4735         0.0000      2699.5664      2979.3540           9822.5321       299.1677      6843.1781      9844.8994       298.0372

PRESSURE: 2800 0 0 0 0 0 0 0 0 0
GPRESSURE: 2800 0 0 0 0 0 0 0 0 0
PRESSAVG: 2800 0 0 0 0 0 0 0 0 0
GPRESSAVG: 2800 0 0 0 0 0 0 0 0 0
ENERGY:    2800      1133.8006      1640.0258      2046.3610       150.6889            -38.9775      -783.2517         0.0000      2702.9296      2960.7774           9812.3541       297.3024      6851.5766      9833.2546       296.0580

PRESSURE: 2900 0 0 0 0 0 0 0 0 0
GPRESSURE: 2900 0 0 0 0 0 0 0 0 0
PRESSAVG: 2900 0 0 0 0 0 0 0 0 0
GPRESSAVG: 2900 0 0 0 0 0 0 0 0 0
ENERGY:    2900      1078.0189      1652.4177      2068.2214       156.1164            -39.3535      -777.0052         0.0000      2695.3148      2916.5847           9750.3151       292.8648      6833.7305      9772.6385       294.0339

PRESSURE: 3000 0 0 0 0 0 0 0 0 0
GPRESSURE: 3000 0 0 0 0 0 0 0 0 0
PRESSAVG: 3000 0 0 0 0 0 0 0 0 0
GPRESSAVG: 3000 0 0 0 0 0 0 0 0 0
TIMING: 3000  CPU: 1.80064, 0.000599674/step  Wall: 1.8122, 0.00059626/step, 0.000331255 hours remaining, 824.312500 MB of memory in use.
ETITLE:      TS           BOND          ANGLE          DIHED          IMPRP               ELECT            VDW       BOUNDARY           MISC        KINETIC               TOTAL           TEMP      POTENTIAL         TOTAL3        TEMPAVG

ENERGY:    3000      1084.0336      1689.5723      2081.8497       152.2012            -39.0816      -788.0993         0.0000      2691.8844      2913.0350           9785.3955       292.5084      6872.3605      9810.8457       293.8797

WRITING EXTENDED SYSTEM TO RESTART FILE AT STEP 3000
WRITING VELOCITIES TO RESTART FILE AT STEP 3000
FINISHED WRITING RESTART VELOCITIES
The last velocity output (seq=3000) takes 0.002 seconds, 824.375 MB of memory in use
WRITING COORDINATES TO DCD FILE adk-step1.dcd AT STEP 3000
WRITING COORDINATES TO RESTART FILE AT STEP 3000
FINISHED WRITING RESTART COORDINATES
The last position output (seq=3000) takes 0.002 seconds, 824.375 MB of memory in use
PRESSURE: 3100 0 0 0 0 0 0 0 0 0
GPRESSURE: 3100 0 0 0 0 0 0 0 0 0
PRESSAVG: 3100 0 0 0 0 0 0 0 0 0
GPRESSAVG: 3100 0 0 0 0 0 0 0 0 0
ENERGY:    3100      1036.3008      1613.2271      2099.1027       157.4388            -39.6090      -775.4344         0.0000      2685.6763      3052.1915           9828.8936       306.4816      6776.7022      9853.5322       295.8474

PRESSURE: 3200 0 0 0 0 0 0 0 0 0
GPRESSURE: 3200 0 0 0 0 0 0 0 0 0
PRESSAVG: 3200 0 0 0 0 0 0 0 0 0
GPRESSAVG: 3200 0 0 0 0 0 0 0 0 0
ENERGY:    3200      1098.3845      1689.8479      2104.4683       153.5035            -39.1134      -782.9440         0.0000      2688.0600      2942.2640           9854.4709       295.4434      6912.2068      9881.4487       296.8441

PRESSURE: 3300 0 0 0 0 0 0 0 0 0
GPRESSURE: 3300 0 0 0 0 0 0 0 0 0
PRESSAVG: 3300 0 0 0 0 0 0 0 0 0
GPRESSAVG: 3300 0 0 0 0 0 0 0 0 0
ENERGY:    3300      1108.0833      1650.5646      2103.8671       147.3281            -39.7603      -764.6500         0.0000      2680.0917      2969.9928           9855.5172       298.2278      6885.5244      9881.9880       296.1627

PRESSURE: 3400 0 0 0 0 0 0 0 0 0
GPRESSURE: 3400 0 0 0 0 0 0 0 0 0
PRESSAVG: 3400 0 0 0 0 0 0 0 0 0
GPRESSAVG: 3400 0 0 0 0 0 0 0 0 0
ENERGY:    3400      1074.8340      1690.4665      2081.8606       146.4621            -40.3811      -765.8973         0.0000      2675.1750      2990.2894           9852.8091       300.2658      6862.5198      9881.1293       298.7918

PRESSURE: 3500 0 0 0 0 0 0 0 0 0
GPRESSURE: 3500 0 0 0 0 0 0 0 0 0
PRESSAVG: 3500 0 0 0 0 0 0 0 0 0
GPRESSAVG: 3500 0 0 0 0 0 0 0 0 0
ENERGY:    3500      1104.0066      1665.2091      2073.0748       158.7183            -40.7741      -770.0987         0.0000      2672.0595      2982.8747           9845.0701       299.5213      6862.1954      9870.4668       298.1949

PRESSURE: 3600 0 0 0 0 0 0 0 0 0
GPRESSURE: 3600 0 0 0 0 0 0 0 0 0
PRESSAVG: 3600 0 0 0 0 0 0 0 0 0
GPRESSAVG: 3600 0 0 0 0 0 0 0 0 0
ENERGY:    3600      1078.6665      1659.7421      2074.1165       162.2158            -40.2759      -779.0545         0.0000      2672.7026      3009.6398           9837.7529       302.2089      6828.1131      9863.9246       299.2101

PRESSURE: 3700 0 0 0 0 0 0 0 0 0
GPRESSURE: 3700 0 0 0 0 0 0 0 0 0
PRESSAVG: 3700 0 0 0 0 0 0 0 0 0
GPRESSAVG: 3700 0 0 0 0 0 0 0 0 0
ENERGY:    3700      1071.5694      1674.2546      2094.2959       169.7453            -40.5856      -777.3236         0.0000      2672.8031      2942.7727           9807.5318       295.4945      6864.7591      9830.8349       296.3987

PRESSURE: 3800 0 0 0 0 0 0 0 0 0
GPRESSURE: 3800 0 0 0 0 0 0 0 0 0
PRESSAVG: 3800 0 0 0 0 0 0 0 0 0
GPRESSAVG: 3800 0 0 0 0 0 0 0 0 0
ENERGY:    3800      1106.6276      1649.5685      2107.5079       159.0685            -40.6598      -787.3800         0.0000      2668.1192      3001.5649           9864.4167       301.3980      6862.8518      9885.4690       297.9321

PRESSURE: 3900 0 0 0 0 0 0 0 0 0
GPRESSURE: 3900 0 0 0 0 0 0 0 0 0
PRESSAVG: 3900 0 0 0 0 0 0 0 0 0
GPRESSAVG: 3900 0 0 0 0 0 0 0 0 0
ENERGY:    3900      1081.5653      1706.8517      2071.2927       146.7545            -40.3980      -775.8111         0.0000      2668.0689      3010.4151           9868.7391       302.2867      6858.3240      9895.3968       300.6810

PRESSURE: 4000 0 0 0 0 0 0 0 0 0
GPRESSURE: 4000 0 0 0 0 0 0 0 0 0
PRESSAVG: 4000 0 0 0 0 0 0 0 0 0
GPRESSAVG: 4000 0 0 0 0 0 0 0 0 0
TIMING: 4000  CPU: 2.39189, 0.000591251/step  Wall: 2.4104, 0.000598203/step, 0.000166167 hours remaining, 824.375000 MB of memory in use.
ETITLE:      TS           BOND          ANGLE          DIHED          IMPRP               ELECT            VDW       BOUNDARY           MISC        KINETIC               TOTAL           TEMP      POTENTIAL         TOTAL3        TEMPAVG

ENERGY:    4000      1150.1867      1667.6483      2070.8535       148.4661            -40.2214      -782.4634         0.0000      2665.1775      2963.1459           9842.7932       297.5402      6879.6473      9867.7858       298.7710

WRITING EXTENDED SYSTEM TO RESTART FILE AT STEP 4000
WRITING COORDINATES TO DCD FILE adk-step1.dcd AT STEP 4000
WRITING COORDINATES TO RESTART FILE AT STEP 4000
FINISHED WRITING RESTART COORDINATES
The last position output (seq=4000) takes 0.002 seconds, 824.375 MB of memory in use
WRITING VELOCITIES TO RESTART FILE AT STEP 4000
FINISHED WRITING RESTART VELOCITIES
The last velocity output (seq=4000) takes 0.002 seconds, 824.375 MB of memory in use
PRESSURE: 4100 0 0 0 0 0 0 0 0 0
GPRESSURE: 4100 0 0 0 0 0 0 0 0 0
PRESSAVG: 4100 0 0 0 0 0 0 0 0 0
GPRESSAVG: 4100 0 0 0 0 0 0 0 0 0
ENERGY:    4100      1104.0429      1642.9143      2054.6849       158.9920            -39.8915      -763.5555         0.0000      2663.5327      3008.5845           9829.3042       302.1029      6820.7197      9853.3962       298.2166

PRESSURE: 4200 0 0 0 0 0 0 0 0 0
GPRESSURE: 4200 0 0 0 0 0 0 0 0 0
PRESSAVG: 4200 0 0 0 0 0 0 0 0 0
GPRESSAVG: 4200 0 0 0 0 0 0 0 0 0
ENERGY:    4200      1095.8067      1708.8609      2080.8266       147.6008            -39.3626      -776.0908         0.0000      2661.0782      2970.2179           9848.9377       298.2504      6878.7198      9871.8553       298.3448

LDB: ============= START OF LOAD BALANCING ============== 4.71668
LDB: ============== END OF LOAD BALANCING =============== 4.71674
Info: useSync: 0 useProxySync: 0
LDB: =============== DONE WITH MIGRATION ================ 4.71685
PRESSURE: 4300 0 0 0 0 0 0 0 0 0
GPRESSURE: 4300 0 0 0 0 0 0 0 0 0
PRESSAVG: 4300 0 0 0 0 0 0 0 0 0
GPRESSAVG: 4300 0 0 0 0 0 0 0 0 0
ENERGY:    4300      1056.6321      1701.0287      2077.5604       153.9325            -39.8284      -772.1728         0.0000      2660.2548      2957.7895           9795.1966       297.0024      6837.4072      9821.2107       296.6297

LDB: ============= START OF LOAD BALANCING ============== 4.77676
LDB: TIME 4.77703 LOAD: AVG 0.0150102 MAX 0.0372706  PROXIES: TOTAL 173 MAXPE 7 MAXPATCH 7 None MEM: 824.375 MB
LDB: TIME 4.77718 LOAD: AVG 0.0150102 MAX 0.0372706  PROXIES: TOTAL 173 MAXPE 7 MAXPATCH 7 RefineTorusLB MEM: 824.5 MB
LDB: TIME 4.77734 LOAD: AVG 0.0150102 MAX 0.0372706  PROXIES: TOTAL 173 MAXPE 7 MAXPATCH 7 RefineTorusLB MEM: 824.5 MB
LDB: Reverting to original mapping
LDB: ============== END OF LOAD BALANCING =============== 4.77758
Info: build node-aware spanning tree with send: 1, recv: 0 with branch factor 4
Info: useSync: 0 useProxySync: 0
LDB: =============== DONE WITH MIGRATION ================ 4.77827
PRESSURE: 4400 0 0 0 0 0 0 0 0 0
GPRESSURE: 4400 0 0 0 0 0 0 0 0 0
PRESSAVG: 4400 0 0 0 0 0 0 0 0 0
GPRESSAVG: 4400 0 0 0 0 0 0 0 0 0
ENERGY:    4400      1132.0400      1654.7939      2084.0791       166.5603            -39.9314      -809.0356         0.0000      2658.5332      2986.2244           9833.2640       299.8576      6847.0396      9855.1713       298.1284

PRESSURE: 4500 0 0 0 0 0 0 0 0 0
GPRESSURE: 4500 0 0 0 0 0 0 0 0 0
PRESSAVG: 4500 0 0 0 0 0 0 0 0 0
GPRESSAVG: 4500 0 0 0 0 0 0 0 0 0
ENERGY:    4500      1085.1442      1676.4965      2120.2337       148.1958            -40.1071      -805.8676         0.0000      2651.4243      2939.4990           9775.0187       295.1658      6835.5197      9796.7894       296.2080

PRESSURE: 4600 0 0 0 0 0 0 0 0 0
GPRESSURE: 4600 0 0 0 0 0 0 0 0 0
PRESSAVG: 4600 0 0 0 0 0 0 0 0 0
GPRESSAVG: 4600 0 0 0 0 0 0 0 0 0
ENERGY:    4600      1094.8186      1623.6656      2074.9412       153.9636            -39.6440      -777.6761         0.0000      2650.0971      2946.9786           9727.1446       295.9168      6780.1660      9753.7902       294.2710

PRESSURE: 4700 0 0 0 0 0 0 0 0 0
GPRESSURE: 4700 0 0 0 0 0 0 0 0 0
PRESSAVG: 4700 0 0 0 0 0 0 0 0 0
GPRESSAVG: 4700 0 0 0 0 0 0 0 0 0
ENERGY:    4700      1108.4215      1704.2226      2068.9802       144.3016            -39.4641      -807.4580         0.0000      2649.5671      2944.5587           9773.1296       295.6738      6828.5710      9799.9515       295.3005

PRESSURE: 4800 0 0 0 0 0 0 0 0 0
GPRESSURE: 4800 0 0 0 0 0 0 0 0 0
PRESSAVG: 4800 0 0 0 0 0 0 0 0 0
GPRESSAVG: 4800 0 0 0 0 0 0 0 0 0
ENERGY:    4800      1107.9415      1721.0505      2070.2493       152.1956            -38.7597      -791.7432         0.0000      2648.0425      2928.5740           9797.5506       294.0687      6868.9766      9819.8014       297.1811

PRESSURE: 4900 0 0 0 0 0 0 0 0 0
GPRESSURE: 4900 0 0 0 0 0 0 0 0 0
PRESSAVG: 4900 0 0 0 0 0 0 0 0 0
GPRESSAVG: 4900 0 0 0 0 0 0 0 0 0
ENERGY:    4900      1133.3049      1695.3503      2070.2986       144.1303            -38.5354      -789.0107         0.0000      2653.6117      2892.4366           9761.5863       290.4400      6869.1497      9782.4984       297.7620

PRESSURE: 5000 0 0 0 0 0 0 0 0 0
GPRESSURE: 5000 0 0 0 0 0 0 0 0 0
PRESSAVG: 5000 0 0 0 0 0 0 0 0 0
GPRESSAVG: 5000 0 0 0 0 0 0 0 0 0
TIMING: 5000  CPU: 2.99256, 0.000600669/step  Wall: 3.01338, 0.00060298/step, 0 hours remaining, 824.500000 MB of memory in use.
ETITLE:      TS           BOND          ANGLE          DIHED          IMPRP               ELECT            VDW       BOUNDARY           MISC        KINETIC               TOTAL           TEMP      POTENTIAL         TOTAL3        TEMPAVG

ENERGY:    5000      1140.1302      1656.6142      2049.8216       155.1274            -38.6688      -758.4359         0.0000      2660.7260      2980.6830           9845.9977       299.3012      6865.3147      9870.0586       297.2118

WRITING EXTENDED SYSTEM TO RESTART FILE AT STEP 5000
WRITING COORDINATES TO DCD FILE adk-step1.dcd AT STEP 5000
WRITING COORDINATES TO RESTART FILE AT STEP 5000
FINISHED WRITING RESTART COORDINATES
The last position output (seq=5000) takes 0.003 seconds, 825.000 MB of memory in use
WRITING VELOCITIES TO RESTART FILE AT STEP 5000
FINISHED WRITING RESTART VELOCITIES
The last velocity output (seq=5000) takes 0.002 seconds, 825.000 MB of memory in use
WRITING EXTENDED SYSTEM TO OUTPUT FILE AT STEP 5000
WRITING COORDINATES TO OUTPUT FILE AT STEP 5000
CLOSING COORDINATE DCD FILE adk-step1.dcd
The last position output (seq=-2) takes 0.004 seconds, 825.000 MB of memory in use
WRITING VELOCITIES TO OUTPUT FILE AT STEP 5000
====================================================

WallClock: 5.146663  CPUTime: 3.830410  Memory: 825.000000 MB
End of program
