0_7_cc.dat
/gpfs/alpine/bip115/scratch/hrlee/radical.pilot.sandbox/re.session.login2.hrlee.018634.0000/pilot.0000/staging_area/0_7_cc.dat
0, 7
Choosing optimized barrier algorithm name I0:HybridBinomial:SHMEM:P2P
Converse/Charm++ Commit ID: v6.10.2-0-g7bf00fa-namd-charm-6.10.2-build-2020-Aug-05-556
Warning> Randomization of virtual memory (ASLR) is turned on in the kernel, thread migration may not work! Run 'echo 0 > /proc/sys/kernel/randomize_va_space' as root to disable it, or try running with '+isomalloc_sync'.
CharmLB> Load balancer assumes all CPUs are same.
Charm++> Running on 1 hosts (1 sockets x 7 cores x 4 PUs = 28-way SMP)
Charm++> cpu topology info is gathered in 0.002 seconds.
Info: Built with CUDA version 10010
Did not find +devices i,j,k,... argument, using all
Pe 11 physical rank 11 will use CUDA device of pe 7
Pe 32 physical rank 32 will use CUDA device of pe 28
Pe 41 physical rank 41 will use CUDA device of pe 35
Pe 20 physical rank 20 will use CUDA device of pe 14
Pe 23 physical rank 23 will use CUDA device of pe 21
Pe 9 physical rank 9 will use CUDA device of pe 7
Pe 33 physical rank 33 will use CUDA device of pe 28
Pe 3 physical rank 3 will use CUDA device of pe 4
Pe 40 physical rank 40 will use CUDA device of pe 35
Pe 16 physical rank 16 will use CUDA device of pe 14
Pe 25 physical rank 25 will use CUDA device of pe 21
Pe 13 physical rank 13 will use CUDA device of pe 7
Pe 34 physical rank 34 will use CUDA device of pe 28
Pe 1 physical rank 1 will use CUDA device of pe 4
Pe 38 physical rank 38 will use CUDA device of pe 35
Pe 17 physical rank 17 will use CUDA device of pe 14
Pe 24 physical rank 24 will use CUDA device of pe 21
Pe 12 physical rank 12 will use CUDA device of pe 7
Pe 30 physical rank 30 will use CUDA device of pe 28
Pe 2 physical rank 2 will use CUDA device of pe 4
Pe 39 physical rank 39 will use CUDA device of pe 35
Pe 19 physical rank 19 will use CUDA device of pe 14
Pe 27 physical rank 27 will use CUDA device of pe 21
Pe 10 physical rank 10 will use CUDA device of pe 7
Pe 31 physical rank 31 will use CUDA device of pe 28
Pe 6 physical rank 6 will use CUDA device of pe 4
Pe 37 physical rank 37 will use CUDA device of pe 35
Pe 18 physical rank 18 will use CUDA device of pe 14
Pe 26 physical rank 26 will use CUDA device of pe 21
Pe 8 physical rank 8 will use CUDA device of pe 7
Pe 29 physical rank 29 will use CUDA device of pe 28
Pe 5 physical rank 5 will use CUDA device of pe 4
Pe 36 physical rank 36 will use CUDA device of pe 35
Pe 15 physical rank 15 will use CUDA device of pe 14
Pe 22 physical rank 22 will use CUDA device of pe 21
Pe 0 physical rank 0 will use CUDA device of pe 4
Pe 7 physical rank 7 binding to CUDA device 0 on h14n10: 'Tesla V100-SXM2-16GB'  Mem: 16128MB  Rev: 7.0  PCI: 4:5:0
Pe 28 physical rank 28 binding to CUDA device 0 on h14n10: 'Tesla V100-SXM2-16GB'  Mem: 16128MB  Rev: 7.0  PCI: 35:4:0
Pe 4 physical rank 4 binding to CUDA device 0 on h14n10: 'Tesla V100-SXM2-16GB'  Mem: 16128MB  Rev: 7.0  PCI: 4:4:0
Pe 35 physical rank 35 binding to CUDA device 0 on h14n10: 'Tesla V100-SXM2-16GB'  Mem: 16128MB  Rev: 7.0  PCI: 35:5:0
Pe 14 physical rank 14 binding to CUDA device 0 on h14n10: 'Tesla V100-SXM2-16GB'  Mem: 16128MB  Rev: 7.0  PCI: 4:6:0
Pe 21 physical rank 21 binding to CUDA device 0 on h14n10: 'Tesla V100-SXM2-16GB'  Mem: 16128MB  Rev: 7.0  PCI: 35:3:0
Info: NAMD 2.14 for Linux-POWER-pami-smp-Summit-CUDA
Info: 
Info: Please visit http://www.ks.uiuc.edu/Research/namd/
Info: for updates, documentation, and support information.
Info: 
Info: Please cite Phillips et al., J. Chem. Phys. 153:044130 (2020) doi:10.1063/5.0014475
Info: in all publications reporting results obtained with NAMD.
Info: 
Info: Based on Charm++/Converse 61002 for pami-linux-ppc64le-smp
Info: Built Wed Aug 5 14:28:51 EDT 2020 by jimp on login2
Info: 1 NAMD  2.14  Linux-POWER-pami-smp-Summit-CUDA  42    h14n10  hrlee
Info: Running on 42 processors, 6 nodes, 1 physical nodes.
Info: CPU topology information available.
Info: Charm++/Converse parallel runtime startup completed at 1.43695 s
CkLoopLib is used in SMP with simple dynamic scheduling (converse-level notification)
Info: 791.688 MB of memory in use based on /proc/self/stat
Info: Configuration file is adk-step1.namd
Info: Working in the current directory /gpfs/alpine/bip115/scratch/hrlee/radical.pilot.sandbox/re.session.login2.hrlee.018634.0000/pilot.0000/unit.000564
TCL: Suspending until startup complete.
Info: SIMULATION PARAMETERS:
Info: TIMESTEP               1
Info: NUMBER OF STEPS        0
Info: STEPS PER CYCLE        20
Info: LOAD BALANCER  Centralized
Info: LOAD BALANCING STRATEGY  New Load Balancers -- DEFAULT
Info: LDB PERIOD             4000 steps
Info: FIRST LDB TIMESTEP     100
Info: LAST LDB TIMESTEP     -1
Info: LDB BACKGROUND SCALING 1
Info: HOM BACKGROUND SCALING 1
Info: MIN ATOMS PER PATCH    40
Info: VELOCITY FILE          0_7_adk-step1.restart.vel
Info: CENTER OF MASS MOVING INITIALLY? NO
Info: DIELECTRIC             80
Info: EXCLUDE                SCALED ONE-FOUR
Info: 1-4 ELECTROSTATICS SCALED BY 1
Info: MODIFIED 1-4 VDW PARAMETERS WILL BE USED
Info: DCD FILENAME           adk-step1.dcd
Info: DCD FREQUENCY          1000
Info: DCD FIRST STEP         1000
Info: NO EXTENDED SYSTEM TRAJECTORY OUTPUT
Info: NO VELOCITY DCD OUTPUT
Info: NO FORCE DCD OUTPUT
Info: OUTPUT FILENAME        adk-step1
Info: BINARY OUTPUT FILES WILL BE USED
Info: RESTART FILENAME       adk-step1.restart
Info: RESTART FREQUENCY      1000
Info: BINARY RESTART FILES WILL BE USED
Info: SWITCHING ACTIVE
Info: SWITCHING ON           9
Info: SWITCHING OFF          10
Info: PAIRLIST DISTANCE      11
Info: PAIRLIST SHRINK RATE   0.01
Info: PAIRLIST GROW RATE     0.01
Info: PAIRLIST TRIGGER       0.3
Info: PAIRLISTS PER CYCLE    2
Info: PAIRLISTS ENABLED
Info: MARGIN                 0
Info: HYDROGEN GROUP CUTOFF  2.5
Info: PATCH DIMENSION        13.5
Info: ENERGY OUTPUT STEPS    100
Info: CROSSTERM ENERGY INCLUDED IN DIHEDRAL
Info: TIMING OUTPUT STEPS    1000
Info: PRESSURE OUTPUT STEPS  100
Info: GRID FORCE ACTIVE
Info:  Please include this reference in published work using
Info:  the Gridforce module of NAMD: David Wells, Volha Abramkina,
Info:  and Aleksei Aksimentiev, J. Chem. Phys. 127:125101-10 (2007).
Info: MGRIDFORCE key 0
Info:            Potfile 4ake-target_autopsf-grid.dx
Info:            Scale 0.3 0.3 0.3
Info:            File 1ake-docked-noh_autopsf-grid.pdb
Info:            Col O
Info:            ChargeCol B
Info:            VOffset 0 0 0
Info:            Continuous K1 FALSE
Info:            Continuous K2 FALSE
Info:            Continuous K3 FALSE
Info:            Volts FALSE
Info:            Gridforce-Lite FALSE
Info:            Gridforce-CheckSize TRUE
Info: LANGEVIN DYNAMICS ACTIVE
Info: LANGEVIN TEMPERATURE   300
Info: LANGEVIN USING BBK INTEGRATOR
Info: LANGEVIN DAMPING COEFFICIENT IS 5 INVERSE PS
Info: LANGEVIN DYNAMICS NOT APPLIED TO HYDROGENS
Info: USING VERLET I (r-RESPA) MTS SCHEME.
Info: C1 SPLITTING OF LONG RANGE ELECTROSTATICS
Info: PLACING ATOMS IN PATCHES BY HYDROGEN GROUPS
Info: RIGID BONDS TO HYDROGEN : WATER
Info:         ERROR TOLERANCE : 1e-08
Info:          MAX ITERATIONS : 100
Info: RIGID WATER USING SETTLE ALGORITHM
Info: NONBONDED FORCES EVALUATED EVERY 2 STEPS
Info: RANDOM NUMBER SEED     1609984191
Info: USE HYDROGEN BONDS?    NO
Info: COORDINATE PDB         1ake-docked-noh_autopsf.pdb
Info: STRUCTURE FILE         1ake-docked-noh_autopsf.psf
Info: PARAMETER file: CHARMM format! 
Info: PARAMETERS             par_all36_prot.prm
Info: USING ARITHMETIC MEAN TO COMBINE L-J SIGMA PARAMETERS
Info: BINARY COORDINATES     0_7_adk-step1.restart.coor
Info: SUMMARY OF PARAMETERS:
Info: 132 BONDS
Info: 362 ANGLES
Info: 702 DIHEDRAL
Info: 35 IMPROPER
Info: 6 CROSSTERM
Info: 53 VDW
Info: 0 VDW_PAIRS
Info: 0 NBTHOLE_PAIRS
Info: TIME FOR READING PSF FILE: 0.358206
Info: READING EXTRA BONDS FILE 1ake-extrabonds.txt
Info: READING EXTRA BONDS FILE 1ake-extrabonds-cispeptide.txt
Info: READING EXTRA BONDS FILE 1ake-extrabonds-chirality.txt
Info: READ 80 EXTRA BONDS
Info: READ 80 EXTRA ANGLES
Warning: EXTRA ANGLES ARE COSINE-BASED BY DEFAULT TO MATCH PREVIOUS VERSIONS
Warning: FOR NORMAL HARMONIC EXTRA ANGLES SET extraBondsCosAngles off
Info: READ 493 EXTRA DIHEDRALS
Info: READ 438 EXTRA IMPROPERS
Info: Reading pdb file 1ake-docked-noh_autopsf.pdb
Info: TIME FOR READING PDB FILE: 0.0827106
Info: 
Info: ****************************
Info: STRUCTURE SUMMARY:
Info: 3341 ATOMS
Info: 3445 BONDS
Info: 6203 ANGLES
Info: 9414 DIHEDRALS
Info: 1005 IMPROPERS
Info: 212 CROSSTERMS
Info: 0 EXCLUSIONS
Info: 0 RIGID BONDS
Info: 1 GRIDS ACTIVE
Info: 10023 DEGREES OF FREEDOM
Info: 1656 HYDROGEN GROUPS
Info: 4 ATOMS IN LARGEST HYDROGEN GROUP
Info: 1656 MIGRATION GROUPS
Info: 4 ATOMS IN LARGEST MIGRATION GROUP
Info: TOTAL MASS = 23582 amu
Info: TOTAL CHARGE = -4 e
Info: *****************************
Info: Reading from binary file 0_7_adk-step1.restart.coor
Info: 
Info: Entering startup at 2.29213 s, 799.625 MB of memory in use
Info: Startup phase 0 took 0.000250104 s, 799.625 MB of memory in use
Info: ADDED 18308 IMPLICIT EXCLUSIONS
Info: Startup phase 1 took 0.0083694 s, 799.875 MB of memory in use
Info: NONBONDED TABLE R-SQUARED SPACING: 0.0625
Info: NONBONDED TABLE SIZE: 705 POINTS
Info: ABSOLUTE IMPRECISION IN FAST TABLE ENERGY: 3.38813e-21 AT 9.89634
Info: RELATIVE IMPRECISION IN FAST TABLE ENERGY: 4.23384e-15 AT 9.94673
Info: ABSOLUTE IMPRECISION IN FAST TABLE FORCE: 6.35275e-22 AT 9.94673
Info: RELATIVE IMPRECISION IN FAST TABLE FORCE: 5.07982e-16 AT 9.94673
Info: INCONSISTENCY IN FAST TABLE ENERGY VS FORCE: 0.000290185 AT 0.251946
Info: ABSOLUTE IMPRECISION IN VDWA TABLE ENERGY: 1.57772e-30 AT 9.89634
Info: RELATIVE IMPRECISION IN VDWA TABLE ENERGY: 4.54938e-15 AT 9.94673
Info: ABSOLUTE IMPRECISION IN VDWA TABLE FORCE: 5.91646e-31 AT 9.94673
Info: RELATIVE IMPRECISION IN VDWA TABLE FORCE: 5.6823e-16 AT 9.94673
Info: INCONSISTENCY IN VDWA TABLE ENERGY VS FORCE: 0.0040507 AT 0.251946
Info: ABSOLUTE IMPRECISION IN VDWB TABLE ENERGY: 4.71751e-25 AT 9.94673
Info: RELATIVE IMPRECISION IN VDWB TABLE ENERGY: 1.45371e-14 AT 9.94673
Info: ABSOLUTE IMPRECISION IN VDWB TABLE FORCE: 6.20385e-25 AT 9.94673
Info: RELATIVE IMPRECISION IN VDWB TABLE FORCE: 5.97512e-16 AT 9.94673
Info: INCONSISTENCY IN VDWB TABLE ENERGY VS FORCE: 0.00377068 AT 9.07951
Info: Startup phase 2 took 0.000747215 s, 800.812 MB of memory in use
Info: Startup phase 3 took 0.000227156 s, 800.812 MB of memory in use
Info: Startup phase 4 took 0.000280259 s, 801 MB of memory in use
Info: Startup phase 5 took 0.000204066 s, 801 MB of memory in use
Info: ORIGINAL ATOMS MINMAX IS -19.7183 -33.2662 -36.8284  17.1126 25.1634 16.5158
Info: ADJUSTED ATOMS MINMAX IS -15.7438 -28.0821 -32.9685  11.3104 15.9179 9.02618
Info: PATCH GRID IS 3 BY 4 BY 4
Info: PATCH GRID IS 1-AWAY BY 1-AWAY BY 1-AWAY
Info: Reading from binary file 0_7_adk-step1.restart.vel
Info: REMOVING COM VELOCITY -0.0469355 0.0548591 0.0574987
Info: LARGEST PATCH (16) HAS 229 ATOMS
Info: TORUS A SIZE 1 USING 0
Info: TORUS B SIZE 1 USING 0
Info: TORUS C SIZE 1 USING 0
Info: TORUS MINIMAL MESH SIZE IS 1 BY 1 BY 1
Info: Placed 100% of base nodes on same physical node as patch
Info: Startup phase 6 took 0.00832096 s, 801.125 MB of memory in use
Info: Startup phase 7 took 0.000208131 s, 801.875 MB of memory in use
Info: Updated CUDA force table with 4096 elements.
Info: Updated CUDA force table with 4096 elements.
Info: Updated CUDA LJ table with 53 x 53 elements.
Info: Updated CUDA LJ table with 53 x 53 elements.
Info: Updated CUDA force table with 4096 elements.
Info: Updated CUDA LJ table with 53 x 53 elements.
Info: Updated CUDA force table with 4096 elements.
Info: Updated CUDA force table with 4096 elements.
Info: Updated CUDA LJ table with 53 x 53 elements.
Info: Updated CUDA LJ table with 53 x 53 elements.
Info: Updated CUDA force table with 4096 elements.
Info: Updated CUDA LJ table with 53 x 53 elements.
Info: Startup phase 8 took 0.00348722 s, 802.188 MB of memory in use
Info: Startup phase 9 took 0.000357782 s, 802.312 MB of memory in use
Info: Startup phase 10 took 0.000191331 s, 802.438 MB of memory in use
Info: Startup phase 11 took 0.00100361 s, 802.562 MB of memory in use
LDB: Central LB being created...
Info: Startup phase 12 took 0.00210885 s, 803.75 MB of memory in use
Info: CREATING 1046 COMPUTE OBJECTS
Info: Found 278 unique exclusion lists needing 900 bytes
Info: Found 278 unique exclusion lists needing 900 bytes
Info: Found 278 unique exclusion lists needing 900 bytes
Info: Found 278 unique exclusion lists needing 900 bytes
Info: Found 278 unique exclusion lists needing 900 bytes
Info: Found 278 unique exclusion lists needing 900 bytes
Info: Startup phase 13 took 0.0167956 s, 804.625 MB of memory in use
Info: Building spanning tree ... send: 1 recv: 0 with branch factor 4
Info: useSync: 0 useProxySync: 0
Info: Startup phase 14 took 0.000228601 s, 804.875 MB of memory in use
Info: Startup phase 15 took 0.000228295 s, 804.875 MB of memory in use
Info: Finished startup at 2.33514 s, 805 MB of memory in use

TCL: Running for 5000 steps
PRESSURE: 0 0 0 0 0 0 0 0 0 0
GPRESSURE: 0 0 0 0 0 0 0 0 0 0
ETITLE:      TS           BOND          ANGLE          DIHED          IMPRP               ELECT            VDW       BOUNDARY           MISC        KINETIC               TOTAL           TEMP      POTENTIAL         TOTAL3        TEMPAVG

ENERGY:       0      1084.8756      1684.3579      2082.1614       151.8097            -41.2381      -790.1905         0.0000      2445.0331      2938.4430           9555.2522       295.0597      6616.8092      9579.1360       295.0597

LDB: ============= START OF LOAD BALANCING ============== 2.35291
LDB: ============== END OF LOAD BALANCING =============== 2.35296
Info: useSync: 0 useProxySync: 0
LDB: =============== DONE WITH MIGRATION ================ 2.35306
LDB: ============= START OF LOAD BALANCING ============== 2.41289
LDB: Partitioning computes with target load 0.000000
LDB: Increased migratable compute count from 0 to 0
LDB: Largest unpartitionable compute is 0.000000
LDB: ============== END OF LOAD BALANCING =============== 2.4132
Info: build node-aware spanning tree with send: 1, recv: 0 with branch factor 4
Info: useSync: 0 useProxySync: 0
LDB: =============== DONE WITH MIGRATION ================ 2.41396
PRESSURE: 100 0 0 0 0 0 0 0 0 0
GPRESSURE: 100 0 0 0 0 0 0 0 0 0
PRESSAVG: 100 0 0 0 0 0 0 0 0 0
GPRESSAVG: 100 0 0 0 0 0 0 0 0 0
Info: Initial time: 42 CPUs 0.000750406 s/step 0.00868526 days/ns 820.25 MB memory
ENERGY:     100      1076.3355      1674.6234      2116.7631       156.0254            -41.8601      -746.6905         0.0000      2441.5391      2941.2739           9618.0097       295.3440      6676.7358      9644.7067       293.9773

LDB: ============= START OF LOAD BALANCING ============== 2.42915
LDB: ============== END OF LOAD BALANCING =============== 2.42918
Info: useSync: 0 useProxySync: 0
LDB: =============== DONE WITH MIGRATION ================ 2.42927
LDB: ============= START OF LOAD BALANCING ============== 2.49015
LDB: TIME 2.49038 LOAD: AVG 0.0150876 MAX 0.0443489  PROXIES: TOTAL 185 MAXPE 10 MAXPATCH 7 None MEM: 824.062 MB
LDB: TIME 2.49053 LOAD: AVG 0.0150876 MAX 0.0443489  PROXIES: TOTAL 185 MAXPE 10 MAXPATCH 7 TorusLB MEM: 824.312 MB
LDB: ============== END OF LOAD BALANCING =============== 2.49077
Info: build node-aware spanning tree with send: 1, recv: 0 with branch factor 4
Info: useSync: 0 useProxySync: 0
LDB: =============== DONE WITH MIGRATION ================ 2.49145
PRESSURE: 200 0 0 0 0 0 0 0 0 0
GPRESSURE: 200 0 0 0 0 0 0 0 0 0
PRESSAVG: 200 0 0 0 0 0 0 0 0 0
GPRESSAVG: 200 0 0 0 0 0 0 0 0 0
Info: Initial time: 42 CPUs 0.000761001 s/step 0.00880788 days/ns 824.312 MB memory
ENERGY:     200      1081.7269      1702.7275      2079.8982       144.1782            -41.7227      -751.4060         0.0000      2443.1320      3036.5981           9695.1322       304.9158      6658.5341      9721.4814       299.2248

LDB: ============= START OF LOAD BALANCING ============== 2.56668
LDB: TIME 2.56691 LOAD: AVG 0.0188258 MAX 0.0549229  PROXIES: TOTAL 185 MAXPE 10 MAXPATCH 7 None MEM: 825.312 MB
LDB: TIME 2.56705 LOAD: AVG 0.0188258 MAX 0.0549229  PROXIES: TOTAL 185 MAXPE 10 MAXPATCH 7 RefineTorusLB MEM: 825.438 MB
LDB: TIME 2.56718 LOAD: AVG 0.0188258 MAX 0.0549229  PROXIES: TOTAL 185 MAXPE 10 MAXPATCH 7 RefineTorusLB MEM: 825.438 MB
LDB: Reverting to original mapping
LDB: ============== END OF LOAD BALANCING =============== 2.56743
Info: build node-aware spanning tree with send: 1, recv: 0 with branch factor 4
Info: useSync: 0 useProxySync: 0
LDB: =============== DONE WITH MIGRATION ================ 2.56811
PRESSURE: 300 0 0 0 0 0 0 0 0 0
GPRESSURE: 300 0 0 0 0 0 0 0 0 0
PRESSAVG: 300 0 0 0 0 0 0 0 0 0
GPRESSAVG: 300 0 0 0 0 0 0 0 0 0
Info: Initial time: 42 CPUs 0.000746546 s/step 0.00864058 days/ns 825.438 MB memory
ENERGY:     300      1069.7173      1734.7196      2074.2514       152.3354            -41.7478      -745.0598         0.0000      2434.9945      2979.2681           9658.4786       299.1591      6679.2105      9685.9191       300.7599

LDB: ============= START OF LOAD BALANCING ============== 2.64276
LDB: TIME 2.64298 LOAD: AVG 0.0187077 MAX 0.0542941  PROXIES: TOTAL 185 MAXPE 10 MAXPATCH 7 None MEM: 826.375 MB
LDB: TIME 2.64312 LOAD: AVG 0.0187077 MAX 0.0542941  PROXIES: TOTAL 185 MAXPE 10 MAXPATCH 7 RefineTorusLB MEM: 826.375 MB
LDB: TIME 2.64325 LOAD: AVG 0.0187077 MAX 0.0542941  PROXIES: TOTAL 185 MAXPE 10 MAXPATCH 7 RefineTorusLB MEM: 826.375 MB
LDB: ============== END OF LOAD BALANCING =============== 2.64348
Info: build node-aware spanning tree with send: 1, recv: 0 with branch factor 4
Info: useSync: 0 useProxySync: 0
LDB: =============== DONE WITH MIGRATION ================ 2.64416
PRESSURE: 400 0 0 0 0 0 0 0 0 0
GPRESSURE: 400 0 0 0 0 0 0 0 0 0
PRESSAVG: 400 0 0 0 0 0 0 0 0 0
GPRESSAVG: 400 0 0 0 0 0 0 0 0 0
Info: Benchmark time: 42 CPUs 0.000749148 s/step 0.00867069 days/ns 826.375 MB memory
ENERGY:     400      1079.7804      1687.5560      2104.0570       149.9266            -41.8110      -783.8264         0.0000      2436.8721      2962.9493           9595.5039       297.5205      6632.5546      9621.2985       300.2065

PRESSURE: 500 0 0 0 0 0 0 0 0 0
GPRESSURE: 500 0 0 0 0 0 0 0 0 0
PRESSAVG: 500 0 0 0 0 0 0 0 0 0
GPRESSAVG: 500 0 0 0 0 0 0 0 0 0
Info: Benchmark time: 42 CPUs 0.000752991 s/step 0.00871517 days/ns 827.188 MB memory
ENERGY:     500      1092.3958      1691.6846      2087.1726       150.8611            -42.6286      -765.1425         0.0000      2439.1525      2978.5870           9632.0825       299.0907      6653.4955      9657.4170       297.9135

PRESSURE: 600 0 0 0 0 0 0 0 0 0
GPRESSURE: 600 0 0 0 0 0 0 0 0 0
PRESSAVG: 600 0 0 0 0 0 0 0 0 0
GPRESSAVG: 600 0 0 0 0 0 0 0 0 0
Info: Benchmark time: 42 CPUs 0.00075697 s/step 0.00876123 days/ns 827.188 MB memory
ENERGY:     600      1109.1935      1703.8049      2081.9725       164.2857            -42.4254      -767.8853         0.0000      2436.0190      2989.5863           9674.5513       300.1952      6684.9650      9696.2618       300.0308

PRESSURE: 700 0 0 0 0 0 0 0 0 0
GPRESSURE: 700 0 0 0 0 0 0 0 0 0
PRESSAVG: 700 0 0 0 0 0 0 0 0 0
GPRESSAVG: 700 0 0 0 0 0 0 0 0 0
Info: Benchmark time: 42 CPUs 0.000740834 s/step 0.00857447 days/ns 827.188 MB memory
ENERGY:     700      1117.1028      1733.3972      2084.3181       157.3011            -42.3469      -791.2568         0.0000      2438.4156      2957.5902           9654.5214       296.9824      6696.9312      9681.0022       300.5030

PRESSURE: 800 0 0 0 0 0 0 0 0 0
GPRESSURE: 800 0 0 0 0 0 0 0 0 0
PRESSAVG: 800 0 0 0 0 0 0 0 0 0
GPRESSAVG: 800 0 0 0 0 0 0 0 0 0
Info: Benchmark time: 42 CPUs 0.000734104 s/step 0.00849657 days/ns 827.188 MB memory
ENERGY:     800      1114.6098      1665.2819      2098.0057       146.9197            -42.1935      -805.0611         0.0000      2439.3623      3007.2639           9624.1887       301.9703      6616.9248      9647.1661       298.5578

PRESSURE: 900 0 0 0 0 0 0 0 0 0
GPRESSURE: 900 0 0 0 0 0 0 0 0 0
PRESSAVG: 900 0 0 0 0 0 0 0 0 0
GPRESSAVG: 900 0 0 0 0 0 0 0 0 0
Info: Benchmark time: 42 CPUs 0.000745809 s/step 0.00863205 days/ns 827.188 MB memory
ENERGY:     900      1121.7273      1722.8160      2090.3595       148.9130            -42.1415      -795.0702         0.0000      2439.9681      2974.3891           9660.9612       298.6692      6686.5721      9683.8341       299.7819

PRESSURE: 1000 0 0 0 0 0 0 0 0 0
GPRESSURE: 1000 0 0 0 0 0 0 0 0 0
PRESSAVG: 1000 0 0 0 0 0 0 0 0 0
GPRESSAVG: 1000 0 0 0 0 0 0 0 0 0
TIMING: 1000  CPU: 0.774923, 0.000757228/step  Wall: 0.776262, 0.000754844/step, 0.000838716 hours remaining, 827.187500 MB of memory in use.
ETITLE:      TS           BOND          ANGLE          DIHED          IMPRP               ELECT            VDW       BOUNDARY           MISC        KINETIC               TOTAL           TEMP      POTENTIAL         TOTAL3        TEMPAVG

ENERGY:    1000      1102.3355      1695.1082      2072.2354       154.1121            -42.6921      -759.1115         0.0000      2428.8086      3014.0608           9664.8571       302.6528      6650.7963      9688.7928       300.5987

WRITING EXTENDED SYSTEM TO RESTART FILE AT STEP 1000
OPENING COORDINATE DCD FILE
WRITING COORDINATES TO DCD FILE adk-step1.dcd AT STEP 1000
WRITING COORDINATES TO RESTART FILE AT STEP 1000
FINISHED WRITING RESTART COORDINATES
The last position output (seq=1000) takes 0.004 seconds, 827.312 MB of memory in use
WRITING VELOCITIES TO RESTART FILE AT STEP 1000
FINISHED WRITING RESTART VELOCITIES
The last velocity output (seq=1000) takes 0.002 seconds, 827.312 MB of memory in use
PRESSURE: 1100 0 0 0 0 0 0 0 0 0
GPRESSURE: 1100 0 0 0 0 0 0 0 0 0
PRESSAVG: 1100 0 0 0 0 0 0 0 0 0
GPRESSAVG: 1100 0 0 0 0 0 0 0 0 0
ENERGY:    1100      1137.1786      1710.2804      2085.2856       156.4061            -41.7194      -815.4306         0.0000      2432.2650      2952.7854           9617.0511       296.4999      6664.2657      9638.1759       300.5140

PRESSURE: 1200 0 0 0 0 0 0 0 0 0
GPRESSURE: 1200 0 0 0 0 0 0 0 0 0
PRESSAVG: 1200 0 0 0 0 0 0 0 0 0
GPRESSAVG: 1200 0 0 0 0 0 0 0 0 0
ENERGY:    1200      1103.0336      1701.8253      2068.2089       169.5131            -41.0978      -803.6104         0.0000      2441.1148      2951.5761           9590.5636       296.3785      6638.9875      9613.4717       298.3464

PRESSURE: 1300 0 0 0 0 0 0 0 0 0
GPRESSURE: 1300 0 0 0 0 0 0 0 0 0
PRESSAVG: 1300 0 0 0 0 0 0 0 0 0
GPRESSAVG: 1300 0 0 0 0 0 0 0 0 0
ENERGY:    1300      1087.3802      1682.2921      2090.3226       163.4713            -41.3200      -797.9038         0.0000      2446.5221      2948.7546           9579.5192       296.0951      6630.7645      9603.1740       297.2540

PRESSURE: 1400 0 0 0 0 0 0 0 0 0
GPRESSURE: 1400 0 0 0 0 0 0 0 0 0
PRESSAVG: 1400 0 0 0 0 0 0 0 0 0
GPRESSAVG: 1400 0 0 0 0 0 0 0 0 0
ENERGY:    1400      1055.9724      1677.5838      2070.4608       142.6973            -41.5116      -779.8072         0.0000      2443.5632      2995.1378           9564.0966       300.7526      6568.9588      9588.3841       296.3144

PRESSURE: 1500 0 0 0 0 0 0 0 0 0
GPRESSURE: 1500 0 0 0 0 0 0 0 0 0
PRESSAVG: 1500 0 0 0 0 0 0 0 0 0
GPRESSAVG: 1500 0 0 0 0 0 0 0 0 0
ENERGY:    1500      1085.4607      1667.1520      2074.5699       165.8889            -42.4198      -760.9563         0.0000      2444.0292      2955.8807           9589.6052       296.8107      6633.7245      9613.8339       295.9425

PRESSURE: 1600 0 0 0 0 0 0 0 0 0
GPRESSURE: 1600 0 0 0 0 0 0 0 0 0
PRESSAVG: 1600 0 0 0 0 0 0 0 0 0
GPRESSAVG: 1600 0 0 0 0 0 0 0 0 0
ENERGY:    1600      1071.7749      1679.5626      2080.9329       161.3726            -41.8791      -813.4402         0.0000      2452.6631      2976.8745           9567.8614       298.9188      6590.9868      9590.4983       296.8843

PRESSURE: 1700 0 0 0 0 0 0 0 0 0
GPRESSURE: 1700 0 0 0 0 0 0 0 0 0
PRESSAVG: 1700 0 0 0 0 0 0 0 0 0
GPRESSAVG: 1700 0 0 0 0 0 0 0 0 0
ENERGY:    1700      1054.1910      1642.8959      2102.3672       154.8329            -42.1135      -763.9244         0.0000      2450.4119      3038.4180           9637.0790       305.0986      6598.6610      9663.6473       297.2610

PRESSURE: 1800 0 0 0 0 0 0 0 0 0
GPRESSURE: 1800 0 0 0 0 0 0 0 0 0
PRESSAVG: 1800 0 0 0 0 0 0 0 0 0
GPRESSAVG: 1800 0 0 0 0 0 0 0 0 0
ENERGY:    1800      1089.7499      1680.1968      2086.4734       156.1011            -41.7975      -804.8262         0.0000      2444.8225      2994.7260           9605.4461       300.7113      6610.7200      9630.7937       297.6793

PRESSURE: 1900 0 0 0 0 0 0 0 0 0
GPRESSURE: 1900 0 0 0 0 0 0 0 0 0
PRESSAVG: 1900 0 0 0 0 0 0 0 0 0
GPRESSAVG: 1900 0 0 0 0 0 0 0 0 0
ENERGY:    1900      1112.3593      1671.9550      2090.2110       160.5042            -40.6562      -783.0995         0.0000      2441.3524      2961.7993           9614.4256       297.4050      6652.6262      9636.4609       296.8074

WRITING COORDINATES TO DCD FILE adk-step1.dcd AT STEP 2000
WRITING COORDINATES TO RESTART FILE AT STEP 2000
FINISHED WRITING RESTART COORDINATES
The last position output (seq=2000) takes 0.003 seconds, 827.312 MB of memory in use
WRITING VELOCITIES TO RESTART FILE AT STEP 2000
FINISHED WRITING RESTART VELOCITIES
The last velocity output (seq=2000) takes 0.002 seconds, 827.375 MB of memory in use
PRESSURE: 2000 0 0 0 0 0 0 0 0 0
GPRESSURE: 2000 0 0 0 0 0 0 0 0 0
PRESSAVG: 2000 0 0 0 0 0 0 0 0 0
GPRESSAVG: 2000 0 0 0 0 0 0 0 0 0
TIMING: 2000  CPU: 1.46684, 0.000691919/step  Wall: 1.47755, 0.000701289/step, 0.000584408 hours remaining, 827.375000 MB of memory in use.
ETITLE:      TS           BOND          ANGLE          DIHED          IMPRP               ELECT            VDW       BOUNDARY           MISC        KINETIC               TOTAL           TEMP      POTENTIAL         TOTAL3        TEMPAVG

ENERGY:    2000      1087.2808      1670.5804      2089.0593       162.6115            -40.2946      -792.4222         0.0000      2441.9693      2979.6789           9598.4634       299.2004      6618.7845      9628.3900       298.6764

WRITING EXTENDED SYSTEM TO RESTART FILE AT STEP 2000
PRESSURE: 2100 0 0 0 0 0 0 0 0 0
GPRESSURE: 2100 0 0 0 0 0 0 0 0 0
PRESSAVG: 2100 0 0 0 0 0 0 0 0 0
GPRESSAVG: 2100 0 0 0 0 0 0 0 0 0
ENERGY:    2100      1119.4904      1649.1905      2087.4240       143.8583            -41.1418      -784.7503         0.0000      2441.7567      2955.9996           9571.8274       296.8226      6615.8278      9597.0737       296.6443

PRESSURE: 2200 0 0 0 0 0 0 0 0 0
GPRESSURE: 2200 0 0 0 0 0 0 0 0 0
PRESSAVG: 2200 0 0 0 0 0 0 0 0 0
GPRESSAVG: 2200 0 0 0 0 0 0 0 0 0
ENERGY:    2200      1068.6113      1726.0750      2081.9777       165.9139            -42.1579      -778.4810         0.0000      2442.0774      2963.0830           9627.0993       297.5339      6664.0164      9652.8678       298.4401

PRESSURE: 2300 0 0 0 0 0 0 0 0 0
GPRESSURE: 2300 0 0 0 0 0 0 0 0 0
PRESSAVG: 2300 0 0 0 0 0 0 0 0 0
GPRESSAVG: 2300 0 0 0 0 0 0 0 0 0
ENERGY:    2300      1102.6816      1709.4254      2070.1649       154.5653            -41.6884      -794.8879         0.0000      2441.9407      2947.8349           9590.0364       296.0028      6642.2016      9614.1023       298.0216

PRESSURE: 2400 0 0 0 0 0 0 0 0 0
GPRESSURE: 2400 0 0 0 0 0 0 0 0 0
PRESSAVG: 2400 0 0 0 0 0 0 0 0 0
GPRESSAVG: 2400 0 0 0 0 0 0 0 0 0
ENERGY:    2400      1101.2122      1717.4396      2118.6228       146.1857            -41.4301      -792.7457         0.0000      2437.3778      2874.6093           9561.2715       288.6499      6686.6622      9581.0087       296.3188

PRESSURE: 2500 0 0 0 0 0 0 0 0 0
GPRESSURE: 2500 0 0 0 0 0 0 0 0 0
PRESSAVG: 2500 0 0 0 0 0 0 0 0 0
GPRESSAVG: 2500 0 0 0 0 0 0 0 0 0
ENERGY:    2500      1110.7050      1690.9259      2106.4221       165.7642            -42.4653      -809.4327         0.0000      2435.6992      2965.0174           9622.6359       297.7281      6657.6185      9647.6871       297.9056

PRESSURE: 2600 0 0 0 0 0 0 0 0 0
GPRESSURE: 2600 0 0 0 0 0 0 0 0 0
PRESSAVG: 2600 0 0 0 0 0 0 0 0 0
GPRESSAVG: 2600 0 0 0 0 0 0 0 0 0
ENERGY:    2600      1109.0359      1689.7350      2117.7828       161.5462            -43.2167      -774.2178         0.0000      2442.3456      3010.2147           9713.2257       302.2666      6703.0110      9737.3904       301.2229

PRESSURE: 2700 0 0 0 0 0 0 0 0 0
GPRESSURE: 2700 0 0 0 0 0 0 0 0 0
PRESSAVG: 2700 0 0 0 0 0 0 0 0 0
GPRESSAVG: 2700 0 0 0 0 0 0 0 0 0
ENERGY:    2700      1140.5020      1725.2446      2093.6761       158.7203            -41.9878      -804.3799         0.0000      2442.1744      2952.2666           9666.2164       296.4478      6713.9498      9692.9572       302.3176

PRESSURE: 2800 0 0 0 0 0 0 0 0 0
GPRESSURE: 2800 0 0 0 0 0 0 0 0 0
PRESSAVG: 2800 0 0 0 0 0 0 0 0 0
GPRESSAVG: 2800 0 0 0 0 0 0 0 0 0
ENERGY:    2800      1095.6391      1669.9313      2104.2522       160.2026            -41.5057      -787.4628         0.0000      2442.0656      3002.8540           9645.9763       301.5275      6643.1223      9668.6714       302.0418

PRESSURE: 2900 0 0 0 0 0 0 0 0 0
GPRESSURE: 2900 0 0 0 0 0 0 0 0 0
PRESSAVG: 2900 0 0 0 0 0 0 0 0 0
GPRESSAVG: 2900 0 0 0 0 0 0 0 0 0
ENERGY:    2900      1104.2716      1687.9549      2099.4313       151.0981            -41.5044      -764.4787         0.0000      2442.5846      3018.7195           9698.0770       303.1206      6679.3575      9721.0726       300.4636

WRITING COORDINATES TO DCD FILE adk-step1.dcd AT STEP 3000
WRITING COORDINATES TO RESTART FILE AT STEP 3000
FINISHED WRITING RESTART COORDINATES
The last position output (seq=3000) takes 0.003 seconds, 827.375 MB of memory in use
WRITING VELOCITIES TO RESTART FILE AT STEP 3000
FINISHED WRITING RESTART VELOCITIES
The last velocity output (seq=3000) takes 0.002 seconds, 827.375 MB of memory in use
PRESSURE: 3000 0 0 0 0 0 0 0 0 0
GPRESSURE: 3000 0 0 0 0 0 0 0 0 0
PRESSAVG: 3000 0 0 0 0 0 0 0 0 0
GPRESSAVG: 3000 0 0 0 0 0 0 0 0 0
TIMING: 3000  CPU: 2.03664, 0.000569797/step  Wall: 2.05138, 0.000573827/step, 0.000318793 hours remaining, 827.375000 MB of memory in use.
ETITLE:      TS           BOND          ANGLE          DIHED          IMPRP               ELECT            VDW       BOUNDARY           MISC        KINETIC               TOTAL           TEMP      POTENTIAL         TOTAL3        TEMPAVG

ENERGY:    3000      1107.5877      1718.9058      2115.1398       156.6654            -42.4634      -821.5819         0.0000      2446.2850      2981.4868           9662.0252       299.3819      6680.5384      9689.2941       299.9741

WRITING EXTENDED SYSTEM TO RESTART FILE AT STEP 3000
PRESSURE: 3100 0 0 0 0 0 0 0 0 0
GPRESSURE: 3100 0 0 0 0 0 0 0 0 0
PRESSAVG: 3100 0 0 0 0 0 0 0 0 0
GPRESSAVG: 3100 0 0 0 0 0 0 0 0 0
ENERGY:    3100      1120.5656      1702.6593      2077.0569       164.6434            -41.3896      -765.1326         0.0000      2445.2925      2939.1536           9642.8491       295.1311      6703.6954      9664.9901       300.2718

PRESSURE: 3200 0 0 0 0 0 0 0 0 0
GPRESSURE: 3200 0 0 0 0 0 0 0 0 0
PRESSAVG: 3200 0 0 0 0 0 0 0 0 0
GPRESSAVG: 3200 0 0 0 0 0 0 0 0 0
ENERGY:    3200      1117.2152      1726.7027      2095.5746       146.6417            -41.3142      -796.9645         0.0000      2446.3119      2989.0372           9683.2047       300.1401      6694.1675      9710.2194       301.9207

PRESSURE: 3300 0 0 0 0 0 0 0 0 0
GPRESSURE: 3300 0 0 0 0 0 0 0 0 0
PRESSAVG: 3300 0 0 0 0 0 0 0 0 0
GPRESSAVG: 3300 0 0 0 0 0 0 0 0 0
ENERGY:    3300      1102.7853      1735.1327      2106.2759       152.0351            -41.8809      -820.8699         0.0000      2448.2063      2990.8970           9672.5816       300.3268      6681.6846      9696.5902       302.5083

PRESSURE: 3400 0 0 0 0 0 0 0 0 0
GPRESSURE: 3400 0 0 0 0 0 0 0 0 0
PRESSAVG: 3400 0 0 0 0 0 0 0 0 0
GPRESSAVG: 3400 0 0 0 0 0 0 0 0 0
ENERGY:    3400      1085.1390      1658.5782      2098.3655       144.8678            -41.5773      -768.9339         0.0000      2441.2720      3084.3937           9702.1051       309.7152      6617.7114      9733.3841       302.8960

PRESSURE: 3500 0 0 0 0 0 0 0 0 0
GPRESSURE: 3500 0 0 0 0 0 0 0 0 0
PRESSAVG: 3500 0 0 0 0 0 0 0 0 0
GPRESSAVG: 3500 0 0 0 0 0 0 0 0 0
ENERGY:    3500      1081.7883      1732.5931      2127.7094       158.6841            -40.7150      -815.8673         0.0000      2444.2735      2999.4350           9687.9011       301.1841      6688.4661      9713.5522       303.7347

PRESSURE: 3600 0 0 0 0 0 0 0 0 0
GPRESSURE: 3600 0 0 0 0 0 0 0 0 0
PRESSAVG: 3600 0 0 0 0 0 0 0 0 0
GPRESSAVG: 3600 0 0 0 0 0 0 0 0 0
ENERGY:    3600      1072.5206      1703.0109      2100.0595       147.1605            -40.8644      -776.1571         0.0000      2442.9493      3043.1832           9691.8626       305.5771      6648.6793      9719.9797       302.6119

PRESSURE: 3700 0 0 0 0 0 0 0 0 0
GPRESSURE: 3700 0 0 0 0 0 0 0 0 0
PRESSAVG: 3700 0 0 0 0 0 0 0 0 0
GPRESSAVG: 3700 0 0 0 0 0 0 0 0 0
ENERGY:    3700      1068.0725      1719.7781      2076.1340       150.0806            -41.4920      -805.8735         0.0000      2447.2365      3115.5819           9729.5182       312.8469      6613.9363      9759.0043       304.5568

PRESSURE: 3800 0 0 0 0 0 0 0 0 0
GPRESSURE: 3800 0 0 0 0 0 0 0 0 0
PRESSAVG: 3800 0 0 0 0 0 0 0 0 0
GPRESSAVG: 3800 0 0 0 0 0 0 0 0 0
ENERGY:    3800      1099.8909      1764.7294      2083.5433       164.6337            -41.9190      -795.0570         0.0000      2442.5781      3030.0587           9748.4582       304.2592      6718.3994      9770.7128       304.2706

PRESSURE: 3900 0 0 0 0 0 0 0 0 0
GPRESSURE: 3900 0 0 0 0 0 0 0 0 0
PRESSAVG: 3900 0 0 0 0 0 0 0 0 0
GPRESSAVG: 3900 0 0 0 0 0 0 0 0 0
ENERGY:    3900      1150.3299      1675.9543      2101.2388       150.7432            -41.2011      -769.6693         0.0000      2437.5876      2982.7127           9687.6960       299.5050      6704.9833      9713.4028       302.9299

WRITING COORDINATES TO DCD FILE adk-step1.dcd AT STEP 4000
WRITING COORDINATES TO RESTART FILE AT STEP 4000
FINISHED WRITING RESTART COORDINATES
The last position output (seq=4000) takes 0.003 seconds, 827.375 MB of memory in use
WRITING VELOCITIES TO RESTART FILE AT STEP 4000
FINISHED WRITING RESTART VELOCITIES
The last velocity output (seq=4000) takes 0.002 seconds, 827.375 MB of memory in use
PRESSURE: 4000 0 0 0 0 0 0 0 0 0
GPRESSURE: 4000 0 0 0 0 0 0 0 0 0
PRESSAVG: 4000 0 0 0 0 0 0 0 0 0
GPRESSAVG: 4000 0 0 0 0 0 0 0 0 0
TIMING: 4000  CPU: 2.59869, 0.000562048/step  Wall: 2.61717, 0.000565793/step, 0.000157165 hours remaining, 827.375000 MB of memory in use.
ETITLE:      TS           BOND          ANGLE          DIHED          IMPRP               ELECT            VDW       BOUNDARY           MISC        KINETIC               TOTAL           TEMP      POTENTIAL         TOTAL3        TEMPAVG

ENERGY:    4000      1120.0616      1690.1689      2077.5280       153.8801            -41.3762      -738.5909         0.0000      2432.8399      2976.5832           9671.0946       298.8895      6694.5115      9692.5187       302.7370

WRITING EXTENDED SYSTEM TO RESTART FILE AT STEP 4000
PRESSURE: 4100 0 0 0 0 0 0 0 0 0
GPRESSURE: 4100 0 0 0 0 0 0 0 0 0
PRESSAVG: 4100 0 0 0 0 0 0 0 0 0
GPRESSAVG: 4100 0 0 0 0 0 0 0 0 0
ENERGY:    4100      1094.7638      1736.9882      2065.2052       160.7104            -40.8868      -768.6997         0.0000      2435.8753      2969.5616           9653.5180       298.1844      6683.9564      9678.1463       301.6061

PRESSURE: 4200 0 0 0 0 0 0 0 0 0
GPRESSURE: 4200 0 0 0 0 0 0 0 0 0
PRESSAVG: 4200 0 0 0 0 0 0 0 0 0
GPRESSAVG: 4200 0 0 0 0 0 0 0 0 0
ENERGY:    4200      1146.7714      1782.1915      2079.3749       153.1729            -41.4179      -809.1390         0.0000      2443.2975      2940.9999           9695.2512       295.3165      6754.2513      9714.4377       301.4678

LDB: ============= START OF LOAD BALANCING ============== 5.10236
LDB: ============== END OF LOAD BALANCING =============== 5.10242
Info: useSync: 0 useProxySync: 0
LDB: =============== DONE WITH MIGRATION ================ 5.10254
PRESSURE: 4300 0 0 0 0 0 0 0 0 0
GPRESSURE: 4300 0 0 0 0 0 0 0 0 0
PRESSAVG: 4300 0 0 0 0 0 0 0 0 0
GPRESSAVG: 4300 0 0 0 0 0 0 0 0 0
ENERGY:    4300      1109.1513      1709.3820      2081.4150       150.9361            -41.0541      -751.9300         0.0000      2444.2746      2957.0920           9659.2669       296.9323      6702.1748      9681.2638       302.1773

LDB: ============= START OF LOAD BALANCING ============== 5.15885
LDB: TIME 5.15909 LOAD: AVG 0.0154174 MAX 0.0342155  PROXIES: TOTAL 185 MAXPE 10 MAXPATCH 7 None MEM: 827.375 MB
LDB: TIME 5.15924 LOAD: AVG 0.0154174 MAX 0.0342155  PROXIES: TOTAL 185 MAXPE 10 MAXPATCH 7 RefineTorusLB MEM: 827.5 MB
LDB: TIME 5.15937 LOAD: AVG 0.0154174 MAX 0.0342155  PROXIES: TOTAL 185 MAXPE 10 MAXPATCH 7 RefineTorusLB MEM: 827.5 MB
LDB: Reverting to original mapping
LDB: ============== END OF LOAD BALANCING =============== 5.15961
Info: build node-aware spanning tree with send: 1, recv: 0 with branch factor 4
Info: useSync: 0 useProxySync: 0
LDB: =============== DONE WITH MIGRATION ================ 5.16027
PRESSURE: 4400 0 0 0 0 0 0 0 0 0
GPRESSURE: 4400 0 0 0 0 0 0 0 0 0
PRESSAVG: 4400 0 0 0 0 0 0 0 0 0
GPRESSAVG: 4400 0 0 0 0 0 0 0 0 0
ENERGY:    4400      1106.4988      1717.6858      2108.8290       147.7441            -41.0477      -795.8028         0.0000      2448.7616      3025.5348           9718.2037       303.8049      6692.6689      9741.4317       301.8193

PRESSURE: 4500 0 0 0 0 0 0 0 0 0
GPRESSURE: 4500 0 0 0 0 0 0 0 0 0
PRESSAVG: 4500 0 0 0 0 0 0 0 0 0
GPRESSAVG: 4500 0 0 0 0 0 0 0 0 0
ENERGY:    4500      1108.0673      1753.0454      2099.1525       155.2832            -41.5257      -851.0078         0.0000      2452.7170      2999.5165           9675.2486       301.1923      6675.7321      9699.0822       302.7690

PRESSURE: 4600 0 0 0 0 0 0 0 0 0
GPRESSURE: 4600 0 0 0 0 0 0 0 0 0
PRESSAVG: 4600 0 0 0 0 0 0 0 0 0
GPRESSAVG: 4600 0 0 0 0 0 0 0 0 0
ENERGY:    4600      1084.2727      1681.1826      2096.7156       155.6912            -42.7649      -801.7524         0.0000      2445.9245      2995.4139           9614.6831       300.7804      6619.2693      9640.4489       300.7911

PRESSURE: 4700 0 0 0 0 0 0 0 0 0
GPRESSURE: 4700 0 0 0 0 0 0 0 0 0
PRESSAVG: 4700 0 0 0 0 0 0 0 0 0
GPRESSAVG: 4700 0 0 0 0 0 0 0 0 0
ENERGY:    4700      1089.6498      1695.3725      2065.8136       159.6073            -42.4367      -770.4978         0.0000      2443.2991      2983.1381           9623.9459       299.5477      6640.8077      9646.0356       299.5655

PRESSURE: 4800 0 0 0 0 0 0 0 0 0
GPRESSURE: 4800 0 0 0 0 0 0 0 0 0
PRESSAVG: 4800 0 0 0 0 0 0 0 0 0
GPRESSAVG: 4800 0 0 0 0 0 0 0 0 0
ENERGY:    4800      1132.1448      1663.3272      2058.1786       164.7569            -42.2288      -750.0718         0.0000      2446.1120      2984.9618           9657.1807       299.7308      6672.2189      9680.5789       299.9181

PRESSURE: 4900 0 0 0 0 0 0 0 0 0
GPRESSURE: 4900 0 0 0 0 0 0 0 0 0
PRESSAVG: 4900 0 0 0 0 0 0 0 0 0
GPRESSAVG: 4900 0 0 0 0 0 0 0 0 0
ENERGY:    4900      1093.8794      1685.8767      2080.4356       155.0699            -42.6859      -781.3065         0.0000      2451.3194      3028.1514           9670.7400       304.0677      6642.5886      9693.4393       300.1646

PRESSURE: 5000 0 0 0 0 0 0 0 0 0
GPRESSURE: 5000 0 0 0 0 0 0 0 0 0
PRESSAVG: 5000 0 0 0 0 0 0 0 0 0
GPRESSAVG: 5000 0 0 0 0 0 0 0 0 0
TIMING: 5000  CPU: 3.15567, 0.000556984/step  Wall: 3.17991, 0.000562738/step, 0 hours remaining, 827.500000 MB of memory in use.
ETITLE:      TS           BOND          ANGLE          DIHED          IMPRP               ELECT            VDW       BOUNDARY           MISC        KINETIC               TOTAL           TEMP      POTENTIAL         TOTAL3        TEMPAVG

ENERGY:    5000      1108.6603      1713.7898      2062.1751       156.5220            -42.2218      -779.6661         0.0000      2448.4000      2985.8119           9653.4712       299.8162      6667.6593      9674.0525       301.1459

WRITING EXTENDED SYSTEM TO RESTART FILE AT STEP 5000
WRITING COORDINATES TO DCD FILE adk-step1.dcd AT STEP 5000
WRITING COORDINATES TO RESTART FILE AT STEP 5000
FINISHED WRITING RESTART COORDINATES
The last position output (seq=5000) takes 0.002 seconds, 828.125 MB of memory in use
WRITING VELOCITIES TO RESTART FILE AT STEP 5000
FINISHED WRITING RESTART VELOCITIES
The last velocity output (seq=5000) takes 0.002 seconds, 828.125 MB of memory in use
WRITING EXTENDED SYSTEM TO OUTPUT FILE AT STEP 5000
WRITING COORDINATES TO OUTPUT FILE AT STEP 5000
CLOSING COORDINATE DCD FILE adk-step1.dcd
The last position output (seq=-2) takes 0.004 seconds, 828.125 MB of memory in use
WRITING VELOCITIES TO OUTPUT FILE AT STEP 5000
====================================================

WallClock: 5.506808  CPUTime: 4.019727  Memory: 828.125000 MB
End of program
