3_14_cc.dat
/gpfs/alpine/bip115/scratch/hrlee/radical.pilot.sandbox/re.session.login1.hrlee.018632.0003/pilot.0000/staging_area/3_14_cc.dat
3, 14
Choosing optimized barrier algorithm name I0:HybridBinomial:SHMEM:P2P
Converse/Charm++ Commit ID: v6.10.2-0-g7bf00fa-namd-charm-6.10.2-build-2020-Aug-05-556
Warning> Randomization of virtual memory (ASLR) is turned on in the kernel, thread migration may not work! Run 'echo 0 > /proc/sys/kernel/randomize_va_space' as root to disable it, or try running with '+isomalloc_sync'.
CharmLB> Load balancer assumes all CPUs are same.
Charm++> Running on 1 hosts (1 sockets x 7 cores x 4 PUs = 28-way SMP)
Charm++> cpu topology info is gathered in 0.002 seconds.
Info: Built with CUDA version 10010
Did not find +devices i,j,k,... argument, using all
Pe 3 physical rank 3 will use CUDA device of pe 4
Pe 9 physical rank 9 will use CUDA device of pe 7
Pe 16 physical rank 16 will use CUDA device of pe 14
Pe 23 physical rank 23 will use CUDA device of pe 21
Pe 40 physical rank 40 will use CUDA device of pe 35
Pe 33 physical rank 33 will use CUDA device of pe 28
Pe 5 physical rank 5 will use CUDA device of pe 4
Pe 10 physical rank 10 will use CUDA device of pe 7
Pe 20 physical rank 20 will use CUDA device of pe 14
Pe 24 physical rank 24 will use CUDA device of pe 21
Pe 39 physical rank 39 will use CUDA device of pe 35
Pe 34 physical rank 34 will use CUDA device of pe 28
Pe 6 physical rank 6 will use CUDA device of pe 4
Pe 11 physical rank 11 will use CUDA device of pe 7
Pe 18 physical rank 18 will use CUDA device of pe 14
Pe 27 physical rank 27 will use CUDA device of pe 21
Pe 41 physical rank 41 will use CUDA device of pe 35
Pe 30 physical rank 30 will use CUDA device of pe 28
Pe 2 physical rank 2 will use CUDA device of pe 4
Pe 12 physical rank 12 will use CUDA device of pe 7
Pe 17 physical rank 17 will use CUDA device of pe 14
Pe 25 physical rank 25 will use CUDA device of pe 21
Pe 37 physical rank 37 will use CUDA device of pe 35
Pe 31 physical rank 31 will use CUDA device of pe 28
Pe 1 physical rank 1 will use CUDA device of pe 4
Pe 8 physical rank 8 will use CUDA device of pe 7
Pe 19 physical rank 19 will use CUDA device of pe 14
Pe 26 physical rank 26 will use CUDA device of pe 21
Pe 38 physical rank 38 will use CUDA device of pe 35
Pe 32 physical rank 32 will use CUDA device of pe 28
Pe 15 physical rank 15 will use CUDA device of pe 14
Pe 22 physical rank 22 will use CUDA device of pe 21
Pe 36 physical rank 36 will use CUDA device of pe 35
Pe 29 physical rank 29 will use CUDA device of pe 28
Pe 0 physical rank 0 will use CUDA device of pe 4
Pe 13 physical rank 13 will use CUDA device of pe 7
Pe 4 physical rank 4 binding to CUDA device 0 on g24n18: 'Tesla V100-SXM2-16GB'  Mem: 16128MB  Rev: 7.0  PCI: 4:4:0
Pe 7 physical rank 7 binding to CUDA device 0 on g24n18: 'Tesla V100-SXM2-16GB'  Mem: 16128MB  Rev: 7.0  PCI: 4:5:0
Pe 14 physical rank 14 binding to CUDA device 0 on g24n18: 'Tesla V100-SXM2-16GB'  Mem: 16128MB  Rev: 7.0  PCI: 4:6:0
Pe 21 physical rank 21 binding to CUDA device 0 on g24n18: 'Tesla V100-SXM2-16GB'  Mem: 16128MB  Rev: 7.0  PCI: 35:3:0
Pe 35 physical rank 35 binding to CUDA device 0 on g24n18: 'Tesla V100-SXM2-16GB'  Mem: 16128MB  Rev: 7.0  PCI: 35:5:0
Pe 28 physical rank 28 binding to CUDA device 0 on g24n18: 'Tesla V100-SXM2-16GB'  Mem: 16128MB  Rev: 7.0  PCI: 35:4:0
Info: NAMD 2.14 for Linux-POWER-pami-smp-Summit-CUDA
Info: 
Info: Please visit http://www.ks.uiuc.edu/Research/namd/
Info: for updates, documentation, and support information.
Info: 
Info: Please cite Phillips et al., J. Chem. Phys. 153:044130 (2020) doi:10.1063/5.0014475
Info: in all publications reporting results obtained with NAMD.
Info: 
Info: Based on Charm++/Converse 61002 for pami-linux-ppc64le-smp
Info: Built Wed Aug 5 14:28:51 EDT 2020 by jimp on login2
Info: 1 NAMD  2.14  Linux-POWER-pami-smp-Summit-CUDA  42    g24n18  hrlee
Info: Running on 42 processors, 6 nodes, 1 physical nodes.
Info: CPU topology information available.
Info: Charm++/Converse parallel runtime startup completed at 1.32194 s
CkLoopLib is used in SMP with simple dynamic scheduling (converse-level notification)
Info: 791.625 MB of memory in use based on /proc/self/stat
Info: Configuration file is adk-step1.namd
Info: Working in the current directory /gpfs/alpine/bip115/scratch/hrlee/radical.pilot.sandbox/re.session.login1.hrlee.018632.0003/pilot.0000/unit.001001
TCL: Suspending until startup complete.
Info: SIMULATION PARAMETERS:
Info: TIMESTEP               1
Info: NUMBER OF STEPS        0
Info: STEPS PER CYCLE        20
Info: LOAD BALANCER  Centralized
Info: LOAD BALANCING STRATEGY  New Load Balancers -- DEFAULT
Info: LDB PERIOD             4000 steps
Info: FIRST LDB TIMESTEP     100
Info: LAST LDB TIMESTEP     -1
Info: LDB BACKGROUND SCALING 1
Info: HOM BACKGROUND SCALING 1
Info: MIN ATOMS PER PATCH    40
Info: VELOCITY FILE          3_14_adk-step1.restart.vel
Info: CENTER OF MASS MOVING INITIALLY? NO
Info: DIELECTRIC             80
Info: EXCLUDE                SCALED ONE-FOUR
Info: 1-4 ELECTROSTATICS SCALED BY 1
Info: MODIFIED 1-4 VDW PARAMETERS WILL BE USED
Info: DCD FILENAME           adk-step1.dcd
Info: DCD FREQUENCY          1000
Info: DCD FIRST STEP         1000
Info: NO EXTENDED SYSTEM TRAJECTORY OUTPUT
Info: NO VELOCITY DCD OUTPUT
Info: NO FORCE DCD OUTPUT
Info: OUTPUT FILENAME        adk-step1
Info: BINARY OUTPUT FILES WILL BE USED
Info: RESTART FILENAME       adk-step1.restart
Info: RESTART FREQUENCY      1000
Info: BINARY RESTART FILES WILL BE USED
Info: SWITCHING ACTIVE
Info: SWITCHING ON           9
Info: SWITCHING OFF          10
Info: PAIRLIST DISTANCE      11
Info: PAIRLIST SHRINK RATE   0.01
Info: PAIRLIST GROW RATE     0.01
Info: PAIRLIST TRIGGER       0.3
Info: PAIRLISTS PER CYCLE    2
Info: PAIRLISTS ENABLED
Info: MARGIN                 0
Info: HYDROGEN GROUP CUTOFF  2.5
Info: PATCH DIMENSION        13.5
Info: ENERGY OUTPUT STEPS    100
Info: CROSSTERM ENERGY INCLUDED IN DIHEDRAL
Info: TIMING OUTPUT STEPS    1000
Info: PRESSURE OUTPUT STEPS  100
Info: GRID FORCE ACTIVE
Info:  Please include this reference in published work using
Info:  the Gridforce module of NAMD: David Wells, Volha Abramkina,
Info:  and Aleksei Aksimentiev, J. Chem. Phys. 127:125101-10 (2007).
Info: MGRIDFORCE key 0
Info:            Potfile 4ake-target_autopsf-grid.dx
Info:            Scale 0.3 0.3 0.3
Info:            File 1ake-docked-noh_autopsf-grid.pdb
Info:            Col O
Info:            ChargeCol B
Info:            VOffset 0 0 0
Info:            Continuous K1 FALSE
Info:            Continuous K2 FALSE
Info:            Continuous K3 FALSE
Info:            Volts FALSE
Info:            Gridforce-Lite FALSE
Info:            Gridforce-CheckSize TRUE
Info: LANGEVIN DYNAMICS ACTIVE
Info: LANGEVIN TEMPERATURE   300
Info: LANGEVIN USING BBK INTEGRATOR
Info: LANGEVIN DAMPING COEFFICIENT IS 5 INVERSE PS
Info: LANGEVIN DYNAMICS NOT APPLIED TO HYDROGENS
Info: USING VERLET I (r-RESPA) MTS SCHEME.
Info: C1 SPLITTING OF LONG RANGE ELECTROSTATICS
Info: PLACING ATOMS IN PATCHES BY HYDROGEN GROUPS
Info: RIGID BONDS TO HYDROGEN : WATER
Info:         ERROR TOLERANCE : 1e-08
Info:          MAX ITERATIONS : 100
Info: RIGID WATER USING SETTLE ALGORITHM
Info: NONBONDED FORCES EVALUATED EVERY 2 STEPS
Info: RANDOM NUMBER SEED     1609822607
Info: USE HYDROGEN BONDS?    NO
Info: COORDINATE PDB         1ake-docked-noh_autopsf.pdb
Info: STRUCTURE FILE         1ake-docked-noh_autopsf.psf
Info: PARAMETER file: CHARMM format! 
Info: PARAMETERS             par_all36_prot.prm
Info: USING ARITHMETIC MEAN TO COMBINE L-J SIGMA PARAMETERS
Info: BINARY COORDINATES     3_14_adk-step1.restart.coor
Info: SUMMARY OF PARAMETERS:
Info: 132 BONDS
Info: 362 ANGLES
Info: 702 DIHEDRAL
Info: 35 IMPROPER
Info: 6 CROSSTERM
Info: 53 VDW
Info: 0 VDW_PAIRS
Info: 0 NBTHOLE_PAIRS
Info: TIME FOR READING PSF FILE: 0.433273
Info: READING EXTRA BONDS FILE 1ake-extrabonds.txt
Info: READING EXTRA BONDS FILE 1ake-extrabonds-cispeptide.txt
Info: READING EXTRA BONDS FILE 1ake-extrabonds-chirality.txt
Info: READ 80 EXTRA BONDS
Info: READ 80 EXTRA ANGLES
Warning: EXTRA ANGLES ARE COSINE-BASED BY DEFAULT TO MATCH PREVIOUS VERSIONS
Warning: FOR NORMAL HARMONIC EXTRA ANGLES SET extraBondsCosAngles off
Info: READ 493 EXTRA DIHEDRALS
Info: READ 438 EXTRA IMPROPERS
Info: Reading pdb file 1ake-docked-noh_autopsf.pdb
Info: TIME FOR READING PDB FILE: 0.0832054
Info: 
Info: ****************************
Info: STRUCTURE SUMMARY:
Info: 3341 ATOMS
Info: 3445 BONDS
Info: 6203 ANGLES
Info: 9414 DIHEDRALS
Info: 1005 IMPROPERS
Info: 212 CROSSTERMS
Info: 0 EXCLUSIONS
Info: 0 RIGID BONDS
Info: 1 GRIDS ACTIVE
Info: 10023 DEGREES OF FREEDOM
Info: 1656 HYDROGEN GROUPS
Info: 4 ATOMS IN LARGEST HYDROGEN GROUP
Info: 1656 MIGRATION GROUPS
Info: 4 ATOMS IN LARGEST MIGRATION GROUP
Info: TOTAL MASS = 23582 amu
Info: TOTAL CHARGE = -4 e
Info: *****************************
Info: Reading from binary file 3_14_adk-step1.restart.coor
Info: 
Info: Entering startup at 2.37679 s, 798.75 MB of memory in use
Info: Startup phase 0 took 0.000227702 s, 798.75 MB of memory in use
Info: ADDED 18308 IMPLICIT EXCLUSIONS
Info: Startup phase 1 took 0.00773725 s, 799 MB of memory in use
Info: NONBONDED TABLE R-SQUARED SPACING: 0.0625
Info: NONBONDED TABLE SIZE: 705 POINTS
Info: ABSOLUTE IMPRECISION IN FAST TABLE ENERGY: 3.38813e-21 AT 9.89634
Info: RELATIVE IMPRECISION IN FAST TABLE ENERGY: 4.23384e-15 AT 9.94673
Info: ABSOLUTE IMPRECISION IN FAST TABLE FORCE: 6.35275e-22 AT 9.94673
Info: RELATIVE IMPRECISION IN FAST TABLE FORCE: 5.07982e-16 AT 9.94673
Info: INCONSISTENCY IN FAST TABLE ENERGY VS FORCE: 0.000290185 AT 0.251946
Info: ABSOLUTE IMPRECISION IN VDWA TABLE ENERGY: 1.57772e-30 AT 9.89634
Info: RELATIVE IMPRECISION IN VDWA TABLE ENERGY: 4.54938e-15 AT 9.94673
Info: ABSOLUTE IMPRECISION IN VDWA TABLE FORCE: 5.91646e-31 AT 9.94673
Info: RELATIVE IMPRECISION IN VDWA TABLE FORCE: 5.6823e-16 AT 9.94673
Info: INCONSISTENCY IN VDWA TABLE ENERGY VS FORCE: 0.0040507 AT 0.251946
Info: ABSOLUTE IMPRECISION IN VDWB TABLE ENERGY: 4.71751e-25 AT 9.94673
Info: RELATIVE IMPRECISION IN VDWB TABLE ENERGY: 1.45371e-14 AT 9.94673
Info: ABSOLUTE IMPRECISION IN VDWB TABLE FORCE: 6.20385e-25 AT 9.94673
Info: RELATIVE IMPRECISION IN VDWB TABLE FORCE: 5.97512e-16 AT 9.94673
Info: INCONSISTENCY IN VDWB TABLE ENERGY VS FORCE: 0.00377068 AT 9.07951
Info: Startup phase 2 took 0.000545207 s, 800.25 MB of memory in use
Info: Startup phase 3 took 0.000188309 s, 800.25 MB of memory in use
Info: Startup phase 4 took 0.000233983 s, 800.375 MB of memory in use
Info: Startup phase 5 took 0.000175001 s, 800.375 MB of memory in use
Info: ORIGINAL ATOMS MINMAX IS -20.8793 -33.4572 -37.0147  16.8295 22.4386 15.9424
Info: ADJUSTED ATOMS MINMAX IS -15.7278 -28.0218 -32.3947  11.6233 14.1038 8.33185
Info: PATCH GRID IS 3 BY 4 BY 4
Info: PATCH GRID IS 1-AWAY BY 1-AWAY BY 1-AWAY
Info: Reading from binary file 3_14_adk-step1.restart.vel
Info: REMOVING COM VELOCITY -0.00659713 -0.0258067 -0.100123
Info: LARGEST PATCH (16) HAS 237 ATOMS
Info: TORUS A SIZE 1 USING 0
Info: TORUS B SIZE 1 USING 0
Info: TORUS C SIZE 1 USING 0
Info: TORUS MINIMAL MESH SIZE IS 1 BY 1 BY 1
Info: Placed 100% of base nodes on same physical node as patch
Info: Startup phase 6 took 0.00827098 s, 800.625 MB of memory in use
Info: Startup phase 7 took 0.000194093 s, 801.375 MB of memory in use
Info: Updated CUDA force table with 4096 elements.
Info: Updated CUDA force table with 4096 elements.
Info: Updated CUDA LJ table with 53 x 53 elements.
Info: Updated CUDA LJ table with 53 x 53 elements.
Info: Updated CUDA force table with 4096 elements.
Info: Updated CUDA LJ table with 53 x 53 elements.
Info: Updated CUDA force table with 4096 elements.
Info: Updated CUDA LJ table with 53 x 53 elements.
Info: Updated CUDA force table with 4096 elements.
Info: Updated CUDA LJ table with 53 x 53 elements.
Info: Updated CUDA force table with 4096 elements.
Info: Updated CUDA LJ table with 53 x 53 elements.
Info: Startup phase 8 took 0.00325065 s, 801.625 MB of memory in use
Info: Startup phase 9 took 0.000340089 s, 801.688 MB of memory in use
Info: Startup phase 10 took 0.000176877 s, 801.812 MB of memory in use
Info: Startup phase 11 took 0.000935776 s, 801.875 MB of memory in use
LDB: Central LB being created...
Info: Startup phase 12 took 0.00222279 s, 803.062 MB of memory in use
Info: CREATING 1046 COMPUTE OBJECTS
Info: Found 278 unique exclusion lists needing 900 bytes
Info: Found 278 unique exclusion lists needing 900 bytes
Info: Found 278 unique exclusion lists needing 900 bytes
Info: Found 278 unique exclusion lists needing 900 bytes
Info: Found 278 unique exclusion lists needing 900 bytes
Info: Found 278 unique exclusion lists needing 900 bytes
Info: Startup phase 13 took 0.0146336 s, 803.875 MB of memory in use
Info: Building spanning tree ... send: 1 recv: 0 with branch factor 4
Info: useSync: 0 useProxySync: 0
Info: Startup phase 14 took 0.000212537 s, 804.188 MB of memory in use
Info: Startup phase 15 took 0.000247438 s, 804.312 MB of memory in use
Info: Finished startup at 2.41639 s, 804.438 MB of memory in use

TCL: Running for 5000 steps
PRESSURE: 0 0 0 0 0 0 0 0 0 0
GPRESSURE: 0 0 0 0 0 0 0 0 0 0
ETITLE:      TS           BOND          ANGLE          DIHED          IMPRP               ELECT            VDW       BOUNDARY           MISC        KINETIC               TOTAL           TEMP      POTENTIAL         TOTAL3        TEMPAVG

ENERGY:       0      1065.0099      1701.0590      2109.4760       152.2977            -42.6079      -768.9949         0.0000      3867.8130      3010.0105          11094.0633       302.2461      8084.0529     11117.9143       302.2461

LDB: ============= START OF LOAD BALANCING ============== 2.43043
LDB: ============== END OF LOAD BALANCING =============== 2.43049
LDB: =============== DONE WITH MIGRATION ================ 2.43058
Info: useSync: 0 useProxySync: 0
LDB: ============= START OF LOAD BALANCING ============== 2.48029
LDB: Partitioning computes with target load 0.000000
LDB: Increased migratable compute count from 0 to 0
LDB: Largest unpartitionable compute is 0.000000
LDB: ============== END OF LOAD BALANCING =============== 2.48056
Info: build node-aware spanning tree with send: 1, recv: 0 with branch factor 4
Info: useSync: 0 useProxySync: 0
LDB: =============== DONE WITH MIGRATION ================ 2.48127
PRESSURE: 100 0 0 0 0 0 0 0 0 0
GPRESSURE: 100 0 0 0 0 0 0 0 0 0
PRESSAVG: 100 0 0 0 0 0 0 0 0 0
GPRESSAVG: 100 0 0 0 0 0 0 0 0 0
Info: Initial time: 42 CPUs 0.000620224 s/step 0.00717851 days/ns 823.562 MB memory
ENERGY:     100      1114.2931      1720.9691      2097.0576       146.1597            -42.1763      -776.9468         0.0000      3869.6659      3003.7623          11132.7845       301.6187      8129.0222     11158.3053       302.9714

LDB: ============= START OF LOAD BALANCING ============== 2.49332
LDB: ============== END OF LOAD BALANCING =============== 2.49335
Info: useSync: 0 useProxySync: 0
LDB: =============== DONE WITH MIGRATION ================ 2.49345
LDB: ============= START OF LOAD BALANCING ============== 2.54252
LDB: TIME 2.54271 LOAD: AVG 0.0131801 MAX 0.0302933  PROXIES: TOTAL 187 MAXPE 7 MAXPATCH 7 None MEM: 827.125 MB
LDB: TIME 2.54288 LOAD: AVG 0.0131801 MAX 0.0302933  PROXIES: TOTAL 187 MAXPE 7 MAXPATCH 7 TorusLB MEM: 827.25 MB
LDB: ============== END OF LOAD BALANCING =============== 2.54307
Info: build node-aware spanning tree with send: 1, recv: 0 with branch factor 4
Info: useSync: 0 useProxySync: 0
LDB: =============== DONE WITH MIGRATION ================ 2.54371
PRESSURE: 200 0 0 0 0 0 0 0 0 0
GPRESSURE: 200 0 0 0 0 0 0 0 0 0
PRESSAVG: 200 0 0 0 0 0 0 0 0 0
GPRESSAVG: 200 0 0 0 0 0 0 0 0 0
Info: Initial time: 42 CPUs 0.000609174 s/step 0.00705063 days/ns 827.25 MB memory
ENERGY:     200      1102.2430      1718.3156      2098.9911       170.2858            -41.2329      -801.0313         0.0000      3867.9263      3013.2591          11128.7567       302.5723      8115.4976     11149.7914       303.4653

LDB: ============= START OF LOAD BALANCING ============== 2.60528
LDB: TIME 2.60546 LOAD: AVG 0.0165327 MAX 0.0383138  PROXIES: TOTAL 187 MAXPE 7 MAXPATCH 7 None MEM: 828.25 MB
LDB: TIME 2.60561 LOAD: AVG 0.0165327 MAX 0.0383138  PROXIES: TOTAL 187 MAXPE 7 MAXPATCH 7 RefineTorusLB MEM: 828.25 MB
LDB: TIME 2.60572 LOAD: AVG 0.0165327 MAX 0.0383138  PROXIES: TOTAL 187 MAXPE 7 MAXPATCH 7 RefineTorusLB MEM: 828.25 MB
LDB: Reverting to original mapping
LDB: ============== END OF LOAD BALANCING =============== 2.60591
Info: build node-aware spanning tree with send: 1, recv: 0 with branch factor 4
Info: useSync: 0 useProxySync: 0
LDB: =============== DONE WITH MIGRATION ================ 2.60655
PRESSURE: 300 0 0 0 0 0 0 0 0 0
GPRESSURE: 300 0 0 0 0 0 0 0 0 0
PRESSAVG: 300 0 0 0 0 0 0 0 0 0
GPRESSAVG: 300 0 0 0 0 0 0 0 0 0
Info: Initial time: 42 CPUs 0.000615228 s/step 0.0071207 days/ns 828.25 MB memory
ENERGY:     300      1076.5017      1732.2409      2078.3958       177.6554            -41.5640      -759.1359         0.0000      3870.7374      2916.9521          11051.7834       292.9017      8134.8313     11071.0879       300.8477

LDB: ============= START OF LOAD BALANCING ============== 2.66779
LDB: TIME 2.66797 LOAD: AVG 0.016666 MAX 0.0376049  PROXIES: TOTAL 187 MAXPE 7 MAXPATCH 7 None MEM: 829.188 MB
LDB: TIME 2.66812 LOAD: AVG 0.016666 MAX 0.0376049  PROXIES: TOTAL 187 MAXPE 7 MAXPATCH 7 RefineTorusLB MEM: 829.188 MB
LDB: TIME 2.66823 LOAD: AVG 0.016666 MAX 0.0376049  PROXIES: TOTAL 187 MAXPE 7 MAXPATCH 7 RefineTorusLB MEM: 829.188 MB
LDB: ============== END OF LOAD BALANCING =============== 2.66842
Info: build node-aware spanning tree with send: 1, recv: 0 with branch factor 4
Info: useSync: 0 useProxySync: 0
LDB: =============== DONE WITH MIGRATION ================ 2.66905
PRESSURE: 400 0 0 0 0 0 0 0 0 0
GPRESSURE: 400 0 0 0 0 0 0 0 0 0
PRESSAVG: 400 0 0 0 0 0 0 0 0 0
GPRESSAVG: 400 0 0 0 0 0 0 0 0 0
Info: Benchmark time: 42 CPUs 0.000612165 s/step 0.00708524 days/ns 829.188 MB memory
ENERGY:     400      1094.1703      1667.5214      2073.1615       167.8310            -41.2048      -769.8341         0.0000      3870.8837      3002.3027          11064.8318       301.4721      8062.5291     11087.3069       298.7589

PRESSURE: 500 0 0 0 0 0 0 0 0 0
GPRESSURE: 500 0 0 0 0 0 0 0 0 0
PRESSAVG: 500 0 0 0 0 0 0 0 0 0
GPRESSAVG: 500 0 0 0 0 0 0 0 0 0
Info: Benchmark time: 42 CPUs 0.000613365 s/step 0.00709913 days/ns 830.312 MB memory
ENERGY:     500      1045.7808      1637.5245      2075.6401       148.3189            -42.0220      -780.8742         0.0000      3877.2939      3040.6928          11002.3548       305.3270      7961.6619     11027.1710       297.8187

PRESSURE: 600 0 0 0 0 0 0 0 0 0
GPRESSURE: 600 0 0 0 0 0 0 0 0 0
PRESSAVG: 600 0 0 0 0 0 0 0 0 0
GPRESSAVG: 600 0 0 0 0 0 0 0 0 0
Info: Benchmark time: 42 CPUs 0.000607296 s/step 0.00702889 days/ns 830.312 MB memory
ENERGY:     600      1092.6505      1667.4467      2075.9013       145.9164            -42.5285      -763.2372         0.0000      3871.4881      2973.9747          11021.6119       298.6276      8047.6372     11044.9908       296.6162

PRESSURE: 700 0 0 0 0 0 0 0 0 0
GPRESSURE: 700 0 0 0 0 0 0 0 0 0
PRESSAVG: 700 0 0 0 0 0 0 0 0 0
GPRESSAVG: 700 0 0 0 0 0 0 0 0 0
Info: Benchmark time: 42 CPUs 0.000604949 s/step 0.00700172 days/ns 830.312 MB memory
ENERGY:     700      1101.2581      1726.9542      2073.5640       152.9506            -42.2898      -785.5933         0.0000      3878.8211      2990.3070          11095.9719       300.2676      8105.6649     11121.3559       298.7493

PRESSURE: 800 0 0 0 0 0 0 0 0 0
GPRESSURE: 800 0 0 0 0 0 0 0 0 0
PRESSAVG: 800 0 0 0 0 0 0 0 0 0
GPRESSAVG: 800 0 0 0 0 0 0 0 0 0
Info: Benchmark time: 42 CPUs 0.000593801 s/step 0.0068727 days/ns 830.312 MB memory
ENERGY:     800      1069.3865      1749.9421      2048.6916       151.2414            -42.3700      -780.1653         0.0000      3881.4082      3034.5269          11112.6614       304.7079      8078.1345     11140.9610       301.8951

PRESSURE: 900 0 0 0 0 0 0 0 0 0
GPRESSURE: 900 0 0 0 0 0 0 0 0 0
PRESSAVG: 900 0 0 0 0 0 0 0 0 0
GPRESSAVG: 900 0 0 0 0 0 0 0 0 0
Info: Benchmark time: 42 CPUs 0.000598265 s/step 0.00692436 days/ns 830.312 MB memory
ENERGY:     900      1061.3393      1729.3295      2038.1076       169.3574            -41.6592      -782.7209         0.0000      3873.1230      3041.9029          11088.7796       305.4485      8046.8767     11117.9664       301.3631

PRESSURE: 1000 0 0 0 0 0 0 0 0 0
GPRESSURE: 1000 0 0 0 0 0 0 0 0 0
PRESSAVG: 1000 0 0 0 0 0 0 0 0 0
GPRESSAVG: 1000 0 0 0 0 0 0 0 0 0
TIMING: 1000  CPU: 0.628872, 0.000611612/step  Wall: 0.632711, 0.000614611/step, 0.000682901 hours remaining, 830.312500 MB of memory in use.
ETITLE:      TS           BOND          ANGLE          DIHED          IMPRP               ELECT            VDW       BOUNDARY           MISC        KINETIC               TOTAL           TEMP      POTENTIAL         TOTAL3        TEMPAVG

ENERGY:    1000      1075.4882      1694.9036      2049.8319       150.1331            -41.2873      -754.3970         0.0000      3875.4982      3024.1414          11074.3121       303.6650      8050.1708     11093.8418       300.7440

WRITING EXTENDED SYSTEM TO RESTART FILE AT STEP 1000
OPENING COORDINATE DCD FILE
WRITING COORDINATES TO DCD FILE adk-step1.dcd AT STEP 1000
WRITING COORDINATES TO RESTART FILE AT STEP 1000
FINISHED WRITING RESTART COORDINATES
The last position output (seq=1000) takes 0.004 seconds, 830.500 MB of memory in use
WRITING VELOCITIES TO RESTART FILE AT STEP 1000
FINISHED WRITING RESTART VELOCITIES
The last velocity output (seq=1000) takes 0.002 seconds, 830.500 MB of memory in use
PRESSURE: 1100 0 0 0 0 0 0 0 0 0
GPRESSURE: 1100 0 0 0 0 0 0 0 0 0
PRESSAVG: 1100 0 0 0 0 0 0 0 0 0
GPRESSAVG: 1100 0 0 0 0 0 0 0 0 0
ENERGY:    1100      1105.0186      1652.1339      2068.6489       156.8201            -41.2095      -745.9308         0.0000      3882.4358      2951.6794          11029.5963       296.3888      8077.9169     11050.3012       299.4696

PRESSURE: 1200 0 0 0 0 0 0 0 0 0
GPRESSURE: 1200 0 0 0 0 0 0 0 0 0
PRESSAVG: 1200 0 0 0 0 0 0 0 0 0
GPRESSAVG: 1200 0 0 0 0 0 0 0 0 0
ENERGY:    1200      1132.2234      1704.8620      2095.6271       160.9005            -42.2435      -802.1094         0.0000      3892.1739      2926.4198          11067.8539       293.8524      8141.4340     11092.0260       297.1263

PRESSURE: 1300 0 0 0 0 0 0 0 0 0
GPRESSURE: 1300 0 0 0 0 0 0 0 0 0
PRESSAVG: 1300 0 0 0 0 0 0 0 0 0
GPRESSAVG: 1300 0 0 0 0 0 0 0 0 0
ENERGY:    1300      1094.8413      1671.7871      2081.2969       159.4988            -41.4639      -791.8618         0.0000      3880.2380      2978.6508          11032.9872       299.0971      8054.3363     11057.6968       296.6407

PRESSURE: 1400 0 0 0 0 0 0 0 0 0
GPRESSURE: 1400 0 0 0 0 0 0 0 0 0
PRESSAVG: 1400 0 0 0 0 0 0 0 0 0
GPRESSAVG: 1400 0 0 0 0 0 0 0 0 0
ENERGY:    1400      1155.6655      1716.8018      2069.7363       160.1063            -41.8591      -815.6735         0.0000      3879.6514      2939.4993          11063.9279       295.1658      8124.4286     11086.4289       297.4711

PRESSURE: 1500 0 0 0 0 0 0 0 0 0
GPRESSURE: 1500 0 0 0 0 0 0 0 0 0
PRESSAVG: 1500 0 0 0 0 0 0 0 0 0
GPRESSAVG: 1500 0 0 0 0 0 0 0 0 0
ENERGY:    1500      1128.4112      1689.0451      2082.1226       154.5751            -41.3932      -798.8707         0.0000      3868.5530      2931.1058          11013.5488       294.3230      8082.4429     11040.5938       298.0671

PRESSURE: 1600 0 0 0 0 0 0 0 0 0
GPRESSURE: 1600 0 0 0 0 0 0 0 0 0
PRESSAVG: 1600 0 0 0 0 0 0 0 0 0
GPRESSAVG: 1600 0 0 0 0 0 0 0 0 0
ENERGY:    1600      1095.6895      1687.6233      2040.7459       154.6597            -41.3010      -798.1246         0.0000      3858.7495      2985.1215          10983.1638       299.7469      7998.0423     11007.5352       297.7211

PRESSURE: 1700 0 0 0 0 0 0 0 0 0
GPRESSURE: 1700 0 0 0 0 0 0 0 0 0
PRESSAVG: 1700 0 0 0 0 0 0 0 0 0
GPRESSAVG: 1700 0 0 0 0 0 0 0 0 0
ENERGY:    1700      1100.1840      1667.4850      2093.2146       144.6409            -42.4214      -782.5558         0.0000      3856.6826      2946.0622          10983.2920       295.8248      8037.2299     11006.0021       297.5485

PRESSURE: 1800 0 0 0 0 0 0 0 0 0
GPRESSURE: 1800 0 0 0 0 0 0 0 0 0
PRESSAVG: 1800 0 0 0 0 0 0 0 0 0
GPRESSAVG: 1800 0 0 0 0 0 0 0 0 0
ENERGY:    1800      1121.5357      1718.2761      2068.0570       149.7910            -42.9390      -804.4361         0.0000      3869.2536      2946.6291          11026.1674       295.8817      8079.5383     11050.8935       297.2303

PRESSURE: 1900 0 0 0 0 0 0 0 0 0
GPRESSURE: 1900 0 0 0 0 0 0 0 0 0
PRESSAVG: 1900 0 0 0 0 0 0 0 0 0
GPRESSAVG: 1900 0 0 0 0 0 0 0 0 0
ENERGY:    1900      1108.0821      1694.4390      2066.9742       164.7169            -42.1312      -780.3320         0.0000      3870.2218      2887.2376          10969.2084       289.9180      8081.9708     10994.2998       295.5032

PRESSURE: 2000 0 0 0 0 0 0 0 0 0
GPRESSURE: 2000 0 0 0 0 0 0 0 0 0
PRESSAVG: 2000 0 0 0 0 0 0 0 0 0
GPRESSAVG: 2000 0 0 0 0 0 0 0 0 0
TIMING: 2000  CPU: 1.24143, 0.000612557/step  Wall: 1.25068, 0.00061797/step, 0.000514975 hours remaining, 830.500000 MB of memory in use.
ETITLE:      TS           BOND          ANGLE          DIHED          IMPRP               ELECT            VDW       BOUNDARY           MISC        KINETIC               TOTAL           TEMP      POTENTIAL         TOTAL3        TEMPAVG

ENERGY:    2000      1075.1622      1660.8801      2066.3259       151.7520            -41.1962      -796.9980         0.0000      3871.4261      3019.6187          11006.9708       303.2109      7987.3521     11037.0492       295.1287

WRITING EXTENDED SYSTEM TO RESTART FILE AT STEP 2000
WRITING COORDINATES TO DCD FILE adk-step1.dcd AT STEP 2000
WRITING COORDINATES TO RESTART FILE AT STEP 2000
FINISHED WRITING RESTART COORDINATES
The last position output (seq=2000) takes 0.002 seconds, 830.500 MB of memory in use
WRITING VELOCITIES TO RESTART FILE AT STEP 2000
FINISHED WRITING RESTART VELOCITIES
The last velocity output (seq=2000) takes 0.002 seconds, 830.500 MB of memory in use
PRESSURE: 2100 0 0 0 0 0 0 0 0 0
GPRESSURE: 2100 0 0 0 0 0 0 0 0 0
PRESSAVG: 2100 0 0 0 0 0 0 0 0 0
GPRESSAVG: 2100 0 0 0 0 0 0 0 0 0
ENERGY:    2100      1119.5720      1697.5391      2083.2615       151.4099            -41.4179      -773.9721         0.0000      3871.5712      2916.2824          11024.2461       292.8345      8107.9637     11048.3389       296.1142

PRESSURE: 2200 0 0 0 0 0 0 0 0 0
GPRESSURE: 2200 0 0 0 0 0 0 0 0 0
PRESSAVG: 2200 0 0 0 0 0 0 0 0 0
GPRESSAVG: 2200 0 0 0 0 0 0 0 0 0
ENERGY:    2200      1094.4754      1697.9866      2068.6528       156.4477            -42.3357      -799.2997         0.0000      3860.6028      2930.0405          10966.5703       294.2160      8036.5298     10989.2564       296.2398

PRESSURE: 2300 0 0 0 0 0 0 0 0 0
GPRESSURE: 2300 0 0 0 0 0 0 0 0 0
PRESSAVG: 2300 0 0 0 0 0 0 0 0 0
GPRESSAVG: 2300 0 0 0 0 0 0 0 0 0
ENERGY:    2300      1084.9101      1649.0641      2084.8613       163.0272            -42.1045      -770.1585         0.0000      3851.5649      2938.4589          10959.6236       295.0613      8021.1646     10984.8893       294.9820

PRESSURE: 2400 0 0 0 0 0 0 0 0 0
GPRESSURE: 2400 0 0 0 0 0 0 0 0 0
PRESSAVG: 2400 0 0 0 0 0 0 0 0 0
GPRESSAVG: 2400 0 0 0 0 0 0 0 0 0
ENERGY:    2400      1088.6971      1680.9072      2086.6254       148.4664            -41.8206      -759.1297         0.0000      3855.0900      2988.7561          11047.5919       300.1118      8058.8358     11074.3158       298.0946

PRESSURE: 2500 0 0 0 0 0 0 0 0 0
GPRESSURE: 2500 0 0 0 0 0 0 0 0 0
PRESSAVG: 2500 0 0 0 0 0 0 0 0 0
GPRESSAVG: 2500 0 0 0 0 0 0 0 0 0
ENERGY:    2500      1078.5897      1641.2950      2082.7961       148.9588            -41.3373      -760.1706         0.0000      3850.4931      3074.9063          11075.5310       308.7625      8000.6248     11104.7036       300.5339

PRESSURE: 2600 0 0 0 0 0 0 0 0 0
GPRESSURE: 2600 0 0 0 0 0 0 0 0 0
PRESSAVG: 2600 0 0 0 0 0 0 0 0 0
GPRESSAVG: 2600 0 0 0 0 0 0 0 0 0
ENERGY:    2600      1123.1841      1693.8202      2097.7447       154.0498            -40.9906      -760.3385         0.0000      3854.6073      2932.0225          11054.0994       294.4150      8122.0769     11074.9023       299.9851

PRESSURE: 2700 0 0 0 0 0 0 0 0 0
GPRESSURE: 2700 0 0 0 0 0 0 0 0 0
PRESSAVG: 2700 0 0 0 0 0 0 0 0 0
GPRESSAVG: 2700 0 0 0 0 0 0 0 0 0
ENERGY:    2700      1100.0666      1666.5638      2087.4940       158.2162            -40.5490      -791.8813         0.0000      3858.0050      2979.8764          11017.7917       299.2202      8037.9153     11043.2448       297.2323

PRESSURE: 2800 0 0 0 0 0 0 0 0 0
GPRESSURE: 2800 0 0 0 0 0 0 0 0 0
PRESSAVG: 2800 0 0 0 0 0 0 0 0 0
GPRESSAVG: 2800 0 0 0 0 0 0 0 0 0
ENERGY:    2800      1098.1446      1737.6613      2079.2289       157.3538            -41.2825      -808.2838         0.0000      3867.7404      2949.2660          11039.8287       296.1465      8090.5627     11067.6313       298.9870

PRESSURE: 2900 0 0 0 0 0 0 0 0 0
GPRESSURE: 2900 0 0 0 0 0 0 0 0 0
PRESSAVG: 2900 0 0 0 0 0 0 0 0 0
GPRESSAVG: 2900 0 0 0 0 0 0 0 0 0
ENERGY:    2900      1091.2500      1683.5537      2101.7284       156.4784            -41.5810      -778.1498         0.0000      3870.0513      3000.1221          11083.4532       301.2531      8083.3311     11107.0468       299.4416

PRESSURE: 3000 0 0 0 0 0 0 0 0 0
GPRESSURE: 3000 0 0 0 0 0 0 0 0 0
PRESSAVG: 3000 0 0 0 0 0 0 0 0 0
GPRESSAVG: 3000 0 0 0 0 0 0 0 0 0
TIMING: 3000  CPU: 1.84174, 0.000600309/step  Wall: 1.85413, 0.00060345/step, 0.00033525 hours remaining, 830.500000 MB of memory in use.
ETITLE:      TS           BOND          ANGLE          DIHED          IMPRP               ELECT            VDW       BOUNDARY           MISC        KINETIC               TOTAL           TEMP      POTENTIAL         TOTAL3        TEMPAVG

ENERGY:    3000      1046.0219      1679.3561      2095.5875       144.5874            -41.4343      -791.2602         0.0000      3876.6013      3013.8543          11023.3140       302.6320      8009.4597     11048.2303       298.6158

WRITING EXTENDED SYSTEM TO RESTART FILE AT STEP 3000
WRITING COORDINATES TO DCD FILE adk-step1.dcd AT STEP 3000
WRITING COORDINATES TO RESTART FILE AT STEP 3000
FINISHED WRITING RESTART COORDINATES
The last position output (seq=3000) takes 0.002 seconds, 830.500 MB of memory in use
WRITING VELOCITIES TO RESTART FILE AT STEP 3000
FINISHED WRITING RESTART VELOCITIES
The last velocity output (seq=3000) takes 0.002 seconds, 830.500 MB of memory in use
PRESSURE: 3100 0 0 0 0 0 0 0 0 0
GPRESSURE: 3100 0 0 0 0 0 0 0 0 0
PRESSAVG: 3100 0 0 0 0 0 0 0 0 0
GPRESSAVG: 3100 0 0 0 0 0 0 0 0 0
ENERGY:    3100      1119.6790      1666.3344      2093.7380       158.3464            -41.5963      -768.2122         0.0000      3874.5366      2962.6822          11065.5081       297.4937      8102.8259     11091.8312       299.3253

PRESSURE: 3200 0 0 0 0 0 0 0 0 0
GPRESSURE: 3200 0 0 0 0 0 0 0 0 0
PRESSAVG: 3200 0 0 0 0 0 0 0 0 0
GPRESSAVG: 3200 0 0 0 0 0 0 0 0 0
ENERGY:    3200      1059.7514      1658.4426      2097.9139       152.7733            -41.8516      -800.5139         0.0000      3871.9768      3028.1079          11026.6005       304.0633      7998.4926     11048.8001       300.7351

PRESSURE: 3300 0 0 0 0 0 0 0 0 0
GPRESSURE: 3300 0 0 0 0 0 0 0 0 0
PRESSAVG: 3300 0 0 0 0 0 0 0 0 0
GPRESSAVG: 3300 0 0 0 0 0 0 0 0 0
ENERGY:    3300      1115.7833      1656.6677      2108.7685       154.6600            -41.1351      -819.2521         0.0000      3877.7536      2959.9130          11013.1589       297.2156      8053.2459     11036.6747       297.4745

PRESSURE: 3400 0 0 0 0 0 0 0 0 0
GPRESSURE: 3400 0 0 0 0 0 0 0 0 0
PRESSAVG: 3400 0 0 0 0 0 0 0 0 0
GPRESSAVG: 3400 0 0 0 0 0 0 0 0 0
ENERGY:    3400      1076.4316      1726.0876      2104.3666       146.2100            -40.8231      -775.5650         0.0000      3876.3977      2960.3357          11073.4411       297.2580      8113.1054     11097.0057       298.3113

PRESSURE: 3500 0 0 0 0 0 0 0 0 0
GPRESSURE: 3500 0 0 0 0 0 0 0 0 0
PRESSAVG: 3500 0 0 0 0 0 0 0 0 0
GPRESSAVG: 3500 0 0 0 0 0 0 0 0 0
ENERGY:    3500      1095.4707      1702.1389      2103.6643       156.9361            -40.7045      -765.0960         0.0000      3870.9494      2912.8838          11036.2428       292.4932      8123.3590     11058.2528       301.3181

PRESSURE: 3600 0 0 0 0 0 0 0 0 0
GPRESSURE: 3600 0 0 0 0 0 0 0 0 0
PRESSAVG: 3600 0 0 0 0 0 0 0 0 0
GPRESSAVG: 3600 0 0 0 0 0 0 0 0 0
ENERGY:    3600      1060.3851      1668.7171      2095.0806       150.2468            -41.0817      -779.8091         0.0000      3858.0548      2965.0873          10976.6807       297.7352      8011.5934     10998.5024       296.2813

PRESSURE: 3700 0 0 0 0 0 0 0 0 0
GPRESSURE: 3700 0 0 0 0 0 0 0 0 0
PRESSAVG: 3700 0 0 0 0 0 0 0 0 0
GPRESSAVG: 3700 0 0 0 0 0 0 0 0 0
ENERGY:    3700      1070.2022      1678.7058      2117.8024       163.3794            -40.5808      -797.4004         0.0000      3853.7876      2957.1531          11003.0494       296.9385      8045.8963     11027.6699       297.3288

PRESSURE: 3800 0 0 0 0 0 0 0 0 0
GPRESSURE: 3800 0 0 0 0 0 0 0 0 0
PRESSAVG: 3800 0 0 0 0 0 0 0 0 0
GPRESSAVG: 3800 0 0 0 0 0 0 0 0 0
ENERGY:    3800      1087.5645      1642.2503      2074.9852       155.4417            -40.3839      -742.9207         0.0000      3847.7652      2935.7254          10960.4277       294.7868      8024.7023     10987.7582       295.7453

PRESSURE: 3900 0 0 0 0 0 0 0 0 0
GPRESSURE: 3900 0 0 0 0 0 0 0 0 0
PRESSAVG: 3900 0 0 0 0 0 0 0 0 0
GPRESSAVG: 3900 0 0 0 0 0 0 0 0 0
ENERGY:    3900      1073.2091      1717.2469      2072.9335       148.9802            -41.0567      -798.0103         0.0000      3858.6954      2880.1070          10912.1051       289.2020      8031.9981     10933.9202       295.5778

PRESSURE: 4000 0 0 0 0 0 0 0 0 0
GPRESSURE: 4000 0 0 0 0 0 0 0 0 0
PRESSAVG: 4000 0 0 0 0 0 0 0 0 0
GPRESSAVG: 4000 0 0 0 0 0 0 0 0 0
TIMING: 4000  CPU: 2.44306, 0.000601317/step  Wall: 2.45951, 0.000605378/step, 0.000168161 hours remaining, 830.500000 MB of memory in use.
ETITLE:      TS           BOND          ANGLE          DIHED          IMPRP               ELECT            VDW       BOUNDARY           MISC        KINETIC               TOTAL           TEMP      POTENTIAL         TOTAL3        TEMPAVG

ENERGY:    4000      1033.9228      1629.5721      2102.4142       165.0275            -41.4367      -764.9623         0.0000      3855.5201      2940.1838          10920.2415       295.2345      7980.0577     10943.0120       294.3605

WRITING EXTENDED SYSTEM TO RESTART FILE AT STEP 4000
WRITING COORDINATES TO DCD FILE adk-step1.dcd AT STEP 4000
WRITING COORDINATES TO RESTART FILE AT STEP 4000
FINISHED WRITING RESTART COORDINATES
The last position output (seq=4000) takes 0.002 seconds, 830.500 MB of memory in use
WRITING VELOCITIES TO RESTART FILE AT STEP 4000
FINISHED WRITING RESTART VELOCITIES
The last velocity output (seq=4000) takes 0.002 seconds, 830.500 MB of memory in use
PRESSURE: 4100 0 0 0 0 0 0 0 0 0
GPRESSURE: 4100 0 0 0 0 0 0 0 0 0
PRESSAVG: 4100 0 0 0 0 0 0 0 0 0
GPRESSAVG: 4100 0 0 0 0 0 0 0 0 0
ENERGY:    4100      1063.9601      1679.7082      2090.9450       154.9915            -41.6969      -785.2809         0.0000      3851.7997      2915.6734          10930.1001       292.7733      8014.4267     10953.5180       292.7456

PRESSURE: 4200 0 0 0 0 0 0 0 0 0
GPRESSURE: 4200 0 0 0 0 0 0 0 0 0
PRESSAVG: 4200 0 0 0 0 0 0 0 0 0
GPRESSAVG: 4200 0 0 0 0 0 0 0 0 0
ENERGY:    4200      1086.6153      1626.0519      2117.8948       150.9982            -41.3346      -763.5320         0.0000      3852.8657      2955.5091          10985.0684       296.7734      8029.5593     11008.4226       294.6841

LDB: ============= START OF LOAD BALANCING ============== 5.04431
LDB: ============== END OF LOAD BALANCING =============== 5.04437
Info: useSync: 0 useProxySync: 0
LDB: =============== DONE WITH MIGRATION ================ 5.04446
PRESSURE: 4300 0 0 0 0 0 0 0 0 0
GPRESSURE: 4300 0 0 0 0 0 0 0 0 0
PRESSAVG: 4300 0 0 0 0 0 0 0 0 0
GPRESSAVG: 4300 0 0 0 0 0 0 0 0 0
ENERGY:    4300      1081.1814      1687.7411      2094.1960       155.4858            -40.2278      -780.8159         0.0000      3851.0876      2901.0360          10949.6842       291.3036      8048.6482     10972.0025       295.6102

LDB: ============= START OF LOAD BALANCING ============== 5.10427
LDB: TIME 5.10449 LOAD: AVG 0.014921 MAX 0.0375723  PROXIES: TOTAL 187 MAXPE 7 MAXPATCH 7 None MEM: 830.5 MB
LDB: TIME 5.10467 LOAD: AVG 0.014921 MAX 0.0375723  PROXIES: TOTAL 187 MAXPE 7 MAXPATCH 7 RefineTorusLB MEM: 830.625 MB
LDB: TIME 5.10478 LOAD: AVG 0.014921 MAX 0.0375723  PROXIES: TOTAL 187 MAXPE 7 MAXPATCH 7 RefineTorusLB MEM: 830.625 MB
LDB: ============== END OF LOAD BALANCING =============== 5.10497
Info: build node-aware spanning tree with send: 1, recv: 0 with branch factor 4
Info: useSync: 0 useProxySync: 0
LDB: =============== DONE WITH MIGRATION ================ 5.10559
PRESSURE: 4400 0 0 0 0 0 0 0 0 0
GPRESSURE: 4400 0 0 0 0 0 0 0 0 0
PRESSAVG: 4400 0 0 0 0 0 0 0 0 0
GPRESSAVG: 4400 0 0 0 0 0 0 0 0 0
ENERGY:    4400      1066.1354      1646.3932      2093.3006       165.9144            -40.9214      -796.0428         0.0000      3851.3320      2961.7976          10947.9089       297.4048      7986.1113     10969.9207       294.4198

PRESSURE: 4500 0 0 0 0 0 0 0 0 0
GPRESSURE: 4500 0 0 0 0 0 0 0 0 0
PRESSAVG: 4500 0 0 0 0 0 0 0 0 0
GPRESSAVG: 4500 0 0 0 0 0 0 0 0 0
ENERGY:    4500      1047.6516      1724.3969      2086.1110       151.9615            -41.2108      -793.8852         0.0000      3845.1489      2913.4604          10933.6343       292.5511      8020.1739     10957.2997       294.9234

PRESSURE: 4600 0 0 0 0 0 0 0 0 0
GPRESSURE: 4600 0 0 0 0 0 0 0 0 0
PRESSAVG: 4600 0 0 0 0 0 0 0 0 0
GPRESSAVG: 4600 0 0 0 0 0 0 0 0 0
ENERGY:    4600      1022.7188      1728.9687      2113.9254       161.0300            -41.3447      -782.5431         0.0000      3852.5441      2963.1790          11018.4780       297.5436      8055.2990     11038.9665       296.8944

PRESSURE: 4700 0 0 0 0 0 0 0 0 0
GPRESSURE: 4700 0 0 0 0 0 0 0 0 0
PRESSAVG: 4700 0 0 0 0 0 0 0 0 0
GPRESSAVG: 4700 0 0 0 0 0 0 0 0 0
ENERGY:    4700      1075.8748      1722.9803      2084.1769       161.2975            -42.6771      -770.2748         0.0000      3856.3658      2896.4973          10984.2409       290.8478      8087.7436     11007.6479       295.9545

PRESSURE: 4800 0 0 0 0 0 0 0 0 0
GPRESSURE: 4800 0 0 0 0 0 0 0 0 0
PRESSAVG: 4800 0 0 0 0 0 0 0 0 0
GPRESSAVG: 4800 0 0 0 0 0 0 0 0 0
ENERGY:    4800      1095.2410      1692.1923      2077.7952       159.5981            -43.4735      -795.2773         0.0000      3867.1917      2994.7377          11048.0053       300.7125      8053.2676     11071.1675       297.8783

PRESSURE: 4900 0 0 0 0 0 0 0 0 0
GPRESSURE: 4900 0 0 0 0 0 0 0 0 0
PRESSAVG: 4900 0 0 0 0 0 0 0 0 0
GPRESSAVG: 4900 0 0 0 0 0 0 0 0 0
ENERGY:    4900      1043.4734      1719.5833      2098.2724       154.0220            -43.8856      -774.8823         0.0000      3864.8436      2967.9021          11029.3288       298.0178      8061.4267     11051.0214       299.4843

PRESSURE: 5000 0 0 0 0 0 0 0 0 0
GPRESSURE: 5000 0 0 0 0 0 0 0 0 0
PRESSAVG: 5000 0 0 0 0 0 0 0 0 0
GPRESSAVG: 5000 0 0 0 0 0 0 0 0 0
TIMING: 5000  CPU: 3.02228, 0.00057922/step  Wall: 3.04587, 0.000586355/step, 0 hours remaining, 830.625000 MB of memory in use.
ETITLE:      TS           BOND          ANGLE          DIHED          IMPRP               ELECT            VDW       BOUNDARY           MISC        KINETIC               TOTAL           TEMP      POTENTIAL         TOTAL3        TEMPAVG

ENERGY:    5000      1078.9550      1695.7723      2103.8651       158.1188            -42.6049      -784.8348         0.0000      3858.3200      3008.6714          11076.2628       302.1116      8067.5914     11098.6988       299.9738

WRITING EXTENDED SYSTEM TO RESTART FILE AT STEP 5000
WRITING COORDINATES TO DCD FILE adk-step1.dcd AT STEP 5000
WRITING COORDINATES TO RESTART FILE AT STEP 5000
FINISHED WRITING RESTART COORDINATES
The last position output (seq=5000) takes 0.002 seconds, 831.562 MB of memory in use
WRITING VELOCITIES TO RESTART FILE AT STEP 5000
FINISHED WRITING RESTART VELOCITIES
The last velocity output (seq=5000) takes 0.002 seconds, 831.562 MB of memory in use
WRITING EXTENDED SYSTEM TO OUTPUT FILE AT STEP 5000
WRITING COORDINATES TO OUTPUT FILE AT STEP 5000
CLOSING COORDINATE DCD FILE adk-step1.dcd
The last position output (seq=-2) takes 0.003 seconds, 831.562 MB of memory in use
WRITING VELOCITIES TO OUTPUT FILE AT STEP 5000
====================================================

WallClock: 5.456137  CPUTime: 4.015009  Memory: 831.687500 MB
End of program
