0_11_cc.dat
/gpfs/alpine/bip115/scratch/hrlee/radical.pilot.sandbox/re.session.login1.hrlee.018632.0005/pilot.0000/staging_area/0_11_cc.dat
0, 11
Choosing optimized barrier algorithm name I0:HybridBinomial:SHMEM:P2P
Converse/Charm++ Commit ID: v6.10.2-0-g7bf00fa-namd-charm-6.10.2-build-2020-Aug-05-556
Warning> Randomization of virtual memory (ASLR) is turned on in the kernel, thread migration may not work! Run 'echo 0 > /proc/sys/kernel/randomize_va_space' as root to disable it, or try running with '+isomalloc_sync'.
CharmLB> Load balancer assumes all CPUs are same.
Charm++> Running on 1 hosts (1 sockets x 7 cores x 4 PUs = 28-way SMP)
Charm++> cpu topology info is gathered in 0.002 seconds.
Info: Built with CUDA version 10010
Did not find +devices i,j,k,... argument, using all
Pe 5 physical rank 5 will use CUDA device of pe 4
Pe 16 physical rank 16 will use CUDA device of pe 14
Pe 30 physical rank 30 will use CUDA device of pe 28
Pe 25 physical rank 25 will use CUDA device of pe 21
Pe 40 physical rank 40 will use CUDA device of pe 35
Pe 11 physical rank 11 will use CUDA device of pe 7
Pe 6 physical rank 6 will use CUDA device of pe 4
Pe 17 physical rank 17 will use CUDA device of pe 14
Pe 33 physical rank 33 will use CUDA device of pe 28
Pe 26 physical rank 26 will use CUDA device of pe 21
Pe 37 physical rank 37 will use CUDA device of pe 35
Pe 13 physical rank 13 will use CUDA device of pe 7
Pe 2 physical rank 2 will use CUDA device of pe 4
Pe 19 physical rank 19 will use CUDA device of pe 14
Pe 32 physical rank 32 will use CUDA device of pe 28
Pe 27 physical rank 27 will use CUDA device of pe 21
Pe 39 physical rank 39 will use CUDA device of pe 35
Pe 12 physical rank 12 will use CUDA device of pe 7
Pe 1 physical rank 1 will use CUDA device of pe 4
Pe 18 physical rank 18 will use CUDA device of pe 14
Pe 34 physical rank 34 will use CUDA device of pe 28
Pe 23 physical rank 23 will use CUDA device of pe 21
Pe 38 physical rank 38 will use CUDA device of pe 35
Pe 8 physical rank 8 will use CUDA device of pe 7
Pe 3 physical rank 3 will use CUDA device of pe 4
Pe 20 physical rank 20 will use CUDA device of pe 14
Pe 31 physical rank 31 will use CUDA device of pe 28
Pe 24 physical rank 24 will use CUDA device of pe 21
Pe 41 physical rank 41 will use CUDA device of pe 35
Pe 9 physical rank 9 will use CUDA device of pe 7
Pe 15 physical rank 15 will use CUDA device of pe 14
Pe 29 physical rank 29 will use CUDA device of pe 28
Pe 22 physical rank 22 will use CUDA device of pe 21
Pe 36 physical rank 36 will use CUDA device of pe 35
Pe 10 physical rank 10 will use CUDA device of pe 7
Pe 0 physical rank 0 will use CUDA device of pe 4
Pe 7 physical rank 7 binding to CUDA device 0 on h35n17: 'Tesla V100-SXM2-16GB'  Mem: 16128MB  Rev: 7.0  PCI: 4:5:0
Pe 4 physical rank 4 binding to CUDA device 0 on h35n17: 'Tesla V100-SXM2-16GB'  Mem: 16128MB  Rev: 7.0  PCI: 4:4:0
Pe 14 physical rank 14 binding to CUDA device 0 on h35n17: 'Tesla V100-SXM2-16GB'  Mem: 16128MB  Rev: 7.0  PCI: 4:6:0
Pe 28 physical rank 28 binding to CUDA device 0 on h35n17: 'Tesla V100-SXM2-16GB'  Mem: 16128MB  Rev: 7.0  PCI: 35:4:0
Pe 21 physical rank 21 binding to CUDA device 0 on h35n17: 'Tesla V100-SXM2-16GB'  Mem: 16128MB  Rev: 7.0  PCI: 35:3:0
Pe 35 physical rank 35 binding to CUDA device 0 on h35n17: 'Tesla V100-SXM2-16GB'  Mem: 16128MB  Rev: 7.0  PCI: 35:5:0
Info: NAMD 2.14 for Linux-POWER-pami-smp-Summit-CUDA
Info: 
Info: Please visit http://www.ks.uiuc.edu/Research/namd/
Info: for updates, documentation, and support information.
Info: 
Info: Please cite Phillips et al., J. Chem. Phys. 153:044130 (2020) doi:10.1063/5.0014475
Info: in all publications reporting results obtained with NAMD.
Info: 
Info: Based on Charm++/Converse 61002 for pami-linux-ppc64le-smp
Info: Built Wed Aug 5 14:28:51 EDT 2020 by jimp on login2
Info: 1 NAMD  2.14  Linux-POWER-pami-smp-Summit-CUDA  42    h35n17  hrlee
Info: Running on 42 processors, 6 nodes, 1 physical nodes.
Info: CPU topology information available.
Info: Charm++/Converse parallel runtime startup completed at 1.3531 s
CkLoopLib is used in SMP with simple dynamic scheduling (converse-level notification)
Info: 791.688 MB of memory in use based on /proc/self/stat
Info: Configuration file is adk-step1.namd
Info: Working in the current directory /gpfs/alpine/bip115/scratch/hrlee/radical.pilot.sandbox/re.session.login1.hrlee.018632.0005/pilot.0000/unit.000832
TCL: Suspending until startup complete.
Info: SIMULATION PARAMETERS:
Info: TIMESTEP               1
Info: NUMBER OF STEPS        0
Info: STEPS PER CYCLE        20
Info: LOAD BALANCER  Centralized
Info: LOAD BALANCING STRATEGY  New Load Balancers -- DEFAULT
Info: LDB PERIOD             4000 steps
Info: FIRST LDB TIMESTEP     100
Info: LAST LDB TIMESTEP     -1
Info: LDB BACKGROUND SCALING 1
Info: HOM BACKGROUND SCALING 1
Info: MIN ATOMS PER PATCH    40
Info: VELOCITY FILE          0_11_adk-step1.restart.vel
Info: CENTER OF MASS MOVING INITIALLY? NO
Info: DIELECTRIC             80
Info: EXCLUDE                SCALED ONE-FOUR
Info: 1-4 ELECTROSTATICS SCALED BY 1
Info: MODIFIED 1-4 VDW PARAMETERS WILL BE USED
Info: DCD FILENAME           adk-step1.dcd
Info: DCD FREQUENCY          1000
Info: DCD FIRST STEP         1000
Info: NO EXTENDED SYSTEM TRAJECTORY OUTPUT
Info: NO VELOCITY DCD OUTPUT
Info: NO FORCE DCD OUTPUT
Info: OUTPUT FILENAME        adk-step1
Info: BINARY OUTPUT FILES WILL BE USED
Info: RESTART FILENAME       adk-step1.restart
Info: RESTART FREQUENCY      1000
Info: BINARY RESTART FILES WILL BE USED
Info: SWITCHING ACTIVE
Info: SWITCHING ON           9
Info: SWITCHING OFF          10
Info: PAIRLIST DISTANCE      11
Info: PAIRLIST SHRINK RATE   0.01
Info: PAIRLIST GROW RATE     0.01
Info: PAIRLIST TRIGGER       0.3
Info: PAIRLISTS PER CYCLE    2
Info: PAIRLISTS ENABLED
Info: MARGIN                 0
Info: HYDROGEN GROUP CUTOFF  2.5
Info: PATCH DIMENSION        13.5
Info: ENERGY OUTPUT STEPS    100
Info: CROSSTERM ENERGY INCLUDED IN DIHEDRAL
Info: TIMING OUTPUT STEPS    1000
Info: PRESSURE OUTPUT STEPS  100
Info: GRID FORCE ACTIVE
Info:  Please include this reference in published work using
Info:  the Gridforce module of NAMD: David Wells, Volha Abramkina,
Info:  and Aleksei Aksimentiev, J. Chem. Phys. 127:125101-10 (2007).
Info: MGRIDFORCE key 0
Info:            Potfile 4ake-target_autopsf-grid.dx
Info:            Scale 0.3 0.3 0.3
Info:            File 1ake-docked-noh_autopsf-grid.pdb
Info:            Col O
Info:            ChargeCol B
Info:            VOffset 0 0 0
Info:            Continuous K1 FALSE
Info:            Continuous K2 FALSE
Info:            Continuous K3 FALSE
Info:            Volts FALSE
Info:            Gridforce-Lite FALSE
Info:            Gridforce-CheckSize TRUE
Info: LANGEVIN DYNAMICS ACTIVE
Info: LANGEVIN TEMPERATURE   300
Info: LANGEVIN USING BBK INTEGRATOR
Info: LANGEVIN DAMPING COEFFICIENT IS 5 INVERSE PS
Info: LANGEVIN DYNAMICS NOT APPLIED TO HYDROGENS
Info: USING VERLET I (r-RESPA) MTS SCHEME.
Info: C1 SPLITTING OF LONG RANGE ELECTROSTATICS
Info: PLACING ATOMS IN PATCHES BY HYDROGEN GROUPS
Info: RIGID BONDS TO HYDROGEN : WATER
Info:         ERROR TOLERANCE : 1e-08
Info:          MAX ITERATIONS : 100
Info: RIGID WATER USING SETTLE ALGORITHM
Info: NONBONDED FORCES EVALUATED EVERY 2 STEPS
Info: RANDOM NUMBER SEED     1609828306
Info: USE HYDROGEN BONDS?    NO
Info: COORDINATE PDB         1ake-docked-noh_autopsf.pdb
Info: STRUCTURE FILE         1ake-docked-noh_autopsf.psf
Info: PARAMETER file: CHARMM format! 
Info: PARAMETERS             par_all36_prot.prm
Info: USING ARITHMETIC MEAN TO COMBINE L-J SIGMA PARAMETERS
Info: BINARY COORDINATES     0_11_adk-step1.restart.coor
Info: SUMMARY OF PARAMETERS:
Info: 132 BONDS
Info: 362 ANGLES
Info: 702 DIHEDRAL
Info: 35 IMPROPER
Info: 6 CROSSTERM
Info: 53 VDW
Info: 0 VDW_PAIRS
Info: 0 NBTHOLE_PAIRS
Info: TIME FOR READING PSF FILE: 0.347725
Info: READING EXTRA BONDS FILE 1ake-extrabonds.txt
Info: READING EXTRA BONDS FILE 1ake-extrabonds-cispeptide.txt
Info: READING EXTRA BONDS FILE 1ake-extrabonds-chirality.txt
Info: READ 80 EXTRA BONDS
Info: READ 80 EXTRA ANGLES
Warning: EXTRA ANGLES ARE COSINE-BASED BY DEFAULT TO MATCH PREVIOUS VERSIONS
Warning: FOR NORMAL HARMONIC EXTRA ANGLES SET extraBondsCosAngles off
Info: READ 493 EXTRA DIHEDRALS
Info: READ 438 EXTRA IMPROPERS
Info: Reading pdb file 1ake-docked-noh_autopsf.pdb
Info: TIME FOR READING PDB FILE: 0.0613975
Info: 
Info: ****************************
Info: STRUCTURE SUMMARY:
Info: 3341 ATOMS
Info: 3445 BONDS
Info: 6203 ANGLES
Info: 9414 DIHEDRALS
Info: 1005 IMPROPERS
Info: 212 CROSSTERMS
Info: 0 EXCLUSIONS
Info: 0 RIGID BONDS
Info: 1 GRIDS ACTIVE
Info: 10023 DEGREES OF FREEDOM
Info: 1656 HYDROGEN GROUPS
Info: 4 ATOMS IN LARGEST HYDROGEN GROUP
Info: 1656 MIGRATION GROUPS
Info: 4 ATOMS IN LARGEST MIGRATION GROUP
Info: TOTAL MASS = 23582 amu
Info: TOTAL CHARGE = -4 e
Info: *****************************
Info: Reading from binary file 0_11_adk-step1.restart.coor
Info: 
Info: Entering startup at 2.12272 s, 798.438 MB of memory in use
Info: Startup phase 0 took 0.000214836 s, 798.438 MB of memory in use
Info: ADDED 18308 IMPLICIT EXCLUSIONS
Info: Startup phase 1 took 0.0074206 s, 798.688 MB of memory in use
Info: NONBONDED TABLE R-SQUARED SPACING: 0.0625
Info: NONBONDED TABLE SIZE: 705 POINTS
Info: ABSOLUTE IMPRECISION IN FAST TABLE ENERGY: 3.38813e-21 AT 9.89634
Info: RELATIVE IMPRECISION IN FAST TABLE ENERGY: 4.23384e-15 AT 9.94673
Info: ABSOLUTE IMPRECISION IN FAST TABLE FORCE: 6.35275e-22 AT 9.94673
Info: RELATIVE IMPRECISION IN FAST TABLE FORCE: 5.07982e-16 AT 9.94673
Info: INCONSISTENCY IN FAST TABLE ENERGY VS FORCE: 0.000290185 AT 0.251946
Info: ABSOLUTE IMPRECISION IN VDWA TABLE ENERGY: 1.57772e-30 AT 9.89634
Info: RELATIVE IMPRECISION IN VDWA TABLE ENERGY: 4.54938e-15 AT 9.94673
Info: ABSOLUTE IMPRECISION IN VDWA TABLE FORCE: 5.91646e-31 AT 9.94673
Info: RELATIVE IMPRECISION IN VDWA TABLE FORCE: 5.6823e-16 AT 9.94673
Info: INCONSISTENCY IN VDWA TABLE ENERGY VS FORCE: 0.0040507 AT 0.251946
Info: ABSOLUTE IMPRECISION IN VDWB TABLE ENERGY: 4.71751e-25 AT 9.94673
Info: RELATIVE IMPRECISION IN VDWB TABLE ENERGY: 1.45371e-14 AT 9.94673
Info: ABSOLUTE IMPRECISION IN VDWB TABLE FORCE: 6.20385e-25 AT 9.94673
Info: RELATIVE IMPRECISION IN VDWB TABLE FORCE: 5.97512e-16 AT 9.94673
Info: INCONSISTENCY IN VDWB TABLE ENERGY VS FORCE: 0.00377068 AT 9.07951
Info: Startup phase 2 took 0.000554842 s, 800.062 MB of memory in use
Info: Startup phase 3 took 0.000178237 s, 800.375 MB of memory in use
Info: Startup phase 4 took 0.000278454 s, 800.562 MB of memory in use
Info: Startup phase 5 took 0.000161916 s, 800.562 MB of memory in use
Info: ORIGINAL ATOMS MINMAX IS -23.0126 -33.1723 -34.3581  16.7923 13.8138 17.4873
Info: ADJUSTED ATOMS MINMAX IS -17.6772 -27.2819 -30.0215  11.6314 7.30351 7.68666
Info: PATCH GRID IS 5 BY 3 BY 3
Info: PATCH GRID IS 2-AWAY BY 1-AWAY BY 1-AWAY
Info: Reading from binary file 0_11_adk-step1.restart.vel
Info: REMOVING COM VELOCITY 0.0690766 0.102029 -0.0359693
Info: LARGEST PATCH (37) HAS 145 ATOMS
Info: TORUS A SIZE 1 USING 0
Info: TORUS B SIZE 1 USING 0
Info: TORUS C SIZE 1 USING 0
Info: TORUS MINIMAL MESH SIZE IS 1 BY 1 BY 1
Info: Placed 100% of base nodes on same physical node as patch
Info: Startup phase 6 took 0.009311 s, 800.688 MB of memory in use
Info: Startup phase 7 took 0.00017318 s, 801.562 MB of memory in use
Info: Updated CUDA force table with 4096 elements.
Info: Updated CUDA force table with 4096 elements.
Info: Updated CUDA LJ table with 53 x 53 elements.
Info: Updated CUDA LJ table with 53 x 53 elements.
Info: Updated CUDA force table with 4096 elements.
Info: Updated CUDA LJ table with 53 x 53 elements.
Info: Updated CUDA force table with 4096 elements.
Info: Updated CUDA LJ table with 53 x 53 elements.
Info: Updated CUDA force table with 4096 elements.
Info: Updated CUDA LJ table with 53 x 53 elements.
Info: Updated CUDA force table with 4096 elements.
Info: Updated CUDA LJ table with 53 x 53 elements.
Info: Startup phase 8 took 0.00330045 s, 801.75 MB of memory in use
Info: Startup phase 9 took 0.00033054 s, 801.812 MB of memory in use
Info: Startup phase 10 took 0.000155346 s, 801.875 MB of memory in use
Info: Startup phase 11 took 0.000755982 s, 801.938 MB of memory in use
LDB: Central LB being created...
Info: Startup phase 12 took 0.00205984 s, 802.688 MB of memory in use
Info: CREATING 1139 COMPUTE OBJECTS
Info: Found 278 unique exclusion lists needing 900 bytes
Info: Found 278 unique exclusion lists needing 900 bytes
Info: Found 278 unique exclusion lists needing 900 bytes
Info: Found 278 unique exclusion lists needing 900 bytes
Info: Found 278 unique exclusion lists needing 900 bytes
Info: Found 278 unique exclusion lists needing 900 bytes
Info: Startup phase 13 took 0.0147276 s, 803.625 MB of memory in use
Info: Building spanning tree ... send: 1 recv: 0 with branch factor 4
Info: useSync: 0 useProxySync: 0
Info: Startup phase 14 took 0.000197329 s, 803.812 MB of memory in use
Info: Startup phase 15 took 0.00021557 s, 803.875 MB of memory in use
Info: Finished startup at 2.16275 s, 804 MB of memory in use

TCL: Running for 5000 steps
PRESSURE: 0 0 0 0 0 0 0 0 0 0
GPRESSURE: 0 0 0 0 0 0 0 0 0 0
ETITLE:      TS           BOND          ANGLE          DIHED          IMPRP               ELECT            VDW       BOUNDARY           MISC        KINETIC               TOTAL           TEMP      POTENTIAL         TOTAL3        TEMPAVG

ENERGY:       0      1137.5772      1676.1037      2098.9500       159.0260            -41.2160      -821.3204         0.0000      5285.5719      2973.0012          12467.6936       298.5298      9494.6924     12492.3097       298.5298

LDB: ============= START OF LOAD BALANCING ============== 2.17694
LDB: ============== END OF LOAD BALANCING =============== 2.17699
Info: useSync: 0 useProxySync: 0
LDB: =============== DONE WITH MIGRATION ================ 2.17708
LDB: ============= START OF LOAD BALANCING ============== 2.22476
LDB: Partitioning computes with target load 0.000000
LDB: Increased migratable compute count from 0 to 0
LDB: Largest unpartitionable compute is 0.000000
LDB: ============== END OF LOAD BALANCING =============== 2.22508
Info: build node-aware spanning tree with send: 1, recv: 0 with branch factor 4
Info: useSync: 0 useProxySync: 0
LDB: =============== DONE WITH MIGRATION ================ 2.2258
PRESSURE: 100 0 0 0 0 0 0 0 0 0
GPRESSURE: 100 0 0 0 0 0 0 0 0 0
PRESSAVG: 100 0 0 0 0 0 0 0 0 0
GPRESSAVG: 100 0 0 0 0 0 0 0 0 0
Info: Initial time: 42 CPUs 0.000600044 s/step 0.00694495 days/ns 819.625 MB memory
ENERGY:     100      1146.2173      1674.5781      2053.0719       160.0967            -40.2686      -811.9345         0.0000      5275.6966      2981.6939          12439.1513       299.4027      9457.4574     12462.8850       298.8644

LDB: ============= START OF LOAD BALANCING ============== 2.23743
LDB: ============== END OF LOAD BALANCING =============== 2.23746
Info: useSync: 0 useProxySync: 0
LDB: =============== DONE WITH MIGRATION ================ 2.23756
LDB: ============= START OF LOAD BALANCING ============== 2.27474
LDB: TIME 2.27494 LOAD: AVG 0.0120574 MAX 0.021269  PROXIES: TOTAL 171 MAXPE 10 MAXPATCH 7 None MEM: 820.75 MB
LDB: TIME 2.27512 LOAD: AVG 0.0120574 MAX 0.021269  PROXIES: TOTAL 171 MAXPE 10 MAXPATCH 7 TorusLB MEM: 820.812 MB
LDB: ============== END OF LOAD BALANCING =============== 2.27535
Info: build node-aware spanning tree with send: 1, recv: 0 with branch factor 4
Info: useSync: 0 useProxySync: 0
LDB: =============== DONE WITH MIGRATION ================ 2.27599
PRESSURE: 200 0 0 0 0 0 0 0 0 0
GPRESSURE: 200 0 0 0 0 0 0 0 0 0
PRESSAVG: 200 0 0 0 0 0 0 0 0 0
GPRESSAVG: 200 0 0 0 0 0 0 0 0 0
Info: Initial time: 42 CPUs 0.000485943 s/step 0.00562434 days/ns 820.812 MB memory
ENERGY:     200      1103.5773      1659.2276      2077.1263       154.3254            -40.4292      -816.5869         0.0000      5274.1695      3014.1667          12425.5766       302.6634      9411.4100     12448.1530       298.0785

LDB: ============= START OF LOAD BALANCING ============== 2.32233
LDB: TIME 2.32253 LOAD: AVG 0.0150344 MAX 0.0263454  PROXIES: TOTAL 171 MAXPE 10 MAXPATCH 7 None MEM: 821.75 MB
LDB: TIME 2.32267 LOAD: AVG 0.0150344 MAX 0.0263454  PROXIES: TOTAL 171 MAXPE 10 MAXPATCH 7 RefineTorusLB MEM: 821.75 MB
LDB: TIME 2.32279 LOAD: AVG 0.0150344 MAX 0.0263454  PROXIES: TOTAL 171 MAXPE 10 MAXPATCH 7 RefineTorusLB MEM: 821.75 MB
LDB: ============== END OF LOAD BALANCING =============== 2.32297
Info: build node-aware spanning tree with send: 1, recv: 0 with branch factor 4
Info: useSync: 0 useProxySync: 0
LDB: =============== DONE WITH MIGRATION ================ 2.32362
PRESSURE: 300 0 0 0 0 0 0 0 0 0
GPRESSURE: 300 0 0 0 0 0 0 0 0 0
PRESSAVG: 300 0 0 0 0 0 0 0 0 0
GPRESSAVG: 300 0 0 0 0 0 0 0 0 0
Info: Initial time: 42 CPUs 0.000460594 s/step 0.00533094 days/ns 821.75 MB memory
ENERGY:     300      1123.9632      1699.8105      2051.5030       160.6363            -41.2179      -814.8957         0.0000      5282.3675      2985.6934          12447.8603       299.8043      9462.1670     12469.2619       300.4159

LDB: ============= START OF LOAD BALANCING ============== 2.36957
LDB: TIME 2.36977 LOAD: AVG 0.0150511 MAX 0.0262404  PROXIES: TOTAL 171 MAXPE 10 MAXPATCH 7 None MEM: 822.438 MB
LDB: TIME 2.36992 LOAD: AVG 0.0150511 MAX 0.0262404  PROXIES: TOTAL 171 MAXPE 10 MAXPATCH 7 RefineTorusLB MEM: 822.438 MB
LDB: TIME 2.37005 LOAD: AVG 0.0150511 MAX 0.0262404  PROXIES: TOTAL 171 MAXPE 10 MAXPATCH 7 RefineTorusLB MEM: 822.438 MB
LDB: ============== END OF LOAD BALANCING =============== 2.37027
Info: build node-aware spanning tree with send: 1, recv: 0 with branch factor 4
Info: useSync: 0 useProxySync: 0
LDB: =============== DONE WITH MIGRATION ================ 2.37092
PRESSURE: 400 0 0 0 0 0 0 0 0 0
GPRESSURE: 400 0 0 0 0 0 0 0 0 0
PRESSAVG: 400 0 0 0 0 0 0 0 0 0
GPRESSAVG: 400 0 0 0 0 0 0 0 0 0
Info: Benchmark time: 42 CPUs 0.000459365 s/step 0.00531672 days/ns 822.438 MB memory
ENERGY:     400      1093.1249      1728.1429      2067.4948       157.1461            -40.3631      -793.0418         0.0000      5274.2146      2968.8272          12455.5456       298.1107      9486.7184     12479.2036       298.7219

PRESSURE: 500 0 0 0 0 0 0 0 0 0
GPRESSURE: 500 0 0 0 0 0 0 0 0 0
PRESSAVG: 500 0 0 0 0 0 0 0 0 0
GPRESSAVG: 500 0 0 0 0 0 0 0 0 0
Info: Benchmark time: 42 CPUs 0.000460041 s/step 0.00532455 days/ns 823.188 MB memory
ENERGY:     500      1101.8136      1707.6310      2059.3387       159.2552            -40.5474      -809.9187         0.0000      5279.7689      3035.3272          12492.6685       304.7882      9457.3413     12516.6908       300.3523

PRESSURE: 600 0 0 0 0 0 0 0 0 0
GPRESSURE: 600 0 0 0 0 0 0 0 0 0
PRESSAVG: 600 0 0 0 0 0 0 0 0 0
GPRESSAVG: 600 0 0 0 0 0 0 0 0 0
Info: Benchmark time: 42 CPUs 0.000458698 s/step 0.005309 days/ns 823.188 MB memory
ENERGY:     600      1098.4772      1695.3979      2096.5554       140.0524            -40.0245      -809.3704         0.0000      5284.0674      3061.0833          12526.2387       307.3745      9465.1554     12554.0615       302.7478

PRESSURE: 700 0 0 0 0 0 0 0 0 0
GPRESSURE: 700 0 0 0 0 0 0 0 0 0
PRESSAVG: 700 0 0 0 0 0 0 0 0 0
GPRESSAVG: 700 0 0 0 0 0 0 0 0 0
Info: Benchmark time: 42 CPUs 0.000459779 s/step 0.00532152 days/ns 823.188 MB memory
ENERGY:     700      1115.7244      1703.3715      2089.0337       160.5366            -40.1814      -790.0318         0.0000      5286.7226      3003.1571          12528.3328       301.5579      9525.1757     12553.2629       302.3635

PRESSURE: 800 0 0 0 0 0 0 0 0 0
GPRESSURE: 800 0 0 0 0 0 0 0 0 0
PRESSAVG: 800 0 0 0 0 0 0 0 0 0
GPRESSAVG: 800 0 0 0 0 0 0 0 0 0
Info: Benchmark time: 42 CPUs 0.000460335 s/step 0.00532795 days/ns 823.188 MB memory
ENERGY:     800      1091.2071      1674.7481      2077.7850       157.3393            -39.0812      -772.7753         0.0000      5284.5621      2959.3997          12433.1848       297.1641      9473.7852     12459.0328       299.5794

PRESSURE: 900 0 0 0 0 0 0 0 0 0
GPRESSURE: 900 0 0 0 0 0 0 0 0 0
PRESSAVG: 900 0 0 0 0 0 0 0 0 0
GPRESSAVG: 900 0 0 0 0 0 0 0 0 0
Info: Benchmark time: 42 CPUs 0.00046011 s/step 0.00532535 days/ns 823.188 MB memory
ENERGY:     900      1076.8308      1676.3858      2078.6656       153.3925            -38.9451      -795.9378         0.0000      5282.6051      2992.0702          12425.0671       300.4446      9432.9969     12451.2293       298.2464

OPENING COORDINATE DCD FILE
WRITING COORDINATES TO DCD FILE adk-step1.dcd AT STEP 1000
WRITING COORDINATES TO RESTART FILE AT STEP 1000
FINISHED WRITING RESTART COORDINATES
The last position output (seq=1000) takes 0.007 seconds, 823.188 MB of memory in use
PRESSURE: 1000 0 0 0 0 0 0 0 0 0
GPRESSURE: 1000 0 0 0 0 0 0 0 0 0
PRESSAVG: 1000 0 0 0 0 0 0 0 0 0
GPRESSAVG: 1000 0 0 0 0 0 0 0 0 0
TIMING: 1000  CPU: 0.502809, 0.000487661/step  Wall: 0.509278, 0.000491236/step, 0.000545818 hours remaining, 823.437500 MB of memory in use.
ETITLE:      TS           BOND          ANGLE          DIHED          IMPRP               ELECT            VDW       BOUNDARY           MISC        KINETIC               TOTAL           TEMP      POTENTIAL         TOTAL3        TEMPAVG

ENERGY:    1000      1057.6230      1665.4756      2069.9659       150.0036            -40.6097      -788.3483         0.0000      5278.6600      3031.9155          12424.6856       304.4456      9392.7701     12450.1776       296.9917

WRITING EXTENDED SYSTEM TO RESTART FILE AT STEP 1000
WRITING VELOCITIES TO RESTART FILE AT STEP 1000
FINISHED WRITING RESTART VELOCITIES
The last velocity output (seq=1000) takes 0.002 seconds, 823.438 MB of memory in use
PRESSURE: 1100 0 0 0 0 0 0 0 0 0
GPRESSURE: 1100 0 0 0 0 0 0 0 0 0
PRESSAVG: 1100 0 0 0 0 0 0 0 0 0
GPRESSAVG: 1100 0 0 0 0 0 0 0 0 0
ENERGY:    1100      1101.1805      1681.3174      2080.2533       152.8354            -40.7152      -805.9726         0.0000      5284.3762      2995.3915          12448.6665       300.7781      9453.2751     12471.3015       299.0543

PRESSURE: 1200 0 0 0 0 0 0 0 0 0
GPRESSURE: 1200 0 0 0 0 0 0 0 0 0
PRESSAVG: 1200 0 0 0 0 0 0 0 0 0
GPRESSAVG: 1200 0 0 0 0 0 0 0 0 0
ENERGY:    1200      1089.5391      1720.3827      2095.2515       166.4365            -40.9554      -796.4112         0.0000      5274.6757      2945.7618          12454.6806       295.7946      9508.9189     12477.3314       296.8812

PRESSURE: 1300 0 0 0 0 0 0 0 0 0
GPRESSURE: 1300 0 0 0 0 0 0 0 0 0
PRESSAVG: 1300 0 0 0 0 0 0 0 0 0
GPRESSAVG: 1300 0 0 0 0 0 0 0 0 0
ENERGY:    1300      1085.8872      1746.3375      2080.8007       153.7903            -40.1713      -817.6275         0.0000      5278.9347      2967.4872          12455.4386       297.9761      9487.9515     12476.9016       299.7075

PRESSURE: 1400 0 0 0 0 0 0 0 0 0
GPRESSURE: 1400 0 0 0 0 0 0 0 0 0
PRESSAVG: 1400 0 0 0 0 0 0 0 0 0
GPRESSAVG: 1400 0 0 0 0 0 0 0 0 0
ENERGY:    1400      1084.6696      1689.0150      2090.0178       148.9532            -39.7270      -809.5792         0.0000      5282.5582      2988.6935          12434.6011       300.1056      9445.9076     12457.9293       299.0842

PRESSURE: 1500 0 0 0 0 0 0 0 0 0
GPRESSURE: 1500 0 0 0 0 0 0 0 0 0
PRESSAVG: 1500 0 0 0 0 0 0 0 0 0
GPRESSAVG: 1500 0 0 0 0 0 0 0 0 0
ENERGY:    1500      1087.0080      1657.8818      2081.7389       160.2208            -40.6704      -785.7606         0.0000      5281.9878      2946.6651          12389.0714       295.8853      9442.4063     12415.2010       297.8441

PRESSURE: 1600 0 0 0 0 0 0 0 0 0
GPRESSURE: 1600 0 0 0 0 0 0 0 0 0
PRESSAVG: 1600 0 0 0 0 0 0 0 0 0
GPRESSAVG: 1600 0 0 0 0 0 0 0 0 0
ENERGY:    1600      1063.1203      1715.5136      2060.1631       162.5922            -40.4913      -806.4118         0.0000      5273.6808      2947.9491          12376.1159       296.0143      9428.1668     12396.3033       296.5347

PRESSURE: 1700 0 0 0 0 0 0 0 0 0
GPRESSURE: 1700 0 0 0 0 0 0 0 0 0
PRESSAVG: 1700 0 0 0 0 0 0 0 0 0
GPRESSAVG: 1700 0 0 0 0 0 0 0 0 0
ENERGY:    1700      1032.0748      1730.5916      2072.2192       146.5612            -40.3550      -788.1382         0.0000      5261.1720      2996.3803          12410.5059       300.8774      9414.1255     12431.1820       299.2834

PRESSURE: 1800 0 0 0 0 0 0 0 0 0
GPRESSURE: 1800 0 0 0 0 0 0 0 0 0
PRESSAVG: 1800 0 0 0 0 0 0 0 0 0
GPRESSAVG: 1800 0 0 0 0 0 0 0 0 0
ENERGY:    1800      1038.1847      1730.4202      2078.7486       164.5790            -40.7950      -797.8627         0.0000      5260.7937      2992.2159          12426.2843       300.4592      9434.0684     12450.2539       297.3918

PRESSURE: 1900 0 0 0 0 0 0 0 0 0
GPRESSURE: 1900 0 0 0 0 0 0 0 0 0
PRESSAVG: 1900 0 0 0 0 0 0 0 0 0
GPRESSAVG: 1900 0 0 0 0 0 0 0 0 0
ENERGY:    1900      1136.9114      1742.5278      2058.3471       151.8551            -41.2776      -820.8821         0.0000      5260.4850      2959.5099          12447.4767       297.1751      9487.9668     12469.3199       298.0728

WRITING COORDINATES TO DCD FILE adk-step1.dcd AT STEP 2000
WRITING COORDINATES TO RESTART FILE AT STEP 2000
FINISHED WRITING RESTART COORDINATES
The last position output (seq=2000) takes 0.003 seconds, 823.438 MB of memory in use
PRESSURE: 2000 0 0 0 0 0 0 0 0 0
GPRESSURE: 2000 0 0 0 0 0 0 0 0 0
PRESSAVG: 2000 0 0 0 0 0 0 0 0 0
GPRESSAVG: 2000 0 0 0 0 0 0 0 0 0
TIMING: 2000  CPU: 0.971537, 0.000468728/step  Wall: 0.981528, 0.00047225/step, 0.000393542 hours remaining, 823.437500 MB of memory in use.
ETITLE:      TS           BOND          ANGLE          DIHED          IMPRP               ELECT            VDW       BOUNDARY           MISC        KINETIC               TOTAL           TEMP      POTENTIAL         TOTAL3        TEMPAVG

ENERGY:    2000      1051.3247      1737.9458      2078.7350       156.1823            -41.4482      -805.0460         0.0000      5259.6943      2959.8161          12397.2040       297.2059      9437.3879     12421.6696       298.1235

WRITING EXTENDED SYSTEM TO RESTART FILE AT STEP 2000
WRITING VELOCITIES TO RESTART FILE AT STEP 2000
FINISHED WRITING RESTART VELOCITIES
The last velocity output (seq=2000) takes 0.002 seconds, 823.438 MB of memory in use
PRESSURE: 2100 0 0 0 0 0 0 0 0 0
GPRESSURE: 2100 0 0 0 0 0 0 0 0 0
PRESSAVG: 2100 0 0 0 0 0 0 0 0 0
GPRESSAVG: 2100 0 0 0 0 0 0 0 0 0
ENERGY:    2100      1107.5907      1723.9046      2084.1653       159.9071            -41.5927      -821.7778         0.0000      5264.0287      2972.2683          12448.4941       298.4562      9476.2259     12470.9861       296.6713

PRESSURE: 2200 0 0 0 0 0 0 0 0 0
GPRESSURE: 2200 0 0 0 0 0 0 0 0 0
PRESSAVG: 2200 0 0 0 0 0 0 0 0 0
GPRESSAVG: 2200 0 0 0 0 0 0 0 0 0
ENERGY:    2200      1072.2370      1710.5745      2088.4397       157.7151            -41.6293      -801.6973         0.0000      5267.1626      2958.9602          12411.7625       297.1199      9452.8023     12435.4582       298.0477

PRESSURE: 2300 0 0 0 0 0 0 0 0 0
GPRESSURE: 2300 0 0 0 0 0 0 0 0 0
PRESSAVG: 2300 0 0 0 0 0 0 0 0 0
GPRESSAVG: 2300 0 0 0 0 0 0 0 0 0
ENERGY:    2300      1096.1369      1696.1567      2083.8942       143.7577            -41.5693      -776.0158         0.0000      5265.5316      2980.8147          12448.7067       299.3144      9467.8920     12472.2698       299.5957

PRESSURE: 2400 0 0 0 0 0 0 0 0 0
GPRESSURE: 2400 0 0 0 0 0 0 0 0 0
PRESSAVG: 2400 0 0 0 0 0 0 0 0 0
GPRESSAVG: 2400 0 0 0 0 0 0 0 0 0
ENERGY:    2400      1061.4094      1706.3523      2101.0040       165.0141            -41.4207      -810.4040         0.0000      5263.4163      3001.0874          12446.4589       301.3501      9445.3714     12469.8961       300.1491

PRESSURE: 2500 0 0 0 0 0 0 0 0 0
GPRESSURE: 2500 0 0 0 0 0 0 0 0 0
PRESSAVG: 2500 0 0 0 0 0 0 0 0 0
GPRESSAVG: 2500 0 0 0 0 0 0 0 0 0
ENERGY:    2500      1112.0892      1719.4671      2104.2257       155.2494            -41.9990      -843.1527         0.0000      5265.9885      2985.0869          12456.9550       299.7434      9471.8681     12482.3130       298.9579

PRESSURE: 2600 0 0 0 0 0 0 0 0 0
GPRESSURE: 2600 0 0 0 0 0 0 0 0 0
PRESSAVG: 2600 0 0 0 0 0 0 0 0 0
GPRESSAVG: 2600 0 0 0 0 0 0 0 0 0
ENERGY:    2600      1087.8913      1684.6349      2129.6794       148.6208            -41.5029      -799.4547         0.0000      5267.5104      2948.3690          12425.7483       296.0564      9477.3793     12448.8123       298.4130

PRESSURE: 2700 0 0 0 0 0 0 0 0 0
GPRESSURE: 2700 0 0 0 0 0 0 0 0 0
PRESSAVG: 2700 0 0 0 0 0 0 0 0 0
GPRESSAVG: 2700 0 0 0 0 0 0 0 0 0
ENERGY:    2700      1094.4722      1713.4603      2100.4499       151.5038            -41.5921      -821.0209         0.0000      5273.5411      2935.1801          12405.9944       294.7321      9470.8143     12429.2882       297.8164

PRESSURE: 2800 0 0 0 0 0 0 0 0 0
GPRESSURE: 2800 0 0 0 0 0 0 0 0 0
PRESSAVG: 2800 0 0 0 0 0 0 0 0 0
GPRESSAVG: 2800 0 0 0 0 0 0 0 0 0
ENERGY:    2800      1071.1452      1704.9432      2053.6525       152.0822            -41.0123      -851.0979         0.0000      5270.9284      3015.3015          12375.9429       302.7774      9360.6413     12400.1965       294.9305

PRESSURE: 2900 0 0 0 0 0 0 0 0 0
GPRESSURE: 2900 0 0 0 0 0 0 0 0 0
PRESSAVG: 2900 0 0 0 0 0 0 0 0 0
GPRESSAVG: 2900 0 0 0 0 0 0 0 0 0
ENERGY:    2900      1095.6279      1718.1625      2090.2259       149.2036            -41.0251      -818.1312         0.0000      5267.4684      2979.3439          12440.8758       299.1667      9461.5320     12464.7851       297.9630

PRESSURE: 3000 0 0 0 0 0 0 0 0 0
GPRESSURE: 3000 0 0 0 0 0 0 0 0 0
PRESSAVG: 3000 0 0 0 0 0 0 0 0 0
GPRESSAVG: 3000 0 0 0 0 0 0 0 0 0
TIMING: 3000  CPU: 1.41631, 0.000444774/step  Wall: 1.43076, 0.000449228/step, 0.000249571 hours remaining, 823.437500 MB of memory in use.
ETITLE:      TS           BOND          ANGLE          DIHED          IMPRP               ELECT            VDW       BOUNDARY           MISC        KINETIC               TOTAL           TEMP      POTENTIAL         TOTAL3        TEMPAVG

ENERGY:    3000      1090.4909      1722.7353      2085.5976       147.2280            -41.5725      -807.8216         0.0000      5262.6734      2996.1557          12455.4868       300.8549      9459.3311     12479.8285       300.3240

WRITING EXTENDED SYSTEM TO RESTART FILE AT STEP 3000
WRITING VELOCITIES TO RESTART FILE AT STEP 3000
FINISHED WRITING RESTART VELOCITIES
The last velocity output (seq=3000) takes 0.002 seconds, 823.438 MB of memory in use
WRITING COORDINATES TO DCD FILE adk-step1.dcd AT STEP 3000
WRITING COORDINATES TO RESTART FILE AT STEP 3000
FINISHED WRITING RESTART COORDINATES
The last position output (seq=3000) takes 0.002 seconds, 823.438 MB of memory in use
PRESSURE: 3100 0 0 0 0 0 0 0 0 0
GPRESSURE: 3100 0 0 0 0 0 0 0 0 0
PRESSAVG: 3100 0 0 0 0 0 0 0 0 0
GPRESSAVG: 3100 0 0 0 0 0 0 0 0 0
ENERGY:    3100      1083.1254      1753.9174      2083.5264       173.6778            -40.2713      -820.9558         0.0000      5265.4922      2943.8519          12442.3641       295.6028      9498.5122     12467.2343       298.0258

PRESSURE: 3200 0 0 0 0 0 0 0 0 0
GPRESSURE: 3200 0 0 0 0 0 0 0 0 0
PRESSAVG: 3200 0 0 0 0 0 0 0 0 0
GPRESSAVG: 3200 0 0 0 0 0 0 0 0 0
ENERGY:    3200      1082.1258      1696.9811      2097.5259       174.0872            -40.0137      -780.8256         0.0000      5260.5145      2979.3761          12469.7713       299.1700      9490.3952     12492.5200       298.0115

PRESSURE: 3300 0 0 0 0 0 0 0 0 0
GPRESSURE: 3300 0 0 0 0 0 0 0 0 0
PRESSAVG: 3300 0 0 0 0 0 0 0 0 0
GPRESSAVG: 3300 0 0 0 0 0 0 0 0 0
ENERGY:    3300      1151.3455      1687.8017      2107.2004       154.8655            -40.0923      -825.9000         0.0000      5261.1854      2933.2750          12429.6812       294.5408      9496.4062     12454.7716       300.6592

PRESSURE: 3400 0 0 0 0 0 0 0 0 0
GPRESSURE: 3400 0 0 0 0 0 0 0 0 0
PRESSAVG: 3400 0 0 0 0 0 0 0 0 0
GPRESSAVG: 3400 0 0 0 0 0 0 0 0 0
ENERGY:    3400      1096.1772      1712.5620      2070.0458       150.9511            -39.4218      -801.1699         0.0000      5262.2404      3015.3832          12466.7681       302.7856      9451.3848     12493.5658       300.8560

PRESSURE: 3500 0 0 0 0 0 0 0 0 0
GPRESSURE: 3500 0 0 0 0 0 0 0 0 0
PRESSAVG: 3500 0 0 0 0 0 0 0 0 0
GPRESSAVG: 3500 0 0 0 0 0 0 0 0 0
ENERGY:    3500      1120.6574      1736.4040      2089.7311       153.1715            -40.3120      -803.4534         0.0000      5254.5793      2967.0482          12477.8261       297.9321      9510.7779     12502.4809       302.6272

PRESSURE: 3600 0 0 0 0 0 0 0 0 0
GPRESSURE: 3600 0 0 0 0 0 0 0 0 0
PRESSAVG: 3600 0 0 0 0 0 0 0 0 0
GPRESSAVG: 3600 0 0 0 0 0 0 0 0 0
ENERGY:    3600      1120.1647      1665.8882      2077.3136       151.7672            -40.0982      -789.5794         0.0000      5256.6495      3046.0821          12488.1876       305.8682      9442.1055     12514.0731       303.0005

PRESSURE: 3700 0 0 0 0 0 0 0 0 0
GPRESSURE: 3700 0 0 0 0 0 0 0 0 0
PRESSAVG: 3700 0 0 0 0 0 0 0 0 0
GPRESSAVG: 3700 0 0 0 0 0 0 0 0 0
ENERGY:    3700      1101.7007      1633.0989      2085.9202       159.6739            -40.0075      -805.1496         0.0000      5256.1342      3067.6554          12459.0262       308.0344      9391.3707     12484.7451       301.5391

PRESSURE: 3800 0 0 0 0 0 0 0 0 0
GPRESSURE: 3800 0 0 0 0 0 0 0 0 0
PRESSAVG: 3800 0 0 0 0 0 0 0 0 0
GPRESSAVG: 3800 0 0 0 0 0 0 0 0 0
ENERGY:    3800      1116.9709      1737.4549      2069.0968       160.3181            -40.2669      -788.0549         0.0000      5246.1186      2954.1171          12455.7546       296.6336      9501.6375     12477.5281       300.7836

PRESSURE: 3900 0 0 0 0 0 0 0 0 0
GPRESSURE: 3900 0 0 0 0 0 0 0 0 0
PRESSAVG: 3900 0 0 0 0 0 0 0 0 0
GPRESSAVG: 3900 0 0 0 0 0 0 0 0 0
ENERGY:    3900      1097.6516      1699.4115      2048.2333       145.4084            -40.6236      -791.0960         0.0000      5254.2351      3031.9240          12445.1442       304.4465      9413.2202     12472.2893       300.4167

WRITING VELOCITIES TO RESTART FILE AT STEP 4000
FINISHED WRITING RESTART VELOCITIES
The last velocity output (seq=4000) takes 0.003 seconds, 823.438 MB of memory in use
WRITING COORDINATES TO DCD FILE adk-step1.dcd AT STEP 4000
WRITING COORDINATES TO RESTART FILE AT STEP 4000
FINISHED WRITING RESTART COORDINATES
The last position output (seq=4000) takes 0.002 seconds, 823.438 MB of memory in use
PRESSURE: 4000 0 0 0 0 0 0 0 0 0
GPRESSURE: 4000 0 0 0 0 0 0 0 0 0
PRESSAVG: 4000 0 0 0 0 0 0 0 0 0
GPRESSAVG: 4000 0 0 0 0 0 0 0 0 0
TIMING: 4000  CPU: 1.87129, 0.000454984/step  Wall: 1.8919, 0.000461145/step, 0.000128096 hours remaining, 823.437500 MB of memory in use.
ETITLE:      TS           BOND          ANGLE          DIHED          IMPRP               ELECT            VDW       BOUNDARY           MISC        KINETIC               TOTAL           TEMP      POTENTIAL         TOTAL3        TEMPAVG

ENERGY:    4000      1113.1121      1736.5375      2061.4771       141.6995            -40.7163      -792.5686         0.0000      5266.0879      2956.1526          12441.7818       296.8380      9485.6292     12465.1717       299.9618

WRITING EXTENDED SYSTEM TO RESTART FILE AT STEP 4000
PRESSURE: 4100 0 0 0 0 0 0 0 0 0
GPRESSURE: 4100 0 0 0 0 0 0 0 0 0
PRESSAVG: 4100 0 0 0 0 0 0 0 0 0
GPRESSAVG: 4100 0 0 0 0 0 0 0 0 0
ENERGY:    4100      1153.0101      1731.3368      2061.0857       149.0193            -40.3304      -820.2556         0.0000      5266.7882      2950.0334          12450.6877       296.2236      9500.6543     12473.8999       300.3722

PRESSURE: 4200 0 0 0 0 0 0 0 0 0
GPRESSURE: 4200 0 0 0 0 0 0 0 0 0
PRESSAVG: 4200 0 0 0 0 0 0 0 0 0
GPRESSAVG: 4200 0 0 0 0 0 0 0 0 0
ENERGY:    4200      1101.1285      1718.9425      2111.8162       162.5907            -39.7829      -804.7047         0.0000      5265.2822      2934.2533          12449.5256       294.6390      9515.2723     12472.4686       297.4366

LDB: ============= START OF LOAD BALANCING ============== 4.16919
LDB: ============== END OF LOAD BALANCING =============== 4.16925
Info: useSync: 0 useProxySync: 0
LDB: =============== DONE WITH MIGRATION ================ 4.16936
PRESSURE: 4300 0 0 0 0 0 0 0 0 0
GPRESSURE: 4300 0 0 0 0 0 0 0 0 0
PRESSAVG: 4300 0 0 0 0 0 0 0 0 0
GPRESSAVG: 4300 0 0 0 0 0 0 0 0 0
ENERGY:    4300      1100.9876      1709.7407      2086.0935       151.6884            -40.2276      -804.1179         0.0000      5273.1375      2929.4445          12406.7466       294.1561      9477.3021     12429.0814       299.2114

LDB: ============= START OF LOAD BALANCING ============== 4.21297
LDB: TIME 4.21322 LOAD: AVG 0.013743 MAX 0.0266689  PROXIES: TOTAL 171 MAXPE 10 MAXPATCH 7 None MEM: 823.438 MB
LDB: TIME 4.2134 LOAD: AVG 0.013743 MAX 0.0266689  PROXIES: TOTAL 171 MAXPE 10 MAXPATCH 7 RefineTorusLB MEM: 823.5 MB
LDB: TIME 4.21354 LOAD: AVG 0.013743 MAX 0.0266689  PROXIES: TOTAL 171 MAXPE 10 MAXPATCH 7 RefineTorusLB MEM: 823.5 MB
LDB: Reverting to original mapping
LDB: ============== END OF LOAD BALANCING =============== 4.21377
Info: build node-aware spanning tree with send: 1, recv: 0 with branch factor 4
Info: useSync: 0 useProxySync: 0
LDB: =============== DONE WITH MIGRATION ================ 4.21441
PRESSURE: 4400 0 0 0 0 0 0 0 0 0
GPRESSURE: 4400 0 0 0 0 0 0 0 0 0
PRESSAVG: 4400 0 0 0 0 0 0 0 0 0
GPRESSAVG: 4400 0 0 0 0 0 0 0 0 0
ENERGY:    4400      1137.9484      1693.6954      2078.2420       149.3136            -39.9123      -783.5113         0.0000      5278.1762      2970.4122          12484.3642       298.2699      9513.9520     12505.8712       298.3552

PRESSURE: 4500 0 0 0 0 0 0 0 0 0
GPRESSURE: 4500 0 0 0 0 0 0 0 0 0
PRESSAVG: 4500 0 0 0 0 0 0 0 0 0
GPRESSAVG: 4500 0 0 0 0 0 0 0 0 0
ENERGY:    4500      1150.1426      1748.7564      2067.5057       157.8559            -40.7486      -812.6294         0.0000      5270.2893      3001.4242          12542.5961       301.3839      9541.1719     12563.7320       301.3433

PRESSURE: 4600 0 0 0 0 0 0 0 0 0
GPRESSURE: 4600 0 0 0 0 0 0 0 0 0
PRESSAVG: 4600 0 0 0 0 0 0 0 0 0
GPRESSAVG: 4600 0 0 0 0 0 0 0 0 0
ENERGY:    4600      1122.5930      1710.4418      2089.4432       155.9689            -41.6294      -833.6656         0.0000      5264.2483      3011.4120          12478.8124       302.3868      9467.4003     12502.6322       302.7140

PRESSURE: 4700 0 0 0 0 0 0 0 0 0
GPRESSURE: 4700 0 0 0 0 0 0 0 0 0
PRESSAVG: 4700 0 0 0 0 0 0 0 0 0
GPRESSAVG: 4700 0 0 0 0 0 0 0 0 0
ENERGY:    4700      1135.5280      1715.4696      2084.4649       157.5871            -41.3834      -821.8066         0.0000      5266.9501      2994.6113          12491.4208       300.6998      9496.8096     12518.0008       301.8421

PRESSURE: 4800 0 0 0 0 0 0 0 0 0
GPRESSURE: 4800 0 0 0 0 0 0 0 0 0
PRESSAVG: 4800 0 0 0 0 0 0 0 0 0
GPRESSAVG: 4800 0 0 0 0 0 0 0 0 0
ENERGY:    4800      1113.6300      1704.8673      2082.4651       157.1291            -40.9338      -798.1036         0.0000      5262.0821      2952.7334          12433.8696       296.4947      9481.1362     12457.1354       300.1516

PRESSURE: 4900 0 0 0 0 0 0 0 0 0
GPRESSURE: 4900 0 0 0 0 0 0 0 0 0
PRESSAVG: 4900 0 0 0 0 0 0 0 0 0
GPRESSAVG: 4900 0 0 0 0 0 0 0 0 0
ENERGY:    4900      1154.1460      1692.3652      2081.2737       161.5287            -40.7477      -829.9928         0.0000      5270.8074      2963.0961          12452.4767       297.5352      9489.3806     12479.3786       300.1057

PRESSURE: 5000 0 0 0 0 0 0 0 0 0
GPRESSURE: 5000 0 0 0 0 0 0 0 0 0
PRESSAVG: 5000 0 0 0 0 0 0 0 0 0
GPRESSAVG: 5000 0 0 0 0 0 0 0 0 0
TIMING: 5000  CPU: 2.29739, 0.000426099/step  Wall: 2.32791, 0.000436014/step, 0 hours remaining, 823.500000 MB of memory in use.
ETITLE:      TS           BOND          ANGLE          DIHED          IMPRP               ELECT            VDW       BOUNDARY           MISC        KINETIC               TOTAL           TEMP      POTENTIAL         TOTAL3        TEMPAVG

ENERGY:    5000      1122.1163      1692.9705      2092.4096       164.6941            -40.6418      -798.6680         0.0000      5269.7484      3002.4051          12505.0343       301.4824      9502.6291     12529.1948       302.2982

WRITING EXTENDED SYSTEM TO RESTART FILE AT STEP 5000
WRITING COORDINATES TO DCD FILE adk-step1.dcd AT STEP 5000
WRITING COORDINATES TO RESTART FILE AT STEP 5000
FINISHED WRITING RESTART COORDINATES
The last position output (seq=5000) takes 0.002 seconds, 824.062 MB of memory in use
WRITING VELOCITIES TO RESTART FILE AT STEP 5000
FINISHED WRITING RESTART VELOCITIES
The last velocity output (seq=5000) takes 0.002 seconds, 824.062 MB of memory in use
WRITING EXTENDED SYSTEM TO OUTPUT FILE AT STEP 5000
WRITING COORDINATES TO OUTPUT FILE AT STEP 5000
CLOSING COORDINATE DCD FILE adk-step1.dcd
The last position output (seq=-2) takes 0.004 seconds, 824.062 MB of memory in use
WRITING VELOCITIES TO OUTPUT FILE AT STEP 5000
====================================================

WallClock: 4.485767  CPUTime: 3.072846  Memory: 824.062500 MB
End of program
