7_7_cc.dat
/gpfs/alpine/bip115/scratch/hrlee/radical.pilot.sandbox/re.session.login1.hrlee.018632.0005/pilot.0000/staging_area/7_7_cc.dat
7, 7
Choosing optimized barrier algorithm name I0:HybridBinomial:SHMEM:P2P
Converse/Charm++ Commit ID: v6.10.2-0-g7bf00fa-namd-charm-6.10.2-build-2020-Aug-05-556
Warning> Randomization of virtual memory (ASLR) is turned on in the kernel, thread migration may not work! Run 'echo 0 > /proc/sys/kernel/randomize_va_space' as root to disable it, or try running with '+isomalloc_sync'.
CharmLB> Load balancer assumes all CPUs are same.
Charm++> Running on 1 hosts (1 sockets x 7 cores x 4 PUs = 28-way SMP)
Charm++> cpu topology info is gathered in 0.003 seconds.
Info: Built with CUDA version 10010
Did not find +devices i,j,k,... argument, using all
Pe 9 physical rank 9 will use CUDA device of pe 7
Pe 5 physical rank 5 will use CUDA device of pe 4
Pe 24 physical rank 24 will use CUDA device of pe 21
Pe 40 physical rank 40 will use CUDA device of pe 35
Pe 30 physical rank 30 will use CUDA device of pe 28
Pe 13 physical rank 13 will use CUDA device of pe 7
Pe 2 physical rank 2 will use CUDA device of pe 4
Pe 26 physical rank 26 will use CUDA device of pe 21
Pe 38 physical rank 38 will use CUDA device of pe 35
Pe 32 physical rank 32 will use CUDA device of pe 28
Pe 17 physical rank 17 will use CUDA device of pe 14
Pe 10 physical rank 10 will use CUDA device of pe 7
Pe 6 physical rank 6 will use CUDA device of pe 4
Pe 25 physical rank 25 will use CUDA device of pe 21
Pe 39 physical rank 39 will use CUDA device of pe 35
Pe 33 physical rank 33 will use CUDA device of pe 28
Pe 18 physical rank 18 will use CUDA device of pe 14
Pe 12 physical rank 12 will use CUDA device of pe 7
Pe 27 physical rank 27 will use CUDA device of pe 21
Pe 41 physical rank 41 will use CUDA device of pe 35
Pe 31 physical rank 31 will use CUDA device of pe 28
Pe 19 physical rank 19 will use CUDA device of pe 14
Pe 11 physical rank 11 will use CUDA device of pe 7
Pe 3 physical rank 3 will use CUDA device of pe 4
Pe 23 physical rank 23 will use CUDA device of pe 21
Pe 36 physical rank 36 will use CUDA device of pe 35
Pe 34 physical rank 34 will use CUDA device of pe 28
Pe 16 physical rank 16 will use CUDA device of pe 14
Pe 8 physical rank 8 will use CUDA device of pe 7
Pe 1 physical rank 1 will use CUDA device of pe 4
Pe 22 physical rank 22 will use CUDA device of pe 21
Pe 37 physical rank 37 will use CUDA device of pe 35
Pe 29 physical rank 29 will use CUDA device of pe 28
Pe 20 physical rank 20 will use CUDA device of pe 14
Pe 0 physical rank 0 will use CUDA device of pe 4
Pe 15 physical rank 15 will use CUDA device of pe 14
Pe 7 physical rank 7 binding to CUDA device 0 on h35n17: 'Tesla V100-SXM2-16GB'  Mem: 16128MB  Rev: 7.0  PCI: 4:5:0
Pe 4 physical rank 4 binding to CUDA device 0 on h35n17: 'Tesla V100-SXM2-16GB'  Mem: 16128MB  Rev: 7.0  PCI: 4:4:0
Pe 21 physical rank 21 binding to CUDA device 0 on h35n17: 'Tesla V100-SXM2-16GB'  Mem: 16128MB  Rev: 7.0  PCI: 35:3:0
Pe 35 physical rank 35 binding to CUDA device 0 on h35n17: 'Tesla V100-SXM2-16GB'  Mem: 16128MB  Rev: 7.0  PCI: 35:5:0
Pe 28 physical rank 28 binding to CUDA device 0 on h35n17: 'Tesla V100-SXM2-16GB'  Mem: 16128MB  Rev: 7.0  PCI: 35:4:0
Pe 14 physical rank 14 binding to CUDA device 0 on h35n17: 'Tesla V100-SXM2-16GB'  Mem: 16128MB  Rev: 7.0  PCI: 4:6:0
Info: NAMD 2.14 for Linux-POWER-pami-smp-Summit-CUDA
Info: 
Info: Please visit http://www.ks.uiuc.edu/Research/namd/
Info: for updates, documentation, and support information.
Info: 
Info: Please cite Phillips et al., J. Chem. Phys. 153:044130 (2020) doi:10.1063/5.0014475
Info: in all publications reporting results obtained with NAMD.
Info: 
Info: Based on Charm++/Converse 61002 for pami-linux-ppc64le-smp
Info: Built Wed Aug 5 14:28:51 EDT 2020 by jimp on login2
Info: 1 NAMD  2.14  Linux-POWER-pami-smp-Summit-CUDA  42    h35n17  hrlee
Info: Running on 42 processors, 6 nodes, 1 physical nodes.
Info: CPU topology information available.
Info: Charm++/Converse parallel runtime startup completed at 1.44749 s
CkLoopLib is used in SMP with simple dynamic scheduling (converse-level notification)
Info: 791.688 MB of memory in use based on /proc/self/stat
Info: Configuration file is adk-step1.namd
Info: Working in the current directory /gpfs/alpine/bip115/scratch/hrlee/radical.pilot.sandbox/re.session.login1.hrlee.018632.0005/pilot.0000/unit.000552
TCL: Suspending until startup complete.
Info: SIMULATION PARAMETERS:
Info: TIMESTEP               1
Info: NUMBER OF STEPS        0
Info: STEPS PER CYCLE        20
Info: LOAD BALANCER  Centralized
Info: LOAD BALANCING STRATEGY  New Load Balancers -- DEFAULT
Info: LDB PERIOD             4000 steps
Info: FIRST LDB TIMESTEP     100
Info: LAST LDB TIMESTEP     -1
Info: LDB BACKGROUND SCALING 1
Info: HOM BACKGROUND SCALING 1
Info: MIN ATOMS PER PATCH    40
Info: VELOCITY FILE          7_7_adk-step1.restart.vel
Info: CENTER OF MASS MOVING INITIALLY? NO
Info: DIELECTRIC             80
Info: EXCLUDE                SCALED ONE-FOUR
Info: 1-4 ELECTROSTATICS SCALED BY 1
Info: MODIFIED 1-4 VDW PARAMETERS WILL BE USED
Info: DCD FILENAME           adk-step1.dcd
Info: DCD FREQUENCY          1000
Info: DCD FIRST STEP         1000
Info: NO EXTENDED SYSTEM TRAJECTORY OUTPUT
Info: NO VELOCITY DCD OUTPUT
Info: NO FORCE DCD OUTPUT
Info: OUTPUT FILENAME        adk-step1
Info: BINARY OUTPUT FILES WILL BE USED
Info: RESTART FILENAME       adk-step1.restart
Info: RESTART FREQUENCY      1000
Info: BINARY RESTART FILES WILL BE USED
Info: SWITCHING ACTIVE
Info: SWITCHING ON           9
Info: SWITCHING OFF          10
Info: PAIRLIST DISTANCE      11
Info: PAIRLIST SHRINK RATE   0.01
Info: PAIRLIST GROW RATE     0.01
Info: PAIRLIST TRIGGER       0.3
Info: PAIRLISTS PER CYCLE    2
Info: PAIRLISTS ENABLED
Info: MARGIN                 0
Info: HYDROGEN GROUP CUTOFF  2.5
Info: PATCH DIMENSION        13.5
Info: ENERGY OUTPUT STEPS    100
Info: CROSSTERM ENERGY INCLUDED IN DIHEDRAL
Info: TIMING OUTPUT STEPS    1000
Info: PRESSURE OUTPUT STEPS  100
Info: GRID FORCE ACTIVE
Info:  Please include this reference in published work using
Info:  the Gridforce module of NAMD: David Wells, Volha Abramkina,
Info:  and Aleksei Aksimentiev, J. Chem. Phys. 127:125101-10 (2007).
Info: MGRIDFORCE key 0
Info:            Potfile 4ake-target_autopsf-grid.dx
Info:            Scale 0.3 0.3 0.3
Info:            File 1ake-docked-noh_autopsf-grid.pdb
Info:            Col O
Info:            ChargeCol B
Info:            VOffset 0 0 0
Info:            Continuous K1 FALSE
Info:            Continuous K2 FALSE
Info:            Continuous K3 FALSE
Info:            Volts FALSE
Info:            Gridforce-Lite FALSE
Info:            Gridforce-CheckSize TRUE
Info: LANGEVIN DYNAMICS ACTIVE
Info: LANGEVIN TEMPERATURE   300
Info: LANGEVIN USING BBK INTEGRATOR
Info: LANGEVIN DAMPING COEFFICIENT IS 5 INVERSE PS
Info: LANGEVIN DYNAMICS NOT APPLIED TO HYDROGENS
Info: USING VERLET I (r-RESPA) MTS SCHEME.
Info: C1 SPLITTING OF LONG RANGE ELECTROSTATICS
Info: PLACING ATOMS IN PATCHES BY HYDROGEN GROUPS
Info: RIGID BONDS TO HYDROGEN : WATER
Info:         ERROR TOLERANCE : 1e-08
Info:          MAX ITERATIONS : 100
Info: RIGID WATER USING SETTLE ALGORITHM
Info: NONBONDED FORCES EVALUATED EVERY 2 STEPS
Info: RANDOM NUMBER SEED     1609828020
Info: USE HYDROGEN BONDS?    NO
Info: COORDINATE PDB         1ake-docked-noh_autopsf.pdb
Info: STRUCTURE FILE         1ake-docked-noh_autopsf.psf
Info: PARAMETER file: CHARMM format! 
Info: PARAMETERS             par_all36_prot.prm
Info: USING ARITHMETIC MEAN TO COMBINE L-J SIGMA PARAMETERS
Info: BINARY COORDINATES     7_7_adk-step1.restart.coor
Info: SUMMARY OF PARAMETERS:
Info: 132 BONDS
Info: 362 ANGLES
Info: 702 DIHEDRAL
Info: 35 IMPROPER
Info: 6 CROSSTERM
Info: 53 VDW
Info: 0 VDW_PAIRS
Info: 0 NBTHOLE_PAIRS
Info: TIME FOR READING PSF FILE: 0.340885
Info: READING EXTRA BONDS FILE 1ake-extrabonds.txt
Info: READING EXTRA BONDS FILE 1ake-extrabonds-cispeptide.txt
Info: READING EXTRA BONDS FILE 1ake-extrabonds-chirality.txt
Info: READ 80 EXTRA BONDS
Info: READ 80 EXTRA ANGLES
Warning: EXTRA ANGLES ARE COSINE-BASED BY DEFAULT TO MATCH PREVIOUS VERSIONS
Warning: FOR NORMAL HARMONIC EXTRA ANGLES SET extraBondsCosAngles off
Info: READ 493 EXTRA DIHEDRALS
Info: READ 438 EXTRA IMPROPERS
Info: Reading pdb file 1ake-docked-noh_autopsf.pdb
Info: TIME FOR READING PDB FILE: 0.0896437
Info: 
Info: ****************************
Info: STRUCTURE SUMMARY:
Info: 3341 ATOMS
Info: 3445 BONDS
Info: 6203 ANGLES
Info: 9414 DIHEDRALS
Info: 1005 IMPROPERS
Info: 212 CROSSTERMS
Info: 0 EXCLUSIONS
Info: 0 RIGID BONDS
Info: 1 GRIDS ACTIVE
Info: 10023 DEGREES OF FREEDOM
Info: 1656 HYDROGEN GROUPS
Info: 4 ATOMS IN LARGEST HYDROGEN GROUP
Info: 1656 MIGRATION GROUPS
Info: 4 ATOMS IN LARGEST MIGRATION GROUP
Info: TOTAL MASS = 23582 amu
Info: TOTAL CHARGE = -4 e
Info: *****************************
Info: Reading from binary file 7_7_adk-step1.restart.coor
Info: 
Info: Entering startup at 2.23723 s, 798.438 MB of memory in use
Info: Startup phase 0 took 0.000235766 s, 798.438 MB of memory in use
Info: ADDED 18308 IMPLICIT EXCLUSIONS
Info: Startup phase 1 took 0.00962119 s, 798.688 MB of memory in use
Info: NONBONDED TABLE R-SQUARED SPACING: 0.0625
Info: NONBONDED TABLE SIZE: 705 POINTS
Info: ABSOLUTE IMPRECISION IN FAST TABLE ENERGY: 3.38813e-21 AT 9.89634
Info: RELATIVE IMPRECISION IN FAST TABLE ENERGY: 4.23384e-15 AT 9.94673
Info: ABSOLUTE IMPRECISION IN FAST TABLE FORCE: 6.35275e-22 AT 9.94673
Info: RELATIVE IMPRECISION IN FAST TABLE FORCE: 5.07982e-16 AT 9.94673
Info: INCONSISTENCY IN FAST TABLE ENERGY VS FORCE: 0.000290185 AT 0.251946
Info: ABSOLUTE IMPRECISION IN VDWA TABLE ENERGY: 1.57772e-30 AT 9.89634
Info: RELATIVE IMPRECISION IN VDWA TABLE ENERGY: 4.54938e-15 AT 9.94673
Info: ABSOLUTE IMPRECISION IN VDWA TABLE FORCE: 5.91646e-31 AT 9.94673
Info: RELATIVE IMPRECISION IN VDWA TABLE FORCE: 5.6823e-16 AT 9.94673
Info: INCONSISTENCY IN VDWA TABLE ENERGY VS FORCE: 0.0040507 AT 0.251946
Info: ABSOLUTE IMPRECISION IN VDWB TABLE ENERGY: 4.71751e-25 AT 9.94673
Info: RELATIVE IMPRECISION IN VDWB TABLE ENERGY: 1.45371e-14 AT 9.94673
Info: ABSOLUTE IMPRECISION IN VDWB TABLE FORCE: 6.20385e-25 AT 9.94673
Info: RELATIVE IMPRECISION IN VDWB TABLE FORCE: 5.97512e-16 AT 9.94673
Info: INCONSISTENCY IN VDWB TABLE ENERGY VS FORCE: 0.00377068 AT 9.07951
Info: Startup phase 2 took 0.00067617 s, 800.062 MB of memory in use
Info: Startup phase 3 took 0.000211718 s, 800.375 MB of memory in use
Info: Startup phase 4 took 0.000269997 s, 800.562 MB of memory in use
Info: Startup phase 5 took 0.000192234 s, 800.562 MB of memory in use
Info: ORIGINAL ATOMS MINMAX IS -21.8759 -33.0834 -34.5309  17.5285 11.7299 17.0013
Info: ADJUSTED ATOMS MINMAX IS -17.4756 -27.115 -30.3214  11.7632 7.05729 7.34472
Info: PATCH GRID IS 5 BY 3 BY 3
Info: PATCH GRID IS 2-AWAY BY 1-AWAY BY 1-AWAY
Info: Reading from binary file 7_7_adk-step1.restart.vel
Info: REMOVING COM VELOCITY 0.0220979 -0.123857 -0.214341
Info: LARGEST PATCH (37) HAS 152 ATOMS
Info: TORUS A SIZE 1 USING 0
Info: TORUS B SIZE 1 USING 0
Info: TORUS C SIZE 1 USING 0
Info: TORUS MINIMAL MESH SIZE IS 1 BY 1 BY 1
Info: Placed 100% of base nodes on same physical node as patch
Info: Startup phase 6 took 0.00806254 s, 800.688 MB of memory in use
Info: Startup phase 7 took 0.000203726 s, 801.562 MB of memory in use
Info: Updated CUDA force table with 4096 elements.
Info: Updated CUDA LJ table with 53 x 53 elements.
Info: Updated CUDA force table with 4096 elements.
Info: Updated CUDA force table with 4096 elements.
Info: Updated CUDA LJ table with 53 x 53 elements.
Info: Updated CUDA LJ table with 53 x 53 elements.
Info: Updated CUDA force table with 4096 elements.
Info: Updated CUDA force table with 4096 elements.
Info: Updated CUDA force table with 4096 elements.
Info: Updated CUDA LJ table with 53 x 53 elements.
Info: Updated CUDA LJ table with 53 x 53 elements.
Info: Updated CUDA LJ table with 53 x 53 elements.
Info: Startup phase 8 took 0.00375012 s, 801.75 MB of memory in use
Info: Startup phase 9 took 0.000434546 s, 801.812 MB of memory in use
Info: Startup phase 10 took 0.000198936 s, 801.875 MB of memory in use
Info: Startup phase 11 took 0.000895899 s, 801.938 MB of memory in use
LDB: Central LB being created...
Info: Startup phase 12 took 0.0029805 s, 802.875 MB of memory in use
Info: CREATING 1139 COMPUTE OBJECTS
Info: Found 278 unique exclusion lists needing 900 bytes
Info: Found 278 unique exclusion lists needing 900 bytes
Info: Found 278 unique exclusion lists needing 900 bytes
Info: Found 278 unique exclusion lists needing 900 bytes
Info: Found 278 unique exclusion lists needing 900 bytes
Info: Found 278 unique exclusion lists needing 900 bytes
Info: Startup phase 13 took 0.0186908 s, 803.75 MB of memory in use
Info: Building spanning tree ... send: 1 recv: 0 with branch factor 4
Info: Startup phase 14 took 0.000211912 s, 803.875 MB of memory in use
Info: Startup phase 15 took 0.000218241 s, 804 MB of memory in use
Info: Finished startup at 2.28409 s, 804.125 MB of memory in use

TCL: Running for 5000 steps
PRESSURE: 0 0 0 0 0 0 0 0 0 0
GPRESSURE: 0 0 0 0 0 0 0 0 0 0
ETITLE:      TS           BOND          ANGLE          DIHED          IMPRP               ELECT            VDW       BOUNDARY           MISC        KINETIC               TOTAL           TEMP      POTENTIAL         TOTAL3        TEMPAVG

ENERGY:       0      1070.5872      1723.4119      2055.5137       151.3637            -41.3979      -797.8134         0.0000      5279.9042      2930.9728          12372.5423       294.3096      9441.5695     12396.7186       294.3096

Info: useSync: 0 useProxySync: 0
LDB: ============= START OF LOAD BALANCING ============== 2.29968
LDB: ============== END OF LOAD BALANCING =============== 2.29974
Info: useSync: 0 useProxySync: 0
LDB: =============== DONE WITH MIGRATION ================ 2.29985
LDB: ============= START OF LOAD BALANCING ============== 2.35203
LDB: Partitioning computes with target load 0.000000
LDB: Increased migratable compute count from 0 to 0
LDB: Largest unpartitionable compute is 0.000000
LDB: ============== END OF LOAD BALANCING =============== 2.35228
Info: build node-aware spanning tree with send: 1, recv: 0 with branch factor 4
Info: useSync: 0 useProxySync: 0
LDB: =============== DONE WITH MIGRATION ================ 2.35312
PRESSURE: 100 0 0 0 0 0 0 0 0 0
GPRESSURE: 100 0 0 0 0 0 0 0 0 0
PRESSAVG: 100 0 0 0 0 0 0 0 0 0
GPRESSAVG: 100 0 0 0 0 0 0 0 0 0
Info: Initial time: 42 CPUs 0.000654646 s/step 0.00757692 days/ns 823.5 MB memory
ENERGY:     100      1128.5064      1682.6960      2075.8284       145.7201            -41.1589      -804.2817         0.0000      5279.6776      2888.9184          12355.9063       290.0868      9466.9879     12380.9993       295.9836

LDB: ============= START OF LOAD BALANCING ============== 2.36612
LDB: ============== END OF LOAD BALANCING =============== 2.36615
Info: useSync: 0 useProxySync: 0
LDB: =============== DONE WITH MIGRATION ================ 2.36624
LDB: ============= START OF LOAD BALANCING ============== 2.41765
LDB: TIME 2.41786 LOAD: AVG 0.0144956 MAX 0.0331748  PROXIES: TOTAL 174 MAXPE 7 MAXPATCH 7 None MEM: 824.688 MB
LDB: TIME 2.41802 LOAD: AVG 0.0144956 MAX 0.0331748  PROXIES: TOTAL 174 MAXPE 7 MAXPATCH 7 TorusLB MEM: 824.75 MB
LDB: Reverting to original mapping
LDB: ============== END OF LOAD BALANCING =============== 2.41825
Info: build node-aware spanning tree with send: 1, recv: 0 with branch factor 4
Info: useSync: 0 useProxySync: 0
LDB: =============== DONE WITH MIGRATION ================ 2.419
PRESSURE: 200 0 0 0 0 0 0 0 0 0
GPRESSURE: 200 0 0 0 0 0 0 0 0 0
PRESSAVG: 200 0 0 0 0 0 0 0 0 0
GPRESSAVG: 200 0 0 0 0 0 0 0 0 0
Info: Initial time: 42 CPUs 0.000643396 s/step 0.00744671 days/ns 824.75 MB memory
ENERGY:     200      1049.0985      1663.5132      2063.4557       161.5431            -40.2320      -805.7356         0.0000      5280.2045      2962.4392          12334.2867       297.4693      9371.8475     12359.5670       296.3143

LDB: ============= START OF LOAD BALANCING ============== 2.48294
LDB: TIME 2.48314 LOAD: AVG 0.017813 MAX 0.0405462  PROXIES: TOTAL 174 MAXPE 7 MAXPATCH 7 None MEM: 825.688 MB
LDB: TIME 2.48328 LOAD: AVG 0.017813 MAX 0.0405462  PROXIES: TOTAL 174 MAXPE 7 MAXPATCH 7 RefineTorusLB MEM: 825.688 MB
LDB: TIME 2.48341 LOAD: AVG 0.017813 MAX 0.0405462  PROXIES: TOTAL 174 MAXPE 7 MAXPATCH 7 RefineTorusLB MEM: 825.688 MB
LDB: ============== END OF LOAD BALANCING =============== 2.48362
Info: build node-aware spanning tree with send: 1, recv: 0 with branch factor 4
Info: useSync: 0 useProxySync: 0
LDB: =============== DONE WITH MIGRATION ================ 2.48434
PRESSURE: 300 0 0 0 0 0 0 0 0 0
GPRESSURE: 300 0 0 0 0 0 0 0 0 0
PRESSAVG: 300 0 0 0 0 0 0 0 0 0
GPRESSAVG: 300 0 0 0 0 0 0 0 0 0
Info: Initial time: 42 CPUs 0.000635657 s/step 0.00735714 days/ns 825.688 MB memory
ENERGY:     300      1046.5250      1708.8509      2076.6076       146.1294            -40.6750      -831.8700         0.0000      5285.0518      2913.5922          12304.2117       292.5644      9390.6195     12329.3190       292.5366

LDB: ============= START OF LOAD BALANCING ============== 2.54815
LDB: TIME 2.54835 LOAD: AVG 0.0174434 MAX 0.0405813  PROXIES: TOTAL 174 MAXPE 7 MAXPATCH 7 None MEM: 826.562 MB
LDB: TIME 2.54849 LOAD: AVG 0.0174434 MAX 0.0405813  PROXIES: TOTAL 174 MAXPE 7 MAXPATCH 7 RefineTorusLB MEM: 826.562 MB
LDB: TIME 2.5486 LOAD: AVG 0.0174434 MAX 0.0405813  PROXIES: TOTAL 174 MAXPE 7 MAXPATCH 7 RefineTorusLB MEM: 826.562 MB
LDB: Reverting to original mapping
LDB: ============== END OF LOAD BALANCING =============== 2.54883
Info: build node-aware spanning tree with send: 1, recv: 0 with branch factor 4
Info: useSync: 0 useProxySync: 0
LDB: =============== DONE WITH MIGRATION ================ 2.54959
PRESSURE: 400 0 0 0 0 0 0 0 0 0
GPRESSURE: 400 0 0 0 0 0 0 0 0 0
PRESSAVG: 400 0 0 0 0 0 0 0 0 0
GPRESSAVG: 400 0 0 0 0 0 0 0 0 0
Info: Benchmark time: 42 CPUs 0.000638147 s/step 0.00738596 days/ns 826.562 MB memory
ENERGY:     400      1076.0980      1671.5863      2054.1521       161.1633            -40.5554      -801.7862         0.0000      5283.2032      2974.9280          12378.7895       298.7233      9403.8615     12402.8654       296.4674

PRESSURE: 500 0 0 0 0 0 0 0 0 0
GPRESSURE: 500 0 0 0 0 0 0 0 0 0
PRESSAVG: 500 0 0 0 0 0 0 0 0 0
GPRESSAVG: 500 0 0 0 0 0 0 0 0 0
Info: Benchmark time: 42 CPUs 0.000635324 s/step 0.00735329 days/ns 827.375 MB memory
ENERGY:     500      1115.7066      1717.1786      2055.9739       150.1137            -39.8039      -877.2331         0.0000      5283.5987      2963.0732          12368.6077       297.5329      9405.5345     12393.2888       296.2576

PRESSURE: 600 0 0 0 0 0 0 0 0 0
GPRESSURE: 600 0 0 0 0 0 0 0 0 0
PRESSAVG: 600 0 0 0 0 0 0 0 0 0
GPRESSAVG: 600 0 0 0 0 0 0 0 0 0
Info: Benchmark time: 42 CPUs 0.000631031 s/step 0.0073036 days/ns 827.375 MB memory
ENERGY:     600      1110.1791      1662.4309      2097.8294       150.5483            -39.4247      -825.7023         0.0000      5278.2026      2982.8975          12416.9607       299.5236      9434.0633     12440.8414       298.7977

PRESSURE: 700 0 0 0 0 0 0 0 0 0
GPRESSURE: 700 0 0 0 0 0 0 0 0 0
PRESSAVG: 700 0 0 0 0 0 0 0 0 0
GPRESSAVG: 700 0 0 0 0 0 0 0 0 0
Info: Benchmark time: 42 CPUs 0.000626081 s/step 0.00724631 days/ns 827.375 MB memory
ENERGY:     700      1078.7948      1678.8456      2073.0816       160.3206            -39.6379      -821.2623         0.0000      5287.1084      2942.5601          12359.8109       295.4731      9417.2508     12386.2507       296.6426

PRESSURE: 800 0 0 0 0 0 0 0 0 0
GPRESSURE: 800 0 0 0 0 0 0 0 0 0
PRESSAVG: 800 0 0 0 0 0 0 0 0 0
GPRESSAVG: 800 0 0 0 0 0 0 0 0 0
Info: Benchmark time: 42 CPUs 0.000627215 s/step 0.00725944 days/ns 827.375 MB memory
ENERGY:     800      1056.5710      1638.3146      2085.9140       151.2360            -40.6377      -809.3644         0.0000      5285.3613      3026.2139          12393.6087       303.8731      9367.3948     12421.1046       295.6537

PRESSURE: 900 0 0 0 0 0 0 0 0 0
GPRESSURE: 900 0 0 0 0 0 0 0 0 0
PRESSAVG: 900 0 0 0 0 0 0 0 0 0
GPRESSAVG: 900 0 0 0 0 0 0 0 0 0
Info: Benchmark time: 42 CPUs 0.000636916 s/step 0.00737171 days/ns 827.375 MB memory
ENERGY:     900      1109.6409      1718.6021      2110.9538       156.8250            -41.1280      -847.3270         0.0000      5279.6599      2965.0233          12452.2501       297.7287      9487.2268     12477.1296       297.6277

PRESSURE: 1000 0 0 0 0 0 0 0 0 0
GPRESSURE: 1000 0 0 0 0 0 0 0 0 0
PRESSAVG: 1000 0 0 0 0 0 0 0 0 0
GPRESSAVG: 1000 0 0 0 0 0 0 0 0 0
TIMING: 1000  CPU: 0.660201, 0.000637979/step  Wall: 0.666575, 0.000643672/step, 0.000715191 hours remaining, 827.375000 MB of memory in use.
ETITLE:      TS           BOND          ANGLE          DIHED          IMPRP               ELECT            VDW       BOUNDARY           MISC        KINETIC               TOTAL           TEMP      POTENTIAL         TOTAL3        TEMPAVG

ENERGY:    1000      1139.7841      1689.0332      2062.9022       157.6247            -40.7922      -805.6167         0.0000      5277.8811      2941.1212          12421.9377       295.3286      9480.8165     12443.2151       299.6995

WRITING EXTENDED SYSTEM TO RESTART FILE AT STEP 1000
OPENING COORDINATE DCD FILE
WRITING COORDINATES TO DCD FILE adk-step1.dcd AT STEP 1000
WRITING COORDINATES TO RESTART FILE AT STEP 1000
FINISHED WRITING RESTART COORDINATES
The last position output (seq=1000) takes 0.005 seconds, 827.500 MB of memory in use
WRITING VELOCITIES TO RESTART FILE AT STEP 1000
FINISHED WRITING RESTART VELOCITIES
The last velocity output (seq=1000) takes 0.002 seconds, 827.562 MB of memory in use
PRESSURE: 1100 0 0 0 0 0 0 0 0 0
GPRESSURE: 1100 0 0 0 0 0 0 0 0 0
PRESSAVG: 1100 0 0 0 0 0 0 0 0 0
GPRESSAVG: 1100 0 0 0 0 0 0 0 0 0
ENERGY:    1100      1075.8895      1650.4464      2054.6590       147.0128            -40.5016      -817.2402         0.0000      5292.7631      2995.8061          12358.8351       300.8198      9363.0290     12385.0533       297.5776

PRESSURE: 1200 0 0 0 0 0 0 0 0 0
GPRESSURE: 1200 0 0 0 0 0 0 0 0 0
PRESSAVG: 1200 0 0 0 0 0 0 0 0 0
GPRESSAVG: 1200 0 0 0 0 0 0 0 0 0
ENERGY:    1200      1081.9242      1684.3732      2069.9678       147.6432            -39.4064      -798.3230         0.0000      5286.4095      2977.4412          12410.0296       298.9757      9432.5884     12433.7617       296.6592

PRESSURE: 1300 0 0 0 0 0 0 0 0 0
GPRESSURE: 1300 0 0 0 0 0 0 0 0 0
PRESSAVG: 1300 0 0 0 0 0 0 0 0 0
GPRESSAVG: 1300 0 0 0 0 0 0 0 0 0
ENERGY:    1300      1101.5795      1679.5233      2086.7657       159.8916            -39.4890      -772.1719         0.0000      5277.9764      2960.7839          12454.8594       297.3030      9494.0756     12480.3157       297.5457

PRESSURE: 1400 0 0 0 0 0 0 0 0 0
GPRESSURE: 1400 0 0 0 0 0 0 0 0 0
PRESSAVG: 1400 0 0 0 0 0 0 0 0 0
GPRESSAVG: 1400 0 0 0 0 0 0 0 0 0
ENERGY:    1400      1159.5079      1706.3560      2079.3335       155.1786            -40.7971      -836.9601         0.0000      5284.7598      2942.9969          12450.3756       295.5170      9507.3786     12471.3671       299.8608

PRESSURE: 1500 0 0 0 0 0 0 0 0 0
GPRESSURE: 1500 0 0 0 0 0 0 0 0 0
PRESSAVG: 1500 0 0 0 0 0 0 0 0 0
GPRESSAVG: 1500 0 0 0 0 0 0 0 0 0
ENERGY:    1500      1138.1981      1733.6174      2070.8862       157.0805            -39.8594      -847.9287         0.0000      5288.5316      2914.8741          12415.3997       292.6931      9500.5256     12435.7435       299.0440

PRESSURE: 1600 0 0 0 0 0 0 0 0 0
GPRESSURE: 1600 0 0 0 0 0 0 0 0 0
PRESSAVG: 1600 0 0 0 0 0 0 0 0 0
GPRESSAVG: 1600 0 0 0 0 0 0 0 0 0
ENERGY:    1600      1150.0989      1664.3317      2063.4611       146.5706            -40.5180      -830.9659         0.0000      5296.4002      2905.3460          12354.7247       291.7363      9449.3787     12378.3456       297.3388

PRESSURE: 1700 0 0 0 0 0 0 0 0 0
GPRESSURE: 1700 0 0 0 0 0 0 0 0 0
PRESSAVG: 1700 0 0 0 0 0 0 0 0 0
GPRESSAVG: 1700 0 0 0 0 0 0 0 0 0
ENERGY:    1700      1075.6952      1665.4007      2072.4818       155.9880            -41.1002      -823.3944         0.0000      5298.3101      2991.9981          12395.3793       300.4374      9403.3812     12419.3175       293.8632

PRESSURE: 1800 0 0 0 0 0 0 0 0 0
GPRESSURE: 1800 0 0 0 0 0 0 0 0 0
PRESSAVG: 1800 0 0 0 0 0 0 0 0 0
GPRESSAVG: 1800 0 0 0 0 0 0 0 0 0
ENERGY:    1800      1115.2747      1691.5788      2061.1153       154.5837            -41.0786      -809.0522         0.0000      5288.5639      2949.4124          12410.3980       296.1612      9460.9857     12435.2411       297.0832

PRESSURE: 1900 0 0 0 0 0 0 0 0 0
GPRESSURE: 1900 0 0 0 0 0 0 0 0 0
PRESSAVG: 1900 0 0 0 0 0 0 0 0 0
GPRESSAVG: 1900 0 0 0 0 0 0 0 0 0
ENERGY:    1900      1122.6774      1713.9103      2076.2419       147.6696            -40.1106      -806.8942         0.0000      5275.8488      2979.9507          12469.2940       299.2277      9489.3433     12493.7123       300.1332

WRITING COORDINATES TO DCD FILE adk-step1.dcd AT STEP 2000
WRITING COORDINATES TO RESTART FILE AT STEP 2000
FINISHED WRITING RESTART COORDINATES
The last position output (seq=2000) takes 0.003 seconds, 827.562 MB of memory in use
PRESSURE: 2000 0 0 0 0 0 0 0 0 0
GPRESSURE: 2000 0 0 0 0 0 0 0 0 0
PRESSAVG: 2000 0 0 0 0 0 0 0 0 0
GPRESSAVG: 2000 0 0 0 0 0 0 0 0 0
TIMING: 2000  CPU: 1.30177, 0.000641573/step  Wall: 1.31133, 0.000644755/step, 0.000537296 hours remaining, 827.562500 MB of memory in use.
ETITLE:      TS           BOND          ANGLE          DIHED          IMPRP               ELECT            VDW       BOUNDARY           MISC        KINETIC               TOTAL           TEMP      POTENTIAL         TOTAL3        TEMPAVG

ENERGY:    2000      1076.4624      1713.3348      2049.3486       148.9788            -40.2150      -821.2238         0.0000      5279.5372      3075.5690          12481.7920       308.8290      9406.2231     12507.1034       301.4858

WRITING EXTENDED SYSTEM TO RESTART FILE AT STEP 2000
WRITING VELOCITIES TO RESTART FILE AT STEP 2000
FINISHED WRITING RESTART VELOCITIES
The last velocity output (seq=2000) takes 0.002 seconds, 827.562 MB of memory in use
PRESSURE: 2100 0 0 0 0 0 0 0 0 0
GPRESSURE: 2100 0 0 0 0 0 0 0 0 0
PRESSAVG: 2100 0 0 0 0 0 0 0 0 0
GPRESSAVG: 2100 0 0 0 0 0 0 0 0 0
ENERGY:    2100      1095.1682      1639.1907      2075.1820       166.3213            -40.4572      -811.5934         0.0000      5283.9261      3058.9605          12466.6982       307.1613      9407.7376     12494.1531       299.5554

PRESSURE: 2200 0 0 0 0 0 0 0 0 0
GPRESSURE: 2200 0 0 0 0 0 0 0 0 0
PRESSAVG: 2200 0 0 0 0 0 0 0 0 0
GPRESSAVG: 2200 0 0 0 0 0 0 0 0 0
ENERGY:    2200      1141.8600      1727.9990      2073.4282       153.7303            -40.6995      -803.8902         0.0000      5276.2251      2972.7449          12501.3979       298.5041      9528.6530     12524.7137       303.3738

PRESSURE: 2300 0 0 0 0 0 0 0 0 0
GPRESSURE: 2300 0 0 0 0 0 0 0 0 0
PRESSAVG: 2300 0 0 0 0 0 0 0 0 0
GPRESSAVG: 2300 0 0 0 0 0 0 0 0 0
ENERGY:    2300      1139.1349      1689.6132      2086.2252       161.9735            -40.9629      -834.0152         0.0000      5274.7323      2965.1068          12441.8077       297.7371      9476.7010     12465.4690       300.8059

PRESSURE: 2400 0 0 0 0 0 0 0 0 0
GPRESSURE: 2400 0 0 0 0 0 0 0 0 0
PRESSAVG: 2400 0 0 0 0 0 0 0 0 0
GPRESSAVG: 2400 0 0 0 0 0 0 0 0 0
ENERGY:    2400      1136.4951      1654.0855      2095.8323       152.2137            -42.0410      -816.5419         0.0000      5285.8134      3026.3734          12492.2306       303.8891      9465.8572     12517.7212       301.1412

PRESSURE: 2500 0 0 0 0 0 0 0 0 0
GPRESSURE: 2500 0 0 0 0 0 0 0 0 0
PRESSAVG: 2500 0 0 0 0 0 0 0 0 0
GPRESSAVG: 2500 0 0 0 0 0 0 0 0 0
ENERGY:    2500      1101.3507      1745.1849      2106.0894       161.1102            -41.9225      -828.8749         0.0000      5292.2564      2913.6713          12448.8655       292.5723      9535.1942     12471.0740       300.6595

PRESSURE: 2600 0 0 0 0 0 0 0 0 0
GPRESSURE: 2600 0 0 0 0 0 0 0 0 0
PRESSAVG: 2600 0 0 0 0 0 0 0 0 0
GPRESSAVG: 2600 0 0 0 0 0 0 0 0 0
ENERGY:    2600      1104.1072      1694.0247      2078.9105       157.9980            -40.5566      -809.5280         0.0000      5290.3420      2957.7221          12433.0199       296.9956      9475.2978     12456.2377       298.1155

PRESSURE: 2700 0 0 0 0 0 0 0 0 0
GPRESSURE: 2700 0 0 0 0 0 0 0 0 0
PRESSAVG: 2700 0 0 0 0 0 0 0 0 0
GPRESSAVG: 2700 0 0 0 0 0 0 0 0 0
ENERGY:    2700      1105.7530      1707.9710      2069.1309       149.6648            -40.8221      -806.8692         0.0000      5274.2055      2987.5164          12446.5503       299.9874      9459.0338     12466.7534       300.1389

PRESSURE: 2800 0 0 0 0 0 0 0 0 0
GPRESSURE: 2800 0 0 0 0 0 0 0 0 0
PRESSAVG: 2800 0 0 0 0 0 0 0 0 0
GPRESSAVG: 2800 0 0 0 0 0 0 0 0 0
ENERGY:    2800      1100.1374      1726.5158      2091.5956       149.4539            -41.2636      -815.2864         0.0000      5276.8863      2939.4717          12427.5107       295.1630      9488.0390     12451.1863       300.3123

PRESSURE: 2900 0 0 0 0 0 0 0 0 0
GPRESSURE: 2900 0 0 0 0 0 0 0 0 0
PRESSAVG: 2900 0 0 0 0 0 0 0 0 0
GPRESSAVG: 2900 0 0 0 0 0 0 0 0 0
ENERGY:    2900      1094.1268      1699.6003      2053.2619       170.2324            -41.0268      -821.9671         0.0000      5279.6117      2942.9245          12376.7635       295.5097      9433.8390     12405.1799       296.0350

WRITING COORDINATES TO DCD FILE adk-step1.dcd AT STEP 3000
WRITING COORDINATES TO RESTART FILE AT STEP 3000
FINISHED WRITING RESTART COORDINATES
The last position output (seq=3000) takes 0.003 seconds, 827.562 MB of memory in use
WRITING VELOCITIES TO RESTART FILE AT STEP 3000
FINISHED WRITING RESTART VELOCITIES
The last velocity output (seq=3000) takes 0.002 seconds, 827.625 MB of memory in use
PRESSURE: 3000 0 0 0 0 0 0 0 0 0
GPRESSURE: 3000 0 0 0 0 0 0 0 0 0
PRESSAVG: 3000 0 0 0 0 0 0 0 0 0
GPRESSAVG: 3000 0 0 0 0 0 0 0 0 0
TIMING: 3000  CPU: 1.93386, 0.000632082/step  Wall: 1.94981, 0.000638484/step, 0.000354713 hours remaining, 827.625000 MB of memory in use.
ETITLE:      TS           BOND          ANGLE          DIHED          IMPRP               ELECT            VDW       BOUNDARY           MISC        KINETIC               TOTAL           TEMP      POTENTIAL         TOTAL3        TEMPAVG

ENERGY:    3000      1074.9670      1686.0994      2082.9732       150.1805            -40.9356      -815.2035         0.0000      5283.9248      2978.7556          12400.7613       299.1077      9422.0057     12421.2675       297.4946

WRITING EXTENDED SYSTEM TO RESTART FILE AT STEP 3000
PRESSURE: 3100 0 0 0 0 0 0 0 0 0
GPRESSURE: 3100 0 0 0 0 0 0 0 0 0
PRESSAVG: 3100 0 0 0 0 0 0 0 0 0
GPRESSAVG: 3100 0 0 0 0 0 0 0 0 0
ENERGY:    3100      1079.7660      1675.6435      2106.2929       149.5329            -41.1948      -831.0794         0.0000      5283.3891      2930.8972          12353.2474       294.3020      9422.3503     12378.3376       296.8518

PRESSURE: 3200 0 0 0 0 0 0 0 0 0
GPRESSURE: 3200 0 0 0 0 0 0 0 0 0
PRESSAVG: 3200 0 0 0 0 0 0 0 0 0
GPRESSAVG: 3200 0 0 0 0 0 0 0 0 0
ENERGY:    3200      1087.5017      1700.2907      2072.0723       138.2252            -41.4610      -812.1462         0.0000      5286.8820      2933.1217          12364.4864       294.5254      9431.3647     12389.8582       295.8527

PRESSURE: 3300 0 0 0 0 0 0 0 0 0
GPRESSURE: 3300 0 0 0 0 0 0 0 0 0
PRESSAVG: 3300 0 0 0 0 0 0 0 0 0
GPRESSAVG: 3300 0 0 0 0 0 0 0 0 0
ENERGY:    3300      1098.6548      1702.4871      2090.2944       165.5256            -40.8421      -827.0309         0.0000      5285.2187      2928.1237          12402.4313       294.0235      9474.3076     12426.3255       295.9801

PRESSURE: 3400 0 0 0 0 0 0 0 0 0
GPRESSURE: 3400 0 0 0 0 0 0 0 0 0
PRESSAVG: 3400 0 0 0 0 0 0 0 0 0
GPRESSAVG: 3400 0 0 0 0 0 0 0 0 0
ENERGY:    3400      1066.8127      1709.0307      2074.8169       152.8225            -39.5408      -810.5701         0.0000      5287.7787      2907.2219          12348.3724       291.9247      9441.1505     12374.8557       294.6279

PRESSURE: 3500 0 0 0 0 0 0 0 0 0
GPRESSURE: 3500 0 0 0 0 0 0 0 0 0
PRESSAVG: 3500 0 0 0 0 0 0 0 0 0
GPRESSAVG: 3500 0 0 0 0 0 0 0 0 0
ENERGY:    3500      1087.7503      1757.6633      2063.8039       169.2881            -40.3206      -849.3002         0.0000      5294.2170      2931.5387          12414.6403       294.3664      9483.1016     12439.1854       295.3645

PRESSURE: 3600 0 0 0 0 0 0 0 0 0
GPRESSURE: 3600 0 0 0 0 0 0 0 0 0
PRESSAVG: 3600 0 0 0 0 0 0 0 0 0
GPRESSAVG: 3600 0 0 0 0 0 0 0 0 0
ENERGY:    3600      1099.0642      1764.2863      2086.5956       151.5110            -39.5371      -844.2631         0.0000      5281.8659      2907.8585          12407.3812       291.9886      9499.5227     12430.6512       297.5335

PRESSURE: 3700 0 0 0 0 0 0 0 0 0
GPRESSURE: 3700 0 0 0 0 0 0 0 0 0
PRESSAVG: 3700 0 0 0 0 0 0 0 0 0
GPRESSAVG: 3700 0 0 0 0 0 0 0 0 0
ENERGY:    3700      1103.9713      1722.0363      2054.8761       146.2656            -40.5842      -790.6025         0.0000      5281.8634      2921.2060          12399.0318       293.3289      9477.8258     12422.6476       297.3359

PRESSURE: 3800 0 0 0 0 0 0 0 0 0
GPRESSURE: 3800 0 0 0 0 0 0 0 0 0
PRESSAVG: 3800 0 0 0 0 0 0 0 0 0
GPRESSAVG: 3800 0 0 0 0 0 0 0 0 0
ENERGY:    3800      1108.0996      1694.3248      2083.9337       163.8829            -39.9168      -808.2793         0.0000      5275.9880      2949.2301          12427.2631       296.1429      9478.0329     12450.5601       298.1744

PRESSURE: 3900 0 0 0 0 0 0 0 0 0
GPRESSURE: 3900 0 0 0 0 0 0 0 0 0
PRESSAVG: 3900 0 0 0 0 0 0 0 0 0
GPRESSAVG: 3900 0 0 0 0 0 0 0 0 0
ENERGY:    3900      1108.3558      1665.1994      2059.4021       154.4453            -39.9346      -830.7154         0.0000      5289.1188      3011.2896          12417.1610       302.3745      9405.8714     12444.2556       298.7872

PRESSURE: 4000 0 0 0 0 0 0 0 0 0
GPRESSURE: 4000 0 0 0 0 0 0 0 0 0
PRESSAVG: 4000 0 0 0 0 0 0 0 0 0
GPRESSAVG: 4000 0 0 0 0 0 0 0 0 0
TIMING: 4000  CPU: 2.5642, 0.000630343/step  Wall: 2.58128, 0.000631465/step, 0.000175407 hours remaining, 827.625000 MB of memory in use.
ETITLE:      TS           BOND          ANGLE          DIHED          IMPRP               ELECT            VDW       BOUNDARY           MISC        KINETIC               TOTAL           TEMP      POTENTIAL         TOTAL3        TEMPAVG

ENERGY:    4000      1138.0049      1785.9431      2062.6249       154.9433            -40.4829      -821.8079         0.0000      5285.6036      2865.3754          12430.2044       287.7227      9564.8290     12448.0735       297.5981

WRITING EXTENDED SYSTEM TO RESTART FILE AT STEP 4000
WRITING COORDINATES TO DCD FILE adk-step1.dcd AT STEP 4000
WRITING COORDINATES TO RESTART FILE AT STEP 4000
FINISHED WRITING RESTART COORDINATES
The last position output (seq=4000) takes 0.002 seconds, 827.625 MB of memory in use
WRITING VELOCITIES TO RESTART FILE AT STEP 4000
FINISHED WRITING RESTART VELOCITIES
The last velocity output (seq=4000) takes 0.002 seconds, 827.625 MB of memory in use
PRESSURE: 4100 0 0 0 0 0 0 0 0 0
GPRESSURE: 4100 0 0 0 0 0 0 0 0 0
PRESSAVG: 4100 0 0 0 0 0 0 0 0 0
GPRESSAVG: 4100 0 0 0 0 0 0 0 0 0
ENERGY:    4100      1093.7230      1718.5163      2074.3736       166.3840            -40.0236      -842.6777         0.0000      5282.8464      2996.4027          12449.5447       300.8797      9453.1420     12475.5270       298.8857

PRESSURE: 4200 0 0 0 0 0 0 0 0 0
GPRESSURE: 4200 0 0 0 0 0 0 0 0 0
PRESSAVG: 4200 0 0 0 0 0 0 0 0 0
GPRESSAVG: 4200 0 0 0 0 0 0 0 0 0
ENERGY:    4200      1124.6620      1717.8962      2064.3807       149.2811            -40.3549      -810.5716         0.0000      5268.1919      2985.5188          12459.0041       299.7868      9473.4853     12480.0967       301.0891

LDB: ============= START OF LOAD BALANCING ============== 5.05464
LDB: ============== END OF LOAD BALANCING =============== 5.0547
Info: useSync: 0 useProxySync: 0
LDB: =============== DONE WITH MIGRATION ================ 5.05482
PRESSURE: 4300 0 0 0 0 0 0 0 0 0
GPRESSURE: 4300 0 0 0 0 0 0 0 0 0
PRESSAVG: 4300 0 0 0 0 0 0 0 0 0
GPRESSAVG: 4300 0 0 0 0 0 0 0 0 0
ENERGY:    4300      1127.2671      1738.7419      2059.0182       162.0338            -40.8663      -814.6484         0.0000      5265.2993      2990.4688          12487.3144       300.2838      9496.8456     12511.1407       302.1851

LDB: ============= START OF LOAD BALANCING ============== 5.11757
LDB: TIME 5.11779 LOAD: AVG 0.0150375 MAX 0.0356804  PROXIES: TOTAL 174 MAXPE 7 MAXPATCH 7 None MEM: 827.625 MB
LDB: TIME 5.11795 LOAD: AVG 0.0150375 MAX 0.0356804  PROXIES: TOTAL 174 MAXPE 7 MAXPATCH 7 RefineTorusLB MEM: 827.75 MB
LDB: TIME 5.11808 LOAD: AVG 0.0150375 MAX 0.0356804  PROXIES: TOTAL 174 MAXPE 7 MAXPATCH 7 RefineTorusLB MEM: 827.75 MB
LDB: ============== END OF LOAD BALANCING =============== 5.11829
Info: build node-aware spanning tree with send: 1, recv: 0 with branch factor 4
Info: useSync: 0 useProxySync: 0
LDB: =============== DONE WITH MIGRATION ================ 5.11901
PRESSURE: 4400 0 0 0 0 0 0 0 0 0
GPRESSURE: 4400 0 0 0 0 0 0 0 0 0
PRESSAVG: 4400 0 0 0 0 0 0 0 0 0
GPRESSAVG: 4400 0 0 0 0 0 0 0 0 0
ENERGY:    4400      1085.5627      1715.6275      2058.2887       159.8691            -39.9783      -813.7328         0.0000      5267.5870      3034.4406          12467.6645       304.6992      9433.2239     12494.8541       300.8683

PRESSURE: 4500 0 0 0 0 0 0 0 0 0
GPRESSURE: 4500 0 0 0 0 0 0 0 0 0
PRESSAVG: 4500 0 0 0 0 0 0 0 0 0
GPRESSAVG: 4500 0 0 0 0 0 0 0 0 0
ENERGY:    4500      1118.5297      1717.6758      2093.2156       155.1397            -40.5978      -813.8775         0.0000      5276.7239      3003.9477          12510.7571       301.6373      9506.8093     12539.7772       301.9871

PRESSURE: 4600 0 0 0 0 0 0 0 0 0
GPRESSURE: 4600 0 0 0 0 0 0 0 0 0
PRESSAVG: 4600 0 0 0 0 0 0 0 0 0
GPRESSAVG: 4600 0 0 0 0 0 0 0 0 0
ENERGY:    4600      1060.0029      1779.6844      2046.3252       165.7621            -40.5274      -837.1253         0.0000      5271.2306      3017.3182          12462.6706       302.9799      9445.3524     12490.5327       301.5891

PRESSURE: 4700 0 0 0 0 0 0 0 0 0
GPRESSURE: 4700 0 0 0 0 0 0 0 0 0
PRESSAVG: 4700 0 0 0 0 0 0 0 0 0
GPRESSAVG: 4700 0 0 0 0 0 0 0 0 0
ENERGY:    4700      1125.2667      1688.2384      2078.3610       152.5451            -40.6432      -815.4322         0.0000      5267.4395      2988.9089          12444.6842       300.1272      9455.7753     12464.1867       298.7424

PRESSURE: 4800 0 0 0 0 0 0 0 0 0
GPRESSURE: 4800 0 0 0 0 0 0 0 0 0
PRESSAVG: 4800 0 0 0 0 0 0 0 0 0
GPRESSAVG: 4800 0 0 0 0 0 0 0 0 0
ENERGY:    4800      1114.1875      1753.7712      2057.1765       151.0714            -40.3700      -806.7686         0.0000      5268.5067      2942.5074          12440.0822       295.4678      9497.5748     12466.1111       299.5222

PRESSURE: 4900 0 0 0 0 0 0 0 0 0
GPRESSURE: 4900 0 0 0 0 0 0 0 0 0
PRESSAVG: 4900 0 0 0 0 0 0 0 0 0
GPRESSAVG: 4900 0 0 0 0 0 0 0 0 0
ENERGY:    4900      1089.2280      1727.2455      2083.3665       165.8429            -39.7100      -812.8266         0.0000      5281.8705      2987.1238          12482.1406       299.9479      9495.0168     12504.9250       299.3631

PRESSURE: 5000 0 0 0 0 0 0 0 0 0
GPRESSURE: 5000 0 0 0 0 0 0 0 0 0
PRESSAVG: 5000 0 0 0 0 0 0 0 0 0
GPRESSAVG: 5000 0 0 0 0 0 0 0 0 0
TIMING: 5000  CPU: 3.21092, 0.000646724/step  Wall: 3.23172, 0.000650439/step, 0 hours remaining, 827.750000 MB of memory in use.
ETITLE:      TS           BOND          ANGLE          DIHED          IMPRP               ELECT            VDW       BOUNDARY           MISC        KINETIC               TOTAL           TEMP      POTENTIAL         TOTAL3        TEMPAVG

ENERGY:    5000      1153.6791      1700.9792      2065.6182       148.8260            -39.4469      -827.7036         0.0000      5282.4385      3026.8170          12511.2074       303.9337      9484.3904     12536.9525       302.9544

WRITING EXTENDED SYSTEM TO RESTART FILE AT STEP 5000
WRITING COORDINATES TO DCD FILE adk-step1.dcd AT STEP 5000
WRITING COORDINATES TO RESTART FILE AT STEP 5000
FINISHED WRITING RESTART COORDINATES
The last position output (seq=5000) takes 0.002 seconds, 828.562 MB of memory in use
WRITING VELOCITIES TO RESTART FILE AT STEP 5000
FINISHED WRITING RESTART VELOCITIES
The last velocity output (seq=5000) takes 0.002 seconds, 828.562 MB of memory in use
WRITING EXTENDED SYSTEM TO OUTPUT FILE AT STEP 5000
WRITING COORDINATES TO OUTPUT FILE AT STEP 5000
CLOSING COORDINATE DCD FILE adk-step1.dcd
The last position output (seq=-2) takes 0.003 seconds, 828.562 MB of memory in use
WRITING VELOCITIES TO OUTPUT FILE AT STEP 5000
====================================================

WallClock: 5.505795  CPUTime: 4.009022  Memory: 828.562500 MB
End of program
