2_17_cc.dat
/gpfs/alpine/bip115/scratch/hrlee/radical.pilot.sandbox/re.session.login1.hrlee.018632.0003/pilot.0000/staging_area/2_17_cc.dat
2, 17
Choosing optimized barrier algorithm name I0:HybridBinomial:SHMEM:P2P
Converse/Charm++ Commit ID: v6.10.2-0-g7bf00fa-namd-charm-6.10.2-build-2020-Aug-05-556
Warning> Randomization of virtual memory (ASLR) is turned on in the kernel, thread migration may not work! Run 'echo 0 > /proc/sys/kernel/randomize_va_space' as root to disable it, or try running with '+isomalloc_sync'.
CharmLB> Load balancer assumes all CPUs are same.
Charm++> Running on 1 hosts (1 sockets x 7 cores x 4 PUs = 28-way SMP)
Charm++> cpu topology info is gathered in 0.003 seconds.
Info: Built with CUDA version 10010
Did not find +devices i,j,k,... argument, using all
Pe 16 physical rank 16 will use CUDA device of pe 14
Pe 2 physical rank 2 will use CUDA device of pe 4
Pe 26 physical rank 26 will use CUDA device of pe 21
Pe 39 physical rank 39 will use CUDA device of pe 35
Pe 34 physical rank 34 will use CUDA device of pe 28
Pe 9 physical rank 9 will use CUDA device of pe 7
Pe 18 physical rank 18 will use CUDA device of pe 14
Pe 5 physical rank 5 will use CUDA device of pe 4
Pe 27 physical rank 27 will use CUDA device of pe 21
Pe 38 physical rank 38 will use CUDA device of pe 35
Pe 30 physical rank 30 will use CUDA device of pe 28
Pe 13 physical rank 13 will use CUDA device of pe 7
Pe 17 physical rank 17 will use CUDA device of pe 14
Pe 24 physical rank 24 will use CUDA device of pe 21
Pe 37 physical rank 37 will use CUDA device of pe 35
Pe 32 physical rank 32 will use CUDA device of pe 28
Pe 8 physical rank 8 will use CUDA device of pe 7
Pe 20 physical rank 20 will use CUDA device of pe 14
Pe 3 physical rank 3 will use CUDA device of pe 4
Pe 25 physical rank 25 will use CUDA device of pe 21
Pe 41 physical rank 41 will use CUDA device of pe 35
Pe 31 physical rank 31 will use CUDA device of pe 28
Pe 12 physical rank 12 will use CUDA device of pe 7
Pe 19 physical rank 19 will use CUDA device of pe 14
Pe 6 physical rank 6 will use CUDA device of pe 4
Pe 23 physical rank 23 will use CUDA device of pe 21
Pe 40 physical rank 40 will use CUDA device of pe 35
Pe 33 physical rank 33 will use CUDA device of pe 28
Pe 10 physical rank 10 will use CUDA device of pe 7
Pe 15 physical rank 15 will use CUDA device of pe 14
Pe 1 physical rank 1 will use CUDA device of pe 4
Pe 22 physical rank 22 will use CUDA device of pe 21
Pe 36 physical rank 36 will use CUDA device of pe 35
Pe 29 physical rank 29 will use CUDA device of pe 28
Pe 11 physical rank 11 will use CUDA device of pe 7
Pe 0 physical rank 0 will use CUDA device of pe 4
Pe 7 physical rank 7 binding to CUDA device 0 on g24n18: 'Tesla V100-SXM2-16GB'  Mem: 16128MB  Rev: 7.0  PCI: 4:5:0
Pe 14 physical rank 14 binding to CUDA device 0 on g24n18: 'Tesla V100-SXM2-16GB'  Mem: 16128MB  Rev: 7.0  PCI: 4:6:0
Pe 4 physical rank 4 binding to CUDA device 0 on g24n18: 'Tesla V100-SXM2-16GB'  Mem: 16128MB  Rev: 7.0  PCI: 4:4:0
Pe 21 physical rank 21 binding to CUDA device 0 on g24n18: 'Tesla V100-SXM2-16GB'  Mem: 16128MB  Rev: 7.0  PCI: 35:3:0
Pe 35 physical rank 35 binding to CUDA device 0 on g24n18: 'Tesla V100-SXM2-16GB'  Mem: 16128MB  Rev: 7.0  PCI: 35:5:0
Pe 28 physical rank 28 binding to CUDA device 0 on g24n18: 'Tesla V100-SXM2-16GB'  Mem: 16128MB  Rev: 7.0  PCI: 35:4:0
Info: NAMD 2.14 for Linux-POWER-pami-smp-Summit-CUDA
Info: 
Info: Please visit http://www.ks.uiuc.edu/Research/namd/
Info: for updates, documentation, and support information.
Info: 
Info: Please cite Phillips et al., J. Chem. Phys. 153:044130 (2020) doi:10.1063/5.0014475
Info: in all publications reporting results obtained with NAMD.
Info: 
Info: Based on Charm++/Converse 61002 for pami-linux-ppc64le-smp
Info: Built Wed Aug 5 14:28:51 EDT 2020 by jimp on login2
Info: 1 NAMD  2.14  Linux-POWER-pami-smp-Summit-CUDA  42    g24n18  hrlee
Info: Running on 42 processors, 6 nodes, 1 physical nodes.
Info: CPU topology information available.
Info: Charm++/Converse parallel runtime startup completed at 1.32419 s
CkLoopLib is used in SMP with simple dynamic scheduling (converse-level notification)
Info: 791.688 MB of memory in use based on /proc/self/stat
Info: Configuration file is adk-step1.namd
Info: Working in the current directory /gpfs/alpine/bip115/scratch/hrlee/radical.pilot.sandbox/re.session.login1.hrlee.018632.0003/pilot.0000/unit.001153
TCL: Suspending until startup complete.
Info: SIMULATION PARAMETERS:
Info: TIMESTEP               1
Info: NUMBER OF STEPS        0
Info: STEPS PER CYCLE        20
Info: LOAD BALANCER  Centralized
Info: LOAD BALANCING STRATEGY  New Load Balancers -- DEFAULT
Info: LDB PERIOD             4000 steps
Info: FIRST LDB TIMESTEP     100
Info: LAST LDB TIMESTEP     -1
Info: LDB BACKGROUND SCALING 1
Info: HOM BACKGROUND SCALING 1
Info: MIN ATOMS PER PATCH    40
Info: VELOCITY FILE          2_17_adk-step1.restart.vel
Info: CENTER OF MASS MOVING INITIALLY? NO
Info: DIELECTRIC             80
Info: EXCLUDE                SCALED ONE-FOUR
Info: 1-4 ELECTROSTATICS SCALED BY 1
Info: MODIFIED 1-4 VDW PARAMETERS WILL BE USED
Info: DCD FILENAME           adk-step1.dcd
Info: DCD FREQUENCY          1000
Info: DCD FIRST STEP         1000
Info: NO EXTENDED SYSTEM TRAJECTORY OUTPUT
Info: NO VELOCITY DCD OUTPUT
Info: NO FORCE DCD OUTPUT
Info: OUTPUT FILENAME        adk-step1
Info: BINARY OUTPUT FILES WILL BE USED
Info: RESTART FILENAME       adk-step1.restart
Info: RESTART FREQUENCY      1000
Info: BINARY RESTART FILES WILL BE USED
Info: SWITCHING ACTIVE
Info: SWITCHING ON           9
Info: SWITCHING OFF          10
Info: PAIRLIST DISTANCE      11
Info: PAIRLIST SHRINK RATE   0.01
Info: PAIRLIST GROW RATE     0.01
Info: PAIRLIST TRIGGER       0.3
Info: PAIRLISTS PER CYCLE    2
Info: PAIRLISTS ENABLED
Info: MARGIN                 0
Info: HYDROGEN GROUP CUTOFF  2.5
Info: PATCH DIMENSION        13.5
Info: ENERGY OUTPUT STEPS    100
Info: CROSSTERM ENERGY INCLUDED IN DIHEDRAL
Info: TIMING OUTPUT STEPS    1000
Info: PRESSURE OUTPUT STEPS  100
Info: GRID FORCE ACTIVE
Info:  Please include this reference in published work using
Info:  the Gridforce module of NAMD: David Wells, Volha Abramkina,
Info:  and Aleksei Aksimentiev, J. Chem. Phys. 127:125101-10 (2007).
Info: MGRIDFORCE key 0
Info:            Potfile 4ake-target_autopsf-grid.dx
Info:            Scale 0.3 0.3 0.3
Info:            File 1ake-docked-noh_autopsf-grid.pdb
Info:            Col O
Info:            ChargeCol B
Info:            VOffset 0 0 0
Info:            Continuous K1 FALSE
Info:            Continuous K2 FALSE
Info:            Continuous K3 FALSE
Info:            Volts FALSE
Info:            Gridforce-Lite FALSE
Info:            Gridforce-CheckSize TRUE
Info: LANGEVIN DYNAMICS ACTIVE
Info: LANGEVIN TEMPERATURE   300
Info: LANGEVIN USING BBK INTEGRATOR
Info: LANGEVIN DAMPING COEFFICIENT IS 5 INVERSE PS
Info: LANGEVIN DYNAMICS NOT APPLIED TO HYDROGENS
Info: USING VERLET I (r-RESPA) MTS SCHEME.
Info: C1 SPLITTING OF LONG RANGE ELECTROSTATICS
Info: PLACING ATOMS IN PATCHES BY HYDROGEN GROUPS
Info: RIGID BONDS TO HYDROGEN : WATER
Info:         ERROR TOLERANCE : 1e-08
Info:          MAX ITERATIONS : 100
Info: RIGID WATER USING SETTLE ALGORITHM
Info: NONBONDED FORCES EVALUATED EVERY 2 STEPS
Info: RANDOM NUMBER SEED     1609822776
Info: USE HYDROGEN BONDS?    NO
Info: COORDINATE PDB         1ake-docked-noh_autopsf.pdb
Info: STRUCTURE FILE         1ake-docked-noh_autopsf.psf
Info: PARAMETER file: CHARMM format! 
Info: PARAMETERS             par_all36_prot.prm
Info: USING ARITHMETIC MEAN TO COMBINE L-J SIGMA PARAMETERS
Info: BINARY COORDINATES     2_17_adk-step1.restart.coor
Info: SUMMARY OF PARAMETERS:
Info: 132 BONDS
Info: 362 ANGLES
Info: 702 DIHEDRAL
Info: 35 IMPROPER
Info: 6 CROSSTERM
Info: 53 VDW
Info: 0 VDW_PAIRS
Info: 0 NBTHOLE_PAIRS
Info: TIME FOR READING PSF FILE: 0.305946
Info: READING EXTRA BONDS FILE 1ake-extrabonds.txt
Info: READING EXTRA BONDS FILE 1ake-extrabonds-cispeptide.txt
Info: READING EXTRA BONDS FILE 1ake-extrabonds-chirality.txt
Info: READ 80 EXTRA BONDS
Info: READ 80 EXTRA ANGLES
Warning: EXTRA ANGLES ARE COSINE-BASED BY DEFAULT TO MATCH PREVIOUS VERSIONS
Warning: FOR NORMAL HARMONIC EXTRA ANGLES SET extraBondsCosAngles off
Info: READ 493 EXTRA DIHEDRALS
Info: READ 438 EXTRA IMPROPERS
Info: Reading pdb file 1ake-docked-noh_autopsf.pdb
Info: TIME FOR READING PDB FILE: 0.0129589
Info: 
Info: ****************************
Info: STRUCTURE SUMMARY:
Info: 3341 ATOMS
Info: 3445 BONDS
Info: 6203 ANGLES
Info: 9414 DIHEDRALS
Info: 1005 IMPROPERS
Info: 212 CROSSTERMS
Info: 0 EXCLUSIONS
Info: 0 RIGID BONDS
Info: 1 GRIDS ACTIVE
Info: 10023 DEGREES OF FREEDOM
Info: 1656 HYDROGEN GROUPS
Info: 4 ATOMS IN LARGEST HYDROGEN GROUP
Info: 1656 MIGRATION GROUPS
Info: 4 ATOMS IN LARGEST MIGRATION GROUP
Info: TOTAL MASS = 23582 amu
Info: TOTAL CHARGE = -4 e
Info: *****************************
Info: Reading from binary file 2_17_adk-step1.restart.coor
Info: 
Info: Entering startup at 1.91772 s, 798.812 MB of memory in use
Info: Startup phase 0 took 0.000217437 s, 798.938 MB of memory in use
Info: ADDED 18308 IMPLICIT EXCLUSIONS
Info: Startup phase 1 took 0.00974468 s, 799.062 MB of memory in use
Info: NONBONDED TABLE R-SQUARED SPACING: 0.0625
Info: NONBONDED TABLE SIZE: 705 POINTS
Info: ABSOLUTE IMPRECISION IN FAST TABLE ENERGY: 3.38813e-21 AT 9.89634
Info: RELATIVE IMPRECISION IN FAST TABLE ENERGY: 4.23384e-15 AT 9.94673
Info: ABSOLUTE IMPRECISION IN FAST TABLE FORCE: 6.35275e-22 AT 9.94673
Info: RELATIVE IMPRECISION IN FAST TABLE FORCE: 5.07982e-16 AT 9.94673
Info: INCONSISTENCY IN FAST TABLE ENERGY VS FORCE: 0.000290185 AT 0.251946
Info: ABSOLUTE IMPRECISION IN VDWA TABLE ENERGY: 1.57772e-30 AT 9.89634
Info: RELATIVE IMPRECISION IN VDWA TABLE ENERGY: 4.54938e-15 AT 9.94673
Info: ABSOLUTE IMPRECISION IN VDWA TABLE FORCE: 5.91646e-31 AT 9.94673
Info: RELATIVE IMPRECISION IN VDWA TABLE FORCE: 5.6823e-16 AT 9.94673
Info: INCONSISTENCY IN VDWA TABLE ENERGY VS FORCE: 0.0040507 AT 0.251946
Info: ABSOLUTE IMPRECISION IN VDWB TABLE ENERGY: 4.71751e-25 AT 9.94673
Info: RELATIVE IMPRECISION IN VDWB TABLE ENERGY: 1.45371e-14 AT 9.94673
Info: ABSOLUTE IMPRECISION IN VDWB TABLE FORCE: 6.20385e-25 AT 9.94673
Info: RELATIVE IMPRECISION IN VDWB TABLE FORCE: 5.97512e-16 AT 9.94673
Info: INCONSISTENCY IN VDWB TABLE ENERGY VS FORCE: 0.00377068 AT 9.07951
Info: Startup phase 2 took 0.000544709 s, 800.25 MB of memory in use
Info: Startup phase 3 took 0.000199421 s, 800.25 MB of memory in use
Info: Startup phase 4 took 0.000313015 s, 800.375 MB of memory in use
Info: Startup phase 5 took 0.000185876 s, 800.438 MB of memory in use
Info: ORIGINAL ATOMS MINMAX IS -20.6232 -33.2502 -37.3452  17.2307 23.4913 15.9248
Info: ADJUSTED ATOMS MINMAX IS -15.9527 -28.0936 -32.8794  11.7006 15.7314 8.48632
Info: PATCH GRID IS 3 BY 4 BY 4
Info: PATCH GRID IS 1-AWAY BY 1-AWAY BY 1-AWAY
Info: Reading from binary file 2_17_adk-step1.restart.vel
Info: REMOVING COM VELOCITY -0.120015 -0.164788 0.0398637
Info: LARGEST PATCH (16) HAS 243 ATOMS
Info: TORUS A SIZE 1 USING 0
Info: TORUS B SIZE 1 USING 0
Info: TORUS C SIZE 1 USING 0
Info: TORUS MINIMAL MESH SIZE IS 1 BY 1 BY 1
Info: Placed 100% of base nodes on same physical node as patch
Info: Startup phase 6 took 0.00815775 s, 800.625 MB of memory in use
Info: Startup phase 7 took 0.00019273 s, 801.438 MB of memory in use
Info: Updated CUDA force table with 4096 elements.
Info: Updated CUDA LJ table with 53 x 53 elements.
Info: Updated CUDA force table with 4096 elements.
Info: Updated CUDA LJ table with 53 x 53 elements.
Info: Updated CUDA force table with 4096 elements.
Info: Updated CUDA force table with 4096 elements.
Info: Updated CUDA LJ table with 53 x 53 elements.
Info: Updated CUDA LJ table with 53 x 53 elements.
Info: Updated CUDA force table with 4096 elements.
Info: Updated CUDA force table with 4096 elements.
Info: Updated CUDA LJ table with 53 x 53 elements.
Info: Updated CUDA LJ table with 53 x 53 elements.
Info: Startup phase 8 took 0.00339372 s, 801.625 MB of memory in use
Info: Startup phase 9 took 0.00039042 s, 801.75 MB of memory in use
Info: Startup phase 10 took 0.000193696 s, 801.812 MB of memory in use
Info: Startup phase 11 took 0.000924145 s, 802 MB of memory in use
LDB: Central LB being created...
Info: Startup phase 12 took 0.00246856 s, 803 MB of memory in use
Info: CREATING 1046 COMPUTE OBJECTS
Info: Found 278 unique exclusion lists needing 900 bytes
Info: Found 278 unique exclusion lists needing 900 bytes
Info: Found 278 unique exclusion lists needing 900 bytes
Info: Found 278 unique exclusion lists needing 900 bytes
Info: Found 278 unique exclusion lists needing 900 bytes
Info: Found 278 unique exclusion lists needing 900 bytes
Info: Startup phase 13 took 0.0177328 s, 803.812 MB of memory in use
Info: Building spanning tree ... send: 1 recv: 0 with branch factor 4
Info: useSync: 0 useProxySync: 0
Info: Startup phase 14 took 0.000208702 s, 804 MB of memory in use
Info: Startup phase 15 took 0.000262894 s, 804.125 MB of memory in use
Info: Finished startup at 1.96285 s, 804.25 MB of memory in use

TCL: Running for 5000 steps
PRESSURE: 0 0 0 0 0 0 0 0 0 0
GPRESSURE: 0 0 0 0 0 0 0 0 0 0
ETITLE:      TS           BOND          ANGLE          DIHED          IMPRP               ELECT            VDW       BOUNDARY           MISC        KINETIC               TOTAL           TEMP      POTENTIAL         TOTAL3        TEMPAVG

ENERGY:       0      1108.3753      1627.5136      2055.6482       161.6416            -41.7477      -776.6635         0.0000      3702.3745      3028.3048          10865.4468       304.0831      7837.1420     10889.4399       304.0831

LDB: ============= START OF LOAD BALANCING ============== 1.98151
LDB: ============== END OF LOAD BALANCING =============== 1.98156
Info: useSync: 0 useProxySync: 0
LDB: =============== DONE WITH MIGRATION ================ 1.98165
LDB: ============= START OF LOAD BALANCING ============== 2.04803
LDB: Partitioning computes with target load 0.000000
LDB: Increased migratable compute count from 0 to 0
LDB: Largest unpartitionable compute is 0.000000
LDB: ============== END OF LOAD BALANCING =============== 2.04833
Info: build node-aware spanning tree with send: 1, recv: 0 with branch factor 4
Info: useSync: 0 useProxySync: 0
LDB: =============== DONE WITH MIGRATION ================ 2.04916
PRESSURE: 100 0 0 0 0 0 0 0 0 0
GPRESSURE: 100 0 0 0 0 0 0 0 0 0
PRESSAVG: 100 0 0 0 0 0 0 0 0 0
GPRESSAVG: 100 0 0 0 0 0 0 0 0 0
Info: Initial time: 42 CPUs 0.000827902 s/step 0.00958219 days/ns 819.938 MB memory
ENERGY:     100      1117.3556      1674.5598      2094.4563       148.0904            -43.2119      -758.2558         0.0000      3693.8926      2993.5905          10920.4774       300.5973      7926.8870     10946.9964       297.6749

LDB: ============= START OF LOAD BALANCING ============== 2.06568
LDB: ============== END OF LOAD BALANCING =============== 2.06572
Info: useSync: 0 useProxySync: 0
LDB: =============== DONE WITH MIGRATION ================ 2.06581
LDB: ============= START OF LOAD BALANCING ============== 2.13111
LDB: TIME 2.13132 LOAD: AVG 0.0153502 MAX 0.0390348  PROXIES: TOTAL 185 MAXPE 10 MAXPATCH 7 None MEM: 820.062 MB
LDB: TIME 2.13148 LOAD: AVG 0.0153502 MAX 0.0390348  PROXIES: TOTAL 185 MAXPE 10 MAXPATCH 7 TorusLB MEM: 820.188 MB
LDB: Reverting to original mapping
LDB: ============== END OF LOAD BALANCING =============== 2.13171
Info: build node-aware spanning tree with send: 1, recv: 0 with branch factor 4
Info: useSync: 0 useProxySync: 0
LDB: =============== DONE WITH MIGRATION ================ 2.13249
PRESSURE: 200 0 0 0 0 0 0 0 0 0
GPRESSURE: 200 0 0 0 0 0 0 0 0 0
PRESSAVG: 200 0 0 0 0 0 0 0 0 0
GPRESSAVG: 200 0 0 0 0 0 0 0 0 0
Info: Initial time: 42 CPUs 0.000816789 s/step 0.00945357 days/ns 820.188 MB memory
ENERGY:     200      1110.5260      1752.0040      2087.0808       162.0529            -42.9496      -797.0802         0.0000      3692.6804      2960.4171          10924.7315       297.2662      7964.3144     10944.7368       301.3429

LDB: ============= START OF LOAD BALANCING ============== 2.21337
LDB: TIME 2.21356 LOAD: AVG 0.0184249 MAX 0.048516  PROXIES: TOTAL 185 MAXPE 10 MAXPATCH 7 None MEM: 821.438 MB
LDB: TIME 2.21369 LOAD: AVG 0.0184249 MAX 0.048516  PROXIES: TOTAL 185 MAXPE 10 MAXPATCH 7 RefineTorusLB MEM: 821.438 MB
LDB: TIME 2.21383 LOAD: AVG 0.0184249 MAX 0.048516  PROXIES: TOTAL 185 MAXPE 10 MAXPATCH 7 RefineTorusLB MEM: 821.438 MB
LDB: ============== END OF LOAD BALANCING =============== 2.21406
Info: build node-aware spanning tree with send: 1, recv: 0 with branch factor 4
Info: useSync: 0 useProxySync: 0
LDB: =============== DONE WITH MIGRATION ================ 2.21482
PRESSURE: 300 0 0 0 0 0 0 0 0 0
GPRESSURE: 300 0 0 0 0 0 0 0 0 0
PRESSAVG: 300 0 0 0 0 0 0 0 0 0
GPRESSAVG: 300 0 0 0 0 0 0 0 0 0
Info: Initial time: 42 CPUs 0.000805434 s/step 0.00932215 days/ns 821.438 MB memory
ENERGY:     300      1167.5492      1653.6944      2067.3417       160.9668            -42.1141      -764.9511         0.0000      3708.0904      2996.0880          10946.6652       300.8481      7950.5772     10968.4790       300.7086

LDB: ============= START OF LOAD BALANCING ============== 2.29487
LDB: TIME 2.29507 LOAD: AVG 0.0177984 MAX 0.0458449  PROXIES: TOTAL 185 MAXPE 10 MAXPATCH 7 None MEM: 822.438 MB
LDB: TIME 2.2952 LOAD: AVG 0.0177984 MAX 0.0458449  PROXIES: TOTAL 185 MAXPE 10 MAXPATCH 7 RefineTorusLB MEM: 822.438 MB
LDB: TIME 2.29533 LOAD: AVG 0.0177984 MAX 0.0458449  PROXIES: TOTAL 185 MAXPE 10 MAXPATCH 7 RefineTorusLB MEM: 822.438 MB
LDB: Reverting to original mapping
LDB: ============== END OF LOAD BALANCING =============== 2.29556
Info: build node-aware spanning tree with send: 1, recv: 0 with branch factor 4
Info: useSync: 0 useProxySync: 0
LDB: =============== DONE WITH MIGRATION ================ 2.29635
PRESSURE: 400 0 0 0 0 0 0 0 0 0
GPRESSURE: 400 0 0 0 0 0 0 0 0 0
PRESSAVG: 400 0 0 0 0 0 0 0 0 0
GPRESSAVG: 400 0 0 0 0 0 0 0 0 0
Info: Benchmark time: 42 CPUs 0.000799113 s/step 0.00924899 days/ns 822.438 MB memory
ENERGY:     400      1146.7759      1745.9927      2078.3364       153.7922            -41.7219      -778.7280         0.0000      3716.3390      2997.2298          11018.0162       300.9627      8020.7864     11041.4012       302.2836

PRESSURE: 500 0 0 0 0 0 0 0 0 0
GPRESSURE: 500 0 0 0 0 0 0 0 0 0
PRESSAVG: 500 0 0 0 0 0 0 0 0 0
GPRESSAVG: 500 0 0 0 0 0 0 0 0 0
Info: Benchmark time: 42 CPUs 0.000809706 s/step 0.0093716 days/ns 823.438 MB memory
ENERGY:     500      1072.4400      1716.9772      2101.0510       159.6373            -42.3488      -784.3773         0.0000      3707.0986      3023.0090          10953.4871       303.5513      7930.4781     10977.9724       303.4302

PRESSURE: 600 0 0 0 0 0 0 0 0 0
GPRESSURE: 600 0 0 0 0 0 0 0 0 0
PRESSAVG: 600 0 0 0 0 0 0 0 0 0
GPRESSAVG: 600 0 0 0 0 0 0 0 0 0
Info: Benchmark time: 42 CPUs 0.000807074 s/step 0.00934113 days/ns 823.438 MB memory
ENERGY:     600      1101.8984      1706.0768      2110.5388       166.5634            -41.9618      -755.9219         0.0000      3702.5516      3011.5665          11001.3119       302.4023      7989.7454     11024.5324       302.4946

PRESSURE: 700 0 0 0 0 0 0 0 0 0
GPRESSURE: 700 0 0 0 0 0 0 0 0 0
PRESSAVG: 700 0 0 0 0 0 0 0 0 0
GPRESSAVG: 700 0 0 0 0 0 0 0 0 0
Info: Benchmark time: 42 CPUs 0.00080081 s/step 0.00926863 days/ns 823.438 MB memory
ENERGY:     700      1167.1578      1705.8604      2079.9488       147.1847            -41.5836      -766.0823         0.0000      3697.2998      3018.4515          11008.2370       303.0937      7989.7854     11027.8661       305.0273

PRESSURE: 800 0 0 0 0 0 0 0 0 0
GPRESSURE: 800 0 0 0 0 0 0 0 0 0
PRESSAVG: 800 0 0 0 0 0 0 0 0 0
GPRESSAVG: 800 0 0 0 0 0 0 0 0 0
Info: Benchmark time: 42 CPUs 0.000786576 s/step 0.00910389 days/ns 823.438 MB memory
ENERGY:     800      1139.3371      1736.5869      2095.1088       166.7966            -42.1101      -798.8182         0.0000      3700.4053      3001.7625          10999.0690       301.4179      7997.3065     11026.9520       304.6419

PRESSURE: 900 0 0 0 0 0 0 0 0 0
GPRESSURE: 900 0 0 0 0 0 0 0 0 0
PRESSAVG: 900 0 0 0 0 0 0 0 0 0
GPRESSAVG: 900 0 0 0 0 0 0 0 0 0
Info: Benchmark time: 42 CPUs 0.000788912 s/step 0.00913093 days/ns 823.438 MB memory
ENERGY:     900      1093.3693      1713.5242      2076.0885       152.3708            -42.1233      -787.2586         0.0000      3713.8447      3046.0535          10965.8692       305.8653      7919.8157     10990.9229       302.8785

PRESSURE: 1000 0 0 0 0 0 0 0 0 0
GPRESSURE: 1000 0 0 0 0 0 0 0 0 0
PRESSAVG: 1000 0 0 0 0 0 0 0 0 0
GPRESSAVG: 1000 0 0 0 0 0 0 0 0 0
TIMING: 1000  CPU: 0.828425, 0.000809677/step  Wall: 0.831711, 0.000809687/step, 0.000899652 hours remaining, 823.437500 MB of memory in use.
ETITLE:      TS           BOND          ANGLE          DIHED          IMPRP               ELECT            VDW       BOUNDARY           MISC        KINETIC               TOTAL           TEMP      POTENTIAL         TOTAL3        TEMPAVG

ENERGY:    1000      1110.3428      1742.7724      2072.5416       154.7950            -43.1335      -796.2711         0.0000      3721.4826      2995.3136          10957.8435       300.7703      7962.5299     10983.4415       301.7943

WRITING EXTENDED SYSTEM TO RESTART FILE AT STEP 1000
OPENING COORDINATE DCD FILE
WRITING COORDINATES TO DCD FILE adk-step1.dcd AT STEP 1000
WRITING COORDINATES TO RESTART FILE AT STEP 1000
FINISHED WRITING RESTART COORDINATES
The last position output (seq=1000) takes 0.004 seconds, 823.562 MB of memory in use
WRITING VELOCITIES TO RESTART FILE AT STEP 1000
FINISHED WRITING RESTART VELOCITIES
The last velocity output (seq=1000) takes 0.002 seconds, 823.562 MB of memory in use
PRESSURE: 1100 0 0 0 0 0 0 0 0 0
GPRESSURE: 1100 0 0 0 0 0 0 0 0 0
PRESSAVG: 1100 0 0 0 0 0 0 0 0 0
GPRESSAVG: 1100 0 0 0 0 0 0 0 0 0
ENERGY:    1100      1110.9973      1742.1711      2078.1651       146.1846            -42.3332      -778.1588         0.0000      3726.2338      2965.9469          10949.2069       297.8215      7983.2600     10972.9644       301.6423

PRESSURE: 1200 0 0 0 0 0 0 0 0 0
GPRESSURE: 1200 0 0 0 0 0 0 0 0 0
PRESSAVG: 1200 0 0 0 0 0 0 0 0 0
GPRESSAVG: 1200 0 0 0 0 0 0 0 0 0
ENERGY:    1200      1126.0581      1782.8862      2069.3020       138.6506            -41.8493      -760.7885         0.0000      3727.8624      2945.9472          10988.0687       295.8132      8042.1215     11008.1911       302.3308

PRESSURE: 1300 0 0 0 0 0 0 0 0 0
GPRESSURE: 1300 0 0 0 0 0 0 0 0 0
PRESSAVG: 1300 0 0 0 0 0 0 0 0 0
GPRESSAVG: 1300 0 0 0 0 0 0 0 0 0
ENERGY:    1300      1107.1912      1716.9451      2080.0922       153.4961            -41.3452      -818.4899         0.0000      3718.6581      3078.0944          10994.6419       309.0826      7916.5475     11023.6363       303.0122

PRESSURE: 1400 0 0 0 0 0 0 0 0 0
GPRESSURE: 1400 0 0 0 0 0 0 0 0 0
PRESSAVG: 1400 0 0 0 0 0 0 0 0 0
GPRESSAVG: 1400 0 0 0 0 0 0 0 0 0
ENERGY:    1400      1116.6556      1734.5686      2077.0055       147.8754            -40.7593      -771.2113         0.0000      3714.3728      3000.1172          10978.6244       301.2526      7978.5073     11003.4337       303.6971

PRESSURE: 1500 0 0 0 0 0 0 0 0 0
GPRESSURE: 1500 0 0 0 0 0 0 0 0 0
PRESSAVG: 1500 0 0 0 0 0 0 0 0 0
GPRESSAVG: 1500 0 0 0 0 0 0 0 0 0
ENERGY:    1500      1060.9555      1757.1332      2076.9578       156.7670            -41.6556      -833.1002         0.0000      3716.5851      3071.1634          10964.8061       308.3867      7893.6428     10996.5965       301.0414

PRESSURE: 1600 0 0 0 0 0 0 0 0 0
GPRESSURE: 1600 0 0 0 0 0 0 0 0 0
PRESSAVG: 1600 0 0 0 0 0 0 0 0 0
GPRESSAVG: 1600 0 0 0 0 0 0 0 0 0
ENERGY:    1600      1125.1314      1718.8822      2085.6626       161.6788            -42.2409      -763.1459         0.0000      3719.1950      2951.6573          10956.8205       296.3866      8005.1632     10981.7020       302.0130

PRESSURE: 1700 0 0 0 0 0 0 0 0 0
GPRESSURE: 1700 0 0 0 0 0 0 0 0 0
PRESSAVG: 1700 0 0 0 0 0 0 0 0 0
GPRESSAVG: 1700 0 0 0 0 0 0 0 0 0
ENERGY:    1700      1093.5119      1724.9133      2090.4060       153.9731            -42.3513      -780.7397         0.0000      3713.8462      3003.7017          10957.2613       301.6126      7953.5595     10980.5763       300.3787

PRESSURE: 1800 0 0 0 0 0 0 0 0 0
GPRESSURE: 1800 0 0 0 0 0 0 0 0 0
PRESSAVG: 1800 0 0 0 0 0 0 0 0 0
GPRESSAVG: 1800 0 0 0 0 0 0 0 0 0
ENERGY:    1800      1097.7485      1704.3779      2103.0205       167.7918            -41.5951      -793.4619         0.0000      3711.6127      3015.5547          10965.0491       302.8028      7949.4944     10987.2999       302.7703

PRESSURE: 1900 0 0 0 0 0 0 0 0 0
GPRESSURE: 1900 0 0 0 0 0 0 0 0 0
PRESSAVG: 1900 0 0 0 0 0 0 0 0 0
GPRESSAVG: 1900 0 0 0 0 0 0 0 0 0
ENERGY:    1900      1141.4278      1689.3094      2080.0897       161.1565            -42.1922      -773.6712         0.0000      3700.3817      3004.2706          10960.7722       301.6697      7956.5016     10982.9690       302.7567

PRESSURE: 2000 0 0 0 0 0 0 0 0 0
GPRESSURE: 2000 0 0 0 0 0 0 0 0 0
PRESSAVG: 2000 0 0 0 0 0 0 0 0 0
GPRESSAVG: 2000 0 0 0 0 0 0 0 0 0
TIMING: 2000  CPU: 1.62034, 0.000791913/step  Wall: 1.63271, 0.000801002/step, 0.000667502 hours remaining, 823.562500 MB of memory in use.
ETITLE:      TS           BOND          ANGLE          DIHED          IMPRP               ELECT            VDW       BOUNDARY           MISC        KINETIC               TOTAL           TEMP      POTENTIAL         TOTAL3        TEMPAVG

ENERGY:    2000      1103.6165      1705.8771      2063.1222       145.0852            -42.2151      -776.6939         0.0000      3697.5680      3052.3015          10948.6615       306.4927      7896.3600     10972.8934       302.7399

WRITING EXTENDED SYSTEM TO RESTART FILE AT STEP 2000
WRITING COORDINATES TO DCD FILE adk-step1.dcd AT STEP 2000
WRITING COORDINATES TO RESTART FILE AT STEP 2000
FINISHED WRITING RESTART COORDINATES
The last position output (seq=2000) takes 0.002 seconds, 823.562 MB of memory in use
WRITING VELOCITIES TO RESTART FILE AT STEP 2000
FINISHED WRITING RESTART VELOCITIES
The last velocity output (seq=2000) takes 0.002 seconds, 823.562 MB of memory in use
PRESSURE: 2100 0 0 0 0 0 0 0 0 0
GPRESSURE: 2100 0 0 0 0 0 0 0 0 0
PRESSAVG: 2100 0 0 0 0 0 0 0 0 0
GPRESSAVG: 2100 0 0 0 0 0 0 0 0 0
ENERGY:    2100      1083.1765      1701.1682      2115.3707       155.9539            -40.8843      -771.1642         0.0000      3703.2261      3009.7934          10956.6403       302.2243      7946.8469     10985.1665       302.6387

PRESSURE: 2200 0 0 0 0 0 0 0 0 0
GPRESSURE: 2200 0 0 0 0 0 0 0 0 0
PRESSAVG: 2200 0 0 0 0 0 0 0 0 0
GPRESSAVG: 2200 0 0 0 0 0 0 0 0 0
ENERGY:    2200      1157.9568      1748.2232      2102.0508       153.2122            -41.9005      -775.8165         0.0000      3709.6190      2965.2559          11018.6008       297.7521      8053.3448     11041.1512       303.3339

PRESSURE: 2300 0 0 0 0 0 0 0 0 0
GPRESSURE: 2300 0 0 0 0 0 0 0 0 0
PRESSAVG: 2300 0 0 0 0 0 0 0 0 0
GPRESSAVG: 2300 0 0 0 0 0 0 0 0 0
ENERGY:    2300      1103.1464      1671.1028      2088.7043       153.5063            -41.4965      -763.8142         0.0000      3718.3754      3036.7212          10966.2456       304.9282      7929.5244     10989.6554       303.0829

PRESSURE: 2400 0 0 0 0 0 0 0 0 0
GPRESSURE: 2400 0 0 0 0 0 0 0 0 0
PRESSAVG: 2400 0 0 0 0 0 0 0 0 0
GPRESSAVG: 2400 0 0 0 0 0 0 0 0 0
ENERGY:    2400      1113.1298      1702.1614      2080.9522       149.8893            -41.2683      -789.4118         0.0000      3718.3860      3035.1196          10968.9580       304.7674      7933.8385     10993.7907       301.2287

PRESSURE: 2500 0 0 0 0 0 0 0 0 0
GPRESSURE: 2500 0 0 0 0 0 0 0 0 0
PRESSAVG: 2500 0 0 0 0 0 0 0 0 0
GPRESSAVG: 2500 0 0 0 0 0 0 0 0 0
ENERGY:    2500      1152.1354      1717.1988      2083.3757       146.6947            -43.0478      -796.0103         0.0000      3716.7992      2971.0015          10948.1472       298.3290      7977.1457     10972.1684       300.4250

PRESSURE: 2600 0 0 0 0 0 0 0 0 0
GPRESSURE: 2600 0 0 0 0 0 0 0 0 0
PRESSAVG: 2600 0 0 0 0 0 0 0 0 0
GPRESSAVG: 2600 0 0 0 0 0 0 0 0 0
ENERGY:    2600      1134.9534      1694.2011      2047.0458       174.0179            -43.2730      -821.3466         0.0000      3713.5720      3024.2396          10923.4103       303.6749      7899.1706     10948.5415       300.6322

PRESSURE: 2700 0 0 0 0 0 0 0 0 0
GPRESSURE: 2700 0 0 0 0 0 0 0 0 0
PRESSAVG: 2700 0 0 0 0 0 0 0 0 0
GPRESSAVG: 2700 0 0 0 0 0 0 0 0 0
ENERGY:    2700      1118.6784      1663.7657      2077.1760       153.0270            -43.7498      -781.6451         0.0000      3705.4701      2980.2895          10873.0117       299.2617      7892.7222     10899.3275       298.8444

PRESSURE: 2800 0 0 0 0 0 0 0 0 0
GPRESSURE: 2800 0 0 0 0 0 0 0 0 0
PRESSAVG: 2800 0 0 0 0 0 0 0 0 0
GPRESSAVG: 2800 0 0 0 0 0 0 0 0 0
ENERGY:    2800      1082.4951      1683.4846      2046.3974       154.2831            -43.8069      -806.1643         0.0000      3700.2274      2981.9645          10798.8809       299.4299      7816.9164     10825.3233       297.5934

PRESSURE: 2900 0 0 0 0 0 0 0 0 0
GPRESSURE: 2900 0 0 0 0 0 0 0 0 0
PRESSAVG: 2900 0 0 0 0 0 0 0 0 0
GPRESSAVG: 2900 0 0 0 0 0 0 0 0 0
ENERGY:    2900      1077.0068      1630.2133      2072.4398       153.7199            -43.3634      -787.2721         0.0000      3700.8041      2977.8193          10781.3677       299.0136      7803.5484     10810.4453       294.9936

PRESSURE: 3000 0 0 0 0 0 0 0 0 0
GPRESSURE: 3000 0 0 0 0 0 0 0 0 0
PRESSAVG: 3000 0 0 0 0 0 0 0 0 0
GPRESSAVG: 3000 0 0 0 0 0 0 0 0 0
TIMING: 3000  CPU: 2.41571, 0.000795368/step  Wall: 2.43654, 0.000803827/step, 0.00044657 hours remaining, 823.562500 MB of memory in use.
ETITLE:      TS           BOND          ANGLE          DIHED          IMPRP               ELECT            VDW       BOUNDARY           MISC        KINETIC               TOTAL           TEMP      POTENTIAL         TOTAL3        TEMPAVG

ENERGY:    3000      1112.7784      1675.2301      2083.1345       163.5523            -42.0951      -788.2523         0.0000      3699.1765      2957.2133          10860.7378       296.9445      7903.5245     10889.5589       296.0114

WRITING EXTENDED SYSTEM TO RESTART FILE AT STEP 3000
WRITING COORDINATES TO DCD FILE adk-step1.dcd AT STEP 3000
WRITING COORDINATES TO RESTART FILE AT STEP 3000
FINISHED WRITING RESTART COORDINATES
The last position output (seq=3000) takes 0.002 seconds, 823.562 MB of memory in use
WRITING VELOCITIES TO RESTART FILE AT STEP 3000
FINISHED WRITING RESTART VELOCITIES
The last velocity output (seq=3000) takes 0.002 seconds, 823.562 MB of memory in use
PRESSURE: 3100 0 0 0 0 0 0 0 0 0
GPRESSURE: 3100 0 0 0 0 0 0 0 0 0
PRESSAVG: 3100 0 0 0 0 0 0 0 0 0
GPRESSAVG: 3100 0 0 0 0 0 0 0 0 0
ENERGY:    3100      1117.7661      1652.4604      2059.9403       147.1782            -42.4614      -778.7010         0.0000      3711.7764      2950.2063          10818.1653       296.2409      7867.9590     10840.4723       297.5333

PRESSURE: 3200 0 0 0 0 0 0 0 0 0
GPRESSURE: 3200 0 0 0 0 0 0 0 0 0
PRESSAVG: 3200 0 0 0 0 0 0 0 0 0
GPRESSAVG: 3200 0 0 0 0 0 0 0 0 0
ENERGY:    3200      1039.3260      1709.5963      2071.1510       150.8778            -43.6580      -766.9037         0.0000      3721.7849      2965.9243          10848.0985       297.8192      7882.1742     10874.6505       296.4931

PRESSURE: 3300 0 0 0 0 0 0 0 0 0
GPRESSURE: 3300 0 0 0 0 0 0 0 0 0
PRESSAVG: 3300 0 0 0 0 0 0 0 0 0
GPRESSAVG: 3300 0 0 0 0 0 0 0 0 0
ENERGY:    3300      1063.5396      1712.4848      2068.9104       144.2655            -43.1055      -797.3633         0.0000      3718.6473      3042.6137          10909.9925       305.5199      7867.3788     10939.0114       297.8822

PRESSURE: 3400 0 0 0 0 0 0 0 0 0
GPRESSURE: 3400 0 0 0 0 0 0 0 0 0
PRESSAVG: 3400 0 0 0 0 0 0 0 0 0
GPRESSAVG: 3400 0 0 0 0 0 0 0 0 0
ENERGY:    3400      1049.7241      1702.1076      2086.1143       155.5894            -42.7472      -779.3987         0.0000      3713.8795      2993.2105          10878.4796       300.5591      7885.2690     10907.2143       299.7341

PRESSURE: 3500 0 0 0 0 0 0 0 0 0
GPRESSURE: 3500 0 0 0 0 0 0 0 0 0
PRESSAVG: 3500 0 0 0 0 0 0 0 0 0
GPRESSAVG: 3500 0 0 0 0 0 0 0 0 0
ENERGY:    3500      1120.8440      1634.9940      2061.4856       161.8434            -42.1676      -768.2623         0.0000      3720.6151      2923.7606          10813.1127       293.5854      7889.3522     10837.5245       296.7145

PRESSURE: 3600 0 0 0 0 0 0 0 0 0
GPRESSURE: 3600 0 0 0 0 0 0 0 0 0
PRESSAVG: 3600 0 0 0 0 0 0 0 0 0
GPRESSAVG: 3600 0 0 0 0 0 0 0 0 0
ENERGY:    3600      1105.2375      1656.9374      2087.7177       145.9197            -42.6700      -825.7486         0.0000      3711.6369      2927.5772          10766.6077       293.9686      7839.0305     10786.1736       292.9318

PRESSURE: 3700 0 0 0 0 0 0 0 0 0
GPRESSURE: 3700 0 0 0 0 0 0 0 0 0
PRESSAVG: 3700 0 0 0 0 0 0 0 0 0
GPRESSAVG: 3700 0 0 0 0 0 0 0 0 0
ENERGY:    3700      1058.8359      1725.7874      2057.9075       167.1446            -42.3816      -802.9804         0.0000      3712.1366      2926.8341          10803.2841       293.8940      7876.4499     10824.3495       295.3098

PRESSURE: 3800 0 0 0 0 0 0 0 0 0
GPRESSURE: 3800 0 0 0 0 0 0 0 0 0
PRESSAVG: 3800 0 0 0 0 0 0 0 0 0
GPRESSAVG: 3800 0 0 0 0 0 0 0 0 0
ENERGY:    3800      1102.6009      1671.1109      2066.2051       151.4647            -41.3822      -767.3143         0.0000      3707.1401      2925.2158          10815.0410       293.7315      7889.8252     10839.2815       295.0742

PRESSURE: 3900 0 0 0 0 0 0 0 0 0
GPRESSURE: 3900 0 0 0 0 0 0 0 0 0
PRESSAVG: 3900 0 0 0 0 0 0 0 0 0
GPRESSAVG: 3900 0 0 0 0 0 0 0 0 0
ENERGY:    3900      1106.9160      1717.3588      2060.3273       147.8907            -43.1304      -818.1834         0.0000      3713.5474      2895.3038          10780.0301       290.7280      7884.7263     10804.1052       295.0660

PRESSURE: 4000 0 0 0 0 0 0 0 0 0
GPRESSURE: 4000 0 0 0 0 0 0 0 0 0
PRESSAVG: 4000 0 0 0 0 0 0 0 0 0
GPRESSAVG: 4000 0 0 0 0 0 0 0 0 0
TIMING: 4000  CPU: 3.20132, 0.000785613/step  Wall: 3.22093, 0.000784393/step, 0.000217887 hours remaining, 823.562500 MB of memory in use.
ETITLE:      TS           BOND          ANGLE          DIHED          IMPRP               ELECT            VDW       BOUNDARY           MISC        KINETIC               TOTAL           TEMP      POTENTIAL         TOTAL3        TEMPAVG

ENERGY:    4000      1099.6908      1655.3382      2088.7939       157.1096            -42.6340      -763.4833         0.0000      3708.1816      2914.4603          10817.4571       292.6515      7902.9968     10841.8593       293.6045

WRITING EXTENDED SYSTEM TO RESTART FILE AT STEP 4000
WRITING COORDINATES TO DCD FILE adk-step1.dcd AT STEP 4000
WRITING COORDINATES TO RESTART FILE AT STEP 4000
FINISHED WRITING RESTART COORDINATES
The last position output (seq=4000) takes 0.002 seconds, 823.625 MB of memory in use
WRITING VELOCITIES TO RESTART FILE AT STEP 4000
FINISHED WRITING RESTART VELOCITIES
The last velocity output (seq=4000) takes 0.002 seconds, 823.625 MB of memory in use
PRESSURE: 4100 0 0 0 0 0 0 0 0 0
GPRESSURE: 4100 0 0 0 0 0 0 0 0 0
PRESSAVG: 4100 0 0 0 0 0 0 0 0 0
GPRESSAVG: 4100 0 0 0 0 0 0 0 0 0
ENERGY:    4100      1083.8808      1644.2405      2072.1811       161.1862            -43.0869      -786.3000         0.0000      3703.9578      2941.6583          10777.7177       295.3826      7836.0594     10799.7906       293.3756

PRESSURE: 4200 0 0 0 0 0 0 0 0 0
GPRESSURE: 4200 0 0 0 0 0 0 0 0 0
PRESSAVG: 4200 0 0 0 0 0 0 0 0 0
GPRESSAVG: 4200 0 0 0 0 0 0 0 0 0
ENERGY:    4200      1077.5077      1688.3653      2062.8572       147.0452            -43.6624      -810.9031         0.0000      3704.5863      2998.3155          10824.1118       301.0717      7825.7963     10847.7044       295.3189

LDB: ============= START OF LOAD BALANCING ============== 5.40054
LDB: ============== END OF LOAD BALANCING =============== 5.40059
Info: useSync: 0 useProxySync: 0
LDB: =============== DONE WITH MIGRATION ================ 5.4007
PRESSURE: 4300 0 0 0 0 0 0 0 0 0
GPRESSURE: 4300 0 0 0 0 0 0 0 0 0
PRESSAVG: 4300 0 0 0 0 0 0 0 0 0
GPRESSAVG: 4300 0 0 0 0 0 0 0 0 0
ENERGY:    4300      1093.0222      1704.1009      2044.8549       150.3935            -43.9498      -781.0209         0.0000      3702.1740      2968.2791          10837.8539       298.0557      7869.5749     10859.4320       297.0104

LDB: ============= START OF LOAD BALANCING ============== 5.47797
LDB: TIME 5.47821 LOAD: AVG 0.0165705 MAX 0.0433205  PROXIES: TOTAL 185 MAXPE 10 MAXPATCH 7 None MEM: 823.625 MB
LDB: TIME 5.47844 LOAD: AVG 0.0165705 MAX 0.0433205  PROXIES: TOTAL 185 MAXPE 10 MAXPATCH 7 RefineTorusLB MEM: 823.688 MB
LDB: TIME 5.47858 LOAD: AVG 0.0165705 MAX 0.0433205  PROXIES: TOTAL 185 MAXPE 10 MAXPATCH 7 RefineTorusLB MEM: 823.688 MB
LDB: ============== END OF LOAD BALANCING =============== 5.47881
Info: build node-aware spanning tree with send: 1, recv: 0 with branch factor 4
Info: useSync: 0 useProxySync: 0
LDB: =============== DONE WITH MIGRATION ================ 5.47957
PRESSURE: 4400 0 0 0 0 0 0 0 0 0
GPRESSURE: 4400 0 0 0 0 0 0 0 0 0
PRESSAVG: 4400 0 0 0 0 0 0 0 0 0
GPRESSAVG: 4400 0 0 0 0 0 0 0 0 0
ENERGY:    4400      1056.5444      1694.9439      2086.2451       146.7483            -42.9563      -769.2028         0.0000      3702.0856      2966.2682          10840.6764       297.8537      7874.4082     10865.3282       296.9115

PRESSURE: 4500 0 0 0 0 0 0 0 0 0
GPRESSURE: 4500 0 0 0 0 0 0 0 0 0
PRESSAVG: 4500 0 0 0 0 0 0 0 0 0
GPRESSAVG: 4500 0 0 0 0 0 0 0 0 0
ENERGY:    4500      1121.3062      1669.3545      2071.1599       143.8081            -42.5718      -757.8508         0.0000      3707.1452      2946.6246          10858.9758       295.8813      7912.3512     10882.4229       296.2696

PRESSURE: 4600 0 0 0 0 0 0 0 0 0
GPRESSURE: 4600 0 0 0 0 0 0 0 0 0
PRESSAVG: 4600 0 0 0 0 0 0 0 0 0
GPRESSAVG: 4600 0 0 0 0 0 0 0 0 0
ENERGY:    4600      1072.1292      1682.3469      2067.7174       147.7677            -41.7758      -768.9814         0.0000      3716.6010      2970.8664          10846.6715       298.3155      7875.8050     10874.5881       297.2258

PRESSURE: 4700 0 0 0 0 0 0 0 0 0
GPRESSURE: 4700 0 0 0 0 0 0 0 0 0
PRESSAVG: 4700 0 0 0 0 0 0 0 0 0
GPRESSAVG: 4700 0 0 0 0 0 0 0 0 0
ENERGY:    4700      1064.1483      1679.9720      2079.2261       156.5853            -41.7440      -775.1413         0.0000      3720.4079      2956.2600          10839.7143       296.8488      7883.4543     10863.1233       296.8142

PRESSURE: 4800 0 0 0 0 0 0 0 0 0
GPRESSURE: 4800 0 0 0 0 0 0 0 0 0
PRESSAVG: 4800 0 0 0 0 0 0 0 0 0
GPRESSAVG: 4800 0 0 0 0 0 0 0 0 0
ENERGY:    4800      1106.0122      1675.8813      2099.2371       148.1326            -42.3784      -779.1481         0.0000      3721.3499      2960.5757          10889.6623       297.2821      7929.0866     10912.4339       296.8706

PRESSURE: 4900 0 0 0 0 0 0 0 0 0
GPRESSURE: 4900 0 0 0 0 0 0 0 0 0
PRESSAVG: 4900 0 0 0 0 0 0 0 0 0
GPRESSAVG: 4900 0 0 0 0 0 0 0 0 0
ENERGY:    4900      1132.4992      1705.6305      2092.0238       152.1333            -42.8281      -803.2320         0.0000      3721.0632      2978.9433          10936.2332       299.1265      7957.2899     10959.2702       300.3105

PRESSURE: 5000 0 0 0 0 0 0 0 0 0
GPRESSURE: 5000 0 0 0 0 0 0 0 0 0
PRESSAVG: 5000 0 0 0 0 0 0 0 0 0
GPRESSAVG: 5000 0 0 0 0 0 0 0 0 0
TIMING: 5000  CPU: 3.98685, 0.000785528/step  Wall: 4.01147, 0.000790535/step, 0 hours remaining, 823.687500 MB of memory in use.
ETITLE:      TS           BOND          ANGLE          DIHED          IMPRP               ELECT            VDW       BOUNDARY           MISC        KINETIC               TOTAL           TEMP      POTENTIAL         TOTAL3        TEMPAVG

ENERGY:    5000      1071.7107      1724.1781      2080.0336       148.7014            -42.1388      -774.8089         0.0000      3721.2398      2975.4967          10904.4127       298.7804      7928.9160     10931.4152       298.8556

WRITING EXTENDED SYSTEM TO RESTART FILE AT STEP 5000
WRITING COORDINATES TO DCD FILE adk-step1.dcd AT STEP 5000
WRITING COORDINATES TO RESTART FILE AT STEP 5000
FINISHED WRITING RESTART COORDINATES
The last position output (seq=5000) takes 0.002 seconds, 824.125 MB of memory in use
WRITING VELOCITIES TO RESTART FILE AT STEP 5000
FINISHED WRITING RESTART VELOCITIES
The last velocity output (seq=5000) takes 0.002 seconds, 824.125 MB of memory in use
WRITING EXTENDED SYSTEM TO OUTPUT FILE AT STEP 5000
WRITING COORDINATES TO OUTPUT FILE AT STEP 5000
CLOSING COORDINATE DCD FILE adk-step1.dcd
The last position output (seq=-2) takes 0.004 seconds, 824.125 MB of memory in use
WRITING VELOCITIES TO OUTPUT FILE AT STEP 5000
====================================================

WallClock: 5.966717  CPUTime: 4.800929  Memory: 824.250000 MB
End of program
