3_3_cc.dat
/gpfs/alpine/bip115/scratch/hrlee/radical.pilot.sandbox/re.session.login1.hrlee.018625.0000/pilot.0000/staging_area/3_3_cc.dat
3, 3
Charm++> Running on MPI version: 3.1
Charm++> level of thread support used: MPI_THREAD_FUNNELED (desired: MPI_THREAD_FUNNELED)
Charm++> Running in SMP mode: 41 processes, 4 worker threads (PEs) + 1 comm threads per process, 164 PEs total
Charm++> The comm. thread both sends and receives messages
Charm++> Using recursive bisection (scheme 3) for topology aware partitions
Converse/Charm++ Commit ID: v6.10.2-0-g7bf00fa-namd-charm-6.10.2-build-2020-Aug-05-556
Warning> Randomization of virtual memory (ASLR) is turned on in the kernel, thread migration may not work! Run 'echo 0 > /proc/sys/kernel/randomize_va_space' as root to disable it, or try running with '+isomalloc_sync'.
CharmLB> Load balancer assumes all CPUs are same.
Charm++> Running on 2 hosts (1 sockets x 1 cores x 4 PUs = 4-way SMP)
Charm++> cpu topology info is gathered in 0.034 seconds.

Charm++> Warning: the number of SMP threads (190) is greater than the number of physical cores (176), so threads will sleep while idling. Use +CmiSpinOnIdle or +CmiSleepOnIdle to control this directly.

Info: NAMD 2.14 for Linux-POWER-MPI-smp-Summit
Info: 
Info: Please visit http://www.ks.uiuc.edu/Research/namd/
Info: for updates, documentation, and support information.
Info: 
Info: Please cite Phillips et al., J. Chem. Phys. 153:044130 (2020) doi:10.1063/5.0014475
Info: in all publications reporting results obtained with NAMD.
Info: 
Info: Based on Charm++/Converse 61002 for mpi-linux-ppc64le-smp
Info: Built Wed Aug 5 14:25:51 EDT 2020 by jimp on login2
Info: 1 NAMD  2.14  Linux-POWER-MPI-smp-Summit  164    d21n10  hrlee
Info: Running on 164 processors, 41 nodes, 2 physical nodes.
Info: CPU topology information available.
Info: Charm++/Converse parallel runtime startup completed at 0.0401057 s
CkLoopLib is used in SMP with simple dynamic scheduling (converse-level notification)
Info: 933.688 MB of memory in use based on /proc/self/stat
Info: Configuration file is adk-step1.namd
Info: Working in the current directory /gpfs/alpine/bip115/scratch/hrlee/radical.pilot.sandbox/re.session.login1.hrlee.018625.0000/pilot.0000/unit.000294
TCL: Suspending until startup complete.
Info: SIMULATION PARAMETERS:
Info: TIMESTEP               1
Info: NUMBER OF STEPS        0
Info: STEPS PER CYCLE        20
Info: LOAD BALANCER  Centralized
Info: LOAD BALANCING STRATEGY  New Load Balancers -- DEFAULT
Info: LDB PERIOD             4000 steps
Info: FIRST LDB TIMESTEP     100
Info: LAST LDB TIMESTEP     -1
Info: LDB BACKGROUND SCALING 1
Info: HOM BACKGROUND SCALING 1
Info: REMOVING LOAD FROM NODE 0
Info: REMOVING PATCHES FROM PROCESSOR 0
Info: MIN ATOMS PER PATCH    40
Info: VELOCITY FILE          3_3_adk-step1.restart.vel
Info: CENTER OF MASS MOVING INITIALLY? NO
Info: DIELECTRIC             80
Info: EXCLUDE                SCALED ONE-FOUR
Info: 1-4 ELECTROSTATICS SCALED BY 1
Info: MODIFIED 1-4 VDW PARAMETERS WILL BE USED
Info: DCD FILENAME           adk-step1.dcd
Info: DCD FREQUENCY          1000
Info: DCD FIRST STEP         1000
Info: NO EXTENDED SYSTEM TRAJECTORY OUTPUT
Info: NO VELOCITY DCD OUTPUT
Info: NO FORCE DCD OUTPUT
Info: OUTPUT FILENAME        adk-step1
Info: BINARY OUTPUT FILES WILL BE USED
Info: RESTART FILENAME       adk-step1.restart
Info: RESTART FREQUENCY      1000
Info: BINARY RESTART FILES WILL BE USED
Info: SWITCHING ACTIVE
Info: SWITCHING ON           9
Info: SWITCHING OFF          10
Info: PAIRLIST DISTANCE      11
Info: PAIRLIST SHRINK RATE   0.01
Info: PAIRLIST GROW RATE     0.01
Info: PAIRLIST TRIGGER       0.3
Info: PAIRLISTS PER CYCLE    2
Info: PAIRLISTS ENABLED
Info: MARGIN                 0
Info: HYDROGEN GROUP CUTOFF  2.5
Info: PATCH DIMENSION        13.5
Info: ENERGY OUTPUT STEPS    100
Info: CROSSTERM ENERGY INCLUDED IN DIHEDRAL
Info: TIMING OUTPUT STEPS    1000
Info: PRESSURE OUTPUT STEPS  100
Info: GRID FORCE ACTIVE
Info:  Please include this reference in published work using
Info:  the Gridforce module of NAMD: David Wells, Volha Abramkina,
Info:  and Aleksei Aksimentiev, J. Chem. Phys. 127:125101-10 (2007).
Info: MGRIDFORCE key 0
Info:            Potfile 4ake-target_autopsf-grid.dx
Info:            Scale 0.3 0.3 0.3
Info:            File 1ake-docked-noh_autopsf-grid.pdb
Info:            Col O
Info:            ChargeCol B
Info:            VOffset 0 0 0
Info:            Continuous K1 FALSE
Info:            Continuous K2 FALSE
Info:            Continuous K3 FALSE
Info:            Volts FALSE
Info:            Gridforce-Lite FALSE
Info:            Gridforce-CheckSize TRUE
Info: LANGEVIN DYNAMICS ACTIVE
Info: LANGEVIN TEMPERATURE   300
Info: LANGEVIN USING BBK INTEGRATOR
Info: LANGEVIN DAMPING COEFFICIENT IS 5 INVERSE PS
Info: LANGEVIN DYNAMICS NOT APPLIED TO HYDROGENS
Info: USING VERLET I (r-RESPA) MTS SCHEME.
Info: C1 SPLITTING OF LONG RANGE ELECTROSTATICS
Info: PLACING ATOMS IN PATCHES BY HYDROGEN GROUPS
Info: RIGID BONDS TO HYDROGEN : WATER
Info:         ERROR TOLERANCE : 1e-08
Info:          MAX ITERATIONS : 100
Info: RIGID WATER USING SETTLE ALGORITHM
Info: NONBONDED FORCES EVALUATED EVERY 2 STEPS
Info: RANDOM NUMBER SEED     1609226149
Info: USE HYDROGEN BONDS?    NO
Info: COORDINATE PDB         1ake-docked-noh_autopsf.pdb
Info: STRUCTURE FILE         1ake-docked-noh_autopsf.psf
Info: PARAMETER file: CHARMM format! 
Info: PARAMETERS             par_all36_prot.prm
Info: USING ARITHMETIC MEAN TO COMBINE L-J SIGMA PARAMETERS
Info: BINARY COORDINATES     3_3_adk-step1.restart.coor
Info: SUMMARY OF PARAMETERS:
Info: 132 BONDS
Info: 362 ANGLES
Info: 702 DIHEDRAL
Info: 35 IMPROPER
Info: 6 CROSSTERM
Info: 53 VDW
Info: 0 VDW_PAIRS
Info: 0 NBTHOLE_PAIRS
Info: TIME FOR READING PSF FILE: 0.611029
Info: READING EXTRA BONDS FILE 1ake-extrabonds.txt
Info: READING EXTRA BONDS FILE 1ake-extrabonds-cispeptide.txt
Info: READING EXTRA BONDS FILE 1ake-extrabonds-chirality.txt
Info: READ 80 EXTRA BONDS
Info: READ 80 EXTRA ANGLES
Warning: EXTRA ANGLES ARE COSINE-BASED BY DEFAULT TO MATCH PREVIOUS VERSIONS
Warning: FOR NORMAL HARMONIC EXTRA ANGLES SET extraBondsCosAngles off
Info: READ 493 EXTRA DIHEDRALS
Info: READ 438 EXTRA IMPROPERS
Info: Reading pdb file 1ake-docked-noh_autopsf.pdb
Info: TIME FOR READING PDB FILE: 0.122683
Info: 
Info: ****************************
Info: STRUCTURE SUMMARY:
Info: 3341 ATOMS
Info: 3445 BONDS
Info: 6203 ANGLES
Info: 9414 DIHEDRALS
Info: 1005 IMPROPERS
Info: 212 CROSSTERMS
Info: 0 EXCLUSIONS
Info: 0 RIGID BONDS
Info: 1 GRIDS ACTIVE
Info: 10023 DEGREES OF FREEDOM
Info: 1656 HYDROGEN GROUPS
Info: 4 ATOMS IN LARGEST HYDROGEN GROUP
Info: 1656 MIGRATION GROUPS
Info: 4 ATOMS IN LARGEST MIGRATION GROUP
Info: TOTAL MASS = 23582 amu
Info: TOTAL CHARGE = -4 e
Info: *****************************
Info: Reading from binary file 3_3_adk-step1.restart.coor
Info: 
Info: Entering startup at 1.58255 s, 1042.44 MB of memory in use
Info: Startup phase 0 took 0.000754921 s, 1042.44 MB of memory in use
Info: ADDED 18308 IMPLICIT EXCLUSIONS
Info: Startup phase 1 took 0.0164851 s, 1042.44 MB of memory in use
Info: NONBONDED TABLE R-SQUARED SPACING: 0.0625
Info: NONBONDED TABLE SIZE: 705 POINTS
Info: ABSOLUTE IMPRECISION IN FAST TABLE ENERGY: 3.38813e-21 AT 9.89634
Info: RELATIVE IMPRECISION IN FAST TABLE ENERGY: 4.23384e-15 AT 9.94673
Info: ABSOLUTE IMPRECISION IN FAST TABLE FORCE: 6.35275e-22 AT 9.94673
Info: RELATIVE IMPRECISION IN FAST TABLE FORCE: 5.07982e-16 AT 9.94673
Info: INCONSISTENCY IN FAST TABLE ENERGY VS FORCE: 0.000290185 AT 0.251946
Info: ABSOLUTE IMPRECISION IN VDWA TABLE ENERGY: 1.57772e-30 AT 9.89634
Info: RELATIVE IMPRECISION IN VDWA TABLE ENERGY: 4.54938e-15 AT 9.94673
Info: ABSOLUTE IMPRECISION IN VDWA TABLE FORCE: 5.91646e-31 AT 9.94673
Info: RELATIVE IMPRECISION IN VDWA TABLE FORCE: 5.6823e-16 AT 9.94673
Info: INCONSISTENCY IN VDWA TABLE ENERGY VS FORCE: 0.0040507 AT 0.251946
Info: ABSOLUTE IMPRECISION IN VDWB TABLE ENERGY: 4.71751e-25 AT 9.94673
Info: RELATIVE IMPRECISION IN VDWB TABLE ENERGY: 1.45371e-14 AT 9.94673
Info: ABSOLUTE IMPRECISION IN VDWB TABLE FORCE: 6.20385e-25 AT 9.94673
Info: RELATIVE IMPRECISION IN VDWB TABLE FORCE: 5.97512e-16 AT 9.94673
Info: INCONSISTENCY IN VDWB TABLE ENERGY VS FORCE: 0.00377068 AT 9.07951
Info: Startup phase 2 took 0.00187141 s, 1042.44 MB of memory in use
Info: Startup phase 3 took 0.000621483 s, 1042.44 MB of memory in use
Info: Startup phase 4 took 0.000612713 s, 1042.44 MB of memory in use
Info: Startup phase 5 took 0.00687628 s, 1042.44 MB of memory in use
Info: ORIGINAL ATOMS MINMAX IS -19.9689 -32.75 -37.0976  17.0341 21.9588 17.1601
Info: ADJUSTED ATOMS MINMAX IS -16.3593 -27.7781 -31.763  11.5249 12.8992 8.99271
Info: PATCH GRID IS 5 BY 4 BY 4
Info: PATCH GRID IS 2-AWAY BY 1-AWAY BY 1-AWAY
Info: Reading from binary file 3_3_adk-step1.restart.vel
Info: REMOVING COM VELOCITY 0.183011 0.0302897 0.0854356
Info: LARGEST PATCH (47) HAS 132 ATOMS
Info: TORUS A SIZE 2 USING 0 1
Info: TORUS B SIZE 1 USING 0
Info: TORUS C SIZE 1 USING 0
Info: TORUS MINIMAL MESH SIZE IS 2 BY 1 BY 1
Info: Placed 100% of base nodes on same physical node as patch
Info: Startup phase 6 took 0.00875584 s, 1042.44 MB of memory in use
Info: Startup phase 7 took 0.000704157 s, 1042.44 MB of memory in use
Info: Startup phase 8 took 0.000619992 s, 1042.44 MB of memory in use
Info: Startup phase 9 took 0.00113247 s, 1042.44 MB of memory in use
Info: Startup phase 10 took 0.000625003 s, 1042.44 MB of memory in use
Info: Startup phase 11 took 0.00108413 s, 1042.44 MB of memory in use
LDB: Central LB being created...
Info: Startup phase 12 took 0.00425525 s, 1042.44 MB of memory in use
Info: CREATING 1870 COMPUTE OBJECTS
Info: Startup phase 13 took 0.00101005 s, 1042.44 MB of memory in use
Info: Building spanning tree ... send: 1 recv: 0 with branch factor 4
Info: useSync: 1 useProxySync: 0
Info: Startup phase 14 took 0.000820029 s, 1042.44 MB of memory in use
Info: Startup phase 15 took 0.000168772 s, 1042.44 MB of memory in use
Info: Finished startup at 1.62895 s, 1042.44 MB of memory in use

TCL: Running for 5000 steps
PRESSURE: 0 0 0 0 0 0 0 0 0 0
GPRESSURE: 0 0 0 0 0 0 0 0 0 0
ETITLE:      TS           BOND          ANGLE          DIHED          IMPRP               ELECT            VDW       BOUNDARY           MISC        KINETIC               TOTAL           TEMP      POTENTIAL         TOTAL3        TEMPAVG

ENERGY:       0      1086.0096      1711.5406      2119.0061       169.3004            -38.7261      -792.8914         0.0000      2633.6274      2989.4559           9877.3224       300.1821      6887.8665      9901.8296       300.1821

LDB: ============= START OF LOAD BALANCING ============== 1.65959
LDB: ============== END OF LOAD BALANCING =============== 1.6599
Info: useSync: 1 useProxySync: 0
LDB: =============== DONE WITH MIGRATION ================ 1.66265
LDB: ============= START OF LOAD BALANCING ============== 1.76944
Info: useSync: 1 useProxySync: 0
LDB: 264 computes have load of zero
LDB: Largest compute 451 load 0.012310 is 69.1% of average load 0.017804
LDB: Average compute 0.000975 is 5.5% of average load 0.017804
LDB: Partitioning computes with target load 0.001951
LDB: Increased migratable compute count from 1126 to 1339
LDB: Largest unpartitionable compute is 0.005975
LDB: ============== END OF LOAD BALANCING =============== 1.77194
Info: build node-aware spanning tree with send: 1, recv: 0 with branch factor 4
LDB: =============== DONE WITH MIGRATION ================ 1.77639
PRESSURE: 100 0 0 0 0 0 0 0 0 0
GPRESSURE: 100 0 0 0 0 0 0 0 0 0
PRESSAVG: 100 0 0 0 0 0 0 0 0 0
GPRESSAVG: 100 0 0 0 0 0 0 0 0 0
Info: Initial time: 164 CPUs 0.00130023 s/step 0.015049 days/ns 1042.62 MB memory
ENERGY:     100      1090.2642      1700.3979      2087.8889       164.3953            -39.7098      -767.3542         0.0000      2640.4853      3020.2266           9896.5942       303.2719      6876.3676      9923.5242       302.1444

LDB: ============= START OF LOAD BALANCING ============== 1.79933
LDB: ============== END OF LOAD BALANCING =============== 1.79957
Info: useSync: 1 useProxySync: 0
LDB: =============== DONE WITH MIGRATION ================ 1.80014
LDB: ============= START OF LOAD BALANCING ============== 1.90726
LDB: 264 computes have load of zero
LDB: Largest compute 1596 load 0.006242 is 35.0% of average load 0.017845
LDB: Average compute 0.000828 is 4.6% of average load 0.017845
LDB: TIME 1.90961 LOAD: AVG 0.0178454 MAX 0.0553362  PROXIES: TOTAL 601 MAXPE 12 MAXPATCH 10 None MEM: 1042.62 MB
LDB: TIME 1.91323 LOAD: AVG 0.0178454 MAX 0.0260771  PROXIES: TOTAL 1018 MAXPE 16 MAXPATCH 41 TorusLB MEM: 1042.62 MB
LDB: ============== END OF LOAD BALANCING =============== 1.91544
Info: build node-aware spanning tree with send: 1, recv: 0 with branch factor 4
Info: useSync: 1 useProxySync: 0
LDB: =============== DONE WITH MIGRATION ================ 1.92012
PRESSURE: 200 0 0 0 0 0 0 0 0 0
GPRESSURE: 200 0 0 0 0 0 0 0 0 0
PRESSAVG: 200 0 0 0 0 0 0 0 0 0
GPRESSAVG: 200 0 0 0 0 0 0 0 0 0
Info: Initial time: 164 CPUs 0.00128225 s/step 0.0148408 days/ns 1042.62 MB memory
ENERGY:     200      1133.5285      1722.6701      2100.9532       147.8588            -39.9206      -805.9099         0.0000      2646.2221      2966.0805           9871.4827       297.8349      6905.4022      9894.7455       305.4142

LDB: ============= START OF LOAD BALANCING ============== 2.02425
LDB: 264 computes have load of zero
LDB: Largest compute 1584 load 0.007739 is 26.9% of average load 0.028815
LDB: Average compute 0.001115 is 3.9% of average load 0.028815
LDB: TIME 2.02666 LOAD: AVG 0.028815 MAX 0.0520244  PROXIES: TOTAL 601 MAXPE 12 MAXPATCH 10 None MEM: 1042.62 MB
LDB: TIME 2.02748 LOAD: AVG 0.028815 MAX 0.0520244  PROXIES: TOTAL 1018 MAXPE 16 MAXPATCH 41 RefineTorusLB MEM: 1042.62 MB
LDB: TIME 2.04169 LOAD: AVG 0.028815 MAX 0.0403892  PROXIES: TOTAL 910 MAXPE 15 MAXPATCH 27 RefineTorusLB MEM: 1042.62 MB
LDB: ============== END OF LOAD BALANCING =============== 2.04688
Info: build node-aware spanning tree with send: 1, recv: 0 with branch factor 4
Info: useSync: 1 useProxySync: 0
LDB: =============== DONE WITH MIGRATION ================ 2.05155
PRESSURE: 300 0 0 0 0 0 0 0 0 0
GPRESSURE: 300 0 0 0 0 0 0 0 0 0
PRESSAVG: 300 0 0 0 0 0 0 0 0 0
GPRESSAVG: 300 0 0 0 0 0 0 0 0 0
Info: Initial time: 164 CPUs 0.00103884 s/step 0.0120236 days/ns 1042.62 MB memory
ENERGY:     300      1065.6479      1689.7811      2091.2123       153.3157            -39.9062      -767.1349         0.0000      2636.7890      3023.4916           9853.1965       303.5998      6829.7049      9877.7979       301.2424

LDB: ============= START OF LOAD BALANCING ============== 2.17609
LDB: 253 computes have load of zero
LDB: Largest compute 1584 load 0.008011 is 28.9% of average load 0.027727
LDB: Average compute 0.001085 is 3.9% of average load 0.027727
LDB: TIME 2.17837 LOAD: AVG 0.0277274 MAX 0.0469961  PROXIES: TOTAL 601 MAXPE 12 MAXPATCH 10 None MEM: 1042.62 MB
LDB: TIME 2.17913 LOAD: AVG 0.0277274 MAX 0.0469961  PROXIES: TOTAL 914 MAXPE 15 MAXPATCH 27 RefineTorusLB MEM: 1042.62 MB
LDB: TIME 2.18818 LOAD: AVG 0.0277274 MAX 0.036957  PROXIES: TOTAL 922 MAXPE 14 MAXPATCH 28 RefineTorusLB MEM: 1042.62 MB
LDB: ============== END OF LOAD BALANCING =============== 2.18952
Info: build node-aware spanning tree with send: 1, recv: 0 with branch factor 4
Info: useSync: 1 useProxySync: 0
LDB: =============== DONE WITH MIGRATION ================ 2.20022
PRESSURE: 400 0 0 0 0 0 0 0 0 0
GPRESSURE: 400 0 0 0 0 0 0 0 0 0
PRESSAVG: 400 0 0 0 0 0 0 0 0 0
GPRESSAVG: 400 0 0 0 0 0 0 0 0 0
Info: Benchmark time: 164 CPUs 0.0012436 s/step 0.0143935 days/ns 1042.62 MB memory
ENERGY:     400      1120.1972      1665.6704      2090.1326       165.9431            -39.1311      -772.5454         0.0000      2641.2753      3005.6140           9877.1560       301.8046      6871.5420      9901.5128       302.4419

PRESSURE: 500 0 0 0 0 0 0 0 0 0
GPRESSURE: 500 0 0 0 0 0 0 0 0 0
PRESSAVG: 500 0 0 0 0 0 0 0 0 0
GPRESSAVG: 500 0 0 0 0 0 0 0 0 0
Info: Benchmark time: 164 CPUs 0.00100612 s/step 0.0116449 days/ns 1042.62 MB memory
ENERGY:     500      1119.5756      1703.0442      2054.5682       141.9819            -39.3452      -786.2116         0.0000      2641.7263      2997.4246           9832.7639       300.9823      6835.3393      9859.9293       301.3011

PRESSURE: 600 0 0 0 0 0 0 0 0 0
GPRESSURE: 600 0 0 0 0 0 0 0 0 0
PRESSAVG: 600 0 0 0 0 0 0 0 0 0
GPRESSAVG: 600 0 0 0 0 0 0 0 0 0
Info: Benchmark time: 164 CPUs 0.00131158 s/step 0.0151803 days/ns 1042.62 MB memory
ENERGY:     600      1151.4156      1684.4700      2031.4398       169.8149            -38.9883      -802.0723         0.0000      2634.2446      2980.3890           9810.7132       299.2717      6830.3242      9833.9749       301.3552

PRESSURE: 700 0 0 0 0 0 0 0 0 0
GPRESSURE: 700 0 0 0 0 0 0 0 0 0
PRESSAVG: 700 0 0 0 0 0 0 0 0 0
GPRESSAVG: 700 0 0 0 0 0 0 0 0 0
Info: Benchmark time: 164 CPUs 0.00112241 s/step 0.0129909 days/ns 1042.62 MB memory
ENERGY:     700      1094.1099      1668.6532      2057.6581       156.3895            -38.6926      -766.5824         0.0000      2629.2798      2965.0742           9765.8897       297.7339      6800.8155      9791.3555       298.4607

PRESSURE: 800 0 0 0 0 0 0 0 0 0
GPRESSURE: 800 0 0 0 0 0 0 0 0 0
PRESSAVG: 800 0 0 0 0 0 0 0 0 0
GPRESSAVG: 800 0 0 0 0 0 0 0 0 0
Info: Benchmark time: 164 CPUs 0.00125235 s/step 0.0144948 days/ns 1042.62 MB memory
ENERGY:     800      1097.1221      1634.5404      2059.4381       147.3876            -39.7649      -767.7735         0.0000      2628.6617      2981.2050           9740.8165       299.3536      6759.6115      9767.8753       296.9066

PRESSURE: 900 0 0 0 0 0 0 0 0 0
GPRESSURE: 900 0 0 0 0 0 0 0 0 0
PRESSAVG: 900 0 0 0 0 0 0 0 0 0
GPRESSAVG: 900 0 0 0 0 0 0 0 0 0
Info: Benchmark time: 164 CPUs 0.00115082 s/step 0.0133197 days/ns 1042.62 MB memory
ENERGY:     900      1037.5338      1687.2341      2038.1705       140.3112            -39.9530      -754.5892         0.0000      2625.0983      2978.2810           9712.0868       299.0600      6733.8058      9740.0464       296.1122

OPENING COORDINATE DCD FILE
WRITING COORDINATES TO DCD FILE adk-step1.dcd AT STEP 1000
WRITING COORDINATES TO RESTART FILE AT STEP 1000
FINISHED WRITING RESTART COORDINATES
The last position output (seq=1000) takes 0.007 seconds, 1042.625 MB of memory in use
WRITING VELOCITIES TO RESTART FILE AT STEP 1000
FINISHED WRITING RESTART VELOCITIES
The last velocity output (seq=1000) takes 0.002 seconds, 1042.625 MB of memory in use
PRESSURE: 1000 0 0 0 0 0 0 0 0 0
GPRESSURE: 1000 0 0 0 0 0 0 0 0 0
PRESSAVG: 1000 0 0 0 0 0 0 0 0 0
GPRESSAVG: 1000 0 0 0 0 0 0 0 0 0
TIMING: 1000  CPU: 0.295496, 0.000292731/step  Wall: 1.27764, 0.00126442/step, 0.00140491 hours remaining, 1042.625000 MB of memory in use.
ETITLE:      TS           BOND          ANGLE          DIHED          IMPRP               ELECT            VDW       BOUNDARY           MISC        KINETIC               TOTAL           TEMP      POTENTIAL         TOTAL3        TEMPAVG

ENERGY:    1000      1060.2089      1691.9673      2076.7087       144.7290            -40.1895      -765.5171         0.0000      2620.8716      2935.5991           9724.3779       294.7742      6788.7789      9744.6405       295.4893

WRITING EXTENDED SYSTEM TO RESTART FILE AT STEP 1000
PRESSURE: 1100 0 0 0 0 0 0 0 0 0
GPRESSURE: 1100 0 0 0 0 0 0 0 0 0
PRESSAVG: 1100 0 0 0 0 0 0 0 0 0
GPRESSAVG: 1100 0 0 0 0 0 0 0 0 0
ENERGY:    1100      1044.3186      1669.1676      2068.2531       144.1688            -40.3656      -759.2551         0.0000      2624.0209      2968.2199           9718.5284       298.0497      6750.3084      9742.4406       296.7195

PRESSURE: 1200 0 0 0 0 0 0 0 0 0
GPRESSURE: 1200 0 0 0 0 0 0 0 0 0
PRESSAVG: 1200 0 0 0 0 0 0 0 0 0
GPRESSAVG: 1200 0 0 0 0 0 0 0 0 0
ENERGY:    1200      1065.9606      1683.6218      2062.3079       158.3746            -40.9963      -780.9053         0.0000      2619.4069      2979.2716           9747.0417       299.1595      6767.7701      9773.1283       296.6334

PRESSURE: 1300 0 0 0 0 0 0 0 0 0
GPRESSURE: 1300 0 0 0 0 0 0 0 0 0
PRESSAVG: 1300 0 0 0 0 0 0 0 0 0
GPRESSAVG: 1300 0 0 0 0 0 0 0 0 0
ENERGY:    1300      1095.9206      1656.4786      2107.2302       157.8663            -40.9518      -785.7336         0.0000      2622.1026      2904.0447           9716.9577       291.6057      6812.9130      9742.5829       296.1076

PRESSURE: 1400 0 0 0 0 0 0 0 0 0
GPRESSURE: 1400 0 0 0 0 0 0 0 0 0
PRESSAVG: 1400 0 0 0 0 0 0 0 0 0
GPRESSAVG: 1400 0 0 0 0 0 0 0 0 0
ENERGY:    1400      1052.3316      1624.2535      2142.6976       153.7861            -39.8064      -775.8252         0.0000      2627.8999      2948.6968           9734.0339       296.0893      6785.3370      9758.4079       297.2101

PRESSURE: 1500 0 0 0 0 0 0 0 0 0
GPRESSURE: 1500 0 0 0 0 0 0 0 0 0
PRESSAVG: 1500 0 0 0 0 0 0 0 0 0
GPRESSAVG: 1500 0 0 0 0 0 0 0 0 0
ENERGY:    1500      1074.2495      1709.9021      2085.8763       151.0790            -39.7877      -816.1667         0.0000      2632.2066      2921.1077           9718.4669       293.3190      6797.3592      9740.9277       295.8067

PRESSURE: 1600 0 0 0 0 0 0 0 0 0
GPRESSURE: 1600 0 0 0 0 0 0 0 0 0
PRESSAVG: 1600 0 0 0 0 0 0 0 0 0
GPRESSAVG: 1600 0 0 0 0 0 0 0 0 0
ENERGY:    1600      1059.5711      1679.4931      2086.0020       153.3416            -39.3717      -760.8842         0.0000      2623.1490      2946.7938           9748.0947       295.8983      6801.3009      9774.3551       295.7907

PRESSURE: 1700 0 0 0 0 0 0 0 0 0
GPRESSURE: 1700 0 0 0 0 0 0 0 0 0
PRESSAVG: 1700 0 0 0 0 0 0 0 0 0
GPRESSAVG: 1700 0 0 0 0 0 0 0 0 0
ENERGY:    1700      1104.6853      1645.5018      2094.1417       159.8737            -39.2732      -760.5942         0.0000      2620.6554      2960.9702           9785.9607       297.3218      6824.9905      9805.7998       297.9391

PRESSURE: 1800 0 0 0 0 0 0 0 0 0
GPRESSURE: 1800 0 0 0 0 0 0 0 0 0
PRESSAVG: 1800 0 0 0 0 0 0 0 0 0
GPRESSAVG: 1800 0 0 0 0 0 0 0 0 0
ENERGY:    1800      1055.5916      1670.8230      2064.7096       158.2271            -40.3919      -762.7773         0.0000      2620.3983      3043.4250           9810.0055       305.6013      6766.5805      9831.6148       300.1680

PRESSURE: 1900 0 0 0 0 0 0 0 0 0
GPRESSURE: 1900 0 0 0 0 0 0 0 0 0
PRESSAVG: 1900 0 0 0 0 0 0 0 0 0
GPRESSAVG: 1900 0 0 0 0 0 0 0 0 0
ENERGY:    1900      1053.2743      1745.1212      2066.1908       155.4646            -39.6851      -802.7975         0.0000      2627.0844      2966.8444           9771.4970       297.9116      6804.6527      9796.6254       300.3909

WRITING COORDINATES TO DCD FILE adk-step1.dcd AT STEP 2000
WRITING COORDINATES TO RESTART FILE AT STEP 2000
FINISHED WRITING RESTART COORDINATES
The last position output (seq=2000) takes 0.004 seconds, 1042.625 MB of memory in use
WRITING VELOCITIES TO RESTART FILE AT STEP 2000
FINISHED WRITING RESTART VELOCITIES
The last velocity output (seq=2000) takes 0.003 seconds, 1042.625 MB of memory in use
PRESSURE: 2000 0 0 0 0 0 0 0 0 0
GPRESSURE: 2000 0 0 0 0 0 0 0 0 0
PRESSAVG: 2000 0 0 0 0 0 0 0 0 0
GPRESSAVG: 2000 0 0 0 0 0 0 0 0 0
TIMING: 2000  CPU: 0.524025, 0.000228529/step  Wall: 2.67069, 0.00139305/step, 0.00116087 hours remaining, 1042.625000 MB of memory in use.
ETITLE:      TS           BOND          ANGLE          DIHED          IMPRP               ELECT            VDW       BOUNDARY           MISC        KINETIC               TOTAL           TEMP      POTENTIAL         TOTAL3        TEMPAVG

ENERGY:    2000      1056.2006      1695.8321      2086.8121       158.1074            -39.8872      -747.7657         0.0000      2625.5527      2937.2951           9772.1471       294.9444      6834.8520      9794.6024       298.4800

WRITING EXTENDED SYSTEM TO RESTART FILE AT STEP 2000
PRESSURE: 2100 0 0 0 0 0 0 0 0 0
GPRESSURE: 2100 0 0 0 0 0 0 0 0 0
PRESSAVG: 2100 0 0 0 0 0 0 0 0 0
GPRESSAVG: 2100 0 0 0 0 0 0 0 0 0
ENERGY:    2100      1037.3095      1730.2746      2065.1706       156.0205            -39.8647      -778.8425         0.0000      2625.1329      2930.0447           9725.2456       294.2164      6795.2009      9749.2855       297.2389

PRESSURE: 2200 0 0 0 0 0 0 0 0 0
GPRESSURE: 2200 0 0 0 0 0 0 0 0 0
PRESSAVG: 2200 0 0 0 0 0 0 0 0 0
GPRESSAVG: 2200 0 0 0 0 0 0 0 0 0
ENERGY:    2200      1033.5442      1716.9534      2074.3182       141.8236            -40.2747      -762.7482         0.0000      2616.9114      2927.3428           9707.8707       293.9451      6780.5279      9731.9171       297.1333

PRESSURE: 2300 0 0 0 0 0 0 0 0 0
GPRESSURE: 2300 0 0 0 0 0 0 0 0 0
PRESSAVG: 2300 0 0 0 0 0 0 0 0 0
GPRESSAVG: 2300 0 0 0 0 0 0 0 0 0
ENERGY:    2300      1080.7783      1708.6793      2065.8941       146.8597            -40.4110      -801.0032         0.0000      2617.8018      2946.6091           9725.2081       295.8797      6778.5991      9746.8373       297.9710

PRESSURE: 2400 0 0 0 0 0 0 0 0 0
GPRESSURE: 2400 0 0 0 0 0 0 0 0 0
PRESSAVG: 2400 0 0 0 0 0 0 0 0 0
GPRESSAVG: 2400 0 0 0 0 0 0 0 0 0
ENERGY:    2400      1078.8673      1676.3530      2072.1440       141.0708            -40.2214      -745.3732         0.0000      2615.4465      2944.8734           9743.1605       295.7054      6798.2870      9765.0505       297.6990

PRESSURE: 2500 0 0 0 0 0 0 0 0 0
GPRESSURE: 2500 0 0 0 0 0 0 0 0 0
PRESSAVG: 2500 0 0 0 0 0 0 0 0 0
GPRESSAVG: 2500 0 0 0 0 0 0 0 0 0
ENERGY:    2500      1082.6828      1712.0805      2067.5151       141.9776            -40.0644      -748.4917         0.0000      2606.4605      2899.4660           9721.6264       291.1459      6822.1604      9741.9782       295.8541

PRESSURE: 2600 0 0 0 0 0 0 0 0 0
GPRESSURE: 2600 0 0 0 0 0 0 0 0 0
PRESSAVG: 2600 0 0 0 0 0 0 0 0 0
GPRESSAVG: 2600 0 0 0 0 0 0 0 0 0
ENERGY:    2600      1065.2675      1704.9583      2078.5869       151.0388            -39.8867      -772.1602         0.0000      2607.4538      2956.2483           9751.5066       296.8476      6795.2583      9777.9693       297.7144

PRESSURE: 2700 0 0 0 0 0 0 0 0 0
GPRESSURE: 2700 0 0 0 0 0 0 0 0 0
PRESSAVG: 2700 0 0 0 0 0 0 0 0 0
GPRESSAVG: 2700 0 0 0 0 0 0 0 0 0
ENERGY:    2700      1112.5112      1695.8824      2078.1521       152.0822            -40.7139      -801.1803         0.0000      2610.8343      3001.1833           9808.7514       301.3597      6807.5681      9833.0606       299.0238

PRESSURE: 2800 0 0 0 0 0 0 0 0 0
GPRESSURE: 2800 0 0 0 0 0 0 0 0 0
PRESSAVG: 2800 0 0 0 0 0 0 0 0 0
GPRESSAVG: 2800 0 0 0 0 0 0 0 0 0
ENERGY:    2800      1098.9247      1700.6947      2076.4246       144.4863            -40.5837      -789.0673         0.0000      2609.9298      3031.2748           9832.0838       304.3813      6800.8090      9857.7036       300.4534

PRESSURE: 2900 0 0 0 0 0 0 0 0 0
GPRESSURE: 2900 0 0 0 0 0 0 0 0 0
PRESSAVG: 2900 0 0 0 0 0 0 0 0 0
GPRESSAVG: 2900 0 0 0 0 0 0 0 0 0
ENERGY:    2900      1071.7117      1741.8879      2104.1481       159.9772            -40.7597      -775.8722         0.0000      2610.9532      3001.7747           9873.8210       301.4191      6872.0463      9898.9050       302.1479

WRITING COORDINATES TO DCD FILE adk-step1.dcd AT STEP 3000
WRITING COORDINATES TO RESTART FILE AT STEP 3000
FINISHED WRITING RESTART COORDINATES
The last position output (seq=3000) takes 0.004 seconds, 1042.625 MB of memory in use
WRITING VELOCITIES TO RESTART FILE AT STEP 3000
FINISHED WRITING RESTART VELOCITIES
The last velocity output (seq=3000) takes 0.003 seconds, 1042.625 MB of memory in use
PRESSURE: 3000 0 0 0 0 0 0 0 0 0
GPRESSURE: 3000 0 0 0 0 0 0 0 0 0
PRESSAVG: 3000 0 0 0 0 0 0 0 0 0
GPRESSAVG: 3000 0 0 0 0 0 0 0 0 0
TIMING: 3000  CPU: 0.749212, 0.000225187/step  Wall: 3.8101, 0.00113941/step, 0.000633008 hours remaining, 1042.625000 MB of memory in use.
ETITLE:      TS           BOND          ANGLE          DIHED          IMPRP               ELECT            VDW       BOUNDARY           MISC        KINETIC               TOTAL           TEMP      POTENTIAL         TOTAL3        TEMPAVG

ENERGY:    3000      1049.5174      1708.0508      2074.0982       162.6019            -40.3461      -759.8049         0.0000      2605.0761      2993.2781           9792.4716       300.5659      6799.1935      9816.6632       301.5252

WRITING EXTENDED SYSTEM TO RESTART FILE AT STEP 3000
PRESSURE: 3100 0 0 0 0 0 0 0 0 0
GPRESSURE: 3100 0 0 0 0 0 0 0 0 0
PRESSAVG: 3100 0 0 0 0 0 0 0 0 0
GPRESSAVG: 3100 0 0 0 0 0 0 0 0 0
ENERGY:    3100      1072.7545      1735.2117      2078.2952       152.8481            -39.7215      -794.7106         0.0000      2614.9709      2950.8402           9770.4883       296.3046      6819.6482      9791.9419       298.1356

PRESSURE: 3200 0 0 0 0 0 0 0 0 0
GPRESSURE: 3200 0 0 0 0 0 0 0 0 0
PRESSAVG: 3200 0 0 0 0 0 0 0 0 0
GPRESSAVG: 3200 0 0 0 0 0 0 0 0 0
ENERGY:    3200      1070.4302      1676.8447      2074.8839       149.8285            -40.4356      -777.7184         0.0000      2611.8326      2968.3305           9733.9966       298.0608      6765.6661      9758.4459       296.6768

PRESSURE: 3300 0 0 0 0 0 0 0 0 0
GPRESSURE: 3300 0 0 0 0 0 0 0 0 0
PRESSAVG: 3300 0 0 0 0 0 0 0 0 0
GPRESSAVG: 3300 0 0 0 0 0 0 0 0 0
ENERGY:    3300      1079.6339      1620.2035      2069.7597       148.0349            -39.7941      -758.5898         0.0000      2604.6311      2994.7449           9718.6241       300.7132      6723.8793      9743.4299       295.5869

PRESSURE: 3400 0 0 0 0 0 0 0 0 0
GPRESSURE: 3400 0 0 0 0 0 0 0 0 0
PRESSAVG: 3400 0 0 0 0 0 0 0 0 0
GPRESSAVG: 3400 0 0 0 0 0 0 0 0 0
ENERGY:    3400      1098.2225      1664.8825      2071.3703       146.0373            -41.1179      -763.0972         0.0000      2609.1989      2915.7461           9701.2425       292.7806      6785.4964      9722.7892       296.0342

PRESSURE: 3500 0 0 0 0 0 0 0 0 0
GPRESSURE: 3500 0 0 0 0 0 0 0 0 0
PRESSAVG: 3500 0 0 0 0 0 0 0 0 0
GPRESSAVG: 3500 0 0 0 0 0 0 0 0 0
ENERGY:    3500      1044.5884      1698.7941      2049.8537       164.4486            -40.4747      -789.5327         0.0000      2608.6182      3000.1383           9736.4339       301.2548      6736.2956      9761.0755       295.9122

PRESSURE: 3600 0 0 0 0 0 0 0 0 0
GPRESSURE: 3600 0 0 0 0 0 0 0 0 0
PRESSAVG: 3600 0 0 0 0 0 0 0 0 0
GPRESSAVG: 3600 0 0 0 0 0 0 0 0 0
ENERGY:    3600      1018.8734      1722.5447      2043.4866       149.0809            -39.6946      -771.8490         0.0000      2602.7257      3007.6240           9732.7918       302.0064      6725.1678      9755.1221       296.7600

PRESSURE: 3700 0 0 0 0 0 0 0 0 0
GPRESSURE: 3700 0 0 0 0 0 0 0 0 0
PRESSAVG: 3700 0 0 0 0 0 0 0 0 0
GPRESSAVG: 3700 0 0 0 0 0 0 0 0 0
ENERGY:    3700      1039.1159      1714.2988      2036.3278       167.0115            -39.7929      -797.3381         0.0000      2602.2430      2995.1668           9717.0327       300.7556      6721.8659      9743.5729       298.7747

PRESSURE: 3800 0 0 0 0 0 0 0 0 0
GPRESSURE: 3800 0 0 0 0 0 0 0 0 0
PRESSAVG: 3800 0 0 0 0 0 0 0 0 0
GPRESSAVG: 3800 0 0 0 0 0 0 0 0 0
ENERGY:    3800      1084.4074      1709.2155      2070.9582       149.9878            -39.0263      -776.6499         0.0000      2608.5853      2914.6974           9722.1754       292.6753      6807.4780      9747.5190       295.7788

PRESSURE: 3900 0 0 0 0 0 0 0 0 0
GPRESSURE: 3900 0 0 0 0 0 0 0 0 0
PRESSAVG: 3900 0 0 0 0 0 0 0 0 0
GPRESSAVG: 3900 0 0 0 0 0 0 0 0 0
ENERGY:    3900      1101.5978      1654.8028      2060.6396       146.0351            -39.0978      -791.6941         0.0000      2605.0231      2956.9069           9694.2135       296.9137      6737.3067      9719.5471       295.0567

WRITING COORDINATES TO DCD FILE adk-step1.dcd AT STEP 4000
WRITING COORDINATES TO RESTART FILE AT STEP 4000
FINISHED WRITING RESTART COORDINATES
The last position output (seq=4000) takes 0.004 seconds, 1042.625 MB of memory in use
WRITING VELOCITIES TO RESTART FILE AT STEP 4000
FINISHED WRITING RESTART VELOCITIES
The last velocity output (seq=4000) takes 0.003 seconds, 1042.625 MB of memory in use
PRESSURE: 4000 0 0 0 0 0 0 0 0 0
GPRESSURE: 4000 0 0 0 0 0 0 0 0 0
PRESSAVG: 4000 0 0 0 0 0 0 0 0 0
GPRESSAVG: 4000 0 0 0 0 0 0 0 0 0
TIMING: 4000  CPU: 0.974238, 0.000225026/step  Wall: 4.94344, 0.00113334/step, 0.000314817 hours remaining, 1042.625000 MB of memory in use.
ETITLE:      TS           BOND          ANGLE          DIHED          IMPRP               ELECT            VDW       BOUNDARY           MISC        KINETIC               TOTAL           TEMP      POTENTIAL         TOTAL3        TEMPAVG

ENERGY:    4000      1124.0551      1687.7933      2062.1839       164.2099            -39.1987      -777.6043         0.0000      2606.6082      2932.6189           9760.6663       294.4749      6828.0474      9784.0238       296.6991

WRITING EXTENDED SYSTEM TO RESTART FILE AT STEP 4000
PRESSURE: 4100 0 0 0 0 0 0 0 0 0
GPRESSURE: 4100 0 0 0 0 0 0 0 0 0
PRESSAVG: 4100 0 0 0 0 0 0 0 0 0
GPRESSAVG: 4100 0 0 0 0 0 0 0 0 0
ENERGY:    4100      1064.0472      1721.4774      2063.5902       156.9568            -39.9358      -770.6125         0.0000      2605.4364      2978.6589           9779.6187       299.0979      6800.9598      9809.0112       299.0609

PRESSURE: 4200 0 0 0 0 0 0 0 0 0
GPRESSURE: 4200 0 0 0 0 0 0 0 0 0
PRESSAVG: 4200 0 0 0 0 0 0 0 0 0
GPRESSAVG: 4200 0 0 0 0 0 0 0 0 0
ENERGY:    4200      1096.0178      1703.8083      2050.5494       140.0021            -39.5980      -757.8548         0.0000      2606.2117      2996.1609           9795.2974       300.8554      6799.1365      9820.1580       299.0348

LDB: ============= START OF LOAD BALANCING ============== 6.90284
LDB: ============== END OF LOAD BALANCING =============== 6.90306
Info: useSync: 1 useProxySync: 0
LDB: =============== DONE WITH MIGRATION ================ 6.90369
PRESSURE: 4300 0 0 0 0 0 0 0 0 0
GPRESSURE: 4300 0 0 0 0 0 0 0 0 0
PRESSAVG: 4300 0 0 0 0 0 0 0 0 0
GPRESSAVG: 4300 0 0 0 0 0 0 0 0 0
ENERGY:    4300      1064.7526      1721.0622      2061.2579       151.3660            -40.2900      -776.4715         0.0000      2608.8936      2987.0304           9777.6011       299.9386      6790.5708      9799.7387       299.2704

LDB: ============= START OF LOAD BALANCING ============== 7.00834
LDB: 265 computes have load of zero
LDB: Largest compute 1584 load 0.008054 is 29.0% of average load 0.027818
LDB: Average compute 0.001109 is 4.0% of average load 0.027818
LDB: TIME 7.01077 LOAD: AVG 0.0278177 MAX 0.0412219  PROXIES: TOTAL 601 MAXPE 12 MAXPATCH 10 None MEM: 1042.62 MB
LDB: TIME 7.01147 LOAD: AVG 0.0278177 MAX 0.0412219  PROXIES: TOTAL 920 MAXPE 14 MAXPATCH 28 RefineTorusLB MEM: 1042.62 MB
LDB: TIME 7.01481 LOAD: AVG 0.0278177 MAX 0.0390685  PROXIES: TOTAL 913 MAXPE 14 MAXPATCH 28 RefineTorusLB MEM: 1042.62 MB
LDB: ============== END OF LOAD BALANCING =============== 7.0159
Info: build node-aware spanning tree with send: 1, recv: 0 with branch factor 4
Info: useSync: 1 useProxySync: 0
LDB: =============== DONE WITH MIGRATION ================ 7.02627
PRESSURE: 4400 0 0 0 0 0 0 0 0 0
GPRESSURE: 4400 0 0 0 0 0 0 0 0 0
PRESSAVG: 4400 0 0 0 0 0 0 0 0 0
GPRESSAVG: 4400 0 0 0 0 0 0 0 0 0
ENERGY:    4400      1109.9299      1706.1606      2100.2341       153.7124            -40.6937      -823.1453         0.0000      2611.0308      3019.3827           9836.6115       303.1872      6817.2287      9861.8933       301.9097

PRESSURE: 4500 0 0 0 0 0 0 0 0 0
GPRESSURE: 4500 0 0 0 0 0 0 0 0 0
PRESSAVG: 4500 0 0 0 0 0 0 0 0 0
GPRESSAVG: 4500 0 0 0 0 0 0 0 0 0
ENERGY:    4500      1115.4557      1675.4552      2073.0373       169.0909            -40.4664      -790.8415         0.0000      2606.7185      3042.6778           9851.1276       305.5263      6808.4497      9882.2496       303.4415

PRESSURE: 4600 0 0 0 0 0 0 0 0 0
GPRESSURE: 4600 0 0 0 0 0 0 0 0 0
PRESSAVG: 4600 0 0 0 0 0 0 0 0 0
GPRESSAVG: 4600 0 0 0 0 0 0 0 0 0
ENERGY:    4600      1113.4858      1685.0749      2084.1443       161.5329            -40.8206      -766.7355         0.0000      2602.3147      3027.9426           9866.9391       304.0467      6838.9965      9892.9291       303.3220

PRESSURE: 4700 0 0 0 0 0 0 0 0 0
GPRESSURE: 4700 0 0 0 0 0 0 0 0 0
PRESSAVG: 4700 0 0 0 0 0 0 0 0 0
GPRESSAVG: 4700 0 0 0 0 0 0 0 0 0
ENERGY:    4700      1119.5116      1704.5805      2093.7100       164.0829            -40.3917      -788.4228         0.0000      2606.6673      2970.8917           9830.6295       298.3180      6859.7377      9852.6326       302.1711

PRESSURE: 4800 0 0 0 0 0 0 0 0 0
GPRESSURE: 4800 0 0 0 0 0 0 0 0 0
PRESSAVG: 4800 0 0 0 0 0 0 0 0 0
GPRESSAVG: 4800 0 0 0 0 0 0 0 0 0
ENERGY:    4800      1092.1573      1697.0892      2072.9516       155.2079            -39.9987      -733.4857         0.0000      2601.1058      2995.1675           9840.1948       300.7556      6845.0273      9864.2977       303.3974

PRESSURE: 4900 0 0 0 0 0 0 0 0 0
GPRESSURE: 4900 0 0 0 0 0 0 0 0 0
PRESSAVG: 4900 0 0 0 0 0 0 0 0 0
GPRESSAVG: 4900 0 0 0 0 0 0 0 0 0
ENERGY:    4900      1115.3898      1716.8438      2087.3094       162.7755            -40.8831      -798.3981         0.0000      2609.6156      3006.2623           9858.9151       301.8697      6852.6528      9878.3357       302.2464

WRITING COORDINATES TO DCD FILE adk-step1.dcd AT STEP 5000
WRITING COORDINATES TO RESTART FILE AT STEP 5000
FINISHED WRITING RESTART COORDINATES
The last position output (seq=5000) takes 0.003 seconds, 1042.625 MB of memory in use
WRITING VELOCITIES TO RESTART FILE AT STEP 5000
FINISHED WRITING RESTART VELOCITIES
The last velocity output (seq=5000) takes 0.002 seconds, 1042.625 MB of memory in use
PRESSURE: 5000 0 0 0 0 0 0 0 0 0
GPRESSURE: 5000 0 0 0 0 0 0 0 0 0
PRESSAVG: 5000 0 0 0 0 0 0 0 0 0
GPRESSAVG: 5000 0 0 0 0 0 0 0 0 0
TIMING: 5000  CPU: 1.21117, 0.000236933/step  Wall: 6.08611, 0.00114267/step, 0 hours remaining, 1042.625000 MB of memory in use.
ETITLE:      TS           BOND          ANGLE          DIHED          IMPRP               ELECT            VDW       BOUNDARY           MISC        KINETIC               TOTAL           TEMP      POTENTIAL         TOTAL3        TEMPAVG

ENERGY:    5000      1079.1787      1725.6272      2110.2992       150.0026            -41.2054      -795.2625         0.0000      2601.5908      2967.0876           9797.3181       297.9360      6830.2305      9819.2976       301.3024

WRITING EXTENDED SYSTEM TO RESTART FILE AT STEP 5000
WRITING EXTENDED SYSTEM TO OUTPUT FILE AT STEP 5000
WRITING COORDINATES TO OUTPUT FILE AT STEP 5000
CLOSING COORDINATE DCD FILE adk-step1.dcd
The last position output (seq=-2) takes 0.004 seconds, 1042.625 MB of memory in use
WRITING VELOCITIES TO OUTPUT FILE AT STEP 5000
====================================================

WallClock: 7.721239  CPUTime: 2.336518  Memory: 1042.625000 MB
[Partition 0][Node 0] End of program
