7_9_cc.dat
/gpfs/alpine/bip115/scratch/hrlee/radical.pilot.sandbox/re.session.login2.hrlee.018634.0000/pilot.0000/staging_area/7_9_cc.dat
7, 9
Choosing optimized barrier algorithm name I0:HybridBinomial:SHMEM:P2P
Converse/Charm++ Commit ID: v6.10.2-0-g7bf00fa-namd-charm-6.10.2-build-2020-Aug-05-556
Warning> Randomization of virtual memory (ASLR) is turned on in the kernel, thread migration may not work! Run 'echo 0 > /proc/sys/kernel/randomize_va_space' as root to disable it, or try running with '+isomalloc_sync'.
CharmLB> Load balancer assumes all CPUs are same.
Charm++> Running on 1 hosts (1 sockets x 7 cores x 4 PUs = 28-way SMP)
Charm++> cpu topology info is gathered in 0.002 seconds.
Info: Built with CUDA version 10010
Did not find +devices i,j,k,... argument, using all
Pe 2 physical rank 2 will use CUDA device of pe 4
Pe 17 physical rank 17 will use CUDA device of pe 14
Pe 33 physical rank 33 will use CUDA device of pe 28
Pe 37 physical rank 37 will use CUDA device of pe 35
Pe 26 physical rank 26 will use CUDA device of pe 21
Pe 12 physical rank 12 will use CUDA device of pe 7
Pe 16 physical rank 16 will use CUDA device of pe 14
Pe 30 physical rank 30 will use CUDA device of pe 28
Pe 40 physical rank 40 will use CUDA device of pe 35
Pe 27 physical rank 27 will use CUDA device of pe 21
Pe 11 physical rank 11 will use CUDA device of pe 7
Pe 3 physical rank 3 will use CUDA device of pe 4
Pe 20 physical rank 20 will use CUDA device of pe 14
Pe 32 physical rank 32 will use CUDA device of pe 28
Pe 38 physical rank 38 will use CUDA device of pe 35
Pe 24 physical rank 24 will use CUDA device of pe 21
Pe 8 physical rank 8 will use CUDA device of pe 7
Pe 1 physical rank 1 will use CUDA device of pe 4
Pe 18 physical rank 18 will use CUDA device of pe 14
Pe 31 physical rank 31 will use CUDA device of pe 28
Pe 39 physical rank 39 will use CUDA device of pe 35
Pe 23 physical rank 23 will use CUDA device of pe 21
Pe 13 physical rank 13 will use CUDA device of pe 7
Pe 5 physical rank 5 will use CUDA device of pe 4
Pe 19 physical rank 19 will use CUDA device of pe 14
Pe 34 physical rank 34 will use CUDA device of pe 28
Pe 41 physical rank 41 will use CUDA device of pe 35
Pe 22 physical rank 22 will use CUDA device of pe 21
Pe 9 physical rank 9 will use CUDA device of pe 7
Pe 6 physical rank 6 will use CUDA device of pe 4
Pe 15 physical rank 15 will use CUDA device of pe 14
Pe 29 physical rank 29 will use CUDA device of pe 28
Pe 36 physical rank 36 will use CUDA device of pe 35
Pe 25 physical rank 25 will use CUDA device of pe 21
Pe 10 physical rank 10 will use CUDA device of pe 7
Pe 0 physical rank 0 will use CUDA device of pe 4
Pe 7 physical rank 7 binding to CUDA device 0 on h14n12: 'Tesla V100-SXM2-16GB'  Mem: 16128MB  Rev: 7.0  PCI: 4:5:0
Pe 4 physical rank 4 binding to CUDA device 0 on h14n12: 'Tesla V100-SXM2-16GB'  Mem: 16128MB  Rev: 7.0  PCI: 4:4:0
Pe 14 physical rank 14 binding to CUDA device 0 on h14n12: 'Tesla V100-SXM2-16GB'  Mem: 16128MB  Rev: 7.0  PCI: 4:6:0
Pe 28 physical rank 28 binding to CUDA device 0 on h14n12: 'Tesla V100-SXM2-16GB'  Mem: 16128MB  Rev: 7.0  PCI: 35:4:0
Pe 35 physical rank 35 binding to CUDA device 0 on h14n12: 'Tesla V100-SXM2-16GB'  Mem: 16128MB  Rev: 7.0  PCI: 35:5:0
Pe 21 physical rank 21 binding to CUDA device 0 on h14n12: 'Tesla V100-SXM2-16GB'  Mem: 16128MB  Rev: 7.0  PCI: 35:3:0
Info: NAMD 2.14 for Linux-POWER-pami-smp-Summit-CUDA
Info: 
Info: Please visit http://www.ks.uiuc.edu/Research/namd/
Info: for updates, documentation, and support information.
Info: 
Info: Please cite Phillips et al., J. Chem. Phys. 153:044130 (2020) doi:10.1063/5.0014475
Info: in all publications reporting results obtained with NAMD.
Info: 
Info: Based on Charm++/Converse 61002 for pami-linux-ppc64le-smp
Info: Built Wed Aug 5 14:28:51 EDT 2020 by jimp on login2
Info: 1 NAMD  2.14  Linux-POWER-pami-smp-Summit-CUDA  42    h14n12  hrlee
Info: Running on 42 processors, 6 nodes, 1 physical nodes.
Info: CPU topology information available.
Info: Charm++/Converse parallel runtime startup completed at 1.30941 s
CkLoopLib is used in SMP with simple dynamic scheduling (converse-level notification)
Info: 791.75 MB of memory in use based on /proc/self/stat
Info: Configuration file is adk-step1.namd
Info: Working in the current directory /gpfs/alpine/bip115/scratch/hrlee/radical.pilot.sandbox/re.session.login2.hrlee.018634.0000/pilot.0000/unit.000694
TCL: Suspending until startup complete.
Info: SIMULATION PARAMETERS:
Info: TIMESTEP               1
Info: NUMBER OF STEPS        0
Info: STEPS PER CYCLE        20
Info: LOAD BALANCER  Centralized
Info: LOAD BALANCING STRATEGY  New Load Balancers -- DEFAULT
Info: LDB PERIOD             4000 steps
Info: FIRST LDB TIMESTEP     100
Info: LAST LDB TIMESTEP     -1
Info: LDB BACKGROUND SCALING 1
Info: HOM BACKGROUND SCALING 1
Info: MIN ATOMS PER PATCH    40
Info: VELOCITY FILE          7_9_adk-step1.restart.vel
Info: CENTER OF MASS MOVING INITIALLY? NO
Info: DIELECTRIC             80
Info: EXCLUDE                SCALED ONE-FOUR
Info: 1-4 ELECTROSTATICS SCALED BY 1
Info: MODIFIED 1-4 VDW PARAMETERS WILL BE USED
Info: DCD FILENAME           adk-step1.dcd
Info: DCD FREQUENCY          1000
Info: DCD FIRST STEP         1000
Info: NO EXTENDED SYSTEM TRAJECTORY OUTPUT
Info: NO VELOCITY DCD OUTPUT
Info: NO FORCE DCD OUTPUT
Info: OUTPUT FILENAME        adk-step1
Info: BINARY OUTPUT FILES WILL BE USED
Info: RESTART FILENAME       adk-step1.restart
Info: RESTART FREQUENCY      1000
Info: BINARY RESTART FILES WILL BE USED
Info: SWITCHING ACTIVE
Info: SWITCHING ON           9
Info: SWITCHING OFF          10
Info: PAIRLIST DISTANCE      11
Info: PAIRLIST SHRINK RATE   0.01
Info: PAIRLIST GROW RATE     0.01
Info: PAIRLIST TRIGGER       0.3
Info: PAIRLISTS PER CYCLE    2
Info: PAIRLISTS ENABLED
Info: MARGIN                 0
Info: HYDROGEN GROUP CUTOFF  2.5
Info: PATCH DIMENSION        13.5
Info: ENERGY OUTPUT STEPS    100
Info: CROSSTERM ENERGY INCLUDED IN DIHEDRAL
Info: TIMING OUTPUT STEPS    1000
Info: PRESSURE OUTPUT STEPS  100
Info: GRID FORCE ACTIVE
Info:  Please include this reference in published work using
Info:  the Gridforce module of NAMD: David Wells, Volha Abramkina,
Info:  and Aleksei Aksimentiev, J. Chem. Phys. 127:125101-10 (2007).
Info: MGRIDFORCE key 0
Info:            Potfile 4ake-target_autopsf-grid.dx
Info:            Scale 0.3 0.3 0.3
Info:            File 1ake-docked-noh_autopsf-grid.pdb
Info:            Col O
Info:            ChargeCol B
Info:            VOffset 0 0 0
Info:            Continuous K1 FALSE
Info:            Continuous K2 FALSE
Info:            Continuous K3 FALSE
Info:            Volts FALSE
Info:            Gridforce-Lite FALSE
Info:            Gridforce-CheckSize TRUE
Info: LANGEVIN DYNAMICS ACTIVE
Info: LANGEVIN TEMPERATURE   300
Info: LANGEVIN USING BBK INTEGRATOR
Info: LANGEVIN DAMPING COEFFICIENT IS 5 INVERSE PS
Info: LANGEVIN DYNAMICS NOT APPLIED TO HYDROGENS
Info: USING VERLET I (r-RESPA) MTS SCHEME.
Info: C1 SPLITTING OF LONG RANGE ELECTROSTATICS
Info: PLACING ATOMS IN PATCHES BY HYDROGEN GROUPS
Info: RIGID BONDS TO HYDROGEN : WATER
Info:         ERROR TOLERANCE : 1e-08
Info:          MAX ITERATIONS : 100
Info: RIGID WATER USING SETTLE ALGORITHM
Info: NONBONDED FORCES EVALUATED EVERY 2 STEPS
Info: RANDOM NUMBER SEED     1609984331
Info: USE HYDROGEN BONDS?    NO
Info: COORDINATE PDB         1ake-docked-noh_autopsf.pdb
Info: STRUCTURE FILE         1ake-docked-noh_autopsf.psf
Info: PARAMETER file: CHARMM format! 
Info: PARAMETERS             par_all36_prot.prm
Info: USING ARITHMETIC MEAN TO COMBINE L-J SIGMA PARAMETERS
Info: BINARY COORDINATES     7_9_adk-step1.restart.coor
Info: SUMMARY OF PARAMETERS:
Info: 132 BONDS
Info: 362 ANGLES
Info: 702 DIHEDRAL
Info: 35 IMPROPER
Info: 6 CROSSTERM
Info: 53 VDW
Info: 0 VDW_PAIRS
Info: 0 NBTHOLE_PAIRS
Info: TIME FOR READING PSF FILE: 0.297277
Info: READING EXTRA BONDS FILE 1ake-extrabonds.txt
Info: READING EXTRA BONDS FILE 1ake-extrabonds-cispeptide.txt
Info: READING EXTRA BONDS FILE 1ake-extrabonds-chirality.txt
Info: READ 80 EXTRA BONDS
Info: READ 80 EXTRA ANGLES
Warning: EXTRA ANGLES ARE COSINE-BASED BY DEFAULT TO MATCH PREVIOUS VERSIONS
Warning: FOR NORMAL HARMONIC EXTRA ANGLES SET extraBondsCosAngles off
Info: READ 493 EXTRA DIHEDRALS
Info: READ 438 EXTRA IMPROPERS
Info: Reading pdb file 1ake-docked-noh_autopsf.pdb
Info: TIME FOR READING PDB FILE: 0.0120586
Info: 
Info: ****************************
Info: STRUCTURE SUMMARY:
Info: 3341 ATOMS
Info: 3445 BONDS
Info: 6203 ANGLES
Info: 9414 DIHEDRALS
Info: 1005 IMPROPERS
Info: 212 CROSSTERMS
Info: 0 EXCLUSIONS
Info: 0 RIGID BONDS
Info: 1 GRIDS ACTIVE
Info: 10023 DEGREES OF FREEDOM
Info: 1656 HYDROGEN GROUPS
Info: 4 ATOMS IN LARGEST HYDROGEN GROUP
Info: 1656 MIGRATION GROUPS
Info: 4 ATOMS IN LARGEST MIGRATION GROUP
Info: TOTAL MASS = 23582 amu
Info: TOTAL CHARGE = -4 e
Info: *****************************
Info: Reading from binary file 7_9_adk-step1.restart.coor
Info: 
Info: Entering startup at 2.04235 s, 799.75 MB of memory in use
Info: Startup phase 0 took 0.000215511 s, 799.875 MB of memory in use
Info: ADDED 18308 IMPLICIT EXCLUSIONS
Info: Startup phase 1 took 0.00831484 s, 800 MB of memory in use
Info: NONBONDED TABLE R-SQUARED SPACING: 0.0625
Info: NONBONDED TABLE SIZE: 705 POINTS
Info: ABSOLUTE IMPRECISION IN FAST TABLE ENERGY: 3.38813e-21 AT 9.89634
Info: RELATIVE IMPRECISION IN FAST TABLE ENERGY: 4.23384e-15 AT 9.94673
Info: ABSOLUTE IMPRECISION IN FAST TABLE FORCE: 6.35275e-22 AT 9.94673
Info: RELATIVE IMPRECISION IN FAST TABLE FORCE: 5.07982e-16 AT 9.94673
Info: INCONSISTENCY IN FAST TABLE ENERGY VS FORCE: 0.000290185 AT 0.251946
Info: ABSOLUTE IMPRECISION IN VDWA TABLE ENERGY: 1.57772e-30 AT 9.89634
Info: RELATIVE IMPRECISION IN VDWA TABLE ENERGY: 4.54938e-15 AT 9.94673
Info: ABSOLUTE IMPRECISION IN VDWA TABLE FORCE: 5.91646e-31 AT 9.94673
Info: RELATIVE IMPRECISION IN VDWA TABLE FORCE: 5.6823e-16 AT 9.94673
Info: INCONSISTENCY IN VDWA TABLE ENERGY VS FORCE: 0.0040507 AT 0.251946
Info: ABSOLUTE IMPRECISION IN VDWB TABLE ENERGY: 4.71751e-25 AT 9.94673
Info: RELATIVE IMPRECISION IN VDWB TABLE ENERGY: 1.45371e-14 AT 9.94673
Info: ABSOLUTE IMPRECISION IN VDWB TABLE FORCE: 6.20385e-25 AT 9.94673
Info: RELATIVE IMPRECISION IN VDWB TABLE FORCE: 5.97512e-16 AT 9.94673
Info: INCONSISTENCY IN VDWB TABLE ENERGY VS FORCE: 0.00377068 AT 9.07951
Info: Startup phase 2 took 0.000469537 s, 801 MB of memory in use
Info: Startup phase 3 took 0.000158561 s, 801.062 MB of memory in use
Info: Startup phase 4 took 0.00026488 s, 801.188 MB of memory in use
Info: Startup phase 5 took 0.000149048 s, 801.188 MB of memory in use
Info: ORIGINAL ATOMS MINMAX IS -20.1014 -33.3252 -37.1417  17.0636 26.1449 16.456
Info: ADJUSTED ATOMS MINMAX IS -15.6886 -28.0979 -32.8422  11.3711 15.6902 9.20895
Info: PATCH GRID IS 3 BY 4 BY 4
Info: PATCH GRID IS 1-AWAY BY 1-AWAY BY 1-AWAY
Info: Reading from binary file 7_9_adk-step1.restart.vel
Info: REMOVING COM VELOCITY 0.17373 0.0617315 -0.234659
Info: LARGEST PATCH (16) HAS 224 ATOMS
Info: TORUS A SIZE 1 USING 0
Info: TORUS B SIZE 1 USING 0
Info: TORUS C SIZE 1 USING 0
Info: TORUS MINIMAL MESH SIZE IS 1 BY 1 BY 1
Info: Placed 100% of base nodes on same physical node as patch
Info: Startup phase 6 took 0.00711306 s, 801.25 MB of memory in use
Info: Startup phase 7 took 0.000155059 s, 802 MB of memory in use
Info: Updated CUDA force table with 4096 elements.
Info: Updated CUDA force table with 4096 elements.
Info: Updated CUDA LJ table with 53 x 53 elements.
Info: Updated CUDA LJ table with 53 x 53 elements.
Info: Updated CUDA force table with 4096 elements.
Info: Updated CUDA force table with 4096 elements.
Info: Updated CUDA LJ table with 53 x 53 elements.
Info: Updated CUDA LJ table with 53 x 53 elements.
Info: Updated CUDA force table with 4096 elements.
Info: Updated CUDA LJ table with 53 x 53 elements.
Info: Updated CUDA force table with 4096 elements.
Info: Updated CUDA LJ table with 53 x 53 elements.
Info: Startup phase 8 took 0.00309804 s, 802.25 MB of memory in use
Info: Startup phase 9 took 0.000322443 s, 802.438 MB of memory in use
Info: Startup phase 10 took 0.000158511 s, 802.562 MB of memory in use
Info: Startup phase 11 took 0.000972819 s, 802.812 MB of memory in use
LDB: Central LB being created...
Info: Startup phase 12 took 0.00206694 s, 803.812 MB of memory in use
Info: CREATING 1046 COMPUTE OBJECTS
Info: Found 278 unique exclusion lists needing 900 bytes
Info: Found 278 unique exclusion lists needing 900 bytes
Info: Found 278 unique exclusion lists needing 900 bytes
Info: Found 278 unique exclusion lists needing 900 bytes
Info: Found 278 unique exclusion lists needing 900 bytes
Info: Found 278 unique exclusion lists needing 900 bytes
Info: Startup phase 13 took 0.0147621 s, 804.75 MB of memory in use
Info: Building spanning tree ... send: 1 recv: 0 with branch factor 4
Info: useSync: 0 useProxySync: 0
Info: Startup phase 14 took 0.000186446 s, 804.938 MB of memory in use
Info: Startup phase 15 took 0.000200483 s, 804.938 MB of memory in use
Info: Finished startup at 2.08096 s, 805.062 MB of memory in use

TCL: Running for 5000 steps
PRESSURE: 0 0 0 0 0 0 0 0 0 0
GPRESSURE: 0 0 0 0 0 0 0 0 0 0
ETITLE:      TS           BOND          ANGLE          DIHED          IMPRP               ELECT            VDW       BOUNDARY           MISC        KINETIC               TOTAL           TEMP      POTENTIAL         TOTAL3        TEMPAVG

ENERGY:       0      1082.2065      1688.7863      2089.2390       147.7997            -43.6414      -772.1561         0.0000      2414.1900      2984.5324           9590.9565       299.6877      6606.4240      9615.0877       299.6877

LDB: ============= START OF LOAD BALANCING ============== 2.09491
LDB: ============== END OF LOAD BALANCING =============== 2.09496
Info: useSync: 0 useProxySync: 0
LDB: =============== DONE WITH MIGRATION ================ 2.09505
LDB: ============= START OF LOAD BALANCING ============== 2.14199
LDB: Partitioning computes with target load 0.000000
LDB: Increased migratable compute count from 0 to 0
LDB: Largest unpartitionable compute is 0.000000
LDB: ============== END OF LOAD BALANCING =============== 2.14224
Info: build node-aware spanning tree with send: 1, recv: 0 with branch factor 4
Info: useSync: 0 useProxySync: 0
LDB: =============== DONE WITH MIGRATION ================ 2.14289
PRESSURE: 100 0 0 0 0 0 0 0 0 0
GPRESSURE: 100 0 0 0 0 0 0 0 0 0
PRESSAVG: 100 0 0 0 0 0 0 0 0 0
GPRESSAVG: 100 0 0 0 0 0 0 0 0 0
Info: Initial time: 42 CPUs 0.000585898 s/step 0.00678123 days/ns 820.312 MB memory
ENERGY:     100      1059.3814      1742.5228      2092.5636       153.9263            -43.0187      -792.6776         0.0000      2410.6010      2987.4657           9610.7645       299.9823      6623.2987      9636.6214       298.0013

LDB: ============= START OF LOAD BALANCING ============== 2.1543
LDB: ============== END OF LOAD BALANCING =============== 2.15433
Info: useSync: 0 useProxySync: 0
LDB: =============== DONE WITH MIGRATION ================ 2.15441
LDB: ============= START OF LOAD BALANCING ============== 2.20088
LDB: TIME 2.20111 LOAD: AVG 0.0119276 MAX 0.0292202  PROXIES: TOTAL 185 MAXPE 10 MAXPATCH 7 None MEM: 824.25 MB
LDB: TIME 2.2013 LOAD: AVG 0.0119276 MAX 0.0292202  PROXIES: TOTAL 185 MAXPE 10 MAXPATCH 7 TorusLB MEM: 824.375 MB
LDB: ============== END OF LOAD BALANCING =============== 2.20154
Info: build node-aware spanning tree with send: 1, recv: 0 with branch factor 4
Info: useSync: 0 useProxySync: 0
LDB: =============== DONE WITH MIGRATION ================ 2.20224
PRESSURE: 200 0 0 0 0 0 0 0 0 0
GPRESSURE: 200 0 0 0 0 0 0 0 0 0
PRESSAVG: 200 0 0 0 0 0 0 0 0 0
GPRESSAVG: 200 0 0 0 0 0 0 0 0 0
Info: Initial time: 42 CPUs 0.000578869 s/step 0.00669988 days/ns 824.375 MB memory
ENERGY:     200      1082.9691      1678.4822      2097.9238       142.3043            -42.4112      -795.2920         0.0000      2412.0030      2999.5626           9575.5418       301.1970      6575.9792      9600.1449       299.1795

LDB: ============= START OF LOAD BALANCING ============== 2.26113
LDB: TIME 2.26134 LOAD: AVG 0.0146246 MAX 0.03683  PROXIES: TOTAL 185 MAXPE 10 MAXPATCH 7 None MEM: 825.625 MB
LDB: TIME 2.26147 LOAD: AVG 0.0146246 MAX 0.03683  PROXIES: TOTAL 185 MAXPE 10 MAXPATCH 7 RefineTorusLB MEM: 825.625 MB
LDB: TIME 2.2616 LOAD: AVG 0.0146246 MAX 0.03683  PROXIES: TOTAL 185 MAXPE 10 MAXPATCH 7 RefineTorusLB MEM: 825.625 MB
LDB: ============== END OF LOAD BALANCING =============== 2.26184
Info: build node-aware spanning tree with send: 1, recv: 0 with branch factor 4
Info: useSync: 0 useProxySync: 0
LDB: =============== DONE WITH MIGRATION ================ 2.26247
PRESSURE: 300 0 0 0 0 0 0 0 0 0
GPRESSURE: 300 0 0 0 0 0 0 0 0 0
PRESSAVG: 300 0 0 0 0 0 0 0 0 0
GPRESSAVG: 300 0 0 0 0 0 0 0 0 0
Info: Initial time: 42 CPUs 0.000587077 s/step 0.00679487 days/ns 825.625 MB memory
ENERGY:     300      1099.8975      1716.1155      2108.8028       148.2859            -43.2906      -760.9866         0.0000      2413.8395      2984.9463           9667.6102       299.7293      6682.6639      9689.5310       299.4564

LDB: ============= START OF LOAD BALANCING ============== 2.32126
LDB: TIME 2.32149 LOAD: AVG 0.0146239 MAX 0.0371717  PROXIES: TOTAL 185 MAXPE 10 MAXPATCH 7 None MEM: 826.5 MB
LDB: TIME 2.32165 LOAD: AVG 0.0146239 MAX 0.0371717  PROXIES: TOTAL 185 MAXPE 10 MAXPATCH 7 RefineTorusLB MEM: 826.5 MB
LDB: TIME 2.32179 LOAD: AVG 0.0146239 MAX 0.0371717  PROXIES: TOTAL 185 MAXPE 10 MAXPATCH 7 RefineTorusLB MEM: 826.5 MB
LDB: Reverting to original mapping
LDB: ============== END OF LOAD BALANCING =============== 2.32203
Info: build node-aware spanning tree with send: 1, recv: 0 with branch factor 4
Info: useSync: 0 useProxySync: 0
LDB: =============== DONE WITH MIGRATION ================ 2.32267
PRESSURE: 400 0 0 0 0 0 0 0 0 0
GPRESSURE: 400 0 0 0 0 0 0 0 0 0
PRESSAVG: 400 0 0 0 0 0 0 0 0 0
GPRESSAVG: 400 0 0 0 0 0 0 0 0 0
Info: Benchmark time: 42 CPUs 0.000587394 s/step 0.00679854 days/ns 826.5 MB memory
ENERGY:     400      1125.9691      1686.6973      2101.7674       159.7809            -43.3576      -751.0912         0.0000      2414.0045      2909.6027           9603.3731       292.1638      6693.7704      9625.9456       300.0024

PRESSURE: 500 0 0 0 0 0 0 0 0 0
GPRESSURE: 500 0 0 0 0 0 0 0 0 0
PRESSAVG: 500 0 0 0 0 0 0 0 0 0
GPRESSAVG: 500 0 0 0 0 0 0 0 0 0
Info: Benchmark time: 42 CPUs 0.000598631 s/step 0.0069286 days/ns 827.375 MB memory
ENERGY:     500      1104.4875      1707.7125      2085.1210       162.1805            -42.7150      -789.0602         0.0000      2419.8729      2959.8731           9607.4723       297.2116      6647.5992      9631.7360       296.5088

PRESSURE: 600 0 0 0 0 0 0 0 0 0
GPRESSURE: 600 0 0 0 0 0 0 0 0 0
PRESSAVG: 600 0 0 0 0 0 0 0 0 0
GPRESSAVG: 600 0 0 0 0 0 0 0 0 0
Info: Benchmark time: 42 CPUs 0.000590239 s/step 0.00683147 days/ns 827.375 MB memory
ENERGY:     600      1088.1419      1672.6173      2092.5721       158.3669            -42.2994      -763.7164         0.0000      2416.7005      2954.5998           9576.9826       296.6821      6622.3828      9604.7551       298.1059

PRESSURE: 700 0 0 0 0 0 0 0 0 0
GPRESSURE: 700 0 0 0 0 0 0 0 0 0
PRESSAVG: 700 0 0 0 0 0 0 0 0 0
GPRESSAVG: 700 0 0 0 0 0 0 0 0 0
Info: Benchmark time: 42 CPUs 0.000580118 s/step 0.00671433 days/ns 827.375 MB memory
ENERGY:     700      1103.6332      1715.0362      2114.2428       158.5840            -41.5119      -800.4137         0.0000      2422.2130      2930.4108           9602.1943       294.2532      6671.7835      9624.4964       297.1337

PRESSURE: 800 0 0 0 0 0 0 0 0 0
GPRESSURE: 800 0 0 0 0 0 0 0 0 0
PRESSAVG: 800 0 0 0 0 0 0 0 0 0
GPRESSAVG: 800 0 0 0 0 0 0 0 0 0
Info: Benchmark time: 42 CPUs 0.000581097 s/step 0.00672566 days/ns 827.375 MB memory
ENERGY:     800      1056.8139      1670.0220      2086.9778       146.9272            -41.3609      -760.3287         0.0000      2423.7574      2918.9120           9501.7207       293.0985      6582.8087      9522.6687       295.9331

PRESSURE: 900 0 0 0 0 0 0 0 0 0
GPRESSURE: 900 0 0 0 0 0 0 0 0 0
PRESSAVG: 900 0 0 0 0 0 0 0 0 0
GPRESSAVG: 900 0 0 0 0 0 0 0 0 0
Info: Benchmark time: 42 CPUs 0.000574527 s/step 0.00664962 days/ns 827.375 MB memory
ENERGY:     900      1084.6261      1719.0825      2052.6644       153.1448            -42.1390      -828.3673         0.0000      2422.4939      2950.6079           9512.1133       296.2812      6561.5054      9537.9188       292.6323

PRESSURE: 1000 0 0 0 0 0 0 0 0 0
GPRESSURE: 1000 0 0 0 0 0 0 0 0 0
PRESSAVG: 1000 0 0 0 0 0 0 0 0 0
GPRESSAVG: 1000 0 0 0 0 0 0 0 0 0
TIMING: 1000  CPU: 0.609205, 0.000592/step  Wall: 0.610198, 0.000591618/step, 0.000657353 hours remaining, 827.375000 MB of memory in use.
ETITLE:      TS           BOND          ANGLE          DIHED          IMPRP               ELECT            VDW       BOUNDARY           MISC        KINETIC               TOTAL           TEMP      POTENTIAL         TOTAL3        TEMPAVG

ENERGY:    1000      1073.1715      1709.0901      2075.1124       156.9732            -41.7493      -787.4438         0.0000      2419.9588      2930.7541           9535.8670       294.2876      6605.1129      9557.4751       295.3707

WRITING EXTENDED SYSTEM TO RESTART FILE AT STEP 1000
OPENING COORDINATE DCD FILE
WRITING COORDINATES TO DCD FILE adk-step1.dcd AT STEP 1000
WRITING COORDINATES TO RESTART FILE AT STEP 1000
FINISHED WRITING RESTART COORDINATES
The last position output (seq=1000) takes 0.004 seconds, 827.500 MB of memory in use
WRITING VELOCITIES TO RESTART FILE AT STEP 1000
FINISHED WRITING RESTART VELOCITIES
The last velocity output (seq=1000) takes 0.002 seconds, 827.562 MB of memory in use
PRESSURE: 1100 0 0 0 0 0 0 0 0 0
GPRESSURE: 1100 0 0 0 0 0 0 0 0 0
PRESSAVG: 1100 0 0 0 0 0 0 0 0 0
GPRESSAVG: 1100 0 0 0 0 0 0 0 0 0
ENERGY:    1100      1047.3867      1691.8488      2098.3423       149.1329            -41.2914      -788.1412         0.0000      2425.5600      2936.3981           9519.2362       294.8544      6582.8381      9542.8260       295.1125

PRESSURE: 1200 0 0 0 0 0 0 0 0 0
GPRESSURE: 1200 0 0 0 0 0 0 0 0 0
PRESSAVG: 1200 0 0 0 0 0 0 0 0 0
GPRESSAVG: 1200 0 0 0 0 0 0 0 0 0
ENERGY:    1200      1027.4076      1688.5158      2086.3161       140.3913            -41.0527      -786.9131         0.0000      2432.3308      2950.4661           9497.4620       296.2670      6546.9959      9521.1469       293.8797

PRESSURE: 1300 0 0 0 0 0 0 0 0 0
GPRESSURE: 1300 0 0 0 0 0 0 0 0 0
PRESSAVG: 1300 0 0 0 0 0 0 0 0 0
GPRESSAVG: 1300 0 0 0 0 0 0 0 0 0
ENERGY:    1300      1056.0102      1664.6962      2103.3318       153.1834            -40.8686      -775.9456         0.0000      2436.1974      2885.2640           9481.8687       289.7198      6596.6046      9500.6743       292.9652

PRESSURE: 1400 0 0 0 0 0 0 0 0 0
GPRESSURE: 1400 0 0 0 0 0 0 0 0 0
PRESSAVG: 1400 0 0 0 0 0 0 0 0 0
GPRESSAVG: 1400 0 0 0 0 0 0 0 0 0
ENERGY:    1400      1050.9798      1723.3673      2092.5509       145.3611            -41.3053      -823.4424         0.0000      2444.5428      2910.1661           9502.2204       292.2203      6592.0542      9525.6937       293.7915

PRESSURE: 1500 0 0 0 0 0 0 0 0 0
GPRESSURE: 1500 0 0 0 0 0 0 0 0 0
PRESSAVG: 1500 0 0 0 0 0 0 0 0 0
GPRESSAVG: 1500 0 0 0 0 0 0 0 0 0
ENERGY:    1500      1044.0276      1706.6591      2086.3883       142.1119            -42.5293      -803.2570         0.0000      2434.8099      2909.4203           9477.6309       292.1454      6568.2106      9501.5527       292.2316

PRESSURE: 1600 0 0 0 0 0 0 0 0 0
GPRESSURE: 1600 0 0 0 0 0 0 0 0 0
PRESSAVG: 1600 0 0 0 0 0 0 0 0 0
GPRESSAVG: 1600 0 0 0 0 0 0 0 0 0
ENERGY:    1600      1040.4664      1690.9523      2114.6602       142.6967            -42.8758      -794.3300         0.0000      2431.8329      2927.5398           9510.9423       293.9649      6583.4025      9536.1664       292.9098

PRESSURE: 1700 0 0 0 0 0 0 0 0 0
GPRESSURE: 1700 0 0 0 0 0 0 0 0 0
PRESSAVG: 1700 0 0 0 0 0 0 0 0 0
GPRESSAVG: 1700 0 0 0 0 0 0 0 0 0
ENERGY:    1700      1057.9933      1648.3755      2091.4728       162.6498            -42.3194      -769.6105         0.0000      2432.5403      2931.0662           9512.1680       294.3190      6581.1018      9534.8989       294.8754

PRESSURE: 1800 0 0 0 0 0 0 0 0 0
GPRESSURE: 1800 0 0 0 0 0 0 0 0 0
PRESSAVG: 1800 0 0 0 0 0 0 0 0 0
GPRESSAVG: 1800 0 0 0 0 0 0 0 0 0
ENERGY:    1800      1061.5624      1661.4565      2060.7630       158.1677            -42.2274      -762.0281         0.0000      2434.1317      2908.7211           9480.5470       292.0752      6571.8258      9503.2147       294.1413

PRESSURE: 1900 0 0 0 0 0 0 0 0 0
GPRESSURE: 1900 0 0 0 0 0 0 0 0 0
PRESSAVG: 1900 0 0 0 0 0 0 0 0 0
GPRESSAVG: 1900 0 0 0 0 0 0 0 0 0
ENERGY:    1900      1100.7983      1670.5824      2056.6972       153.6213            -43.1404      -786.8073         0.0000      2432.5155      2961.5738           9545.8408       297.3824      6584.2670      9570.7187       296.0204

PRESSURE: 2000 0 0 0 0 0 0 0 0 0
GPRESSURE: 2000 0 0 0 0 0 0 0 0 0
PRESSAVG: 2000 0 0 0 0 0 0 0 0 0
GPRESSAVG: 2000 0 0 0 0 0 0 0 0 0
TIMING: 2000  CPU: 1.15517, 0.000545964/step  Wall: 1.16292, 0.00055272/step, 0.0004606 hours remaining, 827.562500 MB of memory in use.
ETITLE:      TS           BOND          ANGLE          DIHED          IMPRP               ELECT            VDW       BOUNDARY           MISC        KINETIC               TOTAL           TEMP      POTENTIAL         TOTAL3        TEMPAVG

ENERGY:    2000      1092.6008      1646.0381      2090.3402       146.0082            -43.4218      -794.4711         0.0000      2424.9555      2961.9856           9524.0355       297.4237      6562.0499      9547.0989       293.7966

WRITING EXTENDED SYSTEM TO RESTART FILE AT STEP 2000
WRITING COORDINATES TO DCD FILE adk-step1.dcd AT STEP 2000
WRITING COORDINATES TO RESTART FILE AT STEP 2000
FINISHED WRITING RESTART COORDINATES
The last position output (seq=2000) takes 0.002 seconds, 827.688 MB of memory in use
WRITING VELOCITIES TO RESTART FILE AT STEP 2000
FINISHED WRITING RESTART VELOCITIES
The last velocity output (seq=2000) takes 0.002 seconds, 827.688 MB of memory in use
PRESSURE: 2100 0 0 0 0 0 0 0 0 0
GPRESSURE: 2100 0 0 0 0 0 0 0 0 0
PRESSAVG: 2100 0 0 0 0 0 0 0 0 0
GPRESSAVG: 2100 0 0 0 0 0 0 0 0 0
ENERGY:    2100      1088.6538      1664.2343      2091.7802       164.9273            -42.7237      -778.6141         0.0000      2425.5904      2936.0368           9549.8850       294.8181      6613.8481      9577.5652       295.1199

PRESSURE: 2200 0 0 0 0 0 0 0 0 0
GPRESSURE: 2200 0 0 0 0 0 0 0 0 0
PRESSAVG: 2200 0 0 0 0 0 0 0 0 0
GPRESSAVG: 2200 0 0 0 0 0 0 0 0 0
ENERGY:    2200      1071.4369      1690.3182      2091.9126       156.0261            -42.5639      -765.3174         0.0000      2421.4759      2950.0673           9573.3556       296.2270      6623.2883      9594.8413       296.9065

PRESSURE: 2300 0 0 0 0 0 0 0 0 0
GPRESSURE: 2300 0 0 0 0 0 0 0 0 0
PRESSAVG: 2300 0 0 0 0 0 0 0 0 0
GPRESSAVG: 2300 0 0 0 0 0 0 0 0 0
ENERGY:    2300      1071.7988      1676.3709      2088.4330       162.7805            -43.1086      -790.2505         0.0000      2410.5915      2998.7389           9575.3544       301.1142      6576.6155      9598.4018       296.4604

PRESSURE: 2400 0 0 0 0 0 0 0 0 0
GPRESSURE: 2400 0 0 0 0 0 0 0 0 0
PRESSAVG: 2400 0 0 0 0 0 0 0 0 0
GPRESSAVG: 2400 0 0 0 0 0 0 0 0 0
ENERGY:    2400      1109.1617      1691.5663      2078.4077       152.7294            -41.8492      -813.3669         0.0000      2407.1606      2974.6224           9558.4321       298.6926      6583.8097      9581.3180       298.6989

PRESSURE: 2500 0 0 0 0 0 0 0 0 0
GPRESSURE: 2500 0 0 0 0 0 0 0 0 0
PRESSAVG: 2500 0 0 0 0 0 0 0 0 0
GPRESSAVG: 2500 0 0 0 0 0 0 0 0 0
ENERGY:    2500      1060.3235      1673.3721      2084.3830       160.5668            -41.3392      -787.9935         0.0000      2410.4540      3018.8582           9578.6249       303.1345      6559.7667      9600.0073       297.3490

PRESSURE: 2600 0 0 0 0 0 0 0 0 0
GPRESSURE: 2600 0 0 0 0 0 0 0 0 0
PRESSAVG: 2600 0 0 0 0 0 0 0 0 0
GPRESSAVG: 2600 0 0 0 0 0 0 0 0 0
ENERGY:    2600      1048.4092      1730.1257      2087.1696       157.8310            -41.4798      -792.5040         0.0000      2410.4107      2994.5737           9594.5360       300.6960      6599.9624      9620.2106       299.2834

PRESSURE: 2700 0 0 0 0 0 0 0 0 0
GPRESSURE: 2700 0 0 0 0 0 0 0 0 0
PRESSAVG: 2700 0 0 0 0 0 0 0 0 0
GPRESSAVG: 2700 0 0 0 0 0 0 0 0 0
ENERGY:    2700      1086.7270      1722.9841      2097.4309       148.0176            -41.6000      -788.6877         0.0000      2420.8312      2964.2269           9609.9300       297.6488      6645.7032      9635.1959       298.0331

PRESSURE: 2800 0 0 0 0 0 0 0 0 0
GPRESSURE: 2800 0 0 0 0 0 0 0 0 0
PRESSAVG: 2800 0 0 0 0 0 0 0 0 0
GPRESSAVG: 2800 0 0 0 0 0 0 0 0 0
ENERGY:    2800      1072.9823      1702.8424      2071.9824       157.8468            -41.9130      -773.3684         0.0000      2423.3452      2986.4245           9600.1423       299.8777      6613.7178      9623.4744       299.2263

PRESSURE: 2900 0 0 0 0 0 0 0 0 0
GPRESSURE: 2900 0 0 0 0 0 0 0 0 0
PRESSAVG: 2900 0 0 0 0 0 0 0 0 0
GPRESSAVG: 2900 0 0 0 0 0 0 0 0 0
ENERGY:    2900      1064.5347      1720.8255      2090.2993       152.1677            -42.2701      -781.9757         0.0000      2424.3438      3016.0655           9643.9906       302.8541      6627.9251      9667.9662       301.5513

PRESSURE: 3000 0 0 0 0 0 0 0 0 0
GPRESSURE: 3000 0 0 0 0 0 0 0 0 0
PRESSAVG: 3000 0 0 0 0 0 0 0 0 0
GPRESSAVG: 3000 0 0 0 0 0 0 0 0 0
TIMING: 3000  CPU: 1.67199, 0.000516818/step  Wall: 1.6878, 0.000524886/step, 0.000291603 hours remaining, 827.687500 MB of memory in use.
ETITLE:      TS           BOND          ANGLE          DIHED          IMPRP               ELECT            VDW       BOUNDARY           MISC        KINETIC               TOTAL           TEMP      POTENTIAL         TOTAL3        TEMPAVG

ENERGY:    3000      1100.0541      1687.9901      2092.5796       154.0069            -42.8155      -758.6295         0.0000      2415.7853      2928.4888           9577.4598       294.0602      6648.9710      9599.0223       299.2892

WRITING EXTENDED SYSTEM TO RESTART FILE AT STEP 3000
WRITING COORDINATES TO DCD FILE adk-step1.dcd AT STEP 3000
WRITING COORDINATES TO RESTART FILE AT STEP 3000
FINISHED WRITING RESTART COORDINATES
The last position output (seq=3000) takes 0.002 seconds, 827.688 MB of memory in use
WRITING VELOCITIES TO RESTART FILE AT STEP 3000
FINISHED WRITING RESTART VELOCITIES
The last velocity output (seq=3000) takes 0.002 seconds, 827.688 MB of memory in use
PRESSURE: 3100 0 0 0 0 0 0 0 0 0
GPRESSURE: 3100 0 0 0 0 0 0 0 0 0
PRESSAVG: 3100 0 0 0 0 0 0 0 0 0
GPRESSAVG: 3100 0 0 0 0 0 0 0 0 0
ENERGY:    3100      1091.0031      1639.4095      2092.7654       150.7400            -43.7941      -815.5895         0.0000      2415.8702      2994.9703           9525.3749       300.7358      6530.4046      9551.3382       296.6008

PRESSURE: 3200 0 0 0 0 0 0 0 0 0
GPRESSURE: 3200 0 0 0 0 0 0 0 0 0
PRESSAVG: 3200 0 0 0 0 0 0 0 0 0
GPRESSAVG: 3200 0 0 0 0 0 0 0 0 0
ENERGY:    3200      1114.1339      1695.5869      2107.7135       154.7829            -44.0334      -813.5425         0.0000      2415.6379      2913.5659           9543.8452       292.5617      6630.2793      9565.0371       296.9536

PRESSURE: 3300 0 0 0 0 0 0 0 0 0
GPRESSURE: 3300 0 0 0 0 0 0 0 0 0
PRESSAVG: 3300 0 0 0 0 0 0 0 0 0
GPRESSAVG: 3300 0 0 0 0 0 0 0 0 0
ENERGY:    3300      1112.5469      1675.5154      2110.7263       155.5175            -43.9027      -763.4066         0.0000      2410.7000      2917.2067           9574.9035       292.9273      6657.6968      9596.4540       298.2937

PRESSURE: 3400 0 0 0 0 0 0 0 0 0
GPRESSURE: 3400 0 0 0 0 0 0 0 0 0
PRESSAVG: 3400 0 0 0 0 0 0 0 0 0
GPRESSAVG: 3400 0 0 0 0 0 0 0 0 0
ENERGY:    3400      1078.1075      1721.1118      2098.1265       152.7639            -43.6464      -812.0537         0.0000      2418.1897      2976.2034           9588.8027       298.8514      6612.5994      9612.3287       296.8174

PRESSURE: 3500 0 0 0 0 0 0 0 0 0
GPRESSURE: 3500 0 0 0 0 0 0 0 0 0
PRESSAVG: 3500 0 0 0 0 0 0 0 0 0
GPRESSAVG: 3500 0 0 0 0 0 0 0 0 0
ENERGY:    3500      1065.8440      1736.6227      2083.7655       159.1305            -43.3665      -757.8560         0.0000      2419.4560      2942.6936           9606.2899       295.4865      6663.5962      9630.7017       299.2860

PRESSURE: 3600 0 0 0 0 0 0 0 0 0
GPRESSURE: 3600 0 0 0 0 0 0 0 0 0
PRESSAVG: 3600 0 0 0 0 0 0 0 0 0
GPRESSAVG: 3600 0 0 0 0 0 0 0 0 0
ENERGY:    3600      1058.0230      1674.7721      2073.9627       146.0990            -42.5169      -767.4365         0.0000      2423.6000      3029.5689           9596.0724       304.2100      6566.5035      9620.4369       300.3013

PRESSURE: 3700 0 0 0 0 0 0 0 0 0
GPRESSURE: 3700 0 0 0 0 0 0 0 0 0
PRESSAVG: 3700 0 0 0 0 0 0 0 0 0
GPRESSAVG: 3700 0 0 0 0 0 0 0 0 0
ENERGY:    3700      1059.1650      1735.2709      2090.4690       151.5193            -42.1219      -777.9373         0.0000      2422.4096      3003.5485           9642.3231       301.5972      6638.7746      9666.4124       300.7929

PRESSURE: 3800 0 0 0 0 0 0 0 0 0
GPRESSURE: 3800 0 0 0 0 0 0 0 0 0
PRESSAVG: 3800 0 0 0 0 0 0 0 0 0
GPRESSAVG: 3800 0 0 0 0 0 0 0 0 0
ENERGY:    3800      1091.2154      1705.6058      2090.9097       165.1192            -43.4443      -780.4263         0.0000      2423.4799      2981.5257           9633.9850       299.3858      6652.4594      9661.5547       303.0702

PRESSURE: 3900 0 0 0 0 0 0 0 0 0
GPRESSURE: 3900 0 0 0 0 0 0 0 0 0
PRESSAVG: 3900 0 0 0 0 0 0 0 0 0
GPRESSAVG: 3900 0 0 0 0 0 0 0 0 0
ENERGY:    3900      1080.5432      1675.6338      2078.3349       156.7818            -43.4693      -764.3398         0.0000      2420.4151      2992.2622           9596.1620       300.4639      6603.8997      9618.5175       300.8280

PRESSURE: 4000 0 0 0 0 0 0 0 0 0
GPRESSURE: 4000 0 0 0 0 0 0 0 0 0
PRESSAVG: 4000 0 0 0 0 0 0 0 0 0
GPRESSAVG: 4000 0 0 0 0 0 0 0 0 0
TIMING: 4000  CPU: 2.19761, 0.000525622/step  Wall: 2.21416, 0.00052636/step, 0.000146211 hours remaining, 827.687500 MB of memory in use.
ETITLE:      TS           BOND          ANGLE          DIHED          IMPRP               ELECT            VDW       BOUNDARY           MISC        KINETIC               TOTAL           TEMP      POTENTIAL         TOTAL3        TEMPAVG

ENERGY:    4000      1100.0431      1684.5943      2063.8755       148.2294            -43.9977      -788.7125         0.0000      2423.9265      3025.0858           9613.0444       303.7598      6587.9586      9637.5889       300.1521

WRITING EXTENDED SYSTEM TO RESTART FILE AT STEP 4000
WRITING COORDINATES TO DCD FILE adk-step1.dcd AT STEP 4000
WRITING COORDINATES TO RESTART FILE AT STEP 4000
FINISHED WRITING RESTART COORDINATES
The last position output (seq=4000) takes 0.058 seconds, 827.688 MB of memory in use
WRITING VELOCITIES TO RESTART FILE AT STEP 4000
FINISHED WRITING RESTART VELOCITIES
The last velocity output (seq=4000) takes 0.003 seconds, 827.688 MB of memory in use
PRESSURE: 4100 0 0 0 0 0 0 0 0 0
GPRESSURE: 4100 0 0 0 0 0 0 0 0 0
PRESSAVG: 4100 0 0 0 0 0 0 0 0 0
GPRESSAVG: 4100 0 0 0 0 0 0 0 0 0
ENERGY:    4100      1103.5295      1691.3701      2074.3106       151.7443            -43.0214      -765.0067         0.0000      2425.1022      2995.0618           9633.0902       300.7450      6638.0284      9660.0217       301.3124

PRESSURE: 4200 0 0 0 0 0 0 0 0 0
GPRESSURE: 4200 0 0 0 0 0 0 0 0 0
PRESSAVG: 4200 0 0 0 0 0 0 0 0 0
GPRESSAVG: 4200 0 0 0 0 0 0 0 0 0
ENERGY:    4200      1135.2027      1691.4888      2104.0276       146.8531            -43.5017      -775.1605         0.0000      2428.6932      3000.8778           9688.4809       301.3290      6687.6032      9712.2449       304.0701

LDB: ============= START OF LOAD BALANCING ============== 4.49896
LDB: ============== END OF LOAD BALANCING =============== 4.49902
Info: useSync: 0 useProxySync: 0
LDB: =============== DONE WITH MIGRATION ================ 4.49912
PRESSURE: 4300 0 0 0 0 0 0 0 0 0
GPRESSURE: 4300 0 0 0 0 0 0 0 0 0
PRESSAVG: 4300 0 0 0 0 0 0 0 0 0
GPRESSAVG: 4300 0 0 0 0 0 0 0 0 0
ENERGY:    4300      1089.3406      1721.8743      2106.7190       152.9950            -43.3452      -775.7896         0.0000      2427.5526      2943.0330           9622.3798       295.5206      6679.3467      9644.4383       301.3545

LDB: ============= START OF LOAD BALANCING ============== 4.55113
LDB: TIME 4.55138 LOAD: AVG 0.0136822 MAX 0.0340044  PROXIES: TOTAL 185 MAXPE 10 MAXPATCH 7 None MEM: 827.688 MB
LDB: TIME 4.55158 LOAD: AVG 0.0136822 MAX 0.0340044  PROXIES: TOTAL 185 MAXPE 10 MAXPATCH 7 RefineTorusLB MEM: 827.75 MB
LDB: TIME 4.55172 LOAD: AVG 0.0136822 MAX 0.0340044  PROXIES: TOTAL 185 MAXPE 10 MAXPATCH 7 RefineTorusLB MEM: 827.75 MB
LDB: Reverting to original mapping
LDB: ============== END OF LOAD BALANCING =============== 4.55197
Info: build node-aware spanning tree with send: 1, recv: 0 with branch factor 4
Info: useSync: 0 useProxySync: 0
LDB: =============== DONE WITH MIGRATION ================ 4.55262
PRESSURE: 4400 0 0 0 0 0 0 0 0 0
GPRESSURE: 4400 0 0 0 0 0 0 0 0 0
PRESSAVG: 4400 0 0 0 0 0 0 0 0 0
GPRESSAVG: 4400 0 0 0 0 0 0 0 0 0
ENERGY:    4400      1112.0073      1687.5449      2059.4297       146.3932            -44.5881      -795.7631         0.0000      2431.2430      2974.2177           9570.4847       298.6520      6596.2669      9597.0891       298.4845

PRESSURE: 4500 0 0 0 0 0 0 0 0 0
GPRESSURE: 4500 0 0 0 0 0 0 0 0 0
PRESSAVG: 4500 0 0 0 0 0 0 0 0 0
GPRESSAVG: 4500 0 0 0 0 0 0 0 0 0
ENERGY:    4500      1090.0236      1662.0196      2101.1681       152.2729            -43.2492      -790.6939         0.0000      2429.5120      2989.2296           9590.2828       300.1594      6601.0532      9611.7118       299.0601

PRESSURE: 4600 0 0 0 0 0 0 0 0 0
GPRESSURE: 4600 0 0 0 0 0 0 0 0 0
PRESSAVG: 4600 0 0 0 0 0 0 0 0 0
GPRESSAVG: 4600 0 0 0 0 0 0 0 0 0
ENERGY:    4600      1095.9022      1691.0823      2073.6192       149.3311            -42.4176      -782.7882         0.0000      2424.6560      2950.3945           9559.7796       296.2598      6609.3851      9585.2011       298.0825

PRESSURE: 4700 0 0 0 0 0 0 0 0 0
GPRESSURE: 4700 0 0 0 0 0 0 0 0 0
PRESSAVG: 4700 0 0 0 0 0 0 0 0 0
GPRESSAVG: 4700 0 0 0 0 0 0 0 0 0
ENERGY:    4700      1123.3718      1702.9643      2085.6281       151.3329            -42.0274      -800.4318         0.0000      2427.0149      2922.3934           9570.2462       293.4481      6647.8528      9588.8690       296.7933

PRESSURE: 4800 0 0 0 0 0 0 0 0 0
GPRESSURE: 4800 0 0 0 0 0 0 0 0 0
PRESSAVG: 4800 0 0 0 0 0 0 0 0 0
GPRESSAVG: 4800 0 0 0 0 0 0 0 0 0
ENERGY:    4800      1098.7673      1693.2357      2069.1243       154.0472            -42.9324      -773.5855         0.0000      2431.8145      2996.9580           9627.4292       300.9354      6630.4712      9650.1535       298.8666

PRESSURE: 4900 0 0 0 0 0 0 0 0 0
GPRESSURE: 4900 0 0 0 0 0 0 0 0 0
PRESSAVG: 4900 0 0 0 0 0 0 0 0 0
GPRESSAVG: 4900 0 0 0 0 0 0 0 0 0
ENERGY:    4900      1101.2586      1748.6221      2085.8724       163.8987            -41.5995      -817.8913         0.0000      2444.1222      2935.2411           9619.5242       294.7382      6684.2831      9641.5502       300.6777

PRESSURE: 5000 0 0 0 0 0 0 0 0 0
GPRESSURE: 5000 0 0 0 0 0 0 0 0 0
PRESSAVG: 5000 0 0 0 0 0 0 0 0 0
GPRESSAVG: 5000 0 0 0 0 0 0 0 0 0
TIMING: 5000  CPU: 2.72081, 0.000523202/step  Wall: 2.79911, 0.000584942/step, 0 hours remaining, 827.750000 MB of memory in use.
ETITLE:      TS           BOND          ANGLE          DIHED          IMPRP               ELECT            VDW       BOUNDARY           MISC        KINETIC               TOTAL           TEMP      POTENTIAL         TOTAL3        TEMPAVG

ENERGY:    5000      1114.0446      1733.1219      2062.4500       145.8115            -42.3967      -784.7508         0.0000      2436.3960      2922.7269           9587.4033       293.4816      6664.6764      9609.6151       297.9632

WRITING EXTENDED SYSTEM TO RESTART FILE AT STEP 5000
WRITING COORDINATES TO DCD FILE adk-step1.dcd AT STEP 5000
WRITING COORDINATES TO RESTART FILE AT STEP 5000
FINISHED WRITING RESTART COORDINATES
The last position output (seq=5000) takes 0.003 seconds, 828.250 MB of memory in use
WRITING VELOCITIES TO RESTART FILE AT STEP 5000
FINISHED WRITING RESTART VELOCITIES
The last velocity output (seq=5000) takes 0.002 seconds, 828.250 MB of memory in use
WRITING EXTENDED SYSTEM TO OUTPUT FILE AT STEP 5000
WRITING COORDINATES TO OUTPUT FILE AT STEP 5000
CLOSING COORDINATE DCD FILE adk-step1.dcd
The last position output (seq=-2) takes 0.004 seconds, 828.250 MB of memory in use
WRITING VELOCITIES TO OUTPUT FILE AT STEP 5000
====================================================

WallClock: 4.876767  CPUTime: 3.568892  Memory: 828.250000 MB
End of program
