0_6_cc.dat
/gpfs/alpine/bip115/scratch/hrlee/radical.pilot.sandbox/re.session.login1.hrlee.018632.0003/pilot.0000/staging_area/0_6_cc.dat
0, 6
Choosing optimized barrier algorithm name I0:HybridBinomial:SHMEM:P2P
Converse/Charm++ Commit ID: v6.10.2-0-g7bf00fa-namd-charm-6.10.2-build-2020-Aug-05-556
Warning> Randomization of virtual memory (ASLR) is turned on in the kernel, thread migration may not work! Run 'echo 0 > /proc/sys/kernel/randomize_va_space' as root to disable it, or try running with '+isomalloc_sync'.
CharmLB> Load balancer assumes all CPUs are same.
Charm++> Running on 1 hosts (1 sockets x 7 cores x 4 PUs = 28-way SMP)
Charm++> cpu topology info is gathered in 0.002 seconds.
Info: Built with CUDA version 10010
Did not find +devices i,j,k,... argument, using all
Pe 6 physical rank 6 will use CUDA device of pe 4
Pe 38 physical rank 38 will use CUDA device of pe 35
Pe 16 physical rank 16 will use CUDA device of pe 14
Pe 23 physical rank 23 will use CUDA device of pe 21
Pe 30 physical rank 30 will use CUDA device of pe 28
Pe 13 physical rank 13 will use CUDA device of pe 7
Pe 2 physical rank 2 will use CUDA device of pe 4
Pe 37 physical rank 37 will use CUDA device of pe 35
Pe 18 physical rank 18 will use CUDA device of pe 14
Pe 26 physical rank 26 will use CUDA device of pe 21
Pe 34 physical rank 34 will use CUDA device of pe 28
Pe 10 physical rank 10 will use CUDA device of pe 7
Pe 1 physical rank 1 will use CUDA device of pe 4
Pe 39 physical rank 39 will use CUDA device of pe 35
Pe 20 physical rank 20 will use CUDA device of pe 14
Pe 27 physical rank 27 will use CUDA device of pe 21
Pe 33 physical rank 33 will use CUDA device of pe 28
Pe 11 physical rank 11 will use CUDA device of pe 7
Pe 5 physical rank 5 will use CUDA device of pe 4
Pe 41 physical rank 41 will use CUDA device of pe 35
Pe 17 physical rank 17 will use CUDA device of pe 14
Pe 25 physical rank 25 will use CUDA device of pe 21
Pe 32 physical rank 32 will use CUDA device of pe 28
Pe 8 physical rank 8 will use CUDA device of pe 7
Pe 40 physical rank 40 will use CUDA device of pe 35
Pe 19 physical rank 19 will use CUDA device of pe 14
Pe 24 physical rank 24 will use CUDA device of pe 21
Pe 31 physical rank 31 will use CUDA device of pe 28
Pe 12 physical rank 12 will use CUDA device of pe 7
Pe 0 physical rank 0 will use CUDA device of pe 4
Pe 36 physical rank 36 will use CUDA device of pe 35
Pe 15 physical rank 15 will use CUDA device of pe 14
Pe 22 physical rank 22 will use CUDA device of pe 21
Pe 29 physical rank 29 will use CUDA device of pe 28
Pe 9 physical rank 9 will use CUDA device of pe 7
Pe 3 physical rank 3 will use CUDA device of pe 4
Pe 7 physical rank 7 binding to CUDA device 0 on h23n14: 'Tesla V100-SXM2-16GB'  Mem: 16128MB  Rev: 7.0  PCI: 4:5:0
Pe 4 physical rank 4 binding to CUDA device 0 on h23n14: 'Tesla V100-SXM2-16GB'  Mem: 16128MB  Rev: 7.0  PCI: 4:4:0
Pe 35 physical rank 35 binding to CUDA device 0 on h23n14: 'Tesla V100-SXM2-16GB'  Mem: 16128MB  Rev: 7.0  PCI: 35:5:0
Pe 14 physical rank 14 binding to CUDA device 0 on h23n14: 'Tesla V100-SXM2-16GB'  Mem: 16128MB  Rev: 7.0  PCI: 4:6:0
Pe 21 physical rank 21 binding to CUDA device 0 on h23n14: 'Tesla V100-SXM2-16GB'  Mem: 16128MB  Rev: 7.0  PCI: 35:3:0
Pe 28 physical rank 28 binding to CUDA device 0 on h23n14: 'Tesla V100-SXM2-16GB'  Mem: 16128MB  Rev: 7.0  PCI: 35:4:0
Info: NAMD 2.14 for Linux-POWER-pami-smp-Summit-CUDA
Info: 
Info: Please visit http://www.ks.uiuc.edu/Research/namd/
Info: for updates, documentation, and support information.
Info: 
Info: Please cite Phillips et al., J. Chem. Phys. 153:044130 (2020) doi:10.1063/5.0014475
Info: in all publications reporting results obtained with NAMD.
Info: 
Info: Based on Charm++/Converse 61002 for pami-linux-ppc64le-smp
Info: Built Wed Aug 5 14:28:51 EDT 2020 by jimp on login2
Info: 1 NAMD  2.14  Linux-POWER-pami-smp-Summit-CUDA  42    h23n14  hrlee
Info: Running on 42 processors, 6 nodes, 1 physical nodes.
Info: CPU topology information available.
Info: Charm++/Converse parallel runtime startup completed at 1.31485 s
CkLoopLib is used in SMP with simple dynamic scheduling (converse-level notification)
Info: 791.625 MB of memory in use based on /proc/self/stat
Info: Configuration file is adk-step1.namd
Info: Working in the current directory /gpfs/alpine/bip115/scratch/hrlee/radical.pilot.sandbox/re.session.login1.hrlee.018632.0003/pilot.0000/unit.000496
TCL: Suspending until startup complete.
Info: SIMULATION PARAMETERS:
Info: TIMESTEP               1
Info: NUMBER OF STEPS        0
Info: STEPS PER CYCLE        20
Info: LOAD BALANCER  Centralized
Info: LOAD BALANCING STRATEGY  New Load Balancers -- DEFAULT
Info: LDB PERIOD             4000 steps
Info: FIRST LDB TIMESTEP     100
Info: LAST LDB TIMESTEP     -1
Info: LDB BACKGROUND SCALING 1
Info: HOM BACKGROUND SCALING 1
Info: MIN ATOMS PER PATCH    40
Info: VELOCITY FILE          0_6_adk-step1.restart.vel
Info: CENTER OF MASS MOVING INITIALLY? NO
Info: DIELECTRIC             80
Info: EXCLUDE                SCALED ONE-FOUR
Info: 1-4 ELECTROSTATICS SCALED BY 1
Info: MODIFIED 1-4 VDW PARAMETERS WILL BE USED
Info: DCD FILENAME           adk-step1.dcd
Info: DCD FREQUENCY          1000
Info: DCD FIRST STEP         1000
Info: NO EXTENDED SYSTEM TRAJECTORY OUTPUT
Info: NO VELOCITY DCD OUTPUT
Info: NO FORCE DCD OUTPUT
Info: OUTPUT FILENAME        adk-step1
Info: BINARY OUTPUT FILES WILL BE USED
Info: RESTART FILENAME       adk-step1.restart
Info: RESTART FREQUENCY      1000
Info: BINARY RESTART FILES WILL BE USED
Info: SWITCHING ACTIVE
Info: SWITCHING ON           9
Info: SWITCHING OFF          10
Info: PAIRLIST DISTANCE      11
Info: PAIRLIST SHRINK RATE   0.01
Info: PAIRLIST GROW RATE     0.01
Info: PAIRLIST TRIGGER       0.3
Info: PAIRLISTS PER CYCLE    2
Info: PAIRLISTS ENABLED
Info: MARGIN                 0
Info: HYDROGEN GROUP CUTOFF  2.5
Info: PATCH DIMENSION        13.5
Info: ENERGY OUTPUT STEPS    100
Info: CROSSTERM ENERGY INCLUDED IN DIHEDRAL
Info: TIMING OUTPUT STEPS    1000
Info: PRESSURE OUTPUT STEPS  100
Info: GRID FORCE ACTIVE
Info:  Please include this reference in published work using
Info:  the Gridforce module of NAMD: David Wells, Volha Abramkina,
Info:  and Aleksei Aksimentiev, J. Chem. Phys. 127:125101-10 (2007).
Info: MGRIDFORCE key 0
Info:            Potfile 4ake-target_autopsf-grid.dx
Info:            Scale 0.3 0.3 0.3
Info:            File 1ake-docked-noh_autopsf-grid.pdb
Info:            Col O
Info:            ChargeCol B
Info:            VOffset 0 0 0
Info:            Continuous K1 FALSE
Info:            Continuous K2 FALSE
Info:            Continuous K3 FALSE
Info:            Volts FALSE
Info:            Gridforce-Lite FALSE
Info:            Gridforce-CheckSize TRUE
Info: LANGEVIN DYNAMICS ACTIVE
Info: LANGEVIN TEMPERATURE   300
Info: LANGEVIN USING BBK INTEGRATOR
Info: LANGEVIN DAMPING COEFFICIENT IS 5 INVERSE PS
Info: LANGEVIN DYNAMICS NOT APPLIED TO HYDROGENS
Info: USING VERLET I (r-RESPA) MTS SCHEME.
Info: C1 SPLITTING OF LONG RANGE ELECTROSTATICS
Info: PLACING ATOMS IN PATCHES BY HYDROGEN GROUPS
Info: RIGID BONDS TO HYDROGEN : WATER
Info:         ERROR TOLERANCE : 1e-08
Info:          MAX ITERATIONS : 100
Info: RIGID WATER USING SETTLE ALGORITHM
Info: NONBONDED FORCES EVALUATED EVERY 2 STEPS
Info: RANDOM NUMBER SEED     1609822064
Info: USE HYDROGEN BONDS?    NO
Info: COORDINATE PDB         1ake-docked-noh_autopsf.pdb
Info: STRUCTURE FILE         1ake-docked-noh_autopsf.psf
Info: PARAMETER file: CHARMM format! 
Info: PARAMETERS             par_all36_prot.prm
Info: USING ARITHMETIC MEAN TO COMBINE L-J SIGMA PARAMETERS
Info: BINARY COORDINATES     0_6_adk-step1.restart.coor
Info: SUMMARY OF PARAMETERS:
Info: 132 BONDS
Info: 362 ANGLES
Info: 702 DIHEDRAL
Info: 35 IMPROPER
Info: 6 CROSSTERM
Info: 53 VDW
Info: 0 VDW_PAIRS
Info: 0 NBTHOLE_PAIRS
Info: TIME FOR READING PSF FILE: 0.499868
Info: READING EXTRA BONDS FILE 1ake-extrabonds.txt
Info: READING EXTRA BONDS FILE 1ake-extrabonds-cispeptide.txt
Info: READING EXTRA BONDS FILE 1ake-extrabonds-chirality.txt
Info: READ 80 EXTRA BONDS
Info: READ 80 EXTRA ANGLES
Warning: EXTRA ANGLES ARE COSINE-BASED BY DEFAULT TO MATCH PREVIOUS VERSIONS
Warning: FOR NORMAL HARMONIC EXTRA ANGLES SET extraBondsCosAngles off
Info: READ 493 EXTRA DIHEDRALS
Info: READ 438 EXTRA IMPROPERS
Info: Reading pdb file 1ake-docked-noh_autopsf.pdb
Info: TIME FOR READING PDB FILE: 0.057946
Info: 
Info: ****************************
Info: STRUCTURE SUMMARY:
Info: 3341 ATOMS
Info: 3445 BONDS
Info: 6203 ANGLES
Info: 9414 DIHEDRALS
Info: 1005 IMPROPERS
Info: 212 CROSSTERMS
Info: 0 EXCLUSIONS
Info: 0 RIGID BONDS
Info: 1 GRIDS ACTIVE
Info: 10023 DEGREES OF FREEDOM
Info: 1656 HYDROGEN GROUPS
Info: 4 ATOMS IN LARGEST HYDROGEN GROUP
Info: 1656 MIGRATION GROUPS
Info: 4 ATOMS IN LARGEST MIGRATION GROUP
Info: TOTAL MASS = 23582 amu
Info: TOTAL CHARGE = -4 e
Info: *****************************
Info: Reading from binary file 0_6_adk-step1.restart.coor
Info: 
Info: Entering startup at 2.42121 s, 798.75 MB of memory in use
Info: Startup phase 0 took 0.00022282 s, 798.75 MB of memory in use
Info: ADDED 18308 IMPLICIT EXCLUSIONS
Info: Startup phase 1 took 0.00758858 s, 799 MB of memory in use
Info: NONBONDED TABLE R-SQUARED SPACING: 0.0625
Info: NONBONDED TABLE SIZE: 705 POINTS
Info: ABSOLUTE IMPRECISION IN FAST TABLE ENERGY: 3.38813e-21 AT 9.89634
Info: RELATIVE IMPRECISION IN FAST TABLE ENERGY: 4.23384e-15 AT 9.94673
Info: ABSOLUTE IMPRECISION IN FAST TABLE FORCE: 6.35275e-22 AT 9.94673
Info: RELATIVE IMPRECISION IN FAST TABLE FORCE: 5.07982e-16 AT 9.94673
Info: INCONSISTENCY IN FAST TABLE ENERGY VS FORCE: 0.000290185 AT 0.251946
Info: ABSOLUTE IMPRECISION IN VDWA TABLE ENERGY: 1.57772e-30 AT 9.89634
Info: RELATIVE IMPRECISION IN VDWA TABLE ENERGY: 4.54938e-15 AT 9.94673
Info: ABSOLUTE IMPRECISION IN VDWA TABLE FORCE: 5.91646e-31 AT 9.94673
Info: RELATIVE IMPRECISION IN VDWA TABLE FORCE: 5.6823e-16 AT 9.94673
Info: INCONSISTENCY IN VDWA TABLE ENERGY VS FORCE: 0.0040507 AT 0.251946
Info: ABSOLUTE IMPRECISION IN VDWB TABLE ENERGY: 4.71751e-25 AT 9.94673
Info: RELATIVE IMPRECISION IN VDWB TABLE ENERGY: 1.45371e-14 AT 9.94673
Info: ABSOLUTE IMPRECISION IN VDWB TABLE FORCE: 6.20385e-25 AT 9.94673
Info: RELATIVE IMPRECISION IN VDWB TABLE FORCE: 5.97512e-16 AT 9.94673
Info: INCONSISTENCY IN VDWB TABLE ENERGY VS FORCE: 0.00377068 AT 9.07951
Info: Startup phase 2 took 0.000445716 s, 800.25 MB of memory in use
Info: Startup phase 3 took 0.000158482 s, 800.25 MB of memory in use
Info: Startup phase 4 took 0.000270355 s, 800.375 MB of memory in use
Info: Startup phase 5 took 0.000146187 s, 800.375 MB of memory in use
Info: ORIGINAL ATOMS MINMAX IS -21.092 -33.1854 -34.488  17.0493 15.3619 15.3343
Info: ADJUSTED ATOMS MINMAX IS -16.783 -27.4652 -31.0339  11.7036 9.24028 7.88147
Info: PATCH GRID IS 5 BY 3 BY 3
Info: PATCH GRID IS 2-AWAY BY 1-AWAY BY 1-AWAY
Info: Reading from binary file 0_6_adk-step1.restart.vel
Info: REMOVING COM VELOCITY -0.037461 0.0370346 -0.0269215
Info: LARGEST PATCH (11) HAS 150 ATOMS
Info: TORUS A SIZE 1 USING 0
Info: TORUS B SIZE 1 USING 0
Info: TORUS C SIZE 1 USING 0
Info: TORUS MINIMAL MESH SIZE IS 1 BY 1 BY 1
Info: Placed 100% of base nodes on same physical node as patch
Info: Startup phase 6 took 0.00802668 s, 800.625 MB of memory in use
Info: Startup phase 7 took 0.000158845 s, 801.5 MB of memory in use
Info: Updated CUDA force table with 4096 elements.
Info: Updated CUDA LJ table with 53 x 53 elements.
Info: Updated CUDA force table with 4096 elements.
Info: Updated CUDA force table with 4096 elements.
Info: Updated CUDA LJ table with 53 x 53 elements.
Info: Updated CUDA force table with 4096 elements.
Info: Updated CUDA LJ table with 53 x 53 elements.
Info: Updated CUDA LJ table with 53 x 53 elements.
Info: Updated CUDA force table with 4096 elements.
Info: Updated CUDA LJ table with 53 x 53 elements.
Info: Updated CUDA force table with 4096 elements.
Info: Updated CUDA LJ table with 53 x 53 elements.
Info: Startup phase 8 took 0.00329246 s, 801.688 MB of memory in use
Info: Startup phase 9 took 0.000311962 s, 801.75 MB of memory in use
Info: Startup phase 10 took 0.000150253 s, 801.812 MB of memory in use
Info: Startup phase 11 took 0.000698135 s, 801.938 MB of memory in use
LDB: Central LB being created...
Info: Startup phase 12 took 0.00214826 s, 802.812 MB of memory in use
Info: CREATING 1139 COMPUTE OBJECTS
Info: Found 278 unique exclusion lists needing 900 bytes
Info: Found 278 unique exclusion lists needing 900 bytes
Info: Found 278 unique exclusion lists needing 900 bytes
Info: Found 278 unique exclusion lists needing 900 bytes
Info: Found 278 unique exclusion lists needing 900 bytes
Info: Found 278 unique exclusion lists needing 900 bytes
Info: Startup phase 13 took 0.0153939 s, 803.688 MB of memory in use
Info: Building spanning tree ... send: 1 recv: 0 with branch factor 4
Info: useSync: 0 useProxySync: 0
Info: Startup phase 14 took 0.000199194 s, 803.875 MB of memory in use
Info: Startup phase 15 took 0.000238573 s, 803.938 MB of memory in use
Info: Finished startup at 2.46066 s, 804.062 MB of memory in use

TCL: Running for 5000 steps
PRESSURE: 0 0 0 0 0 0 0 0 0 0
GPRESSURE: 0 0 0 0 0 0 0 0 0 0
ETITLE:      TS           BOND          ANGLE          DIHED          IMPRP               ELECT            VDW       BOUNDARY           MISC        KINETIC               TOTAL           TEMP      POTENTIAL         TOTAL3        TEMPAVG

ENERGY:       0      1119.0831      1698.9184      2098.2139       149.4649            -39.6320      -790.2538         0.0000      4075.5100      2932.1944          11243.4989       294.4323      8311.3045     11268.6304       294.4323

LDB: ============= START OF LOAD BALANCING ============== 2.47293
Info: useSync: 0 useProxySync: 0
LDB: ============== END OF LOAD BALANCING =============== 2.47297
LDB: =============== DONE WITH MIGRATION ================ 2.47307
LDB: ============= START OF LOAD BALANCING ============== 2.51409
LDB: Partitioning computes with target load 0.000000
LDB: Increased migratable compute count from 0 to 0
LDB: Largest unpartitionable compute is 0.000000
LDB: ============== END OF LOAD BALANCING =============== 2.51434
Info: build node-aware spanning tree with send: 1, recv: 0 with branch factor 4
Info: useSync: 0 useProxySync: 0
LDB: =============== DONE WITH MIGRATION ================ 2.51499
PRESSURE: 100 0 0 0 0 0 0 0 0 0
GPRESSURE: 100 0 0 0 0 0 0 0 0 0
PRESSAVG: 100 0 0 0 0 0 0 0 0 0
GPRESSAVG: 100 0 0 0 0 0 0 0 0 0
Info: Initial time: 42 CPUs 0.000513859 s/step 0.00594744 days/ns 827.312 MB memory
ENERGY:     100      1093.1128      1685.4833      2116.9244       143.4106            -39.9975      -802.4036         0.0000      4075.4432      2982.8590          11254.8323       299.5197      8271.9733     11280.8657       299.2114

LDB: ============= START OF LOAD BALANCING ============== 2.52528
LDB: ============== END OF LOAD BALANCING =============== 2.5253
Info: useSync: 0 useProxySync: 0
LDB: =============== DONE WITH MIGRATION ================ 2.52538
LDB: ============= START OF LOAD BALANCING ============== 2.56628
LDB: TIME 2.56644 LOAD: AVG 0.010871 MAX 0.0271509  PROXIES: TOTAL 173 MAXPE 7 MAXPATCH 7 None MEM: 828.75 MB
LDB: TIME 2.5666 LOAD: AVG 0.010871 MAX 0.0271509  PROXIES: TOTAL 173 MAXPE 7 MAXPATCH 7 TorusLB MEM: 828.875 MB
LDB: Reverting to original mapping
LDB: ============== END OF LOAD BALANCING =============== 2.56678
Info: build node-aware spanning tree with send: 1, recv: 0 with branch factor 4
Info: useSync: 0 useProxySync: 0
LDB: =============== DONE WITH MIGRATION ================ 2.56736
PRESSURE: 200 0 0 0 0 0 0 0 0 0
GPRESSURE: 200 0 0 0 0 0 0 0 0 0
PRESSAVG: 200 0 0 0 0 0 0 0 0 0
GPRESSAVG: 200 0 0 0 0 0 0 0 0 0
Info: Initial time: 42 CPUs 0.000510041 s/step 0.00590325 days/ns 828.875 MB memory
ENERGY:     200      1113.4991      1716.3421      2082.8288       148.3404            -39.6965      -811.3002         0.0000      4081.1068      2937.4453          11228.5659       294.9595      8291.1206     11256.0630       298.4994

LDB: ============= START OF LOAD BALANCING ============== 2.61848
LDB: TIME 2.61864 LOAD: AVG 0.013587 MAX 0.0337316  PROXIES: TOTAL 173 MAXPE 7 MAXPATCH 7 None MEM: 829.875 MB
LDB: TIME 2.61878 LOAD: AVG 0.013587 MAX 0.0337316  PROXIES: TOTAL 173 MAXPE 7 MAXPATCH 7 RefineTorusLB MEM: 829.875 MB
LDB: TIME 2.61888 LOAD: AVG 0.013587 MAX 0.0337316  PROXIES: TOTAL 173 MAXPE 7 MAXPATCH 7 RefineTorusLB MEM: 829.875 MB
LDB: Reverting to original mapping
LDB: ============== END OF LOAD BALANCING =============== 2.61906
Info: build node-aware spanning tree with send: 1, recv: 0 with branch factor 4
Info: useSync: 0 useProxySync: 0
LDB: =============== DONE WITH MIGRATION ================ 2.61965
PRESSURE: 300 0 0 0 0 0 0 0 0 0
GPRESSURE: 300 0 0 0 0 0 0 0 0 0
PRESSAVG: 300 0 0 0 0 0 0 0 0 0
GPRESSAVG: 300 0 0 0 0 0 0 0 0 0
Info: Initial time: 42 CPUs 0.000511417 s/step 0.00591918 days/ns 829.875 MB memory
ENERGY:     300      1108.1674      1716.0393      2086.3595       178.9054            -39.8564      -801.2006         0.0000      4089.2413      2913.1079          11250.7636       292.5157      8337.6557     11271.8744       298.4555

LDB: ============= START OF LOAD BALANCING ============== 2.67123
LDB: TIME 2.67139 LOAD: AVG 0.0135429 MAX 0.0338167  PROXIES: TOTAL 173 MAXPE 7 MAXPATCH 7 None MEM: 830.75 MB
LDB: TIME 2.67153 LOAD: AVG 0.0135429 MAX 0.0338167  PROXIES: TOTAL 173 MAXPE 7 MAXPATCH 7 RefineTorusLB MEM: 830.75 MB
LDB: TIME 2.67163 LOAD: AVG 0.0135429 MAX 0.0338167  PROXIES: TOTAL 173 MAXPE 7 MAXPATCH 7 RefineTorusLB MEM: 830.75 MB
LDB: ============== END OF LOAD BALANCING =============== 2.67181
Info: build node-aware spanning tree with send: 1, recv: 0 with branch factor 4
Info: useSync: 0 useProxySync: 0
LDB: =============== DONE WITH MIGRATION ================ 2.67239
PRESSURE: 400 0 0 0 0 0 0 0 0 0
GPRESSURE: 400 0 0 0 0 0 0 0 0 0
PRESSAVG: 400 0 0 0 0 0 0 0 0 0
GPRESSAVG: 400 0 0 0 0 0 0 0 0 0
Info: Benchmark time: 42 CPUs 0.000513617 s/step 0.00594464 days/ns 830.75 MB memory
ENERGY:     400      1108.8598      1667.2343      2065.0801       147.6098            -39.4049      -778.8191         0.0000      4085.5234      2908.9475          11165.0310       292.0980      8256.0835     11186.5477       294.7736

PRESSURE: 500 0 0 0 0 0 0 0 0 0
GPRESSURE: 500 0 0 0 0 0 0 0 0 0
PRESSAVG: 500 0 0 0 0 0 0 0 0 0
GPRESSAVG: 500 0 0 0 0 0 0 0 0 0
Info: Benchmark time: 42 CPUs 0.000510878 s/step 0.00591293 days/ns 831.5 MB memory
ENERGY:     500      1122.3458      1698.1142      2076.9251       157.2021            -39.2589      -831.8668         0.0000      4087.5199      2938.8297          11209.8110       295.0985      8270.9813     11232.6017       296.4609

PRESSURE: 600 0 0 0 0 0 0 0 0 0
GPRESSURE: 600 0 0 0 0 0 0 0 0 0
PRESSAVG: 600 0 0 0 0 0 0 0 0 0
GPRESSAVG: 600 0 0 0 0 0 0 0 0 0
Info: Benchmark time: 42 CPUs 0.000513884 s/step 0.00594773 days/ns 831.5 MB memory
ENERGY:     600      1077.8533      1692.7061      2114.4651       155.2350            -40.4279      -774.9332         0.0000      4088.4956      2910.6366          11224.0306       292.2676      8313.3940     11250.2135       297.2063

PRESSURE: 700 0 0 0 0 0 0 0 0 0
GPRESSURE: 700 0 0 0 0 0 0 0 0 0
PRESSAVG: 700 0 0 0 0 0 0 0 0 0
GPRESSAVG: 700 0 0 0 0 0 0 0 0 0
Info: Benchmark time: 42 CPUs 0.000510573 s/step 0.00590941 days/ns 831.5 MB memory
ENERGY:     700      1138.9973      1704.9872      2079.5078       152.5116            -41.0998      -798.2172         0.0000      4082.6176      2918.8961          11238.2005       293.0969      8319.3045     11263.4620       296.0581

PRESSURE: 800 0 0 0 0 0 0 0 0 0
GPRESSURE: 800 0 0 0 0 0 0 0 0 0
PRESSAVG: 800 0 0 0 0 0 0 0 0 0
GPRESSAVG: 800 0 0 0 0 0 0 0 0 0
Info: Benchmark time: 42 CPUs 0.000509253 s/step 0.00589413 days/ns 831.5 MB memory
ENERGY:     800      1091.0117      1619.7963      2114.2781       154.3216            -40.4418      -786.5527         0.0000      4088.6301      3016.2532          11257.2967       302.8729      8241.0434     11280.7748       297.5344

PRESSURE: 900 0 0 0 0 0 0 0 0 0
GPRESSURE: 900 0 0 0 0 0 0 0 0 0
PRESSAVG: 900 0 0 0 0 0 0 0 0 0
GPRESSAVG: 900 0 0 0 0 0 0 0 0 0
Info: Benchmark time: 42 CPUs 0.000510473 s/step 0.00590825 days/ns 831.5 MB memory
ENERGY:     900      1085.9684      1716.3047      2095.9155       165.1876            -40.2135      -800.0248         0.0000      4094.4846      2965.1355          11282.7579       297.7400      8317.6224     11308.3016       297.4006

OPENING COORDINATE DCD FILE
WRITING COORDINATES TO DCD FILE adk-step1.dcd AT STEP 1000
WRITING COORDINATES TO RESTART FILE AT STEP 1000
FINISHED WRITING RESTART COORDINATES
The last position output (seq=1000) takes 0.006 seconds, 831.500 MB of memory in use
PRESSURE: 1000 0 0 0 0 0 0 0 0 0
GPRESSURE: 1000 0 0 0 0 0 0 0 0 0
PRESSAVG: 1000 0 0 0 0 0 0 0 0 0
GPRESSAVG: 1000 0 0 0 0 0 0 0 0 0
TIMING: 1000  CPU: 0.536522, 0.000518391/step  Wall: 0.541856, 0.000523198/step, 0.000581331 hours remaining, 831.625000 MB of memory in use.
ETITLE:      TS           BOND          ANGLE          DIHED          IMPRP               ELECT            VDW       BOUNDARY           MISC        KINETIC               TOTAL           TEMP      POTENTIAL         TOTAL3        TEMPAVG

ENERGY:    1000      1094.3888      1705.3438      2071.3525       146.2672            -40.3924      -774.9543         0.0000      4086.4269      3004.7198          11293.1524       301.7148      8288.4326     11317.8674       298.7528

WRITING EXTENDED SYSTEM TO RESTART FILE AT STEP 1000
WRITING VELOCITIES TO RESTART FILE AT STEP 1000
FINISHED WRITING RESTART VELOCITIES
The last velocity output (seq=1000) takes 0.002 seconds, 831.625 MB of memory in use
PRESSURE: 1100 0 0 0 0 0 0 0 0 0
GPRESSURE: 1100 0 0 0 0 0 0 0 0 0
PRESSAVG: 1100 0 0 0 0 0 0 0 0 0
GPRESSAVG: 1100 0 0 0 0 0 0 0 0 0
ENERGY:    1100      1106.4929      1723.8902      2069.4225       151.5793            -40.9748      -806.7239         0.0000      4083.4022      3007.3911          11294.4795       301.9830      8287.0884     11319.5565       301.5011

PRESSURE: 1200 0 0 0 0 0 0 0 0 0
GPRESSURE: 1200 0 0 0 0 0 0 0 0 0
PRESSAVG: 1200 0 0 0 0 0 0 0 0 0
GPRESSAVG: 1200 0 0 0 0 0 0 0 0 0
ENERGY:    1200      1120.1585      1630.5206      2101.3698       161.5948            -41.0915      -778.4263         0.0000      4080.2219      3022.7753          11297.1232       303.5278      8274.3479     11318.0789       301.0194

PRESSURE: 1300 0 0 0 0 0 0 0 0 0
GPRESSURE: 1300 0 0 0 0 0 0 0 0 0
PRESSAVG: 1300 0 0 0 0 0 0 0 0 0
GPRESSAVG: 1300 0 0 0 0 0 0 0 0 0
ENERGY:    1300      1139.4680      1732.2372      2087.0413       162.2901            -41.4961      -810.6007         0.0000      4079.5754      2954.0026          11302.5177       296.6221      8348.5151     11327.0584       299.0535

PRESSURE: 1400 0 0 0 0 0 0 0 0 0
GPRESSURE: 1400 0 0 0 0 0 0 0 0 0
PRESSAVG: 1400 0 0 0 0 0 0 0 0 0
GPRESSAVG: 1400 0 0 0 0 0 0 0 0 0
ENERGY:    1400      1182.0084      1668.6393      2081.4647       169.6540            -41.1425      -819.1906         0.0000      4090.8120      2991.8189          11324.0642       300.4194      8332.2453     11345.7080       300.6209

PRESSURE: 1500 0 0 0 0 0 0 0 0 0
GPRESSURE: 1500 0 0 0 0 0 0 0 0 0
PRESSAVG: 1500 0 0 0 0 0 0 0 0 0
GPRESSAVG: 1500 0 0 0 0 0 0 0 0 0
ENERGY:    1500      1171.0626      1692.4994      2094.1726       157.2339            -40.7569      -821.0085         0.0000      4086.0170      2940.4582          11279.6782       295.2621      8339.2200     11300.3301       300.3676

PRESSURE: 1600 0 0 0 0 0 0 0 0 0
GPRESSURE: 1600 0 0 0 0 0 0 0 0 0
PRESSAVG: 1600 0 0 0 0 0 0 0 0 0
GPRESSAVG: 1600 0 0 0 0 0 0 0 0 0
ENERGY:    1600      1167.6292      1699.1429      2087.8922       140.4708            -41.1823      -820.0227         0.0000      4077.9083      2991.3815          11303.2199       300.3755      8311.8384     11325.9178       301.7494

PRESSURE: 1700 0 0 0 0 0 0 0 0 0
GPRESSURE: 1700 0 0 0 0 0 0 0 0 0
PRESSAVG: 1700 0 0 0 0 0 0 0 0 0
GPRESSAVG: 1700 0 0 0 0 0 0 0 0 0
ENERGY:    1700      1117.2737      1690.1190      2063.6607       150.8488            -41.0764      -777.3724         0.0000      4076.9185      2985.3430          11265.7149       299.7691      8280.3719     11290.5692       300.1549

PRESSURE: 1800 0 0 0 0 0 0 0 0 0
GPRESSURE: 1800 0 0 0 0 0 0 0 0 0
PRESSAVG: 1800 0 0 0 0 0 0 0 0 0
GPRESSAVG: 1800 0 0 0 0 0 0 0 0 0
ENERGY:    1800      1108.1412      1644.0273      2102.4854       170.2620            -40.0520      -799.9217         0.0000      4075.8643      2991.9683          11252.7749       300.4344      8260.8066     11276.9590       298.3342

PRESSURE: 1900 0 0 0 0 0 0 0 0 0
GPRESSURE: 1900 0 0 0 0 0 0 0 0 0
PRESSAVG: 1900 0 0 0 0 0 0 0 0 0
GPRESSAVG: 1900 0 0 0 0 0 0 0 0 0
ENERGY:    1900      1132.2516      1657.6813      2063.5097       150.8440            -39.7557      -781.9850         0.0000      4068.2790      3008.2724          11259.0972       302.0715      8250.8249     11284.6556       298.8309

PRESSURE: 2000 0 0 0 0 0 0 0 0 0
GPRESSURE: 2000 0 0 0 0 0 0 0 0 0
PRESSAVG: 2000 0 0 0 0 0 0 0 0 0
GPRESSAVG: 2000 0 0 0 0 0 0 0 0 0
TIMING: 2000  CPU: 1.02992, 0.000493399/step  Wall: 1.04317, 0.000501317/step, 0.000417764 hours remaining, 831.625000 MB of memory in use.
ETITLE:      TS           BOND          ANGLE          DIHED          IMPRP               ELECT            VDW       BOUNDARY           MISC        KINETIC               TOTAL           TEMP      POTENTIAL         TOTAL3        TEMPAVG

ENERGY:    2000      1084.3762      1682.4043      2058.6478       166.5056            -39.7525      -782.3033         0.0000      4070.2361      2957.6476          11197.7618       296.9881      8240.1142     11225.5969       297.6416

WRITING EXTENDED SYSTEM TO RESTART FILE AT STEP 2000
WRITING COORDINATES TO DCD FILE adk-step1.dcd AT STEP 2000
WRITING COORDINATES TO RESTART FILE AT STEP 2000
FINISHED WRITING RESTART COORDINATES
The last position output (seq=2000) takes 0.002 seconds, 831.625 MB of memory in use
WRITING VELOCITIES TO RESTART FILE AT STEP 2000
FINISHED WRITING RESTART VELOCITIES
The last velocity output (seq=2000) takes 0.002 seconds, 831.625 MB of memory in use
PRESSURE: 2100 0 0 0 0 0 0 0 0 0
GPRESSURE: 2100 0 0 0 0 0 0 0 0 0
PRESSAVG: 2100 0 0 0 0 0 0 0 0 0
GPRESSAVG: 2100 0 0 0 0 0 0 0 0 0
ENERGY:    2100      1168.7014      1711.2110      2060.4253       150.0627            -40.6718      -816.2462         0.0000      4073.8895      2926.7843          11234.1561       293.8890      8307.3718     11253.0999       297.2168

PRESSURE: 2200 0 0 0 0 0 0 0 0 0
GPRESSURE: 2200 0 0 0 0 0 0 0 0 0
PRESSAVG: 2200 0 0 0 0 0 0 0 0 0
GPRESSAVG: 2200 0 0 0 0 0 0 0 0 0
ENERGY:    2200      1088.8553      1706.6173      2062.9906       161.3568            -41.2492      -765.1160         0.0000      4074.7737      2936.6661          11224.8947       294.8813      8288.2286     11248.6497       297.9291

PRESSURE: 2300 0 0 0 0 0 0 0 0 0
GPRESSURE: 2300 0 0 0 0 0 0 0 0 0
PRESSAVG: 2300 0 0 0 0 0 0 0 0 0
GPRESSAVG: 2300 0 0 0 0 0 0 0 0 0
ENERGY:    2300      1085.7291      1698.2547      2087.4035       156.8294            -41.4769      -838.1836         0.0000      4078.5068      2961.8015          11188.8645       297.4052      8227.0631     11218.2151       297.1387

PRESSURE: 2400 0 0 0 0 0 0 0 0 0
GPRESSURE: 2400 0 0 0 0 0 0 0 0 0
PRESSAVG: 2400 0 0 0 0 0 0 0 0 0
GPRESSAVG: 2400 0 0 0 0 0 0 0 0 0
ENERGY:    2400      1077.4217      1709.7972      2081.5894       164.1217            -42.0143      -796.4753         0.0000      4079.2849      2942.5875          11216.3128       295.4759      8273.7253     11238.3965       296.8603

PRESSURE: 2500 0 0 0 0 0 0 0 0 0
GPRESSURE: 2500 0 0 0 0 0 0 0 0 0
PRESSAVG: 2500 0 0 0 0 0 0 0 0 0
GPRESSAVG: 2500 0 0 0 0 0 0 0 0 0
ENERGY:    2500      1107.4863      1691.4616      2067.3953       150.3961            -41.3116      -812.7100         0.0000      4071.8051      2993.2246          11227.7474       300.5605      8234.5229     11255.3142       296.7876

PRESSURE: 2600 0 0 0 0 0 0 0 0 0
GPRESSURE: 2600 0 0 0 0 0 0 0 0 0
PRESSAVG: 2600 0 0 0 0 0 0 0 0 0
GPRESSAVG: 2600 0 0 0 0 0 0 0 0 0
ENERGY:    2600      1074.2302      1726.5965      2082.4527       152.1597            -41.3329      -809.4799         0.0000      4068.3009      2979.1260          11232.0532       299.1449      8252.9272     11256.2158       299.5559

PRESSURE: 2700 0 0 0 0 0 0 0 0 0
GPRESSURE: 2700 0 0 0 0 0 0 0 0 0
PRESSAVG: 2700 0 0 0 0 0 0 0 0 0
GPRESSAVG: 2700 0 0 0 0 0 0 0 0 0
ENERGY:    2700      1134.1702      1727.1917      2060.7072       165.8873            -40.1712      -832.8046         0.0000      4083.1496      2952.2580          11250.3882       296.4469      8298.1302     11272.4039       298.1527

PRESSURE: 2800 0 0 0 0 0 0 0 0 0
GPRESSURE: 2800 0 0 0 0 0 0 0 0 0
PRESSAVG: 2800 0 0 0 0 0 0 0 0 0
GPRESSAVG: 2800 0 0 0 0 0 0 0 0 0
ENERGY:    2800      1113.3654      1696.5300      2079.5870       148.3894            -41.1640      -802.5743         0.0000      4084.2996      2949.6642          11228.0974       296.1865      8278.4332     11253.1499       298.9622

PRESSURE: 2900 0 0 0 0 0 0 0 0 0
GPRESSURE: 2900 0 0 0 0 0 0 0 0 0
PRESSAVG: 2900 0 0 0 0 0 0 0 0 0
GPRESSAVG: 2900 0 0 0 0 0 0 0 0 0
ENERGY:    2900      1100.4763      1734.1352      2066.6453       163.0419            -42.0285      -802.2007         0.0000      4089.8067      2952.6821          11262.5584       296.4895      8309.8762     11286.6323       297.3637

PRESSURE: 3000 0 0 0 0 0 0 0 0 0
GPRESSURE: 3000 0 0 0 0 0 0 0 0 0
PRESSAVG: 3000 0 0 0 0 0 0 0 0 0
GPRESSAVG: 3000 0 0 0 0 0 0 0 0 0
TIMING: 3000  CPU: 1.53669, 0.000506769/step  Wall: 1.54904, 0.000505862/step, 0.000281034 hours remaining, 831.625000 MB of memory in use.
ETITLE:      TS           BOND          ANGLE          DIHED          IMPRP               ELECT            VDW       BOUNDARY           MISC        KINETIC               TOTAL           TEMP      POTENTIAL         TOTAL3        TEMPAVG

ENERGY:    3000      1105.3842      1697.5706      2052.2615       151.7075            -41.7514      -799.0654         0.0000      4085.5443      2925.0922          11176.7435       293.7191      8251.6513     11199.9880       297.4670

WRITING EXTENDED SYSTEM TO RESTART FILE AT STEP 3000
WRITING COORDINATES TO DCD FILE adk-step1.dcd AT STEP 3000
WRITING COORDINATES TO RESTART FILE AT STEP 3000
FINISHED WRITING RESTART COORDINATES
The last position output (seq=3000) takes 0.002 seconds, 831.688 MB of memory in use
WRITING VELOCITIES TO RESTART FILE AT STEP 3000
FINISHED WRITING RESTART VELOCITIES
The last velocity output (seq=3000) takes 0.002 seconds, 831.688 MB of memory in use
PRESSURE: 3100 0 0 0 0 0 0 0 0 0
GPRESSURE: 3100 0 0 0 0 0 0 0 0 0
PRESSAVG: 3100 0 0 0 0 0 0 0 0 0
GPRESSAVG: 3100 0 0 0 0 0 0 0 0 0
ENERGY:    3100      1081.1266      1684.2369      2081.5763       160.1911            -40.6949      -788.7498         0.0000      4080.8841      2943.7076          11202.2780       295.5884      8258.5704     11227.2163       295.0323

PRESSURE: 3200 0 0 0 0 0 0 0 0 0
GPRESSURE: 3200 0 0 0 0 0 0 0 0 0
PRESSAVG: 3200 0 0 0 0 0 0 0 0 0
GPRESSAVG: 3200 0 0 0 0 0 0 0 0 0
ENERGY:    3200      1058.8342      1717.4290      2071.4048       142.2529            -39.4325      -827.0542         0.0000      4094.7674      2943.1740          11161.3757       295.5348      8218.2018     11186.1928       295.6581

PRESSURE: 3300 0 0 0 0 0 0 0 0 0
GPRESSURE: 3300 0 0 0 0 0 0 0 0 0
PRESSAVG: 3300 0 0 0 0 0 0 0 0 0
GPRESSAVG: 3300 0 0 0 0 0 0 0 0 0
ENERGY:    3300      1080.7353      1676.3922      2072.0509       154.9861            -39.0680      -802.4479         0.0000      4094.4392      2917.3095          11154.3973       292.9376      8237.0878     11178.3280       294.0157

PRESSURE: 3400 0 0 0 0 0 0 0 0 0
GPRESSURE: 3400 0 0 0 0 0 0 0 0 0
PRESSAVG: 3400 0 0 0 0 0 0 0 0 0
GPRESSAVG: 3400 0 0 0 0 0 0 0 0 0
ENERGY:    3400      1085.7368      1694.3676      2065.1660       164.4121            -41.1941      -817.9572         0.0000      4091.1889      2884.5928          11126.3129       289.6524      8241.7201     11152.6884       290.6212

PRESSURE: 3500 0 0 0 0 0 0 0 0 0
GPRESSURE: 3500 0 0 0 0 0 0 0 0 0
PRESSAVG: 3500 0 0 0 0 0 0 0 0 0
GPRESSAVG: 3500 0 0 0 0 0 0 0 0 0
ENERGY:    3500      1048.9041      1693.3674      2036.6336       165.3510            -41.0049      -800.5525         0.0000      4075.2365      2908.7820          11086.7170       292.0813      8177.9350     11110.7827       293.7067

PRESSURE: 3600 0 0 0 0 0 0 0 0 0
GPRESSURE: 3600 0 0 0 0 0 0 0 0 0
PRESSAVG: 3600 0 0 0 0 0 0 0 0 0
GPRESSAVG: 3600 0 0 0 0 0 0 0 0 0
ENERGY:    3600      1071.3504      1688.4594      2079.3280       159.4663            -40.2031      -797.5688         0.0000      4074.9346      2932.0103          11167.7771       294.4138      8235.7668     11192.2010       292.5422

PRESSURE: 3700 0 0 0 0 0 0 0 0 0
GPRESSURE: 3700 0 0 0 0 0 0 0 0 0
PRESSAVG: 3700 0 0 0 0 0 0 0 0 0
GPRESSAVG: 3700 0 0 0 0 0 0 0 0 0
ENERGY:    3700      1116.2316      1684.4823      2068.5932       153.4809            -40.6198      -805.0061         0.0000      4077.5099      3015.8130          11270.4849       302.8287      8254.6720     11293.8854       296.9286

PRESSURE: 3800 0 0 0 0 0 0 0 0 0
GPRESSURE: 3800 0 0 0 0 0 0 0 0 0
PRESSAVG: 3800 0 0 0 0 0 0 0 0 0
GPRESSAVG: 3800 0 0 0 0 0 0 0 0 0
ENERGY:    3800      1110.5757      1730.9133      2077.4344       152.8533            -41.1054      -777.1745         0.0000      4082.2323      2951.3254          11287.0546       296.3533      8335.7292     11307.6969       300.8537

PRESSURE: 3900 0 0 0 0 0 0 0 0 0
GPRESSURE: 3900 0 0 0 0 0 0 0 0 0
PRESSAVG: 3900 0 0 0 0 0 0 0 0 0
GPRESSAVG: 3900 0 0 0 0 0 0 0 0 0
ENERGY:    3900      1105.6747      1754.1730      2076.2880       151.2089            -41.6394      -827.2719         0.0000      4073.6563      2987.6995          11279.7892       300.0057      8292.0897     11305.9234       300.6471

PRESSURE: 4000 0 0 0 0 0 0 0 0 0
GPRESSURE: 4000 0 0 0 0 0 0 0 0 0
PRESSAVG: 4000 0 0 0 0 0 0 0 0 0
GPRESSAVG: 4000 0 0 0 0 0 0 0 0 0
TIMING: 4000  CPU: 2.03035, 0.000493658/step  Wall: 2.05244, 0.000503408/step, 0.000139835 hours remaining, 831.687500 MB of memory in use.
ETITLE:      TS           BOND          ANGLE          DIHED          IMPRP               ELECT            VDW       BOUNDARY           MISC        KINETIC               TOTAL           TEMP      POTENTIAL         TOTAL3        TEMPAVG

ENERGY:    4000      1113.0652      1698.4632      2075.0274       158.9780            -40.2738      -825.9830         0.0000      4082.6768      2956.4682          11218.4220       296.8697      8261.9538     11243.8344       299.2869

WRITING EXTENDED SYSTEM TO RESTART FILE AT STEP 4000
WRITING COORDINATES TO DCD FILE adk-step1.dcd AT STEP 4000
WRITING COORDINATES TO RESTART FILE AT STEP 4000
FINISHED WRITING RESTART COORDINATES
The last position output (seq=4000) takes 0.002 seconds, 831.688 MB of memory in use
WRITING VELOCITIES TO RESTART FILE AT STEP 4000
FINISHED WRITING RESTART VELOCITIES
The last velocity output (seq=4000) takes 0.002 seconds, 831.688 MB of memory in use
PRESSURE: 4100 0 0 0 0 0 0 0 0 0
GPRESSURE: 4100 0 0 0 0 0 0 0 0 0
PRESSAVG: 4100 0 0 0 0 0 0 0 0 0
GPRESSAVG: 4100 0 0 0 0 0 0 0 0 0
ENERGY:    4100      1079.9916      1722.3461      2090.1718       154.8253            -40.3596      -814.8386         0.0000      4077.9734      2922.4627          11192.5728       293.4551      8270.1101     11214.8181       297.9107

PRESSURE: 4200 0 0 0 0 0 0 0 0 0
GPRESSURE: 4200 0 0 0 0 0 0 0 0 0
PRESSAVG: 4200 0 0 0 0 0 0 0 0 0
GPRESSAVG: 4200 0 0 0 0 0 0 0 0 0
ENERGY:    4200      1098.3484      1753.2597      2091.2174       152.7884            -40.4768      -815.2829         0.0000      4080.9086      2869.7072          11190.4700       288.1577      8320.7628     11212.2686       295.7721

LDB: ============= START OF LOAD BALANCING ============== 4.65463
LDB: ============== END OF LOAD BALANCING =============== 4.6547
Info: useSync: 0 useProxySync: 0
LDB: =============== DONE WITH MIGRATION ================ 4.65479
PRESSURE: 4300 0 0 0 0 0 0 0 0 0
GPRESSURE: 4300 0 0 0 0 0 0 0 0 0
PRESSAVG: 4300 0 0 0 0 0 0 0 0 0
GPRESSAVG: 4300 0 0 0 0 0 0 0 0 0
ENERGY:    4300      1104.3245      1707.8129      2085.1583       161.2021            -40.1847      -849.3767         0.0000      4082.9770      2963.4487          11215.3621       297.5706      8251.9133     11237.2506       298.3319

LDB: ============= START OF LOAD BALANCING ============== 4.70581
LDB: TIME 4.70602 LOAD: AVG 0.0135911 MAX 0.0338603  PROXIES: TOTAL 173 MAXPE 7 MAXPATCH 7 None MEM: 831.688 MB
LDB: TIME 4.70619 LOAD: AVG 0.0135911 MAX 0.0338603  PROXIES: TOTAL 173 MAXPE 7 MAXPATCH 7 RefineTorusLB MEM: 831.938 MB
LDB: TIME 4.70629 LOAD: AVG 0.0135911 MAX 0.0338603  PROXIES: TOTAL 173 MAXPE 7 MAXPATCH 7 RefineTorusLB MEM: 831.938 MB
LDB: ============== END OF LOAD BALANCING =============== 4.70647
Info: build node-aware spanning tree with send: 1, recv: 0 with branch factor 4
Info: useSync: 0 useProxySync: 0
LDB: =============== DONE WITH MIGRATION ================ 4.70708
PRESSURE: 4400 0 0 0 0 0 0 0 0 0
GPRESSURE: 4400 0 0 0 0 0 0 0 0 0
PRESSAVG: 4400 0 0 0 0 0 0 0 0 0
GPRESSAVG: 4400 0 0 0 0 0 0 0 0 0
ENERGY:    4400      1076.5119      1707.1132      2082.2760       156.2207            -40.5172      -803.9193         0.0000      4084.2586      2987.8379          11249.7817       300.0196      8261.9438     11273.0674       298.6815

PRESSURE: 4500 0 0 0 0 0 0 0 0 0
GPRESSURE: 4500 0 0 0 0 0 0 0 0 0
PRESSAVG: 4500 0 0 0 0 0 0 0 0 0
GPRESSAVG: 4500 0 0 0 0 0 0 0 0 0
ENERGY:    4500      1087.8799      1710.1631      2083.4903       151.8281            -40.8248      -821.6408         0.0000      4082.5883      3053.7737          11307.2578       306.6405      8253.4841     11335.5962       298.8056

PRESSURE: 4600 0 0 0 0 0 0 0 0 0
GPRESSURE: 4600 0 0 0 0 0 0 0 0 0
PRESSAVG: 4600 0 0 0 0 0 0 0 0 0
GPRESSAVG: 4600 0 0 0 0 0 0 0 0 0
ENERGY:    4600      1067.7856      1714.1581      2071.2720       147.1016            -41.0329      -804.7638         0.0000      4087.6384      3027.2085          11269.3673       303.9730      8242.1588     11296.0446       299.4387

PRESSURE: 4700 0 0 0 0 0 0 0 0 0
GPRESSURE: 4700 0 0 0 0 0 0 0 0 0
PRESSAVG: 4700 0 0 0 0 0 0 0 0 0
GPRESSAVG: 4700 0 0 0 0 0 0 0 0 0
ENERGY:    4700      1068.6908      1699.5480      2126.7309       162.4740            -41.0795      -796.5522         0.0000      4093.1149      3003.2661          11316.1930       301.5688      8312.9269     11340.8827       301.2709

PRESSURE: 4800 0 0 0 0 0 0 0 0 0
GPRESSURE: 4800 0 0 0 0 0 0 0 0 0
PRESSAVG: 4800 0 0 0 0 0 0 0 0 0
GPRESSAVG: 4800 0 0 0 0 0 0 0 0 0
ENERGY:    4800      1140.4290      1730.3481      2087.9307       143.9806            -41.1874      -830.5266         0.0000      4102.6936      2958.4097          11292.0777       297.0646      8333.6680     11315.8187       300.5923

PRESSURE: 4900 0 0 0 0 0 0 0 0 0
GPRESSURE: 4900 0 0 0 0 0 0 0 0 0
PRESSAVG: 4900 0 0 0 0 0 0 0 0 0
GPRESSAVG: 4900 0 0 0 0 0 0 0 0 0
ENERGY:    4900      1049.9017      1688.7017      2098.1298       150.8405            -40.6323      -784.8284         0.0000      4092.5687      2976.6918          11231.3734       298.9004      8254.6816     11256.2999       298.8328

PRESSURE: 5000 0 0 0 0 0 0 0 0 0
GPRESSURE: 5000 0 0 0 0 0 0 0 0 0
PRESSAVG: 5000 0 0 0 0 0 0 0 0 0
GPRESSAVG: 5000 0 0 0 0 0 0 0 0 0
TIMING: 5000  CPU: 2.54619, 0.000515839/step  Wall: 2.57034, 0.0005179/step, 0 hours remaining, 831.937500 MB of memory in use.
ETITLE:      TS           BOND          ANGLE          DIHED          IMPRP               ELECT            VDW       BOUNDARY           MISC        KINETIC               TOTAL           TEMP      POTENTIAL         TOTAL3        TEMPAVG

ENERGY:    5000      1131.9695      1693.0066      2080.7044       161.5178            -41.3851      -818.2637         0.0000      4086.1261      3002.4006          11296.0762       301.4819      8293.6756     11318.9035       299.3884

WRITING EXTENDED SYSTEM TO RESTART FILE AT STEP 5000
WRITING COORDINATES TO DCD FILE adk-step1.dcd AT STEP 5000
WRITING COORDINATES TO RESTART FILE AT STEP 5000
FINISHED WRITING RESTART COORDINATES
The last position output (seq=5000) takes 0.002 seconds, 832.625 MB of memory in use
WRITING VELOCITIES TO RESTART FILE AT STEP 5000
FINISHED WRITING RESTART VELOCITIES
The last velocity output (seq=5000) takes 0.002 seconds, 832.625 MB of memory in use
WRITING EXTENDED SYSTEM TO OUTPUT FILE AT STEP 5000
WRITING COORDINATES TO OUTPUT FILE AT STEP 5000
CLOSING COORDINATE DCD FILE adk-step1.dcd
The last position output (seq=-2) takes 0.004 seconds, 832.625 MB of memory in use
WRITING VELOCITIES TO OUTPUT FILE AT STEP 5000
====================================================

WallClock: 5.033741  CPUTime: 3.583950  Memory: 832.625000 MB
End of program
