2_10_cc.dat
/gpfs/alpine/bip115/scratch/hrlee/radical.pilot.sandbox/re.session.login1.hrlee.018632.0005/pilot.0000/staging_area/2_10_cc.dat
2, 10
Choosing optimized barrier algorithm name I0:HybridBinomial:SHMEM:P2P
Converse/Charm++ Commit ID: v6.10.2-0-g7bf00fa-namd-charm-6.10.2-build-2020-Aug-05-556
Warning> Randomization of virtual memory (ASLR) is turned on in the kernel, thread migration may not work! Run 'echo 0 > /proc/sys/kernel/randomize_va_space' as root to disable it, or try running with '+isomalloc_sync'.
CharmLB> Load balancer assumes all CPUs are same.
Charm++> Running on 1 hosts (1 sockets x 7 cores x 4 PUs = 28-way SMP)
Charm++> cpu topology info is gathered in 0.003 seconds.
Info: Built with CUDA version 10010
Did not find +devices i,j,k,... argument, using all
Pe 12 physical rank 12 will use CUDA device of pe 7
Pe 19 physical rank 19 will use CUDA device of pe 14
Pe 34 physical rank 34 will use CUDA device of pe 28
Pe 27 physical rank 27 will use CUDA device of pe 21
Pe 9 physical rank 9 will use CUDA device of pe 7
Pe 5 physical rank 5 will use CUDA device of pe 4
Pe 16 physical rank 16 will use CUDA device of pe 14
Pe 33 physical rank 33 will use CUDA device of pe 28
Pe 23 physical rank 23 will use CUDA device of pe 21
Pe 13 physical rank 13 will use CUDA device of pe 7
Pe 2 physical rank 2 will use CUDA device of pe 4
Pe 36 physical rank 36 will use CUDA device of pe 35
Pe 18 physical rank 18 will use CUDA device of pe 14
Pe 32 physical rank 32 will use CUDA device of pe 28
Pe 25 physical rank 25 will use CUDA device of pe 21
Pe 10 physical rank 10 will use CUDA device of pe 7
Pe 6 physical rank 6 will use CUDA device of pe 4
Pe 40 physical rank 40 will use CUDA device of pe 35
Pe 20 physical rank 20 will use CUDA device of pe 14
Pe 31 physical rank 31 will use CUDA device of pe 28
Pe 26 physical rank 26 will use CUDA device of pe 21
Pe 11 physical rank 11 will use CUDA device of pe 7
Pe 3 physical rank 3 will use CUDA device of pe 4
Pe 39 physical rank 39 will use CUDA device of pe 35
Pe 17 physical rank 17 will use CUDA device of pe 14
Pe 30 physical rank 30 will use CUDA device of pe 28
Pe 24 physical rank 24 will use CUDA device of pe 21
Pe 8 physical rank 8 will use CUDA device of pe 7
Pe 41 physical rank 41 will use CUDA device of pe 35
Pe 15 physical rank 15 will use CUDA device of pe 14
Pe 29 physical rank 29 will use CUDA device of pe 28
Pe 22 physical rank 22 will use CUDA device of pe 21
Pe 1 physical rank 1 will use CUDA device of pe 4
Pe 38 physical rank 38 will use CUDA device of pe 35
Pe 0 physical rank 0 will use CUDA device of pe 4
Pe 37 physical rank 37 will use CUDA device of pe 35
Pe 7 physical rank 7 binding to CUDA device 0 on h35n16: 'Tesla V100-SXM2-16GB'  Mem: 16128MB  Rev: 7.0  PCI: 4:5:0
Pe 4 physical rank 4 binding to CUDA device 0 on h35n16: 'Tesla V100-SXM2-16GB'  Mem: 16128MB  Rev: 7.0  PCI: 4:4:0
Pe 14 physical rank 14 binding to CUDA device 0 on h35n16: 'Tesla V100-SXM2-16GB'  Mem: 16128MB  Rev: 7.0  PCI: 4:6:0
Pe 28 physical rank 28 binding to CUDA device 0 on h35n16: 'Tesla V100-SXM2-16GB'  Mem: 16128MB  Rev: 7.0  PCI: 35:4:0
Pe 21 physical rank 21 binding to CUDA device 0 on h35n16: 'Tesla V100-SXM2-16GB'  Mem: 16128MB  Rev: 7.0  PCI: 35:3:0
Pe 35 physical rank 35 binding to CUDA device 0 on h35n16: 'Tesla V100-SXM2-16GB'  Mem: 16128MB  Rev: 7.0  PCI: 35:5:0
Info: NAMD 2.14 for Linux-POWER-pami-smp-Summit-CUDA
Info: 
Info: Please visit http://www.ks.uiuc.edu/Research/namd/
Info: for updates, documentation, and support information.
Info: 
Info: Please cite Phillips et al., J. Chem. Phys. 153:044130 (2020) doi:10.1063/5.0014475
Info: in all publications reporting results obtained with NAMD.
Info: 
Info: Based on Charm++/Converse 61002 for pami-linux-ppc64le-smp
Info: Built Wed Aug 5 14:28:51 EDT 2020 by jimp on login2
Info: 1 NAMD  2.14  Linux-POWER-pami-smp-Summit-CUDA  42    h35n16  hrlee
Info: Running on 42 processors, 6 nodes, 1 physical nodes.
Info: CPU topology information available.
Info: Charm++/Converse parallel runtime startup completed at 1.4264 s
CkLoopLib is used in SMP with simple dynamic scheduling (converse-level notification)
Info: 791.625 MB of memory in use based on /proc/self/stat
Info: Configuration file is adk-step1.namd
Info: Working in the current directory /gpfs/alpine/bip115/scratch/hrlee/radical.pilot.sandbox/re.session.login1.hrlee.018632.0005/pilot.0000/unit.000730
TCL: Suspending until startup complete.
Info: SIMULATION PARAMETERS:
Info: TIMESTEP               1
Info: NUMBER OF STEPS        0
Info: STEPS PER CYCLE        20
Info: LOAD BALANCER  Centralized
Info: LOAD BALANCING STRATEGY  New Load Balancers -- DEFAULT
Info: LDB PERIOD             4000 steps
Info: FIRST LDB TIMESTEP     100
Info: LAST LDB TIMESTEP     -1
Info: LDB BACKGROUND SCALING 1
Info: HOM BACKGROUND SCALING 1
Info: MIN ATOMS PER PATCH    40
Info: VELOCITY FILE          2_10_adk-step1.restart.vel
Info: CENTER OF MASS MOVING INITIALLY? NO
Info: DIELECTRIC             80
Info: EXCLUDE                SCALED ONE-FOUR
Info: 1-4 ELECTROSTATICS SCALED BY 1
Info: MODIFIED 1-4 VDW PARAMETERS WILL BE USED
Info: DCD FILENAME           adk-step1.dcd
Info: DCD FREQUENCY          1000
Info: DCD FIRST STEP         1000
Info: NO EXTENDED SYSTEM TRAJECTORY OUTPUT
Info: NO VELOCITY DCD OUTPUT
Info: NO FORCE DCD OUTPUT
Info: OUTPUT FILENAME        adk-step1
Info: BINARY OUTPUT FILES WILL BE USED
Info: RESTART FILENAME       adk-step1.restart
Info: RESTART FREQUENCY      1000
Info: BINARY RESTART FILES WILL BE USED
Info: SWITCHING ACTIVE
Info: SWITCHING ON           9
Info: SWITCHING OFF          10
Info: PAIRLIST DISTANCE      11
Info: PAIRLIST SHRINK RATE   0.01
Info: PAIRLIST GROW RATE     0.01
Info: PAIRLIST TRIGGER       0.3
Info: PAIRLISTS PER CYCLE    2
Info: PAIRLISTS ENABLED
Info: MARGIN                 0
Info: HYDROGEN GROUP CUTOFF  2.5
Info: PATCH DIMENSION        13.5
Info: ENERGY OUTPUT STEPS    100
Info: CROSSTERM ENERGY INCLUDED IN DIHEDRAL
Info: TIMING OUTPUT STEPS    1000
Info: PRESSURE OUTPUT STEPS  100
Info: GRID FORCE ACTIVE
Info:  Please include this reference in published work using
Info:  the Gridforce module of NAMD: David Wells, Volha Abramkina,
Info:  and Aleksei Aksimentiev, J. Chem. Phys. 127:125101-10 (2007).
Info: MGRIDFORCE key 0
Info:            Potfile 4ake-target_autopsf-grid.dx
Info:            Scale 0.3 0.3 0.3
Info:            File 1ake-docked-noh_autopsf-grid.pdb
Info:            Col O
Info:            ChargeCol B
Info:            VOffset 0 0 0
Info:            Continuous K1 FALSE
Info:            Continuous K2 FALSE
Info:            Continuous K3 FALSE
Info:            Volts FALSE
Info:            Gridforce-Lite FALSE
Info:            Gridforce-CheckSize TRUE
Info: LANGEVIN DYNAMICS ACTIVE
Info: LANGEVIN TEMPERATURE   300
Info: LANGEVIN USING BBK INTEGRATOR
Info: LANGEVIN DAMPING COEFFICIENT IS 5 INVERSE PS
Info: LANGEVIN DYNAMICS NOT APPLIED TO HYDROGENS
Info: USING VERLET I (r-RESPA) MTS SCHEME.
Info: C1 SPLITTING OF LONG RANGE ELECTROSTATICS
Info: PLACING ATOMS IN PATCHES BY HYDROGEN GROUPS
Info: RIGID BONDS TO HYDROGEN : WATER
Info:         ERROR TOLERANCE : 1e-08
Info:          MAX ITERATIONS : 100
Info: RIGID WATER USING SETTLE ALGORITHM
Info: NONBONDED FORCES EVALUATED EVERY 2 STEPS
Info: RANDOM NUMBER SEED     1609828214
Info: USE HYDROGEN BONDS?    NO
Info: COORDINATE PDB         1ake-docked-noh_autopsf.pdb
Info: STRUCTURE FILE         1ake-docked-noh_autopsf.psf
Info: PARAMETER file: CHARMM format! 
Info: PARAMETERS             par_all36_prot.prm
Info: USING ARITHMETIC MEAN TO COMBINE L-J SIGMA PARAMETERS
Info: BINARY COORDINATES     2_10_adk-step1.restart.coor
Info: SUMMARY OF PARAMETERS:
Info: 132 BONDS
Info: 362 ANGLES
Info: 702 DIHEDRAL
Info: 35 IMPROPER
Info: 6 CROSSTERM
Info: 53 VDW
Info: 0 VDW_PAIRS
Info: 0 NBTHOLE_PAIRS
Info: TIME FOR READING PSF FILE: 0.306026
Info: READING EXTRA BONDS FILE 1ake-extrabonds.txt
Info: READING EXTRA BONDS FILE 1ake-extrabonds-cispeptide.txt
Info: READING EXTRA BONDS FILE 1ake-extrabonds-chirality.txt
Info: READ 80 EXTRA BONDS
Info: READ 80 EXTRA ANGLES
Warning: EXTRA ANGLES ARE COSINE-BASED BY DEFAULT TO MATCH PREVIOUS VERSIONS
Warning: FOR NORMAL HARMONIC EXTRA ANGLES SET extraBondsCosAngles off
Info: READ 493 EXTRA DIHEDRALS
Info: READ 438 EXTRA IMPROPERS
Info: Reading pdb file 1ake-docked-noh_autopsf.pdb
Info: TIME FOR READING PDB FILE: 0.0131476
Info: 
Info: ****************************
Info: STRUCTURE SUMMARY:
Info: 3341 ATOMS
Info: 3445 BONDS
Info: 6203 ANGLES
Info: 9414 DIHEDRALS
Info: 1005 IMPROPERS
Info: 212 CROSSTERMS
Info: 0 EXCLUSIONS
Info: 0 RIGID BONDS
Info: 1 GRIDS ACTIVE
Info: 10023 DEGREES OF FREEDOM
Info: 1656 HYDROGEN GROUPS
Info: 4 ATOMS IN LARGEST HYDROGEN GROUP
Info: 1656 MIGRATION GROUPS
Info: 4 ATOMS IN LARGEST MIGRATION GROUP
Info: TOTAL MASS = 23582 amu
Info: TOTAL CHARGE = -4 e
Info: *****************************
Info: Reading from binary file 2_10_adk-step1.restart.coor
Info: 
Info: Entering startup at 2.11754 s, 798.375 MB of memory in use
Info: Startup phase 0 took 0.000199352 s, 798.5 MB of memory in use
Info: ADDED 18308 IMPLICIT EXCLUSIONS
Info: Startup phase 1 took 0.00854225 s, 798.625 MB of memory in use
Info: NONBONDED TABLE R-SQUARED SPACING: 0.0625
Info: NONBONDED TABLE SIZE: 705 POINTS
Info: ABSOLUTE IMPRECISION IN FAST TABLE ENERGY: 3.38813e-21 AT 9.89634
Info: RELATIVE IMPRECISION IN FAST TABLE ENERGY: 4.23384e-15 AT 9.94673
Info: ABSOLUTE IMPRECISION IN FAST TABLE FORCE: 6.35275e-22 AT 9.94673
Info: RELATIVE IMPRECISION IN FAST TABLE FORCE: 5.07982e-16 AT 9.94673
Info: INCONSISTENCY IN FAST TABLE ENERGY VS FORCE: 0.000290185 AT 0.251946
Info: ABSOLUTE IMPRECISION IN VDWA TABLE ENERGY: 1.57772e-30 AT 9.89634
Info: RELATIVE IMPRECISION IN VDWA TABLE ENERGY: 4.54938e-15 AT 9.94673
Info: ABSOLUTE IMPRECISION IN VDWA TABLE FORCE: 5.91646e-31 AT 9.94673
Info: RELATIVE IMPRECISION IN VDWA TABLE FORCE: 5.6823e-16 AT 9.94673
Info: INCONSISTENCY IN VDWA TABLE ENERGY VS FORCE: 0.0040507 AT 0.251946
Info: ABSOLUTE IMPRECISION IN VDWB TABLE ENERGY: 4.71751e-25 AT 9.94673
Info: RELATIVE IMPRECISION IN VDWB TABLE ENERGY: 1.45371e-14 AT 9.94673
Info: ABSOLUTE IMPRECISION IN VDWB TABLE FORCE: 6.20385e-25 AT 9.94673
Info: RELATIVE IMPRECISION IN VDWB TABLE FORCE: 5.97512e-16 AT 9.94673
Info: INCONSISTENCY IN VDWB TABLE ENERGY VS FORCE: 0.00377068 AT 9.07951
Info: Startup phase 2 took 0.000614535 s, 799.938 MB of memory in use
Info: Startup phase 3 took 0.000193265 s, 800.312 MB of memory in use
Info: Startup phase 4 took 0.000254039 s, 800.438 MB of memory in use
Info: Startup phase 5 took 0.000176465 s, 800.438 MB of memory in use
Info: ORIGINAL ATOMS MINMAX IS -22.6542 -33.321 -34.5077  17.1126 12.336 17.1731
Info: ADJUSTED ATOMS MINMAX IS -17.4932 -27.1517 -30.1518  11.6257 7.0258 7.62123
Info: PATCH GRID IS 5 BY 3 BY 3
Info: PATCH GRID IS 2-AWAY BY 1-AWAY BY 1-AWAY
Info: Reading from binary file 2_10_adk-step1.restart.vel
Info: REMOVING COM VELOCITY -0.0780508 -0.00762922 -0.2053
Info: LARGEST PATCH (37) HAS 152 ATOMS
Info: TORUS A SIZE 1 USING 0
Info: TORUS B SIZE 1 USING 0
Info: TORUS C SIZE 1 USING 0
Info: TORUS MINIMAL MESH SIZE IS 1 BY 1 BY 1
Info: Placed 100% of base nodes on same physical node as patch
Info: Startup phase 6 took 0.00798724 s, 800.562 MB of memory in use
Info: Startup phase 7 took 0.000186357 s, 801.5 MB of memory in use
Info: Updated CUDA force table with 4096 elements.
Info: Updated CUDA LJ table with 53 x 53 elements.
Info: Updated CUDA force table with 4096 elements.
Info: Updated CUDA LJ table with 53 x 53 elements.
Info: Updated CUDA force table with 4096 elements.
Info: Updated CUDA LJ table with 53 x 53 elements.
Info: Updated CUDA force table with 4096 elements.
Info: Updated CUDA LJ table with 53 x 53 elements.
Info: Updated CUDA force table with 4096 elements.
Info: Updated CUDA LJ table with 53 x 53 elements.
Info: Updated CUDA force table with 4096 elements.
Info: Updated CUDA LJ table with 53 x 53 elements.
Info: Startup phase 8 took 0.0036101 s, 801.625 MB of memory in use
Info: Startup phase 9 took 0.000380118 s, 801.688 MB of memory in use
Info: Startup phase 10 took 0.000187872 s, 801.75 MB of memory in use
Info: Startup phase 11 took 0.000820347 s, 801.875 MB of memory in use
LDB: Central LB being created...
Info: Startup phase 12 took 0.00220453 s, 802.562 MB of memory in use
Info: CREATING 1139 COMPUTE OBJECTS
Info: Found 278 unique exclusion lists needing 900 bytes
Info: Found 278 unique exclusion lists needing 900 bytes
Info: Found 278 unique exclusion lists needing 900 bytes
Info: Found 278 unique exclusion lists needing 900 bytes
Info: Found 278 unique exclusion lists needing 900 bytes
Info: Found 278 unique exclusion lists needing 900 bytes
Info: Startup phase 13 took 0.0161152 s, 803.562 MB of memory in use
Info: Building spanning tree ... send: 1 recv: 0 with branch factor 4
Info: useSync: 0 useProxySync: 0
Info: Startup phase 14 took 0.000211443 s, 803.625 MB of memory in use
Info: Startup phase 15 took 0.000148466 s, 803.812 MB of memory in use
Info: Finished startup at 2.15937 s, 803.875 MB of memory in use

TCL: Running for 5000 steps
PRESSURE: 0 0 0 0 0 0 0 0 0 0
GPRESSURE: 0 0 0 0 0 0 0 0 0 0
ETITLE:      TS           BOND          ANGLE          DIHED          IMPRP               ELECT            VDW       BOUNDARY           MISC        KINETIC               TOTAL           TEMP      POTENTIAL         TOTAL3        TEMPAVG

ENERGY:       0      1084.2486      1713.2553      2066.0732       160.6028            -40.7151      -826.0950         0.0000      5267.3979      2991.6649          12416.4326       300.4039      9424.7677     12439.9544       300.4039

LDB: ============= START OF LOAD BALANCING ============== 2.17101
LDB: ============== END OF LOAD BALANCING =============== 2.17106
Info: useSync: 0 useProxySync: 0
LDB: =============== DONE WITH MIGRATION ================ 2.17115
LDB: ============= START OF LOAD BALANCING ============== 2.20901
LDB: Partitioning computes with target load 0.000000
LDB: Increased migratable compute count from 0 to 0
LDB: Largest unpartitionable compute is 0.000000
LDB: ============== END OF LOAD BALANCING =============== 2.20931
Info: build node-aware spanning tree with send: 1, recv: 0 with branch factor 4
Info: useSync: 0 useProxySync: 0
LDB: =============== DONE WITH MIGRATION ================ 2.21009
PRESSURE: 100 0 0 0 0 0 0 0 0 0
GPRESSURE: 100 0 0 0 0 0 0 0 0 0
PRESSAVG: 100 0 0 0 0 0 0 0 0 0
GPRESSAVG: 100 0 0 0 0 0 0 0 0 0
Info: Initial time: 42 CPUs 0.000474628 s/step 0.00549338 days/ns 819.5 MB memory
ENERGY:     100      1085.9140      1742.9611      2038.9502       149.9704            -40.9167      -806.0307         0.0000      5282.1747      2977.7409          12430.7638       299.0058      9453.0229     12456.3966       297.6817

LDB: ============= START OF LOAD BALANCING ============== 2.2195
LDB: ============== END OF LOAD BALANCING =============== 2.21954
Info: useSync: 0 useProxySync: 0
LDB: =============== DONE WITH MIGRATION ================ 2.21962
LDB: ============= START OF LOAD BALANCING ============== 2.25721
LDB: TIME 2.25742 LOAD: AVG 0.0117813 MAX 0.0294481  PROXIES: TOTAL 173 MAXPE 10 MAXPATCH 7 None MEM: 820.188 MB
LDB: TIME 2.25758 LOAD: AVG 0.0117813 MAX 0.0294481  PROXIES: TOTAL 173 MAXPE 10 MAXPATCH 7 TorusLB MEM: 820.25 MB
LDB: ============== END OF LOAD BALANCING =============== 2.25783
Info: build node-aware spanning tree with send: 1, recv: 0 with branch factor 4
Info: useSync: 0 useProxySync: 0
LDB: =============== DONE WITH MIGRATION ================ 2.25856
PRESSURE: 200 0 0 0 0 0 0 0 0 0
GPRESSURE: 200 0 0 0 0 0 0 0 0 0
PRESSAVG: 200 0 0 0 0 0 0 0 0 0
GPRESSAVG: 200 0 0 0 0 0 0 0 0 0
Info: Initial time: 42 CPUs 0.000467691 s/step 0.00541309 days/ns 820.25 MB memory
ENERGY:     200      1118.0728      1711.5885      2066.4393       159.2194            -40.1583      -820.1974         0.0000      5280.3857      2928.9097          12404.2597       294.1024      9475.3500     12426.5145       298.4075

LDB: ============= START OF LOAD BALANCING ============== 2.30494
LDB: TIME 2.30519 LOAD: AVG 0.0145387 MAX 0.0363669  PROXIES: TOTAL 173 MAXPE 10 MAXPATCH 7 None MEM: 821.188 MB
LDB: TIME 2.30533 LOAD: AVG 0.0145387 MAX 0.0363669  PROXIES: TOTAL 173 MAXPE 10 MAXPATCH 7 RefineTorusLB MEM: 821.188 MB
LDB: TIME 2.30547 LOAD: AVG 0.0145387 MAX 0.0363669  PROXIES: TOTAL 173 MAXPE 10 MAXPATCH 7 RefineTorusLB MEM: 821.188 MB
LDB: Reverting to original mapping
LDB: ============== END OF LOAD BALANCING =============== 2.30569
Info: build node-aware spanning tree with send: 1, recv: 0 with branch factor 4
Info: useSync: 0 useProxySync: 0
LDB: =============== DONE WITH MIGRATION ================ 2.30642
PRESSURE: 300 0 0 0 0 0 0 0 0 0
GPRESSURE: 300 0 0 0 0 0 0 0 0 0
PRESSAVG: 300 0 0 0 0 0 0 0 0 0
GPRESSAVG: 300 0 0 0 0 0 0 0 0 0
Info: Initial time: 42 CPUs 0.000462067 s/step 0.005348 days/ns 821.188 MB memory
ENERGY:     300      1091.9649      1746.7316      2084.0626       152.6372            -40.6634      -843.3793         0.0000      5274.0287      2939.3996          12404.7819       295.1558      9465.3823     12428.3910       296.3609

LDB: ============= START OF LOAD BALANCING ============== 2.35233
LDB: TIME 2.35256 LOAD: AVG 0.0140451 MAX 0.0366413  PROXIES: TOTAL 173 MAXPE 10 MAXPATCH 7 None MEM: 822.062 MB
LDB: TIME 2.3527 LOAD: AVG 0.0140451 MAX 0.0366413  PROXIES: TOTAL 173 MAXPE 10 MAXPATCH 7 RefineTorusLB MEM: 822.062 MB
LDB: TIME 2.35283 LOAD: AVG 0.0140451 MAX 0.0366413  PROXIES: TOTAL 173 MAXPE 10 MAXPATCH 7 RefineTorusLB MEM: 822.062 MB
LDB: ============== END OF LOAD BALANCING =============== 2.35308
Info: build node-aware spanning tree with send: 1, recv: 0 with branch factor 4
Info: useSync: 0 useProxySync: 0
LDB: =============== DONE WITH MIGRATION ================ 2.35379
PRESSURE: 400 0 0 0 0 0 0 0 0 0
GPRESSURE: 400 0 0 0 0 0 0 0 0 0
PRESSAVG: 400 0 0 0 0 0 0 0 0 0
GPRESSAVG: 400 0 0 0 0 0 0 0 0 0
Info: Benchmark time: 42 CPUs 0.000457172 s/step 0.00529134 days/ns 822.062 MB memory
ENERGY:     400      1095.7116      1669.9231      2079.0133       157.8742            -41.5808      -819.4261         0.0000      5259.7675      2949.1023          12350.3848       296.1301      9401.2826     12373.2005       294.1718

PRESSURE: 500 0 0 0 0 0 0 0 0 0
GPRESSURE: 500 0 0 0 0 0 0 0 0 0
PRESSAVG: 500 0 0 0 0 0 0 0 0 0
GPRESSAVG: 500 0 0 0 0 0 0 0 0 0
Info: Benchmark time: 42 CPUs 0.000453528 s/step 0.00524917 days/ns 822.75 MB memory
ENERGY:     500      1086.1285      1703.9970      2087.7487       147.3206            -40.9162      -816.0233         0.0000      5249.5648      2899.1998          12317.0200       291.1192      9417.8202     12342.9171       293.1419

PRESSURE: 600 0 0 0 0 0 0 0 0 0
GPRESSURE: 600 0 0 0 0 0 0 0 0 0
PRESSAVG: 600 0 0 0 0 0 0 0 0 0
GPRESSAVG: 600 0 0 0 0 0 0 0 0 0
Info: Benchmark time: 42 CPUs 0.000452881 s/step 0.00524168 days/ns 822.75 MB memory
ENERGY:     600      1103.9127      1671.6765      2081.4463       161.0759            -40.7353      -804.6235         0.0000      5250.9127      2905.4823          12329.1475       291.7500      9423.6653     12348.1964       294.0474

PRESSURE: 700 0 0 0 0 0 0 0 0 0
GPRESSURE: 700 0 0 0 0 0 0 0 0 0
PRESSAVG: 700 0 0 0 0 0 0 0 0 0
GPRESSAVG: 700 0 0 0 0 0 0 0 0 0
Info: Benchmark time: 42 CPUs 0.000436357 s/step 0.00505042 days/ns 822.75 MB memory
ENERGY:     700      1101.8419      1677.1783      2086.7950       144.3145            -39.9193      -811.8301         0.0000      5257.6493      2951.2984          12367.3280       296.3506      9416.0296     12390.5407       295.0935

PRESSURE: 800 0 0 0 0 0 0 0 0 0
GPRESSURE: 800 0 0 0 0 0 0 0 0 0
PRESSAVG: 800 0 0 0 0 0 0 0 0 0
GPRESSAVG: 800 0 0 0 0 0 0 0 0 0
Info: Benchmark time: 42 CPUs 0.000438638 s/step 0.00507683 days/ns 822.75 MB memory
ENERGY:     800      1100.0313      1688.7969      2056.1366       155.0215            -41.6179      -826.1836         0.0000      5265.5544      2988.2118          12385.9511       300.0572      9397.7394     12410.6822       296.7156

PRESSURE: 900 0 0 0 0 0 0 0 0 0
GPRESSURE: 900 0 0 0 0 0 0 0 0 0
PRESSAVG: 900 0 0 0 0 0 0 0 0 0
GPRESSAVG: 900 0 0 0 0 0 0 0 0 0
Info: Benchmark time: 42 CPUs 0.000438226 s/step 0.00507206 days/ns 822.75 MB memory
ENERGY:     900      1105.7186      1663.3659      2080.9019       144.2847            -40.7328      -795.4913         0.0000      5266.0821      2936.7070          12360.8361       294.8854      9424.1291     12382.6918       297.2581

PRESSURE: 1000 0 0 0 0 0 0 0 0 0
GPRESSURE: 1000 0 0 0 0 0 0 0 0 0
PRESSAVG: 1000 0 0 0 0 0 0 0 0 0
GPRESSAVG: 1000 0 0 0 0 0 0 0 0 0
TIMING: 1000  CPU: 0.475441, 0.000458447/step  Wall: 0.478762, 0.0004591/step, 0.000510111 hours remaining, 822.750000 MB of memory in use.
ETITLE:      TS           BOND          ANGLE          DIHED          IMPRP               ELECT            VDW       BOUNDARY           MISC        KINETIC               TOTAL           TEMP      POTENTIAL         TOTAL3        TEMPAVG

ENERGY:    1000      1118.8602      1716.3870      2073.1824       164.7582            -40.6012      -835.9326         0.0000      5267.8417      2959.6071          12424.1028       297.1849      9464.4956     12448.7796       298.6577

WRITING EXTENDED SYSTEM TO RESTART FILE AT STEP 1000
WRITING VELOCITIES TO RESTART FILE AT STEP 1000
FINISHED WRITING RESTART VELOCITIES
The last velocity output (seq=1000) takes 0.002 seconds, 822.875 MB of memory in use
OPENING COORDINATE DCD FILE
WRITING COORDINATES TO DCD FILE adk-step1.dcd AT STEP 1000
WRITING COORDINATES TO RESTART FILE AT STEP 1000
FINISHED WRITING RESTART COORDINATES
The last position output (seq=1000) takes 0.004 seconds, 822.875 MB of memory in use
PRESSURE: 1100 0 0 0 0 0 0 0 0 0
GPRESSURE: 1100 0 0 0 0 0 0 0 0 0
PRESSAVG: 1100 0 0 0 0 0 0 0 0 0
GPRESSAVG: 1100 0 0 0 0 0 0 0 0 0
ENERGY:    1100      1058.9073      1680.1201      2078.4438       151.0616            -40.5730      -778.5742         0.0000      5273.8758      2978.0132          12401.2746       299.0331      9423.2614     12428.5834       297.9623

PRESSURE: 1200 0 0 0 0 0 0 0 0 0
GPRESSURE: 1200 0 0 0 0 0 0 0 0 0
PRESSAVG: 1200 0 0 0 0 0 0 0 0 0
GPRESSAVG: 1200 0 0 0 0 0 0 0 0 0
ENERGY:    1200      1160.2977      1691.0280      2068.3197       152.4120            -40.3445      -853.0883         0.0000      5279.7916      2992.9782          12451.3944       300.5358      9458.4162     12475.8364       298.7399

PRESSURE: 1300 0 0 0 0 0 0 0 0 0
GPRESSURE: 1300 0 0 0 0 0 0 0 0 0
PRESSAVG: 1300 0 0 0 0 0 0 0 0 0
GPRESSAVG: 1300 0 0 0 0 0 0 0 0 0
ENERGY:    1300      1117.2867      1684.0146      2072.1265       155.7145            -39.6894      -821.4815         0.0000      5280.3226      3036.6668          12484.9610       304.9227      9448.2941     12511.7257       300.8960

PRESSURE: 1400 0 0 0 0 0 0 0 0 0
GPRESSURE: 1400 0 0 0 0 0 0 0 0 0
PRESSAVG: 1400 0 0 0 0 0 0 0 0 0
GPRESSAVG: 1400 0 0 0 0 0 0 0 0 0
ENERGY:    1400      1111.3884      1690.4024      2088.0739       146.9388            -39.8756      -833.2009         0.0000      5281.7882      3015.7667          12461.2818       302.8241      9445.5151     12485.1542       301.0979

PRESSURE: 1500 0 0 0 0 0 0 0 0 0
GPRESSURE: 1500 0 0 0 0 0 0 0 0 0
PRESSAVG: 1500 0 0 0 0 0 0 0 0 0
GPRESSAVG: 1500 0 0 0 0 0 0 0 0 0
ENERGY:    1500      1102.5286      1720.4152      2057.2594       157.6073            -39.0600      -795.3636         0.0000      5288.4002      2960.1431          12451.9301       297.2387      9491.7870     12475.2494       299.3594

PRESSURE: 1600 0 0 0 0 0 0 0 0 0
GPRESSURE: 1600 0 0 0 0 0 0 0 0 0
PRESSAVG: 1600 0 0 0 0 0 0 0 0 0
GPRESSAVG: 1600 0 0 0 0 0 0 0 0 0
ENERGY:    1600      1082.6767      1712.2329      2081.0135       155.5009            -39.9857      -819.8435         0.0000      5292.4689      3017.6071          12481.6708       303.0089      9464.0638     12505.0919       301.9001

PRESSURE: 1700 0 0 0 0 0 0 0 0 0
GPRESSURE: 1700 0 0 0 0 0 0 0 0 0
PRESSAVG: 1700 0 0 0 0 0 0 0 0 0
GPRESSAVG: 1700 0 0 0 0 0 0 0 0 0
ENERGY:    1700      1100.2418      1725.6370      2076.6175       157.0676            -40.0439      -822.3686         0.0000      5290.8665      2989.6445          12477.6625       300.2010      9488.0181     12500.7336       302.4854

PRESSURE: 1800 0 0 0 0 0 0 0 0 0
GPRESSURE: 1800 0 0 0 0 0 0 0 0 0
PRESSAVG: 1800 0 0 0 0 0 0 0 0 0
GPRESSAVG: 1800 0 0 0 0 0 0 0 0 0
ENERGY:    1800      1138.0741      1704.2982      2078.2430       145.3007            -40.6564      -835.7187         0.0000      5275.4917      2910.8878          12375.9205       292.2928      9465.0328     12399.0441       298.8824

PRESSURE: 1900 0 0 0 0 0 0 0 0 0
GPRESSURE: 1900 0 0 0 0 0 0 0 0 0
PRESSAVG: 1900 0 0 0 0 0 0 0 0 0
GPRESSAVG: 1900 0 0 0 0 0 0 0 0 0
ENERGY:    1900      1125.8827      1680.2447      2063.2858       150.0870            -40.9274      -835.9806         0.0000      5282.4221      2935.5952          12360.6094       294.7738      9425.0142     12384.7502       297.2622

PRESSURE: 2000 0 0 0 0 0 0 0 0 0
GPRESSURE: 2000 0 0 0 0 0 0 0 0 0
PRESSAVG: 2000 0 0 0 0 0 0 0 0 0
GPRESSAVG: 2000 0 0 0 0 0 0 0 0 0
TIMING: 2000  CPU: 0.917967, 0.000442526/step  Wall: 0.927332, 0.00044857/step, 0.000373808 hours remaining, 822.875000 MB of memory in use.
ETITLE:      TS           BOND          ANGLE          DIHED          IMPRP               ELECT            VDW       BOUNDARY           MISC        KINETIC               TOTAL           TEMP      POTENTIAL         TOTAL3        TEMPAVG

ENERGY:    2000      1114.8334      1716.6897      2073.4174       162.1740            -40.7512      -864.8349         0.0000      5277.9113      2948.8357          12388.2756       296.1033      9439.4399     12412.0552       296.7371

WRITING EXTENDED SYSTEM TO RESTART FILE AT STEP 2000
WRITING COORDINATES TO DCD FILE adk-step1.dcd AT STEP 2000
WRITING COORDINATES TO RESTART FILE AT STEP 2000
FINISHED WRITING RESTART COORDINATES
The last position output (seq=2000) takes 0.002 seconds, 822.875 MB of memory in use
WRITING VELOCITIES TO RESTART FILE AT STEP 2000
FINISHED WRITING RESTART VELOCITIES
The last velocity output (seq=2000) takes 0.002 seconds, 822.875 MB of memory in use
PRESSURE: 2100 0 0 0 0 0 0 0 0 0
GPRESSURE: 2100 0 0 0 0 0 0 0 0 0
PRESSAVG: 2100 0 0 0 0 0 0 0 0 0
GPRESSAVG: 2100 0 0 0 0 0 0 0 0 0
ENERGY:    2100      1118.5706      1628.6754      2071.9804       138.1690            -40.6966      -807.6665         0.0000      5276.4116      2991.7261          12377.1700       300.4101      9385.4439     12404.8433       296.9870

PRESSURE: 2200 0 0 0 0 0 0 0 0 0
GPRESSURE: 2200 0 0 0 0 0 0 0 0 0
PRESSAVG: 2200 0 0 0 0 0 0 0 0 0
GPRESSAVG: 2200 0 0 0 0 0 0 0 0 0
ENERGY:    2200      1146.4219      1667.1764      2091.2242       151.9364            -40.4849      -833.7201         0.0000      5269.5935      2942.0905          12394.2379       295.4260      9452.1473     12419.0344       297.3336

PRESSURE: 2300 0 0 0 0 0 0 0 0 0
GPRESSURE: 2300 0 0 0 0 0 0 0 0 0
PRESSAVG: 2300 0 0 0 0 0 0 0 0 0
GPRESSAVG: 2300 0 0 0 0 0 0 0 0 0
ENERGY:    2300      1130.4441      1672.5715      2065.6594       148.2965            -39.4973      -829.0652         0.0000      5279.7209      2968.8570          12396.9869       298.1137      9428.1299     12418.2274       296.5896

PRESSURE: 2400 0 0 0 0 0 0 0 0 0
GPRESSURE: 2400 0 0 0 0 0 0 0 0 0
PRESSAVG: 2400 0 0 0 0 0 0 0 0 0
GPRESSAVG: 2400 0 0 0 0 0 0 0 0 0
ENERGY:    2400      1110.1865      1678.8423      2075.9963       147.3558            -39.9742      -856.1733         0.0000      5284.6666      2979.2288          12380.1289       299.1552      9400.9000     12407.4518       297.6516

PRESSURE: 2500 0 0 0 0 0 0 0 0 0
GPRESSURE: 2500 0 0 0 0 0 0 0 0 0
PRESSAVG: 2500 0 0 0 0 0 0 0 0 0
GPRESSAVG: 2500 0 0 0 0 0 0 0 0 0
ENERGY:    2500      1142.6962      1641.0438      2047.1750       153.7308            -40.9726      -833.1657         0.0000      5293.1635      3009.3642          12413.0353       302.1812      9403.6711     12440.1366       296.8754

PRESSURE: 2600 0 0 0 0 0 0 0 0 0
GPRESSURE: 2600 0 0 0 0 0 0 0 0 0
PRESSAVG: 2600 0 0 0 0 0 0 0 0 0
GPRESSAVG: 2600 0 0 0 0 0 0 0 0 0
ENERGY:    2600      1110.4161      1690.6442      2041.0123       157.5695            -40.6793      -807.2849         0.0000      5290.5201      2927.0878          12369.2859       293.9195      9442.1981     12392.3824       297.3061

PRESSURE: 2700 0 0 0 0 0 0 0 0 0
GPRESSURE: 2700 0 0 0 0 0 0 0 0 0
PRESSAVG: 2700 0 0 0 0 0 0 0 0 0
GPRESSAVG: 2700 0 0 0 0 0 0 0 0 0
ENERGY:    2700      1114.0516      1674.3874      2079.8746       147.7569            -40.3048      -835.7707         0.0000      5298.0078      2983.9350          12421.9378       299.6277      9438.0028     12449.0923       297.5972

PRESSURE: 2800 0 0 0 0 0 0 0 0 0
GPRESSURE: 2800 0 0 0 0 0 0 0 0 0
PRESSAVG: 2800 0 0 0 0 0 0 0 0 0
GPRESSAVG: 2800 0 0 0 0 0 0 0 0 0
ENERGY:    2800      1124.8597      1664.2242      2072.9339       151.8818            -41.2651      -819.0490         0.0000      5295.8383      2947.6343          12397.0580       295.9826      9449.4238     12418.2469       298.2373

PRESSURE: 2900 0 0 0 0 0 0 0 0 0
GPRESSURE: 2900 0 0 0 0 0 0 0 0 0
PRESSAVG: 2900 0 0 0 0 0 0 0 0 0
GPRESSAVG: 2900 0 0 0 0 0 0 0 0 0
ENERGY:    2900      1122.4706      1675.4450      2053.2684       156.5671            -42.1075      -815.8328         0.0000      5284.6648      2941.5898          12376.0654       295.3757      9434.4756     12396.4701       296.6953

PRESSURE: 3000 0 0 0 0 0 0 0 0 0
GPRESSURE: 3000 0 0 0 0 0 0 0 0 0
PRESSAVG: 3000 0 0 0 0 0 0 0 0 0
GPRESSAVG: 3000 0 0 0 0 0 0 0 0 0
TIMING: 3000  CPU: 1.37233, 0.000454362/step  Wall: 1.38478, 0.000457449/step, 0.000254139 hours remaining, 822.875000 MB of memory in use.
ETITLE:      TS           BOND          ANGLE          DIHED          IMPRP               ELECT            VDW       BOUNDARY           MISC        KINETIC               TOTAL           TEMP      POTENTIAL         TOTAL3        TEMPAVG

ENERGY:    3000      1110.2370      1664.3779      2059.3924       159.7024            -41.0730      -847.0162         0.0000      5286.2207      2951.5613          12343.4024       296.3770      9391.8411     12368.1338       295.5126

WRITING EXTENDED SYSTEM TO RESTART FILE AT STEP 3000
WRITING COORDINATES TO DCD FILE adk-step1.dcd AT STEP 3000
WRITING COORDINATES TO RESTART FILE AT STEP 3000
FINISHED WRITING RESTART COORDINATES
The last position output (seq=3000) takes 0.003 seconds, 822.938 MB of memory in use
WRITING VELOCITIES TO RESTART FILE AT STEP 3000
FINISHED WRITING RESTART VELOCITIES
The last velocity output (seq=3000) takes 0.002 seconds, 822.938 MB of memory in use
PRESSURE: 3100 0 0 0 0 0 0 0 0 0
GPRESSURE: 3100 0 0 0 0 0 0 0 0 0
PRESSAVG: 3100 0 0 0 0 0 0 0 0 0
GPRESSAVG: 3100 0 0 0 0 0 0 0 0 0
ENERGY:    3100      1079.8245      1666.9064      2082.1731       147.4927            -39.7622      -832.9998         0.0000      5280.8102      2972.9705          12357.4154       298.5268      9384.4449     12383.9314       294.6250

PRESSURE: 3200 0 0 0 0 0 0 0 0 0
GPRESSURE: 3200 0 0 0 0 0 0 0 0 0
PRESSAVG: 3200 0 0 0 0 0 0 0 0 0
GPRESSAVG: 3200 0 0 0 0 0 0 0 0 0
ENERGY:    3200      1086.4059      1690.5627      2067.7713       151.5173            -40.0729      -813.3480         0.0000      5284.3184      2967.8358          12394.9905       298.0112      9427.1547     12418.5100       294.2203

PRESSURE: 3300 0 0 0 0 0 0 0 0 0
GPRESSURE: 3300 0 0 0 0 0 0 0 0 0
PRESSAVG: 3300 0 0 0 0 0 0 0 0 0
GPRESSAVG: 3300 0 0 0 0 0 0 0 0 0
ENERGY:    3300      1086.9769      1714.5707      2056.7060       148.5435            -41.8802      -823.4004         0.0000      5273.1183      2963.7757          12378.4104       297.6035      9414.6347     12402.6919       294.9918

PRESSURE: 3400 0 0 0 0 0 0 0 0 0
GPRESSURE: 3400 0 0 0 0 0 0 0 0 0
PRESSAVG: 3400 0 0 0 0 0 0 0 0 0
GPRESSAVG: 3400 0 0 0 0 0 0 0 0 0
ENERGY:    3400      1093.3410      1677.3555      2079.6706       159.0502            -42.5533      -811.3589         0.0000      5273.9993      2948.9674          12378.4717       296.1165      9429.5043     12402.2860       295.7276

PRESSURE: 3500 0 0 0 0 0 0 0 0 0
GPRESSURE: 3500 0 0 0 0 0 0 0 0 0
PRESSAVG: 3500 0 0 0 0 0 0 0 0 0
GPRESSAVG: 3500 0 0 0 0 0 0 0 0 0
ENERGY:    3500      1109.7148      1692.6229      2055.9969       158.4416            -41.0247      -814.5956         0.0000      5272.3957      2945.4254          12378.9771       295.7609      9433.5517     12405.4007       296.8729

PRESSURE: 3600 0 0 0 0 0 0 0 0 0
GPRESSURE: 3600 0 0 0 0 0 0 0 0 0
PRESSAVG: 3600 0 0 0 0 0 0 0 0 0
GPRESSAVG: 3600 0 0 0 0 0 0 0 0 0
ENERGY:    3600      1144.1744      1694.2307      2080.6865       153.8393            -40.3440      -802.9135         0.0000      5279.5681      2943.0035          12452.2448       295.5177      9509.2414     12476.5142       299.0887

PRESSURE: 3700 0 0 0 0 0 0 0 0 0
GPRESSURE: 3700 0 0 0 0 0 0 0 0 0
PRESSAVG: 3700 0 0 0 0 0 0 0 0 0
GPRESSAVG: 3700 0 0 0 0 0 0 0 0 0
ENERGY:    3700      1116.2345      1698.0652      2036.1668       175.6383            -40.1065      -811.7545         0.0000      5277.5474      2984.5403          12436.3316       299.6885      9451.7913     12459.2877       299.1891

PRESSURE: 3800 0 0 0 0 0 0 0 0 0
GPRESSURE: 3800 0 0 0 0 0 0 0 0 0
PRESSAVG: 3800 0 0 0 0 0 0 0 0 0
GPRESSAVG: 3800 0 0 0 0 0 0 0 0 0
ENERGY:    3800      1110.1894      1720.7262      2066.8325       160.0886            -40.6589      -840.8894         0.0000      5273.9660      2992.7671          12443.0215       300.5146      9450.2544     12469.5438       298.3663

PRESSURE: 3900 0 0 0 0 0 0 0 0 0
GPRESSURE: 3900 0 0 0 0 0 0 0 0 0
PRESSAVG: 3900 0 0 0 0 0 0 0 0 0
GPRESSAVG: 3900 0 0 0 0 0 0 0 0 0
ENERGY:    3900      1075.3869      1702.6717      2085.0121       151.0975            -41.4550      -796.7623         0.0000      5272.7215      2975.9380          12424.6103       298.8247      9448.6723     12448.7896       299.5694

PRESSURE: 4000 0 0 0 0 0 0 0 0 0
GPRESSURE: 4000 0 0 0 0 0 0 0 0 0
PRESSAVG: 4000 0 0 0 0 0 0 0 0 0
GPRESSAVG: 4000 0 0 0 0 0 0 0 0 0
TIMING: 4000  CPU: 1.82638, 0.000454046/step  Wall: 1.84316, 0.000458382/step, 0.000127328 hours remaining, 822.937500 MB of memory in use.
ETITLE:      TS           BOND          ANGLE          DIHED          IMPRP               ELECT            VDW       BOUNDARY           MISC        KINETIC               TOTAL           TEMP      POTENTIAL         TOTAL3        TEMPAVG

ENERGY:    4000      1046.2483      1739.0686      2063.1878       161.8080            -41.2802      -800.2219         0.0000      5275.6267      2985.8654          12430.3027       299.8216      9444.4374     12454.6946       300.5123

WRITING EXTENDED SYSTEM TO RESTART FILE AT STEP 4000
WRITING COORDINATES TO DCD FILE adk-step1.dcd AT STEP 4000
WRITING COORDINATES TO RESTART FILE AT STEP 4000
FINISHED WRITING RESTART COORDINATES
The last position output (seq=4000) takes 0.002 seconds, 822.938 MB of memory in use
WRITING VELOCITIES TO RESTART FILE AT STEP 4000
FINISHED WRITING RESTART VELOCITIES
The last velocity output (seq=4000) takes 0.002 seconds, 822.938 MB of memory in use
PRESSURE: 4100 0 0 0 0 0 0 0 0 0
GPRESSURE: 4100 0 0 0 0 0 0 0 0 0
PRESSAVG: 4100 0 0 0 0 0 0 0 0 0
GPRESSAVG: 4100 0 0 0 0 0 0 0 0 0
ENERGY:    4100      1097.0626      1732.3060      2089.2405       146.8381            -41.6164      -809.2397         0.0000      5281.6407      2933.3544          12429.5863       294.5488      9496.2319     12452.6161       298.7938

PRESSURE: 4200 0 0 0 0 0 0 0 0 0
GPRESSURE: 4200 0 0 0 0 0 0 0 0 0
PRESSAVG: 4200 0 0 0 0 0 0 0 0 0
GPRESSAVG: 4200 0 0 0 0 0 0 0 0 0
ENERGY:    4200      1045.3755      1699.0720      2066.4044       148.7857            -41.0944      -797.5981         0.0000      5275.3450      2982.6726          12378.9627       299.5010      9396.2901     12405.1474       298.4257

LDB: ============= START OF LOAD BALANCING ============== 4.12671
LDB: ============== END OF LOAD BALANCING =============== 4.12681
Info: useSync: 0 useProxySync: 0
LDB: =============== DONE WITH MIGRATION ================ 4.12692
PRESSURE: 4300 0 0 0 0 0 0 0 0 0
GPRESSURE: 4300 0 0 0 0 0 0 0 0 0
PRESSAVG: 4300 0 0 0 0 0 0 0 0 0
GPRESSAVG: 4300 0 0 0 0 0 0 0 0 0
ENERGY:    4300      1141.1175      1693.0500      2085.9757       140.1812            -41.7223      -806.7391         0.0000      5271.5671      2941.6385          12425.0686       295.3806      9483.4301     12443.6769       297.3491

LDB: ============= START OF LOAD BALANCING ============== 4.1722
LDB: TIME 4.17253 LOAD: AVG 0.0133537 MAX 0.0356563  PROXIES: TOTAL 173 MAXPE 10 MAXPATCH 7 None MEM: 822.938 MB
LDB: TIME 4.17278 LOAD: AVG 0.0133537 MAX 0.0356563  PROXIES: TOTAL 173 MAXPE 10 MAXPATCH 7 RefineTorusLB MEM: 823.125 MB
LDB: TIME 4.17295 LOAD: AVG 0.0133537 MAX 0.0356563  PROXIES: TOTAL 173 MAXPE 10 MAXPATCH 7 RefineTorusLB MEM: 823.125 MB
LDB: ============== END OF LOAD BALANCING =============== 4.17324
Info: build node-aware spanning tree with send: 1, recv: 0 with branch factor 4
Info: useSync: 0 useProxySync: 0
LDB: =============== DONE WITH MIGRATION ================ 4.17412
PRESSURE: 4400 0 0 0 0 0 0 0 0 0
GPRESSURE: 4400 0 0 0 0 0 0 0 0 0
PRESSAVG: 4400 0 0 0 0 0 0 0 0 0
GPRESSAVG: 4400 0 0 0 0 0 0 0 0 0
ENERGY:    4400      1074.8158      1716.2439      2072.7138       146.8870            -41.2337      -784.8819         0.0000      5270.5863      2996.6929          12451.8240       300.9088      9455.1311     12475.9985       299.9966

PRESSURE: 4500 0 0 0 0 0 0 0 0 0
GPRESSURE: 4500 0 0 0 0 0 0 0 0 0
PRESSAVG: 4500 0 0 0 0 0 0 0 0 0
GPRESSAVG: 4500 0 0 0 0 0 0 0 0 0
ENERGY:    4500      1145.5166      1689.6261      2087.6754       172.2749            -42.0052      -819.3519         0.0000      5270.7902      2974.7820          12479.3079       298.7086      9504.5260     12503.0755       299.9802

PRESSURE: 4600 0 0 0 0 0 0 0 0 0
GPRESSURE: 4600 0 0 0 0 0 0 0 0 0
PRESSAVG: 4600 0 0 0 0 0 0 0 0 0
GPRESSAVG: 4600 0 0 0 0 0 0 0 0 0
ENERGY:    4600      1127.0223      1733.9574      2057.1842       165.1699            -41.6127      -822.2694         0.0000      5274.5614      3022.1870          12516.2001       303.4688      9494.0131     12540.2998       301.6754

PRESSURE: 4700 0 0 0 0 0 0 0 0 0
GPRESSURE: 4700 0 0 0 0 0 0 0 0 0
PRESSAVG: 4700 0 0 0 0 0 0 0 0 0
GPRESSAVG: 4700 0 0 0 0 0 0 0 0 0
ENERGY:    4700      1098.4684      1694.4894      2064.1445       156.0521            -40.4345      -778.3290         0.0000      5279.1125      2999.3274          12472.8308       301.1733      9473.5034     12497.1050       302.3098

PRESSURE: 4800 0 0 0 0 0 0 0 0 0
GPRESSURE: 4800 0 0 0 0 0 0 0 0 0
PRESSAVG: 4800 0 0 0 0 0 0 0 0 0
GPRESSAVG: 4800 0 0 0 0 0 0 0 0 0
ENERGY:    4800      1102.2157      1680.9794      2053.0040       148.3742            -40.8498      -819.8742         0.0000      5275.0329      3011.8419          12410.7242       302.4300      9398.8822     12437.8452       299.3100

PRESSURE: 4900 0 0 0 0 0 0 0 0 0
GPRESSURE: 4900 0 0 0 0 0 0 0 0 0
PRESSAVG: 4900 0 0 0 0 0 0 0 0 0
GPRESSAVG: 4900 0 0 0 0 0 0 0 0 0
ENERGY:    4900      1055.7188      1749.7739      2061.2472       158.3849            -40.8199      -805.9658         0.0000      5273.6742      2992.5071          12444.5204       300.4885      9452.0133     12470.6899       300.1384

PRESSURE: 5000 0 0 0 0 0 0 0 0 0
GPRESSURE: 5000 0 0 0 0 0 0 0 0 0
PRESSAVG: 5000 0 0 0 0 0 0 0 0 0
GPRESSAVG: 5000 0 0 0 0 0 0 0 0 0
TIMING: 5000  CPU: 2.28515, 0.000458776/step  Wall: 2.30585, 0.000462689/step, 0 hours remaining, 823.125000 MB of memory in use.
ETITLE:      TS           BOND          ANGLE          DIHED          IMPRP               ELECT            VDW       BOUNDARY           MISC        KINETIC               TOTAL           TEMP      POTENTIAL         TOTAL3        TEMPAVG

ENERGY:    5000      1111.4291      1697.8028      2092.5275       152.7855            -40.7928      -818.0202         0.0000      5273.3403      2996.6557          12465.7279       300.9051      9469.0722     12488.1070       299.7604

WRITING EXTENDED SYSTEM TO RESTART FILE AT STEP 5000
WRITING COORDINATES TO DCD FILE adk-step1.dcd AT STEP 5000
WRITING COORDINATES TO RESTART FILE AT STEP 5000
FINISHED WRITING RESTART COORDINATES
The last position output (seq=5000) takes 0.002 seconds, 823.875 MB of memory in use
WRITING VELOCITIES TO RESTART FILE AT STEP 5000
FINISHED WRITING RESTART VELOCITIES
The last velocity output (seq=5000) takes 0.002 seconds, 823.875 MB of memory in use
WRITING EXTENDED SYSTEM TO OUTPUT FILE AT STEP 5000
WRITING COORDINATES TO OUTPUT FILE AT STEP 5000
CLOSING COORDINATE DCD FILE adk-step1.dcd
The last position output (seq=-2) takes 0.010 seconds, 823.875 MB of memory in use
WRITING VELOCITIES TO OUTPUT FILE AT STEP 5000
====================================================

WallClock: 4.464397  CPUTime: 3.091630  Memory: 823.875000 MB
End of program
