3_3_cc.dat
/gpfs/alpine/bip115/scratch/hrlee/radical.pilot.sandbox/re.session.login1.hrlee.018625.0000/pilot.0000/staging_area/3_3_cc.dat
3, 3
Charm++> Running on MPI version: 3.1
Charm++> level of thread support used: MPI_THREAD_FUNNELED (desired: MPI_THREAD_FUNNELED)
Charm++> Running in SMP mode: 41 processes, 4 worker threads (PEs) + 1 comm threads per process, 164 PEs total
Charm++> The comm. thread both sends and receives messages
Charm++> Using recursive bisection (scheme 3) for topology aware partitions
Converse/Charm++ Commit ID: v6.10.2-0-g7bf00fa-namd-charm-6.10.2-build-2020-Aug-05-556
Warning> Randomization of virtual memory (ASLR) is turned on in the kernel, thread migration may not work! Run 'echo 0 > /proc/sys/kernel/randomize_va_space' as root to disable it, or try running with '+isomalloc_sync'.
CharmLB> Load balancer assumes all CPUs are same.
Charm++> Running on 2 hosts (1 sockets x 1 cores x 4 PUs = 4-way SMP)
Charm++> cpu topology info is gathered in 0.030 seconds.

Charm++> Warning: the number of SMP threads (190) is greater than the number of physical cores (176), so threads will sleep while idling. Use +CmiSpinOnIdle or +CmiSleepOnIdle to control this directly.

Info: NAMD 2.14 for Linux-POWER-MPI-smp-Summit
Info: 
Info: Please visit http://www.ks.uiuc.edu/Research/namd/
Info: for updates, documentation, and support information.
Info: 
Info: Please cite Phillips et al., J. Chem. Phys. 153:044130 (2020) doi:10.1063/5.0014475
Info: in all publications reporting results obtained with NAMD.
Info: 
Info: Based on Charm++/Converse 61002 for mpi-linux-ppc64le-smp
Info: Built Wed Aug 5 14:25:51 EDT 2020 by jimp on login2
Info: 1 NAMD  2.14  Linux-POWER-MPI-smp-Summit  164    d21n08  hrlee
Info: Running on 164 processors, 41 nodes, 2 physical nodes.
Info: CPU topology information available.
Info: Charm++/Converse parallel runtime startup completed at 0.0362349 s
CkLoopLib is used in SMP with simple dynamic scheduling (converse-level notification)
Info: 933.625 MB of memory in use based on /proc/self/stat
Info: Configuration file is adk-step1.namd
Info: Working in the current directory /gpfs/alpine/bip115/scratch/hrlee/radical.pilot.sandbox/re.session.login1.hrlee.018625.0000/pilot.0000/unit.000292
TCL: Suspending until startup complete.
Info: SIMULATION PARAMETERS:
Info: TIMESTEP               1
Info: NUMBER OF STEPS        0
Info: STEPS PER CYCLE        20
Info: LOAD BALANCER  Centralized
Info: LOAD BALANCING STRATEGY  New Load Balancers -- DEFAULT
Info: LDB PERIOD             4000 steps
Info: FIRST LDB TIMESTEP     100
Info: LAST LDB TIMESTEP     -1
Info: LDB BACKGROUND SCALING 1
Info: HOM BACKGROUND SCALING 1
Info: REMOVING LOAD FROM NODE 0
Info: REMOVING PATCHES FROM PROCESSOR 0
Info: MIN ATOMS PER PATCH    40
Info: VELOCITY FILE          3_3_adk-step1.restart.vel
Info: CENTER OF MASS MOVING INITIALLY? NO
Info: DIELECTRIC             80
Info: EXCLUDE                SCALED ONE-FOUR
Info: 1-4 ELECTROSTATICS SCALED BY 1
Info: MODIFIED 1-4 VDW PARAMETERS WILL BE USED
Info: DCD FILENAME           adk-step1.dcd
Info: DCD FREQUENCY          1000
Info: DCD FIRST STEP         1000
Info: NO EXTENDED SYSTEM TRAJECTORY OUTPUT
Info: NO VELOCITY DCD OUTPUT
Info: NO FORCE DCD OUTPUT
Info: OUTPUT FILENAME        adk-step1
Info: BINARY OUTPUT FILES WILL BE USED
Info: RESTART FILENAME       adk-step1.restart
Info: RESTART FREQUENCY      1000
Info: BINARY RESTART FILES WILL BE USED
Info: SWITCHING ACTIVE
Info: SWITCHING ON           9
Info: SWITCHING OFF          10
Info: PAIRLIST DISTANCE      11
Info: PAIRLIST SHRINK RATE   0.01
Info: PAIRLIST GROW RATE     0.01
Info: PAIRLIST TRIGGER       0.3
Info: PAIRLISTS PER CYCLE    2
Info: PAIRLISTS ENABLED
Info: MARGIN                 0
Info: HYDROGEN GROUP CUTOFF  2.5
Info: PATCH DIMENSION        13.5
Info: ENERGY OUTPUT STEPS    100
Info: CROSSTERM ENERGY INCLUDED IN DIHEDRAL
Info: TIMING OUTPUT STEPS    1000
Info: PRESSURE OUTPUT STEPS  100
Info: GRID FORCE ACTIVE
Info:  Please include this reference in published work using
Info:  the Gridforce module of NAMD: David Wells, Volha Abramkina,
Info:  and Aleksei Aksimentiev, J. Chem. Phys. 127:125101-10 (2007).
Info: MGRIDFORCE key 0
Info:            Potfile 4ake-target_autopsf-grid.dx
Info:            Scale 0.3 0.3 0.3
Info:            File 1ake-docked-noh_autopsf-grid.pdb
Info:            Col O
Info:            ChargeCol B
Info:            VOffset 0 0 0
Info:            Continuous K1 FALSE
Info:            Continuous K2 FALSE
Info:            Continuous K3 FALSE
Info:            Volts FALSE
Info:            Gridforce-Lite FALSE
Info:            Gridforce-CheckSize TRUE
Info: LANGEVIN DYNAMICS ACTIVE
Info: LANGEVIN TEMPERATURE   300
Info: LANGEVIN USING BBK INTEGRATOR
Info: LANGEVIN DAMPING COEFFICIENT IS 5 INVERSE PS
Info: LANGEVIN DYNAMICS NOT APPLIED TO HYDROGENS
Info: USING VERLET I (r-RESPA) MTS SCHEME.
Info: C1 SPLITTING OF LONG RANGE ELECTROSTATICS
Info: PLACING ATOMS IN PATCHES BY HYDROGEN GROUPS
Info: RIGID BONDS TO HYDROGEN : WATER
Info:         ERROR TOLERANCE : 1e-08
Info:          MAX ITERATIONS : 100
Info: RIGID WATER USING SETTLE ALGORITHM
Info: NONBONDED FORCES EVALUATED EVERY 2 STEPS
Info: RANDOM NUMBER SEED     1609226149
Info: USE HYDROGEN BONDS?    NO
Info: COORDINATE PDB         1ake-docked-noh_autopsf.pdb
Info: STRUCTURE FILE         1ake-docked-noh_autopsf.psf
Info: PARAMETER file: CHARMM format! 
Info: PARAMETERS             par_all36_prot.prm
Info: USING ARITHMETIC MEAN TO COMBINE L-J SIGMA PARAMETERS
Info: BINARY COORDINATES     3_3_adk-step1.restart.coor
Info: SUMMARY OF PARAMETERS:
Info: 132 BONDS
Info: 362 ANGLES
Info: 702 DIHEDRAL
Info: 35 IMPROPER
Info: 6 CROSSTERM
Info: 53 VDW
Info: 0 VDW_PAIRS
Info: 0 NBTHOLE_PAIRS
Info: TIME FOR READING PSF FILE: 0.593527
Info: READING EXTRA BONDS FILE 1ake-extrabonds.txt
Info: READING EXTRA BONDS FILE 1ake-extrabonds-cispeptide.txt
Info: READING EXTRA BONDS FILE 1ake-extrabonds-chirality.txt
Info: READ 80 EXTRA BONDS
Info: READ 80 EXTRA ANGLES
Warning: EXTRA ANGLES ARE COSINE-BASED BY DEFAULT TO MATCH PREVIOUS VERSIONS
Warning: FOR NORMAL HARMONIC EXTRA ANGLES SET extraBondsCosAngles off
Info: READ 493 EXTRA DIHEDRALS
Info: READ 438 EXTRA IMPROPERS
Info: Reading pdb file 1ake-docked-noh_autopsf.pdb
Info: TIME FOR READING PDB FILE: 0.118331
Info: 
Info: ****************************
Info: STRUCTURE SUMMARY:
Info: 3341 ATOMS
Info: 3445 BONDS
Info: 6203 ANGLES
Info: 9414 DIHEDRALS
Info: 1005 IMPROPERS
Info: 212 CROSSTERMS
Info: 0 EXCLUSIONS
Info: 0 RIGID BONDS
Info: 1 GRIDS ACTIVE
Info: 10023 DEGREES OF FREEDOM
Info: 1656 HYDROGEN GROUPS
Info: 4 ATOMS IN LARGEST HYDROGEN GROUP
Info: 1656 MIGRATION GROUPS
Info: 4 ATOMS IN LARGEST MIGRATION GROUP
Info: TOTAL MASS = 23582 amu
Info: TOTAL CHARGE = -4 e
Info: *****************************
Info: Reading from binary file 3_3_adk-step1.restart.coor
Info: 
Info: Entering startup at 1.6117 s, 1042.38 MB of memory in use
Info: Startup phase 0 took 0.000752284 s, 1042.38 MB of memory in use
Info: ADDED 18308 IMPLICIT EXCLUSIONS
Info: Startup phase 1 took 0.0162833 s, 1042.38 MB of memory in use
Info: NONBONDED TABLE R-SQUARED SPACING: 0.0625
Info: NONBONDED TABLE SIZE: 705 POINTS
Info: ABSOLUTE IMPRECISION IN FAST TABLE ENERGY: 3.38813e-21 AT 9.89634
Info: RELATIVE IMPRECISION IN FAST TABLE ENERGY: 4.23384e-15 AT 9.94673
Info: ABSOLUTE IMPRECISION IN FAST TABLE FORCE: 6.35275e-22 AT 9.94673
Info: RELATIVE IMPRECISION IN FAST TABLE FORCE: 5.07982e-16 AT 9.94673
Info: INCONSISTENCY IN FAST TABLE ENERGY VS FORCE: 0.000290185 AT 0.251946
Info: ABSOLUTE IMPRECISION IN VDWA TABLE ENERGY: 1.57772e-30 AT 9.89634
Info: RELATIVE IMPRECISION IN VDWA TABLE ENERGY: 4.54938e-15 AT 9.94673
Info: ABSOLUTE IMPRECISION IN VDWA TABLE FORCE: 5.91646e-31 AT 9.94673
Info: RELATIVE IMPRECISION IN VDWA TABLE FORCE: 5.6823e-16 AT 9.94673
Info: INCONSISTENCY IN VDWA TABLE ENERGY VS FORCE: 0.0040507 AT 0.251946
Info: ABSOLUTE IMPRECISION IN VDWB TABLE ENERGY: 4.71751e-25 AT 9.94673
Info: RELATIVE IMPRECISION IN VDWB TABLE ENERGY: 1.45371e-14 AT 9.94673
Info: ABSOLUTE IMPRECISION IN VDWB TABLE FORCE: 6.20385e-25 AT 9.94673
Info: RELATIVE IMPRECISION IN VDWB TABLE FORCE: 5.97512e-16 AT 9.94673
Info: INCONSISTENCY IN VDWB TABLE ENERGY VS FORCE: 0.00377068 AT 9.07951
Info: Startup phase 2 took 0.00160822 s, 1042.38 MB of memory in use
Info: Startup phase 3 took 0.000548008 s, 1042.38 MB of memory in use
Info: Startup phase 4 took 0.000536869 s, 1042.38 MB of memory in use
Info: Startup phase 5 took 0.000520916 s, 1042.38 MB of memory in use
Info: ORIGINAL ATOMS MINMAX IS -19.9689 -32.75 -37.0976  17.0341 21.9588 17.1601
Info: ADJUSTED ATOMS MINMAX IS -16.3593 -27.7781 -31.763  11.5249 12.8992 8.99271
Info: PATCH GRID IS 5 BY 4 BY 4
Info: PATCH GRID IS 2-AWAY BY 1-AWAY BY 1-AWAY
Info: Reading from binary file 3_3_adk-step1.restart.vel
Info: REMOVING COM VELOCITY 0.183011 0.0302897 0.0854356
Info: LARGEST PATCH (47) HAS 132 ATOMS
Info: TORUS A SIZE 2 USING 0 1
Info: TORUS B SIZE 1 USING 0
Info: TORUS C SIZE 1 USING 0
Info: TORUS MINIMAL MESH SIZE IS 2 BY 1 BY 1
Info: Placed 100% of base nodes on same physical node as patch
Info: Startup phase 6 took 0.009418 s, 1042.38 MB of memory in use
Info: Startup phase 7 took 0.000624964 s, 1042.38 MB of memory in use
Info: Startup phase 8 took 0.00052593 s, 1042.38 MB of memory in use
Info: Startup phase 9 took 0.00119389 s, 1042.38 MB of memory in use
Info: Startup phase 10 took 0.000528989 s, 1042.38 MB of memory in use
Info: Startup phase 11 took 0.00126502 s, 1042.38 MB of memory in use
LDB: Central LB being created...
Info: Startup phase 12 took 0.00450616 s, 1042.38 MB of memory in use
Info: CREATING 1870 COMPUTE OBJECTS
Info: Startup phase 13 took 0.00296866 s, 1042.38 MB of memory in use
Info: Building spanning tree ... send: 1 recv: 0 with branch factor 4
Info: useSync: 1 useProxySync: 0
Info: Startup phase 14 took 0.00170666 s, 1042.38 MB of memory in use
Info: Startup phase 15 took 0.000166698 s, 1042.38 MB of memory in use
Info: Finished startup at 1.65485 s, 1042.38 MB of memory in use

TCL: Running for 5000 steps
PRESSURE: 0 0 0 0 0 0 0 0 0 0
GPRESSURE: 0 0 0 0 0 0 0 0 0 0
ETITLE:      TS           BOND          ANGLE          DIHED          IMPRP               ELECT            VDW       BOUNDARY           MISC        KINETIC               TOTAL           TEMP      POTENTIAL         TOTAL3        TEMPAVG

ENERGY:       0      1086.0096      1711.5406      2119.0061       169.3004            -38.7261      -792.8914         0.0000      2633.6274      2989.4559           9877.3224       300.1821      6887.8665      9901.8296       300.1821

LDB: ============= START OF LOAD BALANCING ============== 1.68902
LDB: ============== END OF LOAD BALANCING =============== 1.6892
Info: useSync: 1 useProxySync: 0
LDB: =============== DONE WITH MIGRATION ================ 1.68973
LDB: ============= START OF LOAD BALANCING ============== 1.78326
LDB: 264 computes have load of zero
LDB: Largest compute 451 load 0.011784 is 66.6% of average load 0.017694
LDB: Average compute 0.000974 is 5.5% of average load 0.017694
LDB: Partitioning computes with target load 0.001947
LDB: Increased migratable compute count from 1126 to 1338
LDB: Largest unpartitionable compute is 0.005985
LDB: ============== END OF LOAD BALANCING =============== 1.78595
Info: build node-aware spanning tree with send: 1, recv: 0 with branch factor 4
Info: useSync: 1 useProxySync: 0
LDB: =============== DONE WITH MIGRATION ================ 1.79642
PRESSURE: 100 0 0 0 0 0 0 0 0 0
GPRESSURE: 100 0 0 0 0 0 0 0 0 0
PRESSAVG: 100 0 0 0 0 0 0 0 0 0
GPRESSAVG: 100 0 0 0 0 0 0 0 0 0
Info: Initial time: 164 CPUs 0.00131695 s/step 0.0152424 days/ns 1042.56 MB memory
ENERGY:     100      1089.9549      1700.3014      2087.5781       164.9305            -39.7152      -767.5154         0.0000      2640.4478      3020.2347           9896.2168       303.2727      6875.9821      9923.0919       302.1355

LDB: ============= START OF LOAD BALANCING ============== 1.82555
LDB: ============== END OF LOAD BALANCING =============== 1.82573
Info: useSync: 1 useProxySync: 0
LDB: =============== DONE WITH MIGRATION ================ 1.82623
LDB: ============= START OF LOAD BALANCING ============== 1.94507
LDB: 264 computes have load of zero
LDB: Largest compute 1596 load 0.006239 is 34.6% of average load 0.018047
LDB: Average compute 0.000834 is 4.6% of average load 0.018047
LDB: TIME 1.94726 LOAD: AVG 0.0180471 MAX 0.0554865  PROXIES: TOTAL 601 MAXPE 12 MAXPATCH 10 None MEM: 1042.56 MB
LDB: TIME 1.95085 LOAD: AVG 0.0180471 MAX 0.0258917  PROXIES: TOTAL 1014 MAXPE 16 MAXPATCH 40 TorusLB MEM: 1042.56 MB
LDB: ============== END OF LOAD BALANCING =============== 1.95299
Info: build node-aware spanning tree with send: 1, recv: 0 with branch factor 4
Info: useSync: 1 useProxySync: 0
LDB: =============== DONE WITH MIGRATION ================ 1.96378
PRESSURE: 200 0 0 0 0 0 0 0 0 0
GPRESSURE: 200 0 0 0 0 0 0 0 0 0
PRESSAVG: 200 0 0 0 0 0 0 0 0 0
GPRESSAVG: 200 0 0 0 0 0 0 0 0 0
Info: Initial time: 164 CPUs 0.00140186 s/step 0.0162252 days/ns 1042.56 MB memory
ENERGY:     200      1129.4125      1728.7532      2106.7240       145.8715            -39.9677      -805.4555         0.0000      2646.2284      2958.3303           9869.8966       297.0567      6911.5664      9892.8768       305.4518

LDB: ============= START OF LOAD BALANCING ============== 2.09136
LDB: 264 computes have load of zero
LDB: Largest compute 1584 load 0.007855 is 27.2% of average load 0.028895
LDB: Average compute 0.001115 is 3.9% of average load 0.028895
LDB: TIME 2.09345 LOAD: AVG 0.0288952 MAX 0.04986  PROXIES: TOTAL 601 MAXPE 12 MAXPATCH 10 None MEM: 1042.56 MB
LDB: TIME 2.09422 LOAD: AVG 0.0288952 MAX 0.04986  PROXIES: TOTAL 1014 MAXPE 16 MAXPATCH 40 RefineTorusLB MEM: 1042.56 MB
LDB: TIME 2.10697 LOAD: AVG 0.0288952 MAX 0.0409717  PROXIES: TOTAL 902 MAXPE 12 MAXPATCH 29 RefineTorusLB MEM: 1042.56 MB
LDB: ============== END OF LOAD BALANCING =============== 2.1084
Info: build node-aware spanning tree with send: 1, recv: 0 with branch factor 4
Info: useSync: 1 useProxySync: 0
LDB: =============== DONE WITH MIGRATION ================ 2.11288
PRESSURE: 300 0 0 0 0 0 0 0 0 0
GPRESSURE: 300 0 0 0 0 0 0 0 0 0
PRESSAVG: 300 0 0 0 0 0 0 0 0 0
GPRESSAVG: 300 0 0 0 0 0 0 0 0 0
Info: Initial time: 164 CPUs 0.00127505 s/step 0.0147576 days/ns 1042.56 MB memory
ENERGY:     300      1084.1305      1685.4295      2085.2972       158.5958            -40.1788      -762.5841         0.0000      2634.8156      3011.1623           9856.6680       302.3617      6845.5057      9878.6906       301.2473

LDB: ============= START OF LOAD BALANCING ============== 2.22112
LDB: 253 computes have load of zero
LDB: Largest compute 1584 load 0.008169 is 29.6% of average load 0.027591
LDB: Average compute 0.001091 is 4.0% of average load 0.027591
LDB: TIME 2.22344 LOAD: AVG 0.0275905 MAX 0.04661  PROXIES: TOTAL 601 MAXPE 12 MAXPATCH 10 None MEM: 1042.56 MB
LDB: TIME 2.22419 LOAD: AVG 0.0275905 MAX 0.04661  PROXIES: TOTAL 906 MAXPE 12 MAXPATCH 30 RefineTorusLB MEM: 1042.56 MB
LDB: TIME 2.23266 LOAD: AVG 0.0275905 MAX 0.0370198  PROXIES: TOTAL 908 MAXPE 12 MAXPATCH 28 RefineTorusLB MEM: 1042.56 MB
LDB: ============== END OF LOAD BALANCING =============== 2.23996
Info: build node-aware spanning tree with send: 1, recv: 0 with branch factor 4
Info: useSync: 1 useProxySync: 0
LDB: =============== DONE WITH MIGRATION ================ 2.24434
PRESSURE: 400 0 0 0 0 0 0 0 0 0
GPRESSURE: 400 0 0 0 0 0 0 0 0 0
PRESSAVG: 400 0 0 0 0 0 0 0 0 0
GPRESSAVG: 400 0 0 0 0 0 0 0 0 0
Info: Benchmark time: 164 CPUs 0.00107513 s/step 0.0124437 days/ns 1042.56 MB memory
ENERGY:     400      1126.4778      1685.2906      2084.3483       165.4490            -39.7047      -766.2543         0.0000      2638.7288      2963.5707           9857.9062       297.5829      6894.3354      9883.3505       302.5989

PRESSURE: 500 0 0 0 0 0 0 0 0 0
GPRESSURE: 500 0 0 0 0 0 0 0 0 0
PRESSAVG: 500 0 0 0 0 0 0 0 0 0
GPRESSAVG: 500 0 0 0 0 0 0 0 0 0
Info: Benchmark time: 164 CPUs 0.00127407 s/step 0.0147461 days/ns 1042.56 MB memory
ENERGY:     500      1110.1198      1656.3178      2062.2558       146.3626            -40.0644      -790.4246         0.0000      2640.6768      3001.0512           9786.2951       301.3464      6785.2439      9810.9328       300.2092

PRESSURE: 600 0 0 0 0 0 0 0 0 0
GPRESSURE: 600 0 0 0 0 0 0 0 0 0
PRESSAVG: 600 0 0 0 0 0 0 0 0 0
GPRESSAVG: 600 0 0 0 0 0 0 0 0 0
Info: Benchmark time: 164 CPUs 0.00106802 s/step 0.0123613 days/ns 1042.56 MB memory
ENERGY:     600      1106.6743      1666.4571      2055.7321       160.5289            -40.7059      -791.5883         0.0000      2637.0303      3007.6445           9801.7731       302.0085      6794.1286      9827.4918       299.5768

PRESSURE: 700 0 0 0 0 0 0 0 0 0
GPRESSURE: 700 0 0 0 0 0 0 0 0 0
PRESSAVG: 700 0 0 0 0 0 0 0 0 0
GPRESSAVG: 700 0 0 0 0 0 0 0 0 0
Info: Benchmark time: 164 CPUs 0.00144048 s/step 0.0166722 days/ns 1042.56 MB memory
ENERGY:     700      1073.0424      1705.3520      2104.1783       151.4990            -39.4174      -750.2821         0.0000      2634.6008      3000.4089           9879.3819       301.2819      6878.9730      9906.4008       300.7538

PRESSURE: 800 0 0 0 0 0 0 0 0 0
GPRESSURE: 800 0 0 0 0 0 0 0 0 0
PRESSAVG: 800 0 0 0 0 0 0 0 0 0
GPRESSAVG: 800 0 0 0 0 0 0 0 0 0
Info: Benchmark time: 164 CPUs 0.00114952 s/step 0.0133046 days/ns 1042.56 MB memory
ENERGY:     800      1134.4047      1668.0036      2094.0435       153.7923            -40.3514      -806.0598         0.0000      2638.8850      3003.2797           9845.9976       301.5702      6842.7180      9872.5463       301.7676

PRESSURE: 900 0 0 0 0 0 0 0 0 0
GPRESSURE: 900 0 0 0 0 0 0 0 0 0
PRESSAVG: 900 0 0 0 0 0 0 0 0 0
GPRESSAVG: 900 0 0 0 0 0 0 0 0 0
Info: Benchmark time: 164 CPUs 0.00100111 s/step 0.011587 days/ns 1042.56 MB memory
ENERGY:     900      1107.1571      1695.2077      2079.4375       146.1319            -39.6943      -783.0207         0.0000      2636.8015      3031.1372           9873.1580       304.3675      6842.0207      9895.8376       301.6158

OPENING COORDINATE DCD FILE
WRITING COORDINATES TO DCD FILE adk-step1.dcd AT STEP 1000
WRITING COORDINATES TO RESTART FILE AT STEP 1000
FINISHED WRITING RESTART COORDINATES
The last position output (seq=1000) takes 0.008 seconds, 1042.562 MB of memory in use
PRESSURE: 1000 0 0 0 0 0 0 0 0 0
GPRESSURE: 1000 0 0 0 0 0 0 0 0 0
PRESSAVG: 1000 0 0 0 0 0 0 0 0 0
GPRESSAVG: 1000 0 0 0 0 0 0 0 0 0
TIMING: 1000  CPU: 0.287553, 0.000285039/step  Wall: 1.50203, 0.00149162/step, 0.00165736 hours remaining, 1042.562500 MB of memory in use.
ETITLE:      TS           BOND          ANGLE          DIHED          IMPRP               ELECT            VDW       BOUNDARY           MISC        KINETIC               TOTAL           TEMP      POTENTIAL         TOTAL3        TEMPAVG

ENERGY:    1000      1132.5849      1698.9292      2088.0320       152.6328            -40.6285      -792.1920         0.0000      2635.8650      2992.9990           9868.2225       300.5379      6875.2235      9897.6540       303.7578

WRITING EXTENDED SYSTEM TO RESTART FILE AT STEP 1000
WRITING VELOCITIES TO RESTART FILE AT STEP 1000
FINISHED WRITING RESTART VELOCITIES
The last velocity output (seq=1000) takes 0.002 seconds, 1042.562 MB of memory in use
PRESSURE: 1100 0 0 0 0 0 0 0 0 0
GPRESSURE: 1100 0 0 0 0 0 0 0 0 0
PRESSAVG: 1100 0 0 0 0 0 0 0 0 0
GPRESSAVG: 1100 0 0 0 0 0 0 0 0 0
ENERGY:    1100      1121.0597      1703.3283      2086.4157       160.9149            -39.8008      -787.3916         0.0000      2638.9017      2966.7608           9850.1887       297.9032      6883.4278      9871.2286       302.1292

PRESSURE: 1200 0 0 0 0 0 0 0 0 0
GPRESSURE: 1200 0 0 0 0 0 0 0 0 0
PRESSAVG: 1200 0 0 0 0 0 0 0 0 0
GPRESSAVG: 1200 0 0 0 0 0 0 0 0 0
ENERGY:    1200      1131.7249      1657.3991      2093.2598       160.3374            -39.0258      -807.6013         0.0000      2648.1635      2991.8291           9836.0867       300.4204      6844.2576      9858.9600       301.4462

PRESSURE: 1300 0 0 0 0 0 0 0 0 0
GPRESSURE: 1300 0 0 0 0 0 0 0 0 0
PRESSAVG: 1300 0 0 0 0 0 0 0 0 0
GPRESSAVG: 1300 0 0 0 0 0 0 0 0 0
ENERGY:    1300      1097.6806      1659.6520      2067.4388       159.2298            -39.1660      -771.7650         0.0000      2645.9592      2982.9970           9802.0264       299.5335      6819.0294      9825.8107       301.4757

PRESSURE: 1400 0 0 0 0 0 0 0 0 0
GPRESSURE: 1400 0 0 0 0 0 0 0 0 0
PRESSAVG: 1400 0 0 0 0 0 0 0 0 0
GPRESSAVG: 1400 0 0 0 0 0 0 0 0 0
ENERGY:    1400      1086.4499      1679.0802      2067.1751       151.5594            -40.0168      -788.8887         0.0000      2645.5248      3023.9179           9824.8019       303.6426      6800.8840      9850.8697       301.2879

PRESSURE: 1500 0 0 0 0 0 0 0 0 0
GPRESSURE: 1500 0 0 0 0 0 0 0 0 0
PRESSAVG: 1500 0 0 0 0 0 0 0 0 0
GPRESSAVG: 1500 0 0 0 0 0 0 0 0 0
ENERGY:    1500      1144.9552      1601.3616      2067.8581       158.7449            -40.9226      -764.0170         0.0000      2637.0380      3043.3507           9848.3688       305.5939      6805.0182      9874.3075       301.2856

PRESSURE: 1600 0 0 0 0 0 0 0 0 0
GPRESSURE: 1600 0 0 0 0 0 0 0 0 0
PRESSAVG: 1600 0 0 0 0 0 0 0 0 0
GPRESSAVG: 1600 0 0 0 0 0 0 0 0 0
ENERGY:    1600      1117.6737      1697.2641      2085.5659       156.5197            -40.6776      -801.9124         0.0000      2634.5207      2974.4044           9823.3586       298.6707      6848.9542      9848.7251       300.7514

PRESSURE: 1700 0 0 0 0 0 0 0 0 0
GPRESSURE: 1700 0 0 0 0 0 0 0 0 0
PRESSAVG: 1700 0 0 0 0 0 0 0 0 0
GPRESSAVG: 1700 0 0 0 0 0 0 0 0 0
ENERGY:    1700      1118.3028      1694.3808      2081.7614       149.5246            -39.9959      -754.8631         0.0000      2637.0621      3031.5860           9917.7588       304.4125      6886.1728      9945.2161       303.3718

PRESSURE: 1800 0 0 0 0 0 0 0 0 0
GPRESSURE: 1800 0 0 0 0 0 0 0 0 0
PRESSAVG: 1800 0 0 0 0 0 0 0 0 0
GPRESSAVG: 1800 0 0 0 0 0 0 0 0 0
ENERGY:    1800      1117.5863      1695.1411      2101.8759       165.6687            -40.3344      -790.2346         0.0000      2635.1638      2996.0064           9880.8731       300.8399      6884.8668      9907.6651       304.3069

PRESSURE: 1900 0 0 0 0 0 0 0 0 0
GPRESSURE: 1900 0 0 0 0 0 0 0 0 0
PRESSAVG: 1900 0 0 0 0 0 0 0 0 0
GPRESSAVG: 1900 0 0 0 0 0 0 0 0 0
ENERGY:    1900      1109.7442      1717.5755      2064.7428       160.6070            -40.0152      -747.8914         0.0000      2625.0718      2941.5353           9831.3701       295.3702      6889.8348      9856.8961       301.4075

WRITING COORDINATES TO DCD FILE adk-step1.dcd AT STEP 2000
WRITING COORDINATES TO RESTART FILE AT STEP 2000
FINISHED WRITING RESTART COORDINATES
The last position output (seq=2000) takes 0.004 seconds, 1042.562 MB of memory in use
WRITING VELOCITIES TO RESTART FILE AT STEP 2000
FINISHED WRITING RESTART VELOCITIES
The last velocity output (seq=2000) takes 0.003 seconds, 1042.562 MB of memory in use
PRESSURE: 2000 0 0 0 0 0 0 0 0 0
GPRESSURE: 2000 0 0 0 0 0 0 0 0 0
PRESSAVG: 2000 0 0 0 0 0 0 0 0 0
GPRESSAVG: 2000 0 0 0 0 0 0 0 0 0
TIMING: 2000  CPU: 0.499641, 0.000212088/step  Wall: 2.68218, 0.00118016/step, 0.000983465 hours remaining, 1042.562500 MB of memory in use.
ETITLE:      TS           BOND          ANGLE          DIHED          IMPRP               ELECT            VDW       BOUNDARY           MISC        KINETIC               TOTAL           TEMP      POTENTIAL         TOTAL3        TEMPAVG

ENERGY:    2000      1076.7309      1672.6266      2076.0231       153.7274            -39.2168      -803.7025         0.0000      2623.2523      3038.0174           9797.4586       305.0583      6759.4411      9823.1920       301.0167

WRITING EXTENDED SYSTEM TO RESTART FILE AT STEP 2000
PRESSURE: 2100 0 0 0 0 0 0 0 0 0
GPRESSURE: 2100 0 0 0 0 0 0 0 0 0
PRESSAVG: 2100 0 0 0 0 0 0 0 0 0
GPRESSAVG: 2100 0 0 0 0 0 0 0 0 0
ENERGY:    2100      1082.6523      1691.0543      2106.6301       157.9816            -39.6102      -782.1743         0.0000      2622.9977      2968.5544           9808.0860       298.0833      6839.5316      9832.0631       297.6367

PRESSURE: 2200 0 0 0 0 0 0 0 0 0
GPRESSURE: 2200 0 0 0 0 0 0 0 0 0
PRESSAVG: 2200 0 0 0 0 0 0 0 0 0
GPRESSAVG: 2200 0 0 0 0 0 0 0 0 0
ENERGY:    2200      1079.7909      1707.5762      2084.2637       152.1613            -40.0393      -767.2215         0.0000      2617.9984      2995.1846           9829.7143       300.7573      6834.5297      9856.6026       300.4855

PRESSURE: 2300 0 0 0 0 0 0 0 0 0
GPRESSURE: 2300 0 0 0 0 0 0 0 0 0
PRESSAVG: 2300 0 0 0 0 0 0 0 0 0
GPRESSAVG: 2300 0 0 0 0 0 0 0 0 0
ENERGY:    2300      1102.5391      1706.5560      2073.5413       157.4301            -41.3281      -785.2062         0.0000      2620.7643      3023.4914           9857.7880       303.5997      6834.2965      9886.3850       302.7914

PRESSURE: 2400 0 0 0 0 0 0 0 0 0
GPRESSURE: 2400 0 0 0 0 0 0 0 0 0
PRESSAVG: 2400 0 0 0 0 0 0 0 0 0
GPRESSAVG: 2400 0 0 0 0 0 0 0 0 0
ENERGY:    2400      1073.2456      1689.2087      2070.7356       164.4949            -41.4393      -812.3195         0.0000      2626.0463      3051.2939           9821.2662       306.3915      6769.9723      9845.1648       301.2199

PRESSURE: 2500 0 0 0 0 0 0 0 0 0
GPRESSURE: 2500 0 0 0 0 0 0 0 0 0
PRESSAVG: 2500 0 0 0 0 0 0 0 0 0
GPRESSAVG: 2500 0 0 0 0 0 0 0 0 0
ENERGY:    2500      1093.6137      1695.4006      2069.8811       152.5055            -40.8079      -776.0626         0.0000      2626.9360      3033.9039           9855.3702       304.6453      6821.4663      9880.1956       302.1652

PRESSURE: 2600 0 0 0 0 0 0 0 0 0
GPRESSURE: 2600 0 0 0 0 0 0 0 0 0
PRESSAVG: 2600 0 0 0 0 0 0 0 0 0
GPRESSAVG: 2600 0 0 0 0 0 0 0 0 0
ENERGY:    2600      1105.9249      1692.6644      2090.3736       155.3729            -40.2171      -804.3881         0.0000      2628.0196      3043.0262           9870.7764       305.5613      6827.7501      9892.8978       301.8513

PRESSURE: 2700 0 0 0 0 0 0 0 0 0
GPRESSURE: 2700 0 0 0 0 0 0 0 0 0
PRESSAVG: 2700 0 0 0 0 0 0 0 0 0
GPRESSAVG: 2700 0 0 0 0 0 0 0 0 0
ENERGY:    2700      1113.1024      1697.1606      2069.0865       146.3264            -40.1601      -814.8377         0.0000      2627.0082      3108.6569           9906.3434       312.1515      6797.6865      9930.4329       304.2091

PRESSURE: 2800 0 0 0 0 0 0 0 0 0
GPRESSURE: 2800 0 0 0 0 0 0 0 0 0
PRESSAVG: 2800 0 0 0 0 0 0 0 0 0
GPRESSAVG: 2800 0 0 0 0 0 0 0 0 0
ENERGY:    2800      1125.4464      1697.9583      2075.8060       151.5505            -40.1823      -759.7836         0.0000      2621.6491      3025.1628           9897.6071       303.7676      6872.4443      9920.4813       304.5413

PRESSURE: 2900 0 0 0 0 0 0 0 0 0
GPRESSURE: 2900 0 0 0 0 0 0 0 0 0
PRESSAVG: 2900 0 0 0 0 0 0 0 0 0
GPRESSAVG: 2900 0 0 0 0 0 0 0 0 0
ENERGY:    2900      1115.7558      1696.0155      2048.4566       164.0538            -40.3550      -763.8192         0.0000      2619.8120      3048.6425           9888.5620       306.1253      6839.9195      9916.6549       305.8986

WRITING COORDINATES TO DCD FILE adk-step1.dcd AT STEP 3000
WRITING COORDINATES TO RESTART FILE AT STEP 3000
FINISHED WRITING RESTART COORDINATES
The last position output (seq=3000) takes 0.004 seconds, 1042.562 MB of memory in use
WRITING VELOCITIES TO RESTART FILE AT STEP 3000
FINISHED WRITING RESTART VELOCITIES
The last velocity output (seq=3000) takes 0.002 seconds, 1042.562 MB of memory in use
PRESSURE: 3000 0 0 0 0 0 0 0 0 0
GPRESSURE: 3000 0 0 0 0 0 0 0 0 0
PRESSAVG: 3000 0 0 0 0 0 0 0 0 0
GPRESSAVG: 3000 0 0 0 0 0 0 0 0 0
TIMING: 3000  CPU: 0.714503, 0.000214862/step  Wall: 3.81716, 0.00113498/step, 0.000630542 hours remaining, 1042.562500 MB of memory in use.
ETITLE:      TS           BOND          ANGLE          DIHED          IMPRP               ELECT            VDW       BOUNDARY           MISC        KINETIC               TOTAL           TEMP      POTENTIAL         TOTAL3        TEMPAVG

ENERGY:    3000      1059.6266      1739.1789      2081.1901       161.0402            -39.4071      -789.2711         0.0000      2616.5145      2976.6360           9805.5081       298.8948      6828.8721      9829.1828       301.9047

WRITING EXTENDED SYSTEM TO RESTART FILE AT STEP 3000
PRESSURE: 3100 0 0 0 0 0 0 0 0 0
GPRESSURE: 3100 0 0 0 0 0 0 0 0 0
PRESSAVG: 3100 0 0 0 0 0 0 0 0 0
GPRESSAVG: 3100 0 0 0 0 0 0 0 0 0
ENERGY:    3100      1086.5078      1715.9672      2084.8071       153.6931            -38.1413      -786.0467         0.0000      2619.7278      3018.9661           9855.4811       303.1453      6836.5150      9882.9924       301.0937

PRESSURE: 3200 0 0 0 0 0 0 0 0 0
GPRESSURE: 3200 0 0 0 0 0 0 0 0 0
PRESSAVG: 3200 0 0 0 0 0 0 0 0 0
GPRESSAVG: 3200 0 0 0 0 0 0 0 0 0
ENERGY:    3200      1098.5532      1721.0231      2085.7522       156.9468            -39.4979      -792.8092         0.0000      2623.5515      2975.0655           9828.5851       298.7371      6853.5196      9850.2074       300.5853

PRESSURE: 3300 0 0 0 0 0 0 0 0 0
GPRESSURE: 3300 0 0 0 0 0 0 0 0 0
PRESSAVG: 3300 0 0 0 0 0 0 0 0 0
GPRESSAVG: 3300 0 0 0 0 0 0 0 0 0
ENERGY:    3300      1115.2796      1698.7493      2065.7583       152.0217            -39.9234      -805.7180         0.0000      2625.6341      2982.0594           9793.8609       299.4394      6811.8016      9817.6140       301.0560

PRESSURE: 3400 0 0 0 0 0 0 0 0 0
GPRESSURE: 3400 0 0 0 0 0 0 0 0 0
PRESSAVG: 3400 0 0 0 0 0 0 0 0 0
GPRESSAVG: 3400 0 0 0 0 0 0 0 0 0
ENERGY:    3400      1075.7739      1713.0624      2076.3749       155.7770            -40.2108      -779.3098         0.0000      2626.9528      3027.4804           9855.9008       304.0003      6828.4204      9877.9303       301.4092

PRESSURE: 3500 0 0 0 0 0 0 0 0 0
GPRESSURE: 3500 0 0 0 0 0 0 0 0 0
PRESSAVG: 3500 0 0 0 0 0 0 0 0 0
GPRESSAVG: 3500 0 0 0 0 0 0 0 0 0
ENERGY:    3500      1107.9402      1761.1116      2067.6596       158.3896            -39.6613      -782.0630         0.0000      2625.0535      2987.0539           9885.4843       299.9409      6898.4303      9906.1137       303.5991

PRESSURE: 3600 0 0 0 0 0 0 0 0 0
GPRESSURE: 3600 0 0 0 0 0 0 0 0 0
PRESSAVG: 3600 0 0 0 0 0 0 0 0 0
GPRESSAVG: 3600 0 0 0 0 0 0 0 0 0
ENERGY:    3600      1089.3731      1680.0605      2069.1186       162.8807            -38.6407      -746.0314         0.0000      2617.0895      3034.2246           9868.0749       304.6775      6833.8503      9889.7198       303.8120

PRESSURE: 3700 0 0 0 0 0 0 0 0 0
GPRESSURE: 3700 0 0 0 0 0 0 0 0 0
PRESSAVG: 3700 0 0 0 0 0 0 0 0 0
GPRESSAVG: 3700 0 0 0 0 0 0 0 0 0
ENERGY:    3700      1088.2400      1724.6756      2070.3214       161.3084            -38.6664      -809.7136         0.0000      2622.0944      2967.3176           9785.5775       297.9591      6818.2599      9811.5477       301.0004

PRESSURE: 3800 0 0 0 0 0 0 0 0 0
GPRESSURE: 3800 0 0 0 0 0 0 0 0 0
PRESSAVG: 3800 0 0 0 0 0 0 0 0 0
GPRESSAVG: 3800 0 0 0 0 0 0 0 0 0
ENERGY:    3800      1086.2361      1692.8608      2090.3599       158.0782            -38.7360      -779.1613         0.0000      2615.9100      2970.6835           9796.2312       298.2971      6825.5478      9818.0220       298.9238

PRESSURE: 3900 0 0 0 0 0 0 0 0 0
GPRESSURE: 3900 0 0 0 0 0 0 0 0 0
PRESSAVG: 3900 0 0 0 0 0 0 0 0 0
GPRESSAVG: 3900 0 0 0 0 0 0 0 0 0
ENERGY:    3900      1068.7122      1757.5581      2047.6729       156.4186            -39.5274      -780.6204         0.0000      2613.7207      3052.0092           9875.9439       306.4633      6823.9347      9900.6194       301.4644

WRITING COORDINATES TO DCD FILE adk-step1.dcd AT STEP 4000
WRITING COORDINATES TO RESTART FILE AT STEP 4000
FINISHED WRITING RESTART COORDINATES
The last position output (seq=4000) takes 0.003 seconds, 1042.562 MB of memory in use
WRITING VELOCITIES TO RESTART FILE AT STEP 4000
FINISHED WRITING RESTART VELOCITIES
The last velocity output (seq=4000) takes 0.003 seconds, 1042.562 MB of memory in use
PRESSURE: 4000 0 0 0 0 0 0 0 0 0
GPRESSURE: 4000 0 0 0 0 0 0 0 0 0
PRESSAVG: 4000 0 0 0 0 0 0 0 0 0
GPRESSAVG: 4000 0 0 0 0 0 0 0 0 0
TIMING: 4000  CPU: 0.926429, 0.000211926/step  Wall: 4.9863, 0.00116914/step, 0.000324761 hours remaining, 1042.562500 MB of memory in use.
ETITLE:      TS           BOND          ANGLE          DIHED          IMPRP               ELECT            VDW       BOUNDARY           MISC        KINETIC               TOTAL           TEMP      POTENTIAL         TOTAL3        TEMPAVG

ENERGY:    4000      1063.0974      1696.0634      2051.9303       162.5291            -40.6609      -782.9083         0.0000      2606.7232      3014.6482           9771.4224       302.7118      6756.7742      9802.0600       300.7294

WRITING EXTENDED SYSTEM TO RESTART FILE AT STEP 4000
PRESSURE: 4100 0 0 0 0 0 0 0 0 0
GPRESSURE: 4100 0 0 0 0 0 0 0 0 0
PRESSAVG: 4100 0 0 0 0 0 0 0 0 0
GPRESSAVG: 4100 0 0 0 0 0 0 0 0 0
ENERGY:    4100      1063.7414      1725.7538      2086.0304       150.2036            -39.9559      -781.1734         0.0000      2606.2948      2963.9517           9774.8465       297.6211      6810.8948      9803.1783       301.6968

PRESSURE: 4200 0 0 0 0 0 0 0 0 0
GPRESSURE: 4200 0 0 0 0 0 0 0 0 0
PRESSAVG: 4200 0 0 0 0 0 0 0 0 0
GPRESSAVG: 4200 0 0 0 0 0 0 0 0 0
ENERGY:    4200      1030.3571      1727.0846      2087.7886       151.8786            -38.8604      -743.5297         0.0000      2610.4731      2988.4486           9813.6406       300.0810      6825.1920      9840.6515       299.2884

LDB: ============= START OF LOAD BALANCING ============== 6.95268
LDB: ============== END OF LOAD BALANCING =============== 6.95289
Info: useSync: 1 useProxySync: 0
LDB: =============== DONE WITH MIGRATION ================ 6.95342
PRESSURE: 4300 0 0 0 0 0 0 0 0 0
GPRESSURE: 4300 0 0 0 0 0 0 0 0 0
PRESSAVG: 4300 0 0 0 0 0 0 0 0 0
GPRESSAVG: 4300 0 0 0 0 0 0 0 0 0
ENERGY:    4300      1069.1973      1732.5671      2079.7353       145.1497            -39.4469      -787.2315         0.0000      2607.4029      3033.7629           9841.1369       304.6311      6807.3739      9867.3729       301.4387

LDB: ============= START OF LOAD BALANCING ============== 7.0511
LDB: 265 computes have load of zero
LDB: Largest compute 1584 load 0.008405 is 30.6% of average load 0.027474
LDB: Average compute 0.001104 is 4.0% of average load 0.027474
LDB: TIME 7.05352 LOAD: AVG 0.0274742 MAX 0.0406939  PROXIES: TOTAL 601 MAXPE 12 MAXPATCH 10 None MEM: 1042.56 MB
LDB: TIME 7.05429 LOAD: AVG 0.0274742 MAX 0.0406939  PROXIES: TOTAL 905 MAXPE 12 MAXPATCH 28 RefineTorusLB MEM: 1042.56 MB
LDB: TIME 7.05707 LOAD: AVG 0.0274742 MAX 0.0361697  PROXIES: TOTAL 909 MAXPE 12 MAXPATCH 27 RefineTorusLB MEM: 1042.56 MB
LDB: ============== END OF LOAD BALANCING =============== 7.05828
Info: build node-aware spanning tree with send: 1, recv: 0 with branch factor 4
Info: useSync: 1 useProxySync: 0
LDB: =============== DONE WITH MIGRATION ================ 7.06237
PRESSURE: 4400 0 0 0 0 0 0 0 0 0
GPRESSURE: 4400 0 0 0 0 0 0 0 0 0
PRESSAVG: 4400 0 0 0 0 0 0 0 0 0
GPRESSAVG: 4400 0 0 0 0 0 0 0 0 0
ENERGY:    4400      1066.2351      1754.6969      2048.9679       147.8115            -39.4522      -764.5912         0.0000      2611.4041      2964.6078           9789.6799       297.6870      6825.0721      9815.7618       300.4506

PRESSURE: 4500 0 0 0 0 0 0 0 0 0
GPRESSURE: 4500 0 0 0 0 0 0 0 0 0
PRESSAVG: 4500 0 0 0 0 0 0 0 0 0
GPRESSAVG: 4500 0 0 0 0 0 0 0 0 0
ENERGY:    4500      1080.9894      1726.8505      2070.0279       162.4179            -39.1160      -793.3123         0.0000      2611.3382      2978.9398           9798.1355       299.1262      6819.1956      9821.4933       298.7881

PRESSURE: 4600 0 0 0 0 0 0 0 0 0
GPRESSURE: 4600 0 0 0 0 0 0 0 0 0
PRESSAVG: 4600 0 0 0 0 0 0 0 0 0
GPRESSAVG: 4600 0 0 0 0 0 0 0 0 0
ENERGY:    4600      1121.4527      1673.9095      2092.9466       142.7514            -38.8800      -782.6141         0.0000      2616.6975      2987.8894           9814.1528       300.0248      6826.2634      9837.5252       301.2758

PRESSURE: 4700 0 0 0 0 0 0 0 0 0
GPRESSURE: 4700 0 0 0 0 0 0 0 0 0
PRESSAVG: 4700 0 0 0 0 0 0 0 0 0
GPRESSAVG: 4700 0 0 0 0 0 0 0 0 0
ENERGY:    4700      1089.4734      1700.8119      2093.5990       144.0351            -39.4096      -748.0293         0.0000      2600.4112      2941.3560           9782.2477       295.3522      6840.8918      9805.2971       300.2448

PRESSURE: 4800 0 0 0 0 0 0 0 0 0
GPRESSURE: 4800 0 0 0 0 0 0 0 0 0
PRESSAVG: 4800 0 0 0 0 0 0 0 0 0
GPRESSAVG: 4800 0 0 0 0 0 0 0 0 0
ENERGY:    4800      1082.0499      1661.9842      2059.4360       149.9381            -39.3053      -767.5537         0.0000      2596.6516      3024.9214           9768.1222       303.7433      6743.2008      9792.9048       298.3336

PRESSURE: 4900 0 0 0 0 0 0 0 0 0
GPRESSURE: 4900 0 0 0 0 0 0 0 0 0
PRESSAVG: 4900 0 0 0 0 0 0 0 0 0
GPRESSAVG: 4900 0 0 0 0 0 0 0 0 0
ENERGY:    4900      1077.0868      1724.2721      2075.3750       141.7393            -39.0024      -760.1553         0.0000      2593.2001      3025.0222           9837.5378       303.7535      6812.5156      9864.8337       300.9929

WRITING COORDINATES TO DCD FILE adk-step1.dcd AT STEP 5000
WRITING COORDINATES TO RESTART FILE AT STEP 5000
FINISHED WRITING RESTART COORDINATES
The last position output (seq=5000) takes 0.003 seconds, 1042.562 MB of memory in use
WRITING VELOCITIES TO RESTART FILE AT STEP 5000
FINISHED WRITING RESTART VELOCITIES
The last velocity output (seq=5000) takes 0.002 seconds, 1042.562 MB of memory in use
PRESSURE: 5000 0 0 0 0 0 0 0 0 0
GPRESSURE: 5000 0 0 0 0 0 0 0 0 0
PRESSAVG: 5000 0 0 0 0 0 0 0 0 0
GPRESSAVG: 5000 0 0 0 0 0 0 0 0 0
TIMING: 5000  CPU: 1.14777, 0.000221344/step  Wall: 6.09229, 0.00110599/step, 0 hours remaining, 1042.562500 MB of memory in use.
ETITLE:      TS           BOND          ANGLE          DIHED          IMPRP               ELECT            VDW       BOUNDARY           MISC        KINETIC               TOTAL           TEMP      POTENTIAL         TOTAL3        TEMPAVG

ENERGY:    5000      1081.0272      1736.7264      2071.2059       154.9564            -39.8491      -786.0129         0.0000      2596.1350      3020.3758           9834.5646       303.2869      6814.1888      9862.4489       303.2733

WRITING EXTENDED SYSTEM TO RESTART FILE AT STEP 5000
WRITING EXTENDED SYSTEM TO OUTPUT FILE AT STEP 5000
WRITING COORDINATES TO OUTPUT FILE AT STEP 5000
CLOSING COORDINATE DCD FILE adk-step1.dcd
The last position output (seq=-2) takes 0.004 seconds, 1042.562 MB of memory in use
WRITING VELOCITIES TO OUTPUT FILE AT STEP 5000
====================================================

WallClock: 7.750955  CPUTime: 2.262747  Memory: 1042.562500 MB
[Partition 0][Node 0] End of program
