0_3_cc.dat
/gpfs/alpine/bip115/scratch/hrlee/radical.pilot.sandbox/re.session.login2.hrlee.018634.0000/pilot.0000/staging_area/0_3_cc.dat
0, 3
Choosing optimized barrier algorithm name I0:HybridBinomial:SHMEM:P2P
Converse/Charm++ Commit ID: v6.10.2-0-g7bf00fa-namd-charm-6.10.2-build-2020-Aug-05-556
Warning> Randomization of virtual memory (ASLR) is turned on in the kernel, thread migration may not work! Run 'echo 0 > /proc/sys/kernel/randomize_va_space' as root to disable it, or try running with '+isomalloc_sync'.
CharmLB> Load balancer assumes all CPUs are same.
Charm++> Running on 1 hosts (1 sockets x 7 cores x 4 PUs = 28-way SMP)
Charm++> cpu topology info is gathered in 0.030 seconds.
Info: Built with CUDA version 10010
Did not find +devices i,j,k,... argument, using all
Pe 12 physical rank 12 will use CUDA device of pe 7
Pe 2 physical rank 2 will use CUDA device of pe 4
Pe 18 physical rank 18 will use CUDA device of pe 14
Pe 30 physical rank 30 will use CUDA device of pe 28
Pe 23 physical rank 23 will use CUDA device of pe 21
Pe 38 physical rank 38 will use CUDA device of pe 35
Pe 13 physical rank 13 will use CUDA device of pe 7
Pe 5 physical rank 5 will use CUDA device of pe 4
Pe 20 physical rank 20 will use CUDA device of pe 14
Pe 33 physical rank 33 will use CUDA device of pe 28
Pe 24 physical rank 24 will use CUDA device of pe 21
Pe 41 physical rank 41 will use CUDA device of pe 35
Pe 9 physical rank 9 will use CUDA device of pe 7
Pe 17 physical rank 17 will use CUDA device of pe 14
Pe 31 physical rank 31 will use CUDA device of pe 28
Pe 26 physical rank 26 will use CUDA device of pe 21
Pe 39 physical rank 39 will use CUDA device of pe 35
Pe 11 physical rank 11 will use CUDA device of pe 7
Pe 6 physical rank 6 will use CUDA device of pe 4
Pe 16 physical rank 16 will use CUDA device of pe 14
Pe 32 physical rank 32 will use CUDA device of pe 28
Pe 25 physical rank 25 will use CUDA device of pe 21
Pe 40 physical rank 40 will use CUDA device of pe 35
Pe 10 physical rank 10 will use CUDA device of pe 7
Pe 3 physical rank 3 will use CUDA device of pe 4
Pe 19 physical rank 19 will use CUDA device of pe 14
Pe 34 physical rank 34 will use CUDA device of pe 28
Pe 27 physical rank 27 will use CUDA device of pe 21
Pe 36 physical rank 36 will use CUDA device of pe 35
Pe 8 physical rank 8 will use CUDA device of pe 7
Pe 1 physical rank 1 will use CUDA device of pe 4
Pe 15 physical rank 15 will use CUDA device of pe 14
Pe 29 physical rank 29 will use CUDA device of pe 28
Pe 22 physical rank 22 will use CUDA device of pe 21
Pe 0 physical rank 0 will use CUDA device of pe 4
Pe 37 physical rank 37 will use CUDA device of pe 35
Pe 7 physical rank 7 binding to CUDA device 0 on h14n13: 'Tesla V100-SXM2-16GB'  Mem: 16128MB  Rev: 7.0  PCI: 4:5:0
Pe 4 physical rank 4 binding to CUDA device 0 on h14n13: 'Tesla V100-SXM2-16GB'  Mem: 16128MB  Rev: 7.0  PCI: 4:4:0
Pe 14 physical rank 14 binding to CUDA device 0 on h14n13: 'Tesla V100-SXM2-16GB'  Mem: 16128MB  Rev: 7.0  PCI: 4:6:0
Pe 28 physical rank 28 binding to CUDA device 0 on h14n13: 'Tesla V100-SXM2-16GB'  Mem: 16128MB  Rev: 7.0  PCI: 35:4:0
Pe 21 physical rank 21 binding to CUDA device 0 on h14n13: 'Tesla V100-SXM2-16GB'  Mem: 16128MB  Rev: 7.0  PCI: 35:3:0
Pe 35 physical rank 35 binding to CUDA device 0 on h14n13: 'Tesla V100-SXM2-16GB'  Mem: 16128MB  Rev: 7.0  PCI: 35:5:0
Info: NAMD 2.14 for Linux-POWER-pami-smp-Summit-CUDA
Info: 
Info: Please visit http://www.ks.uiuc.edu/Research/namd/
Info: for updates, documentation, and support information.
Info: 
Info: Please cite Phillips et al., J. Chem. Phys. 153:044130 (2020) doi:10.1063/5.0014475
Info: in all publications reporting results obtained with NAMD.
Info: 
Info: Based on Charm++/Converse 61002 for pami-linux-ppc64le-smp
Info: Built Wed Aug 5 14:28:51 EDT 2020 by jimp on login2
Info: 1 NAMD  2.14  Linux-POWER-pami-smp-Summit-CUDA  42    h14n13  hrlee
Info: Running on 42 processors, 6 nodes, 1 physical nodes.
Info: CPU topology information available.
Info: Charm++/Converse parallel runtime startup completed at 1.36455 s
CkLoopLib is used in SMP with simple dynamic scheduling (converse-level notification)
Info: 791.625 MB of memory in use based on /proc/self/stat
Info: Configuration file is adk-step1.namd
Info: Working in the current directory /gpfs/alpine/bip115/scratch/hrlee/radical.pilot.sandbox/re.session.login2.hrlee.018634.0000/pilot.0000/unit.000291
TCL: Suspending until startup complete.
Info: SIMULATION PARAMETERS:
Info: TIMESTEP               1
Info: NUMBER OF STEPS        0
Info: STEPS PER CYCLE        20
Info: LOAD BALANCER  Centralized
Info: LOAD BALANCING STRATEGY  New Load Balancers -- DEFAULT
Info: LDB PERIOD             4000 steps
Info: FIRST LDB TIMESTEP     100
Info: LAST LDB TIMESTEP     -1
Info: LDB BACKGROUND SCALING 1
Info: HOM BACKGROUND SCALING 1
Info: MIN ATOMS PER PATCH    40
Info: VELOCITY FILE          0_3_adk-step1.restart.vel
Info: CENTER OF MASS MOVING INITIALLY? NO
Info: DIELECTRIC             80
Info: EXCLUDE                SCALED ONE-FOUR
Info: 1-4 ELECTROSTATICS SCALED BY 1
Info: MODIFIED 1-4 VDW PARAMETERS WILL BE USED
Info: DCD FILENAME           adk-step1.dcd
Info: DCD FREQUENCY          1000
Info: DCD FIRST STEP         1000
Info: NO EXTENDED SYSTEM TRAJECTORY OUTPUT
Info: NO VELOCITY DCD OUTPUT
Info: NO FORCE DCD OUTPUT
Info: OUTPUT FILENAME        adk-step1
Info: BINARY OUTPUT FILES WILL BE USED
Info: RESTART FILENAME       adk-step1.restart
Info: RESTART FREQUENCY      1000
Info: BINARY RESTART FILES WILL BE USED
Info: SWITCHING ACTIVE
Info: SWITCHING ON           9
Info: SWITCHING OFF          10
Info: PAIRLIST DISTANCE      11
Info: PAIRLIST SHRINK RATE   0.01
Info: PAIRLIST GROW RATE     0.01
Info: PAIRLIST TRIGGER       0.3
Info: PAIRLISTS PER CYCLE    2
Info: PAIRLISTS ENABLED
Info: MARGIN                 0
Info: HYDROGEN GROUP CUTOFF  2.5
Info: PATCH DIMENSION        13.5
Info: ENERGY OUTPUT STEPS    100
Info: CROSSTERM ENERGY INCLUDED IN DIHEDRAL
Info: TIMING OUTPUT STEPS    1000
Info: PRESSURE OUTPUT STEPS  100
Info: GRID FORCE ACTIVE
Info:  Please include this reference in published work using
Info:  the Gridforce module of NAMD: David Wells, Volha Abramkina,
Info:  and Aleksei Aksimentiev, J. Chem. Phys. 127:125101-10 (2007).
Info: MGRIDFORCE key 0
Info:            Potfile 4ake-target_autopsf-grid.dx
Info:            Scale 0.3 0.3 0.3
Info:            File 1ake-docked-noh_autopsf-grid.pdb
Info:            Col O
Info:            ChargeCol B
Info:            VOffset 0 0 0
Info:            Continuous K1 FALSE
Info:            Continuous K2 FALSE
Info:            Continuous K3 FALSE
Info:            Volts FALSE
Info:            Gridforce-Lite FALSE
Info:            Gridforce-CheckSize TRUE
Info: LANGEVIN DYNAMICS ACTIVE
Info: LANGEVIN TEMPERATURE   300
Info: LANGEVIN USING BBK INTEGRATOR
Info: LANGEVIN DAMPING COEFFICIENT IS 5 INVERSE PS
Info: LANGEVIN DYNAMICS NOT APPLIED TO HYDROGENS
Info: USING VERLET I (r-RESPA) MTS SCHEME.
Info: C1 SPLITTING OF LONG RANGE ELECTROSTATICS
Info: PLACING ATOMS IN PATCHES BY HYDROGEN GROUPS
Info: RIGID BONDS TO HYDROGEN : WATER
Info:         ERROR TOLERANCE : 1e-08
Info:          MAX ITERATIONS : 100
Info: RIGID WATER USING SETTLE ALGORITHM
Info: NONBONDED FORCES EVALUATED EVERY 2 STEPS
Info: RANDOM NUMBER SEED     1609983910
Info: USE HYDROGEN BONDS?    NO
Info: COORDINATE PDB         1ake-docked-noh_autopsf.pdb
Info: STRUCTURE FILE         1ake-docked-noh_autopsf.psf
Info: PARAMETER file: CHARMM format! 
Info: PARAMETERS             par_all36_prot.prm
Info: USING ARITHMETIC MEAN TO COMBINE L-J SIGMA PARAMETERS
Info: BINARY COORDINATES     0_3_adk-step1.restart.coor
Info: SUMMARY OF PARAMETERS:
Info: 132 BONDS
Info: 362 ANGLES
Info: 702 DIHEDRAL
Info: 35 IMPROPER
Info: 6 CROSSTERM
Info: 53 VDW
Info: 0 VDW_PAIRS
Info: 0 NBTHOLE_PAIRS
Info: TIME FOR READING PSF FILE: 0.416405
Info: READING EXTRA BONDS FILE 1ake-extrabonds.txt
Info: READING EXTRA BONDS FILE 1ake-extrabonds-cispeptide.txt
Info: READING EXTRA BONDS FILE 1ake-extrabonds-chirality.txt
Info: READ 80 EXTRA BONDS
Info: READ 80 EXTRA ANGLES
Warning: EXTRA ANGLES ARE COSINE-BASED BY DEFAULT TO MATCH PREVIOUS VERSIONS
Warning: FOR NORMAL HARMONIC EXTRA ANGLES SET extraBondsCosAngles off
Info: READ 493 EXTRA DIHEDRALS
Info: READ 438 EXTRA IMPROPERS
Info: Reading pdb file 1ake-docked-noh_autopsf.pdb
Info: TIME FOR READING PDB FILE: 0.11281
Info: 
Info: ****************************
Info: STRUCTURE SUMMARY:
Info: 3341 ATOMS
Info: 3445 BONDS
Info: 6203 ANGLES
Info: 9414 DIHEDRALS
Info: 1005 IMPROPERS
Info: 212 CROSSTERMS
Info: 0 EXCLUSIONS
Info: 0 RIGID BONDS
Info: 1 GRIDS ACTIVE
Info: 10023 DEGREES OF FREEDOM
Info: 1656 HYDROGEN GROUPS
Info: 4 ATOMS IN LARGEST HYDROGEN GROUP
Info: 1656 MIGRATION GROUPS
Info: 4 ATOMS IN LARGEST MIGRATION GROUP
Info: TOTAL MASS = 23582 amu
Info: TOTAL CHARGE = -4 e
Info: *****************************
Info: Reading from binary file 0_3_adk-step1.restart.coor
Info: 
Info: Entering startup at 2.49575 s, 799.562 MB of memory in use
Info: Startup phase 0 took 0.000221359 s, 799.688 MB of memory in use
Info: ADDED 18308 IMPLICIT EXCLUSIONS
Info: Startup phase 1 took 0.00920719 s, 799.812 MB of memory in use
Info: NONBONDED TABLE R-SQUARED SPACING: 0.0625
Info: NONBONDED TABLE SIZE: 705 POINTS
Info: ABSOLUTE IMPRECISION IN FAST TABLE ENERGY: 3.38813e-21 AT 9.89634
Info: RELATIVE IMPRECISION IN FAST TABLE ENERGY: 4.23384e-15 AT 9.94673
Info: ABSOLUTE IMPRECISION IN FAST TABLE FORCE: 6.35275e-22 AT 9.94673
Info: RELATIVE IMPRECISION IN FAST TABLE FORCE: 5.07982e-16 AT 9.94673
Info: INCONSISTENCY IN FAST TABLE ENERGY VS FORCE: 0.000290185 AT 0.251946
Info: ABSOLUTE IMPRECISION IN VDWA TABLE ENERGY: 1.57772e-30 AT 9.89634
Info: RELATIVE IMPRECISION IN VDWA TABLE ENERGY: 4.54938e-15 AT 9.94673
Info: ABSOLUTE IMPRECISION IN VDWA TABLE FORCE: 5.91646e-31 AT 9.94673
Info: RELATIVE IMPRECISION IN VDWA TABLE FORCE: 5.6823e-16 AT 9.94673
Info: INCONSISTENCY IN VDWA TABLE ENERGY VS FORCE: 0.0040507 AT 0.251946
Info: ABSOLUTE IMPRECISION IN VDWB TABLE ENERGY: 4.71751e-25 AT 9.94673
Info: RELATIVE IMPRECISION IN VDWB TABLE ENERGY: 1.45371e-14 AT 9.94673
Info: ABSOLUTE IMPRECISION IN VDWB TABLE FORCE: 6.20385e-25 AT 9.94673
Info: RELATIVE IMPRECISION IN VDWB TABLE FORCE: 5.97512e-16 AT 9.94673
Info: INCONSISTENCY IN VDWB TABLE ENERGY VS FORCE: 0.00377068 AT 9.07951
Info: Startup phase 2 took 0.000599171 s, 800.812 MB of memory in use
Info: Startup phase 3 took 0.000178587 s, 800.875 MB of memory in use
Info: Startup phase 4 took 0.000299746 s, 801 MB of memory in use
Info: Startup phase 5 took 0.000169908 s, 801 MB of memory in use
Info: ORIGINAL ATOMS MINMAX IS -20.5694 -33.3892 -37.433  16.9757 19.6461 17.2872
Info: ADJUSTED ATOMS MINMAX IS -16.5771 -27.7325 -31.7831  11.4247 12.6864 8.92652
Info: PATCH GRID IS 5 BY 3 BY 4
Info: PATCH GRID IS 2-AWAY BY 1-AWAY BY 1-AWAY
Info: Reading from binary file 0_3_adk-step1.restart.vel
Info: REMOVING COM VELOCITY -0.0843941 0.0297366 -0.0898597
Info: LARGEST PATCH (33) HAS 145 ATOMS
Info: TORUS A SIZE 1 USING 0
Info: TORUS B SIZE 1 USING 0
Info: TORUS C SIZE 1 USING 0
Info: TORUS MINIMAL MESH SIZE IS 1 BY 1 BY 1
Info: Placed 100% of base nodes on same physical node as patch
Info: Startup phase 6 took 0.00971677 s, 801.062 MB of memory in use
Info: Startup phase 7 took 0.000169772 s, 802.312 MB of memory in use
Info: Updated CUDA force table with 4096 elements.
Info: Updated CUDA force table with 4096 elements.
Info: Updated CUDA LJ table with 53 x 53 elements.
Info: Updated CUDA LJ table with 53 x 53 elements.
Info: Updated CUDA force table with 4096 elements.
Info: Updated CUDA force table with 4096 elements.
Info: Updated CUDA LJ table with 53 x 53 elements.
Info: Updated CUDA LJ table with 53 x 53 elements.
Info: Updated CUDA force table with 4096 elements.
Info: Updated CUDA LJ table with 53 x 53 elements.
Info: Updated CUDA force table with 4096 elements.
Info: Updated CUDA LJ table with 53 x 53 elements.
Info: Startup phase 8 took 0.00359331 s, 802.5 MB of memory in use
Info: Startup phase 9 took 0.000418251 s, 802.625 MB of memory in use
Info: Startup phase 10 took 0.000164412 s, 802.938 MB of memory in use
Info: Startup phase 11 took 0.000768624 s, 802.938 MB of memory in use
LDB: Central LB being created...
Info: Startup phase 12 took 0.00217826 s, 803.688 MB of memory in use
Info: CREATING 1451 COMPUTE OBJECTS
Info: Found 278 unique exclusion lists needing 900 bytes
Info: Found 278 unique exclusion lists needing 900 bytes
Info: Found 278 unique exclusion lists needing 900 bytes
Info: Found 278 unique exclusion lists needing 900 bytes
Info: Found 278 unique exclusion lists needing 900 bytes
Info: Found 278 unique exclusion lists needing 900 bytes
Info: Startup phase 13 took 0.0166898 s, 804.625 MB of memory in use
Info: Building spanning tree ... send: 1 recv: 0 with branch factor 4
Info: useSync: 0 useProxySync: 0
Info: Startup phase 14 took 0.000244466 s, 804.75 MB of memory in use
Info: Startup phase 15 took 0.000317464 s, 804.812 MB of memory in use
Info: Finished startup at 2.54068 s, 805 MB of memory in use

TCL: Running for 5000 steps
PRESSURE: 0 0 0 0 0 0 0 0 0 0
GPRESSURE: 0 0 0 0 0 0 0 0 0 0
ETITLE:      TS           BOND          ANGLE          DIHED          IMPRP               ELECT            VDW       BOUNDARY           MISC        KINETIC               TOTAL           TEMP      POTENTIAL         TOTAL3        TEMPAVG

ENERGY:       0      1128.6683      1685.3887      2051.4947       154.0022            -40.9861      -782.6568         0.0000      2638.0980      2903.4806           9737.4896       291.5490      6834.0090      9762.4140       291.5490

LDB: ============= START OF LOAD BALANCING ============== 2.55588
LDB: ============== END OF LOAD BALANCING =============== 2.55592
Info: useSync: 0 useProxySync: 0
LDB: =============== DONE WITH MIGRATION ================ 2.55603
LDB: ============= START OF LOAD BALANCING ============== 2.60757
LDB: Partitioning computes with target load 0.000000
LDB: Increased migratable compute count from 0 to 0
LDB: Largest unpartitionable compute is 0.000000
LDB: ============== END OF LOAD BALANCING =============== 2.60791
Info: build node-aware spanning tree with send: 1, recv: 0 with branch factor 4
Info: useSync: 0 useProxySync: 0
LDB: =============== DONE WITH MIGRATION ================ 2.60877
PRESSURE: 100 0 0 0 0 0 0 0 0 0
GPRESSURE: 100 0 0 0 0 0 0 0 0 0
PRESSAVG: 100 0 0 0 0 0 0 0 0 0
GPRESSAVG: 100 0 0 0 0 0 0 0 0 0
Info: Initial time: 42 CPUs 0.000647657 s/step 0.00749603 days/ns 827.938 MB memory
ENERGY:     100      1076.9291      1722.6138      2056.4208       152.9912            -41.3153      -792.6776         0.0000      2634.5072      2896.9887           9706.4579       290.8971      6809.4692      9731.1640       295.6111

LDB: ============= START OF LOAD BALANCING ============== 2.62194
Info: useSync: 0 useProxySync: 0
LDB: ============== END OF LOAD BALANCING =============== 2.62197
LDB: =============== DONE WITH MIGRATION ================ 2.62208
LDB: ============= START OF LOAD BALANCING ============== 2.67357
LDB: TIME 2.67382 LOAD: AVG 0.0140815 MAX 0.0332073  PROXIES: TOTAL 213 MAXPE 10 MAXPATCH 7 None MEM: 829.938 MB
LDB: TIME 2.67399 LOAD: AVG 0.0140815 MAX 0.0332073  PROXIES: TOTAL 213 MAXPE 10 MAXPATCH 7 TorusLB MEM: 830.062 MB
LDB: Reverting to original mapping
LDB: ============== END OF LOAD BALANCING =============== 2.67421
Info: build node-aware spanning tree with send: 1, recv: 0 with branch factor 4
Info: useSync: 0 useProxySync: 0
LDB: =============== DONE WITH MIGRATION ================ 2.67497
PRESSURE: 200 0 0 0 0 0 0 0 0 0
GPRESSURE: 200 0 0 0 0 0 0 0 0 0
PRESSAVG: 200 0 0 0 0 0 0 0 0 0
GPRESSAVG: 200 0 0 0 0 0 0 0 0 0
Info: Initial time: 42 CPUs 0.000643675 s/step 0.00744994 days/ns 830.062 MB memory
ENERGY:     200      1100.2520      1685.9998      2065.1641       150.3756            -42.2395      -786.8614         0.0000      2631.2424      2963.3108           9767.2438       297.5568      6803.9330      9793.2112       293.8111

LDB: ============= START OF LOAD BALANCING ============== 2.74019
LDB: TIME 2.74039 LOAD: AVG 0.0176258 MAX 0.0414003  PROXIES: TOTAL 213 MAXPE 10 MAXPATCH 7 None MEM: 831.062 MB
LDB: TIME 2.74053 LOAD: AVG 0.0176258 MAX 0.0414003  PROXIES: TOTAL 213 MAXPE 10 MAXPATCH 7 RefineTorusLB MEM: 831.062 MB
LDB: TIME 2.74066 LOAD: AVG 0.0176258 MAX 0.0414003  PROXIES: TOTAL 213 MAXPE 10 MAXPATCH 7 RefineTorusLB MEM: 831.062 MB
LDB: ============== END OF LOAD BALANCING =============== 2.7409
Info: build node-aware spanning tree with send: 1, recv: 0 with branch factor 4
Info: useSync: 0 useProxySync: 0
LDB: =============== DONE WITH MIGRATION ================ 2.74165
PRESSURE: 300 0 0 0 0 0 0 0 0 0
GPRESSURE: 300 0 0 0 0 0 0 0 0 0
PRESSAVG: 300 0 0 0 0 0 0 0 0 0
GPRESSAVG: 300 0 0 0 0 0 0 0 0 0
Info: Initial time: 42 CPUs 0.000651507 s/step 0.00754059 days/ns 831.062 MB memory
ENERGY:     300      1088.0864      1659.7169      2086.1729       154.1230            -41.6794      -762.9763         0.0000      2626.5978      2919.9157           9729.9568       293.1993      6810.0411      9751.4613       297.7139

LDB: ============= START OF LOAD BALANCING ============== 2.80639
LDB: TIME 2.80663 LOAD: AVG 0.0176058 MAX 0.0408682  PROXIES: TOTAL 213 MAXPE 10 MAXPATCH 7 None MEM: 831.938 MB
LDB: TIME 2.80677 LOAD: AVG 0.0176058 MAX 0.0408682  PROXIES: TOTAL 213 MAXPE 10 MAXPATCH 7 RefineTorusLB MEM: 832 MB
LDB: TIME 2.80688 LOAD: AVG 0.0176058 MAX 0.0408682  PROXIES: TOTAL 213 MAXPE 10 MAXPATCH 7 RefineTorusLB MEM: 832 MB
LDB: ============== END OF LOAD BALANCING =============== 2.80712
Info: build node-aware spanning tree with send: 1, recv: 0 with branch factor 4
Info: useSync: 0 useProxySync: 0
LDB: =============== DONE WITH MIGRATION ================ 2.80787
PRESSURE: 400 0 0 0 0 0 0 0 0 0
GPRESSURE: 400 0 0 0 0 0 0 0 0 0
PRESSAVG: 400 0 0 0 0 0 0 0 0 0
GPRESSAVG: 400 0 0 0 0 0 0 0 0 0
Info: Benchmark time: 42 CPUs 0.000645131 s/step 0.0074668 days/ns 832 MB memory
ENERGY:     400      1073.6224      1672.2361      2062.7544       134.1163            -41.3360      -801.2216         0.0000      2629.9323      2908.9558           9639.0597       292.0988      6730.1039      9663.8914       293.1662

PRESSURE: 500 0 0 0 0 0 0 0 0 0
GPRESSURE: 500 0 0 0 0 0 0 0 0 0
PRESSAVG: 500 0 0 0 0 0 0 0 0 0
GPRESSAVG: 500 0 0 0 0 0 0 0 0 0
Info: Benchmark time: 42 CPUs 0.000636439 s/step 0.00736619 days/ns 832.75 MB memory
ENERGY:     500      1028.0096      1665.8986      2071.4601       153.9792            -40.7135      -774.1563         0.0000      2625.3341      2949.0055           9678.8174       296.1203      6729.8119      9704.9028       291.8981

PRESSURE: 600 0 0 0 0 0 0 0 0 0
GPRESSURE: 600 0 0 0 0 0 0 0 0 0
PRESSAVG: 600 0 0 0 0 0 0 0 0 0
GPRESSAVG: 600 0 0 0 0 0 0 0 0 0
Info: Benchmark time: 42 CPUs 0.000610894 s/step 0.00707053 days/ns 832.75 MB memory
ENERGY:     600      1036.2348      1735.1002      2098.5764       154.6332            -40.6292      -812.1393         0.0000      2621.8255      2921.3120           9714.9136       293.3395      6793.6017      9737.4483       294.6518

PRESSURE: 700 0 0 0 0 0 0 0 0 0
GPRESSURE: 700 0 0 0 0 0 0 0 0 0
PRESSAVG: 700 0 0 0 0 0 0 0 0 0
GPRESSAVG: 700 0 0 0 0 0 0 0 0 0
Info: Benchmark time: 42 CPUs 0.000605135 s/step 0.00700388 days/ns 832.75 MB memory
ENERGY:     700      1048.6324      1706.0068      2075.5296       171.2035            -40.7855      -783.8618         0.0000      2615.1217      2928.3697           9720.2163       294.0482      6791.8466      9744.7225       294.9040

PRESSURE: 800 0 0 0 0 0 0 0 0 0
GPRESSURE: 800 0 0 0 0 0 0 0 0 0
PRESSAVG: 800 0 0 0 0 0 0 0 0 0
GPRESSAVG: 800 0 0 0 0 0 0 0 0 0
Info: Benchmark time: 42 CPUs 0.000606669 s/step 0.00702164 days/ns 832.75 MB memory
ENERGY:     800      1050.9431      1674.5670      2098.1251       157.4671            -40.3477      -762.7495         0.0000      2607.9293      2971.4158           9757.3503       298.3706      6785.9345      9780.7073       296.9069

PRESSURE: 900 0 0 0 0 0 0 0 0 0
GPRESSURE: 900 0 0 0 0 0 0 0 0 0
PRESSAVG: 900 0 0 0 0 0 0 0 0 0
GPRESSAVG: 900 0 0 0 0 0 0 0 0 0
Info: Benchmark time: 42 CPUs 0.000606073 s/step 0.00701473 days/ns 832.75 MB memory
ENERGY:     900      1023.6287      1723.5742      2084.2108       149.2543            -40.9342      -771.6211         0.0000      2608.8595      2982.1799           9759.1520       299.4515      6776.9722      9787.5006       296.5400

PRESSURE: 1000 0 0 0 0 0 0 0 0 0
GPRESSURE: 1000 0 0 0 0 0 0 0 0 0
PRESSAVG: 1000 0 0 0 0 0 0 0 0 0
GPRESSAVG: 1000 0 0 0 0 0 0 0 0 0
TIMING: 1000  CPU: 0.653318, 0.000633882/step  Wall: 0.65454, 0.000634057/step, 0.000704507 hours remaining, 832.750000 MB of memory in use.
ETITLE:      TS           BOND          ANGLE          DIHED          IMPRP               ELECT            VDW       BOUNDARY           MISC        KINETIC               TOTAL           TEMP      POTENTIAL         TOTAL3        TEMPAVG

ENERGY:    1000      1087.8264      1746.1035      2079.0260       147.3030            -40.4708      -790.6052         0.0000      2613.5488      2927.0745           9769.8061       293.9182      6842.7316      9792.7366       296.4326

WRITING EXTENDED SYSTEM TO RESTART FILE AT STEP 1000
WRITING VELOCITIES TO RESTART FILE AT STEP 1000
FINISHED WRITING RESTART VELOCITIES
The last velocity output (seq=1000) takes 0.002 seconds, 832.812 MB of memory in use
OPENING COORDINATE DCD FILE
WRITING COORDINATES TO DCD FILE adk-step1.dcd AT STEP 1000
WRITING COORDINATES TO RESTART FILE AT STEP 1000
FINISHED WRITING RESTART COORDINATES
The last position output (seq=1000) takes 0.004 seconds, 832.812 MB of memory in use
PRESSURE: 1100 0 0 0 0 0 0 0 0 0
GPRESSURE: 1100 0 0 0 0 0 0 0 0 0
PRESSAVG: 1100 0 0 0 0 0 0 0 0 0
GPRESSAVG: 1100 0 0 0 0 0 0 0 0 0
ENERGY:    1100      1091.2448      1692.4700      2066.9253       162.6150            -40.8905      -768.1289         0.0000      2614.4239      2954.5210           9773.1805       296.6742      6818.6595      9794.2345       296.7567

PRESSURE: 1200 0 0 0 0 0 0 0 0 0
GPRESSURE: 1200 0 0 0 0 0 0 0 0 0
PRESSAVG: 1200 0 0 0 0 0 0 0 0 0
GPRESSAVG: 1200 0 0 0 0 0 0 0 0 0
ENERGY:    1200      1116.5821      1716.4030      2089.1382       149.6991            -40.6852      -786.2842         0.0000      2622.0063      2973.8868           9840.7461       298.6188      6866.8593      9866.1874       300.1946

PRESSURE: 1300 0 0 0 0 0 0 0 0 0
GPRESSURE: 1300 0 0 0 0 0 0 0 0 0
PRESSAVG: 1300 0 0 0 0 0 0 0 0 0
GPRESSAVG: 1300 0 0 0 0 0 0 0 0 0
ENERGY:    1300      1081.1463      1679.8906      2090.0040       147.6033            -41.5753      -725.4955         0.0000      2621.2434      2947.2390           9800.0558       295.9430      6852.8168      9824.4382       299.2240

PRESSURE: 1400 0 0 0 0 0 0 0 0 0
GPRESSURE: 1400 0 0 0 0 0 0 0 0 0
PRESSAVG: 1400 0 0 0 0 0 0 0 0 0
GPRESSAVG: 1400 0 0 0 0 0 0 0 0 0
ENERGY:    1400      1088.9166      1722.9045      2084.3730       149.7702            -41.9667      -787.2735         0.0000      2629.0227      2936.9558           9782.7025       294.9104      6845.7467      9802.0485       296.5870

PRESSURE: 1500 0 0 0 0 0 0 0 0 0
GPRESSURE: 1500 0 0 0 0 0 0 0 0 0
PRESSAVG: 1500 0 0 0 0 0 0 0 0 0
GPRESSAVG: 1500 0 0 0 0 0 0 0 0 0
ENERGY:    1500      1051.5277      1735.5962      2086.9404       142.3202            -41.8440      -763.7708         0.0000      2626.8472      3009.0013           9846.6181       302.1447      6837.6168      9872.5595       300.1169

PRESSURE: 1600 0 0 0 0 0 0 0 0 0
GPRESSURE: 1600 0 0 0 0 0 0 0 0 0
PRESSAVG: 1600 0 0 0 0 0 0 0 0 0
GPRESSAVG: 1600 0 0 0 0 0 0 0 0 0
ENERGY:    1600      1134.4842      1664.2993      2103.5321       150.3194            -41.3918      -753.8829         0.0000      2615.3144      2939.7625           9812.4371       295.1922      6872.6746      9832.5442       299.7454

PRESSURE: 1700 0 0 0 0 0 0 0 0 0
GPRESSURE: 1700 0 0 0 0 0 0 0 0 0
PRESSAVG: 1700 0 0 0 0 0 0 0 0 0
GPRESSAVG: 1700 0 0 0 0 0 0 0 0 0
ENERGY:    1700      1081.3088      1725.3025      2088.6266       158.2621            -41.5697      -787.8752         0.0000      2611.9472      3025.5835           9861.5858       303.8098      6836.0024      9889.1197       301.0230

PRESSURE: 1800 0 0 0 0 0 0 0 0 0
GPRESSURE: 1800 0 0 0 0 0 0 0 0 0
PRESSAVG: 1800 0 0 0 0 0 0 0 0 0
GPRESSAVG: 1800 0 0 0 0 0 0 0 0 0
ENERGY:    1800      1100.0093      1695.1751      2076.9224       154.5862            -40.5825      -774.0094         0.0000      2618.8533      2960.8054           9791.7598       297.3052      6830.9544      9815.6739       299.4264

PRESSURE: 1900 0 0 0 0 0 0 0 0 0
GPRESSURE: 1900 0 0 0 0 0 0 0 0 0
PRESSAVG: 1900 0 0 0 0 0 0 0 0 0
GPRESSAVG: 1900 0 0 0 0 0 0 0 0 0
ENERGY:    1900      1084.5108      1675.6008      2086.3094       135.7287            -41.1243      -765.6697         0.0000      2613.7528      2895.2643           9684.3728       290.7240      6789.1084      9708.0201       296.2901

PRESSURE: 2000 0 0 0 0 0 0 0 0 0
GPRESSURE: 2000 0 0 0 0 0 0 0 0 0
PRESSAVG: 2000 0 0 0 0 0 0 0 0 0
GPRESSAVG: 2000 0 0 0 0 0 0 0 0 0
TIMING: 2000  CPU: 1.26878, 0.000615464/step  Wall: 1.27683, 0.000622293/step, 0.000518578 hours remaining, 832.875000 MB of memory in use.
ETITLE:      TS           BOND          ANGLE          DIHED          IMPRP               ELECT            VDW       BOUNDARY           MISC        KINETIC               TOTAL           TEMP      POTENTIAL         TOTAL3        TEMPAVG

ENERGY:    2000      1053.0186      1675.4655      2114.0756       157.0848            -42.3380      -761.6864         0.0000      2620.4211      2970.1499           9786.1911       298.2435      6816.0412      9812.8035       294.9286

WRITING EXTENDED SYSTEM TO RESTART FILE AT STEP 2000
WRITING COORDINATES TO DCD FILE adk-step1.dcd AT STEP 2000
WRITING COORDINATES TO RESTART FILE AT STEP 2000
FINISHED WRITING RESTART COORDINATES
The last position output (seq=2000) takes 0.002 seconds, 832.875 MB of memory in use
WRITING VELOCITIES TO RESTART FILE AT STEP 2000
FINISHED WRITING RESTART VELOCITIES
The last velocity output (seq=2000) takes 0.002 seconds, 832.875 MB of memory in use
PRESSURE: 2100 0 0 0 0 0 0 0 0 0
GPRESSURE: 2100 0 0 0 0 0 0 0 0 0
PRESSAVG: 2100 0 0 0 0 0 0 0 0 0
GPRESSAVG: 2100 0 0 0 0 0 0 0 0 0
ENERGY:    2100      1068.6747      1739.6227      2066.6315       150.0318            -43.2482      -795.7241         0.0000      2623.5549      2936.4244           9745.9677       294.8570      6809.5433      9769.1948       298.0506

PRESSURE: 2200 0 0 0 0 0 0 0 0 0
GPRESSURE: 2200 0 0 0 0 0 0 0 0 0
PRESSAVG: 2200 0 0 0 0 0 0 0 0 0
GPRESSAVG: 2200 0 0 0 0 0 0 0 0 0
ENERGY:    2200      1127.4922      1691.5949      2057.7192       148.3173            -42.2539      -736.6823         0.0000      2624.7535      2904.4006           9775.3415       291.6414      6870.9410      9799.1362       298.8721

PRESSURE: 2300 0 0 0 0 0 0 0 0 0
GPRESSURE: 2300 0 0 0 0 0 0 0 0 0
PRESSAVG: 2300 0 0 0 0 0 0 0 0 0
GPRESSAVG: 2300 0 0 0 0 0 0 0 0 0
ENERGY:    2300      1082.7937      1687.8763      2082.7452       157.1852            -41.4128      -765.4467         0.0000      2621.5712      2965.5331           9790.8451       297.7799      6825.3120      9814.9953       298.1015

PRESSURE: 2400 0 0 0 0 0 0 0 0 0
GPRESSURE: 2400 0 0 0 0 0 0 0 0 0
PRESSAVG: 2400 0 0 0 0 0 0 0 0 0
GPRESSAVG: 2400 0 0 0 0 0 0 0 0 0
ENERGY:    2400      1064.2825      1673.4993      2089.0203       166.3697            -41.8610      -767.5668         0.0000      2615.8943      2962.2897           9761.9281       297.4543      6799.6384      9786.6182       299.0678

PRESSURE: 2500 0 0 0 0 0 0 0 0 0
GPRESSURE: 2500 0 0 0 0 0 0 0 0 0
PRESSAVG: 2500 0 0 0 0 0 0 0 0 0
GPRESSAVG: 2500 0 0 0 0 0 0 0 0 0
ENERGY:    2500      1052.0380      1690.9387      2123.4286       138.4256            -40.7070      -774.5806         0.0000      2612.8473      3028.5094           9830.9001       304.1036      6802.3907      9854.7933       300.8688

PRESSURE: 2600 0 0 0 0 0 0 0 0 0
GPRESSURE: 2600 0 0 0 0 0 0 0 0 0
PRESSAVG: 2600 0 0 0 0 0 0 0 0 0
GPRESSAVG: 2600 0 0 0 0 0 0 0 0 0
ENERGY:    2600      1054.5878      1648.5578      2094.8778       145.6334            -40.1459      -764.4649         0.0000      2608.6798      3014.3316           9762.0572       302.6800      6747.7256      9789.1069       298.2662

PRESSURE: 2700 0 0 0 0 0 0 0 0 0
GPRESSURE: 2700 0 0 0 0 0 0 0 0 0
PRESSAVG: 2700 0 0 0 0 0 0 0 0 0
GPRESSAVG: 2700 0 0 0 0 0 0 0 0 0
ENERGY:    2700      1048.9367      1698.6566      2099.9261       153.4500            -40.2687      -760.2003         0.0000      2605.7246      2955.0727           9761.2976       296.7296      6806.2249      9786.1338       297.4247

PRESSURE: 2800 0 0 0 0 0 0 0 0 0
GPRESSURE: 2800 0 0 0 0 0 0 0 0 0
PRESSAVG: 2800 0 0 0 0 0 0 0 0 0
GPRESSAVG: 2800 0 0 0 0 0 0 0 0 0
ENERGY:    2800      1087.2462      1687.5601      2100.1284       157.0194            -41.1377      -783.3610         0.0000      2598.5045      2973.9198           9779.8797       298.6221      6805.9600      9804.3627       296.7778

PRESSURE: 2900 0 0 0 0 0 0 0 0 0
GPRESSURE: 2900 0 0 0 0 0 0 0 0 0
PRESSAVG: 2900 0 0 0 0 0 0 0 0 0
GPRESSAVG: 2900 0 0 0 0 0 0 0 0 0
ENERGY:    2900      1073.8498      1717.0822      2105.9861       160.3923            -40.3777      -773.1265         0.0000      2594.2856      2955.3351           9793.4268       296.7559      6838.0917      9812.4682       298.9918

PRESSURE: 3000 0 0 0 0 0 0 0 0 0
GPRESSURE: 3000 0 0 0 0 0 0 0 0 0
PRESSAVG: 3000 0 0 0 0 0 0 0 0 0
GPRESSAVG: 3000 0 0 0 0 0 0 0 0 0
TIMING: 3000  CPU: 1.88775, 0.000618972/step  Wall: 1.90077, 0.000623935/step, 0.00034663 hours remaining, 832.875000 MB of memory in use.
ETITLE:      TS           BOND          ANGLE          DIHED          IMPRP               ELECT            VDW       BOUNDARY           MISC        KINETIC               TOTAL           TEMP      POTENTIAL         TOTAL3        TEMPAVG

ENERGY:    3000      1086.7001      1722.5868      2081.0268       168.4107            -39.1569      -803.4161         0.0000      2603.1944      3055.2962           9874.6418       306.7934      6819.3456      9895.6195       301.3199

WRITING EXTENDED SYSTEM TO RESTART FILE AT STEP 3000
WRITING VELOCITIES TO RESTART FILE AT STEP 3000
FINISHED WRITING RESTART VELOCITIES
The last velocity output (seq=3000) takes 0.002 seconds, 832.875 MB of memory in use
WRITING COORDINATES TO DCD FILE adk-step1.dcd AT STEP 3000
WRITING COORDINATES TO RESTART FILE AT STEP 3000
FINISHED WRITING RESTART COORDINATES
The last position output (seq=3000) takes 0.002 seconds, 832.875 MB of memory in use
PRESSURE: 3100 0 0 0 0 0 0 0 0 0
GPRESSURE: 3100 0 0 0 0 0 0 0 0 0
PRESSAVG: 3100 0 0 0 0 0 0 0 0 0
GPRESSAVG: 3100 0 0 0 0 0 0 0 0 0
ENERGY:    3100      1050.1098      1698.5152      2103.4215       137.7610            -39.6776      -760.2564         0.0000      2598.9552      2954.7028           9743.5314       296.6924      6788.8286      9766.8807       301.1710

PRESSURE: 3200 0 0 0 0 0 0 0 0 0
GPRESSURE: 3200 0 0 0 0 0 0 0 0 0
PRESSAVG: 3200 0 0 0 0 0 0 0 0 0
GPRESSAVG: 3200 0 0 0 0 0 0 0 0 0
ENERGY:    3200      1100.8931      1653.1346      2087.2515       149.3125            -40.0174      -811.3016         0.0000      2598.0897      2994.2967           9731.6591       300.6682      6737.3624      9753.2462       296.7412

PRESSURE: 3300 0 0 0 0 0 0 0 0 0
GPRESSURE: 3300 0 0 0 0 0 0 0 0 0
PRESSAVG: 3300 0 0 0 0 0 0 0 0 0
GPRESSAVG: 3300 0 0 0 0 0 0 0 0 0
ENERGY:    3300      1058.7245      1613.8884      2090.6203       145.1445            -40.1271      -750.3255         0.0000      2587.9389      3047.0792           9752.9431       305.9683      6705.8639      9776.4236       297.8690

PRESSURE: 3400 0 0 0 0 0 0 0 0 0
GPRESSURE: 3400 0 0 0 0 0 0 0 0 0
PRESSAVG: 3400 0 0 0 0 0 0 0 0 0
GPRESSAVG: 3400 0 0 0 0 0 0 0 0 0
ENERGY:    3400      1072.9547      1736.9754      2128.6926       140.6352            -40.4859      -802.0254         0.0000      2580.7317      2967.6298           9785.1080       297.9905      6817.4783      9808.5311       301.1890

PRESSURE: 3500 0 0 0 0 0 0 0 0 0
GPRESSURE: 3500 0 0 0 0 0 0 0 0 0
PRESSAVG: 3500 0 0 0 0 0 0 0 0 0
GPRESSAVG: 3500 0 0 0 0 0 0 0 0 0
ENERGY:    3500      1088.9838      1694.9827      2103.7702       157.5909            -41.1377      -760.1476         0.0000      2571.9423      2976.4006           9792.3851       298.8712      6815.9845      9813.8449       300.5815

PRESSURE: 3600 0 0 0 0 0 0 0 0 0
GPRESSURE: 3600 0 0 0 0 0 0 0 0 0
PRESSAVG: 3600 0 0 0 0 0 0 0 0 0
GPRESSAVG: 3600 0 0 0 0 0 0 0 0 0
ENERGY:    3600      1078.9135      1678.8988      2097.5693       154.7677            -41.3966      -772.0939         0.0000      2575.4366      2938.7272           9710.8225       295.0883      6772.0953      9735.5927       297.1263

PRESSURE: 3700 0 0 0 0 0 0 0 0 0
GPRESSURE: 3700 0 0 0 0 0 0 0 0 0
PRESSAVG: 3700 0 0 0 0 0 0 0 0 0
GPRESSAVG: 3700 0 0 0 0 0 0 0 0 0
ENERGY:    3700      1087.3853      1709.3399      2099.8066       162.1523            -40.8085      -802.1960         0.0000      2578.2809      2957.4644           9751.4249       296.9697      6793.9604      9776.5936       298.2116

PRESSURE: 3800 0 0 0 0 0 0 0 0 0
GPRESSURE: 3800 0 0 0 0 0 0 0 0 0
PRESSAVG: 3800 0 0 0 0 0 0 0 0 0
GPRESSAVG: 3800 0 0 0 0 0 0 0 0 0
ENERGY:    3800      1085.5758      1702.6251      2112.5682       151.0355            -40.3017      -755.4590         0.0000      2578.8663      2936.4366           9771.3468       294.8582      6834.9103      9796.0731       296.8903

PRESSURE: 3900 0 0 0 0 0 0 0 0 0
GPRESSURE: 3900 0 0 0 0 0 0 0 0 0
PRESSAVG: 3900 0 0 0 0 0 0 0 0 0
GPRESSAVG: 3900 0 0 0 0 0 0 0 0 0
ENERGY:    3900      1085.5469      1722.5314      2091.2068       155.5970            -41.8183      -777.7435         0.0000      2569.4387      2937.4584           9742.2175       294.9609      6804.7591      9764.5295       299.4134

PRESSURE: 4000 0 0 0 0 0 0 0 0 0
GPRESSURE: 4000 0 0 0 0 0 0 0 0 0
PRESSAVG: 4000 0 0 0 0 0 0 0 0 0
GPRESSAVG: 4000 0 0 0 0 0 0 0 0 0
TIMING: 4000  CPU: 2.50284, 0.000615086/step  Wall: 2.52261, 0.000621845/step, 0.000172735 hours remaining, 832.875000 MB of memory in use.
ETITLE:      TS           BOND          ANGLE          DIHED          IMPRP               ELECT            VDW       BOUNDARY           MISC        KINETIC               TOTAL           TEMP      POTENTIAL         TOTAL3        TEMPAVG

ENERGY:    4000      1072.6021      1694.7287      2098.9496       153.2706            -42.7887      -789.2670         0.0000      2565.4084      3036.3443           9789.2480       304.8903      6752.9037      9816.8135       299.7628

WRITING EXTENDED SYSTEM TO RESTART FILE AT STEP 4000
WRITING VELOCITIES TO RESTART FILE AT STEP 4000
FINISHED WRITING RESTART VELOCITIES
The last velocity output (seq=4000) takes 0.002 seconds, 832.875 MB of memory in use
WRITING COORDINATES TO DCD FILE adk-step1.dcd AT STEP 4000
WRITING COORDINATES TO RESTART FILE AT STEP 4000
FINISHED WRITING RESTART COORDINATES
The last position output (seq=4000) takes 0.002 seconds, 832.875 MB of memory in use
PRESSURE: 4100 0 0 0 0 0 0 0 0 0
GPRESSURE: 4100 0 0 0 0 0 0 0 0 0
PRESSAVG: 4100 0 0 0 0 0 0 0 0 0
GPRESSAVG: 4100 0 0 0 0 0 0 0 0 0
ENERGY:    4100      1123.2193      1702.5970      2067.6972       148.0192            -42.2333      -783.2836         0.0000      2567.8215      3010.1067           9793.9440       302.2557      6783.8373      9815.6187       301.0623

PRESSURE: 4200 0 0 0 0 0 0 0 0 0
GPRESSURE: 4200 0 0 0 0 0 0 0 0 0
PRESSAVG: 4200 0 0 0 0 0 0 0 0 0
GPRESSAVG: 4200 0 0 0 0 0 0 0 0 0
ENERGY:    4200      1062.9950      1672.8283      2117.1315       145.3373            -41.1435      -747.4111         0.0000      2569.4907      2979.2603           9758.4886       299.1583      6779.2283      9782.6089       300.4682

LDB: ============= START OF LOAD BALANCING ============== 5.2359
LDB: ============== END OF LOAD BALANCING =============== 5.23596
Info: useSync: 0 useProxySync: 0
LDB: =============== DONE WITH MIGRATION ================ 5.23606
PRESSURE: 4300 0 0 0 0 0 0 0 0 0
GPRESSURE: 4300 0 0 0 0 0 0 0 0 0
PRESSAVG: 4300 0 0 0 0 0 0 0 0 0
GPRESSAVG: 4300 0 0 0 0 0 0 0 0 0
ENERGY:    4300      1124.6112      1695.8585      2079.6482       149.6422            -41.2423      -792.1687         0.0000      2575.8378      2925.0065           9717.1935       293.7105      6792.1870      9739.2217       299.3976

LDB: ============= START OF LOAD BALANCING ============== 5.29735
LDB: TIME 5.29759 LOAD: AVG 0.0159978 MAX 0.0358945  PROXIES: TOTAL 213 MAXPE 10 MAXPATCH 7 None MEM: 832.875 MB
LDB: TIME 5.29774 LOAD: AVG 0.0159978 MAX 0.0358945  PROXIES: TOTAL 213 MAXPE 10 MAXPATCH 7 RefineTorusLB MEM: 832.938 MB
LDB: TIME 5.29787 LOAD: AVG 0.0159978 MAX 0.0358945  PROXIES: TOTAL 213 MAXPE 10 MAXPATCH 7 RefineTorusLB MEM: 832.938 MB
LDB: ============== END OF LOAD BALANCING =============== 5.29811
Info: build node-aware spanning tree with send: 1, recv: 0 with branch factor 4
Info: useSync: 0 useProxySync: 0
LDB: =============== DONE WITH MIGRATION ================ 5.29884
PRESSURE: 4400 0 0 0 0 0 0 0 0 0
GPRESSURE: 4400 0 0 0 0 0 0 0 0 0
PRESSAVG: 4400 0 0 0 0 0 0 0 0 0
GPRESSAVG: 4400 0 0 0 0 0 0 0 0 0
ENERGY:    4400      1110.3431      1697.1716      2074.1441       147.4995            -41.5845      -729.3664         0.0000      2561.1708      2947.8106           9767.1889       296.0004      6819.3783      9791.0311       298.2100

PRESSURE: 4500 0 0 0 0 0 0 0 0 0
GPRESSURE: 4500 0 0 0 0 0 0 0 0 0
PRESSAVG: 4500 0 0 0 0 0 0 0 0 0
GPRESSAVG: 4500 0 0 0 0 0 0 0 0 0
ENERGY:    4500      1106.0510      1695.5154      2071.6581       163.7273            -41.8097      -805.7753         0.0000      2563.9359      3045.9651           9799.2679       305.8564      6753.3027      9822.1529       300.1091

PRESSURE: 4600 0 0 0 0 0 0 0 0 0
GPRESSURE: 4600 0 0 0 0 0 0 0 0 0
PRESSAVG: 4600 0 0 0 0 0 0 0 0 0
GPRESSAVG: 4600 0 0 0 0 0 0 0 0 0
ENERGY:    4600      1078.6192      1737.8381      2114.4700       159.0844            -41.3552      -783.1793         0.0000      2560.7190      2947.8381           9774.0343       296.0031      6826.1962      9796.1839       302.1020

PRESSURE: 4700 0 0 0 0 0 0 0 0 0
GPRESSURE: 4700 0 0 0 0 0 0 0 0 0
PRESSAVG: 4700 0 0 0 0 0 0 0 0 0
GPRESSAVG: 4700 0 0 0 0 0 0 0 0 0
ENERGY:    4700      1053.8896      1730.0856      2097.6832       163.3099            -41.5897      -777.5145         0.0000      2567.6888      2968.4431           9761.9959       298.0721      6793.5528      9788.1629       298.9260

PRESSURE: 4800 0 0 0 0 0 0 0 0 0
GPRESSURE: 4800 0 0 0 0 0 0 0 0 0
PRESSAVG: 4800 0 0 0 0 0 0 0 0 0
GPRESSAVG: 4800 0 0 0 0 0 0 0 0 0
ENERGY:    4800      1050.5512      1731.5768      2098.2704       159.4923            -40.8084      -776.6248         0.0000      2571.8165      2979.4905           9773.7645       299.1814      6794.2740      9800.5967       302.6916

PRESSURE: 4900 0 0 0 0 0 0 0 0 0
GPRESSURE: 4900 0 0 0 0 0 0 0 0 0
PRESSAVG: 4900 0 0 0 0 0 0 0 0 0
GPRESSAVG: 4900 0 0 0 0 0 0 0 0 0
ENERGY:    4900      1069.9825      1697.6389      2078.8988       147.9239            -41.3089      -724.9163         0.0000      2562.4625      3008.2050           9798.8863       302.0648      6790.6813      9821.6125       301.2223

PRESSURE: 5000 0 0 0 0 0 0 0 0 0
GPRESSURE: 5000 0 0 0 0 0 0 0 0 0
PRESSAVG: 5000 0 0 0 0 0 0 0 0 0
GPRESSAVG: 5000 0 0 0 0 0 0 0 0 0
TIMING: 5000  CPU: 3.11838, 0.000615541/step  Wall: 3.13974, 0.000617125/step, 0 hours remaining, 832.937500 MB of memory in use.
ETITLE:      TS           BOND          ANGLE          DIHED          IMPRP               ELECT            VDW       BOUNDARY           MISC        KINETIC               TOTAL           TEMP      POTENTIAL         TOTAL3        TEMPAVG

ENERGY:    5000      1081.5766      1759.3867      2059.1669       156.0848            -41.3680      -777.3208         0.0000      2555.0892      2943.7037           9736.3190       295.5880      6792.6152      9760.5911       301.6198

WRITING EXTENDED SYSTEM TO RESTART FILE AT STEP 5000
WRITING VELOCITIES TO RESTART FILE AT STEP 5000
FINISHED WRITING RESTART VELOCITIES
The last velocity output (seq=5000) takes 0.002 seconds, 833.562 MB of memory in use
WRITING COORDINATES TO DCD FILE adk-step1.dcd AT STEP 5000
WRITING COORDINATES TO RESTART FILE AT STEP 5000
FINISHED WRITING RESTART COORDINATES
The last position output (seq=5000) takes 0.002 seconds, 833.562 MB of memory in use
WRITING EXTENDED SYSTEM TO OUTPUT FILE AT STEP 5000
WRITING COORDINATES TO OUTPUT FILE AT STEP 5000
CLOSING COORDINATE DCD FILE adk-step1.dcd
The last position output (seq=-2) takes 0.004 seconds, 833.562 MB of memory in use
WRITING VELOCITIES TO OUTPUT FILE AT STEP 5000
====================================================

WallClock: 5.672649  CPUTime: 4.134189  Memory: 833.625000 MB
End of program
