2_5_cc.dat
/gpfs/alpine/bip115/scratch/hrlee/radical.pilot.sandbox/re.session.login1.hrlee.018625.0000/pilot.0000/staging_area/2_5_cc.dat
2, 5
Charm++> Running on MPI version: 3.1
Charm++> level of thread support used: MPI_THREAD_FUNNELED (desired: MPI_THREAD_FUNNELED)
Charm++> Running in SMP mode: 41 processes, 4 worker threads (PEs) + 1 comm threads per process, 164 PEs total
Charm++> The comm. thread both sends and receives messages
Charm++> Using recursive bisection (scheme 3) for topology aware partitions
Converse/Charm++ Commit ID: v6.10.2-0-g7bf00fa-namd-charm-6.10.2-build-2020-Aug-05-556
Warning> Randomization of virtual memory (ASLR) is turned on in the kernel, thread migration may not work! Run 'echo 0 > /proc/sys/kernel/randomize_va_space' as root to disable it, or try running with '+isomalloc_sync'.
CharmLB> Load balancer assumes all CPUs are same.
Charm++> Running on 1 hosts (1 sockets x 1 cores x 4 PUs = 4-way SMP)
Charm++> cpu topology info is gathered in 0.035 seconds.

Charm++> Warning: the number of SMP threads (205) is greater than the number of physical cores (176), so threads will sleep while idling. Use +CmiSpinOnIdle or +CmiSleepOnIdle to control this directly.

Info: NAMD 2.14 for Linux-POWER-MPI-smp-Summit
Info: 
Info: Please visit http://www.ks.uiuc.edu/Research/namd/
Info: for updates, documentation, and support information.
Info: 
Info: Please cite Phillips et al., J. Chem. Phys. 153:044130 (2020) doi:10.1063/5.0014475
Info: in all publications reporting results obtained with NAMD.
Info: 
Info: Based on Charm++/Converse 61002 for mpi-linux-ppc64le-smp
Info: Built Wed Aug 5 14:25:51 EDT 2020 by jimp on login2
Info: 1 NAMD  2.14  Linux-POWER-MPI-smp-Summit  164    a30n10  hrlee
Info: Running on 164 processors, 41 nodes, 1 physical nodes.
Info: CPU topology information available.
Info: Charm++/Converse parallel runtime startup completed at 0.0417702 s
CkLoopLib is used in SMP with simple dynamic scheduling (converse-level notification)
Info: 957.5 MB of memory in use based on /proc/self/stat
Info: Configuration file is adk-step1.namd
Info: Working in the current directory /gpfs/alpine/bip115/scratch/hrlee/radical.pilot.sandbox/re.session.login1.hrlee.018625.0000/pilot.0000/unit.000413
TCL: Suspending until startup complete.
Info: SIMULATION PARAMETERS:
Info: TIMESTEP               1
Info: NUMBER OF STEPS        0
Info: STEPS PER CYCLE        20
Info: LOAD BALANCER  Centralized
Info: LOAD BALANCING STRATEGY  New Load Balancers -- DEFAULT
Info: LDB PERIOD             4000 steps
Info: FIRST LDB TIMESTEP     100
Info: LAST LDB TIMESTEP     -1
Info: LDB BACKGROUND SCALING 1
Info: HOM BACKGROUND SCALING 1
Info: REMOVING LOAD FROM NODE 0
Info: REMOVING PATCHES FROM PROCESSOR 0
Info: MIN ATOMS PER PATCH    40
Info: VELOCITY FILE          2_5_adk-step1.restart.vel
Info: CENTER OF MASS MOVING INITIALLY? NO
Info: DIELECTRIC             80
Info: EXCLUDE                SCALED ONE-FOUR
Info: 1-4 ELECTROSTATICS SCALED BY 1
Info: MODIFIED 1-4 VDW PARAMETERS WILL BE USED
Info: DCD FILENAME           adk-step1.dcd
Info: DCD FREQUENCY          1000
Info: DCD FIRST STEP         1000
Info: NO EXTENDED SYSTEM TRAJECTORY OUTPUT
Info: NO VELOCITY DCD OUTPUT
Info: NO FORCE DCD OUTPUT
Info: OUTPUT FILENAME        adk-step1
Info: BINARY OUTPUT FILES WILL BE USED
Info: RESTART FILENAME       adk-step1.restart
Info: RESTART FREQUENCY      1000
Info: BINARY RESTART FILES WILL BE USED
Info: SWITCHING ACTIVE
Info: SWITCHING ON           9
Info: SWITCHING OFF          10
Info: PAIRLIST DISTANCE      11
Info: PAIRLIST SHRINK RATE   0.01
Info: PAIRLIST GROW RATE     0.01
Info: PAIRLIST TRIGGER       0.3
Info: PAIRLISTS PER CYCLE    2
Info: PAIRLISTS ENABLED
Info: MARGIN                 0
Info: HYDROGEN GROUP CUTOFF  2.5
Info: PATCH DIMENSION        13.5
Info: ENERGY OUTPUT STEPS    100
Info: CROSSTERM ENERGY INCLUDED IN DIHEDRAL
Info: TIMING OUTPUT STEPS    1000
Info: PRESSURE OUTPUT STEPS  100
Info: GRID FORCE ACTIVE
Info:  Please include this reference in published work using
Info:  the Gridforce module of NAMD: David Wells, Volha Abramkina,
Info:  and Aleksei Aksimentiev, J. Chem. Phys. 127:125101-10 (2007).
Info: MGRIDFORCE key 0
Info:            Potfile 4ake-target_autopsf-grid.dx
Info:            Scale 0.3 0.3 0.3
Info:            File 1ake-docked-noh_autopsf-grid.pdb
Info:            Col O
Info:            ChargeCol B
Info:            VOffset 0 0 0
Info:            Continuous K1 FALSE
Info:            Continuous K2 FALSE
Info:            Continuous K3 FALSE
Info:            Volts FALSE
Info:            Gridforce-Lite FALSE
Info:            Gridforce-CheckSize TRUE
Info: LANGEVIN DYNAMICS ACTIVE
Info: LANGEVIN TEMPERATURE   300
Info: LANGEVIN USING BBK INTEGRATOR
Info: LANGEVIN DAMPING COEFFICIENT IS 5 INVERSE PS
Info: LANGEVIN DYNAMICS NOT APPLIED TO HYDROGENS
Info: USING VERLET I (r-RESPA) MTS SCHEME.
Info: C1 SPLITTING OF LONG RANGE ELECTROSTATICS
Info: PLACING ATOMS IN PATCHES BY HYDROGEN GROUPS
Info: RIGID BONDS TO HYDROGEN : WATER
Info:         ERROR TOLERANCE : 1e-08
Info:          MAX ITERATIONS : 100
Info: RIGID WATER USING SETTLE ALGORITHM
Info: NONBONDED FORCES EVALUATED EVERY 2 STEPS
Info: RANDOM NUMBER SEED     1609226302
Info: USE HYDROGEN BONDS?    NO
Info: COORDINATE PDB         1ake-docked-noh_autopsf.pdb
Info: STRUCTURE FILE         1ake-docked-noh_autopsf.psf
Info: PARAMETER file: CHARMM format! 
Info: PARAMETERS             par_all36_prot.prm
Info: USING ARITHMETIC MEAN TO COMBINE L-J SIGMA PARAMETERS
Info: BINARY COORDINATES     2_5_adk-step1.restart.coor
Info: SUMMARY OF PARAMETERS:
Info: 132 BONDS
Info: 362 ANGLES
Info: 702 DIHEDRAL
Info: 35 IMPROPER
Info: 6 CROSSTERM
Info: 53 VDW
Info: 0 VDW_PAIRS
Info: 0 NBTHOLE_PAIRS
Info: TIME FOR READING PSF FILE: 0.619253
Info: READING EXTRA BONDS FILE 1ake-extrabonds.txt
Info: READING EXTRA BONDS FILE 1ake-extrabonds-cispeptide.txt
Info: READING EXTRA BONDS FILE 1ake-extrabonds-chirality.txt
Info: READ 80 EXTRA BONDS
Info: READ 80 EXTRA ANGLES
Warning: EXTRA ANGLES ARE COSINE-BASED BY DEFAULT TO MATCH PREVIOUS VERSIONS
Warning: FOR NORMAL HARMONIC EXTRA ANGLES SET extraBondsCosAngles off
Info: READ 493 EXTRA DIHEDRALS
Info: READ 438 EXTRA IMPROPERS
Info: Reading pdb file 1ake-docked-noh_autopsf.pdb
Info: TIME FOR READING PDB FILE: 0.0689715
Info: 
Info: ****************************
Info: STRUCTURE SUMMARY:
Info: 3341 ATOMS
Info: 3445 BONDS
Info: 6203 ANGLES
Info: 9414 DIHEDRALS
Info: 1005 IMPROPERS
Info: 212 CROSSTERMS
Info: 0 EXCLUSIONS
Info: 0 RIGID BONDS
Info: 1 GRIDS ACTIVE
Info: 10023 DEGREES OF FREEDOM
Info: 1656 HYDROGEN GROUPS
Info: 4 ATOMS IN LARGEST HYDROGEN GROUP
Info: 1656 MIGRATION GROUPS
Info: 4 ATOMS IN LARGEST MIGRATION GROUP
Info: TOTAL MASS = 23582 amu
Info: TOTAL CHARGE = -4 e
Info: *****************************
Info: Reading from binary file 2_5_adk-step1.restart.coor
Info: 
Info: Entering startup at 1.55582 s, 1066.25 MB of memory in use
Info: Startup phase 0 took 0.000849427 s, 1066.25 MB of memory in use
Info: ADDED 18308 IMPLICIT EXCLUSIONS
Info: Startup phase 1 took 0.016074 s, 1066.25 MB of memory in use
Info: NONBONDED TABLE R-SQUARED SPACING: 0.0625
Info: NONBONDED TABLE SIZE: 705 POINTS
Info: ABSOLUTE IMPRECISION IN FAST TABLE ENERGY: 3.38813e-21 AT 9.89634
Info: RELATIVE IMPRECISION IN FAST TABLE ENERGY: 4.23384e-15 AT 9.94673
Info: ABSOLUTE IMPRECISION IN FAST TABLE FORCE: 6.35275e-22 AT 9.94673
Info: RELATIVE IMPRECISION IN FAST TABLE FORCE: 5.07982e-16 AT 9.94673
Info: INCONSISTENCY IN FAST TABLE ENERGY VS FORCE: 0.000290185 AT 0.251946
Info: ABSOLUTE IMPRECISION IN VDWA TABLE ENERGY: 1.57772e-30 AT 9.89634
Info: RELATIVE IMPRECISION IN VDWA TABLE ENERGY: 4.54938e-15 AT 9.94673
Info: ABSOLUTE IMPRECISION IN VDWA TABLE FORCE: 5.91646e-31 AT 9.94673
Info: RELATIVE IMPRECISION IN VDWA TABLE FORCE: 5.6823e-16 AT 9.94673
Info: INCONSISTENCY IN VDWA TABLE ENERGY VS FORCE: 0.0040507 AT 0.251946
Info: ABSOLUTE IMPRECISION IN VDWB TABLE ENERGY: 4.71751e-25 AT 9.94673
Info: RELATIVE IMPRECISION IN VDWB TABLE ENERGY: 1.45371e-14 AT 9.94673
Info: ABSOLUTE IMPRECISION IN VDWB TABLE FORCE: 6.20385e-25 AT 9.94673
Info: RELATIVE IMPRECISION IN VDWB TABLE FORCE: 5.97512e-16 AT 9.94673
Info: INCONSISTENCY IN VDWB TABLE ENERGY VS FORCE: 0.00377068 AT 9.07951
Info: Startup phase 2 took 0.00174887 s, 1066.25 MB of memory in use
Info: Startup phase 3 took 0.000588229 s, 1066.25 MB of memory in use
Info: Startup phase 4 took 0.000597295 s, 1066.25 MB of memory in use
Info: Startup phase 5 took 0.000545261 s, 1066.25 MB of memory in use
Info: ORIGINAL ATOMS MINMAX IS -20.6349 -33.59 -38.1726  16.8293 22.9802 17.5956
Info: ADJUSTED ATOMS MINMAX IS -15.8014 -28.0601 -32.6643  11.3757 15.6613 9.23425
Info: PATCH GRID IS 5 BY 4 BY 4
Info: PATCH GRID IS 2-AWAY BY 1-AWAY BY 1-AWAY
Info: Reading from binary file 2_5_adk-step1.restart.vel
Info: REMOVING COM VELOCITY -0.0403412 0.103139 -0.148526
Info: LARGEST PATCH (16) HAS 134 ATOMS
Info: TORUS A SIZE 1 USING 0
Info: TORUS B SIZE 1 USING 0
Info: TORUS C SIZE 1 USING 0
Info: TORUS MINIMAL MESH SIZE IS 1 BY 1 BY 1
Info: Placed 100% of base nodes on same physical node as patch
Info: Startup phase 6 took 0.00975395 s, 1066.25 MB of memory in use
Info: Startup phase 7 took 0.000643516 s, 1066.25 MB of memory in use
Info: Startup phase 8 took 0.000531912 s, 1066.25 MB of memory in use
Info: Startup phase 9 took 0.0011932 s, 1066.25 MB of memory in use
Info: Startup phase 10 took 0.000571302 s, 1066.25 MB of memory in use
Info: Startup phase 11 took 0.00112388 s, 1066.25 MB of memory in use
LDB: Central LB being created...
Info: Startup phase 12 took 0.00451157 s, 1066.25 MB of memory in use
Info: CREATING 1870 COMPUTE OBJECTS
Info: Startup phase 13 took 0.00601598 s, 1066.25 MB of memory in use
Info: Building spanning tree ... send: 1 recv: 0 with branch factor 4
Info: useSync: 0 useProxySync: 0
Info: Startup phase 14 took 0.000793016 s, 1066.25 MB of memory in use
Info: Startup phase 15 took 0.000175149 s, 1066.25 MB of memory in use
Info: Finished startup at 1.60153 s, 1066.25 MB of memory in use

TCL: Running for 5000 steps
PRESSURE: 0 0 0 0 0 0 0 0 0 0
GPRESSURE: 0 0 0 0 0 0 0 0 0 0
ETITLE:      TS           BOND          ANGLE          DIHED          IMPRP               ELECT            VDW       BOUNDARY           MISC        KINETIC               TOTAL           TEMP      POTENTIAL         TOTAL3        TEMPAVG

ENERGY:       0      1096.9392      1717.0064      2107.8410       144.8792            -41.6001      -797.2355         0.0000      2475.7724      2940.9089           9644.5115       295.3073      6703.6026      9669.2195       295.3073

LDB: ============= START OF LOAD BALANCING ============== 1.6298
LDB: ============== END OF LOAD BALANCING =============== 1.63004
Info: useSync: 0 useProxySync: 0
LDB: =============== DONE WITH MIGRATION ================ 1.63064
LDB: ============= START OF LOAD BALANCING ============== 1.71898
LDB: 285 computes have load of zero
LDB: Largest compute 708 load 0.010917 is 61.7% of average load 0.017687
LDB: Average compute 0.000984 is 5.6% of average load 0.017687
LDB: Partitioning computes with target load 0.001969
LDB: Increased migratable compute count from 1105 to 1323
LDB: Largest unpartitionable compute is 0.006273
LDB: ============== END OF LOAD BALANCING =============== 1.72746
Info: build node-aware spanning tree with send: 1, recv: 0 with branch factor 4
Info: useSync: 0 useProxySync: 0
LDB: =============== DONE WITH MIGRATION ================ 1.73205
PRESSURE: 100 0 0 0 0 0 0 0 0 0
GPRESSURE: 100 0 0 0 0 0 0 0 0 0
PRESSAVG: 100 0 0 0 0 0 0 0 0 0
GPRESSAVG: 100 0 0 0 0 0 0 0 0 0
Info: Initial time: 164 CPUs 0.00110247 s/step 0.0127601 days/ns 1066.25 MB memory
ENERGY:     100      1065.8611      1680.1356      2102.5074       150.2764            -41.8045      -784.4272         0.0000      2475.2312      2991.4624           9639.2423       300.3836      6647.7799      9665.2012       300.4408

LDB: ============= START OF LOAD BALANCING ============== 1.75995
LDB: ============== END OF LOAD BALANCING =============== 1.76025
Info: useSync: 0 useProxySync: 0
LDB: =============== DONE WITH MIGRATION ================ 1.76082
LDB: ============= START OF LOAD BALANCING ============== 1.88873
LDB: 285 computes have load of zero
LDB: Largest compute 1596 load 0.006321 is 35.0% of average load 0.018053
LDB: Average compute 0.000831 is 4.6% of average load 0.018053
LDB: TIME 1.89092 LOAD: AVG 0.0180525 MAX 0.0533928  PROXIES: TOTAL 601 MAXPE 12 MAXPATCH 10 None MEM: 1066.25 MB
LDB: TIME 1.89462 LOAD: AVG 0.0180525 MAX 0.0255902  PROXIES: TOTAL 975 MAXPE 14 MAXPATCH 35 TorusLB MEM: 1066.25 MB
LDB: ============== END OF LOAD BALANCING =============== 1.89813
Info: build node-aware spanning tree with send: 1, recv: 0 with branch factor 4
Info: useSync: 0 useProxySync: 0
LDB: =============== DONE WITH MIGRATION ================ 1.9109
PRESSURE: 200 0 0 0 0 0 0 0 0 0
GPRESSURE: 200 0 0 0 0 0 0 0 0 0
PRESSAVG: 200 0 0 0 0 0 0 0 0 0
GPRESSAVG: 200 0 0 0 0 0 0 0 0 0
Info: Initial time: 164 CPUs 0.00154292 s/step 0.0178578 days/ns 1066.25 MB memory
ENERGY:     200      1092.4120      1718.7812      2105.4902       155.2985            -41.3072      -786.6488         0.0000      2470.8754      2878.1725           9593.0738       289.0077      6714.9013      9614.0178       298.3428

LDB: ============= START OF LOAD BALANCING ============== 2.02944
LDB: 302 computes have load of zero
LDB: Largest compute 1566 load 0.007826 is 27.4% of average load 0.028544
LDB: Average compute 0.001137 is 4.0% of average load 0.028544
LDB: TIME 2.03209 LOAD: AVG 0.0285437 MAX 0.0470937  PROXIES: TOTAL 601 MAXPE 12 MAXPATCH 10 None MEM: 1066.25 MB
LDB: TIME 2.03284 LOAD: AVG 0.0285437 MAX 0.0470937  PROXIES: TOTAL 973 MAXPE 14 MAXPATCH 35 RefineTorusLB MEM: 1066.25 MB
LDB: TIME 2.04591 LOAD: AVG 0.0285437 MAX 0.0379308  PROXIES: TOTAL 904 MAXPE 15 MAXPATCH 26 RefineTorusLB MEM: 1066.25 MB
LDB: ============== END OF LOAD BALANCING =============== 2.04725
Info: build node-aware spanning tree with send: 1, recv: 0 with branch factor 4
Info: useSync: 0 useProxySync: 0
LDB: =============== DONE WITH MIGRATION ================ 2.05159
PRESSURE: 300 0 0 0 0 0 0 0 0 0
GPRESSURE: 300 0 0 0 0 0 0 0 0 0
PRESSAVG: 300 0 0 0 0 0 0 0 0 0
GPRESSAVG: 300 0 0 0 0 0 0 0 0 0
Info: Initial time: 164 CPUs 0.00117856 s/step 0.0136408 days/ns 1066.25 MB memory
ENERGY:     300      1115.7641      1684.7629      2068.1297       155.5451            -40.9404      -798.2093         0.0000      2471.6335      2963.9334           9620.6191       297.6193      6656.6856      9640.3092       297.9631

LDB: ============= START OF LOAD BALANCING ============== 2.16516
LDB: 302 computes have load of zero
LDB: Largest compute 1566 load 0.007827 is 28.2% of average load 0.027768
LDB: Average compute 0.001128 is 4.1% of average load 0.027768
LDB: TIME 2.17281 LOAD: AVG 0.0277676 MAX 0.0441773  PROXIES: TOTAL 601 MAXPE 12 MAXPATCH 10 None MEM: 1066.25 MB
LDB: TIME 2.17365 LOAD: AVG 0.0277676 MAX 0.0441773  PROXIES: TOTAL 904 MAXPE 15 MAXPATCH 26 RefineTorusLB MEM: 1066.25 MB
LDB: TIME 2.18234 LOAD: AVG 0.0277676 MAX 0.0370702  PROXIES: TOTAL 901 MAXPE 13 MAXPATCH 26 RefineTorusLB MEM: 1066.25 MB
LDB: ============== END OF LOAD BALANCING =============== 2.19271
Info: build node-aware spanning tree with send: 1, recv: 0 with branch factor 4
Info: useSync: 0 useProxySync: 0
LDB: =============== DONE WITH MIGRATION ================ 2.1971
PRESSURE: 400 0 0 0 0 0 0 0 0 0
GPRESSURE: 400 0 0 0 0 0 0 0 0 0
PRESSAVG: 400 0 0 0 0 0 0 0 0 0
GPRESSAVG: 400 0 0 0 0 0 0 0 0 0
Info: Benchmark time: 164 CPUs 0.00113165 s/step 0.0130978 days/ns 1066.25 MB memory
ENERGY:     400      1108.5460      1674.6126      2059.4999       144.0411            -40.3369      -785.0841         0.0000      2470.6771      3012.2169           9644.1727       302.4676      6631.9558      9672.5816       300.2125

PRESSURE: 500 0 0 0 0 0 0 0 0 0
GPRESSURE: 500 0 0 0 0 0 0 0 0 0
PRESSAVG: 500 0 0 0 0 0 0 0 0 0
GPRESSAVG: 500 0 0 0 0 0 0 0 0 0
Info: Benchmark time: 164 CPUs 0.00121404 s/step 0.0140514 days/ns 1066.25 MB memory
ENERGY:     500      1111.5580      1678.3320      2043.1568       151.6194            -40.1234      -786.5156         0.0000      2476.3893      3018.7683           9653.1846       303.1255      6634.4164      9680.8366       299.6240

PRESSURE: 600 0 0 0 0 0 0 0 0 0
GPRESSURE: 600 0 0 0 0 0 0 0 0 0
PRESSAVG: 600 0 0 0 0 0 0 0 0 0
GPRESSAVG: 600 0 0 0 0 0 0 0 0 0
Info: Benchmark time: 164 CPUs 0.00150172 s/step 0.017381 days/ns 1066.25 MB memory
ENERGY:     600      1063.4706      1707.1462      2078.4425       153.2643            -39.3459      -823.3870         0.0000      2476.3289      2963.0895           9579.0091       297.5346      6615.9196      9606.1878       298.8156

PRESSURE: 700 0 0 0 0 0 0 0 0 0
GPRESSURE: 700 0 0 0 0 0 0 0 0 0
PRESSAVG: 700 0 0 0 0 0 0 0 0 0
GPRESSAVG: 700 0 0 0 0 0 0 0 0 0
Info: Benchmark time: 164 CPUs 0.00148674 s/step 0.0172077 days/ns 1066.25 MB memory
ENERGY:     700      1107.2141      1664.5065      2073.5729       139.2573            -40.7691      -809.4437         0.0000      2476.5831      3041.6330           9652.5541       305.4214      6610.9211      9677.3324       298.8289

PRESSURE: 800 0 0 0 0 0 0 0 0 0
GPRESSURE: 800 0 0 0 0 0 0 0 0 0
PRESSAVG: 800 0 0 0 0 0 0 0 0 0
GPRESSAVG: 800 0 0 0 0 0 0 0 0 0
Info: Benchmark time: 164 CPUs 0.00123883 s/step 0.0143384 days/ns 1066.25 MB memory
ENERGY:     800      1067.8196      1692.0326      2076.0843       148.0536            -40.4744      -811.3825         0.0000      2472.2865      3037.1001           9641.5198       304.9662      6604.4197      9666.0396       299.2464

PRESSURE: 900 0 0 0 0 0 0 0 0 0
GPRESSURE: 900 0 0 0 0 0 0 0 0 0
PRESSAVG: 900 0 0 0 0 0 0 0 0 0
GPRESSAVG: 900 0 0 0 0 0 0 0 0 0
Info: Benchmark time: 164 CPUs 0.00275934 s/step 0.0319368 days/ns 1066.25 MB memory
ENERGY:     900      1112.8107      1744.3253      2113.0200       158.7799            -40.3313      -823.4362         0.0000      2465.6906      2996.4924           9727.3513       300.8887      6730.8589      9752.0186       302.4384

OPENING COORDINATE DCD FILE
WRITING COORDINATES TO DCD FILE adk-step1.dcd AT STEP 1000
WRITING COORDINATES TO RESTART FILE AT STEP 1000
FINISHED WRITING RESTART COORDINATES
The last position output (seq=1000) takes 0.008 seconds, 1066.250 MB of memory in use
WRITING VELOCITIES TO RESTART FILE AT STEP 1000
FINISHED WRITING RESTART VELOCITIES
The last velocity output (seq=1000) takes 0.002 seconds, 1066.250 MB of memory in use
PRESSURE: 1000 0 0 0 0 0 0 0 0 0
GPRESSURE: 1000 0 0 0 0 0 0 0 0 0
PRESSAVG: 1000 0 0 0 0 0 0 0 0 0
GPRESSAVG: 1000 0 0 0 0 0 0 0 0 0
TIMING: 1000  CPU: 0.303721, 0.000301016/step  Wall: 1.54702, 0.00152988/step, 0.00169987 hours remaining, 1066.250000 MB of memory in use.
ETITLE:      TS           BOND          ANGLE          DIHED          IMPRP               ELECT            VDW       BOUNDARY           MISC        KINETIC               TOTAL           TEMP      POTENTIAL         TOTAL3        TEMPAVG

ENERGY:    1000      1066.0929      1709.7644      2076.0155       149.9302            -39.8556      -762.9829         0.0000      2461.4517      3077.0835           9737.4998       308.9811      6660.4164      9762.4868       304.6763

WRITING EXTENDED SYSTEM TO RESTART FILE AT STEP 1000
PRESSURE: 1100 0 0 0 0 0 0 0 0 0
GPRESSURE: 1100 0 0 0 0 0 0 0 0 0
PRESSAVG: 1100 0 0 0 0 0 0 0 0 0
GPRESSAVG: 1100 0 0 0 0 0 0 0 0 0
ENERGY:    1100      1095.8508      1745.9810      2084.5534       146.5196            -40.6896      -793.1951         0.0000      2464.0728      3045.0497           9748.1426       305.7645      6703.0930      9774.7263       305.5599

PRESSURE: 1200 0 0 0 0 0 0 0 0 0
GPRESSURE: 1200 0 0 0 0 0 0 0 0 0
PRESSAVG: 1200 0 0 0 0 0 0 0 0 0
GPRESSAVG: 1200 0 0 0 0 0 0 0 0 0
ENERGY:    1200      1077.6565      1743.1746      2096.6837       157.9855            -40.0816      -812.8168         0.0000      2467.9592      3043.1921           9733.7532       305.5780      6690.5611      9757.6799       305.5018

PRESSURE: 1300 0 0 0 0 0 0 0 0 0
GPRESSURE: 1300 0 0 0 0 0 0 0 0 0
PRESSAVG: 1300 0 0 0 0 0 0 0 0 0
GPRESSAVG: 1300 0 0 0 0 0 0 0 0 0
ENERGY:    1300      1127.6576      1694.1568      2075.5638       155.4377            -40.3947      -787.4190         0.0000      2469.1416      2981.2615           9675.4053       299.3593      6694.1439      9699.2513       303.2649

PRESSURE: 1400 0 0 0 0 0 0 0 0 0
GPRESSURE: 1400 0 0 0 0 0 0 0 0 0
PRESSAVG: 1400 0 0 0 0 0 0 0 0 0
GPRESSAVG: 1400 0 0 0 0 0 0 0 0 0
ENERGY:    1400      1074.9362      1685.7992      2091.9116       159.2454            -39.8296      -791.3489         0.0000      2462.9337      3023.0371           9666.6846       303.5541      6643.6475      9689.6638       303.1175

PRESSURE: 1500 0 0 0 0 0 0 0 0 0
GPRESSURE: 1500 0 0 0 0 0 0 0 0 0
PRESSAVG: 1500 0 0 0 0 0 0 0 0 0
GPRESSAVG: 1500 0 0 0 0 0 0 0 0 0
ENERGY:    1500      1072.4162      1748.2942      2105.8424       138.4406            -40.7996      -800.1997         0.0000      2459.6538      3002.0804           9685.7284       301.4498      6683.6480      9705.4722       300.3712

PRESSURE: 1600 0 0 0 0 0 0 0 0 0
GPRESSURE: 1600 0 0 0 0 0 0 0 0 0
PRESSAVG: 1600 0 0 0 0 0 0 0 0 0
GPRESSAVG: 1600 0 0 0 0 0 0 0 0 0
ENERGY:    1600      1093.6509      1712.5808      2090.7287       148.9505            -40.8300      -803.8915         0.0000      2463.0209      2989.4691           9653.6794       300.1834      6664.2103      9679.4549       302.1404

PRESSURE: 1700 0 0 0 0 0 0 0 0 0
GPRESSURE: 1700 0 0 0 0 0 0 0 0 0
PRESSAVG: 1700 0 0 0 0 0 0 0 0 0
GPRESSAVG: 1700 0 0 0 0 0 0 0 0 0
ENERGY:    1700      1064.8848      1682.2546      2060.6853       151.7408            -40.2076      -770.2644         0.0000      2450.1187      3003.9373           9603.1494       301.6362      6599.2121      9626.2455       298.1570

PRESSURE: 1800 0 0 0 0 0 0 0 0 0
GPRESSURE: 1800 0 0 0 0 0 0 0 0 0
PRESSAVG: 1800 0 0 0 0 0 0 0 0 0
GPRESSAVG: 1800 0 0 0 0 0 0 0 0 0
ENERGY:    1800      1060.5299      1696.3404      2063.7656       150.3902            -40.4049      -795.4975         0.0000      2451.2216      2938.2385           9524.5838       295.0392      6586.3453      9550.4336       297.8608

PRESSURE: 1900 0 0 0 0 0 0 0 0 0
GPRESSURE: 1900 0 0 0 0 0 0 0 0 0
PRESSAVG: 1900 0 0 0 0 0 0 0 0 0
GPRESSAVG: 1900 0 0 0 0 0 0 0 0 0
ENERGY:    1900      1076.9301      1712.2358      2046.1661       163.8742            -40.1773      -813.9262         0.0000      2461.1390      2933.4368           9539.6786       294.5570      6606.2418      9559.8469       296.2286

WRITING COORDINATES TO DCD FILE adk-step1.dcd AT STEP 2000
WRITING COORDINATES TO RESTART FILE AT STEP 2000
FINISHED WRITING RESTART COORDINATES
The last position output (seq=2000) takes 0.003 seconds, 1066.250 MB of memory in use
WRITING VELOCITIES TO RESTART FILE AT STEP 2000
FINISHED WRITING RESTART VELOCITIES
The last velocity output (seq=2000) takes 0.002 seconds, 1066.250 MB of memory in use
PRESSURE: 2000 0 0 0 0 0 0 0 0 0
GPRESSURE: 2000 0 0 0 0 0 0 0 0 0
PRESSAVG: 2000 0 0 0 0 0 0 0 0 0
GPRESSAVG: 2000 0 0 0 0 0 0 0 0 0
TIMING: 2000  CPU: 0.540276, 0.000236555/step  Wall: 2.71136, 0.00116435/step, 0.000970289 hours remaining, 1066.250000 MB of memory in use.
ETITLE:      TS           BOND          ANGLE          DIHED          IMPRP               ELECT            VDW       BOUNDARY           MISC        KINETIC               TOTAL           TEMP      POTENTIAL         TOTAL3        TEMPAVG

ENERGY:    2000      1071.5634      1680.0504      2091.4123       154.9347            -39.4373      -796.4861         0.0000      2456.1415      2975.1530           9593.3319       298.7459      6618.1789      9617.0120       296.7493

WRITING EXTENDED SYSTEM TO RESTART FILE AT STEP 2000
PRESSURE: 2100 0 0 0 0 0 0 0 0 0
GPRESSURE: 2100 0 0 0 0 0 0 0 0 0
PRESSAVG: 2100 0 0 0 0 0 0 0 0 0
GPRESSAVG: 2100 0 0 0 0 0 0 0 0 0
ENERGY:    2100      1075.5643      1732.0538      2086.7978       152.2440            -40.5455      -791.7784         0.0000      2450.8128      2984.4892           9649.6380       299.6834      6665.1488      9673.8244       300.5683

PRESSURE: 2200 0 0 0 0 0 0 0 0 0
GPRESSURE: 2200 0 0 0 0 0 0 0 0 0
PRESSAVG: 2200 0 0 0 0 0 0 0 0 0
GPRESSAVG: 2200 0 0 0 0 0 0 0 0 0
ENERGY:    2200      1125.1363      1688.4544      2089.4842       161.3195            -40.1914      -754.9178         0.0000      2444.0293      2966.0987           9679.4132       297.8367      6713.3145      9702.9847       302.9954

PRESSURE: 2300 0 0 0 0 0 0 0 0 0
GPRESSURE: 2300 0 0 0 0 0 0 0 0 0
PRESSAVG: 2300 0 0 0 0 0 0 0 0 0
GPRESSAVG: 2300 0 0 0 0 0 0 0 0 0
ENERGY:    2300      1066.0856      1703.5807      2100.1402       153.7752            -40.2250      -781.1109         0.0000      2446.2182      3032.6831           9681.1471       304.5227      6648.4640      9708.6536       302.8590

PRESSURE: 2400 0 0 0 0 0 0 0 0 0
GPRESSURE: 2400 0 0 0 0 0 0 0 0 0
PRESSAVG: 2400 0 0 0 0 0 0 0 0 0
GPRESSAVG: 2400 0 0 0 0 0 0 0 0 0
ENERGY:    2400      1107.9018      1713.1999      2088.8431       151.0320            -39.7743      -808.7511         0.0000      2444.7329      2979.6137           9636.7981       299.1938      6657.1844      9664.2303       302.0265

PRESSURE: 2500 0 0 0 0 0 0 0 0 0
GPRESSURE: 2500 0 0 0 0 0 0 0 0 0
PRESSAVG: 2500 0 0 0 0 0 0 0 0 0
GPRESSAVG: 2500 0 0 0 0 0 0 0 0 0
ENERGY:    2500      1112.1294      1730.5898      2100.9505       141.0191            -40.6478      -830.6877         0.0000      2442.6566      2963.7226           9619.7325       297.5981      6656.0098      9644.9587       301.6184

PRESSURE: 2600 0 0 0 0 0 0 0 0 0
GPRESSURE: 2600 0 0 0 0 0 0 0 0 0
PRESSAVG: 2600 0 0 0 0 0 0 0 0 0
GPRESSAVG: 2600 0 0 0 0 0 0 0 0 0
ENERGY:    2600      1118.5057      1701.7254      2097.4778       154.1006            -41.7360      -783.7835         0.0000      2434.3670      3020.3267           9700.9837       303.2820      6680.6570      9729.1460       303.6941

PRESSURE: 2700 0 0 0 0 0 0 0 0 0
GPRESSURE: 2700 0 0 0 0 0 0 0 0 0
PRESSAVG: 2700 0 0 0 0 0 0 0 0 0
GPRESSAVG: 2700 0 0 0 0 0 0 0 0 0
ENERGY:    2700      1096.4247      1734.6895      2100.3623       159.4764            -40.6874      -795.3176         0.0000      2442.2003      3018.2647           9715.4128       303.0749      6697.1481      9741.4965       301.9771

PRESSURE: 2800 0 0 0 0 0 0 0 0 0
GPRESSURE: 2800 0 0 0 0 0 0 0 0 0
PRESSAVG: 2800 0 0 0 0 0 0 0 0 0
GPRESSAVG: 2800 0 0 0 0 0 0 0 0 0
ENERGY:    2800      1130.9148      1695.6359      2071.3050       163.1266            -40.9770      -788.8467         0.0000      2448.1989      3026.6091           9705.9665       303.9128      6679.3575      9732.5942       302.7549

PRESSURE: 2900 0 0 0 0 0 0 0 0 0
GPRESSURE: 2900 0 0 0 0 0 0 0 0 0
PRESSAVG: 2900 0 0 0 0 0 0 0 0 0
GPRESSAVG: 2900 0 0 0 0 0 0 0 0 0
ENERGY:    2900      1114.0643      1686.1943      2097.8234       158.1016            -41.7634      -826.7771         0.0000      2449.2619      3006.3774           9643.2826       301.8813      6636.9051      9668.0837       302.8733

WRITING COORDINATES TO DCD FILE adk-step1.dcd AT STEP 3000
WRITING COORDINATES TO RESTART FILE AT STEP 3000
FINISHED WRITING RESTART COORDINATES
The last position output (seq=3000) takes 0.004 seconds, 1066.250 MB of memory in use
WRITING VELOCITIES TO RESTART FILE AT STEP 3000
FINISHED WRITING RESTART VELOCITIES
The last velocity output (seq=3000) takes 0.002 seconds, 1066.250 MB of memory in use
PRESSURE: 3000 0 0 0 0 0 0 0 0 0
GPRESSURE: 3000 0 0 0 0 0 0 0 0 0
PRESSAVG: 3000 0 0 0 0 0 0 0 0 0
GPRESSAVG: 3000 0 0 0 0 0 0 0 0 0
TIMING: 3000  CPU: 0.778219, 0.000237943/step  Wall: 3.89562, 0.00118425/step, 0.000657917 hours remaining, 1066.250000 MB of memory in use.
ETITLE:      TS           BOND          ANGLE          DIHED          IMPRP               ELECT            VDW       BOUNDARY           MISC        KINETIC               TOTAL           TEMP      POTENTIAL         TOTAL3        TEMPAVG

ENERGY:    3000      1080.7357      1691.0535      2089.6507       144.6850            -39.8263      -798.7528         0.0000      2449.5562      2959.4570           9576.5590       297.1698      6617.1020      9603.0074       298.1768

WRITING EXTENDED SYSTEM TO RESTART FILE AT STEP 3000
PRESSURE: 3100 0 0 0 0 0 0 0 0 0
GPRESSURE: 3100 0 0 0 0 0 0 0 0 0
PRESSAVG: 3100 0 0 0 0 0 0 0 0 0
GPRESSAVG: 3100 0 0 0 0 0 0 0 0 0
ENERGY:    3100      1106.6103      1687.9312      2060.4023       142.7097            -39.6492      -794.4417         0.0000      2458.2357      2967.2654           9589.0636       297.9539      6621.7982      9609.9861       297.7682

PRESSURE: 3200 0 0 0 0 0 0 0 0 0
GPRESSURE: 3200 0 0 0 0 0 0 0 0 0
PRESSAVG: 3200 0 0 0 0 0 0 0 0 0
GPRESSAVG: 3200 0 0 0 0 0 0 0 0 0
ENERGY:    3200      1102.1787      1679.7717      2068.3210       146.3547            -41.0367      -802.3007         0.0000      2458.0405      2967.4810           9578.8102       297.9755      6611.3292      9600.1973       297.2209

PRESSURE: 3300 0 0 0 0 0 0 0 0 0
GPRESSURE: 3300 0 0 0 0 0 0 0 0 0
PRESSAVG: 3300 0 0 0 0 0 0 0 0 0
GPRESSAVG: 3300 0 0 0 0 0 0 0 0 0
ENERGY:    3300      1046.4354      1668.6576      2075.0740       154.5489            -40.8701      -763.8977         0.0000      2455.1710      3000.6696           9595.7888       301.3081      6595.1192      9621.1163       297.3211

PRESSURE: 3400 0 0 0 0 0 0 0 0 0
GPRESSURE: 3400 0 0 0 0 0 0 0 0 0
PRESSAVG: 3400 0 0 0 0 0 0 0 0 0
GPRESSAVG: 3400 0 0 0 0 0 0 0 0 0
ENERGY:    3400      1071.7431      1712.7152      2075.8642       149.3635            -40.9965      -806.5432         0.0000      2457.3733      2946.5883           9566.1079       295.8776      6619.5196      9590.9128       299.0105

PRESSURE: 3500 0 0 0 0 0 0 0 0 0
GPRESSURE: 3500 0 0 0 0 0 0 0 0 0
PRESSAVG: 3500 0 0 0 0 0 0 0 0 0
GPRESSAVG: 3500 0 0 0 0 0 0 0 0 0
ENERGY:    3500      1066.7446      1708.0323      2047.5937       140.3306            -40.7850      -796.1026         0.0000      2460.0471      2998.8274           9584.6882       301.1231      6585.8607      9607.6148       297.9673

PRESSURE: 3600 0 0 0 0 0 0 0 0 0
GPRESSURE: 3600 0 0 0 0 0 0 0 0 0
PRESSAVG: 3600 0 0 0 0 0 0 0 0 0
GPRESSAVG: 3600 0 0 0 0 0 0 0 0 0
ENERGY:    3600      1071.0726      1750.3932      2073.3589       140.8784            -40.5874      -810.4554         0.0000      2459.0706      2915.5575           9559.2885       292.7617      6643.7309      9581.5233       297.1554

PRESSURE: 3700 0 0 0 0 0 0 0 0 0
GPRESSURE: 3700 0 0 0 0 0 0 0 0 0
PRESSAVG: 3700 0 0 0 0 0 0 0 0 0
GPRESSAVG: 3700 0 0 0 0 0 0 0 0 0
ENERGY:    3700      1090.8489      1683.0773      2069.7397       153.8581            -40.4208      -816.9280         0.0000      2458.4971      2984.1742           9582.8464       299.6518      6598.6722      9609.0341       295.5250

PRESSURE: 3800 0 0 0 0 0 0 0 0 0
GPRESSURE: 3800 0 0 0 0 0 0 0 0 0
PRESSAVG: 3800 0 0 0 0 0 0 0 0 0
GPRESSAVG: 3800 0 0 0 0 0 0 0 0 0
ENERGY:    3800      1115.8584      1669.3587      2062.5823       149.4124            -39.2672      -788.5485         0.0000      2455.1586      2976.8679           9601.4227       298.9181      6624.5548      9627.8472       300.8719

PRESSURE: 3900 0 0 0 0 0 0 0 0 0
GPRESSURE: 3900 0 0 0 0 0 0 0 0 0
PRESSAVG: 3900 0 0 0 0 0 0 0 0 0
GPRESSAVG: 3900 0 0 0 0 0 0 0 0 0
ENERGY:    3900      1094.7037      1675.8741      2077.1288       146.6145            -39.0096      -798.3545         0.0000      2457.5242      2919.5467           9534.0278       293.1623      6614.4811      9558.5065       296.2414

WRITING COORDINATES TO DCD FILE adk-step1.dcd AT STEP 4000
WRITING COORDINATES TO RESTART FILE AT STEP 4000
FINISHED WRITING RESTART COORDINATES
The last position output (seq=4000) takes 0.003 seconds, 1066.250 MB of memory in use
WRITING VELOCITIES TO RESTART FILE AT STEP 4000
FINISHED WRITING RESTART VELOCITIES
The last velocity output (seq=4000) takes 0.003 seconds, 1066.250 MB of memory in use
PRESSURE: 4000 0 0 0 0 0 0 0 0 0
GPRESSURE: 4000 0 0 0 0 0 0 0 0 0
PRESSAVG: 4000 0 0 0 0 0 0 0 0 0
GPRESSAVG: 4000 0 0 0 0 0 0 0 0 0
TIMING: 4000  CPU: 1.01166, 0.000233439/step  Wall: 5.01645, 0.00112084/step, 0.000311344 hours remaining, 1066.250000 MB of memory in use.
ETITLE:      TS           BOND          ANGLE          DIHED          IMPRP               ELECT            VDW       BOUNDARY           MISC        KINETIC               TOTAL           TEMP      POTENTIAL         TOTAL3        TEMPAVG

ENERGY:    4000      1092.0590      1651.7559      2079.1654       170.2414            -40.0943      -805.8792         0.0000      2462.3826      3005.3763           9615.0071       301.7807      6609.6308      9638.2790       298.2040

WRITING EXTENDED SYSTEM TO RESTART FILE AT STEP 4000
PRESSURE: 4100 0 0 0 0 0 0 0 0 0
GPRESSURE: 4100 0 0 0 0 0 0 0 0 0
PRESSAVG: 4100 0 0 0 0 0 0 0 0 0
GPRESSAVG: 4100 0 0 0 0 0 0 0 0 0
ENERGY:    4100      1064.1652      1668.9973      2085.4149       147.8291            -40.0043      -782.6611         0.0000      2455.1637      2932.6323           9531.5372       294.4762      6598.9049      9553.1448       298.4182

PRESSURE: 4200 0 0 0 0 0 0 0 0 0
GPRESSURE: 4200 0 0 0 0 0 0 0 0 0
PRESSAVG: 4200 0 0 0 0 0 0 0 0 0
GPRESSAVG: 4200 0 0 0 0 0 0 0 0 0
ENERGY:    4200      1094.7416      1615.8685      2132.5077       141.1400            -40.4568      -776.0427         0.0000      2450.6824      2934.3762           9552.8169       294.6514      6618.4407      9576.3157       295.2601

LDB: ============= START OF LOAD BALANCING ============== 6.9568
LDB: ============== END OF LOAD BALANCING =============== 6.96315
Info: useSync: 0 useProxySync: 0
LDB: =============== DONE WITH MIGRATION ================ 6.96395
PRESSURE: 4300 0 0 0 0 0 0 0 0 0
GPRESSURE: 4300 0 0 0 0 0 0 0 0 0
PRESSAVG: 4300 0 0 0 0 0 0 0 0 0
GPRESSAVG: 4300 0 0 0 0 0 0 0 0 0
ENERGY:    4300      1091.8874      1645.3635      2099.8787       139.7492            -40.8528      -794.4683         0.0000      2452.9179      2927.7835           9522.2591       293.9894      6594.4756      9547.3939       296.5902

LDB: ============= START OF LOAD BALANCING ============== 7.07052
LDB: 249 computes have load of zero
LDB: Largest compute 1566 load 0.008885 is 31.9% of average load 0.027868
LDB: Average compute 0.001091 is 3.9% of average load 0.027868
LDB: TIME 7.0789 LOAD: AVG 0.0278677 MAX 0.0369221  PROXIES: TOTAL 601 MAXPE 12 MAXPATCH 10 None MEM: 1066.25 MB
LDB: TIME 7.07959 LOAD: AVG 0.0278677 MAX 0.0369221  PROXIES: TOTAL 912 MAXPE 13 MAXPATCH 27 RefineTorusLB MEM: 1066.25 MB
LDB: TIME 7.08336 LOAD: AVG 0.0278677 MAX 0.0369221  PROXIES: TOTAL 913 MAXPE 13 MAXPATCH 29 RefineTorusLB MEM: 1066.25 MB
LDB: Reverting to original mapping
LDB: ============== END OF LOAD BALANCING =============== 7.08436
Info: build node-aware spanning tree with send: 1, recv: 0 with branch factor 4
Info: useSync: 0 useProxySync: 0
LDB: =============== DONE WITH MIGRATION ================ 7.08855
PRESSURE: 4400 0 0 0 0 0 0 0 0 0
GPRESSURE: 4400 0 0 0 0 0 0 0 0 0
PRESSAVG: 4400 0 0 0 0 0 0 0 0 0
GPRESSAVG: 4400 0 0 0 0 0 0 0 0 0
ENERGY:    4400      1064.4372      1648.4594      2074.9852       145.7116            -42.0264      -801.0003         0.0000      2447.6192      2978.1814           9516.3673       299.0500      6538.1859      9540.5431       294.7399

PRESSURE: 4500 0 0 0 0 0 0 0 0 0
GPRESSURE: 4500 0 0 0 0 0 0 0 0 0
PRESSAVG: 4500 0 0 0 0 0 0 0 0 0
GPRESSAVG: 4500 0 0 0 0 0 0 0 0 0
ENERGY:    4500      1092.1564      1722.6161      2047.5171       155.6891            -42.2911      -810.9202         0.0000      2451.2291      2953.5868           9569.5834       296.5804      6615.9966      9589.5426       296.4808

PRESSURE: 4600 0 0 0 0 0 0 0 0 0
GPRESSURE: 4600 0 0 0 0 0 0 0 0 0
PRESSAVG: 4600 0 0 0 0 0 0 0 0 0
GPRESSAVG: 4600 0 0 0 0 0 0 0 0 0
ENERGY:    4600      1076.1503      1699.2766      2077.9229       138.6152            -40.2906      -758.8683         0.0000      2449.9139      2968.3947           9611.1146       298.0673      6642.7199      9636.1583       298.6214

PRESSURE: 4700 0 0 0 0 0 0 0 0 0
GPRESSURE: 4700 0 0 0 0 0 0 0 0 0
PRESSAVG: 4700 0 0 0 0 0 0 0 0 0
GPRESSAVG: 4700 0 0 0 0 0 0 0 0 0
ENERGY:    4700      1065.0867      1686.0901      2071.6877       145.2904            -40.4952      -783.9450         0.0000      2455.4900      2964.9882           9564.1928       297.7252      6599.2047      9589.0173       298.0396

PRESSURE: 4800 0 0 0 0 0 0 0 0 0
GPRESSURE: 4800 0 0 0 0 0 0 0 0 0
PRESSAVG: 4800 0 0 0 0 0 0 0 0 0
GPRESSAVG: 4800 0 0 0 0 0 0 0 0 0
ENERGY:    4800      1054.8336      1681.1115      2067.7251       147.1483            -40.7596      -769.1061         0.0000      2444.9875      2923.7425           9509.6828       293.5836      6585.9402      9532.7057       296.9653

PRESSURE: 4900 0 0 0 0 0 0 0 0 0
GPRESSURE: 4900 0 0 0 0 0 0 0 0 0
PRESSAVG: 4900 0 0 0 0 0 0 0 0 0
GPRESSAVG: 4900 0 0 0 0 0 0 0 0 0
ENERGY:    4900      1041.0275      1645.8691      2093.6874       157.5242            -41.9040      -773.0972         0.0000      2438.3243      2930.2246           9491.6560       294.2345      6561.4314      9518.5672       292.6534

WRITING COORDINATES TO DCD FILE adk-step1.dcd AT STEP 5000
WRITING COORDINATES TO RESTART FILE AT STEP 5000
FINISHED WRITING RESTART COORDINATES
The last position output (seq=5000) takes 0.003 seconds, 1066.250 MB of memory in use
WRITING VELOCITIES TO RESTART FILE AT STEP 5000
FINISHED WRITING RESTART VELOCITIES
The last velocity output (seq=5000) takes 0.002 seconds, 1066.250 MB of memory in use
PRESSURE: 5000 0 0 0 0 0 0 0 0 0
GPRESSURE: 5000 0 0 0 0 0 0 0 0 0
PRESSAVG: 5000 0 0 0 0 0 0 0 0 0
GPRESSAVG: 5000 0 0 0 0 0 0 0 0 0
TIMING: 5000  CPU: 1.25934, 0.000247686/step  Wall: 6.18456, 0.00116811/step, 0 hours remaining, 1066.250000 MB of memory in use.
ETITLE:      TS           BOND          ANGLE          DIHED          IMPRP               ELECT            VDW       BOUNDARY           MISC        KINETIC               TOTAL           TEMP      POTENTIAL         TOTAL3        TEMPAVG

ENERGY:    5000      1077.8218      1687.8488      2076.8187       152.1325            -41.1229      -808.5614         0.0000      2434.0661      2902.2127           9481.2162       291.4217      6579.0035      9506.9570       293.3334

WRITING EXTENDED SYSTEM TO RESTART FILE AT STEP 5000
WRITING EXTENDED SYSTEM TO OUTPUT FILE AT STEP 5000
WRITING COORDINATES TO OUTPUT FILE AT STEP 5000
CLOSING COORDINATE DCD FILE adk-step1.dcd
The last position output (seq=-2) takes 0.004 seconds, 1066.250 MB of memory in use
WRITING VELOCITIES TO OUTPUT FILE AT STEP 5000
====================================================

WallClock: 7.787364  CPUTime: 2.407586  Memory: 1066.250000 MB
[Partition 0][Node 0] End of program
