6_1_cc.dat
/gpfs/alpine/bip115/scratch/hrlee/radical.pilot.sandbox/re.session.login1.hrlee.018625.0000/pilot.0000/staging_area/6_1_cc.dat
6, 1
Charm++> Running on MPI version: 3.1
Charm++> level of thread support used: MPI_THREAD_FUNNELED (desired: MPI_THREAD_FUNNELED)
Charm++> Running in SMP mode: 41 processes, 4 worker threads (PEs) + 1 comm threads per process, 164 PEs total
Charm++> The comm. thread both sends and receives messages
Charm++> Using recursive bisection (scheme 3) for topology aware partitions
Converse/Charm++ Commit ID: v6.10.2-0-g7bf00fa-namd-charm-6.10.2-build-2020-Aug-05-556
Warning> Randomization of virtual memory (ASLR) is turned on in the kernel, thread migration may not work! Run 'echo 0 > /proc/sys/kernel/randomize_va_space' as root to disable it, or try running with '+isomalloc_sync'.
CharmLB> Load balancer assumes all CPUs are same.
Charm++> Running on 1 hosts (1 sockets x 1 cores x 4 PUs = 4-way SMP)
Charm++> cpu topology info is gathered in 0.039 seconds.

Charm++> Warning: the number of SMP threads (205) is greater than the number of physical cores (176), so threads will sleep while idling. Use +CmiSpinOnIdle or +CmiSleepOnIdle to control this directly.

Info: NAMD 2.14 for Linux-POWER-MPI-smp-Summit
Info: 
Info: Please visit http://www.ks.uiuc.edu/Research/namd/
Info: for updates, documentation, and support information.
Info: 
Info: Please cite Phillips et al., J. Chem. Phys. 153:044130 (2020) doi:10.1063/5.0014475
Info: in all publications reporting results obtained with NAMD.
Info: 
Info: Based on Charm++/Converse 61002 for mpi-linux-ppc64le-smp
Info: Built Wed Aug 5 14:25:51 EDT 2020 by jimp on login2
Info: 1 NAMD  2.14  Linux-POWER-MPI-smp-Summit  164    d21n09  hrlee
Info: Running on 164 processors, 41 nodes, 1 physical nodes.
Info: CPU topology information available.
Info: Charm++/Converse parallel runtime startup completed at 0.045615 s
CkLoopLib is used in SMP with simple dynamic scheduling (converse-level notification)
Info: 957.438 MB of memory in use based on /proc/self/stat
Info: Configuration file is adk-step1.namd
Info: Working in the current directory /gpfs/alpine/bip115/scratch/hrlee/radical.pilot.sandbox/re.session.login1.hrlee.018625.0000/pilot.0000/unit.000168
TCL: Suspending until startup complete.
Info: SIMULATION PARAMETERS:
Info: TIMESTEP               1
Info: NUMBER OF STEPS        0
Info: STEPS PER CYCLE        20
Info: LOAD BALANCER  Centralized
Info: LOAD BALANCING STRATEGY  New Load Balancers -- DEFAULT
Info: LDB PERIOD             4000 steps
Info: FIRST LDB TIMESTEP     100
Info: LAST LDB TIMESTEP     -1
Info: LDB BACKGROUND SCALING 1
Info: HOM BACKGROUND SCALING 1
Info: REMOVING LOAD FROM NODE 0
Info: REMOVING PATCHES FROM PROCESSOR 0
Info: MIN ATOMS PER PATCH    40
Info: VELOCITY FILE          6_1_adk-step1.restart.vel
Info: CENTER OF MASS MOVING INITIALLY? NO
Info: DIELECTRIC             80
Info: EXCLUDE                SCALED ONE-FOUR
Info: 1-4 ELECTROSTATICS SCALED BY 1
Info: MODIFIED 1-4 VDW PARAMETERS WILL BE USED
Info: DCD FILENAME           adk-step1.dcd
Info: DCD FREQUENCY          1000
Info: DCD FIRST STEP         1000
Info: NO EXTENDED SYSTEM TRAJECTORY OUTPUT
Info: NO VELOCITY DCD OUTPUT
Info: NO FORCE DCD OUTPUT
Info: OUTPUT FILENAME        adk-step1
Info: BINARY OUTPUT FILES WILL BE USED
Info: RESTART FILENAME       adk-step1.restart
Info: RESTART FREQUENCY      1000
Info: BINARY RESTART FILES WILL BE USED
Info: SWITCHING ACTIVE
Info: SWITCHING ON           9
Info: SWITCHING OFF          10
Info: PAIRLIST DISTANCE      11
Info: PAIRLIST SHRINK RATE   0.01
Info: PAIRLIST GROW RATE     0.01
Info: PAIRLIST TRIGGER       0.3
Info: PAIRLISTS PER CYCLE    2
Info: PAIRLISTS ENABLED
Info: MARGIN                 0
Info: HYDROGEN GROUP CUTOFF  2.5
Info: PATCH DIMENSION        13.5
Info: ENERGY OUTPUT STEPS    100
Info: CROSSTERM ENERGY INCLUDED IN DIHEDRAL
Info: TIMING OUTPUT STEPS    1000
Info: PRESSURE OUTPUT STEPS  100
Info: GRID FORCE ACTIVE
Info:  Please include this reference in published work using
Info:  the Gridforce module of NAMD: David Wells, Volha Abramkina,
Info:  and Aleksei Aksimentiev, J. Chem. Phys. 127:125101-10 (2007).
Info: MGRIDFORCE key 0
Info:            Potfile 4ake-target_autopsf-grid.dx
Info:            Scale 0.3 0.3 0.3
Info:            File 1ake-docked-noh_autopsf-grid.pdb
Info:            Col O
Info:            ChargeCol B
Info:            VOffset 0 0 0
Info:            Continuous K1 FALSE
Info:            Continuous K2 FALSE
Info:            Continuous K3 FALSE
Info:            Volts FALSE
Info:            Gridforce-Lite FALSE
Info:            Gridforce-CheckSize TRUE
Info: LANGEVIN DYNAMICS ACTIVE
Info: LANGEVIN TEMPERATURE   300
Info: LANGEVIN USING BBK INTEGRATOR
Info: LANGEVIN DAMPING COEFFICIENT IS 5 INVERSE PS
Info: LANGEVIN DYNAMICS NOT APPLIED TO HYDROGENS
Info: USING VERLET I (r-RESPA) MTS SCHEME.
Info: C1 SPLITTING OF LONG RANGE ELECTROSTATICS
Info: PLACING ATOMS IN PATCHES BY HYDROGEN GROUPS
Info: RIGID BONDS TO HYDROGEN : WATER
Info:         ERROR TOLERANCE : 1e-08
Info:          MAX ITERATIONS : 100
Info: RIGID WATER USING SETTLE ALGORITHM
Info: NONBONDED FORCES EVALUATED EVERY 2 STEPS
Info: RANDOM NUMBER SEED     1609225999
Info: USE HYDROGEN BONDS?    NO
Info: COORDINATE PDB         1ake-docked-noh_autopsf.pdb
Info: STRUCTURE FILE         1ake-docked-noh_autopsf.psf
Info: PARAMETER file: CHARMM format! 
Info: PARAMETERS             par_all36_prot.prm
Info: USING ARITHMETIC MEAN TO COMBINE L-J SIGMA PARAMETERS
Info: BINARY COORDINATES     6_1_adk-step1.restart.coor
Info: SUMMARY OF PARAMETERS:
Info: 132 BONDS
Info: 362 ANGLES
Info: 702 DIHEDRAL
Info: 35 IMPROPER
Info: 6 CROSSTERM
Info: 53 VDW
Info: 0 VDW_PAIRS
Info: 0 NBTHOLE_PAIRS
Info: TIME FOR READING PSF FILE: 0.617073
Info: READING EXTRA BONDS FILE 1ake-extrabonds.txt
Info: READING EXTRA BONDS FILE 1ake-extrabonds-cispeptide.txt
Info: READING EXTRA BONDS FILE 1ake-extrabonds-chirality.txt
Info: READ 80 EXTRA BONDS
Info: READ 80 EXTRA ANGLES
Warning: EXTRA ANGLES ARE COSINE-BASED BY DEFAULT TO MATCH PREVIOUS VERSIONS
Warning: FOR NORMAL HARMONIC EXTRA ANGLES SET extraBondsCosAngles off
Info: READ 493 EXTRA DIHEDRALS
Info: READ 438 EXTRA IMPROPERS
Info: Reading pdb file 1ake-docked-noh_autopsf.pdb
Info: TIME FOR READING PDB FILE: 0.122587
Info: 
Info: ****************************
Info: STRUCTURE SUMMARY:
Info: 3341 ATOMS
Info: 3445 BONDS
Info: 6203 ANGLES
Info: 9414 DIHEDRALS
Info: 1005 IMPROPERS
Info: 212 CROSSTERMS
Info: 0 EXCLUSIONS
Info: 0 RIGID BONDS
Info: 1 GRIDS ACTIVE
Info: 10023 DEGREES OF FREEDOM
Info: 1656 HYDROGEN GROUPS
Info: 4 ATOMS IN LARGEST HYDROGEN GROUP
Info: 1656 MIGRATION GROUPS
Info: 4 ATOMS IN LARGEST MIGRATION GROUP
Info: TOTAL MASS = 23582 amu
Info: TOTAL CHARGE = -4 e
Info: *****************************
Info: Reading from binary file 6_1_adk-step1.restart.coor
Info: 
Info: Entering startup at 1.6129 s, 1066.19 MB of memory in use
Info: Startup phase 0 took 0.000757674 s, 1066.19 MB of memory in use
Info: ADDED 18308 IMPLICIT EXCLUSIONS
Info: Startup phase 1 took 0.0162575 s, 1066.19 MB of memory in use
Info: NONBONDED TABLE R-SQUARED SPACING: 0.0625
Info: NONBONDED TABLE SIZE: 705 POINTS
Info: ABSOLUTE IMPRECISION IN FAST TABLE ENERGY: 3.38813e-21 AT 9.89634
Info: RELATIVE IMPRECISION IN FAST TABLE ENERGY: 4.23384e-15 AT 9.94673
Info: ABSOLUTE IMPRECISION IN FAST TABLE FORCE: 6.35275e-22 AT 9.94673
Info: RELATIVE IMPRECISION IN FAST TABLE FORCE: 5.07982e-16 AT 9.94673
Info: INCONSISTENCY IN FAST TABLE ENERGY VS FORCE: 0.000290185 AT 0.251946
Info: ABSOLUTE IMPRECISION IN VDWA TABLE ENERGY: 1.57772e-30 AT 9.89634
Info: RELATIVE IMPRECISION IN VDWA TABLE ENERGY: 4.54938e-15 AT 9.94673
Info: ABSOLUTE IMPRECISION IN VDWA TABLE FORCE: 5.91646e-31 AT 9.94673
Info: RELATIVE IMPRECISION IN VDWA TABLE FORCE: 5.6823e-16 AT 9.94673
Info: INCONSISTENCY IN VDWA TABLE ENERGY VS FORCE: 0.0040507 AT 0.251946
Info: ABSOLUTE IMPRECISION IN VDWB TABLE ENERGY: 4.71751e-25 AT 9.94673
Info: RELATIVE IMPRECISION IN VDWB TABLE ENERGY: 1.45371e-14 AT 9.94673
Info: ABSOLUTE IMPRECISION IN VDWB TABLE FORCE: 6.20385e-25 AT 9.94673
Info: RELATIVE IMPRECISION IN VDWB TABLE FORCE: 5.97512e-16 AT 9.94673
Info: INCONSISTENCY IN VDWB TABLE ENERGY VS FORCE: 0.00377068 AT 9.07951
Info: Startup phase 2 took 0.00173632 s, 1066.19 MB of memory in use
Info: Startup phase 3 took 0.000664805 s, 1066.19 MB of memory in use
Info: Startup phase 4 took 0.0029203 s, 1066.19 MB of memory in use
Info: Startup phase 5 took 0.000504725 s, 1066.19 MB of memory in use
Info: ORIGINAL ATOMS MINMAX IS -21.2569 -33.3411 -34.6105  17.4781 14.078 15.6392
Info: ADJUSTED ATOMS MINMAX IS -16.8487 -27.4856 -30.8187  11.7419 9.74407 7.69236
Info: PATCH GRID IS 5 BY 3 BY 3
Info: PATCH GRID IS 2-AWAY BY 1-AWAY BY 1-AWAY
Info: Reading from binary file 6_1_adk-step1.restart.vel
Info: REMOVING COM VELOCITY 0.0372803 0.0610355 -0.00173825
Info: LARGEST PATCH (37) HAS 169 ATOMS
Info: TORUS A SIZE 1 USING 0
Info: TORUS B SIZE 1 USING 0
Info: TORUS C SIZE 1 USING 0
Info: TORUS MINIMAL MESH SIZE IS 1 BY 1 BY 1
Info: Placed 100% of base nodes on same physical node as patch
Info: Startup phase 6 took 0.00918762 s, 1066.19 MB of memory in use
Info: Startup phase 7 took 0.000626784 s, 1066.19 MB of memory in use
Info: Startup phase 8 took 0.000561431 s, 1066.19 MB of memory in use
Info: Startup phase 9 took 0.000868221 s, 1066.19 MB of memory in use
Info: Startup phase 10 took 0.000515458 s, 1066.19 MB of memory in use
Info: Startup phase 11 took 0.00103574 s, 1066.19 MB of memory in use
LDB: Central LB being created...
Info: Startup phase 12 took 0.00451099 s, 1066.19 MB of memory in use
Info: CREATING 983 COMPUTE OBJECTS
Info: Startup phase 13 took 0.000851833 s, 1066.19 MB of memory in use
Info: Building spanning tree ... send: 1 recv: 0 with branch factor 4
Info: useSync: 0 useProxySync: 0
Info: Startup phase 14 took 0.000678206 s, 1066.19 MB of memory in use
Info: Startup phase 15 took 0.000167401 s, 1066.19 MB of memory in use
Info: Finished startup at 1.65475 s, 1066.19 MB of memory in use

TCL: Running for 5000 steps
PRESSURE: 0 0 0 0 0 0 0 0 0 0
GPRESSURE: 0 0 0 0 0 0 0 0 0 0
ETITLE:      TS           BOND          ANGLE          DIHED          IMPRP               ELECT            VDW       BOUNDARY           MISC        KINETIC               TOTAL           TEMP      POTENTIAL         TOTAL3        TEMPAVG

ENERGY:       0      1056.7294      1702.3927      2102.0653       152.4781            -41.9019      -783.8279         0.0000      2994.1644      2933.2406          10115.3407       294.5373      7182.1001     10138.8608       294.5373

LDB: ============= START OF LOAD BALANCING ============== 1.67081
LDB: ============== END OF LOAD BALANCING =============== 1.67101
Info: useSync: 0 useProxySync: 0
LDB: =============== DONE WITH MIGRATION ================ 1.67166
LDB: ============= START OF LOAD BALANCING ============== 1.73421
LDB: 12 computes have load of zero
LDB: Largest compute 37 load 0.012263 is 99.2% of average load 0.012366
LDB: Average compute 0.001320 is 10.7% of average load 0.012366
LDB: Partitioning computes with target load 0.002641
LDB: Increased migratable compute count from 701 to 813
LDB: Largest unpartitionable compute is 0.006684
LDB: ============== END OF LOAD BALANCING =============== 1.7361
Info: build node-aware spanning tree with send: 1, recv: 0 with branch factor 4
Info: useSync: 0 useProxySync: 0
LDB: =============== DONE WITH MIGRATION ================ 1.73995
PRESSURE: 100 0 0 0 0 0 0 0 0 0
GPRESSURE: 100 0 0 0 0 0 0 0 0 0
PRESSAVG: 100 0 0 0 0 0 0 0 0 0
GPRESSAVG: 100 0 0 0 0 0 0 0 0 0
Info: Initial time: 164 CPUs 0.000769433 s/step 0.00890548 days/ns 1066.19 MB memory
ENERGY:     100      1061.6702      1641.3893      2096.5850       145.8285            -42.0434      -768.5426         0.0000      2984.4526      2960.3719          10079.7114       297.2617      7119.3396     10103.2018       295.6588

LDB: ============= START OF LOAD BALANCING ============== 1.75572
LDB: ============== END OF LOAD BALANCING =============== 1.75594
Info: useSync: 0 useProxySync: 0
LDB: =============== DONE WITH MIGRATION ================ 1.75643
LDB: ============= START OF LOAD BALANCING ============== 1.81985
LDB: 12 computes have load of zero
LDB: Largest compute 820 load 0.006867 is 54.6% of average load 0.012582
LDB: Average compute 0.001167 is 9.3% of average load 0.012582
LDB: TIME 1.82126 LOAD: AVG 0.0125817 MAX 0.0572837  PROXIES: TOTAL 360 MAXPE 9 MAXPATCH 11 None MEM: 1066.19 MB
LDB: TIME 1.82386 LOAD: AVG 0.0125817 MAX 0.0249404  PROXIES: TOTAL 622 MAXPE 10 MAXPATCH 32 TorusLB MEM: 1066.19 MB
LDB: ============== END OF LOAD BALANCING =============== 1.82534
Info: build node-aware spanning tree with send: 1, recv: 0 with branch factor 4
Info: useSync: 0 useProxySync: 0
LDB: =============== DONE WITH MIGRATION ================ 1.82924
PRESSURE: 200 0 0 0 0 0 0 0 0 0
GPRESSURE: 200 0 0 0 0 0 0 0 0 0
PRESSAVG: 200 0 0 0 0 0 0 0 0 0
GPRESSAVG: 200 0 0 0 0 0 0 0 0 0
Info: Initial time: 164 CPUs 0.000780523 s/step 0.00903383 days/ns 1066.19 MB memory
ENERGY:     200      1042.8923      1670.4183      2083.7547       150.9927            -41.0555      -800.8201         0.0000      2980.8650      3009.7626          10096.8100       302.2212      7087.0475     10121.1474       295.4964

LDB: ============= START OF LOAD BALANCING ============== 1.95105
LDB: 12 computes have load of zero
LDB: Largest compute 840 load 0.010575 is 44.1% of average load 0.023968
LDB: Average compute 0.001769 is 7.4% of average load 0.023968
LDB: TIME 1.95252 LOAD: AVG 0.0239679 MAX 0.0470119  PROXIES: TOTAL 360 MAXPE 9 MAXPATCH 11 None MEM: 1066.19 MB
LDB: TIME 1.9533 LOAD: AVG 0.0239679 MAX 0.0470119  PROXIES: TOTAL 622 MAXPE 10 MAXPATCH 32 RefineTorusLB MEM: 1066.19 MB
LDB: TIME 1.95563 LOAD: AVG 0.0239679 MAX 0.0430192  PROXIES: TOTAL 596 MAXPE 10 MAXPATCH 29 RefineTorusLB MEM: 1066.19 MB
LDB: ============== END OF LOAD BALANCING =============== 1.95669
Info: build node-aware spanning tree with send: 1, recv: 0 with branch factor 4
Info: useSync: 0 useProxySync: 0
LDB: =============== DONE WITH MIGRATION ================ 1.96056
PRESSURE: 300 0 0 0 0 0 0 0 0 0
GPRESSURE: 300 0 0 0 0 0 0 0 0 0
PRESSAVG: 300 0 0 0 0 0 0 0 0 0
GPRESSAVG: 300 0 0 0 0 0 0 0 0 0
Info: Initial time: 164 CPUs 0.00121565 s/step 0.01407 days/ns 1066.19 MB memory
ENERGY:     300      1059.0581      1671.0185      2099.9387       136.4688            -41.3915      -744.9507         0.0000      2979.3219      2905.9943          10065.4581       291.8014      7159.4637     10086.3315       295.0409

LDB: ============= START OF LOAD BALANCING ============== 2.04292
LDB: 12 computes have load of zero
LDB: Largest compute 840 load 0.009794 is 43.2% of average load 0.022674
LDB: Average compute 0.001756 is 7.7% of average load 0.022674
LDB: TIME 2.04452 LOAD: AVG 0.022674 MAX 0.0389196  PROXIES: TOTAL 360 MAXPE 9 MAXPATCH 11 None MEM: 1066.19 MB
LDB: TIME 2.04532 LOAD: AVG 0.022674 MAX 0.0389196  PROXIES: TOTAL 596 MAXPE 10 MAXPATCH 29 RefineTorusLB MEM: 1066.19 MB
LDB: TIME 2.04595 LOAD: AVG 0.022674 MAX 0.0389196  PROXIES: TOTAL 590 MAXPE 10 MAXPATCH 32 RefineTorusLB MEM: 1066.19 MB
LDB: Reverting to original mapping
LDB: ============== END OF LOAD BALANCING =============== 2.0468
Info: build node-aware spanning tree with send: 1, recv: 0 with branch factor 4
Info: useSync: 0 useProxySync: 0
LDB: =============== DONE WITH MIGRATION ================ 2.05629
PRESSURE: 400 0 0 0 0 0 0 0 0 0
GPRESSURE: 400 0 0 0 0 0 0 0 0 0
PRESSAVG: 400 0 0 0 0 0 0 0 0 0
GPRESSAVG: 400 0 0 0 0 0 0 0 0 0
Info: Benchmark time: 164 CPUs 0.000820041 s/step 0.00949122 days/ns 1066.19 MB memory
ENERGY:     400      1075.6870      1674.1219      2074.1447       146.8698            -41.7344      -803.2658         0.0000      2986.0242      2990.5032          10102.3505       300.2873      7111.8473     10123.6633       295.7316

PRESSURE: 500 0 0 0 0 0 0 0 0 0
GPRESSURE: 500 0 0 0 0 0 0 0 0 0
PRESSAVG: 500 0 0 0 0 0 0 0 0 0
GPRESSAVG: 500 0 0 0 0 0 0 0 0 0
Info: Benchmark time: 164 CPUs 0.0010467 s/step 0.0121146 days/ns 1066.19 MB memory
ENERGY:     500      1043.3560      1697.7073      2059.8849       166.7561            -41.5990      -780.3677         0.0000      2977.5667      2932.6207          10055.9249       294.4751      7123.3043     10085.6190       294.5473

PRESSURE: 600 0 0 0 0 0 0 0 0 0
GPRESSURE: 600 0 0 0 0 0 0 0 0 0
PRESSAVG: 600 0 0 0 0 0 0 0 0 0
GPRESSAVG: 600 0 0 0 0 0 0 0 0 0
Info: Benchmark time: 164 CPUs 0.000862382 s/step 0.00998127 days/ns 1066.19 MB memory
ENERGY:     600      1077.1390      1670.3576      2070.1961       150.8538            -41.7209      -802.2845         0.0000      2975.4149      2940.5599          10040.5158       295.2723      7099.9559     10061.9906       294.3555

PRESSURE: 700 0 0 0 0 0 0 0 0 0
GPRESSURE: 700 0 0 0 0 0 0 0 0 0
PRESSAVG: 700 0 0 0 0 0 0 0 0 0
GPRESSAVG: 700 0 0 0 0 0 0 0 0 0
Info: Benchmark time: 164 CPUs 0.000964518 s/step 0.0111634 days/ns 1066.19 MB memory
ENERGY:     700      1066.1944      1664.6061      2088.9282       139.8871            -41.3595      -792.1178         0.0000      2971.3203      2923.7887          10021.2475       293.5882      7097.4588     10042.0911       294.0002

PRESSURE: 800 0 0 0 0 0 0 0 0 0
GPRESSURE: 800 0 0 0 0 0 0 0 0 0
PRESSAVG: 800 0 0 0 0 0 0 0 0 0
GPRESSAVG: 800 0 0 0 0 0 0 0 0 0
Info: Benchmark time: 164 CPUs 0.00122219 s/step 0.0141457 days/ns 1066.19 MB memory
ENERGY:     800      1059.4652      1699.2863      2081.0423       158.2731            -41.2411      -780.2582         0.0000      2964.2606      2904.0943          10044.9225       291.6106      7140.8282     10068.9275       293.2641

PRESSURE: 900 0 0 0 0 0 0 0 0 0
GPRESSURE: 900 0 0 0 0 0 0 0 0 0
PRESSAVG: 900 0 0 0 0 0 0 0 0 0
GPRESSAVG: 900 0 0 0 0 0 0 0 0 0
Info: Benchmark time: 164 CPUs 0.000883776 s/step 0.0102289 days/ns 1066.19 MB memory
ENERGY:     900      1062.6720      1650.4924      2069.2236       162.7732            -40.9914      -766.0066         0.0000      2953.1811      2970.8963          10062.2405       298.3185      7091.3442     10089.3967       294.8152

OPENING COORDINATE DCD FILE
WRITING COORDINATES TO DCD FILE adk-step1.dcd AT STEP 1000
WRITING COORDINATES TO RESTART FILE AT STEP 1000
FINISHED WRITING RESTART COORDINATES
The last position output (seq=1000) takes 0.011 seconds, 1066.188 MB of memory in use
WRITING VELOCITIES TO RESTART FILE AT STEP 1000
FINISHED WRITING RESTART VELOCITIES
The last velocity output (seq=1000) takes 0.002 seconds, 1066.188 MB of memory in use
PRESSURE: 1000 0 0 0 0 0 0 0 0 0
GPRESSURE: 1000 0 0 0 0 0 0 0 0 0
PRESSAVG: 1000 0 0 0 0 0 0 0 0 0
GPRESSAVG: 1000 0 0 0 0 0 0 0 0 0
TIMING: 1000  CPU: 0.216315, 0.00021407/step  Wall: 1.00829, 0.00100272/step, 0.00111413 hours remaining, 1066.187500 MB of memory in use.
ETITLE:      TS           BOND          ANGLE          DIHED          IMPRP               ELECT            VDW       BOUNDARY           MISC        KINETIC               TOTAL           TEMP      POTENTIAL         TOTAL3        TEMPAVG

ENERGY:    1000      1047.7480      1699.8820      2059.7163       155.3822            -41.2420      -787.8757         0.0000      2953.0922      2981.9515          10068.6545       299.4286      7086.7030     10093.4937       297.2570

WRITING EXTENDED SYSTEM TO RESTART FILE AT STEP 1000
PRESSURE: 1100 0 0 0 0 0 0 0 0 0
GPRESSURE: 1100 0 0 0 0 0 0 0 0 0
PRESSAVG: 1100 0 0 0 0 0 0 0 0 0
GPRESSAVG: 1100 0 0 0 0 0 0 0 0 0
ENERGY:    1100      1088.1307      1676.2240      2078.9603       141.6149            -41.6821      -797.4887         0.0000      2947.2543      2936.3992          10029.4127       294.8545      7093.0135     10052.3795       294.3453

PRESSURE: 1200 0 0 0 0 0 0 0 0 0
GPRESSURE: 1200 0 0 0 0 0 0 0 0 0
PRESSAVG: 1200 0 0 0 0 0 0 0 0 0
GPRESSAVG: 1200 0 0 0 0 0 0 0 0 0
ENERGY:    1200      1067.1755      1665.7594      2076.7421       151.5021            -40.2679      -782.0678         0.0000      2942.9046      2977.8826          10059.6305       299.0200      7081.7479     10084.9600       296.0393

PRESSURE: 1300 0 0 0 0 0 0 0 0 0
GPRESSURE: 1300 0 0 0 0 0 0 0 0 0
PRESSAVG: 1300 0 0 0 0 0 0 0 0 0
GPRESSAVG: 1300 0 0 0 0 0 0 0 0 0
ENERGY:    1300      1084.4421      1684.4052      2108.6848       149.6083            -40.0509      -787.7534         0.0000      2938.4766      2904.9524          10042.7651       291.6968      7137.8127     10064.2376       296.2616

PRESSURE: 1400 0 0 0 0 0 0 0 0 0
GPRESSURE: 1400 0 0 0 0 0 0 0 0 0
PRESSAVG: 1400 0 0 0 0 0 0 0 0 0
GPRESSAVG: 1400 0 0 0 0 0 0 0 0 0
ENERGY:    1400      1067.6629      1670.3870      2116.1606       152.5347            -40.0651      -763.6710         0.0000      2934.9027      2909.0781          10046.9898       292.1111      7137.9118     10072.1982       294.2814

PRESSURE: 1500 0 0 0 0 0 0 0 0 0
GPRESSURE: 1500 0 0 0 0 0 0 0 0 0
PRESSAVG: 1500 0 0 0 0 0 0 0 0 0
GPRESSAVG: 1500 0 0 0 0 0 0 0 0 0
ENERGY:    1500      1078.3405      1689.9249      2094.7664       163.7597            -40.0730      -764.0047         0.0000      2932.5962      2924.4565          10079.7665       293.6553      7155.3100     10106.0713       297.6171

PRESSURE: 1600 0 0 0 0 0 0 0 0 0
GPRESSURE: 1600 0 0 0 0 0 0 0 0 0
PRESSAVG: 1600 0 0 0 0 0 0 0 0 0
GPRESSAVG: 1600 0 0 0 0 0 0 0 0 0
ENERGY:    1600      1084.9601      1666.1431      2074.0438       154.8911            -40.6695      -785.1997         0.0000      2926.4018      2966.8886          10047.4592       297.9160      7080.5707     10074.9125       296.4372

PRESSURE: 1700 0 0 0 0 0 0 0 0 0
GPRESSURE: 1700 0 0 0 0 0 0 0 0 0
PRESSAVG: 1700 0 0 0 0 0 0 0 0 0
GPRESSAVG: 1700 0 0 0 0 0 0 0 0 0
ENERGY:    1700      1066.1420      1650.8979      2079.3962       155.3101            -40.9385      -737.3161         0.0000      2925.1677      2993.0481          10091.7074       300.5428      7098.6594     10120.8108       297.4817

PRESSURE: 1800 0 0 0 0 0 0 0 0 0
GPRESSURE: 1800 0 0 0 0 0 0 0 0 0
PRESSAVG: 1800 0 0 0 0 0 0 0 0 0
GPRESSAVG: 1800 0 0 0 0 0 0 0 0 0
ENERGY:    1800      1078.5558      1709.1340      2094.9495       156.0402            -41.3042      -766.9773         0.0000      2930.5837      2943.7132          10104.6949       295.5889      7160.9817     10126.7937       298.4899

PRESSURE: 1900 0 0 0 0 0 0 0 0 0
GPRESSURE: 1900 0 0 0 0 0 0 0 0 0
PRESSAVG: 1900 0 0 0 0 0 0 0 0 0
GPRESSAVG: 1900 0 0 0 0 0 0 0 0 0
ENERGY:    1900      1077.6824      1709.6786      2129.4768       160.2953            -41.0987      -791.5736         0.0000      2929.9865      2963.7337          10138.1811       297.5993      7174.4474     10161.5152       296.8881

WRITING COORDINATES TO DCD FILE adk-step1.dcd AT STEP 2000
WRITING COORDINATES TO RESTART FILE AT STEP 2000
FINISHED WRITING RESTART COORDINATES
The last position output (seq=2000) takes 0.005 seconds, 1066.188 MB of memory in use
WRITING VELOCITIES TO RESTART FILE AT STEP 2000
FINISHED WRITING RESTART VELOCITIES
The last velocity output (seq=2000) takes 0.002 seconds, 1066.188 MB of memory in use
PRESSURE: 2000 0 0 0 0 0 0 0 0 0
GPRESSURE: 2000 0 0 0 0 0 0 0 0 0
PRESSAVG: 2000 0 0 0 0 0 0 0 0 0
GPRESSAVG: 2000 0 0 0 0 0 0 0 0 0
TIMING: 2000  CPU: 0.402762, 0.000186447/step  Wall: 2.26515, 0.00125686/step, 0.00104739 hours remaining, 1066.187500 MB of memory in use.
ETITLE:      TS           BOND          ANGLE          DIHED          IMPRP               ELECT            VDW       BOUNDARY           MISC        KINETIC               TOTAL           TEMP      POTENTIAL         TOTAL3        TEMPAVG

ENERGY:    2000      1042.7176      1643.5099      2108.6264       169.4727            -41.6147      -741.9253         0.0000      2922.8187      3016.0246          10119.6298       302.8500      7103.6053     10145.9142       299.1177

WRITING EXTENDED SYSTEM TO RESTART FILE AT STEP 2000
PRESSURE: 2100 0 0 0 0 0 0 0 0 0
GPRESSURE: 2100 0 0 0 0 0 0 0 0 0
PRESSAVG: 2100 0 0 0 0 0 0 0 0 0
GPRESSAVG: 2100 0 0 0 0 0 0 0 0 0
ENERGY:    2100      1055.8624      1720.1045      2115.6989       147.9380            -40.5109      -775.6113         0.0000      2923.8675      2927.0099          10074.3589       293.9117      7147.3490     10096.1094       299.3175

PRESSURE: 2200 0 0 0 0 0 0 0 0 0
GPRESSURE: 2200 0 0 0 0 0 0 0 0 0
PRESSAVG: 2200 0 0 0 0 0 0 0 0 0
GPRESSAVG: 2200 0 0 0 0 0 0 0 0 0
ENERGY:    2200      1039.4201      1700.0751      2088.1802       154.7690            -41.0733      -759.3729         0.0000      2920.0969      2983.0719          10085.1670       299.5411      7102.0951     10107.5421       298.1586

PRESSURE: 2300 0 0 0 0 0 0 0 0 0
GPRESSURE: 2300 0 0 0 0 0 0 0 0 0
PRESSAVG: 2300 0 0 0 0 0 0 0 0 0
GPRESSAVG: 2300 0 0 0 0 0 0 0 0 0
ENERGY:    2300      1096.7066      1701.7235      2079.3116       159.3753            -41.7009      -799.5604         0.0000      2916.3794      2996.8414          10109.0764       300.9237      7112.2350     10133.9213       298.7895

PRESSURE: 2400 0 0 0 0 0 0 0 0 0
GPRESSURE: 2400 0 0 0 0 0 0 0 0 0
PRESSAVG: 2400 0 0 0 0 0 0 0 0 0
GPRESSAVG: 2400 0 0 0 0 0 0 0 0 0
ENERGY:    2400      1093.5750      1744.5318      2087.9571       162.9468            -41.7602      -790.7150         0.0000      2911.6129      2911.5519          10079.7002       292.3595      7168.1483     10103.6371       300.9361

PRESSURE: 2500 0 0 0 0 0 0 0 0 0
GPRESSURE: 2500 0 0 0 0 0 0 0 0 0
PRESSAVG: 2500 0 0 0 0 0 0 0 0 0
GPRESSAVG: 2500 0 0 0 0 0 0 0 0 0
ENERGY:    2500      1100.1090      1691.9886      2093.0754       151.0031            -42.2067      -812.7117         0.0000      2912.9236      2936.4408          10030.6220       294.8587      7094.1812     10056.7189       295.9499

PRESSURE: 2600 0 0 0 0 0 0 0 0 0
GPRESSURE: 2600 0 0 0 0 0 0 0 0 0
PRESSAVG: 2600 0 0 0 0 0 0 0 0 0
GPRESSAVG: 2600 0 0 0 0 0 0 0 0 0
ENERGY:    2600      1064.3806      1627.3354      2105.6781       155.7478            -42.8563      -783.5350         0.0000      2893.8883      2960.2199           9980.8589       297.2464      7020.6390     10004.7869       294.8310

PRESSURE: 2700 0 0 0 0 0 0 0 0 0
GPRESSURE: 2700 0 0 0 0 0 0 0 0 0
PRESSAVG: 2700 0 0 0 0 0 0 0 0 0
GPRESSAVG: 2700 0 0 0 0 0 0 0 0 0
ENERGY:    2700      1119.7475      1654.0531      2080.2555       146.7288            -42.8782      -775.8804         0.0000      2888.6412      2984.3274          10054.9948       299.6671      7070.6674     10081.0449       293.7697

PRESSURE: 2800 0 0 0 0 0 0 0 0 0
GPRESSURE: 2800 0 0 0 0 0 0 0 0 0
PRESSAVG: 2800 0 0 0 0 0 0 0 0 0
GPRESSAVG: 2800 0 0 0 0 0 0 0 0 0
ENERGY:    2800      1086.4128      1727.1556      2099.4921       157.1519            -42.6016      -812.0141         0.0000      2887.3998      2960.9003          10063.8968       297.3147      7102.9965     10087.7308       298.4682

PRESSURE: 2900 0 0 0 0 0 0 0 0 0
GPRESSURE: 2900 0 0 0 0 0 0 0 0 0
PRESSAVG: 2900 0 0 0 0 0 0 0 0 0
GPRESSAVG: 2900 0 0 0 0 0 0 0 0 0
ENERGY:    2900      1093.1200      1689.9392      2086.9031       156.2841            -42.0498      -787.3889         0.0000      2883.4519      3038.0512          10118.3108       305.0617      7080.2596     10141.9751       300.0563

WRITING COORDINATES TO DCD FILE adk-step1.dcd AT STEP 3000
WRITING COORDINATES TO RESTART FILE AT STEP 3000
FINISHED WRITING RESTART COORDINATES
The last position output (seq=3000) takes 0.003 seconds, 1066.188 MB of memory in use
PRESSURE: 3000 0 0 0 0 0 0 0 0 0
GPRESSURE: 3000 0 0 0 0 0 0 0 0 0
PRESSAVG: 3000 0 0 0 0 0 0 0 0 0
GPRESSAVG: 3000 0 0 0 0 0 0 0 0 0
TIMING: 3000  CPU: 0.5924, 0.000189638/step  Wall: 3.14774, 0.000882585/step, 0.000490325 hours remaining, 1066.187500 MB of memory in use.
ETITLE:      TS           BOND          ANGLE          DIHED          IMPRP               ELECT            VDW       BOUNDARY           MISC        KINETIC               TOTAL           TEMP      POTENTIAL         TOTAL3        TEMPAVG

ENERGY:    3000      1099.9975      1692.7535      2116.2639       163.6302            -41.5157      -774.3610         0.0000      2881.3273      2993.5343          10131.6298       300.5916      7138.0955     10152.7002       302.1478

WRITING EXTENDED SYSTEM TO RESTART FILE AT STEP 3000
WRITING VELOCITIES TO RESTART FILE AT STEP 3000
FINISHED WRITING RESTART VELOCITIES
The last velocity output (seq=3000) takes 0.002 seconds, 1066.188 MB of memory in use
PRESSURE: 3100 0 0 0 0 0 0 0 0 0
GPRESSURE: 3100 0 0 0 0 0 0 0 0 0
PRESSAVG: 3100 0 0 0 0 0 0 0 0 0
GPRESSAVG: 3100 0 0 0 0 0 0 0 0 0
ENERGY:    3100      1087.2343      1669.2379      2081.7652       150.7775            -42.4593      -777.4793         0.0000      2892.1128      3016.5520          10077.7411       302.9029      7061.1891     10100.5508       300.2428

PRESSURE: 3200 0 0 0 0 0 0 0 0 0
GPRESSURE: 3200 0 0 0 0 0 0 0 0 0
PRESSAVG: 3200 0 0 0 0 0 0 0 0 0
GPRESSAVG: 3200 0 0 0 0 0 0 0 0 0
ENERGY:    3200      1062.0796      1684.2026      2057.2534       164.0994            -42.2308      -771.1776         0.0000      2883.7095      3050.9217          10088.8579       306.3541      7037.9362     10115.7507       298.9562

PRESSURE: 3300 0 0 0 0 0 0 0 0 0
GPRESSURE: 3300 0 0 0 0 0 0 0 0 0
PRESSAVG: 3300 0 0 0 0 0 0 0 0 0
GPRESSAVG: 3300 0 0 0 0 0 0 0 0 0
ENERGY:    3300      1062.4448      1688.6672      2091.8087       155.2841            -41.7065      -751.3713         0.0000      2886.1169      3025.6698          10116.9136       303.8185      7091.2438     10143.8304       301.9695

PRESSURE: 3400 0 0 0 0 0 0 0 0 0
GPRESSURE: 3400 0 0 0 0 0 0 0 0 0
PRESSAVG: 3400 0 0 0 0 0 0 0 0 0
GPRESSAVG: 3400 0 0 0 0 0 0 0 0 0
ENERGY:    3400      1089.9344      1718.5609      2095.0739       163.5383            -41.2023      -790.2326         0.0000      2888.4854      3000.5983          10124.7563       301.3010      7124.1579     10150.7041       301.4872

PRESSURE: 3500 0 0 0 0 0 0 0 0 0
GPRESSURE: 3500 0 0 0 0 0 0 0 0 0
PRESSAVG: 3500 0 0 0 0 0 0 0 0 0
GPRESSAVG: 3500 0 0 0 0 0 0 0 0 0
ENERGY:    3500      1063.4440      1700.0051      2098.3973       159.6687            -40.9155      -759.0530         0.0000      2877.1009      3032.4322          10131.0797       304.4975      7098.6475     10158.3543       303.4759

PRESSURE: 3600 0 0 0 0 0 0 0 0 0
GPRESSURE: 3600 0 0 0 0 0 0 0 0 0
PRESSAVG: 3600 0 0 0 0 0 0 0 0 0
GPRESSAVG: 3600 0 0 0 0 0 0 0 0 0
ENERGY:    3600      1067.1621      1652.7243      2121.3219       149.6317            -40.4414      -780.5253         0.0000      2874.3862      3076.7466          10121.0060       308.9473      7044.2594     10147.8597       302.0132

PRESSURE: 3700 0 0 0 0 0 0 0 0 0
GPRESSURE: 3700 0 0 0 0 0 0 0 0 0
PRESSAVG: 3700 0 0 0 0 0 0 0 0 0
GPRESSAVG: 3700 0 0 0 0 0 0 0 0 0
ENERGY:    3700      1118.4906      1694.6886      2109.0070       145.0047            -40.0135      -800.8589         0.0000      2873.9783      2979.0910          10079.3877       299.1413      7100.2967     10102.1896       301.3350

PRESSURE: 3800 0 0 0 0 0 0 0 0 0
GPRESSURE: 3800 0 0 0 0 0 0 0 0 0
PRESSAVG: 3800 0 0 0 0 0 0 0 0 0
GPRESSAVG: 3800 0 0 0 0 0 0 0 0 0
ENERGY:    3800      1107.7936      1701.1349      2103.8788       151.1799            -40.9579      -764.6173         0.0000      2870.0569      2952.4954          10080.9643       296.4708      7128.4689     10104.9978       299.4025

PRESSURE: 3900 0 0 0 0 0 0 0 0 0
GPRESSURE: 3900 0 0 0 0 0 0 0 0 0
PRESSAVG: 3900 0 0 0 0 0 0 0 0 0
GPRESSAVG: 3900 0 0 0 0 0 0 0 0 0
ENERGY:    3900      1140.3318      1649.2644      2062.7381       154.4589            -40.7131      -780.2832         0.0000      2856.2571      3018.6880          10060.7422       303.1174      7042.0542     10085.0875       302.0906

WRITING COORDINATES TO DCD FILE adk-step1.dcd AT STEP 4000
WRITING COORDINATES TO RESTART FILE AT STEP 4000
FINISHED WRITING RESTART COORDINATES
The last position output (seq=4000) takes 0.003 seconds, 1066.188 MB of memory in use
PRESSURE: 4000 0 0 0 0 0 0 0 0 0
GPRESSURE: 4000 0 0 0 0 0 0 0 0 0
PRESSAVG: 4000 0 0 0 0 0 0 0 0 0
GPRESSAVG: 4000 0 0 0 0 0 0 0 0 0
TIMING: 4000  CPU: 0.78391, 0.00019151/step  Wall: 4.08539, 0.000937654/step, 0.00026046 hours remaining, 1066.187500 MB of memory in use.
ETITLE:      TS           BOND          ANGLE          DIHED          IMPRP               ELECT            VDW       BOUNDARY           MISC        KINETIC               TOTAL           TEMP      POTENTIAL         TOTAL3        TEMPAVG

ENERGY:    4000      1078.0003      1755.3786      2055.1766       163.6465            -40.3235      -816.7013         0.0000      2845.1245      3072.8312          10113.1328       308.5541      7040.3016     10138.6724       302.4199

WRITING EXTENDED SYSTEM TO RESTART FILE AT STEP 4000
WRITING VELOCITIES TO RESTART FILE AT STEP 4000
FINISHED WRITING RESTART VELOCITIES
The last velocity output (seq=4000) takes 0.002 seconds, 1066.188 MB of memory in use
PRESSURE: 4100 0 0 0 0 0 0 0 0 0
GPRESSURE: 4100 0 0 0 0 0 0 0 0 0
PRESSAVG: 4100 0 0 0 0 0 0 0 0 0
GPRESSAVG: 4100 0 0 0 0 0 0 0 0 0
ENERGY:    4100      1093.3572      1717.1039      2082.4547       153.0518            -41.3312      -771.0858         0.0000      2829.5886      3005.9577          10069.0969       301.8391      7063.1392     10096.0476       304.9663

PRESSURE: 4200 0 0 0 0 0 0 0 0 0
GPRESSURE: 4200 0 0 0 0 0 0 0 0 0
PRESSAVG: 4200 0 0 0 0 0 0 0 0 0
GPRESSAVG: 4200 0 0 0 0 0 0 0 0 0
ENERGY:    4200      1125.3619      1728.4357      2089.9370       160.4836            -41.2276      -787.6544         0.0000      2822.5492      2944.5473          10042.4326       295.6727      7097.8853     10069.6487       302.5570

LDB: ============= START OF LOAD BALANCING ============== 5.99908
LDB: ============== END OF LOAD BALANCING =============== 5.99931
Info: useSync: 0 useProxySync: 0
LDB: =============== DONE WITH MIGRATION ================ 5.99992
PRESSURE: 4300 0 0 0 0 0 0 0 0 0
GPRESSURE: 4300 0 0 0 0 0 0 0 0 0
PRESSAVG: 4300 0 0 0 0 0 0 0 0 0
GPRESSAVG: 4300 0 0 0 0 0 0 0 0 0
ENERGY:    4300      1130.1994      1691.2253      2080.0789       145.8296            -40.7409      -756.7346         0.0000      2823.5606      2972.1845          10045.6031       298.4478      7073.4186     10067.0946       299.4324

LDB: ============= START OF LOAD BALANCING ============== 6.09139
LDB: 12 computes have load of zero
LDB: Largest compute 814 load 0.011035 is 49.0% of average load 0.022503
LDB: Average compute 0.001732 is 7.7% of average load 0.022503
LDB: TIME 6.09297 LOAD: AVG 0.0225028 MAX 0.0405685  PROXIES: TOTAL 360 MAXPE 9 MAXPATCH 11 None MEM: 1066.19 MB
LDB: TIME 6.09376 LOAD: AVG 0.0225028 MAX 0.0405685  PROXIES: TOTAL 596 MAXPE 10 MAXPATCH 29 RefineTorusLB MEM: 1066.19 MB
LDB: TIME 6.09456 LOAD: AVG 0.0225028 MAX 0.0405685  PROXIES: TOTAL 589 MAXPE 10 MAXPATCH 32 RefineTorusLB MEM: 1066.19 MB
LDB: Reverting to original mapping
LDB: ============== END OF LOAD BALANCING =============== 6.09737
Info: build node-aware spanning tree with send: 1, recv: 0 with branch factor 4
Info: useSync: 0 useProxySync: 0
LDB: =============== DONE WITH MIGRATION ================ 6.10104
PRESSURE: 4400 0 0 0 0 0 0 0 0 0
GPRESSURE: 4400 0 0 0 0 0 0 0 0 0
PRESSAVG: 4400 0 0 0 0 0 0 0 0 0
GPRESSAVG: 4400 0 0 0 0 0 0 0 0 0
ENERGY:    4400      1136.1791      1713.1029      2094.6431       157.6225            -40.9193      -785.9258         0.0000      2816.8874      2946.5165          10038.1062       295.8704      7091.5897     10059.9876       299.4002

PRESSURE: 4500 0 0 0 0 0 0 0 0 0
GPRESSURE: 4500 0 0 0 0 0 0 0 0 0
PRESSAVG: 4500 0 0 0 0 0 0 0 0 0
GPRESSAVG: 4500 0 0 0 0 0 0 0 0 0
ENERGY:    4500      1092.3561      1646.1032      2081.2216       148.0828            -41.8031      -746.6370         0.0000      2801.3523      3045.3702          10026.0461       305.7967      6980.6759     10052.8550       301.9881

PRESSURE: 4600 0 0 0 0 0 0 0 0 0
GPRESSURE: 4600 0 0 0 0 0 0 0 0 0
PRESSAVG: 4600 0 0 0 0 0 0 0 0 0
GPRESSAVG: 4600 0 0 0 0 0 0 0 0 0
ENERGY:    4600      1091.2588      1707.1893      2090.2337       159.2511            -41.2848      -777.1946         0.0000      2794.1942      2984.6537          10008.3015       299.6999      7023.6478     10032.0098       300.9334

PRESSURE: 4700 0 0 0 0 0 0 0 0 0
GPRESSURE: 4700 0 0 0 0 0 0 0 0 0
PRESSAVG: 4700 0 0 0 0 0 0 0 0 0
GPRESSAVG: 4700 0 0 0 0 0 0 0 0 0
ENERGY:    4700      1106.9669      1675.6513      2076.1361       162.3327            -41.1866      -757.3725         0.0000      2779.9338      2986.0317           9988.4933       299.8383      7002.4616     10012.2564       300.2483

PRESSURE: 4800 0 0 0 0 0 0 0 0 0
GPRESSURE: 4800 0 0 0 0 0 0 0 0 0
PRESSAVG: 4800 0 0 0 0 0 0 0 0 0
GPRESSAVG: 4800 0 0 0 0 0 0 0 0 0
ENERGY:    4800      1097.1563      1709.1368      2074.5341       159.4853            -41.1986      -789.6199         0.0000      2791.2546      2951.1900           9951.9386       296.3397      7000.7486      9977.7286       298.4582

PRESSURE: 4900 0 0 0 0 0 0 0 0 0
GPRESSURE: 4900 0 0 0 0 0 0 0 0 0
PRESSAVG: 4900 0 0 0 0 0 0 0 0 0
GPRESSAVG: 4900 0 0 0 0 0 0 0 0 0
ENERGY:    4900      1111.5170      1682.9756      2069.2832       144.6938            -41.7628      -792.4839         0.0000      2795.2047      2988.9087           9958.3363       300.1272      6969.4276      9986.1527       299.2707

WRITING COORDINATES TO DCD FILE adk-step1.dcd AT STEP 5000
WRITING COORDINATES TO RESTART FILE AT STEP 5000
FINISHED WRITING RESTART COORDINATES
The last position output (seq=5000) takes 0.003 seconds, 1066.188 MB of memory in use
WRITING VELOCITIES TO RESTART FILE AT STEP 5000
FINISHED WRITING RESTART VELOCITIES
The last velocity output (seq=5000) takes 0.002 seconds, 1066.188 MB of memory in use
PRESSURE: 5000 0 0 0 0 0 0 0 0 0
GPRESSURE: 5000 0 0 0 0 0 0 0 0 0
PRESSAVG: 5000 0 0 0 0 0 0 0 0 0
GPRESSAVG: 5000 0 0 0 0 0 0 0 0 0
TIMING: 5000  CPU: 0.981046, 0.000197136/step  Wall: 4.95478, 0.000869394/step, 0 hours remaining, 1066.187500 MB of memory in use.
ETITLE:      TS           BOND          ANGLE          DIHED          IMPRP               ELECT            VDW       BOUNDARY           MISC        KINETIC               TOTAL           TEMP      POTENTIAL         TOTAL3        TEMPAVG

ENERGY:    5000      1099.0636      1731.8275      2043.5588       155.8219            -41.4016      -790.8874         0.0000      2785.4620      2978.0113           9961.4561       299.0329      6983.4447      9984.5210       299.9166

WRITING EXTENDED SYSTEM TO RESTART FILE AT STEP 5000
WRITING EXTENDED SYSTEM TO OUTPUT FILE AT STEP 5000
WRITING COORDINATES TO OUTPUT FILE AT STEP 5000
CLOSING COORDINATE DCD FILE adk-step1.dcd
The last position output (seq=-2) takes 0.003 seconds, 1066.188 MB of memory in use
WRITING VELOCITIES TO OUTPUT FILE AT STEP 5000
====================================================

WallClock: 6.613873  CPUTime: 2.118917  Memory: 1066.187500 MB
[Partition 0][Node 0] End of program
