0_6_cc.dat
/gpfs/alpine/bip115/scratch/hrlee/radical.pilot.sandbox/re.session.login1.hrlee.018632.0003/pilot.0000/staging_area/0_6_cc.dat
0, 6
Choosing optimized barrier algorithm name I0:HybridBinomial:SHMEM:P2P
Converse/Charm++ Commit ID: v6.10.2-0-g7bf00fa-namd-charm-6.10.2-build-2020-Aug-05-556
Warning> Randomization of virtual memory (ASLR) is turned on in the kernel, thread migration may not work! Run 'echo 0 > /proc/sys/kernel/randomize_va_space' as root to disable it, or try running with '+isomalloc_sync'.
CharmLB> Load balancer assumes all CPUs are same.
Charm++> Running on 1 hosts (1 sockets x 7 cores x 4 PUs = 28-way SMP)
Charm++> cpu topology info is gathered in 0.007 seconds.
Info: Built with CUDA version 10010
Did not find +devices i,j,k,... argument, using all
Pe 37 physical rank 37 will use CUDA device of pe 35
Pe 9 physical rank 9 will use CUDA device of pe 7
Pe 39 physical rank 39 will use CUDA device of pe 35
Pe 5 physical rank 5 will use CUDA device of pe 4
Pe 11 physical rank 11 will use CUDA device of pe 7
Pe 38 physical rank 38 will use CUDA device of pe 35
Pe 2 physical rank 2 will use CUDA device of pe 4
Pe 13 physical rank 13 will use CUDA device of pe 7
Pe 16 physical rank 16 will use CUDA device of pe 14
Pe 26 physical rank 26 will use CUDA device of pe 21
Pe 31 physical rank 31 will use CUDA device of pe 28
Pe 41 physical rank 41 will use CUDA device of pe 35
Pe 3 physical rank 3 will use CUDA device of pe 4
Pe 12 physical rank 12 will use CUDA device of pe 7
Pe 17 physical rank 17 will use CUDA device of pe 14
Pe 27 physical rank 27 will use CUDA device of pe 21
Pe 32 physical rank 32 will use CUDA device of pe 28
Pe 6 physical rank 6 will use CUDA device of pe 4
Pe 10 physical rank 10 will use CUDA device of pe 7
Pe 20 physical rank 20 will use CUDA device of pe 14
Pe 24 physical rank 24 will use CUDA device of pe 21
Pe 30 physical rank 30 will use CUDA device of pe 28
Pe 19 physical rank 19 will use CUDA device of pe 14
Pe 23 physical rank 23 will use CUDA device of pe 21
Pe 33 physical rank 33 will use CUDA device of pe 28
Pe 18 physical rank 18 will use CUDA device of pe 14
Pe 22 physical rank 22 will use CUDA device of pe 21
Pe 29 physical rank 29 will use CUDA device of pe 28
Pe 40 physical rank 40 will use CUDA device of pe 35
Pe 8 physical rank 8 will use CUDA device of pe 7
Pe 15 physical rank 15 will use CUDA device of pe 14
Pe 25 physical rank 25 will use CUDA device of pe 21
Pe 34 physical rank 34 will use CUDA device of pe 28
Pe 36 physical rank 36 will use CUDA device of pe 35
Pe 1 physical rank 1 will use CUDA device of pe 4
Pe 0 physical rank 0 will use CUDA device of pe 4
Pe 4 physical rank 4 binding to CUDA device 0 on h23n11: 'Tesla V100-SXM2-16GB'  Mem: 16128MB  Rev: 7.0  PCI: 4:4:0
Pe 7 physical rank 7 binding to CUDA device 0 on h23n11: 'Tesla V100-SXM2-16GB'  Mem: 16128MB  Rev: 7.0  PCI: 4:5:0
Pe 14 physical rank 14 binding to CUDA device 0 on h23n11: 'Tesla V100-SXM2-16GB'  Mem: 16128MB  Rev: 7.0  PCI: 4:6:0
Pe 21 physical rank 21 binding to CUDA device 0 on h23n11: 'Tesla V100-SXM2-16GB'  Mem: 16128MB  Rev: 7.0  PCI: 35:3:0
Pe 28 physical rank 28 binding to CUDA device 0 on h23n11: 'Tesla V100-SXM2-16GB'  Mem: 16128MB  Rev: 7.0  PCI: 35:4:0
Pe 35 physical rank 35 binding to CUDA device 0 on h23n11: 'Tesla V100-SXM2-16GB'  Mem: 16128MB  Rev: 7.0  PCI: 35:5:0
Info: NAMD 2.14 for Linux-POWER-pami-smp-Summit-CUDA
Info: 
Info: Please visit http://www.ks.uiuc.edu/Research/namd/
Info: for updates, documentation, and support information.
Info: 
Info: Please cite Phillips et al., J. Chem. Phys. 153:044130 (2020) doi:10.1063/5.0014475
Info: in all publications reporting results obtained with NAMD.
Info: 
Info: Based on Charm++/Converse 61002 for pami-linux-ppc64le-smp
Info: Built Wed Aug 5 14:28:51 EDT 2020 by jimp on login2
Info: 1 NAMD  2.14  Linux-POWER-pami-smp-Summit-CUDA  42    h23n11  hrlee
Info: Running on 42 processors, 6 nodes, 1 physical nodes.
Info: CPU topology information available.
Info: Charm++/Converse parallel runtime startup completed at 1.35509 s
CkLoopLib is used in SMP with simple dynamic scheduling (converse-level notification)
Info: 791.75 MB of memory in use based on /proc/self/stat
Info: Configuration file is adk-step1.namd
Info: Working in the current directory /gpfs/alpine/bip115/scratch/hrlee/radical.pilot.sandbox/re.session.login1.hrlee.018632.0003/pilot.0000/unit.000495
TCL: Suspending until startup complete.
Info: SIMULATION PARAMETERS:
Info: TIMESTEP               1
Info: NUMBER OF STEPS        0
Info: STEPS PER CYCLE        20
Info: LOAD BALANCER  Centralized
Info: LOAD BALANCING STRATEGY  New Load Balancers -- DEFAULT
Info: LDB PERIOD             4000 steps
Info: FIRST LDB TIMESTEP     100
Info: LAST LDB TIMESTEP     -1
Info: LDB BACKGROUND SCALING 1
Info: HOM BACKGROUND SCALING 1
Info: MIN ATOMS PER PATCH    40
Info: VELOCITY FILE          0_6_adk-step1.restart.vel
Info: CENTER OF MASS MOVING INITIALLY? NO
Info: DIELECTRIC             80
Info: EXCLUDE                SCALED ONE-FOUR
Info: 1-4 ELECTROSTATICS SCALED BY 1
Info: MODIFIED 1-4 VDW PARAMETERS WILL BE USED
Info: DCD FILENAME           adk-step1.dcd
Info: DCD FREQUENCY          1000
Info: DCD FIRST STEP         1000
Info: NO EXTENDED SYSTEM TRAJECTORY OUTPUT
Info: NO VELOCITY DCD OUTPUT
Info: NO FORCE DCD OUTPUT
Info: OUTPUT FILENAME        adk-step1
Info: BINARY OUTPUT FILES WILL BE USED
Info: RESTART FILENAME       adk-step1.restart
Info: RESTART FREQUENCY      1000
Info: BINARY RESTART FILES WILL BE USED
Info: SWITCHING ACTIVE
Info: SWITCHING ON           9
Info: SWITCHING OFF          10
Info: PAIRLIST DISTANCE      11
Info: PAIRLIST SHRINK RATE   0.01
Info: PAIRLIST GROW RATE     0.01
Info: PAIRLIST TRIGGER       0.3
Info: PAIRLISTS PER CYCLE    2
Info: PAIRLISTS ENABLED
Info: MARGIN                 0
Info: HYDROGEN GROUP CUTOFF  2.5
Info: PATCH DIMENSION        13.5
Info: ENERGY OUTPUT STEPS    100
Info: CROSSTERM ENERGY INCLUDED IN DIHEDRAL
Info: TIMING OUTPUT STEPS    1000
Info: PRESSURE OUTPUT STEPS  100
Info: GRID FORCE ACTIVE
Info:  Please include this reference in published work using
Info:  the Gridforce module of NAMD: David Wells, Volha Abramkina,
Info:  and Aleksei Aksimentiev, J. Chem. Phys. 127:125101-10 (2007).
Info: MGRIDFORCE key 0
Info:            Potfile 4ake-target_autopsf-grid.dx
Info:            Scale 0.3 0.3 0.3
Info:            File 1ake-docked-noh_autopsf-grid.pdb
Info:            Col O
Info:            ChargeCol B
Info:            VOffset 0 0 0
Info:            Continuous K1 FALSE
Info:            Continuous K2 FALSE
Info:            Continuous K3 FALSE
Info:            Volts FALSE
Info:            Gridforce-Lite FALSE
Info:            Gridforce-CheckSize TRUE
Info: LANGEVIN DYNAMICS ACTIVE
Info: LANGEVIN TEMPERATURE   300
Info: LANGEVIN USING BBK INTEGRATOR
Info: LANGEVIN DAMPING COEFFICIENT IS 5 INVERSE PS
Info: LANGEVIN DYNAMICS NOT APPLIED TO HYDROGENS
Info: USING VERLET I (r-RESPA) MTS SCHEME.
Info: C1 SPLITTING OF LONG RANGE ELECTROSTATICS
Info: PLACING ATOMS IN PATCHES BY HYDROGEN GROUPS
Info: RIGID BONDS TO HYDROGEN : WATER
Info:         ERROR TOLERANCE : 1e-08
Info:          MAX ITERATIONS : 100
Info: RIGID WATER USING SETTLE ALGORITHM
Info: NONBONDED FORCES EVALUATED EVERY 2 STEPS
Info: RANDOM NUMBER SEED     1609822064
Info: USE HYDROGEN BONDS?    NO
Info: COORDINATE PDB         1ake-docked-noh_autopsf.pdb
Info: STRUCTURE FILE         1ake-docked-noh_autopsf.psf
Info: PARAMETER file: CHARMM format! 
Info: PARAMETERS             par_all36_prot.prm
Info: USING ARITHMETIC MEAN TO COMBINE L-J SIGMA PARAMETERS
Info: BINARY COORDINATES     0_6_adk-step1.restart.coor
Info: SUMMARY OF PARAMETERS:
Info: 132 BONDS
Info: 362 ANGLES
Info: 702 DIHEDRAL
Info: 35 IMPROPER
Info: 6 CROSSTERM
Info: 53 VDW
Info: 0 VDW_PAIRS
Info: 0 NBTHOLE_PAIRS
Info: TIME FOR READING PSF FILE: 0.423955
Info: READING EXTRA BONDS FILE 1ake-extrabonds.txt
Info: READING EXTRA BONDS FILE 1ake-extrabonds-cispeptide.txt
Info: READING EXTRA BONDS FILE 1ake-extrabonds-chirality.txt
Info: READ 80 EXTRA BONDS
Info: READ 80 EXTRA ANGLES
Warning: EXTRA ANGLES ARE COSINE-BASED BY DEFAULT TO MATCH PREVIOUS VERSIONS
Warning: FOR NORMAL HARMONIC EXTRA ANGLES SET extraBondsCosAngles off
Info: READ 493 EXTRA DIHEDRALS
Info: READ 438 EXTRA IMPROPERS
Info: Reading pdb file 1ake-docked-noh_autopsf.pdb
Info: TIME FOR READING PDB FILE: 0.104907
Info: 
Info: ****************************
Info: STRUCTURE SUMMARY:
Info: 3341 ATOMS
Info: 3445 BONDS
Info: 6203 ANGLES
Info: 9414 DIHEDRALS
Info: 1005 IMPROPERS
Info: 212 CROSSTERMS
Info: 0 EXCLUSIONS
Info: 0 RIGID BONDS
Info: 1 GRIDS ACTIVE
Info: 10023 DEGREES OF FREEDOM
Info: 1656 HYDROGEN GROUPS
Info: 4 ATOMS IN LARGEST HYDROGEN GROUP
Info: 1656 MIGRATION GROUPS
Info: 4 ATOMS IN LARGEST MIGRATION GROUP
Info: TOTAL MASS = 23582 amu
Info: TOTAL CHARGE = -4 e
Info: *****************************
Info: Reading from binary file 0_6_adk-step1.restart.coor
Info: 
Info: Entering startup at 2.26528 s, 798.875 MB of memory in use
Info: Startup phase 0 took 0.000214752 s, 799 MB of memory in use
Info: ADDED 18308 IMPLICIT EXCLUSIONS
Info: Startup phase 1 took 0.0103815 s, 799.125 MB of memory in use
Info: NONBONDED TABLE R-SQUARED SPACING: 0.0625
Info: NONBONDED TABLE SIZE: 705 POINTS
Info: ABSOLUTE IMPRECISION IN FAST TABLE ENERGY: 3.38813e-21 AT 9.89634
Info: RELATIVE IMPRECISION IN FAST TABLE ENERGY: 4.23384e-15 AT 9.94673
Info: ABSOLUTE IMPRECISION IN FAST TABLE FORCE: 6.35275e-22 AT 9.94673
Info: RELATIVE IMPRECISION IN FAST TABLE FORCE: 5.07982e-16 AT 9.94673
Info: INCONSISTENCY IN FAST TABLE ENERGY VS FORCE: 0.000290185 AT 0.251946
Info: ABSOLUTE IMPRECISION IN VDWA TABLE ENERGY: 1.57772e-30 AT 9.89634
Info: RELATIVE IMPRECISION IN VDWA TABLE ENERGY: 4.54938e-15 AT 9.94673
Info: ABSOLUTE IMPRECISION IN VDWA TABLE FORCE: 5.91646e-31 AT 9.94673
Info: RELATIVE IMPRECISION IN VDWA TABLE FORCE: 5.6823e-16 AT 9.94673
Info: INCONSISTENCY IN VDWA TABLE ENERGY VS FORCE: 0.0040507 AT 0.251946
Info: ABSOLUTE IMPRECISION IN VDWB TABLE ENERGY: 4.71751e-25 AT 9.94673
Info: RELATIVE IMPRECISION IN VDWB TABLE ENERGY: 1.45371e-14 AT 9.94673
Info: ABSOLUTE IMPRECISION IN VDWB TABLE FORCE: 6.20385e-25 AT 9.94673
Info: RELATIVE IMPRECISION IN VDWB TABLE FORCE: 5.97512e-16 AT 9.94673
Info: INCONSISTENCY IN VDWB TABLE ENERGY VS FORCE: 0.00377068 AT 9.07951
Info: Startup phase 2 took 0.000539681 s, 800.25 MB of memory in use
Info: Startup phase 3 took 0.000193664 s, 800.25 MB of memory in use
Info: Startup phase 4 took 0.000270107 s, 800.375 MB of memory in use
Info: Startup phase 5 took 0.000181335 s, 800.375 MB of memory in use
Info: ORIGINAL ATOMS MINMAX IS -21.092 -33.1854 -34.488  17.0493 15.3619 15.3343
Info: ADJUSTED ATOMS MINMAX IS -16.783 -27.4652 -31.0339  11.7036 9.24028 7.88147
Info: PATCH GRID IS 5 BY 3 BY 3
Info: PATCH GRID IS 2-AWAY BY 1-AWAY BY 1-AWAY
Info: Reading from binary file 0_6_adk-step1.restart.vel
Info: REMOVING COM VELOCITY -0.037461 0.0370346 -0.0269215
Info: LARGEST PATCH (11) HAS 150 ATOMS
Info: TORUS A SIZE 1 USING 0
Info: TORUS B SIZE 1 USING 0
Info: TORUS C SIZE 1 USING 0
Info: TORUS MINIMAL MESH SIZE IS 1 BY 1 BY 1
Info: Placed 100% of base nodes on same physical node as patch
Info: Startup phase 6 took 0.0104915 s, 800.625 MB of memory in use
Info: Startup phase 7 took 0.000192612 s, 801.562 MB of memory in use
Info: Updated CUDA force table with 4096 elements.
Info: Updated CUDA force table with 4096 elements.
Info: Updated CUDA LJ table with 53 x 53 elements.
Info: Updated CUDA LJ table with 53 x 53 elements.
Info: Updated CUDA force table with 4096 elements.
Info: Updated CUDA LJ table with 53 x 53 elements.
Info: Updated CUDA force table with 4096 elements.
Info: Updated CUDA force table with 4096 elements.
Info: Updated CUDA LJ table with 53 x 53 elements.
Info: Updated CUDA LJ table with 53 x 53 elements.
Info: Updated CUDA force table with 4096 elements.
Info: Updated CUDA LJ table with 53 x 53 elements.
Info: Startup phase 8 took 0.00365662 s, 801.688 MB of memory in use
Info: Startup phase 9 took 0.000376791 s, 801.75 MB of memory in use
Info: Startup phase 10 took 0.000196584 s, 801.812 MB of memory in use
Info: Startup phase 11 took 0.000835976 s, 802 MB of memory in use
LDB: Central LB being created...
Info: Startup phase 12 took 0.00243083 s, 802.812 MB of memory in use
Info: CREATING 1139 COMPUTE OBJECTS
Info: Found 278 unique exclusion lists needing 900 bytes
Info: Found 278 unique exclusion lists needing 900 bytes
Info: Found 278 unique exclusion lists needing 900 bytes
Info: Found 278 unique exclusion lists needing 900 bytes
Info: Found 278 unique exclusion lists needing 900 bytes
Info: Found 278 unique exclusion lists needing 900 bytes
Info: Startup phase 13 took 0.0170624 s, 803.625 MB of memory in use
Info: Building spanning tree ... send: 1 recv: 0 with branch factor 4
Info: useSync: 0 useProxySync: 0
Info: Startup phase 14 took 0.000258695 s, 803.812 MB of memory in use
Info: Startup phase 15 took 0.000240184 s, 803.938 MB of memory in use
Info: Finished startup at 2.3128 s, 804.125 MB of memory in use

TCL: Running for 5000 steps
PRESSURE: 0 0 0 0 0 0 0 0 0 0
GPRESSURE: 0 0 0 0 0 0 0 0 0 0
ETITLE:      TS           BOND          ANGLE          DIHED          IMPRP               ELECT            VDW       BOUNDARY           MISC        KINETIC               TOTAL           TEMP      POTENTIAL         TOTAL3        TEMPAVG

ENERGY:       0      1119.0831      1698.9184      2098.2139       149.4649            -39.6320      -790.2538         0.0000      4075.5100      2932.1944          11243.4989       294.4323      8311.3045     11268.6304       294.4323

LDB: ============= START OF LOAD BALANCING ============== 2.32666
LDB: ============== END OF LOAD BALANCING =============== 2.32672
Info: useSync: 0 useProxySync: 0
LDB: =============== DONE WITH MIGRATION ================ 2.32683
LDB: ============= START OF LOAD BALANCING ============== 2.37413
LDB: Partitioning computes with target load 0.000000
LDB: Increased migratable compute count from 0 to 0
LDB: Largest unpartitionable compute is 0.000000
LDB: ============== END OF LOAD BALANCING =============== 2.37443
Info: build node-aware spanning tree with send: 1, recv: 0 with branch factor 4
Info: useSync: 0 useProxySync: 0
LDB: =============== DONE WITH MIGRATION ================ 2.37533
PRESSURE: 100 0 0 0 0 0 0 0 0 0
GPRESSURE: 100 0 0 0 0 0 0 0 0 0
PRESSAVG: 100 0 0 0 0 0 0 0 0 0
GPRESSAVG: 100 0 0 0 0 0 0 0 0 0
Info: Initial time: 42 CPUs 0.000590352 s/step 0.00683278 days/ns 827.375 MB memory
ENERGY:     100      1094.4668      1684.3941      2117.5112       143.2324            -39.9905      -802.0696         0.0000      4075.3988      2979.1567          11252.1000       299.1479      8272.9433     11278.1165       299.1007

LDB: ============= START OF LOAD BALANCING ============== 2.38701
LDB: ============== END OF LOAD BALANCING =============== 2.38705
Info: useSync: 0 useProxySync: 0
LDB: =============== DONE WITH MIGRATION ================ 2.38714
LDB: ============= START OF LOAD BALANCING ============== 2.4333
LDB: TIME 2.43352 LOAD: AVG 0.0140221 MAX 0.0333034  PROXIES: TOTAL 173 MAXPE 7 MAXPATCH 7 None MEM: 828.75 MB
LDB: TIME 2.43373 LOAD: AVG 0.0140221 MAX 0.0333034  PROXIES: TOTAL 173 MAXPE 7 MAXPATCH 7 TorusLB MEM: 828.875 MB
LDB: ============== END OF LOAD BALANCING =============== 2.43396
Info: build node-aware spanning tree with send: 1, recv: 0 with branch factor 4
Info: useSync: 0 useProxySync: 0
LDB: =============== DONE WITH MIGRATION ================ 2.43476
PRESSURE: 200 0 0 0 0 0 0 0 0 0
GPRESSURE: 200 0 0 0 0 0 0 0 0 0
PRESSAVG: 200 0 0 0 0 0 0 0 0 0
GPRESSAVG: 200 0 0 0 0 0 0 0 0 0
Info: Initial time: 42 CPUs 0.000576601 s/step 0.00667362 days/ns 828.875 MB memory
ENERGY:     200      1104.8459      1715.1530      2076.7418       149.7206            -39.7196      -804.0225         0.0000      4081.3075      2925.6023          11209.6289       293.7703      8284.0267     11233.5357       297.5802

LDB: ============= START OF LOAD BALANCING ============== 2.49323
LDB: TIME 2.49343 LOAD: AVG 0.0175204 MAX 0.0418798  PROXIES: TOTAL 173 MAXPE 7 MAXPATCH 7 None MEM: 829.812 MB
LDB: TIME 2.49357 LOAD: AVG 0.0175204 MAX 0.0418798  PROXIES: TOTAL 173 MAXPE 7 MAXPATCH 7 RefineTorusLB MEM: 829.812 MB
LDB: TIME 2.49371 LOAD: AVG 0.0175204 MAX 0.0418798  PROXIES: TOTAL 173 MAXPE 7 MAXPATCH 7 RefineTorusLB MEM: 829.812 MB
LDB: Reverting to original mapping
LDB: ============== END OF LOAD BALANCING =============== 2.49393
Info: build node-aware spanning tree with send: 1, recv: 0 with branch factor 4
Info: useSync: 0 useProxySync: 0
LDB: =============== DONE WITH MIGRATION ================ 2.49474
PRESSURE: 300 0 0 0 0 0 0 0 0 0
GPRESSURE: 300 0 0 0 0 0 0 0 0 0
PRESSAVG: 300 0 0 0 0 0 0 0 0 0
GPRESSAVG: 300 0 0 0 0 0 0 0 0 0
Info: Initial time: 42 CPUs 0.000583241 s/step 0.00675047 days/ns 829.812 MB memory
ENERGY:     300      1102.4460      1691.8503      2080.8462       175.5678            -39.3738      -792.7114         0.0000      4087.1763      2993.8514          11299.6528       300.6235      8305.8014     11323.2769       299.3112

LDB: ============= START OF LOAD BALANCING ============== 2.55234
LDB: TIME 2.55256 LOAD: AVG 0.0175132 MAX 0.0415186  PROXIES: TOTAL 173 MAXPE 7 MAXPATCH 7 None MEM: 830.75 MB
LDB: TIME 2.55272 LOAD: AVG 0.0175132 MAX 0.0415186  PROXIES: TOTAL 173 MAXPE 7 MAXPATCH 7 RefineTorusLB MEM: 830.75 MB
LDB: TIME 2.55286 LOAD: AVG 0.0175132 MAX 0.0415186  PROXIES: TOTAL 173 MAXPE 7 MAXPATCH 7 RefineTorusLB MEM: 830.75 MB
LDB: ============== END OF LOAD BALANCING =============== 2.55309
Info: build node-aware spanning tree with send: 1, recv: 0 with branch factor 4
Info: useSync: 0 useProxySync: 0
LDB: =============== DONE WITH MIGRATION ================ 2.5539
PRESSURE: 400 0 0 0 0 0 0 0 0 0
GPRESSURE: 400 0 0 0 0 0 0 0 0 0
PRESSAVG: 400 0 0 0 0 0 0 0 0 0
GPRESSAVG: 400 0 0 0 0 0 0 0 0 0
Info: Benchmark time: 42 CPUs 0.000574447 s/step 0.00664869 days/ns 830.75 MB memory
ENERGY:     400      1108.6217      1655.5041      2080.1750       149.3953            -38.9561      -782.8027         0.0000      4085.0761      2975.9926          11233.0060       298.8302      8257.0134     11256.2828       299.8565

PRESSURE: 500 0 0 0 0 0 0 0 0 0
GPRESSURE: 500 0 0 0 0 0 0 0 0 0
PRESSAVG: 500 0 0 0 0 0 0 0 0 0
GPRESSAVG: 500 0 0 0 0 0 0 0 0 0
Info: Benchmark time: 42 CPUs 0.000566527 s/step 0.00655703 days/ns 831.5 MB memory
ENERGY:     500      1095.8461      1719.1655      2102.6991       166.1213            -39.1641      -836.4557         0.0000      4085.2708      2939.6098          11233.0928       295.1769      8293.4830     11254.3442       297.4554

PRESSURE: 600 0 0 0 0 0 0 0 0 0
GPRESSURE: 600 0 0 0 0 0 0 0 0 0
PRESSAVG: 600 0 0 0 0 0 0 0 0 0
GPRESSAVG: 600 0 0 0 0 0 0 0 0 0
Info: Benchmark time: 42 CPUs 0.000567237 s/step 0.00656524 days/ns 831.5 MB memory
ENERGY:     600      1075.1193      1677.9305      2100.9653       153.9738            -39.7875      -756.4391         0.0000      4072.7415      2937.8279          11222.3316       294.9980      8284.5037     11249.7910       296.7196

PRESSURE: 700 0 0 0 0 0 0 0 0 0
GPRESSURE: 700 0 0 0 0 0 0 0 0 0
PRESSAVG: 700 0 0 0 0 0 0 0 0 0
GPRESSAVG: 700 0 0 0 0 0 0 0 0 0
Info: Benchmark time: 42 CPUs 0.000562721 s/step 0.00651298 days/ns 831.5 MB memory
ENERGY:     700      1116.1457      1723.8146      2128.7366       150.6089            -40.4557      -811.5772         0.0000      4066.8873      2956.3926          11290.5528       296.8621      8334.1601     11316.0372       298.0035

PRESSURE: 800 0 0 0 0 0 0 0 0 0
GPRESSURE: 800 0 0 0 0 0 0 0 0 0
PRESSAVG: 800 0 0 0 0 0 0 0 0 0
GPRESSAVG: 800 0 0 0 0 0 0 0 0 0
Info: Benchmark time: 42 CPUs 0.000535822 s/step 0.00620165 days/ns 831.5 MB memory
ENERGY:     800      1168.3618      1691.5567      2126.5677       170.8070            -41.0001      -817.5490         0.0000      4075.5839      2924.0306          11298.3586       293.6125      8374.3281     11322.2925       298.2375

PRESSURE: 900 0 0 0 0 0 0 0 0 0
GPRESSURE: 900 0 0 0 0 0 0 0 0 0
PRESSAVG: 900 0 0 0 0 0 0 0 0 0
GPRESSAVG: 900 0 0 0 0 0 0 0 0 0
Info: Benchmark time: 42 CPUs 0.000559585 s/step 0.00647667 days/ns 831.5 MB memory
ENERGY:     900      1131.8019      1687.9157      2099.1732       149.8666            -40.2409      -824.3458         0.0000      4082.8895      3054.7371          11341.7972       306.7372      8287.0601     11367.8638       301.9444

PRESSURE: 1000 0 0 0 0 0 0 0 0 0
GPRESSURE: 1000 0 0 0 0 0 0 0 0 0
PRESSAVG: 1000 0 0 0 0 0 0 0 0 0
GPRESSAVG: 1000 0 0 0 0 0 0 0 0 0
TIMING: 1000  CPU: 0.59542, 0.00057657/step  Wall: 0.596208, 0.000575331/step, 0.000639256 hours remaining, 831.500000 MB of memory in use.
ETITLE:      TS           BOND          ANGLE          DIHED          IMPRP               ELECT            VDW       BOUNDARY           MISC        KINETIC               TOTAL           TEMP      POTENTIAL         TOTAL3        TEMPAVG

ENERGY:    1000      1129.2017      1742.6810      2109.0494       148.4902            -40.3632      -834.9740         0.0000      4090.9955      3011.9613          11357.0420       302.4420      8345.0807     11383.2092       303.4080

WRITING EXTENDED SYSTEM TO RESTART FILE AT STEP 1000
WRITING VELOCITIES TO RESTART FILE AT STEP 1000
FINISHED WRITING RESTART VELOCITIES
The last velocity output (seq=1000) takes 0.002 seconds, 831.625 MB of memory in use
OPENING COORDINATE DCD FILE
WRITING COORDINATES TO DCD FILE adk-step1.dcd AT STEP 1000
WRITING COORDINATES TO RESTART FILE AT STEP 1000
FINISHED WRITING RESTART COORDINATES
The last position output (seq=1000) takes 0.004 seconds, 831.625 MB of memory in use
PRESSURE: 1100 0 0 0 0 0 0 0 0 0
GPRESSURE: 1100 0 0 0 0 0 0 0 0 0
PRESSAVG: 1100 0 0 0 0 0 0 0 0 0
GPRESSAVG: 1100 0 0 0 0 0 0 0 0 0
ENERGY:    1100      1148.2586      1690.2512      2084.8496       155.1107            -41.1702      -786.4896         0.0000      4089.0911      3009.9333          11349.8346       302.2383      8339.9014     11376.7504       303.2225

PRESSURE: 1200 0 0 0 0 0 0 0 0 0
GPRESSURE: 1200 0 0 0 0 0 0 0 0 0
PRESSAVG: 1200 0 0 0 0 0 0 0 0 0
GPRESSAVG: 1200 0 0 0 0 0 0 0 0 0
ENERGY:    1200      1148.3199      1714.1150      2043.7056       161.1174            -41.4378      -769.4682         0.0000      4094.1395      2974.8512          11325.3425       298.7156      8350.4913     11351.1931       302.8085

PRESSURE: 1300 0 0 0 0 0 0 0 0 0
GPRESSURE: 1300 0 0 0 0 0 0 0 0 0
PRESSAVG: 1300 0 0 0 0 0 0 0 0 0
GPRESSAVG: 1300 0 0 0 0 0 0 0 0 0
ENERGY:    1300      1130.2437      1707.6025      2070.8904       158.5219            -41.5321      -836.6643         0.0000      4093.1595      2954.7760          11236.9975       296.6998      8282.2216     11258.6753       299.5438

PRESSURE: 1400 0 0 0 0 0 0 0 0 0
GPRESSURE: 1400 0 0 0 0 0 0 0 0 0
PRESSAVG: 1400 0 0 0 0 0 0 0 0 0
GPRESSAVG: 1400 0 0 0 0 0 0 0 0 0
ENERGY:    1400      1096.4758      1735.1292      2058.6478       145.5576            -41.7931      -806.0027         0.0000      4092.0336      2984.2968          11264.3450       299.6641      8280.0482     11292.0939       298.3871

PRESSURE: 1500 0 0 0 0 0 0 0 0 0
GPRESSURE: 1500 0 0 0 0 0 0 0 0 0
PRESSAVG: 1500 0 0 0 0 0 0 0 0 0
GPRESSAVG: 1500 0 0 0 0 0 0 0 0 0
ENERGY:    1500      1085.1710      1697.1172      2088.6921       160.2202            -41.7955      -851.2976         0.0000      4100.9516      2925.5586          11164.6176       293.7660      8239.0590     11185.4291       294.5887

PRESSURE: 1600 0 0 0 0 0 0 0 0 0
GPRESSURE: 1600 0 0 0 0 0 0 0 0 0
PRESSAVG: 1600 0 0 0 0 0 0 0 0 0
GPRESSAVG: 1600 0 0 0 0 0 0 0 0 0
ENERGY:    1600      1131.2924      1676.0098      2063.3171       141.2624            -40.8430      -785.0750         0.0000      4096.2230      2927.5184          11209.7051       293.9627      8282.1867     11231.4945       294.4514

PRESSURE: 1700 0 0 0 0 0 0 0 0 0
GPRESSURE: 1700 0 0 0 0 0 0 0 0 0
PRESSAVG: 1700 0 0 0 0 0 0 0 0 0
GPRESSAVG: 1700 0 0 0 0 0 0 0 0 0
ENERGY:    1700      1106.8001      1663.7901      2078.7473       154.2532            -41.2327      -779.9872         0.0000      4087.5973      2950.0606          11220.0287       296.2263      8269.9681     11243.0129       297.6550

PRESSURE: 1800 0 0 0 0 0 0 0 0 0
GPRESSURE: 1800 0 0 0 0 0 0 0 0 0
PRESSAVG: 1800 0 0 0 0 0 0 0 0 0
GPRESSAVG: 1800 0 0 0 0 0 0 0 0 0
ENERGY:    1800      1117.9529      1726.3038      2088.7996       158.4748            -40.7472      -812.1471         0.0000      4083.0037      2964.6524          11286.2929       297.6915      8321.6405     11311.4435       297.8954

PRESSURE: 1900 0 0 0 0 0 0 0 0 0
GPRESSURE: 1900 0 0 0 0 0 0 0 0 0
PRESSAVG: 1900 0 0 0 0 0 0 0 0 0
GPRESSAVG: 1900 0 0 0 0 0 0 0 0 0
ENERGY:    1900      1112.7718      1691.4400      2096.2610       156.6426            -41.7161      -785.1514         0.0000      4085.9516      2956.0008          11272.2003       296.8228      8316.1995     11294.6184       301.4742

PRESSURE: 2000 0 0 0 0 0 0 0 0 0
GPRESSURE: 2000 0 0 0 0 0 0 0 0 0
PRESSAVG: 2000 0 0 0 0 0 0 0 0 0
GPRESSAVG: 2000 0 0 0 0 0 0 0 0 0
TIMING: 2000  CPU: 1.1388, 0.000543383/step  Wall: 1.15223, 0.000556025/step, 0.000463354 hours remaining, 831.687500 MB of memory in use.
ETITLE:      TS           BOND          ANGLE          DIHED          IMPRP               ELECT            VDW       BOUNDARY           MISC        KINETIC               TOTAL           TEMP      POTENTIAL         TOTAL3        TEMPAVG

ENERGY:    2000      1143.3692      1704.2575      2068.8532       152.8810            -42.2887      -793.1796         0.0000      4084.7023      2974.1707          11292.7656       298.6473      8318.5949     11317.3168       299.7197

WRITING EXTENDED SYSTEM TO RESTART FILE AT STEP 2000
WRITING VELOCITIES TO RESTART FILE AT STEP 2000
FINISHED WRITING RESTART VELOCITIES
The last velocity output (seq=2000) takes 0.002 seconds, 831.688 MB of memory in use
WRITING COORDINATES TO DCD FILE adk-step1.dcd AT STEP 2000
WRITING COORDINATES TO RESTART FILE AT STEP 2000
FINISHED WRITING RESTART COORDINATES
The last position output (seq=2000) takes 0.003 seconds, 831.688 MB of memory in use
PRESSURE: 2100 0 0 0 0 0 0 0 0 0
GPRESSURE: 2100 0 0 0 0 0 0 0 0 0
PRESSAVG: 2100 0 0 0 0 0 0 0 0 0
GPRESSAVG: 2100 0 0 0 0 0 0 0 0 0
ENERGY:    2100      1072.0081      1723.1613      2066.9483       161.6783            -41.1263      -829.0121         0.0000      4090.1876      2976.2588          11220.1039       298.8569      8243.8452     11246.1302       297.4804

PRESSURE: 2200 0 0 0 0 0 0 0 0 0
GPRESSURE: 2200 0 0 0 0 0 0 0 0 0
PRESSAVG: 2200 0 0 0 0 0 0 0 0 0
GPRESSAVG: 2200 0 0 0 0 0 0 0 0 0
ENERGY:    2200      1101.3010      1672.6788      2055.8033       143.4852            -41.0454      -771.7356         0.0000      4096.6569      2952.8384          11209.9826       296.5052      8257.1442     11235.8353       294.9580

PRESSURE: 2300 0 0 0 0 0 0 0 0 0
GPRESSURE: 2300 0 0 0 0 0 0 0 0 0
PRESSAVG: 2300 0 0 0 0 0 0 0 0 0
GPRESSAVG: 2300 0 0 0 0 0 0 0 0 0
ENERGY:    2300      1124.8686      1734.4377      2087.5404       151.2174            -41.4955      -812.2835         0.0000      4094.0203      2981.5125          11319.8179       299.3845      8338.3053     11341.8139       298.5440

PRESSURE: 2400 0 0 0 0 0 0 0 0 0
GPRESSURE: 2400 0 0 0 0 0 0 0 0 0
PRESSAVG: 2400 0 0 0 0 0 0 0 0 0
GPRESSAVG: 2400 0 0 0 0 0 0 0 0 0
ENERGY:    2400      1083.4618      1698.4999      2054.7023       148.3746            -40.3927      -781.6112         0.0000      4081.3156      3038.7596          11283.1098       305.1329      8244.3503     11307.7956       300.6871

PRESSURE: 2500 0 0 0 0 0 0 0 0 0
GPRESSURE: 2500 0 0 0 0 0 0 0 0 0
PRESSAVG: 2500 0 0 0 0 0 0 0 0 0
GPRESSAVG: 2500 0 0 0 0 0 0 0 0 0
ENERGY:    2500      1122.5799      1717.0068      2057.5504       157.2973            -40.5193      -816.8625         0.0000      4082.4303      2978.8597          11258.3426       299.1181      8279.4829     11282.6755       300.0569

PRESSURE: 2600 0 0 0 0 0 0 0 0 0
GPRESSURE: 2600 0 0 0 0 0 0 0 0 0
PRESSAVG: 2600 0 0 0 0 0 0 0 0 0
GPRESSAVG: 2600 0 0 0 0 0 0 0 0 0
ENERGY:    2600      1121.0364      1711.6786      2102.1537       158.6109            -40.7703      -850.8716         0.0000      4083.6122      2930.5358          11215.9856       294.2657      8285.4499     11239.5589       298.5773

PRESSURE: 2700 0 0 0 0 0 0 0 0 0
GPRESSURE: 2700 0 0 0 0 0 0 0 0 0
PRESSAVG: 2700 0 0 0 0 0 0 0 0 0
GPRESSAVG: 2700 0 0 0 0 0 0 0 0 0
ENERGY:    2700      1103.3287      1678.1723      2076.1324       156.0145            -41.5831      -791.4481         0.0000      4086.7596      3006.0037          11273.3800       301.8437      8267.3763     11295.4313       298.1402

PRESSURE: 2800 0 0 0 0 0 0 0 0 0
GPRESSURE: 2800 0 0 0 0 0 0 0 0 0
PRESSAVG: 2800 0 0 0 0 0 0 0 0 0
GPRESSAVG: 2800 0 0 0 0 0 0 0 0 0
ENERGY:    2800      1108.1615      1687.0947      2105.9784       158.4927            -41.4926      -798.6355         0.0000      4088.6573      2979.5329          11287.7894       299.1857      8308.2565     11312.7935       299.2854

PRESSURE: 2900 0 0 0 0 0 0 0 0 0
GPRESSURE: 2900 0 0 0 0 0 0 0 0 0
PRESSAVG: 2900 0 0 0 0 0 0 0 0 0
GPRESSAVG: 2900 0 0 0 0 0 0 0 0 0
ENERGY:    2900      1090.6173      1695.8340      2078.7244       151.6722            -41.5074      -816.3181         0.0000      4082.5145      3036.8867          11278.4236       304.9448      8241.5369     11302.4414       299.9770

WRITING COORDINATES TO DCD FILE adk-step1.dcd AT STEP 3000
WRITING COORDINATES TO RESTART FILE AT STEP 3000
FINISHED WRITING RESTART COORDINATES
The last position output (seq=3000) takes 0.004 seconds, 831.688 MB of memory in use
PRESSURE: 3000 0 0 0 0 0 0 0 0 0
GPRESSURE: 3000 0 0 0 0 0 0 0 0 0
PRESSAVG: 3000 0 0 0 0 0 0 0 0 0
GPRESSAVG: 3000 0 0 0 0 0 0 0 0 0
TIMING: 3000  CPU: 1.69024, 0.000551432/step  Wall: 1.7043, 0.000552066/step, 0.000306703 hours remaining, 831.687500 MB of memory in use.
ETITLE:      TS           BOND          ANGLE          DIHED          IMPRP               ELECT            VDW       BOUNDARY           MISC        KINETIC               TOTAL           TEMP      POTENTIAL         TOTAL3        TEMPAVG

ENERGY:    3000      1123.1136      1703.6739      2078.2456       141.8975            -41.2684      -774.3119         0.0000      4086.8185      2942.0922          11260.2611       295.4261      8318.1689     11284.5850       298.9665

WRITING EXTENDED SYSTEM TO RESTART FILE AT STEP 3000
WRITING VELOCITIES TO RESTART FILE AT STEP 3000
FINISHED WRITING RESTART VELOCITIES
The last velocity output (seq=3000) takes 0.002 seconds, 831.688 MB of memory in use
PRESSURE: 3100 0 0 0 0 0 0 0 0 0
GPRESSURE: 3100 0 0 0 0 0 0 0 0 0
PRESSAVG: 3100 0 0 0 0 0 0 0 0 0
GPRESSAVG: 3100 0 0 0 0 0 0 0 0 0
ENERGY:    3100      1096.0378      1721.5020      2101.3914       152.9051            -41.0133      -798.1979         0.0000      4097.2599      2965.4667          11295.3516       297.7733      8329.8849     11325.0663       298.7532

PRESSURE: 3200 0 0 0 0 0 0 0 0 0
GPRESSURE: 3200 0 0 0 0 0 0 0 0 0
PRESSAVG: 3200 0 0 0 0 0 0 0 0 0
GPRESSAVG: 3200 0 0 0 0 0 0 0 0 0
ENERGY:    3200      1076.1753      1710.2606      2091.8038       147.2008            -41.2656      -798.1112         0.0000      4098.8332      3015.4749          11300.3717       302.7948      8284.8968     11327.4106       300.7188

PRESSURE: 3300 0 0 0 0 0 0 0 0 0
GPRESSURE: 3300 0 0 0 0 0 0 0 0 0
PRESSAVG: 3300 0 0 0 0 0 0 0 0 0
GPRESSAVG: 3300 0 0 0 0 0 0 0 0 0
ENERGY:    3300      1095.9917      1754.9070      2089.8114       137.3423            -40.5534      -820.6057         0.0000      4103.9242      3026.8443          11347.6619       303.9364      8320.8175     11370.4061       302.0485

PRESSURE: 3400 0 0 0 0 0 0 0 0 0
GPRESSURE: 3400 0 0 0 0 0 0 0 0 0
PRESSAVG: 3400 0 0 0 0 0 0 0 0 0
GPRESSAVG: 3400 0 0 0 0 0 0 0 0 0
ENERGY:    3400      1040.5925      1668.7571      2110.8665       156.3815            -40.4472      -799.3362         0.0000      4089.2168      3077.0665          11303.0976       308.9794      8226.0311     11328.5580       302.5041

PRESSURE: 3500 0 0 0 0 0 0 0 0 0
GPRESSURE: 3500 0 0 0 0 0 0 0 0 0
PRESSAVG: 3500 0 0 0 0 0 0 0 0 0
GPRESSAVG: 3500 0 0 0 0 0 0 0 0 0
ENERGY:    3500      1112.1872      1744.9891      2105.0906       170.4801            -41.6476      -827.4733         0.0000      4078.2193      2972.6953          11314.5406       298.4991      8341.8453     11340.6624       298.8012

PRESSURE: 3600 0 0 0 0 0 0 0 0 0
GPRESSURE: 3600 0 0 0 0 0 0 0 0 0
PRESSAVG: 3600 0 0 0 0 0 0 0 0 0
GPRESSAVG: 3600 0 0 0 0 0 0 0 0 0
ENERGY:    3600      1123.2641      1733.5685      2106.0248       148.2551            -41.7000      -788.3827         0.0000      4081.8745      3027.0030          11389.9073       303.9524      8362.9043     11411.7583       304.0318

PRESSURE: 3700 0 0 0 0 0 0 0 0 0
GPRESSURE: 3700 0 0 0 0 0 0 0 0 0
PRESSAVG: 3700 0 0 0 0 0 0 0 0 0
GPRESSAVG: 3700 0 0 0 0 0 0 0 0 0
ENERGY:    3700      1142.7441      1717.0587      2101.8493       156.9288            -40.7697      -819.4716         0.0000      4094.7475      3058.3239          11411.4110       307.0974      8353.0871     11441.4218       306.4802

PRESSURE: 3800 0 0 0 0 0 0 0 0 0
GPRESSURE: 3800 0 0 0 0 0 0 0 0 0
PRESSAVG: 3800 0 0 0 0 0 0 0 0 0
GPRESSAVG: 3800 0 0 0 0 0 0 0 0 0
ENERGY:    3800      1132.0486      1695.5238      2084.5284       156.4935            -41.1003      -796.3467         0.0000      4093.6796      3069.9491          11394.7760       308.2647      8324.8269     11422.7063       305.1393

PRESSURE: 3900 0 0 0 0 0 0 0 0 0
GPRESSURE: 3900 0 0 0 0 0 0 0 0 0
PRESSAVG: 3900 0 0 0 0 0 0 0 0 0
GPRESSAVG: 3900 0 0 0 0 0 0 0 0 0
ENERGY:    3900      1120.9130      1734.4018      2100.3505       151.9592            -41.1024      -800.4016         0.0000      4093.0207      2957.5761          11316.7172       296.9809      8359.1412     11343.6114       304.0564

WRITING COORDINATES TO DCD FILE adk-step1.dcd AT STEP 4000
WRITING COORDINATES TO RESTART FILE AT STEP 4000
FINISHED WRITING RESTART COORDINATES
The last position output (seq=4000) takes 0.003 seconds, 831.688 MB of memory in use
PRESSURE: 4000 0 0 0 0 0 0 0 0 0
GPRESSURE: 4000 0 0 0 0 0 0 0 0 0
PRESSAVG: 4000 0 0 0 0 0 0 0 0 0
GPRESSAVG: 4000 0 0 0 0 0 0 0 0 0
TIMING: 4000  CPU: 2.22768, 0.000537446/step  Wall: 2.24638, 0.000542083/step, 0.000150579 hours remaining, 831.687500 MB of memory in use.
ETITLE:      TS           BOND          ANGLE          DIHED          IMPRP               ELECT            VDW       BOUNDARY           MISC        KINETIC               TOTAL           TEMP      POTENTIAL         TOTAL3        TEMPAVG

ENERGY:    4000      1117.3132      1669.5813      2087.3006       160.5550            -39.9482      -835.9924         0.0000      4092.2002      3015.4577          11266.4674       302.7930      8251.0096     11297.0037       298.2200

WRITING EXTENDED SYSTEM TO RESTART FILE AT STEP 4000
WRITING VELOCITIES TO RESTART FILE AT STEP 4000
FINISHED WRITING RESTART VELOCITIES
The last velocity output (seq=4000) takes 0.002 seconds, 831.688 MB of memory in use
PRESSURE: 4100 0 0 0 0 0 0 0 0 0
GPRESSURE: 4100 0 0 0 0 0 0 0 0 0
PRESSAVG: 4100 0 0 0 0 0 0 0 0 0
GPRESSAVG: 4100 0 0 0 0 0 0 0 0 0
ENERGY:    4100      1127.2145      1698.3995      2081.5362       154.6221            -39.4698      -795.2182         0.0000      4089.6626      2967.4394          11284.1863       297.9714      8316.7469     11308.0688       298.5550

PRESSURE: 4200 0 0 0 0 0 0 0 0 0
GPRESSURE: 4200 0 0 0 0 0 0 0 0 0
PRESSAVG: 4200 0 0 0 0 0 0 0 0 0
GPRESSAVG: 4200 0 0 0 0 0 0 0 0 0
ENERGY:    4200      1084.2177      1656.4577      2086.5426       158.2103            -40.0476      -755.9053         0.0000      4083.0199      2993.5467          11266.0419       300.5929      8272.4953     11292.9435       299.9453

LDB: ============= START OF LOAD BALANCING ============== 4.70606
LDB: ============== END OF LOAD BALANCING =============== 4.70612
Info: useSync: 0 useProxySync: 0
LDB: =============== DONE WITH MIGRATION ================ 4.70624
PRESSURE: 4300 0 0 0 0 0 0 0 0 0
GPRESSURE: 4300 0 0 0 0 0 0 0 0 0
PRESSAVG: 4300 0 0 0 0 0 0 0 0 0
GPRESSAVG: 4300 0 0 0 0 0 0 0 0 0
ENERGY:    4300      1129.7687      1681.4401      2086.0765       141.2102            -40.4363      -751.7546         0.0000      4084.2742      2954.9165          11285.4955       296.7139      8330.5790     11307.6993       300.7990

LDB: ============= START OF LOAD BALANCING ============== 4.76041
LDB: TIME 4.76064 LOAD: AVG 0.0152459 MAX 0.0402222  PROXIES: TOTAL 173 MAXPE 7 MAXPATCH 7 None MEM: 831.688 MB
LDB: TIME 4.76079 LOAD: AVG 0.0152459 MAX 0.0402222  PROXIES: TOTAL 173 MAXPE 7 MAXPATCH 7 RefineTorusLB MEM: 831.812 MB
LDB: TIME 4.76093 LOAD: AVG 0.0152459 MAX 0.0402222  PROXIES: TOTAL 173 MAXPE 7 MAXPATCH 7 RefineTorusLB MEM: 831.812 MB
LDB: ============== END OF LOAD BALANCING =============== 4.76116
Info: build node-aware spanning tree with send: 1, recv: 0 with branch factor 4
Info: useSync: 0 useProxySync: 0
LDB: =============== DONE WITH MIGRATION ================ 4.76198
PRESSURE: 4400 0 0 0 0 0 0 0 0 0
GPRESSURE: 4400 0 0 0 0 0 0 0 0 0
PRESSAVG: 4400 0 0 0 0 0 0 0 0 0
GPRESSAVG: 4400 0 0 0 0 0 0 0 0 0
ENERGY:    4400      1134.0519      1668.3054      2105.0891       158.8563            -40.0487      -791.7497         0.0000      4089.3055      2993.5324          11317.3421       300.5914      8323.8097     11339.8199       300.3302

PRESSURE: 4500 0 0 0 0 0 0 0 0 0
GPRESSURE: 4500 0 0 0 0 0 0 0 0 0
PRESSAVG: 4500 0 0 0 0 0 0 0 0 0
GPRESSAVG: 4500 0 0 0 0 0 0 0 0 0
ENERGY:    4500      1091.5736      1692.2710      2076.0632       164.1843            -41.3030      -783.4104         0.0000      4095.1982      2982.0941          11276.6710       299.4429      8294.5769     11298.9431       300.9283

PRESSURE: 4600 0 0 0 0 0 0 0 0 0
GPRESSURE: 4600 0 0 0 0 0 0 0 0 0
PRESSAVG: 4600 0 0 0 0 0 0 0 0 0
GPRESSAVG: 4600 0 0 0 0 0 0 0 0 0
ENERGY:    4600      1114.1581      1702.3009      2083.3731       156.0847            -41.8885      -805.0949         0.0000      4091.0675      3003.0420          11303.0429       301.5463      8300.0009     11326.5134       299.5033

PRESSURE: 4700 0 0 0 0 0 0 0 0 0
GPRESSURE: 4700 0 0 0 0 0 0 0 0 0
PRESSAVG: 4700 0 0 0 0 0 0 0 0 0
GPRESSAVG: 4700 0 0 0 0 0 0 0 0 0
ENERGY:    4700      1135.3053      1653.4790      2115.3380       167.1767            -41.0248      -797.4925         0.0000      4093.3074      2951.1337          11277.2228       296.3340      8326.0891     11302.5153       299.7781

PRESSURE: 4800 0 0 0 0 0 0 0 0 0
GPRESSURE: 4800 0 0 0 0 0 0 0 0 0
PRESSAVG: 4800 0 0 0 0 0 0 0 0 0
GPRESSAVG: 4800 0 0 0 0 0 0 0 0 0
ENERGY:    4800      1068.3099      1715.5829      2128.0118       154.0336            -40.9569      -815.9134         0.0000      4093.7164      2984.6397          11287.4241       299.6985      8302.7844     11311.2955       298.4382

PRESSURE: 4900 0 0 0 0 0 0 0 0 0
GPRESSURE: 4900 0 0 0 0 0 0 0 0 0
PRESSAVG: 4900 0 0 0 0 0 0 0 0 0
GPRESSAVG: 4900 0 0 0 0 0 0 0 0 0
ENERGY:    4900      1100.5706      1727.9879      2099.1243       163.7493            -40.4781      -808.6953         0.0000      4085.5949      3017.9000          11345.7538       303.0383      8327.8537     11366.9761       301.8562

PRESSURE: 5000 0 0 0 0 0 0 0 0 0
GPRESSURE: 5000 0 0 0 0 0 0 0 0 0
PRESSAVG: 5000 0 0 0 0 0 0 0 0 0
GPRESSAVG: 5000 0 0 0 0 0 0 0 0 0
TIMING: 5000  CPU: 2.76486, 0.000537184/step  Wall: 2.78831, 0.000541932/step, 0 hours remaining, 831.812500 MB of memory in use.
ETITLE:      TS           BOND          ANGLE          DIHED          IMPRP               ELECT            VDW       BOUNDARY           MISC        KINETIC               TOTAL           TEMP      POTENTIAL         TOTAL3        TEMPAVG

ENERGY:    5000      1108.6089      1686.5245      2112.8048       148.2264            -40.2097      -804.9145         0.0000      4091.3517      3052.8651          11355.2573       306.5493      8302.3922     11382.9325       301.9520

WRITING EXTENDED SYSTEM TO RESTART FILE AT STEP 5000
WRITING VELOCITIES TO RESTART FILE AT STEP 5000
FINISHED WRITING RESTART VELOCITIES
The last velocity output (seq=5000) takes 0.002 seconds, 832.438 MB of memory in use
WRITING COORDINATES TO DCD FILE adk-step1.dcd AT STEP 5000
WRITING COORDINATES TO RESTART FILE AT STEP 5000
FINISHED WRITING RESTART COORDINATES
The last position output (seq=5000) takes 0.002 seconds, 832.438 MB of memory in use
WRITING EXTENDED SYSTEM TO OUTPUT FILE AT STEP 5000
WRITING COORDINATES TO OUTPUT FILE AT STEP 5000
CLOSING COORDINATE DCD FILE adk-step1.dcd
The last position output (seq=-2) takes 0.004 seconds, 832.438 MB of memory in use
WRITING VELOCITIES TO OUTPUT FILE AT STEP 5000
====================================================

WallClock: 5.133369  CPUTime: 3.571152  Memory: 832.500000 MB
End of program
