7_15_cc.dat
/gpfs/alpine/bip115/scratch/hrlee/radical.pilot.sandbox/re.session.login1.hrlee.018632.0003/pilot.0000/staging_area/7_15_cc.dat
7, 15
Choosing optimized barrier algorithm name I0:HybridBinomial:SHMEM:P2P
Converse/Charm++ Commit ID: v6.10.2-0-g7bf00fa-namd-charm-6.10.2-build-2020-Aug-05-556
Warning> Randomization of virtual memory (ASLR) is turned on in the kernel, thread migration may not work! Run 'echo 0 > /proc/sys/kernel/randomize_va_space' as root to disable it, or try running with '+isomalloc_sync'.
CharmLB> Load balancer assumes all CPUs are same.
Charm++> Running on 1 hosts (1 sockets x 7 cores x 4 PUs = 28-way SMP)
Charm++> cpu topology info is gathered in 0.004 seconds.
Info: Built with CUDA version 10010
Did not find +devices i,j,k,... argument, using all
Pe 19 physical rank 19 will use CUDA device of pe 14
Pe 10 physical rank 10 will use CUDA device of pe 7
Pe 6 physical rank 6 will use CUDA device of pe 4
Pe 31 physical rank 31 will use CUDA device of pe 28
Pe 23 physical rank 23 will use CUDA device of pe 21
Pe 17 physical rank 17 will use CUDA device of pe 14
Pe 37 physical rank 37 will use CUDA device of pe 35
Pe 11 physical rank 11 will use CUDA device of pe 7
Pe 5 physical rank 5 will use CUDA device of pe 4
Pe 30 physical rank 30 will use CUDA device of pe 28
Pe 26 physical rank 26 will use CUDA device of pe 21
Pe 18 physical rank 18 will use CUDA device of pe 14
Pe 38 physical rank 38 will use CUDA device of pe 35
Pe 9 physical rank 9 will use CUDA device of pe 7
Pe 3 physical rank 3 will use CUDA device of pe 4
Pe 32 physical rank 32 will use CUDA device of pe 28
Pe 24 physical rank 24 will use CUDA device of pe 21
Pe 20 physical rank 20 will use CUDA device of pe 14
Pe 39 physical rank 39 will use CUDA device of pe 35
Pe 12 physical rank 12 will use CUDA device of pe 7
Pe 2 physical rank 2 will use CUDA device of pe 4
Pe 34 physical rank 34 will use CUDA device of pe 28
Pe 27 physical rank 27 will use CUDA device of pe 21
Pe 16 physical rank 16 will use CUDA device of pe 14
Pe 40 physical rank 40 will use CUDA device of pe 35
Pe 13 physical rank 13 will use CUDA device of pe 7
Pe 33 physical rank 33 will use CUDA device of pe 28
Pe 25 physical rank 25 will use CUDA device of pe 21
Pe 15 physical rank 15 will use CUDA device of pe 14
Pe 41 physical rank 41 will use CUDA device of pe 35
Pe 8 physical rank 8 will use CUDA device of pe 7
Pe 1 physical rank 1 will use CUDA device of pe 4
Pe 29 physical rank 29 will use CUDA device of pe 28
Pe 22 physical rank 22 will use CUDA device of pe 21
Pe 36 physical rank 36 will use CUDA device of pe 35
Pe 0 physical rank 0 will use CUDA device of pe 4
Pe 14 physical rank 14 binding to CUDA device 0 on g24n18: 'Tesla V100-SXM2-16GB'  Mem: 16128MB  Rev: 7.0  PCI: 4:6:0
Pe 7 physical rank 7 binding to CUDA device 0 on g24n18: 'Tesla V100-SXM2-16GB'  Mem: 16128MB  Rev: 7.0  PCI: 4:5:0
Pe 4 physical rank 4 binding to CUDA device 0 on g24n18: 'Tesla V100-SXM2-16GB'  Mem: 16128MB  Rev: 7.0  PCI: 4:4:0
Pe 28 physical rank 28 binding to CUDA device 0 on g24n18: 'Tesla V100-SXM2-16GB'  Mem: 16128MB  Rev: 7.0  PCI: 35:4:0
Pe 21 physical rank 21 binding to CUDA device 0 on g24n18: 'Tesla V100-SXM2-16GB'  Mem: 16128MB  Rev: 7.0  PCI: 35:3:0
Pe 35 physical rank 35 binding to CUDA device 0 on g24n18: 'Tesla V100-SXM2-16GB'  Mem: 16128MB  Rev: 7.0  PCI: 35:5:0
Info: NAMD 2.14 for Linux-POWER-pami-smp-Summit-CUDA
Info: 
Info: Please visit http://www.ks.uiuc.edu/Research/namd/
Info: for updates, documentation, and support information.
Info: 
Info: Please cite Phillips et al., J. Chem. Phys. 153:044130 (2020) doi:10.1063/5.0014475
Info: in all publications reporting results obtained with NAMD.
Info: 
Info: Based on Charm++/Converse 61002 for pami-linux-ppc64le-smp
Info: Built Wed Aug 5 14:28:51 EDT 2020 by jimp on login2
Info: 1 NAMD  2.14  Linux-POWER-pami-smp-Summit-CUDA  42    g24n18  hrlee
Info: Running on 42 processors, 6 nodes, 1 physical nodes.
Info: CPU topology information available.
Info: Charm++/Converse parallel runtime startup completed at 1.35043 s
CkLoopLib is used in SMP with simple dynamic scheduling (converse-level notification)
Info: 791.625 MB of memory in use based on /proc/self/stat
Info: Configuration file is adk-step1.namd
Info: Working in the current directory /gpfs/alpine/bip115/scratch/hrlee/radical.pilot.sandbox/re.session.login1.hrlee.018632.0003/pilot.0000/unit.001064
TCL: Suspending until startup complete.
Info: SIMULATION PARAMETERS:
Info: TIMESTEP               1
Info: NUMBER OF STEPS        0
Info: STEPS PER CYCLE        20
Info: LOAD BALANCER  Centralized
Info: LOAD BALANCING STRATEGY  New Load Balancers -- DEFAULT
Info: LDB PERIOD             4000 steps
Info: FIRST LDB TIMESTEP     100
Info: LAST LDB TIMESTEP     -1
Info: LDB BACKGROUND SCALING 1
Info: HOM BACKGROUND SCALING 1
Info: MIN ATOMS PER PATCH    40
Info: VELOCITY FILE          7_15_adk-step1.restart.vel
Info: CENTER OF MASS MOVING INITIALLY? NO
Info: DIELECTRIC             80
Info: EXCLUDE                SCALED ONE-FOUR
Info: 1-4 ELECTROSTATICS SCALED BY 1
Info: MODIFIED 1-4 VDW PARAMETERS WILL BE USED
Info: DCD FILENAME           adk-step1.dcd
Info: DCD FREQUENCY          1000
Info: DCD FIRST STEP         1000
Info: NO EXTENDED SYSTEM TRAJECTORY OUTPUT
Info: NO VELOCITY DCD OUTPUT
Info: NO FORCE DCD OUTPUT
Info: OUTPUT FILENAME        adk-step1
Info: BINARY OUTPUT FILES WILL BE USED
Info: RESTART FILENAME       adk-step1.restart
Info: RESTART FREQUENCY      1000
Info: BINARY RESTART FILES WILL BE USED
Info: SWITCHING ACTIVE
Info: SWITCHING ON           9
Info: SWITCHING OFF          10
Info: PAIRLIST DISTANCE      11
Info: PAIRLIST SHRINK RATE   0.01
Info: PAIRLIST GROW RATE     0.01
Info: PAIRLIST TRIGGER       0.3
Info: PAIRLISTS PER CYCLE    2
Info: PAIRLISTS ENABLED
Info: MARGIN                 0
Info: HYDROGEN GROUP CUTOFF  2.5
Info: PATCH DIMENSION        13.5
Info: ENERGY OUTPUT STEPS    100
Info: CROSSTERM ENERGY INCLUDED IN DIHEDRAL
Info: TIMING OUTPUT STEPS    1000
Info: PRESSURE OUTPUT STEPS  100
Info: GRID FORCE ACTIVE
Info:  Please include this reference in published work using
Info:  the Gridforce module of NAMD: David Wells, Volha Abramkina,
Info:  and Aleksei Aksimentiev, J. Chem. Phys. 127:125101-10 (2007).
Info: MGRIDFORCE key 0
Info:            Potfile 4ake-target_autopsf-grid.dx
Info:            Scale 0.3 0.3 0.3
Info:            File 1ake-docked-noh_autopsf-grid.pdb
Info:            Col O
Info:            ChargeCol B
Info:            VOffset 0 0 0
Info:            Continuous K1 FALSE
Info:            Continuous K2 FALSE
Info:            Continuous K3 FALSE
Info:            Volts FALSE
Info:            Gridforce-Lite FALSE
Info:            Gridforce-CheckSize TRUE
Info: LANGEVIN DYNAMICS ACTIVE
Info: LANGEVIN TEMPERATURE   300
Info: LANGEVIN USING BBK INTEGRATOR
Info: LANGEVIN DAMPING COEFFICIENT IS 5 INVERSE PS
Info: LANGEVIN DYNAMICS NOT APPLIED TO HYDROGENS
Info: USING VERLET I (r-RESPA) MTS SCHEME.
Info: C1 SPLITTING OF LONG RANGE ELECTROSTATICS
Info: PLACING ATOMS IN PATCHES BY HYDROGEN GROUPS
Info: RIGID BONDS TO HYDROGEN : WATER
Info:         ERROR TOLERANCE : 1e-08
Info:          MAX ITERATIONS : 100
Info: RIGID WATER USING SETTLE ALGORITHM
Info: NONBONDED FORCES EVALUATED EVERY 2 STEPS
Info: RANDOM NUMBER SEED     1609822674
Info: USE HYDROGEN BONDS?    NO
Info: COORDINATE PDB         1ake-docked-noh_autopsf.pdb
Info: STRUCTURE FILE         1ake-docked-noh_autopsf.psf
Info: PARAMETER file: CHARMM format! 
Info: PARAMETERS             par_all36_prot.prm
Info: USING ARITHMETIC MEAN TO COMBINE L-J SIGMA PARAMETERS
Info: BINARY COORDINATES     7_15_adk-step1.restart.coor
Info: SUMMARY OF PARAMETERS:
Info: 132 BONDS
Info: 362 ANGLES
Info: 702 DIHEDRAL
Info: 35 IMPROPER
Info: 6 CROSSTERM
Info: 53 VDW
Info: 0 VDW_PAIRS
Info: 0 NBTHOLE_PAIRS
Info: TIME FOR READING PSF FILE: 0.355824
Info: READING EXTRA BONDS FILE 1ake-extrabonds.txt
Info: READING EXTRA BONDS FILE 1ake-extrabonds-cispeptide.txt
Info: READING EXTRA BONDS FILE 1ake-extrabonds-chirality.txt
Info: READ 80 EXTRA BONDS
Info: READ 80 EXTRA ANGLES
Warning: EXTRA ANGLES ARE COSINE-BASED BY DEFAULT TO MATCH PREVIOUS VERSIONS
Warning: FOR NORMAL HARMONIC EXTRA ANGLES SET extraBondsCosAngles off
Info: READ 493 EXTRA DIHEDRALS
Info: READ 438 EXTRA IMPROPERS
Info: Reading pdb file 1ake-docked-noh_autopsf.pdb
Info: TIME FOR READING PDB FILE: 0.0742586
Info: 
Info: ****************************
Info: STRUCTURE SUMMARY:
Info: 3341 ATOMS
Info: 3445 BONDS
Info: 6203 ANGLES
Info: 9414 DIHEDRALS
Info: 1005 IMPROPERS
Info: 212 CROSSTERMS
Info: 0 EXCLUSIONS
Info: 0 RIGID BONDS
Info: 1 GRIDS ACTIVE
Info: 10023 DEGREES OF FREEDOM
Info: 1656 HYDROGEN GROUPS
Info: 4 ATOMS IN LARGEST HYDROGEN GROUP
Info: 1656 MIGRATION GROUPS
Info: 4 ATOMS IN LARGEST MIGRATION GROUP
Info: TOTAL MASS = 23582 amu
Info: TOTAL CHARGE = -4 e
Info: *****************************
Info: Reading from binary file 7_15_adk-step1.restart.coor
Info: 
Info: Entering startup at 2.27688 s, 798.75 MB of memory in use
Info: Startup phase 0 took 0.000236281 s, 798.875 MB of memory in use
Info: ADDED 18308 IMPLICIT EXCLUSIONS
Info: Startup phase 1 took 0.0105249 s, 799 MB of memory in use
Info: NONBONDED TABLE R-SQUARED SPACING: 0.0625
Info: NONBONDED TABLE SIZE: 705 POINTS
Info: ABSOLUTE IMPRECISION IN FAST TABLE ENERGY: 3.38813e-21 AT 9.89634
Info: RELATIVE IMPRECISION IN FAST TABLE ENERGY: 4.23384e-15 AT 9.94673
Info: ABSOLUTE IMPRECISION IN FAST TABLE FORCE: 6.35275e-22 AT 9.94673
Info: RELATIVE IMPRECISION IN FAST TABLE FORCE: 5.07982e-16 AT 9.94673
Info: INCONSISTENCY IN FAST TABLE ENERGY VS FORCE: 0.000290185 AT 0.251946
Info: ABSOLUTE IMPRECISION IN VDWA TABLE ENERGY: 1.57772e-30 AT 9.89634
Info: RELATIVE IMPRECISION IN VDWA TABLE ENERGY: 4.54938e-15 AT 9.94673
Info: ABSOLUTE IMPRECISION IN VDWA TABLE FORCE: 5.91646e-31 AT 9.94673
Info: RELATIVE IMPRECISION IN VDWA TABLE FORCE: 5.6823e-16 AT 9.94673
Info: INCONSISTENCY IN VDWA TABLE ENERGY VS FORCE: 0.0040507 AT 0.251946
Info: ABSOLUTE IMPRECISION IN VDWB TABLE ENERGY: 4.71751e-25 AT 9.94673
Info: RELATIVE IMPRECISION IN VDWB TABLE ENERGY: 1.45371e-14 AT 9.94673
Info: ABSOLUTE IMPRECISION IN VDWB TABLE FORCE: 6.20385e-25 AT 9.94673
Info: RELATIVE IMPRECISION IN VDWB TABLE FORCE: 5.97512e-16 AT 9.94673
Info: INCONSISTENCY IN VDWB TABLE ENERGY VS FORCE: 0.00377068 AT 9.07951
Info: Startup phase 2 took 0.000793698 s, 800.125 MB of memory in use
Info: Startup phase 3 took 0.000221587 s, 800.125 MB of memory in use
Info: Startup phase 4 took 0.000319627 s, 800.25 MB of memory in use
Info: Startup phase 5 took 0.000207913 s, 800.312 MB of memory in use
Info: ORIGINAL ATOMS MINMAX IS -20.5168 -33.2488 -36.9539  17.6988 21.9525 15.8558
Info: ADJUSTED ATOMS MINMAX IS -15.6523 -28.0873 -32.6019  11.5412 15.0467 8.12173
Info: PATCH GRID IS 3 BY 4 BY 4
Info: PATCH GRID IS 1-AWAY BY 1-AWAY BY 1-AWAY
Info: Reading from binary file 7_15_adk-step1.restart.vel
Info: REMOVING COM VELOCITY 0.114284 0.0692288 0.274377
Info: LARGEST PATCH (16) HAS 233 ATOMS
Info: TORUS A SIZE 1 USING 0
Info: TORUS B SIZE 1 USING 0
Info: TORUS C SIZE 1 USING 0
Info: TORUS MINIMAL MESH SIZE IS 1 BY 1 BY 1
Info: Placed 100% of base nodes on same physical node as patch
Info: Startup phase 6 took 0.00872408 s, 800.5 MB of memory in use
Info: Startup phase 7 took 0.000218973 s, 801.312 MB of memory in use
Info: Updated CUDA force table with 4096 elements.
Info: Updated CUDA LJ table with 53 x 53 elements.
Info: Updated CUDA force table with 4096 elements.
Info: Updated CUDA force table with 4096 elements.
Info: Updated CUDA LJ table with 53 x 53 elements.
Info: Updated CUDA LJ table with 53 x 53 elements.
Info: Updated CUDA force table with 4096 elements.
Info: Updated CUDA LJ table with 53 x 53 elements.
Info: Updated CUDA force table with 4096 elements.
Info: Updated CUDA force table with 4096 elements.
Info: Updated CUDA LJ table with 53 x 53 elements.
Info: Updated CUDA LJ table with 53 x 53 elements.
Info: Startup phase 8 took 0.00358521 s, 801.5 MB of memory in use
Info: Startup phase 9 took 0.000411703 s, 801.625 MB of memory in use
Info: Startup phase 10 took 0.000222615 s, 801.688 MB of memory in use
Info: Startup phase 11 took 0.00108067 s, 801.875 MB of memory in use
LDB: Central LB being created...
Info: Startup phase 12 took 0.00244904 s, 802.812 MB of memory in use
Info: CREATING 1046 COMPUTE OBJECTS
Info: Found 278 unique exclusion lists needing 900 bytes
Info: Found 278 unique exclusion lists needing 900 bytes
Info: Found 278 unique exclusion lists needing 900 bytes
Info: Found 278 unique exclusion lists needing 900 bytes
Info: Found 278 unique exclusion lists needing 900 bytes
Info: Found 278 unique exclusion lists needing 900 bytes
Info: useSync: 0 useProxySync: 0
Info: Startup phase 13 took 0.0165879 s, 803.812 MB of memory in use
Info: Building spanning tree ... send: 1 recv: 0 with branch factor 4
Info: Startup phase 14 took 0.000223261 s, 804.125 MB of memory in use
Info: Startup phase 15 took 0.000228398 s, 804.25 MB of memory in use
Info: Finished startup at 2.32291 s, 804.375 MB of memory in use

TCL: Running for 5000 steps
PRESSURE: 0 0 0 0 0 0 0 0 0 0
GPRESSURE: 0 0 0 0 0 0 0 0 0 0
ETITLE:      TS           BOND          ANGLE          DIHED          IMPRP               ELECT            VDW       BOUNDARY           MISC        KINETIC               TOTAL           TEMP      POTENTIAL         TOTAL3        TEMPAVG

ENERGY:       0      1135.6488      1656.5909      2098.9402       142.9762            -41.6901      -785.1038         0.0000      3830.6332      3025.4858          11063.4812       303.8000      8037.9954     11087.3123       303.8000

LDB: ============= START OF LOAD BALANCING ============== 2.33942
LDB: ============== END OF LOAD BALANCING =============== 2.33948
Info: useSync: 0 useProxySync: 0
LDB: =============== DONE WITH MIGRATION ================ 2.33959
LDB: ============= START OF LOAD BALANCING ============== 2.39668
LDB: Partitioning computes with target load 0.000000
LDB: Increased migratable compute count from 0 to 0
LDB: Largest unpartitionable compute is 0.000000
LDB: ============== END OF LOAD BALANCING =============== 2.39702
Info: build node-aware spanning tree with send: 1, recv: 0 with branch factor 4
Info: useSync: 0 useProxySync: 0
LDB: =============== DONE WITH MIGRATION ================ 2.39789
PRESSURE: 100 0 0 0 0 0 0 0 0 0
GPRESSURE: 100 0 0 0 0 0 0 0 0 0
PRESSAVG: 100 0 0 0 0 0 0 0 0 0
GPRESSAVG: 100 0 0 0 0 0 0 0 0 0
Info: Initial time: 42 CPUs 0.000717127 s/step 0.00830009 days/ns 824.062 MB memory
ENERGY:     100      1108.4496      1719.6417      2071.2060       165.3552            -42.2779      -797.3825         0.0000      3840.4658      3007.4585          11072.9164       301.9898      8065.4579     11096.9558       299.1455

LDB: ============= START OF LOAD BALANCING ============== 2.41209
LDB: ============== END OF LOAD BALANCING =============== 2.41213
Info: useSync: 0 useProxySync: 0
LDB: =============== DONE WITH MIGRATION ================ 2.41222
LDB: ============= START OF LOAD BALANCING ============== 2.46798
LDB: TIME 2.46824 LOAD: AVG 0.012211 MAX 0.0296477  PROXIES: TOTAL 185 MAXPE 7 MAXPATCH 7 None MEM: 824.25 MB
LDB: TIME 2.46848 LOAD: AVG 0.012211 MAX 0.0296477  PROXIES: TOTAL 185 MAXPE 7 MAXPATCH 7 TorusLB MEM: 824.312 MB
LDB: ============== END OF LOAD BALANCING =============== 2.46872
Info: build node-aware spanning tree with send: 1, recv: 0 with branch factor 4
Info: useSync: 0 useProxySync: 0
LDB: =============== DONE WITH MIGRATION ================ 2.46952
PRESSURE: 200 0 0 0 0 0 0 0 0 0
GPRESSURE: 200 0 0 0 0 0 0 0 0 0
PRESSAVG: 200 0 0 0 0 0 0 0 0 0
GPRESSAVG: 200 0 0 0 0 0 0 0 0 0
Info: Initial time: 42 CPUs 0.000694589 s/step 0.00803923 days/ns 824.312 MB memory
ENERGY:     200      1097.8450      1683.0269      2090.1224       172.0254            -41.7842      -758.7764         0.0000      3838.2550      3003.1295          11083.8435       301.5551      8080.7140     11107.7004       301.4532

LDB: ============= START OF LOAD BALANCING ============== 2.53902
LDB: TIME 2.53928 LOAD: AVG 0.0152586 MAX 0.0369953  PROXIES: TOTAL 185 MAXPE 7 MAXPATCH 7 None MEM: 825.375 MB
LDB: TIME 2.53951 LOAD: AVG 0.0152586 MAX 0.0369953  PROXIES: TOTAL 185 MAXPE 7 MAXPATCH 7 RefineTorusLB MEM: 825.438 MB
LDB: TIME 2.53965 LOAD: AVG 0.0152586 MAX 0.0369953  PROXIES: TOTAL 185 MAXPE 7 MAXPATCH 7 RefineTorusLB MEM: 825.438 MB
LDB: ============== END OF LOAD BALANCING =============== 2.53989
Info: build node-aware spanning tree with send: 1, recv: 0 with branch factor 4
Info: useSync: 0 useProxySync: 0
LDB: =============== DONE WITH MIGRATION ================ 2.54068
PRESSURE: 300 0 0 0 0 0 0 0 0 0
GPRESSURE: 300 0 0 0 0 0 0 0 0 0
PRESSAVG: 300 0 0 0 0 0 0 0 0 0
GPRESSAVG: 300 0 0 0 0 0 0 0 0 0
Info: Initial time: 42 CPUs 0.000692699 s/step 0.00801735 days/ns 825.438 MB memory
ENERGY:     300      1094.5661      1672.6410      2061.9596       141.3148            -41.0609      -774.6144         0.0000      3833.7187      3063.4974          11052.0223       307.6169      7988.5249     11075.0186       301.6507

LDB: ============= START OF LOAD BALANCING ============== 2.60962
LDB: TIME 2.60987 LOAD: AVG 0.0152489 MAX 0.037162  PROXIES: TOTAL 185 MAXPE 7 MAXPATCH 7 None MEM: 826.5 MB
LDB: TIME 2.6101 LOAD: AVG 0.0152489 MAX 0.037162  PROXIES: TOTAL 185 MAXPE 7 MAXPATCH 7 RefineTorusLB MEM: 826.5 MB
LDB: TIME 2.61024 LOAD: AVG 0.0152489 MAX 0.037162  PROXIES: TOTAL 185 MAXPE 7 MAXPATCH 7 RefineTorusLB MEM: 826.5 MB
LDB: Reverting to original mapping
LDB: ============== END OF LOAD BALANCING =============== 2.61049
Info: build node-aware spanning tree with send: 1, recv: 0 with branch factor 4
Info: useSync: 0 useProxySync: 0
LDB: =============== DONE WITH MIGRATION ================ 2.61128
PRESSURE: 400 0 0 0 0 0 0 0 0 0
GPRESSURE: 400 0 0 0 0 0 0 0 0 0
PRESSAVG: 400 0 0 0 0 0 0 0 0 0
GPRESSAVG: 400 0 0 0 0 0 0 0 0 0
Info: Benchmark time: 42 CPUs 0.000688772 s/step 0.0079719 days/ns 826.5 MB memory
ENERGY:     400      1071.8719      1684.9945      2105.8418       161.6414            -41.0977      -783.5574         0.0000      3823.6995      2982.5284          11005.9225       299.4865      8023.3941     11030.6699       298.1902

PRESSURE: 500 0 0 0 0 0 0 0 0 0
GPRESSURE: 500 0 0 0 0 0 0 0 0 0
PRESSAVG: 500 0 0 0 0 0 0 0 0 0
GPRESSAVG: 500 0 0 0 0 0 0 0 0 0
Info: Benchmark time: 42 CPUs 0.000687096 s/step 0.0079525 days/ns 831.312 MB memory
ENERGY:     500      1052.8665      1694.6053      2089.0604       151.2847            -41.7940      -783.2509         0.0000      3818.7875      3009.0260          10990.5855       302.1472      7981.5595     11017.6616       298.5086

PRESSURE: 600 0 0 0 0 0 0 0 0 0
GPRESSURE: 600 0 0 0 0 0 0 0 0 0
PRESSAVG: 600 0 0 0 0 0 0 0 0 0
GPRESSAVG: 600 0 0 0 0 0 0 0 0 0
Info: Benchmark time: 42 CPUs 0.000685141 s/step 0.00792988 days/ns 831.312 MB memory
ENERGY:     600      1130.9083      1715.3459      2108.0624       167.2612            -41.9314      -790.7508         0.0000      3831.8459      2914.4156          11035.1571       292.6470      8120.7415     11055.5038       298.8151

PRESSURE: 700 0 0 0 0 0 0 0 0 0
GPRESSURE: 700 0 0 0 0 0 0 0 0 0
PRESSAVG: 700 0 0 0 0 0 0 0 0 0
GPRESSAVG: 700 0 0 0 0 0 0 0 0 0
Info: Benchmark time: 42 CPUs 0.000688493 s/step 0.00796867 days/ns 831.312 MB memory
ENERGY:     700      1132.9297      1665.6634      2090.0223       159.2436            -41.6803      -793.7412         0.0000      3831.3306      2993.2706          11037.0387       300.5652      8043.7681     11060.8491       298.4519

PRESSURE: 800 0 0 0 0 0 0 0 0 0
GPRESSURE: 800 0 0 0 0 0 0 0 0 0
PRESSAVG: 800 0 0 0 0 0 0 0 0 0
GPRESSAVG: 800 0 0 0 0 0 0 0 0 0
Info: Benchmark time: 42 CPUs 0.000690202 s/step 0.00798845 days/ns 831.312 MB memory
ENERGY:     800      1110.5617      1700.1129      2135.4601       160.9137            -42.5682      -812.0284         0.0000      3834.0076      2948.9623          11035.4217       296.1160      8086.4595     11059.0915       298.8626

PRESSURE: 900 0 0 0 0 0 0 0 0 0
GPRESSURE: 900 0 0 0 0 0 0 0 0 0
PRESSAVG: 900 0 0 0 0 0 0 0 0 0
GPRESSAVG: 900 0 0 0 0 0 0 0 0 0
Info: Benchmark time: 42 CPUs 0.000685031 s/step 0.0079286 days/ns 831.312 MB memory
ENERGY:     900      1091.9582      1664.8820      2108.7872       164.8391            -42.0407      -766.9985         0.0000      3835.6004      2947.0151          11004.0428       295.9205      8057.0277     11028.6518       297.8835

PRESSURE: 1000 0 0 0 0 0 0 0 0 0
GPRESSURE: 1000 0 0 0 0 0 0 0 0 0
PRESSAVG: 1000 0 0 0 0 0 0 0 0 0
GPRESSAVG: 1000 0 0 0 0 0 0 0 0 0
TIMING: 1000  CPU: 0.715293, 0.000695955/step  Wall: 0.719913, 0.000699591/step, 0.000777323 hours remaining, 831.312500 MB of memory in use.
ETITLE:      TS           BOND          ANGLE          DIHED          IMPRP               ELECT            VDW       BOUNDARY           MISC        KINETIC               TOTAL           TEMP      POTENTIAL         TOTAL3        TEMPAVG

ENERGY:    1000      1114.3016      1720.7208      2104.9495       151.4136            -41.3059      -784.4156         0.0000      3826.7351      2886.3517          10978.7508       289.8290      8092.3991     11004.6129       298.0586

WRITING EXTENDED SYSTEM TO RESTART FILE AT STEP 1000
OPENING COORDINATE DCD FILE
WRITING COORDINATES TO DCD FILE adk-step1.dcd AT STEP 1000
WRITING COORDINATES TO RESTART FILE AT STEP 1000
FINISHED WRITING RESTART COORDINATES
The last position output (seq=1000) takes 0.005 seconds, 831.375 MB of memory in use
WRITING VELOCITIES TO RESTART FILE AT STEP 1000
FINISHED WRITING RESTART VELOCITIES
The last velocity output (seq=1000) takes 0.002 seconds, 831.438 MB of memory in use
PRESSURE: 1100 0 0 0 0 0 0 0 0 0
GPRESSURE: 1100 0 0 0 0 0 0 0 0 0
PRESSAVG: 1100 0 0 0 0 0 0 0 0 0
GPRESSAVG: 1100 0 0 0 0 0 0 0 0 0
ENERGY:    1100      1055.1941      1694.2853      2062.0238       181.6615            -41.4327      -789.9168         0.0000      3821.1837      2968.7836          10951.7825       298.1063      7982.9989     10974.5776       296.5476

PRESSURE: 1200 0 0 0 0 0 0 0 0 0
GPRESSURE: 1200 0 0 0 0 0 0 0 0 0
PRESSAVG: 1200 0 0 0 0 0 0 0 0 0
GPRESSAVG: 1200 0 0 0 0 0 0 0 0 0
ENERGY:    1200      1078.5869      1695.4827      2096.5668       163.2370            -42.6003      -810.5460         0.0000      3810.4799      2975.2437          10966.4508       298.7550      7991.2071     10994.2442       296.6040

PRESSURE: 1300 0 0 0 0 0 0 0 0 0
GPRESSURE: 1300 0 0 0 0 0 0 0 0 0
PRESSAVG: 1300 0 0 0 0 0 0 0 0 0
GPRESSAVG: 1300 0 0 0 0 0 0 0 0 0
ENERGY:    1300      1124.9439      1700.4197      2091.6280       156.2568            -42.1490      -777.6644         0.0000      3803.8430      3031.4781          11088.7563       304.4017      8057.2781     11111.7134       299.9335

PRESSURE: 1400 0 0 0 0 0 0 0 0 0
GPRESSURE: 1400 0 0 0 0 0 0 0 0 0
PRESSAVG: 1400 0 0 0 0 0 0 0 0 0
GPRESSAVG: 1400 0 0 0 0 0 0 0 0 0
ENERGY:    1400      1114.4190      1707.6855      2062.5086       144.4187            -41.8012      -758.9117         0.0000      3805.6791      3044.4878          11078.4860       305.7081      8033.9982     11104.7969       302.1467

PRESSURE: 1500 0 0 0 0 0 0 0 0 0
GPRESSURE: 1500 0 0 0 0 0 0 0 0 0
PRESSAVG: 1500 0 0 0 0 0 0 0 0 0
GPRESSAVG: 1500 0 0 0 0 0 0 0 0 0
ENERGY:    1500      1131.6943      1763.6243      2088.8146       160.5035            -42.2090      -826.8200         0.0000      3817.9075      2980.7435          11074.2587       299.3073      8093.5152     11099.8483       302.6638

PRESSURE: 1600 0 0 0 0 0 0 0 0 0
GPRESSURE: 1600 0 0 0 0 0 0 0 0 0
PRESSAVG: 1600 0 0 0 0 0 0 0 0 0
GPRESSAVG: 1600 0 0 0 0 0 0 0 0 0
ENERGY:    1600      1065.4478      1702.6945      2089.8437       161.6866            -42.9295      -757.4604         0.0000      3803.9373      3036.7764          11059.9965       304.9337      8023.2201     11086.6098       301.0410

PRESSURE: 1700 0 0 0 0 0 0 0 0 0
GPRESSURE: 1700 0 0 0 0 0 0 0 0 0
PRESSAVG: 1700 0 0 0 0 0 0 0 0 0
GPRESSAVG: 1700 0 0 0 0 0 0 0 0 0
ENERGY:    1700      1075.9332      1719.0579      2064.1449       163.7940            -42.6384      -800.9760         0.0000      3802.7193      3052.4726          11034.5076       306.5098      7982.0350     11065.7262       300.5442

PRESSURE: 1800 0 0 0 0 0 0 0 0 0
GPRESSURE: 1800 0 0 0 0 0 0 0 0 0
PRESSAVG: 1800 0 0 0 0 0 0 0 0 0
GPRESSAVG: 1800 0 0 0 0 0 0 0 0 0
ENERGY:    1800      1076.9263      1724.7303      2100.7155       162.6868            -43.0123      -777.1620         0.0000      3803.3898      2951.8129          11000.0874       296.4022      8048.2745     11025.6545       300.9536

PRESSURE: 1900 0 0 0 0 0 0 0 0 0
GPRESSURE: 1900 0 0 0 0 0 0 0 0 0
PRESSAVG: 1900 0 0 0 0 0 0 0 0 0
GPRESSAVG: 1900 0 0 0 0 0 0 0 0 0
ENERGY:    1900      1108.3437      1701.7250      2107.8324       145.8883            -42.0365      -790.3643         0.0000      3794.4195      2899.9115          10925.7197       291.1906      8025.8082     10951.8881       295.3849

PRESSURE: 2000 0 0 0 0 0 0 0 0 0
GPRESSURE: 2000 0 0 0 0 0 0 0 0 0
PRESSAVG: 2000 0 0 0 0 0 0 0 0 0
GPRESSAVG: 2000 0 0 0 0 0 0 0 0 0
TIMING: 2000  CPU: 1.40116, 0.000685863/step  Wall: 1.41518, 0.000695267/step, 0.000579389 hours remaining, 831.437500 MB of memory in use.
ETITLE:      TS           BOND          ANGLE          DIHED          IMPRP               ELECT            VDW       BOUNDARY           MISC        KINETIC               TOTAL           TEMP      POTENTIAL         TOTAL3        TEMPAVG

ENERGY:    2000      1085.4204      1728.1370      2095.4226       171.2753            -41.9263      -799.5078         0.0000      3780.3404      2942.4227          10961.5841       295.4593      8019.1614     10985.2933       296.5957

WRITING EXTENDED SYSTEM TO RESTART FILE AT STEP 2000
WRITING COORDINATES TO DCD FILE adk-step1.dcd AT STEP 2000
WRITING COORDINATES TO RESTART FILE AT STEP 2000
FINISHED WRITING RESTART COORDINATES
The last position output (seq=2000) takes 0.002 seconds, 831.562 MB of memory in use
WRITING VELOCITIES TO RESTART FILE AT STEP 2000
FINISHED WRITING RESTART VELOCITIES
The last velocity output (seq=2000) takes 0.002 seconds, 831.562 MB of memory in use
PRESSURE: 2100 0 0 0 0 0 0 0 0 0
GPRESSURE: 2100 0 0 0 0 0 0 0 0 0
PRESSAVG: 2100 0 0 0 0 0 0 0 0 0
GPRESSAVG: 2100 0 0 0 0 0 0 0 0 0
ENERGY:    2100      1049.5920      1708.9178      2048.5911       150.1169            -43.0046      -796.4727         0.0000      3773.4812      3044.1091          10935.3307       305.6700      7891.2215     10959.6466       298.7648

PRESSURE: 2200 0 0 0 0 0 0 0 0 0
GPRESSURE: 2200 0 0 0 0 0 0 0 0 0
PRESSAVG: 2200 0 0 0 0 0 0 0 0 0
GPRESSAVG: 2200 0 0 0 0 0 0 0 0 0
ENERGY:    2200      1096.3431      1724.6630      2078.0519       160.1813            -42.0975      -800.6989         0.0000      3780.2511      2989.4940          10986.1880       300.1859      7996.6941     11009.2344       299.2274

PRESSURE: 2300 0 0 0 0 0 0 0 0 0
GPRESSURE: 2300 0 0 0 0 0 0 0 0 0
PRESSAVG: 2300 0 0 0 0 0 0 0 0 0
GPRESSAVG: 2300 0 0 0 0 0 0 0 0 0
ENERGY:    2300      1122.1946      1667.5472      2074.8766       159.7823            -41.8451      -770.1871         0.0000      3773.6853      2975.0537          10961.1076       298.7359      7986.0538     10982.7000       298.6728

PRESSURE: 2400 0 0 0 0 0 0 0 0 0
GPRESSURE: 2400 0 0 0 0 0 0 0 0 0
PRESSAVG: 2400 0 0 0 0 0 0 0 0 0
GPRESSAVG: 2400 0 0 0 0 0 0 0 0 0
ENERGY:    2400      1064.5704      1715.9793      2081.5630       167.4479            -42.5580      -803.7553         0.0000      3769.1930      2982.1721          10934.6125       299.4507      7952.4403     10958.0049       298.5937

PRESSURE: 2500 0 0 0 0 0 0 0 0 0
GPRESSURE: 2500 0 0 0 0 0 0 0 0 0
PRESSAVG: 2500 0 0 0 0 0 0 0 0 0
GPRESSAVG: 2500 0 0 0 0 0 0 0 0 0
ENERGY:    2500      1077.6674      1689.3046      2097.0684       145.4250            -42.5983      -774.6187         0.0000      3761.6929      2990.8616          10944.8028       300.3233      7953.9412     10972.1115       296.7079

PRESSURE: 2600 0 0 0 0 0 0 0 0 0
GPRESSURE: 2600 0 0 0 0 0 0 0 0 0
PRESSAVG: 2600 0 0 0 0 0 0 0 0 0
GPRESSAVG: 2600 0 0 0 0 0 0 0 0 0
ENERGY:    2600      1118.0949      1723.4609      2067.8031       157.1556            -41.5398      -746.9896         0.0000      3760.7655      2938.0833          10976.8340       295.0236      8038.7506     11000.2626       300.3242

PRESSURE: 2700 0 0 0 0 0 0 0 0 0
GPRESSURE: 2700 0 0 0 0 0 0 0 0 0
PRESSAVG: 2700 0 0 0 0 0 0 0 0 0
GPRESSAVG: 2700 0 0 0 0 0 0 0 0 0
ENERGY:    2700      1141.4124      1700.9443      2100.0478       159.2858            -41.1497      -770.1815         0.0000      3756.4019      3008.8198          11055.5808       302.1265      8046.7609     11077.8582       300.4664

PRESSURE: 2800 0 0 0 0 0 0 0 0 0
GPRESSURE: 2800 0 0 0 0 0 0 0 0 0
PRESSAVG: 2800 0 0 0 0 0 0 0 0 0
GPRESSAVG: 2800 0 0 0 0 0 0 0 0 0
ENERGY:    2800      1077.5108      1756.2377      2079.3585       151.9763            -41.7276      -788.3534         0.0000      3751.3526      3073.1511          11059.5059       308.5862      7986.3548     11083.7404       303.2216

PRESSURE: 2900 0 0 0 0 0 0 0 0 0
GPRESSURE: 2900 0 0 0 0 0 0 0 0 0
PRESSAVG: 2900 0 0 0 0 0 0 0 0 0
GPRESSAVG: 2900 0 0 0 0 0 0 0 0 0
ENERGY:    2900      1141.8934      1764.9828      2079.0738       159.6135            -41.6778      -786.0408         0.0000      3752.8801      2998.8062          11069.5312       301.1210      8070.7250     11092.9894       305.9665

PRESSURE: 3000 0 0 0 0 0 0 0 0 0
GPRESSURE: 3000 0 0 0 0 0 0 0 0 0
PRESSAVG: 3000 0 0 0 0 0 0 0 0 0
GPRESSAVG: 3000 0 0 0 0 0 0 0 0 0
TIMING: 3000  CPU: 2.0939, 0.000692747/step  Wall: 2.1066, 0.000691419/step, 0.000384121 hours remaining, 831.562500 MB of memory in use.
ETITLE:      TS           BOND          ANGLE          DIHED          IMPRP               ELECT            VDW       BOUNDARY           MISC        KINETIC               TOTAL           TEMP      POTENTIAL         TOTAL3        TEMPAVG

ENERGY:    3000      1113.8024      1702.1793      2091.4078       149.9230            -42.7927      -774.5625         0.0000      3748.2585      3027.4113          11015.6271       303.9933      7988.2158     11035.4881       303.5630

WRITING EXTENDED SYSTEM TO RESTART FILE AT STEP 3000
WRITING COORDINATES TO DCD FILE adk-step1.dcd AT STEP 3000
WRITING COORDINATES TO RESTART FILE AT STEP 3000
FINISHED WRITING RESTART COORDINATES
The last position output (seq=3000) takes 0.002 seconds, 831.625 MB of memory in use
WRITING VELOCITIES TO RESTART FILE AT STEP 3000
FINISHED WRITING RESTART VELOCITIES
The last velocity output (seq=3000) takes 0.002 seconds, 831.625 MB of memory in use
PRESSURE: 3100 0 0 0 0 0 0 0 0 0
GPRESSURE: 3100 0 0 0 0 0 0 0 0 0
PRESSAVG: 3100 0 0 0 0 0 0 0 0 0
GPRESSAVG: 3100 0 0 0 0 0 0 0 0 0
ENERGY:    3100      1149.6714      1719.2326      2071.1380       158.7831            -42.1675      -772.0459         0.0000      3746.8679      2993.4563          11024.9360       300.5838      8031.4798     11049.4940       300.4845

PRESSURE: 3200 0 0 0 0 0 0 0 0 0
GPRESSURE: 3200 0 0 0 0 0 0 0 0 0
PRESSAVG: 3200 0 0 0 0 0 0 0 0 0
GPRESSAVG: 3200 0 0 0 0 0 0 0 0 0
ENERGY:    3200      1119.9433      1713.2710      2075.3139       166.2484            -42.5704      -764.5948         0.0000      3743.9917      3008.4077          11020.0108       302.0851      8011.6031     11046.4773       303.4356

PRESSURE: 3300 0 0 0 0 0 0 0 0 0
GPRESSURE: 3300 0 0 0 0 0 0 0 0 0
PRESSAVG: 3300 0 0 0 0 0 0 0 0 0
GPRESSAVG: 3300 0 0 0 0 0 0 0 0 0
ENERGY:    3300      1102.0525      1709.7550      2082.1564       149.7925            -42.4200      -785.9159         0.0000      3745.5866      3059.2489          11020.2561       307.1903      7961.0072     11045.2855       301.6034

PRESSURE: 3400 0 0 0 0 0 0 0 0 0
GPRESSURE: 3400 0 0 0 0 0 0 0 0 0
PRESSAVG: 3400 0 0 0 0 0 0 0 0 0
GPRESSAVG: 3400 0 0 0 0 0 0 0 0 0
ENERGY:    3400      1136.9127      1698.0533      2094.0158       148.3978            -41.6929      -801.5265         0.0000      3742.7362      3019.8323          10996.7287       303.2323      7976.8964     11018.1568       302.4709

PRESSURE: 3500 0 0 0 0 0 0 0 0 0
GPRESSURE: 3500 0 0 0 0 0 0 0 0 0
PRESSAVG: 3500 0 0 0 0 0 0 0 0 0
GPRESSAVG: 3500 0 0 0 0 0 0 0 0 0
ENERGY:    3500      1105.1228      1721.2603      2101.2338       160.1706            -41.1223      -761.8849         0.0000      3738.8176      2988.3281          11011.9261       300.0689      8023.5980     11039.8119       302.4500

PRESSURE: 3600 0 0 0 0 0 0 0 0 0
GPRESSURE: 3600 0 0 0 0 0 0 0 0 0
PRESSAVG: 3600 0 0 0 0 0 0 0 0 0
GPRESSAVG: 3600 0 0 0 0 0 0 0 0 0
ENERGY:    3600      1088.6239      1713.4007      2081.0478       152.5020            -40.7173      -798.2291         0.0000      3742.5914      3016.7135          10955.9329       302.9191      7939.2193     10980.6814       300.8777

PRESSURE: 3700 0 0 0 0 0 0 0 0 0
GPRESSURE: 3700 0 0 0 0 0 0 0 0 0
PRESSAVG: 3700 0 0 0 0 0 0 0 0 0
GPRESSAVG: 3700 0 0 0 0 0 0 0 0 0
ENERGY:    3700      1084.9707      1665.3662      2050.2392       151.8771            -40.7560      -780.3378         0.0000      3735.9747      3021.8024          10889.1364       303.4301      7867.3340     10917.3826       299.3640

PRESSURE: 3800 0 0 0 0 0 0 0 0 0
GPRESSURE: 3800 0 0 0 0 0 0 0 0 0
PRESSAVG: 3800 0 0 0 0 0 0 0 0 0
GPRESSAVG: 3800 0 0 0 0 0 0 0 0 0
ENERGY:    3800      1126.7498      1716.2169      2094.0038       144.8526            -39.7702      -784.5373         0.0000      3738.4578      2973.2590          10969.2323       298.5557      7995.9733     10994.1940       299.2734

PRESSURE: 3900 0 0 0 0 0 0 0 0 0
GPRESSURE: 3900 0 0 0 0 0 0 0 0 0
PRESSAVG: 3900 0 0 0 0 0 0 0 0 0
GPRESSAVG: 3900 0 0 0 0 0 0 0 0 0
ENERGY:    3900      1121.7696      1672.2980      2088.8945       157.8959            -41.9052      -779.7329         0.0000      3739.6018      2999.9075          10958.7290       301.2316      7958.8215     10985.1740       301.3958

PRESSURE: 4000 0 0 0 0 0 0 0 0 0
GPRESSURE: 4000 0 0 0 0 0 0 0 0 0
PRESSAVG: 4000 0 0 0 0 0 0 0 0 0
GPRESSAVG: 4000 0 0 0 0 0 0 0 0 0
TIMING: 4000  CPU: 2.78757, 0.000693669/step  Wall: 2.8045, 0.000697899/step, 0.000193861 hours remaining, 831.625000 MB of memory in use.
ETITLE:      TS           BOND          ANGLE          DIHED          IMPRP               ELECT            VDW       BOUNDARY           MISC        KINETIC               TOTAL           TEMP      POTENTIAL         TOTAL3        TEMPAVG

ENERGY:    4000      1086.8722      1703.5191      2121.8713       144.4414            -42.0502      -777.4514         0.0000      3728.5419      2945.6932          10911.4375       295.7877      7965.7443     10936.9261       299.8494

WRITING EXTENDED SYSTEM TO RESTART FILE AT STEP 4000
WRITING COORDINATES TO DCD FILE adk-step1.dcd AT STEP 4000
WRITING COORDINATES TO RESTART FILE AT STEP 4000
FINISHED WRITING RESTART COORDINATES
The last position output (seq=4000) takes 0.003 seconds, 831.625 MB of memory in use
WRITING VELOCITIES TO RESTART FILE AT STEP 4000
FINISHED WRITING RESTART VELOCITIES
The last velocity output (seq=4000) takes 0.002 seconds, 831.625 MB of memory in use
PRESSURE: 4100 0 0 0 0 0 0 0 0 0
GPRESSURE: 4100 0 0 0 0 0 0 0 0 0
PRESSAVG: 4100 0 0 0 0 0 0 0 0 0
GPRESSAVG: 4100 0 0 0 0 0 0 0 0 0
ENERGY:    4100      1077.7907      1653.8354      2093.9081       153.1051            -41.8030      -733.6868         0.0000      3721.3704      2979.3322          10903.8521       299.1656      7924.5200     10926.0731       298.1444

PRESSURE: 4200 0 0 0 0 0 0 0 0 0
GPRESSURE: 4200 0 0 0 0 0 0 0 0 0
PRESSAVG: 4200 0 0 0 0 0 0 0 0 0
GPRESSAVG: 4200 0 0 0 0 0 0 0 0 0
ENERGY:    4200      1085.1224      1680.9746      2093.0249       155.6833            -41.7043      -776.9351         0.0000      3722.1999      3017.7672          10936.1330       303.0250      7918.3658     10961.2363       299.4377

LDB: ============= START OF LOAD BALANCING ============== 5.32256
LDB: ============== END OF LOAD BALANCING =============== 5.32265
Info: useSync: 0 useProxySync: 0
LDB: =============== DONE WITH MIGRATION ================ 5.32276
PRESSURE: 4300 0 0 0 0 0 0 0 0 0
GPRESSURE: 4300 0 0 0 0 0 0 0 0 0
PRESSAVG: 4300 0 0 0 0 0 0 0 0 0
GPRESSAVG: 4300 0 0 0 0 0 0 0 0 0
ENERGY:    4300      1139.2485      1649.8915      2117.3435       151.0611            -42.0483      -782.9243         0.0000      3731.7600      2992.5452          10956.8772       300.4923      7964.3320     10981.4682       299.5499

LDB: ============= START OF LOAD BALANCING ============== 5.39162
LDB: TIME 5.39193 LOAD: AVG 0.0147883 MAX 0.0370174  PROXIES: TOTAL 185 MAXPE 7 MAXPATCH 7 None MEM: 831.625 MB
LDB: TIME 5.39216 LOAD: AVG 0.0147883 MAX 0.0370174  PROXIES: TOTAL 185 MAXPE 7 MAXPATCH 7 RefineTorusLB MEM: 831.75 MB
LDB: TIME 5.39231 LOAD: AVG 0.0147883 MAX 0.0370174  PROXIES: TOTAL 185 MAXPE 7 MAXPATCH 7 RefineTorusLB MEM: 831.75 MB
LDB: ============== END OF LOAD BALANCING =============== 5.39255
Info: build node-aware spanning tree with send: 1, recv: 0 with branch factor 4
Info: useSync: 0 useProxySync: 0
LDB: =============== DONE WITH MIGRATION ================ 5.39336
PRESSURE: 4400 0 0 0 0 0 0 0 0 0
GPRESSURE: 4400 0 0 0 0 0 0 0 0 0
PRESSAVG: 4400 0 0 0 0 0 0 0 0 0
GPRESSAVG: 4400 0 0 0 0 0 0 0 0 0
ENERGY:    4400      1114.5643      1719.4560      2076.2770       157.8204            -41.6727      -811.0121         0.0000      3729.2086      3008.4990          10953.1404       302.0943      7944.6414     10977.9374       299.8159

PRESSURE: 4500 0 0 0 0 0 0 0 0 0
GPRESSURE: 4500 0 0 0 0 0 0 0 0 0
PRESSAVG: 4500 0 0 0 0 0 0 0 0 0
GPRESSAVG: 4500 0 0 0 0 0 0 0 0 0
ENERGY:    4500      1094.2278      1745.7078      2081.0449       147.9042            -40.7730      -776.7000         0.0000      3724.5015      2983.7431          10959.6562       299.6085      7975.9131     10981.4941       302.5027

PRESSURE: 4600 0 0 0 0 0 0 0 0 0
GPRESSURE: 4600 0 0 0 0 0 0 0 0 0
PRESSAVG: 4600 0 0 0 0 0 0 0 0 0
GPRESSAVG: 4600 0 0 0 0 0 0 0 0 0
ENERGY:    4600      1121.4575      1723.8420      2097.5440       158.5785            -40.3803      -777.8804         0.0000      3717.4614      3010.5695          11011.1922       302.3022      8000.6227     11034.3630       303.8237

PRESSURE: 4700 0 0 0 0 0 0 0 0 0
GPRESSURE: 4700 0 0 0 0 0 0 0 0 0
PRESSAVG: 4700 0 0 0 0 0 0 0 0 0
GPRESSAVG: 4700 0 0 0 0 0 0 0 0 0
ENERGY:    4700      1113.7018      1752.4993      2096.8623       159.5761            -40.7661      -781.1601         0.0000      3725.6540      2968.9064          10995.2736       298.1187      8026.3673     11020.4167       303.3036

PRESSURE: 4800 0 0 0 0 0 0 0 0 0
GPRESSURE: 4800 0 0 0 0 0 0 0 0 0
PRESSAVG: 4800 0 0 0 0 0 0 0 0 0
GPRESSAVG: 4800 0 0 0 0 0 0 0 0 0
ENERGY:    4800      1118.4709      1727.8443      2093.7822       160.2393            -40.8194      -782.9375         0.0000      3732.9074      3046.6874          11056.1746       305.9289      8009.4872     11078.5158       305.0216

PRESSURE: 4900 0 0 0 0 0 0 0 0 0
GPRESSURE: 4900 0 0 0 0 0 0 0 0 0
PRESSAVG: 4900 0 0 0 0 0 0 0 0 0
GPRESSAVG: 4900 0 0 0 0 0 0 0 0 0
ENERGY:    4900      1102.7530      1721.9567      2079.6915       161.3769            -40.6311      -756.6409         0.0000      3729.7888      3033.0840          11031.3789       304.5630      7998.2949     11054.3162       305.6035

PRESSURE: 5000 0 0 0 0 0 0 0 0 0
GPRESSURE: 5000 0 0 0 0 0 0 0 0 0
PRESSAVG: 5000 0 0 0 0 0 0 0 0 0
GPRESSAVG: 5000 0 0 0 0 0 0 0 0 0
TIMING: 5000  CPU: 3.48273, 0.000695161/step  Wall: 3.50416, 0.000699666/step, 0 hours remaining, 831.750000 MB of memory in use.
ETITLE:      TS           BOND          ANGLE          DIHED          IMPRP               ELECT            VDW       BOUNDARY           MISC        KINETIC               TOTAL           TEMP      POTENTIAL         TOTAL3        TEMPAVG

ENERGY:    5000      1120.8734      1753.9712      2066.1431       144.2282            -40.5427      -755.3330         0.0000      3727.6308      2975.6468          10992.6178       298.7955      8016.9709     11013.0600       304.6752

WRITING EXTENDED SYSTEM TO RESTART FILE AT STEP 5000
WRITING COORDINATES TO DCD FILE adk-step1.dcd AT STEP 5000
WRITING COORDINATES TO RESTART FILE AT STEP 5000
FINISHED WRITING RESTART COORDINATES
The last position output (seq=5000) takes 0.003 seconds, 832.500 MB of memory in use
WRITING VELOCITIES TO RESTART FILE AT STEP 5000
FINISHED WRITING RESTART VELOCITIES
The last velocity output (seq=5000) takes 0.002 seconds, 832.500 MB of memory in use
WRITING EXTENDED SYSTEM TO OUTPUT FILE AT STEP 5000
WRITING COORDINATES TO OUTPUT FILE AT STEP 5000
CLOSING COORDINATE DCD FILE adk-step1.dcd
The last position output (seq=-2) takes 0.004 seconds, 832.500 MB of memory in use
WRITING VELOCITIES TO OUTPUT FILE AT STEP 5000
====================================================

WallClock: 5.820722  CPUTime: 4.360339  Memory: 832.500000 MB
End of program
