5_12_cc.dat
/gpfs/alpine/bip115/scratch/hrlee/radical.pilot.sandbox/re.session.login2.hrlee.018634.0000/pilot.0000/staging_area/5_12_cc.dat
5, 12
Choosing optimized barrier algorithm name I0:HybridBinomial:SHMEM:P2P
Converse/Charm++ Commit ID: v6.10.2-0-g7bf00fa-namd-charm-6.10.2-build-2020-Aug-05-556
Warning> Randomization of virtual memory (ASLR) is turned on in the kernel, thread migration may not work! Run 'echo 0 > /proc/sys/kernel/randomize_va_space' as root to disable it, or try running with '+isomalloc_sync'.
CharmLB> Load balancer assumes all CPUs are same.
Charm++> Running on 1 hosts (1 sockets x 7 cores x 4 PUs = 28-way SMP)
Charm++> cpu topology info is gathered in 0.002 seconds.
Info: Built with CUDA version 10010
Did not find +devices i,j,k,... argument, using all
Pe 23 physical rank 23 will use CUDA device of pe 21
Pe 30 physical rank 30 will use CUDA device of pe 28
Pe 17 physical rank 17 will use CUDA device of pe 14
Pe 37 physical rank 37 will use CUDA device of pe 35
Pe 11 physical rank 11 will use CUDA device of pe 7
Pe 1 physical rank 1 will use CUDA device of pe 4
Pe 25 physical rank 25 will use CUDA device of pe 21
Pe 34 physical rank 34 will use CUDA device of pe 28
Pe 19 physical rank 19 will use CUDA device of pe 14
Pe 40 physical rank 40 will use CUDA device of pe 35
Pe 9 physical rank 9 will use CUDA device of pe 7
Pe 2 physical rank 2 will use CUDA device of pe 4
Pe 24 physical rank 24 will use CUDA device of pe 21
Pe 33 physical rank 33 will use CUDA device of pe 28
Pe 16 physical rank 16 will use CUDA device of pe 14
Pe 39 physical rank 39 will use CUDA device of pe 35
Pe 12 physical rank 12 will use CUDA device of pe 7
Pe 6 physical rank 6 will use CUDA device of pe 4
Pe 26 physical rank 26 will use CUDA device of pe 21
Pe 31 physical rank 31 will use CUDA device of pe 28
Pe 18 physical rank 18 will use CUDA device of pe 14
Pe 41 physical rank 41 will use CUDA device of pe 35
Pe 13 physical rank 13 will use CUDA device of pe 7
Pe 5 physical rank 5 will use CUDA device of pe 4
Pe 27 physical rank 27 will use CUDA device of pe 21
Pe 32 physical rank 32 will use CUDA device of pe 28
Pe 20 physical rank 20 will use CUDA device of pe 14
Pe 38 physical rank 38 will use CUDA device of pe 35
Pe 10 physical rank 10 will use CUDA device of pe 7
Pe 3 physical rank 3 will use CUDA device of pe 4
Pe 22 physical rank 22 will use CUDA device of pe 21
Pe 29 physical rank 29 will use CUDA device of pe 28
Pe 15 physical rank 15 will use CUDA device of pe 14
Pe 36 physical rank 36 will use CUDA device of pe 35
Pe 8 physical rank 8 will use CUDA device of pe 7
Pe 0 physical rank 0 will use CUDA device of pe 4
Pe 21 physical rank 21 binding to CUDA device 0 on h14n10: 'Tesla V100-SXM2-16GB'  Mem: 16128MB  Rev: 7.0  PCI: 35:3:0
Pe 28 physical rank 28 binding to CUDA device 0 on h14n10: 'Tesla V100-SXM2-16GB'  Mem: 16128MB  Rev: 7.0  PCI: 35:4:0
Pe 14 physical rank 14 binding to CUDA device 0 on h14n10: 'Tesla V100-SXM2-16GB'  Mem: 16128MB  Rev: 7.0  PCI: 4:6:0
Pe 35 physical rank 35 binding to CUDA device 0 on h14n10: 'Tesla V100-SXM2-16GB'  Mem: 16128MB  Rev: 7.0  PCI: 35:5:0
Pe 7 physical rank 7 binding to CUDA device 0 on h14n10: 'Tesla V100-SXM2-16GB'  Mem: 16128MB  Rev: 7.0  PCI: 4:5:0
Pe 4 physical rank 4 binding to CUDA device 0 on h14n10: 'Tesla V100-SXM2-16GB'  Mem: 16128MB  Rev: 7.0  PCI: 4:4:0
Info: NAMD 2.14 for Linux-POWER-pami-smp-Summit-CUDA
Info: 
Info: Please visit http://www.ks.uiuc.edu/Research/namd/
Info: for updates, documentation, and support information.
Info: 
Info: Please cite Phillips et al., J. Chem. Phys. 153:044130 (2020) doi:10.1063/5.0014475
Info: in all publications reporting results obtained with NAMD.
Info: 
Info: Based on Charm++/Converse 61002 for pami-linux-ppc64le-smp
Info: Built Wed Aug 5 14:28:51 EDT 2020 by jimp on login2
Info: 1 NAMD  2.14  Linux-POWER-pami-smp-Summit-CUDA  42    h14n10  hrlee
Info: Running on 42 processors, 6 nodes, 1 physical nodes.
Info: CPU topology information available.
Info: Charm++/Converse parallel runtime startup completed at 1.35233 s
CkLoopLib is used in SMP with simple dynamic scheduling (converse-level notification)
Info: 791.25 MB of memory in use based on /proc/self/stat
Info: Configuration file is adk-step1.namd
Info: Working in the current directory /gpfs/alpine/bip115/scratch/hrlee/radical.pilot.sandbox/re.session.login2.hrlee.018634.0000/pilot.0000/unit.000861
TCL: Suspending until startup complete.
Info: SIMULATION PARAMETERS:
Info: TIMESTEP               1
Info: NUMBER OF STEPS        0
Info: STEPS PER CYCLE        20
Info: LOAD BALANCER  Centralized
Info: LOAD BALANCING STRATEGY  New Load Balancers -- DEFAULT
Info: LDB PERIOD             4000 steps
Info: FIRST LDB TIMESTEP     100
Info: LAST LDB TIMESTEP     -1
Info: LDB BACKGROUND SCALING 1
Info: HOM BACKGROUND SCALING 1
Info: MIN ATOMS PER PATCH    40
Info: VELOCITY FILE          5_12_adk-step1.restart.vel
Info: CENTER OF MASS MOVING INITIALLY? NO
Info: DIELECTRIC             80
Info: EXCLUDE                SCALED ONE-FOUR
Info: 1-4 ELECTROSTATICS SCALED BY 1
Info: MODIFIED 1-4 VDW PARAMETERS WILL BE USED
Info: DCD FILENAME           adk-step1.dcd
Info: DCD FREQUENCY          1000
Info: DCD FIRST STEP         1000
Info: NO EXTENDED SYSTEM TRAJECTORY OUTPUT
Info: NO VELOCITY DCD OUTPUT
Info: NO FORCE DCD OUTPUT
Info: OUTPUT FILENAME        adk-step1
Info: BINARY OUTPUT FILES WILL BE USED
Info: RESTART FILENAME       adk-step1.restart
Info: RESTART FREQUENCY      1000
Info: BINARY RESTART FILES WILL BE USED
Info: SWITCHING ACTIVE
Info: SWITCHING ON           9
Info: SWITCHING OFF          10
Info: PAIRLIST DISTANCE      11
Info: PAIRLIST SHRINK RATE   0.01
Info: PAIRLIST GROW RATE     0.01
Info: PAIRLIST TRIGGER       0.3
Info: PAIRLISTS PER CYCLE    2
Info: PAIRLISTS ENABLED
Info: MARGIN                 0
Info: HYDROGEN GROUP CUTOFF  2.5
Info: PATCH DIMENSION        13.5
Info: ENERGY OUTPUT STEPS    100
Info: CROSSTERM ENERGY INCLUDED IN DIHEDRAL
Info: TIMING OUTPUT STEPS    1000
Info: PRESSURE OUTPUT STEPS  100
Info: GRID FORCE ACTIVE
Info:  Please include this reference in published work using
Info:  the Gridforce module of NAMD: David Wells, Volha Abramkina,
Info:  and Aleksei Aksimentiev, J. Chem. Phys. 127:125101-10 (2007).
Info: MGRIDFORCE key 0
Info:            Potfile 4ake-target_autopsf-grid.dx
Info:            Scale 0.3 0.3 0.3
Info:            File 1ake-docked-noh_autopsf-grid.pdb
Info:            Col O
Info:            ChargeCol B
Info:            VOffset 0 0 0
Info:            Continuous K1 FALSE
Info:            Continuous K2 FALSE
Info:            Continuous K3 FALSE
Info:            Volts FALSE
Info:            Gridforce-Lite FALSE
Info:            Gridforce-CheckSize TRUE
Info: LANGEVIN DYNAMICS ACTIVE
Info: LANGEVIN TEMPERATURE   300
Info: LANGEVIN USING BBK INTEGRATOR
Info: LANGEVIN DAMPING COEFFICIENT IS 5 INVERSE PS
Info: LANGEVIN DYNAMICS NOT APPLIED TO HYDROGENS
Info: USING VERLET I (r-RESPA) MTS SCHEME.
Info: C1 SPLITTING OF LONG RANGE ELECTROSTATICS
Info: PLACING ATOMS IN PATCHES BY HYDROGEN GROUPS
Info: RIGID BONDS TO HYDROGEN : WATER
Info:         ERROR TOLERANCE : 1e-08
Info:          MAX ITERATIONS : 100
Info: RIGID WATER USING SETTLE ALGORITHM
Info: NONBONDED FORCES EVALUATED EVERY 2 STEPS
Info: RANDOM NUMBER SEED     1609984514
Info: USE HYDROGEN BONDS?    NO
Info: COORDINATE PDB         1ake-docked-noh_autopsf.pdb
Info: STRUCTURE FILE         1ake-docked-noh_autopsf.psf
Info: PARAMETER file: CHARMM format! 
Info: PARAMETERS             par_all36_prot.prm
Info: USING ARITHMETIC MEAN TO COMBINE L-J SIGMA PARAMETERS
Info: BINARY COORDINATES     5_12_adk-step1.restart.coor
Info: SUMMARY OF PARAMETERS:
Info: 132 BONDS
Info: 362 ANGLES
Info: 702 DIHEDRAL
Info: 35 IMPROPER
Info: 6 CROSSTERM
Info: 53 VDW
Info: 0 VDW_PAIRS
Info: 0 NBTHOLE_PAIRS
Info: TIME FOR READING PSF FILE: 0.490246
Info: READING EXTRA BONDS FILE 1ake-extrabonds.txt
Info: READING EXTRA BONDS FILE 1ake-extrabonds-cispeptide.txt
Info: READING EXTRA BONDS FILE 1ake-extrabonds-chirality.txt
Info: READ 80 EXTRA BONDS
Info: READ 80 EXTRA ANGLES
Warning: EXTRA ANGLES ARE COSINE-BASED BY DEFAULT TO MATCH PREVIOUS VERSIONS
Warning: FOR NORMAL HARMONIC EXTRA ANGLES SET extraBondsCosAngles off
Info: READ 493 EXTRA DIHEDRALS
Info: READ 438 EXTRA IMPROPERS
Info: Reading pdb file 1ake-docked-noh_autopsf.pdb
Info: TIME FOR READING PDB FILE: 0.150656
Info: 
Info: ****************************
Info: STRUCTURE SUMMARY:
Info: 3341 ATOMS
Info: 3445 BONDS
Info: 6203 ANGLES
Info: 9414 DIHEDRALS
Info: 1005 IMPROPERS
Info: 212 CROSSTERMS
Info: 0 EXCLUSIONS
Info: 0 RIGID BONDS
Info: 1 GRIDS ACTIVE
Info: 10023 DEGREES OF FREEDOM
Info: 1656 HYDROGEN GROUPS
Info: 4 ATOMS IN LARGEST HYDROGEN GROUP
Info: 1656 MIGRATION GROUPS
Info: 4 ATOMS IN LARGEST MIGRATION GROUP
Info: TOTAL MASS = 23582 amu
Info: TOTAL CHARGE = -4 e
Info: *****************************
Info: Reading from binary file 5_12_adk-step1.restart.coor
Info: 
Info: Entering startup at 2.7779 s, 799.188 MB of memory in use
Info: Startup phase 0 took 0.000288312 s, 799.188 MB of memory in use
Info: ADDED 18308 IMPLICIT EXCLUSIONS
Info: Startup phase 1 took 0.00976434 s, 799.438 MB of memory in use
Info: NONBONDED TABLE R-SQUARED SPACING: 0.0625
Info: NONBONDED TABLE SIZE: 705 POINTS
Info: ABSOLUTE IMPRECISION IN FAST TABLE ENERGY: 3.38813e-21 AT 9.89634
Info: RELATIVE IMPRECISION IN FAST TABLE ENERGY: 4.23384e-15 AT 9.94673
Info: ABSOLUTE IMPRECISION IN FAST TABLE FORCE: 6.35275e-22 AT 9.94673
Info: RELATIVE IMPRECISION IN FAST TABLE FORCE: 5.07982e-16 AT 9.94673
Info: INCONSISTENCY IN FAST TABLE ENERGY VS FORCE: 0.000290185 AT 0.251946
Info: ABSOLUTE IMPRECISION IN VDWA TABLE ENERGY: 1.57772e-30 AT 9.89634
Info: RELATIVE IMPRECISION IN VDWA TABLE ENERGY: 4.54938e-15 AT 9.94673
Info: ABSOLUTE IMPRECISION IN VDWA TABLE FORCE: 5.91646e-31 AT 9.94673
Info: RELATIVE IMPRECISION IN VDWA TABLE FORCE: 5.6823e-16 AT 9.94673
Info: INCONSISTENCY IN VDWA TABLE ENERGY VS FORCE: 0.0040507 AT 0.251946
Info: ABSOLUTE IMPRECISION IN VDWB TABLE ENERGY: 4.71751e-25 AT 9.94673
Info: RELATIVE IMPRECISION IN VDWB TABLE ENERGY: 1.45371e-14 AT 9.94673
Info: ABSOLUTE IMPRECISION IN VDWB TABLE FORCE: 6.20385e-25 AT 9.94673
Info: RELATIVE IMPRECISION IN VDWB TABLE FORCE: 5.97512e-16 AT 9.94673
Info: INCONSISTENCY IN VDWB TABLE ENERGY VS FORCE: 0.00377068 AT 9.07951
Info: Startup phase 2 took 0.000676769 s, 800.375 MB of memory in use
Info: Startup phase 3 took 0.000204232 s, 800.375 MB of memory in use
Info: Startup phase 4 took 0.000273164 s, 800.562 MB of memory in use
Info: Startup phase 5 took 0.000182937 s, 800.562 MB of memory in use
Info: ORIGINAL ATOMS MINMAX IS -20.5415 -33.2247 -37.5764  16.592 26.4076 16.7178
Info: ADJUSTED ATOMS MINMAX IS -15.5221 -28.2055 -32.9776  11.3686 15.739 9.05406
Info: PATCH GRID IS 4 BY 4 BY 4
Info: PATCH GRID IS 2-AWAY BY 1-AWAY BY 1-AWAY
Info: Reading from binary file 5_12_adk-step1.restart.vel
Info: REMOVING COM VELOCITY -0.0527194 0.0445436 0.0261669
Info: LARGEST PATCH (27) HAS 169 ATOMS
Info: TORUS A SIZE 1 USING 0
Info: TORUS B SIZE 1 USING 0
Info: TORUS C SIZE 1 USING 0
Info: TORUS MINIMAL MESH SIZE IS 1 BY 1 BY 1
Info: Placed 100% of base nodes on same physical node as patch
Info: Startup phase 6 took 0.0196731 s, 800.688 MB of memory in use
Info: Startup phase 7 took 0.000182781 s, 801.938 MB of memory in use
Info: Updated CUDA force table with 4096 elements.
Info: Updated CUDA force table with 4096 elements.
Info: Updated CUDA LJ table with 53 x 53 elements.
Info: Updated CUDA LJ table with 53 x 53 elements.
Info: Updated CUDA force table with 4096 elements.
Info: Updated CUDA force table with 4096 elements.
Info: Updated CUDA LJ table with 53 x 53 elements.
Info: Updated CUDA LJ table with 53 x 53 elements.
Info: Updated CUDA force table with 4096 elements.
Info: Updated CUDA LJ table with 53 x 53 elements.
Info: Updated CUDA force table with 4096 elements.
Info: Updated CUDA LJ table with 53 x 53 elements.
Info: Startup phase 8 took 0.00373645 s, 802.062 MB of memory in use
Info: Startup phase 9 took 0.000452281 s, 802.188 MB of memory in use
Info: Startup phase 10 took 0.000182339 s, 802.438 MB of memory in use
Info: Startup phase 11 took 0.000816892 s, 802.5 MB of memory in use
LDB: Central LB being created...
Info: Startup phase 12 took 0.00216418 s, 803.188 MB of memory in use
Info: CREATING 1516 COMPUTE OBJECTS
Info: Found 278 unique exclusion lists needing 900 bytes
Info: Found 278 unique exclusion lists needing 900 bytes
Info: Found 278 unique exclusion lists needing 900 bytes
Info: Found 278 unique exclusion lists needing 900 bytes
Info: Found 278 unique exclusion lists needing 900 bytes
Info: Found 278 unique exclusion lists needing 900 bytes
Info: useSync: 0 useProxySync: 0
Info: Startup phase 13 took 0.0160365 s, 804.125 MB of memory in use
Info: Building spanning tree ... send: 1 recv: 0 with branch factor 4
Info: Startup phase 14 took 0.000238074 s, 804.375 MB of memory in use
Info: Startup phase 15 took 0.000297096 s, 804.438 MB of memory in use
Info: Finished startup at 2.83307 s, 804.562 MB of memory in use

TCL: Running for 5000 steps
PRESSURE: 0 0 0 0 0 0 0 0 0 0
GPRESSURE: 0 0 0 0 0 0 0 0 0 0
ETITLE:      TS           BOND          ANGLE          DIHED          IMPRP               ELECT            VDW       BOUNDARY           MISC        KINETIC               TOTAL           TEMP      POTENTIAL         TOTAL3        TEMPAVG

ENERGY:       0      1076.1944      1767.7515      2092.2792       150.9637            -43.1628      -784.6308         0.0000      2397.7310      2981.8190           9638.9452       299.4153      6657.1262      9663.0889       299.4153

LDB: ============= START OF LOAD BALANCING ============== 2.84761
LDB: ============== END OF LOAD BALANCING =============== 2.84766
Info: useSync: 0 useProxySync: 0
LDB: =============== DONE WITH MIGRATION ================ 2.84775
LDB: ============= START OF LOAD BALANCING ============== 2.89602
LDB: Partitioning computes with target load 0.000000
LDB: Increased migratable compute count from 0 to 0
LDB: Largest unpartitionable compute is 0.000000
LDB: ============== END OF LOAD BALANCING =============== 2.89642
Info: build node-aware spanning tree with send: 1, recv: 0 with branch factor 4
Info: useSync: 0 useProxySync: 0
LDB: =============== DONE WITH MIGRATION ================ 2.89725
PRESSURE: 100 0 0 0 0 0 0 0 0 0
GPRESSURE: 100 0 0 0 0 0 0 0 0 0
PRESSAVG: 100 0 0 0 0 0 0 0 0 0
GPRESSAVG: 100 0 0 0 0 0 0 0 0 0
Info: Initial time: 42 CPUs 0.000607284 s/step 0.00702875 days/ns 830.938 MB memory
ENERGY:     100      1129.1842      1667.2408      2089.5214       157.5014            -43.3551      -786.4571         0.0000      2396.1816      2976.8169           9586.6341       298.9130      6609.8173      9608.6227       299.7017

LDB: ============= START OF LOAD BALANCING ============== 2.90862
Info: useSync: 0 useProxySync: 0
LDB: ============== END OF LOAD BALANCING =============== 2.90866
LDB: =============== DONE WITH MIGRATION ================ 2.90877
LDB: ============= START OF LOAD BALANCING ============== 2.95248
LDB: TIME 2.95271 LOAD: AVG 0.0126046 MAX 0.0297924  PROXIES: TOTAL 224 MAXPE 13 MAXPATCH 7 None MEM: 831.375 MB
LDB: TIME 2.95287 LOAD: AVG 0.0126046 MAX 0.0297924  PROXIES: TOTAL 224 MAXPE 13 MAXPATCH 7 TorusLB MEM: 831.375 MB
LDB: ============== END OF LOAD BALANCING =============== 2.95314
Info: build node-aware spanning tree with send: 1, recv: 0 with branch factor 4
Info: useSync: 0 useProxySync: 0
LDB: =============== DONE WITH MIGRATION ================ 2.95391
PRESSURE: 200 0 0 0 0 0 0 0 0 0
GPRESSURE: 200 0 0 0 0 0 0 0 0 0
PRESSAVG: 200 0 0 0 0 0 0 0 0 0
GPRESSAVG: 200 0 0 0 0 0 0 0 0 0
Info: Initial time: 42 CPUs 0.000545501 s/step 0.00631367 days/ns 831.375 MB memory
ENERGY:     200      1094.5846      1701.2791      2073.2044       155.4333            -43.7207      -796.2098         0.0000      2399.9467      2997.8511           9582.3687       301.0251      6584.5176      9605.2756       298.6244

LDB: ============= START OF LOAD BALANCING ============== 3.00849
LDB: TIME 3.00879 LOAD: AVG 0.0157652 MAX 0.0373647  PROXIES: TOTAL 224 MAXPE 13 MAXPATCH 7 None MEM: 831.75 MB
LDB: TIME 3.00898 LOAD: AVG 0.0157652 MAX 0.0373647  PROXIES: TOTAL 224 MAXPE 13 MAXPATCH 7 RefineTorusLB MEM: 831.812 MB
LDB: TIME 3.00914 LOAD: AVG 0.0157652 MAX 0.0373647  PROXIES: TOTAL 224 MAXPE 13 MAXPATCH 7 RefineTorusLB MEM: 831.812 MB
LDB: Reverting to original mapping
LDB: ============== END OF LOAD BALANCING =============== 3.0094
Info: build node-aware spanning tree with send: 1, recv: 0 with branch factor 4
Info: useSync: 0 useProxySync: 0
LDB: =============== DONE WITH MIGRATION ================ 3.0102
PRESSURE: 300 0 0 0 0 0 0 0 0 0
GPRESSURE: 300 0 0 0 0 0 0 0 0 0
PRESSAVG: 300 0 0 0 0 0 0 0 0 0
GPRESSAVG: 300 0 0 0 0 0 0 0 0 0
Info: Initial time: 42 CPUs 0.000545508 s/step 0.00631375 days/ns 831.812 MB memory
ENERGY:     300      1059.0326      1696.4586      2081.1085       149.4581            -42.6080      -803.6925         0.0000      2396.7429      2993.5725           9530.0726       300.5955      6536.5001      9556.2324       300.1188

LDB: ============= START OF LOAD BALANCING ============== 3.06434
LDB: TIME 3.06461 LOAD: AVG 0.015784 MAX 0.0379516  PROXIES: TOTAL 224 MAXPE 13 MAXPATCH 7 None MEM: 832.375 MB
LDB: TIME 3.0648 LOAD: AVG 0.015784 MAX 0.0379516  PROXIES: TOTAL 224 MAXPE 13 MAXPATCH 7 RefineTorusLB MEM: 832.375 MB
LDB: TIME 3.06495 LOAD: AVG 0.015784 MAX 0.0379516  PROXIES: TOTAL 224 MAXPE 13 MAXPATCH 7 RefineTorusLB MEM: 832.375 MB
LDB: ============== END OF LOAD BALANCING =============== 3.06523
Info: build node-aware spanning tree with send: 1, recv: 0 with branch factor 4
Info: useSync: 0 useProxySync: 0
LDB: =============== DONE WITH MIGRATION ================ 3.06607
PRESSURE: 400 0 0 0 0 0 0 0 0 0
GPRESSURE: 400 0 0 0 0 0 0 0 0 0
PRESSAVG: 400 0 0 0 0 0 0 0 0 0
GPRESSAVG: 400 0 0 0 0 0 0 0 0 0
Info: Benchmark time: 42 CPUs 0.000539512 s/step 0.00624435 days/ns 832.375 MB memory
ENERGY:     400      1025.9615      1692.1377      2106.7234       147.2723            -43.5747      -773.9145         0.0000      2397.1868      2983.6572           9535.4497       299.5998      6551.7925      9564.1602       297.9613

PRESSURE: 500 0 0 0 0 0 0 0 0 0
GPRESSURE: 500 0 0 0 0 0 0 0 0 0
PRESSAVG: 500 0 0 0 0 0 0 0 0 0
GPRESSAVG: 500 0 0 0 0 0 0 0 0 0
Info: Benchmark time: 42 CPUs 0.000536536 s/step 0.00620991 days/ns 832.75 MB memory
ENERGY:     500      1076.1193      1740.8211      2109.4959       168.3922            -42.8992      -855.3933         0.0000      2410.4888      3010.0224           9617.0473       302.2473      6607.0249      9643.1572       300.9121

PRESSURE: 600 0 0 0 0 0 0 0 0 0
GPRESSURE: 600 0 0 0 0 0 0 0 0 0
PRESSAVG: 600 0 0 0 0 0 0 0 0 0
GPRESSAVG: 600 0 0 0 0 0 0 0 0 0
Info: Benchmark time: 42 CPUs 0.000540423 s/step 0.0062549 days/ns 832.75 MB memory
ENERGY:     600      1088.1118      1676.8179      2062.0024       143.3340            -42.9229      -774.5626         0.0000      2403.1417      2977.9141           9533.8365       299.0232      6555.9224      9557.7395       300.1378

PRESSURE: 700 0 0 0 0 0 0 0 0 0
GPRESSURE: 700 0 0 0 0 0 0 0 0 0
PRESSAVG: 700 0 0 0 0 0 0 0 0 0
GPRESSAVG: 700 0 0 0 0 0 0 0 0 0
Info: Benchmark time: 42 CPUs 0.00053595 s/step 0.00620313 days/ns 832.75 MB memory
ENERGY:     700      1065.1133      1684.7260      2065.4098       135.7401            -42.9726      -760.9396         0.0000      2399.7941      2997.4699           9544.3411       300.9868      6546.8712      9570.7329       298.1724

PRESSURE: 800 0 0 0 0 0 0 0 0 0
GPRESSURE: 800 0 0 0 0 0 0 0 0 0
PRESSAVG: 800 0 0 0 0 0 0 0 0 0
GPRESSAVG: 800 0 0 0 0 0 0 0 0 0
Info: Benchmark time: 42 CPUs 0.000535744 s/step 0.00620074 days/ns 832.75 MB memory
ENERGY:     800      1088.8139      1713.8642      2098.5482       141.7834            -42.3590      -820.5146         0.0000      2399.1533      2999.7026           9578.9920       301.2110      6579.2894      9603.8410       298.8501

PRESSURE: 900 0 0 0 0 0 0 0 0 0
GPRESSURE: 900 0 0 0 0 0 0 0 0 0
PRESSAVG: 900 0 0 0 0 0 0 0 0 0
GPRESSAVG: 900 0 0 0 0 0 0 0 0 0
Info: Benchmark time: 42 CPUs 0.000529215 s/step 0.00612518 days/ns 832.75 MB memory
ENERGY:     900      1079.4268      1708.9730      2056.1702       163.2185            -42.6909      -789.7232         0.0000      2400.6231      2950.2283           9526.2258       296.2431      6575.9975      9550.2821       298.6018

PRESSURE: 1000 0 0 0 0 0 0 0 0 0
GPRESSURE: 1000 0 0 0 0 0 0 0 0 0
PRESSAVG: 1000 0 0 0 0 0 0 0 0 0
GPRESSAVG: 1000 0 0 0 0 0 0 0 0 0
TIMING: 1000  CPU: 0.569891, 0.000552818/step  Wall: 0.570743, 0.000550921/step, 0.000612134 hours remaining, 832.750000 MB of memory in use.
ETITLE:      TS           BOND          ANGLE          DIHED          IMPRP               ELECT            VDW       BOUNDARY           MISC        KINETIC               TOTAL           TEMP      POTENTIAL         TOTAL3        TEMPAVG

ENERGY:    1000      1044.2621      1733.5758      2074.5634       143.6532            -43.6416      -822.5149         0.0000      2404.5765      2941.0511           9475.5256       295.3216      6534.4745      9498.4358       297.5159

WRITING EXTENDED SYSTEM TO RESTART FILE AT STEP 1000
OPENING COORDINATE DCD FILE
WRITING COORDINATES TO DCD FILE adk-step1.dcd AT STEP 1000
WRITING COORDINATES TO RESTART FILE AT STEP 1000
FINISHED WRITING RESTART COORDINATES
The last position output (seq=1000) takes 0.004 seconds, 832.875 MB of memory in use
WRITING VELOCITIES TO RESTART FILE AT STEP 1000
FINISHED WRITING RESTART VELOCITIES
The last velocity output (seq=1000) takes 0.002 seconds, 832.875 MB of memory in use
PRESSURE: 1100 0 0 0 0 0 0 0 0 0
GPRESSURE: 1100 0 0 0 0 0 0 0 0 0
PRESSAVG: 1100 0 0 0 0 0 0 0 0 0
GPRESSAVG: 1100 0 0 0 0 0 0 0 0 0
ENERGY:    1100      1074.7331      1654.5454      2081.9841       150.9382            -43.7758      -739.4528         0.0000      2390.1735      2918.8445           9487.9903       293.0918      6569.1458      9507.5212       295.9126

PRESSURE: 1200 0 0 0 0 0 0 0 0 0
GPRESSURE: 1200 0 0 0 0 0 0 0 0 0
PRESSAVG: 1200 0 0 0 0 0 0 0 0 0
GPRESSAVG: 1200 0 0 0 0 0 0 0 0 0
ENERGY:    1200      1099.3688      1721.7028      2063.5304       153.9909            -43.5619      -819.2406         0.0000      2395.4493      2876.4699           9447.7097       288.8368      6571.2397      9469.9417       294.9518

PRESSURE: 1300 0 0 0 0 0 0 0 0 0
GPRESSURE: 1300 0 0 0 0 0 0 0 0 0
PRESSAVG: 1300 0 0 0 0 0 0 0 0 0
GPRESSAVG: 1300 0 0 0 0 0 0 0 0 0
ENERGY:    1300      1056.4702      1655.1468      2109.1614       171.5084            -42.9298      -767.0263         0.0000      2388.0287      2886.6890           9457.0483       289.8629      6570.3593      9479.0803       294.3743

PRESSURE: 1400 0 0 0 0 0 0 0 0 0
GPRESSURE: 1400 0 0 0 0 0 0 0 0 0
PRESSAVG: 1400 0 0 0 0 0 0 0 0 0
GPRESSAVG: 1400 0 0 0 0 0 0 0 0 0
ENERGY:    1400      1076.5465      1656.8383      2122.7040       156.6047            -43.7734      -805.0432         0.0000      2392.8133      2918.0322           9474.7223       293.0102      6556.6901      9495.6271       294.4064

PRESSURE: 1500 0 0 0 0 0 0 0 0 0
GPRESSURE: 1500 0 0 0 0 0 0 0 0 0
PRESSAVG: 1500 0 0 0 0 0 0 0 0 0
GPRESSAVG: 1500 0 0 0 0 0 0 0 0 0
ENERGY:    1500      1055.1440      1649.4443      2099.1352       148.8330            -43.3493      -822.6496         0.0000      2401.9246      2981.7592           9470.2413       299.4093      6488.4821      9491.7894       294.4305

PRESSURE: 1600 0 0 0 0 0 0 0 0 0
GPRESSURE: 1600 0 0 0 0 0 0 0 0 0
PRESSAVG: 1600 0 0 0 0 0 0 0 0 0
GPRESSAVG: 1600 0 0 0 0 0 0 0 0 0
ENERGY:    1600      1056.4312      1674.6110      2089.9376       132.0621            -43.5484      -806.1389         0.0000      2398.5607      2990.5589           9492.4740       300.2929      6501.9151      9515.5226       294.9242

PRESSURE: 1700 0 0 0 0 0 0 0 0 0
GPRESSURE: 1700 0 0 0 0 0 0 0 0 0
PRESSAVG: 1700 0 0 0 0 0 0 0 0 0
GPRESSAVG: 1700 0 0 0 0 0 0 0 0 0
ENERGY:    1700      1119.5660      1613.0002      2102.8678       138.7930            -44.1463      -839.9184         0.0000      2401.6088      3004.3736           9496.1446       301.6801      6491.7710      9522.8780       296.8080

PRESSURE: 1800 0 0 0 0 0 0 0 0 0
GPRESSURE: 1800 0 0 0 0 0 0 0 0 0
PRESSAVG: 1800 0 0 0 0 0 0 0 0 0
GPRESSAVG: 1800 0 0 0 0 0 0 0 0 0
ENERGY:    1800      1065.1165      1672.5587      2112.6537       152.9318            -43.3194      -806.5761         0.0000      2402.7808      2953.1952           9509.3412       296.5410      6556.1460      9535.9072       295.7324

PRESSURE: 1900 0 0 0 0 0 0 0 0 0
GPRESSURE: 1900 0 0 0 0 0 0 0 0 0
PRESSAVG: 1900 0 0 0 0 0 0 0 0 0
GPRESSAVG: 1900 0 0 0 0 0 0 0 0 0
ENERGY:    1900      1035.0799      1641.5400      2080.2722       152.1423            -43.2976      -787.1022         0.0000      2393.4200      2986.8981           9458.9526       299.9253      6472.0545      9485.0982       294.7729

WRITING COORDINATES TO DCD FILE adk-step1.dcd AT STEP 2000
WRITING COORDINATES TO RESTART FILE AT STEP 2000
FINISHED WRITING RESTART COORDINATES
The last position output (seq=2000) takes 0.003 seconds, 832.875 MB of memory in use
WRITING VELOCITIES TO RESTART FILE AT STEP 2000
FINISHED WRITING RESTART VELOCITIES
The last velocity output (seq=2000) takes 0.002 seconds, 832.875 MB of memory in use
PRESSURE: 2000 0 0 0 0 0 0 0 0 0
GPRESSURE: 2000 0 0 0 0 0 0 0 0 0
PRESSAVG: 2000 0 0 0 0 0 0 0 0 0
GPRESSAVG: 2000 0 0 0 0 0 0 0 0 0
TIMING: 2000  CPU: 1.08658, 0.000516684/step  Wall: 1.09785, 0.000527103/step, 0.000439253 hours remaining, 832.875000 MB of memory in use.
ETITLE:      TS           BOND          ANGLE          DIHED          IMPRP               ELECT            VDW       BOUNDARY           MISC        KINETIC               TOTAL           TEMP      POTENTIAL         TOTAL3        TEMPAVG

ENERGY:    2000      1093.4631      1641.1036      2089.2752       146.7048            -43.3563      -823.1264         0.0000      2390.7806      2944.8248           9439.6694       295.7005      6494.8446      9467.2600       294.9324

WRITING EXTENDED SYSTEM TO RESTART FILE AT STEP 2000
PRESSURE: 2100 0 0 0 0 0 0 0 0 0
GPRESSURE: 2100 0 0 0 0 0 0 0 0 0
PRESSAVG: 2100 0 0 0 0 0 0 0 0 0
GPRESSAVG: 2100 0 0 0 0 0 0 0 0 0
ENERGY:    2100      1060.9316      1714.5815      2096.7851       140.0958            -43.5652      -858.5896         0.0000      2389.6868      2897.6569           9397.5830       290.9642      6499.9260      9422.1047       292.8137

PRESSURE: 2200 0 0 0 0 0 0 0 0 0
GPRESSURE: 2200 0 0 0 0 0 0 0 0 0
PRESSAVG: 2200 0 0 0 0 0 0 0 0 0
GPRESSAVG: 2200 0 0 0 0 0 0 0 0 0
ENERGY:    2200      1081.7278      1668.3233      2102.5527       154.7806            -43.3978      -813.3070         0.0000      2389.3548      2871.1640           9411.1983       288.3040      6540.0343      9433.8160       290.9135

PRESSURE: 2300 0 0 0 0 0 0 0 0 0
GPRESSURE: 2300 0 0 0 0 0 0 0 0 0
PRESSAVG: 2300 0 0 0 0 0 0 0 0 0
GPRESSAVG: 2300 0 0 0 0 0 0 0 0 0
ENERGY:    2300      1062.6578      1674.2403      2090.1322       145.0768            -43.9140      -776.9863         0.0000      2383.6249      2875.0999           9409.9317       288.6992      6534.8319      9429.4474       291.5657

PRESSURE: 2400 0 0 0 0 0 0 0 0 0
GPRESSURE: 2400 0 0 0 0 0 0 0 0 0
PRESSAVG: 2400 0 0 0 0 0 0 0 0 0
GPRESSAVG: 2400 0 0 0 0 0 0 0 0 0
ENERGY:    2400      1077.5631      1691.4169      2100.8562       160.8033            -44.3226      -799.7009         0.0000      2390.0666      2918.1568           9494.8395       293.0227      6576.6826      9519.0292       294.4862

PRESSURE: 2500 0 0 0 0 0 0 0 0 0
GPRESSURE: 2500 0 0 0 0 0 0 0 0 0
PRESSAVG: 2500 0 0 0 0 0 0 0 0 0
GPRESSAVG: 2500 0 0 0 0 0 0 0 0 0
ENERGY:    2500      1089.7714      1664.0895      2108.3897       153.6627            -44.3413      -826.6251         0.0000      2399.9984      2961.7444           9506.6897       297.3995      6544.9453      9530.7460       295.1918

PRESSURE: 2600 0 0 0 0 0 0 0 0 0
GPRESSURE: 2600 0 0 0 0 0 0 0 0 0
PRESSAVG: 2600 0 0 0 0 0 0 0 0 0
GPRESSAVG: 2600 0 0 0 0 0 0 0 0 0
ENERGY:    2600      1060.0798      1682.9945      2103.4635       155.0477            -42.9095      -810.0871         0.0000      2403.1287      2966.9882           9518.7060       297.9260      6551.7177      9544.2182       295.5814

PRESSURE: 2700 0 0 0 0 0 0 0 0 0
GPRESSURE: 2700 0 0 0 0 0 0 0 0 0
PRESSAVG: 2700 0 0 0 0 0 0 0 0 0
GPRESSAVG: 2700 0 0 0 0 0 0 0 0 0
ENERGY:    2700      1050.3803      1674.8914      2091.6206       140.8112            -42.6207      -803.5056         0.0000      2401.4259      2978.9388           9491.9419       299.1261      6513.0031      9516.5796       296.8332

PRESSURE: 2800 0 0 0 0 0 0 0 0 0
GPRESSURE: 2800 0 0 0 0 0 0 0 0 0
PRESSAVG: 2800 0 0 0 0 0 0 0 0 0
GPRESSAVG: 2800 0 0 0 0 0 0 0 0 0
ENERGY:    2800      1042.8929      1679.4095      2097.3641       150.9134            -44.0654      -797.6273         0.0000      2394.3169      2954.8058           9478.0099       296.7028      6523.2041      9503.8333       295.1059

PRESSURE: 2900 0 0 0 0 0 0 0 0 0
GPRESSURE: 2900 0 0 0 0 0 0 0 0 0
PRESSAVG: 2900 0 0 0 0 0 0 0 0 0
GPRESSAVG: 2900 0 0 0 0 0 0 0 0 0
ENERGY:    2900      1081.3506      1655.7700      2096.4526       154.3651            -43.8158      -819.1409         0.0000      2394.7976      2924.4892           9444.2684       293.6586      6519.7793      9471.5407       293.4293

WRITING COORDINATES TO DCD FILE adk-step1.dcd AT STEP 3000
WRITING COORDINATES TO RESTART FILE AT STEP 3000
FINISHED WRITING RESTART COORDINATES
The last position output (seq=3000) takes 0.003 seconds, 832.875 MB of memory in use
WRITING VELOCITIES TO RESTART FILE AT STEP 3000
FINISHED WRITING RESTART VELOCITIES
The last velocity output (seq=3000) takes 0.002 seconds, 832.875 MB of memory in use
PRESSURE: 3000 0 0 0 0 0 0 0 0 0
GPRESSURE: 3000 0 0 0 0 0 0 0 0 0
PRESSAVG: 3000 0 0 0 0 0 0 0 0 0
GPRESSAVG: 3000 0 0 0 0 0 0 0 0 0
TIMING: 3000  CPU: 1.5992, 0.000512625/step  Wall: 1.61497, 0.000517127/step, 0.000287293 hours remaining, 832.875000 MB of memory in use.
ETITLE:      TS           BOND          ANGLE          DIHED          IMPRP               ELECT            VDW       BOUNDARY           MISC        KINETIC               TOTAL           TEMP      POTENTIAL         TOTAL3        TEMPAVG

ENERGY:    3000      1069.8610      1679.9905      2098.2593       158.6283            -42.4329      -776.7998         0.0000      2395.9844      2866.4478           9449.9386       287.8304      6583.4908      9470.5562       293.2726

WRITING EXTENDED SYSTEM TO RESTART FILE AT STEP 3000
PRESSURE: 3100 0 0 0 0 0 0 0 0 0
GPRESSURE: 3100 0 0 0 0 0 0 0 0 0
PRESSAVG: 3100 0 0 0 0 0 0 0 0 0
GPRESSAVG: 3100 0 0 0 0 0 0 0 0 0
ENERGY:    3100      1075.8608      1659.7219      2099.9374       142.4616            -43.2344      -822.1746         0.0000      2398.5526      2964.5035           9475.6287       297.6765      6511.1253      9502.3725       294.5290

PRESSURE: 3200 0 0 0 0 0 0 0 0 0
GPRESSURE: 3200 0 0 0 0 0 0 0 0 0
PRESSAVG: 3200 0 0 0 0 0 0 0 0 0
GPRESSAVG: 3200 0 0 0 0 0 0 0 0 0
ENERGY:    3200      1069.8525      1634.2479      2102.5671       164.2114            -44.1510      -801.5062         0.0000      2389.6052      2870.1975           9385.0244       288.2069      6514.8269      9407.7450       292.7323

PRESSURE: 3300 0 0 0 0 0 0 0 0 0
GPRESSURE: 3300 0 0 0 0 0 0 0 0 0
PRESSAVG: 3300 0 0 0 0 0 0 0 0 0
GPRESSAVG: 3300 0 0 0 0 0 0 0 0 0
ENERGY:    3300      1072.1692      1620.1418      2097.9004       133.8161            -42.6051      -803.3943         0.0000      2395.8870      2953.5718           9427.4869       296.5789      6473.9151      9455.9262       290.7772

PRESSURE: 3400 0 0 0 0 0 0 0 0 0
GPRESSURE: 3400 0 0 0 0 0 0 0 0 0
PRESSAVG: 3400 0 0 0 0 0 0 0 0 0
GPRESSAVG: 3400 0 0 0 0 0 0 0 0 0
ENERGY:    3400      1071.8694      1670.2962      2066.9262       146.0534            -43.0027      -779.9597         0.0000      2398.0305      2942.5965           9472.8096       295.4768      6530.2132      9494.4895       294.1246

PRESSURE: 3500 0 0 0 0 0 0 0 0 0
GPRESSURE: 3500 0 0 0 0 0 0 0 0 0
PRESSAVG: 3500 0 0 0 0 0 0 0 0 0
GPRESSAVG: 3500 0 0 0 0 0 0 0 0 0
ENERGY:    3500      1083.4072      1711.8544      2101.6979       159.5689            -42.8007      -797.7314         0.0000      2404.8320      2894.1096           9514.9378       290.6080      6620.8282      9538.9704       296.9754

PRESSURE: 3600 0 0 0 0 0 0 0 0 0
GPRESSURE: 3600 0 0 0 0 0 0 0 0 0
PRESSAVG: 3600 0 0 0 0 0 0 0 0 0
GPRESSAVG: 3600 0 0 0 0 0 0 0 0 0
ENERGY:    3600      1082.8305      1684.2329      2106.6850       151.0340            -43.3836      -819.2812         0.0000      2413.9362      2952.9859           9529.0396       296.5200      6576.0537      9550.8067       297.0389

PRESSURE: 3700 0 0 0 0 0 0 0 0 0
GPRESSURE: 3700 0 0 0 0 0 0 0 0 0
PRESSAVG: 3700 0 0 0 0 0 0 0 0 0
GPRESSAVG: 3700 0 0 0 0 0 0 0 0 0
ENERGY:    3700      1060.7471      1693.2677      2096.1942       146.9254            -42.6481      -784.7307         0.0000      2409.7633      2969.2606           9548.7796       298.1542      6579.5190      9571.3795       295.8279

PRESSURE: 3800 0 0 0 0 0 0 0 0 0
GPRESSURE: 3800 0 0 0 0 0 0 0 0 0
PRESSAVG: 3800 0 0 0 0 0 0 0 0 0
GPRESSAVG: 3800 0 0 0 0 0 0 0 0 0
ENERGY:    3800      1095.1583      1681.9916      2125.7866       149.3669            -42.1393      -787.9978         0.0000      2414.0084      2856.3096           9492.4842       286.8124      6636.1746      9513.4346       294.9889

PRESSURE: 3900 0 0 0 0 0 0 0 0 0
GPRESSURE: 3900 0 0 0 0 0 0 0 0 0
PRESSAVG: 3900 0 0 0 0 0 0 0 0 0
GPRESSAVG: 3900 0 0 0 0 0 0 0 0 0
ENERGY:    3900      1068.8721      1687.5750      2113.8542       149.4547            -42.0293      -826.2740         0.0000      2411.7374      2905.3957           9468.5859       291.7413      6563.1902      9495.0946       292.7675

WRITING COORDINATES TO DCD FILE adk-step1.dcd AT STEP 4000
WRITING COORDINATES TO RESTART FILE AT STEP 4000
FINISHED WRITING RESTART COORDINATES
The last position output (seq=4000) takes 0.003 seconds, 832.875 MB of memory in use
WRITING VELOCITIES TO RESTART FILE AT STEP 4000
FINISHED WRITING RESTART VELOCITIES
The last velocity output (seq=4000) takes 0.002 seconds, 832.875 MB of memory in use
PRESSURE: 4000 0 0 0 0 0 0 0 0 0
GPRESSURE: 4000 0 0 0 0 0 0 0 0 0
PRESSAVG: 4000 0 0 0 0 0 0 0 0 0
GPRESSAVG: 4000 0 0 0 0 0 0 0 0 0
TIMING: 4000  CPU: 2.10668, 0.000507477/step  Wall: 2.12648, 0.000511502/step, 0.000142084 hours remaining, 832.875000 MB of memory in use.
ETITLE:      TS           BOND          ANGLE          DIHED          IMPRP               ELECT            VDW       BOUNDARY           MISC        KINETIC               TOTAL           TEMP      POTENTIAL         TOTAL3        TEMPAVG

ENERGY:    4000      1031.2570      1678.4601      2109.3091       150.7501            -41.8235      -776.4179         0.0000      2411.1652      2925.5813           9488.2813       293.7682      6562.7000      9512.4892       294.1110

WRITING EXTENDED SYSTEM TO RESTART FILE AT STEP 4000
PRESSURE: 4100 0 0 0 0 0 0 0 0 0
GPRESSURE: 4100 0 0 0 0 0 0 0 0 0
PRESSAVG: 4100 0 0 0 0 0 0 0 0 0
GPRESSAVG: 4100 0 0 0 0 0 0 0 0 0
ENERGY:    4100      1062.5861      1687.1575      2105.2679       143.8392            -41.9099      -806.7573         0.0000      2408.3630      2957.6565           9516.2030       296.9890      6558.5465      9542.1427       295.5098

PRESSURE: 4200 0 0 0 0 0 0 0 0 0
GPRESSURE: 4200 0 0 0 0 0 0 0 0 0
PRESSAVG: 4200 0 0 0 0 0 0 0 0 0
GPRESSAVG: 4200 0 0 0 0 0 0 0 0 0
ENERGY:    4200      1087.5975      1678.0531      2092.4923       159.3148            -42.3406      -786.9279         0.0000      2410.0413      2961.9190           9560.1495       297.4170      6598.2305      9580.6362       299.0818

LDB: ============= START OF LOAD BALANCING ============== 5.09535
LDB: ============== END OF LOAD BALANCING =============== 5.09542
Info: useSync: 0 useProxySync: 0
LDB: =============== DONE WITH MIGRATION ================ 5.09553
PRESSURE: 4300 0 0 0 0 0 0 0 0 0
GPRESSURE: 4300 0 0 0 0 0 0 0 0 0
PRESSAVG: 4300 0 0 0 0 0 0 0 0 0
GPRESSAVG: 4300 0 0 0 0 0 0 0 0 0
ENERGY:    4300      1055.1499      1706.8229      2104.2403       138.5755            -42.7161      -805.7424         0.0000      2408.3497      2960.4545           9525.1344       297.2700      6564.6799      9547.1657       295.9448

LDB: ============= START OF LOAD BALANCING ============== 5.14661
LDB: TIME 5.14692 LOAD: AVG 0.0147418 MAX 0.0379523  PROXIES: TOTAL 224 MAXPE 13 MAXPATCH 7 None MEM: 832.875 MB
LDB: TIME 5.14711 LOAD: AVG 0.0147418 MAX 0.0379523  PROXIES: TOTAL 224 MAXPE 13 MAXPATCH 7 RefineTorusLB MEM: 832.938 MB
LDB: TIME 5.14727 LOAD: AVG 0.0147418 MAX 0.0379523  PROXIES: TOTAL 224 MAXPE 13 MAXPATCH 7 RefineTorusLB MEM: 832.938 MB
LDB: Reverting to original mapping
LDB: ============== END OF LOAD BALANCING =============== 5.14754
Info: build node-aware spanning tree with send: 1, recv: 0 with branch factor 4
Info: useSync: 0 useProxySync: 0
LDB: =============== DONE WITH MIGRATION ================ 5.14835
PRESSURE: 4400 0 0 0 0 0 0 0 0 0
GPRESSURE: 4400 0 0 0 0 0 0 0 0 0
PRESSAVG: 4400 0 0 0 0 0 0 0 0 0
GPRESSAVG: 4400 0 0 0 0 0 0 0 0 0
ENERGY:    4400      1068.5096      1678.9483      2105.2594       154.8880            -42.6229      -803.5349         0.0000      2403.4778      2940.2361           9505.1613       295.2398      6564.9252      9528.0434       296.1674

PRESSURE: 4500 0 0 0 0 0 0 0 0 0
GPRESSURE: 4500 0 0 0 0 0 0 0 0 0
PRESSAVG: 4500 0 0 0 0 0 0 0 0 0
GPRESSAVG: 4500 0 0 0 0 0 0 0 0 0
ENERGY:    4500      1087.0987      1639.3914      2117.1720       140.8572            -43.2272      -786.9249         0.0000      2406.3544      2951.5030           9512.2246       296.3711      6560.7216      9533.1418       295.0928

PRESSURE: 4600 0 0 0 0 0 0 0 0 0
GPRESSURE: 4600 0 0 0 0 0 0 0 0 0
PRESSAVG: 4600 0 0 0 0 0 0 0 0 0
GPRESSAVG: 4600 0 0 0 0 0 0 0 0 0
ENERGY:    4600      1074.2558      1680.9467      2098.7635       147.0155            -42.8956      -810.4033         0.0000      2415.9215      2960.4055           9524.0096       297.2651      6563.6040      9549.0267       298.5676

PRESSURE: 4700 0 0 0 0 0 0 0 0 0
GPRESSURE: 4700 0 0 0 0 0 0 0 0 0
PRESSAVG: 4700 0 0 0 0 0 0 0 0 0
GPRESSAVG: 4700 0 0 0 0 0 0 0 0 0
ENERGY:    4700      1109.0715      1672.5272      2056.1083       154.2495            -43.1234      -798.2467         0.0000      2421.0096      2903.9877           9475.5837       291.5999      6571.5961      9495.9566       295.2337

PRESSURE: 4800 0 0 0 0 0 0 0 0 0
GPRESSURE: 4800 0 0 0 0 0 0 0 0 0
PRESSAVG: 4800 0 0 0 0 0 0 0 0 0
GPRESSAVG: 4800 0 0 0 0 0 0 0 0 0
ENERGY:    4800      1093.1036      1683.3976      2058.3548       154.9132            -44.4778      -832.4122         0.0000      2419.4147      2937.6275           9469.9214       294.9778      6532.2939      9493.7527       295.0289

PRESSURE: 4900 0 0 0 0 0 0 0 0 0
GPRESSURE: 4900 0 0 0 0 0 0 0 0 0
PRESSAVG: 4900 0 0 0 0 0 0 0 0 0
GPRESSAVG: 4900 0 0 0 0 0 0 0 0 0
ENERGY:    4900      1102.9826      1678.8440      2086.5931       156.4410            -44.9922      -819.8560         0.0000      2410.3214      2908.6444           9478.9783       292.0675      6570.3339      9501.1548       294.4974

PRESSURE: 5000 0 0 0 0 0 0 0 0 0
GPRESSURE: 5000 0 0 0 0 0 0 0 0 0
PRESSAVG: 5000 0 0 0 0 0 0 0 0 0
GPRESSAVG: 5000 0 0 0 0 0 0 0 0 0
TIMING: 5000  CPU: 2.61714, 0.000510468/step  Wall: 2.6378, 0.000511321/step, 0 hours remaining, 832.937500 MB of memory in use.
ETITLE:      TS           BOND          ANGLE          DIHED          IMPRP               ELECT            VDW       BOUNDARY           MISC        KINETIC               TOTAL           TEMP      POTENTIAL         TOTAL3        TEMPAVG

ENERGY:    5000      1099.8577      1629.8024      2087.6682       145.8337            -43.7707      -802.0036         0.0000      2407.5765      3003.2818           9528.2460       301.5704      6524.9642      9553.3122       295.7537

WRITING EXTENDED SYSTEM TO RESTART FILE AT STEP 5000
WRITING COORDINATES TO DCD FILE adk-step1.dcd AT STEP 5000
WRITING COORDINATES TO RESTART FILE AT STEP 5000
FINISHED WRITING RESTART COORDINATES
The last position output (seq=5000) takes 0.002 seconds, 833.375 MB of memory in use
WRITING VELOCITIES TO RESTART FILE AT STEP 5000
FINISHED WRITING RESTART VELOCITIES
The last velocity output (seq=5000) takes 0.002 seconds, 833.375 MB of memory in use
WRITING EXTENDED SYSTEM TO OUTPUT FILE AT STEP 5000
WRITING COORDINATES TO OUTPUT FILE AT STEP 5000
CLOSING COORDINATE DCD FILE adk-step1.dcd
The last position output (seq=-2) takes 0.009 seconds, 833.375 MB of memory in use
WRITING VELOCITIES TO OUTPUT FILE AT STEP 5000
====================================================

WallClock: 5.469667  CPUTime: 3.744587  Memory: 833.437500 MB
End of program
