0_4_cc.dat
/gpfs/alpine/bip115/scratch/hrlee/radical.pilot.sandbox/re.session.login1.hrlee.018632.0005/pilot.0000/staging_area/0_4_cc.dat
0, 4
Choosing optimized barrier algorithm name I0:HybridBinomial:SHMEM:P2P
Converse/Charm++ Commit ID: v6.10.2-0-g7bf00fa-namd-charm-6.10.2-build-2020-Aug-05-556
Warning> Randomization of virtual memory (ASLR) is turned on in the kernel, thread migration may not work! Run 'echo 0 > /proc/sys/kernel/randomize_va_space' as root to disable it, or try running with '+isomalloc_sync'.
CharmLB> Load balancer assumes all CPUs are same.
Charm++> Running on 1 hosts (1 sockets x 7 cores x 4 PUs = 28-way SMP)
Charm++> cpu topology info is gathered in 0.002 seconds.
Info: Built with CUDA version 10010
Did not find +devices i,j,k,... argument, using all
Pe 10 physical rank 10 will use CUDA device of pe 7
Pe 6 physical rank 6 will use CUDA device of pe 4
Pe 32 physical rank 32 will use CUDA device of pe 28
Pe 16 physical rank 16 will use CUDA device of pe 14
Pe 24 physical rank 24 will use CUDA device of pe 21
Pe 39 physical rank 39 will use CUDA device of pe 35
Pe 12 physical rank 12 will use CUDA device of pe 7
Pe 3 physical rank 3 will use CUDA device of pe 4
Pe 33 physical rank 33 will use CUDA device of pe 28
Pe 19 physical rank 19 will use CUDA device of pe 14
Pe 27 physical rank 27 will use CUDA device of pe 21
Pe 40 physical rank 40 will use CUDA device of pe 35
Pe 13 physical rank 13 will use CUDA device of pe 7
Pe 2 physical rank 2 will use CUDA device of pe 4
Pe 30 physical rank 30 will use CUDA device of pe 28
Pe 17 physical rank 17 will use CUDA device of pe 14
Pe 25 physical rank 25 will use CUDA device of pe 21
Pe 41 physical rank 41 will use CUDA device of pe 35
Pe 9 physical rank 9 will use CUDA device of pe 7
Pe 5 physical rank 5 will use CUDA device of pe 4
Pe 34 physical rank 34 will use CUDA device of pe 28
Pe 20 physical rank 20 will use CUDA device of pe 14
Pe 23 physical rank 23 will use CUDA device of pe 21
Pe 38 physical rank 38 will use CUDA device of pe 35
Pe 11 physical rank 11 will use CUDA device of pe 7
Pe 1 physical rank 1 will use CUDA device of pe 4
Pe 31 physical rank 31 will use CUDA device of pe 28
Pe 18 physical rank 18 will use CUDA device of pe 14
Pe 26 physical rank 26 will use CUDA device of pe 21
Pe 37 physical rank 37 will use CUDA device of pe 35
Pe 8 physical rank 8 will use CUDA device of pe 7
Pe 29 physical rank 29 will use CUDA device of pe 28
Pe 15 physical rank 15 will use CUDA device of pe 14
Pe 22 physical rank 22 will use CUDA device of pe 21
Pe 36 physical rank 36 will use CUDA device of pe 35
Pe 0 physical rank 0 will use CUDA device of pe 4
Pe 7 physical rank 7 binding to CUDA device 0 on h35n16: 'Tesla V100-SXM2-16GB'  Mem: 16128MB  Rev: 7.0  PCI: 4:5:0
Pe 4 physical rank 4 binding to CUDA device 0 on h35n16: 'Tesla V100-SXM2-16GB'  Mem: 16128MB  Rev: 7.0  PCI: 4:4:0
Pe 28 physical rank 28 binding to CUDA device 0 on h35n16: 'Tesla V100-SXM2-16GB'  Mem: 16128MB  Rev: 7.0  PCI: 35:4:0
Pe 14 physical rank 14 binding to CUDA device 0 on h35n16: 'Tesla V100-SXM2-16GB'  Mem: 16128MB  Rev: 7.0  PCI: 4:6:0
Pe 21 physical rank 21 binding to CUDA device 0 on h35n16: 'Tesla V100-SXM2-16GB'  Mem: 16128MB  Rev: 7.0  PCI: 35:3:0
Pe 35 physical rank 35 binding to CUDA device 0 on h35n16: 'Tesla V100-SXM2-16GB'  Mem: 16128MB  Rev: 7.0  PCI: 35:5:0
Info: NAMD 2.14 for Linux-POWER-pami-smp-Summit-CUDA
Info: 
Info: Please visit http://www.ks.uiuc.edu/Research/namd/
Info: for updates, documentation, and support information.
Info: 
Info: Please cite Phillips et al., J. Chem. Phys. 153:044130 (2020) doi:10.1063/5.0014475
Info: in all publications reporting results obtained with NAMD.
Info: 
Info: Based on Charm++/Converse 61002 for pami-linux-ppc64le-smp
Info: Built Wed Aug 5 14:28:51 EDT 2020 by jimp on login2
Info: 1 NAMD  2.14  Linux-POWER-pami-smp-Summit-CUDA  42    h35n16  hrlee
Info: Running on 42 processors, 6 nodes, 1 physical nodes.
Info: CPU topology information available.
Info: Charm++/Converse parallel runtime startup completed at 1.37993 s
CkLoopLib is used in SMP with simple dynamic scheduling (converse-level notification)
Info: 791.625 MB of memory in use based on /proc/self/stat
Info: Configuration file is adk-step1.namd
Info: Working in the current directory /gpfs/alpine/bip115/scratch/hrlee/radical.pilot.sandbox/re.session.login1.hrlee.018632.0005/pilot.0000/unit.000357
TCL: Suspending until startup complete.
Info: SIMULATION PARAMETERS:
Info: TIMESTEP               1
Info: NUMBER OF STEPS        0
Info: STEPS PER CYCLE        20
Info: LOAD BALANCER  Centralized
Info: LOAD BALANCING STRATEGY  New Load Balancers -- DEFAULT
Info: LDB PERIOD             4000 steps
Info: FIRST LDB TIMESTEP     100
Info: LAST LDB TIMESTEP     -1
Info: LDB BACKGROUND SCALING 1
Info: HOM BACKGROUND SCALING 1
Info: MIN ATOMS PER PATCH    40
Info: VELOCITY FILE          0_4_adk-step1.restart.vel
Info: CENTER OF MASS MOVING INITIALLY? NO
Info: DIELECTRIC             80
Info: EXCLUDE                SCALED ONE-FOUR
Info: 1-4 ELECTROSTATICS SCALED BY 1
Info: MODIFIED 1-4 VDW PARAMETERS WILL BE USED
Info: DCD FILENAME           adk-step1.dcd
Info: DCD FREQUENCY          1000
Info: DCD FIRST STEP         1000
Info: NO EXTENDED SYSTEM TRAJECTORY OUTPUT
Info: NO VELOCITY DCD OUTPUT
Info: NO FORCE DCD OUTPUT
Info: OUTPUT FILENAME        adk-step1
Info: BINARY OUTPUT FILES WILL BE USED
Info: RESTART FILENAME       adk-step1.restart
Info: RESTART FREQUENCY      1000
Info: BINARY RESTART FILES WILL BE USED
Info: SWITCHING ACTIVE
Info: SWITCHING ON           9
Info: SWITCHING OFF          10
Info: PAIRLIST DISTANCE      11
Info: PAIRLIST SHRINK RATE   0.01
Info: PAIRLIST GROW RATE     0.01
Info: PAIRLIST TRIGGER       0.3
Info: PAIRLISTS PER CYCLE    2
Info: PAIRLISTS ENABLED
Info: MARGIN                 0
Info: HYDROGEN GROUP CUTOFF  2.5
Info: PATCH DIMENSION        13.5
Info: ENERGY OUTPUT STEPS    100
Info: CROSSTERM ENERGY INCLUDED IN DIHEDRAL
Info: TIMING OUTPUT STEPS    1000
Info: PRESSURE OUTPUT STEPS  100
Info: GRID FORCE ACTIVE
Info:  Please include this reference in published work using
Info:  the Gridforce module of NAMD: David Wells, Volha Abramkina,
Info:  and Aleksei Aksimentiev, J. Chem. Phys. 127:125101-10 (2007).
Info: MGRIDFORCE key 0
Info:            Potfile 4ake-target_autopsf-grid.dx
Info:            Scale 0.3 0.3 0.3
Info:            File 1ake-docked-noh_autopsf-grid.pdb
Info:            Col O
Info:            ChargeCol B
Info:            VOffset 0 0 0
Info:            Continuous K1 FALSE
Info:            Continuous K2 FALSE
Info:            Continuous K3 FALSE
Info:            Volts FALSE
Info:            Gridforce-Lite FALSE
Info:            Gridforce-CheckSize TRUE
Info: LANGEVIN DYNAMICS ACTIVE
Info: LANGEVIN TEMPERATURE   300
Info: LANGEVIN USING BBK INTEGRATOR
Info: LANGEVIN DAMPING COEFFICIENT IS 5 INVERSE PS
Info: LANGEVIN DYNAMICS NOT APPLIED TO HYDROGENS
Info: USING VERLET I (r-RESPA) MTS SCHEME.
Info: C1 SPLITTING OF LONG RANGE ELECTROSTATICS
Info: PLACING ATOMS IN PATCHES BY HYDROGEN GROUPS
Info: RIGID BONDS TO HYDROGEN : WATER
Info:         ERROR TOLERANCE : 1e-08
Info:          MAX ITERATIONS : 100
Info: RIGID WATER USING SETTLE ALGORITHM
Info: NONBONDED FORCES EVALUATED EVERY 2 STEPS
Info: RANDOM NUMBER SEED     1609827835
Info: USE HYDROGEN BONDS?    NO
Info: COORDINATE PDB         1ake-docked-noh_autopsf.pdb
Info: STRUCTURE FILE         1ake-docked-noh_autopsf.psf
Info: PARAMETER file: CHARMM format! 
Info: PARAMETERS             par_all36_prot.prm
Info: USING ARITHMETIC MEAN TO COMBINE L-J SIGMA PARAMETERS
Info: BINARY COORDINATES     0_4_adk-step1.restart.coor
Info: SUMMARY OF PARAMETERS:
Info: 132 BONDS
Info: 362 ANGLES
Info: 702 DIHEDRAL
Info: 35 IMPROPER
Info: 6 CROSSTERM
Info: 53 VDW
Info: 0 VDW_PAIRS
Info: 0 NBTHOLE_PAIRS
Info: TIME FOR READING PSF FILE: 0.363224
Info: READING EXTRA BONDS FILE 1ake-extrabonds.txt
Info: READING EXTRA BONDS FILE 1ake-extrabonds-cispeptide.txt
Info: READING EXTRA BONDS FILE 1ake-extrabonds-chirality.txt
Info: READ 80 EXTRA BONDS
Info: READ 80 EXTRA ANGLES
Warning: EXTRA ANGLES ARE COSINE-BASED BY DEFAULT TO MATCH PREVIOUS VERSIONS
Warning: FOR NORMAL HARMONIC EXTRA ANGLES SET extraBondsCosAngles off
Info: READ 493 EXTRA DIHEDRALS
Info: READ 438 EXTRA IMPROPERS
Info: Reading pdb file 1ake-docked-noh_autopsf.pdb
Info: TIME FOR READING PDB FILE: 0.0906577
Info: 
Info: ****************************
Info: STRUCTURE SUMMARY:
Info: 3341 ATOMS
Info: 3445 BONDS
Info: 6203 ANGLES
Info: 9414 DIHEDRALS
Info: 1005 IMPROPERS
Info: 212 CROSSTERMS
Info: 0 EXCLUSIONS
Info: 0 RIGID BONDS
Info: 1 GRIDS ACTIVE
Info: 10023 DEGREES OF FREEDOM
Info: 1656 HYDROGEN GROUPS
Info: 4 ATOMS IN LARGEST HYDROGEN GROUP
Info: 1656 MIGRATION GROUPS
Info: 4 ATOMS IN LARGEST MIGRATION GROUP
Info: TOTAL MASS = 23582 amu
Info: TOTAL CHARGE = -4 e
Info: *****************************
Info: Reading from binary file 0_4_adk-step1.restart.coor
Info: 
Info: Entering startup at 2.17752 s, 798.375 MB of memory in use
Info: Startup phase 0 took 0.000240892 s, 798.375 MB of memory in use
Info: ADDED 18308 IMPLICIT EXCLUSIONS
Info: Startup phase 1 took 0.00733036 s, 798.625 MB of memory in use
Info: NONBONDED TABLE R-SQUARED SPACING: 0.0625
Info: NONBONDED TABLE SIZE: 705 POINTS
Info: ABSOLUTE IMPRECISION IN FAST TABLE ENERGY: 3.38813e-21 AT 9.89634
Info: RELATIVE IMPRECISION IN FAST TABLE ENERGY: 4.23384e-15 AT 9.94673
Info: ABSOLUTE IMPRECISION IN FAST TABLE FORCE: 6.35275e-22 AT 9.94673
Info: RELATIVE IMPRECISION IN FAST TABLE FORCE: 5.07982e-16 AT 9.94673
Info: INCONSISTENCY IN FAST TABLE ENERGY VS FORCE: 0.000290185 AT 0.251946
Info: ABSOLUTE IMPRECISION IN VDWA TABLE ENERGY: 1.57772e-30 AT 9.89634
Info: RELATIVE IMPRECISION IN VDWA TABLE ENERGY: 4.54938e-15 AT 9.94673
Info: ABSOLUTE IMPRECISION IN VDWA TABLE FORCE: 5.91646e-31 AT 9.94673
Info: RELATIVE IMPRECISION IN VDWA TABLE FORCE: 5.6823e-16 AT 9.94673
Info: INCONSISTENCY IN VDWA TABLE ENERGY VS FORCE: 0.0040507 AT 0.251946
Info: ABSOLUTE IMPRECISION IN VDWB TABLE ENERGY: 4.71751e-25 AT 9.94673
Info: RELATIVE IMPRECISION IN VDWB TABLE ENERGY: 1.45371e-14 AT 9.94673
Info: ABSOLUTE IMPRECISION IN VDWB TABLE FORCE: 6.20385e-25 AT 9.94673
Info: RELATIVE IMPRECISION IN VDWB TABLE FORCE: 5.97512e-16 AT 9.94673
Info: INCONSISTENCY IN VDWB TABLE ENERGY VS FORCE: 0.00377068 AT 9.07951
Info: Startup phase 2 took 0.000594702 s, 800 MB of memory in use
Info: Startup phase 3 took 0.000201639 s, 800.312 MB of memory in use
Info: Startup phase 4 took 0.000243059 s, 800.5 MB of memory in use
Info: Startup phase 5 took 0.000183518 s, 800.5 MB of memory in use
Info: ORIGINAL ATOMS MINMAX IS -22.7314 -33.2014 -34.5631  17.4175 12.4588 15.1385
Info: ADJUSTED ATOMS MINMAX IS -17.5007 -27.1213 -29.9854  11.7681 7.14532 6.29867
Info: PATCH GRID IS 5 BY 3 BY 3
Info: PATCH GRID IS 2-AWAY BY 1-AWAY BY 1-AWAY
Info: Reading from binary file 0_4_adk-step1.restart.vel
Info: REMOVING COM VELOCITY -0.0492706 0.011012 -0.13868
Info: LARGEST PATCH (24) HAS 131 ATOMS
Info: TORUS A SIZE 1 USING 0
Info: TORUS B SIZE 1 USING 0
Info: TORUS C SIZE 1 USING 0
Info: TORUS MINIMAL MESH SIZE IS 1 BY 1 BY 1
Info: Placed 100% of base nodes on same physical node as patch
Info: Startup phase 6 took 0.00804843 s, 800.625 MB of memory in use
Info: Startup phase 7 took 0.000208629 s, 801.5 MB of memory in use
Info: Updated CUDA force table with 4096 elements.
Info: Updated CUDA LJ table with 53 x 53 elements.
Info: Updated CUDA force table with 4096 elements.
Info: Updated CUDA force table with 4096 elements.
Info: Updated CUDA LJ table with 53 x 53 elements.
Info: Updated CUDA LJ table with 53 x 53 elements.
Info: Updated CUDA force table with 4096 elements.
Info: Updated CUDA LJ table with 53 x 53 elements.
Info: Updated CUDA force table with 4096 elements.
Info: Updated CUDA LJ table with 53 x 53 elements.
Info: Updated CUDA force table with 4096 elements.
Info: Updated CUDA LJ table with 53 x 53 elements.
Info: Startup phase 8 took 0.00343677 s, 801.688 MB of memory in use
Info: Startup phase 9 took 0.000355955 s, 801.75 MB of memory in use
Info: Startup phase 10 took 0.000181181 s, 801.812 MB of memory in use
Info: Startup phase 11 took 0.000528605 s, 801.875 MB of memory in use
LDB: Central LB being created...
Info: Startup phase 12 took 0.00207263 s, 802.562 MB of memory in use
Info: CREATING 1139 COMPUTE OBJECTS
Info: Found 278 unique exclusion lists needing 900 bytes
Info: Found 278 unique exclusion lists needing 900 bytes
Info: Found 278 unique exclusion lists needing 900 bytes
Info: Found 278 unique exclusion lists needing 900 bytes
Info: Found 278 unique exclusion lists needing 900 bytes
Info: Found 278 unique exclusion lists needing 900 bytes
Info: useSync: 0 useProxySync: 0
Info: Startup phase 13 took 0.0145688 s, 803.438 MB of memory in use
Info: Building spanning tree ... send: 1 recv: 0 with branch factor 4
Info: Startup phase 14 took 0.000199418 s, 803.625 MB of memory in use
Info: Startup phase 15 took 0.00013793 s, 803.688 MB of memory in use
Info: Finished startup at 2.21606 s, 803.688 MB of memory in use

TCL: Running for 5000 steps
PRESSURE: 0 0 0 0 0 0 0 0 0 0
GPRESSURE: 0 0 0 0 0 0 0 0 0 0
ETITLE:      TS           BOND          ANGLE          DIHED          IMPRP               ELECT            VDW       BOUNDARY           MISC        KINETIC               TOTAL           TEMP      POTENTIAL         TOTAL3        TEMPAVG

ENERGY:       0      1163.6652      1645.8086      2078.9785       160.1926            -41.1378      -807.2851         0.0000      5343.8111      3059.7648          12603.7979       307.2421      9544.0331     12628.0390       307.2421

LDB: ============= START OF LOAD BALANCING ============== 2.22798
LDB: ============== END OF LOAD BALANCING =============== 2.22803
Info: useSync: 0 useProxySync: 0
LDB: =============== DONE WITH MIGRATION ================ 2.22812
LDB: ============= START OF LOAD BALANCING ============== 2.26802
LDB: Partitioning computes with target load 0.000000
LDB: Increased migratable compute count from 0 to 0
LDB: Largest unpartitionable compute is 0.000000
LDB: ============== END OF LOAD BALANCING =============== 2.26831
Info: build node-aware spanning tree with send: 1, recv: 0 with branch factor 4
Info: useSync: 0 useProxySync: 0
LDB: =============== DONE WITH MIGRATION ================ 2.2691
PRESSURE: 100 0 0 0 0 0 0 0 0 0
GPRESSURE: 100 0 0 0 0 0 0 0 0 0
PRESSAVG: 100 0 0 0 0 0 0 0 0 0
GPRESSAVG: 100 0 0 0 0 0 0 0 0 0
Info: Initial time: 42 CPUs 0.000502287 s/step 0.0058135 days/ns 823.188 MB memory
ENERGY:     100      1131.8537      1705.3081      2061.2310       157.3528            -40.6468      -814.2914         0.0000      5331.9480      3035.5414          12568.2968       304.8097      9532.7554     12591.2716       303.2226

LDB: ============= START OF LOAD BALANCING ============== 2.27908
LDB: ============== END OF LOAD BALANCING =============== 2.27911
Info: useSync: 0 useProxySync: 0
LDB: =============== DONE WITH MIGRATION ================ 2.2792
LDB: ============= START OF LOAD BALANCING ============== 2.31884
LDB: TIME 2.31906 LOAD: AVG 0.0120297 MAX 0.0229264  PROXIES: TOTAL 174 MAXPE 7 MAXPATCH 7 None MEM: 828.438 MB
LDB: TIME 2.31927 LOAD: AVG 0.0120297 MAX 0.0229264  PROXIES: TOTAL 174 MAXPE 7 MAXPATCH 7 TorusLB MEM: 828.625 MB
LDB: Reverting to original mapping
LDB: ============== END OF LOAD BALANCING =============== 2.3195
Info: build node-aware spanning tree with send: 1, recv: 0 with branch factor 4
Info: useSync: 0 useProxySync: 0
LDB: =============== DONE WITH MIGRATION ================ 2.32021
PRESSURE: 200 0 0 0 0 0 0 0 0 0
GPRESSURE: 200 0 0 0 0 0 0 0 0 0
PRESSAVG: 200 0 0 0 0 0 0 0 0 0
GPRESSAVG: 200 0 0 0 0 0 0 0 0 0
Info: Initial time: 42 CPUs 0.000493736 s/step 0.00571454 days/ns 828.625 MB memory
ENERGY:     200      1180.6669      1713.2638      2085.7266       168.4417            -40.2070      -822.3369         0.0000      5325.5172      3033.0871          12644.1594       304.5633      9611.0723     12667.2293       305.4058

LDB: ============= START OF LOAD BALANCING ============== 2.36964
LDB: TIME 2.36985 LOAD: AVG 0.0149789 MAX 0.0284816  PROXIES: TOTAL 174 MAXPE 7 MAXPATCH 7 None MEM: 829.562 MB
LDB: TIME 2.37003 LOAD: AVG 0.0149789 MAX 0.0284816  PROXIES: TOTAL 174 MAXPE 7 MAXPATCH 7 RefineTorusLB MEM: 829.562 MB
LDB: TIME 2.37016 LOAD: AVG 0.0149789 MAX 0.0284816  PROXIES: TOTAL 174 MAXPE 7 MAXPATCH 7 RefineTorusLB MEM: 829.562 MB
LDB: ============== END OF LOAD BALANCING =============== 2.37039
Info: build node-aware spanning tree with send: 1, recv: 0 with branch factor 4
Info: useSync: 0 useProxySync: 0
LDB: =============== DONE WITH MIGRATION ================ 2.37111
PRESSURE: 300 0 0 0 0 0 0 0 0 0
GPRESSURE: 300 0 0 0 0 0 0 0 0 0
PRESSAVG: 300 0 0 0 0 0 0 0 0 0
GPRESSAVG: 300 0 0 0 0 0 0 0 0 0
Info: Initial time: 42 CPUs 0.000492432 s/step 0.00569944 days/ns 829.562 MB memory
ENERGY:     300      1173.2879      1716.7753      2067.3555       150.8722            -40.3156      -829.6566         0.0000      5336.6986      3011.6868          12586.7042       302.4144      9575.0174     12610.3218       305.9460

LDB: ============= START OF LOAD BALANCING ============== 2.42162
LDB: TIME 2.42183 LOAD: AVG 0.0150623 MAX 0.0280161  PROXIES: TOTAL 174 MAXPE 7 MAXPATCH 7 None MEM: 830.438 MB
LDB: TIME 2.42199 LOAD: AVG 0.0150623 MAX 0.0280161  PROXIES: TOTAL 174 MAXPE 7 MAXPATCH 7 RefineTorusLB MEM: 830.438 MB
LDB: TIME 2.42215 LOAD: AVG 0.0150623 MAX 0.0280161  PROXIES: TOTAL 174 MAXPE 7 MAXPATCH 7 RefineTorusLB MEM: 830.438 MB
LDB: ============== END OF LOAD BALANCING =============== 2.42237
Info: build node-aware spanning tree with send: 1, recv: 0 with branch factor 4
Info: useSync: 0 useProxySync: 0
LDB: =============== DONE WITH MIGRATION ================ 2.42306
PRESSURE: 400 0 0 0 0 0 0 0 0 0
GPRESSURE: 400 0 0 0 0 0 0 0 0 0
PRESSAVG: 400 0 0 0 0 0 0 0 0 0
GPRESSAVG: 400 0 0 0 0 0 0 0 0 0
Info: Benchmark time: 42 CPUs 0.000503512 s/step 0.00582769 days/ns 830.438 MB memory
ENERGY:     400      1147.1466      1674.5290      2042.3943       155.2559            -39.4864      -801.0899         0.0000      5345.2397      3034.1808          12558.1699       304.6731      9523.9891     12587.0274       303.8678

PRESSURE: 500 0 0 0 0 0 0 0 0 0
GPRESSURE: 500 0 0 0 0 0 0 0 0 0
PRESSAVG: 500 0 0 0 0 0 0 0 0 0
GPRESSAVG: 500 0 0 0 0 0 0 0 0 0
Info: Benchmark time: 42 CPUs 0.000481038 s/step 0.00556757 days/ns 831.062 MB memory
ENERGY:     500      1156.0962      1728.7088      2059.3589       157.0769            -40.1399      -837.1156         0.0000      5343.4137      2951.6976          12519.0966       296.3907      9567.3990     12543.0181       300.5588

PRESSURE: 600 0 0 0 0 0 0 0 0 0
GPRESSURE: 600 0 0 0 0 0 0 0 0 0
PRESSAVG: 600 0 0 0 0 0 0 0 0 0
GPRESSAVG: 600 0 0 0 0 0 0 0 0 0
Info: Benchmark time: 42 CPUs 0.000461922 s/step 0.00534632 days/ns 831.062 MB memory
ENERGY:     600      1133.7360      1723.3715      2075.5639       151.4067            -40.5357      -856.3235         0.0000      5334.6511      2957.4835          12479.3535       296.9716      9521.8701     12506.0187       299.1678

PRESSURE: 700 0 0 0 0 0 0 0 0 0
GPRESSURE: 700 0 0 0 0 0 0 0 0 0
PRESSAVG: 700 0 0 0 0 0 0 0 0 0
GPRESSAVG: 700 0 0 0 0 0 0 0 0 0
Info: Benchmark time: 42 CPUs 0.000447702 s/step 0.00518173 days/ns 831.062 MB memory
ENERGY:     700      1169.9170      1701.8466      2075.3171       148.5728            -40.5040      -838.2752         0.0000      5320.8447      2992.6240          12530.3429       300.5002      9537.7189     12552.6092       299.5015

PRESSURE: 800 0 0 0 0 0 0 0 0 0
GPRESSURE: 800 0 0 0 0 0 0 0 0 0
PRESSAVG: 800 0 0 0 0 0 0 0 0 0
GPRESSAVG: 800 0 0 0 0 0 0 0 0 0
Info: Benchmark time: 42 CPUs 0.000445268 s/step 0.00515356 days/ns 831.062 MB memory
ENERGY:     800      1143.1117      1670.3526      2077.3309       167.4312            -40.5717      -849.9222         0.0000      5325.5350      3042.5628          12535.8302       305.5148      9493.2674     12557.2412       301.2541

PRESSURE: 900 0 0 0 0 0 0 0 0 0
GPRESSURE: 900 0 0 0 0 0 0 0 0 0
PRESSAVG: 900 0 0 0 0 0 0 0 0 0
GPRESSAVG: 900 0 0 0 0 0 0 0 0 0
Info: Benchmark time: 42 CPUs 0.000449662 s/step 0.00520442 days/ns 831.062 MB memory
ENERGY:     900      1139.3256      1713.4786      2059.6514       147.6997            -40.4330      -826.3594         0.0000      5330.5415      3057.5949          12581.4992       307.0242      9523.9043     12605.2052       304.1996

PRESSURE: 1000 0 0 0 0 0 0 0 0 0
GPRESSURE: 1000 0 0 0 0 0 0 0 0 0
PRESSAVG: 1000 0 0 0 0 0 0 0 0 0
GPRESSAVG: 1000 0 0 0 0 0 0 0 0 0
TIMING: 1000  CPU: 0.496743, 0.000479454/step  Wall: 0.497762, 0.000479931/step, 0.000533256 hours remaining, 831.062500 MB of memory in use.
ETITLE:      TS           BOND          ANGLE          DIHED          IMPRP               ELECT            VDW       BOUNDARY           MISC        KINETIC               TOTAL           TEMP      POTENTIAL         TOTAL3        TEMPAVG

ENERGY:    1000      1175.5411      1736.4405      2053.5271       158.5494            -40.0631      -810.6228         0.0000      5327.1141      2995.2542          12595.7405       300.7643      9600.4863     12622.0403       303.8027

WRITING EXTENDED SYSTEM TO RESTART FILE AT STEP 1000
WRITING VELOCITIES TO RESTART FILE AT STEP 1000
FINISHED WRITING RESTART VELOCITIES
The last velocity output (seq=1000) takes 0.002 seconds, 831.188 MB of memory in use
OPENING COORDINATE DCD FILE
WRITING COORDINATES TO DCD FILE adk-step1.dcd AT STEP 1000
WRITING COORDINATES TO RESTART FILE AT STEP 1000
FINISHED WRITING RESTART COORDINATES
The last position output (seq=1000) takes 0.004 seconds, 831.188 MB of memory in use
PRESSURE: 1100 0 0 0 0 0 0 0 0 0
GPRESSURE: 1100 0 0 0 0 0 0 0 0 0
PRESSAVG: 1100 0 0 0 0 0 0 0 0 0
GPRESSAVG: 1100 0 0 0 0 0 0 0 0 0
ENERGY:    1100      1106.4256      1724.1625      2093.1543       158.9161            -39.9912      -818.4384         0.0000      5327.1318      3030.9041          12582.2647       304.3441      9551.3606     12610.3359       304.1844

PRESSURE: 1200 0 0 0 0 0 0 0 0 0
GPRESSURE: 1200 0 0 0 0 0 0 0 0 0
PRESSAVG: 1200 0 0 0 0 0 0 0 0 0
GPRESSAVG: 1200 0 0 0 0 0 0 0 0 0
ENERGY:    1200      1117.5882      1722.9511      2062.1763       150.6175            -40.6584      -846.6829         0.0000      5333.7301      3064.1104          12563.8323       307.6784      9499.7219     12589.1559       304.0859

PRESSURE: 1300 0 0 0 0 0 0 0 0 0
GPRESSURE: 1300 0 0 0 0 0 0 0 0 0
PRESSAVG: 1300 0 0 0 0 0 0 0 0 0
GPRESSAVG: 1300 0 0 0 0 0 0 0 0 0
ENERGY:    1300      1079.1912      1746.0262      2100.4536       147.0657            -39.6632      -792.1139         0.0000      5348.6085      3009.2347          12598.8029       302.1682      9589.5681     12622.3806       304.3796

PRESSURE: 1400 0 0 0 0 0 0 0 0 0
GPRESSURE: 1400 0 0 0 0 0 0 0 0 0
PRESSAVG: 1400 0 0 0 0 0 0 0 0 0
GPRESSAVG: 1400 0 0 0 0 0 0 0 0 0
ENERGY:    1400      1127.3768      1701.1243      2070.2102       163.0397            -38.4911      -827.4794         0.0000      5349.3680      3050.2118          12595.3603       306.2828      9545.1486     12623.4961       302.2775

PRESSURE: 1500 0 0 0 0 0 0 0 0 0
GPRESSURE: 1500 0 0 0 0 0 0 0 0 0
PRESSAVG: 1500 0 0 0 0 0 0 0 0 0
GPRESSAVG: 1500 0 0 0 0 0 0 0 0 0
ENERGY:    1500      1150.9373      1734.6128      2079.6582       151.9214            -37.7067      -805.5319         0.0000      5356.7638      2997.7204          12628.3753       301.0120      9630.6549     12651.5865       303.6632

PRESSURE: 1600 0 0 0 0 0 0 0 0 0
GPRESSURE: 1600 0 0 0 0 0 0 0 0 0
PRESSAVG: 1600 0 0 0 0 0 0 0 0 0
GPRESSAVG: 1600 0 0 0 0 0 0 0 0 0
ENERGY:    1600      1168.6799      1713.3273      2077.5909       163.6924            -39.3398      -801.8346         0.0000      5358.8813      3022.9771          12663.9746       303.5481      9640.9975     12687.2763       302.9297

PRESSURE: 1700 0 0 0 0 0 0 0 0 0
GPRESSURE: 1700 0 0 0 0 0 0 0 0 0
PRESSAVG: 1700 0 0 0 0 0 0 0 0 0
GPRESSAVG: 1700 0 0 0 0 0 0 0 0 0
ENERGY:    1700      1091.2797      1686.7045      2101.0194       146.0341            -39.6544      -825.6239         0.0000      5349.6892      3125.3554          12634.8039       313.8283      9509.4485     12662.4427       306.8931

PRESSURE: 1800 0 0 0 0 0 0 0 0 0
GPRESSURE: 1800 0 0 0 0 0 0 0 0 0
PRESSAVG: 1800 0 0 0 0 0 0 0 0 0
GPRESSAVG: 1800 0 0 0 0 0 0 0 0 0
ENERGY:    1800      1129.6557      1681.4426      2102.7117       152.0395            -40.8085      -815.6004         0.0000      5346.2046      3035.2455          12590.8907       304.7800      9555.6452     12614.9884       304.4965

PRESSURE: 1900 0 0 0 0 0 0 0 0 0
GPRESSURE: 1900 0 0 0 0 0 0 0 0 0
PRESSAVG: 1900 0 0 0 0 0 0 0 0 0
GPRESSAVG: 1900 0 0 0 0 0 0 0 0 0
ENERGY:    1900      1160.9896      1686.2833      2114.1181       157.6062            -40.1234      -869.7766         0.0000      5353.9438      3024.4309          12587.4719       303.6941      9563.0410     12613.9839       302.3732

PRESSURE: 2000 0 0 0 0 0 0 0 0 0
GPRESSURE: 2000 0 0 0 0 0 0 0 0 0
PRESSAVG: 2000 0 0 0 0 0 0 0 0 0
GPRESSAVG: 2000 0 0 0 0 0 0 0 0 0
TIMING: 2000  CPU: 0.945835, 0.000449092/step  Wall: 0.954889, 0.000457127/step, 0.000380939 hours remaining, 831.187500 MB of memory in use.
ETITLE:      TS           BOND          ANGLE          DIHED          IMPRP               ELECT            VDW       BOUNDARY           MISC        KINETIC               TOTAL           TEMP      POTENTIAL         TOTAL3        TEMPAVG

ENERGY:    2000      1128.1460      1656.7478      2100.6175       148.5841            -39.0713      -799.5140         0.0000      5342.4841      3051.1783          12589.1726       306.3799      9537.9943     12616.1237       303.6225

WRITING EXTENDED SYSTEM TO RESTART FILE AT STEP 2000
WRITING VELOCITIES TO RESTART FILE AT STEP 2000
FINISHED WRITING RESTART VELOCITIES
The last velocity output (seq=2000) takes 0.002 seconds, 831.250 MB of memory in use
WRITING COORDINATES TO DCD FILE adk-step1.dcd AT STEP 2000
WRITING COORDINATES TO RESTART FILE AT STEP 2000
FINISHED WRITING RESTART COORDINATES
The last position output (seq=2000) takes 0.002 seconds, 831.250 MB of memory in use
PRESSURE: 2100 0 0 0 0 0 0 0 0 0
GPRESSURE: 2100 0 0 0 0 0 0 0 0 0
PRESSAVG: 2100 0 0 0 0 0 0 0 0 0
GPRESSAVG: 2100 0 0 0 0 0 0 0 0 0
ENERGY:    2100      1116.9181      1725.9023      2074.2910       161.0415            -38.4478      -835.7480         0.0000      5351.1179      3017.6880          12572.7629       303.0170      9555.0749     12598.5155       303.2874

PRESSURE: 2200 0 0 0 0 0 0 0 0 0
GPRESSURE: 2200 0 0 0 0 0 0 0 0 0
PRESSAVG: 2200 0 0 0 0 0 0 0 0 0
GPRESSAVG: 2200 0 0 0 0 0 0 0 0 0
ENERGY:    2200      1132.3897      1736.4571      2058.5106       158.8063            -39.2765      -826.7107         0.0000      5354.8888      3022.1829          12597.2482       303.4683      9575.0653     12624.5179       303.7095

PRESSURE: 2300 0 0 0 0 0 0 0 0 0
GPRESSURE: 2300 0 0 0 0 0 0 0 0 0
PRESSAVG: 2300 0 0 0 0 0 0 0 0 0
GPRESSAVG: 2300 0 0 0 0 0 0 0 0 0
ENERGY:    2300      1145.3411      1718.1815      2075.4505       165.3408            -38.7477      -809.5120         0.0000      5354.5677      3008.4955          12619.1173       302.0939      9610.6219     12638.9664       304.0022

PRESSURE: 2400 0 0 0 0 0 0 0 0 0
GPRESSURE: 2400 0 0 0 0 0 0 0 0 0
PRESSAVG: 2400 0 0 0 0 0 0 0 0 0
GPRESSAVG: 2400 0 0 0 0 0 0 0 0 0
ENERGY:    2400      1118.3968      1751.1217      2064.9696       157.6571            -38.4623      -840.4432         0.0000      5354.6890      2988.4323          12556.3609       300.0793      9567.9286     12581.2700       302.7222

PRESSURE: 2500 0 0 0 0 0 0 0 0 0
GPRESSURE: 2500 0 0 0 0 0 0 0 0 0
PRESSAVG: 2500 0 0 0 0 0 0 0 0 0
GPRESSAVG: 2500 0 0 0 0 0 0 0 0 0
ENERGY:    2500      1097.9770      1700.2885      2049.8218       158.1718            -39.2410      -806.9029         0.0000      5339.9403      3010.7714          12510.8268       302.3225      9500.0554     12536.0955       301.6001

PRESSURE: 2600 0 0 0 0 0 0 0 0 0
GPRESSURE: 2600 0 0 0 0 0 0 0 0 0
PRESSAVG: 2600 0 0 0 0 0 0 0 0 0
GPRESSAVG: 2600 0 0 0 0 0 0 0 0 0
ENERGY:    2600      1147.7202      1722.3885      2067.9582       151.7251            -39.1722      -833.6085         0.0000      5335.4562      2909.3624          12461.8298       292.1396      9552.4674     12486.2996       299.5556

PRESSURE: 2700 0 0 0 0 0 0 0 0 0
GPRESSURE: 2700 0 0 0 0 0 0 0 0 0
PRESSAVG: 2700 0 0 0 0 0 0 0 0 0
GPRESSAVG: 2700 0 0 0 0 0 0 0 0 0
ENERGY:    2700      1070.0521      1716.8743      2078.0030       152.3786            -39.3454      -815.7062         0.0000      5345.3363      3022.6327          12530.2254       303.5135      9507.5927     12557.8441       297.5267

PRESSURE: 2800 0 0 0 0 0 0 0 0 0
GPRESSURE: 2800 0 0 0 0 0 0 0 0 0
PRESSAVG: 2800 0 0 0 0 0 0 0 0 0
GPRESSAVG: 2800 0 0 0 0 0 0 0 0 0
ENERGY:    2800      1102.1601      1723.4650      2093.1475       151.2682            -39.3626      -794.1167         0.0000      5348.0126      2960.7670          12545.3410       297.3014      9584.5741     12565.1565       300.4674

PRESSURE: 2900 0 0 0 0 0 0 0 0 0
GPRESSURE: 2900 0 0 0 0 0 0 0 0 0
PRESSAVG: 2900 0 0 0 0 0 0 0 0 0
GPRESSAVG: 2900 0 0 0 0 0 0 0 0 0
ENERGY:    2900      1084.6803      1700.8926      2090.1735       137.7534            -40.4197      -831.1483         0.0000      5344.5600      3048.5719          12535.0636       306.1182      9486.4917     12561.6790       301.9371

PRESSURE: 3000 0 0 0 0 0 0 0 0 0
GPRESSURE: 3000 0 0 0 0 0 0 0 0 0
PRESSAVG: 3000 0 0 0 0 0 0 0 0 0
GPRESSAVG: 3000 0 0 0 0 0 0 0 0 0
TIMING: 3000  CPU: 1.39179, 0.000445956/step  Wall: 1.40978, 0.000454888/step, 0.000252716 hours remaining, 831.250000 MB of memory in use.
ETITLE:      TS           BOND          ANGLE          DIHED          IMPRP               ELECT            VDW       BOUNDARY           MISC        KINETIC               TOTAL           TEMP      POTENTIAL         TOTAL3        TEMPAVG

ENERGY:    3000      1132.6740      1689.5058      2079.4981       155.5353            -41.0786      -816.7949         0.0000      5346.5532      3043.2303          12589.1231       305.5818      9545.8928     12609.9532       302.0682

WRITING EXTENDED SYSTEM TO RESTART FILE AT STEP 3000
WRITING VELOCITIES TO RESTART FILE AT STEP 3000
FINISHED WRITING RESTART VELOCITIES
The last velocity output (seq=3000) takes 0.002 seconds, 831.250 MB of memory in use
WRITING COORDINATES TO DCD FILE adk-step1.dcd AT STEP 3000
WRITING COORDINATES TO RESTART FILE AT STEP 3000
FINISHED WRITING RESTART COORDINATES
The last position output (seq=3000) takes 0.002 seconds, 831.250 MB of memory in use
PRESSURE: 3100 0 0 0 0 0 0 0 0 0
GPRESSURE: 3100 0 0 0 0 0 0 0 0 0
PRESSAVG: 3100 0 0 0 0 0 0 0 0 0
GPRESSAVG: 3100 0 0 0 0 0 0 0 0 0
ENERGY:    3100      1112.8570      1737.4566      2071.3542       174.5725            -40.7743      -823.4188         0.0000      5333.0178      3053.5225          12618.5874       306.6153      9565.0650     12637.1781       304.1263

PRESSURE: 3200 0 0 0 0 0 0 0 0 0
GPRESSURE: 3200 0 0 0 0 0 0 0 0 0
PRESSAVG: 3200 0 0 0 0 0 0 0 0 0
GPRESSAVG: 3200 0 0 0 0 0 0 0 0 0
ENERGY:    3200      1101.8992      1692.1120      2095.6481       162.8612            -41.5662      -785.0644         0.0000      5319.7767      3020.8155          12566.4822       303.3310      9545.6667     12594.6876       303.6000

PRESSURE: 3300 0 0 0 0 0 0 0 0 0
GPRESSURE: 3300 0 0 0 0 0 0 0 0 0
PRESSAVG: 3300 0 0 0 0 0 0 0 0 0
GPRESSAVG: 3300 0 0 0 0 0 0 0 0 0
ENERGY:    3300      1120.4121      1702.1813      2061.3792       161.5938            -40.7206      -795.0578         0.0000      5313.7504      2973.2326          12496.7710       298.5531      9523.5384     12517.9094       302.0994

PRESSURE: 3400 0 0 0 0 0 0 0 0 0
GPRESSURE: 3400 0 0 0 0 0 0 0 0 0
PRESSAVG: 3400 0 0 0 0 0 0 0 0 0
GPRESSAVG: 3400 0 0 0 0 0 0 0 0 0
ENERGY:    3400      1088.8808      1742.2957      2095.1921       162.5961            -40.7067      -835.7641         0.0000      5316.7521      2946.4946          12475.7405       295.8682      9529.2459     12498.4169       299.8480

PRESSURE: 3500 0 0 0 0 0 0 0 0 0
GPRESSURE: 3500 0 0 0 0 0 0 0 0 0
PRESSAVG: 3500 0 0 0 0 0 0 0 0 0
GPRESSAVG: 3500 0 0 0 0 0 0 0 0 0
ENERGY:    3500      1103.1226      1737.0820      2098.7796       151.2736            -39.6138      -827.6415         0.0000      5329.8933      2959.0932          12511.9890       297.1333      9552.8958     12532.9778       298.9273

PRESSURE: 3600 0 0 0 0 0 0 0 0 0
GPRESSURE: 3600 0 0 0 0 0 0 0 0 0
PRESSAVG: 3600 0 0 0 0 0 0 0 0 0
GPRESSAVG: 3600 0 0 0 0 0 0 0 0 0
ENERGY:    3600      1079.5686      1695.0642      2062.7561       160.9504            -40.2857      -795.7443         0.0000      5335.4736      3002.0968          12499.8798       301.4514      9497.7830     12524.9745       298.1836

PRESSURE: 3700 0 0 0 0 0 0 0 0 0
GPRESSURE: 3700 0 0 0 0 0 0 0 0 0
PRESSAVG: 3700 0 0 0 0 0 0 0 0 0
GPRESSAVG: 3700 0 0 0 0 0 0 0 0 0
ENERGY:    3700      1096.7757      1686.1192      2063.8483       149.6480            -40.6178      -831.6720         0.0000      5342.4404      3044.5785          12511.1203       305.7172      9466.5418     12536.8506       299.6052

PRESSURE: 3800 0 0 0 0 0 0 0 0 0
GPRESSURE: 3800 0 0 0 0 0 0 0 0 0
PRESSAVG: 3800 0 0 0 0 0 0 0 0 0
GPRESSAVG: 3800 0 0 0 0 0 0 0 0 0
ENERGY:    3800      1088.7736      1646.0143      2065.3747       162.6713            -38.9505      -808.6784         0.0000      5340.4649      2960.0639          12415.7338       297.2308      9455.6699     12443.4024       296.4630

PRESSURE: 3900 0 0 0 0 0 0 0 0 0
GPRESSURE: 3900 0 0 0 0 0 0 0 0 0
PRESSAVG: 3900 0 0 0 0 0 0 0 0 0
GPRESSAVG: 3900 0 0 0 0 0 0 0 0 0
ENERGY:    3900      1124.5197      1672.6165      2075.2826       154.2600            -39.7780      -843.2429         0.0000      5346.3811      2981.6522          12471.6912       299.3985      9490.0390     12495.1777       297.8488

PRESSURE: 4000 0 0 0 0 0 0 0 0 0
GPRESSURE: 4000 0 0 0 0 0 0 0 0 0
PRESSAVG: 4000 0 0 0 0 0 0 0 0 0
GPRESSAVG: 4000 0 0 0 0 0 0 0 0 0
TIMING: 4000  CPU: 1.85372, 0.000461924/step  Wall: 1.86982, 0.000460042/step, 0.00012779 hours remaining, 831.250000 MB of memory in use.
ETITLE:      TS           BOND          ANGLE          DIHED          IMPRP               ELECT            VDW       BOUNDARY           MISC        KINETIC               TOTAL           TEMP      POTENTIAL         TOTAL3        TEMPAVG

ENERGY:    4000      1099.8612      1646.0867      2114.3288       146.1330            -38.6427      -800.5051         0.0000      5340.4236      2989.8418          12497.5273       300.2209      9507.6855     12521.0763       298.0575

WRITING EXTENDED SYSTEM TO RESTART FILE AT STEP 4000
WRITING VELOCITIES TO RESTART FILE AT STEP 4000
FINISHED WRITING RESTART VELOCITIES
The last velocity output (seq=4000) takes 0.002 seconds, 831.250 MB of memory in use
WRITING COORDINATES TO DCD FILE adk-step1.dcd AT STEP 4000
WRITING COORDINATES TO RESTART FILE AT STEP 4000
FINISHED WRITING RESTART COORDINATES
The last position output (seq=4000) takes 0.002 seconds, 831.250 MB of memory in use
PRESSURE: 4100 0 0 0 0 0 0 0 0 0
GPRESSURE: 4100 0 0 0 0 0 0 0 0 0
PRESSAVG: 4100 0 0 0 0 0 0 0 0 0
GPRESSAVG: 4100 0 0 0 0 0 0 0 0 0
ENERGY:    4100      1130.0800      1689.1523      2051.0497       152.1143            -40.0974      -807.3702         0.0000      5335.2812      2978.1423          12488.3521       299.0461      9510.2098     12509.1279       298.3341

PRESSURE: 4200 0 0 0 0 0 0 0 0 0
GPRESSURE: 4200 0 0 0 0 0 0 0 0 0
PRESSAVG: 4200 0 0 0 0 0 0 0 0 0
GPRESSAVG: 4200 0 0 0 0 0 0 0 0 0
ENERGY:    4200      1120.1480      1672.7070      2087.8392       140.5318            -40.5801      -814.6745         0.0000      5337.4560      2987.7578          12491.1852       300.0116      9503.4273     12511.7181       299.8737

LDB: ============= START OF LOAD BALANCING ============== 4.23338
LDB: ============== END OF LOAD BALANCING =============== 4.23345
Info: useSync: 0 useProxySync: 0
LDB: =============== DONE WITH MIGRATION ================ 4.23355
PRESSURE: 4300 0 0 0 0 0 0 0 0 0
GPRESSURE: 4300 0 0 0 0 0 0 0 0 0
PRESSAVG: 4300 0 0 0 0 0 0 0 0 0
GPRESSAVG: 4300 0 0 0 0 0 0 0 0 0
ENERGY:    4300      1098.2769      1714.4207      2069.8143       156.2008            -41.1271      -782.5735         0.0000      5329.9895      2948.3865          12493.3880       296.0582      9545.0015     12517.3394       297.8499

LDB: ============= START OF LOAD BALANCING ============== 4.28374
LDB: TIME 4.28397 LOAD: AVG 0.0144829 MAX 0.0305913  PROXIES: TOTAL 174 MAXPE 7 MAXPATCH 7 None MEM: 831.25 MB
LDB: TIME 4.28417 LOAD: AVG 0.0144829 MAX 0.0305913  PROXIES: TOTAL 174 MAXPE 7 MAXPATCH 7 RefineTorusLB MEM: 831.312 MB
LDB: TIME 4.28433 LOAD: AVG 0.0144829 MAX 0.0305913  PROXIES: TOTAL 174 MAXPE 7 MAXPATCH 7 RefineTorusLB MEM: 831.312 MB
LDB: Reverting to original mapping
LDB: ============== END OF LOAD BALANCING =============== 4.28456
Info: build node-aware spanning tree with send: 1, recv: 0 with branch factor 4
Info: useSync: 0 useProxySync: 0
LDB: =============== DONE WITH MIGRATION ================ 4.28528
PRESSURE: 4400 0 0 0 0 0 0 0 0 0
GPRESSURE: 4400 0 0 0 0 0 0 0 0 0
PRESSAVG: 4400 0 0 0 0 0 0 0 0 0
GPRESSAVG: 4400 0 0 0 0 0 0 0 0 0
ENERGY:    4400      1143.7590      1683.0969      2076.6141       157.0532            -41.5788      -785.5032         0.0000      5320.7781      2969.1203          12523.3395       298.1401      9554.2193     12546.8320       299.4665

PRESSURE: 4500 0 0 0 0 0 0 0 0 0
GPRESSURE: 4500 0 0 0 0 0 0 0 0 0
PRESSAVG: 4500 0 0 0 0 0 0 0 0 0
GPRESSAVG: 4500 0 0 0 0 0 0 0 0 0
ENERGY:    4500      1175.0650      1698.5330      2078.8178       150.4185            -40.7342      -821.8692         0.0000      5327.9085      2939.8916          12508.0308       295.2052      9568.1392     12528.5854       300.1242

PRESSURE: 4600 0 0 0 0 0 0 0 0 0
GPRESSURE: 4600 0 0 0 0 0 0 0 0 0
PRESSAVG: 4600 0 0 0 0 0 0 0 0 0
GPRESSAVG: 4600 0 0 0 0 0 0 0 0 0
ENERGY:    4600      1097.9170      1690.0917      2067.0295       163.2834            -39.6677      -820.4865         0.0000      5335.9225      2969.2522          12463.3422       298.1534      9494.0899     12487.7024       299.5179

PRESSURE: 4700 0 0 0 0 0 0 0 0 0
GPRESSURE: 4700 0 0 0 0 0 0 0 0 0
PRESSAVG: 4700 0 0 0 0 0 0 0 0 0
GPRESSAVG: 4700 0 0 0 0 0 0 0 0 0
ENERGY:    4700      1111.7367      1711.1258      2086.3776       151.9605            -40.5612      -802.2805         0.0000      5330.6604      2977.6270          12526.6463       298.9943      9549.0193     12549.3409       298.6636

PRESSURE: 4800 0 0 0 0 0 0 0 0 0
GPRESSURE: 4800 0 0 0 0 0 0 0 0 0
PRESSAVG: 4800 0 0 0 0 0 0 0 0 0
GPRESSAVG: 4800 0 0 0 0 0 0 0 0 0
ENERGY:    4800      1121.5984      1745.0714      2050.8849       150.8492            -40.2855      -819.0409         0.0000      5341.4424      2968.7969          12519.3167       298.1077      9550.5198     12542.1959       299.7692

PRESSURE: 4900 0 0 0 0 0 0 0 0 0
GPRESSURE: 4900 0 0 0 0 0 0 0 0 0
PRESSAVG: 4900 0 0 0 0 0 0 0 0 0
GPRESSAVG: 4900 0 0 0 0 0 0 0 0 0
ENERGY:    4900      1121.4197      1704.6744      2080.3623       155.6158            -39.4025      -798.2145         0.0000      5338.5830      2946.5329          12509.5712       295.8721      9563.0383     12531.8197       300.8108

PRESSURE: 5000 0 0 0 0 0 0 0 0 0
GPRESSURE: 5000 0 0 0 0 0 0 0 0 0
PRESSAVG: 5000 0 0 0 0 0 0 0 0 0
GPRESSAVG: 5000 0 0 0 0 0 0 0 0 0
TIMING: 5000  CPU: 2.34858, 0.000494862/step  Wall: 2.3696, 0.000499781/step, 0 hours remaining, 831.312500 MB of memory in use.
ETITLE:      TS           BOND          ANGLE          DIHED          IMPRP               ELECT            VDW       BOUNDARY           MISC        KINETIC               TOTAL           TEMP      POTENTIAL         TOTAL3        TEMPAVG

ENERGY:    5000      1047.5505      1727.6968      2088.3701       162.3614            -40.5283      -844.9023         0.0000      5328.7331      2991.6911          12460.9724       300.4066      9469.2813     12488.9596       298.9831

WRITING EXTENDED SYSTEM TO RESTART FILE AT STEP 5000
WRITING VELOCITIES TO RESTART FILE AT STEP 5000
FINISHED WRITING RESTART VELOCITIES
The last velocity output (seq=5000) takes 0.002 seconds, 832.000 MB of memory in use
WRITING COORDINATES TO DCD FILE adk-step1.dcd AT STEP 5000
WRITING COORDINATES TO RESTART FILE AT STEP 5000
FINISHED WRITING RESTART COORDINATES
The last position output (seq=5000) takes 0.002 seconds, 832.000 MB of memory in use
WRITING EXTENDED SYSTEM TO OUTPUT FILE AT STEP 5000
WRITING COORDINATES TO OUTPUT FILE AT STEP 5000
CLOSING COORDINATE DCD FILE adk-step1.dcd
The last position output (seq=-2) takes 0.003 seconds, 832.000 MB of memory in use
WRITING VELOCITIES TO OUTPUT FILE AT STEP 5000
====================================================

WallClock: 4.579792  CPUTime: 3.113312  Memory: 832.062500 MB
End of program
