6_6_cc.dat
/gpfs/alpine/bip115/scratch/hrlee/radical.pilot.sandbox/re.session.login2.hrlee.018634.0000/pilot.0000/staging_area/6_6_cc.dat
6, 6
Choosing optimized barrier algorithm name I0:HybridBinomial:SHMEM:P2P
Converse/Charm++ Commit ID: v6.10.2-0-g7bf00fa-namd-charm-6.10.2-build-2020-Aug-05-556
Warning> Randomization of virtual memory (ASLR) is turned on in the kernel, thread migration may not work! Run 'echo 0 > /proc/sys/kernel/randomize_va_space' as root to disable it, or try running with '+isomalloc_sync'.
CharmLB> Load balancer assumes all CPUs are same.
Charm++> Running on 1 hosts (1 sockets x 7 cores x 4 PUs = 28-way SMP)
Charm++> cpu topology info is gathered in 0.002 seconds.
Info: Built with CUDA version 10010
Did not find +devices i,j,k,... argument, using all
Pe 32 physical rank 32 will use CUDA device of pe 28
Pe 20 physical rank 20 will use CUDA device of pe 14
Pe 27 physical rank 27 will use CUDA device of pe 21
Pe 3 physical rank 3 will use CUDA device of pe 4
Pe 12 physical rank 12 will use CUDA device of pe 7
Pe 36 physical rank 36 will use CUDA device of pe 35
Pe 31 physical rank 31 will use CUDA device of pe 28
Pe 17 physical rank 17 will use CUDA device of pe 14
Pe 24 physical rank 24 will use CUDA device of pe 21
Pe 6 physical rank 6 will use CUDA device of pe 4
Pe 9 physical rank 9 will use CUDA device of pe 7
Pe 40 physical rank 40 will use CUDA device of pe 35
Pe 34 physical rank 34 will use CUDA device of pe 28
Pe 16 physical rank 16 will use CUDA device of pe 14
Pe 25 physical rank 25 will use CUDA device of pe 21
Pe 5 physical rank 5 will use CUDA device of pe 4
Pe 13 physical rank 13 will use CUDA device of pe 7
Pe 39 physical rank 39 will use CUDA device of pe 35
Pe 33 physical rank 33 will use CUDA device of pe 28
Pe 19 physical rank 19 will use CUDA device of pe 14
Pe 26 physical rank 26 will use CUDA device of pe 21
Pe 1 physical rank 1 will use CUDA device of pe 4
Pe 10 physical rank 10 will use CUDA device of pe 7
Pe 38 physical rank 38 will use CUDA device of pe 35
Pe 30 physical rank 30 will use CUDA device of pe 28
Pe 18 physical rank 18 will use CUDA device of pe 14
Pe 23 physical rank 23 will use CUDA device of pe 21
Pe 11 physical rank 11 will use CUDA device of pe 7
Pe 37 physical rank 37 will use CUDA device of pe 35
Pe 29 physical rank 29 will use CUDA device of pe 28
Pe 15 physical rank 15 will use CUDA device of pe 14
Pe 22 physical rank 22 will use CUDA device of pe 21
Pe 0 physical rank 0 will use CUDA device of pe 4
Pe 8 physical rank 8 will use CUDA device of pe 7
Pe 41 physical rank 41 will use CUDA device of pe 35
Pe 2 physical rank 2 will use CUDA device of pe 4
Pe 35 physical rank 35 binding to CUDA device 0 on h14n10: 'Tesla V100-SXM2-16GB'  Mem: 16128MB  Rev: 7.0  PCI: 35:5:0
Pe 28 physical rank 28 binding to CUDA device 0 on h14n10: 'Tesla V100-SXM2-16GB'  Mem: 16128MB  Rev: 7.0  PCI: 35:4:0
Pe 14 physical rank 14 binding to CUDA device 0 on h14n10: 'Tesla V100-SXM2-16GB'  Mem: 16128MB  Rev: 7.0  PCI: 4:6:0
Pe 21 physical rank 21 binding to CUDA device 0 on h14n10: 'Tesla V100-SXM2-16GB'  Mem: 16128MB  Rev: 7.0  PCI: 35:3:0
Pe 4 physical rank 4 binding to CUDA device 0 on h14n10: 'Tesla V100-SXM2-16GB'  Mem: 16128MB  Rev: 7.0  PCI: 4:4:0
Pe 7 physical rank 7 binding to CUDA device 0 on h14n10: 'Tesla V100-SXM2-16GB'  Mem: 16128MB  Rev: 7.0  PCI: 4:5:0
Info: NAMD 2.14 for Linux-POWER-pami-smp-Summit-CUDA
Info: 
Info: Please visit http://www.ks.uiuc.edu/Research/namd/
Info: for updates, documentation, and support information.
Info: 
Info: Please cite Phillips et al., J. Chem. Phys. 153:044130 (2020) doi:10.1063/5.0014475
Info: in all publications reporting results obtained with NAMD.
Info: 
Info: Based on Charm++/Converse 61002 for pami-linux-ppc64le-smp
Info: Built Wed Aug 5 14:28:51 EDT 2020 by jimp on login2
Info: 1 NAMD  2.14  Linux-POWER-pami-smp-Summit-CUDA  42    h14n10  hrlee
Info: Running on 42 processors, 6 nodes, 1 physical nodes.
Info: CPU topology information available.
Info: Charm++/Converse parallel runtime startup completed at 1.35028 s
CkLoopLib is used in SMP with simple dynamic scheduling (converse-level notification)
Info: 791.812 MB of memory in use based on /proc/self/stat
Info: Configuration file is adk-step1.namd
Info: Working in the current directory /gpfs/alpine/bip115/scratch/hrlee/radical.pilot.sandbox/re.session.login2.hrlee.018634.0000/pilot.0000/unit.000503
TCL: Suspending until startup complete.
Info: SIMULATION PARAMETERS:
Info: TIMESTEP               1
Info: NUMBER OF STEPS        0
Info: STEPS PER CYCLE        20
Info: LOAD BALANCER  Centralized
Info: LOAD BALANCING STRATEGY  New Load Balancers -- DEFAULT
Info: LDB PERIOD             4000 steps
Info: FIRST LDB TIMESTEP     100
Info: LAST LDB TIMESTEP     -1
Info: LDB BACKGROUND SCALING 1
Info: HOM BACKGROUND SCALING 1
Info: MIN ATOMS PER PATCH    40
Info: VELOCITY FILE          6_6_adk-step1.restart.vel
Info: CENTER OF MASS MOVING INITIALLY? NO
Info: DIELECTRIC             80
Info: EXCLUDE                SCALED ONE-FOUR
Info: 1-4 ELECTROSTATICS SCALED BY 1
Info: MODIFIED 1-4 VDW PARAMETERS WILL BE USED
Info: DCD FILENAME           adk-step1.dcd
Info: DCD FREQUENCY          1000
Info: DCD FIRST STEP         1000
Info: NO EXTENDED SYSTEM TRAJECTORY OUTPUT
Info: NO VELOCITY DCD OUTPUT
Info: NO FORCE DCD OUTPUT
Info: OUTPUT FILENAME        adk-step1
Info: BINARY OUTPUT FILES WILL BE USED
Info: RESTART FILENAME       adk-step1.restart
Info: RESTART FREQUENCY      1000
Info: BINARY RESTART FILES WILL BE USED
Info: SWITCHING ACTIVE
Info: SWITCHING ON           9
Info: SWITCHING OFF          10
Info: PAIRLIST DISTANCE      11
Info: PAIRLIST SHRINK RATE   0.01
Info: PAIRLIST GROW RATE     0.01
Info: PAIRLIST TRIGGER       0.3
Info: PAIRLISTS PER CYCLE    2
Info: PAIRLISTS ENABLED
Info: MARGIN                 0
Info: HYDROGEN GROUP CUTOFF  2.5
Info: PATCH DIMENSION        13.5
Info: ENERGY OUTPUT STEPS    100
Info: CROSSTERM ENERGY INCLUDED IN DIHEDRAL
Info: TIMING OUTPUT STEPS    1000
Info: PRESSURE OUTPUT STEPS  100
Info: GRID FORCE ACTIVE
Info:  Please include this reference in published work using
Info:  the Gridforce module of NAMD: David Wells, Volha Abramkina,
Info:  and Aleksei Aksimentiev, J. Chem. Phys. 127:125101-10 (2007).
Info: MGRIDFORCE key 0
Info:            Potfile 4ake-target_autopsf-grid.dx
Info:            Scale 0.3 0.3 0.3
Info:            File 1ake-docked-noh_autopsf-grid.pdb
Info:            Col O
Info:            ChargeCol B
Info:            VOffset 0 0 0
Info:            Continuous K1 FALSE
Info:            Continuous K2 FALSE
Info:            Continuous K3 FALSE
Info:            Volts FALSE
Info:            Gridforce-Lite FALSE
Info:            Gridforce-CheckSize TRUE
Info: LANGEVIN DYNAMICS ACTIVE
Info: LANGEVIN TEMPERATURE   300
Info: LANGEVIN USING BBK INTEGRATOR
Info: LANGEVIN DAMPING COEFFICIENT IS 5 INVERSE PS
Info: LANGEVIN DYNAMICS NOT APPLIED TO HYDROGENS
Info: USING VERLET I (r-RESPA) MTS SCHEME.
Info: C1 SPLITTING OF LONG RANGE ELECTROSTATICS
Info: PLACING ATOMS IN PATCHES BY HYDROGEN GROUPS
Info: RIGID BONDS TO HYDROGEN : WATER
Info:         ERROR TOLERANCE : 1e-08
Info:          MAX ITERATIONS : 100
Info: RIGID WATER USING SETTLE ALGORITHM
Info: NONBONDED FORCES EVALUATED EVERY 2 STEPS
Info: RANDOM NUMBER SEED     1609984130
Info: USE HYDROGEN BONDS?    NO
Info: COORDINATE PDB         1ake-docked-noh_autopsf.pdb
Info: STRUCTURE FILE         1ake-docked-noh_autopsf.psf
Info: PARAMETER file: CHARMM format! 
Info: PARAMETERS             par_all36_prot.prm
Info: USING ARITHMETIC MEAN TO COMBINE L-J SIGMA PARAMETERS
Info: BINARY COORDINATES     6_6_adk-step1.restart.coor
Info: SUMMARY OF PARAMETERS:
Info: 132 BONDS
Info: 362 ANGLES
Info: 702 DIHEDRAL
Info: 35 IMPROPER
Info: 6 CROSSTERM
Info: 53 VDW
Info: 0 VDW_PAIRS
Info: 0 NBTHOLE_PAIRS
Info: TIME FOR READING PSF FILE: 0.408197
Info: READING EXTRA BONDS FILE 1ake-extrabonds.txt
Info: READING EXTRA BONDS FILE 1ake-extrabonds-cispeptide.txt
Info: READING EXTRA BONDS FILE 1ake-extrabonds-chirality.txt
Info: READ 80 EXTRA BONDS
Info: READ 80 EXTRA ANGLES
Warning: EXTRA ANGLES ARE COSINE-BASED BY DEFAULT TO MATCH PREVIOUS VERSIONS
Warning: FOR NORMAL HARMONIC EXTRA ANGLES SET extraBondsCosAngles off
Info: READ 493 EXTRA DIHEDRALS
Info: READ 438 EXTRA IMPROPERS
Info: Reading pdb file 1ake-docked-noh_autopsf.pdb
Info: TIME FOR READING PDB FILE: 0.107864
Info: 
Info: ****************************
Info: STRUCTURE SUMMARY:
Info: 3341 ATOMS
Info: 3445 BONDS
Info: 6203 ANGLES
Info: 9414 DIHEDRALS
Info: 1005 IMPROPERS
Info: 212 CROSSTERMS
Info: 0 EXCLUSIONS
Info: 0 RIGID BONDS
Info: 1 GRIDS ACTIVE
Info: 10023 DEGREES OF FREEDOM
Info: 1656 HYDROGEN GROUPS
Info: 4 ATOMS IN LARGEST HYDROGEN GROUP
Info: 1656 MIGRATION GROUPS
Info: 4 ATOMS IN LARGEST MIGRATION GROUP
Info: TOTAL MASS = 23582 amu
Info: TOTAL CHARGE = -4 e
Info: *****************************
Info: Reading from binary file 6_6_adk-step1.restart.coor
Info: 
Info: Entering startup at 2.31677 s, 799.812 MB of memory in use
Info: Startup phase 0 took 0.000243371 s, 799.812 MB of memory in use
Info: ADDED 18308 IMPLICIT EXCLUSIONS
Info: Startup phase 1 took 0.00840319 s, 800.062 MB of memory in use
Info: NONBONDED TABLE R-SQUARED SPACING: 0.0625
Info: NONBONDED TABLE SIZE: 705 POINTS
Info: ABSOLUTE IMPRECISION IN FAST TABLE ENERGY: 3.38813e-21 AT 9.89634
Info: RELATIVE IMPRECISION IN FAST TABLE ENERGY: 4.23384e-15 AT 9.94673
Info: ABSOLUTE IMPRECISION IN FAST TABLE FORCE: 6.35275e-22 AT 9.94673
Info: RELATIVE IMPRECISION IN FAST TABLE FORCE: 5.07982e-16 AT 9.94673
Info: INCONSISTENCY IN FAST TABLE ENERGY VS FORCE: 0.000290185 AT 0.251946
Info: ABSOLUTE IMPRECISION IN VDWA TABLE ENERGY: 1.57772e-30 AT 9.89634
Info: RELATIVE IMPRECISION IN VDWA TABLE ENERGY: 4.54938e-15 AT 9.94673
Info: ABSOLUTE IMPRECISION IN VDWA TABLE FORCE: 5.91646e-31 AT 9.94673
Info: RELATIVE IMPRECISION IN VDWA TABLE FORCE: 5.6823e-16 AT 9.94673
Info: INCONSISTENCY IN VDWA TABLE ENERGY VS FORCE: 0.0040507 AT 0.251946
Info: ABSOLUTE IMPRECISION IN VDWB TABLE ENERGY: 4.71751e-25 AT 9.94673
Info: RELATIVE IMPRECISION IN VDWB TABLE ENERGY: 1.45371e-14 AT 9.94673
Info: ABSOLUTE IMPRECISION IN VDWB TABLE FORCE: 6.20385e-25 AT 9.94673
Info: RELATIVE IMPRECISION IN VDWB TABLE FORCE: 5.97512e-16 AT 9.94673
Info: INCONSISTENCY IN VDWB TABLE ENERGY VS FORCE: 0.00377068 AT 9.07951
Info: Startup phase 2 took 0.000695806 s, 801 MB of memory in use
Info: Startup phase 3 took 0.000210278 s, 801 MB of memory in use
Info: Startup phase 4 took 0.000297569 s, 801.188 MB of memory in use
Info: Startup phase 5 took 0.000193009 s, 801.188 MB of memory in use
Info: ORIGINAL ATOMS MINMAX IS -20.8923 -33.0475 -37.1767  17.3502 25.5382 16.2241
Info: ADJUSTED ATOMS MINMAX IS -15.8606 -28.1266 -32.851  11.4513 15.9918 9.14384
Info: PATCH GRID IS 3 BY 4 BY 4
Info: PATCH GRID IS 1-AWAY BY 1-AWAY BY 1-AWAY
Info: Reading from binary file 6_6_adk-step1.restart.vel
Info: REMOVING COM VELOCITY -0.204408 -0.185575 -0.0904759
Info: LARGEST PATCH (16) HAS 241 ATOMS
Info: TORUS A SIZE 1 USING 0
Info: TORUS B SIZE 1 USING 0
Info: TORUS C SIZE 1 USING 0
Info: TORUS MINIMAL MESH SIZE IS 1 BY 1 BY 1
Info: Placed 100% of base nodes on same physical node as patch
Info: Startup phase 6 took 0.00829338 s, 801.312 MB of memory in use
Info: Startup phase 7 took 0.000220637 s, 802 MB of memory in use
Info: Updated CUDA force table with 4096 elements.
Info: Updated CUDA LJ table with 53 x 53 elements.
Info: Updated CUDA force table with 4096 elements.
Info: Updated CUDA LJ table with 53 x 53 elements.
Info: Updated CUDA force table with 4096 elements.
Info: Updated CUDA LJ table with 53 x 53 elements.
Info: Updated CUDA force table with 4096 elements.
Info: Updated CUDA LJ table with 53 x 53 elements.
Info: Updated CUDA force table with 4096 elements.
Info: Updated CUDA LJ table with 53 x 53 elements.
Info: Updated CUDA force table with 4096 elements.
Info: Updated CUDA LJ table with 53 x 53 elements.
Info: Startup phase 8 took 0.00346404 s, 802.312 MB of memory in use
Info: Startup phase 9 took 0.000362433 s, 802.438 MB of memory in use
Info: Startup phase 10 took 0.000193777 s, 802.562 MB of memory in use
Info: Startup phase 11 took 0.00107336 s, 802.688 MB of memory in use
LDB: Central LB being created...
Info: Startup phase 12 took 0.00210156 s, 803.875 MB of memory in use
Info: CREATING 1046 COMPUTE OBJECTS
Info: Found 278 unique exclusion lists needing 900 bytes
Info: Found 278 unique exclusion lists needing 900 bytes
Info: Found 278 unique exclusion lists needing 900 bytes
Info: Found 278 unique exclusion lists needing 900 bytes
Info: Found 278 unique exclusion lists needing 900 bytes
Info: Found 278 unique exclusion lists needing 900 bytes
Info: useSync: 0 useProxySync: 0
Info: Startup phase 13 took 0.0146023 s, 804.75 MB of memory in use
Info: Building spanning tree ... send: 1 recv: 0 with branch factor 4
Info: Startup phase 14 took 0.000206866 s, 805.062 MB of memory in use
Info: Startup phase 15 took 0.000273824 s, 805.062 MB of memory in use
Info: Finished startup at 2.35761 s, 805.188 MB of memory in use

TCL: Running for 5000 steps
PRESSURE: 0 0 0 0 0 0 0 0 0 0
GPRESSURE: 0 0 0 0 0 0 0 0 0 0
ETITLE:      TS           BOND          ANGLE          DIHED          IMPRP               ELECT            VDW       BOUNDARY           MISC        KINETIC               TOTAL           TEMP      POTENTIAL         TOTAL3        TEMPAVG

ENERGY:       0      1061.6534      1737.2779      2086.3228       167.0693            -41.3352      -794.3736         0.0000      2437.3921      2972.3897           9626.3964       298.4684      6654.0066      9649.9932       298.4684

LDB: ============= START OF LOAD BALANCING ============== 2.37114
LDB: ============== END OF LOAD BALANCING =============== 2.3712
Info: useSync: 0 useProxySync: 0
LDB: =============== DONE WITH MIGRATION ================ 2.3713
LDB: ============= START OF LOAD BALANCING ============== 2.41672
LDB: Partitioning computes with target load 0.000000
LDB: Increased migratable compute count from 0 to 0
LDB: Largest unpartitionable compute is 0.000000
LDB: ============== END OF LOAD BALANCING =============== 2.41706
Info: build node-aware spanning tree with send: 1, recv: 0 with branch factor 4
Info: useSync: 0 useProxySync: 0
LDB: =============== DONE WITH MIGRATION ================ 2.41781
PRESSURE: 100 0 0 0 0 0 0 0 0 0
GPRESSURE: 100 0 0 0 0 0 0 0 0 0
PRESSAVG: 100 0 0 0 0 0 0 0 0 0
GPRESSAVG: 100 0 0 0 0 0 0 0 0 0
Info: Initial time: 42 CPUs 0.000570129 s/step 0.00659871 days/ns 820.938 MB memory
ENERGY:     100      1102.0914      1673.7689      2076.9488       161.1293            -41.2806      -795.0068         0.0000      2439.4366      3054.2520           9671.3396       306.6885      6617.0875      9696.8804       300.4673

LDB: ============= START OF LOAD BALANCING ============== 2.42924
Info: useSync: 0 useProxySync: 0
LDB: ============== END OF LOAD BALANCING =============== 2.42928
LDB: =============== DONE WITH MIGRATION ================ 2.42939
LDB: ============= START OF LOAD BALANCING ============== 2.47529
LDB: TIME 2.47553 LOAD: AVG 0.0117312 MAX 0.0277078  PROXIES: TOTAL 185 MAXPE 10 MAXPATCH 7 None MEM: 821.188 MB
LDB: TIME 2.47573 LOAD: AVG 0.0117312 MAX 0.0277078  PROXIES: TOTAL 185 MAXPE 10 MAXPATCH 7 TorusLB MEM: 821.375 MB
LDB: ============== END OF LOAD BALANCING =============== 2.47599
Info: build node-aware spanning tree with send: 1, recv: 0 with branch factor 4
Info: useSync: 0 useProxySync: 0
LDB: =============== DONE WITH MIGRATION ================ 2.47668
PRESSURE: 200 0 0 0 0 0 0 0 0 0
GPRESSURE: 200 0 0 0 0 0 0 0 0 0
PRESSAVG: 200 0 0 0 0 0 0 0 0 0
GPRESSAVG: 200 0 0 0 0 0 0 0 0 0
Info: Initial time: 42 CPUs 0.000570899 s/step 0.00660762 days/ns 821.375 MB memory
ENERGY:     200      1093.3294      1744.9141      2095.0241       160.7508            -41.4437      -801.0474         0.0000      2440.8742      2969.9401           9662.3417       298.2225      6692.4016      9688.3096       301.4706

LDB: ============= START OF LOAD BALANCING ============== 2.53219
LDB: TIME 2.53243 LOAD: AVG 0.0146664 MAX 0.034386  PROXIES: TOTAL 185 MAXPE 10 MAXPATCH 7 None MEM: 822.562 MB
LDB: TIME 2.5326 LOAD: AVG 0.0146664 MAX 0.034386  PROXIES: TOTAL 185 MAXPE 10 MAXPATCH 7 RefineTorusLB MEM: 822.625 MB
LDB: TIME 2.53275 LOAD: AVG 0.0146664 MAX 0.034386  PROXIES: TOTAL 185 MAXPE 10 MAXPATCH 7 RefineTorusLB MEM: 822.625 MB
LDB: ============== END OF LOAD BALANCING =============== 2.53301
Info: build node-aware spanning tree with send: 1, recv: 0 with branch factor 4
Info: useSync: 0 useProxySync: 0
LDB: =============== DONE WITH MIGRATION ================ 2.5337
PRESSURE: 300 0 0 0 0 0 0 0 0 0
GPRESSURE: 300 0 0 0 0 0 0 0 0 0
PRESSAVG: 300 0 0 0 0 0 0 0 0 0
GPRESSAVG: 300 0 0 0 0 0 0 0 0 0
Info: Initial time: 42 CPUs 0.000551745 s/step 0.00638594 days/ns 822.625 MB memory
ENERGY:     300      1128.4858      1689.9126      2081.9202       151.8861            -39.6968      -748.4003         0.0000      2441.7708      2974.6823           9680.5608       298.6986      6705.8784      9704.0408       300.9116

LDB: ============= START OF LOAD BALANCING ============== 2.58988
LDB: TIME 2.59012 LOAD: AVG 0.0146488 MAX 0.0344357  PROXIES: TOTAL 185 MAXPE 10 MAXPATCH 7 None MEM: 823.688 MB
LDB: TIME 2.59029 LOAD: AVG 0.0146488 MAX 0.0344357  PROXIES: TOTAL 185 MAXPE 10 MAXPATCH 7 RefineTorusLB MEM: 823.688 MB
LDB: TIME 2.59044 LOAD: AVG 0.0146488 MAX 0.0344357  PROXIES: TOTAL 185 MAXPE 10 MAXPATCH 7 RefineTorusLB MEM: 823.688 MB
LDB: Reverting to original mapping
LDB: ============== END OF LOAD BALANCING =============== 2.5907
Info: build node-aware spanning tree with send: 1, recv: 0 with branch factor 4
Info: useSync: 0 useProxySync: 0
LDB: =============== DONE WITH MIGRATION ================ 2.59137
PRESSURE: 400 0 0 0 0 0 0 0 0 0
GPRESSURE: 400 0 0 0 0 0 0 0 0 0
PRESSAVG: 400 0 0 0 0 0 0 0 0 0
GPRESSAVG: 400 0 0 0 0 0 0 0 0 0
Info: Benchmark time: 42 CPUs 0.000559923 s/step 0.00648059 days/ns 823.688 MB memory
ENERGY:     400      1103.0779      1677.9773      2106.5018       142.4805            -39.8001      -781.0738         0.0000      2449.3336      2999.7341           9658.2314       301.2142      6658.4972      9682.6326       300.8807

PRESSURE: 500 0 0 0 0 0 0 0 0 0
GPRESSURE: 500 0 0 0 0 0 0 0 0 0
PRESSAVG: 500 0 0 0 0 0 0 0 0 0
GPRESSAVG: 500 0 0 0 0 0 0 0 0 0
Info: Benchmark time: 42 CPUs 0.000544545 s/step 0.0063026 days/ns 824.562 MB memory
ENERGY:     500      1066.7214      1674.6901      2092.8887       153.6476            -39.8940      -762.2543         0.0000      2444.4301      2986.1777           9616.4075       299.8529      6630.2297      9641.1711       298.2612

PRESSURE: 600 0 0 0 0 0 0 0 0 0
GPRESSURE: 600 0 0 0 0 0 0 0 0 0
PRESSAVG: 600 0 0 0 0 0 0 0 0 0
GPRESSAVG: 600 0 0 0 0 0 0 0 0 0
Info: Benchmark time: 42 CPUs 0.000556721 s/step 0.00644354 days/ns 824.562 MB memory
ENERGY:     600      1075.1434      1735.0907      2095.0417       148.9644            -39.8243      -784.9537         0.0000      2451.7234      2928.0483           9609.2338       294.0159      6681.1855      9635.1415       298.3857

PRESSURE: 700 0 0 0 0 0 0 0 0 0
GPRESSURE: 700 0 0 0 0 0 0 0 0 0
PRESSAVG: 700 0 0 0 0 0 0 0 0 0
GPRESSAVG: 700 0 0 0 0 0 0 0 0 0
Info: Benchmark time: 42 CPUs 0.000554151 s/step 0.00641378 days/ns 824.562 MB memory
ENERGY:     700      1102.2716      1680.9739      2082.6532       154.6086            -40.4528      -782.1774         0.0000      2449.3339      2968.6343           9615.8454       298.0913      6647.2111      9642.0915       297.6818

PRESSURE: 800 0 0 0 0 0 0 0 0 0
GPRESSURE: 800 0 0 0 0 0 0 0 0 0
PRESSAVG: 800 0 0 0 0 0 0 0 0 0
GPRESSAVG: 800 0 0 0 0 0 0 0 0 0
Info: Benchmark time: 42 CPUs 0.000557068 s/step 0.00644755 days/ns 824.562 MB memory
ENERGY:     800      1087.1836      1643.4531      2075.4340       152.0146            -40.2771      -765.6448         0.0000      2448.9721      3025.5411           9626.6766       303.8056      6601.1355      9651.8977       298.7005

PRESSURE: 900 0 0 0 0 0 0 0 0 0
GPRESSURE: 900 0 0 0 0 0 0 0 0 0
PRESSAVG: 900 0 0 0 0 0 0 0 0 0
GPRESSAVG: 900 0 0 0 0 0 0 0 0 0
Info: Benchmark time: 42 CPUs 0.000552091 s/step 0.00638994 days/ns 824.562 MB memory
ENERGY:     900      1130.1222      1693.0522      2095.7228       142.3018            -39.4471      -802.1361         0.0000      2455.5639      2997.6816           9672.8613       301.0081      6675.1797      9697.6496       299.8960

PRESSURE: 1000 0 0 0 0 0 0 0 0 0
GPRESSURE: 1000 0 0 0 0 0 0 0 0 0
PRESSAVG: 1000 0 0 0 0 0 0 0 0 0
GPRESSAVG: 1000 0 0 0 0 0 0 0 0 0
TIMING: 1000  CPU: 0.58029, 0.000563116/step  Wall: 0.58391, 0.000565596/step, 0.000628439 hours remaining, 824.562500 MB of memory in use.
ETITLE:      TS           BOND          ANGLE          DIHED          IMPRP               ELECT            VDW       BOUNDARY           MISC        KINETIC               TOTAL           TEMP      POTENTIAL         TOTAL3        TEMPAVG

ENERGY:    1000      1081.2623      1695.9456      2126.5715       145.9454            -40.3888      -757.9919         0.0000      2452.6492      2947.4645           9651.4578       295.9656      6703.9933      9674.0045       300.4892

WRITING EXTENDED SYSTEM TO RESTART FILE AT STEP 1000
OPENING COORDINATE DCD FILE
WRITING COORDINATES TO DCD FILE adk-step1.dcd AT STEP 1000
WRITING COORDINATES TO RESTART FILE AT STEP 1000
FINISHED WRITING RESTART COORDINATES
The last position output (seq=1000) takes 0.004 seconds, 824.688 MB of memory in use
WRITING VELOCITIES TO RESTART FILE AT STEP 1000
FINISHED WRITING RESTART VELOCITIES
The last velocity output (seq=1000) takes 0.002 seconds, 824.750 MB of memory in use
PRESSURE: 1100 0 0 0 0 0 0 0 0 0
GPRESSURE: 1100 0 0 0 0 0 0 0 0 0
PRESSAVG: 1100 0 0 0 0 0 0 0 0 0
GPRESSAVG: 1100 0 0 0 0 0 0 0 0 0
ENERGY:    1100      1102.3409      1697.4129      2104.4817       146.2629            -40.2183      -808.1565         0.0000      2453.9838      2962.3111           9618.4184       297.4564      6656.1072      9642.6374       300.4133

PRESSURE: 1200 0 0 0 0 0 0 0 0 0
GPRESSURE: 1200 0 0 0 0 0 0 0 0 0
PRESSAVG: 1200 0 0 0 0 0 0 0 0 0
GPRESSAVG: 1200 0 0 0 0 0 0 0 0 0
ENERGY:    1200      1061.8430      1710.8659      2127.0375       155.4839            -40.9862      -784.6100         0.0000      2457.9362      2988.9002           9676.4705       300.1263      6687.5703      9699.1355       298.7348

PRESSURE: 1300 0 0 0 0 0 0 0 0 0
GPRESSURE: 1300 0 0 0 0 0 0 0 0 0
PRESSAVG: 1300 0 0 0 0 0 0 0 0 0
GPRESSAVG: 1300 0 0 0 0 0 0 0 0 0
ENERGY:    1300      1076.1140      1687.9960      2105.9092       158.9524            -40.2579      -792.8612         0.0000      2451.4635      2941.3251           9588.6411       295.3491      6647.3160      9607.9155       297.7504

PRESSURE: 1400 0 0 0 0 0 0 0 0 0
GPRESSURE: 1400 0 0 0 0 0 0 0 0 0
PRESSAVG: 1400 0 0 0 0 0 0 0 0 0
GPRESSAVG: 1400 0 0 0 0 0 0 0 0 0
ENERGY:    1400      1041.9641      1709.4470      2102.4513       148.9488            -41.8772      -748.5186         0.0000      2445.0547      2973.0560           9630.5262       298.5353      6657.4702      9654.6867       297.9140

PRESSURE: 1500 0 0 0 0 0 0 0 0 0
GPRESSURE: 1500 0 0 0 0 0 0 0 0 0
PRESSAVG: 1500 0 0 0 0 0 0 0 0 0
GPRESSAVG: 1500 0 0 0 0 0 0 0 0 0
ENERGY:    1500      1037.2965      1691.3717      2099.8755       172.7321            -41.5348      -789.3525         0.0000      2448.5391      3032.1271           9651.0547       304.4669      6618.9276      9675.7209       299.0576

PRESSURE: 1600 0 0 0 0 0 0 0 0 0
GPRESSURE: 1600 0 0 0 0 0 0 0 0 0
PRESSAVG: 1600 0 0 0 0 0 0 0 0 0
GPRESSAVG: 1600 0 0 0 0 0 0 0 0 0
ENERGY:    1600      1060.6675      1691.1481      2128.5209       157.9966            -40.9282      -794.9195         0.0000      2451.4692      3009.8571           9663.8116       302.2307      6653.9545      9687.4385       299.4974

PRESSURE: 1700 0 0 0 0 0 0 0 0 0
GPRESSURE: 1700 0 0 0 0 0 0 0 0 0
PRESSAVG: 1700 0 0 0 0 0 0 0 0 0
GPRESSAVG: 1700 0 0 0 0 0 0 0 0 0
ENERGY:    1700      1109.8472      1661.9853      2104.8734       159.3402            -40.7026      -755.7023         0.0000      2452.9705      2972.4000           9665.0116       298.4695      6692.6116      9685.0779       300.8244

PRESSURE: 1800 0 0 0 0 0 0 0 0 0
GPRESSURE: 1800 0 0 0 0 0 0 0 0 0
PRESSAVG: 1800 0 0 0 0 0 0 0 0 0
GPRESSAVG: 1800 0 0 0 0 0 0 0 0 0
ENERGY:    1800      1078.8378      1685.7978      2109.2005       156.8910            -40.8542      -781.4521         0.0000      2463.2855      2918.1713           9589.8778       293.0242      6671.7064      9612.5882       298.3042

PRESSURE: 1900 0 0 0 0 0 0 0 0 0
GPRESSURE: 1900 0 0 0 0 0 0 0 0 0
PRESSAVG: 1900 0 0 0 0 0 0 0 0 0
GPRESSAVG: 1900 0 0 0 0 0 0 0 0 0
ENERGY:    1900      1043.2334      1658.1545      2121.4019       153.9992            -41.0039      -786.6320         0.0000      2458.5628      2973.8477           9581.5636       298.6148      6607.7159      9606.1764       297.3447

PRESSURE: 2000 0 0 0 0 0 0 0 0 0
GPRESSURE: 2000 0 0 0 0 0 0 0 0 0
PRESSAVG: 2000 0 0 0 0 0 0 0 0 0
GPRESSAVG: 2000 0 0 0 0 0 0 0 0 0
TIMING: 2000  CPU: 1.14393, 0.000563644/step  Wall: 1.15923, 0.000575318/step, 0.000479432 hours remaining, 824.750000 MB of memory in use.
ETITLE:      TS           BOND          ANGLE          DIHED          IMPRP               ELECT            VDW       BOUNDARY           MISC        KINETIC               TOTAL           TEMP      POTENTIAL         TOTAL3        TEMPAVG

ENERGY:    2000      1055.7542      1698.6081      2137.5768       169.1780            -40.9562      -785.4259         0.0000      2452.9594      2955.0094           9642.7038       296.7232      6687.6944      9665.8418       297.2839

WRITING EXTENDED SYSTEM TO RESTART FILE AT STEP 2000
WRITING COORDINATES TO DCD FILE adk-step1.dcd AT STEP 2000
WRITING COORDINATES TO RESTART FILE AT STEP 2000
FINISHED WRITING RESTART COORDINATES
The last position output (seq=2000) takes 0.002 seconds, 824.750 MB of memory in use
WRITING VELOCITIES TO RESTART FILE AT STEP 2000
FINISHED WRITING RESTART VELOCITIES
The last velocity output (seq=2000) takes 0.002 seconds, 824.750 MB of memory in use
PRESSURE: 2100 0 0 0 0 0 0 0 0 0
GPRESSURE: 2100 0 0 0 0 0 0 0 0 0
PRESSAVG: 2100 0 0 0 0 0 0 0 0 0
GPRESSAVG: 2100 0 0 0 0 0 0 0 0 0
ENERGY:    2100      1101.7697      1670.0544      2109.5415       158.0457            -40.7937      -775.7902         0.0000      2454.1084      2975.7864           9652.7222       298.8095      6676.9358      9674.6467       300.2417

PRESSURE: 2200 0 0 0 0 0 0 0 0 0
GPRESSURE: 2200 0 0 0 0 0 0 0 0 0
PRESSAVG: 2200 0 0 0 0 0 0 0 0 0
GPRESSAVG: 2200 0 0 0 0 0 0 0 0 0
ENERGY:    2200      1097.4648      1636.3870      2125.9014       158.7983            -40.6635      -793.7751         0.0000      2449.6948      2963.5523           9597.3600       297.5810      6633.8077      9620.4213       298.6889

PRESSURE: 2300 0 0 0 0 0 0 0 0 0
GPRESSURE: 2300 0 0 0 0 0 0 0 0 0
PRESSAVG: 2300 0 0 0 0 0 0 0 0 0
GPRESSAVG: 2300 0 0 0 0 0 0 0 0 0
ENERGY:    2300      1102.4866      1667.3100      2125.1989       147.5687            -40.8033      -790.6720         0.0000      2446.7598      2910.1511           9567.9997       292.2188      6657.8486      9590.9554       294.5727

PRESSURE: 2400 0 0 0 0 0 0 0 0 0
GPRESSURE: 2400 0 0 0 0 0 0 0 0 0
PRESSAVG: 2400 0 0 0 0 0 0 0 0 0
GPRESSAVG: 2400 0 0 0 0 0 0 0 0 0
ENERGY:    2400      1084.3391      1698.8270      2129.9020       140.7308            -41.1516      -812.0318         0.0000      2440.6043      2939.9645           9581.1844       295.2125      6641.2199      9606.8104       297.5631

PRESSURE: 2500 0 0 0 0 0 0 0 0 0
GPRESSURE: 2500 0 0 0 0 0 0 0 0 0
PRESSAVG: 2500 0 0 0 0 0 0 0 0 0
GPRESSAVG: 2500 0 0 0 0 0 0 0 0 0
ENERGY:    2500      1098.5879      1715.2885      2129.3810       147.0814            -40.8697      -784.9142         0.0000      2433.5535      2908.8168           9606.9251       292.0848      6698.1083      9629.6611       296.4185

PRESSURE: 2600 0 0 0 0 0 0 0 0 0
GPRESSURE: 2600 0 0 0 0 0 0 0 0 0
PRESSAVG: 2600 0 0 0 0 0 0 0 0 0
GPRESSAVG: 2600 0 0 0 0 0 0 0 0 0
ENERGY:    2600      1070.8581      1695.8772      2107.4800       148.1036            -41.3143      -786.3706         0.0000      2435.4558      2901.0289           9531.1187       291.3028      6630.0898      9556.9147       296.2470

PRESSURE: 2700 0 0 0 0 0 0 0 0 0
GPRESSURE: 2700 0 0 0 0 0 0 0 0 0
PRESSAVG: 2700 0 0 0 0 0 0 0 0 0
GPRESSAVG: 2700 0 0 0 0 0 0 0 0 0
ENERGY:    2700      1085.0926      1742.4533      2090.6901       156.8104            -41.4139      -793.6494         0.0000      2442.8386      2863.5592           9546.3808       287.5404      6682.8216      9569.0931       294.2309

PRESSURE: 2800 0 0 0 0 0 0 0 0 0
GPRESSURE: 2800 0 0 0 0 0 0 0 0 0
PRESSAVG: 2800 0 0 0 0 0 0 0 0 0
GPRESSAVG: 2800 0 0 0 0 0 0 0 0 0
ENERGY:    2800      1096.8959      1642.6432      2118.8771       158.3165            -41.2469      -816.7406         0.0000      2450.6179      2913.8126           9523.1756       292.5865      6609.3630      9549.1112       292.5350

PRESSURE: 2900 0 0 0 0 0 0 0 0 0
GPRESSURE: 2900 0 0 0 0 0 0 0 0 0
PRESSAVG: 2900 0 0 0 0 0 0 0 0 0
GPRESSAVG: 2900 0 0 0 0 0 0 0 0 0
ENERGY:    2900      1087.1208      1630.0380      2099.4372       139.7014            -41.2122      -778.6821         0.0000      2452.4862      2904.9642           9493.8535       291.6980      6588.8893      9514.2521       291.9193

PRESSURE: 3000 0 0 0 0 0 0 0 0 0
GPRESSURE: 3000 0 0 0 0 0 0 0 0 0
PRESSAVG: 3000 0 0 0 0 0 0 0 0 0
GPRESSAVG: 3000 0 0 0 0 0 0 0 0 0
TIMING: 3000  CPU: 1.72624, 0.000582305/step  Wall: 1.73755, 0.000578322/step, 0.00032129 hours remaining, 824.750000 MB of memory in use.
ETITLE:      TS           BOND          ANGLE          DIHED          IMPRP               ELECT            VDW       BOUNDARY           MISC        KINETIC               TOTAL           TEMP      POTENTIAL         TOTAL3        TEMPAVG

ENERGY:    3000      1075.7902      1677.0172      2089.4321       148.8320            -41.2074      -820.7254         0.0000      2456.2516      2924.0443           9509.4345       293.6139      6585.3902      9533.7295       293.1749

WRITING EXTENDED SYSTEM TO RESTART FILE AT STEP 3000
WRITING COORDINATES TO DCD FILE adk-step1.dcd AT STEP 3000
WRITING COORDINATES TO RESTART FILE AT STEP 3000
FINISHED WRITING RESTART COORDINATES
The last position output (seq=3000) takes 0.002 seconds, 824.750 MB of memory in use
WRITING VELOCITIES TO RESTART FILE AT STEP 3000
FINISHED WRITING RESTART VELOCITIES
The last velocity output (seq=3000) takes 0.002 seconds, 824.750 MB of memory in use
PRESSURE: 3100 0 0 0 0 0 0 0 0 0
GPRESSURE: 3100 0 0 0 0 0 0 0 0 0
PRESSAVG: 3100 0 0 0 0 0 0 0 0 0
GPRESSAVG: 3100 0 0 0 0 0 0 0 0 0
ENERGY:    3100      1078.9065      1683.3611      2107.3104       148.4447            -40.4658      -813.5236         0.0000      2459.0208      2871.6740           9494.7281       288.3552      6623.0541      9516.8254       290.8546

PRESSURE: 3200 0 0 0 0 0 0 0 0 0
GPRESSURE: 3200 0 0 0 0 0 0 0 0 0
PRESSAVG: 3200 0 0 0 0 0 0 0 0 0
GPRESSAVG: 3200 0 0 0 0 0 0 0 0 0
ENERGY:    3200      1052.8693      1676.9112      2114.2198       139.9687            -40.9473      -786.8280         0.0000      2458.6290      2878.7694           9493.5923       289.0677      6614.8228      9516.8866       291.5494

PRESSURE: 3300 0 0 0 0 0 0 0 0 0
GPRESSURE: 3300 0 0 0 0 0 0 0 0 0
PRESSAVG: 3300 0 0 0 0 0 0 0 0 0
GPRESSAVG: 3300 0 0 0 0 0 0 0 0 0
ENERGY:    3300      1088.5954      1662.1786      2120.7615       150.4803            -41.3959      -819.2497         0.0000      2463.3356      2955.1154           9579.8213       296.7339      6624.7058      9598.5318       294.3577

PRESSURE: 3400 0 0 0 0 0 0 0 0 0
GPRESSURE: 3400 0 0 0 0 0 0 0 0 0
PRESSAVG: 3400 0 0 0 0 0 0 0 0 0
GPRESSAVG: 3400 0 0 0 0 0 0 0 0 0
ENERGY:    3400      1075.5251      1680.7925      2103.5911       138.5675            -41.7984      -805.3633         0.0000      2453.0930      2918.8254           9523.2330       293.0898      6604.4075      9549.8279       293.8990

PRESSURE: 3500 0 0 0 0 0 0 0 0 0
GPRESSURE: 3500 0 0 0 0 0 0 0 0 0
PRESSAVG: 3500 0 0 0 0 0 0 0 0 0
GPRESSAVG: 3500 0 0 0 0 0 0 0 0 0
ENERGY:    3500      1031.3848      1681.8074      2117.4571       140.6311            -41.7474      -802.2509         0.0000      2457.1303      2995.1931           9579.6055       300.7582      6584.4124      9604.5766       293.4353

PRESSURE: 3600 0 0 0 0 0 0 0 0 0
GPRESSURE: 3600 0 0 0 0 0 0 0 0 0
PRESSAVG: 3600 0 0 0 0 0 0 0 0 0
GPRESSAVG: 3600 0 0 0 0 0 0 0 0 0
ENERGY:    3600      1062.0264      1710.0223      2120.2874       156.1517            -42.2905      -818.4123         0.0000      2456.8056      2930.1979           9574.7886       294.2318      6644.5906      9599.2681       295.0909

PRESSURE: 3700 0 0 0 0 0 0 0 0 0
GPRESSURE: 3700 0 0 0 0 0 0 0 0 0
PRESSAVG: 3700 0 0 0 0 0 0 0 0 0
GPRESSAVG: 3700 0 0 0 0 0 0 0 0 0
ENERGY:    3700      1083.1903      1692.9329      2102.8617       152.2625            -42.0027      -820.4046         0.0000      2454.7101      2924.1176           9547.6679       293.6213      6623.5503      9573.1708       295.0047

PRESSURE: 3800 0 0 0 0 0 0 0 0 0
GPRESSURE: 3800 0 0 0 0 0 0 0 0 0
PRESSAVG: 3800 0 0 0 0 0 0 0 0 0
GPRESSAVG: 3800 0 0 0 0 0 0 0 0 0
ENERGY:    3800      1122.1161      1641.3027      2091.2213       152.2385            -41.8872      -781.7631         0.0000      2446.0656      2950.1142           9579.4081       296.2317      6629.2939      9606.0408       295.9451

PRESSURE: 3900 0 0 0 0 0 0 0 0 0
GPRESSURE: 3900 0 0 0 0 0 0 0 0 0
PRESSAVG: 3900 0 0 0 0 0 0 0 0 0
GPRESSAVG: 3900 0 0 0 0 0 0 0 0 0
ENERGY:    3900      1075.2273      1615.9332      2106.0905       152.5376            -42.2453      -777.2086         0.0000      2439.5488      2989.5812           9559.4647       300.1947      6569.8836      9582.4487       295.7118

PRESSURE: 4000 0 0 0 0 0 0 0 0 0
GPRESSURE: 4000 0 0 0 0 0 0 0 0 0
PRESSAVG: 4000 0 0 0 0 0 0 0 0 0
GPRESSAVG: 4000 0 0 0 0 0 0 0 0 0
TIMING: 4000  CPU: 2.28546, 0.000559224/step  Wall: 2.3039, 0.000566346/step, 0.000157318 hours remaining, 824.750000 MB of memory in use.
ETITLE:      TS           BOND          ANGLE          DIHED          IMPRP               ELECT            VDW       BOUNDARY           MISC        KINETIC               TOTAL           TEMP      POTENTIAL         TOTAL3        TEMPAVG

ENERGY:    4000      1102.5250      1695.0558      2096.1445       159.2862            -42.0347      -815.9504         0.0000      2451.1784      2901.4422           9547.6470       291.3443      6646.2048      9573.2430       296.5386

WRITING EXTENDED SYSTEM TO RESTART FILE AT STEP 4000
WRITING COORDINATES TO DCD FILE adk-step1.dcd AT STEP 4000
WRITING COORDINATES TO RESTART FILE AT STEP 4000
FINISHED WRITING RESTART COORDINATES
The last position output (seq=4000) takes 0.002 seconds, 824.875 MB of memory in use
WRITING VELOCITIES TO RESTART FILE AT STEP 4000
FINISHED WRITING RESTART VELOCITIES
The last velocity output (seq=4000) takes 0.002 seconds, 824.875 MB of memory in use
PRESSURE: 4100 0 0 0 0 0 0 0 0 0
GPRESSURE: 4100 0 0 0 0 0 0 0 0 0
PRESSAVG: 4100 0 0 0 0 0 0 0 0 0
GPRESSAVG: 4100 0 0 0 0 0 0 0 0 0
ENERGY:    4100      1095.5156      1687.5355      2111.5155       141.7322            -41.8478      -777.1509         0.0000      2453.8103      2916.6373           9587.7478       292.8701      6671.1105      9610.1888       295.5314

PRESSURE: 4200 0 0 0 0 0 0 0 0 0
GPRESSURE: 4200 0 0 0 0 0 0 0 0 0
PRESSAVG: 4200 0 0 0 0 0 0 0 0 0
GPRESSAVG: 4200 0 0 0 0 0 0 0 0 0
ENERGY:    4200      1096.1075      1714.3704      2089.6856       153.2256            -42.6524      -794.2566         0.0000      2456.6235      2955.1412           9628.2448       296.7364      6673.1035      9651.8282       297.4259

LDB: ============= START OF LOAD BALANCING ============== 4.82283
LDB: ============== END OF LOAD BALANCING =============== 4.82289
Info: useSync: 0 useProxySync: 0
LDB: =============== DONE WITH MIGRATION ================ 4.82302
PRESSURE: 4300 0 0 0 0 0 0 0 0 0
GPRESSURE: 4300 0 0 0 0 0 0 0 0 0
PRESSAVG: 4300 0 0 0 0 0 0 0 0 0
GPRESSAVG: 4300 0 0 0 0 0 0 0 0 0
ENERGY:    4300      1092.7297      1743.0027      2098.4812       151.1546            -42.8688      -783.6703         0.0000      2457.6518      2912.4944           9628.9752       292.4541      6716.4808      9649.8918       298.6883

LDB: ============= START OF LOAD BALANCING ============== 4.88048
LDB: TIME 4.88075 LOAD: AVG 0.0143817 MAX 0.0334156  PROXIES: TOTAL 185 MAXPE 10 MAXPATCH 7 None MEM: 824.875 MB
LDB: TIME 4.88095 LOAD: AVG 0.0143817 MAX 0.0334156  PROXIES: TOTAL 185 MAXPE 10 MAXPATCH 7 RefineTorusLB MEM: 824.938 MB
LDB: TIME 4.88111 LOAD: AVG 0.0143817 MAX 0.0334156  PROXIES: TOTAL 185 MAXPE 10 MAXPATCH 7 RefineTorusLB MEM: 824.938 MB
LDB: ============== END OF LOAD BALANCING =============== 4.88137
Info: build node-aware spanning tree with send: 1, recv: 0 with branch factor 4
Info: useSync: 0 useProxySync: 0
LDB: =============== DONE WITH MIGRATION ================ 4.88206
PRESSURE: 4400 0 0 0 0 0 0 0 0 0
GPRESSURE: 4400 0 0 0 0 0 0 0 0 0
PRESSAVG: 4400 0 0 0 0 0 0 0 0 0
GPRESSAVG: 4400 0 0 0 0 0 0 0 0 0
ENERGY:    4400      1118.6322      1671.1048      2097.9492       153.3491            -42.5716      -772.4730         0.0000      2460.7297      2972.7993           9659.5196       298.5096      6686.7203      9681.2425       299.9038

PRESSURE: 4500 0 0 0 0 0 0 0 0 0
GPRESSURE: 4500 0 0 0 0 0 0 0 0 0
PRESSAVG: 4500 0 0 0 0 0 0 0 0 0
GPRESSAVG: 4500 0 0 0 0 0 0 0 0 0
ENERGY:    4500      1086.2367      1697.5635      2092.8337       151.9795            -42.1344      -800.4604         0.0000      2467.1574      2972.1609           9625.3369       298.4455      6653.1760      9646.7049       300.0704

PRESSURE: 4600 0 0 0 0 0 0 0 0 0
GPRESSURE: 4600 0 0 0 0 0 0 0 0 0
PRESSAVG: 4600 0 0 0 0 0 0 0 0 0
GPRESSAVG: 4600 0 0 0 0 0 0 0 0 0
ENERGY:    4600      1078.5460      1713.8051      2096.4198       153.5859            -40.9708      -803.7530         0.0000      2460.9590      2976.9877           9635.5798       298.9301      6658.5921      9664.1063       297.6214

PRESSURE: 4700 0 0 0 0 0 0 0 0 0
GPRESSURE: 4700 0 0 0 0 0 0 0 0 0
PRESSAVG: 4700 0 0 0 0 0 0 0 0 0
GPRESSAVG: 4700 0 0 0 0 0 0 0 0 0
ENERGY:    4700      1083.3547      1668.3223      2082.1843       151.1298            -41.7249      -777.7498         0.0000      2457.4520      3025.8955           9648.8640       303.8411      6622.9684      9674.7808       299.3666

PRESSURE: 4800 0 0 0 0 0 0 0 0 0
GPRESSURE: 4800 0 0 0 0 0 0 0 0 0
PRESSAVG: 4800 0 0 0 0 0 0 0 0 0
GPRESSAVG: 4800 0 0 0 0 0 0 0 0 0
ENERGY:    4800      1074.4801      1681.6397      2101.0486       162.5454            -41.0982      -805.2991         0.0000      2458.2629      2971.2354           9602.8148       298.3525      6631.5794      9626.0437       298.5135

PRESSURE: 4900 0 0 0 0 0 0 0 0 0
GPRESSURE: 4900 0 0 0 0 0 0 0 0 0
PRESSAVG: 4900 0 0 0 0 0 0 0 0 0
GPRESSAVG: 4900 0 0 0 0 0 0 0 0 0
ENERGY:    4900      1118.7777      1678.1679      2084.0913       157.7983            -41.2628      -798.1015         0.0000      2453.1882      2996.2412           9648.9002       300.8634      6652.6590      9673.9585       296.2319

PRESSURE: 5000 0 0 0 0 0 0 0 0 0
GPRESSURE: 5000 0 0 0 0 0 0 0 0 0
PRESSAVG: 5000 0 0 0 0 0 0 0 0 0
GPRESSAVG: 5000 0 0 0 0 0 0 0 0 0
TIMING: 5000  CPU: 2.86125, 0.000575789/step  Wall: 2.88182, 0.000577924/step, 0 hours remaining, 824.937500 MB of memory in use.
ETITLE:      TS           BOND          ANGLE          DIHED          IMPRP               ELECT            VDW       BOUNDARY           MISC        KINETIC               TOTAL           TEMP      POTENTIAL         TOTAL3        TEMPAVG

ENERGY:    5000      1072.9852      1711.2641      2101.4631       151.1889            -41.3601      -791.6517         0.0000      2455.8198      3029.7267           9689.4360       304.2258      6659.7093      9713.5527       300.1148

WRITING EXTENDED SYSTEM TO RESTART FILE AT STEP 5000
WRITING COORDINATES TO DCD FILE adk-step1.dcd AT STEP 5000
WRITING COORDINATES TO RESTART FILE AT STEP 5000
FINISHED WRITING RESTART COORDINATES
The last position output (seq=5000) takes 0.002 seconds, 825.688 MB of memory in use
WRITING VELOCITIES TO RESTART FILE AT STEP 5000
FINISHED WRITING RESTART VELOCITIES
The last velocity output (seq=5000) takes 0.002 seconds, 825.688 MB of memory in use
WRITING EXTENDED SYSTEM TO OUTPUT FILE AT STEP 5000
WRITING COORDINATES TO OUTPUT FILE AT STEP 5000
CLOSING COORDINATE DCD FILE adk-step1.dcd
The last position output (seq=-2) takes 0.003 seconds, 825.688 MB of memory in use
WRITING VELOCITIES TO OUTPUT FILE AT STEP 5000
====================================================

WallClock: 5.233502  CPUTime: 3.730957  Memory: 825.687500 MB
End of program
