1_3_cc.dat
/gpfs/alpine/bip115/scratch/hrlee/radical.pilot.sandbox/re.session.login1.hrlee.018632.0003/pilot.0000/staging_area/1_3_cc.dat
1, 3
Choosing optimized barrier algorithm name I0:HybridBinomial:SHMEM:P2P
Converse/Charm++ Commit ID: v6.10.2-0-g7bf00fa-namd-charm-6.10.2-build-2020-Aug-05-556
Warning> Randomization of virtual memory (ASLR) is turned on in the kernel, thread migration may not work! Run 'echo 0 > /proc/sys/kernel/randomize_va_space' as root to disable it, or try running with '+isomalloc_sync'.
CharmLB> Load balancer assumes all CPUs are same.
Charm++> Running on 1 hosts (1 sockets x 7 cores x 4 PUs = 28-way SMP)
Charm++> cpu topology info is gathered in 0.003 seconds.
Info: Built with CUDA version 10010
Did not find +devices i,j,k,... argument, using all
Pe 11 physical rank 11 will use CUDA device of pe 7
Pe 18 physical rank 18 will use CUDA device of pe 14
Pe 27 physical rank 27 will use CUDA device of pe 21
Pe 30 physical rank 30 will use CUDA device of pe 28
Pe 41 physical rank 41 will use CUDA device of pe 35
Pe 5 physical rank 5 will use CUDA device of pe 4
Pe 9 physical rank 9 will use CUDA device of pe 7
Pe 19 physical rank 19 will use CUDA device of pe 14
Pe 23 physical rank 23 will use CUDA device of pe 21
Pe 33 physical rank 33 will use CUDA device of pe 28
Pe 39 physical rank 39 will use CUDA device of pe 35
Pe 2 physical rank 2 will use CUDA device of pe 4
Pe 12 physical rank 12 will use CUDA device of pe 7
Pe 20 physical rank 20 will use CUDA device of pe 14
Pe 24 physical rank 24 will use CUDA device of pe 21
Pe 32 physical rank 32 will use CUDA device of pe 28
Pe 40 physical rank 40 will use CUDA device of pe 35
Pe 3 physical rank 3 will use CUDA device of pe 4
Pe 13 physical rank 13 will use CUDA device of pe 7
Pe 17 physical rank 17 will use CUDA device of pe 14
Pe 25 physical rank 25 will use CUDA device of pe 21
Pe 31 physical rank 31 will use CUDA device of pe 28
Pe 37 physical rank 37 will use CUDA device of pe 35
Pe 6 physical rank 6 will use CUDA device of pe 4
Pe 10 physical rank 10 will use CUDA device of pe 7
Pe 16 physical rank 16 will use CUDA device of pe 14
Pe 26 physical rank 26 will use CUDA device of pe 21
Pe 34 physical rank 34 will use CUDA device of pe 28
Pe 38 physical rank 38 will use CUDA device of pe 35
Pe 1 physical rank 1 will use CUDA device of pe 4
Pe 8 physical rank 8 will use CUDA device of pe 7
Pe 15 physical rank 15 will use CUDA device of pe 14
Pe 22 physical rank 22 will use CUDA device of pe 21
Pe 29 physical rank 29 will use CUDA device of pe 28
Pe 36 physical rank 36 will use CUDA device of pe 35
Pe 0 physical rank 0 will use CUDA device of pe 4
Pe 4 physical rank 4 binding to CUDA device 0 on h23n11: 'Tesla V100-SXM2-16GB'  Mem: 16128MB  Rev: 7.0  PCI: 4:4:0
Pe 7 physical rank 7 binding to CUDA device 0 on h23n11: 'Tesla V100-SXM2-16GB'  Mem: 16128MB  Rev: 7.0  PCI: 4:5:0
Pe 14 physical rank 14 binding to CUDA device 0 on h23n11: 'Tesla V100-SXM2-16GB'  Mem: 16128MB  Rev: 7.0  PCI: 4:6:0
Pe 21 physical rank 21 binding to CUDA device 0 on h23n11: 'Tesla V100-SXM2-16GB'  Mem: 16128MB  Rev: 7.0  PCI: 35:3:0
Pe 28 physical rank 28 binding to CUDA device 0 on h23n11: 'Tesla V100-SXM2-16GB'  Mem: 16128MB  Rev: 7.0  PCI: 35:4:0
Pe 35 physical rank 35 binding to CUDA device 0 on h23n11: 'Tesla V100-SXM2-16GB'  Mem: 16128MB  Rev: 7.0  PCI: 35:5:0
Info: NAMD 2.14 for Linux-POWER-pami-smp-Summit-CUDA
Info: 
Info: Please visit http://www.ks.uiuc.edu/Research/namd/
Info: for updates, documentation, and support information.
Info: 
Info: Please cite Phillips et al., J. Chem. Phys. 153:044130 (2020) doi:10.1063/5.0014475
Info: in all publications reporting results obtained with NAMD.
Info: 
Info: Based on Charm++/Converse 61002 for pami-linux-ppc64le-smp
Info: Built Wed Aug 5 14:28:51 EDT 2020 by jimp on login2
Info: 1 NAMD  2.14  Linux-POWER-pami-smp-Summit-CUDA  42    h23n11  hrlee
Info: Running on 42 processors, 6 nodes, 1 physical nodes.
Info: CPU topology information available.
Info: Charm++/Converse parallel runtime startup completed at 1.40225 s
CkLoopLib is used in SMP with simple dynamic scheduling (converse-level notification)
Info: 791.375 MB of memory in use based on /proc/self/stat
Info: Configuration file is adk-step1.namd
Info: Working in the current directory /gpfs/alpine/bip115/scratch/hrlee/radical.pilot.sandbox/re.session.login1.hrlee.018632.0003/pilot.0000/unit.000284
TCL: Suspending until startup complete.
Info: SIMULATION PARAMETERS:
Info: TIMESTEP               1
Info: NUMBER OF STEPS        0
Info: STEPS PER CYCLE        20
Info: LOAD BALANCER  Centralized
Info: LOAD BALANCING STRATEGY  New Load Balancers -- DEFAULT
Info: LDB PERIOD             4000 steps
Info: FIRST LDB TIMESTEP     100
Info: LAST LDB TIMESTEP     -1
Info: LDB BACKGROUND SCALING 1
Info: HOM BACKGROUND SCALING 1
Info: MIN ATOMS PER PATCH    40
Info: VELOCITY FILE          1_3_adk-step1.restart.vel
Info: CENTER OF MASS MOVING INITIALLY? NO
Info: DIELECTRIC             80
Info: EXCLUDE                SCALED ONE-FOUR
Info: 1-4 ELECTROSTATICS SCALED BY 1
Info: MODIFIED 1-4 VDW PARAMETERS WILL BE USED
Info: DCD FILENAME           adk-step1.dcd
Info: DCD FREQUENCY          1000
Info: DCD FIRST STEP         1000
Info: NO EXTENDED SYSTEM TRAJECTORY OUTPUT
Info: NO VELOCITY DCD OUTPUT
Info: NO FORCE DCD OUTPUT
Info: OUTPUT FILENAME        adk-step1
Info: BINARY OUTPUT FILES WILL BE USED
Info: RESTART FILENAME       adk-step1.restart
Info: RESTART FREQUENCY      1000
Info: BINARY RESTART FILES WILL BE USED
Info: SWITCHING ACTIVE
Info: SWITCHING ON           9
Info: SWITCHING OFF          10
Info: PAIRLIST DISTANCE      11
Info: PAIRLIST SHRINK RATE   0.01
Info: PAIRLIST GROW RATE     0.01
Info: PAIRLIST TRIGGER       0.3
Info: PAIRLISTS PER CYCLE    2
Info: PAIRLISTS ENABLED
Info: MARGIN                 0
Info: HYDROGEN GROUP CUTOFF  2.5
Info: PATCH DIMENSION        13.5
Info: ENERGY OUTPUT STEPS    100
Info: CROSSTERM ENERGY INCLUDED IN DIHEDRAL
Info: TIMING OUTPUT STEPS    1000
Info: PRESSURE OUTPUT STEPS  100
Info: GRID FORCE ACTIVE
Info:  Please include this reference in published work using
Info:  the Gridforce module of NAMD: David Wells, Volha Abramkina,
Info:  and Aleksei Aksimentiev, J. Chem. Phys. 127:125101-10 (2007).
Info: MGRIDFORCE key 0
Info:            Potfile 4ake-target_autopsf-grid.dx
Info:            Scale 0.3 0.3 0.3
Info:            File 1ake-docked-noh_autopsf-grid.pdb
Info:            Col O
Info:            ChargeCol B
Info:            VOffset 0 0 0
Info:            Continuous K1 FALSE
Info:            Continuous K2 FALSE
Info:            Continuous K3 FALSE
Info:            Volts FALSE
Info:            Gridforce-Lite FALSE
Info:            Gridforce-CheckSize TRUE
Info: LANGEVIN DYNAMICS ACTIVE
Info: LANGEVIN TEMPERATURE   300
Info: LANGEVIN USING BBK INTEGRATOR
Info: LANGEVIN DAMPING COEFFICIENT IS 5 INVERSE PS
Info: LANGEVIN DYNAMICS NOT APPLIED TO HYDROGENS
Info: USING VERLET I (r-RESPA) MTS SCHEME.
Info: C1 SPLITTING OF LONG RANGE ELECTROSTATICS
Info: PLACING ATOMS IN PATCHES BY HYDROGEN GROUPS
Info: RIGID BONDS TO HYDROGEN : WATER
Info:         ERROR TOLERANCE : 1e-08
Info:          MAX ITERATIONS : 100
Info: RIGID WATER USING SETTLE ALGORITHM
Info: NONBONDED FORCES EVALUATED EVERY 2 STEPS
Info: RANDOM NUMBER SEED     1609821845
Info: USE HYDROGEN BONDS?    NO
Info: COORDINATE PDB         1ake-docked-noh_autopsf.pdb
Info: STRUCTURE FILE         1ake-docked-noh_autopsf.psf
Info: PARAMETER file: CHARMM format! 
Info: PARAMETERS             par_all36_prot.prm
Info: USING ARITHMETIC MEAN TO COMBINE L-J SIGMA PARAMETERS
Info: BINARY COORDINATES     1_3_adk-step1.restart.coor
Info: SUMMARY OF PARAMETERS:
Info: 132 BONDS
Info: 362 ANGLES
Info: 702 DIHEDRAL
Info: 35 IMPROPER
Info: 6 CROSSTERM
Info: 53 VDW
Info: 0 VDW_PAIRS
Info: 0 NBTHOLE_PAIRS
Info: TIME FOR READING PSF FILE: 0.387523
Info: READING EXTRA BONDS FILE 1ake-extrabonds.txt
Info: READING EXTRA BONDS FILE 1ake-extrabonds-cispeptide.txt
Info: READING EXTRA BONDS FILE 1ake-extrabonds-chirality.txt
Info: READ 80 EXTRA BONDS
Info: READ 80 EXTRA ANGLES
Warning: EXTRA ANGLES ARE COSINE-BASED BY DEFAULT TO MATCH PREVIOUS VERSIONS
Warning: FOR NORMAL HARMONIC EXTRA ANGLES SET extraBondsCosAngles off
Info: READ 493 EXTRA DIHEDRALS
Info: READ 438 EXTRA IMPROPERS
Info: Reading pdb file 1ake-docked-noh_autopsf.pdb
Info: TIME FOR READING PDB FILE: 0.0800335
Info: 
Info: ****************************
Info: STRUCTURE SUMMARY:
Info: 3341 ATOMS
Info: 3445 BONDS
Info: 6203 ANGLES
Info: 9414 DIHEDRALS
Info: 1005 IMPROPERS
Info: 212 CROSSTERMS
Info: 0 EXCLUSIONS
Info: 0 RIGID BONDS
Info: 1 GRIDS ACTIVE
Info: 10023 DEGREES OF FREEDOM
Info: 1656 HYDROGEN GROUPS
Info: 4 ATOMS IN LARGEST HYDROGEN GROUP
Info: 1656 MIGRATION GROUPS
Info: 4 ATOMS IN LARGEST MIGRATION GROUP
Info: TOTAL MASS = 23582 amu
Info: TOTAL CHARGE = -4 e
Info: *****************************
Info: Reading from binary file 1_3_adk-step1.restart.coor
Info: 
Info: Entering startup at 2.43702 s, 798.688 MB of memory in use
Info: Startup phase 0 took 0.000187517 s, 798.688 MB of memory in use
Info: ADDED 18308 IMPLICIT EXCLUSIONS
Info: Startup phase 1 took 0.00761643 s, 798.75 MB of memory in use
Info: NONBONDED TABLE R-SQUARED SPACING: 0.0625
Info: NONBONDED TABLE SIZE: 705 POINTS
Info: ABSOLUTE IMPRECISION IN FAST TABLE ENERGY: 3.38813e-21 AT 9.89634
Info: RELATIVE IMPRECISION IN FAST TABLE ENERGY: 4.23384e-15 AT 9.94673
Info: ABSOLUTE IMPRECISION IN FAST TABLE FORCE: 6.35275e-22 AT 9.94673
Info: RELATIVE IMPRECISION IN FAST TABLE FORCE: 5.07982e-16 AT 9.94673
Info: INCONSISTENCY IN FAST TABLE ENERGY VS FORCE: 0.000290185 AT 0.251946
Info: ABSOLUTE IMPRECISION IN VDWA TABLE ENERGY: 1.57772e-30 AT 9.89634
Info: RELATIVE IMPRECISION IN VDWA TABLE ENERGY: 4.54938e-15 AT 9.94673
Info: ABSOLUTE IMPRECISION IN VDWA TABLE FORCE: 5.91646e-31 AT 9.94673
Info: RELATIVE IMPRECISION IN VDWA TABLE FORCE: 5.6823e-16 AT 9.94673
Info: INCONSISTENCY IN VDWA TABLE ENERGY VS FORCE: 0.0040507 AT 0.251946
Info: ABSOLUTE IMPRECISION IN VDWB TABLE ENERGY: 4.71751e-25 AT 9.94673
Info: RELATIVE IMPRECISION IN VDWB TABLE ENERGY: 1.45371e-14 AT 9.94673
Info: ABSOLUTE IMPRECISION IN VDWB TABLE FORCE: 6.20385e-25 AT 9.94673
Info: RELATIVE IMPRECISION IN VDWB TABLE FORCE: 5.97512e-16 AT 9.94673
Info: INCONSISTENCY IN VDWB TABLE ENERGY VS FORCE: 0.00377068 AT 9.07951
Info: Startup phase 2 took 0.000542746 s, 799.875 MB of memory in use
Info: Startup phase 3 took 0.000181766 s, 799.938 MB of memory in use
Info: Startup phase 4 took 0.000272171 s, 800 MB of memory in use
Info: Startup phase 5 took 0.000181167 s, 800.062 MB of memory in use
Info: ORIGINAL ATOMS MINMAX IS -21.2062 -33.218 -34.307  17.3386 12.4271 16.2122
Info: ADJUSTED ATOMS MINMAX IS -17.0622 -27.4016 -30.2334  11.6738 8.40067 7.64575
Info: PATCH GRID IS 5 BY 3 BY 3
Info: PATCH GRID IS 2-AWAY BY 1-AWAY BY 1-AWAY
Info: Reading from binary file 1_3_adk-step1.restart.vel
Info: REMOVING COM VELOCITY -0.0740047 0.0145252 0.0635551
Info: LARGEST PATCH (17) HAS 141 ATOMS
Info: TORUS A SIZE 1 USING 0
Info: TORUS B SIZE 1 USING 0
Info: TORUS C SIZE 1 USING 0
Info: TORUS MINIMAL MESH SIZE IS 1 BY 1 BY 1
Info: Placed 100% of base nodes on same physical node as patch
Info: Startup phase 6 took 0.0082236 s, 800.25 MB of memory in use
Info: Startup phase 7 took 0.000187062 s, 801.25 MB of memory in use
Info: Updated CUDA force table with 4096 elements.
Info: Updated CUDA LJ table with 53 x 53 elements.
Info: Updated CUDA force table with 4096 elements.
Info: Updated CUDA LJ table with 53 x 53 elements.
Info: Updated CUDA force table with 4096 elements.
Info: Updated CUDA force table with 4096 elements.
Info: Updated CUDA LJ table with 53 x 53 elements.
Info: Updated CUDA LJ table with 53 x 53 elements.
Info: Updated CUDA force table with 4096 elements.
Info: Updated CUDA LJ table with 53 x 53 elements.
Info: Updated CUDA force table with 4096 elements.
Info: Updated CUDA LJ table with 53 x 53 elements.
Info: Startup phase 8 took 0.00319963 s, 801.312 MB of memory in use
Info: Startup phase 9 took 0.000350912 s, 801.375 MB of memory in use
Info: Startup phase 10 took 0.000191584 s, 801.438 MB of memory in use
Info: Startup phase 11 took 0.000842312 s, 801.625 MB of memory in use
LDB: Central LB being created...
Info: Startup phase 12 took 0.00207095 s, 802.375 MB of memory in use
Info: CREATING 1139 COMPUTE OBJECTS
Info: Found 278 unique exclusion lists needing 900 bytes
Info: Found 278 unique exclusion lists needing 900 bytes
Info: Found 278 unique exclusion lists needing 900 bytes
Info: Found 278 unique exclusion lists needing 900 bytes
Info: Found 278 unique exclusion lists needing 900 bytes
Info: Found 278 unique exclusion lists needing 900 bytes
Info: Startup phase 13 took 0.0147223 s, 803.125 MB of memory in use
Info: Building spanning tree ... send: 1 recv: 0 with branch factor 4
Info: useSync: 0 useProxySync: 0
Info: Startup phase 14 took 0.00019451 s, 803.312 MB of memory in use
Info: Startup phase 15 took 0.000225913 s, 803.438 MB of memory in use
Info: Finished startup at 2.47621 s, 803.562 MB of memory in use

TCL: Running for 5000 steps
PRESSURE: 0 0 0 0 0 0 0 0 0 0
GPRESSURE: 0 0 0 0 0 0 0 0 0 0
ETITLE:      TS           BOND          ANGLE          DIHED          IMPRP               ELECT            VDW       BOUNDARY           MISC        KINETIC               TOTAL           TEMP      POTENTIAL         TOTAL3        TEMPAVG

ENERGY:       0      1134.8372      1720.6292      2096.5563       148.5582            -41.4133      -824.4727         0.0000      4157.3414      2922.5989          11314.6352       293.4688      8392.0363     11339.8469       293.4688

LDB: ============= START OF LOAD BALANCING ============== 2.48685
LDB: ============== END OF LOAD BALANCING =============== 2.4869
Info: useSync: 0 useProxySync: 0
LDB: =============== DONE WITH MIGRATION ================ 2.48699
LDB: ============= START OF LOAD BALANCING ============== 2.52259
LDB: Partitioning computes with target load 0.000000
LDB: Increased migratable compute count from 0 to 0
LDB: Largest unpartitionable compute is 0.000000
LDB: ============== END OF LOAD BALANCING =============== 2.5229
Info: build node-aware spanning tree with send: 1, recv: 0 with branch factor 4
Info: useSync: 0 useProxySync: 0
LDB: =============== DONE WITH MIGRATION ================ 2.52369
PRESSURE: 100 0 0 0 0 0 0 0 0 0
GPRESSURE: 100 0 0 0 0 0 0 0 0 0
PRESSAVG: 100 0 0 0 0 0 0 0 0 0
GPRESSAVG: 100 0 0 0 0 0 0 0 0 0
Info: Initial time: 42 CPUs 0.000444757 s/step 0.00514765 days/ns 826.938 MB memory
ENERGY:     100      1125.3110      1667.4316      2101.3195       166.0765            -41.0656      -811.9970         0.0000      4149.1608      2969.1296          11325.3662       298.1411      8356.2366     11351.2760       298.5757

LDB: ============= START OF LOAD BALANCING ============== 2.53256
LDB: ============== END OF LOAD BALANCING =============== 2.5326
Info: useSync: 0 useProxySync: 0
LDB: =============== DONE WITH MIGRATION ================ 2.53269
LDB: ============= START OF LOAD BALANCING ============== 2.57045
LDB: TIME 2.57067 LOAD: AVG 0.0114455 MAX 0.0220664  PROXIES: TOTAL 176 MAXPE 7 MAXPATCH 7 None MEM: 828.125 MB
LDB: TIME 2.57088 LOAD: AVG 0.0114455 MAX 0.0220664  PROXIES: TOTAL 176 MAXPE 7 MAXPATCH 7 TorusLB MEM: 828.188 MB
LDB: ============== END OF LOAD BALANCING =============== 2.57113
Info: build node-aware spanning tree with send: 1, recv: 0 with branch factor 4
Info: useSync: 0 useProxySync: 0
LDB: =============== DONE WITH MIGRATION ================ 2.57186
PRESSURE: 200 0 0 0 0 0 0 0 0 0
GPRESSURE: 200 0 0 0 0 0 0 0 0 0
PRESSAVG: 200 0 0 0 0 0 0 0 0 0
GPRESSAVG: 200 0 0 0 0 0 0 0 0 0
Info: Initial time: 42 CPUs 0.00046382 s/step 0.00536829 days/ns 828.188 MB memory
ENERGY:     200      1061.7510      1735.2110      2089.9039       158.7931            -40.2529      -802.8293         0.0000      4146.1529      2965.3168          11314.0465       297.7582      8348.7297     11339.0446       298.8968

LDB: ============= START OF LOAD BALANCING ============== 2.62365
LDB: TIME 2.62387 LOAD: AVG 0.0145468 MAX 0.0307929  PROXIES: TOTAL 176 MAXPE 7 MAXPATCH 7 None MEM: 829.125 MB
LDB: TIME 2.62403 LOAD: AVG 0.0145468 MAX 0.0307929  PROXIES: TOTAL 176 MAXPE 7 MAXPATCH 7 RefineTorusLB MEM: 829.125 MB
LDB: TIME 2.62417 LOAD: AVG 0.0145468 MAX 0.0307929  PROXIES: TOTAL 176 MAXPE 7 MAXPATCH 7 RefineTorusLB MEM: 829.125 MB
LDB: Reverting to original mapping
LDB: ============== END OF LOAD BALANCING =============== 2.6244
Info: build node-aware spanning tree with send: 1, recv: 0 with branch factor 4
Info: useSync: 0 useProxySync: 0
LDB: =============== DONE WITH MIGRATION ================ 2.62512
PRESSURE: 300 0 0 0 0 0 0 0 0 0
GPRESSURE: 300 0 0 0 0 0 0 0 0 0
PRESSAVG: 300 0 0 0 0 0 0 0 0 0
GPRESSAVG: 300 0 0 0 0 0 0 0 0 0
Info: Initial time: 42 CPUs 0.000516887 s/step 0.00598249 days/ns 829.125 MB memory
ENERGY:     300      1074.1604      1701.9225      2096.1568       150.2268            -40.6576      -826.7657         0.0000      4155.0185      2988.1935          11298.2552       300.0553      8310.0618     11319.6257       298.5170

LDB: ============= START OF LOAD BALANCING ============== 2.67668
LDB: TIME 2.6769 LOAD: AVG 0.0143502 MAX 0.0304387  PROXIES: TOTAL 176 MAXPE 7 MAXPATCH 7 None MEM: 829.875 MB
LDB: TIME 2.67708 LOAD: AVG 0.0143502 MAX 0.0304387  PROXIES: TOTAL 176 MAXPE 7 MAXPATCH 7 RefineTorusLB MEM: 829.938 MB
LDB: TIME 2.67721 LOAD: AVG 0.0143502 MAX 0.0304387  PROXIES: TOTAL 176 MAXPE 7 MAXPATCH 7 RefineTorusLB MEM: 829.938 MB
LDB: Reverting to original mapping
LDB: ============== END OF LOAD BALANCING =============== 2.67745
Info: build node-aware spanning tree with send: 1, recv: 0 with branch factor 4
Info: useSync: 0 useProxySync: 0
LDB: =============== DONE WITH MIGRATION ================ 2.67817
PRESSURE: 400 0 0 0 0 0 0 0 0 0
GPRESSURE: 400 0 0 0 0 0 0 0 0 0
PRESSAVG: 400 0 0 0 0 0 0 0 0 0
GPRESSAVG: 400 0 0 0 0 0 0 0 0 0
Info: Benchmark time: 42 CPUs 0.000513053 s/step 0.00593812 days/ns 829.938 MB memory
ENERGY:     400       999.3665      1715.5695      2105.5699       149.7976            -41.5857      -818.8864         0.0000      4164.5767      3043.4992          11317.9073       305.6088      8274.4081     11347.4073       297.5367

PRESSURE: 500 0 0 0 0 0 0 0 0 0
GPRESSURE: 500 0 0 0 0 0 0 0 0 0
PRESSAVG: 500 0 0 0 0 0 0 0 0 0
GPRESSAVG: 500 0 0 0 0 0 0 0 0 0
Info: Benchmark time: 42 CPUs 0.000513554 s/step 0.00594391 days/ns 830.75 MB memory
ENERGY:     500      1055.2240      1685.9158      2086.6257       148.9119            -41.7560      -803.5720         0.0000      4159.5195      2985.9114          11276.7803       299.8262      8290.8689     11305.2921       298.9022

PRESSURE: 600 0 0 0 0 0 0 0 0 0
GPRESSURE: 600 0 0 0 0 0 0 0 0 0
PRESSAVG: 600 0 0 0 0 0 0 0 0 0
GPRESSAVG: 600 0 0 0 0 0 0 0 0 0
Info: Benchmark time: 42 CPUs 0.000523019 s/step 0.00605346 days/ns 830.75 MB memory
ENERGY:     600      1113.2637      1669.3303      2082.8861       163.2878            -42.3178      -823.9103         0.0000      4153.3076      2972.5449          11288.3922       298.4840      8315.8473     11310.4018       296.1578

PRESSURE: 700 0 0 0 0 0 0 0 0 0
GPRESSURE: 700 0 0 0 0 0 0 0 0 0
PRESSAVG: 700 0 0 0 0 0 0 0 0 0
GPRESSAVG: 700 0 0 0 0 0 0 0 0 0
Info: Benchmark time: 42 CPUs 0.000521714 s/step 0.00603835 days/ns 830.75 MB memory
ENERGY:     700      1125.7912      1661.2775      2075.5864       150.8462            -41.6003      -821.8623         0.0000      4147.6100      3015.1380          11312.7865       302.7609      8297.6485     11335.2544       299.3255

PRESSURE: 800 0 0 0 0 0 0 0 0 0
GPRESSURE: 800 0 0 0 0 0 0 0 0 0
PRESSAVG: 800 0 0 0 0 0 0 0 0 0
GPRESSAVG: 800 0 0 0 0 0 0 0 0 0
Info: Benchmark time: 42 CPUs 0.000516223 s/step 0.0059748 days/ns 830.75 MB memory
ENERGY:     800      1102.9740      1710.5580      2088.8633       157.2528            -41.7115      -823.0793         0.0000      4150.2082      3025.3036          11370.3692       303.7817      8345.0655     11393.6920       301.4296

PRESSURE: 900 0 0 0 0 0 0 0 0 0
GPRESSURE: 900 0 0 0 0 0 0 0 0 0
PRESSAVG: 900 0 0 0 0 0 0 0 0 0
GPRESSAVG: 900 0 0 0 0 0 0 0 0 0
Info: Benchmark time: 42 CPUs 0.000526231 s/step 0.00609064 days/ns 830.75 MB memory
ENERGY:     900      1047.3237      1682.1331      2099.4017       137.9704            -41.4220      -798.3422         0.0000      4158.2272      3025.8534          11311.1453       303.8369      8285.2919     11337.7501       299.6295

PRESSURE: 1000 0 0 0 0 0 0 0 0 0
GPRESSURE: 1000 0 0 0 0 0 0 0 0 0
PRESSAVG: 1000 0 0 0 0 0 0 0 0 0
GPRESSAVG: 1000 0 0 0 0 0 0 0 0 0
TIMING: 1000  CPU: 0.532489, 0.00051492/step  Wall: 0.5334, 0.000515492/step, 0.000572769 hours remaining, 830.750000 MB of memory in use.
ETITLE:      TS           BOND          ANGLE          DIHED          IMPRP               ELECT            VDW       BOUNDARY           MISC        KINETIC               TOTAL           TEMP      POTENTIAL         TOTAL3        TEMPAVG

ENERGY:    1000      1078.9774      1680.2791      2079.4643       139.6103            -41.5483      -801.6152         0.0000      4157.0147      2954.1719          11246.3542       296.6391      8292.1823     11269.3362       296.7259

WRITING EXTENDED SYSTEM TO RESTART FILE AT STEP 1000
OPENING COORDINATE DCD FILE
WRITING COORDINATES TO DCD FILE adk-step1.dcd AT STEP 1000
WRITING COORDINATES TO RESTART FILE AT STEP 1000
FINISHED WRITING RESTART COORDINATES
The last position output (seq=1000) takes 0.005 seconds, 830.875 MB of memory in use
WRITING VELOCITIES TO RESTART FILE AT STEP 1000
FINISHED WRITING RESTART VELOCITIES
The last velocity output (seq=1000) takes 0.002 seconds, 830.875 MB of memory in use
PRESSURE: 1100 0 0 0 0 0 0 0 0 0
GPRESSURE: 1100 0 0 0 0 0 0 0 0 0
PRESSAVG: 1100 0 0 0 0 0 0 0 0 0
GPRESSAVG: 1100 0 0 0 0 0 0 0 0 0
ENERGY:    1100      1092.8900      1716.9391      2077.3855       151.0792            -42.1513      -840.5749         0.0000      4155.8612      2935.7448          11247.1735       294.7888      8311.4287     11272.8616       295.0033

PRESSURE: 1200 0 0 0 0 0 0 0 0 0
GPRESSURE: 1200 0 0 0 0 0 0 0 0 0
PRESSAVG: 1200 0 0 0 0 0 0 0 0 0
GPRESSAVG: 1200 0 0 0 0 0 0 0 0 0
ENERGY:    1200      1142.7183      1663.1098      2073.7416       150.2861            -42.2594      -816.7223         0.0000      4165.6509      2964.5941          11301.1192       297.6857      8336.5250     11325.9240       298.4602

PRESSURE: 1300 0 0 0 0 0 0 0 0 0
GPRESSURE: 1300 0 0 0 0 0 0 0 0 0
PRESSAVG: 1300 0 0 0 0 0 0 0 0 0
GPRESSAVG: 1300 0 0 0 0 0 0 0 0 0
ENERGY:    1300      1083.6025      1652.8112      2056.6455       158.6029            -41.6472      -799.9577         0.0000      4167.8261      2971.3462          11249.2295       298.3636      8277.8833     11276.6072       298.1879

PRESSURE: 1400 0 0 0 0 0 0 0 0 0
GPRESSURE: 1400 0 0 0 0 0 0 0 0 0
PRESSAVG: 1400 0 0 0 0 0 0 0 0 0
GPRESSAVG: 1400 0 0 0 0 0 0 0 0 0
ENERGY:    1400      1075.3966      1685.2377      2106.3748       150.4065            -41.3986      -836.0073         0.0000      4162.3435      2976.4564          11278.8097       298.8768      8302.3533     11301.1823       296.8868

PRESSURE: 1500 0 0 0 0 0 0 0 0 0
GPRESSURE: 1500 0 0 0 0 0 0 0 0 0
PRESSAVG: 1500 0 0 0 0 0 0 0 0 0
GPRESSAVG: 1500 0 0 0 0 0 0 0 0 0
ENERGY:    1500      1074.7883      1714.4501      2083.0272       142.9780            -41.1670      -818.6045         0.0000      4161.4992      2990.6709          11307.6423       300.3041      8316.9714     11332.7162       296.6549

PRESSURE: 1600 0 0 0 0 0 0 0 0 0
GPRESSURE: 1600 0 0 0 0 0 0 0 0 0
PRESSAVG: 1600 0 0 0 0 0 0 0 0 0
GPRESSAVG: 1600 0 0 0 0 0 0 0 0 0
ENERGY:    1600      1080.3456      1690.3600      2117.5024       136.8270            -41.9900      -802.6516         0.0000      4155.3144      2944.8274          11280.5352       295.7008      8335.7078     11305.8961       298.5044

PRESSURE: 1700 0 0 0 0 0 0 0 0 0
GPRESSURE: 1700 0 0 0 0 0 0 0 0 0
PRESSAVG: 1700 0 0 0 0 0 0 0 0 0
GPRESSAVG: 1700 0 0 0 0 0 0 0 0 0
ENERGY:    1700      1127.9616      1720.2666      2067.3911       150.8294            -41.5967      -834.3376         0.0000      4161.3395      2950.9087          11302.7626       296.3114      8351.8539     11325.8263       300.2025

PRESSURE: 1800 0 0 0 0 0 0 0 0 0
GPRESSURE: 1800 0 0 0 0 0 0 0 0 0
PRESSAVG: 1800 0 0 0 0 0 0 0 0 0
GPRESSAVG: 1800 0 0 0 0 0 0 0 0 0
ENERGY:    1800      1065.3986      1673.9155      2087.7257       147.5257            -41.6346      -801.7906         0.0000      4155.9939      2960.4391          11247.5733       297.2684      8287.1342     11271.8847       297.3120

PRESSURE: 1900 0 0 0 0 0 0 0 0 0
GPRESSURE: 1900 0 0 0 0 0 0 0 0 0
PRESSAVG: 1900 0 0 0 0 0 0 0 0 0
GPRESSAVG: 1900 0 0 0 0 0 0 0 0 0
ENERGY:    1900      1065.8778      1691.5902      2091.8595       148.5804            -41.6456      -817.8908         0.0000      4149.0217      2891.4734          11178.8666       290.3433      8287.3932     11201.8388       294.6722

PRESSURE: 2000 0 0 0 0 0 0 0 0 0
GPRESSURE: 2000 0 0 0 0 0 0 0 0 0
PRESSAVG: 2000 0 0 0 0 0 0 0 0 0
GPRESSAVG: 2000 0 0 0 0 0 0 0 0 0
TIMING: 2000  CPU: 1.02199, 0.000489497/step  Wall: 1.03716, 0.00050376/step, 0.0004198 hours remaining, 830.875000 MB of memory in use.
ETITLE:      TS           BOND          ANGLE          DIHED          IMPRP               ELECT            VDW       BOUNDARY           MISC        KINETIC               TOTAL           TEMP      POTENTIAL         TOTAL3        TEMPAVG

ENERGY:    2000      1085.7816      1688.1926      2067.8300       152.2148            -41.3195      -834.2251         0.0000      4155.2729      2880.7860          11154.5334       289.2702      8273.7474     11181.1764       292.8065

WRITING EXTENDED SYSTEM TO RESTART FILE AT STEP 2000
WRITING COORDINATES TO DCD FILE adk-step1.dcd AT STEP 2000
WRITING COORDINATES TO RESTART FILE AT STEP 2000
FINISHED WRITING RESTART COORDINATES
The last position output (seq=2000) takes 0.002 seconds, 830.875 MB of memory in use
WRITING VELOCITIES TO RESTART FILE AT STEP 2000
FINISHED WRITING RESTART VELOCITIES
The last velocity output (seq=2000) takes 0.002 seconds, 830.875 MB of memory in use
PRESSURE: 2100 0 0 0 0 0 0 0 0 0
GPRESSURE: 2100 0 0 0 0 0 0 0 0 0
PRESSAVG: 2100 0 0 0 0 0 0 0 0 0
GPRESSAVG: 2100 0 0 0 0 0 0 0 0 0
ENERGY:    2100      1073.5961      1701.2219      2076.5886       152.1246            -43.2692      -842.3244         0.0000      4156.5318      2964.2435          11238.7130       297.6504      8274.4695     11263.1315       295.1561

PRESSURE: 2200 0 0 0 0 0 0 0 0 0
GPRESSURE: 2200 0 0 0 0 0 0 0 0 0
PRESSAVG: 2200 0 0 0 0 0 0 0 0 0
GPRESSAVG: 2200 0 0 0 0 0 0 0 0 0
ENERGY:    2200      1117.0293      1718.0164      2087.6633       160.0171            -43.3626      -837.2939         0.0000      4157.3094      2929.2497          11288.6288       294.1366      8359.3791     11311.1027       295.8924

PRESSURE: 2300 0 0 0 0 0 0 0 0 0
GPRESSURE: 2300 0 0 0 0 0 0 0 0 0
PRESSAVG: 2300 0 0 0 0 0 0 0 0 0
GPRESSAVG: 2300 0 0 0 0 0 0 0 0 0
ENERGY:    2300      1112.5811      1665.5078      2085.9098       156.8812            -43.8874      -816.9456         0.0000      4158.2592      3021.0239          11339.3299       303.3520      8318.3060     11366.2537       299.0724

PRESSURE: 2400 0 0 0 0 0 0 0 0 0
GPRESSURE: 2400 0 0 0 0 0 0 0 0 0
PRESSAVG: 2400 0 0 0 0 0 0 0 0 0
GPRESSAVG: 2400 0 0 0 0 0 0 0 0 0
ENERGY:    2400      1131.8515      1722.9120      2093.7940       155.7278            -42.0170      -834.2592         0.0000      4152.8495      2980.9714          11361.8299       299.3302      8380.8585     11383.8472       300.3922

PRESSURE: 2500 0 0 0 0 0 0 0 0 0
GPRESSURE: 2500 0 0 0 0 0 0 0 0 0
PRESSAVG: 2500 0 0 0 0 0 0 0 0 0
GPRESSAVG: 2500 0 0 0 0 0 0 0 0 0
ENERGY:    2500      1082.1242      1725.3059      2080.2231       150.6542            -42.3314      -834.2917         0.0000      4145.5892      3069.9535          11377.2271       308.2652      8307.2736     11403.9348       303.4905

PRESSURE: 2600 0 0 0 0 0 0 0 0 0
GPRESSURE: 2600 0 0 0 0 0 0 0 0 0
PRESSAVG: 2600 0 0 0 0 0 0 0 0 0
GPRESSAVG: 2600 0 0 0 0 0 0 0 0 0
ENERGY:    2600      1093.9743      1654.9219      2078.3149       168.2823            -41.8173      -799.2688         0.0000      4142.1768      3011.6441          11308.2281       302.4101      8296.5840     11332.6273       301.3808

PRESSURE: 2700 0 0 0 0 0 0 0 0 0
GPRESSURE: 2700 0 0 0 0 0 0 0 0 0
PRESSAVG: 2700 0 0 0 0 0 0 0 0 0
GPRESSAVG: 2700 0 0 0 0 0 0 0 0 0
ENERGY:    2700      1133.2426      1729.7812      2097.8176       145.8518            -41.2646      -823.1396         0.0000      4139.9333      2942.8421          11325.0645       295.5015      8382.2223     11347.0783       300.6200

PRESSURE: 2800 0 0 0 0 0 0 0 0 0
GPRESSURE: 2800 0 0 0 0 0 0 0 0 0
PRESSAVG: 2800 0 0 0 0 0 0 0 0 0
GPRESSAVG: 2800 0 0 0 0 0 0 0 0 0
ENERGY:    2800      1110.0011      1723.1958      2086.3904       151.5066            -41.4985      -822.6647         0.0000      4137.6699      2989.3714          11333.9719       300.1736      8344.6005     11359.4948       300.0592

PRESSURE: 2900 0 0 0 0 0 0 0 0 0
GPRESSURE: 2900 0 0 0 0 0 0 0 0 0
PRESSAVG: 2900 0 0 0 0 0 0 0 0 0
GPRESSAVG: 2900 0 0 0 0 0 0 0 0 0
ENERGY:    2900      1145.2997      1690.0697      2061.8920       150.1924            -42.2934      -809.2613         0.0000      4133.4942      2956.6975          11286.0908       296.8927      8329.3933     11307.8244       299.2167

WRITING COORDINATES TO DCD FILE adk-step1.dcd AT STEP 3000
WRITING COORDINATES TO RESTART FILE AT STEP 3000
FINISHED WRITING RESTART COORDINATES
The last position output (seq=3000) takes 0.003 seconds, 830.875 MB of memory in use
WRITING VELOCITIES TO RESTART FILE AT STEP 3000
FINISHED WRITING RESTART VELOCITIES
The last velocity output (seq=3000) takes 0.002 seconds, 830.938 MB of memory in use
PRESSURE: 3000 0 0 0 0 0 0 0 0 0
GPRESSURE: 3000 0 0 0 0 0 0 0 0 0
PRESSAVG: 3000 0 0 0 0 0 0 0 0 0
GPRESSAVG: 3000 0 0 0 0 0 0 0 0 0
TIMING: 3000  CPU: 1.53305, 0.000511062/step  Wall: 1.54943, 0.000512275/step, 0.000284597 hours remaining, 830.937500 MB of memory in use.
ETITLE:      TS           BOND          ANGLE          DIHED          IMPRP               ELECT            VDW       BOUNDARY           MISC        KINETIC               TOTAL           TEMP      POTENTIAL         TOTAL3        TEMPAVG

ENERGY:    3000      1125.0296      1649.8791      2099.3897       156.4920            -41.4202      -782.0057         0.0000      4139.2438      2970.4085          11317.0166       298.2695      8346.6081     11335.5269       298.1972

WRITING EXTENDED SYSTEM TO RESTART FILE AT STEP 3000
PRESSURE: 3100 0 0 0 0 0 0 0 0 0
GPRESSURE: 3100 0 0 0 0 0 0 0 0 0
PRESSAVG: 3100 0 0 0 0 0 0 0 0 0
GPRESSAVG: 3100 0 0 0 0 0 0 0 0 0
ENERGY:    3100      1113.2157      1679.1448      2064.8860       146.3900            -42.0364      -812.8591         0.0000      4140.3901      3041.2832          11330.4145       305.3863      8289.1313     11353.6324       299.6001

PRESSURE: 3200 0 0 0 0 0 0 0 0 0
GPRESSURE: 3200 0 0 0 0 0 0 0 0 0
PRESSAVG: 3200 0 0 0 0 0 0 0 0 0
GPRESSAVG: 3200 0 0 0 0 0 0 0 0 0
ENERGY:    3200      1084.3368      1730.7777      2067.4381       145.3087            -42.0750      -823.0778         0.0000      4148.1008      3041.9753          11352.7846       305.4558      8310.8093     11379.7910       301.4434

PRESSURE: 3300 0 0 0 0 0 0 0 0 0
GPRESSURE: 3300 0 0 0 0 0 0 0 0 0
PRESSAVG: 3300 0 0 0 0 0 0 0 0 0
GPRESSAVG: 3300 0 0 0 0 0 0 0 0 0
ENERGY:    3300      1116.5463      1675.0104      2092.2681       158.6687            -41.8175      -802.5352         0.0000      4148.1782      2998.3191          11344.6381       301.0721      8346.3190     11371.6149       301.5665

PRESSURE: 3400 0 0 0 0 0 0 0 0 0
GPRESSURE: 3400 0 0 0 0 0 0 0 0 0
PRESSAVG: 3400 0 0 0 0 0 0 0 0 0
GPRESSAVG: 3400 0 0 0 0 0 0 0 0 0
ENERGY:    3400      1080.7945      1722.3080      2095.9217       153.1705            -42.6704      -799.8557         0.0000      4157.3948      2955.4078          11322.4712       296.7632      8367.0635     11346.2762       299.2336

PRESSURE: 3500 0 0 0 0 0 0 0 0 0
GPRESSURE: 3500 0 0 0 0 0 0 0 0 0
PRESSAVG: 3500 0 0 0 0 0 0 0 0 0
GPRESSAVG: 3500 0 0 0 0 0 0 0 0 0
ENERGY:    3500      1112.2065      1625.6664      2093.2240       155.0217            -42.1750      -812.3632         0.0000      4149.1956      3029.5416          11310.3177       304.2073      8280.7761     11329.7390       299.3825

PRESSURE: 3600 0 0 0 0 0 0 0 0 0
GPRESSURE: 3600 0 0 0 0 0 0 0 0 0
PRESSAVG: 3600 0 0 0 0 0 0 0 0 0
GPRESSAVG: 3600 0 0 0 0 0 0 0 0 0
ENERGY:    3600      1123.1430      1730.1655      2082.1847       160.4164            -42.3066      -818.1112         0.0000      4139.9334      2939.1220          11314.5473       295.1279      8375.4253     11336.9426       301.3293

PRESSURE: 3700 0 0 0 0 0 0 0 0 0
GPRESSURE: 3700 0 0 0 0 0 0 0 0 0
PRESSAVG: 3700 0 0 0 0 0 0 0 0 0
GPRESSAVG: 3700 0 0 0 0 0 0 0 0 0
ENERGY:    3700      1127.9038      1698.2585      2102.4152       152.8621            -41.9409      -849.6798         0.0000      4137.6910      2990.6384          11318.1483       300.3008      8327.5099     11342.3428       300.9403

PRESSURE: 3800 0 0 0 0 0 0 0 0 0
GPRESSURE: 3800 0 0 0 0 0 0 0 0 0
PRESSAVG: 3800 0 0 0 0 0 0 0 0 0
GPRESSAVG: 3800 0 0 0 0 0 0 0 0 0
ENERGY:    3800      1153.0005      1685.2472      2084.2023       150.4381            -42.5063      -804.7903         0.0000      4135.7035      3005.6210          11366.9160       301.8053      8361.2950     11393.0734       301.1261

PRESSURE: 3900 0 0 0 0 0 0 0 0 0
GPRESSURE: 3900 0 0 0 0 0 0 0 0 0
PRESSAVG: 3900 0 0 0 0 0 0 0 0 0
GPRESSAVG: 3900 0 0 0 0 0 0 0 0 0
ENERGY:    3900      1153.9078      1675.5240      2068.9243       158.1634            -41.5271      -805.2507         0.0000      4141.7982      3041.3624          11392.9023       305.3942      8351.5400     11416.6525       305.0794

WRITING COORDINATES TO DCD FILE adk-step1.dcd AT STEP 4000
WRITING COORDINATES TO RESTART FILE AT STEP 4000
FINISHED WRITING RESTART COORDINATES
The last position output (seq=4000) takes 0.003 seconds, 830.938 MB of memory in use
WRITING VELOCITIES TO RESTART FILE AT STEP 4000
FINISHED WRITING RESTART VELOCITIES
The last velocity output (seq=4000) takes 0.002 seconds, 830.938 MB of memory in use
PRESSURE: 4000 0 0 0 0 0 0 0 0 0
GPRESSURE: 4000 0 0 0 0 0 0 0 0 0
PRESSAVG: 4000 0 0 0 0 0 0 0 0 0
GPRESSAVG: 4000 0 0 0 0 0 0 0 0 0
TIMING: 4000  CPU: 2.01991, 0.000486866/step  Wall: 2.04061, 0.000491177/step, 0.000136438 hours remaining, 830.937500 MB of memory in use.
ETITLE:      TS           BOND          ANGLE          DIHED          IMPRP               ELECT            VDW       BOUNDARY           MISC        KINETIC               TOTAL           TEMP      POTENTIAL         TOTAL3        TEMPAVG

ENERGY:    4000      1131.6134      1705.9204      2085.0662       158.3881            -41.6124      -821.7336         0.0000      4134.7776      3065.1833          11417.6031       307.7862      8352.4198     11444.5092       303.9802

WRITING EXTENDED SYSTEM TO RESTART FILE AT STEP 4000
PRESSURE: 4100 0 0 0 0 0 0 0 0 0
GPRESSURE: 4100 0 0 0 0 0 0 0 0 0
PRESSAVG: 4100 0 0 0 0 0 0 0 0 0
GPRESSAVG: 4100 0 0 0 0 0 0 0 0 0
ENERGY:    4100      1168.1842      1678.4049      2090.9211       151.3836            -42.0754      -797.2204         0.0000      4137.9028      3003.4386          11390.9395       301.5862      8387.5009     11411.8182       304.9661

PRESSURE: 4200 0 0 0 0 0 0 0 0 0
GPRESSURE: 4200 0 0 0 0 0 0 0 0 0
PRESSAVG: 4200 0 0 0 0 0 0 0 0 0
GPRESSAVG: 4200 0 0 0 0 0 0 0 0 0
ENERGY:    4200      1141.7963      1695.5131      2084.3113       149.2044            -41.0015      -817.1938         0.0000      4147.3994      3019.8949          11379.9242       303.2386      8360.0292     11402.3236       302.0077

LDB: ============= START OF LOAD BALANCING ============== 4.6438
LDB: ============== END OF LOAD BALANCING =============== 4.64386
Info: useSync: 0 useProxySync: 0
LDB: =============== DONE WITH MIGRATION ================ 4.64396
PRESSURE: 4300 0 0 0 0 0 0 0 0 0
GPRESSURE: 4300 0 0 0 0 0 0 0 0 0
PRESSAVG: 4300 0 0 0 0 0 0 0 0 0
GPRESSAVG: 4300 0 0 0 0 0 0 0 0 0
ENERGY:    4300      1077.8806      1698.0828      2058.0139       162.4667            -39.8497      -811.9847         0.0000      4145.1672      2995.1267          11284.9035       300.7515      8289.7768     11313.2608       301.1345

LDB: ============= START OF LOAD BALANCING ============== 4.69423
LDB: TIME 4.69447 LOAD: AVG 0.0135099 MAX 0.0301892  PROXIES: TOTAL 176 MAXPE 7 MAXPATCH 7 None MEM: 830.938 MB
LDB: TIME 4.69462 LOAD: AVG 0.0135099 MAX 0.0301892  PROXIES: TOTAL 176 MAXPE 7 MAXPATCH 7 RefineTorusLB MEM: 831.062 MB
LDB: TIME 4.69476 LOAD: AVG 0.0135099 MAX 0.0301892  PROXIES: TOTAL 176 MAXPE 7 MAXPATCH 7 RefineTorusLB MEM: 831.062 MB
LDB: ============== END OF LOAD BALANCING =============== 4.69498
Info: build node-aware spanning tree with send: 1, recv: 0 with branch factor 4
Info: useSync: 0 useProxySync: 0
LDB: =============== DONE WITH MIGRATION ================ 4.69568
PRESSURE: 4400 0 0 0 0 0 0 0 0 0
GPRESSURE: 4400 0 0 0 0 0 0 0 0 0
PRESSAVG: 4400 0 0 0 0 0 0 0 0 0
GPRESSAVG: 4400 0 0 0 0 0 0 0 0 0
ENERGY:    4400      1136.0025      1699.4194      2066.8595       157.3229            -40.5468      -834.0586         0.0000      4147.9433      3014.6464          11347.5883       302.7116      8332.9420     11374.0376       299.6968

PRESSURE: 4500 0 0 0 0 0 0 0 0 0
GPRESSURE: 4500 0 0 0 0 0 0 0 0 0
PRESSAVG: 4500 0 0 0 0 0 0 0 0 0
GPRESSAVG: 4500 0 0 0 0 0 0 0 0 0
ENERGY:    4500      1128.7224      1701.7828      2094.4176       160.9185            -40.8409      -829.7464         0.0000      4145.5788      2964.0125          11324.8452       297.6272      8360.8327     11348.9149       300.0081

PRESSURE: 4600 0 0 0 0 0 0 0 0 0
GPRESSURE: 4600 0 0 0 0 0 0 0 0 0
PRESSAVG: 4600 0 0 0 0 0 0 0 0 0
GPRESSAVG: 4600 0 0 0 0 0 0 0 0 0
ENERGY:    4600      1116.5503      1671.1286      2108.9209       154.5021            -40.9497      -792.3855         0.0000      4147.6709      3021.0725          11386.5100       303.3568      8365.4375     11413.8795       302.6334

PRESSURE: 4700 0 0 0 0 0 0 0 0 0
GPRESSURE: 4700 0 0 0 0 0 0 0 0 0
PRESSAVG: 4700 0 0 0 0 0 0 0 0 0
GPRESSAVG: 4700 0 0 0 0 0 0 0 0 0
ENERGY:    4700      1142.8953      1725.1030      2102.2449       161.8971            -41.0219      -794.9355         0.0000      4148.2476      2961.6163          11406.0469       297.3866      8444.4305     11427.8363       302.2156

PRESSURE: 4800 0 0 0 0 0 0 0 0 0
GPRESSURE: 4800 0 0 0 0 0 0 0 0 0
PRESSAVG: 4800 0 0 0 0 0 0 0 0 0
GPRESSAVG: 4800 0 0 0 0 0 0 0 0 0
ENERGY:    4800      1102.2102      1742.0229      2080.9725       145.4837            -40.7577      -812.8502         0.0000      4148.7733      3041.5914          11407.4461       305.4172      8365.8547     11432.0512       303.3011

PRESSURE: 4900 0 0 0 0 0 0 0 0 0
GPRESSURE: 4900 0 0 0 0 0 0 0 0 0
PRESSAVG: 4900 0 0 0 0 0 0 0 0 0
GPRESSAVG: 4900 0 0 0 0 0 0 0 0 0
ENERGY:    4900      1141.5860      1710.4778      2085.5232       170.7957            -41.3892      -823.4909         0.0000      4142.9966      3004.9674          11391.4667       301.7397      8386.4993     11415.4732       301.7458

PRESSURE: 5000 0 0 0 0 0 0 0 0 0
GPRESSURE: 5000 0 0 0 0 0 0 0 0 0
PRESSAVG: 5000 0 0 0 0 0 0 0 0 0
GPRESSAVG: 5000 0 0 0 0 0 0 0 0 0
TIMING: 5000  CPU: 2.51863, 0.000498711/step  Wall: 2.54128, 0.00050067/step, 0 hours remaining, 831.062500 MB of memory in use.
ETITLE:      TS           BOND          ANGLE          DIHED          IMPRP               ELECT            VDW       BOUNDARY           MISC        KINETIC               TOTAL           TEMP      POTENTIAL         TOTAL3        TEMPAVG

ENERGY:    5000      1128.3967      1705.5875      2099.2096       144.7327            -40.4903      -781.6812         0.0000      4151.7205      2987.2185          11394.6940       299.9574      8407.4755     11417.5316       300.5790

WRITING EXTENDED SYSTEM TO RESTART FILE AT STEP 5000
WRITING COORDINATES TO DCD FILE adk-step1.dcd AT STEP 5000
WRITING COORDINATES TO RESTART FILE AT STEP 5000
FINISHED WRITING RESTART COORDINATES
The last position output (seq=5000) takes 0.003 seconds, 831.625 MB of memory in use
WRITING VELOCITIES TO RESTART FILE AT STEP 5000
FINISHED WRITING RESTART VELOCITIES
The last velocity output (seq=5000) takes 0.002 seconds, 831.625 MB of memory in use
WRITING EXTENDED SYSTEM TO OUTPUT FILE AT STEP 5000
WRITING COORDINATES TO OUTPUT FILE AT STEP 5000
CLOSING COORDINATE DCD FILE adk-step1.dcd
The last position output (seq=-2) takes 0.004 seconds, 831.625 MB of memory in use
WRITING VELOCITIES TO OUTPUT FILE AT STEP 5000
====================================================

WallClock: 5.012572  CPUTime: 3.428709  Memory: 831.687500 MB
End of program
