2_4_cc.dat
/gpfs/alpine/bip115/scratch/hrlee/radical.pilot.sandbox/re.session.login1.hrlee.018632.0003/pilot.0000/staging_area/2_4_cc.dat
2, 4
Choosing optimized barrier algorithm name I0:HybridBinomial:SHMEM:P2P
Converse/Charm++ Commit ID: v6.10.2-0-g7bf00fa-namd-charm-6.10.2-build-2020-Aug-05-556
Warning> Randomization of virtual memory (ASLR) is turned on in the kernel, thread migration may not work! Run 'echo 0 > /proc/sys/kernel/randomize_va_space' as root to disable it, or try running with '+isomalloc_sync'.
CharmLB> Load balancer assumes all CPUs are same.
Charm++> Running on 1 hosts (1 sockets x 7 cores x 4 PUs = 28-way SMP)
Charm++> cpu topology info is gathered in 0.002 seconds.
Info: Built with CUDA version 10010
Did not find +devices i,j,k,... argument, using all
Pe 16 physical rank 16 will use CUDA device of pe 14
Pe 5 physical rank 5 will use CUDA device of pe 4
Pe 11 physical rank 11 will use CUDA device of pe 7
Pe 41 physical rank 41 will use CUDA device of pe 35
Pe 32 physical rank 32 will use CUDA device of pe 28
Pe 25 physical rank 25 will use CUDA device of pe 21
Pe 19 physical rank 19 will use CUDA device of pe 14
Pe 3 physical rank 3 will use CUDA device of pe 4
Pe 9 physical rank 9 will use CUDA device of pe 7
Pe 38 physical rank 38 will use CUDA device of pe 35
Pe 33 physical rank 33 will use CUDA device of pe 28
Pe 27 physical rank 27 will use CUDA device of pe 21
Pe 17 physical rank 17 will use CUDA device of pe 14
Pe 6 physical rank 6 will use CUDA device of pe 4
Pe 13 physical rank 13 will use CUDA device of pe 7
Pe 39 physical rank 39 will use CUDA device of pe 35
Pe 34 physical rank 34 will use CUDA device of pe 28
Pe 24 physical rank 24 will use CUDA device of pe 21
Pe 18 physical rank 18 will use CUDA device of pe 14
Pe 12 physical rank 12 will use CUDA device of pe 7
Pe 37 physical rank 37 will use CUDA device of pe 35
Pe 31 physical rank 31 will use CUDA device of pe 28
Pe 23 physical rank 23 will use CUDA device of pe 21
Pe 20 physical rank 20 will use CUDA device of pe 14
Pe 2 physical rank 2 will use CUDA device of pe 4
Pe 10 physical rank 10 will use CUDA device of pe 7
Pe 40 physical rank 40 will use CUDA device of pe 35
Pe 30 physical rank 30 will use CUDA device of pe 28
Pe 26 physical rank 26 will use CUDA device of pe 21
Pe 15 physical rank 15 will use CUDA device of pe 14
Pe 1 physical rank 1 will use CUDA device of pe 4
Pe 8 physical rank 8 will use CUDA device of pe 7
Pe 36 physical rank 36 will use CUDA device of pe 35
Pe 29 physical rank 29 will use CUDA device of pe 28
Pe 22 physical rank 22 will use CUDA device of pe 21
Pe 0 physical rank 0 will use CUDA device of pe 4
Pe 14 physical rank 14 binding to CUDA device 0 on h23n11: 'Tesla V100-SXM2-16GB'  Mem: 16128MB  Rev: 7.0  PCI: 4:6:0
Pe 4 physical rank 4 binding to CUDA device 0 on h23n11: 'Tesla V100-SXM2-16GB'  Mem: 16128MB  Rev: 7.0  PCI: 4:4:0
Pe 7 physical rank 7 binding to CUDA device 0 on h23n11: 'Tesla V100-SXM2-16GB'  Mem: 16128MB  Rev: 7.0  PCI: 4:5:0
Pe 35 physical rank 35 binding to CUDA device 0 on h23n11: 'Tesla V100-SXM2-16GB'  Mem: 16128MB  Rev: 7.0  PCI: 35:5:0
Pe 28 physical rank 28 binding to CUDA device 0 on h23n11: 'Tesla V100-SXM2-16GB'  Mem: 16128MB  Rev: 7.0  PCI: 35:4:0
Pe 21 physical rank 21 binding to CUDA device 0 on h23n11: 'Tesla V100-SXM2-16GB'  Mem: 16128MB  Rev: 7.0  PCI: 35:3:0
Info: NAMD 2.14 for Linux-POWER-pami-smp-Summit-CUDA
Info: 
Info: Please visit http://www.ks.uiuc.edu/Research/namd/
Info: for updates, documentation, and support information.
Info: 
Info: Please cite Phillips et al., J. Chem. Phys. 153:044130 (2020) doi:10.1063/5.0014475
Info: in all publications reporting results obtained with NAMD.
Info: 
Info: Based on Charm++/Converse 61002 for pami-linux-ppc64le-smp
Info: Built Wed Aug 5 14:28:51 EDT 2020 by jimp on login2
Info: 1 NAMD  2.14  Linux-POWER-pami-smp-Summit-CUDA  42    h23n11  hrlee
Info: Running on 42 processors, 6 nodes, 1 physical nodes.
Info: CPU topology information available.
Info: Charm++/Converse parallel runtime startup completed at 1.32222 s
CkLoopLib is used in SMP with simple dynamic scheduling (converse-level notification)
Info: 791.312 MB of memory in use based on /proc/self/stat
Info: Configuration file is adk-step1.namd
Info: Working in the current directory /gpfs/alpine/bip115/scratch/hrlee/radical.pilot.sandbox/re.session.login1.hrlee.018632.0003/pilot.0000/unit.000355
TCL: Suspending until startup complete.
Info: SIMULATION PARAMETERS:
Info: TIMESTEP               1
Info: NUMBER OF STEPS        0
Info: STEPS PER CYCLE        20
Info: LOAD BALANCER  Centralized
Info: LOAD BALANCING STRATEGY  New Load Balancers -- DEFAULT
Info: LDB PERIOD             4000 steps
Info: FIRST LDB TIMESTEP     100
Info: LAST LDB TIMESTEP     -1
Info: LDB BACKGROUND SCALING 1
Info: HOM BACKGROUND SCALING 1
Info: MIN ATOMS PER PATCH    40
Info: VELOCITY FILE          2_4_adk-step1.restart.vel
Info: CENTER OF MASS MOVING INITIALLY? NO
Info: DIELECTRIC             80
Info: EXCLUDE                SCALED ONE-FOUR
Info: 1-4 ELECTROSTATICS SCALED BY 1
Info: MODIFIED 1-4 VDW PARAMETERS WILL BE USED
Info: DCD FILENAME           adk-step1.dcd
Info: DCD FREQUENCY          1000
Info: DCD FIRST STEP         1000
Info: NO EXTENDED SYSTEM TRAJECTORY OUTPUT
Info: NO VELOCITY DCD OUTPUT
Info: NO FORCE DCD OUTPUT
Info: OUTPUT FILENAME        adk-step1
Info: BINARY OUTPUT FILES WILL BE USED
Info: RESTART FILENAME       adk-step1.restart
Info: RESTART FREQUENCY      1000
Info: BINARY RESTART FILES WILL BE USED
Info: SWITCHING ACTIVE
Info: SWITCHING ON           9
Info: SWITCHING OFF          10
Info: PAIRLIST DISTANCE      11
Info: PAIRLIST SHRINK RATE   0.01
Info: PAIRLIST GROW RATE     0.01
Info: PAIRLIST TRIGGER       0.3
Info: PAIRLISTS PER CYCLE    2
Info: PAIRLISTS ENABLED
Info: MARGIN                 0
Info: HYDROGEN GROUP CUTOFF  2.5
Info: PATCH DIMENSION        13.5
Info: ENERGY OUTPUT STEPS    100
Info: CROSSTERM ENERGY INCLUDED IN DIHEDRAL
Info: TIMING OUTPUT STEPS    1000
Info: PRESSURE OUTPUT STEPS  100
Info: GRID FORCE ACTIVE
Info:  Please include this reference in published work using
Info:  the Gridforce module of NAMD: David Wells, Volha Abramkina,
Info:  and Aleksei Aksimentiev, J. Chem. Phys. 127:125101-10 (2007).
Info: MGRIDFORCE key 0
Info:            Potfile 4ake-target_autopsf-grid.dx
Info:            Scale 0.3 0.3 0.3
Info:            File 1ake-docked-noh_autopsf-grid.pdb
Info:            Col O
Info:            ChargeCol B
Info:            VOffset 0 0 0
Info:            Continuous K1 FALSE
Info:            Continuous K2 FALSE
Info:            Continuous K3 FALSE
Info:            Volts FALSE
Info:            Gridforce-Lite FALSE
Info:            Gridforce-CheckSize TRUE
Info: LANGEVIN DYNAMICS ACTIVE
Info: LANGEVIN TEMPERATURE   300
Info: LANGEVIN USING BBK INTEGRATOR
Info: LANGEVIN DAMPING COEFFICIENT IS 5 INVERSE PS
Info: LANGEVIN DYNAMICS NOT APPLIED TO HYDROGENS
Info: USING VERLET I (r-RESPA) MTS SCHEME.
Info: C1 SPLITTING OF LONG RANGE ELECTROSTATICS
Info: PLACING ATOMS IN PATCHES BY HYDROGEN GROUPS
Info: RIGID BONDS TO HYDROGEN : WATER
Info:         ERROR TOLERANCE : 1e-08
Info:          MAX ITERATIONS : 100
Info: RIGID WATER USING SETTLE ALGORITHM
Info: NONBONDED FORCES EVALUATED EVERY 2 STEPS
Info: RANDOM NUMBER SEED     1609821915
Info: USE HYDROGEN BONDS?    NO
Info: COORDINATE PDB         1ake-docked-noh_autopsf.pdb
Info: STRUCTURE FILE         1ake-docked-noh_autopsf.psf
Info: PARAMETER file: CHARMM format! 
Info: PARAMETERS             par_all36_prot.prm
Info: USING ARITHMETIC MEAN TO COMBINE L-J SIGMA PARAMETERS
Info: BINARY COORDINATES     2_4_adk-step1.restart.coor
Info: SUMMARY OF PARAMETERS:
Info: 132 BONDS
Info: 362 ANGLES
Info: 702 DIHEDRAL
Info: 35 IMPROPER
Info: 6 CROSSTERM
Info: 53 VDW
Info: 0 VDW_PAIRS
Info: 0 NBTHOLE_PAIRS
Info: TIME FOR READING PSF FILE: 0.306072
Info: READING EXTRA BONDS FILE 1ake-extrabonds.txt
Info: READING EXTRA BONDS FILE 1ake-extrabonds-cispeptide.txt
Info: READING EXTRA BONDS FILE 1ake-extrabonds-chirality.txt
Info: READ 80 EXTRA BONDS
Info: READ 80 EXTRA ANGLES
Warning: EXTRA ANGLES ARE COSINE-BASED BY DEFAULT TO MATCH PREVIOUS VERSIONS
Warning: FOR NORMAL HARMONIC EXTRA ANGLES SET extraBondsCosAngles off
Info: READ 493 EXTRA DIHEDRALS
Info: READ 438 EXTRA IMPROPERS
Info: Reading pdb file 1ake-docked-noh_autopsf.pdb
Info: TIME FOR READING PDB FILE: 0.0656852
Info: 
Info: ****************************
Info: STRUCTURE SUMMARY:
Info: 3341 ATOMS
Info: 3445 BONDS
Info: 6203 ANGLES
Info: 9414 DIHEDRALS
Info: 1005 IMPROPERS
Info: 212 CROSSTERMS
Info: 0 EXCLUSIONS
Info: 0 RIGID BONDS
Info: 1 GRIDS ACTIVE
Info: 10023 DEGREES OF FREEDOM
Info: 1656 HYDROGEN GROUPS
Info: 4 ATOMS IN LARGEST HYDROGEN GROUP
Info: 1656 MIGRATION GROUPS
Info: 4 ATOMS IN LARGEST MIGRATION GROUP
Info: TOTAL MASS = 23582 amu
Info: TOTAL CHARGE = -4 e
Info: *****************************
Info: Reading from binary file 2_4_adk-step1.restart.coor
Info: 
Info: Entering startup at 2.12685 s, 798.438 MB of memory in use
Info: Startup phase 0 took 0.000230047 s, 798.438 MB of memory in use
Info: ADDED 18308 IMPLICIT EXCLUSIONS
Info: Startup phase 1 took 0.00759594 s, 798.688 MB of memory in use
Info: NONBONDED TABLE R-SQUARED SPACING: 0.0625
Info: NONBONDED TABLE SIZE: 705 POINTS
Info: ABSOLUTE IMPRECISION IN FAST TABLE ENERGY: 3.38813e-21 AT 9.89634
Info: RELATIVE IMPRECISION IN FAST TABLE ENERGY: 4.23384e-15 AT 9.94673
Info: ABSOLUTE IMPRECISION IN FAST TABLE FORCE: 6.35275e-22 AT 9.94673
Info: RELATIVE IMPRECISION IN FAST TABLE FORCE: 5.07982e-16 AT 9.94673
Info: INCONSISTENCY IN FAST TABLE ENERGY VS FORCE: 0.000290185 AT 0.251946
Info: ABSOLUTE IMPRECISION IN VDWA TABLE ENERGY: 1.57772e-30 AT 9.89634
Info: RELATIVE IMPRECISION IN VDWA TABLE ENERGY: 4.54938e-15 AT 9.94673
Info: ABSOLUTE IMPRECISION IN VDWA TABLE FORCE: 5.91646e-31 AT 9.94673
Info: RELATIVE IMPRECISION IN VDWA TABLE FORCE: 5.6823e-16 AT 9.94673
Info: INCONSISTENCY IN VDWA TABLE ENERGY VS FORCE: 0.0040507 AT 0.251946
Info: ABSOLUTE IMPRECISION IN VDWB TABLE ENERGY: 4.71751e-25 AT 9.94673
Info: RELATIVE IMPRECISION IN VDWB TABLE ENERGY: 1.45371e-14 AT 9.94673
Info: ABSOLUTE IMPRECISION IN VDWB TABLE FORCE: 6.20385e-25 AT 9.94673
Info: RELATIVE IMPRECISION IN VDWB TABLE FORCE: 5.97512e-16 AT 9.94673
Info: INCONSISTENCY IN VDWB TABLE ENERGY VS FORCE: 0.00377068 AT 9.07951
Info: Startup phase 2 took 0.000541473 s, 799.938 MB of memory in use
Info: Startup phase 3 took 0.000192722 s, 799.938 MB of memory in use
Info: Startup phase 4 took 0.000277875 s, 800.062 MB of memory in use
Info: Startup phase 5 took 0.000174937 s, 800.125 MB of memory in use
Info: ORIGINAL ATOMS MINMAX IS -20.5899 -33.0985 -34.6456  17.489 13.438 16.5371
Info: ADJUSTED ATOMS MINMAX IS -16.9752 -27.302 -30.2756  11.7889 8.83902 7.80413
Info: PATCH GRID IS 5 BY 3 BY 3
Info: PATCH GRID IS 2-AWAY BY 1-AWAY BY 1-AWAY
Info: Reading from binary file 2_4_adk-step1.restart.vel
Info: REMOVING COM VELOCITY 0.123176 -0.100516 -0.00916393
Info: LARGEST PATCH (37) HAS 145 ATOMS
Info: TORUS A SIZE 1 USING 0
Info: TORUS B SIZE 1 USING 0
Info: TORUS C SIZE 1 USING 0
Info: TORUS MINIMAL MESH SIZE IS 1 BY 1 BY 1
Info: Placed 100% of base nodes on same physical node as patch
Info: Startup phase 6 took 0.00897119 s, 800.312 MB of memory in use
Info: Startup phase 7 took 0.000196849 s, 801.25 MB of memory in use
Info: Updated CUDA force table with 4096 elements.
Info: Updated CUDA force table with 4096 elements.
Info: Updated CUDA LJ table with 53 x 53 elements.
Info: Updated CUDA LJ table with 53 x 53 elements.
Info: Updated CUDA force table with 4096 elements.
Info: Updated CUDA force table with 4096 elements.
Info: Updated CUDA force table with 4096 elements.
Info: Updated CUDA LJ table with 53 x 53 elements.
Info: Updated CUDA LJ table with 53 x 53 elements.
Info: Updated CUDA LJ table with 53 x 53 elements.
Info: Updated CUDA force table with 4096 elements.
Info: Updated CUDA LJ table with 53 x 53 elements.
Info: Startup phase 8 took 0.00323269 s, 801.438 MB of memory in use
Info: Startup phase 9 took 0.000356009 s, 801.5 MB of memory in use
Info: Startup phase 10 took 0.000175904 s, 801.562 MB of memory in use
Info: Startup phase 11 took 0.000811663 s, 801.688 MB of memory in use
LDB: Central LB being created...
Info: Startup phase 12 took 0.00202065 s, 802.5 MB of memory in use
Info: CREATING 1139 COMPUTE OBJECTS
Info: Found 278 unique exclusion lists needing 900 bytes
Info: Found 278 unique exclusion lists needing 900 bytes
Info: Found 278 unique exclusion lists needing 900 bytes
Info: Found 278 unique exclusion lists needing 900 bytes
Info: Found 278 unique exclusion lists needing 900 bytes
Info: Found 278 unique exclusion lists needing 900 bytes
Info: useSync: 0 useProxySync: 0
Info: Startup phase 13 took 0.0147771 s, 803.25 MB of memory in use
Info: Building spanning tree ... send: 1 recv: 0 with branch factor 4
Info: Startup phase 14 took 0.000168481 s, 803.375 MB of memory in use
Info: Startup phase 15 took 0.000198 s, 803.5 MB of memory in use
Info: Finished startup at 2.16677 s, 803.562 MB of memory in use

TCL: Running for 5000 steps
PRESSURE: 0 0 0 0 0 0 0 0 0 0
GPRESSURE: 0 0 0 0 0 0 0 0 0 0
ETITLE:      TS           BOND          ANGLE          DIHED          IMPRP               ELECT            VDW       BOUNDARY           MISC        KINETIC               TOTAL           TEMP      POTENTIAL         TOTAL3        TEMPAVG

ENERGY:       0      1134.7694      1744.0088      2085.9226       147.8513            -42.1256      -824.4860         0.0000      4139.4354      2967.9119          11353.2878       298.0188      8385.3759     11378.4514       298.0188

LDB: ============= START OF LOAD BALANCING ============== 2.17905
LDB: ============== END OF LOAD BALANCING =============== 2.1791
Info: useSync: 0 useProxySync: 0
LDB: =============== DONE WITH MIGRATION ================ 2.17919
LDB: ============= START OF LOAD BALANCING ============== 2.2207
LDB: Partitioning computes with target load 0.000000
LDB: Increased migratable compute count from 0 to 0
LDB: Largest unpartitionable compute is 0.000000
LDB: ============== END OF LOAD BALANCING =============== 2.221
Info: build node-aware spanning tree with send: 1, recv: 0 with branch factor 4
Info: useSync: 0 useProxySync: 0
LDB: =============== DONE WITH MIGRATION ================ 2.22175
PRESSURE: 100 0 0 0 0 0 0 0 0 0
GPRESSURE: 100 0 0 0 0 0 0 0 0 0
PRESSAVG: 100 0 0 0 0 0 0 0 0 0
GPRESSAVG: 100 0 0 0 0 0 0 0 0 0
Info: Initial time: 42 CPUs 0.000521913 s/step 0.00604066 days/ns 826.812 MB memory
ENERGY:     100      1100.7056      1730.6418      2067.6841       139.8112            -41.8976      -800.4763         0.0000      4141.5759      3024.0541          11362.0988       303.6562      8338.0447     11389.4820       300.9348

LDB: ============= START OF LOAD BALANCING ============== 2.23217
LDB: ============== END OF LOAD BALANCING =============== 2.23221
Info: useSync: 0 useProxySync: 0
LDB: =============== DONE WITH MIGRATION ================ 2.23229
LDB: ============= START OF LOAD BALANCING ============== 2.27174
LDB: TIME 2.27196 LOAD: AVG 0.0111946 MAX 0.0252387  PROXIES: TOTAL 174 MAXPE 7 MAXPATCH 7 None MEM: 828.312 MB
LDB: TIME 2.27216 LOAD: AVG 0.0111946 MAX 0.0252387  PROXIES: TOTAL 174 MAXPE 7 MAXPATCH 7 TorusLB MEM: 828.438 MB
LDB: ============== END OF LOAD BALANCING =============== 2.27239
Info: build node-aware spanning tree with send: 1, recv: 0 with branch factor 4
Info: useSync: 0 useProxySync: 0
LDB: =============== DONE WITH MIGRATION ================ 2.27307
PRESSURE: 200 0 0 0 0 0 0 0 0 0
GPRESSURE: 200 0 0 0 0 0 0 0 0 0
PRESSAVG: 200 0 0 0 0 0 0 0 0 0
GPRESSAVG: 200 0 0 0 0 0 0 0 0 0
Info: Initial time: 42 CPUs 0.000496234 s/step 0.00574345 days/ns 828.438 MB memory
ENERGY:     200      1160.1354      1660.0242      2072.3735       149.5944            -42.6265      -804.4290         0.0000      4144.9983      3056.8859          11396.9562       306.9530      8340.0703     11420.5921       301.8085

LDB: ============= START OF LOAD BALANCING ============== 2.3167
LDB: TIME 2.31691 LOAD: AVG 0.0137996 MAX 0.0263001  PROXIES: TOTAL 174 MAXPE 7 MAXPATCH 7 None MEM: 829.375 MB
LDB: TIME 2.31708 LOAD: AVG 0.0137996 MAX 0.0263001  PROXIES: TOTAL 174 MAXPE 7 MAXPATCH 7 RefineTorusLB MEM: 829.438 MB
LDB: TIME 2.31722 LOAD: AVG 0.0137996 MAX 0.0263001  PROXIES: TOTAL 174 MAXPE 7 MAXPATCH 7 RefineTorusLB MEM: 829.438 MB
LDB: Reverting to original mapping
LDB: ============== END OF LOAD BALANCING =============== 2.31745
Info: build node-aware spanning tree with send: 1, recv: 0 with branch factor 4
Info: useSync: 0 useProxySync: 0
LDB: =============== DONE WITH MIGRATION ================ 2.31812
PRESSURE: 300 0 0 0 0 0 0 0 0 0
GPRESSURE: 300 0 0 0 0 0 0 0 0 0
PRESSAVG: 300 0 0 0 0 0 0 0 0 0
GPRESSAVG: 300 0 0 0 0 0 0 0 0 0
Info: Initial time: 42 CPUs 0.0004355 s/step 0.00504051 days/ns 829.438 MB memory
ENERGY:     300      1137.8618      1713.6629      2061.3950       161.7038            -43.2478      -807.1385         0.0000      4151.6530      3017.5290          11393.4192       303.0010      8375.8903     11417.2282       305.3208

LDB: ============= START OF LOAD BALANCING ============== 2.36687
LDB: TIME 2.36707 LOAD: AVG 0.0141219 MAX 0.0292444  PROXIES: TOTAL 174 MAXPE 7 MAXPATCH 7 None MEM: 830.312 MB
LDB: TIME 2.36724 LOAD: AVG 0.0141219 MAX 0.0292444  PROXIES: TOTAL 174 MAXPE 7 MAXPATCH 7 RefineTorusLB MEM: 830.312 MB
LDB: TIME 2.36738 LOAD: AVG 0.0141219 MAX 0.0292444  PROXIES: TOTAL 174 MAXPE 7 MAXPATCH 7 RefineTorusLB MEM: 830.312 MB
LDB: Reverting to original mapping
LDB: ============== END OF LOAD BALANCING =============== 2.36761
Info: build node-aware spanning tree with send: 1, recv: 0 with branch factor 4
Info: useSync: 0 useProxySync: 0
LDB: =============== DONE WITH MIGRATION ================ 2.3683
PRESSURE: 400 0 0 0 0 0 0 0 0 0
GPRESSURE: 400 0 0 0 0 0 0 0 0 0
PRESSAVG: 400 0 0 0 0 0 0 0 0 0
GPRESSAVG: 400 0 0 0 0 0 0 0 0 0
Info: Benchmark time: 42 CPUs 0.000486001 s/step 0.00562501 days/ns 830.312 MB memory
ENERGY:     400      1112.6521      1733.7610      2073.6204       150.7498            -41.8028      -823.0315         0.0000      4156.3802      3030.4715          11392.8007       304.3006      8362.3292     11414.0411       301.8501

PRESSURE: 500 0 0 0 0 0 0 0 0 0
GPRESSURE: 500 0 0 0 0 0 0 0 0 0
PRESSAVG: 500 0 0 0 0 0 0 0 0 0
GPRESSAVG: 500 0 0 0 0 0 0 0 0 0
Info: Benchmark time: 42 CPUs 0.000516612 s/step 0.0059793 days/ns 831 MB memory
ENERGY:     500      1116.8729      1723.8705      2047.4884       149.4790            -42.0880      -807.8802         0.0000      4151.9224      3004.3825          11344.0475       301.6809      8339.6651     11369.9316       303.8114

PRESSURE: 600 0 0 0 0 0 0 0 0 0
GPRESSURE: 600 0 0 0 0 0 0 0 0 0
PRESSAVG: 600 0 0 0 0 0 0 0 0 0
GPRESSAVG: 600 0 0 0 0 0 0 0 0 0
Info: Benchmark time: 42 CPUs 0.000494374 s/step 0.00572192 days/ns 831 MB memory
ENERGY:     600      1146.6803      1713.6228      2078.5135       163.4974            -42.1909      -815.3245         0.0000      4153.3519      2997.6094          11395.7599       301.0008      8398.1505     11419.6932       302.5823

PRESSURE: 700 0 0 0 0 0 0 0 0 0
GPRESSURE: 700 0 0 0 0 0 0 0 0 0
PRESSAVG: 700 0 0 0 0 0 0 0 0 0
GPRESSAVG: 700 0 0 0 0 0 0 0 0 0
Info: Benchmark time: 42 CPUs 0.000492646 s/step 0.00570192 days/ns 831 MB memory
ENERGY:     700      1133.5144      1729.9429      2086.3695       143.7754            -40.6885      -807.5300         0.0000      4146.3271      2958.6479          11350.3588       297.0886      8391.7109     11377.2782       301.0937

PRESSURE: 800 0 0 0 0 0 0 0 0 0
GPRESSURE: 800 0 0 0 0 0 0 0 0 0
PRESSAVG: 800 0 0 0 0 0 0 0 0 0
GPRESSAVG: 800 0 0 0 0 0 0 0 0 0
Info: Benchmark time: 42 CPUs 0.000502808 s/step 0.00581953 days/ns 831 MB memory
ENERGY:     800      1106.6886      1702.1093      2089.3562       157.4839            -40.8420      -804.3905         0.0000      4142.5191      2991.8988          11344.8234       300.4274      8352.9245     11368.1673       300.6542

PRESSURE: 900 0 0 0 0 0 0 0 0 0
GPRESSURE: 900 0 0 0 0 0 0 0 0 0
PRESSAVG: 900 0 0 0 0 0 0 0 0 0
GPRESSAVG: 900 0 0 0 0 0 0 0 0 0
Info: Benchmark time: 42 CPUs 0.00051031 s/step 0.00590636 days/ns 831 MB memory
ENERGY:     900      1089.3361      1699.0388      2062.4873       147.6934            -41.3093      -767.7720         0.0000      4134.4874      2988.1541          11312.1159       300.0514      8323.9617     11341.9909       298.4071

PRESSURE: 1000 0 0 0 0 0 0 0 0 0
GPRESSURE: 1000 0 0 0 0 0 0 0 0 0
PRESSAVG: 1000 0 0 0 0 0 0 0 0 0
GPRESSAVG: 1000 0 0 0 0 0 0 0 0 0
TIMING: 1000  CPU: 0.518454, 0.00050114/step  Wall: 0.519333, 0.000501604/step, 0.000557338 hours remaining, 831.000000 MB of memory in use.
ETITLE:      TS           BOND          ANGLE          DIHED          IMPRP               ELECT            VDW       BOUNDARY           MISC        KINETIC               TOTAL           TEMP      POTENTIAL         TOTAL3        TEMPAVG

ENERGY:    1000      1157.2374      1713.1766      2091.7862       153.0635            -42.3244      -817.2239         0.0000      4131.9564      2982.2215          11369.8933       299.4557      8387.6719     11392.1998       300.8687

WRITING EXTENDED SYSTEM TO RESTART FILE AT STEP 1000
WRITING VELOCITIES TO RESTART FILE AT STEP 1000
FINISHED WRITING RESTART VELOCITIES
The last velocity output (seq=1000) takes 0.002 seconds, 831.062 MB of memory in use
OPENING COORDINATE DCD FILE
WRITING COORDINATES TO DCD FILE adk-step1.dcd AT STEP 1000
WRITING COORDINATES TO RESTART FILE AT STEP 1000
FINISHED WRITING RESTART COORDINATES
The last position output (seq=1000) takes 0.004 seconds, 831.062 MB of memory in use
PRESSURE: 1100 0 0 0 0 0 0 0 0 0
GPRESSURE: 1100 0 0 0 0 0 0 0 0 0
PRESSAVG: 1100 0 0 0 0 0 0 0 0 0
GPRESSAVG: 1100 0 0 0 0 0 0 0 0 0
ENERGY:    1100      1136.2017      1672.0423      2088.5339       141.8709            -41.6072      -821.5535         0.0000      4139.4203      3041.1558          11356.0642       305.3735      8314.9085     11375.9365       302.3711

PRESSURE: 1200 0 0 0 0 0 0 0 0 0
GPRESSURE: 1200 0 0 0 0 0 0 0 0 0
PRESSAVG: 1200 0 0 0 0 0 0 0 0 0
GPRESSAVG: 1200 0 0 0 0 0 0 0 0 0
ENERGY:    1200      1079.1087      1717.1736      2079.3542       164.8058            -41.9850      -802.3925         0.0000      4132.7788      2998.3789          11327.2225       301.0781      8328.8436     11354.3538       301.8618

PRESSURE: 1300 0 0 0 0 0 0 0 0 0
GPRESSURE: 1300 0 0 0 0 0 0 0 0 0
PRESSAVG: 1300 0 0 0 0 0 0 0 0 0
GPRESSAVG: 1300 0 0 0 0 0 0 0 0 0
ENERGY:    1300      1130.8502      1727.3026      2100.1918       170.8058            -42.6336      -817.6944         0.0000      4133.1383      2944.7387          11346.6993       295.6919      8401.9607     11372.3517       300.5415

PRESSURE: 1400 0 0 0 0 0 0 0 0 0
GPRESSURE: 1400 0 0 0 0 0 0 0 0 0
PRESSAVG: 1400 0 0 0 0 0 0 0 0 0
GPRESSAVG: 1400 0 0 0 0 0 0 0 0 0
ENERGY:    1400      1150.3569      1690.2416      2078.6707       165.6952            -42.8876      -806.1048         0.0000      4127.5039      2931.3215          11294.7973       294.3446      8363.4758     11317.4783       300.1402

PRESSURE: 1500 0 0 0 0 0 0 0 0 0
GPRESSURE: 1500 0 0 0 0 0 0 0 0 0
PRESSAVG: 1500 0 0 0 0 0 0 0 0 0
GPRESSAVG: 1500 0 0 0 0 0 0 0 0 0
ENERGY:    1500      1105.8074      1723.4733      2074.3178       167.7814            -41.6634      -802.3251         0.0000      4136.9461      2997.5681          11361.9054       300.9967      8364.3374     11388.1744       299.5280

PRESSURE: 1600 0 0 0 0 0 0 0 0 0
GPRESSURE: 1600 0 0 0 0 0 0 0 0 0
PRESSAVG: 1600 0 0 0 0 0 0 0 0 0
GPRESSAVG: 1600 0 0 0 0 0 0 0 0 0
ENERGY:    1600      1109.0304      1759.5936      2065.3022       147.2057            -42.0732      -800.8942         0.0000      4135.7566      2990.8063          11364.7274       300.3177      8373.9211     11388.4094       299.3588

PRESSURE: 1700 0 0 0 0 0 0 0 0 0
GPRESSURE: 1700 0 0 0 0 0 0 0 0 0
PRESSAVG: 1700 0 0 0 0 0 0 0 0 0
GPRESSAVG: 1700 0 0 0 0 0 0 0 0 0
ENERGY:    1700      1077.4065      1738.6483      2096.7137       150.1324            -42.8859      -801.9132         0.0000      4126.8741      3008.3828          11353.3587       302.0826      8344.9759     11378.7322       301.9813

PRESSURE: 1800 0 0 0 0 0 0 0 0 0
GPRESSURE: 1800 0 0 0 0 0 0 0 0 0
PRESSAVG: 1800 0 0 0 0 0 0 0 0 0
GPRESSAVG: 1800 0 0 0 0 0 0 0 0 0
ENERGY:    1800      1131.8908      1702.5060      2096.1870       149.6764            -43.1201      -824.1058         0.0000      4136.5614      2973.3678          11322.9637       298.5666      8349.5958     11349.1132       301.7268

PRESSURE: 1900 0 0 0 0 0 0 0 0 0
GPRESSURE: 1900 0 0 0 0 0 0 0 0 0
PRESSAVG: 1900 0 0 0 0 0 0 0 0 0
GPRESSAVG: 1900 0 0 0 0 0 0 0 0 0
ENERGY:    1900      1103.8927      1745.7027      2080.9440       158.4973            -42.8522      -800.1274         0.0000      4142.5286      2951.0145          11339.6001       296.3221      8388.5856     11361.2050       300.5197

PRESSURE: 2000 0 0 0 0 0 0 0 0 0
GPRESSURE: 2000 0 0 0 0 0 0 0 0 0
PRESSAVG: 2000 0 0 0 0 0 0 0 0 0
GPRESSAVG: 2000 0 0 0 0 0 0 0 0 0
TIMING: 2000  CPU: 1.02721, 0.000508752/step  Wall: 1.03477, 0.00051544/step, 0.000429533 hours remaining, 831.125000 MB of memory in use.
ETITLE:      TS           BOND          ANGLE          DIHED          IMPRP               ELECT            VDW       BOUNDARY           MISC        KINETIC               TOTAL           TEMP      POTENTIAL         TOTAL3        TEMPAVG

ENERGY:    2000      1154.4889      1669.1581      2088.3897       149.4095            -41.4133      -818.3428         0.0000      4136.9520      3013.8429          11352.4850       302.6309      8338.6421     11372.3521       302.2718

WRITING EXTENDED SYSTEM TO RESTART FILE AT STEP 2000
WRITING VELOCITIES TO RESTART FILE AT STEP 2000
FINISHED WRITING RESTART VELOCITIES
The last velocity output (seq=2000) takes 0.002 seconds, 831.125 MB of memory in use
WRITING COORDINATES TO DCD FILE adk-step1.dcd AT STEP 2000
WRITING COORDINATES TO RESTART FILE AT STEP 2000
FINISHED WRITING RESTART COORDINATES
The last position output (seq=2000) takes 0.002 seconds, 831.125 MB of memory in use
PRESSURE: 2100 0 0 0 0 0 0 0 0 0
GPRESSURE: 2100 0 0 0 0 0 0 0 0 0
PRESSAVG: 2100 0 0 0 0 0 0 0 0 0
GPRESSAVG: 2100 0 0 0 0 0 0 0 0 0
ENERGY:    2100      1120.4490      1715.2949      2090.2282       147.7430            -41.0270      -857.5009         0.0000      4133.4998      3029.4297          11338.1168       304.1960      8308.6871     11366.0597       301.0217

PRESSURE: 2200 0 0 0 0 0 0 0 0 0
GPRESSURE: 2200 0 0 0 0 0 0 0 0 0
PRESSAVG: 2200 0 0 0 0 0 0 0 0 0
GPRESSAVG: 2200 0 0 0 0 0 0 0 0 0
ENERGY:    2200      1145.5262      1715.3645      2078.1100       149.4316            -40.6701      -822.3101         0.0000      4127.9031      2943.2755          11296.6306       295.5450      8353.3551     11318.5274       298.7102

PRESSURE: 2300 0 0 0 0 0 0 0 0 0
GPRESSURE: 2300 0 0 0 0 0 0 0 0 0
PRESSAVG: 2300 0 0 0 0 0 0 0 0 0
GPRESSAVG: 2300 0 0 0 0 0 0 0 0 0
ENERGY:    2300      1158.4197      1705.5192      2066.1220       149.3421            -40.7145      -810.9561         0.0000      4122.7662      3004.3437          11354.8424       301.6771      8350.4986     11382.4722       300.3738

PRESSURE: 2400 0 0 0 0 0 0 0 0 0
GPRESSURE: 2400 0 0 0 0 0 0 0 0 0
PRESSAVG: 2400 0 0 0 0 0 0 0 0 0
GPRESSAVG: 2400 0 0 0 0 0 0 0 0 0
ENERGY:    2400      1145.6433      1669.5057      2077.9383       157.2999            -41.6937      -797.2318         0.0000      4123.1044      3012.7231          11347.2891       302.5185      8334.5660     11371.3908       302.9020

PRESSURE: 2500 0 0 0 0 0 0 0 0 0
GPRESSURE: 2500 0 0 0 0 0 0 0 0 0
PRESSAVG: 2500 0 0 0 0 0 0 0 0 0
GPRESSAVG: 2500 0 0 0 0 0 0 0 0 0
ENERGY:    2500      1124.5729      1747.1602      2106.4622       155.4479            -42.0500      -829.2082         0.0000      4118.9993      2989.0877          11370.4719       300.1451      8381.3843     11397.4284       302.0288

PRESSURE: 2600 0 0 0 0 0 0 0 0 0
GPRESSURE: 2600 0 0 0 0 0 0 0 0 0
PRESSAVG: 2600 0 0 0 0 0 0 0 0 0
GPRESSAVG: 2600 0 0 0 0 0 0 0 0 0
ENERGY:    2600      1126.5282      1727.8017      2099.9065       155.9563            -41.3475      -823.1004         0.0000      4122.7648      3043.7677          11412.2774       305.6358      8368.5096     11437.2790       304.5722

PRESSURE: 2700 0 0 0 0 0 0 0 0 0
GPRESSURE: 2700 0 0 0 0 0 0 0 0 0
PRESSAVG: 2700 0 0 0 0 0 0 0 0 0
GPRESSAVG: 2700 0 0 0 0 0 0 0 0 0
ENERGY:    2700      1123.5972      1755.4807      2106.8866       156.2880            -41.7697      -855.2633         0.0000      4109.6978      2968.5736          11323.4909       298.0852      8354.9173     11344.4982       302.3826

PRESSURE: 2800 0 0 0 0 0 0 0 0 0
GPRESSURE: 2800 0 0 0 0 0 0 0 0 0
PRESSAVG: 2800 0 0 0 0 0 0 0 0 0
GPRESSAVG: 2800 0 0 0 0 0 0 0 0 0
ENERGY:    2800      1096.4533      1719.8217      2068.0682       146.5857            -40.2008      -793.5951         0.0000      4103.2861      2995.1432          11295.5623       300.7532      8300.4191     11321.9179       299.5192

PRESSURE: 2900 0 0 0 0 0 0 0 0 0
GPRESSURE: 2900 0 0 0 0 0 0 0 0 0
PRESSAVG: 2900 0 0 0 0 0 0 0 0 0
GPRESSAVG: 2900 0 0 0 0 0 0 0 0 0
ENERGY:    2900      1080.3910      1743.0712      2082.3996       145.4556            -40.5607      -816.5648         0.0000      4111.7999      2992.7987          11298.7904       300.5178      8305.9917     11326.4955       299.3182

PRESSURE: 3000 0 0 0 0 0 0 0 0 0
GPRESSURE: 3000 0 0 0 0 0 0 0 0 0
PRESSAVG: 3000 0 0 0 0 0 0 0 0 0
GPRESSAVG: 3000 0 0 0 0 0 0 0 0 0
TIMING: 3000  CPU: 1.52233, 0.000495129/step  Wall: 1.54286, 0.000508084/step, 0.000282269 hours remaining, 831.125000 MB of memory in use.
ETITLE:      TS           BOND          ANGLE          DIHED          IMPRP               ELECT            VDW       BOUNDARY           MISC        KINETIC               TOTAL           TEMP      POTENTIAL         TOTAL3        TEMPAVG

ENERGY:    3000      1111.5849      1654.4168      2083.9200       152.0264            -39.8107      -790.1003         0.0000      4120.8527      3027.0199          11319.9098       303.9540      8292.8899     11337.9181       299.5018

WRITING EXTENDED SYSTEM TO RESTART FILE AT STEP 3000
WRITING VELOCITIES TO RESTART FILE AT STEP 3000
FINISHED WRITING RESTART VELOCITIES
The last velocity output (seq=3000) takes 0.002 seconds, 831.125 MB of memory in use
WRITING COORDINATES TO DCD FILE adk-step1.dcd AT STEP 3000
WRITING COORDINATES TO RESTART FILE AT STEP 3000
FINISHED WRITING RESTART COORDINATES
The last position output (seq=3000) takes 0.002 seconds, 831.125 MB of memory in use
PRESSURE: 3100 0 0 0 0 0 0 0 0 0
GPRESSURE: 3100 0 0 0 0 0 0 0 0 0
PRESSAVG: 3100 0 0 0 0 0 0 0 0 0
GPRESSAVG: 3100 0 0 0 0 0 0 0 0 0
ENERGY:    3100      1140.5592      1707.1277      2081.8109       149.6339            -39.6783      -865.9538         0.0000      4130.1940      2996.7265          11300.4201       300.9122      8303.6936     11323.9559       301.0287

PRESSURE: 3200 0 0 0 0 0 0 0 0 0
GPRESSURE: 3200 0 0 0 0 0 0 0 0 0
PRESSAVG: 3200 0 0 0 0 0 0 0 0 0
GPRESSAVG: 3200 0 0 0 0 0 0 0 0 0
ENERGY:    3200      1138.0501      1682.3624      2096.5470       150.5989            -40.4965      -787.9444         0.0000      4127.0242      2891.1117          11257.2534       290.3070      8366.1417     11282.2130       298.4197

PRESSURE: 3300 0 0 0 0 0 0 0 0 0
GPRESSURE: 3300 0 0 0 0 0 0 0 0 0
PRESSAVG: 3300 0 0 0 0 0 0 0 0 0
GPRESSAVG: 3300 0 0 0 0 0 0 0 0 0
ENERGY:    3300      1137.6862      1679.0404      2074.7111       153.7793            -40.3737      -798.1490         0.0000      4123.8250      2951.8915          11282.4107       296.4101      8330.5192     11305.1442       297.8858

PRESSURE: 3400 0 0 0 0 0 0 0 0 0
GPRESSURE: 3400 0 0 0 0 0 0 0 0 0
PRESSAVG: 3400 0 0 0 0 0 0 0 0 0
GPRESSAVG: 3400 0 0 0 0 0 0 0 0 0
ENERGY:    3400      1140.6161      1690.5811      2071.3084       158.2984            -40.2558      -806.9522         0.0000      4111.9038      2973.5046          11299.0044       298.5804      8325.4998     11322.0145       298.8404

PRESSURE: 3500 0 0 0 0 0 0 0 0 0
GPRESSURE: 3500 0 0 0 0 0 0 0 0 0
PRESSAVG: 3500 0 0 0 0 0 0 0 0 0
GPRESSAVG: 3500 0 0 0 0 0 0 0 0 0
ENERGY:    3500      1127.7444      1749.2238      2062.5080       155.6213            -39.4488      -825.2845         0.0000      4119.3326      2991.4388          11341.1356       300.3812      8349.6968     11363.6706       301.3155

PRESSURE: 3600 0 0 0 0 0 0 0 0 0
GPRESSURE: 3600 0 0 0 0 0 0 0 0 0
PRESSAVG: 3600 0 0 0 0 0 0 0 0 0
GPRESSAVG: 3600 0 0 0 0 0 0 0 0 0
ENERGY:    3600      1121.3640      1696.9092      2096.9894       167.4517            -40.0745      -838.7927         0.0000      4125.2326      2992.6446          11321.7243       300.5023      8329.0797     11350.0813       301.0139

PRESSURE: 3700 0 0 0 0 0 0 0 0 0
GPRESSURE: 3700 0 0 0 0 0 0 0 0 0
PRESSAVG: 3700 0 0 0 0 0 0 0 0 0
GPRESSAVG: 3700 0 0 0 0 0 0 0 0 0
ENERGY:    3700      1116.1278      1716.5321      2096.0375       150.5735            -40.1970      -818.8364         0.0000      4122.1693      2972.6720          11315.0788       298.4968      8342.4067     11337.0143       300.7332

PRESSURE: 3800 0 0 0 0 0 0 0 0 0
GPRESSURE: 3800 0 0 0 0 0 0 0 0 0
PRESSAVG: 3800 0 0 0 0 0 0 0 0 0
GPRESSAVG: 3800 0 0 0 0 0 0 0 0 0
ENERGY:    3800      1143.2200      1718.8255      2073.9396       147.9681            -40.7792      -794.4970         0.0000      4123.1054      2985.5740          11357.3563       299.7923      8371.7823     11378.6447       301.5361

PRESSURE: 3900 0 0 0 0 0 0 0 0 0
GPRESSURE: 3900 0 0 0 0 0 0 0 0 0
PRESSAVG: 3900 0 0 0 0 0 0 0 0 0
GPRESSAVG: 3900 0 0 0 0 0 0 0 0 0
ENERGY:    3900      1144.1463      1658.8406      2070.6689       155.8573            -40.0821      -811.8011         0.0000      4121.8118      3038.8148          11338.2564       305.1384      8299.4416     11362.3932       300.8484

PRESSURE: 4000 0 0 0 0 0 0 0 0 0
GPRESSURE: 4000 0 0 0 0 0 0 0 0 0
PRESSAVG: 4000 0 0 0 0 0 0 0 0 0
GPRESSAVG: 4000 0 0 0 0 0 0 0 0 0
TIMING: 4000  CPU: 2.02773, 0.000505396/step  Wall: 2.04876, 0.000505901/step, 0.000140528 hours remaining, 831.125000 MB of memory in use.
ETITLE:      TS           BOND          ANGLE          DIHED          IMPRP               ELECT            VDW       BOUNDARY           MISC        KINETIC               TOTAL           TEMP      POTENTIAL         TOTAL3        TEMPAVG

ENERGY:    4000      1133.4204      1691.4654      2079.2655       162.4880            -39.3778      -798.5183         0.0000      4128.2717      2963.8090          11320.8239       297.6068      8357.0149     11345.3063       301.3906

WRITING EXTENDED SYSTEM TO RESTART FILE AT STEP 4000
WRITING COORDINATES TO DCD FILE adk-step1.dcd AT STEP 4000
WRITING COORDINATES TO RESTART FILE AT STEP 4000
FINISHED WRITING RESTART COORDINATES
The last position output (seq=4000) takes 0.002 seconds, 831.125 MB of memory in use
WRITING VELOCITIES TO RESTART FILE AT STEP 4000
FINISHED WRITING RESTART VELOCITIES
The last velocity output (seq=4000) takes 0.002 seconds, 831.125 MB of memory in use
PRESSURE: 4100 0 0 0 0 0 0 0 0 0
GPRESSURE: 4100 0 0 0 0 0 0 0 0 0
PRESSAVG: 4100 0 0 0 0 0 0 0 0 0
GPRESSAVG: 4100 0 0 0 0 0 0 0 0 0
ENERGY:    4100      1103.6607      1676.8984      2078.1479       160.0092            -38.3383      -782.3614         0.0000      4133.8280      3018.3125          11350.1570       303.0797      8331.8445     11375.2232       301.5561

PRESSURE: 4200 0 0 0 0 0 0 0 0 0
GPRESSURE: 4200 0 0 0 0 0 0 0 0 0
PRESSAVG: 4200 0 0 0 0 0 0 0 0 0
GPRESSAVG: 4200 0 0 0 0 0 0 0 0 0
ENERGY:    4200      1108.0315      1734.8939      2084.1504       161.7246            -39.4957      -825.5494         0.0000      4123.9097      3007.5023          11355.1672       301.9942      8347.6648     11380.8266       300.7939

LDB: ============= START OF LOAD BALANCING ============== 4.35624
LDB: ============== END OF LOAD BALANCING =============== 4.35631
Info: useSync: 0 useProxySync: 0
LDB: =============== DONE WITH MIGRATION ================ 4.35642
PRESSURE: 4300 0 0 0 0 0 0 0 0 0
GPRESSURE: 4300 0 0 0 0 0 0 0 0 0
PRESSAVG: 4300 0 0 0 0 0 0 0 0 0
GPRESSAVG: 4300 0 0 0 0 0 0 0 0 0
ENERGY:    4300      1128.3951      1763.8914      2079.0708       171.0849            -38.8644      -824.4637         0.0000      4122.9053      3006.6994          11408.7188       301.9136      8402.0194     11431.0713       303.0405

LDB: ============= START OF LOAD BALANCING ============== 4.40641
LDB: TIME 4.40665 LOAD: AVG 0.0136973 MAX 0.0326333  PROXIES: TOTAL 174 MAXPE 7 MAXPATCH 7 None MEM: 831.125 MB
LDB: TIME 4.40682 LOAD: AVG 0.0136973 MAX 0.0326333  PROXIES: TOTAL 174 MAXPE 7 MAXPATCH 7 RefineTorusLB MEM: 831.312 MB
LDB: TIME 4.40695 LOAD: AVG 0.0136973 MAX 0.0326333  PROXIES: TOTAL 174 MAXPE 7 MAXPATCH 7 RefineTorusLB MEM: 831.312 MB
LDB: Reverting to original mapping
LDB: ============== END OF LOAD BALANCING =============== 4.40718
Info: build node-aware spanning tree with send: 1, recv: 0 with branch factor 4
Info: useSync: 0 useProxySync: 0
LDB: =============== DONE WITH MIGRATION ================ 4.40788
PRESSURE: 4400 0 0 0 0 0 0 0 0 0
GPRESSURE: 4400 0 0 0 0 0 0 0 0 0
PRESSAVG: 4400 0 0 0 0 0 0 0 0 0
GPRESSAVG: 4400 0 0 0 0 0 0 0 0 0
ENERGY:    4400      1129.1100      1715.6461      2113.3521       155.2036            -39.9368      -830.1019         0.0000      4112.4857      3005.7234          11361.4823       301.8156      8355.7589     11388.0129       304.1879

PRESSURE: 4500 0 0 0 0 0 0 0 0 0
GPRESSURE: 4500 0 0 0 0 0 0 0 0 0
PRESSAVG: 4500 0 0 0 0 0 0 0 0 0
GPRESSAVG: 4500 0 0 0 0 0 0 0 0 0
ENERGY:    4500      1108.6002      1714.4097      2068.7609       151.0014            -40.3917      -804.6211         0.0000      4110.3042      3070.0327          11378.0963       308.2731      8308.0637     11402.9053       304.4564

PRESSURE: 4600 0 0 0 0 0 0 0 0 0
GPRESSURE: 4600 0 0 0 0 0 0 0 0 0
PRESSAVG: 4600 0 0 0 0 0 0 0 0 0
GPRESSAVG: 4600 0 0 0 0 0 0 0 0 0
ENERGY:    4600      1121.8416      1704.5947      2077.2550       157.3251            -40.4294      -776.3500         0.0000      4097.6823      2983.6177          11325.5370       299.5959      8341.9193     11350.0054       301.5550

PRESSURE: 4700 0 0 0 0 0 0 0 0 0
GPRESSURE: 4700 0 0 0 0 0 0 0 0 0
PRESSAVG: 4700 0 0 0 0 0 0 0 0 0
GPRESSAVG: 4700 0 0 0 0 0 0 0 0 0
ENERGY:    4700      1134.3553      1723.2075      2068.7355       154.7043            -40.4409      -846.4853         0.0000      4102.3987      3018.4143          11314.8892       303.0899      8296.4750     11340.7139       301.2626

PRESSURE: 4800 0 0 0 0 0 0 0 0 0
GPRESSURE: 4800 0 0 0 0 0 0 0 0 0
PRESSAVG: 4800 0 0 0 0 0 0 0 0 0
GPRESSAVG: 4800 0 0 0 0 0 0 0 0 0
ENERGY:    4800      1129.4678      1704.1561      2080.9080       152.9278            -39.5180      -842.8104         0.0000      4098.8332      3024.9230          11308.8874       303.7435      8283.9644     11334.2422       302.3390

PRESSURE: 4900 0 0 0 0 0 0 0 0 0
GPRESSURE: 4900 0 0 0 0 0 0 0 0 0
PRESSAVG: 4900 0 0 0 0 0 0 0 0 0
GPRESSAVG: 4900 0 0 0 0 0 0 0 0 0
ENERGY:    4900      1155.8727      1721.9590      2092.7793       163.1059            -39.6495      -801.9674         0.0000      4103.1904      2941.9971          11337.2875       295.4166      8395.2904     11359.8200       301.7014

PRESSURE: 5000 0 0 0 0 0 0 0 0 0
GPRESSURE: 5000 0 0 0 0 0 0 0 0 0
PRESSAVG: 5000 0 0 0 0 0 0 0 0 0
GPRESSAVG: 5000 0 0 0 0 0 0 0 0 0
TIMING: 5000  CPU: 2.53353, 0.000505803/step  Wall: 2.55989, 0.000511131/step, 0 hours remaining, 831.312500 MB of memory in use.
ETITLE:      TS           BOND          ANGLE          DIHED          IMPRP               ELECT            VDW       BOUNDARY           MISC        KINETIC               TOTAL           TEMP      POTENTIAL         TOTAL3        TEMPAVG

ENERGY:    5000      1103.1531      1710.4690      2068.1915       167.3881            -41.4152      -810.9734         0.0000      4097.3246      3037.8316          11331.9692       305.0397      8294.1376     11359.3195       302.6266

WRITING EXTENDED SYSTEM TO RESTART FILE AT STEP 5000
WRITING VELOCITIES TO RESTART FILE AT STEP 5000
FINISHED WRITING RESTART VELOCITIES
The last velocity output (seq=5000) takes 0.002 seconds, 832.000 MB of memory in use
WRITING COORDINATES TO DCD FILE adk-step1.dcd AT STEP 5000
WRITING COORDINATES TO RESTART FILE AT STEP 5000
FINISHED WRITING RESTART COORDINATES
The last position output (seq=5000) takes 0.002 seconds, 832.000 MB of memory in use
WRITING EXTENDED SYSTEM TO OUTPUT FILE AT STEP 5000
WRITING COORDINATES TO OUTPUT FILE AT STEP 5000
CLOSING COORDINATE DCD FILE adk-step1.dcd
The last position output (seq=-2) takes 0.004 seconds, 832.000 MB of memory in use
WRITING VELOCITIES TO OUTPUT FILE AT STEP 5000
====================================================

WallClock: 4.721497  CPUTime: 3.336431  Memory: 832.000000 MB
End of program
