5_6_cc.dat
/gpfs/alpine/bip115/scratch/hrlee/radical.pilot.sandbox/re.session.login1.hrlee.018632.0005/pilot.0000/staging_area/5_6_cc.dat
5, 6
Choosing optimized barrier algorithm name I0:HybridBinomial:SHMEM:P2P
Converse/Charm++ Commit ID: v6.10.2-0-g7bf00fa-namd-charm-6.10.2-build-2020-Aug-05-556
Warning> Randomization of virtual memory (ASLR) is turned on in the kernel, thread migration may not work! Run 'echo 0 > /proc/sys/kernel/randomize_va_space' as root to disable it, or try running with '+isomalloc_sync'.
CharmLB> Load balancer assumes all CPUs are same.
Charm++> Running on 1 hosts (1 sockets x 7 cores x 4 PUs = 28-way SMP)
Charm++> cpu topology info is gathered in 0.003 seconds.
Info: Built with CUDA version 10010
Did not find +devices i,j,k,... argument, using all
Pe 39 physical rank 39 will use CUDA device of pe 35
Pe 9 physical rank 9 will use CUDA device of pe 7
Pe 19 physical rank 19 will use CUDA device of pe 14
Pe 33 physical rank 33 will use CUDA device of pe 28
Pe 5 physical rank 5 will use CUDA device of pe 4
Pe 23 physical rank 23 will use CUDA device of pe 21
Pe 40 physical rank 40 will use CUDA device of pe 35
Pe 12 physical rank 12 will use CUDA device of pe 7
Pe 18 physical rank 18 will use CUDA device of pe 14
Pe 30 physical rank 30 will use CUDA device of pe 28
Pe 3 physical rank 3 will use CUDA device of pe 4
Pe 22 physical rank 22 will use CUDA device of pe 21
Pe 41 physical rank 41 will use CUDA device of pe 35
Pe 10 physical rank 10 will use CUDA device of pe 7
Pe 20 physical rank 20 will use CUDA device of pe 14
Pe 31 physical rank 31 will use CUDA device of pe 28
Pe 25 physical rank 25 will use CUDA device of pe 21
Pe 38 physical rank 38 will use CUDA device of pe 35
Pe 11 physical rank 11 will use CUDA device of pe 7
Pe 16 physical rank 16 will use CUDA device of pe 14
Pe 34 physical rank 34 will use CUDA device of pe 28
Pe 6 physical rank 6 will use CUDA device of pe 4
Pe 26 physical rank 26 will use CUDA device of pe 21
Pe 37 physical rank 37 will use CUDA device of pe 35
Pe 13 physical rank 13 will use CUDA device of pe 7
Pe 17 physical rank 17 will use CUDA device of pe 14
Pe 32 physical rank 32 will use CUDA device of pe 28
Pe 0 physical rank 0 will use CUDA device of pe 4
Pe 24 physical rank 24 will use CUDA device of pe 21
Pe 36 physical rank 36 will use CUDA device of pe 35
Pe 8 physical rank 8 will use CUDA device of pe 7
Pe 15 physical rank 15 will use CUDA device of pe 14
Pe 29 physical rank 29 will use CUDA device of pe 28
Pe 2 physical rank 2 will use CUDA device of pe 4
Pe 27 physical rank 27 will use CUDA device of pe 21
Pe 1 physical rank 1 will use CUDA device of pe 4
Pe 21 physical rank 21 binding to CUDA device 0 on h36n04: 'Tesla V100-SXM2-16GB'  Mem: 16128MB  Rev: 7.0  PCI: 35:3:0
Pe 35 physical rank 35 binding to CUDA device 0 on h36n04: 'Tesla V100-SXM2-16GB'  Mem: 16128MB  Rev: 7.0  PCI: 35:5:0
Pe 7 physical rank 7 binding to CUDA device 0 on h36n04: 'Tesla V100-SXM2-16GB'  Mem: 16128MB  Rev: 7.0  PCI: 4:5:0
Pe 14 physical rank 14 binding to CUDA device 0 on h36n04: 'Tesla V100-SXM2-16GB'  Mem: 16128MB  Rev: 7.0  PCI: 4:6:0
Pe 28 physical rank 28 binding to CUDA device 0 on h36n04: 'Tesla V100-SXM2-16GB'  Mem: 16128MB  Rev: 7.0  PCI: 35:4:0
Pe 4 physical rank 4 binding to CUDA device 0 on h36n04: 'Tesla V100-SXM2-16GB'  Mem: 16128MB  Rev: 7.0  PCI: 4:4:0
Info: NAMD 2.14 for Linux-POWER-pami-smp-Summit-CUDA
Info: 
Info: Please visit http://www.ks.uiuc.edu/Research/namd/
Info: for updates, documentation, and support information.
Info: 
Info: Please cite Phillips et al., J. Chem. Phys. 153:044130 (2020) doi:10.1063/5.0014475
Info: in all publications reporting results obtained with NAMD.
Info: 
Info: Based on Charm++/Converse 61002 for pami-linux-ppc64le-smp
Info: Built Wed Aug 5 14:28:51 EDT 2020 by jimp on login2
Info: 1 NAMD  2.14  Linux-POWER-pami-smp-Summit-CUDA  42    h36n04  hrlee
Info: Running on 42 processors, 6 nodes, 1 physical nodes.
Info: CPU topology information available.
Info: Charm++/Converse parallel runtime startup completed at 1.34595 s
CkLoopLib is used in SMP with simple dynamic scheduling (converse-level notification)
Info: 791.688 MB of memory in use based on /proc/self/stat
Info: Configuration file is adk-step1.namd
Info: Working in the current directory /gpfs/alpine/bip115/scratch/hrlee/radical.pilot.sandbox/re.session.login1.hrlee.018632.0005/pilot.0000/unit.000498
TCL: Suspending until startup complete.
Info: SIMULATION PARAMETERS:
Info: TIMESTEP               1
Info: NUMBER OF STEPS        0
Info: STEPS PER CYCLE        20
Info: LOAD BALANCER  Centralized
Info: LOAD BALANCING STRATEGY  New Load Balancers -- DEFAULT
Info: LDB PERIOD             4000 steps
Info: FIRST LDB TIMESTEP     100
Info: LAST LDB TIMESTEP     -1
Info: LDB BACKGROUND SCALING 1
Info: HOM BACKGROUND SCALING 1
Info: MIN ATOMS PER PATCH    40
Info: VELOCITY FILE          5_6_adk-step1.restart.vel
Info: CENTER OF MASS MOVING INITIALLY? NO
Info: DIELECTRIC             80
Info: EXCLUDE                SCALED ONE-FOUR
Info: 1-4 ELECTROSTATICS SCALED BY 1
Info: MODIFIED 1-4 VDW PARAMETERS WILL BE USED
Info: DCD FILENAME           adk-step1.dcd
Info: DCD FREQUENCY          1000
Info: DCD FIRST STEP         1000
Info: NO EXTENDED SYSTEM TRAJECTORY OUTPUT
Info: NO VELOCITY DCD OUTPUT
Info: NO FORCE DCD OUTPUT
Info: OUTPUT FILENAME        adk-step1
Info: BINARY OUTPUT FILES WILL BE USED
Info: RESTART FILENAME       adk-step1.restart
Info: RESTART FREQUENCY      1000
Info: BINARY RESTART FILES WILL BE USED
Info: SWITCHING ACTIVE
Info: SWITCHING ON           9
Info: SWITCHING OFF          10
Info: PAIRLIST DISTANCE      11
Info: PAIRLIST SHRINK RATE   0.01
Info: PAIRLIST GROW RATE     0.01
Info: PAIRLIST TRIGGER       0.3
Info: PAIRLISTS PER CYCLE    2
Info: PAIRLISTS ENABLED
Info: MARGIN                 0
Info: HYDROGEN GROUP CUTOFF  2.5
Info: PATCH DIMENSION        13.5
Info: ENERGY OUTPUT STEPS    100
Info: CROSSTERM ENERGY INCLUDED IN DIHEDRAL
Info: TIMING OUTPUT STEPS    1000
Info: PRESSURE OUTPUT STEPS  100
Info: GRID FORCE ACTIVE
Info:  Please include this reference in published work using
Info:  the Gridforce module of NAMD: David Wells, Volha Abramkina,
Info:  and Aleksei Aksimentiev, J. Chem. Phys. 127:125101-10 (2007).
Info: MGRIDFORCE key 0
Info:            Potfile 4ake-target_autopsf-grid.dx
Info:            Scale 0.3 0.3 0.3
Info:            File 1ake-docked-noh_autopsf-grid.pdb
Info:            Col O
Info:            ChargeCol B
Info:            VOffset 0 0 0
Info:            Continuous K1 FALSE
Info:            Continuous K2 FALSE
Info:            Continuous K3 FALSE
Info:            Volts FALSE
Info:            Gridforce-Lite FALSE
Info:            Gridforce-CheckSize TRUE
Info: LANGEVIN DYNAMICS ACTIVE
Info: LANGEVIN TEMPERATURE   300
Info: LANGEVIN USING BBK INTEGRATOR
Info: LANGEVIN DAMPING COEFFICIENT IS 5 INVERSE PS
Info: LANGEVIN DYNAMICS NOT APPLIED TO HYDROGENS
Info: USING VERLET I (r-RESPA) MTS SCHEME.
Info: C1 SPLITTING OF LONG RANGE ELECTROSTATICS
Info: PLACING ATOMS IN PATCHES BY HYDROGEN GROUPS
Info: RIGID BONDS TO HYDROGEN : WATER
Info:         ERROR TOLERANCE : 1e-08
Info:          MAX ITERATIONS : 100
Info: RIGID WATER USING SETTLE ALGORITHM
Info: NONBONDED FORCES EVALUATED EVERY 2 STEPS
Info: RANDOM NUMBER SEED     1609827971
Info: USE HYDROGEN BONDS?    NO
Info: COORDINATE PDB         1ake-docked-noh_autopsf.pdb
Info: STRUCTURE FILE         1ake-docked-noh_autopsf.psf
Info: PARAMETER file: CHARMM format! 
Info: PARAMETERS             par_all36_prot.prm
Info: USING ARITHMETIC MEAN TO COMBINE L-J SIGMA PARAMETERS
Info: BINARY COORDINATES     5_6_adk-step1.restart.coor
Info: SUMMARY OF PARAMETERS:
Info: 132 BONDS
Info: 362 ANGLES
Info: 702 DIHEDRAL
Info: 35 IMPROPER
Info: 6 CROSSTERM
Info: 53 VDW
Info: 0 VDW_PAIRS
Info: 0 NBTHOLE_PAIRS
Info: TIME FOR READING PSF FILE: 0.299748
Info: READING EXTRA BONDS FILE 1ake-extrabonds.txt
Info: READING EXTRA BONDS FILE 1ake-extrabonds-cispeptide.txt
Info: READING EXTRA BONDS FILE 1ake-extrabonds-chirality.txt
Info: READ 80 EXTRA BONDS
Info: READ 80 EXTRA ANGLES
Warning: EXTRA ANGLES ARE COSINE-BASED BY DEFAULT TO MATCH PREVIOUS VERSIONS
Warning: FOR NORMAL HARMONIC EXTRA ANGLES SET extraBondsCosAngles off
Info: READ 493 EXTRA DIHEDRALS
Info: READ 438 EXTRA IMPROPERS
Info: Reading pdb file 1ake-docked-noh_autopsf.pdb
Info: TIME FOR READING PDB FILE: 0.0639145
Info: 
Info: ****************************
Info: STRUCTURE SUMMARY:
Info: 3341 ATOMS
Info: 3445 BONDS
Info: 6203 ANGLES
Info: 9414 DIHEDRALS
Info: 1005 IMPROPERS
Info: 212 CROSSTERMS
Info: 0 EXCLUSIONS
Info: 0 RIGID BONDS
Info: 1 GRIDS ACTIVE
Info: 10023 DEGREES OF FREEDOM
Info: 1656 HYDROGEN GROUPS
Info: 4 ATOMS IN LARGEST HYDROGEN GROUP
Info: 1656 MIGRATION GROUPS
Info: 4 ATOMS IN LARGEST MIGRATION GROUP
Info: TOTAL MASS = 23582 amu
Info: TOTAL CHARGE = -4 e
Info: *****************************
Info: Reading from binary file 5_6_adk-step1.restart.coor
Info: 
Info: Entering startup at 2.19965 s, 798.438 MB of memory in use
Info: Startup phase 0 took 0.000253898 s, 798.562 MB of memory in use
Info: ADDED 18308 IMPLICIT EXCLUSIONS
Info: Startup phase 1 took 0.00748551 s, 798.688 MB of memory in use
Info: NONBONDED TABLE R-SQUARED SPACING: 0.0625
Info: NONBONDED TABLE SIZE: 705 POINTS
Info: ABSOLUTE IMPRECISION IN FAST TABLE ENERGY: 3.38813e-21 AT 9.89634
Info: RELATIVE IMPRECISION IN FAST TABLE ENERGY: 4.23384e-15 AT 9.94673
Info: ABSOLUTE IMPRECISION IN FAST TABLE FORCE: 6.35275e-22 AT 9.94673
Info: RELATIVE IMPRECISION IN FAST TABLE FORCE: 5.07982e-16 AT 9.94673
Info: INCONSISTENCY IN FAST TABLE ENERGY VS FORCE: 0.000290185 AT 0.251946
Info: ABSOLUTE IMPRECISION IN VDWA TABLE ENERGY: 1.57772e-30 AT 9.89634
Info: RELATIVE IMPRECISION IN VDWA TABLE ENERGY: 4.54938e-15 AT 9.94673
Info: ABSOLUTE IMPRECISION IN VDWA TABLE FORCE: 5.91646e-31 AT 9.94673
Info: RELATIVE IMPRECISION IN VDWA TABLE FORCE: 5.6823e-16 AT 9.94673
Info: INCONSISTENCY IN VDWA TABLE ENERGY VS FORCE: 0.0040507 AT 0.251946
Info: ABSOLUTE IMPRECISION IN VDWB TABLE ENERGY: 4.71751e-25 AT 9.94673
Info: RELATIVE IMPRECISION IN VDWB TABLE ENERGY: 1.45371e-14 AT 9.94673
Info: ABSOLUTE IMPRECISION IN VDWB TABLE FORCE: 6.20385e-25 AT 9.94673
Info: RELATIVE IMPRECISION IN VDWB TABLE FORCE: 5.97512e-16 AT 9.94673
Info: INCONSISTENCY IN VDWB TABLE ENERGY VS FORCE: 0.00377068 AT 9.07951
Info: Startup phase 2 took 0.000897868 s, 800 MB of memory in use
Info: Startup phase 3 took 0.000230679 s, 800.375 MB of memory in use
Info: Startup phase 4 took 0.00028951 s, 800.5 MB of memory in use
Info: Startup phase 5 took 0.000205102 s, 800.5 MB of memory in use
Info: ORIGINAL ATOMS MINMAX IS -22.3801 -33.337 -34.6742  17.0885 12.4846 16.1224
Info: ADJUSTED ATOMS MINMAX IS -17.5827 -27.1473 -30.1492  11.7918 7.01064 6.98051
Info: PATCH GRID IS 5 BY 3 BY 3
Info: PATCH GRID IS 2-AWAY BY 1-AWAY BY 1-AWAY
Info: Reading from binary file 5_6_adk-step1.restart.vel
Info: REMOVING COM VELOCITY -0.0301664 -0.0271769 0.179494
Info: LARGEST PATCH (24) HAS 139 ATOMS
Info: TORUS A SIZE 1 USING 0
Info: TORUS B SIZE 1 USING 0
Info: TORUS C SIZE 1 USING 0
Info: TORUS MINIMAL MESH SIZE IS 1 BY 1 BY 1
Info: Placed 100% of base nodes on same physical node as patch
Info: Startup phase 6 took 0.00866375 s, 800.625 MB of memory in use
Info: Startup phase 7 took 0.000214088 s, 801.562 MB of memory in use
Info: Updated CUDA force table with 4096 elements.
Info: Updated CUDA LJ table with 53 x 53 elements.
Info: Updated CUDA force table with 4096 elements.
Info: Updated CUDA force table with 4096 elements.
Info: Updated CUDA LJ table with 53 x 53 elements.
Info: Updated CUDA LJ table with 53 x 53 elements.
Info: Updated CUDA force table with 4096 elements.
Info: Updated CUDA LJ table with 53 x 53 elements.
Info: Updated CUDA force table with 4096 elements.
Info: Updated CUDA LJ table with 53 x 53 elements.
Info: Updated CUDA force table with 4096 elements.
Info: Updated CUDA LJ table with 53 x 53 elements.
Info: Startup phase 8 took 0.00338068 s, 801.688 MB of memory in use
Info: Startup phase 9 took 0.00040261 s, 801.75 MB of memory in use
Info: Startup phase 10 took 0.000216998 s, 801.812 MB of memory in use
Info: Startup phase 11 took 0.00101711 s, 801.938 MB of memory in use
LDB: Central LB being created...
Info: Startup phase 12 took 0.00205764 s, 802.688 MB of memory in use
Info: CREATING 1139 COMPUTE OBJECTS
Info: Found 278 unique exclusion lists needing 900 bytes
Info: Found 278 unique exclusion lists needing 900 bytes
Info: Found 278 unique exclusion lists needing 900 bytes
Info: Found 278 unique exclusion lists needing 900 bytes
Info: Found 278 unique exclusion lists needing 900 bytes
Info: Found 278 unique exclusion lists needing 900 bytes
Info: useSync: 0 useProxySync: 0
Info: Startup phase 13 took 0.0148033 s, 803.562 MB of memory in use
Info: Building spanning tree ... send: 1 recv: 0 with branch factor 4
Info: Startup phase 14 took 0.000215457 s, 803.688 MB of memory in use
Info: Startup phase 15 took 0.000235177 s, 803.812 MB of memory in use
Info: Finished startup at 2.24022 s, 803.938 MB of memory in use

TCL: Running for 5000 steps
PRESSURE: 0 0 0 0 0 0 0 0 0 0
GPRESSURE: 0 0 0 0 0 0 0 0 0 0
ETITLE:      TS           BOND          ANGLE          DIHED          IMPRP               ELECT            VDW       BOUNDARY           MISC        KINETIC               TOTAL           TEMP      POTENTIAL         TOTAL3        TEMPAVG

ENERGY:       0      1139.8602      1691.4267      2102.5736       145.1336            -39.5171      -831.9395         0.0000      5308.8268      2999.0137          12515.3781       301.1418      9516.3644     12539.8973       301.1418

LDB: ============= START OF LOAD BALANCING ============== 2.25103
Info: useSync: 0 useProxySync: 0
LDB: ============== END OF LOAD BALANCING =============== 2.2511
LDB: =============== DONE WITH MIGRATION ================ 2.25121
LDB: ============= START OF LOAD BALANCING ============== 2.28778
LDB: Partitioning computes with target load 0.000000
LDB: Increased migratable compute count from 0 to 0
LDB: Largest unpartitionable compute is 0.000000
LDB: ============== END OF LOAD BALANCING =============== 2.28821
Info: build node-aware spanning tree with send: 1, recv: 0 with branch factor 4
Info: useSync: 0 useProxySync: 0
LDB: =============== DONE WITH MIGRATION ================ 2.28915
PRESSURE: 100 0 0 0 0 0 0 0 0 0
GPRESSURE: 100 0 0 0 0 0 0 0 0 0
PRESSAVG: 100 0 0 0 0 0 0 0 0 0
GPRESSAVG: 100 0 0 0 0 0 0 0 0 0
Info: Initial time: 42 CPUs 0.000457116 s/step 0.00529069 days/ns 827.125 MB memory
ENERGY:     100      1133.6745      1676.6635      2093.8056       164.5116            -39.4057      -795.0227         0.0000      5301.5689      2978.2216          12514.0174       299.0540      9535.7958     12540.5247       300.5156

LDB: ============= START OF LOAD BALANCING ============== 2.29837
LDB: ============== END OF LOAD BALANCING =============== 2.29842
Info: useSync: 0 useProxySync: 0
LDB: =============== DONE WITH MIGRATION ================ 2.29852
LDB: ============= START OF LOAD BALANCING ============== 2.33497
LDB: TIME 2.33528 LOAD: AVG 0.0115096 MAX 0.0216096  PROXIES: TOTAL 174 MAXPE 7 MAXPATCH 7 None MEM: 828.625 MB
LDB: TIME 2.33551 LOAD: AVG 0.0115096 MAX 0.0216096  PROXIES: TOTAL 174 MAXPE 7 MAXPATCH 7 TorusLB MEM: 828.75 MB
LDB: Reverting to original mapping
LDB: ============== END OF LOAD BALANCING =============== 2.33581
Info: build node-aware spanning tree with send: 1, recv: 0 with branch factor 4
Info: useSync: 0 useProxySync: 0
LDB: =============== DONE WITH MIGRATION ================ 2.33671
PRESSURE: 200 0 0 0 0 0 0 0 0 0
GPRESSURE: 200 0 0 0 0 0 0 0 0 0
PRESSAVG: 200 0 0 0 0 0 0 0 0 0
GPRESSAVG: 200 0 0 0 0 0 0 0 0 0
Info: Initial time: 42 CPUs 0.000453735 s/step 0.00525156 days/ns 828.75 MB memory
ENERGY:     200      1113.5207      1728.1044      2099.1934       156.8639            -39.7285      -808.8167         0.0000      5298.1679      2985.0613          12532.3663       299.7408      9547.3050     12557.6383       302.2068

LDB: ============= START OF LOAD BALANCING ============== 2.38233
LDB: TIME 2.38265 LOAD: AVG 0.0144812 MAX 0.0331255  PROXIES: TOTAL 174 MAXPE 7 MAXPATCH 7 None MEM: 829.688 MB
LDB: TIME 2.38286 LOAD: AVG 0.0144812 MAX 0.0331255  PROXIES: TOTAL 174 MAXPE 7 MAXPATCH 7 RefineTorusLB MEM: 829.688 MB
LDB: TIME 2.38304 LOAD: AVG 0.0144812 MAX 0.0331255  PROXIES: TOTAL 174 MAXPE 7 MAXPATCH 7 RefineTorusLB MEM: 829.688 MB
LDB: Reverting to original mapping
LDB: ============== END OF LOAD BALANCING =============== 2.38334
Info: build node-aware spanning tree with send: 1, recv: 0 with branch factor 4
Info: useSync: 0 useProxySync: 0
LDB: =============== DONE WITH MIGRATION ================ 2.38419
PRESSURE: 300 0 0 0 0 0 0 0 0 0
GPRESSURE: 300 0 0 0 0 0 0 0 0 0
PRESSAVG: 300 0 0 0 0 0 0 0 0 0
GPRESSAVG: 300 0 0 0 0 0 0 0 0 0
Info: Initial time: 42 CPUs 0.000454182 s/step 0.00525673 days/ns 829.688 MB memory
ENERGY:     300      1073.8350      1678.5908      2081.5452       153.9687            -39.6475      -821.9983         0.0000      5302.5177      2990.6555          12419.4672       300.3026      9428.8116     12446.8862       299.9542

LDB: ============= START OF LOAD BALANCING ============== 2.42598
LDB: TIME 2.42631 LOAD: AVG 0.013609 MAX 0.0263908  PROXIES: TOTAL 174 MAXPE 7 MAXPATCH 7 None MEM: 830.562 MB
LDB: TIME 2.42653 LOAD: AVG 0.013609 MAX 0.0263908  PROXIES: TOTAL 174 MAXPE 7 MAXPATCH 7 RefineTorusLB MEM: 830.625 MB
LDB: TIME 2.4267 LOAD: AVG 0.013609 MAX 0.0263908  PROXIES: TOTAL 174 MAXPE 7 MAXPATCH 7 RefineTorusLB MEM: 830.625 MB
LDB: Reverting to original mapping
LDB: ============== END OF LOAD BALANCING =============== 2.427
Info: build node-aware spanning tree with send: 1, recv: 0 with branch factor 4
Info: useSync: 0 useProxySync: 0
LDB: =============== DONE WITH MIGRATION ================ 2.42787
PRESSURE: 400 0 0 0 0 0 0 0 0 0
GPRESSURE: 400 0 0 0 0 0 0 0 0 0
PRESSAVG: 400 0 0 0 0 0 0 0 0 0
GPRESSAVG: 400 0 0 0 0 0 0 0 0 0
Info: Benchmark time: 42 CPUs 0.000415696 s/step 0.0048113 days/ns 830.625 MB memory
ENERGY:     400      1083.5956      1746.2849      2096.5952       153.4432            -39.8830      -811.7589         0.0000      5294.8760      2951.4665          12474.6195       296.3675      9523.1530     12498.2881       298.6927

PRESSURE: 500 0 0 0 0 0 0 0 0 0
GPRESSURE: 500 0 0 0 0 0 0 0 0 0
PRESSAVG: 500 0 0 0 0 0 0 0 0 0
GPRESSAVG: 500 0 0 0 0 0 0 0 0 0
Info: Benchmark time: 42 CPUs 0.0004145 s/step 0.00479745 days/ns 831.375 MB memory
ENERGY:     500      1147.8920      1762.9734      2075.6730       148.8562            -39.8669      -845.1494         0.0000      5308.1039      2919.3127          12477.7950       293.1388      9558.4823     12497.6068       299.6255

PRESSURE: 600 0 0 0 0 0 0 0 0 0
GPRESSURE: 600 0 0 0 0 0 0 0 0 0
PRESSAVG: 600 0 0 0 0 0 0 0 0 0
GPRESSAVG: 600 0 0 0 0 0 0 0 0 0
Info: Benchmark time: 42 CPUs 0.000414221 s/step 0.00479423 days/ns 831.375 MB memory
ENERGY:     600      1136.6424      1694.9479      2080.8498       159.7826            -39.7793      -814.4430         0.0000      5305.5178      2989.2209          12512.7391       300.1585      9523.5182     12535.8558       300.5737

PRESSURE: 700 0 0 0 0 0 0 0 0 0
GPRESSURE: 700 0 0 0 0 0 0 0 0 0
PRESSAVG: 700 0 0 0 0 0 0 0 0 0
GPRESSAVG: 700 0 0 0 0 0 0 0 0 0
Info: Benchmark time: 42 CPUs 0.000417495 s/step 0.00483212 days/ns 831.375 MB memory
ENERGY:     700      1107.3117      1709.0082      2070.9695       160.1011            -39.5714      -816.7476         0.0000      5296.0903      2987.9701          12475.1319       300.0329      9487.1618     12504.2351       300.0203

PRESSURE: 800 0 0 0 0 0 0 0 0 0
GPRESSURE: 800 0 0 0 0 0 0 0 0 0
PRESSAVG: 800 0 0 0 0 0 0 0 0 0
GPRESSAVG: 800 0 0 0 0 0 0 0 0 0
Info: Benchmark time: 42 CPUs 0.000418824 s/step 0.00484749 days/ns 831.375 MB memory
ENERGY:     800      1177.9654      1685.3663      2071.4876       157.6855            -39.9200      -816.9135         0.0000      5294.8266      2900.2840          12430.7819       291.2280      9530.4979     12454.4501       299.3738

PRESSURE: 900 0 0 0 0 0 0 0 0 0
GPRESSURE: 900 0 0 0 0 0 0 0 0 0
PRESSAVG: 900 0 0 0 0 0 0 0 0 0
GPRESSAVG: 900 0 0 0 0 0 0 0 0 0
Info: Benchmark time: 42 CPUs 0.000430503 s/step 0.00498268 days/ns 831.375 MB memory
ENERGY:     900      1119.1581      1677.5135      2052.7873       147.9821            -39.5375      -831.8616         0.0000      5286.9111      2967.4340          12380.3871       297.9708      9412.9531     12401.3927       296.1960

OPENING COORDINATE DCD FILE
WRITING COORDINATES TO DCD FILE adk-step1.dcd AT STEP 1000
WRITING COORDINATES TO RESTART FILE AT STEP 1000
FINISHED WRITING RESTART COORDINATES
The last position output (seq=1000) takes 0.007 seconds, 831.375 MB of memory in use
PRESSURE: 1000 0 0 0 0 0 0 0 0 0
GPRESSURE: 1000 0 0 0 0 0 0 0 0 0
PRESSAVG: 1000 0 0 0 0 0 0 0 0 0
GPRESSAVG: 1000 0 0 0 0 0 0 0 0 0
TIMING: 1000  CPU: 0.459434, 0.000443237/step  Wall: 0.465337, 0.000447528/step, 0.000497253 hours remaining, 831.500000 MB of memory in use.
ETITLE:      TS           BOND          ANGLE          DIHED          IMPRP               ELECT            VDW       BOUNDARY           MISC        KINETIC               TOTAL           TEMP      POTENTIAL         TOTAL3        TEMPAVG

ENERGY:    1000      1172.3628      1694.6846      2080.0692       162.8159            -39.9765      -839.2633         0.0000      5285.9321      2917.9297          12434.5546       292.9999      9516.6248     12456.6204       298.2771

WRITING EXTENDED SYSTEM TO RESTART FILE AT STEP 1000
WRITING VELOCITIES TO RESTART FILE AT STEP 1000
FINISHED WRITING RESTART VELOCITIES
The last velocity output (seq=1000) takes 0.002 seconds, 831.500 MB of memory in use
PRESSURE: 1100 0 0 0 0 0 0 0 0 0
GPRESSURE: 1100 0 0 0 0 0 0 0 0 0
PRESSAVG: 1100 0 0 0 0 0 0 0 0 0
GPRESSAVG: 1100 0 0 0 0 0 0 0 0 0
ENERGY:    1100      1106.8506      1688.1609      2052.3592       146.9719            -38.9563      -800.9850         0.0000      5290.2085      2982.1802          12426.7899       299.4515      9444.6097     12454.1824       299.0484

PRESSURE: 1200 0 0 0 0 0 0 0 0 0
GPRESSURE: 1200 0 0 0 0 0 0 0 0 0
PRESSAVG: 1200 0 0 0 0 0 0 0 0 0
GPRESSAVG: 1200 0 0 0 0 0 0 0 0 0
ENERGY:    1200      1111.2517      1730.4860      2078.1086       150.3464            -39.1554      -817.0146         0.0000      5290.5818      2930.8758          12435.4802       294.2999      9504.6044     12457.4609       298.7605

PRESSURE: 1300 0 0 0 0 0 0 0 0 0
GPRESSURE: 1300 0 0 0 0 0 0 0 0 0
PRESSAVG: 1300 0 0 0 0 0 0 0 0 0
GPRESSAVG: 1300 0 0 0 0 0 0 0 0 0
ENERGY:    1300      1097.7751      1734.3957      2081.2198       164.7271            -39.3904      -834.9109         0.0000      5287.8033      2931.5588          12423.1785       294.3685      9491.6196     12447.7029       298.2353

PRESSURE: 1400 0 0 0 0 0 0 0 0 0
GPRESSURE: 1400 0 0 0 0 0 0 0 0 0
PRESSAVG: 1400 0 0 0 0 0 0 0 0 0
GPRESSAVG: 1400 0 0 0 0 0 0 0 0 0
ENERGY:    1400      1082.1716      1692.2880      2069.0441       164.6728            -40.1355      -820.2032         0.0000      5287.0275      2950.6701          12385.5354       296.2875      9434.8653     12412.8490       296.0502

PRESSURE: 1500 0 0 0 0 0 0 0 0 0
GPRESSURE: 1500 0 0 0 0 0 0 0 0 0
PRESSAVG: 1500 0 0 0 0 0 0 0 0 0
GPRESSAVG: 1500 0 0 0 0 0 0 0 0 0
ENERGY:    1500      1180.0817      1650.5586      2046.1141       150.0960            -39.1721      -801.1168         0.0000      5286.5405      2956.8144          12429.9165       296.9045      9473.1020     12451.6928       295.4655

PRESSURE: 1600 0 0 0 0 0 0 0 0 0
GPRESSURE: 1600 0 0 0 0 0 0 0 0 0
PRESSAVG: 1600 0 0 0 0 0 0 0 0 0
GPRESSAVG: 1600 0 0 0 0 0 0 0 0 0
ENERGY:    1600      1154.4602      1652.7707      2089.3475       157.3221            -38.7941      -826.5546         0.0000      5292.2540      3037.6504          12518.4561       305.0215      9480.8057     12546.6078       299.9707

PRESSURE: 1700 0 0 0 0 0 0 0 0 0
GPRESSURE: 1700 0 0 0 0 0 0 0 0 0
PRESSAVG: 1700 0 0 0 0 0 0 0 0 0
GPRESSAVG: 1700 0 0 0 0 0 0 0 0 0
ENERGY:    1700      1137.2909      1730.3256      2068.1872       159.3669            -39.0791      -843.1317         0.0000      5292.1854      2991.3964          12496.5417       300.3770      9505.1452     12524.0301       301.2352

PRESSURE: 1800 0 0 0 0 0 0 0 0 0
GPRESSURE: 1800 0 0 0 0 0 0 0 0 0
PRESSAVG: 1800 0 0 0 0 0 0 0 0 0
GPRESSAVG: 1800 0 0 0 0 0 0 0 0 0
ENERGY:    1800      1150.6167      1647.1871      2091.8555       154.0508            -39.1414      -863.7519         0.0000      5299.1787      2998.6795          12438.6750       301.1083      9439.9955     12461.7830       300.2729

PRESSURE: 1900 0 0 0 0 0 0 0 0 0
GPRESSURE: 1900 0 0 0 0 0 0 0 0 0
PRESSAVG: 1900 0 0 0 0 0 0 0 0 0
GPRESSAVG: 1900 0 0 0 0 0 0 0 0 0
ENERGY:    1900      1135.3922      1695.8913      2091.4791       156.9366            -39.0096      -819.9683         0.0000      5285.4398      2957.0872          12463.2483       296.9318      9506.1612     12489.2877       298.7171

WRITING COORDINATES TO DCD FILE adk-step1.dcd AT STEP 2000
WRITING COORDINATES TO RESTART FILE AT STEP 2000
FINISHED WRITING RESTART COORDINATES
The last position output (seq=2000) takes 0.003 seconds, 831.500 MB of memory in use
WRITING VELOCITIES TO RESTART FILE AT STEP 2000
FINISHED WRITING RESTART VELOCITIES
The last velocity output (seq=2000) takes 0.002 seconds, 831.500 MB of memory in use
PRESSURE: 2000 0 0 0 0 0 0 0 0 0
GPRESSURE: 2000 0 0 0 0 0 0 0 0 0
PRESSAVG: 2000 0 0 0 0 0 0 0 0 0
GPRESSAVG: 2000 0 0 0 0 0 0 0 0 0
TIMING: 2000  CPU: 0.877573, 0.000418139/step  Wall: 0.888904, 0.000423567/step, 0.000352972 hours remaining, 831.500000 MB of memory in use.
ETITLE:      TS           BOND          ANGLE          DIHED          IMPRP               ELECT            VDW       BOUNDARY           MISC        KINETIC               TOTAL           TEMP      POTENTIAL         TOTAL3        TEMPAVG

ENERGY:    2000      1112.4726      1719.8984      2078.6432       153.9383            -39.9349      -820.6198         0.0000      5284.5783      2951.4015          12440.3776       296.3609      9488.9761     12462.4888       299.0747

WRITING EXTENDED SYSTEM TO RESTART FILE AT STEP 2000
PRESSURE: 2100 0 0 0 0 0 0 0 0 0
GPRESSURE: 2100 0 0 0 0 0 0 0 0 0
PRESSAVG: 2100 0 0 0 0 0 0 0 0 0
GPRESSAVG: 2100 0 0 0 0 0 0 0 0 0
ENERGY:    2100      1097.5330      1751.0538      2052.7744       158.7202            -40.2306      -826.4392         0.0000      5286.7117      2953.1800          12433.3033       296.5395      9480.1233     12456.7652       298.7465

PRESSURE: 2200 0 0 0 0 0 0 0 0 0
GPRESSURE: 2200 0 0 0 0 0 0 0 0 0
PRESSAVG: 2200 0 0 0 0 0 0 0 0 0
GPRESSAVG: 2200 0 0 0 0 0 0 0 0 0
ENERGY:    2200      1091.9941      1660.1674      2115.7867       160.5897            -39.8341      -814.5244         0.0000      5291.6522      2938.0482          12403.8799       295.0201      9465.8317     12427.3184       296.5139

PRESSURE: 2300 0 0 0 0 0 0 0 0 0
GPRESSURE: 2300 0 0 0 0 0 0 0 0 0
PRESSAVG: 2300 0 0 0 0 0 0 0 0 0
GPRESSAVG: 2300 0 0 0 0 0 0 0 0 0
ENERGY:    2300      1094.2160      1720.6876      2067.2050       159.3937            -39.7889      -840.9699         0.0000      5302.8608      2957.4008          12421.0051       296.9633      9463.6042     12447.6910       294.9540

PRESSURE: 2400 0 0 0 0 0 0 0 0 0
GPRESSURE: 2400 0 0 0 0 0 0 0 0 0
PRESSAVG: 2400 0 0 0 0 0 0 0 0 0
GPRESSAVG: 2400 0 0 0 0 0 0 0 0 0
ENERGY:    2400      1122.4172      1709.6416      2076.3212       149.2629            -39.9413      -849.0867         0.0000      5293.8609      2910.3597          12372.8354       292.2398      9462.4757     12396.4567       296.5650

PRESSURE: 2500 0 0 0 0 0 0 0 0 0
GPRESSURE: 2500 0 0 0 0 0 0 0 0 0
PRESSAVG: 2500 0 0 0 0 0 0 0 0 0
GPRESSAVG: 2500 0 0 0 0 0 0 0 0 0
ENERGY:    2500      1094.2172      1674.2527      2072.9347       153.8076            -40.3049      -826.6146         0.0000      5290.8892      2967.9547          12387.1366       298.0231      9419.1819     12411.8721       296.2355

PRESSURE: 2600 0 0 0 0 0 0 0 0 0
GPRESSURE: 2600 0 0 0 0 0 0 0 0 0
PRESSAVG: 2600 0 0 0 0 0 0 0 0 0
GPRESSAVG: 2600 0 0 0 0 0 0 0 0 0
ENERGY:    2600      1137.0202      1666.2603      2062.4732       144.8499            -39.9675      -812.6868         0.0000      5291.3606      2934.4267          12383.7364       294.6564      9449.3097     12405.1057       297.2165

PRESSURE: 2700 0 0 0 0 0 0 0 0 0
GPRESSURE: 2700 0 0 0 0 0 0 0 0 0
PRESSAVG: 2700 0 0 0 0 0 0 0 0 0
GPRESSAVG: 2700 0 0 0 0 0 0 0 0 0
ENERGY:    2700      1108.8939      1692.3262      2080.9177       146.5740            -39.5204      -826.1756         0.0000      5296.5329      2944.3806          12403.9293       295.6559      9459.5487     12429.4138       294.0809

PRESSURE: 2800 0 0 0 0 0 0 0 0 0
GPRESSURE: 2800 0 0 0 0 0 0 0 0 0
PRESSAVG: 2800 0 0 0 0 0 0 0 0 0
GPRESSAVG: 2800 0 0 0 0 0 0 0 0 0
ENERGY:    2800      1113.2535      1664.8937      2067.8594       151.7502            -40.2084      -812.7028         0.0000      5307.4836      2939.6286          12391.9579       295.1788      9452.3293     12416.9754       297.7575

PRESSURE: 2900 0 0 0 0 0 0 0 0 0
GPRESSURE: 2900 0 0 0 0 0 0 0 0 0
PRESSAVG: 2900 0 0 0 0 0 0 0 0 0
GPRESSAVG: 2900 0 0 0 0 0 0 0 0 0
ENERGY:    2900      1122.1979      1691.7488      2075.3464       155.8211            -39.9777      -845.4107         0.0000      5302.7488      2956.4974          12418.9720       296.8726      9462.4746     12445.2209       295.6036

WRITING COORDINATES TO DCD FILE adk-step1.dcd AT STEP 3000
WRITING COORDINATES TO RESTART FILE AT STEP 3000
FINISHED WRITING RESTART COORDINATES
The last position output (seq=3000) takes 0.003 seconds, 831.500 MB of memory in use
PRESSURE: 3000 0 0 0 0 0 0 0 0 0
GPRESSURE: 3000 0 0 0 0 0 0 0 0 0
PRESSAVG: 3000 0 0 0 0 0 0 0 0 0
GPRESSAVG: 3000 0 0 0 0 0 0 0 0 0
TIMING: 3000  CPU: 1.32092, 0.000443346/step  Wall: 1.33428, 0.000445378/step, 0.000247432 hours remaining, 831.500000 MB of memory in use.
ETITLE:      TS           BOND          ANGLE          DIHED          IMPRP               ELECT            VDW       BOUNDARY           MISC        KINETIC               TOTAL           TEMP      POTENTIAL         TOTAL3        TEMPAVG

ENERGY:    3000      1130.2858      1653.3423      2060.4730       149.9428            -39.6171      -806.8417         0.0000      5289.3365      2965.1878          12402.1095       297.7453      9436.9217     12423.8070       298.2368

WRITING EXTENDED SYSTEM TO RESTART FILE AT STEP 3000
WRITING VELOCITIES TO RESTART FILE AT STEP 3000
FINISHED WRITING RESTART VELOCITIES
The last velocity output (seq=3000) takes 0.002 seconds, 831.500 MB of memory in use
PRESSURE: 3100 0 0 0 0 0 0 0 0 0
GPRESSURE: 3100 0 0 0 0 0 0 0 0 0
PRESSAVG: 3100 0 0 0 0 0 0 0 0 0
GPRESSAVG: 3100 0 0 0 0 0 0 0 0 0
ENERGY:    3100      1103.5163      1741.2836      2073.3700       146.4097            -39.8508      -807.9833         0.0000      5299.1049      2916.3747          12432.2251       292.8438      9515.8504     12455.2136       298.0117

PRESSURE: 3200 0 0 0 0 0 0 0 0 0
GPRESSURE: 3200 0 0 0 0 0 0 0 0 0
PRESSAVG: 3200 0 0 0 0 0 0 0 0 0
GPRESSAVG: 3200 0 0 0 0 0 0 0 0 0
ENERGY:    3200      1147.7526      1692.6152      2044.9969       158.6428            -39.3504      -831.7887         0.0000      5295.6112      3005.4593          12473.9390       301.7891      9468.4796     12499.4374       299.4567

PRESSURE: 3300 0 0 0 0 0 0 0 0 0
GPRESSURE: 3300 0 0 0 0 0 0 0 0 0
PRESSAVG: 3300 0 0 0 0 0 0 0 0 0
GPRESSAVG: 3300 0 0 0 0 0 0 0 0 0
ENERGY:    3300      1139.3990      1673.5489      2068.5606       149.8782            -39.0505      -822.1923         0.0000      5288.3497      2939.5503          12398.0440       295.1709      9458.4937     12421.3333       296.9909

PRESSURE: 3400 0 0 0 0 0 0 0 0 0
GPRESSURE: 3400 0 0 0 0 0 0 0 0 0
PRESSAVG: 3400 0 0 0 0 0 0 0 0 0
GPRESSAVG: 3400 0 0 0 0 0 0 0 0 0
ENERGY:    3400      1112.4228      1711.0470      2081.5267       160.3505            -38.6876      -853.9388         0.0000      5280.4209      2981.5787          12434.7203       299.3911      9453.1416     12457.7373       297.6189

PRESSURE: 3500 0 0 0 0 0 0 0 0 0
GPRESSURE: 3500 0 0 0 0 0 0 0 0 0
PRESSAVG: 3500 0 0 0 0 0 0 0 0 0
GPRESSAVG: 3500 0 0 0 0 0 0 0 0 0
ENERGY:    3500      1114.6571      1675.4850      2083.9713       155.3196            -37.8655      -821.3067         0.0000      5282.4940      3024.5950          12477.3500       303.7106      9452.7549     12501.8277       300.1400

PRESSURE: 3600 0 0 0 0 0 0 0 0 0
GPRESSURE: 3600 0 0 0 0 0 0 0 0 0
PRESSAVG: 3600 0 0 0 0 0 0 0 0 0
GPRESSAVG: 3600 0 0 0 0 0 0 0 0 0
ENERGY:    3600      1099.8787      1697.4123      2082.0907       128.6559            -37.7758      -818.8815         0.0000      5303.7659      3007.7272          12462.8734       302.0168      9455.1462     12489.2791       300.6084

PRESSURE: 3700 0 0 0 0 0 0 0 0 0
GPRESSURE: 3700 0 0 0 0 0 0 0 0 0
PRESSAVG: 3700 0 0 0 0 0 0 0 0 0
GPRESSAVG: 3700 0 0 0 0 0 0 0 0 0
ENERGY:    3700      1089.9721      1642.8839      2096.8830       158.9163            -37.8828      -827.8670         0.0000      5303.7189      3030.2578          12456.8822       304.2792      9426.6244     12479.1430       297.3450

PRESSURE: 3800 0 0 0 0 0 0 0 0 0
GPRESSURE: 3800 0 0 0 0 0 0 0 0 0
PRESSAVG: 3800 0 0 0 0 0 0 0 0 0
GPRESSAVG: 3800 0 0 0 0 0 0 0 0 0
ENERGY:    3800      1102.4057      1699.0802      2078.4810       156.3233            -38.3507      -817.1020         0.0000      5288.1391      2966.2885          12435.2652       297.8558      9468.9766     12461.5839       299.4220

PRESSURE: 3900 0 0 0 0 0 0 0 0 0
GPRESSURE: 3900 0 0 0 0 0 0 0 0 0
PRESSAVG: 3900 0 0 0 0 0 0 0 0 0
GPRESSAVG: 3900 0 0 0 0 0 0 0 0 0
ENERGY:    3900      1108.2441      1681.1102      2085.4234       154.0728            -38.9363      -813.0098         0.0000      5288.0295      2982.8967          12447.8307       299.5235      9464.9340     12469.8247       300.6198

PRESSURE: 4000 0 0 0 0 0 0 0 0 0
GPRESSURE: 4000 0 0 0 0 0 0 0 0 0
PRESSAVG: 4000 0 0 0 0 0 0 0 0 0
GPRESSAVG: 4000 0 0 0 0 0 0 0 0 0
TIMING: 4000  CPU: 1.73898, 0.000418062/step  Wall: 1.75495, 0.000420664/step, 0.000116851 hours remaining, 831.500000 MB of memory in use.
ETITLE:      TS           BOND          ANGLE          DIHED          IMPRP               ELECT            VDW       BOUNDARY           MISC        KINETIC               TOTAL           TEMP      POTENTIAL         TOTAL3        TEMPAVG

ENERGY:    4000      1153.6521      1745.9504      2086.8408       157.0670            -38.6674      -844.8161         0.0000      5288.9999      2884.2732          12433.3000       289.6203      9549.0268     12454.8556       298.1770

WRITING EXTENDED SYSTEM TO RESTART FILE AT STEP 4000
WRITING COORDINATES TO DCD FILE adk-step1.dcd AT STEP 4000
WRITING COORDINATES TO RESTART FILE AT STEP 4000
FINISHED WRITING RESTART COORDINATES
The last position output (seq=4000) takes 0.002 seconds, 831.500 MB of memory in use
WRITING VELOCITIES TO RESTART FILE AT STEP 4000
FINISHED WRITING RESTART VELOCITIES
The last velocity output (seq=4000) takes 0.002 seconds, 831.500 MB of memory in use
PRESSURE: 4100 0 0 0 0 0 0 0 0 0
GPRESSURE: 4100 0 0 0 0 0 0 0 0 0
PRESSAVG: 4100 0 0 0 0 0 0 0 0 0
GPRESSAVG: 4100 0 0 0 0 0 0 0 0 0
ENERGY:    4100      1071.8632      1717.5315      2055.9121       137.6505            -39.4167      -841.7631         0.0000      5288.9242      2982.1811          12372.8829       299.4516      9390.7017     12396.6392       297.8232

PRESSURE: 4200 0 0 0 0 0 0 0 0 0
GPRESSURE: 4200 0 0 0 0 0 0 0 0 0
PRESSAVG: 4200 0 0 0 0 0 0 0 0 0
GPRESSAVG: 4200 0 0 0 0 0 0 0 0 0
ENERGY:    4200      1123.2671      1719.2985      2051.6143       155.5262            -39.3099      -813.2202         0.0000      5288.2155      2837.2389          12322.6303       284.8974      9485.3914     12345.9585       295.7378

LDB: ============= START OF LOAD BALANCING ============== 4.11628
LDB: ============== END OF LOAD BALANCING =============== 4.11637
Info: useSync: 0 useProxySync: 0
LDB: =============== DONE WITH MIGRATION ================ 4.11648
PRESSURE: 4300 0 0 0 0 0 0 0 0 0
GPRESSURE: 4300 0 0 0 0 0 0 0 0 0
PRESSAVG: 4300 0 0 0 0 0 0 0 0 0
GPRESSAVG: 4300 0 0 0 0 0 0 0 0 0
ENERGY:    4300      1082.4806      1692.1166      2060.5482       145.1130            -39.8419      -848.1866         0.0000      5288.5731      2927.1199          12307.9230       293.9227      9380.8031     12331.4242       292.0857

LDB: ============= START OF LOAD BALANCING ============== 4.15834
LDB: TIME 4.15861 LOAD: AVG 0.0134905 MAX 0.0261899  PROXIES: TOTAL 174 MAXPE 7 MAXPATCH 7 None MEM: 831.5 MB
LDB: TIME 4.15883 LOAD: AVG 0.0134905 MAX 0.0261899  PROXIES: TOTAL 174 MAXPE 7 MAXPATCH 7 RefineTorusLB MEM: 831.625 MB
LDB: TIME 4.15899 LOAD: AVG 0.0134905 MAX 0.0261899  PROXIES: TOTAL 174 MAXPE 7 MAXPATCH 7 RefineTorusLB MEM: 831.625 MB
LDB: Reverting to original mapping
LDB: ============== END OF LOAD BALANCING =============== 4.15927
Info: build node-aware spanning tree with send: 1, recv: 0 with branch factor 4
Info: useSync: 0 useProxySync: 0
LDB: =============== DONE WITH MIGRATION ================ 4.16002
PRESSURE: 4400 0 0 0 0 0 0 0 0 0
GPRESSURE: 4400 0 0 0 0 0 0 0 0 0
PRESSAVG: 4400 0 0 0 0 0 0 0 0 0
GPRESSAVG: 4400 0 0 0 0 0 0 0 0 0
ENERGY:    4400      1107.2713      1611.6933      2056.5003       146.6939            -40.1698      -820.3065         0.0000      5273.0884      2977.1173          12311.8882       298.9431      9334.7709     12336.5370       293.9891

PRESSURE: 4500 0 0 0 0 0 0 0 0 0
GPRESSURE: 4500 0 0 0 0 0 0 0 0 0
PRESSAVG: 4500 0 0 0 0 0 0 0 0 0
GPRESSAVG: 4500 0 0 0 0 0 0 0 0 0
ENERGY:    4500      1100.5224      1699.4428      2042.3399       144.3974            -40.9213      -834.3650         0.0000      5267.3935      2934.1400          12312.9497       294.6276      9378.8098     12336.2954       293.8372

PRESSURE: 4600 0 0 0 0 0 0 0 0 0
GPRESSURE: 4600 0 0 0 0 0 0 0 0 0
PRESSAVG: 4600 0 0 0 0 0 0 0 0 0
GPRESSAVG: 4600 0 0 0 0 0 0 0 0 0
ENERGY:    4600      1089.1151      1667.6263      2036.0694       143.2081            -40.9780      -808.4112         0.0000      5265.9643      2938.5901          12291.1841       295.0745      9352.5940     12316.4369       294.0648

PRESSURE: 4700 0 0 0 0 0 0 0 0 0
GPRESSURE: 4700 0 0 0 0 0 0 0 0 0
PRESSAVG: 4700 0 0 0 0 0 0 0 0 0
GPRESSAVG: 4700 0 0 0 0 0 0 0 0 0
ENERGY:    4700      1092.4367      1688.7328      2042.7869       140.9157            -40.1715      -826.8596         0.0000      5268.5207      2939.1890          12305.5506       295.1346      9366.3617     12328.6908       292.9280

PRESSURE: 4800 0 0 0 0 0 0 0 0 0
GPRESSURE: 4800 0 0 0 0 0 0 0 0 0
PRESSAVG: 4800 0 0 0 0 0 0 0 0 0
GPRESSAVG: 4800 0 0 0 0 0 0 0 0 0
ENERGY:    4800      1108.6515      1702.6366      2053.0842       160.1795            -39.8920      -803.9610         0.0000      5270.7464      2916.1148          12367.5600       292.8177      9451.4453     12389.1828       294.6146

PRESSURE: 4900 0 0 0 0 0 0 0 0 0
GPRESSURE: 4900 0 0 0 0 0 0 0 0 0
PRESSAVG: 4900 0 0 0 0 0 0 0 0 0
GPRESSAVG: 4900 0 0 0 0 0 0 0 0 0
ENERGY:    4900      1092.0203      1739.3093      2046.2412       151.1285            -39.5002      -820.2999         0.0000      5286.0524      2909.2635          12364.2149       292.1297      9454.9515     12386.8540       295.4761

PRESSURE: 5000 0 0 0 0 0 0 0 0 0
GPRESSURE: 5000 0 0 0 0 0 0 0 0 0
PRESSAVG: 5000 0 0 0 0 0 0 0 0 0
GPRESSAVG: 5000 0 0 0 0 0 0 0 0 0
TIMING: 5000  CPU: 2.16307, 0.000424085/step  Wall: 2.18525, 0.000430301/step, 0 hours remaining, 831.625000 MB of memory in use.
ETITLE:      TS           BOND          ANGLE          DIHED          IMPRP               ELECT            VDW       BOUNDARY           MISC        KINETIC               TOTAL           TEMP      POTENTIAL         TOTAL3        TEMPAVG

ENERGY:    5000      1070.5867      1723.4119      2055.5138       151.3637            -41.3979      -797.8135         0.0000      5279.9042      2932.7136          12374.2826       294.4844      9441.5690     12394.0072       296.4130

WRITING EXTENDED SYSTEM TO RESTART FILE AT STEP 5000
WRITING COORDINATES TO DCD FILE adk-step1.dcd AT STEP 5000
WRITING COORDINATES TO RESTART FILE AT STEP 5000
FINISHED WRITING RESTART COORDINATES
The last position output (seq=5000) takes 0.003 seconds, 832.375 MB of memory in use
WRITING VELOCITIES TO RESTART FILE AT STEP 5000
FINISHED WRITING RESTART VELOCITIES
The last velocity output (seq=5000) takes 0.002 seconds, 832.375 MB of memory in use
WRITING EXTENDED SYSTEM TO OUTPUT FILE AT STEP 5000
WRITING COORDINATES TO OUTPUT FILE AT STEP 5000
CLOSING COORDINATE DCD FILE adk-step1.dcd
The last position output (seq=-2) takes 0.004 seconds, 832.375 MB of memory in use
WRITING VELOCITIES TO OUTPUT FILE AT STEP 5000
====================================================

WallClock: 4.420166  CPUTime: 3.038820  Memory: 832.437500 MB
End of program
