2_16_cc.dat
/gpfs/alpine/bip115/scratch/hrlee/radical.pilot.sandbox/re.session.login1.hrlee.018632.0005/pilot.0000/staging_area/2_16_cc.dat
2, 16
Choosing optimized barrier algorithm name I0:HybridBinomial:SHMEM:P2P
Converse/Charm++ Commit ID: v6.10.2-0-g7bf00fa-namd-charm-6.10.2-build-2020-Aug-05-556
Warning> Randomization of virtual memory (ASLR) is turned on in the kernel, thread migration may not work! Run 'echo 0 > /proc/sys/kernel/randomize_va_space' as root to disable it, or try running with '+isomalloc_sync'.
CharmLB> Load balancer assumes all CPUs are same.
Charm++> Running on 1 hosts (1 sockets x 7 cores x 4 PUs = 28-way SMP)
Charm++> cpu topology info is gathered in 0.017 seconds.
Info: Built with CUDA version 10010
Did not find +devices i,j,k,... argument, using all
Pe 16 physical rank 16 will use CUDA device of pe 14
Pe 19 physical rank 19 will use CUDA device of pe 14
Pe 18 physical rank 18 will use CUDA device of pe 14
Pe 20 physical rank 20 will use CUDA device of pe 14
Pe 5 physical rank 5 will use CUDA device of pe 4
Pe 3 physical rank 3 will use CUDA device of pe 4
Pe 6 physical rank 6 will use CUDA device of pe 4
Pe 2 physical rank 2 will use CUDA device of pe 4
Pe 12 physical rank 12 will use CUDA device of pe 7
Pe 37 physical rank 37 will use CUDA device of pe 35
Pe 33 physical rank 33 will use CUDA device of pe 28
Pe 26 physical rank 26 will use CUDA device of pe 21
Pe 8 physical rank 8 will use CUDA device of pe 7
Pe 40 physical rank 40 will use CUDA device of pe 35
Pe 31 physical rank 31 will use CUDA device of pe 28
Pe 27 physical rank 27 will use CUDA device of pe 21
Pe 11 physical rank 11 will use CUDA device of pe 7
Pe 39 physical rank 39 will use CUDA device of pe 35
Pe 32 physical rank 32 will use CUDA device of pe 28
Pe 24 physical rank 24 will use CUDA device of pe 21
Pe 10 physical rank 10 will use CUDA device of pe 7
Pe 41 physical rank 41 will use CUDA device of pe 35
Pe 34 physical rank 34 will use CUDA device of pe 28
Pe 23 physical rank 23 will use CUDA device of pe 21
Pe 38 physical rank 38 will use CUDA device of pe 35
Pe 30 physical rank 30 will use CUDA device of pe 28
Pe 25 physical rank 25 will use CUDA device of pe 21
Pe 17 physical rank 17 will use CUDA device of pe 14
Pe 13 physical rank 13 will use CUDA device of pe 7
Pe 36 physical rank 36 will use CUDA device of pe 35
Pe 29 physical rank 29 will use CUDA device of pe 28
Pe 22 physical rank 22 will use CUDA device of pe 21
Pe 15 physical rank 15 will use CUDA device of pe 14
Pe 9 physical rank 9 will use CUDA device of pe 7
Pe 1 physical rank 1 will use CUDA device of pe 4
Pe 0 physical rank 0 will use CUDA device of pe 4
Pe 4 physical rank 4 binding to CUDA device 0 on h35n17: 'Tesla V100-SXM2-16GB'  Mem: 16128MB  Rev: 7.0  PCI: 4:4:0
Pe 7 physical rank 7 binding to CUDA device 0 on h35n17: 'Tesla V100-SXM2-16GB'  Mem: 16128MB  Rev: 7.0  PCI: 4:5:0
Pe 35 physical rank 35 binding to CUDA device 0 on h35n17: 'Tesla V100-SXM2-16GB'  Mem: 16128MB  Rev: 7.0  PCI: 35:5:0
Pe 28 physical rank 28 binding to CUDA device 0 on h35n17: 'Tesla V100-SXM2-16GB'  Mem: 16128MB  Rev: 7.0  PCI: 35:4:0
Pe 21 physical rank 21 binding to CUDA device 0 on h35n17: 'Tesla V100-SXM2-16GB'  Mem: 16128MB  Rev: 7.0  PCI: 35:3:0
Pe 14 physical rank 14 binding to CUDA device 0 on h35n17: 'Tesla V100-SXM2-16GB'  Mem: 16128MB  Rev: 7.0  PCI: 4:6:0
Info: NAMD 2.14 for Linux-POWER-pami-smp-Summit-CUDA
Info: 
Info: Please visit http://www.ks.uiuc.edu/Research/namd/
Info: for updates, documentation, and support information.
Info: 
Info: Please cite Phillips et al., J. Chem. Phys. 153:044130 (2020) doi:10.1063/5.0014475
Info: in all publications reporting results obtained with NAMD.
Info: 
Info: Based on Charm++/Converse 61002 for pami-linux-ppc64le-smp
Info: Built Wed Aug 5 14:28:51 EDT 2020 by jimp on login2
Info: 1 NAMD  2.14  Linux-POWER-pami-smp-Summit-CUDA  42    h35n17  hrlee
Info: Running on 42 processors, 6 nodes, 1 physical nodes.
Info: CPU topology information available.
Info: Charm++/Converse parallel runtime startup completed at 1.42461 s
CkLoopLib is used in SMP with simple dynamic scheduling (converse-level notification)
Info: 791.688 MB of memory in use based on /proc/self/stat
Info: Configuration file is adk-step1.namd
Info: Working in the current directory /gpfs/alpine/bip115/scratch/hrlee/radical.pilot.sandbox/re.session.login1.hrlee.018632.0005/pilot.0000/unit.001154
TCL: Suspending until startup complete.
Info: SIMULATION PARAMETERS:
Info: TIMESTEP               1
Info: NUMBER OF STEPS        0
Info: STEPS PER CYCLE        20
Info: LOAD BALANCER  Centralized
Info: LOAD BALANCING STRATEGY  New Load Balancers -- DEFAULT
Info: LDB PERIOD             4000 steps
Info: FIRST LDB TIMESTEP     100
Info: LAST LDB TIMESTEP     -1
Info: LDB BACKGROUND SCALING 1
Info: HOM BACKGROUND SCALING 1
Info: MIN ATOMS PER PATCH    40
Info: VELOCITY FILE          2_16_adk-step1.restart.vel
Info: CENTER OF MASS MOVING INITIALLY? NO
Info: DIELECTRIC             80
Info: EXCLUDE                SCALED ONE-FOUR
Info: 1-4 ELECTROSTATICS SCALED BY 1
Info: MODIFIED 1-4 VDW PARAMETERS WILL BE USED
Info: DCD FILENAME           adk-step1.dcd
Info: DCD FREQUENCY          1000
Info: DCD FIRST STEP         1000
Info: NO EXTENDED SYSTEM TRAJECTORY OUTPUT
Info: NO VELOCITY DCD OUTPUT
Info: NO FORCE DCD OUTPUT
Info: OUTPUT FILENAME        adk-step1
Info: BINARY OUTPUT FILES WILL BE USED
Info: RESTART FILENAME       adk-step1.restart
Info: RESTART FREQUENCY      1000
Info: BINARY RESTART FILES WILL BE USED
Info: SWITCHING ACTIVE
Info: SWITCHING ON           9
Info: SWITCHING OFF          10
Info: PAIRLIST DISTANCE      11
Info: PAIRLIST SHRINK RATE   0.01
Info: PAIRLIST GROW RATE     0.01
Info: PAIRLIST TRIGGER       0.3
Info: PAIRLISTS PER CYCLE    2
Info: PAIRLISTS ENABLED
Info: MARGIN                 0
Info: HYDROGEN GROUP CUTOFF  2.5
Info: PATCH DIMENSION        13.5
Info: ENERGY OUTPUT STEPS    100
Info: CROSSTERM ENERGY INCLUDED IN DIHEDRAL
Info: TIMING OUTPUT STEPS    1000
Info: PRESSURE OUTPUT STEPS  100
Info: GRID FORCE ACTIVE
Info:  Please include this reference in published work using
Info:  the Gridforce module of NAMD: David Wells, Volha Abramkina,
Info:  and Aleksei Aksimentiev, J. Chem. Phys. 127:125101-10 (2007).
Info: MGRIDFORCE key 0
Info:            Potfile 4ake-target_autopsf-grid.dx
Info:            Scale 0.3 0.3 0.3
Info:            File 1ake-docked-noh_autopsf-grid.pdb
Info:            Col O
Info:            ChargeCol B
Info:            VOffset 0 0 0
Info:            Continuous K1 FALSE
Info:            Continuous K2 FALSE
Info:            Continuous K3 FALSE
Info:            Volts FALSE
Info:            Gridforce-Lite FALSE
Info:            Gridforce-CheckSize TRUE
Info: LANGEVIN DYNAMICS ACTIVE
Info: LANGEVIN TEMPERATURE   300
Info: LANGEVIN USING BBK INTEGRATOR
Info: LANGEVIN DAMPING COEFFICIENT IS 5 INVERSE PS
Info: LANGEVIN DYNAMICS NOT APPLIED TO HYDROGENS
Info: USING VERLET I (r-RESPA) MTS SCHEME.
Info: C1 SPLITTING OF LONG RANGE ELECTROSTATICS
Info: PLACING ATOMS IN PATCHES BY HYDROGEN GROUPS
Info: RIGID BONDS TO HYDROGEN : WATER
Info:         ERROR TOLERANCE : 1e-08
Info:          MAX ITERATIONS : 100
Info: RIGID WATER USING SETTLE ALGORITHM
Info: NONBONDED FORCES EVALUATED EVERY 2 STEPS
Info: RANDOM NUMBER SEED     1609828620
Info: USE HYDROGEN BONDS?    NO
Info: COORDINATE PDB         1ake-docked-noh_autopsf.pdb
Info: STRUCTURE FILE         1ake-docked-noh_autopsf.psf
Info: PARAMETER file: CHARMM format! 
Info: PARAMETERS             par_all36_prot.prm
Info: USING ARITHMETIC MEAN TO COMBINE L-J SIGMA PARAMETERS
Info: BINARY COORDINATES     2_16_adk-step1.restart.coor
Info: SUMMARY OF PARAMETERS:
Info: 132 BONDS
Info: 362 ANGLES
Info: 702 DIHEDRAL
Info: 35 IMPROPER
Info: 6 CROSSTERM
Info: 53 VDW
Info: 0 VDW_PAIRS
Info: 0 NBTHOLE_PAIRS
Info: TIME FOR READING PSF FILE: 0.426996
Info: READING EXTRA BONDS FILE 1ake-extrabonds.txt
Info: READING EXTRA BONDS FILE 1ake-extrabonds-cispeptide.txt
Info: READING EXTRA BONDS FILE 1ake-extrabonds-chirality.txt
Info: READ 80 EXTRA BONDS
Info: READ 80 EXTRA ANGLES
Warning: EXTRA ANGLES ARE COSINE-BASED BY DEFAULT TO MATCH PREVIOUS VERSIONS
Warning: FOR NORMAL HARMONIC EXTRA ANGLES SET extraBondsCosAngles off
Info: READ 493 EXTRA DIHEDRALS
Info: READ 438 EXTRA IMPROPERS
Info: Reading pdb file 1ake-docked-noh_autopsf.pdb
Info: TIME FOR READING PDB FILE: 0.084596
Info: 
Info: ****************************
Info: STRUCTURE SUMMARY:
Info: 3341 ATOMS
Info: 3445 BONDS
Info: 6203 ANGLES
Info: 9414 DIHEDRALS
Info: 1005 IMPROPERS
Info: 212 CROSSTERMS
Info: 0 EXCLUSIONS
Info: 0 RIGID BONDS
Info: 1 GRIDS ACTIVE
Info: 10023 DEGREES OF FREEDOM
Info: 1656 HYDROGEN GROUPS
Info: 4 ATOMS IN LARGEST HYDROGEN GROUP
Info: 1656 MIGRATION GROUPS
Info: 4 ATOMS IN LARGEST MIGRATION GROUP
Info: TOTAL MASS = 23582 amu
Info: TOTAL CHARGE = -4 e
Info: *****************************
Info: Reading from binary file 2_16_adk-step1.restart.coor
Info: 
Info: Entering startup at 2.4737 s, 798.438 MB of memory in use
Info: Startup phase 0 took 0.000202888 s, 798.562 MB of memory in use
Info: ADDED 18308 IMPLICIT EXCLUSIONS
Info: Startup phase 1 took 0.00799262 s, 798.688 MB of memory in use
Info: NONBONDED TABLE R-SQUARED SPACING: 0.0625
Info: NONBONDED TABLE SIZE: 705 POINTS
Info: ABSOLUTE IMPRECISION IN FAST TABLE ENERGY: 3.38813e-21 AT 9.89634
Info: RELATIVE IMPRECISION IN FAST TABLE ENERGY: 4.23384e-15 AT 9.94673
Info: ABSOLUTE IMPRECISION IN FAST TABLE FORCE: 6.35275e-22 AT 9.94673
Info: RELATIVE IMPRECISION IN FAST TABLE FORCE: 5.07982e-16 AT 9.94673
Info: INCONSISTENCY IN FAST TABLE ENERGY VS FORCE: 0.000290185 AT 0.251946
Info: ABSOLUTE IMPRECISION IN VDWA TABLE ENERGY: 1.57772e-30 AT 9.89634
Info: RELATIVE IMPRECISION IN VDWA TABLE ENERGY: 4.54938e-15 AT 9.94673
Info: ABSOLUTE IMPRECISION IN VDWA TABLE FORCE: 5.91646e-31 AT 9.94673
Info: RELATIVE IMPRECISION IN VDWA TABLE FORCE: 5.6823e-16 AT 9.94673
Info: INCONSISTENCY IN VDWA TABLE ENERGY VS FORCE: 0.0040507 AT 0.251946
Info: ABSOLUTE IMPRECISION IN VDWB TABLE ENERGY: 4.71751e-25 AT 9.94673
Info: RELATIVE IMPRECISION IN VDWB TABLE ENERGY: 1.45371e-14 AT 9.94673
Info: ABSOLUTE IMPRECISION IN VDWB TABLE FORCE: 6.20385e-25 AT 9.94673
Info: RELATIVE IMPRECISION IN VDWB TABLE FORCE: 5.97512e-16 AT 9.94673
Info: INCONSISTENCY IN VDWB TABLE ENERGY VS FORCE: 0.00377068 AT 9.07951
Info: Startup phase 2 took 0.000477345 s, 800 MB of memory in use
Info: Startup phase 3 took 0.000159587 s, 800.375 MB of memory in use
Info: Startup phase 4 took 0.000224606 s, 800.5 MB of memory in use
Info: Startup phase 5 took 0.000152613 s, 800.5 MB of memory in use
Info: ORIGINAL ATOMS MINMAX IS -21.8941 -33.2462 -34.6181  17.0713 14.245 17.1157
Info: ADJUSTED ATOMS MINMAX IS -17.2052 -27.3039 -30.0508  11.8683 7.57781 7.67429
Info: PATCH GRID IS 5 BY 3 BY 3
Info: PATCH GRID IS 2-AWAY BY 1-AWAY BY 1-AWAY
Info: Reading from binary file 2_16_adk-step1.restart.vel
Info: REMOVING COM VELOCITY 0.0846531 -0.0360199 -0.00581999
Info: LARGEST PATCH (37) HAS 146 ATOMS
Info: TORUS A SIZE 1 USING 0
Info: TORUS B SIZE 1 USING 0
Info: TORUS C SIZE 1 USING 0
Info: TORUS MINIMAL MESH SIZE IS 1 BY 1 BY 1
Info: Placed 100% of base nodes on same physical node as patch
Info: Startup phase 6 took 0.00770364 s, 800.625 MB of memory in use
Info: Startup phase 7 took 0.000151607 s, 801.562 MB of memory in use
Info: Updated CUDA force table with 4096 elements.
Info: Updated CUDA force table with 4096 elements.
Info: Updated CUDA LJ table with 53 x 53 elements.
Info: Updated CUDA force table with 4096 elements.
Info: Updated CUDA LJ table with 53 x 53 elements.
Info: Updated CUDA force table with 4096 elements.
Info: Updated CUDA LJ table with 53 x 53 elements.
Info: Updated CUDA LJ table with 53 x 53 elements.
Info: Updated CUDA force table with 4096 elements.
Info: Updated CUDA force table with 4096 elements.
Info: Updated CUDA LJ table with 53 x 53 elements.
Info: Updated CUDA LJ table with 53 x 53 elements.
Info: Startup phase 8 took 0.00310215 s, 801.688 MB of memory in use
Info: Startup phase 9 took 0.000332473 s, 801.75 MB of memory in use
Info: Startup phase 10 took 0.000155365 s, 801.812 MB of memory in use
Info: Startup phase 11 took 0.000697998 s, 801.938 MB of memory in use
LDB: Central LB being created...
Info: Startup phase 12 took 0.00226376 s, 802.625 MB of memory in use
Info: CREATING 1139 COMPUTE OBJECTS
Info: Found 278 unique exclusion lists needing 900 bytes
Info: Found 278 unique exclusion lists needing 900 bytes
Info: Found 278 unique exclusion lists needing 900 bytes
Info: Found 278 unique exclusion lists needing 900 bytes
Info: Found 278 unique exclusion lists needing 900 bytes
Info: Found 278 unique exclusion lists needing 900 bytes
Info: Startup phase 13 took 0.0165564 s, 803.688 MB of memory in use
Info: Building spanning tree ... send: 1 recv: 0 with branch factor 4
Info: useSync: 0 useProxySync: 0
Info: Startup phase 14 took 0.000213655 s, 803.75 MB of memory in use
Info: Startup phase 15 took 0.000185705 s, 803.938 MB of memory in use
Info: Finished startup at 2.51428 s, 804 MB of memory in use

TCL: Running for 5000 steps
PRESSURE: 0 0 0 0 0 0 0 0 0 0
GPRESSURE: 0 0 0 0 0 0 0 0 0 0
ETITLE:      TS           BOND          ANGLE          DIHED          IMPRP               ELECT            VDW       BOUNDARY           MISC        KINETIC               TOTAL           TEMP      POTENTIAL         TOTAL3        TEMPAVG

ENERGY:       0      1109.4326      1674.0132      2069.8588       166.4856            -41.4789      -816.7829         0.0000      5284.7454      2991.3243          12437.5980       300.3697      9446.2738     12461.2145       300.3697

LDB: ============= START OF LOAD BALANCING ============== 2.52609
LDB: ============== END OF LOAD BALANCING =============== 2.52614
LDB: =============== DONE WITH MIGRATION ================ 2.52622
Info: useSync: 0 useProxySync: 0
LDB: ============= START OF LOAD BALANCING ============== 2.56564
LDB: Partitioning computes with target load 0.000000
LDB: Increased migratable compute count from 0 to 0
LDB: Largest unpartitionable compute is 0.000000
LDB: ============== END OF LOAD BALANCING =============== 2.56588
Info: build node-aware spanning tree with send: 1, recv: 0 with branch factor 4
Info: useSync: 0 useProxySync: 0
LDB: =============== DONE WITH MIGRATION ================ 2.56656
PRESSURE: 100 0 0 0 0 0 0 0 0 0
GPRESSURE: 100 0 0 0 0 0 0 0 0 0
PRESSAVG: 100 0 0 0 0 0 0 0 0 0
GPRESSAVG: 100 0 0 0 0 0 0 0 0 0
Info: Initial time: 42 CPUs 0.000493917 s/step 0.00571664 days/ns 823.625 MB memory
ENERGY:     100      1099.3280      1656.8031      2061.8959       151.6479            -41.3696      -795.5693         0.0000      5272.4897      3005.6054          12410.8312       301.8037      9405.2258     12434.1957       298.2314

LDB: ============= START OF LOAD BALANCING ============== 2.57662
LDB: ============== END OF LOAD BALANCING =============== 2.57665
Info: useSync: 0 useProxySync: 0
LDB: =============== DONE WITH MIGRATION ================ 2.57672
LDB: ============= START OF LOAD BALANCING ============== 2.61637
LDB: TIME 2.61656 LOAD: AVG 0.0114919 MAX 0.0254605  PROXIES: TOTAL 171 MAXPE 7 MAXPATCH 7 None MEM: 824 MB
LDB: TIME 2.61671 LOAD: AVG 0.0114919 MAX 0.0254605  PROXIES: TOTAL 171 MAXPE 7 MAXPATCH 7 TorusLB MEM: 824.188 MB
LDB: ============== END OF LOAD BALANCING =============== 2.61689
Info: build node-aware spanning tree with send: 1, recv: 0 with branch factor 4
Info: useSync: 0 useProxySync: 0
LDB: =============== DONE WITH MIGRATION ================ 2.6175
PRESSURE: 200 0 0 0 0 0 0 0 0 0
GPRESSURE: 200 0 0 0 0 0 0 0 0 0
PRESSAVG: 200 0 0 0 0 0 0 0 0 0
GPRESSAVG: 200 0 0 0 0 0 0 0 0 0
Info: Initial time: 42 CPUs 0.000495196 s/step 0.00573144 days/ns 824.188 MB memory
ENERGY:     200      1091.6297      1708.0387      2063.0992       143.2297            -41.5285      -833.2693         0.0000      5269.5444      2989.3261          12390.0700       300.1691      9400.7439     12416.1925       297.2236

LDB: ============= START OF LOAD BALANCING ============== 2.67591
LDB: TIME 2.67608 LOAD: AVG 0.0145882 MAX 0.0359037  PROXIES: TOTAL 171 MAXPE 7 MAXPATCH 7 None MEM: 825.062 MB
LDB: TIME 2.67622 LOAD: AVG 0.0145882 MAX 0.0359037  PROXIES: TOTAL 171 MAXPE 7 MAXPATCH 7 RefineTorusLB MEM: 825.062 MB
LDB: TIME 2.67632 LOAD: AVG 0.0145882 MAX 0.0359037  PROXIES: TOTAL 171 MAXPE 7 MAXPATCH 7 RefineTorusLB MEM: 825.062 MB
LDB: Reverting to original mapping
LDB: ============== END OF LOAD BALANCING =============== 2.6765
Info: build node-aware spanning tree with send: 1, recv: 0 with branch factor 4
Info: useSync: 0 useProxySync: 0
LDB: =============== DONE WITH MIGRATION ================ 2.67712
PRESSURE: 300 0 0 0 0 0 0 0 0 0
GPRESSURE: 300 0 0 0 0 0 0 0 0 0
PRESSAVG: 300 0 0 0 0 0 0 0 0 0
GPRESSAVG: 300 0 0 0 0 0 0 0 0 0
Info: Initial time: 42 CPUs 0.000582302 s/step 0.0067396 days/ns 825.062 MB memory
ENERGY:     300      1096.7812      1705.6980      2075.2817       146.9767            -42.0681      -795.7575         0.0000      5274.5163      2950.3424          12411.7707       296.2546      9461.4283     12433.4954       297.7443

LDB: ============= START OF LOAD BALANCING ============== 2.7263
LDB: TIME 2.72647 LOAD: AVG 0.0143368 MAX 0.0320505  PROXIES: TOTAL 171 MAXPE 7 MAXPATCH 7 None MEM: 825.75 MB
LDB: TIME 2.7266 LOAD: AVG 0.0143368 MAX 0.0320505  PROXIES: TOTAL 171 MAXPE 7 MAXPATCH 7 RefineTorusLB MEM: 825.812 MB
LDB: TIME 2.7267 LOAD: AVG 0.0143368 MAX 0.0320505  PROXIES: TOTAL 171 MAXPE 7 MAXPATCH 7 RefineTorusLB MEM: 825.812 MB
LDB: ============== END OF LOAD BALANCING =============== 2.72688
Info: build node-aware spanning tree with send: 1, recv: 0 with branch factor 4
Info: useSync: 0 useProxySync: 0
LDB: =============== DONE WITH MIGRATION ================ 2.72749
PRESSURE: 400 0 0 0 0 0 0 0 0 0
GPRESSURE: 400 0 0 0 0 0 0 0 0 0
PRESSAVG: 400 0 0 0 0 0 0 0 0 0
GPRESSAVG: 400 0 0 0 0 0 0 0 0 0
Info: Benchmark time: 42 CPUs 0.0004917 s/step 0.00569097 days/ns 825.812 MB memory
ENERGY:     400      1057.4006      1688.0031      2087.4678       156.8978            -41.9571      -817.4180         0.0000      5282.9133      2954.1325          12367.4400       296.6352      9413.3075     12393.8209       297.2092

PRESSURE: 500 0 0 0 0 0 0 0 0 0
GPRESSURE: 500 0 0 0 0 0 0 0 0 0
PRESSAVG: 500 0 0 0 0 0 0 0 0 0
GPRESSAVG: 500 0 0 0 0 0 0 0 0 0
Info: Benchmark time: 42 CPUs 0.000489373 s/step 0.00566403 days/ns 826.562 MB memory
ENERGY:     500      1064.1631      1650.7566      2049.2258       161.3531            -42.1452      -794.9021         0.0000      5276.4939      2983.6764          12348.6216       299.6018      9364.9452     12373.4073       295.7028

PRESSURE: 600 0 0 0 0 0 0 0 0 0
GPRESSURE: 600 0 0 0 0 0 0 0 0 0
PRESSAVG: 600 0 0 0 0 0 0 0 0 0
GPRESSAVG: 600 0 0 0 0 0 0 0 0 0
Info: Benchmark time: 42 CPUs 0.000488476 s/step 0.00565366 days/ns 826.562 MB memory
ENERGY:     600      1113.3760      1661.0277      2064.3705       153.8299            -42.2057      -803.7210         0.0000      5273.6526      2970.5709          12390.9007       298.2858      9420.3298     12414.2639       295.8998

PRESSURE: 700 0 0 0 0 0 0 0 0 0
GPRESSURE: 700 0 0 0 0 0 0 0 0 0
PRESSAVG: 700 0 0 0 0 0 0 0 0 0
GPRESSAVG: 700 0 0 0 0 0 0 0 0 0
Info: Benchmark time: 42 CPUs 0.000487975 s/step 0.00564786 days/ns 826.562 MB memory
ENERGY:     700      1113.4466      1695.1801      2086.5575       153.7999            -41.8222      -837.2951         0.0000      5259.3160      2971.6429          12400.8256       298.3934      9429.1827     12423.2124       297.5783

PRESSURE: 800 0 0 0 0 0 0 0 0 0
GPRESSURE: 800 0 0 0 0 0 0 0 0 0
PRESSAVG: 800 0 0 0 0 0 0 0 0 0
GPRESSAVG: 800 0 0 0 0 0 0 0 0 0
Info: Benchmark time: 42 CPUs 0.000511552 s/step 0.00592073 days/ns 826.562 MB memory
ENERGY:     800      1112.3797      1737.0364      2073.7805       148.7016            -41.7914      -798.8462         0.0000      5266.2179      2913.0543          12410.5328       292.5103      9497.4785     12434.5704       295.9973

PRESSURE: 900 0 0 0 0 0 0 0 0 0
GPRESSURE: 900 0 0 0 0 0 0 0 0 0
PRESSAVG: 900 0 0 0 0 0 0 0 0 0
GPRESSAVG: 900 0 0 0 0 0 0 0 0 0
Info: Benchmark time: 42 CPUs 0.00059608 s/step 0.00689907 days/ns 826.562 MB memory
ENERGY:     900      1091.8380      1699.8902      2072.9912       147.9456            -41.4071      -830.5847         0.0000      5293.5617      2970.9493          12405.1842       298.3238      9434.2349     12432.7662       299.2437

PRESSURE: 1000 0 0 0 0 0 0 0 0 0
GPRESSURE: 1000 0 0 0 0 0 0 0 0 0
PRESSAVG: 1000 0 0 0 0 0 0 0 0 0
GPRESSAVG: 1000 0 0 0 0 0 0 0 0 0
TIMING: 1000  CPU: 0.545265, 0.000527866/step  Wall: 0.549898, 0.000529817/step, 0.000588686 hours remaining, 826.562500 MB of memory in use.
ETITLE:      TS           BOND          ANGLE          DIHED          IMPRP               ELECT            VDW       BOUNDARY           MISC        KINETIC               TOTAL           TEMP      POTENTIAL         TOTAL3        TEMPAVG

ENERGY:    1000      1145.2315      1722.9626      2056.0916       156.5774            -40.2957      -812.7979         0.0000      5287.5652      2920.0324          12435.3670       293.2110      9515.3346     12460.7340       298.5729

WRITING EXTENDED SYSTEM TO RESTART FILE AT STEP 1000
WRITING VELOCITIES TO RESTART FILE AT STEP 1000
FINISHED WRITING RESTART VELOCITIES
The last velocity output (seq=1000) takes 0.002 seconds, 826.688 MB of memory in use
OPENING COORDINATE DCD FILE
WRITING COORDINATES TO DCD FILE adk-step1.dcd AT STEP 1000
WRITING COORDINATES TO RESTART FILE AT STEP 1000
FINISHED WRITING RESTART COORDINATES
The last position output (seq=1000) takes 0.005 seconds, 826.688 MB of memory in use
PRESSURE: 1100 0 0 0 0 0 0 0 0 0
GPRESSURE: 1100 0 0 0 0 0 0 0 0 0
PRESSAVG: 1100 0 0 0 0 0 0 0 0 0
GPRESSAVG: 1100 0 0 0 0 0 0 0 0 0
ENERGY:    1100      1139.4681      1686.8523      2030.5490       155.0855            -39.1022      -818.7177         0.0000      5290.3620      2939.2092          12383.7062       295.1367      9444.4970     12403.6205       298.9670

PRESSURE: 1200 0 0 0 0 0 0 0 0 0
GPRESSURE: 1200 0 0 0 0 0 0 0 0 0
PRESSAVG: 1200 0 0 0 0 0 0 0 0 0
GPRESSAVG: 1200 0 0 0 0 0 0 0 0 0
ENERGY:    1200      1102.7063      1680.8835      2047.9995       156.4604            -40.6390      -782.2659         0.0000      5280.9984      2907.5693          12353.7125       291.9596      9446.1432     12381.3269       295.4949

PRESSURE: 1300 0 0 0 0 0 0 0 0 0
GPRESSURE: 1300 0 0 0 0 0 0 0 0 0
PRESSAVG: 1300 0 0 0 0 0 0 0 0 0
GPRESSAVG: 1300 0 0 0 0 0 0 0 0 0
ENERGY:    1300      1097.1130      1686.3772      2033.1156       158.9941            -39.7011      -837.5381         0.0000      5283.9891      2967.3648          12349.7147       297.9639      9382.3499     12376.1833       296.3463

PRESSURE: 1400 0 0 0 0 0 0 0 0 0
GPRESSURE: 1400 0 0 0 0 0 0 0 0 0
PRESSAVG: 1400 0 0 0 0 0 0 0 0 0
GPRESSAVG: 1400 0 0 0 0 0 0 0 0 0
ENERGY:    1400      1120.1946      1685.3537      2044.9877       136.1783            -39.5691      -818.8347         0.0000      5287.2882      2958.6642          12374.2628       297.0902      9415.5986     12399.8575       295.1068

PRESSURE: 1500 0 0 0 0 0 0 0 0 0
GPRESSURE: 1500 0 0 0 0 0 0 0 0 0
PRESSAVG: 1500 0 0 0 0 0 0 0 0 0
GPRESSAVG: 1500 0 0 0 0 0 0 0 0 0
ENERGY:    1500      1069.7091      1719.2759      2025.6180       151.1622            -40.5528      -821.3653         0.0000      5278.9638      3012.7827          12395.5933       302.5244      9382.8107     12419.8185       295.8745

PRESSURE: 1600 0 0 0 0 0 0 0 0 0
GPRESSURE: 1600 0 0 0 0 0 0 0 0 0
PRESSAVG: 1600 0 0 0 0 0 0 0 0 0
GPRESSAVG: 1600 0 0 0 0 0 0 0 0 0
ENERGY:    1600      1116.0573      1687.1264      2088.4802       148.5502            -40.6194      -813.3475         0.0000      5269.8964      2949.6214          12405.7650       296.1822      9456.1436     12425.9431       298.2289

PRESSURE: 1700 0 0 0 0 0 0 0 0 0
GPRESSURE: 1700 0 0 0 0 0 0 0 0 0
PRESSAVG: 1700 0 0 0 0 0 0 0 0 0
GPRESSAVG: 1700 0 0 0 0 0 0 0 0 0
ENERGY:    1700      1112.2592      1663.7439      2061.0319       163.8064            -40.5416      -794.8269         0.0000      5273.3823      3027.4652          12466.3203       303.9988      9438.8551     12489.7474       299.4967

PRESSURE: 1800 0 0 0 0 0 0 0 0 0
GPRESSURE: 1800 0 0 0 0 0 0 0 0 0
PRESSAVG: 1800 0 0 0 0 0 0 0 0 0
GPRESSAVG: 1800 0 0 0 0 0 0 0 0 0
ENERGY:    1800      1126.8337      1692.2995      2075.5520       147.7507            -39.9762      -814.6700         0.0000      5281.0654      3007.6637          12476.5188       302.0104      9468.8551     12502.3189       301.1819

PRESSURE: 1900 0 0 0 0 0 0 0 0 0
GPRESSURE: 1900 0 0 0 0 0 0 0 0 0
PRESSAVG: 1900 0 0 0 0 0 0 0 0 0
GPRESSAVG: 1900 0 0 0 0 0 0 0 0 0
ENERGY:    1900      1094.1246      1715.2981      2052.3617       162.2392            -40.6758      -823.5294         0.0000      5285.0662      2999.7119          12444.5965       301.2119      9444.8846     12467.6112       301.4035

PRESSURE: 2000 0 0 0 0 0 0 0 0 0
GPRESSURE: 2000 0 0 0 0 0 0 0 0 0
PRESSAVG: 2000 0 0 0 0 0 0 0 0 0
GPRESSAVG: 2000 0 0 0 0 0 0 0 0 0
TIMING: 2000  CPU: 1.03771, 0.000492445/step  Wall: 1.05363, 0.00050373/step, 0.000419775 hours remaining, 826.750000 MB of memory in use.
ETITLE:      TS           BOND          ANGLE          DIHED          IMPRP               ELECT            VDW       BOUNDARY           MISC        KINETIC               TOTAL           TEMP      POTENTIAL         TOTAL3        TEMPAVG

ENERGY:    2000      1113.9775      1685.3684      2051.9492       165.1853            -41.3830      -797.8701         0.0000      5281.6551      2939.2242          12398.1064       295.1382      9458.8822     12423.0884       297.6461

WRITING EXTENDED SYSTEM TO RESTART FILE AT STEP 2000
WRITING COORDINATES TO DCD FILE adk-step1.dcd AT STEP 2000
WRITING COORDINATES TO RESTART FILE AT STEP 2000
FINISHED WRITING RESTART COORDINATES
The last position output (seq=2000) takes 0.002 seconds, 826.750 MB of memory in use
WRITING VELOCITIES TO RESTART FILE AT STEP 2000
FINISHED WRITING RESTART VELOCITIES
The last velocity output (seq=2000) takes 0.002 seconds, 826.750 MB of memory in use
PRESSURE: 2100 0 0 0 0 0 0 0 0 0
GPRESSURE: 2100 0 0 0 0 0 0 0 0 0
PRESSAVG: 2100 0 0 0 0 0 0 0 0 0
GPRESSAVG: 2100 0 0 0 0 0 0 0 0 0
ENERGY:    2100      1051.3157      1737.0367      2106.0314       164.9358            -40.5486      -807.0441         0.0000      5281.5535      2926.0778          12419.3583       293.8181      9493.2805     12440.6479       296.5659

PRESSURE: 2200 0 0 0 0 0 0 0 0 0
GPRESSURE: 2200 0 0 0 0 0 0 0 0 0
PRESSAVG: 2200 0 0 0 0 0 0 0 0 0
GPRESSAVG: 2200 0 0 0 0 0 0 0 0 0
ENERGY:    2200      1095.1031      1699.4112      2071.7842       173.9159            -41.0871      -809.8618         0.0000      5272.7156      2996.3768          12458.3579       300.8771      9461.9811     12485.7130       298.3292

PRESSURE: 2300 0 0 0 0 0 0 0 0 0
GPRESSURE: 2300 0 0 0 0 0 0 0 0 0
PRESSAVG: 2300 0 0 0 0 0 0 0 0 0
GPRESSAVG: 2300 0 0 0 0 0 0 0 0 0
ENERGY:    2300      1043.7930      1700.7744      2070.7226       151.2178            -41.1610      -827.0314         0.0000      5275.2561      3065.4257          12438.9972       307.8105      9373.5715     12466.9595       300.2644

PRESSURE: 2400 0 0 0 0 0 0 0 0 0
GPRESSURE: 2400 0 0 0 0 0 0 0 0 0
PRESSAVG: 2400 0 0 0 0 0 0 0 0 0
GPRESSAVG: 2400 0 0 0 0 0 0 0 0 0
ENERGY:    2400      1140.8284      1720.3519      2057.4929       156.4933            -40.9181      -835.4468         0.0000      5280.3064      2969.6366          12448.7446       298.1920      9479.1080     12474.5822       299.6187

PRESSURE: 2500 0 0 0 0 0 0 0 0 0
GPRESSURE: 2500 0 0 0 0 0 0 0 0 0
PRESSAVG: 2500 0 0 0 0 0 0 0 0 0
GPRESSAVG: 2500 0 0 0 0 0 0 0 0 0
ENERGY:    2500      1141.6473      1719.0613      2081.8332       154.2744            -41.6347      -772.7642         0.0000      5274.3026      2879.4999          12436.2196       289.1410      9556.7197     12456.6651       300.8177

PRESSURE: 2600 0 0 0 0 0 0 0 0 0
GPRESSURE: 2600 0 0 0 0 0 0 0 0 0
PRESSAVG: 2600 0 0 0 0 0 0 0 0 0
GPRESSAVG: 2600 0 0 0 0 0 0 0 0 0
ENERGY:    2600      1115.2035      1693.6715      2078.6465       134.8998            -40.9200      -813.6180         0.0000      5274.4638      2938.3487          12380.6958       295.0502      9442.3471     12403.4317       299.0274

PRESSURE: 2700 0 0 0 0 0 0 0 0 0
GPRESSURE: 2700 0 0 0 0 0 0 0 0 0
PRESSAVG: 2700 0 0 0 0 0 0 0 0 0
GPRESSAVG: 2700 0 0 0 0 0 0 0 0 0
ENERGY:    2700      1104.2251      1728.2855      2049.0630       159.5608            -40.2689      -803.7178         0.0000      5269.9951      2969.9560          12437.0989       298.2241      9467.1429     12457.7837       298.3193

PRESSURE: 2800 0 0 0 0 0 0 0 0 0
GPRESSURE: 2800 0 0 0 0 0 0 0 0 0
PRESSAVG: 2800 0 0 0 0 0 0 0 0 0
GPRESSAVG: 2800 0 0 0 0 0 0 0 0 0
ENERGY:    2800      1071.5532      1745.2845      2036.1654       172.5173            -40.1016      -836.2523         0.0000      5273.4151      2993.7781          12416.3597       300.6161      9422.5816     12440.1704       299.9477

PRESSURE: 2900 0 0 0 0 0 0 0 0 0
GPRESSURE: 2900 0 0 0 0 0 0 0 0 0
PRESSAVG: 2900 0 0 0 0 0 0 0 0 0
GPRESSAVG: 2900 0 0 0 0 0 0 0 0 0
ENERGY:    2900      1073.3127      1700.8905      2069.3186       161.4199            -40.7716      -774.8488         0.0000      5271.2062      2994.7422          12455.2697       300.7129      9460.5274     12480.6598       300.4502

PRESSURE: 3000 0 0 0 0 0 0 0 0 0
GPRESSURE: 3000 0 0 0 0 0 0 0 0 0
PRESSAVG: 3000 0 0 0 0 0 0 0 0 0
GPRESSAVG: 3000 0 0 0 0 0 0 0 0 0
TIMING: 3000  CPU: 1.53893, 0.000501221/step  Wall: 1.55206, 0.000498428/step, 0.000276904 hours remaining, 826.750000 MB of memory in use.
ETITLE:      TS           BOND          ANGLE          DIHED          IMPRP               ELECT            VDW       BOUNDARY           MISC        KINETIC               TOTAL           TEMP      POTENTIAL         TOTAL3        TEMPAVG

ENERGY:    3000      1100.3184      1678.4686      2070.7820       155.5267            -40.1719      -773.0122         0.0000      5273.5217      2984.0189          12449.4523       299.6362      9465.4333     12474.6987       298.7878

WRITING EXTENDED SYSTEM TO RESTART FILE AT STEP 3000
WRITING COORDINATES TO DCD FILE adk-step1.dcd AT STEP 3000
WRITING COORDINATES TO RESTART FILE AT STEP 3000
FINISHED WRITING RESTART COORDINATES
The last position output (seq=3000) takes 0.005 seconds, 826.750 MB of memory in use
WRITING VELOCITIES TO RESTART FILE AT STEP 3000
FINISHED WRITING RESTART VELOCITIES
The last velocity output (seq=3000) takes 0.002 seconds, 826.750 MB of memory in use
PRESSURE: 3100 0 0 0 0 0 0 0 0 0
GPRESSURE: 3100 0 0 0 0 0 0 0 0 0
PRESSAVG: 3100 0 0 0 0 0 0 0 0 0
GPRESSAVG: 3100 0 0 0 0 0 0 0 0 0
ENERGY:    3100      1097.8467      1721.6154      2041.8287       150.9354            -40.0833      -826.2339         0.0000      5269.8957      2934.0043          12349.8090       294.6140      9415.8048     12372.0600       297.6689

PRESSURE: 3200 0 0 0 0 0 0 0 0 0
GPRESSURE: 3200 0 0 0 0 0 0 0 0 0
PRESSAVG: 3200 0 0 0 0 0 0 0 0 0
GPRESSAVG: 3200 0 0 0 0 0 0 0 0 0
ENERGY:    3200      1142.4456      1705.9688      2058.6955       151.6969            -40.4256      -804.0790         0.0000      5274.2300      2891.3086          12379.8407       290.3268      9488.5321     12403.9961       296.1978

PRESSURE: 3300 0 0 0 0 0 0 0 0 0
GPRESSURE: 3300 0 0 0 0 0 0 0 0 0
PRESSAVG: 3300 0 0 0 0 0 0 0 0 0
GPRESSAVG: 3300 0 0 0 0 0 0 0 0 0
ENERGY:    3300      1134.0602      1670.8168      2053.5757       167.7720            -39.5067      -830.8332         0.0000      5266.5582      2974.7488          12397.1919       298.7053      9422.4431     12424.2947       296.1354

PRESSURE: 3400 0 0 0 0 0 0 0 0 0
GPRESSURE: 3400 0 0 0 0 0 0 0 0 0
PRESSAVG: 3400 0 0 0 0 0 0 0 0 0
GPRESSAVG: 3400 0 0 0 0 0 0 0 0 0
ENERGY:    3400      1104.1277      1696.5484      2064.5702       150.5397            -40.3602      -822.1067         0.0000      5260.3491      2964.5429          12378.2110       297.6805      9413.6680     12401.3913       296.9340

PRESSURE: 3500 0 0 0 0 0 0 0 0 0
GPRESSURE: 3500 0 0 0 0 0 0 0 0 0
PRESSAVG: 3500 0 0 0 0 0 0 0 0 0
GPRESSAVG: 3500 0 0 0 0 0 0 0 0 0
ENERGY:    3500      1070.1276      1694.3119      2078.0499       151.7923            -40.8224      -783.3857         0.0000      5246.0372      3004.0216          12420.1324       301.6447      9416.1108     12445.0382       298.7642

PRESSURE: 3600 0 0 0 0 0 0 0 0 0
GPRESSURE: 3600 0 0 0 0 0 0 0 0 0
PRESSAVG: 3600 0 0 0 0 0 0 0 0 0
GPRESSAVG: 3600 0 0 0 0 0 0 0 0 0
ENERGY:    3600      1103.0679      1675.2463      2073.7152       155.3213            -40.5211      -815.3284         0.0000      5263.6246      2970.0080          12385.1338       298.2293      9415.1258     12413.0720       298.3164

PRESSURE: 3700 0 0 0 0 0 0 0 0 0
GPRESSURE: 3700 0 0 0 0 0 0 0 0 0
PRESSAVG: 3700 0 0 0 0 0 0 0 0 0
GPRESSAVG: 3700 0 0 0 0 0 0 0 0 0
ENERGY:    3700      1078.4468      1716.2877      2088.5153       150.3466            -39.9855      -807.3763         0.0000      5258.9316      2948.2105          12393.3767       296.0405      9445.1662     12416.2606       296.4085

PRESSURE: 3800 0 0 0 0 0 0 0 0 0
GPRESSURE: 3800 0 0 0 0 0 0 0 0 0
PRESSAVG: 3800 0 0 0 0 0 0 0 0 0
GPRESSAVG: 3800 0 0 0 0 0 0 0 0 0
ENERGY:    3800      1117.8146      1677.8774      2073.0692       160.6498            -39.7914      -802.2998         0.0000      5259.9664      3000.4352          12447.7214       301.2846      9447.2862     12472.5301       299.6489

PRESSURE: 3900 0 0 0 0 0 0 0 0 0
GPRESSURE: 3900 0 0 0 0 0 0 0 0 0
PRESSAVG: 3900 0 0 0 0 0 0 0 0 0
GPRESSAVG: 3900 0 0 0 0 0 0 0 0 0
ENERGY:    3900      1108.8142      1731.1544      2067.7337       138.0293            -39.9503      -810.7509         0.0000      5254.5557      3039.3495          12488.9355       305.1921      9449.5860     12511.2036       300.7602

PRESSURE: 4000 0 0 0 0 0 0 0 0 0
GPRESSURE: 4000 0 0 0 0 0 0 0 0 0
PRESSAVG: 4000 0 0 0 0 0 0 0 0 0
GPRESSAVG: 4000 0 0 0 0 0 0 0 0 0
TIMING: 4000  CPU: 2.01104, 0.00047211/step  Wall: 2.03498, 0.00048292/step, 0.000134144 hours remaining, 826.750000 MB of memory in use.
ETITLE:      TS           BOND          ANGLE          DIHED          IMPRP               ELECT            VDW       BOUNDARY           MISC        KINETIC               TOTAL           TEMP      POTENTIAL         TOTAL3        TEMPAVG

ENERGY:    4000      1118.2797      1749.2229      2069.3500       147.6451            -41.0251      -821.3129         0.0000      5257.9714      2975.3295          12455.4607       298.7636      9480.1311     12481.4826       302.4471

WRITING EXTENDED SYSTEM TO RESTART FILE AT STEP 4000
WRITING COORDINATES TO DCD FILE adk-step1.dcd AT STEP 4000
WRITING COORDINATES TO RESTART FILE AT STEP 4000
FINISHED WRITING RESTART COORDINATES
The last position output (seq=4000) takes 0.002 seconds, 826.750 MB of memory in use
WRITING VELOCITIES TO RESTART FILE AT STEP 4000
FINISHED WRITING RESTART VELOCITIES
The last velocity output (seq=4000) takes 0.002 seconds, 826.750 MB of memory in use
PRESSURE: 4100 0 0 0 0 0 0 0 0 0
GPRESSURE: 4100 0 0 0 0 0 0 0 0 0
PRESSAVG: 4100 0 0 0 0 0 0 0 0 0
GPRESSAVG: 4100 0 0 0 0 0 0 0 0 0
ENERGY:    4100      1100.4939      1684.5904      2109.7969       146.0146            -40.4079      -792.4120         0.0000      5256.5994      3009.8718          12474.5470       302.2321      9464.6753     12499.0272       301.6745

PRESSURE: 4200 0 0 0 0 0 0 0 0 0
GPRESSURE: 4200 0 0 0 0 0 0 0 0 0
PRESSAVG: 4200 0 0 0 0 0 0 0 0 0
GPRESSAVG: 4200 0 0 0 0 0 0 0 0 0
ENERGY:    4200      1115.3556      1697.1626      2064.7807       163.7910            -39.9215      -796.8092         0.0000      5258.1793      3006.5892          12469.1277       301.9025      9462.5385     12492.3270       300.6654

LDB: ============= START OF LOAD BALANCING ============== 4.67945
LDB: ============== END OF LOAD BALANCING =============== 4.6795
Info: useSync: 0 useProxySync: 0
LDB: =============== DONE WITH MIGRATION ================ 4.67961
PRESSURE: 4300 0 0 0 0 0 0 0 0 0
GPRESSURE: 4300 0 0 0 0 0 0 0 0 0
PRESSAVG: 4300 0 0 0 0 0 0 0 0 0
GPRESSAVG: 4300 0 0 0 0 0 0 0 0 0
ENERGY:    4300      1077.0447      1701.5288      2093.7190       151.1444            -39.0353      -782.8155         0.0000      5258.8935      2999.7913          12460.2709       301.2199      9460.4796     12485.5883       301.3549

LDB: ============= START OF LOAD BALANCING ============== 4.72727
LDB: TIME 4.72748 LOAD: AVG 0.0137978 MAX 0.0301104  PROXIES: TOTAL 171 MAXPE 7 MAXPATCH 7 None MEM: 826.75 MB
LDB: TIME 4.72765 LOAD: AVG 0.0137978 MAX 0.0301104  PROXIES: TOTAL 171 MAXPE 7 MAXPATCH 7 RefineTorusLB MEM: 826.875 MB
LDB: TIME 4.72775 LOAD: AVG 0.0137978 MAX 0.0301104  PROXIES: TOTAL 171 MAXPE 7 MAXPATCH 7 RefineTorusLB MEM: 826.875 MB
LDB: Reverting to original mapping
LDB: ============== END OF LOAD BALANCING =============== 4.72794
Info: build node-aware spanning tree with send: 1, recv: 0 with branch factor 4
Info: useSync: 0 useProxySync: 0
LDB: =============== DONE WITH MIGRATION ================ 4.72857
PRESSURE: 4400 0 0 0 0 0 0 0 0 0
GPRESSURE: 4400 0 0 0 0 0 0 0 0 0
PRESSAVG: 4400 0 0 0 0 0 0 0 0 0
GPRESSAVG: 4400 0 0 0 0 0 0 0 0 0
ENERGY:    4400      1083.4708      1706.5459      2125.9180       155.7917            -38.9284      -814.3341         0.0000      5260.2054      3015.1822          12493.8517       302.7654      9478.6695     12521.2957       302.3188

PRESSURE: 4500 0 0 0 0 0 0 0 0 0
GPRESSURE: 4500 0 0 0 0 0 0 0 0 0
PRESSAVG: 4500 0 0 0 0 0 0 0 0 0
GPRESSAVG: 4500 0 0 0 0 0 0 0 0 0
ENERGY:    4500      1066.2882      1705.3683      2090.5928       164.7868            -39.2658      -814.9492         0.0000      5261.8638      2980.0387          12414.7236       299.2365      9434.6849     12440.6904       301.0581

PRESSURE: 4600 0 0 0 0 0 0 0 0 0
GPRESSURE: 4600 0 0 0 0 0 0 0 0 0
PRESSAVG: 4600 0 0 0 0 0 0 0 0 0
GPRESSAVG: 4600 0 0 0 0 0 0 0 0 0
ENERGY:    4600      1136.6352      1698.1061      2089.6482       163.6551            -39.6205      -814.5082         0.0000      5265.1778      2975.9449          12475.0386       298.8254      9499.0937     12500.9813       298.9001

PRESSURE: 4700 0 0 0 0 0 0 0 0 0
GPRESSURE: 4700 0 0 0 0 0 0 0 0 0
PRESSAVG: 4700 0 0 0 0 0 0 0 0 0
GPRESSAVG: 4700 0 0 0 0 0 0 0 0 0
ENERGY:    4700      1094.7107      1709.6684      2096.4526       156.8390            -39.8808      -798.9589         0.0000      5265.5512      2893.1124          12377.4946       290.5079      9484.3823     12402.5120       298.0593

PRESSURE: 4800 0 0 0 0 0 0 0 0 0
GPRESSURE: 4800 0 0 0 0 0 0 0 0 0
PRESSAVG: 4800 0 0 0 0 0 0 0 0 0
GPRESSAVG: 4800 0 0 0 0 0 0 0 0 0
ENERGY:    4800      1106.0113      1683.5776      2097.1650       152.4786            -39.4655      -800.4765         0.0000      5254.2655      3000.1414          12453.6975       301.2551      9453.5560     12472.7866       299.3248

PRESSURE: 4900 0 0 0 0 0 0 0 0 0
GPRESSURE: 4900 0 0 0 0 0 0 0 0 0
PRESSAVG: 4900 0 0 0 0 0 0 0 0 0
GPRESSAVG: 4900 0 0 0 0 0 0 0 0 0
ENERGY:    4900      1088.7495      1693.1152      2081.7343       169.7834            -39.2745      -827.8271         0.0000      5257.8566      2985.4607          12409.5981       299.7809      9424.1374     12432.9031       299.1453

PRESSURE: 5000 0 0 0 0 0 0 0 0 0
GPRESSURE: 5000 0 0 0 0 0 0 0 0 0
PRESSAVG: 5000 0 0 0 0 0 0 0 0 0
GPRESSAVG: 5000 0 0 0 0 0 0 0 0 0
TIMING: 5000  CPU: 2.49401, 0.000482973/step  Wall: 2.51843, 0.000483457/step, 0 hours remaining, 826.875000 MB of memory in use.
ETITLE:      TS           BOND          ANGLE          DIHED          IMPRP               ELECT            VDW       BOUNDARY           MISC        KINETIC               TOTAL           TEMP      POTENTIAL         TOTAL3        TEMPAVG

ENERGY:    5000      1124.5826      1681.9313      2067.1377       155.1995            -38.5383      -823.0209         0.0000      5271.8564      2964.1148          12403.2632       297.6375      9439.1484     12425.2850       298.9360

WRITING EXTENDED SYSTEM TO RESTART FILE AT STEP 5000
WRITING COORDINATES TO DCD FILE adk-step1.dcd AT STEP 5000
WRITING COORDINATES TO RESTART FILE AT STEP 5000
FINISHED WRITING RESTART COORDINATES
The last position output (seq=5000) takes 0.003 seconds, 827.625 MB of memory in use
WRITING VELOCITIES TO RESTART FILE AT STEP 5000
FINISHED WRITING RESTART VELOCITIES
The last velocity output (seq=5000) takes 0.002 seconds, 827.625 MB of memory in use
WRITING EXTENDED SYSTEM TO OUTPUT FILE AT STEP 5000
WRITING COORDINATES TO OUTPUT FILE AT STEP 5000
CLOSING COORDINATE DCD FILE adk-step1.dcd
The last position output (seq=-2) takes 0.003 seconds, 827.625 MB of memory in use
WRITING VELOCITIES TO OUTPUT FILE AT STEP 5000
====================================================

WallClock: 5.025392  CPUTime: 3.479111  Memory: 827.625000 MB
End of program
