0_11_cc.dat
/gpfs/alpine/bip115/scratch/hrlee/radical.pilot.sandbox/re.session.login1.hrlee.018632.0005/pilot.0000/staging_area/0_11_cc.dat
0, 11
Choosing optimized barrier algorithm name I0:HybridBinomial:SHMEM:P2P
Converse/Charm++ Commit ID: v6.10.2-0-g7bf00fa-namd-charm-6.10.2-build-2020-Aug-05-556
Warning> Randomization of virtual memory (ASLR) is turned on in the kernel, thread migration may not work! Run 'echo 0 > /proc/sys/kernel/randomize_va_space' as root to disable it, or try running with '+isomalloc_sync'.
CharmLB> Load balancer assumes all CPUs are same.
Charm++> Running on 1 hosts (1 sockets x 7 cores x 4 PUs = 28-way SMP)
Charm++> cpu topology info is gathered in 0.010 seconds.
Info: Built with CUDA version 10010
Did not find +devices i,j,k,... argument, using all
Pe 20 physical rank 20 will use CUDA device of pe 14
Pe 2 physical rank 2 will use CUDA device of pe 4
Pe 18 physical rank 18 will use CUDA device of pe 14
Pe 3 physical rank 3 will use CUDA device of pe 4
Pe 19 physical rank 19 will use CUDA device of pe 14
Pe 5 physical rank 5 will use CUDA device of pe 4
Pe 9 physical rank 9 will use CUDA device of pe 7
Pe 23 physical rank 23 will use CUDA device of pe 21
Pe 32 physical rank 32 will use CUDA device of pe 28
Pe 6 physical rank 6 will use CUDA device of pe 4
Pe 17 physical rank 17 will use CUDA device of pe 14
Pe 13 physical rank 13 will use CUDA device of pe 7
Pe 26 physical rank 26 will use CUDA device of pe 21
Pe 33 physical rank 33 will use CUDA device of pe 28
Pe 37 physical rank 37 will use CUDA device of pe 35
Pe 12 physical rank 12 will use CUDA device of pe 7
Pe 27 physical rank 27 will use CUDA device of pe 21
Pe 31 physical rank 31 will use CUDA device of pe 28
Pe 39 physical rank 39 will use CUDA device of pe 35
Pe 11 physical rank 11 will use CUDA device of pe 7
Pe 25 physical rank 25 will use CUDA device of pe 21
Pe 34 physical rank 34 will use CUDA device of pe 28
Pe 38 physical rank 38 will use CUDA device of pe 35
Pe 10 physical rank 10 will use CUDA device of pe 7
Pe 24 physical rank 24 will use CUDA device of pe 21
Pe 30 physical rank 30 will use CUDA device of pe 28
Pe 41 physical rank 41 will use CUDA device of pe 35
Pe 16 physical rank 16 will use CUDA device of pe 14
Pe 8 physical rank 8 will use CUDA device of pe 7
Pe 22 physical rank 22 will use CUDA device of pe 21
Pe 29 physical rank 29 will use CUDA device of pe 28
Pe 40 physical rank 40 will use CUDA device of pe 35
Pe 1 physical rank 1 will use CUDA device of pe 4
Pe 36 physical rank 36 will use CUDA device of pe 35
Pe 0 physical rank 0 will use CUDA device of pe 4
Pe 15 physical rank 15 will use CUDA device of pe 14
Pe 4 physical rank 4 binding to CUDA device 0 on h35n16: 'Tesla V100-SXM2-16GB'  Mem: 16128MB  Rev: 7.0  PCI: 4:4:0
Pe 7 physical rank 7 binding to CUDA device 0 on h35n16: 'Tesla V100-SXM2-16GB'  Mem: 16128MB  Rev: 7.0  PCI: 4:5:0
Pe 21 physical rank 21 binding to CUDA device 0 on h35n16: 'Tesla V100-SXM2-16GB'  Mem: 16128MB  Rev: 7.0  PCI: 35:3:0
Pe 28 physical rank 28 binding to CUDA device 0 on h35n16: 'Tesla V100-SXM2-16GB'  Mem: 16128MB  Rev: 7.0  PCI: 35:4:0
Pe 35 physical rank 35 binding to CUDA device 0 on h35n16: 'Tesla V100-SXM2-16GB'  Mem: 16128MB  Rev: 7.0  PCI: 35:5:0
Pe 14 physical rank 14 binding to CUDA device 0 on h35n16: 'Tesla V100-SXM2-16GB'  Mem: 16128MB  Rev: 7.0  PCI: 4:6:0
Info: NAMD 2.14 for Linux-POWER-pami-smp-Summit-CUDA
Info: 
Info: Please visit http://www.ks.uiuc.edu/Research/namd/
Info: for updates, documentation, and support information.
Info: 
Info: Please cite Phillips et al., J. Chem. Phys. 153:044130 (2020) doi:10.1063/5.0014475
Info: in all publications reporting results obtained with NAMD.
Info: 
Info: Based on Charm++/Converse 61002 for pami-linux-ppc64le-smp
Info: Built Wed Aug 5 14:28:51 EDT 2020 by jimp on login2
Info: 1 NAMD  2.14  Linux-POWER-pami-smp-Summit-CUDA  42    h35n16  hrlee
Info: Running on 42 processors, 6 nodes, 1 physical nodes.
Info: CPU topology information available.
Info: Charm++/Converse parallel runtime startup completed at 1.34243 s
CkLoopLib is used in SMP with simple dynamic scheduling (converse-level notification)
Info: 791.625 MB of memory in use based on /proc/self/stat
Info: Configuration file is adk-step1.namd
Info: Working in the current directory /gpfs/alpine/bip115/scratch/hrlee/radical.pilot.sandbox/re.session.login1.hrlee.018632.0005/pilot.0000/unit.000815
TCL: Suspending until startup complete.
Info: SIMULATION PARAMETERS:
Info: TIMESTEP               1
Info: NUMBER OF STEPS        0
Info: STEPS PER CYCLE        20
Info: LOAD BALANCER  Centralized
Info: LOAD BALANCING STRATEGY  New Load Balancers -- DEFAULT
Info: LDB PERIOD             4000 steps
Info: FIRST LDB TIMESTEP     100
Info: LAST LDB TIMESTEP     -1
Info: LDB BACKGROUND SCALING 1
Info: HOM BACKGROUND SCALING 1
Info: MIN ATOMS PER PATCH    40
Info: VELOCITY FILE          0_11_adk-step1.restart.vel
Info: CENTER OF MASS MOVING INITIALLY? NO
Info: DIELECTRIC             80
Info: EXCLUDE                SCALED ONE-FOUR
Info: 1-4 ELECTROSTATICS SCALED BY 1
Info: MODIFIED 1-4 VDW PARAMETERS WILL BE USED
Info: DCD FILENAME           adk-step1.dcd
Info: DCD FREQUENCY          1000
Info: DCD FIRST STEP         1000
Info: NO EXTENDED SYSTEM TRAJECTORY OUTPUT
Info: NO VELOCITY DCD OUTPUT
Info: NO FORCE DCD OUTPUT
Info: OUTPUT FILENAME        adk-step1
Info: BINARY OUTPUT FILES WILL BE USED
Info: RESTART FILENAME       adk-step1.restart
Info: RESTART FREQUENCY      1000
Info: BINARY RESTART FILES WILL BE USED
Info: SWITCHING ACTIVE
Info: SWITCHING ON           9
Info: SWITCHING OFF          10
Info: PAIRLIST DISTANCE      11
Info: PAIRLIST SHRINK RATE   0.01
Info: PAIRLIST GROW RATE     0.01
Info: PAIRLIST TRIGGER       0.3
Info: PAIRLISTS PER CYCLE    2
Info: PAIRLISTS ENABLED
Info: MARGIN                 0
Info: HYDROGEN GROUP CUTOFF  2.5
Info: PATCH DIMENSION        13.5
Info: ENERGY OUTPUT STEPS    100
Info: CROSSTERM ENERGY INCLUDED IN DIHEDRAL
Info: TIMING OUTPUT STEPS    1000
Info: PRESSURE OUTPUT STEPS  100
Info: GRID FORCE ACTIVE
Info:  Please include this reference in published work using
Info:  the Gridforce module of NAMD: David Wells, Volha Abramkina,
Info:  and Aleksei Aksimentiev, J. Chem. Phys. 127:125101-10 (2007).
Info: MGRIDFORCE key 0
Info:            Potfile 4ake-target_autopsf-grid.dx
Info:            Scale 0.3 0.3 0.3
Info:            File 1ake-docked-noh_autopsf-grid.pdb
Info:            Col O
Info:            ChargeCol B
Info:            VOffset 0 0 0
Info:            Continuous K1 FALSE
Info:            Continuous K2 FALSE
Info:            Continuous K3 FALSE
Info:            Volts FALSE
Info:            Gridforce-Lite FALSE
Info:            Gridforce-CheckSize TRUE
Info: LANGEVIN DYNAMICS ACTIVE
Info: LANGEVIN TEMPERATURE   300
Info: LANGEVIN USING BBK INTEGRATOR
Info: LANGEVIN DAMPING COEFFICIENT IS 5 INVERSE PS
Info: LANGEVIN DYNAMICS NOT APPLIED TO HYDROGENS
Info: USING VERLET I (r-RESPA) MTS SCHEME.
Info: C1 SPLITTING OF LONG RANGE ELECTROSTATICS
Info: PLACING ATOMS IN PATCHES BY HYDROGEN GROUPS
Info: RIGID BONDS TO HYDROGEN : WATER
Info:         ERROR TOLERANCE : 1e-08
Info:          MAX ITERATIONS : 100
Info: RIGID WATER USING SETTLE ALGORITHM
Info: NONBONDED FORCES EVALUATED EVERY 2 STEPS
Info: RANDOM NUMBER SEED     1609828291
Info: USE HYDROGEN BONDS?    NO
Info: COORDINATE PDB         1ake-docked-noh_autopsf.pdb
Info: STRUCTURE FILE         1ake-docked-noh_autopsf.psf
Info: PARAMETER file: CHARMM format! 
Info: PARAMETERS             par_all36_prot.prm
Info: USING ARITHMETIC MEAN TO COMBINE L-J SIGMA PARAMETERS
Info: BINARY COORDINATES     0_11_adk-step1.restart.coor
Info: SUMMARY OF PARAMETERS:
Info: 132 BONDS
Info: 362 ANGLES
Info: 702 DIHEDRAL
Info: 35 IMPROPER
Info: 6 CROSSTERM
Info: 53 VDW
Info: 0 VDW_PAIRS
Info: 0 NBTHOLE_PAIRS
Info: TIME FOR READING PSF FILE: 0.359366
Info: READING EXTRA BONDS FILE 1ake-extrabonds.txt
Info: READING EXTRA BONDS FILE 1ake-extrabonds-cispeptide.txt
Info: READING EXTRA BONDS FILE 1ake-extrabonds-chirality.txt
Info: READ 80 EXTRA BONDS
Info: READ 80 EXTRA ANGLES
Warning: EXTRA ANGLES ARE COSINE-BASED BY DEFAULT TO MATCH PREVIOUS VERSIONS
Warning: FOR NORMAL HARMONIC EXTRA ANGLES SET extraBondsCosAngles off
Info: READ 493 EXTRA DIHEDRALS
Info: READ 438 EXTRA IMPROPERS
Info: Reading pdb file 1ake-docked-noh_autopsf.pdb
Info: TIME FOR READING PDB FILE: 0.0912841
Info: 
Info: ****************************
Info: STRUCTURE SUMMARY:
Info: 3341 ATOMS
Info: 3445 BONDS
Info: 6203 ANGLES
Info: 9414 DIHEDRALS
Info: 1005 IMPROPERS
Info: 212 CROSSTERMS
Info: 0 EXCLUSIONS
Info: 0 RIGID BONDS
Info: 1 GRIDS ACTIVE
Info: 10023 DEGREES OF FREEDOM
Info: 1656 HYDROGEN GROUPS
Info: 4 ATOMS IN LARGEST HYDROGEN GROUP
Info: 1656 MIGRATION GROUPS
Info: 4 ATOMS IN LARGEST MIGRATION GROUP
Info: TOTAL MASS = 23582 amu
Info: TOTAL CHARGE = -4 e
Info: *****************************
Info: Reading from binary file 0_11_adk-step1.restart.coor
Info: 
Info: Entering startup at 2.15373 s, 798.375 MB of memory in use
Info: Startup phase 0 took 0.00021597 s, 798.5 MB of memory in use
Info: ADDED 18308 IMPLICIT EXCLUSIONS
Info: Startup phase 1 took 0.0081309 s, 798.625 MB of memory in use
Info: NONBONDED TABLE R-SQUARED SPACING: 0.0625
Info: NONBONDED TABLE SIZE: 705 POINTS
Info: ABSOLUTE IMPRECISION IN FAST TABLE ENERGY: 3.38813e-21 AT 9.89634
Info: RELATIVE IMPRECISION IN FAST TABLE ENERGY: 4.23384e-15 AT 9.94673
Info: ABSOLUTE IMPRECISION IN FAST TABLE FORCE: 6.35275e-22 AT 9.94673
Info: RELATIVE IMPRECISION IN FAST TABLE FORCE: 5.07982e-16 AT 9.94673
Info: INCONSISTENCY IN FAST TABLE ENERGY VS FORCE: 0.000290185 AT 0.251946
Info: ABSOLUTE IMPRECISION IN VDWA TABLE ENERGY: 1.57772e-30 AT 9.89634
Info: RELATIVE IMPRECISION IN VDWA TABLE ENERGY: 4.54938e-15 AT 9.94673
Info: ABSOLUTE IMPRECISION IN VDWA TABLE FORCE: 5.91646e-31 AT 9.94673
Info: RELATIVE IMPRECISION IN VDWA TABLE FORCE: 5.6823e-16 AT 9.94673
Info: INCONSISTENCY IN VDWA TABLE ENERGY VS FORCE: 0.0040507 AT 0.251946
Info: ABSOLUTE IMPRECISION IN VDWB TABLE ENERGY: 4.71751e-25 AT 9.94673
Info: RELATIVE IMPRECISION IN VDWB TABLE ENERGY: 1.45371e-14 AT 9.94673
Info: ABSOLUTE IMPRECISION IN VDWB TABLE FORCE: 6.20385e-25 AT 9.94673
Info: RELATIVE IMPRECISION IN VDWB TABLE FORCE: 5.97512e-16 AT 9.94673
Info: INCONSISTENCY IN VDWB TABLE ENERGY VS FORCE: 0.00377068 AT 9.07951
Info: Startup phase 2 took 0.000596338 s, 799.938 MB of memory in use
Info: Startup phase 3 took 0.000172159 s, 800.312 MB of memory in use
Info: Startup phase 4 took 0.000268224 s, 800.438 MB of memory in use
Info: Startup phase 5 took 0.000182518 s, 800.438 MB of memory in use
Info: ORIGINAL ATOMS MINMAX IS -23.0126 -33.1723 -34.3581  16.7923 13.8138 17.4873
Info: ADJUSTED ATOMS MINMAX IS -17.6772 -27.2819 -30.0215  11.6314 7.30351 7.68666
Info: PATCH GRID IS 5 BY 3 BY 3
Info: PATCH GRID IS 2-AWAY BY 1-AWAY BY 1-AWAY
Info: Reading from binary file 0_11_adk-step1.restart.vel
Info: REMOVING COM VELOCITY 0.0690766 0.102029 -0.0359693
Info: LARGEST PATCH (37) HAS 145 ATOMS
Info: TORUS A SIZE 1 USING 0
Info: TORUS B SIZE 1 USING 0
Info: TORUS C SIZE 1 USING 0
Info: TORUS MINIMAL MESH SIZE IS 1 BY 1 BY 1
Info: Placed 100% of base nodes on same physical node as patch
Info: Startup phase 6 took 0.00827082 s, 800.562 MB of memory in use
Info: Startup phase 7 took 0.000162852 s, 801.5 MB of memory in use
Info: Updated CUDA force table with 4096 elements.
Info: Updated CUDA force table with 4096 elements.
Info: Updated CUDA LJ table with 53 x 53 elements.
Info: Updated CUDA LJ table with 53 x 53 elements.
Info: Updated CUDA force table with 4096 elements.
Info: Updated CUDA force table with 4096 elements.
Info: Updated CUDA LJ table with 53 x 53 elements.
Info: Updated CUDA LJ table with 53 x 53 elements.
Info: Updated CUDA force table with 4096 elements.
Info: Updated CUDA force table with 4096 elements.
Info: Updated CUDA LJ table with 53 x 53 elements.
Info: Updated CUDA LJ table with 53 x 53 elements.
Info: Startup phase 8 took 0.00321976 s, 801.625 MB of memory in use
Info: Startup phase 9 took 0.000344858 s, 801.688 MB of memory in use
Info: Startup phase 10 took 0.000169693 s, 801.75 MB of memory in use
Info: Startup phase 11 took 0.000755621 s, 801.875 MB of memory in use
LDB: Central LB being created...
Info: Startup phase 12 took 0.00221291 s, 802.562 MB of memory in use
Info: CREATING 1139 COMPUTE OBJECTS
Info: Found 278 unique exclusion lists needing 900 bytes
Info: Found 278 unique exclusion lists needing 900 bytes
Info: Found 278 unique exclusion lists needing 900 bytes
Info: Found 278 unique exclusion lists needing 900 bytes
Info: Found 278 unique exclusion lists needing 900 bytes
Info: Found 278 unique exclusion lists needing 900 bytes
Info: Startup phase 13 took 0.0164746 s, 803.438 MB of memory in use
Info: Building spanning tree ... send: 1 recv: 0 with branch factor 4
Info: useSync: 0 useProxySync: 0
Info: Startup phase 14 took 0.000235936 s, 803.562 MB of memory in use
Info: Startup phase 15 took 0.000190624 s, 803.688 MB of memory in use
Info: Finished startup at 2.19533 s, 803.75 MB of memory in use

TCL: Running for 5000 steps
PRESSURE: 0 0 0 0 0 0 0 0 0 0
GPRESSURE: 0 0 0 0 0 0 0 0 0 0
ETITLE:      TS           BOND          ANGLE          DIHED          IMPRP               ELECT            VDW       BOUNDARY           MISC        KINETIC               TOTAL           TEMP      POTENTIAL         TOTAL3        TEMPAVG

ENERGY:       0      1137.5772      1676.1037      2098.9500       159.0260            -41.2160      -821.3204         0.0000      5285.5719      2973.0012          12467.6936       298.5298      9494.6924     12492.3097       298.5298

LDB: ============= START OF LOAD BALANCING ============== 2.20981
LDB: ============== END OF LOAD BALANCING =============== 2.20986
Info: useSync: 0 useProxySync: 0
LDB: =============== DONE WITH MIGRATION ================ 2.20998
LDB: ============= START OF LOAD BALANCING ============== 2.25887
LDB: Partitioning computes with target load 0.000000
LDB: Increased migratable compute count from 0 to 0
LDB: Largest unpartitionable compute is 0.000000
LDB: ============== END OF LOAD BALANCING =============== 2.25917
Info: build node-aware spanning tree with send: 1, recv: 0 with branch factor 4
Info: useSync: 0 useProxySync: 0
LDB: =============== DONE WITH MIGRATION ================ 2.25998
PRESSURE: 100 0 0 0 0 0 0 0 0 0
GPRESSURE: 100 0 0 0 0 0 0 0 0 0
PRESSAVG: 100 0 0 0 0 0 0 0 0 0
GPRESSAVG: 100 0 0 0 0 0 0 0 0 0
Info: Initial time: 42 CPUs 0.000612317 s/step 0.007087 days/ns 822.875 MB memory
ENERGY:     100      1123.5588      1731.3636      2071.2844       163.0307            -41.3322      -815.8270         0.0000      5281.7079      2955.9945          12469.7806       296.8221      9513.7861     12495.2396       299.3030

LDB: ============= START OF LOAD BALANCING ============== 2.27222
LDB: ============== END OF LOAD BALANCING =============== 2.27226
Info: useSync: 0 useProxySync: 0
LDB: =============== DONE WITH MIGRATION ================ 2.27234
LDB: ============= START OF LOAD BALANCING ============== 2.31103
LDB: TIME 2.31126 LOAD: AVG 0.0117431 MAX 0.0280092  PROXIES: TOTAL 171 MAXPE 10 MAXPATCH 7 None MEM: 823.688 MB
LDB: TIME 2.31147 LOAD: AVG 0.0117431 MAX 0.0280092  PROXIES: TOTAL 171 MAXPE 10 MAXPATCH 7 TorusLB MEM: 823.75 MB
LDB: Reverting to original mapping
LDB: ============== END OF LOAD BALANCING =============== 2.31173
Info: build node-aware spanning tree with send: 1, recv: 0 with branch factor 4
Info: useSync: 0 useProxySync: 0
LDB: =============== DONE WITH MIGRATION ================ 2.31242
PRESSURE: 200 0 0 0 0 0 0 0 0 0
GPRESSURE: 200 0 0 0 0 0 0 0 0 0
PRESSAVG: 200 0 0 0 0 0 0 0 0 0
GPRESSAVG: 200 0 0 0 0 0 0 0 0 0
Info: Initial time: 42 CPUs 0.000506461 s/step 0.00586182 days/ns 823.75 MB memory
ENERGY:     200      1126.9100      1702.7495      2077.7367       152.5577            -40.8850      -799.1239         0.0000      5285.4617      2994.6365          12500.0432       300.7023      9505.4068     12527.0819       300.1977

LDB: ============= START OF LOAD BALANCING ============== 2.36066
LDB: TIME 2.3609 LOAD: AVG 0.0142355 MAX 0.035529  PROXIES: TOTAL 171 MAXPE 10 MAXPATCH 7 None MEM: 824.625 MB
LDB: TIME 2.36108 LOAD: AVG 0.0142355 MAX 0.035529  PROXIES: TOTAL 171 MAXPE 10 MAXPATCH 7 RefineTorusLB MEM: 824.688 MB
LDB: TIME 2.36122 LOAD: AVG 0.0142355 MAX 0.035529  PROXIES: TOTAL 171 MAXPE 10 MAXPATCH 7 RefineTorusLB MEM: 824.688 MB
LDB: Reverting to original mapping
LDB: ============== END OF LOAD BALANCING =============== 2.36146
Info: build node-aware spanning tree with send: 1, recv: 0 with branch factor 4
Info: useSync: 0 useProxySync: 0
LDB: =============== DONE WITH MIGRATION ================ 2.36214
PRESSURE: 300 0 0 0 0 0 0 0 0 0
GPRESSURE: 300 0 0 0 0 0 0 0 0 0
PRESSAVG: 300 0 0 0 0 0 0 0 0 0
GPRESSAVG: 300 0 0 0 0 0 0 0 0 0
Info: Initial time: 42 CPUs 0.000481552 s/step 0.00557351 days/ns 824.688 MB memory
ENERGY:     300      1122.4450      1672.6301      2085.4325       159.7670            -40.6315      -824.3353         0.0000      5279.2014      3039.5114          12494.0207       305.2084      9454.5093     12519.6451       300.7195

LDB: ============= START OF LOAD BALANCING ============== 2.41012
LDB: TIME 2.41037 LOAD: AVG 0.0142972 MAX 0.0357343  PROXIES: TOTAL 171 MAXPE 10 MAXPATCH 7 None MEM: 825.562 MB
LDB: TIME 2.41055 LOAD: AVG 0.0142972 MAX 0.0357343  PROXIES: TOTAL 171 MAXPE 10 MAXPATCH 7 RefineTorusLB MEM: 825.562 MB
LDB: TIME 2.4107 LOAD: AVG 0.0142972 MAX 0.0357343  PROXIES: TOTAL 171 MAXPE 10 MAXPATCH 7 RefineTorusLB MEM: 825.562 MB
LDB: ============== END OF LOAD BALANCING =============== 2.41096
Info: build node-aware spanning tree with send: 1, recv: 0 with branch factor 4
Info: useSync: 0 useProxySync: 0
LDB: =============== DONE WITH MIGRATION ================ 2.41167
PRESSURE: 400 0 0 0 0 0 0 0 0 0
GPRESSURE: 400 0 0 0 0 0 0 0 0 0
PRESSAVG: 400 0 0 0 0 0 0 0 0 0
GPRESSAVG: 400 0 0 0 0 0 0 0 0 0
Info: Benchmark time: 42 CPUs 0.000478245 s/step 0.00553525 days/ns 825.562 MB memory
ENERGY:     400      1111.4861      1727.5037      2073.8780       143.3177            -40.7056      -805.3112         0.0000      5280.5970      3011.3365          12502.1023       302.3792      9490.7657     12526.4273       300.5693

PRESSURE: 500 0 0 0 0 0 0 0 0 0
GPRESSURE: 500 0 0 0 0 0 0 0 0 0
PRESSAVG: 500 0 0 0 0 0 0 0 0 0
GPRESSAVG: 500 0 0 0 0 0 0 0 0 0
Info: Benchmark time: 42 CPUs 0.000477038 s/step 0.00552127 days/ns 826.25 MB memory
ENERGY:     500      1109.7663      1735.1118      2076.7822       155.5935            -40.3023      -809.7423         0.0000      5289.6606      2970.3159          12487.1858       298.2602      9516.8699     12512.5822       301.7999

PRESSURE: 600 0 0 0 0 0 0 0 0 0
GPRESSURE: 600 0 0 0 0 0 0 0 0 0
PRESSAVG: 600 0 0 0 0 0 0 0 0 0
GPRESSAVG: 600 0 0 0 0 0 0 0 0 0
Info: Benchmark time: 42 CPUs 0.00047726 s/step 0.00552384 days/ns 826.25 MB memory
ENERGY:     600      1118.2905      1695.1373      2087.8678       163.0463            -41.0466      -803.8024         0.0000      5280.3244      2976.1497          12475.9668       298.8460      9499.8171     12497.9994       300.8938

PRESSURE: 700 0 0 0 0 0 0 0 0 0
GPRESSURE: 700 0 0 0 0 0 0 0 0 0
PRESSAVG: 700 0 0 0 0 0 0 0 0 0
GPRESSAVG: 700 0 0 0 0 0 0 0 0 0
Info: Benchmark time: 42 CPUs 0.00047798 s/step 0.00553217 days/ns 826.25 MB memory
ENERGY:     700      1131.8131      1767.3106      2071.5693       169.3890            -41.2007      -807.6003         0.0000      5279.2341      2968.2745          12538.7895       298.0552      9570.5150     12557.5845       303.3277

PRESSURE: 800 0 0 0 0 0 0 0 0 0
GPRESSURE: 800 0 0 0 0 0 0 0 0 0
PRESSAVG: 800 0 0 0 0 0 0 0 0 0
GPRESSAVG: 800 0 0 0 0 0 0 0 0 0
Info: Benchmark time: 42 CPUs 0.000480324 s/step 0.0055593 days/ns 826.25 MB memory
ENERGY:     800      1097.1322      1700.8159      2080.0936       148.3058            -41.1787      -793.2086         0.0000      5275.0813      2986.2881          12453.3296       299.8640      9467.0415     12473.5599       302.3242

PRESSURE: 900 0 0 0 0 0 0 0 0 0
GPRESSURE: 900 0 0 0 0 0 0 0 0 0
PRESSAVG: 900 0 0 0 0 0 0 0 0 0
GPRESSAVG: 900 0 0 0 0 0 0 0 0 0
Info: Benchmark time: 42 CPUs 0.000485836 s/step 0.0056231 days/ns 826.25 MB memory
ENERGY:     900      1100.5261      1697.4531      2100.7524       167.2852            -41.0108      -848.2649         0.0000      5291.5446      2970.5823          12438.8679       298.2869      9468.2855     12460.7954       300.0854

PRESSURE: 1000 0 0 0 0 0 0 0 0 0
GPRESSURE: 1000 0 0 0 0 0 0 0 0 0
PRESSAVG: 1000 0 0 0 0 0 0 0 0 0
GPRESSAVG: 1000 0 0 0 0 0 0 0 0 0
TIMING: 1000  CPU: 0.522807, 0.000504656/step  Wall: 0.523558, 0.0005033/step, 0.000559222 hours remaining, 826.250000 MB of memory in use.
ETITLE:      TS           BOND          ANGLE          DIHED          IMPRP               ELECT            VDW       BOUNDARY           MISC        KINETIC               TOTAL           TEMP      POTENTIAL         TOTAL3        TEMPAVG

ENERGY:    1000      1098.5017      1721.2039      2083.4478       159.4136            -41.9215      -804.3346         0.0000      5277.1282      2932.4276          12425.8665       294.4557      9493.4389     12447.8775       298.5159

WRITING EXTENDED SYSTEM TO RESTART FILE AT STEP 1000
OPENING COORDINATE DCD FILE
WRITING COORDINATES TO DCD FILE adk-step1.dcd AT STEP 1000
WRITING COORDINATES TO RESTART FILE AT STEP 1000
FINISHED WRITING RESTART COORDINATES
The last position output (seq=1000) takes 0.005 seconds, 826.500 MB of memory in use
WRITING VELOCITIES TO RESTART FILE AT STEP 1000
FINISHED WRITING RESTART VELOCITIES
The last velocity output (seq=1000) takes 0.002 seconds, 826.500 MB of memory in use
PRESSURE: 1100 0 0 0 0 0 0 0 0 0
GPRESSURE: 1100 0 0 0 0 0 0 0 0 0
PRESSAVG: 1100 0 0 0 0 0 0 0 0 0
GPRESSAVG: 1100 0 0 0 0 0 0 0 0 0
ENERGY:    1100      1096.9123      1688.2679      2116.4443       157.2165            -42.0271      -826.7544         0.0000      5270.2369      2957.4662          12417.7625       296.9699      9460.2963     12442.6195       297.8260

PRESSURE: 1200 0 0 0 0 0 0 0 0 0
GPRESSURE: 1200 0 0 0 0 0 0 0 0 0
PRESSAVG: 1200 0 0 0 0 0 0 0 0 0
GPRESSAVG: 1200 0 0 0 0 0 0 0 0 0
ENERGY:    1200      1115.4904      1682.7998      2067.2771       153.3774            -41.7054      -799.3445         0.0000      5272.9403      2975.9589          12426.7939       298.8268      9450.8350     12448.6492       299.0816

PRESSURE: 1300 0 0 0 0 0 0 0 0 0
GPRESSURE: 1300 0 0 0 0 0 0 0 0 0
PRESSAVG: 1300 0 0 0 0 0 0 0 0 0
GPRESSAVG: 1300 0 0 0 0 0 0 0 0 0
ENERGY:    1300      1140.1627      1656.7920      2075.0640       151.0137            -41.1596      -815.6419         0.0000      5271.2051      2982.0722          12419.5083       299.4407      9437.4360     12444.8983       298.2013

PRESSURE: 1400 0 0 0 0 0 0 0 0 0
GPRESSURE: 1400 0 0 0 0 0 0 0 0 0
PRESSAVG: 1400 0 0 0 0 0 0 0 0 0
GPRESSAVG: 1400 0 0 0 0 0 0 0 0 0
ENERGY:    1400      1049.1578      1663.6276      2128.6495       157.0952            -39.8674      -798.5842         0.0000      5263.7057      2990.7899          12414.5742       300.3161      9423.7843     12438.6629       297.8290

PRESSURE: 1500 0 0 0 0 0 0 0 0 0
GPRESSURE: 1500 0 0 0 0 0 0 0 0 0
PRESSAVG: 1500 0 0 0 0 0 0 0 0 0
GPRESSAVG: 1500 0 0 0 0 0 0 0 0 0
ENERGY:    1500      1118.9331      1667.9379      2093.9633       146.2737            -40.1489      -784.7722         0.0000      5262.7651      2960.5858          12425.5379       297.2832      9464.9520     12447.6501       297.7689

PRESSURE: 1600 0 0 0 0 0 0 0 0 0
GPRESSURE: 1600 0 0 0 0 0 0 0 0 0
PRESSAVG: 1600 0 0 0 0 0 0 0 0 0
GPRESSAVG: 1600 0 0 0 0 0 0 0 0 0
ENERGY:    1600      1077.2976      1684.9615      2094.1292       161.2965            -40.8825      -813.4419         0.0000      5253.4624      2965.2335          12382.0562       297.7498      9416.8227     12405.1550       299.6515

PRESSURE: 1700 0 0 0 0 0 0 0 0 0
GPRESSURE: 1700 0 0 0 0 0 0 0 0 0
PRESSAVG: 1700 0 0 0 0 0 0 0 0 0
GPRESSAVG: 1700 0 0 0 0 0 0 0 0 0
ENERGY:    1700      1041.8807      1636.8285      2078.9856       144.9615            -41.2551      -794.5086         0.0000      5255.5029      3018.8105          12341.2060       303.1297      9322.3955     12364.5470       296.8413

PRESSURE: 1800 0 0 0 0 0 0 0 0 0
GPRESSURE: 1800 0 0 0 0 0 0 0 0 0
PRESSAVG: 1800 0 0 0 0 0 0 0 0 0
GPRESSAVG: 1800 0 0 0 0 0 0 0 0 0
ENERGY:    1800      1072.2579      1672.3589      2093.5292       155.6926            -40.9861      -827.4708         0.0000      5260.7559      2940.2598          12326.3974       295.2421      9386.1376     12356.4197       294.3377

PRESSURE: 1900 0 0 0 0 0 0 0 0 0
GPRESSURE: 1900 0 0 0 0 0 0 0 0 0
PRESSAVG: 1900 0 0 0 0 0 0 0 0 0
GPRESSAVG: 1900 0 0 0 0 0 0 0 0 0
ENERGY:    1900      1130.1896      1646.5467      2101.3183       148.9975            -41.6089      -821.5840         0.0000      5269.2288      2909.6256          12342.7136       292.1661      9433.0880     12368.7995       294.0221

PRESSURE: 2000 0 0 0 0 0 0 0 0 0
GPRESSURE: 2000 0 0 0 0 0 0 0 0 0
PRESSAVG: 2000 0 0 0 0 0 0 0 0 0
GPRESSAVG: 2000 0 0 0 0 0 0 0 0 0
TIMING: 2000  CPU: 1.01005, 0.000487244/step  Wall: 1.01827, 0.000494716/step, 0.000412263 hours remaining, 826.500000 MB of memory in use.
ETITLE:      TS           BOND          ANGLE          DIHED          IMPRP               ELECT            VDW       BOUNDARY           MISC        KINETIC               TOTAL           TEMP      POTENTIAL         TOTAL3        TEMPAVG

ENERGY:    2000      1117.6966      1666.6067      2092.2558       149.6805            -41.1151      -835.2469         0.0000      5261.5619      2974.4436          12385.8831       298.6747      9411.4395     12413.0803       297.4467

WRITING EXTENDED SYSTEM TO RESTART FILE AT STEP 2000
WRITING COORDINATES TO DCD FILE adk-step1.dcd AT STEP 2000
WRITING COORDINATES TO RESTART FILE AT STEP 2000
FINISHED WRITING RESTART COORDINATES
The last position output (seq=2000) takes 0.003 seconds, 826.500 MB of memory in use
WRITING VELOCITIES TO RESTART FILE AT STEP 2000
FINISHED WRITING RESTART VELOCITIES
The last velocity output (seq=2000) takes 0.002 seconds, 826.500 MB of memory in use
PRESSURE: 2100 0 0 0 0 0 0 0 0 0
GPRESSURE: 2100 0 0 0 0 0 0 0 0 0
PRESSAVG: 2100 0 0 0 0 0 0 0 0 0
GPRESSAVG: 2100 0 0 0 0 0 0 0 0 0
ENERGY:    2100      1096.6885      1679.2989      2072.4381       163.3988            -40.6622      -783.2838         0.0000      5260.8825      2938.3045          12387.0652       295.0458      9448.7607     12409.3688       297.3816

PRESSURE: 2200 0 0 0 0 0 0 0 0 0
GPRESSURE: 2200 0 0 0 0 0 0 0 0 0
PRESSAVG: 2200 0 0 0 0 0 0 0 0 0
GPRESSAVG: 2200 0 0 0 0 0 0 0 0 0
ENERGY:    2200      1076.0276      1685.0872      2072.2420       160.5676            -41.0663      -829.3595         0.0000      5274.1571      3005.1427          12402.7984       301.7573      9397.6557     12427.3343       297.8315

PRESSURE: 2300 0 0 0 0 0 0 0 0 0
GPRESSURE: 2300 0 0 0 0 0 0 0 0 0
PRESSAVG: 2300 0 0 0 0 0 0 0 0 0
GPRESSAVG: 2300 0 0 0 0 0 0 0 0 0
ENERGY:    2300      1082.3845      1695.6512      2082.9609       164.2356            -41.0646      -799.4313         0.0000      5257.2811      3033.2499          12475.2673       304.5796      9442.0174     12500.0711       300.3998

PRESSURE: 2400 0 0 0 0 0 0 0 0 0
GPRESSURE: 2400 0 0 0 0 0 0 0 0 0
PRESSAVG: 2400 0 0 0 0 0 0 0 0 0
GPRESSAVG: 2400 0 0 0 0 0 0 0 0 0
ENERGY:    2400      1068.0855      1694.9094      2086.1665       155.8771            -40.6199      -785.6360         0.0000      5260.5078      2933.7348          12373.0253       294.5869      9439.2905     12397.4138       296.6500

PRESSURE: 2500 0 0 0 0 0 0 0 0 0
GPRESSURE: 2500 0 0 0 0 0 0 0 0 0
PRESSAVG: 2500 0 0 0 0 0 0 0 0 0
GPRESSAVG: 2500 0 0 0 0 0 0 0 0 0
ENERGY:    2500      1085.1013      1686.2761      2078.1326       157.3529            -39.7857      -821.5986         0.0000      5273.1944      2962.2199          12380.8929       297.4472      9418.6730     12405.6440       298.5161

PRESSURE: 2600 0 0 0 0 0 0 0 0 0
GPRESSURE: 2600 0 0 0 0 0 0 0 0 0
PRESSAVG: 2600 0 0 0 0 0 0 0 0 0
GPRESSAVG: 2600 0 0 0 0 0 0 0 0 0
ENERGY:    2600      1108.0470      1701.1412      2079.5284       152.0205            -40.9848      -826.3159         0.0000      5279.3631      2897.8132          12350.6128       290.9799      9452.7996     12373.4854       293.5779

PRESSURE: 2700 0 0 0 0 0 0 0 0 0
GPRESSURE: 2700 0 0 0 0 0 0 0 0 0
PRESSAVG: 2700 0 0 0 0 0 0 0 0 0
GPRESSAVG: 2700 0 0 0 0 0 0 0 0 0
ENERGY:    2700      1090.0387      1712.2573      2069.1784       153.0150            -40.7458      -842.8977         0.0000      5273.0845      2966.2066          12380.1371       297.8476      9413.9305     12406.0944       295.2424

PRESSURE: 2800 0 0 0 0 0 0 0 0 0
GPRESSURE: 2800 0 0 0 0 0 0 0 0 0
PRESSAVG: 2800 0 0 0 0 0 0 0 0 0
GPRESSAVG: 2800 0 0 0 0 0 0 0 0 0
ENERGY:    2800      1094.8986      1647.4576      2067.7491       146.1977            -41.9273      -788.1825         0.0000      5267.0119      2963.7498          12356.9550       297.6009      9393.2052     12378.9016       296.5259

PRESSURE: 2900 0 0 0 0 0 0 0 0 0
GPRESSURE: 2900 0 0 0 0 0 0 0 0 0
PRESSAVG: 2900 0 0 0 0 0 0 0 0 0
GPRESSAVG: 2900 0 0 0 0 0 0 0 0 0
ENERGY:    2900      1098.0528      1688.9199      2086.9070       158.9119            -42.4036      -813.5977         0.0000      5260.6144      2931.9979          12369.4026       294.4125      9437.4046     12389.9956       296.3726

WRITING COORDINATES TO DCD FILE adk-step1.dcd AT STEP 3000
WRITING COORDINATES TO RESTART FILE AT STEP 3000
FINISHED WRITING RESTART COORDINATES
The last position output (seq=3000) takes 0.003 seconds, 826.500 MB of memory in use
WRITING VELOCITIES TO RESTART FILE AT STEP 3000
FINISHED WRITING RESTART VELOCITIES
The last velocity output (seq=3000) takes 0.002 seconds, 826.500 MB of memory in use
PRESSURE: 3000 0 0 0 0 0 0 0 0 0
GPRESSURE: 3000 0 0 0 0 0 0 0 0 0
PRESSAVG: 3000 0 0 0 0 0 0 0 0 0
GPRESSAVG: 3000 0 0 0 0 0 0 0 0 0
TIMING: 3000  CPU: 1.52317, 0.000513119/step  Wall: 1.53955, 0.000521279/step, 0.0002896 hours remaining, 826.500000 MB of memory in use.
ETITLE:      TS           BOND          ANGLE          DIHED          IMPRP               ELECT            VDW       BOUNDARY           MISC        KINETIC               TOTAL           TEMP      POTENTIAL         TOTAL3        TEMPAVG

ENERGY:    3000      1068.5227      1694.7454      2094.7344       150.4559            -41.5163      -817.9477         0.0000      5261.7774      2991.9571          12402.7289       300.4333      9410.7718     12429.3019       296.4323

WRITING EXTENDED SYSTEM TO RESTART FILE AT STEP 3000
PRESSURE: 3100 0 0 0 0 0 0 0 0 0
GPRESSURE: 3100 0 0 0 0 0 0 0 0 0
PRESSAVG: 3100 0 0 0 0 0 0 0 0 0
GPRESSAVG: 3100 0 0 0 0 0 0 0 0 0
ENERGY:    3100      1051.6058      1696.4627      2100.6515       164.8038            -40.8341      -834.7339         0.0000      5251.3039      2949.0336          12338.2934       296.1232      9389.2598     12364.2622       296.7262

PRESSURE: 3200 0 0 0 0 0 0 0 0 0
GPRESSURE: 3200 0 0 0 0 0 0 0 0 0
PRESSAVG: 3200 0 0 0 0 0 0 0 0 0
GPRESSAVG: 3200 0 0 0 0 0 0 0 0 0
ENERGY:    3200      1086.5487      1646.1816      2102.2136       163.4415            -40.9835      -802.8410         0.0000      5259.8448      2911.7935          12326.1992       292.3837      9414.4057     12352.2607       295.6438

PRESSURE: 3300 0 0 0 0 0 0 0 0 0
GPRESSURE: 3300 0 0 0 0 0 0 0 0 0
PRESSAVG: 3300 0 0 0 0 0 0 0 0 0
GPRESSAVG: 3300 0 0 0 0 0 0 0 0 0
ENERGY:    3300      1097.8745      1674.4423      2104.4559       152.1512            -41.7134      -815.6803         0.0000      5255.6864      2893.4778          12320.6944       290.5446      9427.2166     12342.0875       292.9669

PRESSURE: 3400 0 0 0 0 0 0 0 0 0
GPRESSURE: 3400 0 0 0 0 0 0 0 0 0
PRESSAVG: 3400 0 0 0 0 0 0 0 0 0
GPRESSAVG: 3400 0 0 0 0 0 0 0 0 0
ENERGY:    3400      1072.8105      1704.1642      2084.8000       157.6652            -41.6192      -802.8089         0.0000      5255.8163      2934.9111          12365.7393       294.7051      9430.8282     12387.0475       295.6208

PRESSURE: 3500 0 0 0 0 0 0 0 0 0
GPRESSURE: 3500 0 0 0 0 0 0 0 0 0
PRESSAVG: 3500 0 0 0 0 0 0 0 0 0
GPRESSAVG: 3500 0 0 0 0 0 0 0 0 0
ENERGY:    3500      1116.3196      1678.7868      2094.1971       153.5770            -42.3870      -838.3144         0.0000      5271.7757      2931.2468          12365.2017       294.3371      9433.9549     12389.3324       295.2036

PRESSURE: 3600 0 0 0 0 0 0 0 0 0
GPRESSURE: 3600 0 0 0 0 0 0 0 0 0
PRESSAVG: 3600 0 0 0 0 0 0 0 0 0
GPRESSAVG: 3600 0 0 0 0 0 0 0 0 0
ENERGY:    3600      1092.0531      1677.2542      2070.2417       139.8930            -41.6594      -805.2048         0.0000      5275.4107      2954.2704          12362.2590       296.6490      9407.9886     12384.4512       294.7890

PRESSURE: 3700 0 0 0 0 0 0 0 0 0
GPRESSURE: 3700 0 0 0 0 0 0 0 0 0
PRESSAVG: 3700 0 0 0 0 0 0 0 0 0
GPRESSAVG: 3700 0 0 0 0 0 0 0 0 0
ENERGY:    3700      1103.5984      1664.0044      2095.7153       153.4218            -40.8874      -812.8922         0.0000      5280.4724      2932.6593          12376.0919       294.4790      9443.4327     12398.6592       295.1511

PRESSURE: 3800 0 0 0 0 0 0 0 0 0
GPRESSURE: 3800 0 0 0 0 0 0 0 0 0
PRESSAVG: 3800 0 0 0 0 0 0 0 0 0
GPRESSAVG: 3800 0 0 0 0 0 0 0 0 0
ENERGY:    3800      1098.6759      1673.4845      2099.0107       155.4033            -40.8372      -839.2459         0.0000      5285.0859      2930.4731          12362.0503       294.2594      9431.5772     12383.6209       295.5901

PRESSURE: 3900 0 0 0 0 0 0 0 0 0
GPRESSURE: 3900 0 0 0 0 0 0 0 0 0
PRESSAVG: 3900 0 0 0 0 0 0 0 0 0
GPRESSAVG: 3900 0 0 0 0 0 0 0 0 0
ENERGY:    3900      1120.0176      1663.4584      2086.5162       156.2724            -41.6525      -832.8584         0.0000      5281.4720      2990.4034          12423.6291       300.2773      9433.2257     12448.0180       296.9473

PRESSURE: 4000 0 0 0 0 0 0 0 0 0
GPRESSURE: 4000 0 0 0 0 0 0 0 0 0
PRESSAVG: 4000 0 0 0 0 0 0 0 0 0
GPRESSAVG: 4000 0 0 0 0 0 0 0 0 0
TIMING: 4000  CPU: 1.99559, 0.000472423/step  Wall: 2.01832, 0.000478762/step, 0.000132989 hours remaining, 826.500000 MB of memory in use.
ETITLE:      TS           BOND          ANGLE          DIHED          IMPRP               ELECT            VDW       BOUNDARY           MISC        KINETIC               TOTAL           TEMP      POTENTIAL         TOTAL3        TEMPAVG

ENERGY:    4000      1107.6391      1721.4353      2092.2303       156.6821            -41.6724      -832.3544         0.0000      5270.2101      2963.4206          12437.5906       297.5678      9474.1700     12462.6093       298.3446

WRITING EXTENDED SYSTEM TO RESTART FILE AT STEP 4000
WRITING COORDINATES TO DCD FILE adk-step1.dcd AT STEP 4000
WRITING COORDINATES TO RESTART FILE AT STEP 4000
FINISHED WRITING RESTART COORDINATES
The last position output (seq=4000) takes 0.002 seconds, 826.500 MB of memory in use
WRITING VELOCITIES TO RESTART FILE AT STEP 4000
FINISHED WRITING RESTART VELOCITIES
The last velocity output (seq=4000) takes 0.002 seconds, 826.500 MB of memory in use
PRESSURE: 4100 0 0 0 0 0 0 0 0 0
GPRESSURE: 4100 0 0 0 0 0 0 0 0 0
PRESSAVG: 4100 0 0 0 0 0 0 0 0 0
GPRESSAVG: 4100 0 0 0 0 0 0 0 0 0
ENERGY:    4100      1090.2785      1709.4187      2112.5855       166.8500            -41.6763      -798.9638         0.0000      5269.3371      2875.2299          12383.0596       288.7123      9507.8297     12408.9589       296.3841

PRESSURE: 4200 0 0 0 0 0 0 0 0 0
GPRESSURE: 4200 0 0 0 0 0 0 0 0 0
PRESSAVG: 4200 0 0 0 0 0 0 0 0 0
GPRESSAVG: 4200 0 0 0 0 0 0 0 0 0
ENERGY:    4200      1104.0055      1701.7468      2067.4826       162.1834            -41.3270      -837.4744         0.0000      5263.7422      2952.6641          12373.0232       296.4877      9420.3591     12396.4995       295.4880

LDB: ============= START OF LOAD BALANCING ============== 4.34355
LDB: ============== END OF LOAD BALANCING =============== 4.34363
Info: useSync: 0 useProxySync: 0
LDB: =============== DONE WITH MIGRATION ================ 4.34372
PRESSURE: 4300 0 0 0 0 0 0 0 0 0
GPRESSURE: 4300 0 0 0 0 0 0 0 0 0
PRESSAVG: 4300 0 0 0 0 0 0 0 0 0
GPRESSAVG: 4300 0 0 0 0 0 0 0 0 0
ENERGY:    4300      1120.9354      1745.6131      2076.3547       155.5628            -42.1247      -819.2648         0.0000      5265.7266      2864.6416          12367.4447       287.6490      9502.8031     12389.4212       296.7731

LDB: ============= START OF LOAD BALANCING ============== 4.39116
LDB: TIME 4.39141 LOAD: AVG 0.0138972 MAX 0.0364189  PROXIES: TOTAL 171 MAXPE 10 MAXPATCH 7 None MEM: 826.5 MB
LDB: TIME 4.39157 LOAD: AVG 0.0138972 MAX 0.0364189  PROXIES: TOTAL 171 MAXPE 10 MAXPATCH 7 RefineTorusLB MEM: 826.75 MB
LDB: TIME 4.39172 LOAD: AVG 0.0138972 MAX 0.0364189  PROXIES: TOTAL 171 MAXPE 10 MAXPATCH 7 RefineTorusLB MEM: 826.75 MB
LDB: ============== END OF LOAD BALANCING =============== 4.39194
Info: build node-aware spanning tree with send: 1, recv: 0 with branch factor 4
Info: useSync: 0 useProxySync: 0
LDB: =============== DONE WITH MIGRATION ================ 4.39267
PRESSURE: 4400 0 0 0 0 0 0 0 0 0
GPRESSURE: 4400 0 0 0 0 0 0 0 0 0
PRESSAVG: 4400 0 0 0 0 0 0 0 0 0
GPRESSAVG: 4400 0 0 0 0 0 0 0 0 0
ENERGY:    4400      1077.7198      1695.5246      2080.7382       148.0915            -40.9653      -825.9215         0.0000      5268.9445      2969.2392          12373.3710       298.1521      9404.1319     12397.8621       296.1145

PRESSURE: 4500 0 0 0 0 0 0 0 0 0
GPRESSURE: 4500 0 0 0 0 0 0 0 0 0
PRESSAVG: 4500 0 0 0 0 0 0 0 0 0
GPRESSAVG: 4500 0 0 0 0 0 0 0 0 0
ENERGY:    4500      1095.4296      1694.4880      2067.9966       152.2271            -41.1025      -841.7865         0.0000      5270.4203      2920.9200          12318.5926       293.3002      9397.6726     12344.5770       294.1946

PRESSURE: 4600 0 0 0 0 0 0 0 0 0
GPRESSURE: 4600 0 0 0 0 0 0 0 0 0
PRESSAVG: 4600 0 0 0 0 0 0 0 0 0
GPRESSAVG: 4600 0 0 0 0 0 0 0 0 0
ENERGY:    4600      1064.8891      1733.6396      2061.3623       156.0993            -41.3752      -816.7644         0.0000      5273.0124      2951.2237          12382.0869       296.3431      9430.8632     12406.8552       295.6008

PRESSURE: 4700 0 0 0 0 0 0 0 0 0
GPRESSURE: 4700 0 0 0 0 0 0 0 0 0
PRESSAVG: 4700 0 0 0 0 0 0 0 0 0
GPRESSAVG: 4700 0 0 0 0 0 0 0 0 0
ENERGY:    4700      1093.6414      1674.4243      2057.1467       137.9648            -40.8760      -811.1287         0.0000      5266.2743      2986.8279          12364.2746       299.9182      9377.4467     12389.9648       295.9765

PRESSURE: 4800 0 0 0 0 0 0 0 0 0
GPRESSURE: 4800 0 0 0 0 0 0 0 0 0
PRESSAVG: 4800 0 0 0 0 0 0 0 0 0
GPRESSAVG: 4800 0 0 0 0 0 0 0 0 0
ENERGY:    4800      1104.6380      1687.7880      2099.5147       158.8039            -41.2971      -807.0684         0.0000      5269.2800      2925.2946          12396.9538       293.7394      9471.6592     12419.3900       295.4655

PRESSURE: 4900 0 0 0 0 0 0 0 0 0
GPRESSURE: 4900 0 0 0 0 0 0 0 0 0
PRESSAVG: 4900 0 0 0 0 0 0 0 0 0
GPRESSAVG: 4900 0 0 0 0 0 0 0 0 0
ENERGY:    4900      1087.8270      1658.5584      2084.2970       165.7481            -40.6327      -825.7997         0.0000      5271.1299      2936.7356          12337.8635       294.8883      9401.1279     12363.7001       296.2610

PRESSURE: 5000 0 0 0 0 0 0 0 0 0
GPRESSURE: 5000 0 0 0 0 0 0 0 0 0
PRESSAVG: 5000 0 0 0 0 0 0 0 0 0
GPRESSAVG: 5000 0 0 0 0 0 0 0 0 0
TIMING: 5000  CPU: 2.47118, 0.000475591/step  Wall: 2.50192, 0.000483601/step, 0 hours remaining, 826.750000 MB of memory in use.
ETITLE:      TS           BOND          ANGLE          DIHED          IMPRP               ELECT            VDW       BOUNDARY           MISC        KINETIC               TOTAL           TEMP      POTENTIAL         TOTAL3        TEMPAVG

ENERGY:    5000      1102.8377      1735.8007      2064.8076       155.3487            -41.6906      -832.7856         0.0000      5271.2280      2941.0701          12396.6167       295.3235      9455.5465     12414.7894       297.0931

WRITING EXTENDED SYSTEM TO RESTART FILE AT STEP 5000
WRITING COORDINATES TO DCD FILE adk-step1.dcd AT STEP 5000
WRITING COORDINATES TO RESTART FILE AT STEP 5000
FINISHED WRITING RESTART COORDINATES
The last position output (seq=5000) takes 0.002 seconds, 827.438 MB of memory in use
WRITING VELOCITIES TO RESTART FILE AT STEP 5000
FINISHED WRITING RESTART VELOCITIES
The last velocity output (seq=5000) takes 0.002 seconds, 827.438 MB of memory in use
WRITING EXTENDED SYSTEM TO OUTPUT FILE AT STEP 5000
WRITING COORDINATES TO OUTPUT FILE AT STEP 5000
CLOSING COORDINATE DCD FILE adk-step1.dcd
The last position output (seq=-2) takes 0.004 seconds, 827.438 MB of memory in use
WRITING VELOCITIES TO OUTPUT FILE AT STEP 5000
====================================================

WallClock: 4.689922  CPUTime: 3.252875  Memory: 827.500000 MB
End of program
