1_18_cc.dat
/gpfs/alpine/bip115/scratch/hrlee/radical.pilot.sandbox/re.session.login1.hrlee.018632.0003/pilot.0000/staging_area/1_18_cc.dat
1, 18
Choosing optimized barrier algorithm name I0:HybridBinomial:SHMEM:P2P
Converse/Charm++ Commit ID: v6.10.2-0-g7bf00fa-namd-charm-6.10.2-build-2020-Aug-05-556
Warning> Randomization of virtual memory (ASLR) is turned on in the kernel, thread migration may not work! Run 'echo 0 > /proc/sys/kernel/randomize_va_space' as root to disable it, or try running with '+isomalloc_sync'.
CharmLB> Load balancer assumes all CPUs are same.
Charm++> Running on 1 hosts (1 sockets x 7 cores x 4 PUs = 28-way SMP)
Charm++> cpu topology info is gathered in 0.003 seconds.
Info: Built with CUDA version 10010
Did not find +devices i,j,k,... argument, using all
Pe 6 physical rank 6 will use CUDA device of pe 4
Pe 24 physical rank 24 will use CUDA device of pe 21
Pe 18 physical rank 18 will use CUDA device of pe 14
Pe 34 physical rank 34 will use CUDA device of pe 28
Pe 40 physical rank 40 will use CUDA device of pe 35
Pe 11 physical rank 11 will use CUDA device of pe 7
Pe 5 physical rank 5 will use CUDA device of pe 4
Pe 23 physical rank 23 will use CUDA device of pe 21
Pe 17 physical rank 17 will use CUDA device of pe 14
Pe 32 physical rank 32 will use CUDA device of pe 28
Pe 38 physical rank 38 will use CUDA device of pe 35
Pe 9 physical rank 9 will use CUDA device of pe 7
Pe 2 physical rank 2 will use CUDA device of pe 4
Pe 27 physical rank 27 will use CUDA device of pe 21
Pe 20 physical rank 20 will use CUDA device of pe 14
Pe 30 physical rank 30 will use CUDA device of pe 28
Pe 39 physical rank 39 will use CUDA device of pe 35
Pe 8 physical rank 8 will use CUDA device of pe 7
Pe 3 physical rank 3 will use CUDA device of pe 4
Pe 25 physical rank 25 will use CUDA device of pe 21
Pe 16 physical rank 16 will use CUDA device of pe 14
Pe 31 physical rank 31 will use CUDA device of pe 28
Pe 41 physical rank 41 will use CUDA device of pe 35
Pe 13 physical rank 13 will use CUDA device of pe 7
Pe 26 physical rank 26 will use CUDA device of pe 21
Pe 19 physical rank 19 will use CUDA device of pe 14
Pe 33 physical rank 33 will use CUDA device of pe 28
Pe 37 physical rank 37 will use CUDA device of pe 35
Pe 10 physical rank 10 will use CUDA device of pe 7
Pe 1 physical rank 1 will use CUDA device of pe 4
Pe 22 physical rank 22 will use CUDA device of pe 21
Pe 15 physical rank 15 will use CUDA device of pe 14
Pe 29 physical rank 29 will use CUDA device of pe 28
Pe 36 physical rank 36 will use CUDA device of pe 35
Pe 12 physical rank 12 will use CUDA device of pe 7
Pe 0 physical rank 0 will use CUDA device of pe 4
Pe 7 physical rank 7 binding to CUDA device 0 on h23n11: 'Tesla V100-SXM2-16GB'  Mem: 16128MB  Rev: 7.0  PCI: 4:5:0
Pe 4 physical rank 4 binding to CUDA device 0 on h23n11: 'Tesla V100-SXM2-16GB'  Mem: 16128MB  Rev: 7.0  PCI: 4:4:0
Pe 21 physical rank 21 binding to CUDA device 0 on h23n11: 'Tesla V100-SXM2-16GB'  Mem: 16128MB  Rev: 7.0  PCI: 35:3:0
Pe 14 physical rank 14 binding to CUDA device 0 on h23n11: 'Tesla V100-SXM2-16GB'  Mem: 16128MB  Rev: 7.0  PCI: 4:6:0
Pe 28 physical rank 28 binding to CUDA device 0 on h23n11: 'Tesla V100-SXM2-16GB'  Mem: 16128MB  Rev: 7.0  PCI: 35:4:0
Pe 35 physical rank 35 binding to CUDA device 0 on h23n11: 'Tesla V100-SXM2-16GB'  Mem: 16128MB  Rev: 7.0  PCI: 35:5:0
Info: NAMD 2.14 for Linux-POWER-pami-smp-Summit-CUDA
Info: 
Info: Please visit http://www.ks.uiuc.edu/Research/namd/
Info: for updates, documentation, and support information.
Info: 
Info: Please cite Phillips et al., J. Chem. Phys. 153:044130 (2020) doi:10.1063/5.0014475
Info: in all publications reporting results obtained with NAMD.
Info: 
Info: Based on Charm++/Converse 61002 for pami-linux-ppc64le-smp
Info: Built Wed Aug 5 14:28:51 EDT 2020 by jimp on login2
Info: 1 NAMD  2.14  Linux-POWER-pami-smp-Summit-CUDA  42    h23n11  hrlee
Info: Running on 42 processors, 6 nodes, 1 physical nodes.
Info: CPU topology information available.
Info: Charm++/Converse parallel runtime startup completed at 1.38187 s
CkLoopLib is used in SMP with simple dynamic scheduling (converse-level notification)
Info: 791.25 MB of memory in use based on /proc/self/stat
Info: Configuration file is adk-step1.namd
Info: Working in the current directory /gpfs/alpine/bip115/scratch/hrlee/radical.pilot.sandbox/re.session.login1.hrlee.018632.0003/pilot.0000/unit.001268
TCL: Suspending until startup complete.
Info: SIMULATION PARAMETERS:
Info: TIMESTEP               1
Info: NUMBER OF STEPS        0
Info: STEPS PER CYCLE        20
Info: LOAD BALANCER  Centralized
Info: LOAD BALANCING STRATEGY  New Load Balancers -- DEFAULT
Info: LDB PERIOD             4000 steps
Info: FIRST LDB TIMESTEP     100
Info: LAST LDB TIMESTEP     -1
Info: LDB BACKGROUND SCALING 1
Info: HOM BACKGROUND SCALING 1
Info: MIN ATOMS PER PATCH    40
Info: VELOCITY FILE          1_18_adk-step1.restart.vel
Info: CENTER OF MASS MOVING INITIALLY? NO
Info: DIELECTRIC             80
Info: EXCLUDE                SCALED ONE-FOUR
Info: 1-4 ELECTROSTATICS SCALED BY 1
Info: MODIFIED 1-4 VDW PARAMETERS WILL BE USED
Info: DCD FILENAME           adk-step1.dcd
Info: DCD FREQUENCY          1000
Info: DCD FIRST STEP         1000
Info: NO EXTENDED SYSTEM TRAJECTORY OUTPUT
Info: NO VELOCITY DCD OUTPUT
Info: NO FORCE DCD OUTPUT
Info: OUTPUT FILENAME        adk-step1
Info: BINARY OUTPUT FILES WILL BE USED
Info: RESTART FILENAME       adk-step1.restart
Info: RESTART FREQUENCY      1000
Info: BINARY RESTART FILES WILL BE USED
Info: SWITCHING ACTIVE
Info: SWITCHING ON           9
Info: SWITCHING OFF          10
Info: PAIRLIST DISTANCE      11
Info: PAIRLIST SHRINK RATE   0.01
Info: PAIRLIST GROW RATE     0.01
Info: PAIRLIST TRIGGER       0.3
Info: PAIRLISTS PER CYCLE    2
Info: PAIRLISTS ENABLED
Info: MARGIN                 0
Info: HYDROGEN GROUP CUTOFF  2.5
Info: PATCH DIMENSION        13.5
Info: ENERGY OUTPUT STEPS    100
Info: CROSSTERM ENERGY INCLUDED IN DIHEDRAL
Info: TIMING OUTPUT STEPS    1000
Info: PRESSURE OUTPUT STEPS  100
Info: GRID FORCE ACTIVE
Info:  Please include this reference in published work using
Info:  the Gridforce module of NAMD: David Wells, Volha Abramkina,
Info:  and Aleksei Aksimentiev, J. Chem. Phys. 127:125101-10 (2007).
Info: MGRIDFORCE key 0
Info:            Potfile 4ake-target_autopsf-grid.dx
Info:            Scale 0.3 0.3 0.3
Info:            File 1ake-docked-noh_autopsf-grid.pdb
Info:            Col O
Info:            ChargeCol B
Info:            VOffset 0 0 0
Info:            Continuous K1 FALSE
Info:            Continuous K2 FALSE
Info:            Continuous K3 FALSE
Info:            Volts FALSE
Info:            Gridforce-Lite FALSE
Info:            Gridforce-CheckSize TRUE
Info: LANGEVIN DYNAMICS ACTIVE
Info: LANGEVIN TEMPERATURE   300
Info: LANGEVIN USING BBK INTEGRATOR
Info: LANGEVIN DAMPING COEFFICIENT IS 5 INVERSE PS
Info: LANGEVIN DYNAMICS NOT APPLIED TO HYDROGENS
Info: USING VERLET I (r-RESPA) MTS SCHEME.
Info: C1 SPLITTING OF LONG RANGE ELECTROSTATICS
Info: PLACING ATOMS IN PATCHES BY HYDROGEN GROUPS
Info: RIGID BONDS TO HYDROGEN : WATER
Info:         ERROR TOLERANCE : 1e-08
Info:          MAX ITERATIONS : 100
Info: RIGID WATER USING SETTLE ALGORITHM
Info: NONBONDED FORCES EVALUATED EVERY 2 STEPS
Info: RANDOM NUMBER SEED     1609822901
Info: USE HYDROGEN BONDS?    NO
Info: COORDINATE PDB         1ake-docked-noh_autopsf.pdb
Info: STRUCTURE FILE         1ake-docked-noh_autopsf.psf
Info: PARAMETER file: CHARMM format! 
Info: PARAMETERS             par_all36_prot.prm
Info: USING ARITHMETIC MEAN TO COMBINE L-J SIGMA PARAMETERS
Info: BINARY COORDINATES     1_18_adk-step1.restart.coor
Info: SUMMARY OF PARAMETERS:
Info: 132 BONDS
Info: 362 ANGLES
Info: 702 DIHEDRAL
Info: 35 IMPROPER
Info: 6 CROSSTERM
Info: 53 VDW
Info: 0 VDW_PAIRS
Info: 0 NBTHOLE_PAIRS
Info: TIME FOR READING PSF FILE: 0.373126
Info: READING EXTRA BONDS FILE 1ake-extrabonds.txt
Info: READING EXTRA BONDS FILE 1ake-extrabonds-cispeptide.txt
Info: READING EXTRA BONDS FILE 1ake-extrabonds-chirality.txt
Info: READ 80 EXTRA BONDS
Info: READ 80 EXTRA ANGLES
Warning: EXTRA ANGLES ARE COSINE-BASED BY DEFAULT TO MATCH PREVIOUS VERSIONS
Warning: FOR NORMAL HARMONIC EXTRA ANGLES SET extraBondsCosAngles off
Info: READ 493 EXTRA DIHEDRALS
Info: READ 438 EXTRA IMPROPERS
Info: Reading pdb file 1ake-docked-noh_autopsf.pdb
Info: TIME FOR READING PDB FILE: 0.0605653
Info: 
Info: ****************************
Info: STRUCTURE SUMMARY:
Info: 3341 ATOMS
Info: 3445 BONDS
Info: 6203 ANGLES
Info: 9414 DIHEDRALS
Info: 1005 IMPROPERS
Info: 212 CROSSTERMS
Info: 0 EXCLUSIONS
Info: 0 RIGID BONDS
Info: 1 GRIDS ACTIVE
Info: 10023 DEGREES OF FREEDOM
Info: 1656 HYDROGEN GROUPS
Info: 4 ATOMS IN LARGEST HYDROGEN GROUP
Info: 1656 MIGRATION GROUPS
Info: 4 ATOMS IN LARGEST MIGRATION GROUP
Info: TOTAL MASS = 23582 amu
Info: TOTAL CHARGE = -4 e
Info: *****************************
Info: Reading from binary file 1_18_adk-step1.restart.coor
Info: 
Info: Entering startup at 2.36174 s, 798.375 MB of memory in use
Info: Startup phase 0 took 0.000212061 s, 798.5 MB of memory in use
Info: ADDED 18308 IMPLICIT EXCLUSIONS
Info: Startup phase 1 took 0.00882828 s, 798.625 MB of memory in use
Info: NONBONDED TABLE R-SQUARED SPACING: 0.0625
Info: NONBONDED TABLE SIZE: 705 POINTS
Info: ABSOLUTE IMPRECISION IN FAST TABLE ENERGY: 3.38813e-21 AT 9.89634
Info: RELATIVE IMPRECISION IN FAST TABLE ENERGY: 4.23384e-15 AT 9.94673
Info: ABSOLUTE IMPRECISION IN FAST TABLE FORCE: 6.35275e-22 AT 9.94673
Info: RELATIVE IMPRECISION IN FAST TABLE FORCE: 5.07982e-16 AT 9.94673
Info: INCONSISTENCY IN FAST TABLE ENERGY VS FORCE: 0.000290185 AT 0.251946
Info: ABSOLUTE IMPRECISION IN VDWA TABLE ENERGY: 1.57772e-30 AT 9.89634
Info: RELATIVE IMPRECISION IN VDWA TABLE ENERGY: 4.54938e-15 AT 9.94673
Info: ABSOLUTE IMPRECISION IN VDWA TABLE FORCE: 5.91646e-31 AT 9.94673
Info: RELATIVE IMPRECISION IN VDWA TABLE FORCE: 5.6823e-16 AT 9.94673
Info: INCONSISTENCY IN VDWA TABLE ENERGY VS FORCE: 0.0040507 AT 0.251946
Info: ABSOLUTE IMPRECISION IN VDWB TABLE ENERGY: 4.71751e-25 AT 9.94673
Info: RELATIVE IMPRECISION IN VDWB TABLE ENERGY: 1.45371e-14 AT 9.94673
Info: ABSOLUTE IMPRECISION IN VDWB TABLE FORCE: 6.20385e-25 AT 9.94673
Info: RELATIVE IMPRECISION IN VDWB TABLE FORCE: 5.97512e-16 AT 9.94673
Info: INCONSISTENCY IN VDWB TABLE ENERGY VS FORCE: 0.00377068 AT 9.07951
Info: Startup phase 2 took 0.000451829 s, 799.75 MB of memory in use
Info: Startup phase 3 took 0.000167381 s, 799.75 MB of memory in use
Info: Startup phase 4 took 0.000263408 s, 799.875 MB of memory in use
Info: Startup phase 5 took 0.000154688 s, 799.938 MB of memory in use
Info: ORIGINAL ATOMS MINMAX IS -21.767 -33.6723 -37.3001  17.1413 22.8099 15.5794
Info: ADJUSTED ATOMS MINMAX IS -15.8126 -28.1986 -32.9009  11.5938 15.7656 8.35672
Info: PATCH GRID IS 3 BY 4 BY 4
Info: PATCH GRID IS 1-AWAY BY 1-AWAY BY 1-AWAY
Info: Reading from binary file 1_18_adk-step1.restart.vel
Info: REMOVING COM VELOCITY -0.0797745 -0.00910171 0.0676327
Info: LARGEST PATCH (16) HAS 232 ATOMS
Info: TORUS A SIZE 1 USING 0
Info: TORUS B SIZE 1 USING 0
Info: TORUS C SIZE 1 USING 0
Info: TORUS MINIMAL MESH SIZE IS 1 BY 1 BY 1
Info: Placed 100% of base nodes on same physical node as patch
Info: Startup phase 6 took 0.00857089 s, 800.125 MB of memory in use
Info: Startup phase 7 took 0.000187853 s, 800.938 MB of memory in use
Info: Updated CUDA force table with 4096 elements.
Info: Updated CUDA LJ table with 53 x 53 elements.
Info: Updated CUDA force table with 4096 elements.
Info: Updated CUDA LJ table with 53 x 53 elements.
Info: Updated CUDA force table with 4096 elements.
Info: Updated CUDA force table with 4096 elements.
Info: Updated CUDA LJ table with 53 x 53 elements.
Info: Updated CUDA LJ table with 53 x 53 elements.
Info: Updated CUDA force table with 4096 elements.
Info: Updated CUDA force table with 4096 elements.
Info: Updated CUDA LJ table with 53 x 53 elements.
Info: Updated CUDA LJ table with 53 x 53 elements.
Info: Startup phase 8 took 0.00334927 s, 801.125 MB of memory in use
Info: Startup phase 9 took 0.000344723 s, 801.25 MB of memory in use
Info: Startup phase 10 took 0.000165947 s, 801.312 MB of memory in use
Info: Startup phase 11 took 0.000884716 s, 801.5 MB of memory in use
LDB: Central LB being created...
Info: Startup phase 12 took 0.00219276 s, 802.688 MB of memory in use
Info: CREATING 1046 COMPUTE OBJECTS
Info: Found 278 unique exclusion lists needing 900 bytes
Info: Found 278 unique exclusion lists needing 900 bytes
Info: Found 278 unique exclusion lists needing 900 bytes
Info: Found 278 unique exclusion lists needing 900 bytes
Info: Found 278 unique exclusion lists needing 900 bytes
Info: Found 278 unique exclusion lists needing 900 bytes
Info: useSync: 0 useProxySync: 0
Info: Startup phase 13 took 0.0164367 s, 803.438 MB of memory in use
Info: Building spanning tree ... send: 1 recv: 0 with branch factor 4
Info: Startup phase 14 took 0.000229073 s, 803.625 MB of memory in use
Info: Startup phase 15 took 0.000201122 s, 803.75 MB of memory in use
Info: Finished startup at 2.40438 s, 803.938 MB of memory in use

TCL: Running for 5000 steps
PRESSURE: 0 0 0 0 0 0 0 0 0 0
GPRESSURE: 0 0 0 0 0 0 0 0 0 0
ETITLE:      TS           BOND          ANGLE          DIHED          IMPRP               ELECT            VDW       BOUNDARY           MISC        KINETIC               TOTAL           TEMP      POTENTIAL         TOTAL3        TEMPAVG

ENERGY:       0      1106.3836      1696.6477      2109.7278       149.9602            -41.9031      -778.3637         0.0000      3701.4969      2949.3396          10893.2891       296.1539      7943.9494     10918.3498       296.1539

LDB: ============= START OF LOAD BALANCING ============== 2.42288
LDB: ============== END OF LOAD BALANCING =============== 2.42293
Info: useSync: 0 useProxySync: 0
LDB: =============== DONE WITH MIGRATION ================ 2.42303
LDB: ============= START OF LOAD BALANCING ============== 2.48707
LDB: Partitioning computes with target load 0.000000
LDB: Increased migratable compute count from 0 to 0
LDB: Largest unpartitionable compute is 0.000000
LDB: ============== END OF LOAD BALANCING =============== 2.48732
Info: build node-aware spanning tree with send: 1, recv: 0 with branch factor 4
Info: useSync: 0 useProxySync: 0
LDB: =============== DONE WITH MIGRATION ================ 2.48809
PRESSURE: 100 0 0 0 0 0 0 0 0 0
GPRESSURE: 100 0 0 0 0 0 0 0 0 0
PRESSAVG: 100 0 0 0 0 0 0 0 0 0
GPRESSAVG: 100 0 0 0 0 0 0 0 0 0
Info: Initial time: 42 CPUs 0.000806495 s/step 0.00933443 days/ns 819.375 MB memory
ENERGY:     100      1141.8345      1751.8956      2110.7420       141.4658            -42.1374      -804.0564         0.0000      3697.2269      2925.8773          10922.8483       293.7979      7996.9711     10945.7286       299.8371

LDB: ============= START OF LOAD BALANCING ============== 2.50437
LDB: ============== END OF LOAD BALANCING =============== 2.5044
Info: useSync: 0 useProxySync: 0
LDB: =============== DONE WITH MIGRATION ================ 2.50449
LDB: ============= START OF LOAD BALANCING ============== 2.5687
LDB: TIME 2.56894 LOAD: AVG 0.0138222 MAX 0.0526379  PROXIES: TOTAL 182 MAXPE 10 MAXPATCH 7 None MEM: 821.875 MB
LDB: TIME 2.56907 LOAD: AVG 0.0138222 MAX 0.0526379  PROXIES: TOTAL 182 MAXPE 10 MAXPATCH 7 TorusLB MEM: 822 MB
LDB: ============== END OF LOAD BALANCING =============== 2.56926
Info: build node-aware spanning tree with send: 1, recv: 0 with branch factor 4
Info: useSync: 0 useProxySync: 0
LDB: =============== DONE WITH MIGRATION ================ 2.56998
PRESSURE: 200 0 0 0 0 0 0 0 0 0
GPRESSURE: 200 0 0 0 0 0 0 0 0 0
PRESSAVG: 200 0 0 0 0 0 0 0 0 0
GPRESSAVG: 200 0 0 0 0 0 0 0 0 0
Info: Initial time: 42 CPUs 0.000802397 s/step 0.00928701 days/ns 822 MB memory
ENERGY:     200      1103.9281      1730.9702      2094.0817       155.1562            -42.6501      -782.4809         0.0000      3702.9627      2998.3813          10960.3493       301.0783      7961.9679     10983.0817       301.4186

LDB: ============= START OF LOAD BALANCING ============== 2.64997
LDB: TIME 2.65019 LOAD: AVG 0.0171377 MAX 0.0659926  PROXIES: TOTAL 182 MAXPE 10 MAXPATCH 7 None MEM: 823.188 MB
LDB: TIME 2.65032 LOAD: AVG 0.0171377 MAX 0.0659926  PROXIES: TOTAL 182 MAXPE 10 MAXPATCH 7 RefineTorusLB MEM: 823.25 MB
LDB: TIME 2.65046 LOAD: AVG 0.0171377 MAX 0.0659926  PROXIES: TOTAL 182 MAXPE 10 MAXPATCH 7 RefineTorusLB MEM: 823.25 MB
LDB: Reverting to original mapping
LDB: ============== END OF LOAD BALANCING =============== 2.6507
Info: build node-aware spanning tree with send: 1, recv: 0 with branch factor 4
Info: useSync: 0 useProxySync: 0
LDB: =============== DONE WITH MIGRATION ================ 2.65146
PRESSURE: 300 0 0 0 0 0 0 0 0 0
GPRESSURE: 300 0 0 0 0 0 0 0 0 0
PRESSAVG: 300 0 0 0 0 0 0 0 0 0
GPRESSAVG: 300 0 0 0 0 0 0 0 0 0
Info: Initial time: 42 CPUs 0.000798811 s/step 0.00924549 days/ns 823.25 MB memory
ENERGY:     300      1133.3970      1678.4056      2129.0802       152.4902            -41.0018      -787.4981         0.0000      3711.3547      2979.7113          10955.9392       299.2036      7976.2279     10980.3779       301.1203

LDB: ============= START OF LOAD BALANCING ============== 2.73115
LDB: TIME 2.73137 LOAD: AVG 0.0168435 MAX 0.0663374  PROXIES: TOTAL 182 MAXPE 10 MAXPATCH 7 None MEM: 824.25 MB
LDB: TIME 2.73155 LOAD: AVG 0.0168435 MAX 0.0663374  PROXIES: TOTAL 182 MAXPE 10 MAXPATCH 7 RefineTorusLB MEM: 824.25 MB
LDB: TIME 2.73169 LOAD: AVG 0.0168435 MAX 0.0663374  PROXIES: TOTAL 182 MAXPE 10 MAXPATCH 7 RefineTorusLB MEM: 824.25 MB
LDB: ============== END OF LOAD BALANCING =============== 2.73192
Info: build node-aware spanning tree with send: 1, recv: 0 with branch factor 4
Info: useSync: 0 useProxySync: 0
LDB: =============== DONE WITH MIGRATION ================ 2.73269
PRESSURE: 400 0 0 0 0 0 0 0 0 0
GPRESSURE: 400 0 0 0 0 0 0 0 0 0
PRESSAVG: 400 0 0 0 0 0 0 0 0 0
GPRESSAVG: 400 0 0 0 0 0 0 0 0 0
Info: Benchmark time: 42 CPUs 0.000795373 s/step 0.00920571 days/ns 824.25 MB memory
ENERGY:     400      1120.3189      1689.0000      2096.8626       151.9694            -40.0318      -786.5326         0.0000      3718.1128      3013.5493          10963.2486       302.6014      7949.6993     10988.1266       301.9324

PRESSURE: 500 0 0 0 0 0 0 0 0 0
GPRESSURE: 500 0 0 0 0 0 0 0 0 0
PRESSAVG: 500 0 0 0 0 0 0 0 0 0
GPRESSAVG: 500 0 0 0 0 0 0 0 0 0
Info: Benchmark time: 42 CPUs 0.000794404 s/step 0.00919449 days/ns 825.25 MB memory
ENERGY:     500      1095.3934      1658.5963      2111.4461       149.5713            -40.9488      -782.9181         0.0000      3736.1060      3079.9139          11007.1601       309.2653      7927.2462     11031.9727       302.6499

PRESSURE: 600 0 0 0 0 0 0 0 0 0
GPRESSURE: 600 0 0 0 0 0 0 0 0 0
PRESSAVG: 600 0 0 0 0 0 0 0 0 0
GPRESSAVG: 600 0 0 0 0 0 0 0 0 0
Info: Benchmark time: 42 CPUs 0.000787229 s/step 0.00911145 days/ns 825.25 MB memory
ENERGY:     600      1121.8966      1682.0562      2083.5286       160.1483            -40.6750      -772.2353         0.0000      3738.4670      3094.9049          11068.0913       310.7706      7973.1864     11094.2372       305.1133

PRESSURE: 700 0 0 0 0 0 0 0 0 0
GPRESSURE: 700 0 0 0 0 0 0 0 0 0
PRESSAVG: 700 0 0 0 0 0 0 0 0 0
GPRESSAVG: 700 0 0 0 0 0 0 0 0 0
Info: Benchmark time: 42 CPUs 0.000790443 s/step 0.00914865 days/ns 825.25 MB memory
ENERGY:     700      1166.0023      1760.6978      2083.4335       154.5488            -41.2836      -795.7385         0.0000      3729.7289      3014.0544          11071.4437       302.6521      8057.3892     11093.4008       308.0217

PRESSURE: 800 0 0 0 0 0 0 0 0 0
GPRESSURE: 800 0 0 0 0 0 0 0 0 0
PRESSAVG: 800 0 0 0 0 0 0 0 0 0
GPRESSAVG: 800 0 0 0 0 0 0 0 0 0
Info: Benchmark time: 42 CPUs 0.000785256 s/step 0.00908862 days/ns 825.25 MB memory
ENERGY:     800      1145.4196      1766.2865      2091.6775       153.8046            -40.8972      -790.9125         0.0000      3720.6388      3046.1886          11092.2058       305.8788      8046.0172     11117.4328       308.3164

PRESSURE: 900 0 0 0 0 0 0 0 0 0
GPRESSURE: 900 0 0 0 0 0 0 0 0 0
PRESSAVG: 900 0 0 0 0 0 0 0 0 0
GPRESSAVG: 900 0 0 0 0 0 0 0 0 0
Info: Benchmark time: 42 CPUs 0.000793101 s/step 0.00917941 days/ns 825.25 MB memory
ENERGY:     900      1111.5868      1796.9015      2072.1907       151.9139            -41.9277      -814.3417         0.0000      3719.7065      3030.4288          11026.4588       304.2964      7996.0300     11056.4976       307.4753

PRESSURE: 1000 0 0 0 0 0 0 0 0 0
GPRESSURE: 1000 0 0 0 0 0 0 0 0 0
PRESSAVG: 1000 0 0 0 0 0 0 0 0 0
GPRESSAVG: 1000 0 0 0 0 0 0 0 0 0
TIMING: 1000  CPU: 0.822632, 0.000802797/step  Wall: 0.82279, 0.000802241/step, 0.000891379 hours remaining, 825.250000 MB of memory in use.
ETITLE:      TS           BOND          ANGLE          DIHED          IMPRP               ELECT            VDW       BOUNDARY           MISC        KINETIC               TOTAL           TEMP      POTENTIAL         TOTAL3        TEMPAVG

ENERGY:    1000      1175.2809      1710.2299      2105.5529       152.1281            -41.1714      -802.9767         0.0000      3726.9369      2980.4758          11006.4562       299.2804      8025.9804     11030.7213       304.2013

WRITING EXTENDED SYSTEM TO RESTART FILE AT STEP 1000
OPENING COORDINATE DCD FILE
WRITING COORDINATES TO DCD FILE adk-step1.dcd AT STEP 1000
WRITING COORDINATES TO RESTART FILE AT STEP 1000
FINISHED WRITING RESTART COORDINATES
The last position output (seq=1000) takes 0.004 seconds, 825.375 MB of memory in use
WRITING VELOCITIES TO RESTART FILE AT STEP 1000
FINISHED WRITING RESTART VELOCITIES
The last velocity output (seq=1000) takes 0.002 seconds, 825.375 MB of memory in use
PRESSURE: 1100 0 0 0 0 0 0 0 0 0
GPRESSURE: 1100 0 0 0 0 0 0 0 0 0
PRESSAVG: 1100 0 0 0 0 0 0 0 0 0
GPRESSAVG: 1100 0 0 0 0 0 0 0 0 0
ENERGY:    1100      1127.4810      1644.5289      2092.1569       156.9665            -42.0906      -789.7382         0.0000      3739.7819      3069.3097          10998.3961       308.2005      7929.0864     11022.4455       304.6189

PRESSURE: 1200 0 0 0 0 0 0 0 0 0
GPRESSURE: 1200 0 0 0 0 0 0 0 0 0
PRESSAVG: 1200 0 0 0 0 0 0 0 0 0
GPRESSAVG: 1200 0 0 0 0 0 0 0 0 0
ENERGY:    1200      1122.1035      1703.8519      2087.4944       154.9625            -42.4958      -781.6149         0.0000      3737.0668      3014.8086          10996.1770       302.7279      7981.3684     11018.8334       302.5287

PRESSURE: 1300 0 0 0 0 0 0 0 0 0
GPRESSURE: 1300 0 0 0 0 0 0 0 0 0
PRESSAVG: 1300 0 0 0 0 0 0 0 0 0
GPRESSAVG: 1300 0 0 0 0 0 0 0 0 0
ENERGY:    1300      1129.2852      1702.0957      2113.8153       150.3441            -41.6268      -781.4818         0.0000      3737.8477      2982.0132          10992.2926       299.4348      8010.2794     11015.0653       304.0612

PRESSURE: 1400 0 0 0 0 0 0 0 0 0
GPRESSURE: 1400 0 0 0 0 0 0 0 0 0
PRESSAVG: 1400 0 0 0 0 0 0 0 0 0
GPRESSAVG: 1400 0 0 0 0 0 0 0 0 0
ENERGY:    1400      1143.5233      1704.9748      2071.4027       141.1171            -41.1650      -781.6470         0.0000      3734.8044      2998.0082          10971.0186       301.0409      7973.0104     10998.9464       301.6497

PRESSURE: 1500 0 0 0 0 0 0 0 0 0
GPRESSURE: 1500 0 0 0 0 0 0 0 0 0
PRESSAVG: 1500 0 0 0 0 0 0 0 0 0
GPRESSAVG: 1500 0 0 0 0 0 0 0 0 0
ENERGY:    1500      1124.7058      1647.2191      2092.9143       144.7321            -41.4543      -756.4581         0.0000      3722.3401      3048.0296          10982.0285       306.0637      7933.9990     11007.3852       301.6576

PRESSURE: 1600 0 0 0 0 0 0 0 0 0
GPRESSURE: 1600 0 0 0 0 0 0 0 0 0
PRESSAVG: 1600 0 0 0 0 0 0 0 0 0
GPRESSAVG: 1600 0 0 0 0 0 0 0 0 0
ENERGY:    1600      1115.6683      1707.8835      2090.5974       166.3419            -42.0590      -790.8456         0.0000      3710.3802      3005.5699          10963.5366       301.8002      7957.9667     10989.1770       303.8607

PRESSURE: 1700 0 0 0 0 0 0 0 0 0
GPRESSURE: 1700 0 0 0 0 0 0 0 0 0
PRESSAVG: 1700 0 0 0 0 0 0 0 0 0
GPRESSAVG: 1700 0 0 0 0 0 0 0 0 0
ENERGY:    1700      1120.3285      1701.2277      2093.2928       148.1776            -42.6571      -798.3636         0.0000      3711.6030      3029.8126          10963.4215       304.2345      7933.6090     10989.1531       303.2570

PRESSURE: 1800 0 0 0 0 0 0 0 0 0
GPRESSURE: 1800 0 0 0 0 0 0 0 0 0
PRESSAVG: 1800 0 0 0 0 0 0 0 0 0
GPRESSAVG: 1800 0 0 0 0 0 0 0 0 0
ENERGY:    1800      1079.5812      1716.2067      2058.0315       163.4431            -42.9161      -775.1832         0.0000      3717.0012      3034.6636          10950.8281       304.7216      7916.1645     10977.0198       303.8388

PRESSURE: 1900 0 0 0 0 0 0 0 0 0
GPRESSURE: 1900 0 0 0 0 0 0 0 0 0
PRESSAVG: 1900 0 0 0 0 0 0 0 0 0
GPRESSAVG: 1900 0 0 0 0 0 0 0 0 0
ENERGY:    1900      1104.1747      1704.7009      2084.1087       151.8932            -42.8727      -801.1227         0.0000      3716.6942      3011.4171          10928.9934       302.3873      7917.5763     10955.8226       299.6533

PRESSURE: 2000 0 0 0 0 0 0 0 0 0
GPRESSURE: 2000 0 0 0 0 0 0 0 0 0
PRESSAVG: 2000 0 0 0 0 0 0 0 0 0
GPRESSAVG: 2000 0 0 0 0 0 0 0 0 0
TIMING: 2000  CPU: 1.61493, 0.000792295/step  Wall: 1.62483, 0.000802037/step, 0.000668364 hours remaining, 825.375000 MB of memory in use.
ETITLE:      TS           BOND          ANGLE          DIHED          IMPRP               ELECT            VDW       BOUNDARY           MISC        KINETIC               TOTAL           TEMP      POTENTIAL         TOTAL3        TEMPAVG

ENERGY:    2000      1104.3006      1699.0502      2103.0619       159.6209            -44.2397      -790.2930         0.0000      3708.9027      2981.7064          10922.1101       299.4040      7940.4037     10945.1098       301.0475

WRITING EXTENDED SYSTEM TO RESTART FILE AT STEP 2000
WRITING COORDINATES TO DCD FILE adk-step1.dcd AT STEP 2000
WRITING COORDINATES TO RESTART FILE AT STEP 2000
FINISHED WRITING RESTART COORDINATES
The last position output (seq=2000) takes 0.003 seconds, 825.438 MB of memory in use
WRITING VELOCITIES TO RESTART FILE AT STEP 2000
FINISHED WRITING RESTART VELOCITIES
The last velocity output (seq=2000) takes 0.002 seconds, 825.438 MB of memory in use
PRESSURE: 2100 0 0 0 0 0 0 0 0 0
GPRESSURE: 2100 0 0 0 0 0 0 0 0 0
PRESSAVG: 2100 0 0 0 0 0 0 0 0 0
GPRESSAVG: 2100 0 0 0 0 0 0 0 0 0
ENERGY:    2100      1128.9561      1665.6607      2092.0698       158.4856            -43.1490      -771.1956         0.0000      3726.8708      2966.6415          10924.3399       297.8912      7957.6983     10946.0055       300.3630

PRESSURE: 2200 0 0 0 0 0 0 0 0 0
GPRESSURE: 2200 0 0 0 0 0 0 0 0 0
PRESSAVG: 2200 0 0 0 0 0 0 0 0 0
GPRESSAVG: 2200 0 0 0 0 0 0 0 0 0
ENERGY:    2200      1103.3321      1683.8380      2077.3326       160.0796            -42.8104      -794.2290         0.0000      3734.4078      2984.3413          10906.2919       299.6685      7921.9506     10929.0815       299.4796

PRESSURE: 2300 0 0 0 0 0 0 0 0 0
GPRESSURE: 2300 0 0 0 0 0 0 0 0 0
PRESSAVG: 2300 0 0 0 0 0 0 0 0 0
GPRESSAVG: 2300 0 0 0 0 0 0 0 0 0
ENERGY:    2300      1163.9174      1635.2090      2090.8687       153.4254            -43.3859      -787.3041         0.0000      3739.2285      2930.2792          10882.2382       294.2400      7951.9590     10905.4221       297.4872

PRESSURE: 2400 0 0 0 0 0 0 0 0 0
GPRESSURE: 2400 0 0 0 0 0 0 0 0 0
PRESSAVG: 2400 0 0 0 0 0 0 0 0 0
GPRESSAVG: 2400 0 0 0 0 0 0 0 0 0
ENERGY:    2400      1111.7414      1680.5685      2063.5122       147.9931            -43.5815      -781.5965         0.0000      3728.6139      2991.2650          10898.5161       300.3638      7907.2512     10923.7660       297.7255

PRESSURE: 2500 0 0 0 0 0 0 0 0 0
GPRESSURE: 2500 0 0 0 0 0 0 0 0 0
PRESSAVG: 2500 0 0 0 0 0 0 0 0 0
GPRESSAVG: 2500 0 0 0 0 0 0 0 0 0
ENERGY:    2500      1060.7630      1677.6040      2110.6185       138.4696            -43.3873      -770.2011         0.0000      3725.6160      2958.1922          10857.6749       297.0428      7899.4828     10883.8601       295.8113

PRESSURE: 2600 0 0 0 0 0 0 0 0 0
GPRESSURE: 2600 0 0 0 0 0 0 0 0 0
PRESSAVG: 2600 0 0 0 0 0 0 0 0 0
GPRESSAVG: 2600 0 0 0 0 0 0 0 0 0
ENERGY:    2600      1119.8909      1694.0067      2087.5585       164.3566            -42.6159      -799.0985         0.0000      3724.3428      2933.0861          10881.5272       294.5218      7948.4411     10910.1820       297.3129

PRESSURE: 2700 0 0 0 0 0 0 0 0 0
GPRESSURE: 2700 0 0 0 0 0 0 0 0 0
PRESSAVG: 2700 0 0 0 0 0 0 0 0 0
GPRESSAVG: 2700 0 0 0 0 0 0 0 0 0
ENERGY:    2700      1113.2236      1618.5008      2097.2650       153.0204            -43.5076      -780.9126         0.0000      3713.5770      2934.3347          10805.5013       294.6472      7871.1666     10828.8401       297.0490

PRESSURE: 2800 0 0 0 0 0 0 0 0 0
GPRESSURE: 2800 0 0 0 0 0 0 0 0 0
PRESSAVG: 2800 0 0 0 0 0 0 0 0 0
GPRESSAVG: 2800 0 0 0 0 0 0 0 0 0
ENERGY:    2800      1112.9566      1694.6812      2118.6749       161.4449            -43.9354      -832.9900         0.0000      3705.6419      2912.0680          10828.5422       292.4113      7916.4742     10850.1388       294.1596

PRESSURE: 2900 0 0 0 0 0 0 0 0 0
GPRESSURE: 2900 0 0 0 0 0 0 0 0 0
PRESSAVG: 2900 0 0 0 0 0 0 0 0 0
GPRESSAVG: 2900 0 0 0 0 0 0 0 0 0
ENERGY:    2900      1089.0724      1695.7926      2094.2707       140.7487            -43.5340      -817.7060         0.0000      3710.1102      2942.9199          10811.6745       295.5093      7868.7545     10839.3502       295.1057

PRESSURE: 3000 0 0 0 0 0 0 0 0 0
GPRESSURE: 3000 0 0 0 0 0 0 0 0 0
PRESSAVG: 3000 0 0 0 0 0 0 0 0 0
GPRESSAVG: 3000 0 0 0 0 0 0 0 0 0
TIMING: 3000  CPU: 2.41292, 0.00079799/step  Wall: 2.4266, 0.00080177/step, 0.000445428 hours remaining, 825.437500 MB of memory in use.
ETITLE:      TS           BOND          ANGLE          DIHED          IMPRP               ELECT            VDW       BOUNDARY           MISC        KINETIC               TOTAL           TEMP      POTENTIAL         TOTAL3        TEMPAVG

ENERGY:    3000      1099.3502      1655.7675      2079.2481       132.7843            -43.3520      -768.4406         0.0000      3704.2935      2901.2991          10760.9500       291.3300      7859.6509     10784.6640       292.7620

WRITING EXTENDED SYSTEM TO RESTART FILE AT STEP 3000
WRITING COORDINATES TO DCD FILE adk-step1.dcd AT STEP 3000
WRITING COORDINATES TO RESTART FILE AT STEP 3000
FINISHED WRITING RESTART COORDINATES
The last position output (seq=3000) takes 0.002 seconds, 825.438 MB of memory in use
WRITING VELOCITIES TO RESTART FILE AT STEP 3000
FINISHED WRITING RESTART VELOCITIES
The last velocity output (seq=3000) takes 0.002 seconds, 825.438 MB of memory in use
PRESSURE: 3100 0 0 0 0 0 0 0 0 0
GPRESSURE: 3100 0 0 0 0 0 0 0 0 0
PRESSAVG: 3100 0 0 0 0 0 0 0 0 0
GPRESSAVG: 3100 0 0 0 0 0 0 0 0 0
ENERGY:    3100      1088.3321      1712.3403      2075.5211       145.4693            -42.5020      -795.9139         0.0000      3701.0123      2945.8274          10830.0868       295.8012      7884.2594     10853.6058       294.4644

PRESSURE: 3200 0 0 0 0 0 0 0 0 0
GPRESSURE: 3200 0 0 0 0 0 0 0 0 0
PRESSAVG: 3200 0 0 0 0 0 0 0 0 0
GPRESSAVG: 3200 0 0 0 0 0 0 0 0 0
ENERGY:    3200      1096.5257      1700.5280      2100.3741       155.1782            -42.4432      -788.9699         0.0000      3692.9006      2901.1983          10815.2917       291.3198      7914.0934     10838.5170       298.1427

PRESSURE: 3300 0 0 0 0 0 0 0 0 0
GPRESSURE: 3300 0 0 0 0 0 0 0 0 0
PRESSAVG: 3300 0 0 0 0 0 0 0 0 0
GPRESSAVG: 3300 0 0 0 0 0 0 0 0 0
ENERGY:    3300      1053.9071      1690.8039      2089.3714       153.5015            -43.6747      -809.9298         0.0000      3699.6308      2999.0690          10832.6791       301.1474      7833.6102     10858.8127       297.4486

PRESSURE: 3400 0 0 0 0 0 0 0 0 0
GPRESSURE: 3400 0 0 0 0 0 0 0 0 0
PRESSAVG: 3400 0 0 0 0 0 0 0 0 0
GPRESSAVG: 3400 0 0 0 0 0 0 0 0 0
ENERGY:    3400      1082.3724      1700.1718      2045.1854       160.1738            -43.8624      -792.4373         0.0000      3709.7869      2977.3476          10838.7381       298.9663      7861.3906     10863.1545       296.3288

PRESSURE: 3500 0 0 0 0 0 0 0 0 0
GPRESSURE: 3500 0 0 0 0 0 0 0 0 0
PRESSAVG: 3500 0 0 0 0 0 0 0 0 0
GPRESSAVG: 3500 0 0 0 0 0 0 0 0 0
ENERGY:    3500      1100.0275      1686.2803      2096.9394       155.0943            -44.2728      -783.6592         0.0000      3719.4218      2914.1544          10843.9857       292.6208      7929.8313     10865.2652       296.1577

PRESSURE: 3600 0 0 0 0 0 0 0 0 0
GPRESSURE: 3600 0 0 0 0 0 0 0 0 0
PRESSAVG: 3600 0 0 0 0 0 0 0 0 0
GPRESSAVG: 3600 0 0 0 0 0 0 0 0 0
ENERGY:    3600      1053.2236      1681.0469      2098.2992       163.8621            -43.7911      -771.5039         0.0000      3713.0006      2968.8147          10862.9521       298.1095      7894.1374     10887.6090       296.9866

PRESSURE: 3700 0 0 0 0 0 0 0 0 0
GPRESSURE: 3700 0 0 0 0 0 0 0 0 0
PRESSAVG: 3700 0 0 0 0 0 0 0 0 0
GPRESSAVG: 3700 0 0 0 0 0 0 0 0 0
ENERGY:    3700      1126.4719      1702.4141      2105.1415       165.6914            -45.2235      -813.7634         0.0000      3709.6981      2927.7215          10878.1516       293.9831      7950.4301     10898.8401       297.0013

PRESSURE: 3800 0 0 0 0 0 0 0 0 0
GPRESSURE: 3800 0 0 0 0 0 0 0 0 0
PRESSAVG: 3800 0 0 0 0 0 0 0 0 0
GPRESSAVG: 3800 0 0 0 0 0 0 0 0 0
ENERGY:    3800      1047.0953      1728.4903      2090.4328       158.9054            -45.4567      -772.6215         0.0000      3707.7303      3016.2478          10930.8237       302.8724      7914.5759     10957.7330       299.1040

PRESSURE: 3900 0 0 0 0 0 0 0 0 0
GPRESSURE: 3900 0 0 0 0 0 0 0 0 0
PRESSAVG: 3900 0 0 0 0 0 0 0 0 0
GPRESSAVG: 3900 0 0 0 0 0 0 0 0 0
ENERGY:    3900      1108.9254      1693.6463      2094.0317       149.7143            -45.1514      -803.2183         0.0000      3712.4719      3008.2909          10918.7107       302.0734      7910.4198     10942.0319       300.3000

PRESSURE: 4000 0 0 0 0 0 0 0 0 0
GPRESSURE: 4000 0 0 0 0 0 0 0 0 0
PRESSAVG: 4000 0 0 0 0 0 0 0 0 0
GPRESSAVG: 4000 0 0 0 0 0 0 0 0 0
TIMING: 4000  CPU: 3.20524, 0.000792325/step  Wall: 3.22627, 0.000799675/step, 0.000222132 hours remaining, 825.437500 MB of memory in use.
ETITLE:      TS           BOND          ANGLE          DIHED          IMPRP               ELECT            VDW       BOUNDARY           MISC        KINETIC               TOTAL           TEMP      POTENTIAL         TOTAL3        TEMPAVG

ENERGY:    4000      1067.5243      1734.6822      2077.4786       170.0171            -45.0676      -750.0146         0.0000      3710.5153      3021.6929          10986.8282       303.4191      7965.1354     11012.3604       301.7471

WRITING EXTENDED SYSTEM TO RESTART FILE AT STEP 4000
WRITING COORDINATES TO DCD FILE adk-step1.dcd AT STEP 4000
WRITING COORDINATES TO RESTART FILE AT STEP 4000
FINISHED WRITING RESTART COORDINATES
The last position output (seq=4000) takes 0.003 seconds, 825.438 MB of memory in use
WRITING VELOCITIES TO RESTART FILE AT STEP 4000
FINISHED WRITING RESTART VELOCITIES
The last velocity output (seq=4000) takes 0.002 seconds, 825.438 MB of memory in use
PRESSURE: 4100 0 0 0 0 0 0 0 0 0
GPRESSURE: 4100 0 0 0 0 0 0 0 0 0
PRESSAVG: 4100 0 0 0 0 0 0 0 0 0
GPRESSAVG: 4100 0 0 0 0 0 0 0 0 0
ENERGY:    4100      1108.3265      1684.1580      2084.8680       156.1613            -45.1960      -785.4336         0.0000      3704.5315      3060.5481          10967.9639       307.3207      7907.4159     10992.4710       301.6186

PRESSURE: 4200 0 0 0 0 0 0 0 0 0
GPRESSURE: 4200 0 0 0 0 0 0 0 0 0
PRESSAVG: 4200 0 0 0 0 0 0 0 0 0
GPRESSAVG: 4200 0 0 0 0 0 0 0 0 0
ENERGY:    4200      1121.7453      1764.1990      2091.8352       165.7983            -43.5071      -784.0933         0.0000      3706.0142      2974.5584          10996.5501       298.6862      8021.9917     11020.4103       302.4102

LDB: ============= START OF LOAD BALANCING ============== 5.85726
LDB: ============== END OF LOAD BALANCING =============== 5.85733
Info: useSync: 0 useProxySync: 0
LDB: =============== DONE WITH MIGRATION ================ 5.85746
PRESSURE: 4300 0 0 0 0 0 0 0 0 0
GPRESSURE: 4300 0 0 0 0 0 0 0 0 0
PRESSAVG: 4300 0 0 0 0 0 0 0 0 0
GPRESSAVG: 4300 0 0 0 0 0 0 0 0 0
ENERGY:    4300      1122.7020      1704.5725      2059.8342       155.3296            -43.2109      -782.5847         0.0000      3702.7894      3074.6582          10994.0904       308.7376      7919.4322     11015.4837       304.6766

LDB: ============= START OF LOAD BALANCING ============== 5.93713
LDB: TIME 5.93738 LOAD: AVG 0.0160973 MAX 0.0655462  PROXIES: TOTAL 182 MAXPE 10 MAXPATCH 7 None MEM: 825.438 MB
LDB: TIME 5.93758 LOAD: AVG 0.0160973 MAX 0.0655462  PROXIES: TOTAL 182 MAXPE 10 MAXPATCH 7 RefineTorusLB MEM: 825.5 MB
LDB: TIME 5.93772 LOAD: AVG 0.0160973 MAX 0.0655462  PROXIES: TOTAL 182 MAXPE 10 MAXPATCH 7 RefineTorusLB MEM: 825.5 MB
LDB: ============== END OF LOAD BALANCING =============== 5.93795
Info: build node-aware spanning tree with send: 1, recv: 0 with branch factor 4
Info: useSync: 0 useProxySync: 0
LDB: =============== DONE WITH MIGRATION ================ 5.93869
PRESSURE: 4400 0 0 0 0 0 0 0 0 0
GPRESSURE: 4400 0 0 0 0 0 0 0 0 0
PRESSAVG: 4400 0 0 0 0 0 0 0 0 0
GPRESSAVG: 4400 0 0 0 0 0 0 0 0 0
ENERGY:    4400      1138.3490      1698.9188      2090.8502       144.2532            -43.9067      -798.2120         0.0000      3719.0211      2999.5501          10948.8236       301.1957      7949.2735     10971.4071       303.4201

PRESSURE: 4500 0 0 0 0 0 0 0 0 0
GPRESSURE: 4500 0 0 0 0 0 0 0 0 0
PRESSAVG: 4500 0 0 0 0 0 0 0 0 0
GPRESSAVG: 4500 0 0 0 0 0 0 0 0 0
ENERGY:    4500      1070.3036      1694.6176      2092.8748       158.6037            -43.7935      -774.6355         0.0000      3717.0427      3008.7193          10923.7328       302.1164      7915.0136     10949.4675       300.9793

PRESSURE: 4600 0 0 0 0 0 0 0 0 0
GPRESSURE: 4600 0 0 0 0 0 0 0 0 0
PRESSAVG: 4600 0 0 0 0 0 0 0 0 0
GPRESSAVG: 4600 0 0 0 0 0 0 0 0 0
ENERGY:    4600      1120.2703      1715.8550      2071.3854       152.9911            -43.9906      -769.5802         0.0000      3709.3175      2947.8451          10904.0936       296.0038      7956.2486     10927.0913       298.6281

PRESSURE: 4700 0 0 0 0 0 0 0 0 0
GPRESSURE: 4700 0 0 0 0 0 0 0 0 0
PRESSAVG: 4700 0 0 0 0 0 0 0 0 0
GPRESSAVG: 4700 0 0 0 0 0 0 0 0 0
ENERGY:    4700      1114.1051      1722.1512      2075.4316       164.6505            -43.8632      -790.8095         0.0000      3710.7989      2985.8816          10938.3461       299.8232      7952.4646     10960.6901       300.1309

PRESSURE: 4800 0 0 0 0 0 0 0 0 0
GPRESSURE: 4800 0 0 0 0 0 0 0 0 0
PRESSAVG: 4800 0 0 0 0 0 0 0 0 0
GPRESSAVG: 4800 0 0 0 0 0 0 0 0 0
ENERGY:    4800      1062.9229      1737.2252      2120.7971       143.0988            -43.0996      -813.7524         0.0000      3715.2166      3021.1562          10943.5649       303.3653      7922.4087     10969.2503       300.6382

PRESSURE: 4900 0 0 0 0 0 0 0 0 0
GPRESSURE: 4900 0 0 0 0 0 0 0 0 0
PRESSAVG: 4900 0 0 0 0 0 0 0 0 0
GPRESSAVG: 4900 0 0 0 0 0 0 0 0 0
ENERGY:    4900      1048.4238      1711.5159      2090.3126       154.0244            -42.9140      -771.3811         0.0000      3716.6875      3031.8407          10938.5098       304.4381      7906.6691     10962.5511       301.5953

PRESSURE: 5000 0 0 0 0 0 0 0 0 0
GPRESSURE: 5000 0 0 0 0 0 0 0 0 0
PRESSAVG: 5000 0 0 0 0 0 0 0 0 0
GPRESSAVG: 5000 0 0 0 0 0 0 0 0 0
TIMING: 5000  CPU: 4.00059, 0.000795345/step  Wall: 4.02795, 0.000801681/step, 0 hours remaining, 825.500000 MB of memory in use.
ETITLE:      TS           BOND          ANGLE          DIHED          IMPRP               ELECT            VDW       BOUNDARY           MISC        KINETIC               TOTAL           TEMP      POTENTIAL         TOTAL3        TEMPAVG

ENERGY:    5000      1119.5445      1708.2602      2110.5650       149.4093            -43.2361      -820.4344         0.0000      3728.0923      3028.1742          10980.3750       304.0700      7952.2009     11004.4591       302.3696

WRITING EXTENDED SYSTEM TO RESTART FILE AT STEP 5000
WRITING COORDINATES TO DCD FILE adk-step1.dcd AT STEP 5000
WRITING COORDINATES TO RESTART FILE AT STEP 5000
FINISHED WRITING RESTART COORDINATES
The last position output (seq=5000) takes 0.003 seconds, 826.250 MB of memory in use
WRITING VELOCITIES TO RESTART FILE AT STEP 5000
FINISHED WRITING RESTART VELOCITIES
The last velocity output (seq=5000) takes 0.002 seconds, 826.250 MB of memory in use
WRITING EXTENDED SYSTEM TO OUTPUT FILE AT STEP 5000
WRITING COORDINATES TO OUTPUT FILE AT STEP 5000
CLOSING COORDINATE DCD FILE adk-step1.dcd
The last position output (seq=-2) takes 0.005 seconds, 826.250 MB of memory in use
WRITING VELOCITIES TO OUTPUT FILE AT STEP 5000
====================================================

WallClock: 6.426802  CPUTime: 4.959091  Memory: 826.250000 MB
End of program
