Info) VMD for SUMMIT, version 1.9.3 (December 12, 2019)
Info) http://www.ks.uiuc.edu/Research/vmd/                         
Info) Email questions and bug reports to vmd@ks.uiuc.edu           
Info) Please include this reference in published work using VMD:   
Info)    Humphrey, W., Dalke, A. and Schulten, K., `VMD - Visual   
Info)    Molecular Dynamics', J. Molec. Graphics 1996, 14.1, 33-38.
Info) -------------------------------------------------------------
Info) Initializing parallel VMD instances via MPI...
Info) Found 1 VMD MPI node containing a total of 176 CPUs and 0 GPUs:
Info)    0: 176 CPUs, 565.6GB (93%) free mem, 0 GPUs, Name: h18n16
Info) No CUDA accelerator devices available.
psfplugin) Detected a Charmm PSF file
Info) Using plugin psf for structure file 1ake-docked-noh_autopsf.psf
Info) Analyzing structure ...
Info)    Atoms: 3341
Info)    Bonds: 3365
Info)    Angles: 6123  Dihedrals: 8921  Impropers: 567  Cross-terms: 212
Info)    Bondtypes: 0  Angletypes: 0  Dihedraltypes: 0  Impropertypes: 0
Info)    Residues: 214
Info)    Waters: 0
Info)    Segments: 1
Info)    Fragments: 1   Protein: 1   Nucleic: 0
0
dcdplugin) detected standard 32-bit DCD file of native endianness
dcdplugin) CHARMM format DCD file (also NAMD 2.1 and later)
Info) Using plugin dcd for coordinates from file adk-step1.dcd
Info) Finished with coordinate file adk-step1.dcd.
0
cc.dat
0.5
atomselect0
Warning: guessing atomic number for atoms with unknown element...
Info) volmap: Computing bounding box coordinates
Info) volmap: grid minmax = {-25 -35 -37} {20 21 19}
Info) volmap: grid size = 45x56x56 (0.5 MB)
Info) volmap: writing file "/tmp/mdff_sim42745674095463787.dx".
MAP <- "/tmp/mdff_sim42745674095463787.dx"
MAP :: gaussian blur (sigma = 2.5, regular)
MAP :: pad by x:9 9 y:9 9 z:9 9
MAP -> "/tmp/mdff_corr6740205430770388.dx"

Stats for MAP:
  WEIGHT:    1
  AVERAGE:   0.0531266
  STDEV:     0.159614
  MIN:       0
  MAX:       1.05811
  PMF_AVG:   0.0423871

0.858551
Info) volmap: Computing bounding box coordinates
Info) volmap: grid minmax = {-25 -35 -37} {20 21 19}
Info) volmap: grid size = 45x56x56 (0.5 MB)
Info) volmap: writing file "/tmp/mdff_sim8892547683274629.dx".
MAP <- "/tmp/mdff_sim8892547683274629.dx"
MAP :: gaussian blur (sigma = 2.5, regular)
MAP :: pad by x:9 9 y:9 9 z:9 9
MAP -> "/tmp/mdff_corr9143852335002205.dx"

Stats for MAP:
  WEIGHT:    1
  AVERAGE:   0.0527364
  STDEV:     0.15897
  MIN:       0
  MAX:       1.08223
  PMF_AVG:   0.0420806

0.897246
0.858551 0.897246
file34
Info) VMD for SUMMIT, version 1.9.3 (December 12, 2019)
Info) Exiting normally.
Info) All nodes have reached the MPI shutdown barrier.
