1_0_cc.dat
/gpfs/alpine/bip115/scratch/hrlee/radical.pilot.sandbox/re.session.login2.hrlee.018634.0000/pilot.0000/staging_area/1_0_cc.dat
1, 0
Choosing optimized barrier algorithm name I0:HybridBinomial:SHMEM:P2P
Converse/Charm++ Commit ID: v6.10.2-0-g7bf00fa-namd-charm-6.10.2-build-2020-Aug-05-556
Warning> Randomization of virtual memory (ASLR) is turned on in the kernel, thread migration may not work! Run 'echo 0 > /proc/sys/kernel/randomize_va_space' as root to disable it, or try running with '+isomalloc_sync'.
CharmLB> Load balancer assumes all CPUs are same.
Charm++> Running on 1 hosts (1 sockets x 7 cores x 4 PUs = 28-way SMP)
Charm++> cpu topology info is gathered in 0.010 seconds.
Info: Built with CUDA version 10010
Did not find +devices i,j,k,... argument, using all
Pe 23 physical rank 23 will use CUDA device of pe 21
Pe 5 physical rank 5 will use CUDA device of pe 4
Pe 27 physical rank 27 will use CUDA device of pe 21
Pe 6 physical rank 6 will use CUDA device of pe 4
Pe 24 physical rank 24 will use CUDA device of pe 21
Pe 16 physical rank 16 will use CUDA device of pe 14
Pe 31 physical rank 31 will use CUDA device of pe 28
Pe 40 physical rank 40 will use CUDA device of pe 35
Pe 11 physical rank 11 will use CUDA device of pe 7
Pe 2 physical rank 2 will use CUDA device of pe 4
Pe 17 physical rank 17 will use CUDA device of pe 14
Pe 26 physical rank 26 will use CUDA device of pe 21
Pe 34 physical rank 34 will use CUDA device of pe 28
Pe 38 physical rank 38 will use CUDA device of pe 35
Pe 8 physical rank 8 will use CUDA device of pe 7
Pe 3 physical rank 3 will use CUDA device of pe 4
Pe 20 physical rank 20 will use CUDA device of pe 14
Pe 32 physical rank 32 will use CUDA device of pe 28
Pe 39 physical rank 39 will use CUDA device of pe 35
Pe 9 physical rank 9 will use CUDA device of pe 7
Pe 19 physical rank 19 will use CUDA device of pe 14
Pe 33 physical rank 33 will use CUDA device of pe 28
Pe 41 physical rank 41 will use CUDA device of pe 35
Pe 10 physical rank 10 will use CUDA device of pe 7
Pe 18 physical rank 18 will use CUDA device of pe 14
Pe 30 physical rank 30 will use CUDA device of pe 28
Pe 37 physical rank 37 will use CUDA device of pe 35
Pe 13 physical rank 13 will use CUDA device of pe 7
Pe 15 physical rank 15 will use CUDA device of pe 14
Pe 29 physical rank 29 will use CUDA device of pe 28
Pe 36 physical rank 36 will use CUDA device of pe 35
Pe 12 physical rank 12 will use CUDA device of pe 7
Pe 22 physical rank 22 will use CUDA device of pe 21
Pe 1 physical rank 1 will use CUDA device of pe 4
Pe 25 physical rank 25 will use CUDA device of pe 21
Pe 0 physical rank 0 will use CUDA device of pe 4
Pe 7 physical rank 7 binding to CUDA device 0 on h18n16: 'Tesla V100-SXM2-16GB'  Mem: 16128MB  Rev: 7.0  PCI: 4:5:0
Pe 4 physical rank 4 binding to CUDA device 0 on h18n16: 'Tesla V100-SXM2-16GB'  Mem: 16128MB  Rev: 7.0  PCI: 4:4:0
Pe 14 physical rank 14 binding to CUDA device 0 on h18n16: 'Tesla V100-SXM2-16GB'  Mem: 16128MB  Rev: 7.0  PCI: 4:6:0
Pe 28 physical rank 28 binding to CUDA device 0 on h18n16: 'Tesla V100-SXM2-16GB'  Mem: 16128MB  Rev: 7.0  PCI: 35:4:0
Pe 35 physical rank 35 binding to CUDA device 0 on h18n16: 'Tesla V100-SXM2-16GB'  Mem: 16128MB  Rev: 7.0  PCI: 35:5:0
Pe 21 physical rank 21 binding to CUDA device 0 on h18n16: 'Tesla V100-SXM2-16GB'  Mem: 16128MB  Rev: 7.0  PCI: 35:3:0
Info: NAMD 2.14 for Linux-POWER-pami-smp-Summit-CUDA
Info: 
Info: Please visit http://www.ks.uiuc.edu/Research/namd/
Info: for updates, documentation, and support information.
Info: 
Info: Please cite Phillips et al., J. Chem. Phys. 153:044130 (2020) doi:10.1063/5.0014475
Info: in all publications reporting results obtained with NAMD.
Info: 
Info: Based on Charm++/Converse 61002 for pami-linux-ppc64le-smp
Info: Built Wed Aug 5 14:28:51 EDT 2020 by jimp on login2
Info: 1 NAMD  2.14  Linux-POWER-pami-smp-Summit-CUDA  42    h18n16  hrlee
Info: Running on 42 processors, 6 nodes, 1 physical nodes.
Info: CPU topology information available.
Info: Charm++/Converse parallel runtime startup completed at 1.39183 s
CkLoopLib is used in SMP with simple dynamic scheduling (converse-level notification)
Info: 791.688 MB of memory in use based on /proc/self/stat
Info: Configuration file is adk-step1.namd
Info: Working in the current directory /gpfs/alpine/bip115/scratch/hrlee/radical.pilot.sandbox/re.session.login2.hrlee.018634.0000/pilot.0000/unit.000111
TCL: Suspending until startup complete.
Info: SIMULATION PARAMETERS:
Info: TIMESTEP               1
Info: NUMBER OF STEPS        0
Info: STEPS PER CYCLE        20
Info: LOAD BALANCER  Centralized
Info: LOAD BALANCING STRATEGY  New Load Balancers -- DEFAULT
Info: LDB PERIOD             4000 steps
Info: FIRST LDB TIMESTEP     100
Info: LAST LDB TIMESTEP     -1
Info: LDB BACKGROUND SCALING 1
Info: HOM BACKGROUND SCALING 1
Info: MIN ATOMS PER PATCH    40
Info: VELOCITY FILE          1_0_adk-step1.restart.vel
Info: CENTER OF MASS MOVING INITIALLY? NO
Info: DIELECTRIC             80
Info: EXCLUDE                SCALED ONE-FOUR
Info: 1-4 ELECTROSTATICS SCALED BY 1
Info: MODIFIED 1-4 VDW PARAMETERS WILL BE USED
Info: DCD FILENAME           adk-step1.dcd
Info: DCD FREQUENCY          1000
Info: DCD FIRST STEP         1000
Info: NO EXTENDED SYSTEM TRAJECTORY OUTPUT
Info: NO VELOCITY DCD OUTPUT
Info: NO FORCE DCD OUTPUT
Info: OUTPUT FILENAME        adk-step1
Info: BINARY OUTPUT FILES WILL BE USED
Info: RESTART FILENAME       adk-step1.restart
Info: RESTART FREQUENCY      1000
Info: BINARY RESTART FILES WILL BE USED
Info: SWITCHING ACTIVE
Info: SWITCHING ON           9
Info: SWITCHING OFF          10
Info: PAIRLIST DISTANCE      11
Info: PAIRLIST SHRINK RATE   0.01
Info: PAIRLIST GROW RATE     0.01
Info: PAIRLIST TRIGGER       0.3
Info: PAIRLISTS PER CYCLE    2
Info: PAIRLISTS ENABLED
Info: MARGIN                 0
Info: HYDROGEN GROUP CUTOFF  2.5
Info: PATCH DIMENSION        13.5
Info: ENERGY OUTPUT STEPS    100
Info: CROSSTERM ENERGY INCLUDED IN DIHEDRAL
Info: TIMING OUTPUT STEPS    1000
Info: PRESSURE OUTPUT STEPS  100
Info: GRID FORCE ACTIVE
Info:  Please include this reference in published work using
Info:  the Gridforce module of NAMD: David Wells, Volha Abramkina,
Info:  and Aleksei Aksimentiev, J. Chem. Phys. 127:125101-10 (2007).
Info: MGRIDFORCE key 0
Info:            Potfile 4ake-target_autopsf-grid.dx
Info:            Scale 0.3 0.3 0.3
Info:            File 1ake-docked-noh_autopsf-grid.pdb
Info:            Col O
Info:            ChargeCol B
Info:            VOffset 0 0 0
Info:            Continuous K1 FALSE
Info:            Continuous K2 FALSE
Info:            Continuous K3 FALSE
Info:            Volts FALSE
Info:            Gridforce-Lite FALSE
Info:            Gridforce-CheckSize TRUE
Info: LANGEVIN DYNAMICS ACTIVE
Info: LANGEVIN TEMPERATURE   300
Info: LANGEVIN USING BBK INTEGRATOR
Info: LANGEVIN DAMPING COEFFICIENT IS 5 INVERSE PS
Info: LANGEVIN DYNAMICS NOT APPLIED TO HYDROGENS
Info: USING VERLET I (r-RESPA) MTS SCHEME.
Info: C1 SPLITTING OF LONG RANGE ELECTROSTATICS
Info: PLACING ATOMS IN PATCHES BY HYDROGEN GROUPS
Info: RIGID BONDS TO HYDROGEN : WATER
Info:         ERROR TOLERANCE : 1e-08
Info:          MAX ITERATIONS : 100
Info: RIGID WATER USING SETTLE ALGORITHM
Info: NONBONDED FORCES EVALUATED EVERY 2 STEPS
Info: RANDOM NUMBER SEED     1609983721
Info: USE HYDROGEN BONDS?    NO
Info: COORDINATE PDB         1ake-docked-noh_autopsf.pdb
Info: STRUCTURE FILE         1ake-docked-noh_autopsf.psf
Info: PARAMETER file: CHARMM format! 
Info: PARAMETERS             par_all36_prot.prm
Info: USING ARITHMETIC MEAN TO COMBINE L-J SIGMA PARAMETERS
Info: BINARY COORDINATES     1_0_adk-step1.restart.coor
Info: SUMMARY OF PARAMETERS:
Info: 132 BONDS
Info: 362 ANGLES
Info: 702 DIHEDRAL
Info: 35 IMPROPER
Info: 6 CROSSTERM
Info: 53 VDW
Info: 0 VDW_PAIRS
Info: 0 NBTHOLE_PAIRS
Info: TIME FOR READING PSF FILE: 0.342954
Info: READING EXTRA BONDS FILE 1ake-extrabonds.txt
Info: READING EXTRA BONDS FILE 1ake-extrabonds-cispeptide.txt
Info: READING EXTRA BONDS FILE 1ake-extrabonds-chirality.txt
Info: READ 80 EXTRA BONDS
Info: READ 80 EXTRA ANGLES
Warning: EXTRA ANGLES ARE COSINE-BASED BY DEFAULT TO MATCH PREVIOUS VERSIONS
Warning: FOR NORMAL HARMONIC EXTRA ANGLES SET extraBondsCosAngles off
Info: READ 493 EXTRA DIHEDRALS
Info: READ 438 EXTRA IMPROPERS
Info: Reading pdb file 1ake-docked-noh_autopsf.pdb
Info: TIME FOR READING PDB FILE: 0.145619
Info: 
Info: ****************************
Info: STRUCTURE SUMMARY:
Info: 3341 ATOMS
Info: 3445 BONDS
Info: 6203 ANGLES
Info: 9414 DIHEDRALS
Info: 1005 IMPROPERS
Info: 212 CROSSTERMS
Info: 0 EXCLUSIONS
Info: 0 RIGID BONDS
Info: 1 GRIDS ACTIVE
Info: 10023 DEGREES OF FREEDOM
Info: 1656 HYDROGEN GROUPS
Info: 4 ATOMS IN LARGEST HYDROGEN GROUP
Info: 1656 MIGRATION GROUPS
Info: 4 ATOMS IN LARGEST MIGRATION GROUP
Info: TOTAL MASS = 23582 amu
Info: TOTAL CHARGE = -4 e
Info: *****************************
Info: Reading from binary file 1_0_adk-step1.restart.coor
Info: 
Info: Entering startup at 2.51417 s, 799.625 MB of memory in use
Info: Startup phase 0 took 0.000225567 s, 799.75 MB of memory in use
Info: ADDED 18308 IMPLICIT EXCLUSIONS
Info: Startup phase 1 took 0.00833519 s, 799.875 MB of memory in use
Info: NONBONDED TABLE R-SQUARED SPACING: 0.0625
Info: NONBONDED TABLE SIZE: 705 POINTS
Info: ABSOLUTE IMPRECISION IN FAST TABLE ENERGY: 3.38813e-21 AT 9.89634
Info: RELATIVE IMPRECISION IN FAST TABLE ENERGY: 4.23384e-15 AT 9.94673
Info: ABSOLUTE IMPRECISION IN FAST TABLE FORCE: 6.35275e-22 AT 9.94673
Info: RELATIVE IMPRECISION IN FAST TABLE FORCE: 5.07982e-16 AT 9.94673
Info: INCONSISTENCY IN FAST TABLE ENERGY VS FORCE: 0.000290185 AT 0.251946
Info: ABSOLUTE IMPRECISION IN VDWA TABLE ENERGY: 1.57772e-30 AT 9.89634
Info: RELATIVE IMPRECISION IN VDWA TABLE ENERGY: 4.54938e-15 AT 9.94673
Info: ABSOLUTE IMPRECISION IN VDWA TABLE FORCE: 5.91646e-31 AT 9.94673
Info: RELATIVE IMPRECISION IN VDWA TABLE FORCE: 5.6823e-16 AT 9.94673
Info: INCONSISTENCY IN VDWA TABLE ENERGY VS FORCE: 0.0040507 AT 0.251946
Info: ABSOLUTE IMPRECISION IN VDWB TABLE ENERGY: 4.71751e-25 AT 9.94673
Info: RELATIVE IMPRECISION IN VDWB TABLE ENERGY: 1.45371e-14 AT 9.94673
Info: ABSOLUTE IMPRECISION IN VDWB TABLE FORCE: 6.20385e-25 AT 9.94673
Info: RELATIVE IMPRECISION IN VDWB TABLE FORCE: 5.97512e-16 AT 9.94673
Info: INCONSISTENCY IN VDWB TABLE ENERGY VS FORCE: 0.00377068 AT 9.07951
Info: Startup phase 2 took 0.000450684 s, 800.875 MB of memory in use
Info: Startup phase 3 took 0.000158637 s, 800.938 MB of memory in use
Info: Startup phase 4 took 0.0002906 s, 801.062 MB of memory in use
Info: Startup phase 5 took 0.000142936 s, 801.062 MB of memory in use
Info: ORIGINAL ATOMS MINMAX IS -23.8555 -33.1603 -34.1812  17.1814 12.4089 14.7557
Info: ADJUSTED ATOMS MINMAX IS -17.3071 -27.1769 -29.4511  11.6898 8.08839 5.65132
Info: PATCH GRID IS 5 BY 3 BY 3
Info: PATCH GRID IS 2-AWAY BY 1-AWAY BY 1-AWAY
Info: Reading from binary file 1_0_adk-step1.restart.vel
Info: REMOVING COM VELOCITY -0.0556344 0.0230346 -0.00600149
Info: LARGEST PATCH (37) HAS 148 ATOMS
Info: TORUS A SIZE 1 USING 0
Info: TORUS B SIZE 1 USING 0
Info: TORUS C SIZE 1 USING 0
Info: TORUS MINIMAL MESH SIZE IS 1 BY 1 BY 1
Info: Placed 100% of base nodes on same physical node as patch
Info: Startup phase 6 took 0.00799651 s, 801.125 MB of memory in use
Info: Startup phase 7 took 0.00014742 s, 802.188 MB of memory in use
Info: Updated CUDA force table with 4096 elements.
Info: Updated CUDA force table with 4096 elements.
Info: Updated CUDA LJ table with 53 x 53 elements.
Info: Updated CUDA force table with 4096 elements.
Info: Updated CUDA force table with 4096 elements.
Info: Updated CUDA LJ table with 53 x 53 elements.
Info: Updated CUDA LJ table with 53 x 53 elements.
Info: Updated CUDA LJ table with 53 x 53 elements.
Info: Updated CUDA force table with 4096 elements.
Info: Updated CUDA force table with 4096 elements.
Info: Updated CUDA LJ table with 53 x 53 elements.
Info: Updated CUDA LJ table with 53 x 53 elements.
Info: Startup phase 8 took 0.00334398 s, 802.25 MB of memory in use
Info: Startup phase 9 took 0.000342273 s, 802.375 MB of memory in use
Info: Startup phase 10 took 0.000156613 s, 802.562 MB of memory in use
Info: Startup phase 11 took 0.000770588 s, 802.75 MB of memory in use
LDB: Central LB being created...
Info: Startup phase 12 took 0.00215698 s, 803.625 MB of memory in use
Info: CREATING 1139 COMPUTE OBJECTS
Info: Found 278 unique exclusion lists needing 900 bytes
Info: Found 278 unique exclusion lists needing 900 bytes
Info: Found 278 unique exclusion lists needing 900 bytes
Info: Found 278 unique exclusion lists needing 900 bytes
Info: Found 278 unique exclusion lists needing 900 bytes
Info: Found 278 unique exclusion lists needing 900 bytes
Info: Startup phase 13 took 0.0158324 s, 804.562 MB of memory in use
Info: Building spanning tree ... send: 1 recv: 0 with branch factor 4
Info: useSync: 0 useProxySync: 0
Info: Startup phase 14 took 0.000231128 s, 804.625 MB of memory in use
Info: Startup phase 15 took 0.000221301 s, 804.625 MB of memory in use
Info: Finished startup at 2.55497 s, 804.812 MB of memory in use

TCL: Running for 5000 steps
PRESSURE: 0 0 0 0 0 0 0 0 0 0
GPRESSURE: 0 0 0 0 0 0 0 0 0 0
ETITLE:      TS           BOND          ANGLE          DIHED          IMPRP               ELECT            VDW       BOUNDARY           MISC        KINETIC               TOTAL           TEMP      POTENTIAL         TOTAL3        TEMPAVG

ENERGY:       0      1100.8986      1689.8100      2123.7241       141.7997            -40.5884      -821.1413         0.0000      3320.5789      3002.4708          10517.5524       301.4890      7515.0816     10541.7183       301.4890

LDB: ============= START OF LOAD BALANCING ============== 2.56824
LDB: ============== END OF LOAD BALANCING =============== 2.56829
Info: useSync: 0 useProxySync: 0
LDB: =============== DONE WITH MIGRATION ================ 2.56839
LDB: ============= START OF LOAD BALANCING ============== 2.60386
LDB: Partitioning computes with target load 0.000000
LDB: Increased migratable compute count from 0 to 0
LDB: Largest unpartitionable compute is 0.000000
LDB: ============== END OF LOAD BALANCING =============== 2.60412
Info: build node-aware spanning tree with send: 1, recv: 0 with branch factor 4
Info: useSync: 0 useProxySync: 0
LDB: =============== DONE WITH MIGRATION ================ 2.60479
PRESSURE: 100 0 0 0 0 0 0 0 0 0
GPRESSURE: 100 0 0 0 0 0 0 0 0 0
PRESSAVG: 100 0 0 0 0 0 0 0 0 0
GPRESSAVG: 100 0 0 0 0 0 0 0 0 0
Info: Initial time: 42 CPUs 0.000468033 s/step 0.00541705 days/ns 824.188 MB memory
ENERGY:     100      1126.7293      1698.8222      2097.8474       162.0789            -40.6673      -799.4259         0.0000      3316.7256      2960.4413          10522.5515       297.2686      7562.1102     10543.8892       301.1515

LDB: ============= START OF LOAD BALANCING ============== 2.6136
LDB: ============== END OF LOAD BALANCING =============== 2.61363
Info: useSync: 0 useProxySync: 0
LDB: =============== DONE WITH MIGRATION ================ 2.6137
LDB: ============= START OF LOAD BALANCING ============== 2.64861
LDB: TIME 2.64879 LOAD: AVG 0.0113498 MAX 0.0256526  PROXIES: TOTAL 174 MAXPE 7 MAXPATCH 7 None MEM: 829.25 MB
LDB: TIME 2.64895 LOAD: AVG 0.0113498 MAX 0.0256526  PROXIES: TOTAL 174 MAXPE 7 MAXPATCH 7 TorusLB MEM: 829.438 MB
LDB: ============== END OF LOAD BALANCING =============== 2.64912
Info: build node-aware spanning tree with send: 1, recv: 0 with branch factor 4
Info: useSync: 0 useProxySync: 0
LDB: =============== DONE WITH MIGRATION ================ 2.64973
PRESSURE: 200 0 0 0 0 0 0 0 0 0
GPRESSURE: 200 0 0 0 0 0 0 0 0 0
PRESSAVG: 200 0 0 0 0 0 0 0 0 0
GPRESSAVG: 200 0 0 0 0 0 0 0 0 0
Info: Initial time: 42 CPUs 0.000435519 s/step 0.00504073 days/ns 829.438 MB memory
ENERGY:     200      1072.4140      1709.8762      2093.6677       140.4890            -41.2114      -823.7890         0.0000      3308.0839      2986.1322          10445.6627       299.8484      7459.5304     10471.4049       299.9839

LDB: ============= START OF LOAD BALANCING ============== 2.69339
LDB: TIME 2.69356 LOAD: AVG 0.0141612 MAX 0.0321483  PROXIES: TOTAL 174 MAXPE 7 MAXPATCH 7 None MEM: 830.25 MB
LDB: TIME 2.6937 LOAD: AVG 0.0141612 MAX 0.0321483  PROXIES: TOTAL 174 MAXPE 7 MAXPATCH 7 RefineTorusLB MEM: 830.25 MB
LDB: TIME 2.6938 LOAD: AVG 0.0141612 MAX 0.0321483  PROXIES: TOTAL 174 MAXPE 7 MAXPATCH 7 RefineTorusLB MEM: 830.25 MB
LDB: ============== END OF LOAD BALANCING =============== 2.69398
Info: build node-aware spanning tree with send: 1, recv: 0 with branch factor 4
Info: useSync: 0 useProxySync: 0
LDB: =============== DONE WITH MIGRATION ================ 2.69458
PRESSURE: 300 0 0 0 0 0 0 0 0 0
GPRESSURE: 300 0 0 0 0 0 0 0 0 0
PRESSAVG: 300 0 0 0 0 0 0 0 0 0
GPRESSAVG: 300 0 0 0 0 0 0 0 0 0
Info: Initial time: 42 CPUs 0.000434895 s/step 0.0050335 days/ns 830.25 MB memory
ENERGY:     300      1097.8718      1626.8277      2097.3278       140.8022            -41.9989      -808.0859         0.0000      3299.2118      2976.3687          10388.3252       298.8680      7411.9565     10414.3118       296.0495

LDB: ============= START OF LOAD BALANCING ============== 2.73815
LDB: TIME 2.73831 LOAD: AVG 0.0140957 MAX 0.0319384  PROXIES: TOTAL 174 MAXPE 7 MAXPATCH 7 None MEM: 831.062 MB
LDB: TIME 2.73845 LOAD: AVG 0.0140957 MAX 0.0319384  PROXIES: TOTAL 174 MAXPE 7 MAXPATCH 7 RefineTorusLB MEM: 831.062 MB
LDB: TIME 2.73856 LOAD: AVG 0.0140957 MAX 0.0319384  PROXIES: TOTAL 174 MAXPE 7 MAXPATCH 7 RefineTorusLB MEM: 831.062 MB
LDB: ============== END OF LOAD BALANCING =============== 2.73873
Info: build node-aware spanning tree with send: 1, recv: 0 with branch factor 4
Info: useSync: 0 useProxySync: 0
LDB: =============== DONE WITH MIGRATION ================ 2.73935
PRESSURE: 400 0 0 0 0 0 0 0 0 0
GPRESSURE: 400 0 0 0 0 0 0 0 0 0
PRESSAVG: 400 0 0 0 0 0 0 0 0 0
GPRESSAVG: 400 0 0 0 0 0 0 0 0 0
Info: Benchmark time: 42 CPUs 0.000434379 s/step 0.00502753 days/ns 831.062 MB memory
ENERGY:     400      1078.0895      1610.5108      2107.1123       146.8926            -41.1643      -796.8197         0.0000      3292.7504      2977.0838          10374.4555       298.9398      7397.3717     10398.7617       295.8486

PRESSURE: 500 0 0 0 0 0 0 0 0 0
GPRESSURE: 500 0 0 0 0 0 0 0 0 0
PRESSAVG: 500 0 0 0 0 0 0 0 0 0
GPRESSAVG: 500 0 0 0 0 0 0 0 0 0
Info: Benchmark time: 42 CPUs 0.000430049 s/step 0.00497742 days/ns 831.75 MB memory
ENERGY:     500      1110.2114      1678.4538      2102.4828       159.6284            -43.1665      -806.9862         0.0000      3285.2715      2929.7428          10415.6381       294.1861      7485.8953     10437.3258       296.8251

PRESSURE: 600 0 0 0 0 0 0 0 0 0
GPRESSURE: 600 0 0 0 0 0 0 0 0 0
PRESSAVG: 600 0 0 0 0 0 0 0 0 0
GPRESSAVG: 600 0 0 0 0 0 0 0 0 0
Info: Benchmark time: 42 CPUs 0.000458225 s/step 0.00530353 days/ns 831.75 MB memory
ENERGY:     600      1090.7282      1685.1150      2061.4803       150.2004            -41.5498      -766.5633         0.0000      3275.0263      2995.5284          10449.9655       300.7919      7454.4372     10473.6714       300.7523

PRESSURE: 700 0 0 0 0 0 0 0 0 0
GPRESSURE: 700 0 0 0 0 0 0 0 0 0
PRESSAVG: 700 0 0 0 0 0 0 0 0 0
GPRESSAVG: 700 0 0 0 0 0 0 0 0 0
Info: Benchmark time: 42 CPUs 0.000428212 s/step 0.00495616 days/ns 831.75 MB memory
ENERGY:     700      1094.1377      1674.9096      2082.7390       147.1476            -42.7057      -752.5200         0.0000      3269.0182      3028.9454          10501.6718       304.1474      7472.7263     10526.2773       301.9421

PRESSURE: 800 0 0 0 0 0 0 0 0 0
GPRESSURE: 800 0 0 0 0 0 0 0 0 0
PRESSAVG: 800 0 0 0 0 0 0 0 0 0
GPRESSAVG: 800 0 0 0 0 0 0 0 0 0
Info: Benchmark time: 42 CPUs 0.000428216 s/step 0.0049562 days/ns 831.75 MB memory
ENERGY:     800      1074.5227      1723.5954      2103.5089       148.7646            -41.7355      -781.1581         0.0000      3260.7949      2995.8349          10484.1277       300.8226      7488.2928     10505.8650       302.8139

PRESSURE: 900 0 0 0 0 0 0 0 0 0
GPRESSURE: 900 0 0 0 0 0 0 0 0 0
PRESSAVG: 900 0 0 0 0 0 0 0 0 0
GPRESSAVG: 900 0 0 0 0 0 0 0 0 0
Info: Benchmark time: 42 CPUs 0.000429717 s/step 0.00497357 days/ns 831.75 MB memory
ENERGY:     900      1092.8452      1730.4553      2088.7487       146.3802            -41.0284      -792.6446         0.0000      3251.0484      2980.6781          10456.4829       299.3007      7475.8048     10482.4183       302.5256

PRESSURE: 1000 0 0 0 0 0 0 0 0 0
GPRESSURE: 1000 0 0 0 0 0 0 0 0 0
PRESSAVG: 1000 0 0 0 0 0 0 0 0 0
GPRESSAVG: 1000 0 0 0 0 0 0 0 0 0
TIMING: 1000  CPU: 0.461281, 0.000443755/step  Wall: 0.463238, 0.000443867/step, 0.000493185 hours remaining, 831.750000 MB of memory in use.
ETITLE:      TS           BOND          ANGLE          DIHED          IMPRP               ELECT            VDW       BOUNDARY           MISC        KINETIC               TOTAL           TEMP      POTENTIAL         TOTAL3        TEMPAVG

ENERGY:    1000      1116.9396      1719.9479      2067.4463       146.1829            -40.9579      -749.2020         0.0000      3237.2560      3011.8692          10509.4821       302.4327      7497.6129     10535.3489       301.5314

WRITING EXTENDED SYSTEM TO RESTART FILE AT STEP 1000
OPENING COORDINATE DCD FILE
WRITING COORDINATES TO DCD FILE adk-step1.dcd AT STEP 1000
WRITING COORDINATES TO RESTART FILE AT STEP 1000
FINISHED WRITING RESTART COORDINATES
The last position output (seq=1000) takes 0.004 seconds, 831.875 MB of memory in use
WRITING VELOCITIES TO RESTART FILE AT STEP 1000
FINISHED WRITING RESTART VELOCITIES
The last velocity output (seq=1000) takes 0.002 seconds, 831.875 MB of memory in use
PRESSURE: 1100 0 0 0 0 0 0 0 0 0
GPRESSURE: 1100 0 0 0 0 0 0 0 0 0
PRESSAVG: 1100 0 0 0 0 0 0 0 0 0
GPRESSAVG: 1100 0 0 0 0 0 0 0 0 0
ENERGY:    1100      1106.6115      1706.7910      2083.4538       164.8159            -39.8337      -815.2179         0.0000      3241.9252      2996.3820          10444.9279       300.8776      7448.5459     10462.7284       302.6387

PRESSURE: 1200 0 0 0 0 0 0 0 0 0
GPRESSURE: 1200 0 0 0 0 0 0 0 0 0
PRESSAVG: 1200 0 0 0 0 0 0 0 0 0
GPRESSAVG: 1200 0 0 0 0 0 0 0 0 0
ENERGY:    1200      1109.1716      1656.8926      2108.6603       151.0912            -39.8516      -824.6516         0.0000      3235.4128      2975.3940          10372.1192       298.7701      7396.7253     10396.4854       299.7459

PRESSURE: 1300 0 0 0 0 0 0 0 0 0
GPRESSURE: 1300 0 0 0 0 0 0 0 0 0
PRESSAVG: 1300 0 0 0 0 0 0 0 0 0
GPRESSAVG: 1300 0 0 0 0 0 0 0 0 0
ENERGY:    1300      1101.0104      1688.6147      2081.2528       162.6321            -39.9874      -822.8164         0.0000      3233.3708      2955.8063          10359.8831       296.8032      7404.0769     10385.7460       295.8211

PRESSURE: 1400 0 0 0 0 0 0 0 0 0
GPRESSURE: 1400 0 0 0 0 0 0 0 0 0
PRESSAVG: 1400 0 0 0 0 0 0 0 0 0
GPRESSAVG: 1400 0 0 0 0 0 0 0 0 0
ENERGY:    1400      1096.9729      1677.9734      2110.0991       157.9109            -40.6332      -793.9674         0.0000      3227.8586      2949.4605          10385.6747       296.1660      7436.2142     10409.9176       295.4341

PRESSURE: 1500 0 0 0 0 0 0 0 0 0
GPRESSURE: 1500 0 0 0 0 0 0 0 0 0
PRESSAVG: 1500 0 0 0 0 0 0 0 0 0
GPRESSAVG: 1500 0 0 0 0 0 0 0 0 0
ENERGY:    1500      1096.1634      1722.1537      2069.6803       153.0201            -39.6796      -799.6275         0.0000      3221.1395      2958.2265          10381.0764       297.0463      7422.8499     10405.2714       298.8749

PRESSURE: 1600 0 0 0 0 0 0 0 0 0
GPRESSURE: 1600 0 0 0 0 0 0 0 0 0
PRESSAVG: 1600 0 0 0 0 0 0 0 0 0
GPRESSAVG: 1600 0 0 0 0 0 0 0 0 0
ENERGY:    1600      1109.6005      1676.0240      2085.7580       143.5195            -38.4170      -781.4746         0.0000      3217.7622      2945.0537          10357.8262       295.7235      7412.7725     10381.6290       296.9912

PRESSURE: 1700 0 0 0 0 0 0 0 0 0
GPRESSURE: 1700 0 0 0 0 0 0 0 0 0
PRESSAVG: 1700 0 0 0 0 0 0 0 0 0
GPRESSAVG: 1700 0 0 0 0 0 0 0 0 0
ENERGY:    1700      1078.9979      1685.0781      2072.8383       148.9098            -38.9502      -797.7778         0.0000      3220.6236      2930.3566          10300.0765       294.2477      7369.7198     10322.3302       295.7577

PRESSURE: 1800 0 0 0 0 0 0 0 0 0
GPRESSURE: 1800 0 0 0 0 0 0 0 0 0
PRESSAVG: 1800 0 0 0 0 0 0 0 0 0
GPRESSAVG: 1800 0 0 0 0 0 0 0 0 0
ENERGY:    1800      1057.2292      1688.7700      2083.5530       152.6446            -39.3762      -804.4397         0.0000      3223.9891      2961.9076          10324.2775       297.4159      7362.3700     10350.2983       295.5756

PRESSURE: 1900 0 0 0 0 0 0 0 0 0
GPRESSURE: 1900 0 0 0 0 0 0 0 0 0
PRESSAVG: 1900 0 0 0 0 0 0 0 0 0
GPRESSAVG: 1900 0 0 0 0 0 0 0 0 0
ENERGY:    1900      1126.5280      1655.8713      2074.1806       134.7798            -39.4698      -824.3110         0.0000      3230.9334      2996.9173          10355.4297       300.9313      7358.5124     10384.7016       297.0676

WRITING COORDINATES TO DCD FILE adk-step1.dcd AT STEP 2000
WRITING COORDINATES TO RESTART FILE AT STEP 2000
FINISHED WRITING RESTART COORDINATES
The last position output (seq=2000) takes 0.003 seconds, 831.875 MB of memory in use
PRESSURE: 2000 0 0 0 0 0 0 0 0 0
GPRESSURE: 2000 0 0 0 0 0 0 0 0 0
PRESSAVG: 2000 0 0 0 0 0 0 0 0 0
GPRESSAVG: 2000 0 0 0 0 0 0 0 0 0
TIMING: 2000  CPU: 0.905517, 0.000444236/step  Wall: 0.915026, 0.000451789/step, 0.00037649 hours remaining, 831.937500 MB of memory in use.
ETITLE:      TS           BOND          ANGLE          DIHED          IMPRP               ELECT            VDW       BOUNDARY           MISC        KINETIC               TOTAL           TEMP      POTENTIAL         TOTAL3        TEMPAVG

ENERGY:    2000      1064.1733      1700.7149      2056.3492       157.4323            -40.3622      -783.6019         0.0000      3215.5154      2952.5330          10322.7540       296.4745      7370.2210     10351.4240       297.9061

WRITING EXTENDED SYSTEM TO RESTART FILE AT STEP 2000
WRITING VELOCITIES TO RESTART FILE AT STEP 2000
FINISHED WRITING RESTART VELOCITIES
The last velocity output (seq=2000) takes 0.002 seconds, 831.938 MB of memory in use
PRESSURE: 2100 0 0 0 0 0 0 0 0 0
GPRESSURE: 2100 0 0 0 0 0 0 0 0 0
PRESSAVG: 2100 0 0 0 0 0 0 0 0 0
GPRESSAVG: 2100 0 0 0 0 0 0 0 0 0
ENERGY:    2100      1114.6939      1751.8470      2076.2975       139.4536            -40.5028      -790.0849         0.0000      3209.6279      2925.9173          10387.2495       293.8020      7461.3322     10410.6334       298.7496

PRESSURE: 2200 0 0 0 0 0 0 0 0 0
GPRESSURE: 2200 0 0 0 0 0 0 0 0 0
PRESSAVG: 2200 0 0 0 0 0 0 0 0 0
GPRESSAVG: 2200 0 0 0 0 0 0 0 0 0
ENERGY:    2200      1105.0502      1682.1389      2070.2026       147.2490            -39.7066      -792.3178         0.0000      3205.2502      2979.5103          10357.3767       299.1834      7377.8664     10385.1068       300.7124

PRESSURE: 2300 0 0 0 0 0 0 0 0 0
GPRESSURE: 2300 0 0 0 0 0 0 0 0 0
PRESSAVG: 2300 0 0 0 0 0 0 0 0 0
GPRESSAVG: 2300 0 0 0 0 0 0 0 0 0
ENERGY:    2300      1067.3754      1732.6272      2097.0394       156.0448            -39.8292      -813.5587         0.0000      3201.0940      2966.0233          10366.8162       297.8292      7400.7928     10391.7847       299.6553

PRESSURE: 2400 0 0 0 0 0 0 0 0 0
GPRESSURE: 2400 0 0 0 0 0 0 0 0 0
PRESSAVG: 2400 0 0 0 0 0 0 0 0 0
GPRESSAVG: 2400 0 0 0 0 0 0 0 0 0
ENERGY:    2400      1115.5583      1695.2768      2072.6483       136.5740            -40.4174      -819.4321         0.0000      3207.1910      3014.4788          10381.8778       302.6947      7367.3990     10406.1576       300.4068

PRESSURE: 2500 0 0 0 0 0 0 0 0 0
GPRESSURE: 2500 0 0 0 0 0 0 0 0 0
PRESSAVG: 2500 0 0 0 0 0 0 0 0 0
GPRESSAVG: 2500 0 0 0 0 0 0 0 0 0
ENERGY:    2500      1065.0358      1652.3709      2062.6408       143.6593            -39.9676      -774.8369         0.0000      3204.9435      3051.6994          10365.5452       306.4322      7313.8459     10391.0542       300.7558

PRESSURE: 2600 0 0 0 0 0 0 0 0 0
GPRESSURE: 2600 0 0 0 0 0 0 0 0 0
PRESSAVG: 2600 0 0 0 0 0 0 0 0 0
GPRESSAVG: 2600 0 0 0 0 0 0 0 0 0
ENERGY:    2600      1140.2671      1721.3065      2056.4141       140.8222            -40.5422      -816.2099         0.0000      3207.4195      2958.9574          10368.4346       297.1196      7409.4772     10395.7449       299.1339

PRESSURE: 2700 0 0 0 0 0 0 0 0 0
GPRESSURE: 2700 0 0 0 0 0 0 0 0 0
PRESSAVG: 2700 0 0 0 0 0 0 0 0 0
GPRESSAVG: 2700 0 0 0 0 0 0 0 0 0
ENERGY:    2700      1123.5565      1701.2265      2069.4020       129.5659            -40.9550      -812.6661         0.0000      3203.2084      2939.6516          10312.9898       295.1811      7373.3382     10336.4031       298.0679

PRESSURE: 2800 0 0 0 0 0 0 0 0 0
GPRESSURE: 2800 0 0 0 0 0 0 0 0 0
PRESSAVG: 2800 0 0 0 0 0 0 0 0 0
GPRESSAVG: 2800 0 0 0 0 0 0 0 0 0
ENERGY:    2800      1081.2904      1723.2420      2061.9224       148.0791            -41.0437      -817.5050         0.0000      3196.3325      2998.0178          10350.3356       301.0418      7352.3178     10376.4640       298.9332

PRESSURE: 2900 0 0 0 0 0 0 0 0 0
GPRESSURE: 2900 0 0 0 0 0 0 0 0 0
PRESSAVG: 2900 0 0 0 0 0 0 0 0 0
GPRESSAVG: 2900 0 0 0 0 0 0 0 0 0
ENERGY:    2900      1136.5654      1669.6388      2071.0854       137.6010            -40.7262      -788.5130         0.0000      3185.7588      2957.0349          10328.4452       296.9266      7371.4103     10353.6145       298.3014

WRITING COORDINATES TO DCD FILE adk-step1.dcd AT STEP 3000
WRITING COORDINATES TO RESTART FILE AT STEP 3000
FINISHED WRITING RESTART COORDINATES
The last position output (seq=3000) takes 0.003 seconds, 831.938 MB of memory in use
WRITING VELOCITIES TO RESTART FILE AT STEP 3000
FINISHED WRITING RESTART VELOCITIES
The last velocity output (seq=3000) takes 0.002 seconds, 831.938 MB of memory in use
PRESSURE: 3000 0 0 0 0 0 0 0 0 0
GPRESSURE: 3000 0 0 0 0 0 0 0 0 0
PRESSAVG: 3000 0 0 0 0 0 0 0 0 0
GPRESSAVG: 3000 0 0 0 0 0 0 0 0 0
TIMING: 3000  CPU: 1.35156, 0.000446039/step  Wall: 1.36733, 0.000452299/step, 0.000251277 hours remaining, 831.937500 MB of memory in use.
ETITLE:      TS           BOND          ANGLE          DIHED          IMPRP               ELECT            VDW       BOUNDARY           MISC        KINETIC               TOTAL           TEMP      POTENTIAL         TOTAL3        TEMPAVG

ENERGY:    3000      1102.4116      1655.3463      2064.8974       151.9982            -42.2683      -761.0806         0.0000      3175.5139      3019.8777          10366.6963       303.2369      7346.8186     10394.3269       298.0801

WRITING EXTENDED SYSTEM TO RESTART FILE AT STEP 3000
PRESSURE: 3100 0 0 0 0 0 0 0 0 0
GPRESSURE: 3100 0 0 0 0 0 0 0 0 0
PRESSAVG: 3100 0 0 0 0 0 0 0 0 0
GPRESSAVG: 3100 0 0 0 0 0 0 0 0 0
ENERGY:    3100      1111.1072      1714.1198      2088.7895       162.9393            -42.2097      -825.0278         0.0000      3184.5133      3000.4151          10394.6468       301.2826      7394.2317     10418.3359       299.9490

PRESSURE: 3200 0 0 0 0 0 0 0 0 0
GPRESSURE: 3200 0 0 0 0 0 0 0 0 0
PRESSAVG: 3200 0 0 0 0 0 0 0 0 0
GPRESSAVG: 3200 0 0 0 0 0 0 0 0 0
ENERGY:    3200      1083.3221      1767.1948      2073.8623       130.6374            -40.7131      -807.1403         0.0000      3173.8122      2997.9754          10378.9509       301.0376      7380.9755     10402.6338       300.2760

PRESSURE: 3300 0 0 0 0 0 0 0 0 0
GPRESSURE: 3300 0 0 0 0 0 0 0 0 0
PRESSAVG: 3300 0 0 0 0 0 0 0 0 0
GPRESSAVG: 3300 0 0 0 0 0 0 0 0 0
ENERGY:    3300      1118.0328      1693.9904      2072.3374       156.7857            -40.8091      -765.9695         0.0000      3162.4665      2988.0159          10384.8502       300.0375      7396.8343     10406.2656       301.2441

PRESSURE: 3400 0 0 0 0 0 0 0 0 0
GPRESSURE: 3400 0 0 0 0 0 0 0 0 0
PRESSAVG: 3400 0 0 0 0 0 0 0 0 0
GPRESSAVG: 3400 0 0 0 0 0 0 0 0 0
ENERGY:    3400      1124.9254      1714.4938      2070.3840       155.2212            -41.9836      -793.9370         0.0000      3158.9221      2988.7339          10376.7599       300.1096      7388.0260     10403.3106       302.6092

PRESSURE: 3500 0 0 0 0 0 0 0 0 0
GPRESSURE: 3500 0 0 0 0 0 0 0 0 0
PRESSAVG: 3500 0 0 0 0 0 0 0 0 0
GPRESSAVG: 3500 0 0 0 0 0 0 0 0 0
ENERGY:    3500      1111.9030      1702.1769      2074.8280       157.7958            -41.6911      -782.5777         0.0000      3145.8858      3068.2678          10436.5885       308.0959      7368.3207     10461.4331       303.1820

PRESSURE: 3600 0 0 0 0 0 0 0 0 0
GPRESSURE: 3600 0 0 0 0 0 0 0 0 0
PRESSAVG: 3600 0 0 0 0 0 0 0 0 0
GPRESSAVG: 3600 0 0 0 0 0 0 0 0 0
ENERGY:    3600      1120.7213      1769.0528      2082.4060       150.1179            -40.6247      -810.5101         0.0000      3142.5905      3000.2047          10413.9583       301.2614      7413.7536     10435.1828       304.9121

PRESSURE: 3700 0 0 0 0 0 0 0 0 0
GPRESSURE: 3700 0 0 0 0 0 0 0 0 0
PRESSAVG: 3700 0 0 0 0 0 0 0 0 0
GPRESSAVG: 3700 0 0 0 0 0 0 0 0 0
ENERGY:    3700      1107.9867      1692.6858      2098.5710       169.5296            -40.2143      -766.2923         0.0000      3134.0985      3030.0720          10426.4369       304.2605      7396.3650     10450.4718       304.4935

PRESSURE: 3800 0 0 0 0 0 0 0 0 0
GPRESSURE: 3800 0 0 0 0 0 0 0 0 0
PRESSAVG: 3800 0 0 0 0 0 0 0 0 0
GPRESSAVG: 3800 0 0 0 0 0 0 0 0 0
ENERGY:    3800      1074.8333      1783.1125      2092.9703       160.9632            -41.0225      -779.6373         0.0000      3133.4393      2962.2537          10386.9124       297.4506      7424.6587     10412.6881       303.4320

PRESSURE: 3900 0 0 0 0 0 0 0 0 0
GPRESSURE: 3900 0 0 0 0 0 0 0 0 0
PRESSAVG: 3900 0 0 0 0 0 0 0 0 0
GPRESSAVG: 3900 0 0 0 0 0 0 0 0 0
ENERGY:    3900      1076.2938      1732.0923      2060.3745       161.5271            -40.7754      -766.1953         0.0000      3128.0159      3055.0256          10406.3586       306.7662      7351.3331     10433.2433       302.8108

PRESSURE: 4000 0 0 0 0 0 0 0 0 0
GPRESSURE: 4000 0 0 0 0 0 0 0 0 0
PRESSAVG: 4000 0 0 0 0 0 0 0 0 0
GPRESSAVG: 4000 0 0 0 0 0 0 0 0 0
TIMING: 4000  CPU: 1.7858, 0.000434244/step  Wall: 1.80263, 0.000435309/step, 0.000120919 hours remaining, 831.937500 MB of memory in use.
ETITLE:      TS           BOND          ANGLE          DIHED          IMPRP               ELECT            VDW       BOUNDARY           MISC        KINETIC               TOTAL           TEMP      POTENTIAL         TOTAL3        TEMPAVG

ENERGY:    4000      1094.2600      1770.9266      2031.4807       146.9324            -41.3317      -766.7826         0.0000      3115.7026      2992.8256          10344.0136       300.5205      7351.1880     10369.8308       303.6328

WRITING EXTENDED SYSTEM TO RESTART FILE AT STEP 4000
WRITING COORDINATES TO DCD FILE adk-step1.dcd AT STEP 4000
WRITING COORDINATES TO RESTART FILE AT STEP 4000
FINISHED WRITING RESTART COORDINATES
The last position output (seq=4000) takes 0.002 seconds, 831.938 MB of memory in use
WRITING VELOCITIES TO RESTART FILE AT STEP 4000
FINISHED WRITING RESTART VELOCITIES
The last velocity output (seq=4000) takes 0.002 seconds, 831.938 MB of memory in use
PRESSURE: 4100 0 0 0 0 0 0 0 0 0
GPRESSURE: 4100 0 0 0 0 0 0 0 0 0
PRESSAVG: 4100 0 0 0 0 0 0 0 0 0
GPRESSAVG: 4100 0 0 0 0 0 0 0 0 0
ENERGY:    4100      1092.9622      1722.9710      2091.7712       161.2145            -40.6940      -785.3261         0.0000      3113.1055      3035.4040          10391.4084       304.7959      7356.0044     10412.8636       304.1073

PRESSURE: 4200 0 0 0 0 0 0 0 0 0
GPRESSURE: 4200 0 0 0 0 0 0 0 0 0
PRESSAVG: 4200 0 0 0 0 0 0 0 0 0
GPRESSAVG: 4200 0 0 0 0 0 0 0 0 0
ENERGY:    4200      1129.0948      1701.2980      2099.3615       158.9907            -41.2961      -777.5541         0.0000      3104.8640      2998.5936          10373.3526       301.0997      7374.7589     10397.5983       303.3556

LDB: ============= START OF LOAD BALANCING ============== 4.47606
LDB: ============== END OF LOAD BALANCING =============== 4.47612
Info: useSync: 0 useProxySync: 0
LDB: =============== DONE WITH MIGRATION ================ 4.47622
PRESSURE: 4300 0 0 0 0 0 0 0 0 0
GPRESSURE: 4300 0 0 0 0 0 0 0 0 0
PRESSAVG: 4300 0 0 0 0 0 0 0 0 0
GPRESSAVG: 4300 0 0 0 0 0 0 0 0 0
ENERGY:    4300      1114.3820      1701.9483      2089.2611       151.9642            -40.7311      -764.3185         0.0000      3100.2322      3014.5435          10367.2818       302.7012      7352.7383     10390.2525       302.9695

LDB: ============= START OF LOAD BALANCING ============== 4.5195
LDB: TIME 4.51969 LOAD: AVG 0.0138405 MAX 0.0299424  PROXIES: TOTAL 174 MAXPE 7 MAXPATCH 7 None MEM: 831.938 MB
LDB: TIME 4.51985 LOAD: AVG 0.0138405 MAX 0.0299424  PROXIES: TOTAL 174 MAXPE 7 MAXPATCH 7 RefineTorusLB MEM: 832.125 MB
LDB: TIME 4.51996 LOAD: AVG 0.0138405 MAX 0.0299424  PROXIES: TOTAL 174 MAXPE 7 MAXPATCH 7 RefineTorusLB MEM: 832.125 MB
LDB: ============== END OF LOAD BALANCING =============== 4.52014
Info: build node-aware spanning tree with send: 1, recv: 0 with branch factor 4
Info: useSync: 0 useProxySync: 0
LDB: =============== DONE WITH MIGRATION ================ 4.52078
PRESSURE: 4400 0 0 0 0 0 0 0 0 0
GPRESSURE: 4400 0 0 0 0 0 0 0 0 0
PRESSAVG: 4400 0 0 0 0 0 0 0 0 0
GPRESSAVG: 4400 0 0 0 0 0 0 0 0 0
ENERGY:    4400      1056.6763      1682.4540      2109.0173       148.1899            -41.3473      -784.4540         0.0000      3098.6668      3082.7400          10351.9432       309.5491      7269.2032     10377.5553       304.2321

PRESSURE: 4500 0 0 0 0 0 0 0 0 0
GPRESSURE: 4500 0 0 0 0 0 0 0 0 0
PRESSAVG: 4500 0 0 0 0 0 0 0 0 0
GPRESSAVG: 4500 0 0 0 0 0 0 0 0 0
ENERGY:    4500      1111.5130      1714.0725      2087.8895       164.0957            -41.6896      -798.5796         0.0000      3095.7991      2998.8578          10331.9583       301.1262      7333.1005     10358.8096       304.0713

PRESSURE: 4600 0 0 0 0 0 0 0 0 0
GPRESSURE: 4600 0 0 0 0 0 0 0 0 0
PRESSAVG: 4600 0 0 0 0 0 0 0 0 0
GPRESSAVG: 4600 0 0 0 0 0 0 0 0 0
ENERGY:    4600      1130.4057      1705.2022      2091.9172       146.4623            -41.8455      -792.8832         0.0000      3089.5952      2981.2830          10310.1369       299.3614      7328.8539     10336.9171       300.3094

PRESSURE: 4700 0 0 0 0 0 0 0 0 0
GPRESSURE: 4700 0 0 0 0 0 0 0 0 0
PRESSAVG: 4700 0 0 0 0 0 0 0 0 0
GPRESSAVG: 4700 0 0 0 0 0 0 0 0 0
ENERGY:    4700      1084.0417      1736.6344      2098.4559       154.8602            -41.6650      -769.6246         0.0000      3081.4870      2966.5377          10310.7273       297.8808      7344.1896     10332.9358       300.8380

PRESSURE: 4800 0 0 0 0 0 0 0 0 0
GPRESSURE: 4800 0 0 0 0 0 0 0 0 0
PRESSAVG: 4800 0 0 0 0 0 0 0 0 0
GPRESSAVG: 4800 0 0 0 0 0 0 0 0 0
ENERGY:    4800      1096.4062      1718.5325      2049.6689       146.4925            -40.8281      -784.6637         0.0000      3078.4095      3033.5242          10297.5419       304.6072      7264.0178     10320.4692       302.1311

PRESSURE: 4900 0 0 0 0 0 0 0 0 0
GPRESSURE: 4900 0 0 0 0 0 0 0 0 0
PRESSAVG: 4900 0 0 0 0 0 0 0 0 0
GPRESSAVG: 4900 0 0 0 0 0 0 0 0 0
ENERGY:    4900      1129.3934      1710.6328      2070.0811       156.7204            -41.0995      -801.1875         0.0000      3074.7924      2968.3436          10267.6766       298.0621      7299.3330     10287.5064       301.3572

PRESSURE: 5000 0 0 0 0 0 0 0 0 0
GPRESSURE: 5000 0 0 0 0 0 0 0 0 0
PRESSAVG: 5000 0 0 0 0 0 0 0 0 0
GPRESSAVG: 5000 0 0 0 0 0 0 0 0 0
TIMING: 5000  CPU: 2.23033, 0.000444528/step  Wall: 2.25316, 0.000450522/step, 0 hours remaining, 832.125000 MB of memory in use.
ETITLE:      TS           BOND          ANGLE          DIHED          IMPRP               ELECT            VDW       BOUNDARY           MISC        KINETIC               TOTAL           TEMP      POTENTIAL         TOTAL3        TEMPAVG

ENERGY:    5000      1101.7984      1755.6227      2090.1341       158.6783            -41.4261      -811.3445         0.0000      3065.7423      2947.3879          10266.5930       295.9579      7319.2052     10288.8351       300.4225

WRITING EXTENDED SYSTEM TO RESTART FILE AT STEP 5000
WRITING COORDINATES TO DCD FILE adk-step1.dcd AT STEP 5000
WRITING COORDINATES TO RESTART FILE AT STEP 5000
FINISHED WRITING RESTART COORDINATES
The last position output (seq=5000) takes 0.002 seconds, 833.000 MB of memory in use
WRITING VELOCITIES TO RESTART FILE AT STEP 5000
FINISHED WRITING RESTART VELOCITIES
The last velocity output (seq=5000) takes 0.002 seconds, 833.000 MB of memory in use
WRITING EXTENDED SYSTEM TO OUTPUT FILE AT STEP 5000
WRITING COORDINATES TO OUTPUT FILE AT STEP 5000
CLOSING COORDINATE DCD FILE adk-step1.dcd
The last position output (seq=-2) takes 0.004 seconds, 833.000 MB of memory in use
WRITING VELOCITIES TO OUTPUT FILE AT STEP 5000
====================================================

WallClock: 4.800670  CPUTime: 3.192788  Memory: 833.000000 MB
End of program
