7_0_cc.dat
/gpfs/alpine/bip115/scratch/hrlee/radical.pilot.sandbox/re.session.login1.hrlee.018632.0003/pilot.0000/staging_area/7_0_cc.dat
7, 0
Choosing optimized barrier algorithm name I0:HybridBinomial:SHMEM:P2P
Converse/Charm++ Commit ID: v6.10.2-0-g7bf00fa-namd-charm-6.10.2-build-2020-Aug-05-556
Warning> Randomization of virtual memory (ASLR) is turned on in the kernel, thread migration may not work! Run 'echo 0 > /proc/sys/kernel/randomize_va_space' as root to disable it, or try running with '+isomalloc_sync'.
CharmLB> Load balancer assumes all CPUs are same.
Charm++> Running on 1 hosts (1 sockets x 7 cores x 4 PUs = 28-way SMP)
Charm++> cpu topology info is gathered in 0.002 seconds.
Info: Built with CUDA version 10010
Did not find +devices i,j,k,... argument, using all
Pe 1 physical rank 1 will use CUDA device of pe 4
Pe 16 physical rank 16 will use CUDA device of pe 14
Pe 25 physical rank 25 will use CUDA device of pe 21
Pe 38 physical rank 38 will use CUDA device of pe 35
Pe 34 physical rank 34 will use CUDA device of pe 28
Pe 10 physical rank 10 will use CUDA device of pe 7
Pe 3 physical rank 3 will use CUDA device of pe 4
Pe 20 physical rank 20 will use CUDA device of pe 14
Pe 26 physical rank 26 will use CUDA device of pe 21
Pe 40 physical rank 40 will use CUDA device of pe 35
Pe 30 physical rank 30 will use CUDA device of pe 28
Pe 11 physical rank 11 will use CUDA device of pe 7
Pe 2 physical rank 2 will use CUDA device of pe 4
Pe 18 physical rank 18 will use CUDA device of pe 14
Pe 27 physical rank 27 will use CUDA device of pe 21
Pe 37 physical rank 37 will use CUDA device of pe 35
Pe 31 physical rank 31 will use CUDA device of pe 28
Pe 8 physical rank 8 will use CUDA device of pe 7
Pe 17 physical rank 17 will use CUDA device of pe 14
Pe 23 physical rank 23 will use CUDA device of pe 21
Pe 39 physical rank 39 will use CUDA device of pe 35
Pe 33 physical rank 33 will use CUDA device of pe 28
Pe 13 physical rank 13 will use CUDA device of pe 7
Pe 5 physical rank 5 will use CUDA device of pe 4
Pe 19 physical rank 19 will use CUDA device of pe 14
Pe 24 physical rank 24 will use CUDA device of pe 21
Pe 41 physical rank 41 will use CUDA device of pe 35
Pe 32 physical rank 32 will use CUDA device of pe 28
Pe 12 physical rank 12 will use CUDA device of pe 7
Pe 6 physical rank 6 will use CUDA device of pe 4
Pe 15 physical rank 15 will use CUDA device of pe 14
Pe 22 physical rank 22 will use CUDA device of pe 21
Pe 36 physical rank 36 will use CUDA device of pe 35
Pe 29 physical rank 29 will use CUDA device of pe 28
Pe 9 physical rank 9 will use CUDA device of pe 7
Pe 0 physical rank 0 will use CUDA device of pe 4
Pe 7 physical rank 7 binding to CUDA device 0 on h36n18: 'Tesla V100-SXM2-16GB'  Mem: 16128MB  Rev: 7.0  PCI: 4:5:0
Pe 4 physical rank 4 binding to CUDA device 0 on h36n18: 'Tesla V100-SXM2-16GB'  Mem: 16128MB  Rev: 7.0  PCI: 4:4:0
Pe 14 physical rank 14 binding to CUDA device 0 on h36n18: 'Tesla V100-SXM2-16GB'  Mem: 16128MB  Rev: 7.0  PCI: 4:6:0
Pe 21 physical rank 21 binding to CUDA device 0 on h36n18: 'Tesla V100-SXM2-16GB'  Mem: 16128MB  Rev: 7.0  PCI: 35:3:0
Pe 35 physical rank 35 binding to CUDA device 0 on h36n18: 'Tesla V100-SXM2-16GB'  Mem: 16128MB  Rev: 7.0  PCI: 35:5:0
Pe 28 physical rank 28 binding to CUDA device 0 on h36n18: 'Tesla V100-SXM2-16GB'  Mem: 16128MB  Rev: 7.0  PCI: 35:4:0
Info: NAMD 2.14 for Linux-POWER-pami-smp-Summit-CUDA
Info: 
Info: Please visit http://www.ks.uiuc.edu/Research/namd/
Info: for updates, documentation, and support information.
Info: 
Info: Please cite Phillips et al., J. Chem. Phys. 153:044130 (2020) doi:10.1063/5.0014475
Info: in all publications reporting results obtained with NAMD.
Info: 
Info: Based on Charm++/Converse 61002 for pami-linux-ppc64le-smp
Info: Built Wed Aug 5 14:28:51 EDT 2020 by jimp on login2
Info: 1 NAMD  2.14  Linux-POWER-pami-smp-Summit-CUDA  42    h36n18  hrlee
Info: Running on 42 processors, 6 nodes, 1 physical nodes.
Info: CPU topology information available.
Info: Charm++/Converse parallel runtime startup completed at 1.3656 s
CkLoopLib is used in SMP with simple dynamic scheduling (converse-level notification)
Info: 791.688 MB of memory in use based on /proc/self/stat
Info: Configuration file is adk-step1.namd
Info: Working in the current directory /gpfs/alpine/bip115/scratch/hrlee/radical.pilot.sandbox/re.session.login1.hrlee.018632.0003/pilot.0000/unit.000111
TCL: Suspending until startup complete.
Info: SIMULATION PARAMETERS:
Info: TIMESTEP               1
Info: NUMBER OF STEPS        0
Info: STEPS PER CYCLE        20
Info: LOAD BALANCER  Centralized
Info: LOAD BALANCING STRATEGY  New Load Balancers -- DEFAULT
Info: LDB PERIOD             4000 steps
Info: FIRST LDB TIMESTEP     100
Info: LAST LDB TIMESTEP     -1
Info: LDB BACKGROUND SCALING 1
Info: HOM BACKGROUND SCALING 1
Info: MIN ATOMS PER PATCH    40
Info: VELOCITY FILE          7_0_adk-step1.restart.vel
Info: CENTER OF MASS MOVING INITIALLY? NO
Info: DIELECTRIC             80
Info: EXCLUDE                SCALED ONE-FOUR
Info: 1-4 ELECTROSTATICS SCALED BY 1
Info: MODIFIED 1-4 VDW PARAMETERS WILL BE USED
Info: DCD FILENAME           adk-step1.dcd
Info: DCD FREQUENCY          1000
Info: DCD FIRST STEP         1000
Info: NO EXTENDED SYSTEM TRAJECTORY OUTPUT
Info: NO VELOCITY DCD OUTPUT
Info: NO FORCE DCD OUTPUT
Info: OUTPUT FILENAME        adk-step1
Info: BINARY OUTPUT FILES WILL BE USED
Info: RESTART FILENAME       adk-step1.restart
Info: RESTART FREQUENCY      1000
Info: BINARY RESTART FILES WILL BE USED
Info: SWITCHING ACTIVE
Info: SWITCHING ON           9
Info: SWITCHING OFF          10
Info: PAIRLIST DISTANCE      11
Info: PAIRLIST SHRINK RATE   0.01
Info: PAIRLIST GROW RATE     0.01
Info: PAIRLIST TRIGGER       0.3
Info: PAIRLISTS PER CYCLE    2
Info: PAIRLISTS ENABLED
Info: MARGIN                 0
Info: HYDROGEN GROUP CUTOFF  2.5
Info: PATCH DIMENSION        13.5
Info: ENERGY OUTPUT STEPS    100
Info: CROSSTERM ENERGY INCLUDED IN DIHEDRAL
Info: TIMING OUTPUT STEPS    1000
Info: PRESSURE OUTPUT STEPS  100
Info: GRID FORCE ACTIVE
Info:  Please include this reference in published work using
Info:  the Gridforce module of NAMD: David Wells, Volha Abramkina,
Info:  and Aleksei Aksimentiev, J. Chem. Phys. 127:125101-10 (2007).
Info: MGRIDFORCE key 0
Info:            Potfile 4ake-target_autopsf-grid.dx
Info:            Scale 0.3 0.3 0.3
Info:            File 1ake-docked-noh_autopsf-grid.pdb
Info:            Col O
Info:            ChargeCol B
Info:            VOffset 0 0 0
Info:            Continuous K1 FALSE
Info:            Continuous K2 FALSE
Info:            Continuous K3 FALSE
Info:            Volts FALSE
Info:            Gridforce-Lite FALSE
Info:            Gridforce-CheckSize TRUE
Info: LANGEVIN DYNAMICS ACTIVE
Info: LANGEVIN TEMPERATURE   300
Info: LANGEVIN USING BBK INTEGRATOR
Info: LANGEVIN DAMPING COEFFICIENT IS 5 INVERSE PS
Info: LANGEVIN DYNAMICS NOT APPLIED TO HYDROGENS
Info: USING VERLET I (r-RESPA) MTS SCHEME.
Info: C1 SPLITTING OF LONG RANGE ELECTROSTATICS
Info: PLACING ATOMS IN PATCHES BY HYDROGEN GROUPS
Info: RIGID BONDS TO HYDROGEN : WATER
Info:         ERROR TOLERANCE : 1e-08
Info:          MAX ITERATIONS : 100
Info: RIGID WATER USING SETTLE ALGORITHM
Info: NONBONDED FORCES EVALUATED EVERY 2 STEPS
Info: RANDOM NUMBER SEED     1609821643
Info: USE HYDROGEN BONDS?    NO
Info: COORDINATE PDB         1ake-docked-noh_autopsf.pdb
Info: STRUCTURE FILE         1ake-docked-noh_autopsf.psf
Info: PARAMETER file: CHARMM format! 
Info: PARAMETERS             par_all36_prot.prm
Info: USING ARITHMETIC MEAN TO COMBINE L-J SIGMA PARAMETERS
Info: BINARY COORDINATES     7_0_adk-step1.restart.coor
Info: SUMMARY OF PARAMETERS:
Info: 132 BONDS
Info: 362 ANGLES
Info: 702 DIHEDRAL
Info: 35 IMPROPER
Info: 6 CROSSTERM
Info: 53 VDW
Info: 0 VDW_PAIRS
Info: 0 NBTHOLE_PAIRS
Info: TIME FOR READING PSF FILE: 0.570865
Info: READING EXTRA BONDS FILE 1ake-extrabonds.txt
Info: READING EXTRA BONDS FILE 1ake-extrabonds-cispeptide.txt
Info: READING EXTRA BONDS FILE 1ake-extrabonds-chirality.txt
Info: READ 80 EXTRA BONDS
Info: READ 80 EXTRA ANGLES
Warning: EXTRA ANGLES ARE COSINE-BASED BY DEFAULT TO MATCH PREVIOUS VERSIONS
Warning: FOR NORMAL HARMONIC EXTRA ANGLES SET extraBondsCosAngles off
Info: READ 493 EXTRA DIHEDRALS
Info: READ 438 EXTRA IMPROPERS
Info: Reading pdb file 1ake-docked-noh_autopsf.pdb
Info: TIME FOR READING PDB FILE: 0.124937
Info: 
Info: ****************************
Info: STRUCTURE SUMMARY:
Info: 3341 ATOMS
Info: 3445 BONDS
Info: 6203 ANGLES
Info: 9414 DIHEDRALS
Info: 1005 IMPROPERS
Info: 212 CROSSTERMS
Info: 0 EXCLUSIONS
Info: 0 RIGID BONDS
Info: 1 GRIDS ACTIVE
Info: 10023 DEGREES OF FREEDOM
Info: 1656 HYDROGEN GROUPS
Info: 4 ATOMS IN LARGEST HYDROGEN GROUP
Info: 1656 MIGRATION GROUPS
Info: 4 ATOMS IN LARGEST MIGRATION GROUP
Info: TOTAL MASS = 23582 amu
Info: TOTAL CHARGE = -4 e
Info: *****************************
Info: Reading from binary file 7_0_adk-step1.restart.coor
Info: 
Info: Entering startup at 2.70692 s, 798.812 MB of memory in use
Info: Startup phase 0 took 0.000281709 s, 798.812 MB of memory in use
Info: ADDED 18308 IMPLICIT EXCLUSIONS
Info: Startup phase 1 took 0.0084107 s, 799.062 MB of memory in use
Info: NONBONDED TABLE R-SQUARED SPACING: 0.0625
Info: NONBONDED TABLE SIZE: 705 POINTS
Info: ABSOLUTE IMPRECISION IN FAST TABLE ENERGY: 3.38813e-21 AT 9.89634
Info: RELATIVE IMPRECISION IN FAST TABLE ENERGY: 4.23384e-15 AT 9.94673
Info: ABSOLUTE IMPRECISION IN FAST TABLE FORCE: 6.35275e-22 AT 9.94673
Info: RELATIVE IMPRECISION IN FAST TABLE FORCE: 5.07982e-16 AT 9.94673
Info: INCONSISTENCY IN FAST TABLE ENERGY VS FORCE: 0.000290185 AT 0.251946
Info: ABSOLUTE IMPRECISION IN VDWA TABLE ENERGY: 1.57772e-30 AT 9.89634
Info: RELATIVE IMPRECISION IN VDWA TABLE ENERGY: 4.54938e-15 AT 9.94673
Info: ABSOLUTE IMPRECISION IN VDWA TABLE FORCE: 5.91646e-31 AT 9.94673
Info: RELATIVE IMPRECISION IN VDWA TABLE FORCE: 5.6823e-16 AT 9.94673
Info: INCONSISTENCY IN VDWA TABLE ENERGY VS FORCE: 0.0040507 AT 0.251946
Info: ABSOLUTE IMPRECISION IN VDWB TABLE ENERGY: 4.71751e-25 AT 9.94673
Info: RELATIVE IMPRECISION IN VDWB TABLE ENERGY: 1.45371e-14 AT 9.94673
Info: ABSOLUTE IMPRECISION IN VDWB TABLE FORCE: 6.20385e-25 AT 9.94673
Info: RELATIVE IMPRECISION IN VDWB TABLE FORCE: 5.97512e-16 AT 9.94673
Info: INCONSISTENCY IN VDWB TABLE ENERGY VS FORCE: 0.00377068 AT 9.07951
Info: Startup phase 2 took 0.00073393 s, 800.312 MB of memory in use
Info: Startup phase 3 took 0.000221625 s, 800.312 MB of memory in use
Info: Startup phase 4 took 0.00027373 s, 800.438 MB of memory in use
Info: Startup phase 5 took 0.000214064 s, 800.438 MB of memory in use
Info: ORIGINAL ATOMS MINMAX IS -22.7067 -33.161 -34.3825  16.6449 11.3268 15.0158
Info: ADJUSTED ATOMS MINMAX IS -17.23 -27.2197 -29.406  11.6644 7.41179 5.43342
Info: PATCH GRID IS 5 BY 3 BY 3
Info: PATCH GRID IS 2-AWAY BY 1-AWAY BY 1-AWAY
Info: Reading from binary file 7_0_adk-step1.restart.vel
Info: REMOVING COM VELOCITY 0.0712131 -0.0259865 0.136264
Info: LARGEST PATCH (37) HAS 148 ATOMS
Info: TORUS A SIZE 1 USING 0
Info: TORUS B SIZE 1 USING 0
Info: TORUS C SIZE 1 USING 0
Info: TORUS MINIMAL MESH SIZE IS 1 BY 1 BY 1
Info: Placed 100% of base nodes on same physical node as patch
Info: Startup phase 6 took 0.00933015 s, 800.688 MB of memory in use
Info: Startup phase 7 took 0.000228095 s, 801.562 MB of memory in use
Info: Updated CUDA force table with 4096 elements.
Info: Updated CUDA LJ table with 53 x 53 elements.
Info: Updated CUDA force table with 4096 elements.
Info: Updated CUDA LJ table with 53 x 53 elements.
Info: Updated CUDA force table with 4096 elements.
Info: Updated CUDA LJ table with 53 x 53 elements.
Info: Updated CUDA force table with 4096 elements.
Info: Updated CUDA LJ table with 53 x 53 elements.
Info: Updated CUDA force table with 4096 elements.
Info: Updated CUDA LJ table with 53 x 53 elements.
Info: Updated CUDA force table with 4096 elements.
Info: Updated CUDA LJ table with 53 x 53 elements.
Info: Startup phase 8 took 0.0036654 s, 801.75 MB of memory in use
Info: Startup phase 9 took 0.000397409 s, 801.812 MB of memory in use
Info: Startup phase 10 took 0.000206715 s, 801.875 MB of memory in use
Info: Startup phase 11 took 0.000992821 s, 802 MB of memory in use
LDB: Central LB being created...
Info: Startup phase 12 took 0.0020379 s, 802.812 MB of memory in use
Info: CREATING 1139 COMPUTE OBJECTS
Info: Found 278 unique exclusion lists needing 900 bytes
Info: Found 278 unique exclusion lists needing 900 bytes
Info: Found 278 unique exclusion lists needing 900 bytes
Info: Found 278 unique exclusion lists needing 900 bytes
Info: Found 278 unique exclusion lists needing 900 bytes
Info: Found 278 unique exclusion lists needing 900 bytes
Info: useSync: 0 useProxySync: 0
Info: Startup phase 13 took 0.0463158 s, 803.812 MB of memory in use
Info: Building spanning tree ... send: 1 recv: 0 with branch factor 4
Info: Startup phase 14 took 0.000254725 s, 803.938 MB of memory in use
Info: Startup phase 15 took 0.000265945 s, 804.062 MB of memory in use
Info: Finished startup at 2.78075 s, 804.188 MB of memory in use

TCL: Running for 5000 steps
PRESSURE: 0 0 0 0 0 0 0 0 0 0
GPRESSURE: 0 0 0 0 0 0 0 0 0 0
ETITLE:      TS           BOND          ANGLE          DIHED          IMPRP               ELECT            VDW       BOUNDARY           MISC        KINETIC               TOTAL           TEMP      POTENTIAL         TOTAL3        TEMPAVG

ENERGY:       0      1034.0054      1681.0129      2100.8708       156.4241            -40.9916      -824.1480         0.0000      4446.2466      2972.1411          11525.5613       298.4435      8553.4202     11548.9935       298.4435

LDB: ============= START OF LOAD BALANCING ============== 2.79212
LDB: ============== END OF LOAD BALANCING =============== 2.79218
Info: useSync: 0 useProxySync: 0
LDB: =============== DONE WITH MIGRATION ================ 2.79228
LDB: ============= START OF LOAD BALANCING ============== 2.82928
LDB: Partitioning computes with target load 0.000000
LDB: Increased migratable compute count from 0 to 0
LDB: Largest unpartitionable compute is 0.000000
LDB: ============== END OF LOAD BALANCING =============== 2.82968
Info: build node-aware spanning tree with send: 1, recv: 0 with branch factor 4
Info: useSync: 0 useProxySync: 0
LDB: =============== DONE WITH MIGRATION ================ 2.83061
PRESSURE: 100 0 0 0 0 0 0 0 0 0
GPRESSURE: 100 0 0 0 0 0 0 0 0 0
PRESSAVG: 100 0 0 0 0 0 0 0 0 0
GPRESSAVG: 100 0 0 0 0 0 0 0 0 0
Info: Initial time: 42 CPUs 0.00046649 s/step 0.00539919 days/ns 827.25 MB memory
ENERGY:     100      1132.9760      1651.8098      2064.1843       146.7805            -41.4513      -846.0055         0.0000      4438.1227      2985.4194          11531.8358       299.7768      8546.4164     11553.9750       295.6411

LDB: ============= START OF LOAD BALANCING ============== 2.84014
LDB: ============== END OF LOAD BALANCING =============== 2.84018
Info: useSync: 0 useProxySync: 0
LDB: =============== DONE WITH MIGRATION ================ 2.84028
LDB: ============= START OF LOAD BALANCING ============== 2.87702
LDB: TIME 2.87734 LOAD: AVG 0.0122345 MAX 0.021269  PROXIES: TOTAL 174 MAXPE 7 MAXPATCH 7 None MEM: 829 MB
LDB: TIME 2.87763 LOAD: AVG 0.0122345 MAX 0.021269  PROXIES: TOTAL 174 MAXPE 7 MAXPATCH 7 TorusLB MEM: 829.062 MB
LDB: Reverting to original mapping
LDB: ============== END OF LOAD BALANCING =============== 2.87791
Info: build node-aware spanning tree with send: 1, recv: 0 with branch factor 4
Info: useSync: 0 useProxySync: 0
LDB: =============== DONE WITH MIGRATION ================ 2.87875
PRESSURE: 200 0 0 0 0 0 0 0 0 0
GPRESSURE: 200 0 0 0 0 0 0 0 0 0
PRESSAVG: 200 0 0 0 0 0 0 0 0 0
GPRESSAVG: 200 0 0 0 0 0 0 0 0 0
Info: Initial time: 42 CPUs 0.000459623 s/step 0.00531971 days/ns 829.062 MB memory
ENERGY:     200      1069.9584      1745.9748      2059.3987       155.0998            -42.6832      -804.1656         0.0000      4428.5925      2966.1091          11578.2846       297.8378      8612.1754     11601.2598       298.9630

LDB: ============= START OF LOAD BALANCING ============== 2.92397
LDB: TIME 2.92423 LOAD: AVG 0.0152625 MAX 0.0277197  PROXIES: TOTAL 174 MAXPE 7 MAXPATCH 7 None MEM: 830 MB
LDB: TIME 2.92447 LOAD: AVG 0.0152625 MAX 0.0277197  PROXIES: TOTAL 174 MAXPE 7 MAXPATCH 7 RefineTorusLB MEM: 830 MB
LDB: TIME 2.92461 LOAD: AVG 0.0152625 MAX 0.0277197  PROXIES: TOTAL 174 MAXPE 7 MAXPATCH 7 RefineTorusLB MEM: 830 MB
LDB: Reverting to original mapping
LDB: ============== END OF LOAD BALANCING =============== 2.92485
Info: build node-aware spanning tree with send: 1, recv: 0 with branch factor 4
Info: useSync: 0 useProxySync: 0
LDB: =============== DONE WITH MIGRATION ================ 2.92559
PRESSURE: 300 0 0 0 0 0 0 0 0 0
GPRESSURE: 300 0 0 0 0 0 0 0 0 0
PRESSAVG: 300 0 0 0 0 0 0 0 0 0
GPRESSAVG: 300 0 0 0 0 0 0 0 0 0
Info: Initial time: 42 CPUs 0.000449381 s/step 0.00520117 days/ns 830 MB memory
ENERGY:     300      1090.7668      1658.8791      2069.8589       143.4384            -41.8633      -806.7527         0.0000      4427.2329      2970.1343          11511.6945       298.2420      8541.5602     11534.3642       300.0708

LDB: ============= START OF LOAD BALANCING ============== 2.97913
LDB: TIME 2.97937 LOAD: AVG 0.0152093 MAX 0.0319073  PROXIES: TOTAL 174 MAXPE 7 MAXPATCH 7 None MEM: 830.938 MB
LDB: TIME 2.97962 LOAD: AVG 0.0152093 MAX 0.0319073  PROXIES: TOTAL 174 MAXPE 7 MAXPATCH 7 RefineTorusLB MEM: 830.938 MB
LDB: TIME 2.97975 LOAD: AVG 0.0152093 MAX 0.0319073  PROXIES: TOTAL 174 MAXPE 7 MAXPATCH 7 RefineTorusLB MEM: 830.938 MB
LDB: ============== END OF LOAD BALANCING =============== 2.97999
Info: build node-aware spanning tree with send: 1, recv: 0 with branch factor 4
Info: useSync: 0 useProxySync: 0
LDB: =============== DONE WITH MIGRATION ================ 2.9807
PRESSURE: 400 0 0 0 0 0 0 0 0 0
GPRESSURE: 400 0 0 0 0 0 0 0 0 0
PRESSAVG: 400 0 0 0 0 0 0 0 0 0
GPRESSAVG: 400 0 0 0 0 0 0 0 0 0
Info: Benchmark time: 42 CPUs 0.000533978 s/step 0.0061803 days/ns 830.938 MB memory
ENERGY:     400      1071.1834      1698.2455      2081.7382       136.9611            -40.5119      -845.9870         0.0000      4427.9274      2927.7416          11457.2982       293.9852      8529.5566     11481.6447       296.6185

PRESSURE: 500 0 0 0 0 0 0 0 0 0
GPRESSURE: 500 0 0 0 0 0 0 0 0 0
PRESSAVG: 500 0 0 0 0 0 0 0 0 0
GPRESSAVG: 500 0 0 0 0 0 0 0 0 0
Info: Benchmark time: 42 CPUs 0.000533773 s/step 0.00617793 days/ns 831.438 MB memory
ENERGY:     500      1074.6996      1698.0075      2088.9175       146.1226            -39.9780      -832.2708         0.0000      4429.7234      2967.3050          11532.5268       297.9579      8565.2217     11556.5780       296.3189

PRESSURE: 600 0 0 0 0 0 0 0 0 0
GPRESSURE: 600 0 0 0 0 0 0 0 0 0
PRESSAVG: 600 0 0 0 0 0 0 0 0 0
GPRESSAVG: 600 0 0 0 0 0 0 0 0 0
Info: Benchmark time: 42 CPUs 0.000530211 s/step 0.0061367 days/ns 831.438 MB memory
ENERGY:     600      1095.6865      1651.1648      2073.0607       142.6527            -40.5133      -811.3938         0.0000      4417.6117      2971.1484          11499.4179       298.3438      8528.2695     11524.9822       295.2734

PRESSURE: 700 0 0 0 0 0 0 0 0 0
GPRESSURE: 700 0 0 0 0 0 0 0 0 0
PRESSAVG: 700 0 0 0 0 0 0 0 0 0
GPRESSAVG: 700 0 0 0 0 0 0 0 0 0
Info: Benchmark time: 42 CPUs 0.000496325 s/step 0.0057445 days/ns 831.438 MB memory
ENERGY:     700      1091.0703      1762.0637      2083.0929       151.0254            -40.4924      -818.1947         0.0000      4398.5726      2943.8516          11570.9893       295.6028      8627.1377     11593.2684       299.4114

PRESSURE: 800 0 0 0 0 0 0 0 0 0
GPRESSURE: 800 0 0 0 0 0 0 0 0 0
PRESSAVG: 800 0 0 0 0 0 0 0 0 0
GPRESSAVG: 800 0 0 0 0 0 0 0 0 0
Info: Benchmark time: 42 CPUs 0.000439917 s/step 0.00509163 days/ns 831.438 MB memory
ENERGY:     800      1062.6943      1724.6347      2068.3158       164.5152            -41.0957      -810.8973         0.0000      4399.6721      2997.9410          11565.7800       301.0341      8567.8390     11595.2714       300.1672

PRESSURE: 900 0 0 0 0 0 0 0 0 0
GPRESSURE: 900 0 0 0 0 0 0 0 0 0
PRESSAVG: 900 0 0 0 0 0 0 0 0 0
GPRESSAVG: 900 0 0 0 0 0 0 0 0 0
Info: Benchmark time: 42 CPUs 0.000442434 s/step 0.00512076 days/ns 831.438 MB memory
ENERGY:     900      1026.7046      1742.1249      2062.7546       147.7708            -40.9260      -790.2795         0.0000      4388.6378      3044.3755          11581.1626       305.6968      8536.7871     11606.8394       298.4360

PRESSURE: 1000 0 0 0 0 0 0 0 0 0
GPRESSURE: 1000 0 0 0 0 0 0 0 0 0
PRESSAVG: 1000 0 0 0 0 0 0 0 0 0
GPRESSAVG: 1000 0 0 0 0 0 0 0 0 0
TIMING: 1000  CPU: 0.544285, 0.00049506/step  Wall: 0.545012, 0.000495358/step, 0.000550397 hours remaining, 831.437500 MB of memory in use.
ETITLE:      TS           BOND          ANGLE          DIHED          IMPRP               ELECT            VDW       BOUNDARY           MISC        KINETIC               TOTAL           TEMP      POTENTIAL         TOTAL3        TEMPAVG

ENERGY:    1000      1087.3657      1692.0326      2090.6923       148.0092            -40.4701      -825.6282         0.0000      4384.9188      2986.9067          11523.8270       299.9261      8536.9204     11546.6578       299.8044

WRITING EXTENDED SYSTEM TO RESTART FILE AT STEP 1000
OPENING COORDINATE DCD FILE
WRITING COORDINATES TO DCD FILE adk-step1.dcd AT STEP 1000
WRITING COORDINATES TO RESTART FILE AT STEP 1000
FINISHED WRITING RESTART COORDINATES
The last position output (seq=1000) takes 0.004 seconds, 831.562 MB of memory in use
WRITING VELOCITIES TO RESTART FILE AT STEP 1000
FINISHED WRITING RESTART VELOCITIES
The last velocity output (seq=1000) takes 0.002 seconds, 831.625 MB of memory in use
PRESSURE: 1100 0 0 0 0 0 0 0 0 0
GPRESSURE: 1100 0 0 0 0 0 0 0 0 0
PRESSAVG: 1100 0 0 0 0 0 0 0 0 0
GPRESSAVG: 1100 0 0 0 0 0 0 0 0 0
ENERGY:    1100      1108.5932      1705.2238      2071.1912       163.7211            -40.8057      -815.9341         0.0000      4378.4299      2948.6251          11519.0444       296.0821      8570.4193     11540.1380       299.7119

PRESSURE: 1200 0 0 0 0 0 0 0 0 0
GPRESSURE: 1200 0 0 0 0 0 0 0 0 0
PRESSAVG: 1200 0 0 0 0 0 0 0 0 0
GPRESSAVG: 1200 0 0 0 0 0 0 0 0 0
ENERGY:    1200      1069.1765      1667.8957      2092.6890       139.2068            -41.4590      -830.1600         0.0000      4363.6801      3041.2186          11502.2478       305.3798      8461.0292     11523.8826       298.1740

PRESSURE: 1300 0 0 0 0 0 0 0 0 0
GPRESSURE: 1300 0 0 0 0 0 0 0 0 0
PRESSAVG: 1300 0 0 0 0 0 0 0 0 0
GPRESSAVG: 1300 0 0 0 0 0 0 0 0 0
ENERGY:    1300      1090.1959      1710.8183      2093.2682       149.8022            -41.4101      -825.5973         0.0000      4354.4525      2963.3671          11494.8967       297.5624      8531.5296     11517.7474       298.5176

PRESSURE: 1400 0 0 0 0 0 0 0 0 0
GPRESSURE: 1400 0 0 0 0 0 0 0 0 0
PRESSAVG: 1400 0 0 0 0 0 0 0 0 0
GPRESSAVG: 1400 0 0 0 0 0 0 0 0 0
ENERGY:    1400      1072.4598      1732.7245      2079.3857       161.5318            -39.9188      -818.0362         0.0000      4359.6531      2947.0149          11494.8149       295.9205      8547.8000     11518.7679       297.0516

PRESSURE: 1500 0 0 0 0 0 0 0 0 0
GPRESSURE: 1500 0 0 0 0 0 0 0 0 0
PRESSAVG: 1500 0 0 0 0 0 0 0 0 0
GPRESSAVG: 1500 0 0 0 0 0 0 0 0 0
ENERGY:    1500      1070.0555      1689.5489      2083.4366       156.4338            -39.9976      -830.7887         0.0000      4362.5006      2981.1199          11472.3089       299.3451      8491.1890     11497.0529       298.0881

PRESSURE: 1600 0 0 0 0 0 0 0 0 0
GPRESSURE: 1600 0 0 0 0 0 0 0 0 0
PRESSAVG: 1600 0 0 0 0 0 0 0 0 0
GPRESSAVG: 1600 0 0 0 0 0 0 0 0 0
ENERGY:    1600      1065.4135      1676.0721      2076.3760       155.2990            -39.8788      -818.8236         0.0000      4372.8744      2968.8240          11456.1565       298.1104      8487.3326     11481.5132       298.2503

PRESSURE: 1700 0 0 0 0 0 0 0 0 0
GPRESSURE: 1700 0 0 0 0 0 0 0 0 0
PRESSAVG: 1700 0 0 0 0 0 0 0 0 0
GPRESSAVG: 1700 0 0 0 0 0 0 0 0 0
ENERGY:    1700      1069.3259      1699.8019      2114.5221       152.8186            -40.0623      -842.1857         0.0000      4369.7206      2987.6949          11511.6360       300.0053      8523.9412     11534.3667       298.1241

PRESSURE: 1800 0 0 0 0 0 0 0 0 0
GPRESSURE: 1800 0 0 0 0 0 0 0 0 0
PRESSAVG: 1800 0 0 0 0 0 0 0 0 0
GPRESSAVG: 1800 0 0 0 0 0 0 0 0 0
ENERGY:    1800      1063.3949      1754.1332      2099.2400       155.9673            -41.0194      -778.6582         0.0000      4363.5064      2953.8034          11570.3676       296.6021      8616.5642     11593.2427       300.2565

PRESSURE: 1900 0 0 0 0 0 0 0 0 0
GPRESSURE: 1900 0 0 0 0 0 0 0 0 0
PRESSAVG: 1900 0 0 0 0 0 0 0 0 0
GPRESSAVG: 1900 0 0 0 0 0 0 0 0 0
ENERGY:    1900      1133.8493      1677.9586      2074.3325       154.3234            -41.0833      -810.3653         0.0000      4359.9910      3047.7223          11596.7285       306.0328      8549.0062     11622.2336       303.4044

PRESSURE: 2000 0 0 0 0 0 0 0 0 0
GPRESSURE: 2000 0 0 0 0 0 0 0 0 0
PRESSAVG: 2000 0 0 0 0 0 0 0 0 0
GPRESSAVG: 2000 0 0 0 0 0 0 0 0 0
TIMING: 2000  CPU: 1.05799, 0.000513706/step  Wall: 1.06454, 0.000519531/step, 0.000432942 hours remaining, 831.625000 MB of memory in use.
ETITLE:      TS           BOND          ANGLE          DIHED          IMPRP               ELECT            VDW       BOUNDARY           MISC        KINETIC               TOTAL           TEMP      POTENTIAL         TOTAL3        TEMPAVG

ENERGY:    2000      1114.8624      1702.6615      2104.4282       157.5683            -40.9278      -805.7518         0.0000      4354.9035      3042.8291          11630.5734       305.5415      8587.7444     11652.6690       304.4986

WRITING EXTENDED SYSTEM TO RESTART FILE AT STEP 2000
WRITING COORDINATES TO DCD FILE adk-step1.dcd AT STEP 2000
WRITING COORDINATES TO RESTART FILE AT STEP 2000
FINISHED WRITING RESTART COORDINATES
The last position output (seq=2000) takes 0.002 seconds, 831.625 MB of memory in use
WRITING VELOCITIES TO RESTART FILE AT STEP 2000
FINISHED WRITING RESTART VELOCITIES
The last velocity output (seq=2000) takes 0.002 seconds, 831.625 MB of memory in use
PRESSURE: 2100 0 0 0 0 0 0 0 0 0
GPRESSURE: 2100 0 0 0 0 0 0 0 0 0
PRESSAVG: 2100 0 0 0 0 0 0 0 0 0
GPRESSAVG: 2100 0 0 0 0 0 0 0 0 0
ENERGY:    2100      1123.8411      1704.5097      2107.2065       161.6111            -41.0364      -774.5418         0.0000      4357.1361      3032.0651          11670.7914       304.4607      8638.7263     11689.0285       306.8924

PRESSURE: 2200 0 0 0 0 0 0 0 0 0
GPRESSURE: 2200 0 0 0 0 0 0 0 0 0
PRESSAVG: 2200 0 0 0 0 0 0 0 0 0
GPRESSAVG: 2200 0 0 0 0 0 0 0 0 0
ENERGY:    2200      1106.2779      1758.5747      2068.3675       151.5706            -41.5697      -788.7543         0.0000      4355.7176      3006.9612          11617.1454       301.9399      8610.1842     11640.6854       305.6804

PRESSURE: 2300 0 0 0 0 0 0 0 0 0
GPRESSURE: 2300 0 0 0 0 0 0 0 0 0
PRESSAVG: 2300 0 0 0 0 0 0 0 0 0
GPRESSAVG: 2300 0 0 0 0 0 0 0 0 0
ENERGY:    2300      1136.0616      1718.5565      2102.9130       147.0616            -41.0298      -776.3182         0.0000      4362.7793      3023.1721          11673.1960       303.5677      8650.0239     11696.7003       304.8509

PRESSURE: 2400 0 0 0 0 0 0 0 0 0
GPRESSURE: 2400 0 0 0 0 0 0 0 0 0
PRESSAVG: 2400 0 0 0 0 0 0 0 0 0
GPRESSAVG: 2400 0 0 0 0 0 0 0 0 0
ENERGY:    2400      1095.3499      1694.2214      2059.6900       166.9215            -40.0042      -792.8305         0.0000      4358.5028      3054.6321          11596.4830       306.7267      8541.8509     11623.3631       305.7295

PRESSURE: 2500 0 0 0 0 0 0 0 0 0
GPRESSURE: 2500 0 0 0 0 0 0 0 0 0
PRESSAVG: 2500 0 0 0 0 0 0 0 0 0
GPRESSAVG: 2500 0 0 0 0 0 0 0 0 0
ENERGY:    2500      1135.6532      1717.2939      2092.3158       149.1535            -40.2676      -807.0737         0.0000      4362.3335      3062.6877          11672.0962       307.5356      8609.4085     11695.5220       306.0449

PRESSURE: 2600 0 0 0 0 0 0 0 0 0
GPRESSURE: 2600 0 0 0 0 0 0 0 0 0
PRESSAVG: 2600 0 0 0 0 0 0 0 0 0
GPRESSAVG: 2600 0 0 0 0 0 0 0 0 0
ENERGY:    2600      1091.6804      1712.9779      2077.6319       163.4875            -40.0189      -797.1923         0.0000      4357.8782      3000.0525          11566.4973       301.2462      8566.4447     11590.8459       306.0876

PRESSURE: 2700 0 0 0 0 0 0 0 0 0
GPRESSURE: 2700 0 0 0 0 0 0 0 0 0
PRESSAVG: 2700 0 0 0 0 0 0 0 0 0
GPRESSAVG: 2700 0 0 0 0 0 0 0 0 0
ENERGY:    2700      1069.5720      1683.0199      2086.1726       163.6524            -41.1846      -813.6179         0.0000      4355.7783      3003.2326          11506.6253       301.5655      8503.3927     11533.6452       302.1937

PRESSURE: 2800 0 0 0 0 0 0 0 0 0
GPRESSURE: 2800 0 0 0 0 0 0 0 0 0
PRESSAVG: 2800 0 0 0 0 0 0 0 0 0
GPRESSAVG: 2800 0 0 0 0 0 0 0 0 0
ENERGY:    2800      1087.8500      1725.4534      2124.1412       149.7004            -40.5222      -818.6870         0.0000      4352.2604      3028.6041          11608.8004       304.1131      8580.1962     11633.5871       301.0785

PRESSURE: 2900 0 0 0 0 0 0 0 0 0
GPRESSURE: 2900 0 0 0 0 0 0 0 0 0
PRESSAVG: 2900 0 0 0 0 0 0 0 0 0
GPRESSAVG: 2900 0 0 0 0 0 0 0 0 0
ENERGY:    2900      1082.2438      1747.6147      2093.8188       152.7396            -39.7177      -805.0153         0.0000      4336.7667      3003.3491          11571.7997       301.5772      8568.4507     11596.5693       301.6959

PRESSURE: 3000 0 0 0 0 0 0 0 0 0
GPRESSURE: 3000 0 0 0 0 0 0 0 0 0
PRESSAVG: 3000 0 0 0 0 0 0 0 0 0
GPRESSAVG: 3000 0 0 0 0 0 0 0 0 0
TIMING: 3000  CPU: 1.52767, 0.000469676/step  Wall: 1.54088, 0.000476337/step, 0.000264631 hours remaining, 831.625000 MB of memory in use.
ETITLE:      TS           BOND          ANGLE          DIHED          IMPRP               ELECT            VDW       BOUNDARY           MISC        KINETIC               TOTAL           TEMP      POTENTIAL         TOTAL3        TEMPAVG

ENERGY:    3000      1138.9979      1744.9964      2077.0400       160.1448            -39.0889      -802.3810         0.0000      4323.5954      2949.4449          11552.7497       296.1645      8603.3047     11574.8758       300.9707

WRITING EXTENDED SYSTEM TO RESTART FILE AT STEP 3000
WRITING COORDINATES TO DCD FILE adk-step1.dcd AT STEP 3000
WRITING COORDINATES TO RESTART FILE AT STEP 3000
FINISHED WRITING RESTART COORDINATES
The last position output (seq=3000) takes 0.003 seconds, 831.625 MB of memory in use
WRITING VELOCITIES TO RESTART FILE AT STEP 3000
FINISHED WRITING RESTART VELOCITIES
The last velocity output (seq=3000) takes 0.002 seconds, 831.625 MB of memory in use
PRESSURE: 3100 0 0 0 0 0 0 0 0 0
GPRESSURE: 3100 0 0 0 0 0 0 0 0 0
PRESSAVG: 3100 0 0 0 0 0 0 0 0 0
GPRESSAVG: 3100 0 0 0 0 0 0 0 0 0
ENERGY:    3100      1142.0294      1719.7855      2066.2086       150.5969            -40.6537      -779.4602         0.0000      4331.2133      2968.5129          11558.2328       298.0792      8589.7199     11581.1997       303.0209

PRESSURE: 3200 0 0 0 0 0 0 0 0 0
GPRESSURE: 3200 0 0 0 0 0 0 0 0 0
PRESSAVG: 3200 0 0 0 0 0 0 0 0 0
GPRESSAVG: 3200 0 0 0 0 0 0 0 0 0
ENERGY:    3200      1135.8013      1719.1747      2098.0668       153.2836            -40.7184      -808.3488         0.0000      4333.4816      2962.8519          11553.5927       297.5107      8590.7408     11579.0793       302.5176

PRESSURE: 3300 0 0 0 0 0 0 0 0 0
GPRESSURE: 3300 0 0 0 0 0 0 0 0 0
PRESSAVG: 3300 0 0 0 0 0 0 0 0 0
GPRESSAVG: 3300 0 0 0 0 0 0 0 0 0
ENERGY:    3300      1118.2488      1710.0544      2101.6875       145.5485            -40.6050      -783.0995         0.0000      4326.4030      2942.1072          11520.3449       295.4277      8578.2376     11546.2266       301.2038

PRESSURE: 3400 0 0 0 0 0 0 0 0 0
GPRESSURE: 3400 0 0 0 0 0 0 0 0 0
PRESSAVG: 3400 0 0 0 0 0 0 0 0 0
GPRESSAVG: 3400 0 0 0 0 0 0 0 0 0
ENERGY:    3400      1080.9522      1666.2664      2072.4859       152.3666            -40.1344      -772.6756         0.0000      4318.2345      2984.7494          11462.2451       299.7095      8477.4957     11486.2074       299.6843

PRESSURE: 3500 0 0 0 0 0 0 0 0 0
GPRESSURE: 3500 0 0 0 0 0 0 0 0 0
PRESSAVG: 3500 0 0 0 0 0 0 0 0 0
GPRESSAVG: 3500 0 0 0 0 0 0 0 0 0
ENERGY:    3500      1112.4718      1660.0424      2071.5699       149.2268            -40.2709      -757.4667         0.0000      4325.9050      2933.2475          11454.7259       294.5380      8521.4784     11474.2603       297.8650

PRESSURE: 3600 0 0 0 0 0 0 0 0 0
GPRESSURE: 3600 0 0 0 0 0 0 0 0 0
PRESSAVG: 3600 0 0 0 0 0 0 0 0 0
GPRESSAVG: 3600 0 0 0 0 0 0 0 0 0
ENERGY:    3600      1079.3226      1658.5639      2117.7727       166.7218            -40.6787      -803.7059         0.0000      4330.1387      2948.1143          11456.2494       296.0308      8508.1351     11478.8574       294.5826

PRESSURE: 3700 0 0 0 0 0 0 0 0 0
GPRESSURE: 3700 0 0 0 0 0 0 0 0 0
PRESSAVG: 3700 0 0 0 0 0 0 0 0 0
GPRESSAVG: 3700 0 0 0 0 0 0 0 0 0
ENERGY:    3700      1115.0422      1656.8065      2072.6352       154.7430            -39.7836      -791.5148         0.0000      4328.2846      2988.6285          11484.8417       300.0990      8496.2132     11509.0096       297.6530

PRESSURE: 3800 0 0 0 0 0 0 0 0 0
GPRESSURE: 3800 0 0 0 0 0 0 0 0 0
PRESSAVG: 3800 0 0 0 0 0 0 0 0 0
GPRESSAVG: 3800 0 0 0 0 0 0 0 0 0
ENERGY:    3800      1098.3410      1686.0786      2063.3310       147.8142            -39.3179      -796.9149         0.0000      4323.9397      2970.6912          11453.9629       298.2979      8483.2717     11473.6010       298.5653

PRESSURE: 3900 0 0 0 0 0 0 0 0 0
GPRESSURE: 3900 0 0 0 0 0 0 0 0 0
PRESSAVG: 3900 0 0 0 0 0 0 0 0 0
GPRESSAVG: 3900 0 0 0 0 0 0 0 0 0
ENERGY:    3900      1098.5725      1652.8951      2094.8430       150.3867            -39.1983      -793.9683         0.0000      4323.9000      2950.6154          11438.0460       296.2820      8487.4306     11462.0344       296.6923

PRESSURE: 4000 0 0 0 0 0 0 0 0 0
GPRESSURE: 4000 0 0 0 0 0 0 0 0 0
PRESSAVG: 4000 0 0 0 0 0 0 0 0 0
GPRESSAVG: 4000 0 0 0 0 0 0 0 0 0
TIMING: 4000  CPU: 1.98957, 0.000461898/step  Wall: 2.01255, 0.000471667/step, 0.000131019 hours remaining, 831.625000 MB of memory in use.
ETITLE:      TS           BOND          ANGLE          DIHED          IMPRP               ELECT            VDW       BOUNDARY           MISC        KINETIC               TOTAL           TEMP      POTENTIAL         TOTAL3        TEMPAVG

ENERGY:    4000      1096.9957      1686.8498      2088.1998       156.9171            -39.2735      -808.2278         0.0000      4326.8107      2915.0943          11423.3661       292.7152      8508.2719     11446.0079       296.2302

WRITING EXTENDED SYSTEM TO RESTART FILE AT STEP 4000
WRITING VELOCITIES TO RESTART FILE AT STEP 4000
FINISHED WRITING RESTART VELOCITIES
The last velocity output (seq=4000) takes 0.037 seconds, 831.625 MB of memory in use
WRITING COORDINATES TO DCD FILE adk-step1.dcd AT STEP 4000
WRITING COORDINATES TO RESTART FILE AT STEP 4000
FINISHED WRITING RESTART COORDINATES
The last position output (seq=4000) takes 0.003 seconds, 831.625 MB of memory in use
PRESSURE: 4100 0 0 0 0 0 0 0 0 0
GPRESSURE: 4100 0 0 0 0 0 0 0 0 0
PRESSAVG: 4100 0 0 0 0 0 0 0 0 0
GPRESSAVG: 4100 0 0 0 0 0 0 0 0 0
ENERGY:    4100      1126.7542      1681.9612      2088.7445       153.8901            -40.4370      -791.1396         0.0000      4322.2948      2969.2714          11511.3395       298.1553      8542.0681     11532.3100       299.3211

PRESSURE: 4200 0 0 0 0 0 0 0 0 0
GPRESSURE: 4200 0 0 0 0 0 0 0 0 0
PRESSAVG: 4200 0 0 0 0 0 0 0 0 0
GPRESSAVG: 4200 0 0 0 0 0 0 0 0 0
ENERGY:    4200      1071.6882      1677.4925      2055.5738       147.1272            -40.3294      -763.1319         0.0000      4321.9460      2970.4084          11440.7749       298.2695      8470.3665     11467.0766       299.0485

LDB: ============= START OF LOAD BALANCING ============== 4.92079
LDB: ============== END OF LOAD BALANCING =============== 4.92088
Info: useSync: 0 useProxySync: 0
LDB: =============== DONE WITH MIGRATION ================ 4.92099
PRESSURE: 4300 0 0 0 0 0 0 0 0 0
GPRESSURE: 4300 0 0 0 0 0 0 0 0 0
PRESSAVG: 4300 0 0 0 0 0 0 0 0 0
GPRESSAVG: 4300 0 0 0 0 0 0 0 0 0
ENERGY:    4300      1128.5386      1681.6033      2062.0156       146.3924            -40.0102      -800.5342         0.0000      4314.2687      2947.3831          11439.6572       295.9574      8492.2741     11465.0669       297.5736

LDB: ============= START OF LOAD BALANCING ============== 4.96587
LDB: TIME 4.96617 LOAD: AVG 0.0144035 MAX 0.0256597  PROXIES: TOTAL 174 MAXPE 7 MAXPATCH 7 None MEM: 831.625 MB
LDB: TIME 4.96639 LOAD: AVG 0.0144035 MAX 0.0256597  PROXIES: TOTAL 174 MAXPE 7 MAXPATCH 7 RefineTorusLB MEM: 831.75 MB
LDB: TIME 4.96653 LOAD: AVG 0.0144035 MAX 0.0256597  PROXIES: TOTAL 174 MAXPE 7 MAXPATCH 7 RefineTorusLB MEM: 831.75 MB
LDB: Reverting to original mapping
LDB: ============== END OF LOAD BALANCING =============== 4.96678
Info: build node-aware spanning tree with send: 1, recv: 0 with branch factor 4
Info: useSync: 0 useProxySync: 0
LDB: =============== DONE WITH MIGRATION ================ 4.96754
PRESSURE: 4400 0 0 0 0 0 0 0 0 0
GPRESSURE: 4400 0 0 0 0 0 0 0 0 0
PRESSAVG: 4400 0 0 0 0 0 0 0 0 0
GPRESSAVG: 4400 0 0 0 0 0 0 0 0 0
ENERGY:    4400      1082.2781      1708.9964      2073.6109       149.1173            -40.7659      -797.1442         0.0000      4312.9788      2937.7114          11426.7828       294.9863      8489.0714     11456.3058       296.6778

PRESSURE: 4500 0 0 0 0 0 0 0 0 0
GPRESSURE: 4500 0 0 0 0 0 0 0 0 0
PRESSAVG: 4500 0 0 0 0 0 0 0 0 0
GPRESSAVG: 4500 0 0 0 0 0 0 0 0 0
ENERGY:    4500      1102.7185      1682.5413      2067.7054       151.5112            -40.7181      -806.4773         0.0000      4314.9822      2926.1468          11398.4100       293.8250      8472.2631     11423.0309       297.1427

PRESSURE: 4600 0 0 0 0 0 0 0 0 0
GPRESSURE: 4600 0 0 0 0 0 0 0 0 0
PRESSAVG: 4600 0 0 0 0 0 0 0 0 0
GPRESSAVG: 4600 0 0 0 0 0 0 0 0 0
ENERGY:    4600      1096.6507      1701.4378      2076.9043       144.5399            -40.1292      -840.7707         0.0000      4319.8990      3008.5883          11467.1201       302.1033      8458.5318     11492.5411       298.2296

PRESSURE: 4700 0 0 0 0 0 0 0 0 0
GPRESSURE: 4700 0 0 0 0 0 0 0 0 0
PRESSAVG: 4700 0 0 0 0 0 0 0 0 0
GPRESSAVG: 4700 0 0 0 0 0 0 0 0 0
ENERGY:    4700      1105.2069      1689.4823      2092.2658       145.5946            -39.7665      -791.2073         0.0000      4307.1967      2960.6565          11469.4291       297.2903      8508.7726     11493.3563       297.9167

PRESSURE: 4800 0 0 0 0 0 0 0 0 0
GPRESSURE: 4800 0 0 0 0 0 0 0 0 0
PRESSAVG: 4800 0 0 0 0 0 0 0 0 0
GPRESSAVG: 4800 0 0 0 0 0 0 0 0 0
ENERGY:    4800      1085.2802      1680.6767      2103.7764       160.4772            -40.6982      -781.5371         0.0000      4295.4330      2989.6489          11493.0571       300.2015      8503.4082     11517.9094       300.0299

PRESSURE: 4900 0 0 0 0 0 0 0 0 0
GPRESSURE: 4900 0 0 0 0 0 0 0 0 0
PRESSAVG: 4900 0 0 0 0 0 0 0 0 0
GPRESSAVG: 4900 0 0 0 0 0 0 0 0 0
ENERGY:    4900      1118.3863      1713.7022      2065.9739       137.3090            -40.5277      -798.2314         0.0000      4303.0950      2980.6002          11480.3075       299.2929      8499.7073     11506.2106       300.4762

PRESSURE: 5000 0 0 0 0 0 0 0 0 0
GPRESSURE: 5000 0 0 0 0 0 0 0 0 0
PRESSAVG: 5000 0 0 0 0 0 0 0 0 0
GPRESSAVG: 5000 0 0 0 0 0 0 0 0 0
TIMING: 5000  CPU: 2.43995, 0.000450387/step  Wall: 2.50239, 0.000489843/step, 0 hours remaining, 831.750000 MB of memory in use.
ETITLE:      TS           BOND          ANGLE          DIHED          IMPRP               ELECT            VDW       BOUNDARY           MISC        KINETIC               TOTAL           TEMP      POTENTIAL         TOTAL3        TEMPAVG

ENERGY:    5000      1108.9350      1720.3149      2073.8711       139.7683            -40.0360      -801.6339         0.0000      4305.6015      2957.9111          11464.7320       297.0146      8506.8209     11486.7670       299.1768

WRITING EXTENDED SYSTEM TO RESTART FILE AT STEP 5000
WRITING VELOCITIES TO RESTART FILE AT STEP 5000
FINISHED WRITING RESTART VELOCITIES
The last velocity output (seq=5000) takes 0.002 seconds, 832.438 MB of memory in use
WRITING COORDINATES TO DCD FILE adk-step1.dcd AT STEP 5000
WRITING COORDINATES TO RESTART FILE AT STEP 5000
FINISHED WRITING RESTART COORDINATES
The last position output (seq=5000) takes 0.002 seconds, 832.438 MB of memory in use
WRITING EXTENDED SYSTEM TO OUTPUT FILE AT STEP 5000
WRITING COORDINATES TO OUTPUT FILE AT STEP 5000
CLOSING COORDINATE DCD FILE adk-step1.dcd
The last position output (seq=-2) takes 0.004 seconds, 832.438 MB of memory in use
WRITING VELOCITIES TO OUTPUT FILE AT STEP 5000
====================================================

WallClock: 5.245426  CPUTime: 3.579965  Memory: 832.437500 MB
End of program
