7_9_cc.dat
/gpfs/alpine/bip115/scratch/hrlee/radical.pilot.sandbox/re.session.login2.hrlee.018634.0000/pilot.0000/staging_area/7_9_cc.dat
7, 9
Choosing optimized barrier algorithm name I0:HybridBinomial:SHMEM:P2P
Converse/Charm++ Commit ID: v6.10.2-0-g7bf00fa-namd-charm-6.10.2-build-2020-Aug-05-556
Warning> Randomization of virtual memory (ASLR) is turned on in the kernel, thread migration may not work! Run 'echo 0 > /proc/sys/kernel/randomize_va_space' as root to disable it, or try running with '+isomalloc_sync'.
CharmLB> Load balancer assumes all CPUs are same.
Charm++> Running on 1 hosts (1 sockets x 7 cores x 4 PUs = 28-way SMP)
Charm++> cpu topology info is gathered in 0.003 seconds.
Info: Built with CUDA version 10010
Did not find +devices i,j,k,... argument, using all
Pe 18 physical rank 18 will use CUDA device of pe 14
Pe 2 physical rank 2 will use CUDA device of pe 4
Pe 10 physical rank 10 will use CUDA device of pe 7
Pe 25 physical rank 25 will use CUDA device of pe 21
Pe 30 physical rank 30 will use CUDA device of pe 28
Pe 38 physical rank 38 will use CUDA device of pe 35
Pe 17 physical rank 17 will use CUDA device of pe 14
Pe 5 physical rank 5 will use CUDA device of pe 4
Pe 12 physical rank 12 will use CUDA device of pe 7
Pe 23 physical rank 23 will use CUDA device of pe 21
Pe 32 physical rank 32 will use CUDA device of pe 28
Pe 41 physical rank 41 will use CUDA device of pe 35
Pe 20 physical rank 20 will use CUDA device of pe 14
Pe 3 physical rank 3 will use CUDA device of pe 4
Pe 9 physical rank 9 will use CUDA device of pe 7
Pe 26 physical rank 26 will use CUDA device of pe 21
Pe 33 physical rank 33 will use CUDA device of pe 28
Pe 40 physical rank 40 will use CUDA device of pe 35
Pe 19 physical rank 19 will use CUDA device of pe 14
Pe 11 physical rank 11 will use CUDA device of pe 7
Pe 27 physical rank 27 will use CUDA device of pe 21
Pe 31 physical rank 31 will use CUDA device of pe 28
Pe 39 physical rank 39 will use CUDA device of pe 35
Pe 16 physical rank 16 will use CUDA device of pe 14
Pe 6 physical rank 6 will use CUDA device of pe 4
Pe 13 physical rank 13 will use CUDA device of pe 7
Pe 24 physical rank 24 will use CUDA device of pe 21
Pe 34 physical rank 34 will use CUDA device of pe 28
Pe 36 physical rank 36 will use CUDA device of pe 35
Pe 15 physical rank 15 will use CUDA device of pe 14
Pe 1 physical rank 1 will use CUDA device of pe 4
Pe 8 physical rank 8 will use CUDA device of pe 7
Pe 22 physical rank 22 will use CUDA device of pe 21
Pe 29 physical rank 29 will use CUDA device of pe 28
Pe 37 physical rank 37 will use CUDA device of pe 35
Pe 0 physical rank 0 will use CUDA device of pe 4
Pe 14 physical rank 14 binding to CUDA device 0 on h14n10: 'Tesla V100-SXM2-16GB'  Mem: 16128MB  Rev: 7.0  PCI: 4:6:0
Pe 4 physical rank 4 binding to CUDA device 0 on h14n10: 'Tesla V100-SXM2-16GB'  Mem: 16128MB  Rev: 7.0  PCI: 4:4:0
Pe 7 physical rank 7 binding to CUDA device 0 on h14n10: 'Tesla V100-SXM2-16GB'  Mem: 16128MB  Rev: 7.0  PCI: 4:5:0
Pe 21 physical rank 21 binding to CUDA device 0 on h14n10: 'Tesla V100-SXM2-16GB'  Mem: 16128MB  Rev: 7.0  PCI: 35:3:0
Pe 28 physical rank 28 binding to CUDA device 0 on h14n10: 'Tesla V100-SXM2-16GB'  Mem: 16128MB  Rev: 7.0  PCI: 35:4:0
Pe 35 physical rank 35 binding to CUDA device 0 on h14n10: 'Tesla V100-SXM2-16GB'  Mem: 16128MB  Rev: 7.0  PCI: 35:5:0
Info: NAMD 2.14 for Linux-POWER-pami-smp-Summit-CUDA
Info: 
Info: Please visit http://www.ks.uiuc.edu/Research/namd/
Info: for updates, documentation, and support information.
Info: 
Info: Please cite Phillips et al., J. Chem. Phys. 153:044130 (2020) doi:10.1063/5.0014475
Info: in all publications reporting results obtained with NAMD.
Info: 
Info: Based on Charm++/Converse 61002 for pami-linux-ppc64le-smp
Info: Built Wed Aug 5 14:28:51 EDT 2020 by jimp on login2
Info: 1 NAMD  2.14  Linux-POWER-pami-smp-Summit-CUDA  42    h14n10  hrlee
Info: Running on 42 processors, 6 nodes, 1 physical nodes.
Info: CPU topology information available.
Info: Charm++/Converse parallel runtime startup completed at 1.41036 s
CkLoopLib is used in SMP with simple dynamic scheduling (converse-level notification)
Info: 791.688 MB of memory in use based on /proc/self/stat
Info: Configuration file is adk-step1.namd
Info: Working in the current directory /gpfs/alpine/bip115/scratch/hrlee/radical.pilot.sandbox/re.session.login2.hrlee.018634.0000/pilot.0000/unit.000692
TCL: Suspending until startup complete.
Info: SIMULATION PARAMETERS:
Info: TIMESTEP               1
Info: NUMBER OF STEPS        0
Info: STEPS PER CYCLE        20
Info: LOAD BALANCER  Centralized
Info: LOAD BALANCING STRATEGY  New Load Balancers -- DEFAULT
Info: LDB PERIOD             4000 steps
Info: FIRST LDB TIMESTEP     100
Info: LAST LDB TIMESTEP     -1
Info: LDB BACKGROUND SCALING 1
Info: HOM BACKGROUND SCALING 1
Info: MIN ATOMS PER PATCH    40
Info: VELOCITY FILE          7_9_adk-step1.restart.vel
Info: CENTER OF MASS MOVING INITIALLY? NO
Info: DIELECTRIC             80
Info: EXCLUDE                SCALED ONE-FOUR
Info: 1-4 ELECTROSTATICS SCALED BY 1
Info: MODIFIED 1-4 VDW PARAMETERS WILL BE USED
Info: DCD FILENAME           adk-step1.dcd
Info: DCD FREQUENCY          1000
Info: DCD FIRST STEP         1000
Info: NO EXTENDED SYSTEM TRAJECTORY OUTPUT
Info: NO VELOCITY DCD OUTPUT
Info: NO FORCE DCD OUTPUT
Info: OUTPUT FILENAME        adk-step1
Info: BINARY OUTPUT FILES WILL BE USED
Info: RESTART FILENAME       adk-step1.restart
Info: RESTART FREQUENCY      1000
Info: BINARY RESTART FILES WILL BE USED
Info: SWITCHING ACTIVE
Info: SWITCHING ON           9
Info: SWITCHING OFF          10
Info: PAIRLIST DISTANCE      11
Info: PAIRLIST SHRINK RATE   0.01
Info: PAIRLIST GROW RATE     0.01
Info: PAIRLIST TRIGGER       0.3
Info: PAIRLISTS PER CYCLE    2
Info: PAIRLISTS ENABLED
Info: MARGIN                 0
Info: HYDROGEN GROUP CUTOFF  2.5
Info: PATCH DIMENSION        13.5
Info: ENERGY OUTPUT STEPS    100
Info: CROSSTERM ENERGY INCLUDED IN DIHEDRAL
Info: TIMING OUTPUT STEPS    1000
Info: PRESSURE OUTPUT STEPS  100
Info: GRID FORCE ACTIVE
Info:  Please include this reference in published work using
Info:  the Gridforce module of NAMD: David Wells, Volha Abramkina,
Info:  and Aleksei Aksimentiev, J. Chem. Phys. 127:125101-10 (2007).
Info: MGRIDFORCE key 0
Info:            Potfile 4ake-target_autopsf-grid.dx
Info:            Scale 0.3 0.3 0.3
Info:            File 1ake-docked-noh_autopsf-grid.pdb
Info:            Col O
Info:            ChargeCol B
Info:            VOffset 0 0 0
Info:            Continuous K1 FALSE
Info:            Continuous K2 FALSE
Info:            Continuous K3 FALSE
Info:            Volts FALSE
Info:            Gridforce-Lite FALSE
Info:            Gridforce-CheckSize TRUE
Info: LANGEVIN DYNAMICS ACTIVE
Info: LANGEVIN TEMPERATURE   300
Info: LANGEVIN USING BBK INTEGRATOR
Info: LANGEVIN DAMPING COEFFICIENT IS 5 INVERSE PS
Info: LANGEVIN DYNAMICS NOT APPLIED TO HYDROGENS
Info: USING VERLET I (r-RESPA) MTS SCHEME.
Info: C1 SPLITTING OF LONG RANGE ELECTROSTATICS
Info: PLACING ATOMS IN PATCHES BY HYDROGEN GROUPS
Info: RIGID BONDS TO HYDROGEN : WATER
Info:         ERROR TOLERANCE : 1e-08
Info:          MAX ITERATIONS : 100
Info: RIGID WATER USING SETTLE ALGORITHM
Info: NONBONDED FORCES EVALUATED EVERY 2 STEPS
Info: RANDOM NUMBER SEED     1609984331
Info: USE HYDROGEN BONDS?    NO
Info: COORDINATE PDB         1ake-docked-noh_autopsf.pdb
Info: STRUCTURE FILE         1ake-docked-noh_autopsf.psf
Info: PARAMETER file: CHARMM format! 
Info: PARAMETERS             par_all36_prot.prm
Info: USING ARITHMETIC MEAN TO COMBINE L-J SIGMA PARAMETERS
Info: BINARY COORDINATES     7_9_adk-step1.restart.coor
Info: SUMMARY OF PARAMETERS:
Info: 132 BONDS
Info: 362 ANGLES
Info: 702 DIHEDRAL
Info: 35 IMPROPER
Info: 6 CROSSTERM
Info: 53 VDW
Info: 0 VDW_PAIRS
Info: 0 NBTHOLE_PAIRS
Info: TIME FOR READING PSF FILE: 0.2953
Info: READING EXTRA BONDS FILE 1ake-extrabonds.txt
Info: READING EXTRA BONDS FILE 1ake-extrabonds-cispeptide.txt
Info: READING EXTRA BONDS FILE 1ake-extrabonds-chirality.txt
Info: READ 80 EXTRA BONDS
Info: READ 80 EXTRA ANGLES
Warning: EXTRA ANGLES ARE COSINE-BASED BY DEFAULT TO MATCH PREVIOUS VERSIONS
Warning: FOR NORMAL HARMONIC EXTRA ANGLES SET extraBondsCosAngles off
Info: READ 493 EXTRA DIHEDRALS
Info: READ 438 EXTRA IMPROPERS
Info: Reading pdb file 1ake-docked-noh_autopsf.pdb
Info: TIME FOR READING PDB FILE: 0.0122644
Info: 
Info: ****************************
Info: STRUCTURE SUMMARY:
Info: 3341 ATOMS
Info: 3445 BONDS
Info: 6203 ANGLES
Info: 9414 DIHEDRALS
Info: 1005 IMPROPERS
Info: 212 CROSSTERMS
Info: 0 EXCLUSIONS
Info: 0 RIGID BONDS
Info: 1 GRIDS ACTIVE
Info: 10023 DEGREES OF FREEDOM
Info: 1656 HYDROGEN GROUPS
Info: 4 ATOMS IN LARGEST HYDROGEN GROUP
Info: 1656 MIGRATION GROUPS
Info: 4 ATOMS IN LARGEST MIGRATION GROUP
Info: TOTAL MASS = 23582 amu
Info: TOTAL CHARGE = -4 e
Info: *****************************
Info: Reading from binary file 7_9_adk-step1.restart.coor
Info: 
Info: Entering startup at 2.14978 s, 799.688 MB of memory in use
Info: Startup phase 0 took 0.000231028 s, 799.812 MB of memory in use
Info: ADDED 18308 IMPLICIT EXCLUSIONS
Info: Startup phase 1 took 0.0093534 s, 799.938 MB of memory in use
Info: NONBONDED TABLE R-SQUARED SPACING: 0.0625
Info: NONBONDED TABLE SIZE: 705 POINTS
Info: ABSOLUTE IMPRECISION IN FAST TABLE ENERGY: 3.38813e-21 AT 9.89634
Info: RELATIVE IMPRECISION IN FAST TABLE ENERGY: 4.23384e-15 AT 9.94673
Info: ABSOLUTE IMPRECISION IN FAST TABLE FORCE: 6.35275e-22 AT 9.94673
Info: RELATIVE IMPRECISION IN FAST TABLE FORCE: 5.07982e-16 AT 9.94673
Info: INCONSISTENCY IN FAST TABLE ENERGY VS FORCE: 0.000290185 AT 0.251946
Info: ABSOLUTE IMPRECISION IN VDWA TABLE ENERGY: 1.57772e-30 AT 9.89634
Info: RELATIVE IMPRECISION IN VDWA TABLE ENERGY: 4.54938e-15 AT 9.94673
Info: ABSOLUTE IMPRECISION IN VDWA TABLE FORCE: 5.91646e-31 AT 9.94673
Info: RELATIVE IMPRECISION IN VDWA TABLE FORCE: 5.6823e-16 AT 9.94673
Info: INCONSISTENCY IN VDWA TABLE ENERGY VS FORCE: 0.0040507 AT 0.251946
Info: ABSOLUTE IMPRECISION IN VDWB TABLE ENERGY: 4.71751e-25 AT 9.94673
Info: RELATIVE IMPRECISION IN VDWB TABLE ENERGY: 1.45371e-14 AT 9.94673
Info: ABSOLUTE IMPRECISION IN VDWB TABLE FORCE: 6.20385e-25 AT 9.94673
Info: RELATIVE IMPRECISION IN VDWB TABLE FORCE: 5.97512e-16 AT 9.94673
Info: INCONSISTENCY IN VDWB TABLE ENERGY VS FORCE: 0.00377068 AT 9.07951
Info: Startup phase 2 took 0.000776731 s, 800.938 MB of memory in use
Info: Startup phase 3 took 0.000202531 s, 801 MB of memory in use
Info: Startup phase 4 took 0.000290469 s, 801.125 MB of memory in use
Info: Startup phase 5 took 0.000198816 s, 801.125 MB of memory in use
Info: ORIGINAL ATOMS MINMAX IS -20.1014 -33.3252 -37.1417  17.0636 26.1449 16.456
Info: ADJUSTED ATOMS MINMAX IS -15.6886 -28.0979 -32.8422  11.3711 15.6902 9.20895
Info: PATCH GRID IS 3 BY 4 BY 4
Info: PATCH GRID IS 1-AWAY BY 1-AWAY BY 1-AWAY
Info: Reading from binary file 7_9_adk-step1.restart.vel
Info: REMOVING COM VELOCITY 0.17373 0.0617315 -0.234659
Info: LARGEST PATCH (16) HAS 224 ATOMS
Info: TORUS A SIZE 1 USING 0
Info: TORUS B SIZE 1 USING 0
Info: TORUS C SIZE 1 USING 0
Info: TORUS MINIMAL MESH SIZE IS 1 BY 1 BY 1
Info: Placed 100% of base nodes on same physical node as patch
Info: Startup phase 6 took 0.00736024 s, 801.188 MB of memory in use
Info: Startup phase 7 took 0.000195576 s, 801.938 MB of memory in use
Info: Updated CUDA force table with 4096 elements.
Info: Updated CUDA LJ table with 53 x 53 elements.
Info: Updated CUDA force table with 4096 elements.
Info: Updated CUDA force table with 4096 elements.
Info: Updated CUDA LJ table with 53 x 53 elements.
Info: Updated CUDA LJ table with 53 x 53 elements.
Info: Updated CUDA force table with 4096 elements.
Info: Updated CUDA LJ table with 53 x 53 elements.
Info: Updated CUDA force table with 4096 elements.
Info: Updated CUDA force table with 4096 elements.
Info: Updated CUDA LJ table with 53 x 53 elements.
Info: Updated CUDA LJ table with 53 x 53 elements.
Info: Startup phase 8 took 0.00341135 s, 802.188 MB of memory in use
Info: Startup phase 9 took 0.00037742 s, 802.375 MB of memory in use
Info: Startup phase 10 took 0.000180694 s, 802.5 MB of memory in use
Info: Startup phase 11 took 0.00095007 s, 802.75 MB of memory in use
LDB: Central LB being created...
Info: Startup phase 12 took 0.00228802 s, 803.75 MB of memory in use
Info: CREATING 1046 COMPUTE OBJECTS
Info: Found 278 unique exclusion lists needing 900 bytes
Info: Found 278 unique exclusion lists needing 900 bytes
Info: Found 278 unique exclusion lists needing 900 bytes
Info: Found 278 unique exclusion lists needing 900 bytes
Info: Found 278 unique exclusion lists needing 900 bytes
Info: Found 278 unique exclusion lists needing 900 bytes
Info: Startup phase 13 took 0.0165345 s, 805 MB of memory in use
Info: Building spanning tree ... send: 1 recv: 0 with branch factor 4
Info: useSync: 0 useProxySync: 0
Info: Startup phase 14 took 0.000234108 s, 805.188 MB of memory in use
Info: Startup phase 15 took 0.000211988 s, 805.188 MB of memory in use
Info: Finished startup at 2.19258 s, 805.312 MB of memory in use

TCL: Running for 5000 steps
PRESSURE: 0 0 0 0 0 0 0 0 0 0
GPRESSURE: 0 0 0 0 0 0 0 0 0 0
ETITLE:      TS           BOND          ANGLE          DIHED          IMPRP               ELECT            VDW       BOUNDARY           MISC        KINETIC               TOTAL           TEMP      POTENTIAL         TOTAL3        TEMPAVG

ENERGY:       0      1082.2065      1688.7863      2089.2390       147.7997            -43.6414      -772.1561         0.0000      2414.1900      2984.5324           9590.9565       299.6877      6606.4240      9615.0877       299.6877

LDB: ============= START OF LOAD BALANCING ============== 2.2094
LDB: ============== END OF LOAD BALANCING =============== 2.20945
Info: useSync: 0 useProxySync: 0
LDB: =============== DONE WITH MIGRATION ================ 2.20957
LDB: ============= START OF LOAD BALANCING ============== 2.26656
LDB: Partitioning computes with target load 0.000000
LDB: Increased migratable compute count from 0 to 0
LDB: Largest unpartitionable compute is 0.000000
LDB: ============== END OF LOAD BALANCING =============== 2.26691
Info: build node-aware spanning tree with send: 1, recv: 0 with branch factor 4
Info: useSync: 0 useProxySync: 0
LDB: =============== DONE WITH MIGRATION ================ 2.2677
PRESSURE: 100 0 0 0 0 0 0 0 0 0
GPRESSURE: 100 0 0 0 0 0 0 0 0 0
PRESSAVG: 100 0 0 0 0 0 0 0 0 0
GPRESSAVG: 100 0 0 0 0 0 0 0 0 0
Info: Initial time: 42 CPUs 0.000713911 s/step 0.00826286 days/ns 820.75 MB memory
ENERGY:     100      1059.4239      1742.9386      2092.6439       154.0322            -43.0191      -792.6141         0.0000      2410.5885      2987.3287           9611.3225       299.9685      6623.9938      9637.1671       298.0292

LDB: ============= START OF LOAD BALANCING ============== 2.28193
LDB: ============== END OF LOAD BALANCING =============== 2.28197
Info: useSync: 0 useProxySync: 0
LDB: =============== DONE WITH MIGRATION ================ 2.28208
LDB: ============= START OF LOAD BALANCING ============== 2.3326
LDB: TIME 2.33284 LOAD: AVG 0.012674 MAX 0.0367902  PROXIES: TOTAL 185 MAXPE 10 MAXPATCH 7 None MEM: 821.125 MB
LDB: TIME 2.33303 LOAD: AVG 0.012674 MAX 0.0367902  PROXIES: TOTAL 185 MAXPE 10 MAXPATCH 7 TorusLB MEM: 821.312 MB
LDB: ============== END OF LOAD BALANCING =============== 2.33329
Info: build node-aware spanning tree with send: 1, recv: 0 with branch factor 4
Info: useSync: 0 useProxySync: 0
LDB: =============== DONE WITH MIGRATION ================ 2.33401
PRESSURE: 200 0 0 0 0 0 0 0 0 0
GPRESSURE: 200 0 0 0 0 0 0 0 0 0
PRESSAVG: 200 0 0 0 0 0 0 0 0 0
GPRESSAVG: 200 0 0 0 0 0 0 0 0 0
Info: Initial time: 42 CPUs 0.000641891 s/step 0.0074293 days/ns 821.312 MB memory
ENERGY:     200      1079.2297      1684.7339      2097.3130       143.7003            -42.5791      -795.5620         0.0000      2410.6006      2989.6928           9567.1291       300.2059      6577.4364      9591.1396       298.7530

LDB: ============= START OF LOAD BALANCING ============== 2.39453
LDB: TIME 2.39477 LOAD: AVG 0.0153572 MAX 0.036395  PROXIES: TOTAL 185 MAXPE 10 MAXPATCH 7 None MEM: 822.25 MB
LDB: TIME 2.39493 LOAD: AVG 0.0153572 MAX 0.036395  PROXIES: TOTAL 185 MAXPE 10 MAXPATCH 7 RefineTorusLB MEM: 822.312 MB
LDB: TIME 2.39509 LOAD: AVG 0.0153572 MAX 0.036395  PROXIES: TOTAL 185 MAXPE 10 MAXPATCH 7 RefineTorusLB MEM: 822.312 MB
LDB: Reverting to original mapping
LDB: ============== END OF LOAD BALANCING =============== 2.39534
Info: build node-aware spanning tree with send: 1, recv: 0 with branch factor 4
Info: useSync: 0 useProxySync: 0
LDB: =============== DONE WITH MIGRATION ================ 2.39603
PRESSURE: 300 0 0 0 0 0 0 0 0 0
GPRESSURE: 300 0 0 0 0 0 0 0 0 0
PRESSAVG: 300 0 0 0 0 0 0 0 0 0
GPRESSAVG: 300 0 0 0 0 0 0 0 0 0
Info: Initial time: 42 CPUs 0.000603526 s/step 0.00698526 days/ns 822.312 MB memory
ENERGY:     300      1094.1304      1730.9444      2085.2839       143.7497            -43.1200      -785.7050         0.0000      2412.8429      2971.1881           9609.3143       298.3478      6638.1263      9636.2437       297.9149

LDB: ============= START OF LOAD BALANCING ============== 2.4557
LDB: TIME 2.45594 LOAD: AVG 0.0152291 MAX 0.0362046  PROXIES: TOTAL 185 MAXPE 10 MAXPATCH 7 None MEM: 823.312 MB
LDB: TIME 2.45611 LOAD: AVG 0.0152291 MAX 0.0362046  PROXIES: TOTAL 185 MAXPE 10 MAXPATCH 7 RefineTorusLB MEM: 823.312 MB
LDB: TIME 2.45627 LOAD: AVG 0.0152291 MAX 0.0362046  PROXIES: TOTAL 185 MAXPE 10 MAXPATCH 7 RefineTorusLB MEM: 823.312 MB
LDB: Reverting to original mapping
LDB: ============== END OF LOAD BALANCING =============== 2.45653
Info: build node-aware spanning tree with send: 1, recv: 0 with branch factor 4
Info: useSync: 0 useProxySync: 0
LDB: =============== DONE WITH MIGRATION ================ 2.45724
PRESSURE: 400 0 0 0 0 0 0 0 0 0
GPRESSURE: 400 0 0 0 0 0 0 0 0 0
PRESSAVG: 400 0 0 0 0 0 0 0 0 0
GPRESSAVG: 400 0 0 0 0 0 0 0 0 0
Info: Benchmark time: 42 CPUs 0.000596445 s/step 0.0069033 days/ns 823.312 MB memory
ENERGY:     400      1097.7401      1660.4667      2097.9924       153.2351            -43.5924      -752.6192         0.0000      2415.2863      2954.8978           9583.4069       296.7120      6628.5091      9605.7522       298.0041

PRESSURE: 500 0 0 0 0 0 0 0 0 0
GPRESSURE: 500 0 0 0 0 0 0 0 0 0
PRESSAVG: 500 0 0 0 0 0 0 0 0 0
GPRESSAVG: 500 0 0 0 0 0 0 0 0 0
Info: Benchmark time: 42 CPUs 0.000601353 s/step 0.0069601 days/ns 824.25 MB memory
ENERGY:     500      1069.8214      1692.9941      2123.2465       153.9019            -42.4022      -830.8553         0.0000      2427.1853      3006.6376           9600.5293       301.9074      6593.8916      9622.6791       298.4270

PRESSURE: 600 0 0 0 0 0 0 0 0 0
GPRESSURE: 600 0 0 0 0 0 0 0 0 0
PRESSAVG: 600 0 0 0 0 0 0 0 0 0
GPRESSAVG: 600 0 0 0 0 0 0 0 0 0
Info: Benchmark time: 42 CPUs 0.000601738 s/step 0.00696456 days/ns 824.25 MB memory
ENERGY:     600      1077.3019      1698.3789      2120.8085       160.4866            -42.6210      -738.2931         0.0000      2418.5781      2971.6079           9666.2478       298.3899      6694.6399      9690.3407       298.7911

PRESSURE: 700 0 0 0 0 0 0 0 0 0
GPRESSURE: 700 0 0 0 0 0 0 0 0 0
PRESSAVG: 700 0 0 0 0 0 0 0 0 0
GPRESSAVG: 700 0 0 0 0 0 0 0 0 0
Info: Benchmark time: 42 CPUs 0.000581173 s/step 0.00672654 days/ns 824.25 MB memory
ENERGY:     700      1112.4438      1685.0936      2104.8958       150.1994            -42.1967      -807.1734         0.0000      2417.1143      3020.8306           9641.2074       303.3326      6620.3768      9665.2290       300.7204

PRESSURE: 800 0 0 0 0 0 0 0 0 0
GPRESSURE: 800 0 0 0 0 0 0 0 0 0
PRESSAVG: 800 0 0 0 0 0 0 0 0 0
GPRESSAVG: 800 0 0 0 0 0 0 0 0 0
Info: Benchmark time: 42 CPUs 0.000561058 s/step 0.00649372 days/ns 824.25 MB memory
ENERGY:     800      1137.2837      1716.8123      2100.8377       152.3553            -41.7904      -767.6517         0.0000      2414.9314      2934.1384           9646.9167       294.6275      6712.7783      9666.8048       302.9712

PRESSURE: 900 0 0 0 0 0 0 0 0 0
GPRESSURE: 900 0 0 0 0 0 0 0 0 0
PRESSAVG: 900 0 0 0 0 0 0 0 0 0
GPRESSAVG: 900 0 0 0 0 0 0 0 0 0
Info: Benchmark time: 42 CPUs 0.000563187 s/step 0.00651837 days/ns 824.25 MB memory
ENERGY:     900      1051.0750      1734.0419      2107.5066       149.7004            -41.2963      -785.0672         0.0000      2414.9825      2981.2176           9612.1605       299.3549      6630.9429      9635.3961       297.9678

PRESSURE: 1000 0 0 0 0 0 0 0 0 0
GPRESSURE: 1000 0 0 0 0 0 0 0 0 0
PRESSAVG: 1000 0 0 0 0 0 0 0 0 0
GPRESSAVG: 1000 0 0 0 0 0 0 0 0 0
TIMING: 1000  CPU: 0.629719, 0.000610281/step  Wall: 0.630937, 0.000610054/step, 0.000677838 hours remaining, 824.250000 MB of memory in use.
ETITLE:      TS           BOND          ANGLE          DIHED          IMPRP               ELECT            VDW       BOUNDARY           MISC        KINETIC               TOTAL           TEMP      POTENTIAL         TOTAL3        TEMPAVG

ENERGY:    1000      1132.2786      1684.1731      2109.9188       159.4637            -41.1384      -804.5528         0.0000      2420.7727      2940.8045           9601.7203       295.2969      6660.9158      9623.0351       298.6894

WRITING EXTENDED SYSTEM TO RESTART FILE AT STEP 1000
OPENING COORDINATE DCD FILE
WRITING COORDINATES TO DCD FILE adk-step1.dcd AT STEP 1000
WRITING COORDINATES TO RESTART FILE AT STEP 1000
FINISHED WRITING RESTART COORDINATES
The last position output (seq=1000) takes 0.004 seconds, 824.375 MB of memory in use
WRITING VELOCITIES TO RESTART FILE AT STEP 1000
FINISHED WRITING RESTART VELOCITIES
The last velocity output (seq=1000) takes 0.002 seconds, 824.438 MB of memory in use
PRESSURE: 1100 0 0 0 0 0 0 0 0 0
GPRESSURE: 1100 0 0 0 0 0 0 0 0 0
PRESSAVG: 1100 0 0 0 0 0 0 0 0 0
GPRESSAVG: 1100 0 0 0 0 0 0 0 0 0
ENERGY:    1100      1034.7787      1736.3773      2091.9030       156.3517            -41.2133      -780.9359         0.0000      2415.9618      2962.0829           9575.3061       297.4335      6613.2232      9595.7756       298.9272

PRESSURE: 1200 0 0 0 0 0 0 0 0 0
GPRESSURE: 1200 0 0 0 0 0 0 0 0 0
PRESSAVG: 1200 0 0 0 0 0 0 0 0 0
GPRESSAVG: 1200 0 0 0 0 0 0 0 0 0
ENERGY:    1200      1080.2520      1720.9193      2090.0360       161.3352            -41.8093      -793.1411         0.0000      2418.2165      2965.3878           9601.1964       297.7653      6635.8086      9624.0032       298.7901

PRESSURE: 1300 0 0 0 0 0 0 0 0 0
GPRESSURE: 1300 0 0 0 0 0 0 0 0 0
PRESSAVG: 1300 0 0 0 0 0 0 0 0 0
GPRESSAVG: 1300 0 0 0 0 0 0 0 0 0
ENERGY:    1300      1085.8889      1696.2204      2157.0278       141.2203            -41.4274      -794.9560         0.0000      2418.5915      2960.3372           9622.9026       297.2582      6662.5654      9643.3150       300.0380

PRESSURE: 1400 0 0 0 0 0 0 0 0 0
GPRESSURE: 1400 0 0 0 0 0 0 0 0 0
PRESSAVG: 1400 0 0 0 0 0 0 0 0 0
GPRESSAVG: 1400 0 0 0 0 0 0 0 0 0
ENERGY:    1400      1057.8475      1709.1510      2080.0285       158.1170            -41.8284      -799.8340         0.0000      2422.1299      2981.3168           9566.9282       299.3648      6585.6115      9595.1969       299.4999

PRESSURE: 1500 0 0 0 0 0 0 0 0 0
GPRESSURE: 1500 0 0 0 0 0 0 0 0 0
PRESSAVG: 1500 0 0 0 0 0 0 0 0 0
GPRESSAVG: 1500 0 0 0 0 0 0 0 0 0
ENERGY:    1500      1060.2024      1714.4756      2102.4532       150.7328            -42.7601      -752.4538         0.0000      2411.7859      2994.6003           9639.0364       300.6987      6644.4361      9665.2747       299.8583

PRESSURE: 1600 0 0 0 0 0 0 0 0 0
GPRESSURE: 1600 0 0 0 0 0 0 0 0 0
PRESSAVG: 1600 0 0 0 0 0 0 0 0 0
GPRESSAVG: 1600 0 0 0 0 0 0 0 0 0
ENERGY:    1600      1106.0734      1700.6750      2086.2259       150.7766            -43.0015      -783.9204         0.0000      2410.0902      3041.7548           9668.6740       305.4336      6626.9191      9692.7876       301.7755

PRESSURE: 1700 0 0 0 0 0 0 0 0 0
GPRESSURE: 1700 0 0 0 0 0 0 0 0 0
PRESSAVG: 1700 0 0 0 0 0 0 0 0 0
GPRESSAVG: 1700 0 0 0 0 0 0 0 0 0
ENERGY:    1700      1092.2405      1667.4577      2076.6171       171.0664            -42.2721      -750.3041         0.0000      2410.3056      3014.8686           9639.9796       302.7339      6625.1110      9663.0873       302.7268

PRESSURE: 1800 0 0 0 0 0 0 0 0 0
GPRESSURE: 1800 0 0 0 0 0 0 0 0 0
PRESSAVG: 1800 0 0 0 0 0 0 0 0 0
GPRESSAVG: 1800 0 0 0 0 0 0 0 0 0
ENERGY:    1800      1085.6478      1698.8361      2086.3774       151.3159            -42.2021      -750.5512         0.0000      2412.6114      2972.3170           9614.3523       298.4611      6642.0352      9637.8468       300.9707

PRESSURE: 1900 0 0 0 0 0 0 0 0 0
GPRESSURE: 1900 0 0 0 0 0 0 0 0 0
PRESSAVG: 1900 0 0 0 0 0 0 0 0 0
GPRESSAVG: 1900 0 0 0 0 0 0 0 0 0
ENERGY:    1900      1123.6394      1691.7660      2083.3493       155.7979            -42.5408      -797.2098         0.0000      2422.5606      2932.9084           9570.2709       294.5040      6637.3625      9590.8773       297.9245

PRESSURE: 2000 0 0 0 0 0 0 0 0 0
GPRESSURE: 2000 0 0 0 0 0 0 0 0 0
PRESSAVG: 2000 0 0 0 0 0 0 0 0 0
GPRESSAVG: 2000 0 0 0 0 0 0 0 0 0
TIMING: 2000  CPU: 1.18551, 0.000555795/step  Wall: 1.19736, 0.000566423/step, 0.000472019 hours remaining, 824.437500 MB of memory in use.
ETITLE:      TS           BOND          ANGLE          DIHED          IMPRP               ELECT            VDW       BOUNDARY           MISC        KINETIC               TOTAL           TEMP      POTENTIAL         TOTAL3        TEMPAVG

ENERGY:    2000      1007.9035      1683.8540      2098.9117       163.8614            -42.9232      -760.7162         0.0000      2415.8616      2992.2890           9559.0418       300.4666      6566.7528      9582.7720       297.3415

WRITING EXTENDED SYSTEM TO RESTART FILE AT STEP 2000
WRITING COORDINATES TO DCD FILE adk-step1.dcd AT STEP 2000
WRITING COORDINATES TO RESTART FILE AT STEP 2000
FINISHED WRITING RESTART COORDINATES
The last position output (seq=2000) takes 0.002 seconds, 824.438 MB of memory in use
WRITING VELOCITIES TO RESTART FILE AT STEP 2000
FINISHED WRITING RESTART VELOCITIES
The last velocity output (seq=2000) takes 0.005 seconds, 824.438 MB of memory in use
PRESSURE: 2100 0 0 0 0 0 0 0 0 0
GPRESSURE: 2100 0 0 0 0 0 0 0 0 0
PRESSAVG: 2100 0 0 0 0 0 0 0 0 0
GPRESSAVG: 2100 0 0 0 0 0 0 0 0 0
ENERGY:    2100      1072.0355      1658.0626      2082.3959       158.0871            -43.2317      -775.2233         0.0000      2423.5773      2979.4289           9555.1324       299.1753      6575.7035      9581.4764       295.2195

PRESSURE: 2200 0 0 0 0 0 0 0 0 0
GPRESSURE: 2200 0 0 0 0 0 0 0 0 0
PRESSAVG: 2200 0 0 0 0 0 0 0 0 0
GPRESSAVG: 2200 0 0 0 0 0 0 0 0 0
ENERGY:    2200      1063.2805      1680.5283      2093.7298       155.1572            -43.5055      -760.9628         0.0000      2422.0765      2881.3653           9491.6694       289.3283      6610.3040      9514.6058       295.9233

PRESSURE: 2300 0 0 0 0 0 0 0 0 0
GPRESSURE: 2300 0 0 0 0 0 0 0 0 0
PRESSAVG: 2300 0 0 0 0 0 0 0 0 0
GPRESSAVG: 2300 0 0 0 0 0 0 0 0 0
ENERGY:    2300      1063.5437      1670.8268      2099.3589       150.7169            -43.2422      -805.0323         0.0000      2416.9521      2891.2239           9444.3478       290.3183      6553.1239      9468.7426       291.9367

PRESSURE: 2400 0 0 0 0 0 0 0 0 0
GPRESSURE: 2400 0 0 0 0 0 0 0 0 0
PRESSAVG: 2400 0 0 0 0 0 0 0 0 0
GPRESSAVG: 2400 0 0 0 0 0 0 0 0 0
ENERGY:    2400      1096.2009      1704.8661      2078.0363       137.4477            -43.2898      -776.3537         0.0000      2411.0149      2911.6001           9519.5223       292.3643      6607.9223      9542.5860       293.8839

PRESSURE: 2500 0 0 0 0 0 0 0 0 0
GPRESSURE: 2500 0 0 0 0 0 0 0 0 0
PRESSAVG: 2500 0 0 0 0 0 0 0 0 0
GPRESSAVG: 2500 0 0 0 0 0 0 0 0 0
ENERGY:    2500      1059.0882      1667.9326      2089.4353       156.1352            -43.1739      -776.6519         0.0000      2407.9780      2926.9629           9487.7064       293.9070      6560.7436      9509.8628       293.2717

PRESSURE: 2600 0 0 0 0 0 0 0 0 0
GPRESSURE: 2600 0 0 0 0 0 0 0 0 0
PRESSAVG: 2600 0 0 0 0 0 0 0 0 0
GPRESSAVG: 2600 0 0 0 0 0 0 0 0 0
ENERGY:    2600      1045.8147      1694.9042      2071.7801       151.6023            -42.7115      -756.2537         0.0000      2412.1599      2899.8211           9477.1170       291.1815      6577.2959      9499.9182       293.3122

PRESSURE: 2700 0 0 0 0 0 0 0 0 0
GPRESSURE: 2700 0 0 0 0 0 0 0 0 0
PRESSAVG: 2700 0 0 0 0 0 0 0 0 0
GPRESSAVG: 2700 0 0 0 0 0 0 0 0 0
ENERGY:    2700      1086.8613      1652.1060      2084.2228       146.9154            -43.6926      -769.1586         0.0000      2420.1715      2906.5638           9483.9896       291.8586      6577.4258      9503.2758       293.0680

PRESSURE: 2800 0 0 0 0 0 0 0 0 0
GPRESSURE: 2800 0 0 0 0 0 0 0 0 0
PRESSAVG: 2800 0 0 0 0 0 0 0 0 0
GPRESSAVG: 2800 0 0 0 0 0 0 0 0 0
ENERGY:    2800      1058.2966      1670.8869      2100.7463       152.7071            -43.2392      -752.4519         0.0000      2413.5527      2885.1088           9485.6072       289.7042      6600.4984      9506.9921       292.7168

PRESSURE: 2900 0 0 0 0 0 0 0 0 0
GPRESSURE: 2900 0 0 0 0 0 0 0 0 0
PRESSAVG: 2900 0 0 0 0 0 0 0 0 0
GPRESSAVG: 2900 0 0 0 0 0 0 0 0 0
ENERGY:    2900      1079.2426      1714.4169      2094.5227       152.9503            -43.2179      -787.4884         0.0000      2414.7790      2863.7353           9488.9404       287.5580      6625.2052      9513.4218       293.5636

PRESSURE: 3000 0 0 0 0 0 0 0 0 0
GPRESSURE: 3000 0 0 0 0 0 0 0 0 0
PRESSAVG: 3000 0 0 0 0 0 0 0 0 0
GPRESSAVG: 3000 0 0 0 0 0 0 0 0 0
TIMING: 3000  CPU: 1.74352, 0.000558011/step  Wall: 1.75908, 0.000561717/step, 0.000312065 hours remaining, 824.437500 MB of memory in use.
ETITLE:      TS           BOND          ANGLE          DIHED          IMPRP               ELECT            VDW       BOUNDARY           MISC        KINETIC               TOTAL           TEMP      POTENTIAL         TOTAL3        TEMPAVG

ENERGY:    3000      1093.6544      1646.4067      2072.7800       150.7257            -43.0481      -788.9381         0.0000      2415.4228      2923.1975           9470.2010       293.5289      6547.0035      9492.8748       292.2687

WRITING EXTENDED SYSTEM TO RESTART FILE AT STEP 3000
WRITING VELOCITIES TO RESTART FILE AT STEP 3000
FINISHED WRITING RESTART VELOCITIES
The last velocity output (seq=3000) takes 0.002 seconds, 824.500 MB of memory in use
WRITING COORDINATES TO DCD FILE adk-step1.dcd AT STEP 3000
WRITING COORDINATES TO RESTART FILE AT STEP 3000
FINISHED WRITING RESTART COORDINATES
The last position output (seq=3000) takes 0.002 seconds, 824.500 MB of memory in use
PRESSURE: 3100 0 0 0 0 0 0 0 0 0
GPRESSURE: 3100 0 0 0 0 0 0 0 0 0
PRESSAVG: 3100 0 0 0 0 0 0 0 0 0
GPRESSAVG: 3100 0 0 0 0 0 0 0 0 0
ENERGY:    3100      1078.4651      1637.5910      2089.3085       147.7091            -43.6366      -752.0751         0.0000      2413.3194      2951.6855           9522.3668       296.3894      6570.6813      9547.1716       292.9543

PRESSURE: 3200 0 0 0 0 0 0 0 0 0
GPRESSURE: 3200 0 0 0 0 0 0 0 0 0
PRESSAVG: 3200 0 0 0 0 0 0 0 0 0
GPRESSAVG: 3200 0 0 0 0 0 0 0 0 0
ENERGY:    3200      1094.6936      1687.0580      2097.3107       153.8515            -43.3459      -798.0702         0.0000      2414.3709      2985.3617           9591.2303       299.7710      6605.8686      9616.3913       295.3011

PRESSURE: 3300 0 0 0 0 0 0 0 0 0
GPRESSURE: 3300 0 0 0 0 0 0 0 0 0
PRESSAVG: 3300 0 0 0 0 0 0 0 0 0
GPRESSAVG: 3300 0 0 0 0 0 0 0 0 0
ENERGY:    3300      1086.4798      1703.4716      2126.5988       155.0274            -41.7586      -786.2935         0.0000      2413.7643      2924.3176           9581.6075       293.6413      6657.2899      9604.5199       297.9753

PRESSURE: 3400 0 0 0 0 0 0 0 0 0
GPRESSURE: 3400 0 0 0 0 0 0 0 0 0
PRESSAVG: 3400 0 0 0 0 0 0 0 0 0
GPRESSAVG: 3400 0 0 0 0 0 0 0 0 0
ENERGY:    3400      1106.0587      1669.9823      2094.8181       164.6617            -42.5186      -772.4516         0.0000      2418.1338      2960.9939           9599.6783       297.3241      6638.6844      9622.7919       297.5036

PRESSURE: 3500 0 0 0 0 0 0 0 0 0
GPRESSURE: 3500 0 0 0 0 0 0 0 0 0
PRESSAVG: 3500 0 0 0 0 0 0 0 0 0
GPRESSAVG: 3500 0 0 0 0 0 0 0 0 0
ENERGY:    3500      1067.3641      1694.8817      2098.0425       156.5852            -43.2790      -757.6771         0.0000      2414.8960      3004.8189           9635.6322       301.7248      6630.8133      9663.5969       299.7277

PRESSURE: 3600 0 0 0 0 0 0 0 0 0
GPRESSURE: 3600 0 0 0 0 0 0 0 0 0
PRESSAVG: 3600 0 0 0 0 0 0 0 0 0
GPRESSAVG: 3600 0 0 0 0 0 0 0 0 0
ENERGY:    3600      1075.3450      1685.8934      2084.5975       154.4971            -42.6888      -762.8334         0.0000      2420.5869      2974.5987           9589.9965       298.6902      6615.3978      9614.8405       298.8041

PRESSURE: 3700 0 0 0 0 0 0 0 0 0
GPRESSURE: 3700 0 0 0 0 0 0 0 0 0
PRESSAVG: 3700 0 0 0 0 0 0 0 0 0
GPRESSAVG: 3700 0 0 0 0 0 0 0 0 0
ENERGY:    3700      1114.1241      1716.6973      2070.8802       154.4358            -42.7951      -824.2912         0.0000      2431.7749      2957.3413           9578.1673       296.9574      6620.8261      9601.5014       296.8872

PRESSURE: 3800 0 0 0 0 0 0 0 0 0
GPRESSURE: 3800 0 0 0 0 0 0 0 0 0
PRESSAVG: 3800 0 0 0 0 0 0 0 0 0
GPRESSAVG: 3800 0 0 0 0 0 0 0 0 0
ENERGY:    3800      1080.7574      1664.0573      2077.5208       149.4465            -43.6415      -783.7345         0.0000      2426.9064      2985.8237           9557.1362       299.8174      6571.3125      9582.6511       298.2857

PRESSURE: 3900 0 0 0 0 0 0 0 0 0
GPRESSURE: 3900 0 0 0 0 0 0 0 0 0
PRESSAVG: 3900 0 0 0 0 0 0 0 0 0
GPRESSAVG: 3900 0 0 0 0 0 0 0 0 0
ENERGY:    3900      1078.2545      1698.9960      2077.7900       141.6865            -43.5300      -757.0410         0.0000      2429.0001      2918.5873           9543.7434       293.0659      6625.1562      9568.3086       295.7713

PRESSURE: 4000 0 0 0 0 0 0 0 0 0
GPRESSURE: 4000 0 0 0 0 0 0 0 0 0
PRESSAVG: 4000 0 0 0 0 0 0 0 0 0
GPRESSAVG: 4000 0 0 0 0 0 0 0 0 0
TIMING: 4000  CPU: 2.28376, 0.000540237/step  Wall: 2.30937, 0.000550294/step, 0.000152859 hours remaining, 824.500000 MB of memory in use.
ETITLE:      TS           BOND          ANGLE          DIHED          IMPRP               ELECT            VDW       BOUNDARY           MISC        KINETIC               TOTAL           TEMP      POTENTIAL         TOTAL3        TEMPAVG

ENERGY:    4000      1089.6559      1716.4751      2082.4113       160.2173            -42.5540      -763.0030         0.0000      2426.3720      2903.2332           9572.8078       291.5242      6669.5746      9593.8486       295.8039

WRITING EXTENDED SYSTEM TO RESTART FILE AT STEP 4000
WRITING COORDINATES TO DCD FILE adk-step1.dcd AT STEP 4000
WRITING COORDINATES TO RESTART FILE AT STEP 4000
FINISHED WRITING RESTART COORDINATES
The last position output (seq=4000) takes 0.002 seconds, 824.500 MB of memory in use
WRITING VELOCITIES TO RESTART FILE AT STEP 4000
FINISHED WRITING RESTART VELOCITIES
The last velocity output (seq=4000) takes 0.002 seconds, 824.500 MB of memory in use
PRESSURE: 4100 0 0 0 0 0 0 0 0 0
GPRESSURE: 4100 0 0 0 0 0 0 0 0 0
PRESSAVG: 4100 0 0 0 0 0 0 0 0 0
GPRESSAVG: 4100 0 0 0 0 0 0 0 0 0
ENERGY:    4100      1099.4835      1703.2518      2079.5952       149.7916            -41.9661      -799.9440         0.0000      2432.5120      2962.8597           9585.5839       297.5115      6622.7242      9605.4351       297.0959

PRESSURE: 4200 0 0 0 0 0 0 0 0 0
GPRESSURE: 4200 0 0 0 0 0 0 0 0 0
PRESSAVG: 4200 0 0 0 0 0 0 0 0 0
GPRESSAVG: 4200 0 0 0 0 0 0 0 0 0
ENERGY:    4200      1076.5062      1696.1129      2053.1970       157.1108            -42.9145      -743.7571         0.0000      2422.5294      2975.3496           9594.1342       298.7656      6618.7846      9619.3993       298.2526

LDB: ============= START OF LOAD BALANCING ============== 4.64963
Info: useSync: 0 useProxySync: 0
LDB: ============== END OF LOAD BALANCING =============== 4.6497
LDB: =============== DONE WITH MIGRATION ================ 4.64981
PRESSURE: 4300 0 0 0 0 0 0 0 0 0
GPRESSURE: 4300 0 0 0 0 0 0 0 0 0
PRESSAVG: 4300 0 0 0 0 0 0 0 0 0
GPRESSAVG: 4300 0 0 0 0 0 0 0 0 0
ENERGY:    4300      1079.9629      1704.6088      2054.3915       150.6462            -43.7261      -759.7957         0.0000      2419.7915      3024.3156           9630.1948       303.6825      6605.8792      9652.8149       300.7385

LDB: ============= START OF LOAD BALANCING ============== 4.7027
LDB: TIME 4.70299 LOAD: AVG 0.0129629 MAX 0.0337541  PROXIES: TOTAL 185 MAXPE 10 MAXPATCH 7 None MEM: 824.5 MB
LDB: TIME 4.70318 LOAD: AVG 0.0129629 MAX 0.0337541  PROXIES: TOTAL 185 MAXPE 10 MAXPATCH 7 RefineTorusLB MEM: 824.562 MB
LDB: TIME 4.70334 LOAD: AVG 0.0129629 MAX 0.0337541  PROXIES: TOTAL 185 MAXPE 10 MAXPATCH 7 RefineTorusLB MEM: 824.562 MB
LDB: Reverting to original mapping
LDB: ============== END OF LOAD BALANCING =============== 4.70359
Info: build node-aware spanning tree with send: 1, recv: 0 with branch factor 4
Info: useSync: 0 useProxySync: 0
LDB: =============== DONE WITH MIGRATION ================ 4.70426
PRESSURE: 4400 0 0 0 0 0 0 0 0 0
GPRESSURE: 4400 0 0 0 0 0 0 0 0 0
PRESSAVG: 4400 0 0 0 0 0 0 0 0 0
GPRESSAVG: 4400 0 0 0 0 0 0 0 0 0
ENERGY:    4400      1104.2906      1701.2484      2090.9839       169.8562            -43.3775      -792.2739         0.0000      2417.5436      3009.8277           9658.0990       302.2277      6648.2713      9679.2401       303.0014

PRESSURE: 4500 0 0 0 0 0 0 0 0 0
GPRESSURE: 4500 0 0 0 0 0 0 0 0 0
PRESSAVG: 4500 0 0 0 0 0 0 0 0 0
GPRESSAVG: 4500 0 0 0 0 0 0 0 0 0
ENERGY:    4500      1108.3420      1695.8190      2103.0509       153.2294            -43.0014      -786.4741         0.0000      2421.0046      3015.7483           9667.7186       302.8222      6651.9703      9692.6097       302.6250

PRESSURE: 4600 0 0 0 0 0 0 0 0 0
GPRESSURE: 4600 0 0 0 0 0 0 0 0 0
PRESSAVG: 4600 0 0 0 0 0 0 0 0 0
GPRESSAVG: 4600 0 0 0 0 0 0 0 0 0
ENERGY:    4600      1088.7601      1725.6626      2087.8469       151.0563            -42.0419      -768.0563         0.0000      2420.4094      2940.7643           9604.4014       295.2928      6663.6371      9627.7022       299.0420

PRESSURE: 4700 0 0 0 0 0 0 0 0 0
GPRESSURE: 4700 0 0 0 0 0 0 0 0 0
PRESSAVG: 4700 0 0 0 0 0 0 0 0 0
GPRESSAVG: 4700 0 0 0 0 0 0 0 0 0
ENERGY:    4700      1110.0574      1710.8318      2077.6669       149.3474            -42.5544      -766.3165         0.0000      2419.8589      3004.0184           9662.9099       301.6444      6658.8915      9682.3992       300.6571

PRESSURE: 4800 0 0 0 0 0 0 0 0 0
GPRESSURE: 4800 0 0 0 0 0 0 0 0 0
PRESSAVG: 4800 0 0 0 0 0 0 0 0 0
GPRESSAVG: 4800 0 0 0 0 0 0 0 0 0
ENERGY:    4800      1062.6550      1723.5599      2083.4172       146.2864            -43.2414      -777.8780         0.0000      2414.0515      3052.5026           9661.3531       306.5129      6608.8506      9686.9994       304.3085

PRESSURE: 4900 0 0 0 0 0 0 0 0 0
GPRESSURE: 4900 0 0 0 0 0 0 0 0 0
PRESSAVG: 4900 0 0 0 0 0 0 0 0 0
GPRESSAVG: 4900 0 0 0 0 0 0 0 0 0
ENERGY:    4900      1116.4777      1710.7212      2127.8488       150.4653            -42.8463      -813.0309         0.0000      2419.8461      2979.9384           9649.4203       299.2264      6669.4818      9671.2129       303.3004

PRESSURE: 5000 0 0 0 0 0 0 0 0 0
GPRESSURE: 5000 0 0 0 0 0 0 0 0 0
PRESSAVG: 5000 0 0 0 0 0 0 0 0 0
GPRESSAVG: 5000 0 0 0 0 0 0 0 0 0
TIMING: 5000  CPU: 2.81995, 0.000536185/step  Wall: 2.84546, 0.00053609/step, 0 hours remaining, 828.312500 MB of memory in use.
ETITLE:      TS           BOND          ANGLE          DIHED          IMPRP               ELECT            VDW       BOUNDARY           MISC        KINETIC               TOTAL           TEMP      POTENTIAL         TOTAL3        TEMPAVG

ENERGY:    5000      1094.5928      1701.0807      2104.4879       162.1068            -43.2040      -777.4670         0.0000      2415.0508      2950.8967           9607.5448       296.3102      6656.6480      9633.4286       298.3635

WRITING EXTENDED SYSTEM TO RESTART FILE AT STEP 5000
WRITING COORDINATES TO DCD FILE adk-step1.dcd AT STEP 5000
WRITING COORDINATES TO RESTART FILE AT STEP 5000
FINISHED WRITING RESTART COORDINATES
The last position output (seq=5000) takes 0.002 seconds, 828.938 MB of memory in use
WRITING VELOCITIES TO RESTART FILE AT STEP 5000
FINISHED WRITING RESTART VELOCITIES
The last velocity output (seq=5000) takes 0.002 seconds, 828.938 MB of memory in use
WRITING EXTENDED SYSTEM TO OUTPUT FILE AT STEP 5000
WRITING COORDINATES TO OUTPUT FILE AT STEP 5000
CLOSING COORDINATE DCD FILE adk-step1.dcd
The last position output (seq=-2) takes 0.004 seconds, 828.938 MB of memory in use
WRITING VELOCITIES TO OUTPUT FILE AT STEP 5000
====================================================

WallClock: 5.030545  CPUTime: 3.791644  Memory: 828.937500 MB
End of program
