Info) VMD for SUMMIT, version 1.9.3 (December 12, 2019)
Info) http://www.ks.uiuc.edu/Research/vmd/                         
Info) Email questions and bug reports to vmd@ks.uiuc.edu           
Info) Please include this reference in published work using VMD:   
Info)    Humphrey, W., Dalke, A. and Schulten, K., `VMD - Visual   
Info)    Molecular Dynamics', J. Molec. Graphics 1996, 14.1, 33-38.
Info) -------------------------------------------------------------
Info) Initializing parallel VMD instances via MPI...
Info) Found 1 VMD MPI node containing a total of 176 CPUs and 0 GPUs:
Info)    0: 176 CPUs, 568.8GB (94%) free mem, 0 GPUs, Name: h14n12
Info) No CUDA accelerator devices available.
psfplugin) Detected a Charmm PSF file
Info) Using plugin psf for structure file 1ake-docked-noh_autopsf.psf
Info) Analyzing structure ...
Info)    Atoms: 3341
Info)    Bonds: 3365
Info)    Angles: 6123  Dihedrals: 8921  Impropers: 567  Cross-terms: 212
Info)    Bondtypes: 0  Angletypes: 0  Dihedraltypes: 0  Impropertypes: 0
Info)    Residues: 214
Info)    Waters: 0
Info)    Segments: 1
Info)    Fragments: 1   Protein: 1   Nucleic: 0
0
dcdplugin) detected standard 32-bit DCD file of native endianness
dcdplugin) CHARMM format DCD file (also NAMD 2.1 and later)
Info) Using plugin dcd for coordinates from file adk-step1.dcd
Info) Finished with coordinate file adk-step1.dcd.
0
cc.dat
0.5
atomselect0
Warning: guessing atomic number for atoms with unknown element...
Info) volmap: Computing bounding box coordinates
Info) volmap: grid minmax = {-22 -35 -39} {19 28 19}
Info) volmap: grid size = 41x63x58 (0.6 MB)
Info) volmap: writing file "/tmp/mdff_sim9767820555608636.dx".
MAP <- "/tmp/mdff_sim9767820555608636.dx"
MAP :: gaussian blur (sigma = 2.5, regular)
MAP :: pad by x:9 9 y:9 9 z:9 9
MAP -> "/tmp/mdff_corr2550301022152557.dx"

Stats for MAP:
  WEIGHT:    1
  AVERAGE:   0.0502752
  STDEV:     0.156489
  MIN:       0
  MAX:       1.0896
  PMF_AVG:   0.0399785

0.970227
Info) volmap: Computing bounding box coordinates
Info) volmap: grid minmax = {-22 -35 -39} {19 28 19}
Info) volmap: grid size = 41x63x58 (0.6 MB)
Info) volmap: writing file "/tmp/mdff_sim8120483480449991.dx".
MAP <- "/tmp/mdff_sim8120483480449991.dx"
MAP :: gaussian blur (sigma = 2.5, regular)
MAP :: pad by x:9 9 y:9 9 z:9 9
MAP -> "/tmp/mdff_corr7609253808674055.dx"

Stats for MAP:
  WEIGHT:    1
  AVERAGE:   0.0501884
  STDEV:     0.156019
  MIN:       0
  MAX:       1.07179
  PMF_AVG:   0.0399489

0.969119
0.970227 0.969119
file34
Info) VMD for SUMMIT, version 1.9.3 (December 12, 2019)
Info) Exiting normally.
Info) All nodes have reached the MPI shutdown barrier.
