3_1_cc.dat
/gpfs/alpine/bip115/scratch/hrlee/radical.pilot.sandbox/re.session.login1.hrlee.018632.0003/pilot.0000/staging_area/3_1_cc.dat
3, 1
Choosing optimized barrier algorithm name I0:HybridBinomial:SHMEM:P2P
Converse/Charm++ Commit ID: v6.10.2-0-g7bf00fa-namd-charm-6.10.2-build-2020-Aug-05-556
Warning> Randomization of virtual memory (ASLR) is turned on in the kernel, thread migration may not work! Run 'echo 0 > /proc/sys/kernel/randomize_va_space' as root to disable it, or try running with '+isomalloc_sync'.
CharmLB> Load balancer assumes all CPUs are same.
Charm++> Running on 1 hosts (1 sockets x 7 cores x 4 PUs = 28-way SMP)
Charm++> cpu topology info is gathered in 0.003 seconds.
Info: Built with CUDA version 10010
Did not find +devices i,j,k,... argument, using all
Pe 12 physical rank 12 will use CUDA device of pe 7
Pe 5 physical rank 5 will use CUDA device of pe 4
Pe 23 physical rank 23 will use CUDA device of pe 21
Pe 33 physical rank 33 will use CUDA device of pe 28
Pe 18 physical rank 18 will use CUDA device of pe 14
Pe 13 physical rank 13 will use CUDA device of pe 7
Pe 24 physical rank 24 will use CUDA device of pe 21
Pe 32 physical rank 32 will use CUDA device of pe 28
Pe 19 physical rank 19 will use CUDA device of pe 14
Pe 39 physical rank 39 will use CUDA device of pe 35
Pe 9 physical rank 9 will use CUDA device of pe 7
Pe 6 physical rank 6 will use CUDA device of pe 4
Pe 25 physical rank 25 will use CUDA device of pe 21
Pe 34 physical rank 34 will use CUDA device of pe 28
Pe 17 physical rank 17 will use CUDA device of pe 14
Pe 36 physical rank 36 will use CUDA device of pe 35
Pe 10 physical rank 10 will use CUDA device of pe 7
Pe 3 physical rank 3 will use CUDA device of pe 4
Pe 27 physical rank 27 will use CUDA device of pe 21
Pe 30 physical rank 30 will use CUDA device of pe 28
Pe 16 physical rank 16 will use CUDA device of pe 14
Pe 41 physical rank 41 will use CUDA device of pe 35
Pe 11 physical rank 11 will use CUDA device of pe 7
Pe 2 physical rank 2 will use CUDA device of pe 4
Pe 26 physical rank 26 will use CUDA device of pe 21
Pe 31 physical rank 31 will use CUDA device of pe 28
Pe 20 physical rank 20 will use CUDA device of pe 14
Pe 40 physical rank 40 will use CUDA device of pe 35
Pe 8 physical rank 8 will use CUDA device of pe 7
Pe 1 physical rank 1 will use CUDA device of pe 4
Pe 22 physical rank 22 will use CUDA device of pe 21
Pe 29 physical rank 29 will use CUDA device of pe 28
Pe 15 physical rank 15 will use CUDA device of pe 14
Pe 38 physical rank 38 will use CUDA device of pe 35
Pe 0 physical rank 0 will use CUDA device of pe 4
Pe 37 physical rank 37 will use CUDA device of pe 35
Pe 7 physical rank 7 binding to CUDA device 0 on g24n18: 'Tesla V100-SXM2-16GB'  Mem: 16128MB  Rev: 7.0  PCI: 4:5:0
Pe 4 physical rank 4 binding to CUDA device 0 on g24n18: 'Tesla V100-SXM2-16GB'  Mem: 16128MB  Rev: 7.0  PCI: 4:4:0
Pe 21 physical rank 21 binding to CUDA device 0 on g24n18: 'Tesla V100-SXM2-16GB'  Mem: 16128MB  Rev: 7.0  PCI: 35:3:0
Pe 28 physical rank 28 binding to CUDA device 0 on g24n18: 'Tesla V100-SXM2-16GB'  Mem: 16128MB  Rev: 7.0  PCI: 35:4:0
Pe 14 physical rank 14 binding to CUDA device 0 on g24n18: 'Tesla V100-SXM2-16GB'  Mem: 16128MB  Rev: 7.0  PCI: 4:6:0
Pe 35 physical rank 35 binding to CUDA device 0 on g24n18: 'Tesla V100-SXM2-16GB'  Mem: 16128MB  Rev: 7.0  PCI: 35:5:0
Info: NAMD 2.14 for Linux-POWER-pami-smp-Summit-CUDA
Info: 
Info: Please visit http://www.ks.uiuc.edu/Research/namd/
Info: for updates, documentation, and support information.
Info: 
Info: Please cite Phillips et al., J. Chem. Phys. 153:044130 (2020) doi:10.1063/5.0014475
Info: in all publications reporting results obtained with NAMD.
Info: 
Info: Based on Charm++/Converse 61002 for pami-linux-ppc64le-smp
Info: Built Wed Aug 5 14:28:51 EDT 2020 by jimp on login2
Info: 1 NAMD  2.14  Linux-POWER-pami-smp-Summit-CUDA  42    g24n18  hrlee
Info: Running on 42 processors, 6 nodes, 1 physical nodes.
Info: CPU topology information available.
Info: Charm++/Converse parallel runtime startup completed at 1.37909 s
CkLoopLib is used in SMP with simple dynamic scheduling (converse-level notification)
Info: 791.812 MB of memory in use based on /proc/self/stat
Info: Configuration file is adk-step1.namd
Info: Working in the current directory /gpfs/alpine/bip115/scratch/hrlee/radical.pilot.sandbox/re.session.login1.hrlee.018632.0003/pilot.0000/unit.000168
TCL: Suspending until startup complete.
Info: SIMULATION PARAMETERS:
Info: TIMESTEP               1
Info: NUMBER OF STEPS        0
Info: STEPS PER CYCLE        20
Info: LOAD BALANCER  Centralized
Info: LOAD BALANCING STRATEGY  New Load Balancers -- DEFAULT
Info: LDB PERIOD             4000 steps
Info: FIRST LDB TIMESTEP     100
Info: LAST LDB TIMESTEP     -1
Info: LDB BACKGROUND SCALING 1
Info: HOM BACKGROUND SCALING 1
Info: MIN ATOMS PER PATCH    40
Info: VELOCITY FILE          3_1_adk-step1.restart.vel
Info: CENTER OF MASS MOVING INITIALLY? NO
Info: DIELECTRIC             80
Info: EXCLUDE                SCALED ONE-FOUR
Info: 1-4 ELECTROSTATICS SCALED BY 1
Info: MODIFIED 1-4 VDW PARAMETERS WILL BE USED
Info: DCD FILENAME           adk-step1.dcd
Info: DCD FREQUENCY          1000
Info: DCD FIRST STEP         1000
Info: NO EXTENDED SYSTEM TRAJECTORY OUTPUT
Info: NO VELOCITY DCD OUTPUT
Info: NO FORCE DCD OUTPUT
Info: OUTPUT FILENAME        adk-step1
Info: BINARY OUTPUT FILES WILL BE USED
Info: RESTART FILENAME       adk-step1.restart
Info: RESTART FREQUENCY      1000
Info: BINARY RESTART FILES WILL BE USED
Info: SWITCHING ACTIVE
Info: SWITCHING ON           9
Info: SWITCHING OFF          10
Info: PAIRLIST DISTANCE      11
Info: PAIRLIST SHRINK RATE   0.01
Info: PAIRLIST GROW RATE     0.01
Info: PAIRLIST TRIGGER       0.3
Info: PAIRLISTS PER CYCLE    2
Info: PAIRLISTS ENABLED
Info: MARGIN                 0
Info: HYDROGEN GROUP CUTOFF  2.5
Info: PATCH DIMENSION        13.5
Info: ENERGY OUTPUT STEPS    100
Info: CROSSTERM ENERGY INCLUDED IN DIHEDRAL
Info: TIMING OUTPUT STEPS    1000
Info: PRESSURE OUTPUT STEPS  100
Info: GRID FORCE ACTIVE
Info:  Please include this reference in published work using
Info:  the Gridforce module of NAMD: David Wells, Volha Abramkina,
Info:  and Aleksei Aksimentiev, J. Chem. Phys. 127:125101-10 (2007).
Info: MGRIDFORCE key 0
Info:            Potfile 4ake-target_autopsf-grid.dx
Info:            Scale 0.3 0.3 0.3
Info:            File 1ake-docked-noh_autopsf-grid.pdb
Info:            Col O
Info:            ChargeCol B
Info:            VOffset 0 0 0
Info:            Continuous K1 FALSE
Info:            Continuous K2 FALSE
Info:            Continuous K3 FALSE
Info:            Volts FALSE
Info:            Gridforce-Lite FALSE
Info:            Gridforce-CheckSize TRUE
Info: LANGEVIN DYNAMICS ACTIVE
Info: LANGEVIN TEMPERATURE   300
Info: LANGEVIN USING BBK INTEGRATOR
Info: LANGEVIN DAMPING COEFFICIENT IS 5 INVERSE PS
Info: LANGEVIN DYNAMICS NOT APPLIED TO HYDROGENS
Info: USING VERLET I (r-RESPA) MTS SCHEME.
Info: C1 SPLITTING OF LONG RANGE ELECTROSTATICS
Info: PLACING ATOMS IN PATCHES BY HYDROGEN GROUPS
Info: RIGID BONDS TO HYDROGEN : WATER
Info:         ERROR TOLERANCE : 1e-08
Info:          MAX ITERATIONS : 100
Info: RIGID WATER USING SETTLE ALGORITHM
Info: NONBONDED FORCES EVALUATED EVERY 2 STEPS
Info: RANDOM NUMBER SEED     1609821705
Info: USE HYDROGEN BONDS?    NO
Info: COORDINATE PDB         1ake-docked-noh_autopsf.pdb
Info: STRUCTURE FILE         1ake-docked-noh_autopsf.psf
Info: PARAMETER file: CHARMM format! 
Info: PARAMETERS             par_all36_prot.prm
Info: USING ARITHMETIC MEAN TO COMBINE L-J SIGMA PARAMETERS
Info: BINARY COORDINATES     3_1_adk-step1.restart.coor
Info: SUMMARY OF PARAMETERS:
Info: 132 BONDS
Info: 362 ANGLES
Info: 702 DIHEDRAL
Info: 35 IMPROPER
Info: 6 CROSSTERM
Info: 53 VDW
Info: 0 VDW_PAIRS
Info: 0 NBTHOLE_PAIRS
Info: TIME FOR READING PSF FILE: 0.304261
Info: READING EXTRA BONDS FILE 1ake-extrabonds.txt
Info: READING EXTRA BONDS FILE 1ake-extrabonds-cispeptide.txt
Info: READING EXTRA BONDS FILE 1ake-extrabonds-chirality.txt
Info: READ 80 EXTRA BONDS
Info: READ 80 EXTRA ANGLES
Warning: EXTRA ANGLES ARE COSINE-BASED BY DEFAULT TO MATCH PREVIOUS VERSIONS
Warning: FOR NORMAL HARMONIC EXTRA ANGLES SET extraBondsCosAngles off
Info: READ 493 EXTRA DIHEDRALS
Info: READ 438 EXTRA IMPROPERS
Info: Reading pdb file 1ake-docked-noh_autopsf.pdb
Info: TIME FOR READING PDB FILE: 0.0121731
Info: 
Info: ****************************
Info: STRUCTURE SUMMARY:
Info: 3341 ATOMS
Info: 3445 BONDS
Info: 6203 ANGLES
Info: 9414 DIHEDRALS
Info: 1005 IMPROPERS
Info: 212 CROSSTERMS
Info: 0 EXCLUSIONS
Info: 0 RIGID BONDS
Info: 1 GRIDS ACTIVE
Info: 10023 DEGREES OF FREEDOM
Info: 1656 HYDROGEN GROUPS
Info: 4 ATOMS IN LARGEST HYDROGEN GROUP
Info: 1656 MIGRATION GROUPS
Info: 4 ATOMS IN LARGEST MIGRATION GROUP
Info: TOTAL MASS = 23582 amu
Info: TOTAL CHARGE = -4 e
Info: *****************************
Info: Reading from binary file 3_1_adk-step1.restart.coor
Info: 
Info: Entering startup at 2.19019 s, 798.938 MB of memory in use
Info: Startup phase 0 took 0.000198362 s, 799.062 MB of memory in use
Info: ADDED 18308 IMPLICIT EXCLUSIONS
Info: Startup phase 1 took 0.0117905 s, 799.188 MB of memory in use
Info: NONBONDED TABLE R-SQUARED SPACING: 0.0625
Info: NONBONDED TABLE SIZE: 705 POINTS
Info: ABSOLUTE IMPRECISION IN FAST TABLE ENERGY: 3.38813e-21 AT 9.89634
Info: RELATIVE IMPRECISION IN FAST TABLE ENERGY: 4.23384e-15 AT 9.94673
Info: ABSOLUTE IMPRECISION IN FAST TABLE FORCE: 6.35275e-22 AT 9.94673
Info: RELATIVE IMPRECISION IN FAST TABLE FORCE: 5.07982e-16 AT 9.94673
Info: INCONSISTENCY IN FAST TABLE ENERGY VS FORCE: 0.000290185 AT 0.251946
Info: ABSOLUTE IMPRECISION IN VDWA TABLE ENERGY: 1.57772e-30 AT 9.89634
Info: RELATIVE IMPRECISION IN VDWA TABLE ENERGY: 4.54938e-15 AT 9.94673
Info: ABSOLUTE IMPRECISION IN VDWA TABLE FORCE: 5.91646e-31 AT 9.94673
Info: RELATIVE IMPRECISION IN VDWA TABLE FORCE: 5.6823e-16 AT 9.94673
Info: INCONSISTENCY IN VDWA TABLE ENERGY VS FORCE: 0.0040507 AT 0.251946
Info: ABSOLUTE IMPRECISION IN VDWB TABLE ENERGY: 4.71751e-25 AT 9.94673
Info: RELATIVE IMPRECISION IN VDWB TABLE ENERGY: 1.45371e-14 AT 9.94673
Info: ABSOLUTE IMPRECISION IN VDWB TABLE FORCE: 6.20385e-25 AT 9.94673
Info: RELATIVE IMPRECISION IN VDWB TABLE FORCE: 5.97512e-16 AT 9.94673
Info: INCONSISTENCY IN VDWB TABLE ENERGY VS FORCE: 0.00377068 AT 9.07951
Info: Startup phase 2 took 0.000464709 s, 800.312 MB of memory in use
Info: Startup phase 3 took 0.0001656 s, 800.312 MB of memory in use
Info: Startup phase 4 took 0.000263217 s, 800.438 MB of memory in use
Info: Startup phase 5 took 0.000241974 s, 800.5 MB of memory in use
Info: ORIGINAL ATOMS MINMAX IS -22.7638 -33.0644 -34.7258  17.1485 11.2485 16.6948
Info: ADJUSTED ATOMS MINMAX IS -17.3216 -27.2131 -30.0678  11.8152 7.2268 6.89305
Info: PATCH GRID IS 5 BY 3 BY 3
Info: PATCH GRID IS 2-AWAY BY 1-AWAY BY 1-AWAY
Info: Reading from binary file 3_1_adk-step1.restart.vel
Info: REMOVING COM VELOCITY 0.202879 -0.0229087 0.0108348
Info: LARGEST PATCH (37) HAS 146 ATOMS
Info: TORUS A SIZE 1 USING 0
Info: TORUS B SIZE 1 USING 0
Info: TORUS C SIZE 1 USING 0
Info: TORUS MINIMAL MESH SIZE IS 1 BY 1 BY 1
Info: Placed 100% of base nodes on same physical node as patch
Info: Startup phase 6 took 0.00836648 s, 800.688 MB of memory in use
Info: Startup phase 7 took 0.000168785 s, 801.625 MB of memory in use
Info: Updated CUDA force table with 4096 elements.
Info: Updated CUDA force table with 4096 elements.
Info: Updated CUDA LJ table with 53 x 53 elements.
Info: Updated CUDA force table with 4096 elements.
Info: Updated CUDA LJ table with 53 x 53 elements.
Info: Updated CUDA force table with 4096 elements.
Info: Updated CUDA LJ table with 53 x 53 elements.
Info: Updated CUDA LJ table with 53 x 53 elements.
Info: Updated CUDA force table with 4096 elements.
Info: Updated CUDA LJ table with 53 x 53 elements.
Info: Updated CUDA force table with 4096 elements.
Info: Updated CUDA LJ table with 53 x 53 elements.
Info: Startup phase 8 took 0.00366213 s, 801.75 MB of memory in use
Info: Startup phase 9 took 0.00038877 s, 801.812 MB of memory in use
Info: Startup phase 10 took 0.000174594 s, 801.875 MB of memory in use
Info: Startup phase 11 took 0.000700621 s, 802.062 MB of memory in use
LDB: Central LB being created...
Info: Startup phase 12 took 0.00259882 s, 802.75 MB of memory in use
Info: CREATING 1139 COMPUTE OBJECTS
Info: Found 278 unique exclusion lists needing 900 bytes
Info: Found 278 unique exclusion lists needing 900 bytes
Info: Found 278 unique exclusion lists needing 900 bytes
Info: Found 278 unique exclusion lists needing 900 bytes
Info: Found 278 unique exclusion lists needing 900 bytes
Info: Found 278 unique exclusion lists needing 900 bytes
Info: Startup phase 13 took 0.0181828 s, 803.5 MB of memory in use
Info: Building spanning tree ... send: 1 recv: 0 with branch factor 4
Info: useSync: 0 useProxySync: 0
Info: useSync: 0 useProxySync: 0
Info: Startup phase 14 took 0.000231113 s, 803.688 MB of memory in use
Info: Startup phase 15 took 0.000158827 s, 803.812 MB of memory in use
Info: Finished startup at 2.23795 s, 803.938 MB of memory in use

TCL: Running for 5000 steps
PRESSURE: 0 0 0 0 0 0 0 0 0 0
GPRESSURE: 0 0 0 0 0 0 0 0 0 0
ETITLE:      TS           BOND          ANGLE          DIHED          IMPRP               ELECT            VDW       BOUNDARY           MISC        KINETIC               TOTAL           TEMP      POTENTIAL         TOTAL3        TEMPAVG

ENERGY:       0      1092.3049      1719.0809      2081.8071       172.3047            -39.6996      -818.1457         0.0000      4298.2095      2924.7045          11430.5663       293.6802      8505.8617     11454.7277       293.6802

LDB: ============= START OF LOAD BALANCING ============== 2.25255
LDB: ============== END OF LOAD BALANCING =============== 2.25259
LDB: =============== DONE WITH MIGRATION ================ 2.2527
LDB: ============= START OF LOAD BALANCING ============== 2.30216
LDB: Partitioning computes with target load 0.000000
LDB: Increased migratable compute count from 0 to 0
LDB: Largest unpartitionable compute is 0.000000
LDB: ============== END OF LOAD BALANCING =============== 2.30242
Info: build node-aware spanning tree with send: 1, recv: 0 with branch factor 4
Info: useSync: 0 useProxySync: 0
LDB: =============== DONE WITH MIGRATION ================ 2.30328
PRESSURE: 100 0 0 0 0 0 0 0 0 0
GPRESSURE: 100 0 0 0 0 0 0 0 0 0
PRESSAVG: 100 0 0 0 0 0 0 0 0 0
GPRESSAVG: 100 0 0 0 0 0 0 0 0 0
Info: Initial time: 42 CPUs 0.000620093 s/step 0.00717701 days/ns 823.375 MB memory
ENERGY:     100      1106.5862      1705.4027      2078.0964       131.5699            -40.9851      -800.4727         0.0000      4294.0301      2981.3009          11455.5285       299.3632      8474.2276     11481.5298       297.2093

LDB: ============= START OF LOAD BALANCING ============== 2.3156
LDB: ============== END OF LOAD BALANCING =============== 2.31562
Info: useSync: 0 useProxySync: 0
LDB: =============== DONE WITH MIGRATION ================ 2.31572
LDB: ============= START OF LOAD BALANCING ============== 2.36481
LDB: TIME 2.36498 LOAD: AVG 0.0142943 MAX 0.0415916  PROXIES: TOTAL 174 MAXPE 7 MAXPATCH 7 None MEM: 824.625 MB
LDB: TIME 2.36514 LOAD: AVG 0.0142943 MAX 0.0415916  PROXIES: TOTAL 174 MAXPE 7 MAXPATCH 7 TorusLB MEM: 824.688 MB
LDB: ============== END OF LOAD BALANCING =============== 2.36533
Info: build node-aware spanning tree with send: 1, recv: 0 with branch factor 4
Info: useSync: 0 useProxySync: 0
LDB: =============== DONE WITH MIGRATION ================ 2.36612
PRESSURE: 200 0 0 0 0 0 0 0 0 0
GPRESSURE: 200 0 0 0 0 0 0 0 0 0
PRESSAVG: 200 0 0 0 0 0 0 0 0 0
GPRESSAVG: 200 0 0 0 0 0 0 0 0 0
Info: Initial time: 42 CPUs 0.000611791 s/step 0.00708092 days/ns 824.688 MB memory
ENERGY:     200      1048.6890      1711.7120      2070.2023       152.5952            -41.2238      -800.5999         0.0000      4299.2469      3014.2929          11454.9145       302.6761      8440.6216     11480.7557       300.6365

LDB: ============= START OF LOAD BALANCING ============== 2.42677
LDB: TIME 2.42694 LOAD: AVG 0.0179307 MAX 0.0510261  PROXIES: TOTAL 174 MAXPE 7 MAXPATCH 7 None MEM: 825.562 MB
LDB: TIME 2.42707 LOAD: AVG 0.0179307 MAX 0.0510261  PROXIES: TOTAL 174 MAXPE 7 MAXPATCH 7 RefineTorusLB MEM: 825.562 MB
LDB: TIME 2.42717 LOAD: AVG 0.0179307 MAX 0.0510261  PROXIES: TOTAL 174 MAXPE 7 MAXPATCH 7 RefineTorusLB MEM: 825.562 MB
LDB: Reverting to original mapping
LDB: ============== END OF LOAD BALANCING =============== 2.42736
Info: build node-aware spanning tree with send: 1, recv: 0 with branch factor 4
Info: useSync: 0 useProxySync: 0
LDB: =============== DONE WITH MIGRATION ================ 2.42815
PRESSURE: 300 0 0 0 0 0 0 0 0 0
GPRESSURE: 300 0 0 0 0 0 0 0 0 0
PRESSAVG: 300 0 0 0 0 0 0 0 0 0
GPRESSAVG: 300 0 0 0 0 0 0 0 0 0
Info: Initial time: 42 CPUs 0.000605145 s/step 0.00700399 days/ns 825.562 MB memory
ENERGY:     300      1044.7034      1715.6852      2097.9272       151.9331            -39.8806      -810.9187         0.0000      4297.7480      2951.1194          11408.3169       296.3326      8457.1975     11432.6201       297.9270

LDB: ============= START OF LOAD BALANCING ============== 2.48937
LDB: TIME 2.48954 LOAD: AVG 0.0174175 MAX 0.0517998  PROXIES: TOTAL 174 MAXPE 7 MAXPATCH 7 None MEM: 826.5 MB
LDB: TIME 2.48967 LOAD: AVG 0.0174175 MAX 0.0517998  PROXIES: TOTAL 174 MAXPE 7 MAXPATCH 7 RefineTorusLB MEM: 826.5 MB
LDB: TIME 2.48977 LOAD: AVG 0.0174175 MAX 0.0517998  PROXIES: TOTAL 174 MAXPE 7 MAXPATCH 7 RefineTorusLB MEM: 826.5 MB
LDB: ============== END OF LOAD BALANCING =============== 2.48995
Info: build node-aware spanning tree with send: 1, recv: 0 with branch factor 4
Info: useSync: 0 useProxySync: 0
LDB: =============== DONE WITH MIGRATION ================ 2.49075
PRESSURE: 400 0 0 0 0 0 0 0 0 0
GPRESSURE: 400 0 0 0 0 0 0 0 0 0
PRESSAVG: 400 0 0 0 0 0 0 0 0 0
GPRESSAVG: 400 0 0 0 0 0 0 0 0 0
Info: Benchmark time: 42 CPUs 0.000611782 s/step 0.00708081 days/ns 826.5 MB memory
ENERGY:     400      1065.8998      1678.6374      2077.5598       148.5857            -40.4591      -797.7711         0.0000      4297.8380      2932.9594          11363.2500       294.5091      8430.2905     11387.4524       295.1123

PRESSURE: 500 0 0 0 0 0 0 0 0 0
GPRESSURE: 500 0 0 0 0 0 0 0 0 0
PRESSAVG: 500 0 0 0 0 0 0 0 0 0
GPRESSAVG: 500 0 0 0 0 0 0 0 0 0
Info: Benchmark time: 42 CPUs 0.00062519 s/step 0.007236 days/ns 827.312 MB memory
ENERGY:     500      1055.1329      1701.3598      2093.4873       163.5780            -41.3067      -823.3362         0.0000      4302.2817      2912.2459          11363.4427       292.4292      8451.1968     11382.1219       294.0064

PRESSURE: 600 0 0 0 0 0 0 0 0 0
GPRESSURE: 600 0 0 0 0 0 0 0 0 0
PRESSAVG: 600 0 0 0 0 0 0 0 0 0
GPRESSAVG: 600 0 0 0 0 0 0 0 0 0
Info: Benchmark time: 42 CPUs 0.000621206 s/step 0.00718988 days/ns 827.312 MB memory
ENERGY:     600      1086.3000      1649.9278      2068.7446       148.4110            -39.7989      -821.2532         0.0000      4300.1848      2958.9651          11351.4810       297.1204      8392.5159     11379.1874       294.9703

PRESSURE: 700 0 0 0 0 0 0 0 0 0
GPRESSURE: 700 0 0 0 0 0 0 0 0 0
PRESSAVG: 700 0 0 0 0 0 0 0 0 0
GPRESSAVG: 700 0 0 0 0 0 0 0 0 0
Info: Benchmark time: 42 CPUs 0.000611944 s/step 0.00708269 days/ns 827.312 MB memory
ENERGY:     700      1045.7613      1678.7590      2097.2406       144.2619            -39.4224      -826.7252         0.0000      4297.1574      2955.9548          11352.9875       296.8181      8397.0327     11375.5788       296.4109

PRESSURE: 800 0 0 0 0 0 0 0 0 0
GPRESSURE: 800 0 0 0 0 0 0 0 0 0
PRESSAVG: 800 0 0 0 0 0 0 0 0 0
GPRESSAVG: 800 0 0 0 0 0 0 0 0 0
Info: Benchmark time: 42 CPUs 0.000619185 s/step 0.0071665 days/ns 827.312 MB memory
ENERGY:     800      1091.8984      1649.5159      2105.7849       149.9676            -39.9536      -811.7837         0.0000      4296.5918      2903.1263          11345.1477       291.5134      8442.0214     11369.4830       295.0337

PRESSURE: 900 0 0 0 0 0 0 0 0 0
GPRESSURE: 900 0 0 0 0 0 0 0 0 0
PRESSAVG: 900 0 0 0 0 0 0 0 0 0
GPRESSAVG: 900 0 0 0 0 0 0 0 0 0
Info: Benchmark time: 42 CPUs 0.000617734 s/step 0.0071497 days/ns 827.312 MB memory
ENERGY:     900      1077.0359      1750.9336      2076.6660       151.6814            -40.6005      -832.8720         0.0000      4298.8892      2879.5033          11361.2369       289.1414      8481.7335     11382.4066       293.3978

PRESSURE: 1000 0 0 0 0 0 0 0 0 0
GPRESSURE: 1000 0 0 0 0 0 0 0 0 0
PRESSAVG: 1000 0 0 0 0 0 0 0 0 0
GPRESSAVG: 1000 0 0 0 0 0 0 0 0 0
TIMING: 1000  CPU: 0.643981, 0.000622538/step  Wall: 0.645362, 0.000623044/step, 0.000692271 hours remaining, 827.312500 MB of memory in use.
ETITLE:      TS           BOND          ANGLE          DIHED          IMPRP               ELECT            VDW       BOUNDARY           MISC        KINETIC               TOTAL           TEMP      POTENTIAL         TOTAL3        TEMPAVG

ENERGY:    1000      1041.4763      1699.9360      2107.0186       145.3103            -39.4809      -811.3424         0.0000      4295.4488      2897.3685          11335.7352       290.9353      8438.3667     11360.0710       295.1289

WRITING EXTENDED SYSTEM TO RESTART FILE AT STEP 1000
OPENING COORDINATE DCD FILE
WRITING COORDINATES TO DCD FILE adk-step1.dcd AT STEP 1000
WRITING COORDINATES TO RESTART FILE AT STEP 1000
FINISHED WRITING RESTART COORDINATES
The last position output (seq=1000) takes 0.005 seconds, 827.438 MB of memory in use
WRITING VELOCITIES TO RESTART FILE AT STEP 1000
FINISHED WRITING RESTART VELOCITIES
The last velocity output (seq=1000) takes 0.002 seconds, 827.500 MB of memory in use
PRESSURE: 1100 0 0 0 0 0 0 0 0 0
GPRESSURE: 1100 0 0 0 0 0 0 0 0 0
PRESSAVG: 1100 0 0 0 0 0 0 0 0 0
GPRESSAVG: 1100 0 0 0 0 0 0 0 0 0
ENERGY:    1100      1031.3169      1695.0990      2057.1914       145.6182            -39.2681      -850.1510         0.0000      4299.3583      2965.2081          11304.3728       297.7473      8339.1647     11328.5003       293.6244

PRESSURE: 1200 0 0 0 0 0 0 0 0 0
GPRESSURE: 1200 0 0 0 0 0 0 0 0 0
PRESSAVG: 1200 0 0 0 0 0 0 0 0 0
GPRESSAVG: 1200 0 0 0 0 0 0 0 0 0
ENERGY:    1200      1044.4536      1664.0279      2062.6104       157.1080            -39.3001      -773.3115         0.0000      4290.5506      2945.8775          11352.0164       295.8062      8406.1389     11377.4657       294.9164

PRESSURE: 1300 0 0 0 0 0 0 0 0 0
GPRESSURE: 1300 0 0 0 0 0 0 0 0 0
PRESSAVG: 1300 0 0 0 0 0 0 0 0 0
GPRESSAVG: 1300 0 0 0 0 0 0 0 0 0
ENERGY:    1300      1068.4930      1708.8101      2071.9224       140.1816            -39.5049      -771.0598         0.0000      4293.0885      2927.6784          11399.6095       293.9788      8471.9310     11418.5271       297.7565

PRESSURE: 1400 0 0 0 0 0 0 0 0 0
GPRESSURE: 1400 0 0 0 0 0 0 0 0 0
PRESSAVG: 1400 0 0 0 0 0 0 0 0 0
GPRESSAVG: 1400 0 0 0 0 0 0 0 0 0
ENERGY:    1400      1079.9620      1676.0471      2105.7522       148.7004            -39.8344      -799.3905         0.0000      4287.4905      2888.5074          11347.2346       290.0455      8458.7272     11369.3651       295.2940

PRESSURE: 1500 0 0 0 0 0 0 0 0 0
GPRESSURE: 1500 0 0 0 0 0 0 0 0 0
PRESSAVG: 1500 0 0 0 0 0 0 0 0 0
GPRESSAVG: 1500 0 0 0 0 0 0 0 0 0
ENERGY:    1500      1069.8277      1669.7218      2071.1043       148.9540            -40.7754      -825.4802         0.0000      4277.1110      2965.3252          11335.7884       297.7591      8370.4633     11358.6128       293.6892

PRESSURE: 1600 0 0 0 0 0 0 0 0 0
GPRESSURE: 1600 0 0 0 0 0 0 0 0 0
PRESSAVG: 1600 0 0 0 0 0 0 0 0 0
GPRESSAVG: 1600 0 0 0 0 0 0 0 0 0
ENERGY:    1600      1077.2702      1678.2250      2072.5165       164.0449            -41.7746      -840.9271         0.0000      4276.2126      2944.6830          11330.2504       295.6863      8385.5675     11353.1334       295.4979

PRESSURE: 1700 0 0 0 0 0 0 0 0 0
GPRESSURE: 1700 0 0 0 0 0 0 0 0 0
PRESSAVG: 1700 0 0 0 0 0 0 0 0 0
GPRESSAVG: 1700 0 0 0 0 0 0 0 0 0
ENERGY:    1700      1096.1155      1665.1034      2098.2601       171.8192            -41.4574      -804.0467         0.0000      4266.5630      2965.1643          11417.5213       297.7429      8452.3570     11437.1265       296.7913

PRESSURE: 1800 0 0 0 0 0 0 0 0 0
GPRESSURE: 1800 0 0 0 0 0 0 0 0 0
PRESSAVG: 1800 0 0 0 0 0 0 0 0 0
GPRESSAVG: 1800 0 0 0 0 0 0 0 0 0
ENERGY:    1800      1080.8011      1687.7986      2100.6611       149.5417            -40.8872      -843.1459         0.0000      4279.7636      2999.7747          11414.3075       301.2183      8414.5328     11436.4434       299.3305

PRESSURE: 1900 0 0 0 0 0 0 0 0 0
GPRESSURE: 1900 0 0 0 0 0 0 0 0 0
PRESSAVG: 1900 0 0 0 0 0 0 0 0 0
GPRESSAVG: 1900 0 0 0 0 0 0 0 0 0
ENERGY:    1900      1052.2669      1672.1627      2072.4784       145.8869            -41.0653      -810.1322         0.0000      4283.2924      2991.7876          11366.6774       300.4162      8374.8897     11388.7716       298.8987

PRESSURE: 2000 0 0 0 0 0 0 0 0 0
GPRESSURE: 2000 0 0 0 0 0 0 0 0 0
PRESSAVG: 2000 0 0 0 0 0 0 0 0 0
GPRESSAVG: 2000 0 0 0 0 0 0 0 0 0
TIMING: 2000  CPU: 1.22027, 0.000576288/step  Wall: 1.23355, 0.000588192/step, 0.00049016 hours remaining, 827.500000 MB of memory in use.
ETITLE:      TS           BOND          ANGLE          DIHED          IMPRP               ELECT            VDW       BOUNDARY           MISC        KINETIC               TOTAL           TEMP      POTENTIAL         TOTAL3        TEMPAVG

ENERGY:    2000      1134.1831      1661.2491      2065.6675       157.4817            -42.1377      -803.8060         0.0000      4283.1704      2863.8572          11319.6653       287.5703      8455.8082     11342.4363       295.1452

WRITING EXTENDED SYSTEM TO RESTART FILE AT STEP 2000
WRITING VELOCITIES TO RESTART FILE AT STEP 2000
FINISHED WRITING RESTART VELOCITIES
The last velocity output (seq=2000) takes 0.002 seconds, 827.562 MB of memory in use
WRITING COORDINATES TO DCD FILE adk-step1.dcd AT STEP 2000
WRITING COORDINATES TO RESTART FILE AT STEP 2000
FINISHED WRITING RESTART COORDINATES
The last position output (seq=2000) takes 0.002 seconds, 827.562 MB of memory in use
PRESSURE: 2100 0 0 0 0 0 0 0 0 0
GPRESSURE: 2100 0 0 0 0 0 0 0 0 0
PRESSAVG: 2100 0 0 0 0 0 0 0 0 0
GPRESSAVG: 2100 0 0 0 0 0 0 0 0 0
ENERGY:    2100      1108.1562      1629.2682      2088.7636       164.8181            -42.4043      -846.5299         0.0000      4281.8543      2954.6451          11338.5714       296.6866      8383.9263     11359.9123       293.9472

PRESSURE: 2200 0 0 0 0 0 0 0 0 0
GPRESSURE: 2200 0 0 0 0 0 0 0 0 0
PRESSAVG: 2200 0 0 0 0 0 0 0 0 0
GPRESSAVG: 2200 0 0 0 0 0 0 0 0 0
ENERGY:    2200      1074.4366      1698.3680      2069.5319       155.8468            -41.0581      -781.5928         0.0000      4276.7201      2916.5233          11368.7759       292.8587      8452.2525     11389.8865       294.6558

PRESSURE: 2300 0 0 0 0 0 0 0 0 0
GPRESSURE: 2300 0 0 0 0 0 0 0 0 0
PRESSAVG: 2300 0 0 0 0 0 0 0 0 0
GPRESSAVG: 2300 0 0 0 0 0 0 0 0 0
ENERGY:    2300      1125.3665      1669.1338      2062.3279       150.0906            -41.0314      -822.4725         0.0000      4274.9856      2957.4713          11375.8717       296.9704      8418.4005     11397.8457       295.9225

PRESSURE: 2400 0 0 0 0 0 0 0 0 0
GPRESSURE: 2400 0 0 0 0 0 0 0 0 0
PRESSAVG: 2400 0 0 0 0 0 0 0 0 0
GPRESSAVG: 2400 0 0 0 0 0 0 0 0 0
ENERGY:    2400      1090.5662      1683.8427      2045.7937       160.2369            -40.4717      -810.9858         0.0000      4275.6949      2972.4685          11377.1455       298.4763      8404.6770     11399.0906       295.4486

PRESSURE: 2500 0 0 0 0 0 0 0 0 0
GPRESSURE: 2500 0 0 0 0 0 0 0 0 0
PRESSAVG: 2500 0 0 0 0 0 0 0 0 0
GPRESSAVG: 2500 0 0 0 0 0 0 0 0 0
ENERGY:    2500      1072.3434      1710.2952      2058.7225       152.4071            -39.5822      -827.9618         0.0000      4282.4620      2948.7735          11357.4595       296.0970      8408.6861     11383.6608       296.4685

PRESSURE: 2600 0 0 0 0 0 0 0 0 0
GPRESSURE: 2600 0 0 0 0 0 0 0 0 0
PRESSAVG: 2600 0 0 0 0 0 0 0 0 0
GPRESSAVG: 2600 0 0 0 0 0 0 0 0 0
ENERGY:    2600      1092.1814      1713.0202      2081.4738       150.2043            -40.6217      -845.5317         0.0000      4280.2939      2965.6225          11396.6426       297.7889      8431.0201     11423.5502       297.5549

PRESSURE: 2700 0 0 0 0 0 0 0 0 0
GPRESSURE: 2700 0 0 0 0 0 0 0 0 0
PRESSAVG: 2700 0 0 0 0 0 0 0 0 0
GPRESSAVG: 2700 0 0 0 0 0 0 0 0 0
ENERGY:    2700      1128.5272      1637.5101      2073.8217       153.6966            -41.2660      -795.2602         0.0000      4266.3481      2964.6727          11388.0501       297.6935      8423.3774     11408.8922       297.8536

PRESSURE: 2800 0 0 0 0 0 0 0 0 0
GPRESSURE: 2800 0 0 0 0 0 0 0 0 0
PRESSAVG: 2800 0 0 0 0 0 0 0 0 0
GPRESSAVG: 2800 0 0 0 0 0 0 0 0 0
ENERGY:    2800      1068.5558      1659.3519      2089.7730       148.9504            -40.1715      -806.0704         0.0000      4259.8602      3001.5752          11381.8246       301.3990      8380.2495     11408.5427       299.3121

PRESSURE: 2900 0 0 0 0 0 0 0 0 0
GPRESSURE: 2900 0 0 0 0 0 0 0 0 0
PRESSAVG: 2900 0 0 0 0 0 0 0 0 0
GPRESSAVG: 2900 0 0 0 0 0 0 0 0 0
ENERGY:    2900      1100.1251      1660.4316      2085.6257       150.6321            -40.5932      -796.4556         0.0000      4258.5096      2894.9680          11313.2433       290.6942      8418.2753     11334.2384       296.7946

PRESSURE: 3000 0 0 0 0 0 0 0 0 0
GPRESSURE: 3000 0 0 0 0 0 0 0 0 0
PRESSAVG: 3000 0 0 0 0 0 0 0 0 0
GPRESSAVG: 3000 0 0 0 0 0 0 0 0 0
TIMING: 3000  CPU: 1.79581, 0.000575543/step  Wall: 1.81261, 0.000579051/step, 0.000321695 hours remaining, 827.562500 MB of memory in use.
ETITLE:      TS           BOND          ANGLE          DIHED          IMPRP               ELECT            VDW       BOUNDARY           MISC        KINETIC               TOTAL           TEMP      POTENTIAL         TOTAL3        TEMPAVG

ENERGY:    3000      1103.9925      1675.0571      2095.9850       158.5859            -40.1263      -839.9593         0.0000      4260.8295      2999.9049          11414.2694       301.2313      8414.3645     11437.6774       298.8921

WRITING EXTENDED SYSTEM TO RESTART FILE AT STEP 3000
WRITING VELOCITIES TO RESTART FILE AT STEP 3000
FINISHED WRITING RESTART VELOCITIES
The last velocity output (seq=3000) takes 0.002 seconds, 827.562 MB of memory in use
WRITING COORDINATES TO DCD FILE adk-step1.dcd AT STEP 3000
WRITING COORDINATES TO RESTART FILE AT STEP 3000
FINISHED WRITING RESTART COORDINATES
The last position output (seq=3000) takes 0.002 seconds, 827.562 MB of memory in use
PRESSURE: 3100 0 0 0 0 0 0 0 0 0
GPRESSURE: 3100 0 0 0 0 0 0 0 0 0
PRESSAVG: 3100 0 0 0 0 0 0 0 0 0
GPRESSAVG: 3100 0 0 0 0 0 0 0 0 0
ENERGY:    3100      1106.8395      1674.5367      2051.3910       152.7291            -39.4307      -804.2236         0.0000      4258.0918      2986.3543          11386.2881       299.8707      8399.9338     11411.3897       297.7718

PRESSURE: 3200 0 0 0 0 0 0 0 0 0
GPRESSURE: 3200 0 0 0 0 0 0 0 0 0
PRESSAVG: 3200 0 0 0 0 0 0 0 0 0
GPRESSAVG: 3200 0 0 0 0 0 0 0 0 0
ENERGY:    3200      1095.7494      1644.5870      2077.3125       140.0712            -39.6800      -766.9028         0.0000      4258.6533      2928.0016          11337.7922       294.0113      8409.7906     11361.1612       296.8246

PRESSURE: 3300 0 0 0 0 0 0 0 0 0
GPRESSURE: 3300 0 0 0 0 0 0 0 0 0
PRESSAVG: 3300 0 0 0 0 0 0 0 0 0
GPRESSAVG: 3300 0 0 0 0 0 0 0 0 0
ENERGY:    3300      1079.9156      1692.5958      2078.8938       145.7066            -39.8502      -837.5592         0.0000      4260.8416      2976.3647          11356.9088       298.8676      8380.5440     11381.4597       295.9670

PRESSURE: 3400 0 0 0 0 0 0 0 0 0
GPRESSURE: 3400 0 0 0 0 0 0 0 0 0
PRESSAVG: 3400 0 0 0 0 0 0 0 0 0
GPRESSAVG: 3400 0 0 0 0 0 0 0 0 0
ENERGY:    3400      1090.5626      1720.1530      2088.5822       150.6142            -40.4411      -818.8621         0.0000      4253.5801      2936.5535          11380.7424       294.8700      8444.1889     11400.6298       295.7894

PRESSURE: 3500 0 0 0 0 0 0 0 0 0
GPRESSURE: 3500 0 0 0 0 0 0 0 0 0
PRESSAVG: 3500 0 0 0 0 0 0 0 0 0
GPRESSAVG: 3500 0 0 0 0 0 0 0 0 0
ENERGY:    3500      1088.8770      1674.5568      2065.8151       165.8370            -40.0711      -827.5076         0.0000      4255.2682      3028.8863          11411.6617       304.1415      8382.7755     11436.3529       298.0659

PRESSURE: 3600 0 0 0 0 0 0 0 0 0
GPRESSURE: 3600 0 0 0 0 0 0 0 0 0
PRESSAVG: 3600 0 0 0 0 0 0 0 0 0
GPRESSAVG: 3600 0 0 0 0 0 0 0 0 0
ENERGY:    3600      1143.9118      1678.2631      2052.5736       167.2164            -39.3580      -817.1529         0.0000      4249.3668      2988.8101          11423.6308       300.1173      8434.8207     11451.5321       300.0011

PRESSURE: 3700 0 0 0 0 0 0 0 0 0
GPRESSURE: 3700 0 0 0 0 0 0 0 0 0
PRESSAVG: 3700 0 0 0 0 0 0 0 0 0
GPRESSAVG: 3700 0 0 0 0 0 0 0 0 0
ENERGY:    3700      1106.7560      1687.5657      2045.7974       141.6992            -40.3942      -807.0467         0.0000      4247.3030      3008.8132          11390.4936       302.1258      8381.6803     11411.9852       299.3874

PRESSURE: 3800 0 0 0 0 0 0 0 0 0
GPRESSURE: 3800 0 0 0 0 0 0 0 0 0
PRESSAVG: 3800 0 0 0 0 0 0 0 0 0
GPRESSAVG: 3800 0 0 0 0 0 0 0 0 0
ENERGY:    3800      1121.0882      1684.0598      2073.4583       155.6467            -40.6479      -804.9626         0.0000      4245.9584      2941.8242          11376.4251       295.3992      8434.6009     11395.7775       297.7244

PRESSURE: 3900 0 0 0 0 0 0 0 0 0
GPRESSURE: 3900 0 0 0 0 0 0 0 0 0
PRESSAVG: 3900 0 0 0 0 0 0 0 0 0
GPRESSAVG: 3900 0 0 0 0 0 0 0 0 0
ENERGY:    3900      1130.8767      1691.2361      2068.5093       146.3432            -40.5885      -803.3153         0.0000      4251.4241      2976.9418          11421.4274       298.9255      8444.4856     11445.8492       297.9286

PRESSURE: 4000 0 0 0 0 0 0 0 0 0
GPRESSURE: 4000 0 0 0 0 0 0 0 0 0
PRESSAVG: 4000 0 0 0 0 0 0 0 0 0
GPRESSAVG: 4000 0 0 0 0 0 0 0 0 0
TIMING: 4000  CPU: 2.37242, 0.000576606/step  Wall: 2.39404, 0.000581432/step, 0.000161509 hours remaining, 831.375000 MB of memory in use.
ETITLE:      TS           BOND          ANGLE          DIHED          IMPRP               ELECT            VDW       BOUNDARY           MISC        KINETIC               TOTAL           TEMP      POTENTIAL         TOTAL3        TEMPAVG

ENERGY:    4000      1092.1476      1704.0933      2076.1705       166.2587            -40.0650      -813.3471         0.0000      4250.4591      3033.6658          11469.3828       304.6214      8435.7170     11492.8036       301.5307

WRITING EXTENDED SYSTEM TO RESTART FILE AT STEP 4000
WRITING VELOCITIES TO RESTART FILE AT STEP 4000
FINISHED WRITING RESTART VELOCITIES
The last velocity output (seq=4000) takes 0.002 seconds, 831.375 MB of memory in use
WRITING COORDINATES TO DCD FILE adk-step1.dcd AT STEP 4000
WRITING COORDINATES TO RESTART FILE AT STEP 4000
FINISHED WRITING RESTART COORDINATES
The last position output (seq=4000) takes 0.002 seconds, 831.375 MB of memory in use
PRESSURE: 4100 0 0 0 0 0 0 0 0 0
GPRESSURE: 4100 0 0 0 0 0 0 0 0 0
PRESSAVG: 4100 0 0 0 0 0 0 0 0 0
GPRESSAVG: 4100 0 0 0 0 0 0 0 0 0
ENERGY:    4100      1114.8842      1726.7097      2088.3568       143.4628            -40.1881      -784.7569         0.0000      4245.0774      2981.2054          11474.7513       299.3537      8493.5458     11498.7572       301.7614

PRESSURE: 4200 0 0 0 0 0 0 0 0 0
GPRESSURE: 4200 0 0 0 0 0 0 0 0 0
PRESSAVG: 4200 0 0 0 0 0 0 0 0 0
GPRESSAVG: 4200 0 0 0 0 0 0 0 0 0
ENERGY:    4200      1113.5499      1700.2637      2092.6066       162.5902            -41.1176      -818.7438         0.0000      4241.9440      2990.7838          11441.8769       300.3154      8451.0931     11461.2296       301.1532

LDB: ============= START OF LOAD BALANCING ============== 4.78995
LDB: ============== END OF LOAD BALANCING =============== 4.79001
Info: useSync: 0 useProxySync: 0
LDB: =============== DONE WITH MIGRATION ================ 4.79012
PRESSURE: 4300 0 0 0 0 0 0 0 0 0
GPRESSURE: 4300 0 0 0 0 0 0 0 0 0
PRESSAVG: 4300 0 0 0 0 0 0 0 0 0
GPRESSAVG: 4300 0 0 0 0 0 0 0 0 0
ENERGY:    4300      1117.6698      1710.6974      2062.8775       146.6577            -40.4385      -775.9190         0.0000      4230.7848      3031.3490          11483.6787       304.3887      8452.3297     11511.5644       302.9780

LDB: ============= START OF LOAD BALANCING ============== 4.84788
LDB: TIME 4.84808 LOAD: AVG 0.0140293 MAX 0.0461568  PROXIES: TOTAL 174 MAXPE 7 MAXPATCH 7 None MEM: 831.375 MB
LDB: TIME 4.84825 LOAD: AVG 0.0140293 MAX 0.0461568  PROXIES: TOTAL 174 MAXPE 7 MAXPATCH 7 RefineTorusLB MEM: 831.438 MB
LDB: TIME 4.84835 LOAD: AVG 0.0140293 MAX 0.0461568  PROXIES: TOTAL 174 MAXPE 7 MAXPATCH 7 RefineTorusLB MEM: 831.438 MB
LDB: Reverting to original mapping
LDB: ============== END OF LOAD BALANCING =============== 4.84853
Info: build node-aware spanning tree with send: 1, recv: 0 with branch factor 4
Info: useSync: 0 useProxySync: 0
LDB: =============== DONE WITH MIGRATION ================ 4.84928
PRESSURE: 4400 0 0 0 0 0 0 0 0 0
GPRESSURE: 4400 0 0 0 0 0 0 0 0 0
PRESSAVG: 4400 0 0 0 0 0 0 0 0 0
GPRESSAVG: 4400 0 0 0 0 0 0 0 0 0
ENERGY:    4400      1126.8751      1678.6859      2087.2210       140.8421            -40.5076      -833.8948         0.0000      4226.0852      3020.9904          11406.2971       303.3486      8385.3067     11431.5213       301.3026

PRESSURE: 4500 0 0 0 0 0 0 0 0 0
GPRESSURE: 4500 0 0 0 0 0 0 0 0 0
PRESSAVG: 4500 0 0 0 0 0 0 0 0 0
GPRESSAVG: 4500 0 0 0 0 0 0 0 0 0
ENERGY:    4500      1095.0057      1715.5990      2072.1113       155.6410            -39.2750      -824.1419         0.0000      4221.5967      2952.6763          11349.2131       296.4889      8396.5368     11376.8224       299.6612

PRESSURE: 4600 0 0 0 0 0 0 0 0 0
GPRESSURE: 4600 0 0 0 0 0 0 0 0 0
PRESSAVG: 4600 0 0 0 0 0 0 0 0 0
GPRESSAVG: 4600 0 0 0 0 0 0 0 0 0
ENERGY:    4600      1098.4249      1738.9656      2071.9346       159.0062            -38.7453      -805.2043         0.0000      4222.3067      2927.5070          11374.1955       293.9616      8446.6885     11398.5237       298.7145

PRESSURE: 4700 0 0 0 0 0 0 0 0 0
GPRESSURE: 4700 0 0 0 0 0 0 0 0 0
PRESSAVG: 4700 0 0 0 0 0 0 0 0 0
GPRESSAVG: 4700 0 0 0 0 0 0 0 0 0
ENERGY:    4700      1112.4900      1706.7274      2082.7784       152.2562            -39.6588      -789.2724         0.0000      4226.2127      2957.1189          11408.6523       296.9350      8451.5335     11436.0341       300.5201

PRESSURE: 4800 0 0 0 0 0 0 0 0 0
GPRESSURE: 4800 0 0 0 0 0 0 0 0 0
PRESSAVG: 4800 0 0 0 0 0 0 0 0 0
GPRESSAVG: 4800 0 0 0 0 0 0 0 0 0
ENERGY:    4800      1099.4592      1686.6216      2049.1973       146.8965            -39.3700      -786.1938         0.0000      4225.6618      3023.9438          11406.2163       303.6452      8382.2725     11431.6540       300.9900

PRESSURE: 4900 0 0 0 0 0 0 0 0 0
GPRESSURE: 4900 0 0 0 0 0 0 0 0 0
PRESSAVG: 4900 0 0 0 0 0 0 0 0 0
GPRESSAVG: 4900 0 0 0 0 0 0 0 0 0
ENERGY:    4900      1094.5324      1696.6891      2082.4794       149.1807            -38.7387      -761.2914         0.0000      4227.9022      2997.9105          11448.6641       301.0311      8450.7536     11472.5967       302.7893

PRESSURE: 5000 0 0 0 0 0 0 0 0 0
GPRESSURE: 5000 0 0 0 0 0 0 0 0 0
PRESSAVG: 5000 0 0 0 0 0 0 0 0 0
GPRESSAVG: 5000 0 0 0 0 0 0 0 0 0
TIMING: 5000  CPU: 2.9468, 0.000574385/step  Wall: 2.97551, 0.000581476/step, 0 hours remaining, 831.437500 MB of memory in use.
ETITLE:      TS           BOND          ANGLE          DIHED          IMPRP               ELECT            VDW       BOUNDARY           MISC        KINETIC               TOTAL           TEMP      POTENTIAL         TOTAL3        TEMPAVG

ENERGY:    5000      1116.0148      1717.2693      2090.7917       152.2416            -39.2345      -769.8542         0.0000      4218.0130      2906.2380          11391.4798       291.8259      8485.2418     11418.8314       300.3072

WRITING EXTENDED SYSTEM TO RESTART FILE AT STEP 5000
WRITING VELOCITIES TO RESTART FILE AT STEP 5000
FINISHED WRITING RESTART VELOCITIES
The last velocity output (seq=5000) takes 0.002 seconds, 832.062 MB of memory in use
WRITING COORDINATES TO DCD FILE adk-step1.dcd AT STEP 5000
WRITING COORDINATES TO RESTART FILE AT STEP 5000
FINISHED WRITING RESTART COORDINATES
The last position output (seq=5000) takes 0.002 seconds, 832.062 MB of memory in use
WRITING EXTENDED SYSTEM TO OUTPUT FILE AT STEP 5000
WRITING COORDINATES TO OUTPUT FILE AT STEP 5000
CLOSING COORDINATE DCD FILE adk-step1.dcd
The last position output (seq=-2) takes 0.004 seconds, 832.062 MB of memory in use
WRITING VELOCITIES TO OUTPUT FILE AT STEP 5000
====================================================

WallClock: 5.204682  CPUTime: 3.851384  Memory: 832.125000 MB
End of program
