0_14_cc.dat
/gpfs/alpine/bip115/scratch/hrlee/radical.pilot.sandbox/re.session.login2.hrlee.018634.0000/pilot.0000/staging_area/0_14_cc.dat
0, 14
Choosing optimized barrier algorithm name I0:HybridBinomial:SHMEM:P2P
Converse/Charm++ Commit ID: v6.10.2-0-g7bf00fa-namd-charm-6.10.2-build-2020-Aug-05-556
Warning> Randomization of virtual memory (ASLR) is turned on in the kernel, thread migration may not work! Run 'echo 0 > /proc/sys/kernel/randomize_va_space' as root to disable it, or try running with '+isomalloc_sync'.
CharmLB> Load balancer assumes all CPUs are same.
Charm++> Running on 1 hosts (1 sockets x 7 cores x 4 PUs = 28-way SMP)
Charm++> cpu topology info is gathered in 0.002 seconds.
Info: Built with CUDA version 10010
Did not find +devices i,j,k,... argument, using all
Pe 2 physical rank 2 will use CUDA device of pe 4
Pe 24 physical rank 24 will use CUDA device of pe 21
Pe 32 physical rank 32 will use CUDA device of pe 28
Pe 16 physical rank 16 will use CUDA device of pe 14
Pe 38 physical rank 38 will use CUDA device of pe 35
Pe 10 physical rank 10 will use CUDA device of pe 7
Pe 6 physical rank 6 will use CUDA device of pe 4
Pe 27 physical rank 27 will use CUDA device of pe 21
Pe 31 physical rank 31 will use CUDA device of pe 28
Pe 17 physical rank 17 will use CUDA device of pe 14
Pe 37 physical rank 37 will use CUDA device of pe 35
Pe 9 physical rank 9 will use CUDA device of pe 7
Pe 3 physical rank 3 will use CUDA device of pe 4
Pe 26 physical rank 26 will use CUDA device of pe 21
Pe 34 physical rank 34 will use CUDA device of pe 28
Pe 19 physical rank 19 will use CUDA device of pe 14
Pe 40 physical rank 40 will use CUDA device of pe 35
Pe 12 physical rank 12 will use CUDA device of pe 7
Pe 23 physical rank 23 will use CUDA device of pe 21
Pe 33 physical rank 33 will use CUDA device of pe 28
Pe 20 physical rank 20 will use CUDA device of pe 14
Pe 41 physical rank 41 will use CUDA device of pe 35
Pe 11 physical rank 11 will use CUDA device of pe 7
Pe 1 physical rank 1 will use CUDA device of pe 4
Pe 25 physical rank 25 will use CUDA device of pe 21
Pe 30 physical rank 30 will use CUDA device of pe 28
Pe 18 physical rank 18 will use CUDA device of pe 14
Pe 39 physical rank 39 will use CUDA device of pe 35
Pe 13 physical rank 13 will use CUDA device of pe 7
Pe 5 physical rank 5 will use CUDA device of pe 4
Pe 22 physical rank 22 will use CUDA device of pe 21
Pe 29 physical rank 29 will use CUDA device of pe 28
Pe 15 physical rank 15 will use CUDA device of pe 14
Pe 36 physical rank 36 will use CUDA device of pe 35
Pe 8 physical rank 8 will use CUDA device of pe 7
Pe 0 physical rank 0 will use CUDA device of pe 4
Pe 4 physical rank 4 binding to CUDA device 0 on h14n11: 'Tesla V100-SXM2-16GB'  Mem: 16128MB  Rev: 7.0  PCI: 4:4:0
Pe 21 physical rank 21 binding to CUDA device 0 on h14n11: 'Tesla V100-SXM2-16GB'  Mem: 16128MB  Rev: 7.0  PCI: 35:3:0
Pe 28 physical rank 28 binding to CUDA device 0 on h14n11: 'Tesla V100-SXM2-16GB'  Mem: 16128MB  Rev: 7.0  PCI: 35:4:0
Pe 14 physical rank 14 binding to CUDA device 0 on h14n11: 'Tesla V100-SXM2-16GB'  Mem: 16128MB  Rev: 7.0  PCI: 4:6:0
Pe 35 physical rank 35 binding to CUDA device 0 on h14n11: 'Tesla V100-SXM2-16GB'  Mem: 16128MB  Rev: 7.0  PCI: 35:5:0
Pe 7 physical rank 7 binding to CUDA device 0 on h14n11: 'Tesla V100-SXM2-16GB'  Mem: 16128MB  Rev: 7.0  PCI: 4:5:0
Info: NAMD 2.14 for Linux-POWER-pami-smp-Summit-CUDA
Info: 
Info: Please visit http://www.ks.uiuc.edu/Research/namd/
Info: for updates, documentation, and support information.
Info: 
Info: Please cite Phillips et al., J. Chem. Phys. 153:044130 (2020) doi:10.1063/5.0014475
Info: in all publications reporting results obtained with NAMD.
Info: 
Info: Based on Charm++/Converse 61002 for pami-linux-ppc64le-smp
Info: Built Wed Aug 5 14:28:51 EDT 2020 by jimp on login2
Info: 1 NAMD  2.14  Linux-POWER-pami-smp-Summit-CUDA  42    h14n11  hrlee
Info: Running on 42 processors, 6 nodes, 1 physical nodes.
Info: CPU topology information available.
Info: Charm++/Converse parallel runtime startup completed at 1.39333 s
CkLoopLib is used in SMP with simple dynamic scheduling (converse-level notification)
Info: 791.625 MB of memory in use based on /proc/self/stat
Info: Configuration file is adk-step1.namd
Info: Working in the current directory /gpfs/alpine/bip115/scratch/hrlee/radical.pilot.sandbox/re.session.login2.hrlee.018634.0000/pilot.0000/unit.000979
TCL: Suspending until startup complete.
Info: SIMULATION PARAMETERS:
Info: TIMESTEP               1
Info: NUMBER OF STEPS        0
Info: STEPS PER CYCLE        20
Info: LOAD BALANCER  Centralized
Info: LOAD BALANCING STRATEGY  New Load Balancers -- DEFAULT
Info: LDB PERIOD             4000 steps
Info: FIRST LDB TIMESTEP     100
Info: LAST LDB TIMESTEP     -1
Info: LDB BACKGROUND SCALING 1
Info: HOM BACKGROUND SCALING 1
Info: MIN ATOMS PER PATCH    40
Info: VELOCITY FILE          0_14_adk-step1.restart.vel
Info: CENTER OF MASS MOVING INITIALLY? NO
Info: DIELECTRIC             80
Info: EXCLUDE                SCALED ONE-FOUR
Info: 1-4 ELECTROSTATICS SCALED BY 1
Info: MODIFIED 1-4 VDW PARAMETERS WILL BE USED
Info: DCD FILENAME           adk-step1.dcd
Info: DCD FREQUENCY          1000
Info: DCD FIRST STEP         1000
Info: NO EXTENDED SYSTEM TRAJECTORY OUTPUT
Info: NO VELOCITY DCD OUTPUT
Info: NO FORCE DCD OUTPUT
Info: OUTPUT FILENAME        adk-step1
Info: BINARY OUTPUT FILES WILL BE USED
Info: RESTART FILENAME       adk-step1.restart
Info: RESTART FREQUENCY      1000
Info: BINARY RESTART FILES WILL BE USED
Info: SWITCHING ACTIVE
Info: SWITCHING ON           9
Info: SWITCHING OFF          10
Info: PAIRLIST DISTANCE      11
Info: PAIRLIST SHRINK RATE   0.01
Info: PAIRLIST GROW RATE     0.01
Info: PAIRLIST TRIGGER       0.3
Info: PAIRLISTS PER CYCLE    2
Info: PAIRLISTS ENABLED
Info: MARGIN                 0
Info: HYDROGEN GROUP CUTOFF  2.5
Info: PATCH DIMENSION        13.5
Info: ENERGY OUTPUT STEPS    100
Info: CROSSTERM ENERGY INCLUDED IN DIHEDRAL
Info: TIMING OUTPUT STEPS    1000
Info: PRESSURE OUTPUT STEPS  100
Info: GRID FORCE ACTIVE
Info:  Please include this reference in published work using
Info:  the Gridforce module of NAMD: David Wells, Volha Abramkina,
Info:  and Aleksei Aksimentiev, J. Chem. Phys. 127:125101-10 (2007).
Info: MGRIDFORCE key 0
Info:            Potfile 4ake-target_autopsf-grid.dx
Info:            Scale 0.3 0.3 0.3
Info:            File 1ake-docked-noh_autopsf-grid.pdb
Info:            Col O
Info:            ChargeCol B
Info:            VOffset 0 0 0
Info:            Continuous K1 FALSE
Info:            Continuous K2 FALSE
Info:            Continuous K3 FALSE
Info:            Volts FALSE
Info:            Gridforce-Lite FALSE
Info:            Gridforce-CheckSize TRUE
Info: LANGEVIN DYNAMICS ACTIVE
Info: LANGEVIN TEMPERATURE   300
Info: LANGEVIN USING BBK INTEGRATOR
Info: LANGEVIN DAMPING COEFFICIENT IS 5 INVERSE PS
Info: LANGEVIN DYNAMICS NOT APPLIED TO HYDROGENS
Info: USING VERLET I (r-RESPA) MTS SCHEME.
Info: C1 SPLITTING OF LONG RANGE ELECTROSTATICS
Info: PLACING ATOMS IN PATCHES BY HYDROGEN GROUPS
Info: RIGID BONDS TO HYDROGEN : WATER
Info:         ERROR TOLERANCE : 1e-08
Info:          MAX ITERATIONS : 100
Info: RIGID WATER USING SETTLE ALGORITHM
Info: NONBONDED FORCES EVALUATED EVERY 2 STEPS
Info: RANDOM NUMBER SEED     1609984650
Info: USE HYDROGEN BONDS?    NO
Info: COORDINATE PDB         1ake-docked-noh_autopsf.pdb
Info: STRUCTURE FILE         1ake-docked-noh_autopsf.psf
Info: PARAMETER file: CHARMM format! 
Info: PARAMETERS             par_all36_prot.prm
Info: USING ARITHMETIC MEAN TO COMBINE L-J SIGMA PARAMETERS
Info: BINARY COORDINATES     0_14_adk-step1.restart.coor
Info: SUMMARY OF PARAMETERS:
Info: 132 BONDS
Info: 362 ANGLES
Info: 702 DIHEDRAL
Info: 35 IMPROPER
Info: 6 CROSSTERM
Info: 53 VDW
Info: 0 VDW_PAIRS
Info: 0 NBTHOLE_PAIRS
Info: TIME FOR READING PSF FILE: 0.371589
Info: READING EXTRA BONDS FILE 1ake-extrabonds.txt
Info: READING EXTRA BONDS FILE 1ake-extrabonds-cispeptide.txt
Info: READING EXTRA BONDS FILE 1ake-extrabonds-chirality.txt
Info: READ 80 EXTRA BONDS
Info: READ 80 EXTRA ANGLES
Warning: EXTRA ANGLES ARE COSINE-BASED BY DEFAULT TO MATCH PREVIOUS VERSIONS
Warning: FOR NORMAL HARMONIC EXTRA ANGLES SET extraBondsCosAngles off
Info: READ 493 EXTRA DIHEDRALS
Info: READ 438 EXTRA IMPROPERS
Info: Reading pdb file 1ake-docked-noh_autopsf.pdb
Info: TIME FOR READING PDB FILE: 0.0632885
Info: 
Info: ****************************
Info: STRUCTURE SUMMARY:
Info: 3341 ATOMS
Info: 3445 BONDS
Info: 6203 ANGLES
Info: 9414 DIHEDRALS
Info: 1005 IMPROPERS
Info: 212 CROSSTERMS
Info: 0 EXCLUSIONS
Info: 0 RIGID BONDS
Info: 1 GRIDS ACTIVE
Info: 10023 DEGREES OF FREEDOM
Info: 1656 HYDROGEN GROUPS
Info: 4 ATOMS IN LARGEST HYDROGEN GROUP
Info: 1656 MIGRATION GROUPS
Info: 4 ATOMS IN LARGEST MIGRATION GROUP
Info: TOTAL MASS = 23582 amu
Info: TOTAL CHARGE = -4 e
Info: *****************************
Info: Reading from binary file 0_14_adk-step1.restart.coor
Info: 
Info: Entering startup at 2.35191 s, 799.562 MB of memory in use
Info: Startup phase 0 took 0.000227669 s, 799.688 MB of memory in use
Info: ADDED 18308 IMPLICIT EXCLUSIONS
Info: Startup phase 1 took 0.00841997 s, 799.812 MB of memory in use
Info: NONBONDED TABLE R-SQUARED SPACING: 0.0625
Info: NONBONDED TABLE SIZE: 705 POINTS
Info: ABSOLUTE IMPRECISION IN FAST TABLE ENERGY: 3.38813e-21 AT 9.89634
Info: RELATIVE IMPRECISION IN FAST TABLE ENERGY: 4.23384e-15 AT 9.94673
Info: ABSOLUTE IMPRECISION IN FAST TABLE FORCE: 6.35275e-22 AT 9.94673
Info: RELATIVE IMPRECISION IN FAST TABLE FORCE: 5.07982e-16 AT 9.94673
Info: INCONSISTENCY IN FAST TABLE ENERGY VS FORCE: 0.000290185 AT 0.251946
Info: ABSOLUTE IMPRECISION IN VDWA TABLE ENERGY: 1.57772e-30 AT 9.89634
Info: RELATIVE IMPRECISION IN VDWA TABLE ENERGY: 4.54938e-15 AT 9.94673
Info: ABSOLUTE IMPRECISION IN VDWA TABLE FORCE: 5.91646e-31 AT 9.94673
Info: RELATIVE IMPRECISION IN VDWA TABLE FORCE: 5.6823e-16 AT 9.94673
Info: INCONSISTENCY IN VDWA TABLE ENERGY VS FORCE: 0.0040507 AT 0.251946
Info: ABSOLUTE IMPRECISION IN VDWB TABLE ENERGY: 4.71751e-25 AT 9.94673
Info: RELATIVE IMPRECISION IN VDWB TABLE ENERGY: 1.45371e-14 AT 9.94673
Info: ABSOLUTE IMPRECISION IN VDWB TABLE FORCE: 6.20385e-25 AT 9.94673
Info: RELATIVE IMPRECISION IN VDWB TABLE FORCE: 5.97512e-16 AT 9.94673
Info: INCONSISTENCY IN VDWB TABLE ENERGY VS FORCE: 0.00377068 AT 9.07951
Info: Startup phase 2 took 0.000555027 s, 800.812 MB of memory in use
Info: Startup phase 3 took 0.000199487 s, 800.875 MB of memory in use
Info: Startup phase 4 took 0.000329647 s, 801 MB of memory in use
Info: Startup phase 5 took 0.000185055 s, 801 MB of memory in use
Info: ORIGINAL ATOMS MINMAX IS -20.8167 -33.1872 -38.2037  17.0863 24.3777 16.2685
Info: ADJUSTED ATOMS MINMAX IS -15.6865 -28.1894 -33.0845  11.4393 15.6931 8.94653
Info: PATCH GRID IS 3 BY 4 BY 4
Info: PATCH GRID IS 1-AWAY BY 1-AWAY BY 1-AWAY
Info: Reading from binary file 0_14_adk-step1.restart.vel
Info: REMOVING COM VELOCITY -0.106905 -0.074974 0.0697434
Info: LARGEST PATCH (16) HAS 232 ATOMS
Info: TORUS A SIZE 1 USING 0
Info: TORUS B SIZE 1 USING 0
Info: TORUS C SIZE 1 USING 0
Info: TORUS MINIMAL MESH SIZE IS 1 BY 1 BY 1
Info: Placed 100% of base nodes on same physical node as patch
Info: Startup phase 6 took 0.00842947 s, 801.062 MB of memory in use
Info: Startup phase 7 took 0.000194685 s, 801.875 MB of memory in use
Info: Updated CUDA force table with 4096 elements.
Info: Updated CUDA LJ table with 53 x 53 elements.
Info: Updated CUDA force table with 4096 elements.
Info: Updated CUDA force table with 4096 elements.
Info: Updated CUDA LJ table with 53 x 53 elements.
Info: Updated CUDA LJ table with 53 x 53 elements.
Info: Updated CUDA force table with 4096 elements.
Info: Updated CUDA force table with 4096 elements.
Info: Updated CUDA LJ table with 53 x 53 elements.
Info: Updated CUDA LJ table with 53 x 53 elements.
Info: Updated CUDA force table with 4096 elements.
Info: Updated CUDA LJ table with 53 x 53 elements.
Info: Startup phase 8 took 0.00328529 s, 802.125 MB of memory in use
Info: Startup phase 9 took 0.000353281 s, 802.312 MB of memory in use
Info: Startup phase 10 took 0.000196651 s, 802.438 MB of memory in use
Info: Startup phase 11 took 0.000985217 s, 802.688 MB of memory in use
LDB: Central LB being created...
Info: Startup phase 12 took 0.00229693 s, 803.625 MB of memory in use
Info: CREATING 1046 COMPUTE OBJECTS
Info: Found 278 unique exclusion lists needing 900 bytes
Info: Found 278 unique exclusion lists needing 900 bytes
Info: Found 278 unique exclusion lists needing 900 bytes
Info: Found 278 unique exclusion lists needing 900 bytes
Info: Found 278 unique exclusion lists needing 900 bytes
Info: Found 278 unique exclusion lists needing 900 bytes
Info: Startup phase 13 took 0.0157125 s, 804.5 MB of memory in use
Info: Building spanning tree ... send: 1 recv: 0 with branch factor 4
Info: useSync: 0 useProxySync: 0
Info: Startup phase 14 took 0.000250676 s, 804.75 MB of memory in use
Info: Startup phase 15 took 0.00022916 s, 804.75 MB of memory in use
Info: Finished startup at 2.39376 s, 804.875 MB of memory in use

TCL: Running for 5000 steps
PRESSURE: 0 0 0 0 0 0 0 0 0 0
GPRESSURE: 0 0 0 0 0 0 0 0 0 0
ETITLE:      TS           BOND          ANGLE          DIHED          IMPRP               ELECT            VDW       BOUNDARY           MISC        KINETIC               TOTAL           TEMP      POTENTIAL         TOTAL3        TEMPAVG

ENERGY:       0      1059.2133      1693.0249      2085.2601       147.0837            -43.9006      -838.4106         0.0000      2375.0353      2972.1648           9449.4709       298.4459      6477.3060      9472.6901       298.4459

LDB: ============= START OF LOAD BALANCING ============== 2.41035
LDB: ============== END OF LOAD BALANCING =============== 2.4104
Info: useSync: 0 useProxySync: 0
LDB: =============== DONE WITH MIGRATION ================ 2.4105
LDB: ============= START OF LOAD BALANCING ============== 2.46621
LDB: Partitioning computes with target load 0.000000
LDB: Increased migratable compute count from 0 to 0
LDB: Largest unpartitionable compute is 0.000000
LDB: ============== END OF LOAD BALANCING =============== 2.46652
Info: build node-aware spanning tree with send: 1, recv: 0 with branch factor 4
Info: useSync: 0 useProxySync: 0
LDB: =============== DONE WITH MIGRATION ================ 2.46733
PRESSURE: 100 0 0 0 0 0 0 0 0 0
GPRESSURE: 100 0 0 0 0 0 0 0 0 0
PRESSAVG: 100 0 0 0 0 0 0 0 0 0
GPRESSAVG: 100 0 0 0 0 0 0 0 0 0
Info: Initial time: 42 CPUs 0.000700979 s/step 0.00811318 days/ns 820.25 MB memory
ENERGY:     100      1080.8518      1670.7858      2110.7331       152.0025            -43.9108      -819.5278         0.0000      2372.5092      2955.9113           9479.3549       296.8138      6523.4437      9502.1990       295.0796

LDB: ============= START OF LOAD BALANCING ============== 2.48171
LDB: ============== END OF LOAD BALANCING =============== 2.48174
Info: useSync: 0 useProxySync: 0
LDB: =============== DONE WITH MIGRATION ================ 2.48184
LDB: ============= START OF LOAD BALANCING ============== 2.53728
LDB: TIME 2.53749 LOAD: AVG 0.0132806 MAX 0.038817  PROXIES: TOTAL 185 MAXPE 10 MAXPATCH 7 None MEM: 820.562 MB
LDB: TIME 2.53769 LOAD: AVG 0.0132806 MAX 0.038817  PROXIES: TOTAL 185 MAXPE 10 MAXPATCH 7 TorusLB MEM: 820.625 MB
LDB: ============== END OF LOAD BALANCING =============== 2.53792
Info: build node-aware spanning tree with send: 1, recv: 0 with branch factor 4
Info: useSync: 0 useProxySync: 0
LDB: =============== DONE WITH MIGRATION ================ 2.53866
PRESSURE: 200 0 0 0 0 0 0 0 0 0
GPRESSURE: 200 0 0 0 0 0 0 0 0 0
PRESSAVG: 200 0 0 0 0 0 0 0 0 0
GPRESSAVG: 200 0 0 0 0 0 0 0 0 0
Info: Initial time: 42 CPUs 0.000693953 s/step 0.00803186 days/ns 820.625 MB memory
ENERGY:     200      1067.3635      1705.3783      2090.4040       145.3945            -43.1507      -794.8079         0.0000      2365.7410      2912.5892           9448.9119       292.4636      6536.3228      9472.0414       294.7731

LDB: ============= START OF LOAD BALANCING ============== 2.60803
LDB: TIME 2.60826 LOAD: AVG 0.0165756 MAX 0.0483739  PROXIES: TOTAL 185 MAXPE 10 MAXPATCH 7 None MEM: 821.75 MB
LDB: TIME 2.60844 LOAD: AVG 0.0165756 MAX 0.0483739  PROXIES: TOTAL 185 MAXPE 10 MAXPATCH 7 RefineTorusLB MEM: 821.875 MB
LDB: TIME 2.60859 LOAD: AVG 0.0165756 MAX 0.0483739  PROXIES: TOTAL 185 MAXPE 10 MAXPATCH 7 RefineTorusLB MEM: 821.875 MB
LDB: ============== END OF LOAD BALANCING =============== 2.60882
Info: build node-aware spanning tree with send: 1, recv: 0 with branch factor 4
Info: useSync: 0 useProxySync: 0
LDB: =============== DONE WITH MIGRATION ================ 2.60953
PRESSURE: 300 0 0 0 0 0 0 0 0 0
GPRESSURE: 300 0 0 0 0 0 0 0 0 0
PRESSAVG: 300 0 0 0 0 0 0 0 0 0
GPRESSAVG: 300 0 0 0 0 0 0 0 0 0
Info: Initial time: 42 CPUs 0.000691206 s/step 0.00800007 days/ns 821.875 MB memory
ENERGY:     300      1100.9571      1672.1692      2104.2331       152.0104            -43.1226      -793.0469         0.0000      2371.7851      2948.6914           9513.6767       296.0888      6564.9853      9541.8513       296.5490

LDB: ============= START OF LOAD BALANCING ============== 2.67869
LDB: TIME 2.67889 LOAD: AVG 0.0165933 MAX 0.0479668  PROXIES: TOTAL 185 MAXPE 10 MAXPATCH 7 None MEM: 822.812 MB
LDB: TIME 2.67902 LOAD: AVG 0.0165933 MAX 0.0479668  PROXIES: TOTAL 185 MAXPE 10 MAXPATCH 7 RefineTorusLB MEM: 822.812 MB
LDB: TIME 2.67916 LOAD: AVG 0.0165933 MAX 0.0479668  PROXIES: TOTAL 185 MAXPE 10 MAXPATCH 7 RefineTorusLB MEM: 822.812 MB
LDB: Reverting to original mapping
LDB: ============== END OF LOAD BALANCING =============== 2.67939
Info: build node-aware spanning tree with send: 1, recv: 0 with branch factor 4
Info: useSync: 0 useProxySync: 0
LDB: =============== DONE WITH MIGRATION ================ 2.6801
PRESSURE: 400 0 0 0 0 0 0 0 0 0
GPRESSURE: 400 0 0 0 0 0 0 0 0 0
PRESSAVG: 400 0 0 0 0 0 0 0 0 0
GPRESSAVG: 400 0 0 0 0 0 0 0 0 0
Info: Benchmark time: 42 CPUs 0.000689854 s/step 0.00798442 days/ns 822.812 MB memory
ENERGY:     400      1125.3206      1701.5848      2080.2825       152.4855            -42.9335      -821.1630         0.0000      2375.5327      2953.4190           9524.5287       296.5635      6571.1097      9548.8657       297.8273

PRESSURE: 500 0 0 0 0 0 0 0 0 0
GPRESSURE: 500 0 0 0 0 0 0 0 0 0
PRESSAVG: 500 0 0 0 0 0 0 0 0 0
GPRESSAVG: 500 0 0 0 0 0 0 0 0 0
Info: Benchmark time: 42 CPUs 0.000695351 s/step 0.00804805 days/ns 823.75 MB memory
ENERGY:     500      1060.8248      1711.3262      2120.7338       151.4412            -42.4432      -807.4752         0.0000      2375.6264      2916.2479           9486.2819       292.8310      6570.0341      9507.3307       299.0445

PRESSURE: 600 0 0 0 0 0 0 0 0 0
GPRESSURE: 600 0 0 0 0 0 0 0 0 0
PRESSAVG: 600 0 0 0 0 0 0 0 0 0
GPRESSAVG: 600 0 0 0 0 0 0 0 0 0
Info: Benchmark time: 42 CPUs 0.000693434 s/step 0.00802585 days/ns 823.75 MB memory
ENERGY:     600      1055.9389      1688.2288      2104.1683       151.5375            -43.0415      -827.5847         0.0000      2376.3019      2977.7647           9483.3139       299.0082      6505.5491      9505.7316       297.3325

PRESSURE: 700 0 0 0 0 0 0 0 0 0
GPRESSURE: 700 0 0 0 0 0 0 0 0 0
PRESSAVG: 700 0 0 0 0 0 0 0 0 0
GPRESSAVG: 700 0 0 0 0 0 0 0 0 0
Info: Benchmark time: 42 CPUs 0.000699464 s/step 0.00809565 days/ns 823.75 MB memory
ENERGY:     700      1080.6785      1704.9686      2093.9502       154.5680            -43.1825      -798.7970         0.0000      2382.6598      2942.0460           9516.8915       295.4215      6574.8455      9542.5970       297.7321

PRESSURE: 800 0 0 0 0 0 0 0 0 0
GPRESSURE: 800 0 0 0 0 0 0 0 0 0
PRESSAVG: 800 0 0 0 0 0 0 0 0 0
GPRESSAVG: 800 0 0 0 0 0 0 0 0 0
Info: Benchmark time: 42 CPUs 0.000697979 s/step 0.00807846 days/ns 823.75 MB memory
ENERGY:     800      1059.1523      1694.9228      2083.9739       164.2619            -42.4728      -799.2036         0.0000      2379.2521      2935.5098           9475.3963       294.7652      6539.8864      9501.8517       297.7379

PRESSURE: 900 0 0 0 0 0 0 0 0 0
GPRESSURE: 900 0 0 0 0 0 0 0 0 0
PRESSAVG: 900 0 0 0 0 0 0 0 0 0
GPRESSAVG: 900 0 0 0 0 0 0 0 0 0
Info: Benchmark time: 42 CPUs 0.000706352 s/step 0.00817537 days/ns 823.75 MB memory
ENERGY:     900      1078.7417      1664.0904      2121.7289       151.2030            -42.1204      -813.1648         0.0000      2375.6014      2967.0632           9503.1433       297.9336      6536.0801      9526.2853       296.6173

PRESSURE: 1000 0 0 0 0 0 0 0 0 0
GPRESSURE: 1000 0 0 0 0 0 0 0 0 0
PRESSAVG: 1000 0 0 0 0 0 0 0 0 0
GPRESSAVG: 1000 0 0 0 0 0 0 0 0 0
TIMING: 1000  CPU: 0.722704, 0.000705957/step  Wall: 0.724072, 0.000703996/step, 0.000782218 hours remaining, 823.750000 MB of memory in use.
ETITLE:      TS           BOND          ANGLE          DIHED          IMPRP               ELECT            VDW       BOUNDARY           MISC        KINETIC               TOTAL           TEMP      POTENTIAL         TOTAL3        TEMPAVG

ENERGY:    1000      1091.4660      1751.4319      2107.5138       159.8090            -42.8464      -856.2581         0.0000      2380.1225      2996.8688           9588.1074       300.9265      6591.2387      9614.2112       298.8794

WRITING EXTENDED SYSTEM TO RESTART FILE AT STEP 1000
OPENING COORDINATE DCD FILE
WRITING COORDINATES TO DCD FILE adk-step1.dcd AT STEP 1000
WRITING COORDINATES TO RESTART FILE AT STEP 1000
FINISHED WRITING RESTART COORDINATES
The last position output (seq=1000) takes 0.004 seconds, 823.875 MB of memory in use
WRITING VELOCITIES TO RESTART FILE AT STEP 1000
FINISHED WRITING RESTART VELOCITIES
The last velocity output (seq=1000) takes 0.002 seconds, 823.875 MB of memory in use
PRESSURE: 1100 0 0 0 0 0 0 0 0 0
GPRESSURE: 1100 0 0 0 0 0 0 0 0 0
PRESSAVG: 1100 0 0 0 0 0 0 0 0 0
GPRESSAVG: 1100 0 0 0 0 0 0 0 0 0
ENERGY:    1100      1077.5037      1733.0884      2097.2105       158.2539            -43.6978      -785.0190         0.0000      2374.5029      2944.4463           9556.2890       295.6625      6611.8426      9580.7360       299.9319

PRESSURE: 1200 0 0 0 0 0 0 0 0 0
GPRESSURE: 1200 0 0 0 0 0 0 0 0 0
PRESSAVG: 1200 0 0 0 0 0 0 0 0 0
GPRESSAVG: 1200 0 0 0 0 0 0 0 0 0
ENERGY:    1200      1115.4595      1702.5026      2078.6751       145.7050            -43.0433      -819.2752         0.0000      2379.8019      2966.4113           9526.2368       297.8681      6559.8255      9546.0579       301.5025

PRESSURE: 1300 0 0 0 0 0 0 0 0 0
GPRESSURE: 1300 0 0 0 0 0 0 0 0 0
PRESSAVG: 1300 0 0 0 0 0 0 0 0 0
GPRESSAVG: 1300 0 0 0 0 0 0 0 0 0
ENERGY:    1300      1091.8831      1675.1015      2116.1600       143.5560            -42.3696      -764.5864         0.0000      2375.1636      2914.9341           9509.8424       292.6991      6594.9082      9530.0040       298.8115

PRESSURE: 1400 0 0 0 0 0 0 0 0 0
GPRESSURE: 1400 0 0 0 0 0 0 0 0 0
PRESSAVG: 1400 0 0 0 0 0 0 0 0 0
GPRESSAVG: 1400 0 0 0 0 0 0 0 0 0
ENERGY:    1400      1042.9134      1726.6812      2100.0408       152.2402            -42.9540      -792.7687         0.0000      2377.1679      3003.1283           9566.4492       301.5550      6563.3209      9592.5227       299.0972

PRESSURE: 1500 0 0 0 0 0 0 0 0 0
GPRESSURE: 1500 0 0 0 0 0 0 0 0 0
PRESSAVG: 1500 0 0 0 0 0 0 0 0 0
GPRESSAVG: 1500 0 0 0 0 0 0 0 0 0
ENERGY:    1500      1101.2465      1677.7661      2111.0047       145.5537            -42.6947      -813.2051         0.0000      2373.9591      2995.3220           9548.9522       300.7711      6553.6302      9572.1551       298.7246

PRESSURE: 1600 0 0 0 0 0 0 0 0 0
GPRESSURE: 1600 0 0 0 0 0 0 0 0 0
PRESSAVG: 1600 0 0 0 0 0 0 0 0 0
GPRESSAVG: 1600 0 0 0 0 0 0 0 0 0
ENERGY:    1600      1063.5206      1712.5201      2107.7985       155.0363            -42.5448      -803.8839         0.0000      2370.4221      2971.2964           9534.1653       298.3587      6562.8689      9561.4331       299.9883

PRESSURE: 1700 0 0 0 0 0 0 0 0 0
GPRESSURE: 1700 0 0 0 0 0 0 0 0 0
PRESSAVG: 1700 0 0 0 0 0 0 0 0 0
GPRESSAVG: 1700 0 0 0 0 0 0 0 0 0
ENERGY:    1700      1115.0801      1669.3123      2110.0146       149.7080            -43.2669      -803.7364         0.0000      2374.5672      2972.2481           9543.9269       298.4542      6571.6788      9565.3525       297.3929

PRESSURE: 1800 0 0 0 0 0 0 0 0 0
GPRESSURE: 1800 0 0 0 0 0 0 0 0 0
PRESSAVG: 1800 0 0 0 0 0 0 0 0 0
GPRESSAVG: 1800 0 0 0 0 0 0 0 0 0
ENERGY:    1800      1067.0092      1704.0668      2092.7302       153.3110            -43.2138      -793.2869         0.0000      2376.9179      2883.3163           9440.8506       289.5242      6557.5344      9461.2921       296.9126

PRESSURE: 1900 0 0 0 0 0 0 0 0 0
GPRESSURE: 1900 0 0 0 0 0 0 0 0 0
PRESSAVG: 1900 0 0 0 0 0 0 0 0 0
GPRESSAVG: 1900 0 0 0 0 0 0 0 0 0
ENERGY:    1900      1073.4655      1659.7247      2102.2923       152.8530            -43.4659      -812.2525         0.0000      2380.8825      2874.9857           9388.4853       288.6877      6513.4996      9410.6005       291.8911

PRESSURE: 2000 0 0 0 0 0 0 0 0 0
GPRESSURE: 2000 0 0 0 0 0 0 0 0 0
PRESSAVG: 2000 0 0 0 0 0 0 0 0 0
GPRESSAVG: 2000 0 0 0 0 0 0 0 0 0
TIMING: 2000  CPU: 1.41912, 0.000696413/step  Wall: 1.42728, 0.000703207/step, 0.000586006 hours remaining, 823.875000 MB of memory in use.
ETITLE:      TS           BOND          ANGLE          DIHED          IMPRP               ELECT            VDW       BOUNDARY           MISC        KINETIC               TOTAL           TEMP      POTENTIAL         TOTAL3        TEMPAVG

ENERGY:    2000      1028.4285      1684.1053      2061.4692       140.9192            -44.0581      -780.1961         0.0000      2376.0301      2905.1278           9371.8260       291.7144      6466.6982      9396.0429       292.1347

WRITING EXTENDED SYSTEM TO RESTART FILE AT STEP 2000
WRITING COORDINATES TO DCD FILE adk-step1.dcd AT STEP 2000
WRITING COORDINATES TO RESTART FILE AT STEP 2000
FINISHED WRITING RESTART COORDINATES
The last position output (seq=2000) takes 0.002 seconds, 823.875 MB of memory in use
WRITING VELOCITIES TO RESTART FILE AT STEP 2000
FINISHED WRITING RESTART VELOCITIES
The last velocity output (seq=2000) takes 0.002 seconds, 823.875 MB of memory in use
PRESSURE: 2100 0 0 0 0 0 0 0 0 0
GPRESSURE: 2100 0 0 0 0 0 0 0 0 0
PRESSAVG: 2100 0 0 0 0 0 0 0 0 0
GPRESSAVG: 2100 0 0 0 0 0 0 0 0 0
ENERGY:    2100      1060.0825      1684.8024      2087.3757       140.0816            -43.6552      -818.3862         0.0000      2387.4891      2874.8828           9372.6727       288.6774      6497.7899      9393.1623       290.3437

PRESSURE: 2200 0 0 0 0 0 0 0 0 0
GPRESSURE: 2200 0 0 0 0 0 0 0 0 0
PRESSAVG: 2200 0 0 0 0 0 0 0 0 0
GPRESSAVG: 2200 0 0 0 0 0 0 0 0 0
ENERGY:    2200      1058.8968      1651.7523      2097.5839       141.0094            -42.9133      -793.6981         0.0000      2387.6791      2934.7195           9435.0295       294.6858      6500.3100      9460.3742       294.4050

PRESSURE: 2300 0 0 0 0 0 0 0 0 0
GPRESSURE: 2300 0 0 0 0 0 0 0 0 0
PRESSAVG: 2300 0 0 0 0 0 0 0 0 0
GPRESSAVG: 2300 0 0 0 0 0 0 0 0 0
ENERGY:    2300      1064.8686      1648.7319      2087.9026       156.9403            -43.4954      -832.0030         0.0000      2391.0736      2967.4928           9441.5114       297.9767      6474.0186      9467.7933       292.6691

PRESSURE: 2400 0 0 0 0 0 0 0 0 0
GPRESSURE: 2400 0 0 0 0 0 0 0 0 0
PRESSAVG: 2400 0 0 0 0 0 0 0 0 0
GPRESSAVG: 2400 0 0 0 0 0 0 0 0 0
ENERGY:    2400      1097.5693      1671.5779      2092.7363       147.5780            -43.3353      -802.7631         0.0000      2387.6679      2892.0953           9443.1261       290.4058      6551.0308      9464.1738       293.7887

PRESSURE: 2500 0 0 0 0 0 0 0 0 0
GPRESSURE: 2500 0 0 0 0 0 0 0 0 0
PRESSAVG: 2500 0 0 0 0 0 0 0 0 0
GPRESSAVG: 2500 0 0 0 0 0 0 0 0 0
ENERGY:    2500      1047.0316      1674.2498      2099.1951       150.7513            -42.6367      -760.7396         0.0000      2382.3302      2868.1631           9418.3447       288.0027      6550.1817      9439.2444       291.2384

PRESSURE: 2600 0 0 0 0 0 0 0 0 0
GPRESSURE: 2600 0 0 0 0 0 0 0 0 0
PRESSAVG: 2600 0 0 0 0 0 0 0 0 0
GPRESSAVG: 2600 0 0 0 0 0 0 0 0 0
ENERGY:    2600      1062.1041      1650.4457      2088.8503       151.3257            -43.8988      -782.5904         0.0000      2381.9721      2918.2053           9426.4140       293.0276      6508.2086      9451.1608       292.5709

PRESSURE: 2700 0 0 0 0 0 0 0 0 0
GPRESSURE: 2700 0 0 0 0 0 0 0 0 0
PRESSAVG: 2700 0 0 0 0 0 0 0 0 0
GPRESSAVG: 2700 0 0 0 0 0 0 0 0 0
ENERGY:    2700      1040.3073      1660.1643      2094.3891       164.4002            -44.4843      -805.0659         0.0000      2385.3942      2872.1495           9367.2544       288.4029      6495.1049      9389.6840       292.0394

PRESSURE: 2800 0 0 0 0 0 0 0 0 0
GPRESSURE: 2800 0 0 0 0 0 0 0 0 0
PRESSAVG: 2800 0 0 0 0 0 0 0 0 0
GPRESSAVG: 2800 0 0 0 0 0 0 0 0 0
ENERGY:    2800      1044.7178      1653.6941      2082.3224       155.1782            -43.4270      -767.9217         0.0000      2382.3884      2923.5435           9430.4958       293.5636      6506.9522      9454.5121       291.6614

PRESSURE: 2900 0 0 0 0 0 0 0 0 0
GPRESSURE: 2900 0 0 0 0 0 0 0 0 0
PRESSAVG: 2900 0 0 0 0 0 0 0 0 0
GPRESSAVG: 2900 0 0 0 0 0 0 0 0 0
ENERGY:    2900      1071.5744      1669.0629      2072.4956       136.9045            -44.1417      -794.0239         0.0000      2386.6895      2949.3783           9447.9397       296.1578      6498.5614      9468.9277       292.9095

PRESSURE: 3000 0 0 0 0 0 0 0 0 0
GPRESSURE: 3000 0 0 0 0 0 0 0 0 0
PRESSAVG: 3000 0 0 0 0 0 0 0 0 0
GPRESSAVG: 3000 0 0 0 0 0 0 0 0 0
TIMING: 3000  CPU: 2.12482, 0.000705703/step  Wall: 2.1374, 0.000710123/step, 0.000394513 hours remaining, 823.875000 MB of memory in use.
ETITLE:      TS           BOND          ANGLE          DIHED          IMPRP               ELECT            VDW       BOUNDARY           MISC        KINETIC               TOTAL           TEMP      POTENTIAL         TOTAL3        TEMPAVG

ENERGY:    3000      1077.8926      1639.7926      2131.0516       153.5704            -43.1191      -797.7844         0.0000      2386.4716      2920.3098           9468.1851       293.2389      6547.8753      9488.9470       294.1939

WRITING EXTENDED SYSTEM TO RESTART FILE AT STEP 3000
WRITING COORDINATES TO DCD FILE adk-step1.dcd AT STEP 3000
WRITING COORDINATES TO RESTART FILE AT STEP 3000
FINISHED WRITING RESTART COORDINATES
The last position output (seq=3000) takes 0.002 seconds, 823.875 MB of memory in use
WRITING VELOCITIES TO RESTART FILE AT STEP 3000
FINISHED WRITING RESTART VELOCITIES
The last velocity output (seq=3000) takes 0.002 seconds, 823.875 MB of memory in use
PRESSURE: 3100 0 0 0 0 0 0 0 0 0
GPRESSURE: 3100 0 0 0 0 0 0 0 0 0
PRESSAVG: 3100 0 0 0 0 0 0 0 0 0
GPRESSAVG: 3100 0 0 0 0 0 0 0 0 0
ENERGY:    3100      1078.4605      1655.3342      2112.2249       158.3378            -43.1637      -811.0536         0.0000      2384.4636      2944.8338           9479.4376       295.7014      6534.6038      9503.8598       297.1327

PRESSURE: 3200 0 0 0 0 0 0 0 0 0
GPRESSURE: 3200 0 0 0 0 0 0 0 0 0
PRESSAVG: 3200 0 0 0 0 0 0 0 0 0
GPRESSAVG: 3200 0 0 0 0 0 0 0 0 0
ENERGY:    3200      1067.9458      1705.1908      2088.6463       157.9379            -42.9952      -832.7180         0.0000      2396.4223      2928.7337           9469.1636       294.0848      6540.4299      9496.5513       295.4864

PRESSURE: 3300 0 0 0 0 0 0 0 0 0
GPRESSURE: 3300 0 0 0 0 0 0 0 0 0
PRESSAVG: 3300 0 0 0 0 0 0 0 0 0
GPRESSAVG: 3300 0 0 0 0 0 0 0 0 0
ENERGY:    3300      1078.2668      1634.6112      2074.6946       148.8196            -42.5776      -812.6722         0.0000      2397.9176      2933.0875           9412.1475       294.5220      6479.0600      9434.7343       292.7086

PRESSURE: 3400 0 0 0 0 0 0 0 0 0
GPRESSURE: 3400 0 0 0 0 0 0 0 0 0
PRESSAVG: 3400 0 0 0 0 0 0 0 0 0
GPRESSAVG: 3400 0 0 0 0 0 0 0 0 0
ENERGY:    3400      1060.2351      1651.6463      2077.2092       151.5841            -42.8271      -813.2364         0.0000      2398.5512      2927.2962           9410.4586       293.9404      6483.1624      9435.0687       292.3827

PRESSURE: 3500 0 0 0 0 0 0 0 0 0
GPRESSURE: 3500 0 0 0 0 0 0 0 0 0
PRESSAVG: 3500 0 0 0 0 0 0 0 0 0
GPRESSAVG: 3500 0 0 0 0 0 0 0 0 0
ENERGY:    3500      1057.8681      1663.8113      2089.4785       154.2223            -44.2567      -808.9110         0.0000      2384.2074      2908.8836           9405.3034       292.0916      6496.4198      9430.6244       293.1599

PRESSURE: 3600 0 0 0 0 0 0 0 0 0
GPRESSURE: 3600 0 0 0 0 0 0 0 0 0
PRESSAVG: 3600 0 0 0 0 0 0 0 0 0
GPRESSAVG: 3600 0 0 0 0 0 0 0 0 0
ENERGY:    3600      1083.4158      1657.2576      2080.2712       144.8764            -44.3447      -806.3897         0.0000      2383.8092      2917.1998           9416.0955       292.9266      6498.8957      9439.6361       294.3041

PRESSURE: 3700 0 0 0 0 0 0 0 0 0
GPRESSURE: 3700 0 0 0 0 0 0 0 0 0
PRESSAVG: 3700 0 0 0 0 0 0 0 0 0
GPRESSAVG: 3700 0 0 0 0 0 0 0 0 0
ENERGY:    3700      1081.8109      1662.8079      2086.9974       143.9144            -43.1402      -804.2896         0.0000      2384.1095      2967.0121           9479.2225       297.9284      6512.2104      9503.6902       294.0883

PRESSURE: 3800 0 0 0 0 0 0 0 0 0
GPRESSURE: 3800 0 0 0 0 0 0 0 0 0
PRESSAVG: 3800 0 0 0 0 0 0 0 0 0
GPRESSAVG: 3800 0 0 0 0 0 0 0 0 0
ENERGY:    3800      1070.9523      1646.1503      2089.6242       149.2955            -42.7770      -822.8800         0.0000      2387.2301      2960.4874           9438.0828       297.2733      6477.5955      9462.9829       294.7158

PRESSURE: 3900 0 0 0 0 0 0 0 0 0
GPRESSURE: 3900 0 0 0 0 0 0 0 0 0
PRESSAVG: 3900 0 0 0 0 0 0 0 0 0
GPRESSAVG: 3900 0 0 0 0 0 0 0 0 0
ENERGY:    3900      1068.6716      1660.9739      2132.8826       142.5136            -42.2821      -818.0409         0.0000      2384.3687      2958.7426           9487.8300       297.0981      6529.0874      9510.5202       293.7245

PRESSURE: 4000 0 0 0 0 0 0 0 0 0
GPRESSURE: 4000 0 0 0 0 0 0 0 0 0
PRESSAVG: 4000 0 0 0 0 0 0 0 0 0
GPRESSAVG: 4000 0 0 0 0 0 0 0 0 0
TIMING: 4000  CPU: 2.83377, 0.000708947/step  Wall: 2.85471, 0.000717311/step, 0.000199253 hours remaining, 823.875000 MB of memory in use.
ETITLE:      TS           BOND          ANGLE          DIHED          IMPRP               ELECT            VDW       BOUNDARY           MISC        KINETIC               TOTAL           TEMP      POTENTIAL         TOTAL3        TEMPAVG

ENERGY:    4000      1062.9411      1680.5074      2131.1694       136.9910            -42.6659      -821.7262         0.0000      2390.7545      2991.0071           9528.9784       300.3379      6537.9713      9552.2961       298.2104

WRITING EXTENDED SYSTEM TO RESTART FILE AT STEP 4000
WRITING COORDINATES TO DCD FILE adk-step1.dcd AT STEP 4000
WRITING COORDINATES TO RESTART FILE AT STEP 4000
FINISHED WRITING RESTART COORDINATES
The last position output (seq=4000) takes 0.002 seconds, 823.875 MB of memory in use
WRITING VELOCITIES TO RESTART FILE AT STEP 4000
FINISHED WRITING RESTART VELOCITIES
The last velocity output (seq=4000) takes 0.002 seconds, 823.875 MB of memory in use
PRESSURE: 4100 0 0 0 0 0 0 0 0 0
GPRESSURE: 4100 0 0 0 0 0 0 0 0 0
PRESSAVG: 4100 0 0 0 0 0 0 0 0 0
GPRESSAVG: 4100 0 0 0 0 0 0 0 0 0
ENERGY:    4100      1071.0990      1661.3261      2127.9293       158.6461            -43.0739      -772.7191         0.0000      2385.7655      2953.7148           9542.6878       296.5932      6588.9730      9567.3714       297.9129

PRESSURE: 4200 0 0 0 0 0 0 0 0 0
GPRESSURE: 4200 0 0 0 0 0 0 0 0 0
PRESSAVG: 4200 0 0 0 0 0 0 0 0 0
GPRESSAVG: 4200 0 0 0 0 0 0 0 0 0
ENERGY:    4200      1068.4257      1670.4465      2102.6029       160.1395            -42.6367      -787.1383         0.0000      2391.0542      3011.0503           9573.9441       302.3505      6562.8939      9597.6682       298.4595

LDB: ============= START OF LOAD BALANCING ============== 5.44908
LDB: ============== END OF LOAD BALANCING =============== 5.44914
Info: useSync: 0 useProxySync: 0
LDB: =============== DONE WITH MIGRATION ================ 5.44929
PRESSURE: 4300 0 0 0 0 0 0 0 0 0
GPRESSURE: 4300 0 0 0 0 0 0 0 0 0
PRESSAVG: 4300 0 0 0 0 0 0 0 0 0
GPRESSAVG: 4300 0 0 0 0 0 0 0 0 0
ENERGY:    4300      1052.4291      1694.0116      2100.0897       147.3358            -43.4333      -803.3998         0.0000      2393.1925      3054.0061           9594.2317       306.6638      6540.2256      9618.0378       300.0257

LDB: ============= START OF LOAD BALANCING ============== 5.52003
LDB: TIME 5.52026 LOAD: AVG 0.0161375 MAX 0.0492032  PROXIES: TOTAL 185 MAXPE 10 MAXPATCH 7 None MEM: 823.875 MB
LDB: TIME 5.52042 LOAD: AVG 0.0161375 MAX 0.0492032  PROXIES: TOTAL 185 MAXPE 10 MAXPATCH 7 RefineTorusLB MEM: 824.062 MB
LDB: TIME 5.52056 LOAD: AVG 0.0161375 MAX 0.0492032  PROXIES: TOTAL 185 MAXPE 10 MAXPATCH 7 RefineTorusLB MEM: 824.062 MB
LDB: Reverting to original mapping
LDB: ============== END OF LOAD BALANCING =============== 5.52079
Info: build node-aware spanning tree with send: 1, recv: 0 with branch factor 4
Info: useSync: 0 useProxySync: 0
LDB: =============== DONE WITH MIGRATION ================ 5.52156
PRESSURE: 4400 0 0 0 0 0 0 0 0 0
GPRESSURE: 4400 0 0 0 0 0 0 0 0 0
PRESSAVG: 4400 0 0 0 0 0 0 0 0 0
GPRESSAVG: 4400 0 0 0 0 0 0 0 0 0
ENERGY:    4400      1041.2333      1654.6131      2088.8863       159.2754            -43.2127      -775.1140         0.0000      2385.6189      3067.9265           9579.2268       308.0616      6511.3003      9602.7193       301.2104

PRESSURE: 4500 0 0 0 0 0 0 0 0 0
GPRESSURE: 4500 0 0 0 0 0 0 0 0 0
PRESSAVG: 4500 0 0 0 0 0 0 0 0 0
GPRESSAVG: 4500 0 0 0 0 0 0 0 0 0
ENERGY:    4500      1120.6575      1682.1395      2064.7319       166.2370            -43.2887      -796.2962         0.0000      2383.4479      2981.6844           9559.3133       299.4017      6577.6289      9584.8189       300.4530

PRESSURE: 4600 0 0 0 0 0 0 0 0 0
GPRESSURE: 4600 0 0 0 0 0 0 0 0 0
PRESSAVG: 4600 0 0 0 0 0 0 0 0 0
GPRESSAVG: 4600 0 0 0 0 0 0 0 0 0
ENERGY:    4600      1096.0552      1693.2824      2080.6054       138.0129            -43.7931      -801.3422         0.0000      2393.3318      2949.3430           9505.4953       296.1542      6556.1523      9529.3605       298.1076

PRESSURE: 4700 0 0 0 0 0 0 0 0 0
GPRESSURE: 4700 0 0 0 0 0 0 0 0 0
PRESSAVG: 4700 0 0 0 0 0 0 0 0 0
GPRESSAVG: 4700 0 0 0 0 0 0 0 0 0
ENERGY:    4700      1099.1039      1664.7990      2098.3133       145.7492            -43.4377      -823.9561         0.0000      2391.1276      2960.6280           9492.3271       297.2874      6531.6991      9516.9773       296.3647

PRESSURE: 4800 0 0 0 0 0 0 0 0 0
GPRESSURE: 4800 0 0 0 0 0 0 0 0 0
PRESSAVG: 4800 0 0 0 0 0 0 0 0 0
GPRESSAVG: 4800 0 0 0 0 0 0 0 0 0
ENERGY:    4800      1059.3948      1734.8574      2072.2489       157.4854            -42.4478      -788.9374         0.0000      2390.4479      2903.0906           9486.1399       291.5099      6583.0493      9510.5889       296.1158

PRESSURE: 4900 0 0 0 0 0 0 0 0 0
GPRESSURE: 4900 0 0 0 0 0 0 0 0 0
PRESSAVG: 4900 0 0 0 0 0 0 0 0 0
GPRESSAVG: 4900 0 0 0 0 0 0 0 0 0
ENERGY:    4900      1134.3115      1664.7217      2095.1998       151.1432            -43.0397      -803.5560         0.0000      2389.4939      2911.0069           9499.2814       292.3048      6588.2745      9522.4279       296.7488

PRESSURE: 5000 0 0 0 0 0 0 0 0 0
GPRESSURE: 5000 0 0 0 0 0 0 0 0 0
PRESSAVG: 5000 0 0 0 0 0 0 0 0 0
GPRESSAVG: 5000 0 0 0 0 0 0 0 0 0
TIMING: 5000  CPU: 3.54056, 0.000706791/step  Wall: 3.56506, 0.000710347/step, 0 hours remaining, 824.062500 MB of memory in use.
ETITLE:      TS           BOND          ANGLE          DIHED          IMPRP               ELECT            VDW       BOUNDARY           MISC        KINETIC               TOTAL           TEMP      POTENTIAL         TOTAL3        TEMPAVG

ENERGY:    5000      1103.8709      1652.8815      2107.7693       152.4797            -43.6406      -781.9157         0.0000      2380.1343      2918.5064           9490.0858       293.0578      6571.5794      9514.9178       297.4437

WRITING EXTENDED SYSTEM TO RESTART FILE AT STEP 5000
WRITING COORDINATES TO DCD FILE adk-step1.dcd AT STEP 5000
WRITING COORDINATES TO RESTART FILE AT STEP 5000
FINISHED WRITING RESTART COORDINATES
The last position output (seq=5000) takes 0.002 seconds, 824.688 MB of memory in use
WRITING VELOCITIES TO RESTART FILE AT STEP 5000
FINISHED WRITING RESTART VELOCITIES
The last velocity output (seq=5000) takes 0.002 seconds, 824.688 MB of memory in use
WRITING EXTENDED SYSTEM TO OUTPUT FILE AT STEP 5000
WRITING COORDINATES TO OUTPUT FILE AT STEP 5000
CLOSING COORDINATE DCD FILE adk-step1.dcd
The last position output (seq=-2) takes 0.003 seconds, 824.688 MB of memory in use
WRITING VELOCITIES TO OUTPUT FILE AT STEP 5000
====================================================

WallClock: 5.952452  CPUTime: 4.391003  Memory: 824.750000 MB
End of program
