1_1_cc.dat
/gpfs/alpine/bip115/scratch/hrlee/radical.pilot.sandbox/re.session.login1.hrlee.018632.0005/pilot.0000/staging_area/1_1_cc.dat
1, 1
Choosing optimized barrier algorithm name I0:HybridBinomial:SHMEM:P2P
Converse/Charm++ Commit ID: v6.10.2-0-g7bf00fa-namd-charm-6.10.2-build-2020-Aug-05-556
Warning> Randomization of virtual memory (ASLR) is turned on in the kernel, thread migration may not work! Run 'echo 0 > /proc/sys/kernel/randomize_va_space' as root to disable it, or try running with '+isomalloc_sync'.
CharmLB> Load balancer assumes all CPUs are same.
Charm++> Running on 1 hosts (1 sockets x 7 cores x 4 PUs = 28-way SMP)
Charm++> cpu topology info is gathered in 0.002 seconds.
Info: Built with CUDA version 10010
Did not find +devices i,j,k,... argument, using all
Pe 33 physical rank 33 will use CUDA device of pe 28
Pe 9 physical rank 9 will use CUDA device of pe 7
Pe 27 physical rank 27 will use CUDA device of pe 21
Pe 39 physical rank 39 will use CUDA device of pe 35
Pe 18 physical rank 18 will use CUDA device of pe 14
Pe 2 physical rank 2 will use CUDA device of pe 4
Pe 31 physical rank 31 will use CUDA device of pe 28
Pe 11 physical rank 11 will use CUDA device of pe 7
Pe 24 physical rank 24 will use CUDA device of pe 21
Pe 38 physical rank 38 will use CUDA device of pe 35
Pe 19 physical rank 19 will use CUDA device of pe 14
Pe 1 physical rank 1 will use CUDA device of pe 4
Pe 30 physical rank 30 will use CUDA device of pe 28
Pe 13 physical rank 13 will use CUDA device of pe 7
Pe 25 physical rank 25 will use CUDA device of pe 21
Pe 37 physical rank 37 will use CUDA device of pe 35
Pe 16 physical rank 16 will use CUDA device of pe 14
Pe 6 physical rank 6 will use CUDA device of pe 4
Pe 34 physical rank 34 will use CUDA device of pe 28
Pe 10 physical rank 10 will use CUDA device of pe 7
Pe 26 physical rank 26 will use CUDA device of pe 21
Pe 41 physical rank 41 will use CUDA device of pe 35
Pe 20 physical rank 20 will use CUDA device of pe 14
Pe 5 physical rank 5 will use CUDA device of pe 4
Pe 32 physical rank 32 will use CUDA device of pe 28
Pe 12 physical rank 12 will use CUDA device of pe 7
Pe 23 physical rank 23 will use CUDA device of pe 21
Pe 40 physical rank 40 will use CUDA device of pe 35
Pe 17 physical rank 17 will use CUDA device of pe 14
Pe 3 physical rank 3 will use CUDA device of pe 4
Pe 29 physical rank 29 will use CUDA device of pe 28
Pe 8 physical rank 8 will use CUDA device of pe 7
Pe 22 physical rank 22 will use CUDA device of pe 21
Pe 36 physical rank 36 will use CUDA device of pe 35
Pe 15 physical rank 15 will use CUDA device of pe 14
Pe 0 physical rank 0 will use CUDA device of pe 4
Pe 4 physical rank 4 binding to CUDA device 0 on h36n06: 'Tesla V100-SXM2-16GB'  Mem: 16128MB  Rev: 7.0  PCI: 4:4:0
Pe 28 physical rank 28 binding to CUDA device 0 on h36n06: 'Tesla V100-SXM2-16GB'  Mem: 16128MB  Rev: 7.0  PCI: 35:4:0
Pe 7 physical rank 7 binding to CUDA device 0 on h36n06: 'Tesla V100-SXM2-16GB'  Mem: 16128MB  Rev: 7.0  PCI: 4:5:0
Pe 21 physical rank 21 binding to CUDA device 0 on h36n06: 'Tesla V100-SXM2-16GB'  Mem: 16128MB  Rev: 7.0  PCI: 35:3:0
Pe 35 physical rank 35 binding to CUDA device 0 on h36n06: 'Tesla V100-SXM2-16GB'  Mem: 16128MB  Rev: 7.0  PCI: 35:5:0
Pe 14 physical rank 14 binding to CUDA device 0 on h36n06: 'Tesla V100-SXM2-16GB'  Mem: 16128MB  Rev: 7.0  PCI: 4:6:0
Info: NAMD 2.14 for Linux-POWER-pami-smp-Summit-CUDA
Info: 
Info: Please visit http://www.ks.uiuc.edu/Research/namd/
Info: for updates, documentation, and support information.
Info: 
Info: Please cite Phillips et al., J. Chem. Phys. 153:044130 (2020) doi:10.1063/5.0014475
Info: in all publications reporting results obtained with NAMD.
Info: 
Info: Based on Charm++/Converse 61002 for pami-linux-ppc64le-smp
Info: Built Wed Aug 5 14:28:51 EDT 2020 by jimp on login2
Info: 1 NAMD  2.14  Linux-POWER-pami-smp-Summit-CUDA  42    h36n06  hrlee
Info: Running on 42 processors, 6 nodes, 1 physical nodes.
Info: CPU topology information available.
Info: Charm++/Converse parallel runtime startup completed at 1.28939 s
CkLoopLib is used in SMP with simple dynamic scheduling (converse-level notification)
Info: 791.688 MB of memory in use based on /proc/self/stat
Info: Configuration file is adk-step1.namd
Info: Working in the current directory /gpfs/alpine/bip115/scratch/hrlee/radical.pilot.sandbox/re.session.login1.hrlee.018632.0005/pilot.0000/unit.000173
TCL: Suspending until startup complete.
Info: SIMULATION PARAMETERS:
Info: TIMESTEP               1
Info: NUMBER OF STEPS        0
Info: STEPS PER CYCLE        20
Info: LOAD BALANCER  Centralized
Info: LOAD BALANCING STRATEGY  New Load Balancers -- DEFAULT
Info: LDB PERIOD             4000 steps
Info: FIRST LDB TIMESTEP     100
Info: LAST LDB TIMESTEP     -1
Info: LDB BACKGROUND SCALING 1
Info: HOM BACKGROUND SCALING 1
Info: MIN ATOMS PER PATCH    40
Info: VELOCITY FILE          1_1_adk-step1.restart.vel
Info: CENTER OF MASS MOVING INITIALLY? NO
Info: DIELECTRIC             80
Info: EXCLUDE                SCALED ONE-FOUR
Info: 1-4 ELECTROSTATICS SCALED BY 1
Info: MODIFIED 1-4 VDW PARAMETERS WILL BE USED
Info: DCD FILENAME           adk-step1.dcd
Info: DCD FREQUENCY          1000
Info: DCD FIRST STEP         1000
Info: NO EXTENDED SYSTEM TRAJECTORY OUTPUT
Info: NO VELOCITY DCD OUTPUT
Info: NO FORCE DCD OUTPUT
Info: OUTPUT FILENAME        adk-step1
Info: BINARY OUTPUT FILES WILL BE USED
Info: RESTART FILENAME       adk-step1.restart
Info: RESTART FREQUENCY      1000
Info: BINARY RESTART FILES WILL BE USED
Info: SWITCHING ACTIVE
Info: SWITCHING ON           9
Info: SWITCHING OFF          10
Info: PAIRLIST DISTANCE      11
Info: PAIRLIST SHRINK RATE   0.01
Info: PAIRLIST GROW RATE     0.01
Info: PAIRLIST TRIGGER       0.3
Info: PAIRLISTS PER CYCLE    2
Info: PAIRLISTS ENABLED
Info: MARGIN                 0
Info: HYDROGEN GROUP CUTOFF  2.5
Info: PATCH DIMENSION        13.5
Info: ENERGY OUTPUT STEPS    100
Info: CROSSTERM ENERGY INCLUDED IN DIHEDRAL
Info: TIMING OUTPUT STEPS    1000
Info: PRESSURE OUTPUT STEPS  100
Info: GRID FORCE ACTIVE
Info:  Please include this reference in published work using
Info:  the Gridforce module of NAMD: David Wells, Volha Abramkina,
Info:  and Aleksei Aksimentiev, J. Chem. Phys. 127:125101-10 (2007).
Info: MGRIDFORCE key 0
Info:            Potfile 4ake-target_autopsf-grid.dx
Info:            Scale 0.3 0.3 0.3
Info:            File 1ake-docked-noh_autopsf-grid.pdb
Info:            Col O
Info:            ChargeCol B
Info:            VOffset 0 0 0
Info:            Continuous K1 FALSE
Info:            Continuous K2 FALSE
Info:            Continuous K3 FALSE
Info:            Volts FALSE
Info:            Gridforce-Lite FALSE
Info:            Gridforce-CheckSize TRUE
Info: LANGEVIN DYNAMICS ACTIVE
Info: LANGEVIN TEMPERATURE   300
Info: LANGEVIN USING BBK INTEGRATOR
Info: LANGEVIN DAMPING COEFFICIENT IS 5 INVERSE PS
Info: LANGEVIN DYNAMICS NOT APPLIED TO HYDROGENS
Info: USING VERLET I (r-RESPA) MTS SCHEME.
Info: C1 SPLITTING OF LONG RANGE ELECTROSTATICS
Info: PLACING ATOMS IN PATCHES BY HYDROGEN GROUPS
Info: RIGID BONDS TO HYDROGEN : WATER
Info:         ERROR TOLERANCE : 1e-08
Info:          MAX ITERATIONS : 100
Info: RIGID WATER USING SETTLE ALGORITHM
Info: NONBONDED FORCES EVALUATED EVERY 2 STEPS
Info: RANDOM NUMBER SEED     1609827643
Info: USE HYDROGEN BONDS?    NO
Info: COORDINATE PDB         1ake-docked-noh_autopsf.pdb
Info: STRUCTURE FILE         1ake-docked-noh_autopsf.psf
Info: PARAMETER file: CHARMM format! 
Info: PARAMETERS             par_all36_prot.prm
Info: USING ARITHMETIC MEAN TO COMBINE L-J SIGMA PARAMETERS
Info: BINARY COORDINATES     1_1_adk-step1.restart.coor
Info: SUMMARY OF PARAMETERS:
Info: 132 BONDS
Info: 362 ANGLES
Info: 702 DIHEDRAL
Info: 35 IMPROPER
Info: 6 CROSSTERM
Info: 53 VDW
Info: 0 VDW_PAIRS
Info: 0 NBTHOLE_PAIRS
Info: TIME FOR READING PSF FILE: 0.398991
Info: READING EXTRA BONDS FILE 1ake-extrabonds.txt
Info: READING EXTRA BONDS FILE 1ake-extrabonds-cispeptide.txt
Info: READING EXTRA BONDS FILE 1ake-extrabonds-chirality.txt
Info: READ 80 EXTRA BONDS
Info: READ 80 EXTRA ANGLES
Warning: EXTRA ANGLES ARE COSINE-BASED BY DEFAULT TO MATCH PREVIOUS VERSIONS
Warning: FOR NORMAL HARMONIC EXTRA ANGLES SET extraBondsCosAngles off
Info: READ 493 EXTRA DIHEDRALS
Info: READ 438 EXTRA IMPROPERS
Info: Reading pdb file 1ake-docked-noh_autopsf.pdb
Info: TIME FOR READING PDB FILE: 0.0779504
Info: 
Info: ****************************
Info: STRUCTURE SUMMARY:
Info: 3341 ATOMS
Info: 3445 BONDS
Info: 6203 ANGLES
Info: 9414 DIHEDRALS
Info: 1005 IMPROPERS
Info: 212 CROSSTERMS
Info: 0 EXCLUSIONS
Info: 0 RIGID BONDS
Info: 1 GRIDS ACTIVE
Info: 10023 DEGREES OF FREEDOM
Info: 1656 HYDROGEN GROUPS
Info: 4 ATOMS IN LARGEST HYDROGEN GROUP
Info: 1656 MIGRATION GROUPS
Info: 4 ATOMS IN LARGEST MIGRATION GROUP
Info: TOTAL MASS = 23582 amu
Info: TOTAL CHARGE = -4 e
Info: *****************************
Info: Reading from binary file 1_1_adk-step1.restart.coor
Info: 
Info: Entering startup at 2.12762 s, 798.438 MB of memory in use
Info: Startup phase 0 took 0.000192523 s, 798.562 MB of memory in use
Info: ADDED 18308 IMPLICIT EXCLUSIONS
Info: Startup phase 1 took 0.0071668 s, 798.688 MB of memory in use
Info: NONBONDED TABLE R-SQUARED SPACING: 0.0625
Info: NONBONDED TABLE SIZE: 705 POINTS
Info: ABSOLUTE IMPRECISION IN FAST TABLE ENERGY: 3.38813e-21 AT 9.89634
Info: RELATIVE IMPRECISION IN FAST TABLE ENERGY: 4.23384e-15 AT 9.94673
Info: ABSOLUTE IMPRECISION IN FAST TABLE FORCE: 6.35275e-22 AT 9.94673
Info: RELATIVE IMPRECISION IN FAST TABLE FORCE: 5.07982e-16 AT 9.94673
Info: INCONSISTENCY IN FAST TABLE ENERGY VS FORCE: 0.000290185 AT 0.251946
Info: ABSOLUTE IMPRECISION IN VDWA TABLE ENERGY: 1.57772e-30 AT 9.89634
Info: RELATIVE IMPRECISION IN VDWA TABLE ENERGY: 4.54938e-15 AT 9.94673
Info: ABSOLUTE IMPRECISION IN VDWA TABLE FORCE: 5.91646e-31 AT 9.94673
Info: RELATIVE IMPRECISION IN VDWA TABLE FORCE: 5.6823e-16 AT 9.94673
Info: INCONSISTENCY IN VDWA TABLE ENERGY VS FORCE: 0.0040507 AT 0.251946
Info: ABSOLUTE IMPRECISION IN VDWB TABLE ENERGY: 4.71751e-25 AT 9.94673
Info: RELATIVE IMPRECISION IN VDWB TABLE ENERGY: 1.45371e-14 AT 9.94673
Info: ABSOLUTE IMPRECISION IN VDWB TABLE FORCE: 6.20385e-25 AT 9.94673
Info: RELATIVE IMPRECISION IN VDWB TABLE FORCE: 5.97512e-16 AT 9.94673
Info: INCONSISTENCY IN VDWB TABLE ENERGY VS FORCE: 0.00377068 AT 9.07951
Info: Startup phase 2 took 0.000761233 s, 800 MB of memory in use
Info: Startup phase 3 took 0.000202951 s, 800.375 MB of memory in use
Info: Startup phase 4 took 0.000283236 s, 800.5 MB of memory in use
Info: Startup phase 5 took 0.000194639 s, 800.5 MB of memory in use
Info: ORIGINAL ATOMS MINMAX IS -24.1942 -33.6436 -34.772  17.3391 10.9345 13.8275
Info: ADJUSTED ATOMS MINMAX IS -17.959 -27.1794 -29.5357  11.3012 7.15994 5.34957
Info: PATCH GRID IS 5 BY 3 BY 3
Info: PATCH GRID IS 2-AWAY BY 1-AWAY BY 1-AWAY
Info: Reading from binary file 1_1_adk-step1.restart.vel
Info: REMOVING COM VELOCITY 0.0665442 -0.127047 -0.0443786
Info: LARGEST PATCH (24) HAS 139 ATOMS
Info: TORUS A SIZE 1 USING 0
Info: TORUS B SIZE 1 USING 0
Info: TORUS C SIZE 1 USING 0
Info: TORUS MINIMAL MESH SIZE IS 1 BY 1 BY 1
Info: Placed 100% of base nodes on same physical node as patch
Info: Startup phase 6 took 0.00789165 s, 800.625 MB of memory in use
Info: Startup phase 7 took 0.000187428 s, 801.562 MB of memory in use
Info: Updated CUDA force table with 4096 elements.
Info: Updated CUDA LJ table with 53 x 53 elements.
Info: Updated CUDA force table with 4096 elements.
Info: Updated CUDA force table with 4096 elements.
Info: Updated CUDA LJ table with 53 x 53 elements.
Info: Updated CUDA LJ table with 53 x 53 elements.
Info: Updated CUDA force table with 4096 elements.
Info: Updated CUDA force table with 4096 elements.
Info: Updated CUDA LJ table with 53 x 53 elements.
Info: Updated CUDA LJ table with 53 x 53 elements.
Info: Updated CUDA force table with 4096 elements.
Info: Updated CUDA LJ table with 53 x 53 elements.
Info: Startup phase 8 took 0.00306268 s, 801.688 MB of memory in use
Info: Startup phase 9 took 0.00033952 s, 801.75 MB of memory in use
Info: Startup phase 10 took 0.00019765 s, 801.812 MB of memory in use
Info: Startup phase 11 took 0.000810386 s, 801.938 MB of memory in use
LDB: Central LB being created...
Info: Startup phase 12 took 0.00206634 s, 802.688 MB of memory in use
Info: CREATING 1139 COMPUTE OBJECTS
Info: Found 278 unique exclusion lists needing 900 bytes
Info: Found 278 unique exclusion lists needing 900 bytes
Info: Found 278 unique exclusion lists needing 900 bytes
Info: Found 278 unique exclusion lists needing 900 bytes
Info: Found 278 unique exclusion lists needing 900 bytes
Info: Found 278 unique exclusion lists needing 900 bytes
Info: useSync: 0 useProxySync: 0
Info: Startup phase 13 took 0.0160758 s, 803.625 MB of memory in use
Info: Building spanning tree ... send: 1 recv: 0 with branch factor 4
Info: Startup phase 14 took 0.000195688 s, 803.688 MB of memory in use
Info: Startup phase 15 took 0.000259348 s, 803.875 MB of memory in use
Info: Finished startup at 2.16751 s, 804.062 MB of memory in use

TCL: Running for 5000 steps
PRESSURE: 0 0 0 0 0 0 0 0 0 0
GPRESSURE: 0 0 0 0 0 0 0 0 0 0
ETITLE:      TS           BOND          ANGLE          DIHED          IMPRP               ELECT            VDW       BOUNDARY           MISC        KINETIC               TOTAL           TEMP      POTENTIAL         TOTAL3        TEMPAVG

ENERGY:       0      1118.1825      1711.7914      2082.6775       156.2956            -40.4127      -833.1809         0.0000      5483.7523      2957.2832          12636.3889       296.9515      9679.1057     12661.1409       296.9515

LDB: ============= START OF LOAD BALANCING ============== 2.18054
LDB: ============== END OF LOAD BALANCING =============== 2.18058
Info: useSync: 0 useProxySync: 0
LDB: =============== DONE WITH MIGRATION ================ 2.18067
LDB: ============= START OF LOAD BALANCING ============== 2.22755
LDB: Partitioning computes with target load 0.000000
LDB: Increased migratable compute count from 0 to 0
LDB: Largest unpartitionable compute is 0.000000
LDB: ============== END OF LOAD BALANCING =============== 2.22787
Info: build node-aware spanning tree with send: 1, recv: 0 with branch factor 4
Info: useSync: 0 useProxySync: 0
LDB: =============== DONE WITH MIGRATION ================ 2.22865
PRESSURE: 100 0 0 0 0 0 0 0 0 0
GPRESSURE: 100 0 0 0 0 0 0 0 0 0
PRESSAVG: 100 0 0 0 0 0 0 0 0 0
GPRESSAVG: 100 0 0 0 0 0 0 0 0 0
Info: Initial time: 42 CPUs 0.000578759 s/step 0.0066986 days/ns 823.625 MB memory
ENERGY:     100      1079.7718      1658.7795      2063.0242       158.4433            -40.7508      -824.4271         0.0000      5493.1630      2972.7156          12560.7196       298.5012      9588.0039     12587.6430       298.3683

LDB: ============= START OF LOAD BALANCING ============== 2.23979
LDB: ============== END OF LOAD BALANCING =============== 2.23983
Info: useSync: 0 useProxySync: 0
LDB: =============== DONE WITH MIGRATION ================ 2.23993
LDB: ============= START OF LOAD BALANCING ============== 2.2875
LDB: TIME 2.28772 LOAD: AVG 0.0142659 MAX 0.0268868  PROXIES: TOTAL 173 MAXPE 7 MAXPATCH 7 None MEM: 823.875 MB
LDB: TIME 2.28792 LOAD: AVG 0.0142659 MAX 0.0268868  PROXIES: TOTAL 173 MAXPE 7 MAXPATCH 7 TorusLB MEM: 823.938 MB
LDB: Reverting to original mapping
LDB: ============== END OF LOAD BALANCING =============== 2.28816
Info: build node-aware spanning tree with send: 1, recv: 0 with branch factor 4
Info: useSync: 0 useProxySync: 0
LDB: =============== DONE WITH MIGRATION ================ 2.28889
PRESSURE: 200 0 0 0 0 0 0 0 0 0
GPRESSURE: 200 0 0 0 0 0 0 0 0 0
PRESSAVG: 200 0 0 0 0 0 0 0 0 0
GPRESSAVG: 200 0 0 0 0 0 0 0 0 0
Info: Initial time: 42 CPUs 0.000586441 s/step 0.00678752 days/ns 823.938 MB memory
ENERGY:     200      1081.1062      1693.3170      2077.6869       151.0554            -40.6499      -826.1799         0.0000      5490.3393      2938.7589          12565.4339       295.0914      9626.6749     12590.4863       296.0900

LDB: ============= START OF LOAD BALANCING ============== 2.34978
LDB: TIME 2.35001 LOAD: AVG 0.0179043 MAX 0.0352595  PROXIES: TOTAL 173 MAXPE 7 MAXPATCH 7 None MEM: 824.812 MB
LDB: TIME 2.35018 LOAD: AVG 0.0179043 MAX 0.0352595  PROXIES: TOTAL 173 MAXPE 7 MAXPATCH 7 RefineTorusLB MEM: 824.812 MB
LDB: TIME 2.35033 LOAD: AVG 0.0179043 MAX 0.0352595  PROXIES: TOTAL 173 MAXPE 7 MAXPATCH 7 RefineTorusLB MEM: 824.812 MB
LDB: ============== END OF LOAD BALANCING =============== 2.35056
Info: build node-aware spanning tree with send: 1, recv: 0 with branch factor 4
Info: useSync: 0 useProxySync: 0
LDB: =============== DONE WITH MIGRATION ================ 2.35128
PRESSURE: 300 0 0 0 0 0 0 0 0 0
GPRESSURE: 300 0 0 0 0 0 0 0 0 0
PRESSAVG: 300 0 0 0 0 0 0 0 0 0
GPRESSAVG: 300 0 0 0 0 0 0 0 0 0
Info: Initial time: 42 CPUs 0.000606862 s/step 0.00702386 days/ns 824.812 MB memory
ENERGY:     300      1056.1432      1728.4781      2070.9039       148.1547            -41.3315      -838.7571         0.0000      5496.5203      2937.6688          12557.7805       294.9820      9620.1117     12580.7185       294.9874

LDB: ============= START OF LOAD BALANCING ============== 2.4124
LDB: TIME 2.41263 LOAD: AVG 0.0178963 MAX 0.0346763  PROXIES: TOTAL 173 MAXPE 7 MAXPATCH 7 None MEM: 825.75 MB
LDB: TIME 2.4128 LOAD: AVG 0.0178963 MAX 0.0346763  PROXIES: TOTAL 173 MAXPE 7 MAXPATCH 7 RefineTorusLB MEM: 825.75 MB
LDB: TIME 2.41294 LOAD: AVG 0.0178963 MAX 0.0346763  PROXIES: TOTAL 173 MAXPE 7 MAXPATCH 7 RefineTorusLB MEM: 825.75 MB
LDB: Reverting to original mapping
LDB: ============== END OF LOAD BALANCING =============== 2.41318
Info: build node-aware spanning tree with send: 1, recv: 0 with branch factor 4
Info: useSync: 0 useProxySync: 0
LDB: =============== DONE WITH MIGRATION ================ 2.41394
PRESSURE: 400 0 0 0 0 0 0 0 0 0
GPRESSURE: 400 0 0 0 0 0 0 0 0 0
PRESSAVG: 400 0 0 0 0 0 0 0 0 0
GPRESSAVG: 400 0 0 0 0 0 0 0 0 0
Info: Benchmark time: 42 CPUs 0.000609954 s/step 0.00705966 days/ns 825.75 MB memory
ENERGY:     400      1054.8402      1703.9127      2071.4988       146.4649            -40.8761      -823.6200         0.0000      5480.1983      2937.9709          12530.3896       295.0123      9592.4187     12556.2613       295.4323

PRESSURE: 500 0 0 0 0 0 0 0 0 0
GPRESSURE: 500 0 0 0 0 0 0 0 0 0
PRESSAVG: 500 0 0 0 0 0 0 0 0 0
GPRESSAVG: 500 0 0 0 0 0 0 0 0 0
Info: Benchmark time: 42 CPUs 0.000609383 s/step 0.00705305 days/ns 826.5 MB memory
ENERGY:     500      1041.9254      1707.3086      2101.0340       140.5307            -41.9273      -827.7067         0.0000      5477.4395      2995.3754          12593.9796       300.7765      9598.6042     12617.0859       297.2362

PRESSURE: 600 0 0 0 0 0 0 0 0 0
GPRESSURE: 600 0 0 0 0 0 0 0 0 0
PRESSAVG: 600 0 0 0 0 0 0 0 0 0
GPRESSAVG: 600 0 0 0 0 0 0 0 0 0
Info: Benchmark time: 42 CPUs 0.000612586 s/step 0.00709011 days/ns 826.5 MB memory
ENERGY:     600      1094.9657      1689.1676      2077.6665       149.9888            -41.7448      -802.9228         0.0000      5491.3285      2969.4709          12627.9204       298.1753      9658.4495     12651.5280       298.5474

PRESSURE: 700 0 0 0 0 0 0 0 0 0
GPRESSURE: 700 0 0 0 0 0 0 0 0 0
PRESSAVG: 700 0 0 0 0 0 0 0 0 0
GPRESSAVG: 700 0 0 0 0 0 0 0 0 0
Info: Benchmark time: 42 CPUs 0.000610936 s/step 0.00707102 days/ns 826.5 MB memory
ENERGY:     700      1080.4785      1705.1409      2071.9218       131.7850            -40.4546      -828.7961         0.0000      5495.5294      3014.6448          12630.2497       302.7114      9615.6049     12657.2359       298.8458

PRESSURE: 800 0 0 0 0 0 0 0 0 0
GPRESSURE: 800 0 0 0 0 0 0 0 0 0
PRESSAVG: 800 0 0 0 0 0 0 0 0 0
GPRESSAVG: 800 0 0 0 0 0 0 0 0 0
Info: Benchmark time: 42 CPUs 0.00058635 s/step 0.00678646 days/ns 826.5 MB memory
ENERGY:     800      1106.8390      1724.2582      2070.7958       133.2886            -40.3379      -786.6035         0.0000      5494.4528      2945.3166          12648.0096       295.7499      9702.6930     12667.7012       299.3624

PRESSURE: 900 0 0 0 0 0 0 0 0 0
GPRESSURE: 900 0 0 0 0 0 0 0 0 0
PRESSAVG: 900 0 0 0 0 0 0 0 0 0
GPRESSAVG: 900 0 0 0 0 0 0 0 0 0
Info: Benchmark time: 42 CPUs 0.000564137 s/step 0.00652936 days/ns 826.5 MB memory
ENERGY:     900      1095.0027      1719.4728      2063.4653       148.1322            -40.0568      -781.7665         0.0000      5488.8683      2956.1592          12649.2773       296.8387      9693.1180     12674.1131       298.6273

OPENING COORDINATE DCD FILE
WRITING COORDINATES TO DCD FILE adk-step1.dcd AT STEP 1000
WRITING COORDINATES TO RESTART FILE AT STEP 1000
FINISHED WRITING RESTART COORDINATES
The last position output (seq=1000) takes 0.032 seconds, 826.500 MB of memory in use
PRESSURE: 1000 0 0 0 0 0 0 0 0 0
GPRESSURE: 1000 0 0 0 0 0 0 0 0 0
PRESSAVG: 1000 0 0 0 0 0 0 0 0 0
GPRESSAVG: 1000 0 0 0 0 0 0 0 0 0
TIMING: 1000  CPU: 0.628793, 0.000609415/step  Wall: 0.659832, 0.000639929/step, 0.000711032 hours remaining, 826.687500 MB of memory in use.
ETITLE:      TS           BOND          ANGLE          DIHED          IMPRP               ELECT            VDW       BOUNDARY           MISC        KINETIC               TOTAL           TEMP      POTENTIAL         TOTAL3        TEMPAVG

ENERGY:    1000      1112.1566      1723.3824      2064.1476       150.3555            -39.8487      -814.6011         0.0000      5493.7282      2971.0042          12660.3248       298.3293      9689.3206     12688.1708       300.7056

WRITING EXTENDED SYSTEM TO RESTART FILE AT STEP 1000
WRITING VELOCITIES TO RESTART FILE AT STEP 1000
FINISHED WRITING RESTART VELOCITIES
The last velocity output (seq=1000) takes 0.002 seconds, 826.688 MB of memory in use
PRESSURE: 1100 0 0 0 0 0 0 0 0 0
GPRESSURE: 1100 0 0 0 0 0 0 0 0 0
PRESSAVG: 1100 0 0 0 0 0 0 0 0 0
GPRESSAVG: 1100 0 0 0 0 0 0 0 0 0
ENERGY:    1100      1099.2678      1732.7488      2066.5408       141.7953            -40.4528      -826.5492         0.0000      5489.4622      2948.4256          12611.2384       296.0621      9662.8128     12635.3545       298.7697

PRESSURE: 1200 0 0 0 0 0 0 0 0 0
GPRESSURE: 1200 0 0 0 0 0 0 0 0 0
PRESSAVG: 1200 0 0 0 0 0 0 0 0 0
GPRESSAVG: 1200 0 0 0 0 0 0 0 0 0
ENERGY:    1200      1084.9050      1693.8139      2088.0092       156.4565            -40.5826      -817.4816         0.0000      5485.7943      2972.1272          12623.0420       298.4421      9650.9148     12647.6816       300.4028

PRESSURE: 1300 0 0 0 0 0 0 0 0 0
GPRESSURE: 1300 0 0 0 0 0 0 0 0 0
PRESSAVG: 1300 0 0 0 0 0 0 0 0 0
GPRESSAVG: 1300 0 0 0 0 0 0 0 0 0
ENERGY:    1300      1095.2486      1671.9574      2086.8451       145.6838            -41.5789      -837.9094         0.0000      5485.8304      3048.0126          12654.0895       306.0620      9606.0769     12680.8005       299.3841

PRESSURE: 1400 0 0 0 0 0 0 0 0 0
GPRESSURE: 1400 0 0 0 0 0 0 0 0 0
PRESSAVG: 1400 0 0 0 0 0 0 0 0 0
GPRESSAVG: 1400 0 0 0 0 0 0 0 0 0
ENERGY:    1400      1074.9204      1716.2788      2068.4450       135.6844            -41.7853      -792.3748         0.0000      5484.6645      2984.3877          12630.2207       299.6732      9645.8330     12652.7633       298.3327

PRESSURE: 1500 0 0 0 0 0 0 0 0 0
GPRESSURE: 1500 0 0 0 0 0 0 0 0 0
PRESSAVG: 1500 0 0 0 0 0 0 0 0 0
GPRESSAVG: 1500 0 0 0 0 0 0 0 0 0
ENERGY:    1500      1066.2884      1749.7847      2080.9724       142.8451            -41.7801      -814.5627         0.0000      5484.8475      2969.1014          12637.4966       298.1382      9668.3952     12662.2944       299.9574

PRESSURE: 1600 0 0 0 0 0 0 0 0 0
GPRESSURE: 1600 0 0 0 0 0 0 0 0 0
PRESSAVG: 1600 0 0 0 0 0 0 0 0 0
GPRESSAVG: 1600 0 0 0 0 0 0 0 0 0
ENERGY:    1600      1117.8155      1699.5042      2107.9225       155.0333            -42.6673      -799.5648         0.0000      5489.0526      2949.5312          12676.6273       296.1731      9727.0960     12697.6066       300.5269

PRESSURE: 1700 0 0 0 0 0 0 0 0 0
GPRESSURE: 1700 0 0 0 0 0 0 0 0 0
PRESSAVG: 1700 0 0 0 0 0 0 0 0 0
GPRESSAVG: 1700 0 0 0 0 0 0 0 0 0
ENERGY:    1700      1049.7104      1658.2933      2058.9187       142.4237            -43.2556      -830.5417         0.0000      5488.7990      3105.9756          12630.3233       311.8823      9524.3477     12655.2701       300.3789

PRESSURE: 1800 0 0 0 0 0 0 0 0 0
GPRESSURE: 1800 0 0 0 0 0 0 0 0 0
PRESSAVG: 1800 0 0 0 0 0 0 0 0 0
GPRESSAVG: 1800 0 0 0 0 0 0 0 0 0
ENERGY:    1800      1127.8753      1686.3516      2069.4229       142.8140            -41.5318      -820.7815         0.0000      5482.6146      3008.5820          12655.3470       302.1026      9646.7650     12681.5516       299.2832

PRESSURE: 1900 0 0 0 0 0 0 0 0 0
GPRESSURE: 1900 0 0 0 0 0 0 0 0 0
PRESSAVG: 1900 0 0 0 0 0 0 0 0 0
GPRESSAVG: 1900 0 0 0 0 0 0 0 0 0
ENERGY:    1900      1134.2723      1690.6444      2065.3211       148.1358            -42.6052      -799.7050         0.0000      5482.8619      2962.8621          12641.7873       297.5117      9678.9252     12666.6301       302.1917

WRITING COORDINATES TO DCD FILE adk-step1.dcd AT STEP 2000
WRITING COORDINATES TO RESTART FILE AT STEP 2000
FINISHED WRITING RESTART COORDINATES
The last position output (seq=2000) takes 0.003 seconds, 826.688 MB of memory in use
PRESSURE: 2000 0 0 0 0 0 0 0 0 0
GPRESSURE: 2000 0 0 0 0 0 0 0 0 0
PRESSAVG: 2000 0 0 0 0 0 0 0 0 0
GPRESSAVG: 2000 0 0 0 0 0 0 0 0 0
TIMING: 2000  CPU: 1.17214, 0.000543352/step  Wall: 1.20693, 0.000547098/step, 0.000455915 hours remaining, 826.687500 MB of memory in use.
ETITLE:      TS           BOND          ANGLE          DIHED          IMPRP               ELECT            VDW       BOUNDARY           MISC        KINETIC               TOTAL           TEMP      POTENTIAL         TOTAL3        TEMPAVG

ENERGY:    2000      1149.3463      1681.9878      2072.5472       149.0961            -42.0451      -819.6787         0.0000      5482.9264      2990.3545          12664.5345       300.2723      9674.1800     12686.6998       303.3899

WRITING EXTENDED SYSTEM TO RESTART FILE AT STEP 2000
WRITING VELOCITIES TO RESTART FILE AT STEP 2000
FINISHED WRITING RESTART VELOCITIES
The last velocity output (seq=2000) takes 0.002 seconds, 826.688 MB of memory in use
PRESSURE: 2100 0 0 0 0 0 0 0 0 0
GPRESSURE: 2100 0 0 0 0 0 0 0 0 0
PRESSAVG: 2100 0 0 0 0 0 0 0 0 0
GPRESSAVG: 2100 0 0 0 0 0 0 0 0 0
ENERGY:    2100      1164.2234      1687.7635      2051.3159       155.8869            -41.3788      -833.6129         0.0000      5483.2581      2996.0868          12663.5428       300.8479      9667.4560     12687.2558       301.5471

PRESSURE: 2200 0 0 0 0 0 0 0 0 0
GPRESSURE: 2200 0 0 0 0 0 0 0 0 0
PRESSAVG: 2200 0 0 0 0 0 0 0 0 0
GPRESSAVG: 2200 0 0 0 0 0 0 0 0 0
ENERGY:    2200      1106.8035      1717.2157      2080.3046       162.1664            -41.1387      -837.7033         0.0000      5474.2342      2974.9194          12636.8018       298.7224      9661.8824     12658.4633       299.8009

PRESSURE: 2300 0 0 0 0 0 0 0 0 0
GPRESSURE: 2300 0 0 0 0 0 0 0 0 0
PRESSAVG: 2300 0 0 0 0 0 0 0 0 0
GPRESSAVG: 2300 0 0 0 0 0 0 0 0 0
ENERGY:    2300      1142.2731      1725.9317      2083.1862       152.3723            -41.7397      -813.4259         0.0000      5471.9345      2997.4049          12717.9370       300.9803      9720.5321     12739.7836       300.4694

PRESSURE: 2400 0 0 0 0 0 0 0 0 0
GPRESSURE: 2400 0 0 0 0 0 0 0 0 0
PRESSAVG: 2400 0 0 0 0 0 0 0 0 0
GPRESSAVG: 2400 0 0 0 0 0 0 0 0 0
ENERGY:    2400      1168.0604      1663.2366      2080.6137       148.1140            -42.2653      -846.0195         0.0000      5478.6954      3005.4342          12655.8695       301.7865      9650.4353     12680.1734       303.1510

PRESSURE: 2500 0 0 0 0 0 0 0 0 0
GPRESSURE: 2500 0 0 0 0 0 0 0 0 0
PRESSAVG: 2500 0 0 0 0 0 0 0 0 0
GPRESSAVG: 2500 0 0 0 0 0 0 0 0 0
ENERGY:    2500      1111.7713      1675.7067      2066.6864       153.8990            -42.2706      -831.7759         0.0000      5466.9617      3014.7036          12615.6821       302.7173      9600.9785     12640.7466       301.6017

PRESSURE: 2600 0 0 0 0 0 0 0 0 0
GPRESSURE: 2600 0 0 0 0 0 0 0 0 0
PRESSAVG: 2600 0 0 0 0 0 0 0 0 0
GPRESSAVG: 2600 0 0 0 0 0 0 0 0 0
ENERGY:    2600      1126.9370      1660.7644      2062.4047       152.8364            -41.6624      -826.9942         0.0000      5455.1597      2973.8305          12563.2761       298.6131      9589.4456     12589.2582       299.6784

PRESSURE: 2700 0 0 0 0 0 0 0 0 0
GPRESSURE: 2700 0 0 0 0 0 0 0 0 0
PRESSAVG: 2700 0 0 0 0 0 0 0 0 0
GPRESSAVG: 2700 0 0 0 0 0 0 0 0 0
ENERGY:    2700      1094.4962      1674.2550      2073.3179       133.8540            -42.3218      -838.8524         0.0000      5455.8044      3038.1932          12588.7466       305.0760      9550.5534     12617.0067       298.9256

PRESSURE: 2800 0 0 0 0 0 0 0 0 0
GPRESSURE: 2800 0 0 0 0 0 0 0 0 0
PRESSAVG: 2800 0 0 0 0 0 0 0 0 0
GPRESSAVG: 2800 0 0 0 0 0 0 0 0 0
ENERGY:    2800      1080.3483      1720.7729      2085.0278       155.3880            -41.6138      -815.2187         0.0000      5449.7631      3047.5692          12682.0368       306.0175      9634.4677     12709.1581       303.0485

PRESSURE: 2900 0 0 0 0 0 0 0 0 0
GPRESSURE: 2900 0 0 0 0 0 0 0 0 0
PRESSAVG: 2900 0 0 0 0 0 0 0 0 0
GPRESSAVG: 2900 0 0 0 0 0 0 0 0 0
ENERGY:    2900      1106.9705      1705.0057      2075.7818       152.5323            -41.3390      -815.4961         0.0000      5448.6845      3001.2256          12633.3652       301.3639      9632.1396     12657.3194       301.9426

WRITING COORDINATES TO DCD FILE adk-step1.dcd AT STEP 3000
WRITING COORDINATES TO RESTART FILE AT STEP 3000
FINISHED WRITING RESTART COORDINATES
The last position output (seq=3000) takes 0.003 seconds, 826.688 MB of memory in use
PRESSURE: 3000 0 0 0 0 0 0 0 0 0
GPRESSURE: 3000 0 0 0 0 0 0 0 0 0
PRESSAVG: 3000 0 0 0 0 0 0 0 0 0
GPRESSAVG: 3000 0 0 0 0 0 0 0 0 0
TIMING: 3000  CPU: 1.70957, 0.000537425/step  Wall: 1.74906, 0.00054213/step, 0.000301183 hours remaining, 826.687500 MB of memory in use.
ETITLE:      TS           BOND          ANGLE          DIHED          IMPRP               ELECT            VDW       BOUNDARY           MISC        KINETIC               TOTAL           TEMP      POTENTIAL         TOTAL3        TEMPAVG

ENERGY:    3000      1089.2836      1740.1953      2074.1683       155.0928            -41.3429      -815.6038         0.0000      5446.7497      2993.6268          12642.1698       300.6009      9648.5430     12664.4519       301.9426

WRITING EXTENDED SYSTEM TO RESTART FILE AT STEP 3000
WRITING VELOCITIES TO RESTART FILE AT STEP 3000
FINISHED WRITING RESTART VELOCITIES
The last velocity output (seq=3000) takes 0.002 seconds, 826.688 MB of memory in use
PRESSURE: 3100 0 0 0 0 0 0 0 0 0
GPRESSURE: 3100 0 0 0 0 0 0 0 0 0
PRESSAVG: 3100 0 0 0 0 0 0 0 0 0
GPRESSAVG: 3100 0 0 0 0 0 0 0 0 0
ENERGY:    3100      1158.8327      1708.1052      2036.8031       145.5767            -41.2225      -810.3911         0.0000      5458.9542      3045.7581          12702.4165       305.8356      9656.6584     12726.9889       303.4624

PRESSURE: 3200 0 0 0 0 0 0 0 0 0
GPRESSURE: 3200 0 0 0 0 0 0 0 0 0
PRESSAVG: 3200 0 0 0 0 0 0 0 0 0
GPRESSAVG: 3200 0 0 0 0 0 0 0 0 0
ENERGY:    3200      1138.4154      1717.0673      2074.1034       142.4882            -41.6549      -826.6825         0.0000      5461.7849      2955.5473          12621.0691       296.7772      9665.5217     12645.7017       302.1917

PRESSURE: 3300 0 0 0 0 0 0 0 0 0
GPRESSURE: 3300 0 0 0 0 0 0 0 0 0
PRESSAVG: 3300 0 0 0 0 0 0 0 0 0
GPRESSAVG: 3300 0 0 0 0 0 0 0 0 0
ENERGY:    3300      1119.4859      1678.9980      2074.9823       142.4813            -40.5056      -830.7330         0.0000      5446.8803      3014.8878          12606.4771       302.7358      9591.5893     12634.8236       300.3135

PRESSURE: 3400 0 0 0 0 0 0 0 0 0
GPRESSURE: 3400 0 0 0 0 0 0 0 0 0
PRESSAVG: 3400 0 0 0 0 0 0 0 0 0
GPRESSAVG: 3400 0 0 0 0 0 0 0 0 0
ENERGY:    3400      1133.1997      1719.6823      2072.6926       147.2281            -41.3484      -812.1989         0.0000      5442.4751      2969.1617          12630.8921       298.1443      9661.7305     12657.9610       302.0253

PRESSURE: 3500 0 0 0 0 0 0 0 0 0
GPRESSURE: 3500 0 0 0 0 0 0 0 0 0
PRESSAVG: 3500 0 0 0 0 0 0 0 0 0
GPRESSAVG: 3500 0 0 0 0 0 0 0 0 0
ENERGY:    3500      1113.5962      1697.6026      2042.6191       145.3240            -40.7581      -814.4512         0.0000      5453.5360      2992.1030          12589.5717       300.4479      9597.4686     12611.1331       300.9995

PRESSURE: 3600 0 0 0 0 0 0 0 0 0
GPRESSURE: 3600 0 0 0 0 0 0 0 0 0
PRESSAVG: 3600 0 0 0 0 0 0 0 0 0
GPRESSAVG: 3600 0 0 0 0 0 0 0 0 0
ENERGY:    3600      1079.8307      1693.1211      2069.1110       140.5012            -40.2690      -829.3526         0.0000      5456.0786      2961.7116          12530.7327       297.3962      9569.0211     12554.3885       298.5520

PRESSURE: 3700 0 0 0 0 0 0 0 0 0
GPRESSURE: 3700 0 0 0 0 0 0 0 0 0
PRESSAVG: 3700 0 0 0 0 0 0 0 0 0
GPRESSAVG: 3700 0 0 0 0 0 0 0 0 0
ENERGY:    3700      1085.9852      1670.9018      2058.8696       159.7735            -41.0421      -802.8857         0.0000      5452.6775      2974.5147          12558.7944       298.6818      9584.2797     12581.8681       297.7412

PRESSURE: 3800 0 0 0 0 0 0 0 0 0
GPRESSURE: 3800 0 0 0 0 0 0 0 0 0
PRESSAVG: 3800 0 0 0 0 0 0 0 0 0
GPRESSAVG: 3800 0 0 0 0 0 0 0 0 0
ENERGY:    3800      1149.4741      1658.9870      2094.8784       150.0733            -40.1980      -831.1659         0.0000      5446.6567      2917.3391          12546.0447       292.9406      9628.7056     12569.3658       297.4161

PRESSURE: 3900 0 0 0 0 0 0 0 0 0
GPRESSURE: 3900 0 0 0 0 0 0 0 0 0
PRESSAVG: 3900 0 0 0 0 0 0 0 0 0
GPRESSAVG: 3900 0 0 0 0 0 0 0 0 0
ENERGY:    3900      1095.8124      1694.3985      2063.8114       158.3334            -39.9923      -830.5362         0.0000      5437.3129      3038.4525          12617.5927       305.1020      9579.1402     12641.9456       299.9100

PRESSURE: 4000 0 0 0 0 0 0 0 0 0
GPRESSURE: 4000 0 0 0 0 0 0 0 0 0
PRESSAVG: 4000 0 0 0 0 0 0 0 0 0
GPRESSAVG: 4000 0 0 0 0 0 0 0 0 0
TIMING: 4000  CPU: 2.27715, 0.000567584/step  Wall: 2.31932, 0.000570258/step, 0.000158405 hours remaining, 826.687500 MB of memory in use.
ETITLE:      TS           BOND          ANGLE          DIHED          IMPRP               ELECT            VDW       BOUNDARY           MISC        KINETIC               TOTAL           TEMP      POTENTIAL         TOTAL3        TEMPAVG

ENERGY:    4000      1117.0074      1700.9936      2043.9938       158.5352            -40.8566      -806.3518         0.0000      5439.0977      3008.3255          12620.7449       302.0769      9612.4194     12646.8387       302.2594

WRITING EXTENDED SYSTEM TO RESTART FILE AT STEP 4000
WRITING VELOCITIES TO RESTART FILE AT STEP 4000
FINISHED WRITING RESTART VELOCITIES
The last velocity output (seq=4000) takes 0.002 seconds, 826.688 MB of memory in use
WRITING COORDINATES TO DCD FILE adk-step1.dcd AT STEP 4000
WRITING COORDINATES TO RESTART FILE AT STEP 4000
FINISHED WRITING RESTART COORDINATES
The last position output (seq=4000) takes 0.002 seconds, 826.688 MB of memory in use
PRESSURE: 4100 0 0 0 0 0 0 0 0 0
GPRESSURE: 4100 0 0 0 0 0 0 0 0 0
PRESSAVG: 4100 0 0 0 0 0 0 0 0 0
GPRESSAVG: 4100 0 0 0 0 0 0 0 0 0
ENERGY:    4100      1113.8708      1723.4815      2072.5054       147.5598            -41.0932      -805.0214         0.0000      5441.8824      3041.5785          12694.7639       305.4159      9653.1854     12717.0374       304.1726

PRESSURE: 4200 0 0 0 0 0 0 0 0 0
GPRESSURE: 4200 0 0 0 0 0 0 0 0 0
PRESSAVG: 4200 0 0 0 0 0 0 0 0 0
GPRESSAVG: 4200 0 0 0 0 0 0 0 0 0
ENERGY:    4200      1155.8137      1700.5704      2034.2805       144.8019            -41.7686      -806.0775         0.0000      5430.8450      3006.3226          12624.7879       301.8758      9618.4653     12648.4930       304.8801

LDB: ============= START OF LOAD BALANCING ============== 4.6456
LDB: ============== END OF LOAD BALANCING =============== 4.64567
Info: useSync: 0 useProxySync: 0
LDB: =============== DONE WITH MIGRATION ================ 4.64577
PRESSURE: 4300 0 0 0 0 0 0 0 0 0
GPRESSURE: 4300 0 0 0 0 0 0 0 0 0
PRESSAVG: 4300 0 0 0 0 0 0 0 0 0
GPRESSAVG: 4300 0 0 0 0 0 0 0 0 0
ENERGY:    4300      1106.4175      1740.9542      2074.2604       156.0056            -41.8245      -819.7959         0.0000      5433.9343      2932.2966          12582.2480       294.4425      9649.9515     12606.5354       300.5761

LDB: ============= START OF LOAD BALANCING ============== 4.70636
LDB: TIME 4.70663 LOAD: AVG 0.0179526 MAX 0.0333701  PROXIES: TOTAL 173 MAXPE 7 MAXPATCH 7 None MEM: 826.688 MB
LDB: TIME 4.70683 LOAD: AVG 0.0179526 MAX 0.0333701  PROXIES: TOTAL 173 MAXPE 7 MAXPATCH 7 RefineTorusLB MEM: 826.812 MB
LDB: TIME 4.70697 LOAD: AVG 0.0179526 MAX 0.0333701  PROXIES: TOTAL 173 MAXPE 7 MAXPATCH 7 RefineTorusLB MEM: 826.812 MB
LDB: Reverting to original mapping
LDB: ============== END OF LOAD BALANCING =============== 4.70721
Info: build node-aware spanning tree with send: 1, recv: 0 with branch factor 4
Info: useSync: 0 useProxySync: 0
LDB: =============== DONE WITH MIGRATION ================ 4.70795
PRESSURE: 4400 0 0 0 0 0 0 0 0 0
GPRESSURE: 4400 0 0 0 0 0 0 0 0 0
PRESSAVG: 4400 0 0 0 0 0 0 0 0 0
GPRESSAVG: 4400 0 0 0 0 0 0 0 0 0
ENERGY:    4400      1119.3596      1672.3915      2073.0965       147.3409            -40.9665      -805.7450         0.0000      5433.6188      2956.3657          12555.4613       296.8594      9599.0956     12579.3065       298.1353

PRESSURE: 4500 0 0 0 0 0 0 0 0 0
GPRESSURE: 4500 0 0 0 0 0 0 0 0 0
PRESSAVG: 4500 0 0 0 0 0 0 0 0 0
GPRESSAVG: 4500 0 0 0 0 0 0 0 0 0
ENERGY:    4500      1074.1366      1670.0285      2059.4124       169.8188            -41.0928      -801.1285         0.0000      5432.9787      3000.0481          12564.2018       301.2457      9564.1537     12587.8034       298.6018

PRESSURE: 4600 0 0 0 0 0 0 0 0 0
GPRESSURE: 4600 0 0 0 0 0 0 0 0 0
PRESSAVG: 4600 0 0 0 0 0 0 0 0 0
GPRESSAVG: 4600 0 0 0 0 0 0 0 0 0
ENERGY:    4600      1124.8094      1661.2970      2066.4987       145.8560            -41.4383      -811.9262         0.0000      5442.9830      3000.6981          12588.7778       301.3110      9588.0796     12610.2652       299.8917

PRESSURE: 4700 0 0 0 0 0 0 0 0 0
GPRESSURE: 4700 0 0 0 0 0 0 0 0 0
PRESSAVG: 4700 0 0 0 0 0 0 0 0 0
GPRESSAVG: 4700 0 0 0 0 0 0 0 0 0
ENERGY:    4700      1094.7575      1730.4071      2056.8854       146.1523            -40.6897      -816.2103         0.0000      5432.2908      3024.7372          12628.3304       303.7248      9603.5932     12652.0924       301.5983

PRESSURE: 4800 0 0 0 0 0 0 0 0 0
GPRESSURE: 4800 0 0 0 0 0 0 0 0 0
PRESSAVG: 4800 0 0 0 0 0 0 0 0 0
GPRESSAVG: 4800 0 0 0 0 0 0 0 0 0
ENERGY:    4800      1087.7949      1695.3864      2051.2610       161.5635            -40.9482      -803.8510         0.0000      5425.4418      3039.5830          12616.2314       305.2156      9576.6484     12641.1918       300.8200

PRESSURE: 4900 0 0 0 0 0 0 0 0 0
GPRESSURE: 4900 0 0 0 0 0 0 0 0 0
PRESSAVG: 4900 0 0 0 0 0 0 0 0 0
GPRESSAVG: 4900 0 0 0 0 0 0 0 0 0
ENERGY:    4900      1091.0154      1705.6984      2095.0284       149.7253            -41.8982      -780.9787         0.0000      5421.8966      2967.4399          12607.9272       297.9714      9640.4873     12631.6053       301.8131

PRESSURE: 5000 0 0 0 0 0 0 0 0 0
GPRESSURE: 5000 0 0 0 0 0 0 0 0 0
PRESSAVG: 5000 0 0 0 0 0 0 0 0 0
GPRESSAVG: 5000 0 0 0 0 0 0 0 0 0
TIMING: 5000  CPU: 2.8465, 0.000569343/step  Wall: 2.89674, 0.000577418/step, 0 hours remaining, 826.812500 MB of memory in use.
ETITLE:      TS           BOND          ANGLE          DIHED          IMPRP               ELECT            VDW       BOUNDARY           MISC        KINETIC               TOTAL           TEMP      POTENTIAL         TOTAL3        TEMPAVG

ENERGY:    5000      1140.3266      1663.6838      2080.8568       158.2107            -42.3537      -837.2991         0.0000      5420.1121      2968.0798          12551.6169       298.0357      9583.5371     12571.6286       298.3315

WRITING EXTENDED SYSTEM TO RESTART FILE AT STEP 5000
WRITING VELOCITIES TO RESTART FILE AT STEP 5000
FINISHED WRITING RESTART VELOCITIES
The last velocity output (seq=5000) takes 0.002 seconds, 827.625 MB of memory in use
WRITING COORDINATES TO DCD FILE adk-step1.dcd AT STEP 5000
WRITING COORDINATES TO RESTART FILE AT STEP 5000
FINISHED WRITING RESTART COORDINATES
The last position output (seq=5000) takes 0.002 seconds, 827.625 MB of memory in use
WRITING EXTENDED SYSTEM TO OUTPUT FILE AT STEP 5000
WRITING COORDINATES TO OUTPUT FILE AT STEP 5000
CLOSING COORDINATE DCD FILE adk-step1.dcd
The last position output (seq=-2) takes 0.003 seconds, 827.625 MB of memory in use
WRITING VELOCITIES TO OUTPUT FILE AT STEP 5000
====================================================

WallClock: 5.057045  CPUTime: 3.626974  Memory: 827.625000 MB
End of program
