6_8_cc.dat
/gpfs/alpine/bip115/scratch/hrlee/radical.pilot.sandbox/re.session.login2.hrlee.018634.0000/pilot.0000/staging_area/6_8_cc.dat
6, 8
Choosing optimized barrier algorithm name I0:HybridBinomial:SHMEM:P2P
Converse/Charm++ Commit ID: v6.10.2-0-g7bf00fa-namd-charm-6.10.2-build-2020-Aug-05-556
Warning> Randomization of virtual memory (ASLR) is turned on in the kernel, thread migration may not work! Run 'echo 0 > /proc/sys/kernel/randomize_va_space' as root to disable it, or try running with '+isomalloc_sync'.
CharmLB> Load balancer assumes all CPUs are same.
Charm++> Running on 1 hosts (1 sockets x 7 cores x 4 PUs = 28-way SMP)
Charm++> cpu topology info is gathered in 0.012 seconds.
Info: Built with CUDA version 10010
Did not find +devices i,j,k,... argument, using all
Pe 38 physical rank 38 will use CUDA device of pe 35
Pe 2 physical rank 2 will use CUDA device of pe 4
Pe 10 physical rank 10 will use CUDA device of pe 7
Pe 41 physical rank 41 will use CUDA device of pe 35
Pe 12 physical rank 12 will use CUDA device of pe 7
Pe 39 physical rank 39 will use CUDA device of pe 35
Pe 6 physical rank 6 will use CUDA device of pe 4
Pe 11 physical rank 11 will use CUDA device of pe 7
Pe 31 physical rank 31 will use CUDA device of pe 28
Pe 25 physical rank 25 will use CUDA device of pe 21
Pe 37 physical rank 37 will use CUDA device of pe 35
Pe 3 physical rank 3 will use CUDA device of pe 4
Pe 13 physical rank 13 will use CUDA device of pe 7
Pe 33 physical rank 33 will use CUDA device of pe 28
Pe 27 physical rank 27 will use CUDA device of pe 21
Pe 15 physical rank 15 will use CUDA device of pe 14
Pe 5 physical rank 5 will use CUDA device of pe 4
Pe 9 physical rank 9 will use CUDA device of pe 7
Pe 32 physical rank 32 will use CUDA device of pe 28
Pe 23 physical rank 23 will use CUDA device of pe 21
Pe 16 physical rank 16 will use CUDA device of pe 14
Pe 30 physical rank 30 will use CUDA device of pe 28
Pe 26 physical rank 26 will use CUDA device of pe 21
Pe 19 physical rank 19 will use CUDA device of pe 14
Pe 34 physical rank 34 will use CUDA device of pe 28
Pe 24 physical rank 24 will use CUDA device of pe 21
Pe 40 physical rank 40 will use CUDA device of pe 35
Pe 18 physical rank 18 will use CUDA device of pe 14
Pe 8 physical rank 8 will use CUDA device of pe 7
Pe 29 physical rank 29 will use CUDA device of pe 28
Pe 22 physical rank 22 will use CUDA device of pe 21
Pe 36 physical rank 36 will use CUDA device of pe 35
Pe 20 physical rank 20 will use CUDA device of pe 14
Pe 1 physical rank 1 will use CUDA device of pe 4
Pe 17 physical rank 17 will use CUDA device of pe 14
Pe 0 physical rank 0 will use CUDA device of pe 4
Pe 4 physical rank 4 binding to CUDA device 0 on h14n11: 'Tesla V100-SXM2-16GB'  Mem: 16128MB  Rev: 7.0  PCI: 4:4:0
Pe 7 physical rank 7 binding to CUDA device 0 on h14n11: 'Tesla V100-SXM2-16GB'  Mem: 16128MB  Rev: 7.0  PCI: 4:5:0
Pe 28 physical rank 28 binding to CUDA device 0 on h14n11: 'Tesla V100-SXM2-16GB'  Mem: 16128MB  Rev: 7.0  PCI: 35:4:0
Pe 21 physical rank 21 binding to CUDA device 0 on h14n11: 'Tesla V100-SXM2-16GB'  Mem: 16128MB  Rev: 7.0  PCI: 35:3:0
Pe 35 physical rank 35 binding to CUDA device 0 on h14n11: 'Tesla V100-SXM2-16GB'  Mem: 16128MB  Rev: 7.0  PCI: 35:5:0
Pe 14 physical rank 14 binding to CUDA device 0 on h14n11: 'Tesla V100-SXM2-16GB'  Mem: 16128MB  Rev: 7.0  PCI: 4:6:0
Info: NAMD 2.14 for Linux-POWER-pami-smp-Summit-CUDA
Info: 
Info: Please visit http://www.ks.uiuc.edu/Research/namd/
Info: for updates, documentation, and support information.
Info: 
Info: Please cite Phillips et al., J. Chem. Phys. 153:044130 (2020) doi:10.1063/5.0014475
Info: in all publications reporting results obtained with NAMD.
Info: 
Info: Based on Charm++/Converse 61002 for pami-linux-ppc64le-smp
Info: Built Wed Aug 5 14:28:51 EDT 2020 by jimp on login2
Info: 1 NAMD  2.14  Linux-POWER-pami-smp-Summit-CUDA  42    h14n11  hrlee
Info: Running on 42 processors, 6 nodes, 1 physical nodes.
Info: CPU topology information available.
Info: Charm++/Converse parallel runtime startup completed at 1.50308 s
CkLoopLib is used in SMP with simple dynamic scheduling (converse-level notification)
Info: 791.688 MB of memory in use based on /proc/self/stat
Info: Configuration file is adk-step1.namd
Info: Working in the current directory /gpfs/alpine/bip115/scratch/hrlee/radical.pilot.sandbox/re.session.login2.hrlee.018634.0000/pilot.0000/unit.000600
TCL: Suspending until startup complete.
Info: SIMULATION PARAMETERS:
Info: TIMESTEP               1
Info: NUMBER OF STEPS        0
Info: STEPS PER CYCLE        20
Info: LOAD BALANCER  Centralized
Info: LOAD BALANCING STRATEGY  New Load Balancers -- DEFAULT
Info: LDB PERIOD             4000 steps
Info: FIRST LDB TIMESTEP     100
Info: LAST LDB TIMESTEP     -1
Info: LDB BACKGROUND SCALING 1
Info: HOM BACKGROUND SCALING 1
Info: MIN ATOMS PER PATCH    40
Info: VELOCITY FILE          6_8_adk-step1.restart.vel
Info: CENTER OF MASS MOVING INITIALLY? NO
Info: DIELECTRIC             80
Info: EXCLUDE                SCALED ONE-FOUR
Info: 1-4 ELECTROSTATICS SCALED BY 1
Info: MODIFIED 1-4 VDW PARAMETERS WILL BE USED
Info: DCD FILENAME           adk-step1.dcd
Info: DCD FREQUENCY          1000
Info: DCD FIRST STEP         1000
Info: NO EXTENDED SYSTEM TRAJECTORY OUTPUT
Info: NO VELOCITY DCD OUTPUT
Info: NO FORCE DCD OUTPUT
Info: OUTPUT FILENAME        adk-step1
Info: BINARY OUTPUT FILES WILL BE USED
Info: RESTART FILENAME       adk-step1.restart
Info: RESTART FREQUENCY      1000
Info: BINARY RESTART FILES WILL BE USED
Info: SWITCHING ACTIVE
Info: SWITCHING ON           9
Info: SWITCHING OFF          10
Info: PAIRLIST DISTANCE      11
Info: PAIRLIST SHRINK RATE   0.01
Info: PAIRLIST GROW RATE     0.01
Info: PAIRLIST TRIGGER       0.3
Info: PAIRLISTS PER CYCLE    2
Info: PAIRLISTS ENABLED
Info: MARGIN                 0
Info: HYDROGEN GROUP CUTOFF  2.5
Info: PATCH DIMENSION        13.5
Info: ENERGY OUTPUT STEPS    100
Info: CROSSTERM ENERGY INCLUDED IN DIHEDRAL
Info: TIMING OUTPUT STEPS    1000
Info: PRESSURE OUTPUT STEPS  100
Info: GRID FORCE ACTIVE
Info:  Please include this reference in published work using
Info:  the Gridforce module of NAMD: David Wells, Volha Abramkina,
Info:  and Aleksei Aksimentiev, J. Chem. Phys. 127:125101-10 (2007).
Info: MGRIDFORCE key 0
Info:            Potfile 4ake-target_autopsf-grid.dx
Info:            Scale 0.3 0.3 0.3
Info:            File 1ake-docked-noh_autopsf-grid.pdb
Info:            Col O
Info:            ChargeCol B
Info:            VOffset 0 0 0
Info:            Continuous K1 FALSE
Info:            Continuous K2 FALSE
Info:            Continuous K3 FALSE
Info:            Volts FALSE
Info:            Gridforce-Lite FALSE
Info:            Gridforce-CheckSize TRUE
Info: LANGEVIN DYNAMICS ACTIVE
Info: LANGEVIN TEMPERATURE   300
Info: LANGEVIN USING BBK INTEGRATOR
Info: LANGEVIN DAMPING COEFFICIENT IS 5 INVERSE PS
Info: LANGEVIN DYNAMICS NOT APPLIED TO HYDROGENS
Info: USING VERLET I (r-RESPA) MTS SCHEME.
Info: C1 SPLITTING OF LONG RANGE ELECTROSTATICS
Info: PLACING ATOMS IN PATCHES BY HYDROGEN GROUPS
Info: RIGID BONDS TO HYDROGEN : WATER
Info:         ERROR TOLERANCE : 1e-08
Info:          MAX ITERATIONS : 100
Info: RIGID WATER USING SETTLE ALGORITHM
Info: NONBONDED FORCES EVALUATED EVERY 2 STEPS
Info: RANDOM NUMBER SEED     1609984235
Info: USE HYDROGEN BONDS?    NO
Info: COORDINATE PDB         1ake-docked-noh_autopsf.pdb
Info: STRUCTURE FILE         1ake-docked-noh_autopsf.psf
Info: PARAMETER file: CHARMM format! 
Info: PARAMETERS             par_all36_prot.prm
Info: USING ARITHMETIC MEAN TO COMBINE L-J SIGMA PARAMETERS
Info: BINARY COORDINATES     6_8_adk-step1.restart.coor
Info: SUMMARY OF PARAMETERS:
Info: 132 BONDS
Info: 362 ANGLES
Info: 702 DIHEDRAL
Info: 35 IMPROPER
Info: 6 CROSSTERM
Info: 53 VDW
Info: 0 VDW_PAIRS
Info: 0 NBTHOLE_PAIRS
Info: TIME FOR READING PSF FILE: 0.296372
Info: READING EXTRA BONDS FILE 1ake-extrabonds.txt
Info: READING EXTRA BONDS FILE 1ake-extrabonds-cispeptide.txt
Info: READING EXTRA BONDS FILE 1ake-extrabonds-chirality.txt
Info: READ 80 EXTRA BONDS
Info: READ 80 EXTRA ANGLES
Warning: EXTRA ANGLES ARE COSINE-BASED BY DEFAULT TO MATCH PREVIOUS VERSIONS
Warning: FOR NORMAL HARMONIC EXTRA ANGLES SET extraBondsCosAngles off
Info: READ 493 EXTRA DIHEDRALS
Info: READ 438 EXTRA IMPROPERS
Info: Reading pdb file 1ake-docked-noh_autopsf.pdb
Info: TIME FOR READING PDB FILE: 0.0122576
Info: 
Info: ****************************
Info: STRUCTURE SUMMARY:
Info: 3341 ATOMS
Info: 3445 BONDS
Info: 6203 ANGLES
Info: 9414 DIHEDRALS
Info: 1005 IMPROPERS
Info: 212 CROSSTERMS
Info: 0 EXCLUSIONS
Info: 0 RIGID BONDS
Info: 1 GRIDS ACTIVE
Info: 10023 DEGREES OF FREEDOM
Info: 1656 HYDROGEN GROUPS
Info: 4 ATOMS IN LARGEST HYDROGEN GROUP
Info: 1656 MIGRATION GROUPS
Info: 4 ATOMS IN LARGEST MIGRATION GROUP
Info: TOTAL MASS = 23582 amu
Info: TOTAL CHARGE = -4 e
Info: *****************************
Info: Reading from binary file 6_8_adk-step1.restart.coor
Info: 
Info: Entering startup at 2.28118 s, 799.625 MB of memory in use
Info: Startup phase 0 took 0.000195949 s, 799.75 MB of memory in use
Info: ADDED 18308 IMPLICIT EXCLUSIONS
Info: Startup phase 1 took 0.00836702 s, 799.875 MB of memory in use
Info: NONBONDED TABLE R-SQUARED SPACING: 0.0625
Info: NONBONDED TABLE SIZE: 705 POINTS
Info: ABSOLUTE IMPRECISION IN FAST TABLE ENERGY: 3.38813e-21 AT 9.89634
Info: RELATIVE IMPRECISION IN FAST TABLE ENERGY: 4.23384e-15 AT 9.94673
Info: ABSOLUTE IMPRECISION IN FAST TABLE FORCE: 6.35275e-22 AT 9.94673
Info: RELATIVE IMPRECISION IN FAST TABLE FORCE: 5.07982e-16 AT 9.94673
Info: INCONSISTENCY IN FAST TABLE ENERGY VS FORCE: 0.000290185 AT 0.251946
Info: ABSOLUTE IMPRECISION IN VDWA TABLE ENERGY: 1.57772e-30 AT 9.89634
Info: RELATIVE IMPRECISION IN VDWA TABLE ENERGY: 4.54938e-15 AT 9.94673
Info: ABSOLUTE IMPRECISION IN VDWA TABLE FORCE: 5.91646e-31 AT 9.94673
Info: RELATIVE IMPRECISION IN VDWA TABLE FORCE: 5.6823e-16 AT 9.94673
Info: INCONSISTENCY IN VDWA TABLE ENERGY VS FORCE: 0.0040507 AT 0.251946
Info: ABSOLUTE IMPRECISION IN VDWB TABLE ENERGY: 4.71751e-25 AT 9.94673
Info: RELATIVE IMPRECISION IN VDWB TABLE ENERGY: 1.45371e-14 AT 9.94673
Info: ABSOLUTE IMPRECISION IN VDWB TABLE FORCE: 6.20385e-25 AT 9.94673
Info: RELATIVE IMPRECISION IN VDWB TABLE FORCE: 5.97512e-16 AT 9.94673
Info: INCONSISTENCY IN VDWB TABLE ENERGY VS FORCE: 0.00377068 AT 9.07951
Info: Startup phase 2 took 0.000443401 s, 800.812 MB of memory in use
Info: Startup phase 3 took 0.000159624 s, 800.875 MB of memory in use
Info: Startup phase 4 took 0.000256151 s, 801 MB of memory in use
Info: Startup phase 5 took 0.00014722 s, 801 MB of memory in use
Info: ORIGINAL ATOMS MINMAX IS -20.8148 -33.3297 -37.3586  17.5085 25.6688 17.012
Info: ADJUSTED ATOMS MINMAX IS -15.6412 -27.9635 -32.9637  11.4408 15.7123 9.06494
Info: PATCH GRID IS 3 BY 4 BY 4
Info: PATCH GRID IS 1-AWAY BY 1-AWAY BY 1-AWAY
Info: Reading from binary file 6_8_adk-step1.restart.vel
Info: REMOVING COM VELOCITY -0.0651158 -0.15701 0.115345
Info: LARGEST PATCH (16) HAS 220 ATOMS
Info: TORUS A SIZE 1 USING 0
Info: TORUS B SIZE 1 USING 0
Info: TORUS C SIZE 1 USING 0
Info: TORUS MINIMAL MESH SIZE IS 1 BY 1 BY 1
Info: Placed 100% of base nodes on same physical node as patch
Info: Startup phase 6 took 0.00752691 s, 801.125 MB of memory in use
Info: Startup phase 7 took 0.000191562 s, 801.938 MB of memory in use
Info: Updated CUDA force table with 4096 elements.
Info: Updated CUDA force table with 4096 elements.
Info: Updated CUDA LJ table with 53 x 53 elements.
Info: Updated CUDA LJ table with 53 x 53 elements.
Info: Updated CUDA force table with 4096 elements.
Info: Updated CUDA LJ table with 53 x 53 elements.
Info: Updated CUDA force table with 4096 elements.
Info: Updated CUDA LJ table with 53 x 53 elements.
Info: Updated CUDA force table with 4096 elements.
Info: Updated CUDA LJ table with 53 x 53 elements.
Info: Updated CUDA force table with 4096 elements.
Info: Updated CUDA LJ table with 53 x 53 elements.
Info: Startup phase 8 took 0.00343461 s, 802.188 MB of memory in use
Info: Startup phase 9 took 0.000362794 s, 802.312 MB of memory in use
Info: Startup phase 10 took 0.000193385 s, 802.438 MB of memory in use
Info: Startup phase 11 took 0.00103957 s, 802.688 MB of memory in use
LDB: Central LB being created...
Info: Startup phase 12 took 0.00210954 s, 803.75 MB of memory in use
Info: CREATING 1046 COMPUTE OBJECTS
Info: Found 278 unique exclusion lists needing 900 bytes
Info: Found 278 unique exclusion lists needing 900 bytes
Info: Found 278 unique exclusion lists needing 900 bytes
Info: Found 278 unique exclusion lists needing 900 bytes
Info: Found 278 unique exclusion lists needing 900 bytes
Info: Found 278 unique exclusion lists needing 900 bytes
Info: useSync: 0 useProxySync: 0
Info: Startup phase 13 took 0.0158148 s, 804.688 MB of memory in use
Info: Building spanning tree ... send: 1 recv: 0 with branch factor 4
Info: Startup phase 14 took 0.000203656 s, 804.938 MB of memory in use
Info: Startup phase 15 took 0.000333505 s, 804.938 MB of memory in use
Info: Finished startup at 2.32196 s, 805.062 MB of memory in use

TCL: Running for 5000 steps
PRESSURE: 0 0 0 0 0 0 0 0 0 0
GPRESSURE: 0 0 0 0 0 0 0 0 0 0
ETITLE:      TS           BOND          ANGLE          DIHED          IMPRP               ELECT            VDW       BOUNDARY           MISC        KINETIC               TOTAL           TEMP      POTENTIAL         TOTAL3        TEMPAVG

ENERGY:       0      1055.7524      1672.4357      2120.8658       158.9113            -41.3565      -814.2564         0.0000      2417.0354      3019.1148           9588.5026       303.1603      6569.3877      9612.4294       303.1603

LDB: ============= START OF LOAD BALANCING ============== 2.33802
LDB: ============== END OF LOAD BALANCING =============== 2.33807
Info: useSync: 0 useProxySync: 0
LDB: =============== DONE WITH MIGRATION ================ 2.33816
LDB: ============= START OF LOAD BALANCING ============== 2.39315
LDB: Partitioning computes with target load 0.000000
LDB: Increased migratable compute count from 0 to 0
LDB: Largest unpartitionable compute is 0.000000
LDB: ============== END OF LOAD BALANCING =============== 2.3934
Info: build node-aware spanning tree with send: 1, recv: 0 with branch factor 4
Info: useSync: 0 useProxySync: 0
LDB: =============== DONE WITH MIGRATION ================ 2.39412
PRESSURE: 100 0 0 0 0 0 0 0 0 0
GPRESSURE: 100 0 0 0 0 0 0 0 0 0
PRESSAVG: 100 0 0 0 0 0 0 0 0 0
GPRESSAVG: 100 0 0 0 0 0 0 0 0 0
Info: Initial time: 42 CPUs 0.000688913 s/step 0.00797353 days/ns 824.688 MB memory
ENERGY:     100      1111.8821      1669.3223      2108.5282       144.6530            -40.7417      -796.9618         0.0000      2420.2474      2959.5960           9576.5255       297.1838      6616.9295      9599.0004       298.2609

LDB: ============= START OF LOAD BALANCING ============== 2.40791
LDB: ============== END OF LOAD BALANCING =============== 2.40793
Info: useSync: 0 useProxySync: 0
LDB: =============== DONE WITH MIGRATION ================ 2.40801
LDB: ============= START OF LOAD BALANCING ============== 2.46214
LDB: TIME 2.46231 LOAD: AVG 0.0128482 MAX 0.0309233  PROXIES: TOTAL 185 MAXPE 10 MAXPATCH 7 None MEM: 824.75 MB
LDB: TIME 2.46246 LOAD: AVG 0.0128482 MAX 0.0309233  PROXIES: TOTAL 185 MAXPE 10 MAXPATCH 7 TorusLB MEM: 824.875 MB
LDB: Reverting to original mapping
LDB: ============== END OF LOAD BALANCING =============== 2.46264
Info: build node-aware spanning tree with send: 1, recv: 0 with branch factor 4
Info: useSync: 0 useProxySync: 0
LDB: =============== DONE WITH MIGRATION ================ 2.46328
PRESSURE: 200 0 0 0 0 0 0 0 0 0
GPRESSURE: 200 0 0 0 0 0 0 0 0 0
PRESSAVG: 200 0 0 0 0 0 0 0 0 0
GPRESSAVG: 200 0 0 0 0 0 0 0 0 0
Info: Initial time: 42 CPUs 0.000677764 s/step 0.0078445 days/ns 824.875 MB memory
ENERGY:     200      1133.6215      1671.6317      2124.0227       160.2447            -40.2875      -785.7258         0.0000      2420.6124      2954.1494           9638.2691       296.6369      6684.1197      9660.9486       299.2599

LDB: ============= START OF LOAD BALANCING ============== 2.53193
LDB: TIME 2.5321 LOAD: AVG 0.0160286 MAX 0.0392006  PROXIES: TOTAL 185 MAXPE 10 MAXPATCH 7 None MEM: 826.125 MB
LDB: TIME 2.53223 LOAD: AVG 0.0160286 MAX 0.0392006  PROXIES: TOTAL 185 MAXPE 10 MAXPATCH 7 RefineTorusLB MEM: 826.125 MB
LDB: TIME 2.53233 LOAD: AVG 0.0160286 MAX 0.0392006  PROXIES: TOTAL 185 MAXPE 10 MAXPATCH 7 RefineTorusLB MEM: 826.125 MB
LDB: Reverting to original mapping
LDB: ============== END OF LOAD BALANCING =============== 2.53251
Info: build node-aware spanning tree with send: 1, recv: 0 with branch factor 4
Info: useSync: 0 useProxySync: 0
LDB: =============== DONE WITH MIGRATION ================ 2.53311
PRESSURE: 300 0 0 0 0 0 0 0 0 0
GPRESSURE: 300 0 0 0 0 0 0 0 0 0
PRESSAVG: 300 0 0 0 0 0 0 0 0 0
GPRESSAVG: 300 0 0 0 0 0 0 0 0 0
Info: Initial time: 42 CPUs 0.000685944 s/step 0.00793917 days/ns 826.125 MB memory
ENERGY:     300      1074.1431      1691.4100      2114.1951       151.3367            -41.2317      -784.8439         0.0000      2413.4697      3021.4243           9639.9032       303.3922      6618.4790      9662.9577       300.4971

LDB: ============= START OF LOAD BALANCING ============== 2.60166
LDB: TIME 2.60183 LOAD: AVG 0.0154348 MAX 0.0390443  PROXIES: TOTAL 185 MAXPE 10 MAXPATCH 7 None MEM: 827.25 MB
LDB: TIME 2.60196 LOAD: AVG 0.0154348 MAX 0.0390443  PROXIES: TOTAL 185 MAXPE 10 MAXPATCH 7 RefineTorusLB MEM: 827.25 MB
LDB: TIME 2.60208 LOAD: AVG 0.0154348 MAX 0.0390443  PROXIES: TOTAL 185 MAXPE 10 MAXPATCH 7 RefineTorusLB MEM: 827.25 MB
LDB: ============== END OF LOAD BALANCING =============== 2.60227
Info: build node-aware spanning tree with send: 1, recv: 0 with branch factor 4
Info: useSync: 0 useProxySync: 0
LDB: =============== DONE WITH MIGRATION ================ 2.60286
PRESSURE: 400 0 0 0 0 0 0 0 0 0
GPRESSURE: 400 0 0 0 0 0 0 0 0 0
PRESSAVG: 400 0 0 0 0 0 0 0 0 0
GPRESSAVG: 400 0 0 0 0 0 0 0 0 0
Info: Benchmark time: 42 CPUs 0.000683648 s/step 0.00791259 days/ns 827.25 MB memory
ENERGY:     400      1079.1214      1741.9235      2083.9623       160.5377            -42.4676      -772.8628         0.0000      2420.3469      2982.6948           9653.2563       299.5032      6670.5615      9678.2187       302.0608

PRESSURE: 500 0 0 0 0 0 0 0 0 0
GPRESSURE: 500 0 0 0 0 0 0 0 0 0
PRESSAVG: 500 0 0 0 0 0 0 0 0 0
GPRESSAVG: 500 0 0 0 0 0 0 0 0 0
Info: Benchmark time: 42 CPUs 0.000685657 s/step 0.00793585 days/ns 828.188 MB memory
ENERGY:     500      1148.2893      1716.8300      2053.0552       150.8322            -42.1075      -830.4670         0.0000      2427.6504      2992.8508           9616.9334       300.5230      6624.0826      9644.1425       300.1611

PRESSURE: 600 0 0 0 0 0 0 0 0 0
GPRESSURE: 600 0 0 0 0 0 0 0 0 0
PRESSAVG: 600 0 0 0 0 0 0 0 0 0
GPRESSAVG: 600 0 0 0 0 0 0 0 0 0
Info: Benchmark time: 42 CPUs 0.000656951 s/step 0.0076036 days/ns 828.188 MB memory
ENERGY:     600      1104.8386      1732.2407      2121.7018       158.4068            -42.1093      -787.7793         0.0000      2429.1917      2904.2174           9620.7084       291.6230      6716.4910      9639.0218       297.9246

PRESSURE: 700 0 0 0 0 0 0 0 0 0
GPRESSURE: 700 0 0 0 0 0 0 0 0 0
PRESSAVG: 700 0 0 0 0 0 0 0 0 0
GPRESSAVG: 700 0 0 0 0 0 0 0 0 0
Info: Benchmark time: 42 CPUs 0.000654975 s/step 0.00758073 days/ns 828.188 MB memory
ENERGY:     700      1134.1449      1746.1354      2081.7605       150.4820            -41.7966      -796.7920         0.0000      2419.8713      3011.3247           9705.1302       302.3780      6693.8055      9726.4579       300.8728

PRESSURE: 800 0 0 0 0 0 0 0 0 0
GPRESSURE: 800 0 0 0 0 0 0 0 0 0
PRESSAVG: 800 0 0 0 0 0 0 0 0 0
GPRESSAVG: 800 0 0 0 0 0 0 0 0 0
Info: Benchmark time: 42 CPUs 0.000669592 s/step 0.0077499 days/ns 828.188 MB memory
ENERGY:     800      1125.6114      1724.5578      2098.6706       148.1333            -41.0496      -795.3478         0.0000      2421.9970      2971.1650           9653.7376       298.3455      6682.5726      9677.0577       303.6943

PRESSURE: 900 0 0 0 0 0 0 0 0 0
GPRESSURE: 900 0 0 0 0 0 0 0 0 0
PRESSAVG: 900 0 0 0 0 0 0 0 0 0
GPRESSAVG: 900 0 0 0 0 0 0 0 0 0
Info: Benchmark time: 42 CPUs 0.000685937 s/step 0.00793909 days/ns 828.188 MB memory
ENERGY:     900      1100.4700      1707.2474      2102.2045       156.3669            -41.2281      -777.4949         0.0000      2415.5994      2955.9905           9619.1558       296.8217      6663.1652      9644.1422       298.4613

PRESSURE: 1000 0 0 0 0 0 0 0 0 0
GPRESSURE: 1000 0 0 0 0 0 0 0 0 0
PRESSAVG: 1000 0 0 0 0 0 0 0 0 0
GPRESSAVG: 1000 0 0 0 0 0 0 0 0 0
TIMING: 1000  CPU: 0.701518, 0.000683975/step  Wall: 0.702583, 0.000682952/step, 0.000758835 hours remaining, 828.187500 MB of memory in use.
ETITLE:      TS           BOND          ANGLE          DIHED          IMPRP               ELECT            VDW       BOUNDARY           MISC        KINETIC               TOTAL           TEMP      POTENTIAL         TOTAL3        TEMPAVG

ENERGY:    1000      1100.7592      1731.8717      2077.9943       168.4906            -40.7961      -807.1711         0.0000      2420.8620      2983.5102           9635.5208       299.5851      6652.0106      9660.6916       301.6575

WRITING EXTENDED SYSTEM TO RESTART FILE AT STEP 1000
OPENING COORDINATE DCD FILE
WRITING COORDINATES TO DCD FILE adk-step1.dcd AT STEP 1000
WRITING COORDINATES TO RESTART FILE AT STEP 1000
FINISHED WRITING RESTART COORDINATES
The last position output (seq=1000) takes 0.004 seconds, 828.562 MB of memory in use
WRITING VELOCITIES TO RESTART FILE AT STEP 1000
FINISHED WRITING RESTART VELOCITIES
The last velocity output (seq=1000) takes 0.002 seconds, 828.562 MB of memory in use
PRESSURE: 1100 0 0 0 0 0 0 0 0 0
GPRESSURE: 1100 0 0 0 0 0 0 0 0 0
PRESSAVG: 1100 0 0 0 0 0 0 0 0 0
GPRESSAVG: 1100 0 0 0 0 0 0 0 0 0
ENERGY:    1100      1055.0478      1713.3647      2063.8434       163.9546            -41.1883      -735.0350         0.0000      2411.8399      2962.4041           9594.2312       297.4657      6631.8272      9620.7681       298.5699

PRESSURE: 1200 0 0 0 0 0 0 0 0 0
GPRESSURE: 1200 0 0 0 0 0 0 0 0 0
PRESSAVG: 1200 0 0 0 0 0 0 0 0 0
GPRESSAVG: 1200 0 0 0 0 0 0 0 0 0
ENERGY:    1200      1103.2296      1705.7283      2071.2665       153.3540            -40.5658      -795.7750         0.0000      2421.6304      2978.8250           9597.6930       299.1146      6618.8680      9623.8345       298.8587

PRESSURE: 1300 0 0 0 0 0 0 0 0 0
GPRESSURE: 1300 0 0 0 0 0 0 0 0 0
PRESSAVG: 1300 0 0 0 0 0 0 0 0 0
GPRESSAVG: 1300 0 0 0 0 0 0 0 0 0
ENERGY:    1300      1102.8137      1719.2790      2110.6865       156.1661            -39.7500      -782.2195         0.0000      2420.0985      2966.7557           9653.8300       297.9027      6687.0744      9677.1429       299.5614

PRESSURE: 1400 0 0 0 0 0 0 0 0 0
GPRESSURE: 1400 0 0 0 0 0 0 0 0 0
PRESSAVG: 1400 0 0 0 0 0 0 0 0 0
GPRESSAVG: 1400 0 0 0 0 0 0 0 0 0
ENERGY:    1400      1049.4716      1759.9431      2096.8198       146.5123            -40.8865      -786.8754         0.0000      2417.2142      2922.6191           9564.8184       293.4708      6642.1993      9587.1106       299.5122

PRESSURE: 1500 0 0 0 0 0 0 0 0 0
GPRESSURE: 1500 0 0 0 0 0 0 0 0 0
PRESSAVG: 1500 0 0 0 0 0 0 0 0 0
GPRESSAVG: 1500 0 0 0 0 0 0 0 0 0
ENERGY:    1500      1070.9864      1698.5397      2083.5676       167.5120            -39.5185      -779.2877         0.0000      2416.8997      2998.2985           9616.9979       301.0700      6618.6994      9641.1248       298.2930

PRESSURE: 1600 0 0 0 0 0 0 0 0 0
GPRESSURE: 1600 0 0 0 0 0 0 0 0 0
PRESSAVG: 1600 0 0 0 0 0 0 0 0 0
GPRESSAVG: 1600 0 0 0 0 0 0 0 0 0
ENERGY:    1600      1079.8848      1717.2938      2082.3427       154.7507            -38.8472      -787.9786         0.0000      2414.0121      2955.6026           9577.0608       296.7828      6621.4582      9599.4154       298.9232

PRESSURE: 1700 0 0 0 0 0 0 0 0 0
GPRESSURE: 1700 0 0 0 0 0 0 0 0 0
PRESSAVG: 1700 0 0 0 0 0 0 0 0 0
GPRESSAVG: 1700 0 0 0 0 0 0 0 0 0
ENERGY:    1700      1044.7924      1699.6928      2099.9806       158.4089            -39.9761      -779.6440         0.0000      2417.0642      2949.8363           9550.1550       296.2038      6600.3187      9574.1672       296.9231

PRESSURE: 1800 0 0 0 0 0 0 0 0 0
GPRESSURE: 1800 0 0 0 0 0 0 0 0 0
PRESSAVG: 1800 0 0 0 0 0 0 0 0 0
GPRESSAVG: 1800 0 0 0 0 0 0 0 0 0
ENERGY:    1800      1057.6740      1646.2115      2084.7856       149.8387            -40.4051      -774.0933         0.0000      2415.5394      3054.7134           9594.2642       306.7349      6539.5507      9618.4736       296.7713

PRESSURE: 1900 0 0 0 0 0 0 0 0 0
GPRESSURE: 1900 0 0 0 0 0 0 0 0 0
PRESSAVG: 1900 0 0 0 0 0 0 0 0 0
GPRESSAVG: 1900 0 0 0 0 0 0 0 0 0
ENERGY:    1900      1102.1976      1692.0936      2104.5580       156.1786            -40.7985      -773.1073         0.0000      2417.7621      2920.9748           9579.8588       293.3057      6658.8841      9600.2561       299.9921

PRESSURE: 2000 0 0 0 0 0 0 0 0 0
GPRESSURE: 2000 0 0 0 0 0 0 0 0 0
PRESSAVG: 2000 0 0 0 0 0 0 0 0 0
GPRESSAVG: 2000 0 0 0 0 0 0 0 0 0
TIMING: 2000  CPU: 1.37689, 0.000675367/step  Wall: 1.38463, 0.000682044/step, 0.00056837 hours remaining, 828.562500 MB of memory in use.
ETITLE:      TS           BOND          ANGLE          DIHED          IMPRP               ELECT            VDW       BOUNDARY           MISC        KINETIC               TOTAL           TEMP      POTENTIAL         TOTAL3        TEMPAVG

ENERGY:    2000      1116.7981      1680.1540      2101.3340       147.6310            -40.3467      -795.9905         0.0000      2420.1608      3002.9435           9632.6842       301.5364      6629.7407      9655.1617       298.7622

WRITING EXTENDED SYSTEM TO RESTART FILE AT STEP 2000
WRITING COORDINATES TO DCD FILE adk-step1.dcd AT STEP 2000
WRITING COORDINATES TO RESTART FILE AT STEP 2000
FINISHED WRITING RESTART COORDINATES
The last position output (seq=2000) takes 0.002 seconds, 828.562 MB of memory in use
WRITING VELOCITIES TO RESTART FILE AT STEP 2000
FINISHED WRITING RESTART VELOCITIES
The last velocity output (seq=2000) takes 0.002 seconds, 828.562 MB of memory in use
PRESSURE: 2100 0 0 0 0 0 0 0 0 0
GPRESSURE: 2100 0 0 0 0 0 0 0 0 0
PRESSAVG: 2100 0 0 0 0 0 0 0 0 0
GPRESSAVG: 2100 0 0 0 0 0 0 0 0 0
ENERGY:    2100      1084.8393      1719.2163      2072.8601       154.2811            -40.2775      -809.7532         0.0000      2413.1303      2992.6375           9586.9340       300.5016      6594.2965      9615.2770       299.1927

PRESSURE: 2200 0 0 0 0 0 0 0 0 0
GPRESSURE: 2200 0 0 0 0 0 0 0 0 0
PRESSAVG: 2200 0 0 0 0 0 0 0 0 0
GPRESSAVG: 2200 0 0 0 0 0 0 0 0 0
ENERGY:    2200      1082.7940      1733.7156      2045.9251       161.5723            -39.6869      -775.4028         0.0000      2418.5249      2986.5503           9613.9925       299.8903      6627.4423      9638.7713       299.9176

PRESSURE: 2300 0 0 0 0 0 0 0 0 0
GPRESSURE: 2300 0 0 0 0 0 0 0 0 0
PRESSAVG: 2300 0 0 0 0 0 0 0 0 0
GPRESSAVG: 2300 0 0 0 0 0 0 0 0 0
ENERGY:    2300      1095.9014      1766.0977      2071.0970       149.8251            -39.8518      -780.8375         0.0000      2418.5707      2977.1620           9657.9644       298.9476      6680.8025      9685.4456       301.1411

PRESSURE: 2400 0 0 0 0 0 0 0 0 0
GPRESSURE: 2400 0 0 0 0 0 0 0 0 0
PRESSAVG: 2400 0 0 0 0 0 0 0 0 0
GPRESSAVG: 2400 0 0 0 0 0 0 0 0 0
ENERGY:    2400      1084.2209      1701.2503      2078.2337       149.3082            -40.9821      -765.8655         0.0000      2416.1895      3021.8500           9644.2050       303.4349      6622.3550      9669.9194       300.1428

PRESSURE: 2500 0 0 0 0 0 0 0 0 0
GPRESSURE: 2500 0 0 0 0 0 0 0 0 0
PRESSAVG: 2500 0 0 0 0 0 0 0 0 0
GPRESSAVG: 2500 0 0 0 0 0 0 0 0 0
ENERGY:    2500      1121.7345      1702.7475      2074.8137       158.5383            -41.8984      -788.1623         0.0000      2419.4501      2982.4302           9629.6535       299.4766      6647.2233      9653.2112       300.3190

PRESSURE: 2600 0 0 0 0 0 0 0 0 0
GPRESSURE: 2600 0 0 0 0 0 0 0 0 0
PRESSAVG: 2600 0 0 0 0 0 0 0 0 0
GPRESSAVG: 2600 0 0 0 0 0 0 0 0 0
ENERGY:    2600      1084.4548      1720.7228      2087.5739       141.5526            -40.9826      -763.7375         0.0000      2422.5170      2977.6303           9629.7314       298.9947      6652.1011      9654.4050       299.8804

PRESSURE: 2700 0 0 0 0 0 0 0 0 0
GPRESSURE: 2700 0 0 0 0 0 0 0 0 0
PRESSAVG: 2700 0 0 0 0 0 0 0 0 0
GPRESSAVG: 2700 0 0 0 0 0 0 0 0 0
ENERGY:    2700      1097.8643      1692.2300      2094.1032       157.6658            -41.0784      -791.0691         0.0000      2422.8956      2945.5311           9578.1425       295.7715      6632.6114      9603.0062       299.3327

PRESSURE: 2800 0 0 0 0 0 0 0 0 0
GPRESSURE: 2800 0 0 0 0 0 0 0 0 0
PRESSAVG: 2800 0 0 0 0 0 0 0 0 0
GPRESSAVG: 2800 0 0 0 0 0 0 0 0 0
ENERGY:    2800       988.4338      1666.8705      2057.6394       146.9293            -40.9733      -776.0610         0.0000      2420.1286      2990.6890           9453.6563       300.3059      6462.9673      9479.6167       295.1768

PRESSURE: 2900 0 0 0 0 0 0 0 0 0
GPRESSURE: 2900 0 0 0 0 0 0 0 0 0
PRESSAVG: 2900 0 0 0 0 0 0 0 0 0
GPRESSAVG: 2900 0 0 0 0 0 0 0 0 0
ENERGY:    2900      1006.0773      1640.5711      2112.3408       140.3272            -40.9271      -747.3068         0.0000      2415.5598      2926.3201           9452.9624       293.8424      6526.6423      9479.8507       292.2120

PRESSURE: 3000 0 0 0 0 0 0 0 0 0
GPRESSURE: 3000 0 0 0 0 0 0 0 0 0
PRESSAVG: 3000 0 0 0 0 0 0 0 0 0
GPRESSAVG: 3000 0 0 0 0 0 0 0 0 0
TIMING: 3000  CPU: 2.05425, 0.00067737/step  Wall: 2.07044, 0.00068581/step, 0.000381006 hours remaining, 828.562500 MB of memory in use.
ETITLE:      TS           BOND          ANGLE          DIHED          IMPRP               ELECT            VDW       BOUNDARY           MISC        KINETIC               TOTAL           TEMP      POTENTIAL         TOTAL3        TEMPAVG

ENERGY:    3000      1036.5926      1644.1095      2091.4396       147.8777            -40.9950      -796.1175         0.0000      2422.4769      2957.4891           9462.8729       296.9722      6505.3838      9486.1585       292.0794

WRITING EXTENDED SYSTEM TO RESTART FILE AT STEP 3000
WRITING COORDINATES TO DCD FILE adk-step1.dcd AT STEP 3000
WRITING COORDINATES TO RESTART FILE AT STEP 3000
FINISHED WRITING RESTART COORDINATES
The last position output (seq=3000) takes 0.002 seconds, 828.562 MB of memory in use
WRITING VELOCITIES TO RESTART FILE AT STEP 3000
FINISHED WRITING RESTART VELOCITIES
The last velocity output (seq=3000) takes 0.002 seconds, 828.562 MB of memory in use
PRESSURE: 3100 0 0 0 0 0 0 0 0 0
GPRESSURE: 3100 0 0 0 0 0 0 0 0 0
PRESSAVG: 3100 0 0 0 0 0 0 0 0 0
GPRESSAVG: 3100 0 0 0 0 0 0 0 0 0
ENERGY:    3100      1030.8993      1707.3264      2072.9224       158.2020            -41.7766      -780.5491         0.0000      2421.2325      2943.9919           9512.2489       295.6169      6568.2570      9538.8923       292.5738

PRESSURE: 3200 0 0 0 0 0 0 0 0 0
GPRESSURE: 3200 0 0 0 0 0 0 0 0 0
PRESSAVG: 3200 0 0 0 0 0 0 0 0 0
GPRESSAVG: 3200 0 0 0 0 0 0 0 0 0
ENERGY:    3200      1058.4723      1674.3842      2094.3270       152.2879            -41.3866      -756.3041         0.0000      2418.8858      2986.4314           9587.0979       299.8784      6600.6664      9612.3141       297.6381

PRESSURE: 3300 0 0 0 0 0 0 0 0 0
GPRESSURE: 3300 0 0 0 0 0 0 0 0 0
PRESSAVG: 3300 0 0 0 0 0 0 0 0 0
GPRESSAVG: 3300 0 0 0 0 0 0 0 0 0
ENERGY:    3300      1100.0840      1676.3702      2116.0920       172.6235            -42.2744      -794.7420         0.0000      2420.2214      2985.4633           9633.8381       299.7812      6648.3747      9658.7538       300.0023

PRESSURE: 3400 0 0 0 0 0 0 0 0 0
GPRESSURE: 3400 0 0 0 0 0 0 0 0 0
PRESSAVG: 3400 0 0 0 0 0 0 0 0 0
GPRESSAVG: 3400 0 0 0 0 0 0 0 0 0
ENERGY:    3400      1077.1916      1759.7923      2070.0486       161.5941            -41.6203      -759.0616         0.0000      2410.2856      2962.0179           9640.2482       297.4270      6678.2304      9665.5256       301.3371

PRESSURE: 3500 0 0 0 0 0 0 0 0 0
GPRESSURE: 3500 0 0 0 0 0 0 0 0 0
PRESSAVG: 3500 0 0 0 0 0 0 0 0 0
GPRESSAVG: 3500 0 0 0 0 0 0 0 0 0
ENERGY:    3500      1046.8864      1694.4043      2088.0163       147.5627            -41.0971      -766.1055         0.0000      2399.8237      2978.6413           9548.1321       299.0962      6569.4908      9571.4132       299.4045

PRESSURE: 3600 0 0 0 0 0 0 0 0 0
GPRESSURE: 3600 0 0 0 0 0 0 0 0 0
PRESSAVG: 3600 0 0 0 0 0 0 0 0 0
GPRESSAVG: 3600 0 0 0 0 0 0 0 0 0
ENERGY:    3600      1103.7653      1700.8244      2090.1385       153.4183            -41.0348      -757.3242         0.0000      2399.9803      2912.6439           9562.4116       292.4691      6649.7677      9585.6207       297.9600

PRESSURE: 3700 0 0 0 0 0 0 0 0 0
GPRESSURE: 3700 0 0 0 0 0 0 0 0 0
PRESSAVG: 3700 0 0 0 0 0 0 0 0 0
GPRESSAVG: 3700 0 0 0 0 0 0 0 0 0
ENERGY:    3700      1070.7286      1715.3600      2096.0604       154.0117            -40.1430      -735.6629         0.0000      2401.6507      2894.2106           9556.2162       290.6182      6662.0056      9580.5030       296.3180

PRESSURE: 3800 0 0 0 0 0 0 0 0 0
GPRESSURE: 3800 0 0 0 0 0 0 0 0 0
PRESSAVG: 3800 0 0 0 0 0 0 0 0 0
GPRESSAVG: 3800 0 0 0 0 0 0 0 0 0
ENERGY:    3800      1098.9209      1683.9622      2083.1664       149.7594            -40.1664      -778.1311         0.0000      2415.0245      2947.2208           9559.7568       295.9411      6612.5359      9585.0407       298.4623

PRESSURE: 3900 0 0 0 0 0 0 0 0 0
GPRESSURE: 3900 0 0 0 0 0 0 0 0 0
PRESSAVG: 3900 0 0 0 0 0 0 0 0 0
GPRESSAVG: 3900 0 0 0 0 0 0 0 0 0
ENERGY:    3900      1057.9539      1746.1242      2070.9901       154.1109            -40.3845      -789.7828         0.0000      2417.5334      2951.4639           9568.0092       296.3672      6616.5453      9593.4911       297.4212

WRITING COORDINATES TO DCD FILE adk-step1.dcd AT STEP 4000
WRITING COORDINATES TO RESTART FILE AT STEP 4000
FINISHED WRITING RESTART COORDINATES
The last position output (seq=4000) takes 0.002 seconds, 828.562 MB of memory in use
PRESSURE: 4000 0 0 0 0 0 0 0 0 0
GPRESSURE: 4000 0 0 0 0 0 0 0 0 0
PRESSAVG: 4000 0 0 0 0 0 0 0 0 0
GPRESSAVG: 4000 0 0 0 0 0 0 0 0 0
TIMING: 4000  CPU: 2.73975, 0.000685492/step  Wall: 2.75781, 0.000687374/step, 0.000190937 hours remaining, 828.562500 MB of memory in use.
ETITLE:      TS           BOND          ANGLE          DIHED          IMPRP               ELECT            VDW       BOUNDARY           MISC        KINETIC               TOTAL           TEMP      POTENTIAL         TOTAL3        TEMPAVG

ENERGY:    4000      1082.8907      1716.8883      2090.2478       155.0021            -40.4851      -796.0572         0.0000      2417.9943      2977.0287           9603.5096       298.9343      6626.4808      9631.6257       298.6903

WRITING EXTENDED SYSTEM TO RESTART FILE AT STEP 4000
WRITING VELOCITIES TO RESTART FILE AT STEP 4000
FINISHED WRITING RESTART VELOCITIES
The last velocity output (seq=4000) takes 0.002 seconds, 828.562 MB of memory in use
PRESSURE: 4100 0 0 0 0 0 0 0 0 0
GPRESSURE: 4100 0 0 0 0 0 0 0 0 0
PRESSAVG: 4100 0 0 0 0 0 0 0 0 0
GPRESSAVG: 4100 0 0 0 0 0 0 0 0 0
ENERGY:    4100      1119.0023      1711.2338      2098.3332       174.0253            -41.9554      -819.6662         0.0000      2419.4859      3006.2864           9666.7453       301.8721      6660.4589      9692.3262       302.8363

PRESSURE: 4200 0 0 0 0 0 0 0 0 0
GPRESSURE: 4200 0 0 0 0 0 0 0 0 0
PRESSAVG: 4200 0 0 0 0 0 0 0 0 0
GPRESSAVG: 4200 0 0 0 0 0 0 0 0 0
ENERGY:    4200      1120.6322      1706.3469      2106.2900       159.1952            -41.8882      -791.2187         0.0000      2422.4180      3005.8142           9687.5897       301.8247      6681.7755      9712.5213       303.2095

LDB: ============= START OF LOAD BALANCING ============== 5.27126
LDB: ============== END OF LOAD BALANCING =============== 5.27132
Info: useSync: 0 useProxySync: 0
LDB: =============== DONE WITH MIGRATION ================ 5.27142
PRESSURE: 4300 0 0 0 0 0 0 0 0 0
GPRESSURE: 4300 0 0 0 0 0 0 0 0 0
PRESSAVG: 4300 0 0 0 0 0 0 0 0 0
GPRESSAVG: 4300 0 0 0 0 0 0 0 0 0
ENERGY:    4300      1115.7634      1702.7745      2111.2657       154.6549            -41.4969      -790.6117         0.0000      2427.0238      3017.5109           9696.8846       302.9992      6679.3737      9721.7931       303.3933

LDB: ============= START OF LOAD BALANCING ============== 5.34005
LDB: TIME 5.34026 LOAD: AVG 0.0147545 MAX 0.0389039  PROXIES: TOTAL 185 MAXPE 10 MAXPATCH 7 None MEM: 828.562 MB
LDB: TIME 5.34042 LOAD: AVG 0.0147545 MAX 0.0389039  PROXIES: TOTAL 185 MAXPE 10 MAXPATCH 7 RefineTorusLB MEM: 828.688 MB
LDB: TIME 5.34052 LOAD: AVG 0.0147545 MAX 0.0389039  PROXIES: TOTAL 185 MAXPE 10 MAXPATCH 7 RefineTorusLB MEM: 828.688 MB
LDB: Reverting to original mapping
LDB: ============== END OF LOAD BALANCING =============== 5.34071
Info: build node-aware spanning tree with send: 1, recv: 0 with branch factor 4
Info: useSync: 0 useProxySync: 0
LDB: =============== DONE WITH MIGRATION ================ 5.3413
PRESSURE: 4400 0 0 0 0 0 0 0 0 0
GPRESSURE: 4400 0 0 0 0 0 0 0 0 0
PRESSAVG: 4400 0 0 0 0 0 0 0 0 0
GPRESSAVG: 4400 0 0 0 0 0 0 0 0 0
ENERGY:    4400      1081.1626      1751.9809      2109.0578       151.8875            -39.7771      -789.8414         0.0000      2422.4833      2992.1947           9679.1483       300.4571      6686.9536      9702.6762       304.1028

PRESSURE: 4500 0 0 0 0 0 0 0 0 0
GPRESSURE: 4500 0 0 0 0 0 0 0 0 0
PRESSAVG: 4500 0 0 0 0 0 0 0 0 0
GPRESSAVG: 4500 0 0 0 0 0 0 0 0 0
ENERGY:    4500      1084.8578      1682.2816      2082.3675       158.4379            -40.1635      -740.9852         0.0000      2415.3140      3052.8542           9694.9643       306.5482      6642.1100      9721.8407       303.4901

PRESSURE: 4600 0 0 0 0 0 0 0 0 0
GPRESSURE: 4600 0 0 0 0 0 0 0 0 0
PRESSAVG: 4600 0 0 0 0 0 0 0 0 0
GPRESSAVG: 4600 0 0 0 0 0 0 0 0 0
ENERGY:    4600      1088.3912      1702.8986      2114.0969       161.7299            -41.2590      -794.5527         0.0000      2420.0174      2998.7201           9650.0425       301.1124      6651.3224      9678.8345       302.2847

PRESSURE: 4700 0 0 0 0 0 0 0 0 0
GPRESSURE: 4700 0 0 0 0 0 0 0 0 0
PRESSAVG: 4700 0 0 0 0 0 0 0 0 0
GPRESSAVG: 4700 0 0 0 0 0 0 0 0 0
ENERGY:    4700      1125.5252      1717.1423      2099.1743       155.1252            -40.8020      -812.5297         0.0000      2420.0663      2978.9763           9642.6780       299.1298      6663.7017      9668.2504       302.2790

PRESSURE: 4800 0 0 0 0 0 0 0 0 0
GPRESSURE: 4800 0 0 0 0 0 0 0 0 0
PRESSAVG: 4800 0 0 0 0 0 0 0 0 0
GPRESSAVG: 4800 0 0 0 0 0 0 0 0 0
ENERGY:    4800      1083.9915      1690.4623      2127.0286       150.5853            -39.3192      -780.9722         0.0000      2413.1431      2983.5487           9628.4681       299.5889      6644.9193      9654.1736       302.0101

PRESSURE: 4900 0 0 0 0 0 0 0 0 0
GPRESSURE: 4900 0 0 0 0 0 0 0 0 0
PRESSAVG: 4900 0 0 0 0 0 0 0 0 0
GPRESSAVG: 4900 0 0 0 0 0 0 0 0 0
ENERGY:    4900      1126.8318      1692.2188      2079.0425       151.8304            -40.4012      -803.2981         0.0000      2418.2503      2979.2864           9603.7609       299.1610      6624.4745      9628.3172       301.5414

PRESSURE: 5000 0 0 0 0 0 0 0 0 0
GPRESSURE: 5000 0 0 0 0 0 0 0 0 0
PRESSAVG: 5000 0 0 0 0 0 0 0 0 0
GPRESSAVG: 5000 0 0 0 0 0 0 0 0 0
TIMING: 5000  CPU: 3.41914, 0.000679397/step  Wall: 3.44289, 0.000685081/step, 0 hours remaining, 828.687500 MB of memory in use.
ETITLE:      TS           BOND          ANGLE          DIHED          IMPRP               ELECT            VDW       BOUNDARY           MISC        KINETIC               TOTAL           TEMP      POTENTIAL         TOTAL3        TEMPAVG

ENERGY:    5000      1060.3666      1706.7131      2084.2560       150.2101            -40.3244      -787.9421         0.0000      2417.4773      3014.2164           9604.9730       302.6684      6590.7566      9628.1245       299.8113

WRITING EXTENDED SYSTEM TO RESTART FILE AT STEP 5000
WRITING COORDINATES TO DCD FILE adk-step1.dcd AT STEP 5000
WRITING COORDINATES TO RESTART FILE AT STEP 5000
FINISHED WRITING RESTART COORDINATES
The last position output (seq=5000) takes 0.002 seconds, 829.250 MB of memory in use
WRITING VELOCITIES TO RESTART FILE AT STEP 5000
FINISHED WRITING RESTART VELOCITIES
The last velocity output (seq=5000) takes 0.002 seconds, 829.250 MB of memory in use
WRITING EXTENDED SYSTEM TO OUTPUT FILE AT STEP 5000
WRITING COORDINATES TO OUTPUT FILE AT STEP 5000
CLOSING COORDINATE DCD FILE adk-step1.dcd
The last position output (seq=-2) takes 0.004 seconds, 829.250 MB of memory in use
WRITING VELOCITIES TO OUTPUT FILE AT STEP 5000
====================================================

WallClock: 5.758416  CPUTime: 4.440581  Memory: 829.250000 MB
End of program
