0_2_cc.dat
/gpfs/alpine/bip115/scratch/hrlee/radical.pilot.sandbox/re.session.login1.hrlee.018632.0003/pilot.0000/staging_area/0_2_cc.dat
0, 2
Choosing optimized barrier algorithm name I0:HybridBinomial:SHMEM:P2P
Converse/Charm++ Commit ID: v6.10.2-0-g7bf00fa-namd-charm-6.10.2-build-2020-Aug-05-556
Warning> Randomization of virtual memory (ASLR) is turned on in the kernel, thread migration may not work! Run 'echo 0 > /proc/sys/kernel/randomize_va_space' as root to disable it, or try running with '+isomalloc_sync'.
CharmLB> Load balancer assumes all CPUs are same.
Charm++> Running on 1 hosts (1 sockets x 7 cores x 4 PUs = 28-way SMP)
Charm++> cpu topology info is gathered in 0.002 seconds.
Info: Built with CUDA version 10010
Did not find +devices i,j,k,... argument, using all
Pe 18 physical rank 18 will use CUDA device of pe 14
Pe 3 physical rank 3 will use CUDA device of pe 4
Pe 38 physical rank 38 will use CUDA device of pe 35
Pe 32 physical rank 32 will use CUDA device of pe 28
Pe 23 physical rank 23 will use CUDA device of pe 21
Pe 11 physical rank 11 will use CUDA device of pe 7
Pe 16 physical rank 16 will use CUDA device of pe 14
Pe 2 physical rank 2 will use CUDA device of pe 4
Pe 37 physical rank 37 will use CUDA device of pe 35
Pe 30 physical rank 30 will use CUDA device of pe 28
Pe 26 physical rank 26 will use CUDA device of pe 21
Pe 13 physical rank 13 will use CUDA device of pe 7
Pe 19 physical rank 19 will use CUDA device of pe 14
Pe 1 physical rank 1 will use CUDA device of pe 4
Pe 40 physical rank 40 will use CUDA device of pe 35
Pe 31 physical rank 31 will use CUDA device of pe 28
Pe 27 physical rank 27 will use CUDA device of pe 21
Pe 10 physical rank 10 will use CUDA device of pe 7
Pe 17 physical rank 17 will use CUDA device of pe 14
Pe 5 physical rank 5 will use CUDA device of pe 4
Pe 41 physical rank 41 will use CUDA device of pe 35
Pe 33 physical rank 33 will use CUDA device of pe 28
Pe 24 physical rank 24 will use CUDA device of pe 21
Pe 8 physical rank 8 will use CUDA device of pe 7
Pe 20 physical rank 20 will use CUDA device of pe 14
Pe 6 physical rank 6 will use CUDA device of pe 4
Pe 39 physical rank 39 will use CUDA device of pe 35
Pe 34 physical rank 34 will use CUDA device of pe 28
Pe 25 physical rank 25 will use CUDA device of pe 21
Pe 9 physical rank 9 will use CUDA device of pe 7
Pe 15 physical rank 15 will use CUDA device of pe 14
Pe 36 physical rank 36 will use CUDA device of pe 35
Pe 29 physical rank 29 will use CUDA device of pe 28
Pe 22 physical rank 22 will use CUDA device of pe 21
Pe 12 physical rank 12 will use CUDA device of pe 7
Pe 0 physical rank 0 will use CUDA device of pe 4
Pe 7 physical rank 7 binding to CUDA device 0 on h23n16: 'Tesla V100-SXM2-16GB'  Mem: 16128MB  Rev: 7.0  PCI: 4:5:0
Pe 14 physical rank 14 binding to CUDA device 0 on h23n16: 'Tesla V100-SXM2-16GB'  Mem: 16128MB  Rev: 7.0  PCI: 4:6:0
Pe 4 physical rank 4 binding to CUDA device 0 on h23n16: 'Tesla V100-SXM2-16GB'  Mem: 16128MB  Rev: 7.0  PCI: 4:4:0
Pe 35 physical rank 35 binding to CUDA device 0 on h23n16: 'Tesla V100-SXM2-16GB'  Mem: 16128MB  Rev: 7.0  PCI: 35:5:0
Pe 28 physical rank 28 binding to CUDA device 0 on h23n16: 'Tesla V100-SXM2-16GB'  Mem: 16128MB  Rev: 7.0  PCI: 35:4:0
Pe 21 physical rank 21 binding to CUDA device 0 on h23n16: 'Tesla V100-SXM2-16GB'  Mem: 16128MB  Rev: 7.0  PCI: 35:3:0
Info: NAMD 2.14 for Linux-POWER-pami-smp-Summit-CUDA
Info: 
Info: Please visit http://www.ks.uiuc.edu/Research/namd/
Info: for updates, documentation, and support information.
Info: 
Info: Please cite Phillips et al., J. Chem. Phys. 153:044130 (2020) doi:10.1063/5.0014475
Info: in all publications reporting results obtained with NAMD.
Info: 
Info: Based on Charm++/Converse 61002 for pami-linux-ppc64le-smp
Info: Built Wed Aug 5 14:28:51 EDT 2020 by jimp on login2
Info: 1 NAMD  2.14  Linux-POWER-pami-smp-Summit-CUDA  42    h23n16  hrlee
Info: Running on 42 processors, 6 nodes, 1 physical nodes.
Info: CPU topology information available.
Info: Charm++/Converse parallel runtime startup completed at 1.32562 s
CkLoopLib is used in SMP with simple dynamic scheduling (converse-level notification)
Info: 791.625 MB of memory in use based on /proc/self/stat
Info: Configuration file is adk-step1.namd
Info: Working in the current directory /gpfs/alpine/bip115/scratch/hrlee/radical.pilot.sandbox/re.session.login1.hrlee.018632.0003/pilot.0000/unit.000239
TCL: Suspending until startup complete.
Info: SIMULATION PARAMETERS:
Info: TIMESTEP               1
Info: NUMBER OF STEPS        0
Info: STEPS PER CYCLE        20
Info: LOAD BALANCER  Centralized
Info: LOAD BALANCING STRATEGY  New Load Balancers -- DEFAULT
Info: LDB PERIOD             4000 steps
Info: FIRST LDB TIMESTEP     100
Info: LAST LDB TIMESTEP     -1
Info: LDB BACKGROUND SCALING 1
Info: HOM BACKGROUND SCALING 1
Info: MIN ATOMS PER PATCH    40
Info: VELOCITY FILE          0_2_adk-step1.restart.vel
Info: CENTER OF MASS MOVING INITIALLY? NO
Info: DIELECTRIC             80
Info: EXCLUDE                SCALED ONE-FOUR
Info: 1-4 ELECTROSTATICS SCALED BY 1
Info: MODIFIED 1-4 VDW PARAMETERS WILL BE USED
Info: DCD FILENAME           adk-step1.dcd
Info: DCD FREQUENCY          1000
Info: DCD FIRST STEP         1000
Info: NO EXTENDED SYSTEM TRAJECTORY OUTPUT
Info: NO VELOCITY DCD OUTPUT
Info: NO FORCE DCD OUTPUT
Info: OUTPUT FILENAME        adk-step1
Info: BINARY OUTPUT FILES WILL BE USED
Info: RESTART FILENAME       adk-step1.restart
Info: RESTART FREQUENCY      1000
Info: BINARY RESTART FILES WILL BE USED
Info: SWITCHING ACTIVE
Info: SWITCHING ON           9
Info: SWITCHING OFF          10
Info: PAIRLIST DISTANCE      11
Info: PAIRLIST SHRINK RATE   0.01
Info: PAIRLIST GROW RATE     0.01
Info: PAIRLIST TRIGGER       0.3
Info: PAIRLISTS PER CYCLE    2
Info: PAIRLISTS ENABLED
Info: MARGIN                 0
Info: HYDROGEN GROUP CUTOFF  2.5
Info: PATCH DIMENSION        13.5
Info: ENERGY OUTPUT STEPS    100
Info: CROSSTERM ENERGY INCLUDED IN DIHEDRAL
Info: TIMING OUTPUT STEPS    1000
Info: PRESSURE OUTPUT STEPS  100
Info: GRID FORCE ACTIVE
Info:  Please include this reference in published work using
Info:  the Gridforce module of NAMD: David Wells, Volha Abramkina,
Info:  and Aleksei Aksimentiev, J. Chem. Phys. 127:125101-10 (2007).
Info: MGRIDFORCE key 0
Info:            Potfile 4ake-target_autopsf-grid.dx
Info:            Scale 0.3 0.3 0.3
Info:            File 1ake-docked-noh_autopsf-grid.pdb
Info:            Col O
Info:            ChargeCol B
Info:            VOffset 0 0 0
Info:            Continuous K1 FALSE
Info:            Continuous K2 FALSE
Info:            Continuous K3 FALSE
Info:            Volts FALSE
Info:            Gridforce-Lite FALSE
Info:            Gridforce-CheckSize TRUE
Info: LANGEVIN DYNAMICS ACTIVE
Info: LANGEVIN TEMPERATURE   300
Info: LANGEVIN USING BBK INTEGRATOR
Info: LANGEVIN DAMPING COEFFICIENT IS 5 INVERSE PS
Info: LANGEVIN DYNAMICS NOT APPLIED TO HYDROGENS
Info: USING VERLET I (r-RESPA) MTS SCHEME.
Info: C1 SPLITTING OF LONG RANGE ELECTROSTATICS
Info: PLACING ATOMS IN PATCHES BY HYDROGEN GROUPS
Info: RIGID BONDS TO HYDROGEN : WATER
Info:         ERROR TOLERANCE : 1e-08
Info:          MAX ITERATIONS : 100
Info: RIGID WATER USING SETTLE ALGORITHM
Info: NONBONDED FORCES EVALUATED EVERY 2 STEPS
Info: RANDOM NUMBER SEED     1609821787
Info: USE HYDROGEN BONDS?    NO
Info: COORDINATE PDB         1ake-docked-noh_autopsf.pdb
Info: STRUCTURE FILE         1ake-docked-noh_autopsf.psf
Info: PARAMETER file: CHARMM format! 
Info: PARAMETERS             par_all36_prot.prm
Info: USING ARITHMETIC MEAN TO COMBINE L-J SIGMA PARAMETERS
Info: BINARY COORDINATES     0_2_adk-step1.restart.coor
Info: SUMMARY OF PARAMETERS:
Info: 132 BONDS
Info: 362 ANGLES
Info: 702 DIHEDRAL
Info: 35 IMPROPER
Info: 6 CROSSTERM
Info: 53 VDW
Info: 0 VDW_PAIRS
Info: 0 NBTHOLE_PAIRS
Info: TIME FOR READING PSF FILE: 0.397904
Info: READING EXTRA BONDS FILE 1ake-extrabonds.txt
Info: READING EXTRA BONDS FILE 1ake-extrabonds-cispeptide.txt
Info: READING EXTRA BONDS FILE 1ake-extrabonds-chirality.txt
Info: READ 80 EXTRA BONDS
Info: READ 80 EXTRA ANGLES
Warning: EXTRA ANGLES ARE COSINE-BASED BY DEFAULT TO MATCH PREVIOUS VERSIONS
Warning: FOR NORMAL HARMONIC EXTRA ANGLES SET extraBondsCosAngles off
Info: READ 493 EXTRA DIHEDRALS
Info: READ 438 EXTRA IMPROPERS
Info: Reading pdb file 1ake-docked-noh_autopsf.pdb
Info: TIME FOR READING PDB FILE: 0.0546236
Info: 
Info: ****************************
Info: STRUCTURE SUMMARY:
Info: 3341 ATOMS
Info: 3445 BONDS
Info: 6203 ANGLES
Info: 9414 DIHEDRALS
Info: 1005 IMPROPERS
Info: 212 CROSSTERMS
Info: 0 EXCLUSIONS
Info: 0 RIGID BONDS
Info: 1 GRIDS ACTIVE
Info: 10023 DEGREES OF FREEDOM
Info: 1656 HYDROGEN GROUPS
Info: 4 ATOMS IN LARGEST HYDROGEN GROUP
Info: 1656 MIGRATION GROUPS
Info: 4 ATOMS IN LARGEST MIGRATION GROUP
Info: TOTAL MASS = 23582 amu
Info: TOTAL CHARGE = -4 e
Info: *****************************
Info: Reading from binary file 0_2_adk-step1.restart.coor
Info: 
Info: Entering startup at 2.16425 s, 798.75 MB of memory in use
Info: Startup phase 0 took 0.000195957 s, 798.875 MB of memory in use
Info: ADDED 18308 IMPLICIT EXCLUSIONS
Info: Startup phase 1 took 0.00740581 s, 799 MB of memory in use
Info: NONBONDED TABLE R-SQUARED SPACING: 0.0625
Info: NONBONDED TABLE SIZE: 705 POINTS
Info: ABSOLUTE IMPRECISION IN FAST TABLE ENERGY: 3.38813e-21 AT 9.89634
Info: RELATIVE IMPRECISION IN FAST TABLE ENERGY: 4.23384e-15 AT 9.94673
Info: ABSOLUTE IMPRECISION IN FAST TABLE FORCE: 6.35275e-22 AT 9.94673
Info: RELATIVE IMPRECISION IN FAST TABLE FORCE: 5.07982e-16 AT 9.94673
Info: INCONSISTENCY IN FAST TABLE ENERGY VS FORCE: 0.000290185 AT 0.251946
Info: ABSOLUTE IMPRECISION IN VDWA TABLE ENERGY: 1.57772e-30 AT 9.89634
Info: RELATIVE IMPRECISION IN VDWA TABLE ENERGY: 4.54938e-15 AT 9.94673
Info: ABSOLUTE IMPRECISION IN VDWA TABLE FORCE: 5.91646e-31 AT 9.94673
Info: RELATIVE IMPRECISION IN VDWA TABLE FORCE: 5.6823e-16 AT 9.94673
Info: INCONSISTENCY IN VDWA TABLE ENERGY VS FORCE: 0.0040507 AT 0.251946
Info: ABSOLUTE IMPRECISION IN VDWB TABLE ENERGY: 4.71751e-25 AT 9.94673
Info: RELATIVE IMPRECISION IN VDWB TABLE ENERGY: 1.45371e-14 AT 9.94673
Info: ABSOLUTE IMPRECISION IN VDWB TABLE FORCE: 6.20385e-25 AT 9.94673
Info: RELATIVE IMPRECISION IN VDWB TABLE FORCE: 5.97512e-16 AT 9.94673
Info: INCONSISTENCY IN VDWB TABLE ENERGY VS FORCE: 0.00377068 AT 9.07951
Info: Startup phase 2 took 0.000490407 s, 800.125 MB of memory in use
Info: Startup phase 3 took 0.000155095 s, 800.125 MB of memory in use
Info: Startup phase 4 took 0.000232501 s, 800.25 MB of memory in use
Info: Startup phase 5 took 0.000142358 s, 800.312 MB of memory in use
Info: ORIGINAL ATOMS MINMAX IS -22.2231 -33.5128 -34.7525  16.9263 12.2418 17.0611
Info: ADJUSTED ATOMS MINMAX IS -17.2615 -27.246 -29.9567  11.7667 7.67217 7.52646
Info: PATCH GRID IS 5 BY 3 BY 3
Info: PATCH GRID IS 2-AWAY BY 1-AWAY BY 1-AWAY
Info: Reading from binary file 0_2_adk-step1.restart.vel
Info: REMOVING COM VELOCITY -0.0085247 -0.1623 -0.146646
Info: LARGEST PATCH (24) HAS 136 ATOMS
Info: TORUS A SIZE 1 USING 0
Info: TORUS B SIZE 1 USING 0
Info: TORUS C SIZE 1 USING 0
Info: TORUS MINIMAL MESH SIZE IS 1 BY 1 BY 1
Info: Placed 100% of base nodes on same physical node as patch
Info: Startup phase 6 took 0.00811962 s, 800.5 MB of memory in use
Info: Startup phase 7 took 0.000156212 s, 801.438 MB of memory in use
Info: Updated CUDA force table with 4096 elements.
Info: Updated CUDA LJ table with 53 x 53 elements.
Info: Updated CUDA force table with 4096 elements.
Info: Updated CUDA LJ table with 53 x 53 elements.
Info: Updated CUDA force table with 4096 elements.
Info: Updated CUDA LJ table with 53 x 53 elements.
Info: Updated CUDA force table with 4096 elements.
Info: Updated CUDA force table with 4096 elements.
Info: Updated CUDA LJ table with 53 x 53 elements.
Info: Updated CUDA LJ table with 53 x 53 elements.
Info: Updated CUDA force table with 4096 elements.
Info: Updated CUDA LJ table with 53 x 53 elements.
Info: Startup phase 8 took 0.00322989 s, 801.562 MB of memory in use
Info: Startup phase 9 took 0.000338878 s, 801.625 MB of memory in use
Info: Startup phase 10 took 0.000162802 s, 801.688 MB of memory in use
Info: Startup phase 11 took 0.000740479 s, 801.875 MB of memory in use
LDB: Central LB being created...
Info: Startup phase 12 took 0.0020982 s, 802.625 MB of memory in use
Info: CREATING 1139 COMPUTE OBJECTS
Info: Found 278 unique exclusion lists needing 900 bytes
Info: Found 278 unique exclusion lists needing 900 bytes
Info: Found 278 unique exclusion lists needing 900 bytes
Info: Found 278 unique exclusion lists needing 900 bytes
Info: Found 278 unique exclusion lists needing 900 bytes
Info: Found 278 unique exclusion lists needing 900 bytes
Info: useSync: 0 useProxySync: 0
Info: Startup phase 13 took 0.0152425 s, 803.438 MB of memory in use
Info: Building spanning tree ... send: 1 recv: 0 with branch factor 4
Info: Startup phase 14 took 0.000232059 s, 803.562 MB of memory in use
Info: Startup phase 15 took 0.000221282 s, 803.688 MB of memory in use
Info: Finished startup at 2.20341 s, 803.875 MB of memory in use

TCL: Running for 5000 steps
PRESSURE: 0 0 0 0 0 0 0 0 0 0
GPRESSURE: 0 0 0 0 0 0 0 0 0 0
ETITLE:      TS           BOND          ANGLE          DIHED          IMPRP               ELECT            VDW       BOUNDARY           MISC        KINETIC               TOTAL           TEMP      POTENTIAL         TOTAL3        TEMPAVG

ENERGY:       0      1116.0146      1717.2695      2090.7918       152.2416            -39.2345      -769.8545         0.0000      4218.0130      2904.8876          11390.1291       291.6903      8485.2415     11414.5073       291.6903

LDB: ============= START OF LOAD BALANCING ============== 2.21658
LDB: ============== END OF LOAD BALANCING =============== 2.21662
Info: useSync: 0 useProxySync: 0
LDB: =============== DONE WITH MIGRATION ================ 2.21671
LDB: ============= START OF LOAD BALANCING ============== 2.26043
LDB: Partitioning computes with target load 0.000000
LDB: Increased migratable compute count from 0 to 0
LDB: Largest unpartitionable compute is 0.000000
LDB: ============== END OF LOAD BALANCING =============== 2.26067
Info: build node-aware spanning tree with send: 1, recv: 0 with branch factor 4
Info: useSync: 0 useProxySync: 0
LDB: =============== DONE WITH MIGRATION ================ 2.26136
PRESSURE: 100 0 0 0 0 0 0 0 0 0
GPRESSURE: 100 0 0 0 0 0 0 0 0 0
PRESSAVG: 100 0 0 0 0 0 0 0 0 0
GPRESSAVG: 100 0 0 0 0 0 0 0 0 0
Info: Initial time: 42 CPUs 0.000553069 s/step 0.00640127 days/ns 827.188 MB memory
ENERGY:     100      1105.1885      1690.1492      2074.8504       155.9344            -39.5269      -786.3064         0.0000      4207.1327      2984.1442          11391.5662       299.6487      8407.4220     11416.3551       301.7014

LDB: ============= START OF LOAD BALANCING ============== 2.27106
LDB: ============== END OF LOAD BALANCING =============== 2.27109
Info: useSync: 0 useProxySync: 0
LDB: =============== DONE WITH MIGRATION ================ 2.27116
LDB: ============= START OF LOAD BALANCING ============== 2.31243
LDB: TIME 2.31262 LOAD: AVG 0.0121749 MAX 0.0250357  PROXIES: TOTAL 174 MAXPE 7 MAXPATCH 7 None MEM: 828.188 MB
LDB: TIME 2.31276 LOAD: AVG 0.0121749 MAX 0.0250357  PROXIES: TOTAL 174 MAXPE 7 MAXPATCH 7 TorusLB MEM: 828.375 MB
LDB: ============== END OF LOAD BALANCING =============== 2.31297
Info: build node-aware spanning tree with send: 1, recv: 0 with branch factor 4
Info: useSync: 0 useProxySync: 0
LDB: =============== DONE WITH MIGRATION ================ 2.31359
PRESSURE: 200 0 0 0 0 0 0 0 0 0
GPRESSURE: 200 0 0 0 0 0 0 0 0 0
PRESSAVG: 200 0 0 0 0 0 0 0 0 0
GPRESSAVG: 200 0 0 0 0 0 0 0 0 0
Info: Initial time: 42 CPUs 0.000508 s/step 0.00587963 days/ns 828.375 MB memory
ENERGY:     200      1111.4606      1664.2193      2081.2496       160.7147            -38.8847      -772.9245         0.0000      4198.5002      2989.3115          11393.6467       300.1676      8404.3352     11416.1411       300.3709

LDB: ============= START OF LOAD BALANCING ============== 2.36354
LDB: TIME 2.36369 LOAD: AVG 0.0149325 MAX 0.0283614  PROXIES: TOTAL 174 MAXPE 7 MAXPATCH 7 None MEM: 829.25 MB
LDB: TIME 2.3638 LOAD: AVG 0.0149325 MAX 0.0283614  PROXIES: TOTAL 174 MAXPE 7 MAXPATCH 7 RefineTorusLB MEM: 829.25 MB
LDB: TIME 2.36392 LOAD: AVG 0.0149325 MAX 0.0283614  PROXIES: TOTAL 174 MAXPE 7 MAXPATCH 7 RefineTorusLB MEM: 829.25 MB
LDB: Reverting to original mapping
LDB: ============== END OF LOAD BALANCING =============== 2.36412
Info: build node-aware spanning tree with send: 1, recv: 0 with branch factor 4
Info: useSync: 0 useProxySync: 0
LDB: =============== DONE WITH MIGRATION ================ 2.36477
PRESSURE: 300 0 0 0 0 0 0 0 0 0
GPRESSURE: 300 0 0 0 0 0 0 0 0 0
PRESSAVG: 300 0 0 0 0 0 0 0 0 0
GPRESSAVG: 300 0 0 0 0 0 0 0 0 0
Info: Initial time: 42 CPUs 0.000496076 s/step 0.00574162 days/ns 829.25 MB memory
ENERGY:     300      1105.8158      1725.8753      2058.4593       150.7930            -38.9384      -798.9049         0.0000      4195.3706      3033.8099          11432.2805       304.6359      8398.4706     11456.7039       301.8570

LDB: ============= START OF LOAD BALANCING ============== 2.41458
LDB: TIME 2.41473 LOAD: AVG 0.0149229 MAX 0.028374  PROXIES: TOTAL 174 MAXPE 7 MAXPATCH 7 None MEM: 830.062 MB
LDB: TIME 2.41484 LOAD: AVG 0.0149229 MAX 0.028374  PROXIES: TOTAL 174 MAXPE 7 MAXPATCH 7 RefineTorusLB MEM: 830.125 MB
LDB: TIME 2.41494 LOAD: AVG 0.0149229 MAX 0.028374  PROXIES: TOTAL 174 MAXPE 7 MAXPATCH 7 RefineTorusLB MEM: 830.125 MB
LDB: Reverting to original mapping
LDB: ============== END OF LOAD BALANCING =============== 2.41511
Info: build node-aware spanning tree with send: 1, recv: 0 with branch factor 4
Info: useSync: 0 useProxySync: 0
LDB: =============== DONE WITH MIGRATION ================ 2.4157
PRESSURE: 400 0 0 0 0 0 0 0 0 0
GPRESSURE: 400 0 0 0 0 0 0 0 0 0
PRESSAVG: 400 0 0 0 0 0 0 0 0 0
GPRESSAVG: 400 0 0 0 0 0 0 0 0 0
Info: Benchmark time: 42 CPUs 0.00049812 s/step 0.00576528 days/ns 830.125 MB memory
ENERGY:     400      1110.8266      1673.2642      2089.6764       161.1641            -39.9429      -790.9276         0.0000      4201.5507      3064.1702          11469.7816       307.6844      8405.6115     11493.9137       303.1804

PRESSURE: 500 0 0 0 0 0 0 0 0 0
GPRESSURE: 500 0 0 0 0 0 0 0 0 0
PRESSAVG: 500 0 0 0 0 0 0 0 0 0
GPRESSAVG: 500 0 0 0 0 0 0 0 0 0
Info: Benchmark time: 42 CPUs 0.000525574 s/step 0.00608304 days/ns 830.812 MB memory
ENERGY:     500      1089.0649      1743.7657      2061.0395       141.2697            -39.5815      -776.0874         0.0000      4197.5960      3084.8924          11501.9594       309.7652      8417.0669     11525.3745       305.7098

PRESSURE: 600 0 0 0 0 0 0 0 0 0
GPRESSURE: 600 0 0 0 0 0 0 0 0 0
PRESSAVG: 600 0 0 0 0 0 0 0 0 0
GPRESSAVG: 600 0 0 0 0 0 0 0 0 0
Info: Benchmark time: 42 CPUs 0.000487799 s/step 0.00564582 days/ns 830.812 MB memory
ENERGY:     600      1130.9539      1748.6519      2066.1735       154.1174            -40.5517      -813.2582         0.0000      4203.9658      3043.0733          11493.1260       305.5660      8450.0527     11516.8733       307.5539

PRESSURE: 700 0 0 0 0 0 0 0 0 0
GPRESSURE: 700 0 0 0 0 0 0 0 0 0
PRESSAVG: 700 0 0 0 0 0 0 0 0 0
GPRESSAVG: 700 0 0 0 0 0 0 0 0 0
Info: Benchmark time: 42 CPUs 0.000456599 s/step 0.00528471 days/ns 830.812 MB memory
ENERGY:     700      1109.5428      1680.4744      2068.5869       150.7814            -40.7203      -791.8224         0.0000      4199.5672      3070.0591          11446.4691       308.2758      8376.4099     11474.0976       305.2646

PRESSURE: 800 0 0 0 0 0 0 0 0 0
GPRESSURE: 800 0 0 0 0 0 0 0 0 0
PRESSAVG: 800 0 0 0 0 0 0 0 0 0
GPRESSAVG: 800 0 0 0 0 0 0 0 0 0
Info: Benchmark time: 42 CPUs 0.0004313 s/step 0.0049919 days/ns 830.812 MB memory
ENERGY:     800      1079.8519      1702.3665      2086.6883       147.9962            -40.2645      -821.0996         0.0000      4188.7751      3019.3943          11363.7081       303.1883      8344.3138     11388.1782       303.0625

PRESSURE: 900 0 0 0 0 0 0 0 0 0
GPRESSURE: 900 0 0 0 0 0 0 0 0 0
PRESSAVG: 900 0 0 0 0 0 0 0 0 0
GPRESSAVG: 900 0 0 0 0 0 0 0 0 0
Info: Benchmark time: 42 CPUs 0.000478676 s/step 0.00554023 days/ns 830.812 MB memory
ENERGY:     900      1078.4667      1693.5239      2057.1161       150.9111            -41.0505      -804.6960         0.0000      4187.0796      2975.5175          11296.8684       298.7825      8321.3509     11322.2060       299.5594

PRESSURE: 1000 0 0 0 0 0 0 0 0 0
GPRESSURE: 1000 0 0 0 0 0 0 0 0 0
PRESSAVG: 1000 0 0 0 0 0 0 0 0 0
GPRESSAVG: 1000 0 0 0 0 0 0 0 0 0
TIMING: 1000  CPU: 0.5199, 0.000502089/step  Wall: 0.520838, 0.000502295/step, 0.000558106 hours remaining, 830.812500 MB of memory in use.
ETITLE:      TS           BOND          ANGLE          DIHED          IMPRP               ELECT            VDW       BOUNDARY           MISC        KINETIC               TOTAL           TEMP      POTENTIAL         TOTAL3        TEMPAVG

ENERGY:    1000      1079.0733      1691.4044      2060.1526       155.9760            -41.4774      -792.1322         0.0000      4182.9823      2966.9716          11302.9507       297.9244      8335.9791     11327.6762       295.0184

WRITING EXTENDED SYSTEM TO RESTART FILE AT STEP 1000
WRITING VELOCITIES TO RESTART FILE AT STEP 1000
FINISHED WRITING RESTART VELOCITIES
The last velocity output (seq=1000) takes 0.002 seconds, 830.938 MB of memory in use
OPENING COORDINATE DCD FILE
WRITING COORDINATES TO DCD FILE adk-step1.dcd AT STEP 1000
WRITING COORDINATES TO RESTART FILE AT STEP 1000
FINISHED WRITING RESTART COORDINATES
The last position output (seq=1000) takes 0.006 seconds, 830.938 MB of memory in use
PRESSURE: 1100 0 0 0 0 0 0 0 0 0
GPRESSURE: 1100 0 0 0 0 0 0 0 0 0
PRESSAVG: 1100 0 0 0 0 0 0 0 0 0
GPRESSAVG: 1100 0 0 0 0 0 0 0 0 0
ENERGY:    1100      1104.7312      1675.2246      2093.2761       154.3080            -39.6607      -791.4141         0.0000      4179.2301      2918.5280          11294.2232       293.0600      8375.6952     11315.5739       297.8469

PRESSURE: 1200 0 0 0 0 0 0 0 0 0
GPRESSURE: 1200 0 0 0 0 0 0 0 0 0
PRESSAVG: 1200 0 0 0 0 0 0 0 0 0
GPRESSAVG: 1200 0 0 0 0 0 0 0 0 0
ENERGY:    1200      1070.9810      1664.7354      2107.8461       153.4396            -39.5773      -790.3877         0.0000      4182.1692      2941.9806          11291.1869       295.4149      8349.2064     11313.4998       296.9161

PRESSURE: 1300 0 0 0 0 0 0 0 0 0
GPRESSURE: 1300 0 0 0 0 0 0 0 0 0
PRESSAVG: 1300 0 0 0 0 0 0 0 0 0
GPRESSAVG: 1300 0 0 0 0 0 0 0 0 0
ENERGY:    1300      1074.8210      1641.6666      2058.4940       142.0449            -39.4770      -763.4931         0.0000      4179.2725      2948.4481          11241.7769       296.0644      8293.3288     11262.3780       295.8459

PRESSURE: 1400 0 0 0 0 0 0 0 0 0
GPRESSURE: 1400 0 0 0 0 0 0 0 0 0
PRESSAVG: 1400 0 0 0 0 0 0 0 0 0
GPRESSAVG: 1400 0 0 0 0 0 0 0 0 0
ENERGY:    1400      1058.5469      1670.2228      2089.3505       157.7491            -39.8212      -792.6136         0.0000      4185.0392      2961.3501          11289.8238       297.3599      8328.4737     11316.6345       295.9483

PRESSURE: 1500 0 0 0 0 0 0 0 0 0
GPRESSURE: 1500 0 0 0 0 0 0 0 0 0
PRESSAVG: 1500 0 0 0 0 0 0 0 0 0
GPRESSAVG: 1500 0 0 0 0 0 0 0 0 0
ENERGY:    1500      1100.8704      1663.6667      2092.6236       156.3360            -38.7797      -793.6306         0.0000      4177.8657      2974.3281          11333.2802       298.6631      8358.9521     11361.6540       296.5209

PRESSURE: 1600 0 0 0 0 0 0 0 0 0
GPRESSURE: 1600 0 0 0 0 0 0 0 0 0
PRESSAVG: 1600 0 0 0 0 0 0 0 0 0
GPRESSAVG: 1600 0 0 0 0 0 0 0 0 0
ENERGY:    1600      1086.5715      1687.6873      2089.0224       155.7711            -38.5411      -790.7302         0.0000      4180.6843      3004.6339          11375.0992       301.7062      8370.4653     11396.4221       298.9598

PRESSURE: 1700 0 0 0 0 0 0 0 0 0
GPRESSURE: 1700 0 0 0 0 0 0 0 0 0
PRESSAVG: 1700 0 0 0 0 0 0 0 0 0
GPRESSAVG: 1700 0 0 0 0 0 0 0 0 0
ENERGY:    1700      1092.9357      1693.0834      2078.2670       150.2597            -38.8986      -757.4379         0.0000      4180.2161      2965.6195          11364.0449       297.7886      8398.4254     11390.6745       301.0642

PRESSURE: 1800 0 0 0 0 0 0 0 0 0
GPRESSURE: 1800 0 0 0 0 0 0 0 0 0
PRESSAVG: 1800 0 0 0 0 0 0 0 0 0
GPRESSAVG: 1800 0 0 0 0 0 0 0 0 0
ENERGY:    1800      1114.5765      1678.3350      2074.9735       159.2337            -38.7366      -786.9725         0.0000      4172.8210      3011.4127          11385.6433       302.3869      8374.2306     11410.3407       300.0297

PRESSURE: 1900 0 0 0 0 0 0 0 0 0
GPRESSURE: 1900 0 0 0 0 0 0 0 0 0
PRESSAVG: 1900 0 0 0 0 0 0 0 0 0
GPRESSAVG: 1900 0 0 0 0 0 0 0 0 0
ENERGY:    1900      1120.0007      1730.4744      2076.2361       144.0835            -39.1720      -778.0519         0.0000      4168.2291      2983.7316          11405.5315       299.6073      8421.8000     11426.1847       302.3861

PRESSURE: 2000 0 0 0 0 0 0 0 0 0
GPRESSURE: 2000 0 0 0 0 0 0 0 0 0
PRESSAVG: 2000 0 0 0 0 0 0 0 0 0
GPRESSAVG: 2000 0 0 0 0 0 0 0 0 0
TIMING: 2000  CPU: 0.9924, 0.0004725/step  Wall: 1.00593, 0.000485094/step, 0.000404245 hours remaining, 831.000000 MB of memory in use.
ETITLE:      TS           BOND          ANGLE          DIHED          IMPRP               ELECT            VDW       BOUNDARY           MISC        KINETIC               TOTAL           TEMP      POTENTIAL         TOTAL3        TEMPAVG

ENERGY:    2000      1132.2828      1667.7089      2108.8040       152.6639            -39.6919      -785.0454         0.0000      4176.5086      3028.0187          11441.2495       304.0543      8413.2309     11465.3256       303.3253

WRITING EXTENDED SYSTEM TO RESTART FILE AT STEP 2000
WRITING VELOCITIES TO RESTART FILE AT STEP 2000
FINISHED WRITING RESTART VELOCITIES
The last velocity output (seq=2000) takes 0.002 seconds, 831.000 MB of memory in use
WRITING COORDINATES TO DCD FILE adk-step1.dcd AT STEP 2000
WRITING COORDINATES TO RESTART FILE AT STEP 2000
FINISHED WRITING RESTART COORDINATES
The last position output (seq=2000) takes 0.002 seconds, 831.000 MB of memory in use
PRESSURE: 2100 0 0 0 0 0 0 0 0 0
GPRESSURE: 2100 0 0 0 0 0 0 0 0 0
PRESSAVG: 2100 0 0 0 0 0 0 0 0 0
GPRESSAVG: 2100 0 0 0 0 0 0 0 0 0
ENERGY:    2100      1132.5508      1718.6748      2095.1662       155.2342            -39.5374      -827.1341         0.0000      4179.8679      3003.5663          11418.3888       301.5990      8414.8225     11441.9430       302.8043

PRESSURE: 2200 0 0 0 0 0 0 0 0 0
GPRESSURE: 2200 0 0 0 0 0 0 0 0 0
PRESSAVG: 2200 0 0 0 0 0 0 0 0 0
GPRESSAVG: 2200 0 0 0 0 0 0 0 0 0
ENERGY:    2200      1097.7186      1688.8752      2080.8961       143.6186            -40.3350      -811.7477         0.0000      4169.7987      3052.6591          11381.4836       306.5286      8328.8246     11407.8239       302.7328

PRESSURE: 2300 0 0 0 0 0 0 0 0 0
GPRESSURE: 2300 0 0 0 0 0 0 0 0 0
PRESSAVG: 2300 0 0 0 0 0 0 0 0 0
GPRESSAVG: 2300 0 0 0 0 0 0 0 0 0
ENERGY:    2300      1093.1987      1707.3801      2107.5833       150.8423            -40.9711      -793.5354         0.0000      4164.9421      3012.2697          11401.7097       302.4729      8389.4400     11427.2984       299.0298

PRESSURE: 2400 0 0 0 0 0 0 0 0 0
GPRESSURE: 2400 0 0 0 0 0 0 0 0 0
PRESSAVG: 2400 0 0 0 0 0 0 0 0 0
GPRESSAVG: 2400 0 0 0 0 0 0 0 0 0
ENERGY:    2400      1099.9382      1740.5776      2104.8651       163.6574            -41.1071      -800.1614         0.0000      4169.8717      2951.2592          11388.9008       296.3466      8437.6416     11408.3342       301.0736

PRESSURE: 2500 0 0 0 0 0 0 0 0 0
GPRESSURE: 2500 0 0 0 0 0 0 0 0 0
PRESSAVG: 2500 0 0 0 0 0 0 0 0 0
GPRESSAVG: 2500 0 0 0 0 0 0 0 0 0
ENERGY:    2500      1067.1950      1717.6984      2115.9651       148.9530            -40.7438      -778.4319         0.0000      4170.6330      2923.0924          11324.3612       293.5183      8401.2689     11349.6346       300.2622

PRESSURE: 2600 0 0 0 0 0 0 0 0 0
GPRESSURE: 2600 0 0 0 0 0 0 0 0 0
PRESSAVG: 2600 0 0 0 0 0 0 0 0 0
GPRESSAVG: 2600 0 0 0 0 0 0 0 0 0
ENERGY:    2600      1083.9499      1660.9651      2081.1502       152.9573            -40.0682      -763.7295         0.0000      4168.5400      3003.6245          11347.3893       301.6048      8343.7649     11370.7320       297.6697

PRESSURE: 2700 0 0 0 0 0 0 0 0 0
GPRESSURE: 2700 0 0 0 0 0 0 0 0 0
PRESSAVG: 2700 0 0 0 0 0 0 0 0 0
GPRESSAVG: 2700 0 0 0 0 0 0 0 0 0
ENERGY:    2700      1098.2714      1666.2556      2085.8186       154.0818            -40.6939      -798.5632         0.0000      4168.8600      2991.9998          11326.0301       300.4376      8334.0303     11350.4359       298.3832

PRESSURE: 2800 0 0 0 0 0 0 0 0 0
GPRESSURE: 2800 0 0 0 0 0 0 0 0 0
PRESSAVG: 2800 0 0 0 0 0 0 0 0 0
GPRESSAVG: 2800 0 0 0 0 0 0 0 0 0
ENERGY:    2800      1105.4206      1650.3844      2121.3187       153.3486            -40.7458      -795.3611         0.0000      4164.5489      3004.7736          11363.6880       301.7202      8358.9144     11388.9305       298.6996

PRESSURE: 2900 0 0 0 0 0 0 0 0 0
GPRESSURE: 2900 0 0 0 0 0 0 0 0 0
PRESSAVG: 2900 0 0 0 0 0 0 0 0 0
GPRESSAVG: 2900 0 0 0 0 0 0 0 0 0
ENERGY:    2900      1103.4343      1659.6536      2079.1291       153.8556            -39.9353      -796.2979         0.0000      4170.8511      3028.7324          11359.4228       304.1260      8330.6904     11388.2902       299.8178

PRESSURE: 3000 0 0 0 0 0 0 0 0 0
GPRESSURE: 3000 0 0 0 0 0 0 0 0 0
PRESSAVG: 3000 0 0 0 0 0 0 0 0 0
GPRESSAVG: 3000 0 0 0 0 0 0 0 0 0
TIMING: 3000  CPU: 1.45182, 0.000459421/step  Wall: 1.46759, 0.000461654/step, 0.000256474 hours remaining, 831.000000 MB of memory in use.
ETITLE:      TS           BOND          ANGLE          DIHED          IMPRP               ELECT            VDW       BOUNDARY           MISC        KINETIC               TOTAL           TEMP      POTENTIAL         TOTAL3        TEMPAVG

ENERGY:    3000      1113.3664      1698.5385      2078.2380       150.1171            -41.0252      -771.3374         0.0000      4164.8973      3003.3725          11396.1673       301.5795      8392.7947     11420.6487       301.0076

WRITING EXTENDED SYSTEM TO RESTART FILE AT STEP 3000
WRITING VELOCITIES TO RESTART FILE AT STEP 3000
FINISHED WRITING RESTART VELOCITIES
The last velocity output (seq=3000) takes 0.002 seconds, 831.000 MB of memory in use
WRITING COORDINATES TO DCD FILE adk-step1.dcd AT STEP 3000
WRITING COORDINATES TO RESTART FILE AT STEP 3000
FINISHED WRITING RESTART COORDINATES
The last position output (seq=3000) takes 0.002 seconds, 831.000 MB of memory in use
PRESSURE: 3100 0 0 0 0 0 0 0 0 0
GPRESSURE: 3100 0 0 0 0 0 0 0 0 0
PRESSAVG: 3100 0 0 0 0 0 0 0 0 0
GPRESSAVG: 3100 0 0 0 0 0 0 0 0 0
ENERGY:    3100      1126.7020      1697.6828      2085.9660       152.9999            -40.9027      -769.9583         0.0000      4155.3175      2969.0011          11376.8083       298.1282      8407.8072     11404.7611       299.3908

PRESSURE: 3200 0 0 0 0 0 0 0 0 0
GPRESSURE: 3200 0 0 0 0 0 0 0 0 0
PRESSAVG: 3200 0 0 0 0 0 0 0 0 0
GPRESSAVG: 3200 0 0 0 0 0 0 0 0 0
ENERGY:    3200      1124.6669      1735.8323      2096.6830       150.5745            -41.1927      -776.6892         0.0000      4155.5332      2955.4272          11400.8351       296.7652      8445.4080     11422.6691       302.9186

PRESSURE: 3300 0 0 0 0 0 0 0 0 0
GPRESSURE: 3300 0 0 0 0 0 0 0 0 0
PRESSAVG: 3300 0 0 0 0 0 0 0 0 0
GPRESSAVG: 3300 0 0 0 0 0 0 0 0 0
ENERGY:    3300      1092.4092      1652.4044      2088.2725       163.7149            -41.5690      -800.8488         0.0000      4170.4161      3012.9537          11337.7531       302.5416      8324.7994     11363.6792       300.3371

PRESSURE: 3400 0 0 0 0 0 0 0 0 0
GPRESSURE: 3400 0 0 0 0 0 0 0 0 0
PRESSAVG: 3400 0 0 0 0 0 0 0 0 0
GPRESSAVG: 3400 0 0 0 0 0 0 0 0 0
ENERGY:    3400      1088.2320      1674.5765      2111.5520       150.4912            -40.6637      -781.9933         0.0000      4165.9204      2989.1869          11357.3021       300.1551      8368.1151     11382.5291       299.2754

PRESSURE: 3500 0 0 0 0 0 0 0 0 0
GPRESSURE: 3500 0 0 0 0 0 0 0 0 0
PRESSAVG: 3500 0 0 0 0 0 0 0 0 0
GPRESSAVG: 3500 0 0 0 0 0 0 0 0 0
ENERGY:    3500      1082.7404      1686.4957      2094.9449       158.1542            -41.1449      -758.6930         0.0000      4158.1867      2959.2860          11339.9699       297.1526      8380.6839     11365.4013       301.2345

PRESSURE: 3600 0 0 0 0 0 0 0 0 0
GPRESSURE: 3600 0 0 0 0 0 0 0 0 0
PRESSAVG: 3600 0 0 0 0 0 0 0 0 0
GPRESSAVG: 3600 0 0 0 0 0 0 0 0 0
ENERGY:    3600      1112.9932      1698.4884      2079.8016       149.4245            -41.3315      -795.3691         0.0000      4163.3312      2961.4284          11328.7666       297.3678      8367.3382     11352.7665       298.6261

PRESSURE: 3700 0 0 0 0 0 0 0 0 0
GPRESSURE: 3700 0 0 0 0 0 0 0 0 0
PRESSAVG: 3700 0 0 0 0 0 0 0 0 0
GPRESSAVG: 3700 0 0 0 0 0 0 0 0 0
ENERGY:    3700      1144.0818      1672.2936      2080.9316       147.1500            -41.6750      -817.3489         0.0000      4165.4701      3006.5848          11357.4879       301.9021      8350.9031     11378.7174       299.3895

PRESSURE: 3800 0 0 0 0 0 0 0 0 0
GPRESSURE: 3800 0 0 0 0 0 0 0 0 0
PRESSAVG: 3800 0 0 0 0 0 0 0 0 0
GPRESSAVG: 3800 0 0 0 0 0 0 0 0 0
ENERGY:    3800      1117.8162      1702.0447      2092.7532       154.9079            -40.8684      -784.7796         0.0000      4155.8972      2940.8347          11338.6059       295.2999      8397.7711     11365.7838       298.6703

PRESSURE: 3900 0 0 0 0 0 0 0 0 0
GPRESSURE: 3900 0 0 0 0 0 0 0 0 0
PRESSAVG: 3900 0 0 0 0 0 0 0 0 0
GPRESSAVG: 3900 0 0 0 0 0 0 0 0 0
ENERGY:    3900      1122.8866      1707.7668      2101.1887       157.0484            -41.4799      -828.9355         0.0000      4156.2878      2970.0993          11344.8623       298.2384      8374.7630     11370.8715       298.9334

PRESSURE: 4000 0 0 0 0 0 0 0 0 0
GPRESSURE: 4000 0 0 0 0 0 0 0 0 0
PRESSAVG: 4000 0 0 0 0 0 0 0 0 0
GPRESSAVG: 4000 0 0 0 0 0 0 0 0 0
TIMING: 4000  CPU: 1.90635, 0.00045453/step  Wall: 1.92624, 0.000458656/step, 0.000127405 hours remaining, 831.000000 MB of memory in use.
ETITLE:      TS           BOND          ANGLE          DIHED          IMPRP               ELECT            VDW       BOUNDARY           MISC        KINETIC               TOTAL           TEMP      POTENTIAL         TOTAL3        TEMPAVG

ENERGY:    4000      1141.3181      1682.2404      2070.8555       163.3704            -41.0485      -806.7720         0.0000      4157.9805      2973.5892          11341.5336       298.5889      8367.9444     11366.6636       300.4262

WRITING EXTENDED SYSTEM TO RESTART FILE AT STEP 4000
WRITING VELOCITIES TO RESTART FILE AT STEP 4000
FINISHED WRITING RESTART VELOCITIES
The last velocity output (seq=4000) takes 0.002 seconds, 831.000 MB of memory in use
WRITING COORDINATES TO DCD FILE adk-step1.dcd AT STEP 4000
WRITING COORDINATES TO RESTART FILE AT STEP 4000
FINISHED WRITING RESTART COORDINATES
The last position output (seq=4000) takes 0.002 seconds, 831.000 MB of memory in use
PRESSURE: 4100 0 0 0 0 0 0 0 0 0
GPRESSURE: 4100 0 0 0 0 0 0 0 0 0
PRESSAVG: 4100 0 0 0 0 0 0 0 0 0
GPRESSAVG: 4100 0 0 0 0 0 0 0 0 0
ENERGY:    4100      1112.5374      1652.8261      2068.5741       145.6693            -41.6671      -803.9099         0.0000      4161.7581      2999.8395          11295.6275       301.2248      8295.7879     11322.4698       299.5742

PRESSURE: 4200 0 0 0 0 0 0 0 0 0
GPRESSURE: 4200 0 0 0 0 0 0 0 0 0
PRESSAVG: 4200 0 0 0 0 0 0 0 0 0
GPRESSAVG: 4200 0 0 0 0 0 0 0 0 0
ENERGY:    4200      1120.8162      1667.6339      2088.8144       150.8926            -41.9688      -799.2142         0.0000      4165.3527      2935.1572          11287.4840       294.7298      8352.3268     11304.8308       297.2007

LDB: ============= START OF LOAD BALANCING ============== 4.24832
LDB: ============== END OF LOAD BALANCING =============== 4.24837
Info: useSync: 0 useProxySync: 0
LDB: =============== DONE WITH MIGRATION ================ 4.24845
PRESSURE: 4300 0 0 0 0 0 0 0 0 0
GPRESSURE: 4300 0 0 0 0 0 0 0 0 0
PRESSAVG: 4300 0 0 0 0 0 0 0 0 0
GPRESSAVG: 4300 0 0 0 0 0 0 0 0 0
ENERGY:    4300      1087.7594      1762.7925      2071.3027       159.3087            -41.8008      -796.8315         0.0000      4158.8829      2933.4311          11334.8450       294.5565      8401.4139     11359.3416       298.4816

LDB: ============= START OF LOAD BALANCING ============== 4.29722
LDB: TIME 4.29745 LOAD: AVG 0.0128815 MAX 0.0329649  PROXIES: TOTAL 174 MAXPE 7 MAXPATCH 7 None MEM: 831 MB
LDB: TIME 4.2976 LOAD: AVG 0.0128815 MAX 0.0329649  PROXIES: TOTAL 174 MAXPE 7 MAXPATCH 7 RefineTorusLB MEM: 831.062 MB
LDB: TIME 4.2977 LOAD: AVG 0.0128815 MAX 0.0329649  PROXIES: TOTAL 174 MAXPE 7 MAXPATCH 7 RefineTorusLB MEM: 831.062 MB
LDB: ============== END OF LOAD BALANCING =============== 4.29789
Info: build node-aware spanning tree with send: 1, recv: 0 with branch factor 4
Info: useSync: 0 useProxySync: 0
LDB: =============== DONE WITH MIGRATION ================ 4.29853
PRESSURE: 4400 0 0 0 0 0 0 0 0 0
GPRESSURE: 4400 0 0 0 0 0 0 0 0 0
PRESSAVG: 4400 0 0 0 0 0 0 0 0 0
GPRESSAVG: 4400 0 0 0 0 0 0 0 0 0
ENERGY:    4400      1143.1949      1689.5264      2100.1453       156.6017            -41.9330      -797.6480         0.0000      4160.1116      2947.5013          11357.5002       295.9693      8409.9989     11382.2887       298.7251

PRESSURE: 4500 0 0 0 0 0 0 0 0 0
GPRESSURE: 4500 0 0 0 0 0 0 0 0 0
PRESSAVG: 4500 0 0 0 0 0 0 0 0 0
GPRESSAVG: 4500 0 0 0 0 0 0 0 0 0
ENERGY:    4500      1058.2212      1656.9354      2067.6805       164.5771            -42.0611      -770.7056         0.0000      4156.7952      3010.5529          11301.9956       302.3005      8291.4427     11327.4843       299.1029

PRESSURE: 4600 0 0 0 0 0 0 0 0 0
GPRESSURE: 4600 0 0 0 0 0 0 0 0 0
PRESSAVG: 4600 0 0 0 0 0 0 0 0 0
GPRESSAVG: 4600 0 0 0 0 0 0 0 0 0
ENERGY:    4600      1078.3933      1701.9006      2099.4340       148.8130            -41.6234      -797.0051         0.0000      4158.1237      2914.9870          11263.0232       292.7044      8348.0361     11287.5963       296.7458

PRESSURE: 4700 0 0 0 0 0 0 0 0 0
GPRESSURE: 4700 0 0 0 0 0 0 0 0 0
PRESSAVG: 4700 0 0 0 0 0 0 0 0 0
GPRESSAVG: 4700 0 0 0 0 0 0 0 0 0
ENERGY:    4700      1082.5737      1665.4563      2084.7258       161.1075            -40.6067      -793.2982         0.0000      4169.1524      2972.0860          11301.1968       298.4379      8329.1108     11325.0849       296.3320

PRESSURE: 4800 0 0 0 0 0 0 0 0 0
GPRESSURE: 4800 0 0 0 0 0 0 0 0 0
PRESSAVG: 4800 0 0 0 0 0 0 0 0 0
GPRESSAVG: 4800 0 0 0 0 0 0 0 0 0
ENERGY:    4800      1146.5640      1697.0004      2074.0912       151.2753            -39.7515      -803.8889         0.0000      4168.8668      2917.9851          11312.1424       293.0055      8394.1573     11334.6739       297.9360

PRESSURE: 4900 0 0 0 0 0 0 0 0 0
GPRESSURE: 4900 0 0 0 0 0 0 0 0 0
PRESSAVG: 4900 0 0 0 0 0 0 0 0 0
GPRESSAVG: 4900 0 0 0 0 0 0 0 0 0
ENERGY:    4900      1136.4320      1653.7038      2090.9334       152.5085            -40.1748      -803.7920         0.0000      4156.9513      2936.7489          11283.3112       294.8896      8346.5623     11309.0659       298.7097

PRESSURE: 5000 0 0 0 0 0 0 0 0 0
GPRESSURE: 5000 0 0 0 0 0 0 0 0 0
PRESSAVG: 5000 0 0 0 0 0 0 0 0 0
GPRESSAVG: 5000 0 0 0 0 0 0 0 0 0
TIMING: 5000  CPU: 2.3463, 0.000439947/step  Wall: 2.37453, 0.000448291/step, 0 hours remaining, 831.062500 MB of memory in use.
ETITLE:      TS           BOND          ANGLE          DIHED          IMPRP               ELECT            VDW       BOUNDARY           MISC        KINETIC               TOTAL           TEMP      POTENTIAL         TOTAL3        TEMPAVG

ENERGY:    5000      1115.2593      1714.4707      2081.1484       151.8704            -39.5388      -803.9725         0.0000      4163.7044      2978.2999          11361.2418       299.0619      8382.9419     11385.8431       298.0506

WRITING EXTENDED SYSTEM TO RESTART FILE AT STEP 5000
WRITING COORDINATES TO DCD FILE adk-step1.dcd AT STEP 5000
WRITING COORDINATES TO RESTART FILE AT STEP 5000
FINISHED WRITING RESTART COORDINATES
The last position output (seq=5000) takes 0.002 seconds, 831.688 MB of memory in use
WRITING VELOCITIES TO RESTART FILE AT STEP 5000
FINISHED WRITING RESTART VELOCITIES
The last velocity output (seq=5000) takes 0.002 seconds, 831.688 MB of memory in use
WRITING EXTENDED SYSTEM TO OUTPUT FILE AT STEP 5000
WRITING COORDINATES TO OUTPUT FILE AT STEP 5000
CLOSING COORDINATE DCD FILE adk-step1.dcd
The last position output (seq=-2) takes 0.004 seconds, 831.688 MB of memory in use
WRITING VELOCITIES TO OUTPUT FILE AT STEP 5000
====================================================

WallClock: 4.571310  CPUTime: 3.136707  Memory: 831.750000 MB
End of program
