Info) VMD for SUMMIT, version 1.9.3 (December 12, 2019)
Info) http://www.ks.uiuc.edu/Research/vmd/                         
Info) Email questions and bug reports to vmd@ks.uiuc.edu           
Info) Please include this reference in published work using VMD:   
Info)    Humphrey, W., Dalke, A. and Schulten, K., `VMD - Visual   
Info)    Molecular Dynamics', J. Molec. Graphics 1996, 14.1, 33-38.
Info) -------------------------------------------------------------
Info) Initializing parallel VMD instances via MPI...
Info) Found 1 VMD MPI node containing a total of 176 CPUs and 0 GPUs:
Info)    0: 176 CPUs, 559.8GB (92%) free mem, 0 GPUs, Name: h50n02
Info) No CUDA accelerator devices available.
psfplugin) Detected a Charmm PSF file
Info) Using plugin psf for structure file 1ake-docked-noh_autopsf.psf
Info) Analyzing structure ...
Info)    Atoms: 3341
Info)    Bonds: 3365
Info)    Angles: 6123  Dihedrals: 8921  Impropers: 567  Cross-terms: 212
Info)    Bondtypes: 0  Angletypes: 0  Dihedraltypes: 0  Impropertypes: 0
Info)    Residues: 214
Info)    Waters: 0
Info)    Segments: 1
Info)    Fragments: 1   Protein: 1   Nucleic: 0
0
dcdplugin) detected standard 32-bit DCD file of native endianness
dcdplugin) CHARMM format DCD file (also NAMD 2.1 and later)
Info) Using plugin dcd for coordinates from file adk-step1.dcd
Info) Finished with coordinate file adk-step1.dcd.
0
cc.dat
0.5
atomselect0
Warning: guessing atomic number for atoms with unknown element...
Info) volmap: Computing bounding box coordinates
Info) volmap: grid minmax = {-27 -36 -37} {20 13 15}
Info) volmap: grid size = 47x49x52 (0.5 MB)
Info) volmap: writing file "/tmp/mdff_sim3012797219219057.dx".
MAP <- "/tmp/mdff_sim3012797219219057.dx"
MAP :: gaussian blur (sigma = 0.9, regular)
MAP :: pad by x:3 3 y:3 3 z:3 3
MAP -> "/tmp/mdff_corr852067584568666.dx"

Stats for MAP:
  WEIGHT:    1
  AVERAGE:   0.10829
  STDEV:     0.380729
  MIN:       0
  MAX:       5.99476
  PMF_AVG:   0.0656136

0.418171
Info) volmap: Computing bounding box coordinates
Info) volmap: grid minmax = {-27 -36 -37} {20 13 15}
Info) volmap: grid size = 47x49x52 (0.5 MB)
Info) volmap: writing file "/tmp/mdff_sim2727055853571303.dx".
MAP <- "/tmp/mdff_sim2727055853571303.dx"
MAP :: gaussian blur (sigma = 0.9, regular)
MAP :: pad by x:3 3 y:3 3 z:3 3
MAP -> "/tmp/mdff_corr7700000585848465.dx"

Stats for MAP:
  WEIGHT:    1
  AVERAGE:   0.107712
  STDEV:     0.379509
  MIN:       0
  MAX:       7.27815
  PMF_AVG:   0.0653098

0.49409
0.418171 0.49409
file34
Info) VMD for SUMMIT, version 1.9.3 (December 12, 2019)
Info) Exiting normally.
Info) All nodes have reached the MPI shutdown barrier.
