0_11_cc.dat
/gpfs/alpine/bip115/scratch/hrlee/radical.pilot.sandbox/re.session.login1.hrlee.018632.0003/pilot.0000/staging_area/0_11_cc.dat
0, 11
Choosing optimized barrier algorithm name I0:HybridBinomial:SHMEM:P2P
Converse/Charm++ Commit ID: v6.10.2-0-g7bf00fa-namd-charm-6.10.2-build-2020-Aug-05-556
Warning> Randomization of virtual memory (ASLR) is turned on in the kernel, thread migration may not work! Run 'echo 0 > /proc/sys/kernel/randomize_va_space' as root to disable it, or try running with '+isomalloc_sync'.
CharmLB> Load balancer assumes all CPUs are same.
Charm++> Running on 1 hosts (1 sockets x 7 cores x 4 PUs = 28-way SMP)
Charm++> cpu topology info is gathered in 0.002 seconds.
Info: Built with CUDA version 10010
Did not find +devices i,j,k,... argument, using all
Pe 31 physical rank 31 will use CUDA device of pe 28
Pe 41 physical rank 41 will use CUDA device of pe 35
Pe 26 physical rank 26 will use CUDA device of pe 21
Pe 2 physical rank 2 will use CUDA device of pe 4
Pe 16 physical rank 16 will use CUDA device of pe 14
Pe 33 physical rank 33 will use CUDA device of pe 28
Pe 38 physical rank 38 will use CUDA device of pe 35
Pe 23 physical rank 23 will use CUDA device of pe 21
Pe 10 physical rank 10 will use CUDA device of pe 7
Pe 1 physical rank 1 will use CUDA device of pe 4
Pe 18 physical rank 18 will use CUDA device of pe 14
Pe 32 physical rank 32 will use CUDA device of pe 28
Pe 37 physical rank 37 will use CUDA device of pe 35
Pe 25 physical rank 25 will use CUDA device of pe 21
Pe 12 physical rank 12 will use CUDA device of pe 7
Pe 5 physical rank 5 will use CUDA device of pe 4
Pe 17 physical rank 17 will use CUDA device of pe 14
Pe 34 physical rank 34 will use CUDA device of pe 28
Pe 40 physical rank 40 will use CUDA device of pe 35
Pe 27 physical rank 27 will use CUDA device of pe 21
Pe 11 physical rank 11 will use CUDA device of pe 7
Pe 6 physical rank 6 will use CUDA device of pe 4
Pe 20 physical rank 20 will use CUDA device of pe 14
Pe 30 physical rank 30 will use CUDA device of pe 28
Pe 39 physical rank 39 will use CUDA device of pe 35
Pe 24 physical rank 24 will use CUDA device of pe 21
Pe 9 physical rank 9 will use CUDA device of pe 7
Pe 3 physical rank 3 will use CUDA device of pe 4
Pe 19 physical rank 19 will use CUDA device of pe 14
Pe 29 physical rank 29 will use CUDA device of pe 28
Pe 36 physical rank 36 will use CUDA device of pe 35
Pe 22 physical rank 22 will use CUDA device of pe 21
Pe 13 physical rank 13 will use CUDA device of pe 7
Pe 15 physical rank 15 will use CUDA device of pe 14
Pe 8 physical rank 8 will use CUDA device of pe 7
Pe 0 physical rank 0 will use CUDA device of pe 4
Pe 28 physical rank 28 binding to CUDA device 0 on h23n11: 'Tesla V100-SXM2-16GB'  Mem: 16128MB  Rev: 7.0  PCI: 35:4:0
Pe 35 physical rank 35 binding to CUDA device 0 on h23n11: 'Tesla V100-SXM2-16GB'  Mem: 16128MB  Rev: 7.0  PCI: 35:5:0
Pe 21 physical rank 21 binding to CUDA device 0 on h23n11: 'Tesla V100-SXM2-16GB'  Mem: 16128MB  Rev: 7.0  PCI: 35:3:0
Pe 7 physical rank 7 binding to CUDA device 0 on h23n11: 'Tesla V100-SXM2-16GB'  Mem: 16128MB  Rev: 7.0  PCI: 4:5:0
Pe 4 physical rank 4 binding to CUDA device 0 on h23n11: 'Tesla V100-SXM2-16GB'  Mem: 16128MB  Rev: 7.0  PCI: 4:4:0
Pe 14 physical rank 14 binding to CUDA device 0 on h23n11: 'Tesla V100-SXM2-16GB'  Mem: 16128MB  Rev: 7.0  PCI: 4:6:0
Info: NAMD 2.14 for Linux-POWER-pami-smp-Summit-CUDA
Info: 
Info: Please visit http://www.ks.uiuc.edu/Research/namd/
Info: for updates, documentation, and support information.
Info: 
Info: Please cite Phillips et al., J. Chem. Phys. 153:044130 (2020) doi:10.1063/5.0014475
Info: in all publications reporting results obtained with NAMD.
Info: 
Info: Based on Charm++/Converse 61002 for pami-linux-ppc64le-smp
Info: Built Wed Aug 5 14:28:51 EDT 2020 by jimp on login2
Info: 1 NAMD  2.14  Linux-POWER-pami-smp-Summit-CUDA  42    h23n11  hrlee
Info: Running on 42 processors, 6 nodes, 1 physical nodes.
Info: CPU topology information available.
Info: Charm++/Converse parallel runtime startup completed at 1.38001 s
CkLoopLib is used in SMP with simple dynamic scheduling (converse-level notification)
Info: 791.688 MB of memory in use based on /proc/self/stat
Info: Configuration file is adk-step1.namd
Info: Working in the current directory /gpfs/alpine/bip115/scratch/hrlee/radical.pilot.sandbox/re.session.login1.hrlee.018632.0003/pilot.0000/unit.000806
TCL: Suspending until startup complete.
Info: SIMULATION PARAMETERS:
Info: TIMESTEP               1
Info: NUMBER OF STEPS        0
Info: STEPS PER CYCLE        20
Info: LOAD BALANCER  Centralized
Info: LOAD BALANCING STRATEGY  New Load Balancers -- DEFAULT
Info: LDB PERIOD             4000 steps
Info: FIRST LDB TIMESTEP     100
Info: LAST LDB TIMESTEP     -1
Info: LDB BACKGROUND SCALING 1
Info: HOM BACKGROUND SCALING 1
Info: MIN ATOMS PER PATCH    40
Info: VELOCITY FILE          0_11_adk-step1.restart.vel
Info: CENTER OF MASS MOVING INITIALLY? NO
Info: DIELECTRIC             80
Info: EXCLUDE                SCALED ONE-FOUR
Info: 1-4 ELECTROSTATICS SCALED BY 1
Info: MODIFIED 1-4 VDW PARAMETERS WILL BE USED
Info: DCD FILENAME           adk-step1.dcd
Info: DCD FREQUENCY          1000
Info: DCD FIRST STEP         1000
Info: NO EXTENDED SYSTEM TRAJECTORY OUTPUT
Info: NO VELOCITY DCD OUTPUT
Info: NO FORCE DCD OUTPUT
Info: OUTPUT FILENAME        adk-step1
Info: BINARY OUTPUT FILES WILL BE USED
Info: RESTART FILENAME       adk-step1.restart
Info: RESTART FREQUENCY      1000
Info: BINARY RESTART FILES WILL BE USED
Info: SWITCHING ACTIVE
Info: SWITCHING ON           9
Info: SWITCHING OFF          10
Info: PAIRLIST DISTANCE      11
Info: PAIRLIST SHRINK RATE   0.01
Info: PAIRLIST GROW RATE     0.01
Info: PAIRLIST TRIGGER       0.3
Info: PAIRLISTS PER CYCLE    2
Info: PAIRLISTS ENABLED
Info: MARGIN                 0
Info: HYDROGEN GROUP CUTOFF  2.5
Info: PATCH DIMENSION        13.5
Info: ENERGY OUTPUT STEPS    100
Info: CROSSTERM ENERGY INCLUDED IN DIHEDRAL
Info: TIMING OUTPUT STEPS    1000
Info: PRESSURE OUTPUT STEPS  100
Info: GRID FORCE ACTIVE
Info:  Please include this reference in published work using
Info:  the Gridforce module of NAMD: David Wells, Volha Abramkina,
Info:  and Aleksei Aksimentiev, J. Chem. Phys. 127:125101-10 (2007).
Info: MGRIDFORCE key 0
Info:            Potfile 4ake-target_autopsf-grid.dx
Info:            Scale 0.3 0.3 0.3
Info:            File 1ake-docked-noh_autopsf-grid.pdb
Info:            Col O
Info:            ChargeCol B
Info:            VOffset 0 0 0
Info:            Continuous K1 FALSE
Info:            Continuous K2 FALSE
Info:            Continuous K3 FALSE
Info:            Volts FALSE
Info:            Gridforce-Lite FALSE
Info:            Gridforce-CheckSize TRUE
Info: LANGEVIN DYNAMICS ACTIVE
Info: LANGEVIN TEMPERATURE   300
Info: LANGEVIN USING BBK INTEGRATOR
Info: LANGEVIN DAMPING COEFFICIENT IS 5 INVERSE PS
Info: LANGEVIN DYNAMICS NOT APPLIED TO HYDROGENS
Info: USING VERLET I (r-RESPA) MTS SCHEME.
Info: C1 SPLITTING OF LONG RANGE ELECTROSTATICS
Info: PLACING ATOMS IN PATCHES BY HYDROGEN GROUPS
Info: RIGID BONDS TO HYDROGEN : WATER
Info:         ERROR TOLERANCE : 1e-08
Info:          MAX ITERATIONS : 100
Info: RIGID WATER USING SETTLE ALGORITHM
Info: NONBONDED FORCES EVALUATED EVERY 2 STEPS
Info: RANDOM NUMBER SEED     1609822393
Info: USE HYDROGEN BONDS?    NO
Info: COORDINATE PDB         1ake-docked-noh_autopsf.pdb
Info: STRUCTURE FILE         1ake-docked-noh_autopsf.psf
Info: PARAMETER file: CHARMM format! 
Info: PARAMETERS             par_all36_prot.prm
Info: USING ARITHMETIC MEAN TO COMBINE L-J SIGMA PARAMETERS
Info: BINARY COORDINATES     0_11_adk-step1.restart.coor
Info: SUMMARY OF PARAMETERS:
Info: 132 BONDS
Info: 362 ANGLES
Info: 702 DIHEDRAL
Info: 35 IMPROPER
Info: 6 CROSSTERM
Info: 53 VDW
Info: 0 VDW_PAIRS
Info: 0 NBTHOLE_PAIRS
Info: TIME FOR READING PSF FILE: 0.443097
Info: READING EXTRA BONDS FILE 1ake-extrabonds.txt
Info: READING EXTRA BONDS FILE 1ake-extrabonds-cispeptide.txt
Info: READING EXTRA BONDS FILE 1ake-extrabonds-chirality.txt
Info: READ 80 EXTRA BONDS
Info: READ 80 EXTRA ANGLES
Warning: EXTRA ANGLES ARE COSINE-BASED BY DEFAULT TO MATCH PREVIOUS VERSIONS
Warning: FOR NORMAL HARMONIC EXTRA ANGLES SET extraBondsCosAngles off
Info: READ 493 EXTRA DIHEDRALS
Info: READ 438 EXTRA IMPROPERS
Info: Reading pdb file 1ake-docked-noh_autopsf.pdb
Info: TIME FOR READING PDB FILE: 0.0603443
Info: 
Info: ****************************
Info: STRUCTURE SUMMARY:
Info: 3341 ATOMS
Info: 3445 BONDS
Info: 6203 ANGLES
Info: 9414 DIHEDRALS
Info: 1005 IMPROPERS
Info: 212 CROSSTERMS
Info: 0 EXCLUSIONS
Info: 0 RIGID BONDS
Info: 1 GRIDS ACTIVE
Info: 10023 DEGREES OF FREEDOM
Info: 1656 HYDROGEN GROUPS
Info: 4 ATOMS IN LARGEST HYDROGEN GROUP
Info: 1656 MIGRATION GROUPS
Info: 4 ATOMS IN LARGEST MIGRATION GROUP
Info: TOTAL MASS = 23582 amu
Info: TOTAL CHARGE = -4 e
Info: *****************************
Info: Reading from binary file 0_11_adk-step1.restart.coor
Info: 
Info: Entering startup at 2.37481 s, 798.812 MB of memory in use
Info: Startup phase 0 took 0.00023811 s, 798.812 MB of memory in use
Info: ADDED 18308 IMPLICIT EXCLUSIONS
Info: Startup phase 1 took 0.00771675 s, 799.062 MB of memory in use
Info: NONBONDED TABLE R-SQUARED SPACING: 0.0625
Info: NONBONDED TABLE SIZE: 705 POINTS
Info: ABSOLUTE IMPRECISION IN FAST TABLE ENERGY: 3.38813e-21 AT 9.89634
Info: RELATIVE IMPRECISION IN FAST TABLE ENERGY: 4.23384e-15 AT 9.94673
Info: ABSOLUTE IMPRECISION IN FAST TABLE FORCE: 6.35275e-22 AT 9.94673
Info: RELATIVE IMPRECISION IN FAST TABLE FORCE: 5.07982e-16 AT 9.94673
Info: INCONSISTENCY IN FAST TABLE ENERGY VS FORCE: 0.000290185 AT 0.251946
Info: ABSOLUTE IMPRECISION IN VDWA TABLE ENERGY: 1.57772e-30 AT 9.89634
Info: RELATIVE IMPRECISION IN VDWA TABLE ENERGY: 4.54938e-15 AT 9.94673
Info: ABSOLUTE IMPRECISION IN VDWA TABLE FORCE: 5.91646e-31 AT 9.94673
Info: RELATIVE IMPRECISION IN VDWA TABLE FORCE: 5.6823e-16 AT 9.94673
Info: INCONSISTENCY IN VDWA TABLE ENERGY VS FORCE: 0.0040507 AT 0.251946
Info: ABSOLUTE IMPRECISION IN VDWB TABLE ENERGY: 4.71751e-25 AT 9.94673
Info: RELATIVE IMPRECISION IN VDWB TABLE ENERGY: 1.45371e-14 AT 9.94673
Info: ABSOLUTE IMPRECISION IN VDWB TABLE FORCE: 6.20385e-25 AT 9.94673
Info: RELATIVE IMPRECISION IN VDWB TABLE FORCE: 5.97512e-16 AT 9.94673
Info: INCONSISTENCY IN VDWB TABLE ENERGY VS FORCE: 0.00377068 AT 9.07951
Info: Startup phase 2 took 0.000541795 s, 800.312 MB of memory in use
Info: Startup phase 3 took 0.000183335 s, 800.312 MB of memory in use
Info: Startup phase 4 took 0.000252512 s, 800.438 MB of memory in use
Info: Startup phase 5 took 0.000158867 s, 800.438 MB of memory in use
Info: ORIGINAL ATOMS MINMAX IS -20.9326 -33.607 -37.6809  17.3652 20.3607 17.0212
Info: ADJUSTED ATOMS MINMAX IS -16.5618 -27.7272 -32.0016  11.7697 11.8488 8.36348
Info: PATCH GRID IS 5 BY 3 BY 3
Info: PATCH GRID IS 2-AWAY BY 1-AWAY BY 1-AWAY
Info: Reading from binary file 0_11_adk-step1.restart.vel
Info: REMOVING COM VELOCITY 0.0751881 0.0295373 -0.167472
Info: LARGEST PATCH (11) HAS 202 ATOMS
Info: TORUS A SIZE 1 USING 0
Info: TORUS B SIZE 1 USING 0
Info: TORUS C SIZE 1 USING 0
Info: TORUS MINIMAL MESH SIZE IS 1 BY 1 BY 1
Info: Placed 100% of base nodes on same physical node as patch
Info: Startup phase 6 took 0.00759755 s, 800.688 MB of memory in use
Info: Startup phase 7 took 0.000187112 s, 801.625 MB of memory in use
Info: Updated CUDA force table with 4096 elements.
Info: Updated CUDA force table with 4096 elements.
Info: Updated CUDA LJ table with 53 x 53 elements.
Info: Updated CUDA LJ table with 53 x 53 elements.
Info: Updated CUDA force table with 4096 elements.
Info: Updated CUDA LJ table with 53 x 53 elements.
Info: Updated CUDA force table with 4096 elements.
Info: Updated CUDA LJ table with 53 x 53 elements.
Info: Updated CUDA force table with 4096 elements.
Info: Updated CUDA force table with 4096 elements.
Info: Updated CUDA LJ table with 53 x 53 elements.
Info: Updated CUDA LJ table with 53 x 53 elements.
Info: Startup phase 8 took 0.00328517 s, 801.812 MB of memory in use
Info: Startup phase 9 took 0.000368228 s, 801.875 MB of memory in use
Info: Startup phase 10 took 0.00017811 s, 801.938 MB of memory in use
Info: Startup phase 11 took 0.000854866 s, 802.062 MB of memory in use
LDB: Central LB being created...
Info: Startup phase 12 took 0.0020738 s, 803 MB of memory in use
Info: CREATING 1139 COMPUTE OBJECTS
Info: Found 278 unique exclusion lists needing 900 bytes
Info: Found 278 unique exclusion lists needing 900 bytes
Info: Found 278 unique exclusion lists needing 900 bytes
Info: Found 278 unique exclusion lists needing 900 bytes
Info: Found 278 unique exclusion lists needing 900 bytes
Info: Found 278 unique exclusion lists needing 900 bytes
Info: useSync: 0 useProxySync: 0
Info: Startup phase 13 took 0.0148634 s, 803.875 MB of memory in use
Info: Building spanning tree ... send: 1 recv: 0 with branch factor 4
Info: Startup phase 14 took 0.000191207 s, 804.062 MB of memory in use
Info: Startup phase 15 took 0.000283294 s, 804.188 MB of memory in use
Info: Finished startup at 2.41379 s, 804.438 MB of memory in use

TCL: Running for 5000 steps
PRESSURE: 0 0 0 0 0 0 0 0 0 0
GPRESSURE: 0 0 0 0 0 0 0 0 0 0
ETITLE:      TS           BOND          ANGLE          DIHED          IMPRP               ELECT            VDW       BOUNDARY           MISC        KINETIC               TOTAL           TEMP      POTENTIAL         TOTAL3        TEMPAVG

ENERGY:       0      1056.4610      1678.1736      2089.5621       165.3794            -39.9254      -776.1304         0.0000      3976.3324      3010.0758          11159.9285       302.2526      8149.8527     11183.1764       302.2526

LDB: ============= START OF LOAD BALANCING ============== 2.42654
Info: useSync: 0 useProxySync: 0
LDB: ============== END OF LOAD BALANCING =============== 2.42659
LDB: =============== DONE WITH MIGRATION ================ 2.42668
LDB: ============= START OF LOAD BALANCING ============== 2.47034
LDB: Partitioning computes with target load 0.000000
LDB: Increased migratable compute count from 0 to 0
LDB: Largest unpartitionable compute is 0.000000
LDB: ============== END OF LOAD BALANCING =============== 2.47065
Info: build node-aware spanning tree with send: 1, recv: 0 with branch factor 4
Info: useSync: 0 useProxySync: 0
LDB: =============== DONE WITH MIGRATION ================ 2.47141
PRESSURE: 100 0 0 0 0 0 0 0 0 0
GPRESSURE: 100 0 0 0 0 0 0 0 0 0
PRESSAVG: 100 0 0 0 0 0 0 0 0 0
GPRESSAVG: 100 0 0 0 0 0 0 0 0 0
Info: Initial time: 42 CPUs 0.000546771 s/step 0.00632836 days/ns 816.062 MB memory
ENERGY:     100      1099.5390      1686.5581      2107.0710       152.8260            -40.4556      -753.3317         0.0000      3975.3841      2955.5726          11183.1635       296.7798      8227.5909     11204.4265       299.2987

LDB: ============= START OF LOAD BALANCING ============== 2.48246
LDB: ============== END OF LOAD BALANCING =============== 2.4825
Info: useSync: 0 useProxySync: 0
LDB: =============== DONE WITH MIGRATION ================ 2.48258
LDB: ============= START OF LOAD BALANCING ============== 2.52591
LDB: TIME 2.52613 LOAD: AVG 0.0116748 MAX 0.0287558  PROXIES: TOTAL 173 MAXPE 10 MAXPATCH 7 None MEM: 817.062 MB
LDB: TIME 2.52637 LOAD: AVG 0.0116748 MAX 0.0287558  PROXIES: TOTAL 173 MAXPE 10 MAXPATCH 7 TorusLB MEM: 817.062 MB
LDB: Reverting to original mapping
LDB: ============== END OF LOAD BALANCING =============== 2.52661
Info: build node-aware spanning tree with send: 1, recv: 0 with branch factor 4
Info: useSync: 0 useProxySync: 0
LDB: =============== DONE WITH MIGRATION ================ 2.52729
PRESSURE: 200 0 0 0 0 0 0 0 0 0
GPRESSURE: 200 0 0 0 0 0 0 0 0 0
PRESSAVG: 200 0 0 0 0 0 0 0 0 0
GPRESSAVG: 200 0 0 0 0 0 0 0 0 0
Info: Initial time: 42 CPUs 0.000541267 s/step 0.00626466 days/ns 817.062 MB memory
ENERGY:     200      1050.6938      1699.6086      2103.2833       148.6578            -39.8225      -749.5081         0.0000      3979.8772      3025.2939          11218.0841       303.7807      8192.7902     11241.1374       300.8138

LDB: ============= START OF LOAD BALANCING ============== 2.58071
LDB: TIME 2.58093 LOAD: AVG 0.0145719 MAX 0.0355078  PROXIES: TOTAL 173 MAXPE 10 MAXPATCH 7 None MEM: 818.062 MB
LDB: TIME 2.58114 LOAD: AVG 0.0145719 MAX 0.0355078  PROXIES: TOTAL 173 MAXPE 10 MAXPATCH 7 RefineTorusLB MEM: 818.125 MB
LDB: TIME 2.58128 LOAD: AVG 0.0145719 MAX 0.0355078  PROXIES: TOTAL 173 MAXPE 10 MAXPATCH 7 RefineTorusLB MEM: 818.125 MB
LDB: Reverting to original mapping
LDB: ============== END OF LOAD BALANCING =============== 2.58151
Info: build node-aware spanning tree with send: 1, recv: 0 with branch factor 4
Info: useSync: 0 useProxySync: 0
LDB: =============== DONE WITH MIGRATION ================ 2.5822
PRESSURE: 300 0 0 0 0 0 0 0 0 0
GPRESSURE: 300 0 0 0 0 0 0 0 0 0
PRESSAVG: 300 0 0 0 0 0 0 0 0 0
GPRESSAVG: 300 0 0 0 0 0 0 0 0 0
Info: Initial time: 42 CPUs 0.000532771 s/step 0.00616633 days/ns 818.125 MB memory
ENERGY:     300      1140.3026      1699.4959      2066.9101       148.5005            -39.1285      -771.3248         0.0000      3988.2424      3020.8041          11253.8023       303.3299      8232.9982     11279.7256       304.1344

LDB: ============= START OF LOAD BALANCING ============== 2.63622
LDB: TIME 2.63642 LOAD: AVG 0.0146212 MAX 0.0354077  PROXIES: TOTAL 173 MAXPE 10 MAXPATCH 7 None MEM: 819.062 MB
LDB: TIME 2.63659 LOAD: AVG 0.0146212 MAX 0.0354077  PROXIES: TOTAL 173 MAXPE 10 MAXPATCH 7 RefineTorusLB MEM: 819.062 MB
LDB: TIME 2.63672 LOAD: AVG 0.0146212 MAX 0.0354077  PROXIES: TOTAL 173 MAXPE 10 MAXPATCH 7 RefineTorusLB MEM: 819.062 MB
LDB: ============== END OF LOAD BALANCING =============== 2.63694
Info: build node-aware spanning tree with send: 1, recv: 0 with branch factor 4
Info: useSync: 0 useProxySync: 0
LDB: =============== DONE WITH MIGRATION ================ 2.63765
PRESSURE: 400 0 0 0 0 0 0 0 0 0
GPRESSURE: 400 0 0 0 0 0 0 0 0 0
PRESSAVG: 400 0 0 0 0 0 0 0 0 0
GPRESSAVG: 400 0 0 0 0 0 0 0 0 0
Info: Benchmark time: 42 CPUs 0.000538732 s/step 0.00623532 days/ns 819.062 MB memory
ENERGY:     400      1035.7180      1699.1501      2062.9125       163.6072            -40.3821      -788.9679         0.0000      3989.3477      3045.4702          11166.8557       305.8067      8121.3855     11193.1278       300.2912

PRESSURE: 500 0 0 0 0 0 0 0 0 0
GPRESSURE: 500 0 0 0 0 0 0 0 0 0
PRESSAVG: 500 0 0 0 0 0 0 0 0 0
GPRESSAVG: 500 0 0 0 0 0 0 0 0 0
Info: Benchmark time: 42 CPUs 0.000530644 s/step 0.00614171 days/ns 819.812 MB memory
ENERGY:     500      1065.8146      1704.2099      2062.2852       161.5365            -40.0840      -814.0586         0.0000      3982.1228      3022.2664          11144.0928       303.4767      8121.8264     11169.7342       299.8210

PRESSURE: 600 0 0 0 0 0 0 0 0 0
GPRESSURE: 600 0 0 0 0 0 0 0 0 0
PRESSAVG: 600 0 0 0 0 0 0 0 0 0
GPRESSAVG: 600 0 0 0 0 0 0 0 0 0
Info: Benchmark time: 42 CPUs 0.000534844 s/step 0.00619032 days/ns 819.812 MB memory
ENERGY:     600      1070.4059      1668.1383      2097.5422       156.1348            -40.9653      -739.1731         0.0000      3976.1054      2986.0859          11174.2744       299.8437      8188.1884     11198.0587       300.0679

PRESSURE: 700 0 0 0 0 0 0 0 0 0
GPRESSURE: 700 0 0 0 0 0 0 0 0 0
PRESSAVG: 700 0 0 0 0 0 0 0 0 0
GPRESSAVG: 700 0 0 0 0 0 0 0 0 0
Info: Benchmark time: 42 CPUs 0.000550965 s/step 0.00637691 days/ns 819.812 MB memory
ENERGY:     700      1072.1964      1685.8824      2123.0664       153.3028            -40.4525      -794.4801         0.0000      3977.0064      2989.6060          11166.1279       300.1972      8176.5219     11191.5519       298.7352

PRESSURE: 800 0 0 0 0 0 0 0 0 0
GPRESSURE: 800 0 0 0 0 0 0 0 0 0
PRESSAVG: 800 0 0 0 0 0 0 0 0 0
GPRESSAVG: 800 0 0 0 0 0 0 0 0 0
Info: Benchmark time: 42 CPUs 0.000533764 s/step 0.00617782 days/ns 819.812 MB memory
ENERGY:     800      1115.3394      1728.2825      2089.3023       155.9697            -40.9282      -805.4037         0.0000      3971.2918      3012.8793          11226.7330       302.5341      8213.8537     11252.1265       300.5985

PRESSURE: 900 0 0 0 0 0 0 0 0 0
GPRESSURE: 900 0 0 0 0 0 0 0 0 0
PRESSAVG: 900 0 0 0 0 0 0 0 0 0
GPRESSAVG: 900 0 0 0 0 0 0 0 0 0
Info: Benchmark time: 42 CPUs 0.000527724 s/step 0.00610792 days/ns 819.812 MB memory
ENERGY:     900      1138.2486      1702.7261      2071.6733       157.8209            -41.4734      -804.8821         0.0000      3961.3332      2991.6529          11177.0996       300.4027      8185.4467     11198.4902       301.6517

PRESSURE: 1000 0 0 0 0 0 0 0 0 0
GPRESSURE: 1000 0 0 0 0 0 0 0 0 0
PRESSAVG: 1000 0 0 0 0 0 0 0 0 0
GPRESSAVG: 1000 0 0 0 0 0 0 0 0 0
TIMING: 1000  CPU: 0.555454, 0.000537782/step  Wall: 0.562089, 0.000544006/step, 0.000604452 hours remaining, 819.812500 MB of memory in use.
ETITLE:      TS           BOND          ANGLE          DIHED          IMPRP               ELECT            VDW       BOUNDARY           MISC        KINETIC               TOTAL           TEMP      POTENTIAL         TOTAL3        TEMPAVG

ENERGY:    1000      1095.5452      1663.9069      2095.4319       148.1744            -41.8487      -778.2841         0.0000      3967.1600      3005.2244          11155.3099       301.7655      8150.0855     11181.2739       300.6361

WRITING EXTENDED SYSTEM TO RESTART FILE AT STEP 1000
OPENING COORDINATE DCD FILE
WRITING COORDINATES TO DCD FILE adk-step1.dcd AT STEP 1000
WRITING COORDINATES TO RESTART FILE AT STEP 1000
FINISHED WRITING RESTART COORDINATES
The last position output (seq=1000) takes 0.005 seconds, 820.000 MB of memory in use
WRITING VELOCITIES TO RESTART FILE AT STEP 1000
FINISHED WRITING RESTART VELOCITIES
The last velocity output (seq=1000) takes 0.002 seconds, 820.062 MB of memory in use
PRESSURE: 1100 0 0 0 0 0 0 0 0 0
GPRESSURE: 1100 0 0 0 0 0 0 0 0 0
PRESSAVG: 1100 0 0 0 0 0 0 0 0 0
GPRESSAVG: 1100 0 0 0 0 0 0 0 0 0
ENERGY:    1100      1137.2695      1701.7986      2096.5256       153.7340            -40.4123      -826.8077         0.0000      3979.4085      2990.8643          11192.3804       300.3235      8201.5161     11219.1375       300.6046

PRESSURE: 1200 0 0 0 0 0 0 0 0 0
GPRESSURE: 1200 0 0 0 0 0 0 0 0 0
PRESSAVG: 1200 0 0 0 0 0 0 0 0 0
GPRESSAVG: 1200 0 0 0 0 0 0 0 0 0
ENERGY:    1200      1105.4063      1686.6606      2099.1020       155.4962            -39.5201      -779.7023         0.0000      3979.2012      3043.4138          11250.0577       305.6002      8206.6438     11274.1881       300.2864

PRESSURE: 1300 0 0 0 0 0 0 0 0 0
GPRESSURE: 1300 0 0 0 0 0 0 0 0 0
PRESSAVG: 1300 0 0 0 0 0 0 0 0 0
GPRESSAVG: 1300 0 0 0 0 0 0 0 0 0
ENERGY:    1300      1125.9683      1731.0250      2076.2813       148.9318            -40.7141      -796.5015         0.0000      3978.2917      3066.4610          11289.7436       307.9145      8223.2826     11316.9678       302.8412

PRESSURE: 1400 0 0 0 0 0 0 0 0 0
GPRESSURE: 1400 0 0 0 0 0 0 0 0 0
PRESSAVG: 1400 0 0 0 0 0 0 0 0 0
GPRESSAVG: 1400 0 0 0 0 0 0 0 0 0
ENERGY:    1400      1101.9832      1715.9890      2077.6154       151.5263            -40.8102      -734.9633         0.0000      3972.5563      2999.4270          11243.3236       301.1833      8243.8967     11267.4543       304.9226

PRESSURE: 1500 0 0 0 0 0 0 0 0 0
GPRESSURE: 1500 0 0 0 0 0 0 0 0 0
PRESSAVG: 1500 0 0 0 0 0 0 0 0 0
GPRESSAVG: 1500 0 0 0 0 0 0 0 0 0
ENERGY:    1500      1153.7048      1714.6720      2068.5803       165.4221            -40.5303      -775.1199         0.0000      3972.5923      2997.4506          11256.7719       300.9849      8259.3213     11277.6310       303.0870

PRESSURE: 1600 0 0 0 0 0 0 0 0 0
GPRESSURE: 1600 0 0 0 0 0 0 0 0 0
PRESSAVG: 1600 0 0 0 0 0 0 0 0 0
GPRESSAVG: 1600 0 0 0 0 0 0 0 0 0
ENERGY:    1600      1101.9412      1704.1901      2105.3798       151.7339            -40.8270      -781.3848         0.0000      3972.5159      3036.4000          11249.9490       304.8959      8213.5490     11273.7844       304.0996

PRESSURE: 1700 0 0 0 0 0 0 0 0 0
GPRESSURE: 1700 0 0 0 0 0 0 0 0 0
PRESSAVG: 1700 0 0 0 0 0 0 0 0 0
GPRESSAVG: 1700 0 0 0 0 0 0 0 0 0
ENERGY:    1700      1131.4373      1718.8917      2094.1487       153.0164            -40.7764      -765.6589         0.0000      3968.5276      3003.5429          11263.1293       301.5966      8259.5863     11288.5970       302.8082

PRESSURE: 1800 0 0 0 0 0 0 0 0 0
GPRESSURE: 1800 0 0 0 0 0 0 0 0 0
PRESSAVG: 1800 0 0 0 0 0 0 0 0 0
GPRESSAVG: 1800 0 0 0 0 0 0 0 0 0
ENERGY:    1800      1107.3352      1722.2176      2115.5796       166.9660            -40.5721      -775.4708         0.0000      3966.8466      3006.1583          11269.0604       301.8593      8262.9021     11296.6206       304.5271

PRESSURE: 1900 0 0 0 0 0 0 0 0 0
GPRESSURE: 1900 0 0 0 0 0 0 0 0 0
PRESSAVG: 1900 0 0 0 0 0 0 0 0 0
GPRESSAVG: 1900 0 0 0 0 0 0 0 0 0
ENERGY:    1900      1109.6005      1679.4512      2104.5428       147.4960            -41.1724      -772.3343         0.0000      3972.2934      3067.5416          11267.4187       308.0230      8199.8771     11293.8701       306.1799

PRESSURE: 2000 0 0 0 0 0 0 0 0 0
GPRESSURE: 2000 0 0 0 0 0 0 0 0 0
PRESSAVG: 2000 0 0 0 0 0 0 0 0 0
GPRESSAVG: 2000 0 0 0 0 0 0 0 0 0
TIMING: 2000  CPU: 1.09255, 0.000537097/step  Wall: 1.10238, 0.000540294/step, 0.000450245 hours remaining, 820.062500 MB of memory in use.
ETITLE:      TS           BOND          ANGLE          DIHED          IMPRP               ELECT            VDW       BOUNDARY           MISC        KINETIC               TOTAL           TEMP      POTENTIAL         TOTAL3        TEMPAVG

ENERGY:    2000      1145.6763      1702.1163      2099.3214       156.8528            -41.0732      -766.5386         0.0000      3973.3300      3003.7251          11273.4100       301.6149      8269.6850     11300.0391       305.3130

WRITING EXTENDED SYSTEM TO RESTART FILE AT STEP 2000
WRITING COORDINATES TO DCD FILE adk-step1.dcd AT STEP 2000
WRITING COORDINATES TO RESTART FILE AT STEP 2000
FINISHED WRITING RESTART COORDINATES
The last position output (seq=2000) takes 0.002 seconds, 820.062 MB of memory in use
WRITING VELOCITIES TO RESTART FILE AT STEP 2000
FINISHED WRITING RESTART VELOCITIES
The last velocity output (seq=2000) takes 0.002 seconds, 820.062 MB of memory in use
PRESSURE: 2100 0 0 0 0 0 0 0 0 0
GPRESSURE: 2100 0 0 0 0 0 0 0 0 0
PRESSAVG: 2100 0 0 0 0 0 0 0 0 0
GPRESSAVG: 2100 0 0 0 0 0 0 0 0 0
ENERGY:    2100      1139.8603      1737.4621      2110.5052       156.9807            -41.7361      -780.3242         0.0000      3974.1306      2945.8204          11242.6990       295.8005      8296.8786     11269.1956       303.8982

PRESSURE: 2200 0 0 0 0 0 0 0 0 0
GPRESSURE: 2200 0 0 0 0 0 0 0 0 0
PRESSAVG: 2200 0 0 0 0 0 0 0 0 0
GPRESSAVG: 2200 0 0 0 0 0 0 0 0 0
ENERGY:    2200      1112.3961      1693.6774      2119.1542       145.5299            -41.4641      -765.2641         0.0000      3968.9461      3007.9140          11240.8895       302.0356      8232.9755     11264.5131       302.4556

PRESSURE: 2300 0 0 0 0 0 0 0 0 0
GPRESSURE: 2300 0 0 0 0 0 0 0 0 0
PRESSAVG: 2300 0 0 0 0 0 0 0 0 0
GPRESSAVG: 2300 0 0 0 0 0 0 0 0 0
ENERGY:    2300      1098.2663      1749.4964      2086.3239       150.0628            -40.1702      -809.8904         0.0000      3970.0475      3011.7358          11215.8720       302.4193      8204.1363     11243.7730       301.6621

PRESSURE: 2400 0 0 0 0 0 0 0 0 0
GPRESSURE: 2400 0 0 0 0 0 0 0 0 0
PRESSAVG: 2400 0 0 0 0 0 0 0 0 0
GPRESSAVG: 2400 0 0 0 0 0 0 0 0 0
ENERGY:    2400      1136.8788      1670.4485      2104.0584       160.3313            -41.4463      -774.2384         0.0000      3960.6967      3019.9802          11236.7092       303.2472      8216.7289     11262.3162       301.9039

PRESSURE: 2500 0 0 0 0 0 0 0 0 0
GPRESSURE: 2500 0 0 0 0 0 0 0 0 0
PRESSAVG: 2500 0 0 0 0 0 0 0 0 0
GPRESSAVG: 2500 0 0 0 0 0 0 0 0 0
ENERGY:    2500      1101.0866      1706.6715      2079.5729       147.3141            -41.4781      -754.3753         0.0000      3952.1878      3027.1567          11218.1361       303.9678      8190.9794     11245.9933       303.4159

PRESSURE: 2600 0 0 0 0 0 0 0 0 0
GPRESSURE: 2600 0 0 0 0 0 0 0 0 0
PRESSAVG: 2600 0 0 0 0 0 0 0 0 0
GPRESSAVG: 2600 0 0 0 0 0 0 0 0 0
ENERGY:    2600      1066.0272      1762.4391      2084.6828       159.4866            -42.4087      -803.9478         0.0000      3952.9672      3036.1981          11215.4445       304.8757      8179.2464     11242.9104       301.3833

PRESSURE: 2700 0 0 0 0 0 0 0 0 0
GPRESSURE: 2700 0 0 0 0 0 0 0 0 0
PRESSAVG: 2700 0 0 0 0 0 0 0 0 0
GPRESSAVG: 2700 0 0 0 0 0 0 0 0 0
ENERGY:    2700      1108.7084      1758.1903      2095.0876       158.1001            -41.3770      -807.6449         0.0000      3937.7690      3022.6020          11231.4356       303.5104      8208.8336     11253.9024       303.3669

PRESSURE: 2800 0 0 0 0 0 0 0 0 0
GPRESSURE: 2800 0 0 0 0 0 0 0 0 0
PRESSAVG: 2800 0 0 0 0 0 0 0 0 0
GPRESSAVG: 2800 0 0 0 0 0 0 0 0 0
ENERGY:    2800      1092.5555      1700.3939      2104.6950       159.8798            -42.1931      -787.2918         0.0000      3930.5508      3036.1955          11194.7857       304.8754      8158.5902     11225.1048       302.4766

PRESSURE: 2900 0 0 0 0 0 0 0 0 0
GPRESSURE: 2900 0 0 0 0 0 0 0 0 0
PRESSAVG: 2900 0 0 0 0 0 0 0 0 0
GPRESSAVG: 2900 0 0 0 0 0 0 0 0 0
ENERGY:    2900      1143.4153      1704.8804      2089.8818       147.5115            -41.0384      -793.5571         0.0000      3941.1502      3025.2400          11217.4837       303.7753      8192.2438     11244.3484       301.6002

WRITING COORDINATES TO DCD FILE adk-step1.dcd AT STEP 3000
WRITING COORDINATES TO RESTART FILE AT STEP 3000
FINISHED WRITING RESTART COORDINATES
The last position output (seq=3000) takes 0.004 seconds, 820.062 MB of memory in use
WRITING VELOCITIES TO RESTART FILE AT STEP 3000
FINISHED WRITING RESTART VELOCITIES
The last velocity output (seq=3000) takes 0.002 seconds, 820.062 MB of memory in use
PRESSURE: 3000 0 0 0 0 0 0 0 0 0
GPRESSURE: 3000 0 0 0 0 0 0 0 0 0
PRESSAVG: 3000 0 0 0 0 0 0 0 0 0
GPRESSAVG: 3000 0 0 0 0 0 0 0 0 0
TIMING: 3000  CPU: 1.61524, 0.000522687/step  Wall: 1.63237, 0.000529984/step, 0.000294435 hours remaining, 820.062500 MB of memory in use.
ETITLE:      TS           BOND          ANGLE          DIHED          IMPRP               ELECT            VDW       BOUNDARY           MISC        KINETIC               TOTAL           TEMP      POTENTIAL         TOTAL3        TEMPAVG

ENERGY:    3000      1130.2585      1708.8854      2102.0537       152.4565            -41.8652      -785.2850         0.0000      3939.7426      2998.8057          11205.0522       301.1210      8206.2465     11226.9275       304.6540

WRITING EXTENDED SYSTEM TO RESTART FILE AT STEP 3000
PRESSURE: 3100 0 0 0 0 0 0 0 0 0
GPRESSURE: 3100 0 0 0 0 0 0 0 0 0
PRESSAVG: 3100 0 0 0 0 0 0 0 0 0
GPRESSAVG: 3100 0 0 0 0 0 0 0 0 0
ENERGY:    3100      1084.1548      1732.4853      2075.9065       152.4501            -41.5969      -787.5759         0.0000      3945.8385      2997.5344          11159.1969       300.9933      8161.6625     11179.0134       301.0028

PRESSURE: 3200 0 0 0 0 0 0 0 0 0
GPRESSURE: 3200 0 0 0 0 0 0 0 0 0
PRESSAVG: 3200 0 0 0 0 0 0 0 0 0
GPRESSAVG: 3200 0 0 0 0 0 0 0 0 0
ENERGY:    3200      1117.2430      1735.0368      2059.6177       160.6306            -41.3208      -804.0911         0.0000      3940.7414      3023.0863          11190.9439       303.5591      8167.8575     11212.9563       301.0844

PRESSURE: 3300 0 0 0 0 0 0 0 0 0
GPRESSURE: 3300 0 0 0 0 0 0 0 0 0
PRESSAVG: 3300 0 0 0 0 0 0 0 0 0
GPRESSAVG: 3300 0 0 0 0 0 0 0 0 0
ENERGY:    3300      1105.0009      1739.5409      2109.8160       168.5462            -40.4110      -822.7125         0.0000      3936.0396      3011.8889          11207.7091       302.4347      8195.8201     11231.4393       303.8789

PRESSURE: 3400 0 0 0 0 0 0 0 0 0
GPRESSURE: 3400 0 0 0 0 0 0 0 0 0
PRESSAVG: 3400 0 0 0 0 0 0 0 0 0
GPRESSAVG: 3400 0 0 0 0 0 0 0 0 0
ENERGY:    3400      1110.8695      1752.7334      2095.5939       164.1448            -40.8343      -799.2865         0.0000      3933.1618      3016.0691          11232.4517       302.8544      8216.3826     11258.5010       302.1978

PRESSURE: 3500 0 0 0 0 0 0 0 0 0
GPRESSURE: 3500 0 0 0 0 0 0 0 0 0
PRESSAVG: 3500 0 0 0 0 0 0 0 0 0
GPRESSAVG: 3500 0 0 0 0 0 0 0 0 0
ENERGY:    3500      1103.0442      1734.7987      2075.2381       155.8975            -41.2130      -797.4650         0.0000      3936.9044      2998.7254          11165.9303       301.1129      8167.2048     11191.7783       303.8591

PRESSURE: 3600 0 0 0 0 0 0 0 0 0
GPRESSURE: 3600 0 0 0 0 0 0 0 0 0
PRESSAVG: 3600 0 0 0 0 0 0 0 0 0
GPRESSAVG: 3600 0 0 0 0 0 0 0 0 0
ENERGY:    3600      1064.0263      1697.8964      2114.8876       150.9080            -40.5469      -784.9077         0.0000      3931.2449      3040.6371          11174.1457       305.3214      8133.5086     11201.2443       302.0115

PRESSURE: 3700 0 0 0 0 0 0 0 0 0
GPRESSURE: 3700 0 0 0 0 0 0 0 0 0
PRESSAVG: 3700 0 0 0 0 0 0 0 0 0
GPRESSAVG: 3700 0 0 0 0 0 0 0 0 0
ENERGY:    3700      1076.4431      1698.9871      2077.2108       151.6086            -41.5072      -796.3530         0.0000      3935.4885      3027.7115          11129.5895       304.0235      8101.8780     11154.9005       301.2566

PRESSURE: 3800 0 0 0 0 0 0 0 0 0
GPRESSURE: 3800 0 0 0 0 0 0 0 0 0
PRESSAVG: 3800 0 0 0 0 0 0 0 0 0
GPRESSAVG: 3800 0 0 0 0 0 0 0 0 0
ENERGY:    3800      1081.3584      1779.7531      2089.6889       162.5359            -41.4639      -808.8381         0.0000      3931.8657      2957.7207          11152.6206       296.9955      8194.8999     11176.8969       300.3017

PRESSURE: 3900 0 0 0 0 0 0 0 0 0
GPRESSURE: 3900 0 0 0 0 0 0 0 0 0
PRESSAVG: 3900 0 0 0 0 0 0 0 0 0
GPRESSAVG: 3900 0 0 0 0 0 0 0 0 0
ENERGY:    3900      1103.2275      1634.0047      2120.6556       150.1361            -40.9840      -774.0227         0.0000      3923.1011      3041.5212          11157.6395       305.4102      8116.1182     11181.6685       302.3331

PRESSURE: 4000 0 0 0 0 0 0 0 0 0
GPRESSURE: 4000 0 0 0 0 0 0 0 0 0
PRESSAVG: 4000 0 0 0 0 0 0 0 0 0
GPRESSAVG: 4000 0 0 0 0 0 0 0 0 0
TIMING: 4000  CPU: 2.13205, 0.000516812/step  Wall: 2.15057, 0.000518201/step, 0.000143945 hours remaining, 820.062500 MB of memory in use.
ETITLE:      TS           BOND          ANGLE          DIHED          IMPRP               ELECT            VDW       BOUNDARY           MISC        KINETIC               TOTAL           TEMP      POTENTIAL         TOTAL3        TEMPAVG

ENERGY:    4000      1124.7132      1742.1175      2104.6059       159.0430            -41.9184      -789.5363         0.0000      3928.8689      2906.0206          11133.9142       291.8041      8227.8937     11155.1169       300.4148

WRITING EXTENDED SYSTEM TO RESTART FILE AT STEP 4000
WRITING VELOCITIES TO RESTART FILE AT STEP 4000
FINISHED WRITING RESTART VELOCITIES
The last velocity output (seq=4000) takes 0.002 seconds, 820.062 MB of memory in use
WRITING COORDINATES TO DCD FILE adk-step1.dcd AT STEP 4000
WRITING COORDINATES TO RESTART FILE AT STEP 4000
FINISHED WRITING RESTART COORDINATES
The last position output (seq=4000) takes 0.003 seconds, 820.062 MB of memory in use
PRESSURE: 4100 0 0 0 0 0 0 0 0 0
GPRESSURE: 4100 0 0 0 0 0 0 0 0 0
PRESSAVG: 4100 0 0 0 0 0 0 0 0 0
GPRESSAVG: 4100 0 0 0 0 0 0 0 0 0
ENERGY:    4100      1088.7005      1705.4374      2097.7895       158.7571            -39.8660      -793.3618         0.0000      3945.4147      2961.0984          11123.9700       297.3346      8162.8716     11144.0542       299.8527

PRESSURE: 4200 0 0 0 0 0 0 0 0 0
GPRESSURE: 4200 0 0 0 0 0 0 0 0 0
PRESSAVG: 4200 0 0 0 0 0 0 0 0 0
GPRESSAVG: 4200 0 0 0 0 0 0 0 0 0
ENERGY:    4200      1064.9448      1707.2365      2080.8936       147.3776            -40.3564      -789.2610         0.0000      3938.6770      2998.0524          11107.5646       301.0453      8109.5122     11132.0799       298.1608

LDB: ============= START OF LOAD BALANCING ============== 4.71292
LDB: ============== END OF LOAD BALANCING =============== 4.713
Info: useSync: 0 useProxySync: 0
LDB: =============== DONE WITH MIGRATION ================ 4.7131
PRESSURE: 4300 0 0 0 0 0 0 0 0 0
GPRESSURE: 4300 0 0 0 0 0 0 0 0 0
PRESSAVG: 4300 0 0 0 0 0 0 0 0 0
GPRESSAVG: 4300 0 0 0 0 0 0 0 0 0
ENERGY:    4300      1084.2882      1690.6019      2092.9514       150.4123            -40.5998      -762.7294         0.0000      3931.3556      2995.4582          11141.7384       300.7848      8146.2802     11166.5183       299.4727

LDB: ============= START OF LOAD BALANCING ============== 4.76327
LDB: TIME 4.76352 LOAD: AVG 0.0135747 MAX 0.0354912  PROXIES: TOTAL 173 MAXPE 10 MAXPATCH 7 None MEM: 820.062 MB
LDB: TIME 4.76368 LOAD: AVG 0.0135747 MAX 0.0354912  PROXIES: TOTAL 173 MAXPE 10 MAXPATCH 7 RefineTorusLB MEM: 820.125 MB
LDB: TIME 4.76381 LOAD: AVG 0.0135747 MAX 0.0354912  PROXIES: TOTAL 173 MAXPE 10 MAXPATCH 7 RefineTorusLB MEM: 820.125 MB
LDB: ============== END OF LOAD BALANCING =============== 4.76404
Info: build node-aware spanning tree with send: 1, recv: 0 with branch factor 4
Info: useSync: 0 useProxySync: 0
LDB: =============== DONE WITH MIGRATION ================ 4.76477
PRESSURE: 4400 0 0 0 0 0 0 0 0 0
GPRESSURE: 4400 0 0 0 0 0 0 0 0 0
PRESSAVG: 4400 0 0 0 0 0 0 0 0 0
GPRESSAVG: 4400 0 0 0 0 0 0 0 0 0
ENERGY:    4400      1063.3231      1745.3903      2076.4499       143.3682            -41.6439      -763.5164         0.0000      3933.4561      2966.6826          11123.5099       297.8954      8156.8274     11148.8614       299.0409

PRESSURE: 4500 0 0 0 0 0 0 0 0 0
GPRESSURE: 4500 0 0 0 0 0 0 0 0 0
PRESSAVG: 4500 0 0 0 0 0 0 0 0 0
GPRESSAVG: 4500 0 0 0 0 0 0 0 0 0
ENERGY:    4500      1114.0541      1699.6525      2084.4986       157.2786            -40.8820      -772.7509         0.0000      3936.2853      2975.6909          11153.8272       298.7999      8178.1362     11178.7276       298.1023

PRESSURE: 4600 0 0 0 0 0 0 0 0 0
GPRESSURE: 4600 0 0 0 0 0 0 0 0 0
PRESSAVG: 4600 0 0 0 0 0 0 0 0 0
GPRESSAVG: 4600 0 0 0 0 0 0 0 0 0
ENERGY:    4600      1133.3516      1668.3311      2054.8083       151.7062            -41.0498      -780.7761         0.0000      3935.8962      2982.6845          11104.9521       299.5022      8122.2676     11128.8317       300.9670

PRESSURE: 4700 0 0 0 0 0 0 0 0 0
GPRESSURE: 4700 0 0 0 0 0 0 0 0 0
PRESSAVG: 4700 0 0 0 0 0 0 0 0 0
GPRESSAVG: 4700 0 0 0 0 0 0 0 0 0
ENERGY:    4700      1086.9175      1695.1977      2064.0590       168.7981            -40.9179      -803.8796         0.0000      3940.9783      3016.3497          11127.5028       302.8826      8111.1531     11154.5476       299.1987

PRESSURE: 4800 0 0 0 0 0 0 0 0 0
GPRESSURE: 4800 0 0 0 0 0 0 0 0 0
PRESSAVG: 4800 0 0 0 0 0 0 0 0 0
GPRESSAVG: 4800 0 0 0 0 0 0 0 0 0
ENERGY:    4800      1110.5100      1723.3336      2083.8418       150.8099            -40.1499      -777.0218         0.0000      3930.0870      2944.4816          11125.8921       295.6661      8181.4105     11147.2228       299.2764

PRESSURE: 4900 0 0 0 0 0 0 0 0 0
GPRESSURE: 4900 0 0 0 0 0 0 0 0 0
PRESSAVG: 4900 0 0 0 0 0 0 0 0 0
GPRESSAVG: 4900 0 0 0 0 0 0 0 0 0
ENERGY:    4900      1138.9281      1671.8159      2077.6986       160.8984            -40.6553      -783.2055         0.0000      3930.1918      2953.5788          11109.2508       296.5796      8155.6720     11134.4375       298.5623

PRESSURE: 5000 0 0 0 0 0 0 0 0 0
GPRESSURE: 5000 0 0 0 0 0 0 0 0 0
PRESSAVG: 5000 0 0 0 0 0 0 0 0 0
GPRESSAVG: 5000 0 0 0 0 0 0 0 0 0
TIMING: 5000  CPU: 2.63811, 0.000506065/step  Wall: 2.66422, 0.00051365/step, 0 hours remaining, 820.125000 MB of memory in use.
ETITLE:      TS           BOND          ANGLE          DIHED          IMPRP               ELECT            VDW       BOUNDARY           MISC        KINETIC               TOTAL           TEMP      POTENTIAL         TOTAL3        TEMPAVG

ENERGY:    5000      1111.6948      1672.6870      2064.9400       151.6740            -41.2162      -762.5420         0.0000      3931.2807      2991.5624          11120.0807       300.3936      8128.5183     11147.1804       298.5830

WRITING EXTENDED SYSTEM TO RESTART FILE AT STEP 5000
WRITING COORDINATES TO DCD FILE adk-step1.dcd AT STEP 5000
WRITING COORDINATES TO RESTART FILE AT STEP 5000
FINISHED WRITING RESTART COORDINATES
The last position output (seq=5000) takes 0.003 seconds, 820.875 MB of memory in use
WRITING VELOCITIES TO RESTART FILE AT STEP 5000
FINISHED WRITING RESTART VELOCITIES
The last velocity output (seq=5000) takes 0.002 seconds, 820.875 MB of memory in use
WRITING EXTENDED SYSTEM TO OUTPUT FILE AT STEP 5000
WRITING COORDINATES TO OUTPUT FILE AT STEP 5000
CLOSING COORDINATE DCD FILE adk-step1.dcd
The last position output (seq=-2) takes 0.003 seconds, 820.875 MB of memory in use
WRITING VELOCITIES TO OUTPUT FILE AT STEP 5000
====================================================

WallClock: 5.072828  CPUTime: 3.577509  Memory: 820.875000 MB
End of program
