7_7_cc.dat
/gpfs/alpine/bip115/scratch/hrlee/radical.pilot.sandbox/re.session.login1.hrlee.018632.0005/pilot.0000/staging_area/7_7_cc.dat
7, 7
Choosing optimized barrier algorithm name I0:HybridBinomial:SHMEM:P2P
Converse/Charm++ Commit ID: v6.10.2-0-g7bf00fa-namd-charm-6.10.2-build-2020-Aug-05-556
Warning> Randomization of virtual memory (ASLR) is turned on in the kernel, thread migration may not work! Run 'echo 0 > /proc/sys/kernel/randomize_va_space' as root to disable it, or try running with '+isomalloc_sync'.
CharmLB> Load balancer assumes all CPUs are same.
Charm++> Running on 1 hosts (1 sockets x 7 cores x 4 PUs = 28-way SMP)
Charm++> cpu topology info is gathered in 0.003 seconds.
Info: Built with CUDA version 10010
Did not find +devices i,j,k,... argument, using all
Pe 18 physical rank 18 will use CUDA device of pe 14
Pe 9 physical rank 9 will use CUDA device of pe 7
Pe 2 physical rank 2 will use CUDA device of pe 4
Pe 39 physical rank 39 will use CUDA device of pe 35
Pe 25 physical rank 25 will use CUDA device of pe 21
Pe 34 physical rank 34 will use CUDA device of pe 28
Pe 19 physical rank 19 will use CUDA device of pe 14
Pe 10 physical rank 10 will use CUDA device of pe 7
Pe 6 physical rank 6 will use CUDA device of pe 4
Pe 38 physical rank 38 will use CUDA device of pe 35
Pe 23 physical rank 23 will use CUDA device of pe 21
Pe 31 physical rank 31 will use CUDA device of pe 28
Pe 17 physical rank 17 will use CUDA device of pe 14
Pe 11 physical rank 11 will use CUDA device of pe 7
Pe 40 physical rank 40 will use CUDA device of pe 35
Pe 26 physical rank 26 will use CUDA device of pe 21
Pe 33 physical rank 33 will use CUDA device of pe 28
Pe 20 physical rank 20 will use CUDA device of pe 14
Pe 13 physical rank 13 will use CUDA device of pe 7
Pe 5 physical rank 5 will use CUDA device of pe 4
Pe 37 physical rank 37 will use CUDA device of pe 35
Pe 27 physical rank 27 will use CUDA device of pe 21
Pe 32 physical rank 32 will use CUDA device of pe 28
Pe 16 physical rank 16 will use CUDA device of pe 14
Pe 12 physical rank 12 will use CUDA device of pe 7
Pe 1 physical rank 1 will use CUDA device of pe 4
Pe 41 physical rank 41 will use CUDA device of pe 35
Pe 24 physical rank 24 will use CUDA device of pe 21
Pe 30 physical rank 30 will use CUDA device of pe 28
Pe 15 physical rank 15 will use CUDA device of pe 14
Pe 8 physical rank 8 will use CUDA device of pe 7
Pe 3 physical rank 3 will use CUDA device of pe 4
Pe 36 physical rank 36 will use CUDA device of pe 35
Pe 22 physical rank 22 will use CUDA device of pe 21
Pe 29 physical rank 29 will use CUDA device of pe 28
Pe 0 physical rank 0 will use CUDA device of pe 4
Pe 14 physical rank 14 binding to CUDA device 0 on h35n16: 'Tesla V100-SXM2-16GB'  Mem: 16128MB  Rev: 7.0  PCI: 4:6:0
Pe 7 physical rank 7 binding to CUDA device 0 on h35n16: 'Tesla V100-SXM2-16GB'  Mem: 16128MB  Rev: 7.0  PCI: 4:5:0
Pe 4 physical rank 4 binding to CUDA device 0 on h35n16: 'Tesla V100-SXM2-16GB'  Mem: 16128MB  Rev: 7.0  PCI: 4:4:0
Pe 35 physical rank 35 binding to CUDA device 0 on h35n16: 'Tesla V100-SXM2-16GB'  Mem: 16128MB  Rev: 7.0  PCI: 35:5:0
Pe 21 physical rank 21 binding to CUDA device 0 on h35n16: 'Tesla V100-SXM2-16GB'  Mem: 16128MB  Rev: 7.0  PCI: 35:3:0
Pe 28 physical rank 28 binding to CUDA device 0 on h35n16: 'Tesla V100-SXM2-16GB'  Mem: 16128MB  Rev: 7.0  PCI: 35:4:0
Info: NAMD 2.14 for Linux-POWER-pami-smp-Summit-CUDA
Info: 
Info: Please visit http://www.ks.uiuc.edu/Research/namd/
Info: for updates, documentation, and support information.
Info: 
Info: Please cite Phillips et al., J. Chem. Phys. 153:044130 (2020) doi:10.1063/5.0014475
Info: in all publications reporting results obtained with NAMD.
Info: 
Info: Based on Charm++/Converse 61002 for pami-linux-ppc64le-smp
Info: Built Wed Aug 5 14:28:51 EDT 2020 by jimp on login2
Info: 1 NAMD  2.14  Linux-POWER-pami-smp-Summit-CUDA  42    h35n16  hrlee
Info: Running on 42 processors, 6 nodes, 1 physical nodes.
Info: CPU topology information available.
Info: Charm++/Converse parallel runtime startup completed at 1.39143 s
CkLoopLib is used in SMP with simple dynamic scheduling (converse-level notification)
Info: 791.25 MB of memory in use based on /proc/self/stat
Info: Configuration file is adk-step1.namd
Info: Working in the current directory /gpfs/alpine/bip115/scratch/hrlee/radical.pilot.sandbox/re.session.login1.hrlee.018632.0005/pilot.0000/unit.000551
TCL: Suspending until startup complete.
Info: SIMULATION PARAMETERS:
Info: TIMESTEP               1
Info: NUMBER OF STEPS        0
Info: STEPS PER CYCLE        20
Info: LOAD BALANCER  Centralized
Info: LOAD BALANCING STRATEGY  New Load Balancers -- DEFAULT
Info: LDB PERIOD             4000 steps
Info: FIRST LDB TIMESTEP     100
Info: LAST LDB TIMESTEP     -1
Info: LDB BACKGROUND SCALING 1
Info: HOM BACKGROUND SCALING 1
Info: MIN ATOMS PER PATCH    40
Info: VELOCITY FILE          7_7_adk-step1.restart.vel
Info: CENTER OF MASS MOVING INITIALLY? NO
Info: DIELECTRIC             80
Info: EXCLUDE                SCALED ONE-FOUR
Info: 1-4 ELECTROSTATICS SCALED BY 1
Info: MODIFIED 1-4 VDW PARAMETERS WILL BE USED
Info: DCD FILENAME           adk-step1.dcd
Info: DCD FREQUENCY          1000
Info: DCD FIRST STEP         1000
Info: NO EXTENDED SYSTEM TRAJECTORY OUTPUT
Info: NO VELOCITY DCD OUTPUT
Info: NO FORCE DCD OUTPUT
Info: OUTPUT FILENAME        adk-step1
Info: BINARY OUTPUT FILES WILL BE USED
Info: RESTART FILENAME       adk-step1.restart
Info: RESTART FREQUENCY      1000
Info: BINARY RESTART FILES WILL BE USED
Info: SWITCHING ACTIVE
Info: SWITCHING ON           9
Info: SWITCHING OFF          10
Info: PAIRLIST DISTANCE      11
Info: PAIRLIST SHRINK RATE   0.01
Info: PAIRLIST GROW RATE     0.01
Info: PAIRLIST TRIGGER       0.3
Info: PAIRLISTS PER CYCLE    2
Info: PAIRLISTS ENABLED
Info: MARGIN                 0
Info: HYDROGEN GROUP CUTOFF  2.5
Info: PATCH DIMENSION        13.5
Info: ENERGY OUTPUT STEPS    100
Info: CROSSTERM ENERGY INCLUDED IN DIHEDRAL
Info: TIMING OUTPUT STEPS    1000
Info: PRESSURE OUTPUT STEPS  100
Info: GRID FORCE ACTIVE
Info:  Please include this reference in published work using
Info:  the Gridforce module of NAMD: David Wells, Volha Abramkina,
Info:  and Aleksei Aksimentiev, J. Chem. Phys. 127:125101-10 (2007).
Info: MGRIDFORCE key 0
Info:            Potfile 4ake-target_autopsf-grid.dx
Info:            Scale 0.3 0.3 0.3
Info:            File 1ake-docked-noh_autopsf-grid.pdb
Info:            Col O
Info:            ChargeCol B
Info:            VOffset 0 0 0
Info:            Continuous K1 FALSE
Info:            Continuous K2 FALSE
Info:            Continuous K3 FALSE
Info:            Volts FALSE
Info:            Gridforce-Lite FALSE
Info:            Gridforce-CheckSize TRUE
Info: LANGEVIN DYNAMICS ACTIVE
Info: LANGEVIN TEMPERATURE   300
Info: LANGEVIN USING BBK INTEGRATOR
Info: LANGEVIN DAMPING COEFFICIENT IS 5 INVERSE PS
Info: LANGEVIN DYNAMICS NOT APPLIED TO HYDROGENS
Info: USING VERLET I (r-RESPA) MTS SCHEME.
Info: C1 SPLITTING OF LONG RANGE ELECTROSTATICS
Info: PLACING ATOMS IN PATCHES BY HYDROGEN GROUPS
Info: RIGID BONDS TO HYDROGEN : WATER
Info:         ERROR TOLERANCE : 1e-08
Info:          MAX ITERATIONS : 100
Info: RIGID WATER USING SETTLE ALGORITHM
Info: NONBONDED FORCES EVALUATED EVERY 2 STEPS
Info: RANDOM NUMBER SEED     1609828020
Info: USE HYDROGEN BONDS?    NO
Info: COORDINATE PDB         1ake-docked-noh_autopsf.pdb
Info: STRUCTURE FILE         1ake-docked-noh_autopsf.psf
Info: PARAMETER file: CHARMM format! 
Info: PARAMETERS             par_all36_prot.prm
Info: USING ARITHMETIC MEAN TO COMBINE L-J SIGMA PARAMETERS
Info: BINARY COORDINATES     7_7_adk-step1.restart.coor
Info: SUMMARY OF PARAMETERS:
Info: 132 BONDS
Info: 362 ANGLES
Info: 702 DIHEDRAL
Info: 35 IMPROPER
Info: 6 CROSSTERM
Info: 53 VDW
Info: 0 VDW_PAIRS
Info: 0 NBTHOLE_PAIRS
Info: TIME FOR READING PSF FILE: 0.345618
Info: READING EXTRA BONDS FILE 1ake-extrabonds.txt
Info: READING EXTRA BONDS FILE 1ake-extrabonds-cispeptide.txt
Info: READING EXTRA BONDS FILE 1ake-extrabonds-chirality.txt
Info: READ 80 EXTRA BONDS
Info: READ 80 EXTRA ANGLES
Warning: EXTRA ANGLES ARE COSINE-BASED BY DEFAULT TO MATCH PREVIOUS VERSIONS
Warning: FOR NORMAL HARMONIC EXTRA ANGLES SET extraBondsCosAngles off
Info: READ 493 EXTRA DIHEDRALS
Info: READ 438 EXTRA IMPROPERS
Info: Reading pdb file 1ake-docked-noh_autopsf.pdb
Info: TIME FOR READING PDB FILE: 0.0764076
Info: 
Info: ****************************
Info: STRUCTURE SUMMARY:
Info: 3341 ATOMS
Info: 3445 BONDS
Info: 6203 ANGLES
Info: 9414 DIHEDRALS
Info: 1005 IMPROPERS
Info: 212 CROSSTERMS
Info: 0 EXCLUSIONS
Info: 0 RIGID BONDS
Info: 1 GRIDS ACTIVE
Info: 10023 DEGREES OF FREEDOM
Info: 1656 HYDROGEN GROUPS
Info: 4 ATOMS IN LARGEST HYDROGEN GROUP
Info: 1656 MIGRATION GROUPS
Info: 4 ATOMS IN LARGEST MIGRATION GROUP
Info: TOTAL MASS = 23582 amu
Info: TOTAL CHARGE = -4 e
Info: *****************************
Info: Reading from binary file 7_7_adk-step1.restart.coor
Info: 
Info: Entering startup at 2.25906 s, 798 MB of memory in use
Info: Startup phase 0 took 0.000228461 s, 798 MB of memory in use
Info: ADDED 18308 IMPLICIT EXCLUSIONS
Info: Startup phase 1 took 0.00834154 s, 798.25 MB of memory in use
Info: NONBONDED TABLE R-SQUARED SPACING: 0.0625
Info: NONBONDED TABLE SIZE: 705 POINTS
Info: ABSOLUTE IMPRECISION IN FAST TABLE ENERGY: 3.38813e-21 AT 9.89634
Info: RELATIVE IMPRECISION IN FAST TABLE ENERGY: 4.23384e-15 AT 9.94673
Info: ABSOLUTE IMPRECISION IN FAST TABLE FORCE: 6.35275e-22 AT 9.94673
Info: RELATIVE IMPRECISION IN FAST TABLE FORCE: 5.07982e-16 AT 9.94673
Info: INCONSISTENCY IN FAST TABLE ENERGY VS FORCE: 0.000290185 AT 0.251946
Info: ABSOLUTE IMPRECISION IN VDWA TABLE ENERGY: 1.57772e-30 AT 9.89634
Info: RELATIVE IMPRECISION IN VDWA TABLE ENERGY: 4.54938e-15 AT 9.94673
Info: ABSOLUTE IMPRECISION IN VDWA TABLE FORCE: 5.91646e-31 AT 9.94673
Info: RELATIVE IMPRECISION IN VDWA TABLE FORCE: 5.6823e-16 AT 9.94673
Info: INCONSISTENCY IN VDWA TABLE ENERGY VS FORCE: 0.0040507 AT 0.251946
Info: ABSOLUTE IMPRECISION IN VDWB TABLE ENERGY: 4.71751e-25 AT 9.94673
Info: RELATIVE IMPRECISION IN VDWB TABLE ENERGY: 1.45371e-14 AT 9.94673
Info: ABSOLUTE IMPRECISION IN VDWB TABLE FORCE: 6.20385e-25 AT 9.94673
Info: RELATIVE IMPRECISION IN VDWB TABLE FORCE: 5.97512e-16 AT 9.94673
Info: INCONSISTENCY IN VDWB TABLE ENERGY VS FORCE: 0.00377068 AT 9.07951
Info: Startup phase 2 took 0.00062097 s, 799.625 MB of memory in use
Info: Startup phase 3 took 0.00019675 s, 799.938 MB of memory in use
Info: Startup phase 4 took 0.000288608 s, 800.125 MB of memory in use
Info: Startup phase 5 took 0.000177075 s, 800.125 MB of memory in use
Info: ORIGINAL ATOMS MINMAX IS -21.8759 -33.0834 -34.5309  17.5285 11.7299 17.0013
Info: ADJUSTED ATOMS MINMAX IS -17.4756 -27.115 -30.3214  11.7632 7.05729 7.34472
Info: PATCH GRID IS 5 BY 3 BY 3
Info: PATCH GRID IS 2-AWAY BY 1-AWAY BY 1-AWAY
Info: Reading from binary file 7_7_adk-step1.restart.vel
Info: REMOVING COM VELOCITY 0.0220979 -0.123857 -0.214341
Info: LARGEST PATCH (37) HAS 152 ATOMS
Info: TORUS A SIZE 1 USING 0
Info: TORUS B SIZE 1 USING 0
Info: TORUS C SIZE 1 USING 0
Info: TORUS MINIMAL MESH SIZE IS 1 BY 1 BY 1
Info: Placed 100% of base nodes on same physical node as patch
Info: Startup phase 6 took 0.00823789 s, 800.25 MB of memory in use
Info: Startup phase 7 took 0.000204404 s, 801.125 MB of memory in use
Info: Updated CUDA force table with 4096 elements.
Info: Updated CUDA LJ table with 53 x 53 elements.
Info: Updated CUDA force table with 4096 elements.
Info: Updated CUDA force table with 4096 elements.
Info: Updated CUDA LJ table with 53 x 53 elements.
Info: Updated CUDA LJ table with 53 x 53 elements.
Info: Updated CUDA force table with 4096 elements.
Info: Updated CUDA LJ table with 53 x 53 elements.
Info: Updated CUDA force table with 4096 elements.
Info: Updated CUDA force table with 4096 elements.
Info: Updated CUDA LJ table with 53 x 53 elements.
Info: Updated CUDA LJ table with 53 x 53 elements.
Info: Startup phase 8 took 0.00344123 s, 801.312 MB of memory in use
Info: Startup phase 9 took 0.000368053 s, 801.375 MB of memory in use
Info: Startup phase 10 took 0.000182757 s, 801.438 MB of memory in use
Info: Startup phase 11 took 0.000882855 s, 801.5 MB of memory in use
LDB: Central LB being created...
Info: Startup phase 12 took 0.00225766 s, 802.438 MB of memory in use
Info: CREATING 1139 COMPUTE OBJECTS
Info: Found 278 unique exclusion lists needing 900 bytes
Info: Found 278 unique exclusion lists needing 900 bytes
Info: Found 278 unique exclusion lists needing 900 bytes
Info: Found 278 unique exclusion lists needing 900 bytes
Info: Found 278 unique exclusion lists needing 900 bytes
Info: Found 278 unique exclusion lists needing 900 bytes
Info: useSync: 0 useProxySync: 0
Info: Startup phase 13 took 0.0162572 s, 803.438 MB of memory in use
Info: Building spanning tree ... send: 1 recv: 0 with branch factor 4
Info: Startup phase 14 took 0.000200183 s, 803.625 MB of memory in use
Info: Startup phase 15 took 0.000215146 s, 803.75 MB of memory in use
Info: Finished startup at 2.30116 s, 803.875 MB of memory in use

TCL: Running for 5000 steps
PRESSURE: 0 0 0 0 0 0 0 0 0 0
GPRESSURE: 0 0 0 0 0 0 0 0 0 0
ETITLE:      TS           BOND          ANGLE          DIHED          IMPRP               ELECT            VDW       BOUNDARY           MISC        KINETIC               TOTAL           TEMP      POTENTIAL         TOTAL3        TEMPAVG

ENERGY:       0      1070.5872      1723.4119      2055.5137       151.3637            -41.3979      -797.8134         0.0000      5279.9042      2930.9728          12372.5423       294.3096      9441.5695     12396.7186       294.3096

LDB: ============= START OF LOAD BALANCING ============== 2.31273
Info: useSync: 0 useProxySync: 0
LDB: ============== END OF LOAD BALANCING =============== 2.31277
LDB: =============== DONE WITH MIGRATION ================ 2.31287
LDB: ============= START OF LOAD BALANCING ============== 2.35123
LDB: Partitioning computes with target load 0.000000
LDB: Increased migratable compute count from 0 to 0
LDB: Largest unpartitionable compute is 0.000000
LDB: ============== END OF LOAD BALANCING =============== 2.35148
Info: build node-aware spanning tree with send: 1, recv: 0 with branch factor 4
Info: useSync: 0 useProxySync: 0
LDB: =============== DONE WITH MIGRATION ================ 2.35219
PRESSURE: 100 0 0 0 0 0 0 0 0 0
GPRESSURE: 100 0 0 0 0 0 0 0 0 0
PRESSAVG: 100 0 0 0 0 0 0 0 0 0
GPRESSAVG: 100 0 0 0 0 0 0 0 0 0
Info: Initial time: 42 CPUs 0.000480868 s/step 0.00556561 days/ns 823.375 MB memory
ENERGY:     100      1128.5060      1682.6962      2075.8287       145.7200            -41.1589      -804.2810         0.0000      5279.6776      2888.9461          12355.9348       290.0896      9466.9886     12381.0353       295.9837

LDB: ============= START OF LOAD BALANCING ============== 2.36167
LDB: ============== END OF LOAD BALANCING =============== 2.3617
Info: useSync: 0 useProxySync: 0
LDB: =============== DONE WITH MIGRATION ================ 2.36179
LDB: ============= START OF LOAD BALANCING ============== 2.3998
LDB: TIME 2.4 LOAD: AVG 0.0117262 MAX 0.02957  PROXIES: TOTAL 174 MAXPE 7 MAXPATCH 7 None MEM: 825 MB
LDB: TIME 2.40018 LOAD: AVG 0.0117262 MAX 0.02957  PROXIES: TOTAL 174 MAXPE 7 MAXPATCH 7 TorusLB MEM: 825.062 MB
LDB: ============== END OF LOAD BALANCING =============== 2.40037
Info: build node-aware spanning tree with send: 1, recv: 0 with branch factor 4
Info: useSync: 0 useProxySync: 0
LDB: =============== DONE WITH MIGRATION ================ 2.40102
PRESSURE: 200 0 0 0 0 0 0 0 0 0
GPRESSURE: 200 0 0 0 0 0 0 0 0 0
PRESSAVG: 200 0 0 0 0 0 0 0 0 0
GPRESSAVG: 200 0 0 0 0 0 0 0 0 0
Info: Initial time: 42 CPUs 0.000472434 s/step 0.00546799 days/ns 825.062 MB memory
ENERGY:     200      1048.4038      1664.0422      2063.8716       161.5058            -40.2333      -806.0912         0.0000      5280.0913      2961.0149          12332.6051       297.3262      9371.5902     12357.8337       296.2837

LDB: ============= START OF LOAD BALANCING ============== 2.44855
LDB: TIME 2.44873 LOAD: AVG 0.0146299 MAX 0.0372534  PROXIES: TOTAL 174 MAXPE 7 MAXPATCH 7 None MEM: 826 MB
LDB: TIME 2.4489 LOAD: AVG 0.0146299 MAX 0.0372534  PROXIES: TOTAL 174 MAXPE 7 MAXPATCH 7 RefineTorusLB MEM: 826 MB
LDB: TIME 2.449 LOAD: AVG 0.0146299 MAX 0.0372534  PROXIES: TOTAL 174 MAXPE 7 MAXPATCH 7 RefineTorusLB MEM: 826 MB
LDB: Reverting to original mapping
LDB: ============== END OF LOAD BALANCING =============== 2.4492
Info: build node-aware spanning tree with send: 1, recv: 0 with branch factor 4
Info: useSync: 0 useProxySync: 0
LDB: =============== DONE WITH MIGRATION ================ 2.44986
PRESSURE: 300 0 0 0 0 0 0 0 0 0
GPRESSURE: 300 0 0 0 0 0 0 0 0 0
PRESSAVG: 300 0 0 0 0 0 0 0 0 0
GPRESSAVG: 300 0 0 0 0 0 0 0 0 0
Info: Initial time: 42 CPUs 0.000474279 s/step 0.00548934 days/ns 826 MB memory
ENERGY:     300      1049.7457      1704.2227      2070.1890       145.8022            -40.7218      -828.6932         0.0000      5284.4234      2920.2827          12305.2507       293.2362      9384.9680     12330.7889       292.5918

LDB: ============= START OF LOAD BALANCING ============== 2.49748
LDB: TIME 2.49769 LOAD: AVG 0.0145959 MAX 0.0372836  PROXIES: TOTAL 174 MAXPE 7 MAXPATCH 7 None MEM: 826.938 MB
LDB: TIME 2.49785 LOAD: AVG 0.0145959 MAX 0.0372836  PROXIES: TOTAL 174 MAXPE 7 MAXPATCH 7 RefineTorusLB MEM: 827 MB
LDB: TIME 2.49796 LOAD: AVG 0.0145959 MAX 0.0372836  PROXIES: TOTAL 174 MAXPE 7 MAXPATCH 7 RefineTorusLB MEM: 827 MB
LDB: Reverting to original mapping
LDB: ============== END OF LOAD BALANCING =============== 2.49815
Info: build node-aware spanning tree with send: 1, recv: 0 with branch factor 4
Info: useSync: 0 useProxySync: 0
LDB: =============== DONE WITH MIGRATION ================ 2.4988
PRESSURE: 400 0 0 0 0 0 0 0 0 0
GPRESSURE: 400 0 0 0 0 0 0 0 0 0
PRESSAVG: 400 0 0 0 0 0 0 0 0 0
GPRESSAVG: 400 0 0 0 0 0 0 0 0 0
Info: Benchmark time: 42 CPUs 0.000474932 s/step 0.00549689 days/ns 827 MB memory
ENERGY:     400      1073.8245      1655.2315      2053.9580       156.0467            -40.5211      -803.9255         0.0000      5280.4916      2961.9016          12337.0073       297.4153      9375.1057     12360.0193       295.0324

PRESSURE: 500 0 0 0 0 0 0 0 0 0
GPRESSURE: 500 0 0 0 0 0 0 0 0 0
PRESSAVG: 500 0 0 0 0 0 0 0 0 0
GPRESSAVG: 500 0 0 0 0 0 0 0 0 0
Info: Benchmark time: 42 CPUs 0.000471553 s/step 0.00545779 days/ns 827.688 MB memory
ENERGY:     500      1083.0562      1710.8880      2035.6051       150.3946            -40.1260      -838.0693         0.0000      5283.7489      2944.2319          12329.7294       295.6410      9385.4975     12353.2142       293.9192

PRESSURE: 600 0 0 0 0 0 0 0 0 0
GPRESSURE: 600 0 0 0 0 0 0 0 0 0
PRESSAVG: 600 0 0 0 0 0 0 0 0 0
GPRESSAVG: 600 0 0 0 0 0 0 0 0 0
Info: Benchmark time: 42 CPUs 0.000473992 s/step 0.00548602 days/ns 827.688 MB memory
ENERGY:     600      1079.9860      1667.0930      2064.4950       148.9806            -39.7033      -840.4946         0.0000      5278.4974      2993.7514          12352.6056       300.6134      9358.8541     12376.3858       294.6470

PRESSURE: 700 0 0 0 0 0 0 0 0 0
GPRESSURE: 700 0 0 0 0 0 0 0 0 0
PRESSAVG: 700 0 0 0 0 0 0 0 0 0
GPRESSAVG: 700 0 0 0 0 0 0 0 0 0
Info: Benchmark time: 42 CPUs 0.000474554 s/step 0.00549252 days/ns 827.688 MB memory
ENERGY:     700      1062.2042      1699.0173      2048.3201       162.7964            -39.5614      -840.0525         0.0000      5275.9874      2928.1830          12296.8945       294.0295      9368.7115     12320.4481       293.9062

PRESSURE: 800 0 0 0 0 0 0 0 0 0
GPRESSURE: 800 0 0 0 0 0 0 0 0 0
PRESSAVG: 800 0 0 0 0 0 0 0 0 0
GPRESSAVG: 800 0 0 0 0 0 0 0 0 0
Info: Benchmark time: 42 CPUs 0.000474297 s/step 0.00548954 days/ns 827.688 MB memory
ENERGY:     800      1112.2470      1654.0432      2074.7157       155.4218            -40.1762      -804.3091         0.0000      5287.6455      2923.7710          12363.3590       293.5865      9439.5880     12388.6333       292.9519

PRESSURE: 900 0 0 0 0 0 0 0 0 0
GPRESSURE: 900 0 0 0 0 0 0 0 0 0
PRESSAVG: 900 0 0 0 0 0 0 0 0 0
GPRESSAVG: 900 0 0 0 0 0 0 0 0 0
Info: Benchmark time: 42 CPUs 0.000472969 s/step 0.00547418 days/ns 827.688 MB memory
ENERGY:     900      1105.1293      1661.2298      2078.6311       139.5874            -39.7946      -809.9983         0.0000      5292.8512      2956.0363          12383.6720       296.8263      9427.6358     12409.2852       294.8560

PRESSURE: 1000 0 0 0 0 0 0 0 0 0
GPRESSURE: 1000 0 0 0 0 0 0 0 0 0
PRESSAVG: 1000 0 0 0 0 0 0 0 0 0
GPRESSAVG: 1000 0 0 0 0 0 0 0 0 0
TIMING: 1000  CPU: 0.500175, 0.000481217/step  Wall: 0.500537, 0.000480885/step, 0.000534316 hours remaining, 827.687500 MB of memory in use.
ETITLE:      TS           BOND          ANGLE          DIHED          IMPRP               ELECT            VDW       BOUNDARY           MISC        KINETIC               TOTAL           TEMP      POTENTIAL         TOTAL3        TEMPAVG

ENERGY:    1000      1071.7081      1619.0935      2065.0239       163.4853            -40.5759      -794.8726         0.0000      5288.5243      2933.3910          12305.7776       294.5524      9372.3867     12331.5042       293.4236

WRITING EXTENDED SYSTEM TO RESTART FILE AT STEP 1000
OPENING COORDINATE DCD FILE
WRITING COORDINATES TO DCD FILE adk-step1.dcd AT STEP 1000
WRITING COORDINATES TO RESTART FILE AT STEP 1000
FINISHED WRITING RESTART COORDINATES
The last position output (seq=1000) takes 0.005 seconds, 827.812 MB of memory in use
WRITING VELOCITIES TO RESTART FILE AT STEP 1000
FINISHED WRITING RESTART VELOCITIES
The last velocity output (seq=1000) takes 0.002 seconds, 827.812 MB of memory in use
PRESSURE: 1100 0 0 0 0 0 0 0 0 0
GPRESSURE: 1100 0 0 0 0 0 0 0 0 0
PRESSAVG: 1100 0 0 0 0 0 0 0 0 0
GPRESSAVG: 1100 0 0 0 0 0 0 0 0 0
ENERGY:    1100      1094.9404      1670.0219      2066.4981       159.9687            -41.9946      -847.1352         0.0000      5287.4464      2959.0803          12348.8258       297.1320      9389.7456     12374.7715       293.0536

PRESSURE: 1200 0 0 0 0 0 0 0 0 0
GPRESSURE: 1200 0 0 0 0 0 0 0 0 0
PRESSAVG: 1200 0 0 0 0 0 0 0 0 0
GPRESSAVG: 1200 0 0 0 0 0 0 0 0 0
ENERGY:    1200      1104.6737      1697.2162      2051.1284       145.7134            -41.8376      -809.3973         0.0000      5285.1822      2947.5648          12380.2437       295.9757      9432.6790     12399.1403       295.4791

PRESSURE: 1300 0 0 0 0 0 0 0 0 0
GPRESSURE: 1300 0 0 0 0 0 0 0 0 0
PRESSAVG: 1300 0 0 0 0 0 0 0 0 0
GPRESSAVG: 1300 0 0 0 0 0 0 0 0 0
ENERGY:    1300      1114.6221      1664.6536      2048.0801       145.5104            -40.9580      -859.4227         0.0000      5280.7791      3032.2199          12385.4846       304.4762      9353.2647     12411.2644       297.1975

PRESSURE: 1400 0 0 0 0 0 0 0 0 0
GPRESSURE: 1400 0 0 0 0 0 0 0 0 0
PRESSAVG: 1400 0 0 0 0 0 0 0 0 0
GPRESSAVG: 1400 0 0 0 0 0 0 0 0 0
ENERGY:    1400      1090.4770      1659.9872      2051.1156       156.7023            -40.2864      -813.2958         0.0000      5281.5749      2965.2430          12351.5178       297.7508      9386.2748     12374.0533       295.1964

PRESSURE: 1500 0 0 0 0 0 0 0 0 0
GPRESSURE: 1500 0 0 0 0 0 0 0 0 0
PRESSAVG: 1500 0 0 0 0 0 0 0 0 0
GPRESSAVG: 1500 0 0 0 0 0 0 0 0 0
ENERGY:    1500      1097.9401      1729.0219      2057.5986       164.9866            -40.6645      -858.8931         0.0000      5272.1859      2913.0008          12335.1764       292.5050      9422.1755     12359.7053       295.3803

PRESSURE: 1600 0 0 0 0 0 0 0 0 0
GPRESSURE: 1600 0 0 0 0 0 0 0 0 0
PRESSAVG: 1600 0 0 0 0 0 0 0 0 0
GPRESSAVG: 1600 0 0 0 0 0 0 0 0 0
ENERGY:    1600      1129.2102      1663.4109      2060.8335       146.5638            -39.5679      -809.8000         0.0000      5275.3590      2907.4484          12333.4578       291.9474      9426.0094     12356.1337       295.3458

PRESSURE: 1700 0 0 0 0 0 0 0 0 0
GPRESSURE: 1700 0 0 0 0 0 0 0 0 0
PRESSAVG: 1700 0 0 0 0 0 0 0 0 0
GPRESSAVG: 1700 0 0 0 0 0 0 0 0 0
ENERGY:    1700      1078.9872      1689.7717      2092.5798       149.3638            -39.9417      -836.2692         0.0000      5270.1904      2962.7281          12367.4101       297.4983      9404.6820     12393.0584       293.7471

PRESSURE: 1800 0 0 0 0 0 0 0 0 0
GPRESSURE: 1800 0 0 0 0 0 0 0 0 0
PRESSAVG: 1800 0 0 0 0 0 0 0 0 0
GPRESSAVG: 1800 0 0 0 0 0 0 0 0 0
ENERGY:    1800      1142.6260      1626.2735      2068.0783       160.5908            -40.1917      -806.2323         0.0000      5284.9205      2975.0223          12411.0874       298.7328      9436.0650     12436.2024       294.7865

PRESSURE: 1900 0 0 0 0 0 0 0 0 0
GPRESSURE: 1900 0 0 0 0 0 0 0 0 0
PRESSAVG: 1900 0 0 0 0 0 0 0 0 0
GPRESSAVG: 1900 0 0 0 0 0 0 0 0 0
ENERGY:    1900      1112.0287      1679.8803      2050.4724       154.1803            -40.7891      -812.5590         0.0000      5279.8049      2965.3835          12388.4021       297.7649      9423.0185     12412.9700       297.6248

PRESSURE: 2000 0 0 0 0 0 0 0 0 0
GPRESSURE: 2000 0 0 0 0 0 0 0 0 0
PRESSAVG: 2000 0 0 0 0 0 0 0 0 0
GPRESSAVG: 2000 0 0 0 0 0 0 0 0 0
TIMING: 2000  CPU: 1.01251, 0.000512336/step  Wall: 1.02233, 0.000521791/step, 0.000434826 hours remaining, 827.812500 MB of memory in use.
ETITLE:      TS           BOND          ANGLE          DIHED          IMPRP               ELECT            VDW       BOUNDARY           MISC        KINETIC               TOTAL           TEMP      POTENTIAL         TOTAL3        TEMPAVG

ENERGY:    2000      1094.0895      1723.6854      2053.4096       149.1593            -41.3904      -793.9938         0.0000      5270.8905      2975.3319          12431.1819       298.7639      9455.8500     12455.0689       298.9097

WRITING EXTENDED SYSTEM TO RESTART FILE AT STEP 2000
WRITING COORDINATES TO DCD FILE adk-step1.dcd AT STEP 2000
WRITING COORDINATES TO RESTART FILE AT STEP 2000
FINISHED WRITING RESTART COORDINATES
The last position output (seq=2000) takes 0.002 seconds, 827.812 MB of memory in use
WRITING VELOCITIES TO RESTART FILE AT STEP 2000
FINISHED WRITING RESTART VELOCITIES
The last velocity output (seq=2000) takes 0.002 seconds, 827.812 MB of memory in use
PRESSURE: 2100 0 0 0 0 0 0 0 0 0
GPRESSURE: 2100 0 0 0 0 0 0 0 0 0
PRESSAVG: 2100 0 0 0 0 0 0 0 0 0
GPRESSAVG: 2100 0 0 0 0 0 0 0 0 0
ENERGY:    2100      1130.2388      1703.1362      2087.8220       166.1927            -40.7823      -827.6156         0.0000      5271.2531      2968.4197          12458.6648       298.0698      9490.2451     12483.8127       299.9854

PRESSURE: 2200 0 0 0 0 0 0 0 0 0
GPRESSURE: 2200 0 0 0 0 0 0 0 0 0
PRESSAVG: 2200 0 0 0 0 0 0 0 0 0
GPRESSAVG: 2200 0 0 0 0 0 0 0 0 0
ENERGY:    2200      1100.2503      1733.7460      2111.4881       144.0543            -39.2569      -809.8259         0.0000      5263.5962      2934.1435          12438.1957       294.6280      9504.0522     12458.1190       300.4873

PRESSURE: 2300 0 0 0 0 0 0 0 0 0
GPRESSURE: 2300 0 0 0 0 0 0 0 0 0
PRESSAVG: 2300 0 0 0 0 0 0 0 0 0
GPRESSAVG: 2300 0 0 0 0 0 0 0 0 0
ENERGY:    2300      1125.0313      1695.8295      2072.2294       144.6255            -39.6819      -832.8195         0.0000      5264.2039      3018.5860          12448.0041       303.1072      9429.4181     12471.9690       301.5966

PRESSURE: 2400 0 0 0 0 0 0 0 0 0
GPRESSURE: 2400 0 0 0 0 0 0 0 0 0
PRESSAVG: 2400 0 0 0 0 0 0 0 0 0
GPRESSAVG: 2400 0 0 0 0 0 0 0 0 0
ENERGY:    2400      1124.9955      1758.8132      2097.2644       146.5731            -40.0496      -817.4700         0.0000      5265.4153      2852.1478          12387.6898       286.3945      9535.5420     12413.5112       298.8689

PRESSURE: 2500 0 0 0 0 0 0 0 0 0
GPRESSURE: 2500 0 0 0 0 0 0 0 0 0
PRESSAVG: 2500 0 0 0 0 0 0 0 0 0
GPRESSAVG: 2500 0 0 0 0 0 0 0 0 0
ENERGY:    2500      1093.9692      1678.9495      2092.8559       142.1693            -40.4818      -779.3060         0.0000      5264.1064      2972.5072          12424.7697       298.4802      9452.2625     12448.5266       297.2096

PRESSURE: 2600 0 0 0 0 0 0 0 0 0
GPRESSURE: 2600 0 0 0 0 0 0 0 0 0
PRESSAVG: 2600 0 0 0 0 0 0 0 0 0
GPRESSAVG: 2600 0 0 0 0 0 0 0 0 0
ENERGY:    2600      1128.7744      1721.5549      2092.2586       145.7925            -40.7859      -833.4386         0.0000      5265.4324      2961.3781          12440.9665       297.3627      9479.5883     12461.8251       298.3826

PRESSURE: 2700 0 0 0 0 0 0 0 0 0
GPRESSURE: 2700 0 0 0 0 0 0 0 0 0
PRESSAVG: 2700 0 0 0 0 0 0 0 0 0
GPRESSAVG: 2700 0 0 0 0 0 0 0 0 0
ENERGY:    2700      1166.3895      1717.8086      2086.1319       153.0241            -39.4703      -824.6553         0.0000      5276.8637      2936.7613          12472.8534       294.8909      9536.0921     12496.2989       298.9515

PRESSURE: 2800 0 0 0 0 0 0 0 0 0
GPRESSURE: 2800 0 0 0 0 0 0 0 0 0
PRESSAVG: 2800 0 0 0 0 0 0 0 0 0
GPRESSAVG: 2800 0 0 0 0 0 0 0 0 0
ENERGY:    2800      1122.7531      1692.9031      2078.3368       153.1598            -39.1812      -796.5307         0.0000      5281.8877      3044.5135          12537.8421       305.7106      9493.3286     12560.1253       301.2494

PRESSURE: 2900 0 0 0 0 0 0 0 0 0
GPRESSURE: 2900 0 0 0 0 0 0 0 0 0
PRESSAVG: 2900 0 0 0 0 0 0 0 0 0
GPRESSAVG: 2900 0 0 0 0 0 0 0 0 0
ENERGY:    2900      1128.0558      1765.7024      2063.8844       161.4972            -39.8524      -824.5674         0.0000      5288.6376      3047.2125          12590.5700       305.9817      9543.3575     12614.6929       306.2631

PRESSURE: 3000 0 0 0 0 0 0 0 0 0
GPRESSURE: 3000 0 0 0 0 0 0 0 0 0
PRESSAVG: 3000 0 0 0 0 0 0 0 0 0
GPRESSAVG: 3000 0 0 0 0 0 0 0 0 0
TIMING: 3000  CPU: 1.49486, 0.000482348/step  Wall: 1.50812, 0.000485794/step, 0.000269885 hours remaining, 827.812500 MB of memory in use.
ETITLE:      TS           BOND          ANGLE          DIHED          IMPRP               ELECT            VDW       BOUNDARY           MISC        KINETIC               TOTAL           TEMP      POTENTIAL         TOTAL3        TEMPAVG

ENERGY:    3000      1140.1656      1655.2507      2069.2949       165.0781            -39.0832      -795.1922         0.0000      5280.0791      3039.8020          12515.3950       305.2375      9475.5930     12535.4685       307.0504

WRITING EXTENDED SYSTEM TO RESTART FILE AT STEP 3000
WRITING COORDINATES TO DCD FILE adk-step1.dcd AT STEP 3000
WRITING COORDINATES TO RESTART FILE AT STEP 3000
FINISHED WRITING RESTART COORDINATES
The last position output (seq=3000) takes 0.002 seconds, 827.812 MB of memory in use
WRITING VELOCITIES TO RESTART FILE AT STEP 3000
FINISHED WRITING RESTART VELOCITIES
The last velocity output (seq=3000) takes 0.002 seconds, 827.812 MB of memory in use
PRESSURE: 3100 0 0 0 0 0 0 0 0 0
GPRESSURE: 3100 0 0 0 0 0 0 0 0 0
PRESSAVG: 3100 0 0 0 0 0 0 0 0 0
GPRESSAVG: 3100 0 0 0 0 0 0 0 0 0
ENERGY:    3100      1122.3320      1706.3289      2076.6266       155.2999            -39.0939      -805.7508         0.0000      5274.7946      3021.4882          12512.0255       303.3986      9490.5373     12538.4856       302.0442

PRESSURE: 3200 0 0 0 0 0 0 0 0 0
GPRESSURE: 3200 0 0 0 0 0 0 0 0 0
PRESSAVG: 3200 0 0 0 0 0 0 0 0 0
GPRESSAVG: 3200 0 0 0 0 0 0 0 0 0
ENERGY:    3200      1153.8776      1692.4260      2076.3645       160.9293            -40.2895      -812.7276         0.0000      5268.8859      2968.0113          12467.4775       298.0288      9499.4661     12495.9206       301.8353

PRESSURE: 3300 0 0 0 0 0 0 0 0 0
GPRESSURE: 3300 0 0 0 0 0 0 0 0 0
PRESSAVG: 3300 0 0 0 0 0 0 0 0 0
GPRESSAVG: 3300 0 0 0 0 0 0 0 0 0
ENERGY:    3300      1134.7652      1711.1262      2078.5053       151.4999            -39.8778      -819.0433         0.0000      5261.5526      2972.7541          12451.2822       298.5050      9478.5281     12474.0015       299.8500

PRESSURE: 3400 0 0 0 0 0 0 0 0 0
GPRESSURE: 3400 0 0 0 0 0 0 0 0 0
PRESSAVG: 3400 0 0 0 0 0 0 0 0 0
GPRESSAVG: 3400 0 0 0 0 0 0 0 0 0
ENERGY:    3400      1099.6232      1686.1556      2096.7718       149.5200            -39.7142      -824.6550         0.0000      5265.1741      3022.8258          12455.7013       303.5329      9432.8755     12480.2461       299.5129

PRESSURE: 3500 0 0 0 0 0 0 0 0 0
GPRESSURE: 3500 0 0 0 0 0 0 0 0 0
PRESSAVG: 3500 0 0 0 0 0 0 0 0 0
GPRESSAVG: 3500 0 0 0 0 0 0 0 0 0
ENERGY:    3500      1099.3544      1681.7885      2091.0612       168.7337            -40.1572      -777.3863         0.0000      5278.9187      2961.5799          12463.8929       297.3830      9502.3129     12486.2627       299.2083

PRESSURE: 3600 0 0 0 0 0 0 0 0 0
GPRESSURE: 3600 0 0 0 0 0 0 0 0 0
PRESSAVG: 3600 0 0 0 0 0 0 0 0 0
GPRESSAVG: 3600 0 0 0 0 0 0 0 0 0
ENERGY:    3600      1137.6143      1725.6763      2078.0105       155.2805            -40.2228      -841.1907         0.0000      5280.5865      2941.8701          12437.6247       295.4038      9495.7546     12460.2836       300.0802

PRESSURE: 3700 0 0 0 0 0 0 0 0 0
GPRESSURE: 3700 0 0 0 0 0 0 0 0 0
PRESSAVG: 3700 0 0 0 0 0 0 0 0 0
GPRESSAVG: 3700 0 0 0 0 0 0 0 0 0
ENERGY:    3700      1052.9872      1714.0527      2029.3834       141.9541            -40.1529      -803.4280         0.0000      5283.8973      3039.2939          12417.9876       305.1865      9378.6938     12448.4718       299.9334

PRESSURE: 3800 0 0 0 0 0 0 0 0 0
GPRESSURE: 3800 0 0 0 0 0 0 0 0 0
PRESSAVG: 3800 0 0 0 0 0 0 0 0 0
GPRESSAVG: 3800 0 0 0 0 0 0 0 0 0
ENERGY:    3800      1087.8326      1710.2335      2070.3252       151.8980            -39.6984      -822.0978         0.0000      5284.7142      2980.9484          12424.1557       299.3278      9443.2073     12447.3875       299.7623

PRESSURE: 3900 0 0 0 0 0 0 0 0 0
GPRESSURE: 3900 0 0 0 0 0 0 0 0 0
PRESSAVG: 3900 0 0 0 0 0 0 0 0 0
GPRESSAVG: 3900 0 0 0 0 0 0 0 0 0
ENERGY:    3900      1116.6073      1690.6909      2090.4753       151.9892            -39.7186      -815.5066         0.0000      5267.0613      2968.7822          12430.3810       298.1062      9461.5988     12457.7936       298.6166

PRESSURE: 4000 0 0 0 0 0 0 0 0 0
GPRESSURE: 4000 0 0 0 0 0 0 0 0 0
PRESSAVG: 4000 0 0 0 0 0 0 0 0 0
GPRESSAVG: 4000 0 0 0 0 0 0 0 0 0
TIMING: 4000  CPU: 1.97354, 0.00047868/step  Wall: 1.99233, 0.000484211/step, 0.000134503 hours remaining, 827.812500 MB of memory in use.
ETITLE:      TS           BOND          ANGLE          DIHED          IMPRP               ELECT            VDW       BOUNDARY           MISC        KINETIC               TOTAL           TEMP      POTENTIAL         TOTAL3        TEMPAVG

ENERGY:    4000      1115.5545      1710.3119      2063.5448       153.3107            -40.3659      -829.8960         0.0000      5266.4913      3014.7823          12453.7337       302.7252      9438.9514     12475.5867       301.5149

WRITING EXTENDED SYSTEM TO RESTART FILE AT STEP 4000
WRITING COORDINATES TO DCD FILE adk-step1.dcd AT STEP 4000
WRITING COORDINATES TO RESTART FILE AT STEP 4000
FINISHED WRITING RESTART COORDINATES
The last position output (seq=4000) takes 0.002 seconds, 827.812 MB of memory in use
WRITING VELOCITIES TO RESTART FILE AT STEP 4000
FINISHED WRITING RESTART VELOCITIES
The last velocity output (seq=4000) takes 0.002 seconds, 827.812 MB of memory in use
PRESSURE: 4100 0 0 0 0 0 0 0 0 0
GPRESSURE: 4100 0 0 0 0 0 0 0 0 0
PRESSAVG: 4100 0 0 0 0 0 0 0 0 0
GPRESSAVG: 4100 0 0 0 0 0 0 0 0 0
ENERGY:    4100      1150.6090      1713.9755      2068.2139       153.0232            -40.0517      -809.3645         0.0000      5276.8366      2938.2514          12451.4935       295.0405      9513.2421     12475.1145       299.6712

PRESSURE: 4200 0 0 0 0 0 0 0 0 0
GPRESSURE: 4200 0 0 0 0 0 0 0 0 0
PRESSAVG: 4200 0 0 0 0 0 0 0 0 0
GPRESSAVG: 4200 0 0 0 0 0 0 0 0 0
ENERGY:    4200      1102.4699      1668.2683      2050.8656       155.1284            -39.5890      -815.0813         0.0000      5278.2682      3010.8243          12411.1543       302.3278      9400.3300     12436.9776       298.8453

LDB: ============= START OF LOAD BALANCING ============== 4.42391
LDB: ============== END OF LOAD BALANCING =============== 4.42397
Info: useSync: 0 useProxySync: 0
LDB: =============== DONE WITH MIGRATION ================ 4.42407
PRESSURE: 4300 0 0 0 0 0 0 0 0 0
GPRESSURE: 4300 0 0 0 0 0 0 0 0 0
PRESSAVG: 4300 0 0 0 0 0 0 0 0 0
GPRESSAVG: 4300 0 0 0 0 0 0 0 0 0
ENERGY:    4300      1144.8288      1673.3908      2065.5205       145.7015            -39.9679      -826.6885         0.0000      5278.7264      2939.5880          12381.0995       295.1747      9441.5115     12402.3963       298.6878

LDB: ============= START OF LOAD BALANCING ============== 4.47198
LDB: TIME 4.4722 LOAD: AVG 0.0141514 MAX 0.0377618  PROXIES: TOTAL 174 MAXPE 7 MAXPATCH 7 None MEM: 827.812 MB
LDB: TIME 4.47235 LOAD: AVG 0.0141514 MAX 0.0377618  PROXIES: TOTAL 174 MAXPE 7 MAXPATCH 7 RefineTorusLB MEM: 827.938 MB
LDB: TIME 4.47248 LOAD: AVG 0.0141514 MAX 0.0377618  PROXIES: TOTAL 174 MAXPE 7 MAXPATCH 7 RefineTorusLB MEM: 827.938 MB
LDB: ============== END OF LOAD BALANCING =============== 4.47267
Info: build node-aware spanning tree with send: 1, recv: 0 with branch factor 4
Info: useSync: 0 useProxySync: 0
LDB: =============== DONE WITH MIGRATION ================ 4.47335
PRESSURE: 4400 0 0 0 0 0 0 0 0 0
GPRESSURE: 4400 0 0 0 0 0 0 0 0 0
PRESSAVG: 4400 0 0 0 0 0 0 0 0 0
GPRESSAVG: 4400 0 0 0 0 0 0 0 0 0
ENERGY:    4400      1096.0577      1714.7832      2069.6242       157.0345            -40.4385      -825.9476         0.0000      5276.2702      2961.3426          12408.7263       297.3592      9447.3837     12429.4374       300.5840

PRESSURE: 4500 0 0 0 0 0 0 0 0 0
GPRESSURE: 4500 0 0 0 0 0 0 0 0 0
PRESSAVG: 4500 0 0 0 0 0 0 0 0 0
GPRESSAVG: 4500 0 0 0 0 0 0 0 0 0
ENERGY:    4500      1095.8694      1714.8922      2082.4056       146.4061            -40.2366      -821.1714         0.0000      5276.7004      2981.9760          12436.8417       299.4310      9454.8656     12462.0250       298.8193

PRESSURE: 4600 0 0 0 0 0 0 0 0 0
GPRESSURE: 4600 0 0 0 0 0 0 0 0 0
PRESSAVG: 4600 0 0 0 0 0 0 0 0 0
GPRESSAVG: 4600 0 0 0 0 0 0 0 0 0
ENERGY:    4600      1101.9919      1695.1983      2066.2372       156.8799            -39.4519      -822.6815         0.0000      5274.4211      2996.0924          12428.6873       300.8485      9432.5949     12453.4163       299.6723

PRESSURE: 4700 0 0 0 0 0 0 0 0 0
GPRESSURE: 4700 0 0 0 0 0 0 0 0 0
PRESSAVG: 4700 0 0 0 0 0 0 0 0 0
GPRESSAVG: 4700 0 0 0 0 0 0 0 0 0
ENERGY:    4700      1084.6487      1694.9192      2065.1552       158.0901            -39.3483      -826.4804         0.0000      5274.0282      3036.0805          12447.0932       304.8639      9411.0127     12476.7532       298.8854

PRESSURE: 4800 0 0 0 0 0 0 0 0 0
GPRESSURE: 4800 0 0 0 0 0 0 0 0 0
PRESSAVG: 4800 0 0 0 0 0 0 0 0 0
GPRESSAVG: 4800 0 0 0 0 0 0 0 0 0
ENERGY:    4800      1109.9765      1706.6648      2068.6541       156.7588            -40.3455      -832.8931         0.0000      5277.1568      3010.9880          12456.9602       302.3442      9445.9723     12479.9818       301.2579

PRESSURE: 4900 0 0 0 0 0 0 0 0 0
GPRESSURE: 4900 0 0 0 0 0 0 0 0 0
PRESSAVG: 4900 0 0 0 0 0 0 0 0 0
GPRESSAVG: 4900 0 0 0 0 0 0 0 0 0
ENERGY:    4900      1099.4680      1695.5033      2061.3278       149.7475            -40.9863      -810.1215         0.0000      5280.7277      2995.6911          12431.3576       300.8082      9435.6665     12458.1817       299.4756

PRESSURE: 5000 0 0 0 0 0 0 0 0 0
GPRESSURE: 5000 0 0 0 0 0 0 0 0 0
PRESSAVG: 5000 0 0 0 0 0 0 0 0 0
GPRESSAVG: 5000 0 0 0 0 0 0 0 0 0
TIMING: 5000  CPU: 2.45455, 0.000481013/step  Wall: 2.47643, 0.0004841/step, 0 hours remaining, 827.937500 MB of memory in use.
ETITLE:      TS           BOND          ANGLE          DIHED          IMPRP               ELECT            VDW       BOUNDARY           MISC        KINETIC               TOTAL           TEMP      POTENTIAL         TOTAL3        TEMPAVG

ENERGY:    5000      1085.4597      1663.8115      2051.6578       171.5198            -40.9623      -827.3958         0.0000      5284.6233      3041.5225          12430.2366       305.4103      9388.7141     12454.5616       299.3806

WRITING EXTENDED SYSTEM TO RESTART FILE AT STEP 5000
WRITING VELOCITIES TO RESTART FILE AT STEP 5000
FINISHED WRITING RESTART VELOCITIES
The last velocity output (seq=5000) takes 0.002 seconds, 828.500 MB of memory in use
WRITING COORDINATES TO DCD FILE adk-step1.dcd AT STEP 5000
WRITING COORDINATES TO RESTART FILE AT STEP 5000
FINISHED WRITING RESTART COORDINATES
The last position output (seq=5000) takes 0.002 seconds, 828.500 MB of memory in use
WRITING EXTENDED SYSTEM TO OUTPUT FILE AT STEP 5000
WRITING COORDINATES TO OUTPUT FILE AT STEP 5000
CLOSING COORDINATE DCD FILE adk-step1.dcd
The last position output (seq=-2) takes 0.003 seconds, 828.500 MB of memory in use
WRITING VELOCITIES TO OUTPUT FILE AT STEP 5000
====================================================

WallClock: 4.769822  CPUTime: 3.230594  Memory: 828.562500 MB
End of program
