7_17_cc.dat
/gpfs/alpine/bip115/scratch/hrlee/radical.pilot.sandbox/re.session.login1.hrlee.018632.0005/pilot.0000/staging_area/7_17_cc.dat
7, 17
Choosing optimized barrier algorithm name I0:HybridBinomial:SHMEM:P2P
Converse/Charm++ Commit ID: v6.10.2-0-g7bf00fa-namd-charm-6.10.2-build-2020-Aug-05-556
Warning> Randomization of virtual memory (ASLR) is turned on in the kernel, thread migration may not work! Run 'echo 0 > /proc/sys/kernel/randomize_va_space' as root to disable it, or try running with '+isomalloc_sync'.
CharmLB> Load balancer assumes all CPUs are same.
Charm++> Running on 1 hosts (1 sockets x 7 cores x 4 PUs = 28-way SMP)
Charm++> cpu topology info is gathered in 0.003 seconds.
Info: Built with CUDA version 10010
Did not find +devices i,j,k,... argument, using all
Pe 2 physical rank 2 will use CUDA device of pe 4
Pe 12 physical rank 12 will use CUDA device of pe 7
Pe 17 physical rank 17 will use CUDA device of pe 14
Pe 31 physical rank 31 will use CUDA device of pe 28
Pe 37 physical rank 37 will use CUDA device of pe 35
Pe 13 physical rank 13 will use CUDA device of pe 7
Pe 5 physical rank 5 will use CUDA device of pe 4
Pe 24 physical rank 24 will use CUDA device of pe 21
Pe 20 physical rank 20 will use CUDA device of pe 14
Pe 32 physical rank 32 will use CUDA device of pe 28
Pe 40 physical rank 40 will use CUDA device of pe 35
Pe 9 physical rank 9 will use CUDA device of pe 7
Pe 6 physical rank 6 will use CUDA device of pe 4
Pe 27 physical rank 27 will use CUDA device of pe 21
Pe 16 physical rank 16 will use CUDA device of pe 14
Pe 34 physical rank 34 will use CUDA device of pe 28
Pe 41 physical rank 41 will use CUDA device of pe 35
Pe 11 physical rank 11 will use CUDA device of pe 7
Pe 3 physical rank 3 will use CUDA device of pe 4
Pe 26 physical rank 26 will use CUDA device of pe 21
Pe 18 physical rank 18 will use CUDA device of pe 14
Pe 33 physical rank 33 will use CUDA device of pe 28
Pe 38 physical rank 38 will use CUDA device of pe 35
Pe 10 physical rank 10 will use CUDA device of pe 7
Pe 23 physical rank 23 will use CUDA device of pe 21
Pe 19 physical rank 19 will use CUDA device of pe 14
Pe 30 physical rank 30 will use CUDA device of pe 28
Pe 36 physical rank 36 will use CUDA device of pe 35
Pe 8 physical rank 8 will use CUDA device of pe 7
Pe 1 physical rank 1 will use CUDA device of pe 4
Pe 22 physical rank 22 will use CUDA device of pe 21
Pe 15 physical rank 15 will use CUDA device of pe 14
Pe 29 physical rank 29 will use CUDA device of pe 28
Pe 39 physical rank 39 will use CUDA device of pe 35
Pe 0 physical rank 0 will use CUDA device of pe 4
Pe 25 physical rank 25 will use CUDA device of pe 21
Pe 7 physical rank 7 binding to CUDA device 0 on h35n17: 'Tesla V100-SXM2-16GB'  Mem: 16128MB  Rev: 7.0  PCI: 4:5:0
Pe 4 physical rank 4 binding to CUDA device 0 on h35n17: 'Tesla V100-SXM2-16GB'  Mem: 16128MB  Rev: 7.0  PCI: 4:4:0
Pe 14 physical rank 14 binding to CUDA device 0 on h35n17: 'Tesla V100-SXM2-16GB'  Mem: 16128MB  Rev: 7.0  PCI: 4:6:0
Pe 28 physical rank 28 binding to CUDA device 0 on h35n17: 'Tesla V100-SXM2-16GB'  Mem: 16128MB  Rev: 7.0  PCI: 35:4:0
Pe 35 physical rank 35 binding to CUDA device 0 on h35n17: 'Tesla V100-SXM2-16GB'  Mem: 16128MB  Rev: 7.0  PCI: 35:5:0
Pe 21 physical rank 21 binding to CUDA device 0 on h35n17: 'Tesla V100-SXM2-16GB'  Mem: 16128MB  Rev: 7.0  PCI: 35:3:0
Info: NAMD 2.14 for Linux-POWER-pami-smp-Summit-CUDA
Info: 
Info: Please visit http://www.ks.uiuc.edu/Research/namd/
Info: for updates, documentation, and support information.
Info: 
Info: Please cite Phillips et al., J. Chem. Phys. 153:044130 (2020) doi:10.1063/5.0014475
Info: in all publications reporting results obtained with NAMD.
Info: 
Info: Based on Charm++/Converse 61002 for pami-linux-ppc64le-smp
Info: Built Wed Aug 5 14:28:51 EDT 2020 by jimp on login2
Info: 1 NAMD  2.14  Linux-POWER-pami-smp-Summit-CUDA  42    h35n17  hrlee
Info: Running on 42 processors, 6 nodes, 1 physical nodes.
Info: CPU topology information available.
Info: Charm++/Converse parallel runtime startup completed at 1.33753 s
CkLoopLib is used in SMP with simple dynamic scheduling (converse-level notification)
Info: 791.625 MB of memory in use based on /proc/self/stat
Info: Configuration file is adk-step1.namd
Info: Working in the current directory /gpfs/alpine/bip115/scratch/hrlee/radical.pilot.sandbox/re.session.login1.hrlee.018632.0005/pilot.0000/unit.001219
TCL: Suspending until startup complete.
Info: SIMULATION PARAMETERS:
Info: TIMESTEP               1
Info: NUMBER OF STEPS        0
Info: STEPS PER CYCLE        20
Info: LOAD BALANCER  Centralized
Info: LOAD BALANCING STRATEGY  New Load Balancers -- DEFAULT
Info: LDB PERIOD             4000 steps
Info: FIRST LDB TIMESTEP     100
Info: LAST LDB TIMESTEP     -1
Info: LDB BACKGROUND SCALING 1
Info: HOM BACKGROUND SCALING 1
Info: MIN ATOMS PER PATCH    40
Info: VELOCITY FILE          7_17_adk-step1.restart.vel
Info: CENTER OF MASS MOVING INITIALLY? NO
Info: DIELECTRIC             80
Info: EXCLUDE                SCALED ONE-FOUR
Info: 1-4 ELECTROSTATICS SCALED BY 1
Info: MODIFIED 1-4 VDW PARAMETERS WILL BE USED
Info: DCD FILENAME           adk-step1.dcd
Info: DCD FREQUENCY          1000
Info: DCD FIRST STEP         1000
Info: NO EXTENDED SYSTEM TRAJECTORY OUTPUT
Info: NO VELOCITY DCD OUTPUT
Info: NO FORCE DCD OUTPUT
Info: OUTPUT FILENAME        adk-step1
Info: BINARY OUTPUT FILES WILL BE USED
Info: RESTART FILENAME       adk-step1.restart
Info: RESTART FREQUENCY      1000
Info: BINARY RESTART FILES WILL BE USED
Info: SWITCHING ACTIVE
Info: SWITCHING ON           9
Info: SWITCHING OFF          10
Info: PAIRLIST DISTANCE      11
Info: PAIRLIST SHRINK RATE   0.01
Info: PAIRLIST GROW RATE     0.01
Info: PAIRLIST TRIGGER       0.3
Info: PAIRLISTS PER CYCLE    2
Info: PAIRLISTS ENABLED
Info: MARGIN                 0
Info: HYDROGEN GROUP CUTOFF  2.5
Info: PATCH DIMENSION        13.5
Info: ENERGY OUTPUT STEPS    100
Info: CROSSTERM ENERGY INCLUDED IN DIHEDRAL
Info: TIMING OUTPUT STEPS    1000
Info: PRESSURE OUTPUT STEPS  100
Info: GRID FORCE ACTIVE
Info:  Please include this reference in published work using
Info:  the Gridforce module of NAMD: David Wells, Volha Abramkina,
Info:  and Aleksei Aksimentiev, J. Chem. Phys. 127:125101-10 (2007).
Info: MGRIDFORCE key 0
Info:            Potfile 4ake-target_autopsf-grid.dx
Info:            Scale 0.3 0.3 0.3
Info:            File 1ake-docked-noh_autopsf-grid.pdb
Info:            Col O
Info:            ChargeCol B
Info:            VOffset 0 0 0
Info:            Continuous K1 FALSE
Info:            Continuous K2 FALSE
Info:            Continuous K3 FALSE
Info:            Volts FALSE
Info:            Gridforce-Lite FALSE
Info:            Gridforce-CheckSize TRUE
Info: LANGEVIN DYNAMICS ACTIVE
Info: LANGEVIN TEMPERATURE   300
Info: LANGEVIN USING BBK INTEGRATOR
Info: LANGEVIN DAMPING COEFFICIENT IS 5 INVERSE PS
Info: LANGEVIN DYNAMICS NOT APPLIED TO HYDROGENS
Info: USING VERLET I (r-RESPA) MTS SCHEME.
Info: C1 SPLITTING OF LONG RANGE ELECTROSTATICS
Info: PLACING ATOMS IN PATCHES BY HYDROGEN GROUPS
Info: RIGID BONDS TO HYDROGEN : WATER
Info:         ERROR TOLERANCE : 1e-08
Info:          MAX ITERATIONS : 100
Info: RIGID WATER USING SETTLE ALGORITHM
Info: NONBONDED FORCES EVALUATED EVERY 2 STEPS
Info: RANDOM NUMBER SEED     1609828697
Info: USE HYDROGEN BONDS?    NO
Info: COORDINATE PDB         1ake-docked-noh_autopsf.pdb
Info: STRUCTURE FILE         1ake-docked-noh_autopsf.psf
Info: PARAMETER file: CHARMM format! 
Info: PARAMETERS             par_all36_prot.prm
Info: USING ARITHMETIC MEAN TO COMBINE L-J SIGMA PARAMETERS
Info: BINARY COORDINATES     7_17_adk-step1.restart.coor
Info: SUMMARY OF PARAMETERS:
Info: 132 BONDS
Info: 362 ANGLES
Info: 702 DIHEDRAL
Info: 35 IMPROPER
Info: 6 CROSSTERM
Info: 53 VDW
Info: 0 VDW_PAIRS
Info: 0 NBTHOLE_PAIRS
Info: TIME FOR READING PSF FILE: 0.353899
Info: READING EXTRA BONDS FILE 1ake-extrabonds.txt
Info: READING EXTRA BONDS FILE 1ake-extrabonds-cispeptide.txt
Info: READING EXTRA BONDS FILE 1ake-extrabonds-chirality.txt
Info: READ 80 EXTRA BONDS
Info: READ 80 EXTRA ANGLES
Warning: EXTRA ANGLES ARE COSINE-BASED BY DEFAULT TO MATCH PREVIOUS VERSIONS
Warning: FOR NORMAL HARMONIC EXTRA ANGLES SET extraBondsCosAngles off
Info: READ 493 EXTRA DIHEDRALS
Info: READ 438 EXTRA IMPROPERS
Info: Reading pdb file 1ake-docked-noh_autopsf.pdb
Info: TIME FOR READING PDB FILE: 0.0800862
Info: 
Info: ****************************
Info: STRUCTURE SUMMARY:
Info: 3341 ATOMS
Info: 3445 BONDS
Info: 6203 ANGLES
Info: 9414 DIHEDRALS
Info: 1005 IMPROPERS
Info: 212 CROSSTERMS
Info: 0 EXCLUSIONS
Info: 0 RIGID BONDS
Info: 1 GRIDS ACTIVE
Info: 10023 DEGREES OF FREEDOM
Info: 1656 HYDROGEN GROUPS
Info: 4 ATOMS IN LARGEST HYDROGEN GROUP
Info: 1656 MIGRATION GROUPS
Info: 4 ATOMS IN LARGEST MIGRATION GROUP
Info: TOTAL MASS = 23582 amu
Info: TOTAL CHARGE = -4 e
Info: *****************************
Info: Reading from binary file 7_17_adk-step1.restart.coor
Info: 
Info: Entering startup at 2.21803 s, 798.375 MB of memory in use
Info: Startup phase 0 took 0.000186341 s, 798.5 MB of memory in use
Info: ADDED 18308 IMPLICIT EXCLUSIONS
Info: Startup phase 1 took 0.00823476 s, 798.625 MB of memory in use
Info: NONBONDED TABLE R-SQUARED SPACING: 0.0625
Info: NONBONDED TABLE SIZE: 705 POINTS
Info: ABSOLUTE IMPRECISION IN FAST TABLE ENERGY: 3.38813e-21 AT 9.89634
Info: RELATIVE IMPRECISION IN FAST TABLE ENERGY: 4.23384e-15 AT 9.94673
Info: ABSOLUTE IMPRECISION IN FAST TABLE FORCE: 6.35275e-22 AT 9.94673
Info: RELATIVE IMPRECISION IN FAST TABLE FORCE: 5.07982e-16 AT 9.94673
Info: INCONSISTENCY IN FAST TABLE ENERGY VS FORCE: 0.000290185 AT 0.251946
Info: ABSOLUTE IMPRECISION IN VDWA TABLE ENERGY: 1.57772e-30 AT 9.89634
Info: RELATIVE IMPRECISION IN VDWA TABLE ENERGY: 4.54938e-15 AT 9.94673
Info: ABSOLUTE IMPRECISION IN VDWA TABLE FORCE: 5.91646e-31 AT 9.94673
Info: RELATIVE IMPRECISION IN VDWA TABLE FORCE: 5.6823e-16 AT 9.94673
Info: INCONSISTENCY IN VDWA TABLE ENERGY VS FORCE: 0.0040507 AT 0.251946
Info: ABSOLUTE IMPRECISION IN VDWB TABLE ENERGY: 4.71751e-25 AT 9.94673
Info: RELATIVE IMPRECISION IN VDWB TABLE ENERGY: 1.45371e-14 AT 9.94673
Info: ABSOLUTE IMPRECISION IN VDWB TABLE FORCE: 6.20385e-25 AT 9.94673
Info: RELATIVE IMPRECISION IN VDWB TABLE FORCE: 5.97512e-16 AT 9.94673
Info: INCONSISTENCY IN VDWB TABLE ENERGY VS FORCE: 0.00377068 AT 9.07951
Info: Startup phase 2 took 0.000531354 s, 799.938 MB of memory in use
Info: Startup phase 3 took 0.000161756 s, 800.312 MB of memory in use
Info: Startup phase 4 took 0.000261385 s, 800.438 MB of memory in use
Info: Startup phase 5 took 0.000154305 s, 800.438 MB of memory in use
Info: ORIGINAL ATOMS MINMAX IS -22.4089 -33.5388 -34.4049  17.2349 13.6958 17.3811
Info: ADJUSTED ATOMS MINMAX IS -17.4064 -27.1366 -30.108  11.7258 7.22962 7.78128
Info: PATCH GRID IS 5 BY 3 BY 3
Info: PATCH GRID IS 2-AWAY BY 1-AWAY BY 1-AWAY
Info: Reading from binary file 7_17_adk-step1.restart.vel
Info: REMOVING COM VELOCITY -0.0591666 -0.0126535 0.0389441
Info: LARGEST PATCH (37) HAS 145 ATOMS
Info: TORUS A SIZE 1 USING 0
Info: TORUS B SIZE 1 USING 0
Info: TORUS C SIZE 1 USING 0
Info: TORUS MINIMAL MESH SIZE IS 1 BY 1 BY 1
Info: Placed 100% of base nodes on same physical node as patch
Info: Startup phase 6 took 0.00786649 s, 800.562 MB of memory in use
Info: Startup phase 7 took 0.000155053 s, 801.5 MB of memory in use
Info: Updated CUDA force table with 4096 elements.
Info: Updated CUDA force table with 4096 elements.
Info: Updated CUDA LJ table with 53 x 53 elements.
Info: Updated CUDA LJ table with 53 x 53 elements.
Info: Updated CUDA force table with 4096 elements.
Info: Updated CUDA force table with 4096 elements.
Info: Updated CUDA LJ table with 53 x 53 elements.
Info: Updated CUDA LJ table with 53 x 53 elements.
Info: Updated CUDA force table with 4096 elements.
Info: Updated CUDA force table with 4096 elements.
Info: Updated CUDA LJ table with 53 x 53 elements.
Info: Updated CUDA LJ table with 53 x 53 elements.
Info: Startup phase 8 took 0.00334309 s, 801.625 MB of memory in use
Info: Startup phase 9 took 0.000386343 s, 801.688 MB of memory in use
Info: Startup phase 10 took 0.000159061 s, 801.75 MB of memory in use
Info: Startup phase 11 took 0.000747446 s, 801.875 MB of memory in use
LDB: Central LB being created...
Info: Startup phase 12 took 0.00212199 s, 802.625 MB of memory in use
Info: CREATING 1139 COMPUTE OBJECTS
Info: Found 278 unique exclusion lists needing 900 bytes
Info: Found 278 unique exclusion lists needing 900 bytes
Info: Found 278 unique exclusion lists needing 900 bytes
Info: Found 278 unique exclusion lists needing 900 bytes
Info: Found 278 unique exclusion lists needing 900 bytes
Info: Found 278 unique exclusion lists needing 900 bytes
Info: Startup phase 13 took 0.017272 s, 803.5 MB of memory in use
Info: Building spanning tree ... send: 1 recv: 0 with branch factor 4
Info: useSync: 0 useProxySync: 0
Info: Startup phase 14 took 0.000209527 s, 803.625 MB of memory in use
Info: Startup phase 15 took 0.000254932 s, 803.75 MB of memory in use
Info: Finished startup at 2.26008 s, 803.938 MB of memory in use

TCL: Running for 5000 steps
PRESSURE: 0 0 0 0 0 0 0 0 0 0
GPRESSURE: 0 0 0 0 0 0 0 0 0 0
ETITLE:      TS           BOND          ANGLE          DIHED          IMPRP               ELECT            VDW       BOUNDARY           MISC        KINETIC               TOTAL           TEMP      POTENTIAL         TOTAL3        TEMPAVG

ENERGY:       0      1088.8661      1717.9227      2073.2445       156.1727            -41.1939      -834.0022         0.0000      5269.2840      2941.5829          12371.8769       295.3750      9430.2939     12395.3564       295.3750

LDB: ============= START OF LOAD BALANCING ============== 2.27443
LDB: ============== END OF LOAD BALANCING =============== 2.27448
Info: useSync: 0 useProxySync: 0
LDB: =============== DONE WITH MIGRATION ================ 2.27457
LDB: ============= START OF LOAD BALANCING ============== 2.32217
LDB: Partitioning computes with target load 0.000000
LDB: Increased migratable compute count from 0 to 0
LDB: Largest unpartitionable compute is 0.000000
LDB: ============== END OF LOAD BALANCING =============== 2.32245
Info: build node-aware spanning tree with send: 1, recv: 0 with branch factor 4
LDB: =============== DONE WITH MIGRATION ================ 2.32326
Info: useSync: 0 useProxySync: 0
PRESSURE: 100 0 0 0 0 0 0 0 0 0
GPRESSURE: 100 0 0 0 0 0 0 0 0 0
PRESSAVG: 100 0 0 0 0 0 0 0 0 0
GPRESSAVG: 100 0 0 0 0 0 0 0 0 0
Info: Initial time: 42 CPUs 0.000596264 s/step 0.0069012 days/ns 827.562 MB memory
ENERGY:     100      1037.0091      1686.4511      2072.9826       151.9760            -41.7422      -814.4752         0.0000      5272.6667      2972.8087          12337.6769       298.5105      9364.8681     12364.4934       295.2619

LDB: ============= START OF LOAD BALANCING ============== 2.33524
LDB: ============== END OF LOAD BALANCING =============== 2.33527
Info: useSync: 0 useProxySync: 0
LDB: =============== DONE WITH MIGRATION ================ 2.33536
LDB: ============= START OF LOAD BALANCING ============== 2.38309
LDB: TIME 2.38328 LOAD: AVG 0.0141795 MAX 0.0311578  PROXIES: TOTAL 173 MAXPE 7 MAXPATCH 7 None MEM: 828.812 MB
LDB: TIME 2.38341 LOAD: AVG 0.0141795 MAX 0.0311578  PROXIES: TOTAL 173 MAXPE 7 MAXPATCH 7 TorusLB MEM: 828.938 MB
LDB: Reverting to original mapping
LDB: ============== END OF LOAD BALANCING =============== 2.38362
Info: build node-aware spanning tree with send: 1, recv: 0 with branch factor 4
Info: useSync: 0 useProxySync: 0
LDB: =============== DONE WITH MIGRATION ================ 2.3843
PRESSURE: 200 0 0 0 0 0 0 0 0 0
GPRESSURE: 200 0 0 0 0 0 0 0 0 0
PRESSAVG: 200 0 0 0 0 0 0 0 0 0
GPRESSAVG: 200 0 0 0 0 0 0 0 0 0
Info: Initial time: 42 CPUs 0.000595696 s/step 0.00689463 days/ns 828.938 MB memory
ENERGY:     200      1088.9554      1678.7215      2073.9858       157.1740            -40.2314      -830.3309         0.0000      5268.3818      2908.1776          12304.8339       292.0207      9396.6562     12324.5751       295.1933

LDB: ============= START OF LOAD BALANCING ============== 2.44383
LDB: TIME 2.444 LOAD: AVG 0.0179475 MAX 0.0390766  PROXIES: TOTAL 173 MAXPE 7 MAXPATCH 7 None MEM: 829.812 MB
LDB: TIME 2.44411 LOAD: AVG 0.0179475 MAX 0.0390766  PROXIES: TOTAL 173 MAXPE 7 MAXPATCH 7 RefineTorusLB MEM: 829.812 MB
LDB: TIME 2.44422 LOAD: AVG 0.0179475 MAX 0.0390766  PROXIES: TOTAL 173 MAXPE 7 MAXPATCH 7 RefineTorusLB MEM: 829.812 MB
LDB: Reverting to original mapping
LDB: ============== END OF LOAD BALANCING =============== 2.44444
Info: build node-aware spanning tree with send: 1, recv: 0 with branch factor 4
Info: useSync: 0 useProxySync: 0
LDB: =============== DONE WITH MIGRATION ================ 2.44512
PRESSURE: 300 0 0 0 0 0 0 0 0 0
GPRESSURE: 300 0 0 0 0 0 0 0 0 0
PRESSAVG: 300 0 0 0 0 0 0 0 0 0
GPRESSAVG: 300 0 0 0 0 0 0 0 0 0
Info: Initial time: 42 CPUs 0.000595428 s/step 0.00689153 days/ns 829.812 MB memory
ENERGY:     300      1070.5178      1650.4756      2058.4371       150.0191            -39.6774      -818.5949         0.0000      5269.5967      2961.4546          12302.2285       297.3704      9340.7739     12326.0218       293.0774

LDB: ============= START OF LOAD BALANCING ============== 2.50504
LDB: TIME 2.50524 LOAD: AVG 0.0177559 MAX 0.038715  PROXIES: TOTAL 173 MAXPE 7 MAXPATCH 7 None MEM: 830.5 MB
LDB: TIME 2.50535 LOAD: AVG 0.0177559 MAX 0.038715  PROXIES: TOTAL 173 MAXPE 7 MAXPATCH 7 RefineTorusLB MEM: 830.5 MB
LDB: TIME 2.50547 LOAD: AVG 0.0177559 MAX 0.038715  PROXIES: TOTAL 173 MAXPE 7 MAXPATCH 7 RefineTorusLB MEM: 830.5 MB
LDB: ============== END OF LOAD BALANCING =============== 2.50568
Info: build node-aware spanning tree with send: 1, recv: 0 with branch factor 4
Info: useSync: 0 useProxySync: 0
LDB: =============== DONE WITH MIGRATION ================ 2.50637
PRESSURE: 400 0 0 0 0 0 0 0 0 0
GPRESSURE: 400 0 0 0 0 0 0 0 0 0
PRESSAVG: 400 0 0 0 0 0 0 0 0 0
GPRESSAVG: 400 0 0 0 0 0 0 0 0 0
Info: Benchmark time: 42 CPUs 0.00059602 s/step 0.00689838 days/ns 830.5 MB memory
ENERGY:     400      1077.7367      1681.8759      2081.9599       157.8010            -40.8459      -845.8955         0.0000      5280.0066      2940.1073          12332.7461       295.2268      9392.6388     12356.5358       292.9221

PRESSURE: 500 0 0 0 0 0 0 0 0 0
GPRESSURE: 500 0 0 0 0 0 0 0 0 0
PRESSAVG: 500 0 0 0 0 0 0 0 0 0
GPRESSAVG: 500 0 0 0 0 0 0 0 0 0
Info: Benchmark time: 42 CPUs 0.000683559 s/step 0.00791157 days/ns 831.25 MB memory
ENERGY:     500      1141.0060      1655.8412      2098.2211       167.1884            -42.0941      -807.7649         0.0000      5281.9449      2878.8910          12373.2336       289.0799      9494.3426     12394.5842       296.2651

PRESSURE: 600 0 0 0 0 0 0 0 0 0
GPRESSURE: 600 0 0 0 0 0 0 0 0 0
PRESSAVG: 600 0 0 0 0 0 0 0 0 0
GPRESSAVG: 600 0 0 0 0 0 0 0 0 0
Info: Benchmark time: 42 CPUs 0.000679739 s/step 0.00786734 days/ns 831.25 MB memory
ENERGY:     600      1096.1065      1670.2765      2094.0499       167.5209            -41.6310      -831.2039         0.0000      5275.3608      3000.5243          12431.0040       301.2935      9430.4796     12457.0427       296.4526

PRESSURE: 700 0 0 0 0 0 0 0 0 0
GPRESSURE: 700 0 0 0 0 0 0 0 0 0
PRESSAVG: 700 0 0 0 0 0 0 0 0 0
GPRESSAVG: 700 0 0 0 0 0 0 0 0 0
Info: Benchmark time: 42 CPUs 0.000592746 s/step 0.00686048 days/ns 831.25 MB memory
ENERGY:     700      1127.3402      1726.9147      2084.1202       145.9404            -40.4217      -836.4781         0.0000      5267.1371      2990.1042          12464.6571       300.2472      9474.5529     12487.7089       300.2927

PRESSURE: 800 0 0 0 0 0 0 0 0 0
GPRESSURE: 800 0 0 0 0 0 0 0 0 0
PRESSAVG: 800 0 0 0 0 0 0 0 0 0
GPRESSAVG: 800 0 0 0 0 0 0 0 0 0
Info: Benchmark time: 42 CPUs 0.000588139 s/step 0.00680717 days/ns 831.25 MB memory
ENERGY:     800      1082.7111      1718.9824      2099.8022       144.9171            -40.3085      -821.4786         0.0000      5274.4642      3019.5020          12478.5918       303.1991      9459.0899     12504.0629       302.0647

PRESSURE: 900 0 0 0 0 0 0 0 0 0
GPRESSURE: 900 0 0 0 0 0 0 0 0 0
PRESSAVG: 900 0 0 0 0 0 0 0 0 0
GPRESSAVG: 900 0 0 0 0 0 0 0 0 0
Info: Benchmark time: 42 CPUs 0.000582882 s/step 0.00674632 days/ns 831.25 MB memory
ENERGY:     900      1074.8528      1662.4324      2103.2530       151.3243            -40.1339      -808.9831         0.0000      5278.7345      3039.5629          12461.0430       305.2135      9421.4800     12484.4279       301.2211

PRESSURE: 1000 0 0 0 0 0 0 0 0 0
GPRESSURE: 1000 0 0 0 0 0 0 0 0 0
PRESSAVG: 1000 0 0 0 0 0 0 0 0 0
GPRESSAVG: 1000 0 0 0 0 0 0 0 0 0
TIMING: 1000  CPU: 0.63699, 0.000619041/step  Wall: 0.637743, 0.000616392/step, 0.00068488 hours remaining, 831.250000 MB of memory in use.
ETITLE:      TS           BOND          ANGLE          DIHED          IMPRP               ELECT            VDW       BOUNDARY           MISC        KINETIC               TOTAL           TEMP      POTENTIAL         TOTAL3        TEMPAVG

ENERGY:    1000      1106.5010      1644.7750      2071.8035       145.2599            -40.6331      -774.8103         0.0000      5278.7017      2964.2262          12395.8240       297.6487      9431.5978     12422.0693       297.8098

WRITING EXTENDED SYSTEM TO RESTART FILE AT STEP 1000
WRITING VELOCITIES TO RESTART FILE AT STEP 1000
FINISHED WRITING RESTART VELOCITIES
The last velocity output (seq=1000) takes 0.002 seconds, 831.375 MB of memory in use
OPENING COORDINATE DCD FILE
WRITING COORDINATES TO DCD FILE adk-step1.dcd AT STEP 1000
WRITING COORDINATES TO RESTART FILE AT STEP 1000
FINISHED WRITING RESTART COORDINATES
The last position output (seq=1000) takes 0.004 seconds, 831.375 MB of memory in use
PRESSURE: 1100 0 0 0 0 0 0 0 0 0
GPRESSURE: 1100 0 0 0 0 0 0 0 0 0
PRESSAVG: 1100 0 0 0 0 0 0 0 0 0
GPRESSAVG: 1100 0 0 0 0 0 0 0 0 0
ENERGY:    1100      1063.4833      1697.1153      2115.5466       151.9655            -41.0634      -808.6200         0.0000      5271.8601      2980.0786          12430.3660       299.2405      9450.2874     12455.9541       299.8410

PRESSURE: 1200 0 0 0 0 0 0 0 0 0
GPRESSURE: 1200 0 0 0 0 0 0 0 0 0
PRESSAVG: 1200 0 0 0 0 0 0 0 0 0
GPRESSAVG: 1200 0 0 0 0 0 0 0 0 0
ENERGY:    1200      1100.4726      1657.4975      2075.5684       143.4555            -40.3836      -812.5573         0.0000      5273.1254      3009.1784          12406.3570       302.1625      9397.1786     12429.5574       298.0708

PRESSURE: 1300 0 0 0 0 0 0 0 0 0
GPRESSURE: 1300 0 0 0 0 0 0 0 0 0
PRESSAVG: 1300 0 0 0 0 0 0 0 0 0
GPRESSAVG: 1300 0 0 0 0 0 0 0 0 0
ENERGY:    1300      1113.1857      1739.5879      2083.9515       169.4380            -41.5733      -823.1228         0.0000      5261.5478      2962.1087          12465.1236       297.4361      9503.0149     12482.2434       300.2731

PRESSURE: 1400 0 0 0 0 0 0 0 0 0
GPRESSURE: 1400 0 0 0 0 0 0 0 0 0
PRESSAVG: 1400 0 0 0 0 0 0 0 0 0
GPRESSAVG: 1400 0 0 0 0 0 0 0 0 0
ENERGY:    1400      1086.9418      1709.1719      2119.6832       160.2614            -41.3802      -816.3426         0.0000      5255.5200      3079.0348          12552.8902       309.1771      9473.8554     12575.3836       302.2615

PRESSURE: 1500 0 0 0 0 0 0 0 0 0
GPRESSURE: 1500 0 0 0 0 0 0 0 0 0
PRESSAVG: 1500 0 0 0 0 0 0 0 0 0
GPRESSAVG: 1500 0 0 0 0 0 0 0 0 0
ENERGY:    1500      1106.8346      1719.7222      2143.4938       149.2958            -42.6853      -840.6742         0.0000      5269.1122      3050.6540          12555.7532       306.3272      9505.0992     12577.6570       304.8011

PRESSURE: 1600 0 0 0 0 0 0 0 0 0
GPRESSURE: 1600 0 0 0 0 0 0 0 0 0
PRESSAVG: 1600 0 0 0 0 0 0 0 0 0
GPRESSAVG: 1600 0 0 0 0 0 0 0 0 0
ENERGY:    1600      1137.7978      1696.9274      2079.3636       156.8808            -40.5745      -802.8713         0.0000      5269.6240      3040.3663          12537.5141       305.2942      9497.1478     12564.2176       304.0702

PRESSURE: 1700 0 0 0 0 0 0 0 0 0
GPRESSURE: 1700 0 0 0 0 0 0 0 0 0
PRESSAVG: 1700 0 0 0 0 0 0 0 0 0
GPRESSAVG: 1700 0 0 0 0 0 0 0 0 0
ENERGY:    1700      1097.7752      1733.8213      2090.1768       156.1704            -40.4881      -819.5334         0.0000      5283.2181      2988.0580          12489.1983       300.0417      9501.1403     12512.8457       303.1837

PRESSURE: 1800 0 0 0 0 0 0 0 0 0
GPRESSURE: 1800 0 0 0 0 0 0 0 0 0
PRESSAVG: 1800 0 0 0 0 0 0 0 0 0
GPRESSAVG: 1800 0 0 0 0 0 0 0 0 0
ENERGY:    1800      1122.0397      1671.3541      2080.2179       144.4013            -41.2954      -806.7967         0.0000      5280.4089      3052.2708          12502.6005       306.4896      9450.3297     12521.9361       302.6216

PRESSURE: 1900 0 0 0 0 0 0 0 0 0
GPRESSURE: 1900 0 0 0 0 0 0 0 0 0
PRESSAVG: 1900 0 0 0 0 0 0 0 0 0
GPRESSAVG: 1900 0 0 0 0 0 0 0 0 0
ENERGY:    1900      1112.5229      1737.0576      2117.0552       145.5620            -41.4960      -820.8336         0.0000      5276.3867      3017.4205          12543.6753       302.9901      9526.2548     12566.4733       301.4593

PRESSURE: 2000 0 0 0 0 0 0 0 0 0
GPRESSURE: 2000 0 0 0 0 0 0 0 0 0
PRESSAVG: 2000 0 0 0 0 0 0 0 0 0
GPRESSAVG: 2000 0 0 0 0 0 0 0 0 0
TIMING: 2000  CPU: 1.18773, 0.000550745/step  Wall: 1.19577, 0.00055803/step, 0.000465025 hours remaining, 831.375000 MB of memory in use.
ETITLE:      TS           BOND          ANGLE          DIHED          IMPRP               ELECT            VDW       BOUNDARY           MISC        KINETIC               TOTAL           TEMP      POTENTIAL         TOTAL3        TEMPAVG

ENERGY:    2000      1109.2708      1729.9359      2107.8944       162.6710            -41.0400      -820.0424         0.0000      5256.7578      3053.7584          12559.2057       306.6390      9505.4473     12581.9845       304.8633

WRITING EXTENDED SYSTEM TO RESTART FILE AT STEP 2000
WRITING VELOCITIES TO RESTART FILE AT STEP 2000
FINISHED WRITING RESTART VELOCITIES
The last velocity output (seq=2000) takes 0.002 seconds, 831.375 MB of memory in use
WRITING COORDINATES TO DCD FILE adk-step1.dcd AT STEP 2000
WRITING COORDINATES TO RESTART FILE AT STEP 2000
FINISHED WRITING RESTART COORDINATES
The last position output (seq=2000) takes 0.002 seconds, 831.375 MB of memory in use
PRESSURE: 2100 0 0 0 0 0 0 0 0 0
GPRESSURE: 2100 0 0 0 0 0 0 0 0 0
PRESSAVG: 2100 0 0 0 0 0 0 0 0 0
GPRESSAVG: 2100 0 0 0 0 0 0 0 0 0
ENERGY:    2100      1093.7317      1776.2644      2078.0292       169.5161            -40.8372      -797.3367         0.0000      5264.2247      3032.9726          12576.5649       304.5518      9543.5922     12603.5622       305.3870

PRESSURE: 2200 0 0 0 0 0 0 0 0 0
GPRESSURE: 2200 0 0 0 0 0 0 0 0 0
PRESSAVG: 2200 0 0 0 0 0 0 0 0 0
GPRESSAVG: 2200 0 0 0 0 0 0 0 0 0
ENERGY:    2200      1120.5988      1702.9174      2110.0590       152.4521            -40.8212      -811.6430         0.0000      5276.3815      3048.6630          12558.6075       306.1273      9509.9445     12582.4737       305.5844

PRESSURE: 2300 0 0 0 0 0 0 0 0 0
GPRESSURE: 2300 0 0 0 0 0 0 0 0 0
PRESSAVG: 2300 0 0 0 0 0 0 0 0 0
GPRESSAVG: 2300 0 0 0 0 0 0 0 0 0
ENERGY:    2300      1094.9059      1689.2741      2083.2925       156.2595            -41.4172      -810.8829         0.0000      5275.0282      3022.2230          12468.6830       303.4724      9446.4601     12493.5111       303.9418

PRESSURE: 2400 0 0 0 0 0 0 0 0 0
GPRESSURE: 2400 0 0 0 0 0 0 0 0 0
PRESSAVG: 2400 0 0 0 0 0 0 0 0 0
GPRESSAVG: 2400 0 0 0 0 0 0 0 0 0
ENERGY:    2400      1094.0039      1709.0107      2110.4339       148.0033            -42.1808      -814.6546         0.0000      5272.9685      3003.8548          12481.4395       301.6280      9477.5848     12507.4869       301.4047

PRESSURE: 2500 0 0 0 0 0 0 0 0 0
GPRESSURE: 2500 0 0 0 0 0 0 0 0 0
PRESSAVG: 2500 0 0 0 0 0 0 0 0 0
GPRESSAVG: 2500 0 0 0 0 0 0 0 0 0
ENERGY:    2500      1130.7619      1716.4702      2079.1964       161.3101            -41.1971      -823.7833         0.0000      5272.4756      2915.2251          12410.4590       292.7283      9495.2339     12436.3672       298.9928

PRESSURE: 2600 0 0 0 0 0 0 0 0 0
GPRESSURE: 2600 0 0 0 0 0 0 0 0 0
PRESSAVG: 2600 0 0 0 0 0 0 0 0 0
GPRESSAVG: 2600 0 0 0 0 0 0 0 0 0
ENERGY:    2600      1071.3904      1704.6763      2090.2021       143.7769            -41.3487      -821.4686         0.0000      5268.1898      3024.0975          12439.5157       303.6606      9415.4182     12461.9618       298.4208

PRESSURE: 2700 0 0 0 0 0 0 0 0 0
GPRESSURE: 2700 0 0 0 0 0 0 0 0 0
PRESSAVG: 2700 0 0 0 0 0 0 0 0 0
GPRESSAVG: 2700 0 0 0 0 0 0 0 0 0
ENERGY:    2700      1077.7510      1745.6429      2099.6405       158.1598            -41.7601      -840.8368         0.0000      5263.7739      2994.8023          12457.1735       300.7190      9462.3712     12479.9842       298.3704

PRESSURE: 2800 0 0 0 0 0 0 0 0 0
GPRESSURE: 2800 0 0 0 0 0 0 0 0 0
PRESSAVG: 2800 0 0 0 0 0 0 0 0 0
GPRESSAVG: 2800 0 0 0 0 0 0 0 0 0
ENERGY:    2800      1095.9930      1709.9543      2069.1250       173.7625            -40.4000      -816.9790         0.0000      5265.5075      3026.2311          12483.1944       303.8748      9456.9633     12506.4822       300.1435

PRESSURE: 2900 0 0 0 0 0 0 0 0 0
GPRESSURE: 2900 0 0 0 0 0 0 0 0 0
PRESSAVG: 2900 0 0 0 0 0 0 0 0 0
GPRESSAVG: 2900 0 0 0 0 0 0 0 0 0
ENERGY:    2900      1122.8562      1710.9877      2075.6380       174.7605            -40.5940      -798.8990         0.0000      5261.2223      2997.2165          12503.1882       300.9614      9505.9717     12528.0933       301.7953

WRITING COORDINATES TO DCD FILE adk-step1.dcd AT STEP 3000
WRITING COORDINATES TO RESTART FILE AT STEP 3000
FINISHED WRITING RESTART COORDINATES
The last position output (seq=3000) takes 0.003 seconds, 831.375 MB of memory in use
WRITING VELOCITIES TO RESTART FILE AT STEP 3000
FINISHED WRITING RESTART VELOCITIES
The last velocity output (seq=3000) takes 0.002 seconds, 831.375 MB of memory in use
PRESSURE: 3000 0 0 0 0 0 0 0 0 0
GPRESSURE: 3000 0 0 0 0 0 0 0 0 0
PRESSAVG: 3000 0 0 0 0 0 0 0 0 0
GPRESSAVG: 3000 0 0 0 0 0 0 0 0 0
TIMING: 3000  CPU: 1.68601, 0.000498276/step  Wall: 1.70174, 0.000505966/step, 0.000281092 hours remaining, 831.375000 MB of memory in use.
ETITLE:      TS           BOND          ANGLE          DIHED          IMPRP               ELECT            VDW       BOUNDARY           MISC        KINETIC               TOTAL           TEMP      POTENTIAL         TOTAL3        TEMPAVG

ENERGY:    3000      1097.5381      1742.9186      2092.0820       160.1424            -40.3321      -811.0925         0.0000      5250.2614      3000.4169          12491.9348       301.2827      9491.5179     12514.1701       302.4071

WRITING EXTENDED SYSTEM TO RESTART FILE AT STEP 3000
PRESSURE: 3100 0 0 0 0 0 0 0 0 0
GPRESSURE: 3100 0 0 0 0 0 0 0 0 0
PRESSAVG: 3100 0 0 0 0 0 0 0 0 0
GPRESSAVG: 3100 0 0 0 0 0 0 0 0 0
ENERGY:    3100      1108.6477      1731.2671      2092.3004       160.9141            -39.7366      -800.0148         0.0000      5254.2733      2972.4146          12480.0659       298.4709      9507.6512     12506.3813       303.0308

PRESSURE: 3200 0 0 0 0 0 0 0 0 0
GPRESSURE: 3200 0 0 0 0 0 0 0 0 0
PRESSAVG: 3200 0 0 0 0 0 0 0 0 0
GPRESSAVG: 3200 0 0 0 0 0 0 0 0 0
ENERGY:    3200      1140.2272      1764.4785      2076.4382       154.8447            -40.5049      -845.8311         0.0000      5270.2364      2990.8841          12510.7732       300.3255      9519.8891     12534.3310       301.8284

PRESSURE: 3300 0 0 0 0 0 0 0 0 0
GPRESSURE: 3300 0 0 0 0 0 0 0 0 0
PRESSAVG: 3300 0 0 0 0 0 0 0 0 0
GPRESSAVG: 3300 0 0 0 0 0 0 0 0 0
ENERGY:    3300      1119.6061      1708.5374      2081.9788       162.9062            -40.9049      -776.2511         0.0000      5261.9799      3012.9746          12530.8271       302.5437      9517.8524     12549.4784       303.0191

PRESSURE: 3400 0 0 0 0 0 0 0 0 0
GPRESSURE: 3400 0 0 0 0 0 0 0 0 0
PRESSAVG: 3400 0 0 0 0 0 0 0 0 0
GPRESSAVG: 3400 0 0 0 0 0 0 0 0 0
ENERGY:    3400      1123.4151      1705.6517      2084.8170       160.9569            -40.9083      -795.2612         0.0000      5266.1620      3006.8191          12511.6523       301.9256      9504.8332     12531.5773       303.2065

PRESSURE: 3500 0 0 0 0 0 0 0 0 0
GPRESSURE: 3500 0 0 0 0 0 0 0 0 0
PRESSAVG: 3500 0 0 0 0 0 0 0 0 0
GPRESSAVG: 3500 0 0 0 0 0 0 0 0 0
ENERGY:    3500      1122.8648      1688.7021      2070.2735       142.2661            -40.6803      -795.6785         0.0000      5271.3073      3012.4950          12471.5500       302.4956      9459.0550     12495.6361       302.7455

PRESSURE: 3600 0 0 0 0 0 0 0 0 0
GPRESSURE: 3600 0 0 0 0 0 0 0 0 0
PRESSAVG: 3600 0 0 0 0 0 0 0 0 0
GPRESSAVG: 3600 0 0 0 0 0 0 0 0 0
ENERGY:    3600      1136.4277      1740.7688      2067.3015       160.5493            -40.7568      -839.4890         0.0000      5268.4880      3028.7906          12522.0800       304.1319      9493.2893     12545.7773       303.1046

PRESSURE: 3700 0 0 0 0 0 0 0 0 0
GPRESSURE: 3700 0 0 0 0 0 0 0 0 0
PRESSAVG: 3700 0 0 0 0 0 0 0 0 0
GPRESSAVG: 3700 0 0 0 0 0 0 0 0 0
ENERGY:    3700      1116.3219      1694.8791      2085.4605       157.9201            -40.6161      -807.3416         0.0000      5266.4724      3047.6121          12520.7084       306.0218      9473.0963     12542.7473       304.4776

PRESSURE: 3800 0 0 0 0 0 0 0 0 0
GPRESSURE: 3800 0 0 0 0 0 0 0 0 0
PRESSAVG: 3800 0 0 0 0 0 0 0 0 0
GPRESSAVG: 3800 0 0 0 0 0 0 0 0 0
ENERGY:    3800      1106.6126      1732.0607      2075.4754       168.0100            -40.4614      -835.6977         0.0000      5269.5801      2982.8644          12458.4441       299.5202      9475.5797     12480.0709       303.2381

PRESSURE: 3900 0 0 0 0 0 0 0 0 0
GPRESSURE: 3900 0 0 0 0 0 0 0 0 0
PRESSAVG: 3900 0 0 0 0 0 0 0 0 0
GPRESSAVG: 3900 0 0 0 0 0 0 0 0 0
ENERGY:    3900      1119.6146      1672.6397      2087.8471       165.2407            -40.5220      -809.9597         0.0000      5268.6181      2972.2280          12435.7065       298.4522      9463.4785     12456.3065       300.5509

PRESSURE: 4000 0 0 0 0 0 0 0 0 0
GPRESSURE: 4000 0 0 0 0 0 0 0 0 0
PRESSAVG: 4000 0 0 0 0 0 0 0 0 0
GPRESSAVG: 4000 0 0 0 0 0 0 0 0 0
TIMING: 4000  CPU: 2.12915, 0.000443136/step  Wall: 2.1457, 0.000443965/step, 0.000123324 hours remaining, 831.375000 MB of memory in use.
ETITLE:      TS           BOND          ANGLE          DIHED          IMPRP               ELECT            VDW       BOUNDARY           MISC        KINETIC               TOTAL           TEMP      POTENTIAL         TOTAL3        TEMPAVG

ENERGY:    4000      1083.1632      1746.2150      2062.9536       167.1405            -40.5837      -824.7898         0.0000      5266.2248      3018.6949          12479.0184       303.1181      9460.3235     12506.5636       299.8712

WRITING EXTENDED SYSTEM TO RESTART FILE AT STEP 4000
WRITING COORDINATES TO DCD FILE adk-step1.dcd AT STEP 4000
WRITING COORDINATES TO RESTART FILE AT STEP 4000
FINISHED WRITING RESTART COORDINATES
The last position output (seq=4000) takes 0.002 seconds, 831.375 MB of memory in use
WRITING VELOCITIES TO RESTART FILE AT STEP 4000
FINISHED WRITING RESTART VELOCITIES
The last velocity output (seq=4000) takes 0.002 seconds, 831.375 MB of memory in use
PRESSURE: 4100 0 0 0 0 0 0 0 0 0
GPRESSURE: 4100 0 0 0 0 0 0 0 0 0
PRESSAVG: 4100 0 0 0 0 0 0 0 0 0
GPRESSAVG: 4100 0 0 0 0 0 0 0 0 0
ENERGY:    4100      1124.2015      1726.9984      2089.3208       172.9550            -39.6014      -811.8033         0.0000      5271.2096      2939.9888          12473.2695       295.2149      9533.2807     12495.1669       302.1963

PRESSURE: 4200 0 0 0 0 0 0 0 0 0
GPRESSURE: 4200 0 0 0 0 0 0 0 0 0
PRESSAVG: 4200 0 0 0 0 0 0 0 0 0
GPRESSAVG: 4200 0 0 0 0 0 0 0 0 0
ENERGY:    4200      1096.7125      1706.8977      2096.7376       158.1068            -38.8858      -805.9646         0.0000      5269.7520      2975.1944          12458.5508       298.7501      9483.3564     12483.6899       301.8199

LDB: ============= START OF LOAD BALANCING ============== 4.52541
LDB: ============== END OF LOAD BALANCING =============== 4.52547
Info: useSync: 0 useProxySync: 0
LDB: =============== DONE WITH MIGRATION ================ 4.52557
PRESSURE: 4300 0 0 0 0 0 0 0 0 0
GPRESSURE: 4300 0 0 0 0 0 0 0 0 0
PRESSAVG: 4300 0 0 0 0 0 0 0 0 0
GPRESSAVG: 4300 0 0 0 0 0 0 0 0 0
ENERGY:    4300      1146.7747      1734.3095      2067.8085       165.9674            -39.1611      -825.4496         0.0000      5273.5776      2945.7919          12469.6190       295.7976      9523.8271     12487.8193       302.1601

LDB: ============= START OF LOAD BALANCING ============== 4.56983
LDB: TIME 4.57004 LOAD: AVG 0.0137763 MAX 0.0316842  PROXIES: TOTAL 173 MAXPE 7 MAXPATCH 7 None MEM: 831.375 MB
LDB: TIME 4.5702 LOAD: AVG 0.0137763 MAX 0.0316842  PROXIES: TOTAL 173 MAXPE 7 MAXPATCH 7 RefineTorusLB MEM: 831.625 MB
LDB: TIME 4.57033 LOAD: AVG 0.0137763 MAX 0.0316842  PROXIES: TOTAL 173 MAXPE 7 MAXPATCH 7 RefineTorusLB MEM: 831.625 MB
LDB: Reverting to original mapping
LDB: ============== END OF LOAD BALANCING =============== 4.57054
Info: build node-aware spanning tree with send: 1, recv: 0 with branch factor 4
Info: useSync: 0 useProxySync: 0
LDB: =============== DONE WITH MIGRATION ================ 4.57118
PRESSURE: 4400 0 0 0 0 0 0 0 0 0
GPRESSURE: 4400 0 0 0 0 0 0 0 0 0
PRESSAVG: 4400 0 0 0 0 0 0 0 0 0
GPRESSAVG: 4400 0 0 0 0 0 0 0 0 0
ENERGY:    4400      1117.8045      1723.7097      2081.8075       154.1608            -39.7917      -828.4798         0.0000      5282.2381      2951.8032          12443.2524       296.4013      9491.4492     12468.3701       301.3905

PRESSURE: 4500 0 0 0 0 0 0 0 0 0
GPRESSURE: 4500 0 0 0 0 0 0 0 0 0
PRESSAVG: 4500 0 0 0 0 0 0 0 0 0
GPRESSAVG: 4500 0 0 0 0 0 0 0 0 0
ENERGY:    4500      1094.5716      1719.3296      2075.2000       162.7510            -39.6955      -803.9835         0.0000      5297.2211      2979.2083          12484.6027       299.1531      9505.3943     12507.7527       300.8075

PRESSURE: 4600 0 0 0 0 0 0 0 0 0
GPRESSURE: 4600 0 0 0 0 0 0 0 0 0
PRESSAVG: 4600 0 0 0 0 0 0 0 0 0
GPRESSAVG: 4600 0 0 0 0 0 0 0 0 0
ENERGY:    4600      1122.5095      1758.3645      2078.1957       162.4248            -40.1675      -849.2398         0.0000      5288.5783      2984.8209          12505.4865       299.7167      9520.6656     12526.8116       301.8868

PRESSURE: 4700 0 0 0 0 0 0 0 0 0
GPRESSURE: 4700 0 0 0 0 0 0 0 0 0
PRESSAVG: 4700 0 0 0 0 0 0 0 0 0
GPRESSAVG: 4700 0 0 0 0 0 0 0 0 0
ENERGY:    4700      1131.2094      1696.1272      2095.5730       150.1668            -40.0700      -804.4846         0.0000      5278.8344      3005.3844          12512.7406       301.7815      9507.3562     12534.8569       302.1872

PRESSURE: 4800 0 0 0 0 0 0 0 0 0
GPRESSURE: 4800 0 0 0 0 0 0 0 0 0
PRESSAVG: 4800 0 0 0 0 0 0 0 0 0
GPRESSAVG: 4800 0 0 0 0 0 0 0 0 0
ENERGY:    4800      1121.5077      1677.8890      2077.9422       179.6676            -40.6418      -807.8919         0.0000      5280.9241      2999.1802          12488.5771       301.1586      9489.3969     12511.2434       301.9669

PRESSURE: 4900 0 0 0 0 0 0 0 0 0
GPRESSURE: 4900 0 0 0 0 0 0 0 0 0
PRESSAVG: 4900 0 0 0 0 0 0 0 0 0
GPRESSAVG: 4900 0 0 0 0 0 0 0 0 0
ENERGY:    4900      1093.1505      1758.0143      2082.3418       162.5157            -41.6666      -796.3216         0.0000      5278.6667      2969.9359          12506.6367       298.2220      9536.7008     12529.7108       303.1940

PRESSURE: 5000 0 0 0 0 0 0 0 0 0
GPRESSURE: 5000 0 0 0 0 0 0 0 0 0
PRESSAVG: 5000 0 0 0 0 0 0 0 0 0
GPRESSAVG: 5000 0 0 0 0 0 0 0 0 0
TIMING: 5000  CPU: 2.58437, 0.000455227/step  Wall: 2.6049, 0.000459195/step, 0 hours remaining, 831.625000 MB of memory in use.
ETITLE:      TS           BOND          ANGLE          DIHED          IMPRP               ELECT            VDW       BOUNDARY           MISC        KINETIC               TOTAL           TEMP      POTENTIAL         TOTAL3        TEMPAVG

ENERGY:    5000      1130.7453      1662.9853      2072.8002       146.5760            -41.4439      -810.8929         0.0000      5274.9838      3070.6475          12506.4014       308.3349      9435.7539     12531.3811       302.1672

WRITING EXTENDED SYSTEM TO RESTART FILE AT STEP 5000
WRITING COORDINATES TO DCD FILE adk-step1.dcd AT STEP 5000
WRITING COORDINATES TO RESTART FILE AT STEP 5000
FINISHED WRITING RESTART COORDINATES
The last position output (seq=5000) takes 0.002 seconds, 832.188 MB of memory in use
WRITING VELOCITIES TO RESTART FILE AT STEP 5000
FINISHED WRITING RESTART VELOCITIES
The last velocity output (seq=5000) takes 0.002 seconds, 832.188 MB of memory in use
WRITING EXTENDED SYSTEM TO OUTPUT FILE AT STEP 5000
WRITING COORDINATES TO OUTPUT FILE AT STEP 5000
CLOSING COORDINATE DCD FILE adk-step1.dcd
The last position output (seq=-2) takes 0.003 seconds, 832.188 MB of memory in use
WRITING VELOCITIES TO OUTPUT FILE AT STEP 5000
====================================================

WallClock: 4.855780  CPUTime: 3.431967  Memory: 832.187500 MB
End of program
