0_18_cc.dat
/gpfs/alpine/bip115/scratch/hrlee/radical.pilot.sandbox/re.session.login1.hrlee.018632.0005/pilot.0000/staging_area/0_18_cc.dat
0, 18
Choosing optimized barrier algorithm name I0:HybridBinomial:SHMEM:P2P
Converse/Charm++ Commit ID: v6.10.2-0-g7bf00fa-namd-charm-6.10.2-build-2020-Aug-05-556
Warning> Randomization of virtual memory (ASLR) is turned on in the kernel, thread migration may not work! Run 'echo 0 > /proc/sys/kernel/randomize_va_space' as root to disable it, or try running with '+isomalloc_sync'.
CharmLB> Load balancer assumes all CPUs are same.
Charm++> Running on 1 hosts (1 sockets x 7 cores x 4 PUs = 28-way SMP)
Charm++> cpu topology info is gathered in 0.002 seconds.
Info: Built with CUDA version 10010
Did not find +devices i,j,k,... argument, using all
Pe 26 physical rank 26 will use CUDA device of pe 21
Pe 6 physical rank 6 will use CUDA device of pe 4
Pe 19 physical rank 19 will use CUDA device of pe 14
Pe 38 physical rank 38 will use CUDA device of pe 35
Pe 34 physical rank 34 will use CUDA device of pe 28
Pe 24 physical rank 24 will use CUDA device of pe 21
Pe 5 physical rank 5 will use CUDA device of pe 4
Pe 8 physical rank 8 will use CUDA device of pe 7
Pe 17 physical rank 17 will use CUDA device of pe 14
Pe 41 physical rank 41 will use CUDA device of pe 35
Pe 31 physical rank 31 will use CUDA device of pe 28
Pe 27 physical rank 27 will use CUDA device of pe 21
Pe 2 physical rank 2 will use CUDA device of pe 4
Pe 9 physical rank 9 will use CUDA device of pe 7
Pe 16 physical rank 16 will use CUDA device of pe 14
Pe 40 physical rank 40 will use CUDA device of pe 35
Pe 33 physical rank 33 will use CUDA device of pe 28
Pe 23 physical rank 23 will use CUDA device of pe 21
Pe 3 physical rank 3 will use CUDA device of pe 4
Pe 12 physical rank 12 will use CUDA device of pe 7
Pe 20 physical rank 20 will use CUDA device of pe 14
Pe 39 physical rank 39 will use CUDA device of pe 35
Pe 30 physical rank 30 will use CUDA device of pe 28
Pe 25 physical rank 25 will use CUDA device of pe 21
Pe 13 physical rank 13 will use CUDA device of pe 7
Pe 18 physical rank 18 will use CUDA device of pe 14
Pe 37 physical rank 37 will use CUDA device of pe 35
Pe 22 physical rank 22 will use CUDA device of pe 21
Pe 1 physical rank 1 will use CUDA device of pe 4
Pe 10 physical rank 10 will use CUDA device of pe 7
Pe 15 physical rank 15 will use CUDA device of pe 14
Pe 36 physical rank 36 will use CUDA device of pe 35
Pe 32 physical rank 32 will use CUDA device of pe 28
Pe 0 physical rank 0 will use CUDA device of pe 4
Pe 11 physical rank 11 will use CUDA device of pe 7
Pe 29 physical rank 29 will use CUDA device of pe 28
Pe 21 physical rank 21 binding to CUDA device 0 on h35n16: 'Tesla V100-SXM2-16GB'  Mem: 16128MB  Rev: 7.0  PCI: 35:3:0
Pe 4 physical rank 4 binding to CUDA device 0 on h35n16: 'Tesla V100-SXM2-16GB'  Mem: 16128MB  Rev: 7.0  PCI: 4:4:0
Pe 7 physical rank 7 binding to CUDA device 0 on h35n16: 'Tesla V100-SXM2-16GB'  Mem: 16128MB  Rev: 7.0  PCI: 4:5:0
Pe 14 physical rank 14 binding to CUDA device 0 on h35n16: 'Tesla V100-SXM2-16GB'  Mem: 16128MB  Rev: 7.0  PCI: 4:6:0
Pe 35 physical rank 35 binding to CUDA device 0 on h35n16: 'Tesla V100-SXM2-16GB'  Mem: 16128MB  Rev: 7.0  PCI: 35:5:0
Pe 28 physical rank 28 binding to CUDA device 0 on h35n16: 'Tesla V100-SXM2-16GB'  Mem: 16128MB  Rev: 7.0  PCI: 35:4:0
Info: NAMD 2.14 for Linux-POWER-pami-smp-Summit-CUDA
Info: 
Info: Please visit http://www.ks.uiuc.edu/Research/namd/
Info: for updates, documentation, and support information.
Info: 
Info: Please cite Phillips et al., J. Chem. Phys. 153:044130 (2020) doi:10.1063/5.0014475
Info: in all publications reporting results obtained with NAMD.
Info: 
Info: Based on Charm++/Converse 61002 for pami-linux-ppc64le-smp
Info: Built Wed Aug 5 14:28:51 EDT 2020 by jimp on login2
Info: 1 NAMD  2.14  Linux-POWER-pami-smp-Summit-CUDA  42    h35n16  hrlee
Info: Running on 42 processors, 6 nodes, 1 physical nodes.
Info: CPU topology information available.
Info: Charm++/Converse parallel runtime startup completed at 1.34239 s
CkLoopLib is used in SMP with simple dynamic scheduling (converse-level notification)
Info: 791.688 MB of memory in use based on /proc/self/stat
Info: Configuration file is adk-step1.namd
Info: Working in the current directory /gpfs/alpine/bip115/scratch/hrlee/radical.pilot.sandbox/re.session.login1.hrlee.018632.0005/pilot.0000/unit.001268
TCL: Suspending until startup complete.
Info: SIMULATION PARAMETERS:
Info: TIMESTEP               1
Info: NUMBER OF STEPS        0
Info: STEPS PER CYCLE        20
Info: LOAD BALANCER  Centralized
Info: LOAD BALANCING STRATEGY  New Load Balancers -- DEFAULT
Info: LDB PERIOD             4000 steps
Info: FIRST LDB TIMESTEP     100
Info: LAST LDB TIMESTEP     -1
Info: LDB BACKGROUND SCALING 1
Info: HOM BACKGROUND SCALING 1
Info: MIN ATOMS PER PATCH    40
Info: VELOCITY FILE          0_18_adk-step1.restart.vel
Info: CENTER OF MASS MOVING INITIALLY? NO
Info: DIELECTRIC             80
Info: EXCLUDE                SCALED ONE-FOUR
Info: 1-4 ELECTROSTATICS SCALED BY 1
Info: MODIFIED 1-4 VDW PARAMETERS WILL BE USED
Info: DCD FILENAME           adk-step1.dcd
Info: DCD FREQUENCY          1000
Info: DCD FIRST STEP         1000
Info: NO EXTENDED SYSTEM TRAJECTORY OUTPUT
Info: NO VELOCITY DCD OUTPUT
Info: NO FORCE DCD OUTPUT
Info: OUTPUT FILENAME        adk-step1
Info: BINARY OUTPUT FILES WILL BE USED
Info: RESTART FILENAME       adk-step1.restart
Info: RESTART FREQUENCY      1000
Info: BINARY RESTART FILES WILL BE USED
Info: SWITCHING ACTIVE
Info: SWITCHING ON           9
Info: SWITCHING OFF          10
Info: PAIRLIST DISTANCE      11
Info: PAIRLIST SHRINK RATE   0.01
Info: PAIRLIST GROW RATE     0.01
Info: PAIRLIST TRIGGER       0.3
Info: PAIRLISTS PER CYCLE    2
Info: PAIRLISTS ENABLED
Info: MARGIN                 0
Info: HYDROGEN GROUP CUTOFF  2.5
Info: PATCH DIMENSION        13.5
Info: ENERGY OUTPUT STEPS    100
Info: CROSSTERM ENERGY INCLUDED IN DIHEDRAL
Info: TIMING OUTPUT STEPS    1000
Info: PRESSURE OUTPUT STEPS  100
Info: GRID FORCE ACTIVE
Info:  Please include this reference in published work using
Info:  the Gridforce module of NAMD: David Wells, Volha Abramkina,
Info:  and Aleksei Aksimentiev, J. Chem. Phys. 127:125101-10 (2007).
Info: MGRIDFORCE key 0
Info:            Potfile 4ake-target_autopsf-grid.dx
Info:            Scale 0.3 0.3 0.3
Info:            File 1ake-docked-noh_autopsf-grid.pdb
Info:            Col O
Info:            ChargeCol B
Info:            VOffset 0 0 0
Info:            Continuous K1 FALSE
Info:            Continuous K2 FALSE
Info:            Continuous K3 FALSE
Info:            Volts FALSE
Info:            Gridforce-Lite FALSE
Info:            Gridforce-CheckSize TRUE
Info: LANGEVIN DYNAMICS ACTIVE
Info: LANGEVIN TEMPERATURE   300
Info: LANGEVIN USING BBK INTEGRATOR
Info: LANGEVIN DAMPING COEFFICIENT IS 5 INVERSE PS
Info: LANGEVIN DYNAMICS NOT APPLIED TO HYDROGENS
Info: USING VERLET I (r-RESPA) MTS SCHEME.
Info: C1 SPLITTING OF LONG RANGE ELECTROSTATICS
Info: PLACING ATOMS IN PATCHES BY HYDROGEN GROUPS
Info: RIGID BONDS TO HYDROGEN : WATER
Info:         ERROR TOLERANCE : 1e-08
Info:          MAX ITERATIONS : 100
Info: RIGID WATER USING SETTLE ALGORITHM
Info: NONBONDED FORCES EVALUATED EVERY 2 STEPS
Info: RANDOM NUMBER SEED     1609828761
Info: USE HYDROGEN BONDS?    NO
Info: COORDINATE PDB         1ake-docked-noh_autopsf.pdb
Info: STRUCTURE FILE         1ake-docked-noh_autopsf.psf
Info: PARAMETER file: CHARMM format! 
Info: PARAMETERS             par_all36_prot.prm
Info: USING ARITHMETIC MEAN TO COMBINE L-J SIGMA PARAMETERS
Info: BINARY COORDINATES     0_18_adk-step1.restart.coor
Info: SUMMARY OF PARAMETERS:
Info: 132 BONDS
Info: 362 ANGLES
Info: 702 DIHEDRAL
Info: 35 IMPROPER
Info: 6 CROSSTERM
Info: 53 VDW
Info: 0 VDW_PAIRS
Info: 0 NBTHOLE_PAIRS
Info: TIME FOR READING PSF FILE: 0.292496
Info: READING EXTRA BONDS FILE 1ake-extrabonds.txt
Info: READING EXTRA BONDS FILE 1ake-extrabonds-cispeptide.txt
Info: READING EXTRA BONDS FILE 1ake-extrabonds-chirality.txt
Info: READ 80 EXTRA BONDS
Info: READ 80 EXTRA ANGLES
Warning: EXTRA ANGLES ARE COSINE-BASED BY DEFAULT TO MATCH PREVIOUS VERSIONS
Warning: FOR NORMAL HARMONIC EXTRA ANGLES SET extraBondsCosAngles off
Info: READ 493 EXTRA DIHEDRALS
Info: READ 438 EXTRA IMPROPERS
Info: Reading pdb file 1ake-docked-noh_autopsf.pdb
Info: TIME FOR READING PDB FILE: 0.0119733
Info: 
Info: ****************************
Info: STRUCTURE SUMMARY:
Info: 3341 ATOMS
Info: 3445 BONDS
Info: 6203 ANGLES
Info: 9414 DIHEDRALS
Info: 1005 IMPROPERS
Info: 212 CROSSTERMS
Info: 0 EXCLUSIONS
Info: 0 RIGID BONDS
Info: 1 GRIDS ACTIVE
Info: 10023 DEGREES OF FREEDOM
Info: 1656 HYDROGEN GROUPS
Info: 4 ATOMS IN LARGEST HYDROGEN GROUP
Info: 1656 MIGRATION GROUPS
Info: 4 ATOMS IN LARGEST MIGRATION GROUP
Info: TOTAL MASS = 23582 amu
Info: TOTAL CHARGE = -4 e
Info: *****************************
Info: Reading from binary file 0_18_adk-step1.restart.coor
Info: 
Info: Entering startup at 1.89049 s, 798.438 MB of memory in use
Info: Startup phase 0 took 0.000199537 s, 798.562 MB of memory in use
Info: ADDED 18308 IMPLICIT EXCLUSIONS
Info: Startup phase 1 took 0.0081447 s, 798.688 MB of memory in use
Info: NONBONDED TABLE R-SQUARED SPACING: 0.0625
Info: NONBONDED TABLE SIZE: 705 POINTS
Info: ABSOLUTE IMPRECISION IN FAST TABLE ENERGY: 3.38813e-21 AT 9.89634
Info: RELATIVE IMPRECISION IN FAST TABLE ENERGY: 4.23384e-15 AT 9.94673
Info: ABSOLUTE IMPRECISION IN FAST TABLE FORCE: 6.35275e-22 AT 9.94673
Info: RELATIVE IMPRECISION IN FAST TABLE FORCE: 5.07982e-16 AT 9.94673
Info: INCONSISTENCY IN FAST TABLE ENERGY VS FORCE: 0.000290185 AT 0.251946
Info: ABSOLUTE IMPRECISION IN VDWA TABLE ENERGY: 1.57772e-30 AT 9.89634
Info: RELATIVE IMPRECISION IN VDWA TABLE ENERGY: 4.54938e-15 AT 9.94673
Info: ABSOLUTE IMPRECISION IN VDWA TABLE FORCE: 5.91646e-31 AT 9.94673
Info: RELATIVE IMPRECISION IN VDWA TABLE FORCE: 5.6823e-16 AT 9.94673
Info: INCONSISTENCY IN VDWA TABLE ENERGY VS FORCE: 0.0040507 AT 0.251946
Info: ABSOLUTE IMPRECISION IN VDWB TABLE ENERGY: 4.71751e-25 AT 9.94673
Info: RELATIVE IMPRECISION IN VDWB TABLE ENERGY: 1.45371e-14 AT 9.94673
Info: ABSOLUTE IMPRECISION IN VDWB TABLE FORCE: 6.20385e-25 AT 9.94673
Info: RELATIVE IMPRECISION IN VDWB TABLE FORCE: 5.97512e-16 AT 9.94673
Info: INCONSISTENCY IN VDWB TABLE ENERGY VS FORCE: 0.00377068 AT 9.07951
Info: Startup phase 2 took 0.00050714 s, 800 MB of memory in use
Info: Startup phase 3 took 0.000163188 s, 800.375 MB of memory in use
Info: Startup phase 4 took 0.000246814 s, 800.5 MB of memory in use
Info: Startup phase 5 took 0.000152072 s, 800.5 MB of memory in use
Info: ORIGINAL ATOMS MINMAX IS -22.0985 -33.4697 -34.7921  16.8024 13.6962 16.8122
Info: ADJUSTED ATOMS MINMAX IS -17.4138 -27.0923 -30.1266  11.7281 7.0075 7.8169
Info: PATCH GRID IS 5 BY 3 BY 3
Info: PATCH GRID IS 2-AWAY BY 1-AWAY BY 1-AWAY
Info: Reading from binary file 0_18_adk-step1.restart.vel
Info: REMOVING COM VELOCITY -0.00509987 -0.00373646 0.057831
Info: LARGEST PATCH (37) HAS 142 ATOMS
Info: TORUS A SIZE 1 USING 0
Info: TORUS B SIZE 1 USING 0
Info: TORUS C SIZE 1 USING 0
Info: TORUS MINIMAL MESH SIZE IS 1 BY 1 BY 1
Info: Placed 100% of base nodes on same physical node as patch
Info: Startup phase 6 took 0.00799718 s, 800.625 MB of memory in use
Info: Startup phase 7 took 0.000159288 s, 801.562 MB of memory in use
Info: Updated CUDA force table with 4096 elements.
Info: Updated CUDA force table with 4096 elements.
Info: Updated CUDA LJ table with 53 x 53 elements.
Info: Updated CUDA LJ table with 53 x 53 elements.
Info: Updated CUDA force table with 4096 elements.
Info: Updated CUDA LJ table with 53 x 53 elements.
Info: Updated CUDA force table with 4096 elements.
Info: Updated CUDA LJ table with 53 x 53 elements.
Info: Updated CUDA force table with 4096 elements.
Info: Updated CUDA force table with 4096 elements.
Info: Updated CUDA LJ table with 53 x 53 elements.
Info: Updated CUDA LJ table with 53 x 53 elements.
Info: Startup phase 8 took 0.00314008 s, 801.688 MB of memory in use
Info: Startup phase 9 took 0.0003502 s, 801.75 MB of memory in use
Info: Startup phase 10 took 0.000158612 s, 801.812 MB of memory in use
Info: Startup phase 11 took 0.000735565 s, 801.938 MB of memory in use
LDB: Central LB being created...
Info: Startup phase 12 took 0.00212047 s, 802.75 MB of memory in use
Info: CREATING 1139 COMPUTE OBJECTS
Info: Found 278 unique exclusion lists needing 900 bytes
Info: Found 278 unique exclusion lists needing 900 bytes
Info: Found 278 unique exclusion lists needing 900 bytes
Info: Found 278 unique exclusion lists needing 900 bytes
Info: Found 278 unique exclusion lists needing 900 bytes
Info: Found 278 unique exclusion lists needing 900 bytes
Info: useSync: 0 useProxySync: 0
Info: Startup phase 13 took 0.0167548 s, 803.688 MB of memory in use
Info: Building spanning tree ... send: 1 recv: 0 with branch factor 4
Info: Startup phase 14 took 0.000190142 s, 803.812 MB of memory in use
Info: Startup phase 15 took 0.000200564 s, 803.938 MB of memory in use
Info: Finished startup at 1.93171 s, 804.125 MB of memory in use

TCL: Running for 5000 steps
PRESSURE: 0 0 0 0 0 0 0 0 0 0
GPRESSURE: 0 0 0 0 0 0 0 0 0 0
ETITLE:      TS           BOND          ANGLE          DIHED          IMPRP               ELECT            VDW       BOUNDARY           MISC        KINETIC               TOTAL           TEMP      POTENTIAL         TOTAL3        TEMPAVG

ENERGY:       0      1114.5001      1702.8188      2070.4742       143.7892            -38.3136      -827.3127         0.0000      5261.9224      2989.3058          12417.1842       300.1670      9427.8784     12440.9808       300.1670

LDB: ============= START OF LOAD BALANCING ============== 1.9441
LDB: ============== END OF LOAD BALANCING =============== 1.94415
Info: useSync: 0 useProxySync: 0
LDB: =============== DONE WITH MIGRATION ================ 1.94426
LDB: ============= START OF LOAD BALANCING ============== 1.98528
LDB: Partitioning computes with target load 0.000000
LDB: Increased migratable compute count from 0 to 0
LDB: Largest unpartitionable compute is 0.000000
LDB: ============== END OF LOAD BALANCING =============== 1.98556
Info: build node-aware spanning tree with send: 1, recv: 0 with branch factor 4
Info: useSync: 0 useProxySync: 0
LDB: =============== DONE WITH MIGRATION ================ 1.9863
PRESSURE: 100 0 0 0 0 0 0 0 0 0
GPRESSURE: 100 0 0 0 0 0 0 0 0 0
PRESSAVG: 100 0 0 0 0 0 0 0 0 0
GPRESSAVG: 100 0 0 0 0 0 0 0 0 0
Info: Initial time: 42 CPUs 0.00051603 s/step 0.00597257 days/ns 827.25 MB memory
ENERGY:     100      1111.0420      1705.8625      2055.3111       160.2076            -38.4226      -807.0021         0.0000      5263.9983      2944.1927          12395.1895       295.6371      9450.9968     12418.4828       298.6007

LDB: ============= START OF LOAD BALANCING ============== 1.99657
Info: useSync: 0 useProxySync: 0
LDB: ============== END OF LOAD BALANCING =============== 1.9966
LDB: =============== DONE WITH MIGRATION ================ 1.9967
LDB: ============= START OF LOAD BALANCING ============== 2.0375
LDB: TIME 2.03768 LOAD: AVG 0.0129609 MAX 0.0306375  PROXIES: TOTAL 176 MAXPE 7 MAXPATCH 7 None MEM: 828.5 MB
LDB: TIME 2.03782 LOAD: AVG 0.0129609 MAX 0.0306375  PROXIES: TOTAL 176 MAXPE 7 MAXPATCH 7 TorusLB MEM: 828.625 MB
LDB: Reverting to original mapping
LDB: ============== END OF LOAD BALANCING =============== 2.03805
Info: build node-aware spanning tree with send: 1, recv: 0 with branch factor 4
Info: useSync: 0 useProxySync: 0
LDB: =============== DONE WITH MIGRATION ================ 2.03878
PRESSURE: 200 0 0 0 0 0 0 0 0 0
GPRESSURE: 200 0 0 0 0 0 0 0 0 0
PRESSAVG: 200 0 0 0 0 0 0 0 0 0
GPRESSAVG: 200 0 0 0 0 0 0 0 0 0
Info: Initial time: 42 CPUs 0.000508816 s/step 0.00588907 days/ns 828.625 MB memory
ENERGY:     200      1124.0672      1712.5835      2043.1092       146.3793            -39.6008      -802.1949         0.0000      5271.1104      2996.6574          12452.1112       300.9052      9455.4539     12477.0632       300.6842

LDB: ============= START OF LOAD BALANCING ============== 2.08941
LDB: TIME 2.08961 LOAD: AVG 0.0161367 MAX 0.0376601  PROXIES: TOTAL 176 MAXPE 7 MAXPATCH 7 None MEM: 829.562 MB
LDB: TIME 2.08974 LOAD: AVG 0.0161367 MAX 0.0376601  PROXIES: TOTAL 176 MAXPE 7 MAXPATCH 7 RefineTorusLB MEM: 829.562 MB
LDB: TIME 2.08988 LOAD: AVG 0.0161367 MAX 0.0376601  PROXIES: TOTAL 176 MAXPE 7 MAXPATCH 7 RefineTorusLB MEM: 829.562 MB
LDB: ============== END OF LOAD BALANCING =============== 2.09012
Info: build node-aware spanning tree with send: 1, recv: 0 with branch factor 4
Info: useSync: 0 useProxySync: 0
LDB: =============== DONE WITH MIGRATION ================ 2.09082
PRESSURE: 300 0 0 0 0 0 0 0 0 0
GPRESSURE: 300 0 0 0 0 0 0 0 0 0
PRESSAVG: 300 0 0 0 0 0 0 0 0 0
GPRESSAVG: 300 0 0 0 0 0 0 0 0 0
Info: Initial time: 42 CPUs 0.000504339 s/step 0.00583725 days/ns 829.562 MB memory
ENERGY:     300      1137.7264      1754.8203      2046.3705       162.9318            -38.8064      -832.3847         0.0000      5274.4147      2950.5493          12455.6219       296.2754      9505.0727     12476.3430       301.0037

LDB: ============= START OF LOAD BALANCING ============== 2.14093
LDB: TIME 2.14113 LOAD: AVG 0.0161621 MAX 0.0373467  PROXIES: TOTAL 176 MAXPE 7 MAXPATCH 7 None MEM: 830.375 MB
LDB: TIME 2.14126 LOAD: AVG 0.0161621 MAX 0.0373467  PROXIES: TOTAL 176 MAXPE 7 MAXPATCH 7 RefineTorusLB MEM: 830.375 MB
LDB: TIME 2.1414 LOAD: AVG 0.0161621 MAX 0.0373467  PROXIES: TOTAL 176 MAXPE 7 MAXPATCH 7 RefineTorusLB MEM: 830.375 MB
LDB: Reverting to original mapping
LDB: ============== END OF LOAD BALANCING =============== 2.14163
Info: build node-aware spanning tree with send: 1, recv: 0 with branch factor 4
Info: useSync: 0 useProxySync: 0
LDB: =============== DONE WITH MIGRATION ================ 2.14235
PRESSURE: 400 0 0 0 0 0 0 0 0 0
GPRESSURE: 400 0 0 0 0 0 0 0 0 0
PRESSAVG: 400 0 0 0 0 0 0 0 0 0
GPRESSAVG: 400 0 0 0 0 0 0 0 0 0
Info: Benchmark time: 42 CPUs 0.000499185 s/step 0.00577761 days/ns 830.375 MB memory
ENERGY:     400      1120.1223      1699.5204      2069.3609       148.5778            -39.3136      -825.8166         0.0000      5279.1186      3019.4735          12471.0434       303.1963      9451.5698     12495.4995       300.8651

PRESSURE: 500 0 0 0 0 0 0 0 0 0
GPRESSURE: 500 0 0 0 0 0 0 0 0 0
PRESSAVG: 500 0 0 0 0 0 0 0 0 0
GPRESSAVG: 500 0 0 0 0 0 0 0 0 0
Info: Benchmark time: 42 CPUs 0.00049461 s/step 0.00572466 days/ns 831.188 MB memory
ENERGY:     500      1136.8857      1706.9988      2052.8442       161.0332            -39.7078      -808.7908         0.0000      5286.1898      3004.0638          12499.5169       301.6489      9495.4530     12523.5159       302.0393

PRESSURE: 600 0 0 0 0 0 0 0 0 0
GPRESSURE: 600 0 0 0 0 0 0 0 0 0
PRESSAVG: 600 0 0 0 0 0 0 0 0 0
GPRESSAVG: 600 0 0 0 0 0 0 0 0 0
Info: Benchmark time: 42 CPUs 0.000493807 s/step 0.00571536 days/ns 831.188 MB memory
ENERGY:     600      1124.9512      1759.5481      2079.7636       166.7600            -39.2256      -855.5326         0.0000      5280.3189      3005.0040          12521.5877       301.7434      9516.5837     12543.5051       303.2396

PRESSURE: 700 0 0 0 0 0 0 0 0 0
GPRESSURE: 700 0 0 0 0 0 0 0 0 0
PRESSAVG: 700 0 0 0 0 0 0 0 0 0
GPRESSAVG: 700 0 0 0 0 0 0 0 0 0
Info: Benchmark time: 42 CPUs 0.000474182 s/step 0.00548822 days/ns 831.188 MB memory
ENERGY:     700      1115.6942      1684.1221      2089.1823       145.0192            -38.9456      -807.6465         0.0000      5279.4823      3003.4920          12470.4000       301.5915      9466.9080     12495.7615       303.3330

PRESSURE: 800 0 0 0 0 0 0 0 0 0
GPRESSURE: 800 0 0 0 0 0 0 0 0 0
PRESSAVG: 800 0 0 0 0 0 0 0 0 0
GPRESSAVG: 800 0 0 0 0 0 0 0 0 0
Info: Benchmark time: 42 CPUs 0.000474356 s/step 0.00549023 days/ns 831.188 MB memory
ENERGY:     800      1125.2897      1704.5500      2042.6697       155.9159            -39.5650      -813.0847         0.0000      5263.9175      2988.7505          12428.4436       300.1113      9439.6931     12453.1204       300.3544

PRESSURE: 900 0 0 0 0 0 0 0 0 0
GPRESSURE: 900 0 0 0 0 0 0 0 0 0
PRESSAVG: 900 0 0 0 0 0 0 0 0 0
GPRESSAVG: 900 0 0 0 0 0 0 0 0 0
Info: Benchmark time: 42 CPUs 0.000475214 s/step 0.00550017 days/ns 831.188 MB memory
ENERGY:     900      1103.2034      1654.3487      2068.0088       146.9961            -40.4571      -791.8672         0.0000      5267.3401      3040.4356          12448.0084       305.3012      9407.5728     12472.4371       298.5249

PRESSURE: 1000 0 0 0 0 0 0 0 0 0
GPRESSURE: 1000 0 0 0 0 0 0 0 0 0
PRESSAVG: 1000 0 0 0 0 0 0 0 0 0
GPRESSAVG: 1000 0 0 0 0 0 0 0 0 0
TIMING: 1000  CPU: 0.518337, 0.00050074/step  Wall: 0.518938, 0.000498662/step, 0.000554069 hours remaining, 831.187500 MB of memory in use.
ETITLE:      TS           BOND          ANGLE          DIHED          IMPRP               ELECT            VDW       BOUNDARY           MISC        KINETIC               TOTAL           TEMP      POTENTIAL         TOTAL3        TEMPAVG

ENERGY:    1000      1141.3396      1722.3278      2070.0444       148.9357            -40.6660      -803.5859         0.0000      5269.1597      2967.8863          12475.4417       298.0162      9507.5554     12498.0421       300.3324

WRITING EXTENDED SYSTEM TO RESTART FILE AT STEP 1000
WRITING VELOCITIES TO RESTART FILE AT STEP 1000
FINISHED WRITING RESTART VELOCITIES
The last velocity output (seq=1000) takes 0.002 seconds, 831.375 MB of memory in use
OPENING COORDINATE DCD FILE
WRITING COORDINATES TO DCD FILE adk-step1.dcd AT STEP 1000
WRITING COORDINATES TO RESTART FILE AT STEP 1000
FINISHED WRITING RESTART COORDINATES
The last position output (seq=1000) takes 0.004 seconds, 831.375 MB of memory in use
PRESSURE: 1100 0 0 0 0 0 0 0 0 0
GPRESSURE: 1100 0 0 0 0 0 0 0 0 0
PRESSAVG: 1100 0 0 0 0 0 0 0 0 0
GPRESSAVG: 1100 0 0 0 0 0 0 0 0 0
ENERGY:    1100      1109.0782      1721.6532      2077.2605       168.0092            -40.6047      -827.7070         0.0000      5268.1060      2980.0556          12455.8511       299.2382      9475.7954     12484.6301       300.4256

PRESSURE: 1200 0 0 0 0 0 0 0 0 0
GPRESSURE: 1200 0 0 0 0 0 0 0 0 0
PRESSAVG: 1200 0 0 0 0 0 0 0 0 0
GPRESSAVG: 1200 0 0 0 0 0 0 0 0 0
ENERGY:    1200      1093.4911      1674.3659      2084.8700       141.7667            -39.5431      -810.5667         0.0000      5273.7073      2982.0455          12400.1368       299.4380      9418.0913     12427.4407       297.7960

PRESSURE: 1300 0 0 0 0 0 0 0 0 0
GPRESSURE: 1300 0 0 0 0 0 0 0 0 0
PRESSAVG: 1300 0 0 0 0 0 0 0 0 0
GPRESSAVG: 1300 0 0 0 0 0 0 0 0 0
ENERGY:    1300      1089.3402      1695.8537      2079.7061       139.8897            -39.9023      -803.8667         0.0000      5265.6030      2967.5377          12394.1616       297.9812      9426.6238     12417.3396       298.3625

PRESSURE: 1400 0 0 0 0 0 0 0 0 0
GPRESSURE: 1400 0 0 0 0 0 0 0 0 0
PRESSAVG: 1400 0 0 0 0 0 0 0 0 0
GPRESSAVG: 1400 0 0 0 0 0 0 0 0 0
ENERGY:    1400      1078.5573      1679.3405      2057.6659       158.9408            -40.8721      -825.5973         0.0000      5265.0475      2988.9913          12362.0737       300.1355      9373.0825     12389.9745       297.1528

PRESSURE: 1500 0 0 0 0 0 0 0 0 0
GPRESSURE: 1500 0 0 0 0 0 0 0 0 0
PRESSAVG: 1500 0 0 0 0 0 0 0 0 0
GPRESSAVG: 1500 0 0 0 0 0 0 0 0 0
ENERGY:    1500      1107.5704      1674.8058      2079.4020       167.9783            -40.9862      -821.4193         0.0000      5274.0997      2943.7398          12385.1906       295.5916      9441.4507     12406.7514       297.5211

PRESSURE: 1600 0 0 0 0 0 0 0 0 0
GPRESSURE: 1600 0 0 0 0 0 0 0 0 0
PRESSAVG: 1600 0 0 0 0 0 0 0 0 0
GPRESSAVG: 1600 0 0 0 0 0 0 0 0 0
ENERGY:    1600      1136.3104      1655.9819      2078.9020       147.8744            -41.1801      -788.7083         0.0000      5267.1235      2947.5470          12403.8508       295.9739      9456.3039     12429.1052       298.3780

PRESSURE: 1700 0 0 0 0 0 0 0 0 0
GPRESSURE: 1700 0 0 0 0 0 0 0 0 0
PRESSAVG: 1700 0 0 0 0 0 0 0 0 0
GPRESSAVG: 1700 0 0 0 0 0 0 0 0 0
ENERGY:    1700      1102.9198      1681.6409      2097.1627       159.4514            -42.4840      -814.4864         0.0000      5260.7013      2954.2172          12399.1229       296.6437      9444.9057     12420.6924       298.4459

PRESSURE: 1800 0 0 0 0 0 0 0 0 0
GPRESSURE: 1800 0 0 0 0 0 0 0 0 0
PRESSAVG: 1800 0 0 0 0 0 0 0 0 0
GPRESSAVG: 1800 0 0 0 0 0 0 0 0 0
ENERGY:    1800      1105.0176      1743.3063      2048.6457       152.5051            -42.0652      -816.2673         0.0000      5263.3619      2920.8752          12375.3793       293.2957      9454.5041     12399.5428       296.8795

PRESSURE: 1900 0 0 0 0 0 0 0 0 0
GPRESSURE: 1900 0 0 0 0 0 0 0 0 0
PRESSAVG: 1900 0 0 0 0 0 0 0 0 0
GPRESSAVG: 1900 0 0 0 0 0 0 0 0 0
ENERGY:    1900      1123.2993      1701.8916      2050.9964       155.9294            -40.9489      -805.4257         0.0000      5269.5694      2916.0040          12371.3153       292.8065      9455.3114     12389.4042       296.1155

PRESSURE: 2000 0 0 0 0 0 0 0 0 0
GPRESSURE: 2000 0 0 0 0 0 0 0 0 0
PRESSAVG: 2000 0 0 0 0 0 0 0 0 0
GPRESSAVG: 2000 0 0 0 0 0 0 0 0 0
TIMING: 2000  CPU: 0.99478, 0.000476443/step  Wall: 1.00204, 0.000483098/step, 0.000402582 hours remaining, 831.375000 MB of memory in use.
ETITLE:      TS           BOND          ANGLE          DIHED          IMPRP               ELECT            VDW       BOUNDARY           MISC        KINETIC               TOTAL           TEMP      POTENTIAL         TOTAL3        TEMPAVG

ENERGY:    2000      1078.1502      1707.8966      2065.4977       157.9219            -40.5111      -785.4404         0.0000      5268.4804      2903.9243          12355.9195       291.5936      9451.9953     12382.7109       296.9160

WRITING EXTENDED SYSTEM TO RESTART FILE AT STEP 2000
WRITING VELOCITIES TO RESTART FILE AT STEP 2000
FINISHED WRITING RESTART VELOCITIES
The last velocity output (seq=2000) takes 0.002 seconds, 831.375 MB of memory in use
WRITING COORDINATES TO DCD FILE adk-step1.dcd AT STEP 2000
WRITING COORDINATES TO RESTART FILE AT STEP 2000
FINISHED WRITING RESTART COORDINATES
The last position output (seq=2000) takes 0.002 seconds, 831.375 MB of memory in use
PRESSURE: 2100 0 0 0 0 0 0 0 0 0
GPRESSURE: 2100 0 0 0 0 0 0 0 0 0
PRESSAVG: 2100 0 0 0 0 0 0 0 0 0
GPRESSAVG: 2100 0 0 0 0 0 0 0 0 0
ENERGY:    2100      1116.0490      1696.1535      2067.5714       154.5317            -40.4520      -781.1780         0.0000      5269.5361      2914.3324          12396.5440       292.6387      9482.2116     12423.2044       297.8101

PRESSURE: 2200 0 0 0 0 0 0 0 0 0
GPRESSURE: 2200 0 0 0 0 0 0 0 0 0
PRESSAVG: 2200 0 0 0 0 0 0 0 0 0
GPRESSAVG: 2200 0 0 0 0 0 0 0 0 0
ENERGY:    2200      1132.9942      1652.8973      2064.2034       155.3208            -40.4406      -837.2700         0.0000      5270.7931      2974.9394          12373.4376       298.7245      9398.4982     12394.1609       296.5603

PRESSURE: 2300 0 0 0 0 0 0 0 0 0
GPRESSURE: 2300 0 0 0 0 0 0 0 0 0
PRESSAVG: 2300 0 0 0 0 0 0 0 0 0
GPRESSAVG: 2300 0 0 0 0 0 0 0 0 0
ENERGY:    2300      1136.5007      1680.5610      2063.0614       154.1694            -40.9491      -839.5477         0.0000      5273.5964      2948.7408          12376.1329       296.0938      9427.3921     12400.8086       295.9473

PRESSURE: 2400 0 0 0 0 0 0 0 0 0
GPRESSURE: 2400 0 0 0 0 0 0 0 0 0
PRESSAVG: 2400 0 0 0 0 0 0 0 0 0
GPRESSAVG: 2400 0 0 0 0 0 0 0 0 0
ENERGY:    2400      1094.2296      1705.8594      2049.3635       161.9200            -40.1001      -780.6874         0.0000      5276.1866      2947.0375          12413.8091       295.9227      9466.7715     12435.7148       296.5151

PRESSURE: 2500 0 0 0 0 0 0 0 0 0
GPRESSURE: 2500 0 0 0 0 0 0 0 0 0
PRESSAVG: 2500 0 0 0 0 0 0 0 0 0
GPRESSAVG: 2500 0 0 0 0 0 0 0 0 0
ENERGY:    2500      1093.6057      1679.9959      2066.5280       143.4012            -40.7421      -794.6684         0.0000      5271.5231      2938.5980          12358.2414       295.0753      9419.6434     12382.2398       297.6510

PRESSURE: 2600 0 0 0 0 0 0 0 0 0
GPRESSURE: 2600 0 0 0 0 0 0 0 0 0
PRESSAVG: 2600 0 0 0 0 0 0 0 0 0
GPRESSAVG: 2600 0 0 0 0 0 0 0 0 0
ENERGY:    2600      1088.6553      1700.6064      2085.9983       164.5318            -40.6870      -820.3980         0.0000      5268.5379      2946.0793          12393.3238       295.8265      9447.2446     12416.9092       296.9660

PRESSURE: 2700 0 0 0 0 0 0 0 0 0
GPRESSURE: 2700 0 0 0 0 0 0 0 0 0
PRESSAVG: 2700 0 0 0 0 0 0 0 0 0
GPRESSAVG: 2700 0 0 0 0 0 0 0 0 0
ENERGY:    2700      1099.3750      1705.8664      2067.2540       156.3796            -41.1675      -807.3996         0.0000      5269.5163      2954.7298          12404.5539       296.6951      9449.8241     12430.4473       297.3540

PRESSURE: 2800 0 0 0 0 0 0 0 0 0
GPRESSURE: 2800 0 0 0 0 0 0 0 0 0
PRESSAVG: 2800 0 0 0 0 0 0 0 0 0
GPRESSAVG: 2800 0 0 0 0 0 0 0 0 0
ENERGY:    2800      1075.5979      1677.1509      2079.7442       146.3210            -40.3140      -792.3873         0.0000      5266.8495      2998.8249          12411.7870       301.1229      9412.9621     12436.8802       297.8330

PRESSURE: 2900 0 0 0 0 0 0 0 0 0
GPRESSURE: 2900 0 0 0 0 0 0 0 0 0
PRESSAVG: 2900 0 0 0 0 0 0 0 0 0
GPRESSAVG: 2900 0 0 0 0 0 0 0 0 0
ENERGY:    2900      1080.8727      1648.9573      2063.2561       147.5496            -39.8297      -811.1552         0.0000      5268.1544      3067.7621          12425.5673       308.0451      9357.8052     12450.4152       298.6648

PRESSURE: 3000 0 0 0 0 0 0 0 0 0
GPRESSURE: 3000 0 0 0 0 0 0 0 0 0
PRESSAVG: 3000 0 0 0 0 0 0 0 0 0
GPRESSAVG: 3000 0 0 0 0 0 0 0 0 0
TIMING: 3000  CPU: 1.48603, 0.000491255/step  Wall: 1.49852, 0.000496481/step, 0.000275823 hours remaining, 831.375000 MB of memory in use.
ETITLE:      TS           BOND          ANGLE          DIHED          IMPRP               ELECT            VDW       BOUNDARY           MISC        KINETIC               TOTAL           TEMP      POTENTIAL         TOTAL3        TEMPAVG

ENERGY:    3000      1126.3170      1690.5789      2053.5778       170.3244            -40.3148      -815.0634         0.0000      5266.6907      2987.2493          12439.3598       299.9605      9452.1106     12460.3817       298.5485

WRITING EXTENDED SYSTEM TO RESTART FILE AT STEP 3000
WRITING VELOCITIES TO RESTART FILE AT STEP 3000
FINISHED WRITING RESTART VELOCITIES
The last velocity output (seq=3000) takes 0.002 seconds, 831.375 MB of memory in use
WRITING COORDINATES TO DCD FILE adk-step1.dcd AT STEP 3000
WRITING COORDINATES TO RESTART FILE AT STEP 3000
FINISHED WRITING RESTART COORDINATES
The last position output (seq=3000) takes 0.002 seconds, 831.375 MB of memory in use
PRESSURE: 3100 0 0 0 0 0 0 0 0 0
GPRESSURE: 3100 0 0 0 0 0 0 0 0 0
PRESSAVG: 3100 0 0 0 0 0 0 0 0 0
GPRESSAVG: 3100 0 0 0 0 0 0 0 0 0
ENERGY:    3100      1111.4338      1613.5530      2086.0519       146.5085            -39.7714      -811.1164         0.0000      5274.0120      3049.6480          12430.3194       306.2262      9380.6714     12462.2950       300.9747

PRESSURE: 3200 0 0 0 0 0 0 0 0 0
GPRESSURE: 3200 0 0 0 0 0 0 0 0 0
PRESSAVG: 3200 0 0 0 0 0 0 0 0 0
GPRESSAVG: 3200 0 0 0 0 0 0 0 0 0
ENERGY:    3200      1105.4173      1714.9875      2054.6714       162.7229            -40.0290      -841.8264         0.0000      5271.8463      2973.6787          12401.4687       298.5979      9427.7900     12433.3274       298.0061

PRESSURE: 3300 0 0 0 0 0 0 0 0 0
GPRESSURE: 3300 0 0 0 0 0 0 0 0 0
PRESSAVG: 3300 0 0 0 0 0 0 0 0 0
GPRESSAVG: 3300 0 0 0 0 0 0 0 0 0
ENERGY:    3300      1087.6998      1735.3079      2070.1829       153.9042            -40.6851      -814.9186         0.0000      5266.0146      2942.4278          12399.9333       295.4598      9457.5055     12419.6591       297.2011

PRESSURE: 3400 0 0 0 0 0 0 0 0 0
GPRESSURE: 3400 0 0 0 0 0 0 0 0 0
PRESSAVG: 3400 0 0 0 0 0 0 0 0 0
GPRESSAVG: 3400 0 0 0 0 0 0 0 0 0
ENERGY:    3400      1114.3952      1693.4167      2077.0461       152.6244            -40.8790      -786.9618         0.0000      5263.0209      2962.3520          12435.0145       297.4605      9472.6625     12458.2612       298.4059

PRESSURE: 3500 0 0 0 0 0 0 0 0 0
GPRESSURE: 3500 0 0 0 0 0 0 0 0 0
PRESSAVG: 3500 0 0 0 0 0 0 0 0 0
GPRESSAVG: 3500 0 0 0 0 0 0 0 0 0
ENERGY:    3500      1139.1562      1673.1826      2073.8499       153.1750            -40.5771      -808.5799         0.0000      5269.7094      2952.7629          12412.6790       296.4976      9459.9162     12434.7272       297.8683

PRESSURE: 3600 0 0 0 0 0 0 0 0 0
GPRESSURE: 3600 0 0 0 0 0 0 0 0 0
PRESSAVG: 3600 0 0 0 0 0 0 0 0 0
GPRESSAVG: 3600 0 0 0 0 0 0 0 0 0
ENERGY:    3600      1098.6864      1688.2705      2081.2975       162.6374            -41.2832      -846.7328         0.0000      5271.9370      3005.4664          12420.2791       301.7898      9414.8128     12443.7863       300.5616

PRESSURE: 3700 0 0 0 0 0 0 0 0 0
GPRESSURE: 3700 0 0 0 0 0 0 0 0 0
PRESSAVG: 3700 0 0 0 0 0 0 0 0 0
GPRESSAVG: 3700 0 0 0 0 0 0 0 0 0
ENERGY:    3700      1088.3583      1713.7247      2088.3645       150.9388            -42.3238      -818.7872         0.0000      5269.4437      2966.9278          12416.6468       297.9200      9449.7191     12436.7131       300.5939

PRESSURE: 3800 0 0 0 0 0 0 0 0 0
GPRESSURE: 3800 0 0 0 0 0 0 0 0 0
PRESSAVG: 3800 0 0 0 0 0 0 0 0 0
GPRESSAVG: 3800 0 0 0 0 0 0 0 0 0
ENERGY:    3800      1114.4475      1667.5151      2065.1756       154.5539            -40.9622      -800.8233         0.0000      5269.9156      3004.6235          12434.4457       301.7051      9429.8222     12455.3946       299.8636

PRESSURE: 3900 0 0 0 0 0 0 0 0 0
GPRESSURE: 3900 0 0 0 0 0 0 0 0 0
PRESSAVG: 3900 0 0 0 0 0 0 0 0 0
GPRESSAVG: 3900 0 0 0 0 0 0 0 0 0
ENERGY:    3900      1100.2204      1744.4442      2073.5889       155.0963            -40.3141      -805.2138         0.0000      5270.2653      2970.8704          12468.9578       298.3159      9498.0874     12491.9482       299.7919

PRESSURE: 4000 0 0 0 0 0 0 0 0 0
GPRESSURE: 4000 0 0 0 0 0 0 0 0 0
PRESSAVG: 4000 0 0 0 0 0 0 0 0 0
GPRESSAVG: 4000 0 0 0 0 0 0 0 0 0
TIMING: 4000  CPU: 1.95867, 0.000472637/step  Wall: 1.97707, 0.000478553/step, 0.000132931 hours remaining, 831.375000 MB of memory in use.
ETITLE:      TS           BOND          ANGLE          DIHED          IMPRP               ELECT            VDW       BOUNDARY           MISC        KINETIC               TOTAL           TEMP      POTENTIAL         TOTAL3        TEMPAVG

ENERGY:    4000      1091.5837      1757.3291      2086.2270       147.1224            -40.2084      -838.5067         0.0000      5262.1307      3051.1547          12516.8325       306.3775      9465.6778     12539.7195       302.5272

WRITING EXTENDED SYSTEM TO RESTART FILE AT STEP 4000
WRITING VELOCITIES TO RESTART FILE AT STEP 4000
FINISHED WRITING RESTART VELOCITIES
The last velocity output (seq=4000) takes 0.002 seconds, 831.375 MB of memory in use
WRITING COORDINATES TO DCD FILE adk-step1.dcd AT STEP 4000
WRITING COORDINATES TO RESTART FILE AT STEP 4000
FINISHED WRITING RESTART COORDINATES
The last position output (seq=4000) takes 0.003 seconds, 831.375 MB of memory in use
PRESSURE: 4100 0 0 0 0 0 0 0 0 0
GPRESSURE: 4100 0 0 0 0 0 0 0 0 0
PRESSAVG: 4100 0 0 0 0 0 0 0 0 0
GPRESSAVG: 4100 0 0 0 0 0 0 0 0 0
ENERGY:    4100      1136.6422      1715.8809      2089.3096       148.6291            -39.0096      -838.5759         0.0000      5256.1409      2996.0677          12465.0849       300.8460      9469.0171     12489.6749       304.4264

PRESSURE: 4200 0 0 0 0 0 0 0 0 0
GPRESSURE: 4200 0 0 0 0 0 0 0 0 0
PRESSAVG: 4200 0 0 0 0 0 0 0 0 0
GPRESSAVG: 4200 0 0 0 0 0 0 0 0 0
ENERGY:    4200      1110.7213      1710.2850      2078.6164       148.0074            -40.3408      -788.3399         0.0000      5256.8968      2982.0443          12457.8907       299.4379      9475.8464     12480.7434       301.9517

LDB: ============= START OF LOAD BALANCING ============== 4.04033
LDB: ============== END OF LOAD BALANCING =============== 4.04039
Info: useSync: 0 useProxySync: 0
LDB: =============== DONE WITH MIGRATION ================ 4.04051
PRESSURE: 4300 0 0 0 0 0 0 0 0 0
GPRESSURE: 4300 0 0 0 0 0 0 0 0 0
PRESSAVG: 4300 0 0 0 0 0 0 0 0 0
GPRESSAVG: 4300 0 0 0 0 0 0 0 0 0
ENERGY:    4300      1058.4993      1709.6345      2101.2136       153.5795            -40.8964      -745.2752         0.0000      5262.2525      2969.3498          12468.3575       298.1632      9499.0078     12492.0358       301.3058

LDB: ============= START OF LOAD BALANCING ============== 4.08804
LDB: TIME 4.08833 LOAD: AVG 0.0147832 MAX 0.0364075  PROXIES: TOTAL 176 MAXPE 7 MAXPATCH 7 None MEM: 831.375 MB
LDB: TIME 4.08849 LOAD: AVG 0.0147832 MAX 0.0364075  PROXIES: TOTAL 176 MAXPE 7 MAXPATCH 7 RefineTorusLB MEM: 831.438 MB
LDB: TIME 4.08865 LOAD: AVG 0.0147832 MAX 0.0364075  PROXIES: TOTAL 176 MAXPE 7 MAXPATCH 7 RefineTorusLB MEM: 831.438 MB
LDB: Reverting to original mapping
LDB: ============== END OF LOAD BALANCING =============== 4.08892
Info: build node-aware spanning tree with send: 1, recv: 0 with branch factor 4
Info: useSync: 0 useProxySync: 0
LDB: =============== DONE WITH MIGRATION ================ 4.08969
PRESSURE: 4400 0 0 0 0 0 0 0 0 0
GPRESSURE: 4400 0 0 0 0 0 0 0 0 0
PRESSAVG: 4400 0 0 0 0 0 0 0 0 0
GPRESSAVG: 4400 0 0 0 0 0 0 0 0 0
ENERGY:    4400      1147.4457      1691.3700      2075.7529       139.9021            -40.8027      -816.6447         0.0000      5263.4630      3022.4177          12482.9040       303.4919      9460.4863     12507.4190       300.9030

PRESSURE: 4500 0 0 0 0 0 0 0 0 0
GPRESSURE: 4500 0 0 0 0 0 0 0 0 0
PRESSAVG: 4500 0 0 0 0 0 0 0 0 0
GPRESSAVG: 4500 0 0 0 0 0 0 0 0 0
ENERGY:    4500      1114.9780      1718.7711      2062.4167       158.3187            -39.7860      -816.0960         0.0000      5262.6107      3035.8711          12497.0843       304.8428      9461.2132     12523.9780       302.3280

PRESSURE: 4600 0 0 0 0 0 0 0 0 0
GPRESSURE: 4600 0 0 0 0 0 0 0 0 0
PRESSAVG: 4600 0 0 0 0 0 0 0 0 0
GPRESSAVG: 4600 0 0 0 0 0 0 0 0 0
ENERGY:    4600      1115.1506      1753.5837      2076.9849       162.5146            -40.6592      -806.3161         0.0000      5260.2430      2986.7793          12508.2808       299.9133      9521.5015     12535.5511       302.1950

PRESSURE: 4700 0 0 0 0 0 0 0 0 0
GPRESSURE: 4700 0 0 0 0 0 0 0 0 0
PRESSAVG: 4700 0 0 0 0 0 0 0 0 0
GPRESSAVG: 4700 0 0 0 0 0 0 0 0 0
ENERGY:    4700      1094.6622      1714.4606      2060.5923       154.3980            -41.5563      -813.4477         0.0000      5265.9019      3070.2636          12505.2747       308.2963      9435.0111     12530.0750       306.3581

PRESSURE: 4800 0 0 0 0 0 0 0 0 0
GPRESSURE: 4800 0 0 0 0 0 0 0 0 0
PRESSAVG: 4800 0 0 0 0 0 0 0 0 0
GPRESSAVG: 4800 0 0 0 0 0 0 0 0 0
ENERGY:    4800      1095.7521      1739.5063      2084.0464       149.0003            -41.6711      -772.1798         0.0000      5267.0633      3017.6368          12539.1543       303.0119      9521.5174     12564.2055       302.2385

PRESSURE: 4900 0 0 0 0 0 0 0 0 0
GPRESSURE: 4900 0 0 0 0 0 0 0 0 0
PRESSAVG: 4900 0 0 0 0 0 0 0 0 0
GPRESSAVG: 4900 0 0 0 0 0 0 0 0 0
ENERGY:    4900      1089.4801      1730.5760      2073.0982       153.5496            -40.7193      -763.2887         0.0000      5271.4067      3016.6598          12530.7624       302.9138      9514.1026     12555.4081       304.2294

PRESSURE: 5000 0 0 0 0 0 0 0 0 0
GPRESSURE: 5000 0 0 0 0 0 0 0 0 0
PRESSAVG: 5000 0 0 0 0 0 0 0 0 0
GPRESSAVG: 5000 0 0 0 0 0 0 0 0 0
TIMING: 5000  CPU: 2.43838, 0.000479708/step  Wall: 2.4607, 0.000483628/step, 0 hours remaining, 831.437500 MB of memory in use.
ETITLE:      TS           BOND          ANGLE          DIHED          IMPRP               ELECT            VDW       BOUNDARY           MISC        KINETIC               TOTAL           TEMP      POTENTIAL         TOTAL3        TEMPAVG

ENERGY:    5000      1134.7516      1719.6279      2046.6044       155.3855            -40.8501      -806.7679         0.0000      5278.5332      3023.3351          12510.6198       303.5840      9487.2846     12536.2597       301.8745

WRITING EXTENDED SYSTEM TO RESTART FILE AT STEP 5000
WRITING VELOCITIES TO RESTART FILE AT STEP 5000
FINISHED WRITING RESTART VELOCITIES
The last velocity output (seq=5000) takes 0.002 seconds, 832.125 MB of memory in use
WRITING COORDINATES TO DCD FILE adk-step1.dcd AT STEP 5000
WRITING COORDINATES TO RESTART FILE AT STEP 5000
FINISHED WRITING RESTART COORDINATES
The last position output (seq=5000) takes 0.003 seconds, 832.125 MB of memory in use
WRITING EXTENDED SYSTEM TO OUTPUT FILE AT STEP 5000
WRITING COORDINATES TO OUTPUT FILE AT STEP 5000
CLOSING COORDINATE DCD FILE adk-step1.dcd
The last position output (seq=-2) takes 0.004 seconds, 832.125 MB of memory in use
WRITING VELOCITIES TO OUTPUT FILE AT STEP 5000
====================================================

WallClock: 4.385434  CPUTime: 3.201140  Memory: 832.250000 MB
End of program
