4_18_cc.dat
/gpfs/alpine/bip115/scratch/hrlee/radical.pilot.sandbox/re.session.login2.hrlee.018634.0000/pilot.0000/staging_area/4_18_cc.dat
4, 18
Choosing optimized barrier algorithm name I0:HybridBinomial:SHMEM:P2P
Converse/Charm++ Commit ID: v6.10.2-0-g7bf00fa-namd-charm-6.10.2-build-2020-Aug-05-556
Warning> Randomization of virtual memory (ASLR) is turned on in the kernel, thread migration may not work! Run 'echo 0 > /proc/sys/kernel/randomize_va_space' as root to disable it, or try running with '+isomalloc_sync'.
CharmLB> Load balancer assumes all CPUs are same.
Charm++> Running on 1 hosts (1 sockets x 7 cores x 4 PUs = 28-way SMP)
Charm++> cpu topology info is gathered in 0.002 seconds.
Info: Built with CUDA version 10010
Did not find +devices i,j,k,... argument, using all
Pe 5 physical rank 5 will use CUDA device of pe 4
Pe 19 physical rank 19 will use CUDA device of pe 14
Pe 12 physical rank 12 will use CUDA device of pe 7
Pe 23 physical rank 23 will use CUDA device of pe 21
Pe 39 physical rank 39 will use CUDA device of pe 35
Pe 33 physical rank 33 will use CUDA device of pe 28
Pe 16 physical rank 16 will use CUDA device of pe 14
Pe 13 physical rank 13 will use CUDA device of pe 7
Pe 27 physical rank 27 will use CUDA device of pe 21
Pe 37 physical rank 37 will use CUDA device of pe 35
Pe 32 physical rank 32 will use CUDA device of pe 28
Pe 6 physical rank 6 will use CUDA device of pe 4
Pe 17 physical rank 17 will use CUDA device of pe 14
Pe 11 physical rank 11 will use CUDA device of pe 7
Pe 25 physical rank 25 will use CUDA device of pe 21
Pe 41 physical rank 41 will use CUDA device of pe 35
Pe 34 physical rank 34 will use CUDA device of pe 28
Pe 1 physical rank 1 will use CUDA device of pe 4
Pe 18 physical rank 18 will use CUDA device of pe 14
Pe 9 physical rank 9 will use CUDA device of pe 7
Pe 24 physical rank 24 will use CUDA device of pe 21
Pe 40 physical rank 40 will use CUDA device of pe 35
Pe 30 physical rank 30 will use CUDA device of pe 28
Pe 2 physical rank 2 will use CUDA device of pe 4
Pe 20 physical rank 20 will use CUDA device of pe 14
Pe 10 physical rank 10 will use CUDA device of pe 7
Pe 26 physical rank 26 will use CUDA device of pe 21
Pe 38 physical rank 38 will use CUDA device of pe 35
Pe 29 physical rank 29 will use CUDA device of pe 28
Pe 3 physical rank 3 will use CUDA device of pe 4
Pe 15 physical rank 15 will use CUDA device of pe 14
Pe 8 physical rank 8 will use CUDA device of pe 7
Pe 22 physical rank 22 will use CUDA device of pe 21
Pe 36 physical rank 36 will use CUDA device of pe 35
Pe 31 physical rank 31 will use CUDA device of pe 28
Pe 0 physical rank 0 will use CUDA device of pe 4
Pe 4 physical rank 4 binding to CUDA device 0 on h14n10: 'Tesla V100-SXM2-16GB'  Mem: 16128MB  Rev: 7.0  PCI: 4:4:0
Pe 14 physical rank 14 binding to CUDA device 0 on h14n10: 'Tesla V100-SXM2-16GB'  Mem: 16128MB  Rev: 7.0  PCI: 4:6:0
Pe 7 physical rank 7 binding to CUDA device 0 on h14n10: 'Tesla V100-SXM2-16GB'  Mem: 16128MB  Rev: 7.0  PCI: 4:5:0
Pe 21 physical rank 21 binding to CUDA device 0 on h14n10: 'Tesla V100-SXM2-16GB'  Mem: 16128MB  Rev: 7.0  PCI: 35:3:0
Pe 35 physical rank 35 binding to CUDA device 0 on h14n10: 'Tesla V100-SXM2-16GB'  Mem: 16128MB  Rev: 7.0  PCI: 35:5:0
Pe 28 physical rank 28 binding to CUDA device 0 on h14n10: 'Tesla V100-SXM2-16GB'  Mem: 16128MB  Rev: 7.0  PCI: 35:4:0
Info: NAMD 2.14 for Linux-POWER-pami-smp-Summit-CUDA
Info: 
Info: Please visit http://www.ks.uiuc.edu/Research/namd/
Info: for updates, documentation, and support information.
Info: 
Info: Please cite Phillips et al., J. Chem. Phys. 153:044130 (2020) doi:10.1063/5.0014475
Info: in all publications reporting results obtained with NAMD.
Info: 
Info: Based on Charm++/Converse 61002 for pami-linux-ppc64le-smp
Info: Built Wed Aug 5 14:28:51 EDT 2020 by jimp on login2
Info: 1 NAMD  2.14  Linux-POWER-pami-smp-Summit-CUDA  42    h14n10  hrlee
Info: Running on 42 processors, 6 nodes, 1 physical nodes.
Info: CPU topology information available.
Info: Charm++/Converse parallel runtime startup completed at 1.33498 s
CkLoopLib is used in SMP with simple dynamic scheduling (converse-level notification)
Info: 791.75 MB of memory in use based on /proc/self/stat
Info: Configuration file is adk-step1.namd
Info: Working in the current directory /gpfs/alpine/bip115/scratch/hrlee/radical.pilot.sandbox/re.session.login2.hrlee.018634.0000/pilot.0000/unit.001255
TCL: Suspending until startup complete.
Info: SIMULATION PARAMETERS:
Info: TIMESTEP               1
Info: NUMBER OF STEPS        0
Info: STEPS PER CYCLE        20
Info: LOAD BALANCER  Centralized
Info: LOAD BALANCING STRATEGY  New Load Balancers -- DEFAULT
Info: LDB PERIOD             4000 steps
Info: FIRST LDB TIMESTEP     100
Info: LAST LDB TIMESTEP     -1
Info: LDB BACKGROUND SCALING 1
Info: HOM BACKGROUND SCALING 1
Info: MIN ATOMS PER PATCH    40
Info: VELOCITY FILE          4_18_adk-step1.restart.vel
Info: CENTER OF MASS MOVING INITIALLY? NO
Info: DIELECTRIC             80
Info: EXCLUDE                SCALED ONE-FOUR
Info: 1-4 ELECTROSTATICS SCALED BY 1
Info: MODIFIED 1-4 VDW PARAMETERS WILL BE USED
Info: DCD FILENAME           adk-step1.dcd
Info: DCD FREQUENCY          1000
Info: DCD FIRST STEP         1000
Info: NO EXTENDED SYSTEM TRAJECTORY OUTPUT
Info: NO VELOCITY DCD OUTPUT
Info: NO FORCE DCD OUTPUT
Info: OUTPUT FILENAME        adk-step1
Info: BINARY OUTPUT FILES WILL BE USED
Info: RESTART FILENAME       adk-step1.restart
Info: RESTART FREQUENCY      1000
Info: BINARY RESTART FILES WILL BE USED
Info: SWITCHING ACTIVE
Info: SWITCHING ON           9
Info: SWITCHING OFF          10
Info: PAIRLIST DISTANCE      11
Info: PAIRLIST SHRINK RATE   0.01
Info: PAIRLIST GROW RATE     0.01
Info: PAIRLIST TRIGGER       0.3
Info: PAIRLISTS PER CYCLE    2
Info: PAIRLISTS ENABLED
Info: MARGIN                 0
Info: HYDROGEN GROUP CUTOFF  2.5
Info: PATCH DIMENSION        13.5
Info: ENERGY OUTPUT STEPS    100
Info: CROSSTERM ENERGY INCLUDED IN DIHEDRAL
Info: TIMING OUTPUT STEPS    1000
Info: PRESSURE OUTPUT STEPS  100
Info: GRID FORCE ACTIVE
Info:  Please include this reference in published work using
Info:  the Gridforce module of NAMD: David Wells, Volha Abramkina,
Info:  and Aleksei Aksimentiev, J. Chem. Phys. 127:125101-10 (2007).
Info: MGRIDFORCE key 0
Info:            Potfile 4ake-target_autopsf-grid.dx
Info:            Scale 0.3 0.3 0.3
Info:            File 1ake-docked-noh_autopsf-grid.pdb
Info:            Col O
Info:            ChargeCol B
Info:            VOffset 0 0 0
Info:            Continuous K1 FALSE
Info:            Continuous K2 FALSE
Info:            Continuous K3 FALSE
Info:            Volts FALSE
Info:            Gridforce-Lite FALSE
Info:            Gridforce-CheckSize TRUE
Info: LANGEVIN DYNAMICS ACTIVE
Info: LANGEVIN TEMPERATURE   300
Info: LANGEVIN USING BBK INTEGRATOR
Info: LANGEVIN DAMPING COEFFICIENT IS 5 INVERSE PS
Info: LANGEVIN DYNAMICS NOT APPLIED TO HYDROGENS
Info: USING VERLET I (r-RESPA) MTS SCHEME.
Info: C1 SPLITTING OF LONG RANGE ELECTROSTATICS
Info: PLACING ATOMS IN PATCHES BY HYDROGEN GROUPS
Info: RIGID BONDS TO HYDROGEN : WATER
Info:         ERROR TOLERANCE : 1e-08
Info:          MAX ITERATIONS : 100
Info: RIGID WATER USING SETTLE ALGORITHM
Info: NONBONDED FORCES EVALUATED EVERY 2 STEPS
Info: RANDOM NUMBER SEED     1609984957
Info: USE HYDROGEN BONDS?    NO
Info: COORDINATE PDB         1ake-docked-noh_autopsf.pdb
Info: STRUCTURE FILE         1ake-docked-noh_autopsf.psf
Info: PARAMETER file: CHARMM format! 
Info: PARAMETERS             par_all36_prot.prm
Info: USING ARITHMETIC MEAN TO COMBINE L-J SIGMA PARAMETERS
Info: BINARY COORDINATES     4_18_adk-step1.restart.coor
Info: SUMMARY OF PARAMETERS:
Info: 132 BONDS
Info: 362 ANGLES
Info: 702 DIHEDRAL
Info: 35 IMPROPER
Info: 6 CROSSTERM
Info: 53 VDW
Info: 0 VDW_PAIRS
Info: 0 NBTHOLE_PAIRS
Info: TIME FOR READING PSF FILE: 0.342899
Info: READING EXTRA BONDS FILE 1ake-extrabonds.txt
Info: READING EXTRA BONDS FILE 1ake-extrabonds-cispeptide.txt
Info: READING EXTRA BONDS FILE 1ake-extrabonds-chirality.txt
Info: READ 80 EXTRA BONDS
Info: READ 80 EXTRA ANGLES
Warning: EXTRA ANGLES ARE COSINE-BASED BY DEFAULT TO MATCH PREVIOUS VERSIONS
Warning: FOR NORMAL HARMONIC EXTRA ANGLES SET extraBondsCosAngles off
Info: READ 493 EXTRA DIHEDRALS
Info: READ 438 EXTRA IMPROPERS
Info: Reading pdb file 1ake-docked-noh_autopsf.pdb
Info: TIME FOR READING PDB FILE: 0.0598579
Info: 
Info: ****************************
Info: STRUCTURE SUMMARY:
Info: 3341 ATOMS
Info: 3445 BONDS
Info: 6203 ANGLES
Info: 9414 DIHEDRALS
Info: 1005 IMPROPERS
Info: 212 CROSSTERMS
Info: 0 EXCLUSIONS
Info: 0 RIGID BONDS
Info: 1 GRIDS ACTIVE
Info: 10023 DEGREES OF FREEDOM
Info: 1656 HYDROGEN GROUPS
Info: 4 ATOMS IN LARGEST HYDROGEN GROUP
Info: 1656 MIGRATION GROUPS
Info: 4 ATOMS IN LARGEST MIGRATION GROUP
Info: TOTAL MASS = 23582 amu
Info: TOTAL CHARGE = -4 e
Info: *****************************
Info: Reading from binary file 4_18_adk-step1.restart.coor
Info: 
Info: Entering startup at 2.21693 s, 799.75 MB of memory in use
Info: Startup phase 0 took 0.000231173 s, 799.75 MB of memory in use
Info: ADDED 18308 IMPLICIT EXCLUSIONS
Info: Startup phase 1 took 0.00839398 s, 800 MB of memory in use
Info: NONBONDED TABLE R-SQUARED SPACING: 0.0625
Info: NONBONDED TABLE SIZE: 705 POINTS
Info: ABSOLUTE IMPRECISION IN FAST TABLE ENERGY: 3.38813e-21 AT 9.89634
Info: RELATIVE IMPRECISION IN FAST TABLE ENERGY: 4.23384e-15 AT 9.94673
Info: ABSOLUTE IMPRECISION IN FAST TABLE FORCE: 6.35275e-22 AT 9.94673
Info: RELATIVE IMPRECISION IN FAST TABLE FORCE: 5.07982e-16 AT 9.94673
Info: INCONSISTENCY IN FAST TABLE ENERGY VS FORCE: 0.000290185 AT 0.251946
Info: ABSOLUTE IMPRECISION IN VDWA TABLE ENERGY: 1.57772e-30 AT 9.89634
Info: RELATIVE IMPRECISION IN VDWA TABLE ENERGY: 4.54938e-15 AT 9.94673
Info: ABSOLUTE IMPRECISION IN VDWA TABLE FORCE: 5.91646e-31 AT 9.94673
Info: RELATIVE IMPRECISION IN VDWA TABLE FORCE: 5.6823e-16 AT 9.94673
Info: INCONSISTENCY IN VDWA TABLE ENERGY VS FORCE: 0.0040507 AT 0.251946
Info: ABSOLUTE IMPRECISION IN VDWB TABLE ENERGY: 4.71751e-25 AT 9.94673
Info: RELATIVE IMPRECISION IN VDWB TABLE ENERGY: 1.45371e-14 AT 9.94673
Info: ABSOLUTE IMPRECISION IN VDWB TABLE FORCE: 6.20385e-25 AT 9.94673
Info: RELATIVE IMPRECISION IN VDWB TABLE FORCE: 5.97512e-16 AT 9.94673
Info: INCONSISTENCY IN VDWB TABLE ENERGY VS FORCE: 0.00377068 AT 9.07951
Info: Startup phase 2 took 0.000657518 s, 800.938 MB of memory in use
Info: Startup phase 3 took 0.000195959 s, 800.938 MB of memory in use
Info: Startup phase 4 took 0.000285538 s, 801.125 MB of memory in use
Info: Startup phase 5 took 0.000177398 s, 801.125 MB of memory in use
Info: ORIGINAL ATOMS MINMAX IS -20.7156 -33.2261 -37.5237  17.3402 24.5968 15.9215
Info: ADJUSTED ATOMS MINMAX IS -15.7963 -28.2839 -33.0706  11.6669 15.8119 9.12031
Info: PATCH GRID IS 3 BY 4 BY 4
Info: PATCH GRID IS 1-AWAY BY 1-AWAY BY 1-AWAY
Info: Reading from binary file 4_18_adk-step1.restart.vel
Info: REMOVING COM VELOCITY -0.104939 0.0246686 0.0612085
Info: LARGEST PATCH (16) HAS 239 ATOMS
Info: TORUS A SIZE 1 USING 0
Info: TORUS B SIZE 1 USING 0
Info: TORUS C SIZE 1 USING 0
Info: TORUS MINIMAL MESH SIZE IS 1 BY 1 BY 1
Info: Placed 100% of base nodes on same physical node as patch
Info: Startup phase 6 took 0.00788093 s, 801.25 MB of memory in use
Info: Startup phase 7 took 0.000203769 s, 801.938 MB of memory in use
Info: Updated CUDA force table with 4096 elements.
Info: Updated CUDA LJ table with 53 x 53 elements.
Info: Updated CUDA force table with 4096 elements.
Info: Updated CUDA LJ table with 53 x 53 elements.
Info: Updated CUDA force table with 4096 elements.
Info: Updated CUDA force table with 4096 elements.
Info: Updated CUDA LJ table with 53 x 53 elements.
Info: Updated CUDA LJ table with 53 x 53 elements.
Info: Updated CUDA force table with 4096 elements.
Info: Updated CUDA LJ table with 53 x 53 elements.
Info: Updated CUDA force table with 4096 elements.
Info: Updated CUDA LJ table with 53 x 53 elements.
Info: Startup phase 8 took 0.00323172 s, 802.25 MB of memory in use
Info: Startup phase 9 took 0.000352214 s, 802.375 MB of memory in use
Info: Startup phase 10 took 0.000184521 s, 802.5 MB of memory in use
Info: Startup phase 11 took 0.00100364 s, 802.625 MB of memory in use
LDB: Central LB being created...
Info: Startup phase 12 took 0.00210644 s, 803.688 MB of memory in use
Info: CREATING 1046 COMPUTE OBJECTS
Info: Found 278 unique exclusion lists needing 900 bytes
Info: Found 278 unique exclusion lists needing 900 bytes
Info: Found 278 unique exclusion lists needing 900 bytes
Info: Found 278 unique exclusion lists needing 900 bytes
Info: Found 278 unique exclusion lists needing 900 bytes
Info: Found 278 unique exclusion lists needing 900 bytes
Info: Startup phase 13 took 0.0146001 s, 804.562 MB of memory in use
Info: Building spanning tree ... send: 1 recv: 0 with branch factor 4
Info: useSync: 0 useProxySync: 0
Info: Startup phase 14 took 0.000213738 s, 804.812 MB of memory in use
Info: Startup phase 15 took 0.000249611 s, 804.812 MB of memory in use
Info: Finished startup at 2.2569 s, 804.938 MB of memory in use

TCL: Running for 5000 steps
PRESSURE: 0 0 0 0 0 0 0 0 0 0
GPRESSURE: 0 0 0 0 0 0 0 0 0 0
ETITLE:      TS           BOND          ANGLE          DIHED          IMPRP               ELECT            VDW       BOUNDARY           MISC        KINETIC               TOTAL           TEMP      POTENTIAL         TOTAL3        TEMPAVG

ENERGY:       0      1065.6564      1679.8451      2123.2541       153.6253            -42.0018      -791.2785         0.0000      2383.4809      2961.4940           9534.0755       297.3744      6572.5815      9558.6985       297.3744

LDB: ============= START OF LOAD BALANCING ============== 2.27013
LDB: ============== END OF LOAD BALANCING =============== 2.27018
Info: useSync: 0 useProxySync: 0
LDB: =============== DONE WITH MIGRATION ================ 2.2703
LDB: ============= START OF LOAD BALANCING ============== 2.31322
LDB: Partitioning computes with target load 0.000000
LDB: Increased migratable compute count from 0 to 0
LDB: Largest unpartitionable compute is 0.000000
LDB: ============== END OF LOAD BALANCING =============== 2.31356
Info: build node-aware spanning tree with send: 1, recv: 0 with branch factor 4
Info: useSync: 0 useProxySync: 0
LDB: =============== DONE WITH MIGRATION ================ 2.31432
PRESSURE: 100 0 0 0 0 0 0 0 0 0
GPRESSURE: 100 0 0 0 0 0 0 0 0 0
PRESSAVG: 100 0 0 0 0 0 0 0 0 0
GPRESSAVG: 100 0 0 0 0 0 0 0 0 0
Info: Initial time: 42 CPUs 0.00053772 s/step 0.00622362 days/ns 824.25 MB memory
ENERGY:     100      1106.7461      1675.0002      2108.7893       149.6271            -42.5894      -794.0912         0.0000      2390.8723      2965.6562           9560.0107       297.7923      6594.3544      9579.7991       298.6643

LDB: ============= START OF LOAD BALANCING ============== 2.32503
Info: useSync: 0 useProxySync: 0
LDB: ============== END OF LOAD BALANCING =============== 2.32507
LDB: =============== DONE WITH MIGRATION ================ 2.32518
LDB: ============= START OF LOAD BALANCING ============== 2.36723
LDB: TIME 2.36747 LOAD: AVG 0.0110429 MAX 0.026501  PROXIES: TOTAL 187 MAXPE 7 MAXPATCH 7 None MEM: 824.688 MB
LDB: TIME 2.36765 LOAD: AVG 0.0110429 MAX 0.026501  PROXIES: TOTAL 187 MAXPE 7 MAXPATCH 7 TorusLB MEM: 824.875 MB
LDB: ============== END OF LOAD BALANCING =============== 2.3679
Info: build node-aware spanning tree with send: 1, recv: 0 with branch factor 4
Info: useSync: 0 useProxySync: 0
LDB: =============== DONE WITH MIGRATION ================ 2.36858
PRESSURE: 200 0 0 0 0 0 0 0 0 0
GPRESSURE: 200 0 0 0 0 0 0 0 0 0
PRESSAVG: 200 0 0 0 0 0 0 0 0 0
GPRESSAVG: 200 0 0 0 0 0 0 0 0 0
Info: Initial time: 42 CPUs 0.000524514 s/step 0.00607076 days/ns 824.875 MB memory
ENERGY:     200      1070.0847      1713.6259      2085.7434       150.9560            -42.7659      -804.4266         0.0000      2391.7111      2990.8051           9555.7337       300.3176      6564.9286      9580.5444       299.9264

LDB: ============= START OF LOAD BALANCING ============== 2.42082
LDB: TIME 2.42107 LOAD: AVG 0.0137519 MAX 0.032885  PROXIES: TOTAL 187 MAXPE 7 MAXPATCH 7 None MEM: 825.812 MB
LDB: TIME 2.42123 LOAD: AVG 0.0137519 MAX 0.032885  PROXIES: TOTAL 187 MAXPE 7 MAXPATCH 7 RefineTorusLB MEM: 825.875 MB
LDB: TIME 2.42139 LOAD: AVG 0.0137519 MAX 0.032885  PROXIES: TOTAL 187 MAXPE 7 MAXPATCH 7 RefineTorusLB MEM: 825.875 MB
LDB: ============== END OF LOAD BALANCING =============== 2.42163
Info: build node-aware spanning tree with send: 1, recv: 0 with branch factor 4
Info: useSync: 0 useProxySync: 0
LDB: =============== DONE WITH MIGRATION ================ 2.42228
PRESSURE: 300 0 0 0 0 0 0 0 0 0
GPRESSURE: 300 0 0 0 0 0 0 0 0 0
PRESSAVG: 300 0 0 0 0 0 0 0 0 0
GPRESSAVG: 300 0 0 0 0 0 0 0 0 0
Info: Initial time: 42 CPUs 0.000521244 s/step 0.00603291 days/ns 825.875 MB memory
ENERGY:     300      1059.8446      1692.6929      2087.7217       137.9909            -42.8065      -784.3775         0.0000      2388.0954      3044.6822           9583.8436       305.7276      6539.1614      9610.2369       299.4704

LDB: ============= START OF LOAD BALANCING ============== 2.47455
LDB: TIME 2.47478 LOAD: AVG 0.0135516 MAX 0.0329012  PROXIES: TOTAL 187 MAXPE 7 MAXPATCH 7 None MEM: 826.688 MB
LDB: TIME 2.47493 LOAD: AVG 0.0135516 MAX 0.0329012  PROXIES: TOTAL 187 MAXPE 7 MAXPATCH 7 RefineTorusLB MEM: 826.688 MB
LDB: TIME 2.47508 LOAD: AVG 0.0135516 MAX 0.0329012  PROXIES: TOTAL 187 MAXPE 7 MAXPATCH 7 RefineTorusLB MEM: 826.688 MB
LDB: Reverting to original mapping
LDB: ============== END OF LOAD BALANCING =============== 2.47534
Info: build node-aware spanning tree with send: 1, recv: 0 with branch factor 4
Info: useSync: 0 useProxySync: 0
LDB: =============== DONE WITH MIGRATION ================ 2.47601
PRESSURE: 400 0 0 0 0 0 0 0 0 0
GPRESSURE: 400 0 0 0 0 0 0 0 0 0
PRESSAVG: 400 0 0 0 0 0 0 0 0 0
GPRESSAVG: 400 0 0 0 0 0 0 0 0 0
Info: Benchmark time: 42 CPUs 0.000521081 s/step 0.00603104 days/ns 826.688 MB memory
ENERGY:     400      1076.7049      1671.4260      2072.0740       145.8010            -43.6163      -742.4480         0.0000      2383.3804      3001.5503           9564.8723       301.3966      6563.3219      9590.2933       302.3487

PRESSURE: 500 0 0 0 0 0 0 0 0 0
GPRESSURE: 500 0 0 0 0 0 0 0 0 0
PRESSAVG: 500 0 0 0 0 0 0 0 0 0
GPRESSAVG: 500 0 0 0 0 0 0 0 0 0
Info: Benchmark time: 42 CPUs 0.00052043 s/step 0.00602349 days/ns 827.625 MB memory
ENERGY:     500      1079.2593      1681.4620      2085.6455       148.5512            -43.6634      -797.6193         0.0000      2387.3274      2980.0335           9520.9961       299.2360      6540.9626      9551.5278       299.7694

PRESSURE: 600 0 0 0 0 0 0 0 0 0
GPRESSURE: 600 0 0 0 0 0 0 0 0 0
PRESSAVG: 600 0 0 0 0 0 0 0 0 0
GPRESSAVG: 600 0 0 0 0 0 0 0 0 0
Info: Benchmark time: 42 CPUs 0.000518264 s/step 0.00599842 days/ns 827.625 MB memory
ENERGY:     600      1077.4682      1663.9099      2090.7959       146.9729            -44.4651      -796.8424         0.0000      2387.9912      2965.4872           9491.3178       297.7753      6525.8307      9519.2537       296.4918

PRESSURE: 700 0 0 0 0 0 0 0 0 0
GPRESSURE: 700 0 0 0 0 0 0 0 0 0
PRESSAVG: 700 0 0 0 0 0 0 0 0 0
GPRESSAVG: 700 0 0 0 0 0 0 0 0 0
Info: Benchmark time: 42 CPUs 0.00051757 s/step 0.00599039 days/ns 827.625 MB memory
ENERGY:     700      1063.1827      1680.8905      2093.6249       144.7716            -43.6402      -802.2599         0.0000      2387.9994      2955.4471           9480.0162       296.7672      6524.5691      9504.6973       297.3778

PRESSURE: 800 0 0 0 0 0 0 0 0 0
GPRESSURE: 800 0 0 0 0 0 0 0 0 0
PRESSAVG: 800 0 0 0 0 0 0 0 0 0
GPRESSAVG: 800 0 0 0 0 0 0 0 0 0
Info: Benchmark time: 42 CPUs 0.000515406 s/step 0.00596535 days/ns 827.625 MB memory
ENERGY:     800      1073.5593      1689.5126      2095.1254       141.1715            -43.8644      -778.5591         0.0000      2381.0504      2974.9842           9532.9798       298.7290      6557.9956      9562.0939       296.6477

PRESSURE: 900 0 0 0 0 0 0 0 0 0
GPRESSURE: 900 0 0 0 0 0 0 0 0 0
PRESSAVG: 900 0 0 0 0 0 0 0 0 0
GPRESSAVG: 900 0 0 0 0 0 0 0 0 0
Info: Benchmark time: 42 CPUs 0.000517406 s/step 0.00598849 days/ns 827.625 MB memory
ENERGY:     900      1047.8694      1637.6667      2091.0767       144.5196            -43.4254      -800.2338         0.0000      2382.7725      3059.0514           9519.2972       307.1704      6460.2458      9549.3030       296.9703

PRESSURE: 1000 0 0 0 0 0 0 0 0 0
GPRESSURE: 1000 0 0 0 0 0 0 0 0 0
PRESSAVG: 1000 0 0 0 0 0 0 0 0 0
GPRESSAVG: 1000 0 0 0 0 0 0 0 0 0
TIMING: 1000  CPU: 0.537314, 0.000519865/step  Wall: 0.546932, 0.000528445/step, 0.000587161 hours remaining, 827.625000 MB of memory in use.
ETITLE:      TS           BOND          ANGLE          DIHED          IMPRP               ELECT            VDW       BOUNDARY           MISC        KINETIC               TOTAL           TEMP      POTENTIAL         TOTAL3        TEMPAVG

ENERGY:    1000      1104.0457      1642.0669      2103.0096       154.5270            -43.1303      -771.4490         0.0000      2378.4286      2988.8063           9556.3048       300.1169      6567.4985      9580.1527       297.8928

WRITING EXTENDED SYSTEM TO RESTART FILE AT STEP 1000
OPENING COORDINATE DCD FILE
WRITING COORDINATES TO DCD FILE adk-step1.dcd AT STEP 1000
WRITING COORDINATES TO RESTART FILE AT STEP 1000
FINISHED WRITING RESTART COORDINATES
The last position output (seq=1000) takes 0.005 seconds, 827.750 MB of memory in use
WRITING VELOCITIES TO RESTART FILE AT STEP 1000
FINISHED WRITING RESTART VELOCITIES
The last velocity output (seq=1000) takes 0.002 seconds, 827.812 MB of memory in use
PRESSURE: 1100 0 0 0 0 0 0 0 0 0
GPRESSURE: 1100 0 0 0 0 0 0 0 0 0
PRESSAVG: 1100 0 0 0 0 0 0 0 0 0
GPRESSAVG: 1100 0 0 0 0 0 0 0 0 0
ENERGY:    1100      1060.3868      1742.6280      2093.3799       145.4535            -42.8155      -795.1423         0.0000      2363.5148      2957.0810           9524.4861       296.9312      6567.4052      9548.8376       298.8554

PRESSURE: 1200 0 0 0 0 0 0 0 0 0
GPRESSURE: 1200 0 0 0 0 0 0 0 0 0
PRESSAVG: 1200 0 0 0 0 0 0 0 0 0
GPRESSAVG: 1200 0 0 0 0 0 0 0 0 0
ENERGY:    1200      1075.2024      1641.7033      2080.8844       147.5939            -42.9244      -809.2370         0.0000      2368.4034      2979.0981           9440.7240       299.1420      6461.6259      9464.9335       297.7178

PRESSURE: 1300 0 0 0 0 0 0 0 0 0
GPRESSURE: 1300 0 0 0 0 0 0 0 0 0
PRESSAVG: 1300 0 0 0 0 0 0 0 0 0
GPRESSAVG: 1300 0 0 0 0 0 0 0 0 0
ENERGY:    1300      1084.0306      1706.6321      2100.1085       144.0664            -43.3369      -794.8491         0.0000      2369.8175      2884.5822           9451.0512       289.6514      6566.4691      9474.3994       294.3578

PRESSURE: 1400 0 0 0 0 0 0 0 0 0
GPRESSURE: 1400 0 0 0 0 0 0 0 0 0
PRESSAVG: 1400 0 0 0 0 0 0 0 0 0
GPRESSAVG: 1400 0 0 0 0 0 0 0 0 0
ENERGY:    1400      1120.4096      1665.0624      2099.1790       151.7410            -43.7453      -817.7751         0.0000      2370.6836      2902.6774           9448.2326       291.4684      6545.5553      9469.5935       294.6174

PRESSURE: 1500 0 0 0 0 0 0 0 0 0
GPRESSURE: 1500 0 0 0 0 0 0 0 0 0
PRESSAVG: 1500 0 0 0 0 0 0 0 0 0
GPRESSAVG: 1500 0 0 0 0 0 0 0 0 0
ENERGY:    1500      1054.2926      1654.4353      2105.7960       149.1808            -42.7533      -791.0726         0.0000      2372.3001      2920.8472           9423.0261       293.2929      6502.1789      9447.8698       293.3235

PRESSURE: 1600 0 0 0 0 0 0 0 0 0
GPRESSURE: 1600 0 0 0 0 0 0 0 0 0
PRESSAVG: 1600 0 0 0 0 0 0 0 0 0
GPRESSAVG: 1600 0 0 0 0 0 0 0 0 0
ENERGY:    1600      1094.7283      1729.0007      2081.0072       150.8770            -43.0741      -816.0474         0.0000      2382.0931      2883.5163           9462.1010       289.5443      6578.5847      9484.7565       294.3947

PRESSURE: 1700 0 0 0 0 0 0 0 0 0
GPRESSURE: 1700 0 0 0 0 0 0 0 0 0
PRESSAVG: 1700 0 0 0 0 0 0 0 0 0
GPRESSAVG: 1700 0 0 0 0 0 0 0 0 0
ENERGY:    1700      1074.8486      1645.1517      2115.3581       143.9301            -42.4126      -801.8039         0.0000      2382.3606      3002.9289           9520.3615       301.5350      6517.4326      9542.1452       296.6464

PRESSURE: 1800 0 0 0 0 0 0 0 0 0
GPRESSURE: 1800 0 0 0 0 0 0 0 0 0
PRESSAVG: 1800 0 0 0 0 0 0 0 0 0
GPRESSAVG: 1800 0 0 0 0 0 0 0 0 0
ENERGY:    1800      1055.4262      1707.2908      2086.2725       159.2237            -42.6709      -758.4016         0.0000      2375.4600      2950.5050           9533.1057       296.2709      6582.6007      9551.6654       298.2575

PRESSURE: 1900 0 0 0 0 0 0 0 0 0
GPRESSURE: 1900 0 0 0 0 0 0 0 0 0
PRESSAVG: 1900 0 0 0 0 0 0 0 0 0
GPRESSAVG: 1900 0 0 0 0 0 0 0 0 0
ENERGY:    1900      1065.5894      1706.2034      2081.4334       162.8657            -42.4270      -806.8665         0.0000      2379.2800      2983.0115           9529.0900       299.5350      6546.0785      9556.5930       299.4145

PRESSURE: 2000 0 0 0 0 0 0 0 0 0
GPRESSURE: 2000 0 0 0 0 0 0 0 0 0
PRESSAVG: 2000 0 0 0 0 0 0 0 0 0
GPRESSAVG: 2000 0 0 0 0 0 0 0 0 0
TIMING: 2000  CPU: 1.06009, 0.000522777/step  Wall: 1.07549, 0.000528554/step, 0.000440462 hours remaining, 827.812500 MB of memory in use.
ETITLE:      TS           BOND          ANGLE          DIHED          IMPRP               ELECT            VDW       BOUNDARY           MISC        KINETIC               TOTAL           TEMP      POTENTIAL         TOTAL3        TEMPAVG

ENERGY:    2000      1111.9471      1635.1550      2065.2342       136.3141            -40.7264      -773.1796         0.0000      2370.7518      3017.0463           9522.5425       302.9526      6505.4962      9548.4749       299.8603

WRITING EXTENDED SYSTEM TO RESTART FILE AT STEP 2000
WRITING COORDINATES TO DCD FILE adk-step1.dcd AT STEP 2000
WRITING COORDINATES TO RESTART FILE AT STEP 2000
FINISHED WRITING RESTART COORDINATES
The last position output (seq=2000) takes 0.002 seconds, 827.875 MB of memory in use
WRITING VELOCITIES TO RESTART FILE AT STEP 2000
FINISHED WRITING RESTART VELOCITIES
The last velocity output (seq=2000) takes 0.002 seconds, 827.875 MB of memory in use
PRESSURE: 2100 0 0 0 0 0 0 0 0 0
GPRESSURE: 2100 0 0 0 0 0 0 0 0 0
PRESSAVG: 2100 0 0 0 0 0 0 0 0 0
GPRESSAVG: 2100 0 0 0 0 0 0 0 0 0
ENERGY:    2100      1094.5201      1690.4192      2057.6319       153.9184            -41.7312      -795.4022         0.0000      2370.7972      2944.4519           9474.6052       295.6631      6530.1534      9498.2537       296.9782

PRESSURE: 2200 0 0 0 0 0 0 0 0 0
GPRESSURE: 2200 0 0 0 0 0 0 0 0 0
PRESSAVG: 2200 0 0 0 0 0 0 0 0 0
GPRESSAVG: 2200 0 0 0 0 0 0 0 0 0
ENERGY:    2200      1068.6886      1659.1235      2061.7491       141.5676            -41.8194      -780.5970         0.0000      2371.6005      2981.9562           9462.2692       299.4290      6480.3129      9489.7535       296.3888

PRESSURE: 2300 0 0 0 0 0 0 0 0 0
GPRESSURE: 2300 0 0 0 0 0 0 0 0 0
PRESSAVG: 2300 0 0 0 0 0 0 0 0 0
GPRESSAVG: 2300 0 0 0 0 0 0 0 0 0
ENERGY:    2300      1067.4023      1652.1512      2076.2576       148.9790            -41.8752      -798.9695         0.0000      2381.2123      2928.1438           9413.3015       294.0255      6485.1577      9438.6189       294.9354

PRESSURE: 2400 0 0 0 0 0 0 0 0 0
GPRESSURE: 2400 0 0 0 0 0 0 0 0 0
PRESSAVG: 2400 0 0 0 0 0 0 0 0 0
GPRESSAVG: 2400 0 0 0 0 0 0 0 0 0
ENERGY:    2400      1103.2647      1638.4372      2077.1972       157.8300            -42.8042      -788.6129         0.0000      2382.2964      2922.2269           9449.8352       293.4314      6527.6083      9474.6655       292.7658

PRESSURE: 2500 0 0 0 0 0 0 0 0 0
GPRESSURE: 2500 0 0 0 0 0 0 0 0 0
PRESSAVG: 2500 0 0 0 0 0 0 0 0 0
GPRESSAVG: 2500 0 0 0 0 0 0 0 0 0
ENERGY:    2500      1074.6615      1685.3383      2084.3777       142.0977            -43.1349      -806.4039         0.0000      2386.3686      3021.1023           9544.4074       303.3598      6523.3050      9570.0055       298.8490

PRESSURE: 2600 0 0 0 0 0 0 0 0 0
GPRESSURE: 2600 0 0 0 0 0 0 0 0 0
PRESSAVG: 2600 0 0 0 0 0 0 0 0 0
GPRESSAVG: 2600 0 0 0 0 0 0 0 0 0
ENERGY:    2600      1095.6802      1652.8415      2097.6656       143.4487            -43.8574      -768.3654         0.0000      2383.9483      3059.6392           9621.0005       307.2295      6561.3614      9648.8602       302.8240

PRESSURE: 2700 0 0 0 0 0 0 0 0 0
GPRESSURE: 2700 0 0 0 0 0 0 0 0 0
PRESSAVG: 2700 0 0 0 0 0 0 0 0 0
GPRESSAVG: 2700 0 0 0 0 0 0 0 0 0
ENERGY:    2700      1099.6701      1710.2252      2071.1214       157.4167            -44.3865      -805.1773         0.0000      2386.2407      2977.3813           9552.4916       298.9697      6575.1103      9574.6953       301.8233

PRESSURE: 2800 0 0 0 0 0 0 0 0 0
GPRESSURE: 2800 0 0 0 0 0 0 0 0 0
PRESSAVG: 2800 0 0 0 0 0 0 0 0 0
GPRESSAVG: 2800 0 0 0 0 0 0 0 0 0
ENERGY:    2800      1112.2993      1669.6438      2102.0175       157.9874            -43.8719      -803.7675         0.0000      2382.3884      2988.9298           9565.6269       300.1293      6576.6970      9592.6651       298.5041

PRESSURE: 2900 0 0 0 0 0 0 0 0 0
GPRESSURE: 2900 0 0 0 0 0 0 0 0 0
PRESSAVG: 2900 0 0 0 0 0 0 0 0 0
GPRESSAVG: 2900 0 0 0 0 0 0 0 0 0
ENERGY:    2900      1068.0161      1719.2829      2069.7943       154.6970            -43.4856      -812.2448         0.0000      2378.9147      2978.6527           9513.6273       299.0973      6534.9746      9540.4181       300.7299

PRESSURE: 3000 0 0 0 0 0 0 0 0 0
GPRESSURE: 3000 0 0 0 0 0 0 0 0 0
PRESSAVG: 3000 0 0 0 0 0 0 0 0 0
GPRESSAVG: 3000 0 0 0 0 0 0 0 0 0
TIMING: 3000  CPU: 1.58555, 0.000525462/step  Wall: 1.60158, 0.000526089/step, 0.000292272 hours remaining, 827.875000 MB of memory in use.
ETITLE:      TS           BOND          ANGLE          DIHED          IMPRP               ELECT            VDW       BOUNDARY           MISC        KINETIC               TOTAL           TEMP      POTENTIAL         TOTAL3        TEMPAVG

ENERGY:    3000      1061.8232      1654.7407      2093.2945       158.0081            -42.9037      -758.4772         0.0000      2373.9629      2927.8637           9468.3122       293.9974      6540.4485      9493.2072       298.0344

WRITING EXTENDED SYSTEM TO RESTART FILE AT STEP 3000
WRITING COORDINATES TO DCD FILE adk-step1.dcd AT STEP 3000
WRITING COORDINATES TO RESTART FILE AT STEP 3000
FINISHED WRITING RESTART COORDINATES
The last position output (seq=3000) takes 0.003 seconds, 827.938 MB of memory in use
WRITING VELOCITIES TO RESTART FILE AT STEP 3000
FINISHED WRITING RESTART VELOCITIES
The last velocity output (seq=3000) takes 0.006 seconds, 827.938 MB of memory in use
PRESSURE: 3100 0 0 0 0 0 0 0 0 0
GPRESSURE: 3100 0 0 0 0 0 0 0 0 0
PRESSAVG: 3100 0 0 0 0 0 0 0 0 0
GPRESSAVG: 3100 0 0 0 0 0 0 0 0 0
ENERGY:    3100      1037.7231      1705.3898      2070.6218       155.5354            -42.5460      -820.0561         0.0000      2376.1237      2977.5356           9460.3272       298.9851      6482.7916      9489.0072       297.1567

PRESSURE: 3200 0 0 0 0 0 0 0 0 0
GPRESSURE: 3200 0 0 0 0 0 0 0 0 0
PRESSAVG: 3200 0 0 0 0 0 0 0 0 0
GPRESSAVG: 3200 0 0 0 0 0 0 0 0 0
ENERGY:    3200      1138.5982      1656.2730      2061.6912       147.7950            -42.4955      -821.3774         0.0000      2379.7787      2985.9802           9506.2434       299.8331      6520.2632      9526.0239       298.5864

PRESSURE: 3300 0 0 0 0 0 0 0 0 0
GPRESSURE: 3300 0 0 0 0 0 0 0 0 0
PRESSAVG: 3300 0 0 0 0 0 0 0 0 0
GPRESSAVG: 3300 0 0 0 0 0 0 0 0 0
ENERGY:    3300      1099.0839      1670.9611      2097.1158       153.8517            -42.8797      -803.1515         0.0000      2377.1448      2888.7183           9440.8444       290.0667      6552.1261      9463.6461       295.0433

PRESSURE: 3400 0 0 0 0 0 0 0 0 0
GPRESSURE: 3400 0 0 0 0 0 0 0 0 0
PRESSAVG: 3400 0 0 0 0 0 0 0 0 0
GPRESSAVG: 3400 0 0 0 0 0 0 0 0 0
ENERGY:    3400      1130.9562      1685.5177      2133.8338       153.6353            -42.3515      -779.2891         0.0000      2377.7308      2901.8795           9561.9127       291.3882      6660.0332      9581.7293       299.0594

PRESSURE: 3500 0 0 0 0 0 0 0 0 0
GPRESSURE: 3500 0 0 0 0 0 0 0 0 0
PRESSAVG: 3500 0 0 0 0 0 0 0 0 0
GPRESSAVG: 3500 0 0 0 0 0 0 0 0 0
ENERGY:    3500      1097.6370      1666.1034      2076.8887       147.0881            -42.6062      -801.8063         0.0000      2379.9938      3006.4128           9529.7112       301.8848      6523.2985      9552.4636       299.6553

PRESSURE: 3600 0 0 0 0 0 0 0 0 0
GPRESSURE: 3600 0 0 0 0 0 0 0 0 0
PRESSAVG: 3600 0 0 0 0 0 0 0 0 0
GPRESSAVG: 3600 0 0 0 0 0 0 0 0 0
ENERGY:    3600      1084.1161      1650.5540      2097.1269       147.1027            -43.2773      -786.8394         0.0000      2376.5000      2940.9552           9466.2382       295.3120      6525.2830      9495.6518       297.7000

PRESSURE: 3700 0 0 0 0 0 0 0 0 0
GPRESSURE: 3700 0 0 0 0 0 0 0 0 0
PRESSAVG: 3700 0 0 0 0 0 0 0 0 0
GPRESSAVG: 3700 0 0 0 0 0 0 0 0 0
ENERGY:    3700      1082.5015      1676.0783      2113.7260       144.8623            -43.8334      -808.6276         0.0000      2369.1823      2955.8376           9489.7270       296.8064      6533.8894      9513.5424       297.5548

PRESSURE: 3800 0 0 0 0 0 0 0 0 0
GPRESSURE: 3800 0 0 0 0 0 0 0 0 0
PRESSAVG: 3800 0 0 0 0 0 0 0 0 0
GPRESSAVG: 3800 0 0 0 0 0 0 0 0 0
ENERGY:    3800      1081.6274      1639.7537      2054.7602       138.3439            -44.0404      -789.7750         0.0000      2367.6312      3002.2278           9450.5289       301.4646      6448.3010      9472.5146       296.1550

PRESSURE: 3900 0 0 0 0 0 0 0 0 0
GPRESSURE: 3900 0 0 0 0 0 0 0 0 0
PRESSAVG: 3900 0 0 0 0 0 0 0 0 0
GPRESSAVG: 3900 0 0 0 0 0 0 0 0 0
ENERGY:    3900      1102.3774      1719.3853      2066.1539       146.8484            -43.2017      -812.0984         0.0000      2363.9547      2947.2407           9490.6604       295.9431      6543.4197      9513.7359       295.9043

PRESSURE: 4000 0 0 0 0 0 0 0 0 0
GPRESSURE: 4000 0 0 0 0 0 0 0 0 0
PRESSAVG: 4000 0 0 0 0 0 0 0 0 0
GPRESSAVG: 4000 0 0 0 0 0 0 0 0 0
TIMING: 4000  CPU: 2.1064, 0.000520842/step  Wall: 2.13132, 0.000529749/step, 0.000147153 hours remaining, 827.937500 MB of memory in use.
ETITLE:      TS           BOND          ANGLE          DIHED          IMPRP               ELECT            VDW       BOUNDARY           MISC        KINETIC               TOTAL           TEMP      POTENTIAL         TOTAL3        TEMPAVG

ENERGY:    4000      1084.2439      1664.5902      2074.6582       164.1408            -43.8855      -794.4503         0.0000      2359.0258      2985.8427           9494.1659       299.8193      6508.3232      9521.0604       298.2737

WRITING EXTENDED SYSTEM TO RESTART FILE AT STEP 4000
WRITING COORDINATES TO DCD FILE adk-step1.dcd AT STEP 4000
WRITING COORDINATES TO RESTART FILE AT STEP 4000
FINISHED WRITING RESTART COORDINATES
The last position output (seq=4000) takes 0.003 seconds, 827.938 MB of memory in use
WRITING VELOCITIES TO RESTART FILE AT STEP 4000
FINISHED WRITING RESTART VELOCITIES
The last velocity output (seq=4000) takes 0.002 seconds, 827.938 MB of memory in use
PRESSURE: 4100 0 0 0 0 0 0 0 0 0
GPRESSURE: 4100 0 0 0 0 0 0 0 0 0
PRESSAVG: 4100 0 0 0 0 0 0 0 0 0
GPRESSAVG: 4100 0 0 0 0 0 0 0 0 0
ENERGY:    4100      1069.6118      1728.2186      2077.5402       153.5449            -44.1792      -832.3647         0.0000      2362.8198      3035.0207           9550.2121       304.7574      6515.1914      9575.6028       299.0382

PRESSURE: 4200 0 0 0 0 0 0 0 0 0
GPRESSURE: 4200 0 0 0 0 0 0 0 0 0
PRESSAVG: 4200 0 0 0 0 0 0 0 0 0
GPRESSAVG: 4200 0 0 0 0 0 0 0 0 0
ENERGY:    4200      1115.7084      1684.3043      2101.4230       152.9618            -44.0003      -789.0724         0.0000      2357.2043      3001.8863           9580.4154       301.4303      6578.5291      9601.3257       299.5167

LDB: ============= START OF LOAD BALANCING ============== 4.53416
LDB: ============== END OF LOAD BALANCING =============== 4.53422
Info: useSync: 0 useProxySync: 0
LDB: =============== DONE WITH MIGRATION ================ 4.53433
PRESSURE: 4300 0 0 0 0 0 0 0 0 0
GPRESSURE: 4300 0 0 0 0 0 0 0 0 0
PRESSAVG: 4300 0 0 0 0 0 0 0 0 0
GPRESSAVG: 4300 0 0 0 0 0 0 0 0 0
ENERGY:    4300      1116.0055      1633.2022      2088.0162       155.0859            -44.1456      -773.9888         0.0000      2363.2708      3017.8631           9555.3093       303.0346      6537.4461      9581.6110       303.0182

LDB: ============= START OF LOAD BALANCING ============== 4.58602
LDB: TIME 4.58627 LOAD: AVG 0.0135404 MAX 0.0335645  PROXIES: TOTAL 187 MAXPE 7 MAXPATCH 7 None MEM: 827.938 MB
LDB: TIME 4.58642 LOAD: AVG 0.0135404 MAX 0.0335645  PROXIES: TOTAL 187 MAXPE 7 MAXPATCH 7 RefineTorusLB MEM: 828.062 MB
LDB: TIME 4.58658 LOAD: AVG 0.0135404 MAX 0.0335645  PROXIES: TOTAL 187 MAXPE 7 MAXPATCH 7 RefineTorusLB MEM: 828.062 MB
LDB: ============== END OF LOAD BALANCING =============== 4.58683
Info: build node-aware spanning tree with send: 1, recv: 0 with branch factor 4
Info: useSync: 0 useProxySync: 0
LDB: =============== DONE WITH MIGRATION ================ 4.58753
PRESSURE: 4400 0 0 0 0 0 0 0 0 0
GPRESSURE: 4400 0 0 0 0 0 0 0 0 0
PRESSAVG: 4400 0 0 0 0 0 0 0 0 0
GPRESSAVG: 4400 0 0 0 0 0 0 0 0 0
ENERGY:    4400      1084.7300      1709.3848      2094.8682       165.7038            -43.1660      -798.6776         0.0000      2373.1738      3006.6465           9592.6634       301.9083      6586.0169      9619.3664       301.4901

PRESSURE: 4500 0 0 0 0 0 0 0 0 0
GPRESSURE: 4500 0 0 0 0 0 0 0 0 0
PRESSAVG: 4500 0 0 0 0 0 0 0 0 0
GPRESSAVG: 4500 0 0 0 0 0 0 0 0 0
ENERGY:    4500      1114.4329      1649.3581      2067.5824       154.0753            -43.4190      -791.1213         0.0000      2380.4483      3003.4415           9534.7982       301.5865      6531.3567      9556.5975       300.3015

PRESSURE: 4600 0 0 0 0 0 0 0 0 0
GPRESSURE: 4600 0 0 0 0 0 0 0 0 0
PRESSAVG: 4600 0 0 0 0 0 0 0 0 0
GPRESSAVG: 4600 0 0 0 0 0 0 0 0 0
ENERGY:    4600      1092.8265      1702.5824      2083.6172       147.9986            -42.8157      -819.7868         0.0000      2379.8943      2970.4436           9514.7600       298.2730      6544.3164      9540.8174       299.0504

PRESSURE: 4700 0 0 0 0 0 0 0 0 0
GPRESSURE: 4700 0 0 0 0 0 0 0 0 0
PRESSAVG: 4700 0 0 0 0 0 0 0 0 0
GPRESSAVG: 4700 0 0 0 0 0 0 0 0 0
ENERGY:    4700      1096.4814      1674.5941      2081.5083       150.0082            -42.5283      -794.3074         0.0000      2376.6625      2951.1713           9493.5902       296.3378      6542.4190      9517.9020       296.8476

PRESSURE: 4800 0 0 0 0 0 0 0 0 0
GPRESSURE: 4800 0 0 0 0 0 0 0 0 0
PRESSAVG: 4800 0 0 0 0 0 0 0 0 0
GPRESSAVG: 4800 0 0 0 0 0 0 0 0 0
ENERGY:    4800      1051.9017      1664.1573      2088.7971       149.9018            -43.3246      -805.9310         0.0000      2379.1397      2959.3750           9444.0170       297.1616      6484.6419      9468.0710       296.7013

PRESSURE: 4900 0 0 0 0 0 0 0 0 0
GPRESSURE: 4900 0 0 0 0 0 0 0 0 0
PRESSAVG: 4900 0 0 0 0 0 0 0 0 0
GPRESSAVG: 4900 0 0 0 0 0 0 0 0 0
ENERGY:    4900      1113.5788      1692.5861      2077.0679       146.1503            -43.8241      -792.1066         0.0000      2380.0371      2914.4701           9487.9595       292.6525      6573.4895      9506.3377       295.3934

PRESSURE: 5000 0 0 0 0 0 0 0 0 0
GPRESSURE: 5000 0 0 0 0 0 0 0 0 0
PRESSAVG: 5000 0 0 0 0 0 0 0 0 0
GPRESSAVG: 5000 0 0 0 0 0 0 0 0 0
TIMING: 5000  CPU: 2.63136, 0.000524962/step  Wall: 2.65786, 0.000526533/step, 0 hours remaining, 828.062500 MB of memory in use.
ETITLE:      TS           BOND          ANGLE          DIHED          IMPRP               ELECT            VDW       BOUNDARY           MISC        KINETIC               TOTAL           TEMP      POTENTIAL         TOTAL3        TEMPAVG

ENERGY:    5000      1032.0827      1706.9900      2083.1799       158.6825            -42.4848      -772.9334         0.0000      2374.2806      2920.8763           9460.6739       293.2958      6539.7975      9484.0710       295.8254

WRITING EXTENDED SYSTEM TO RESTART FILE AT STEP 5000
WRITING COORDINATES TO DCD FILE adk-step1.dcd AT STEP 5000
WRITING COORDINATES TO RESTART FILE AT STEP 5000
FINISHED WRITING RESTART COORDINATES
The last position output (seq=5000) takes 0.002 seconds, 828.812 MB of memory in use
WRITING VELOCITIES TO RESTART FILE AT STEP 5000
FINISHED WRITING RESTART VELOCITIES
The last velocity output (seq=5000) takes 0.002 seconds, 828.812 MB of memory in use
WRITING EXTENDED SYSTEM TO OUTPUT FILE AT STEP 5000
WRITING COORDINATES TO OUTPUT FILE AT STEP 5000
CLOSING COORDINATE DCD FILE adk-step1.dcd
The last position output (seq=-2) takes 0.004 seconds, 828.812 MB of memory in use
WRITING VELOCITIES TO OUTPUT FILE AT STEP 5000
====================================================

WallClock: 4.909918  CPUTime: 3.480224  Memory: 828.812500 MB
End of program
