7_0_cc.dat
/gpfs/alpine/bip115/scratch/hrlee/radical.pilot.sandbox/re.session.login1.hrlee.018625.0000/pilot.0000/staging_area/7_0_cc.dat
7, 0
Charm++> Running on MPI version: 3.1
Charm++> level of thread support used: MPI_THREAD_FUNNELED (desired: MPI_THREAD_FUNNELED)
Charm++> Running in SMP mode: 41 processes, 4 worker threads (PEs) + 1 comm threads per process, 164 PEs total
Charm++> The comm. thread both sends and receives messages
Charm++> Using recursive bisection (scheme 3) for topology aware partitions
Converse/Charm++ Commit ID: v6.10.2-0-g7bf00fa-namd-charm-6.10.2-build-2020-Aug-05-556
Warning> Randomization of virtual memory (ASLR) is turned on in the kernel, thread migration may not work! Run 'echo 0 > /proc/sys/kernel/randomize_va_space' as root to disable it, or try running with '+isomalloc_sync'.
CharmLB> Load balancer assumes all CPUs are same.
Charm++> Running on 2 hosts (1 sockets x 1 cores x 4 PUs = 4-way SMP)
Charm++> cpu topology info is gathered in 0.031 seconds.

Charm++> Warning: the number of SMP threads (200) is greater than the number of physical cores (176), so threads will sleep while idling. Use +CmiSpinOnIdle or +CmiSleepOnIdle to control this directly.

Info: NAMD 2.14 for Linux-POWER-MPI-smp-Summit
Info: 
Info: Please visit http://www.ks.uiuc.edu/Research/namd/
Info: for updates, documentation, and support information.
Info: 
Info: Please cite Phillips et al., J. Chem. Phys. 153:044130 (2020) doi:10.1063/5.0014475
Info: in all publications reporting results obtained with NAMD.
Info: 
Info: Based on Charm++/Converse 61002 for mpi-linux-ppc64le-smp
Info: Built Wed Aug 5 14:25:51 EDT 2020 by jimp on login2
Info: 1 NAMD  2.14  Linux-POWER-MPI-smp-Summit  164    d21n11  hrlee
Info: Running on 164 processors, 41 nodes, 2 physical nodes.
Info: CPU topology information available.
Info: Charm++/Converse parallel runtime startup completed at 0.0375857 s
CkLoopLib is used in SMP with simple dynamic scheduling (converse-level notification)
Info: 949.812 MB of memory in use based on /proc/self/stat
Info: Configuration file is adk-step1.namd
Info: Working in the current directory /gpfs/alpine/bip115/scratch/hrlee/radical.pilot.sandbox/re.session.login1.hrlee.018625.0000/pilot.0000/unit.000109
TCL: Suspending until startup complete.
Info: SIMULATION PARAMETERS:
Info: TIMESTEP               1
Info: NUMBER OF STEPS        0
Info: STEPS PER CYCLE        20
Info: LOAD BALANCER  Centralized
Info: LOAD BALANCING STRATEGY  New Load Balancers -- DEFAULT
Info: LDB PERIOD             4000 steps
Info: FIRST LDB TIMESTEP     100
Info: LAST LDB TIMESTEP     -1
Info: LDB BACKGROUND SCALING 1
Info: HOM BACKGROUND SCALING 1
Info: REMOVING LOAD FROM NODE 0
Info: REMOVING PATCHES FROM PROCESSOR 0
Info: MIN ATOMS PER PATCH    40
Info: VELOCITY FILE          7_0_adk-step1.restart.vel
Info: CENTER OF MASS MOVING INITIALLY? NO
Info: DIELECTRIC             80
Info: EXCLUDE                SCALED ONE-FOUR
Info: 1-4 ELECTROSTATICS SCALED BY 1
Info: MODIFIED 1-4 VDW PARAMETERS WILL BE USED
Info: DCD FILENAME           adk-step1.dcd
Info: DCD FREQUENCY          1000
Info: DCD FIRST STEP         1000
Info: NO EXTENDED SYSTEM TRAJECTORY OUTPUT
Info: NO VELOCITY DCD OUTPUT
Info: NO FORCE DCD OUTPUT
Info: OUTPUT FILENAME        adk-step1
Info: BINARY OUTPUT FILES WILL BE USED
Info: RESTART FILENAME       adk-step1.restart
Info: RESTART FREQUENCY      1000
Info: BINARY RESTART FILES WILL BE USED
Info: SWITCHING ACTIVE
Info: SWITCHING ON           9
Info: SWITCHING OFF          10
Info: PAIRLIST DISTANCE      11
Info: PAIRLIST SHRINK RATE   0.01
Info: PAIRLIST GROW RATE     0.01
Info: PAIRLIST TRIGGER       0.3
Info: PAIRLISTS PER CYCLE    2
Info: PAIRLISTS ENABLED
Info: MARGIN                 0
Info: HYDROGEN GROUP CUTOFF  2.5
Info: PATCH DIMENSION        13.5
Info: ENERGY OUTPUT STEPS    100
Info: CROSSTERM ENERGY INCLUDED IN DIHEDRAL
Info: TIMING OUTPUT STEPS    1000
Info: PRESSURE OUTPUT STEPS  100
Info: GRID FORCE ACTIVE
Info:  Please include this reference in published work using
Info:  the Gridforce module of NAMD: David Wells, Volha Abramkina,
Info:  and Aleksei Aksimentiev, J. Chem. Phys. 127:125101-10 (2007).
Info: MGRIDFORCE key 0
Info:            Potfile 4ake-target_autopsf-grid.dx
Info:            Scale 0.3 0.3 0.3
Info:            File 1ake-docked-noh_autopsf-grid.pdb
Info:            Col O
Info:            ChargeCol B
Info:            VOffset 0 0 0
Info:            Continuous K1 FALSE
Info:            Continuous K2 FALSE
Info:            Continuous K3 FALSE
Info:            Volts FALSE
Info:            Gridforce-Lite FALSE
Info:            Gridforce-CheckSize TRUE
Info: LANGEVIN DYNAMICS ACTIVE
Info: LANGEVIN TEMPERATURE   300
Info: LANGEVIN USING BBK INTEGRATOR
Info: LANGEVIN DAMPING COEFFICIENT IS 5 INVERSE PS
Info: LANGEVIN DYNAMICS NOT APPLIED TO HYDROGENS
Info: USING VERLET I (r-RESPA) MTS SCHEME.
Info: C1 SPLITTING OF LONG RANGE ELECTROSTATICS
Info: PLACING ATOMS IN PATCHES BY HYDROGEN GROUPS
Info: RIGID BONDS TO HYDROGEN : WATER
Info:         ERROR TOLERANCE : 1e-08
Info:          MAX ITERATIONS : 100
Info: RIGID WATER USING SETTLE ALGORITHM
Info: NONBONDED FORCES EVALUATED EVERY 2 STEPS
Info: RANDOM NUMBER SEED     1609225923
Info: USE HYDROGEN BONDS?    NO
Info: COORDINATE PDB         1ake-docked-noh_autopsf.pdb
Info: STRUCTURE FILE         1ake-docked-noh_autopsf.psf
Info: PARAMETER file: CHARMM format! 
Info: PARAMETERS             par_all36_prot.prm
Info: USING ARITHMETIC MEAN TO COMBINE L-J SIGMA PARAMETERS
Info: BINARY COORDINATES     7_0_adk-step1.restart.coor
Info: SUMMARY OF PARAMETERS:
Info: 132 BONDS
Info: 362 ANGLES
Info: 702 DIHEDRAL
Info: 35 IMPROPER
Info: 6 CROSSTERM
Info: 53 VDW
Info: 0 VDW_PAIRS
Info: 0 NBTHOLE_PAIRS
Info: TIME FOR READING PSF FILE: 0.627232
Info: READING EXTRA BONDS FILE 1ake-extrabonds.txt
Info: READING EXTRA BONDS FILE 1ake-extrabonds-cispeptide.txt
Info: READING EXTRA BONDS FILE 1ake-extrabonds-chirality.txt
Info: READ 80 EXTRA BONDS
Info: READ 80 EXTRA ANGLES
Warning: EXTRA ANGLES ARE COSINE-BASED BY DEFAULT TO MATCH PREVIOUS VERSIONS
Warning: FOR NORMAL HARMONIC EXTRA ANGLES SET extraBondsCosAngles off
Info: READ 493 EXTRA DIHEDRALS
Info: READ 438 EXTRA IMPROPERS
Info: Reading pdb file 1ake-docked-noh_autopsf.pdb
Info: TIME FOR READING PDB FILE: 0.112208
Info: 
Info: ****************************
Info: STRUCTURE SUMMARY:
Info: 3341 ATOMS
Info: 3445 BONDS
Info: 6203 ANGLES
Info: 9414 DIHEDRALS
Info: 1005 IMPROPERS
Info: 212 CROSSTERMS
Info: 0 EXCLUSIONS
Info: 0 RIGID BONDS
Info: 1 GRIDS ACTIVE
Info: 10023 DEGREES OF FREEDOM
Info: 1656 HYDROGEN GROUPS
Info: 4 ATOMS IN LARGEST HYDROGEN GROUP
Info: 1656 MIGRATION GROUPS
Info: 4 ATOMS IN LARGEST MIGRATION GROUP
Info: TOTAL MASS = 23582 amu
Info: TOTAL CHARGE = -4 e
Info: *****************************
Info: Reading from binary file 7_0_adk-step1.restart.coor
Info: 
Info: Entering startup at 1.56981 s, 1058.56 MB of memory in use
Info: Startup phase 0 took 0.00078612 s, 1058.56 MB of memory in use
Info: ADDED 18308 IMPLICIT EXCLUSIONS
Info: Startup phase 1 took 0.0161419 s, 1058.56 MB of memory in use
Info: NONBONDED TABLE R-SQUARED SPACING: 0.0625
Info: NONBONDED TABLE SIZE: 705 POINTS
Info: ABSOLUTE IMPRECISION IN FAST TABLE ENERGY: 3.38813e-21 AT 9.89634
Info: RELATIVE IMPRECISION IN FAST TABLE ENERGY: 4.23384e-15 AT 9.94673
Info: ABSOLUTE IMPRECISION IN FAST TABLE FORCE: 6.35275e-22 AT 9.94673
Info: RELATIVE IMPRECISION IN FAST TABLE FORCE: 5.07982e-16 AT 9.94673
Info: INCONSISTENCY IN FAST TABLE ENERGY VS FORCE: 0.000290185 AT 0.251946
Info: ABSOLUTE IMPRECISION IN VDWA TABLE ENERGY: 1.57772e-30 AT 9.89634
Info: RELATIVE IMPRECISION IN VDWA TABLE ENERGY: 4.54938e-15 AT 9.94673
Info: ABSOLUTE IMPRECISION IN VDWA TABLE FORCE: 5.91646e-31 AT 9.94673
Info: RELATIVE IMPRECISION IN VDWA TABLE FORCE: 5.6823e-16 AT 9.94673
Info: INCONSISTENCY IN VDWA TABLE ENERGY VS FORCE: 0.0040507 AT 0.251946
Info: ABSOLUTE IMPRECISION IN VDWB TABLE ENERGY: 4.71751e-25 AT 9.94673
Info: RELATIVE IMPRECISION IN VDWB TABLE ENERGY: 1.45371e-14 AT 9.94673
Info: ABSOLUTE IMPRECISION IN VDWB TABLE FORCE: 6.20385e-25 AT 9.94673
Info: RELATIVE IMPRECISION IN VDWB TABLE FORCE: 5.97512e-16 AT 9.94673
Info: INCONSISTENCY IN VDWB TABLE ENERGY VS FORCE: 0.00377068 AT 9.07951
Info: Startup phase 2 took 0.00158746 s, 1058.56 MB of memory in use
Info: Startup phase 3 took 0.000610888 s, 1058.56 MB of memory in use
Info: Startup phase 4 took 0.000614797 s, 1058.56 MB of memory in use
Info: Startup phase 5 took 0.000581184 s, 1058.56 MB of memory in use
Info: ORIGINAL ATOMS MINMAX IS -22.0306 -33.4454 -34.7907  17.2325 12.3593 14.5275
Info: ADJUSTED ATOMS MINMAX IS -17.1548 -27.2164 -29.4989  11.5384 8.38325 6.18874
Info: PATCH GRID IS 5 BY 3 BY 3
Info: PATCH GRID IS 2-AWAY BY 1-AWAY BY 1-AWAY
Info: Reading from binary file 7_0_adk-step1.restart.vel
Info: REMOVING COM VELOCITY -0.0448735 0.0366986 -0.105425
Info: LARGEST PATCH (37) HAS 145 ATOMS
Info: TORUS A SIZE 2 USING 0 1
Info: TORUS B SIZE 1 USING 0
Info: TORUS C SIZE 1 USING 0
Info: TORUS MINIMAL MESH SIZE IS 2 BY 1 BY 1
Info: Placed 97.7778% of base nodes on same physical node as patch
Info: Startup phase 6 took 0.00847425 s, 1058.56 MB of memory in use
Info: Startup phase 7 took 0.00058742 s, 1058.56 MB of memory in use
Info: Startup phase 8 took 0.000573752 s, 1058.56 MB of memory in use
Info: Startup phase 9 took 0.000859623 s, 1058.56 MB of memory in use
Info: Startup phase 10 took 0.000551357 s, 1058.56 MB of memory in use
Info: Startup phase 11 took 0.00100079 s, 1058.56 MB of memory in use
LDB: Central LB being created...
Info: Startup phase 12 took 0.00468701 s, 1058.56 MB of memory in use
Info: CREATING 983 COMPUTE OBJECTS
Info: Startup phase 13 took 0.000886388 s, 1058.56 MB of memory in use
Info: Building spanning tree ... send: 1 recv: 0 with branch factor 4
Info: useSync: 1 useProxySync: 0
Info: Startup phase 14 took 0.000706057 s, 1058.56 MB of memory in use
Info: Startup phase 15 took 0.000165785 s, 1058.56 MB of memory in use
Info: Finished startup at 1.60863 s, 1058.56 MB of memory in use

TCL: Running for 5000 steps
PRESSURE: 0 0 0 0 0 0 0 0 0 0
GPRESSURE: 0 0 0 0 0 0 0 0 0 0
ETITLE:      TS           BOND          ANGLE          DIHED          IMPRP               ELECT            VDW       BOUNDARY           MISC        KINETIC               TOTAL           TEMP      POTENTIAL         TOTAL3        TEMPAVG

ENERGY:       0      1071.9452      1648.8848      2068.0029       126.5928            -40.9877      -792.6201         0.0000      3275.4318      2985.3707          10342.6204       299.7719      7357.2497     10366.4549       299.7719

LDB: ============= START OF LOAD BALANCING ============== 1.62515
LDB: ============== END OF LOAD BALANCING =============== 1.6254
Info: useSync: 1 useProxySync: 0
LDB: =============== DONE WITH MIGRATION ================ 1.6261
LDB: ============= START OF LOAD BALANCING ============== 1.69444
LDB: Largest compute 466 load 0.013119 is 104.7% of average load 0.012525
LDB: Average compute 0.001332 is 10.6% of average load 0.012525
LDB: Partitioning computes with target load 0.002665
LDB: Increased migratable compute count from 713 to 828
LDB: Largest unpartitionable compute is 0.006621
LDB: ============== END OF LOAD BALANCING =============== 1.69627
Info: build node-aware spanning tree with send: 1, recv: 0 with branch factor 4
Info: useSync: 1 useProxySync: 0
LDB: =============== DONE WITH MIGRATION ================ 1.69991
PRESSURE: 100 0 0 0 0 0 0 0 0 0
GPRESSURE: 100 0 0 0 0 0 0 0 0 0
PRESSAVG: 100 0 0 0 0 0 0 0 0 0
GPRESSAVG: 100 0 0 0 0 0 0 0 0 0
Info: Initial time: 164 CPUs 0.000830527 s/step 0.00961258 days/ns 1058.75 MB memory
ENERGY:     100      1105.0218      1654.6001      2097.1352       132.8931            -39.6396      -804.0594         0.0000      3272.3432      2902.3634          10320.6577       291.4368      7418.2943     10342.8371       295.2551

LDB: ============= START OF LOAD BALANCING ============== 1.71421
LDB: ============== END OF LOAD BALANCING =============== 1.71446
Info: useSync: 1 useProxySync: 0
LDB: =============== DONE WITH MIGRATION ================ 1.71503
LDB: ============= START OF LOAD BALANCING ============== 1.77268
LDB: Largest compute 840 load 0.006091 is 47.9% of average load 0.012727
LDB: Average compute 0.001153 is 9.1% of average load 0.012727
LDB: TIME 1.77418 LOAD: AVG 0.0127273 MAX 0.0538981  PROXIES: TOTAL 360 MAXPE 9 MAXPATCH 11 None MEM: 1058.75 MB
LDB: TIME 1.7768 LOAD: AVG 0.0127273 MAX 0.0228483  PROXIES: TOTAL 626 MAXPE 17 MAXPATCH 35 TorusLB MEM: 1058.75 MB
LDB: ============== END OF LOAD BALANCING =============== 1.77826
Info: build node-aware spanning tree with send: 1, recv: 0 with branch factor 4
Info: useSync: 1 useProxySync: 0
LDB: =============== DONE WITH MIGRATION ================ 1.78681
PRESSURE: 200 0 0 0 0 0 0 0 0 0
GPRESSURE: 200 0 0 0 0 0 0 0 0 0
PRESSAVG: 200 0 0 0 0 0 0 0 0 0
GPRESSAVG: 200 0 0 0 0 0 0 0 0 0
Info: Initial time: 164 CPUs 0.000711985 s/step 0.00824057 days/ns 1058.75 MB memory
ENERGY:     200      1061.8045      1676.5948      2071.8554       146.9783            -40.3572      -787.3199         0.0000      3258.6515      2967.4076          10355.6149       297.9682      7388.2074     10375.9255       295.4189

LDB: ============= START OF LOAD BALANCING ============== 1.86493
LDB: Largest compute 822 load 0.008826 is 37.5% of average load 0.023540
LDB: Average compute 0.001735 is 7.4% of average load 0.023540
LDB: TIME 1.86649 LOAD: AVG 0.0235402 MAX 0.0417538  PROXIES: TOTAL 360 MAXPE 9 MAXPATCH 11 None MEM: 1058.75 MB
LDB: TIME 1.86726 LOAD: AVG 0.0235402 MAX 0.0417538  PROXIES: TOTAL 626 MAXPE 17 MAXPATCH 35 RefineTorusLB MEM: 1058.75 MB
LDB: TIME 1.86916 LOAD: AVG 0.0235402 MAX 0.0361211  PROXIES: TOTAL 599 MAXPE 15 MAXPATCH 31 RefineTorusLB MEM: 1058.75 MB
LDB: ============== END OF LOAD BALANCING =============== 1.87006
Info: build node-aware spanning tree with send: 1, recv: 0 with branch factor 4
Info: useSync: 1 useProxySync: 0
LDB: =============== DONE WITH MIGRATION ================ 1.87366
PRESSURE: 300 0 0 0 0 0 0 0 0 0
GPRESSURE: 300 0 0 0 0 0 0 0 0 0
PRESSAVG: 300 0 0 0 0 0 0 0 0 0
GPRESSAVG: 300 0 0 0 0 0 0 0 0 0
Info: Initial time: 164 CPUs 0.000776647 s/step 0.00898897 days/ns 1058.75 MB memory
ENERGY:     300      1078.3014      1692.7552      2065.1607       143.3150            -38.9553      -838.2934         0.0000      3259.8483      2977.8287          10339.9606       299.0146      7362.1319     10363.1860       296.2897

LDB: ============= START OF LOAD BALANCING ============== 1.9694
LDB: Largest compute 820 load 0.008631 is 37.4% of average load 0.023061
LDB: Average compute 0.001732 is 7.5% of average load 0.023061
LDB: TIME 1.97101 LOAD: AVG 0.0230612 MAX 0.035584  PROXIES: TOTAL 360 MAXPE 9 MAXPATCH 11 None MEM: 1058.75 MB
LDB: TIME 1.97186 LOAD: AVG 0.0230612 MAX 0.035584  PROXIES: TOTAL 599 MAXPE 15 MAXPATCH 31 RefineTorusLB MEM: 1058.75 MB
LDB: TIME 1.97231 LOAD: AVG 0.0230612 MAX 0.035584  PROXIES: TOTAL 594 MAXPE 15 MAXPATCH 31 RefineTorusLB MEM: 1058.75 MB
LDB: ============== END OF LOAD BALANCING =============== 1.97315
Info: build node-aware spanning tree with send: 1, recv: 0 with branch factor 4
Info: useSync: 1 useProxySync: 0
LDB: =============== DONE WITH MIGRATION ================ 1.98316
PRESSURE: 400 0 0 0 0 0 0 0 0 0
GPRESSURE: 400 0 0 0 0 0 0 0 0 0
PRESSAVG: 400 0 0 0 0 0 0 0 0 0
GPRESSAVG: 400 0 0 0 0 0 0 0 0 0
Info: Benchmark time: 164 CPUs 0.000954775 s/step 0.0110506 days/ns 1058.75 MB memory
ENERGY:     400      1063.2390      1654.5046      2091.1250       161.0786            -39.6331      -807.6133         0.0000      3255.4704      2974.2972          10352.4684       298.6600      7378.1712     10377.8907       297.9198

PRESSURE: 500 0 0 0 0 0 0 0 0 0
GPRESSURE: 500 0 0 0 0 0 0 0 0 0
PRESSAVG: 500 0 0 0 0 0 0 0 0 0
GPRESSAVG: 500 0 0 0 0 0 0 0 0 0
Info: Benchmark time: 164 CPUs 0.00085176 s/step 0.00985833 days/ns 1058.75 MB memory
ENERGY:     500      1065.1432      1645.9740      2068.1285       148.7421            -39.7722      -781.5790         0.0000      3249.4586      2980.1458          10336.2410       299.2473      7356.0951     10360.8033       296.8295

PRESSURE: 600 0 0 0 0 0 0 0 0 0
GPRESSURE: 600 0 0 0 0 0 0 0 0 0
PRESSAVG: 600 0 0 0 0 0 0 0 0 0
GPRESSAVG: 600 0 0 0 0 0 0 0 0 0
Info: Benchmark time: 164 CPUs 0.00102821 s/step 0.0119006 days/ns 1058.75 MB memory
ENERGY:     600      1130.5573      1660.7289      2075.0545       149.5216            -39.1271      -806.2560         0.0000      3245.9022      2954.0725          10370.4540       296.6291      7416.3815     10392.2985       299.0030

PRESSURE: 700 0 0 0 0 0 0 0 0 0
GPRESSURE: 700 0 0 0 0 0 0 0 0 0
PRESSAVG: 700 0 0 0 0 0 0 0 0 0
GPRESSAVG: 700 0 0 0 0 0 0 0 0 0
Info: Benchmark time: 164 CPUs 0.00115206 s/step 0.013334 days/ns 1058.75 MB memory
ENERGY:     700      1152.0503      1665.1944      2073.5377       148.3179            -39.4128      -811.0836         0.0000      3235.7921      2999.4765          10423.8726       301.1883      7424.3961     10444.3591       299.2731

PRESSURE: 800 0 0 0 0 0 0 0 0 0
GPRESSURE: 800 0 0 0 0 0 0 0 0 0
PRESSAVG: 800 0 0 0 0 0 0 0 0 0
GPRESSAVG: 800 0 0 0 0 0 0 0 0 0
Info: Benchmark time: 164 CPUs 0.000848594 s/step 0.00982168 days/ns 1058.75 MB memory
ENERGY:     800      1141.2028      1697.4903      2105.5395       136.1053            -40.1454      -832.5581         0.0000      3222.2419      2935.4196          10365.2959       294.7561      7429.8763     10384.5600       299.2737

PRESSURE: 900 0 0 0 0 0 0 0 0 0
GPRESSURE: 900 0 0 0 0 0 0 0 0 0
PRESSAVG: 900 0 0 0 0 0 0 0 0 0
GPRESSAVG: 900 0 0 0 0 0 0 0 0 0
Info: Benchmark time: 164 CPUs 0.000816264 s/step 0.0094475 days/ns 1058.75 MB memory
ENERGY:     900      1117.9040      1652.9143      2090.4936       140.5050            -39.6626      -795.9667         0.0000      3208.0281      2987.6962          10361.9119       300.0054      7374.2157     10385.5635       298.1861

OPENING COORDINATE DCD FILE
WRITING COORDINATES TO DCD FILE adk-step1.dcd AT STEP 1000
WRITING COORDINATES TO RESTART FILE AT STEP 1000
FINISHED WRITING RESTART COORDINATES
The last position output (seq=1000) takes 0.007 seconds, 1058.750 MB of memory in use
WRITING VELOCITIES TO RESTART FILE AT STEP 1000
FINISHED WRITING RESTART VELOCITIES
The last velocity output (seq=1000) takes 0.002 seconds, 1058.750 MB of memory in use
PRESSURE: 1000 0 0 0 0 0 0 0 0 0
GPRESSURE: 1000 0 0 0 0 0 0 0 0 0
PRESSAVG: 1000 0 0 0 0 0 0 0 0 0
GPRESSAVG: 1000 0 0 0 0 0 0 0 0 0
TIMING: 1000  CPU: 0.207649, 0.000205388/step  Wall: 0.968341, 0.000962574/step, 0.00106953 hours remaining, 1058.750000 MB of memory in use.
ETITLE:      TS           BOND          ANGLE          DIHED          IMPRP               ELECT            VDW       BOUNDARY           MISC        KINETIC               TOTAL           TEMP      POTENTIAL         TOTAL3        TEMPAVG

ENERGY:    1000      1101.7244      1681.9932      2043.6094       149.9183            -40.2418      -783.9871         0.0000      3200.3851      2993.6660          10347.0674       300.6049      7353.4015     10371.0553       298.3984

WRITING EXTENDED SYSTEM TO RESTART FILE AT STEP 1000
PRESSURE: 1100 0 0 0 0 0 0 0 0 0
GPRESSURE: 1100 0 0 0 0 0 0 0 0 0
PRESSAVG: 1100 0 0 0 0 0 0 0 0 0
GPRESSAVG: 1100 0 0 0 0 0 0 0 0 0
ENERGY:    1100      1110.4929      1639.6423      2039.3107       154.3353            -41.0512      -789.0308         0.0000      3190.9672      3000.0136          10304.6800       301.2422      7304.6663     10327.5351       298.1663

PRESSURE: 1200 0 0 0 0 0 0 0 0 0
GPRESSURE: 1200 0 0 0 0 0 0 0 0 0
PRESSAVG: 1200 0 0 0 0 0 0 0 0 0
GPRESSAVG: 1200 0 0 0 0 0 0 0 0 0
ENERGY:    1200      1107.7725      1668.8770      2079.1919       158.9271            -40.9588      -808.0643         0.0000      3187.3517      2969.2314          10322.3284       298.1513      7353.0970     10348.0739       297.3402

PRESSURE: 1300 0 0 0 0 0 0 0 0 0
GPRESSURE: 1300 0 0 0 0 0 0 0 0 0
PRESSAVG: 1300 0 0 0 0 0 0 0 0 0
GPRESSAVG: 1300 0 0 0 0 0 0 0 0 0
ENERGY:    1300      1065.8933      1655.9051      2074.0315       149.0242            -40.2521      -759.7551         0.0000      3176.6353      2936.9709          10258.4532       294.9119      7321.4822     10284.0162       297.3177

PRESSURE: 1400 0 0 0 0 0 0 0 0 0
GPRESSURE: 1400 0 0 0 0 0 0 0 0 0
PRESSAVG: 1400 0 0 0 0 0 0 0 0 0
GPRESSAVG: 1400 0 0 0 0 0 0 0 0 0
ENERGY:    1400      1082.4505      1656.6492      2078.7233       141.4163            -40.0987      -797.4004         0.0000      3167.5740      2984.1583          10273.4724       299.6502      7289.3141     10296.9956       296.1333

PRESSURE: 1500 0 0 0 0 0 0 0 0 0
GPRESSURE: 1500 0 0 0 0 0 0 0 0 0
PRESSAVG: 1500 0 0 0 0 0 0 0 0 0
GPRESSAVG: 1500 0 0 0 0 0 0 0 0 0
ENERGY:    1500      1059.1330      1693.7594      2037.5483       148.4172            -40.7658      -780.6605         0.0000      3167.6440      2951.4593          10236.5350       296.3667      7285.0756     10260.2457       295.7135

PRESSURE: 1600 0 0 0 0 0 0 0 0 0
GPRESSURE: 1600 0 0 0 0 0 0 0 0 0
PRESSAVG: 1600 0 0 0 0 0 0 0 0 0
GPRESSAVG: 1600 0 0 0 0 0 0 0 0 0
ENERGY:    1600      1129.6534      1706.8183      2044.1578       147.1391            -39.8504      -800.0244         0.0000      3155.9076      2951.4289          10295.2304       296.3637      7343.8014     10318.6099       297.2014

PRESSURE: 1700 0 0 0 0 0 0 0 0 0
GPRESSURE: 1700 0 0 0 0 0 0 0 0 0
PRESSAVG: 1700 0 0 0 0 0 0 0 0 0
GPRESSAVG: 1700 0 0 0 0 0 0 0 0 0
ENERGY:    1700      1056.9831      1690.5644      2067.9714       150.8503            -39.3966      -775.2702         0.0000      3143.4066      2969.8212          10264.9302       298.2105      7295.1090     10289.7284       298.3499

PRESSURE: 1800 0 0 0 0 0 0 0 0 0
GPRESSURE: 1800 0 0 0 0 0 0 0 0 0
PRESSAVG: 1800 0 0 0 0 0 0 0 0 0
GPRESSAVG: 1800 0 0 0 0 0 0 0 0 0
ENERGY:    1800      1057.0793      1677.5714      2077.3702       142.9803            -39.6587      -777.7603         0.0000      3137.0577      2973.0100          10247.6497       298.5307      7274.6397     10271.2389       296.4146

PRESSURE: 1900 0 0 0 0 0 0 0 0 0
GPRESSURE: 1900 0 0 0 0 0 0 0 0 0
PRESSAVG: 1900 0 0 0 0 0 0 0 0 0
GPRESSAVG: 1900 0 0 0 0 0 0 0 0 0
ENERGY:    1900      1119.4890      1741.4400      2054.1502       152.8322            -39.2575      -808.2785         0.0000      3142.3769      2884.5844          10247.3366       289.6516      7362.7522     10268.8962       297.4012

WRITING COORDINATES TO DCD FILE adk-step1.dcd AT STEP 2000
WRITING COORDINATES TO RESTART FILE AT STEP 2000
FINISHED WRITING RESTART COORDINATES
The last position output (seq=2000) takes 0.003 seconds, 1058.750 MB of memory in use
WRITING VELOCITIES TO RESTART FILE AT STEP 2000
FINISHED WRITING RESTART VELOCITIES
The last velocity output (seq=2000) takes 0.003 seconds, 1058.750 MB of memory in use
PRESSURE: 2000 0 0 0 0 0 0 0 0 0
GPRESSURE: 2000 0 0 0 0 0 0 0 0 0
PRESSAVG: 2000 0 0 0 0 0 0 0 0 0
GPRESSAVG: 2000 0 0 0 0 0 0 0 0 0
TIMING: 2000  CPU: 0.389119, 0.00018147/step  Wall: 2.15447, 0.00118613/step, 0.000988442 hours remaining, 1058.750000 MB of memory in use.
ETITLE:      TS           BOND          ANGLE          DIHED          IMPRP               ELECT            VDW       BOUNDARY           MISC        KINETIC               TOTAL           TEMP      POTENTIAL         TOTAL3        TEMPAVG

ENERGY:    2000      1080.4713      1690.2281      2051.3080       152.0170            -39.3274      -773.0983         0.0000      3145.3200      2952.5184          10259.4371       296.4731      7306.9187     10280.0134       296.5571

WRITING EXTENDED SYSTEM TO RESTART FILE AT STEP 2000
PRESSURE: 2100 0 0 0 0 0 0 0 0 0
GPRESSURE: 2100 0 0 0 0 0 0 0 0 0
PRESSAVG: 2100 0 0 0 0 0 0 0 0 0
GPRESSAVG: 2100 0 0 0 0 0 0 0 0 0
ENERGY:    2100      1103.8748      1641.9668      2071.0032       150.5310            -38.8393      -771.9801         0.0000      3139.7794      2955.1502          10251.4861       296.7374      7296.3359     10276.5729       297.7528

PRESSURE: 2200 0 0 0 0 0 0 0 0 0
GPRESSURE: 2200 0 0 0 0 0 0 0 0 0
PRESSAVG: 2200 0 0 0 0 0 0 0 0 0
GPRESSAVG: 2200 0 0 0 0 0 0 0 0 0
ENERGY:    2200      1079.5994      1717.9438      2056.3284       147.0365            -39.0388      -801.5925         0.0000      3133.4586      2995.0535          10288.7888       300.7442      7293.7353     10314.0875       298.4426

PRESSURE: 2300 0 0 0 0 0 0 0 0 0
GPRESSURE: 2300 0 0 0 0 0 0 0 0 0
PRESSAVG: 2300 0 0 0 0 0 0 0 0 0
GPRESSAVG: 2300 0 0 0 0 0 0 0 0 0
ENERGY:    2300      1103.8178      1728.3440      2082.0678       143.3839            -39.1950      -773.0129         0.0000      3122.7393      2957.6262          10325.7710       296.9860      7368.1449     10348.7205       300.4950

PRESSURE: 2400 0 0 0 0 0 0 0 0 0
GPRESSURE: 2400 0 0 0 0 0 0 0 0 0
PRESSAVG: 2400 0 0 0 0 0 0 0 0 0
GPRESSAVG: 2400 0 0 0 0 0 0 0 0 0
ENERGY:    2400      1132.4140      1699.9855      2060.3656       146.7242            -38.5406      -794.0856         0.0000      3115.2042      3045.4600          10367.5273       305.8057      7322.0673     10391.4788       303.6284

PRESSURE: 2500 0 0 0 0 0 0 0 0 0
GPRESSURE: 2500 0 0 0 0 0 0 0 0 0
PRESSAVG: 2500 0 0 0 0 0 0 0 0 0
GPRESSAVG: 2500 0 0 0 0 0 0 0 0 0
ENERGY:    2500      1091.8430      1685.5428      2080.1167       144.2884            -39.3750      -741.2909         0.0000      3097.8200      3075.0867          10394.0317       308.7806      7318.9450     10418.0438       304.9268

PRESSURE: 2600 0 0 0 0 0 0 0 0 0
GPRESSURE: 2600 0 0 0 0 0 0 0 0 0
PRESSAVG: 2600 0 0 0 0 0 0 0 0 0
GPRESSAVG: 2600 0 0 0 0 0 0 0 0 0
ENERGY:    2600      1100.8305      1738.4318      2078.3254       136.6430            -39.7954      -789.2075         0.0000      3094.9139      3032.3292          10352.4708       304.4872      7320.1417     10374.0315       303.2394

PRESSURE: 2700 0 0 0 0 0 0 0 0 0
GPRESSURE: 2700 0 0 0 0 0 0 0 0 0
PRESSAVG: 2700 0 0 0 0 0 0 0 0 0
GPRESSAVG: 2700 0 0 0 0 0 0 0 0 0
ENERGY:    2700      1089.0343      1728.7607      2075.3790       143.0112            -39.9093      -777.4760         0.0000      3083.0356      2993.4377          10295.2732       300.5819      7301.8355     10317.0839       301.1389

PRESSURE: 2800 0 0 0 0 0 0 0 0 0
GPRESSURE: 2800 0 0 0 0 0 0 0 0 0
PRESSAVG: 2800 0 0 0 0 0 0 0 0 0
GPRESSAVG: 2800 0 0 0 0 0 0 0 0 0
ENERGY:    2800      1088.3244      1739.9899      2074.9533       152.2949            -40.5408      -793.8170         0.0000      3078.5468      2988.8183          10288.5699       300.1181      7299.7515     10313.6157       299.9091

PRESSURE: 2900 0 0 0 0 0 0 0 0 0
GPRESSURE: 2900 0 0 0 0 0 0 0 0 0
PRESSAVG: 2900 0 0 0 0 0 0 0 0 0
GPRESSAVG: 2900 0 0 0 0 0 0 0 0 0
ENERGY:    2900      1133.0452      1684.1496      2106.8153       156.5133            -40.5284      -799.8600         0.0000      3081.6480      2977.5862          10299.3691       298.9902      7321.7829     10317.7456       301.5529

WRITING COORDINATES TO DCD FILE adk-step1.dcd AT STEP 3000
WRITING COORDINATES TO RESTART FILE AT STEP 3000
FINISHED WRITING RESTART COORDINATES
The last position output (seq=3000) takes 0.004 seconds, 1058.750 MB of memory in use
WRITING VELOCITIES TO RESTART FILE AT STEP 3000
FINISHED WRITING RESTART VELOCITIES
The last velocity output (seq=3000) takes 0.003 seconds, 1058.750 MB of memory in use
PRESSURE: 3000 0 0 0 0 0 0 0 0 0
GPRESSURE: 3000 0 0 0 0 0 0 0 0 0
PRESSAVG: 3000 0 0 0 0 0 0 0 0 0
GPRESSAVG: 3000 0 0 0 0 0 0 0 0 0
TIMING: 3000  CPU: 0.56824, 0.000179121/step  Wall: 3.03824, 0.000883773/step, 0.000490985 hours remaining, 1058.750000 MB of memory in use.
ETITLE:      TS           BOND          ANGLE          DIHED          IMPRP               ELECT            VDW       BOUNDARY           MISC        KINETIC               TOTAL           TEMP      POTENTIAL         TOTAL3        TEMPAVG

ENERGY:    3000      1086.9856      1704.1585      2063.7612       157.4878            -40.3825      -754.2129         0.0000      3079.4899      2978.1469          10275.4345       299.0465      7297.2877     10295.2492       300.7025

WRITING EXTENDED SYSTEM TO RESTART FILE AT STEP 3000
PRESSURE: 3100 0 0 0 0 0 0 0 0 0
GPRESSURE: 3100 0 0 0 0 0 0 0 0 0
PRESSAVG: 3100 0 0 0 0 0 0 0 0 0
GPRESSAVG: 3100 0 0 0 0 0 0 0 0 0
ENERGY:    3100      1118.5770      1744.0937      2039.4087       140.2679            -41.5810      -782.0326         0.0000      3082.8614      2982.4998          10284.0949       299.4836      7301.5951     10307.3452       301.2111

PRESSURE: 3200 0 0 0 0 0 0 0 0 0
GPRESSURE: 3200 0 0 0 0 0 0 0 0 0
PRESSAVG: 3200 0 0 0 0 0 0 0 0 0
GPRESSAVG: 3200 0 0 0 0 0 0 0 0 0
ENERGY:    3200      1087.5286      1685.6664      2076.1711       148.0963            -41.5002      -776.0791         0.0000      3078.7982      3050.4009          10309.0823       306.3018      7258.6814     10333.7046       301.5634

PRESSURE: 3300 0 0 0 0 0 0 0 0 0
GPRESSURE: 3300 0 0 0 0 0 0 0 0 0
PRESSAVG: 3300 0 0 0 0 0 0 0 0 0
GPRESSAVG: 3300 0 0 0 0 0 0 0 0 0
ENERGY:    3300      1097.7124      1707.5601      2069.5962       151.3749            -40.1844      -769.2907         0.0000      3068.9947      2987.7506          10273.5137       300.0109      7285.7631     10294.6478       301.5872

PRESSURE: 3400 0 0 0 0 0 0 0 0 0
GPRESSURE: 3400 0 0 0 0 0 0 0 0 0
PRESSAVG: 3400 0 0 0 0 0 0 0 0 0
GPRESSAVG: 3400 0 0 0 0 0 0 0 0 0
ENERGY:    3400      1117.7823      1720.0525      2071.5031       145.5066            -40.3672      -811.8903         0.0000      3058.4054      2995.8208          10256.8131       300.8212      7260.9923     10282.4236       300.6826

PRESSURE: 3500 0 0 0 0 0 0 0 0 0
GPRESSURE: 3500 0 0 0 0 0 0 0 0 0
PRESSAVG: 3500 0 0 0 0 0 0 0 0 0
GPRESSAVG: 3500 0 0 0 0 0 0 0 0 0
ENERGY:    3500      1082.6419      1696.8524      2063.1073       138.7644            -39.6569      -771.1041         0.0000      3047.4865      3070.2751          10288.3666       308.2975      7218.0915     10312.9455       302.1649

PRESSURE: 3600 0 0 0 0 0 0 0 0 0
GPRESSURE: 3600 0 0 0 0 0 0 0 0 0
PRESSAVG: 3600 0 0 0 0 0 0 0 0 0
GPRESSAVG: 3600 0 0 0 0 0 0 0 0 0
ENERGY:    3600      1117.0886      1729.1328      2043.5177       145.2744            -39.5361      -796.6190         0.0000      3043.8237      3043.1521          10285.8342       305.5739      7242.6821     10310.4161       302.1647

PRESSURE: 3700 0 0 0 0 0 0 0 0 0
GPRESSURE: 3700 0 0 0 0 0 0 0 0 0
PRESSAVG: 3700 0 0 0 0 0 0 0 0 0
GPRESSAVG: 3700 0 0 0 0 0 0 0 0 0
ENERGY:    3700      1076.5670      1734.4251      2077.2568       147.6335            -38.6037      -752.1273         0.0000      3028.8167      2937.7178          10211.6859       294.9869      7273.9681     10234.8285       300.1744

PRESSURE: 3800 0 0 0 0 0 0 0 0 0
GPRESSURE: 3800 0 0 0 0 0 0 0 0 0
PRESSAVG: 3800 0 0 0 0 0 0 0 0 0
GPRESSAVG: 3800 0 0 0 0 0 0 0 0 0
ENERGY:    3800      1081.4270      1715.3226      2062.4263       140.6808            -39.1114      -764.5460         0.0000      3028.7130      2929.6609          10154.5732       294.1779      7224.9123     10179.7753       298.6073

PRESSURE: 3900 0 0 0 0 0 0 0 0 0
GPRESSURE: 3900 0 0 0 0 0 0 0 0 0
PRESSAVG: 3900 0 0 0 0 0 0 0 0 0
GPRESSAVG: 3900 0 0 0 0 0 0 0 0 0
ENERGY:    3900      1094.6525      1676.2120      2058.3670       144.3011            -39.3220      -763.9442         0.0000      3022.5134      2951.3738          10144.1536       296.3581      7192.7798     10169.1250       295.7401

WRITING COORDINATES TO DCD FILE adk-step1.dcd AT STEP 4000
WRITING COORDINATES TO RESTART FILE AT STEP 4000
FINISHED WRITING RESTART COORDINATES
The last position output (seq=4000) takes 0.003 seconds, 1058.750 MB of memory in use
WRITING VELOCITIES TO RESTART FILE AT STEP 4000
FINISHED WRITING RESTART VELOCITIES
The last velocity output (seq=4000) takes 0.003 seconds, 1058.750 MB of memory in use
PRESSURE: 4000 0 0 0 0 0 0 0 0 0
GPRESSURE: 4000 0 0 0 0 0 0 0 0 0
PRESSAVG: 4000 0 0 0 0 0 0 0 0 0
GPRESSAVG: 4000 0 0 0 0 0 0 0 0 0
TIMING: 4000  CPU: 0.744537, 0.000176297/step  Wall: 3.97426, 0.000936011/step, 0.000260003 hours remaining, 1058.750000 MB of memory in use.
ETITLE:      TS           BOND          ANGLE          DIHED          IMPRP               ELECT            VDW       BOUNDARY           MISC        KINETIC               TOTAL           TEMP      POTENTIAL         TOTAL3        TEMPAVG

ENERGY:    4000      1087.2161      1658.3485      2057.1267       148.5690            -39.3978      -788.1085         0.0000      3023.3944      2953.8363          10100.9847       296.6054      7147.1484     10124.3587       294.1280

WRITING EXTENDED SYSTEM TO RESTART FILE AT STEP 4000
PRESSURE: 4100 0 0 0 0 0 0 0 0 0
GPRESSURE: 4100 0 0 0 0 0 0 0 0 0
PRESSAVG: 4100 0 0 0 0 0 0 0 0 0
GPRESSAVG: 4100 0 0 0 0 0 0 0 0 0
ENERGY:    4100      1078.9002      1664.6127      2079.3378       163.8646            -40.3574      -780.2760         0.0000      3021.8397      2953.5517          10141.4733       296.5768      7187.9216     10165.9133       294.4795

PRESSURE: 4200 0 0 0 0 0 0 0 0 0
GPRESSURE: 4200 0 0 0 0 0 0 0 0 0
PRESSAVG: 4200 0 0 0 0 0 0 0 0 0
GPRESSAVG: 4200 0 0 0 0 0 0 0 0 0
ENERGY:    4200      1092.1482      1662.0276      2038.6577       146.7291            -40.2718      -749.0106         0.0000      3014.8329      2995.5133          10160.6265       300.7904      7165.1132     10189.3634       296.5719

LDB: ============= START OF LOAD BALANCING ============== 5.82302
LDB: ============== END OF LOAD BALANCING =============== 5.82328
Info: useSync: 1 useProxySync: 0
LDB: =============== DONE WITH MIGRATION ================ 5.82387
PRESSURE: 4300 0 0 0 0 0 0 0 0 0
GPRESSURE: 4300 0 0 0 0 0 0 0 0 0
PRESSAVG: 4300 0 0 0 0 0 0 0 0 0
GPRESSAVG: 4300 0 0 0 0 0 0 0 0 0
ENERGY:    4300      1096.6971      1686.3257      2089.9652       137.2399            -41.2350      -779.3695         0.0000      3011.5737      2956.5532          10157.7504       296.8782      7201.1972     10178.3370       294.8442

LDB: ============= START OF LOAD BALANCING ============== 5.9322
LDB: 12 computes have load of zero
LDB: Largest compute 840 load 0.009856 is 43.3% of average load 0.022753
LDB: Average compute 0.001730 is 7.6% of average load 0.022753
LDB: TIME 5.93376 LOAD: AVG 0.0227534 MAX 0.0372097  PROXIES: TOTAL 360 MAXPE 9 MAXPATCH 11 None MEM: 1058.75 MB
LDB: TIME 5.93458 LOAD: AVG 0.0227534 MAX 0.0372097  PROXIES: TOTAL 592 MAXPE 15 MAXPATCH 30 RefineTorusLB MEM: 1058.75 MB
LDB: TIME 5.93528 LOAD: AVG 0.0227534 MAX 0.0372097  PROXIES: TOTAL 582 MAXPE 15 MAXPATCH 29 RefineTorusLB MEM: 1058.75 MB
LDB: Reverting to original mapping
LDB: ============== END OF LOAD BALANCING =============== 5.93609
Info: build node-aware spanning tree with send: 1, recv: 0 with branch factor 4
Info: useSync: 1 useProxySync: 0
LDB: =============== DONE WITH MIGRATION ================ 5.93974
PRESSURE: 4400 0 0 0 0 0 0 0 0 0
GPRESSURE: 4400 0 0 0 0 0 0 0 0 0
PRESSAVG: 4400 0 0 0 0 0 0 0 0 0
GPRESSAVG: 4400 0 0 0 0 0 0 0 0 0
ENERGY:    4400      1092.8914      1682.8476      2071.0339       149.1223            -41.2474      -776.0963         0.0000      3006.6949      2965.8985          10151.1450       297.8166      7185.2465     10174.7299       296.9466

PRESSURE: 4500 0 0 0 0 0 0 0 0 0
GPRESSURE: 4500 0 0 0 0 0 0 0 0 0
PRESSAVG: 4500 0 0 0 0 0 0 0 0 0
GPRESSAVG: 4500 0 0 0 0 0 0 0 0 0
ENERGY:    4500      1117.2734      1682.6249      2054.8917       149.9970            -40.1278      -799.4724         0.0000      3010.1867      2993.6918          10169.0652       300.6074      7175.3735     10196.7914       297.9309

PRESSURE: 4600 0 0 0 0 0 0 0 0 0
GPRESSURE: 4600 0 0 0 0 0 0 0 0 0
PRESSAVG: 4600 0 0 0 0 0 0 0 0 0
GPRESSAVG: 4600 0 0 0 0 0 0 0 0 0
ENERGY:    4600      1091.1786      1743.1842      2066.6313       154.6378            -39.3747      -733.5236         0.0000      3007.9401      2944.3669          10235.0406       295.6546      7290.6737     10258.4025       299.7208

PRESSURE: 4700 0 0 0 0 0 0 0 0 0
GPRESSURE: 4700 0 0 0 0 0 0 0 0 0
PRESSAVG: 4700 0 0 0 0 0 0 0 0 0
GPRESSAVG: 4700 0 0 0 0 0 0 0 0 0
ENERGY:    4700      1072.6831      1736.2198      2069.0028       145.0388            -39.2004      -748.2045         0.0000      3004.7887      3039.2168          10279.5453       305.1788      7240.3285     10305.2501       303.0330

PRESSURE: 4800 0 0 0 0 0 0 0 0 0
GPRESSURE: 4800 0 0 0 0 0 0 0 0 0
PRESSAVG: 4800 0 0 0 0 0 0 0 0 0
GPRESSAVG: 4800 0 0 0 0 0 0 0 0 0
ENERGY:    4800      1107.2774      1673.5661      2089.7108       146.5817            -39.0540      -793.3907         0.0000      3006.8723      2950.8014          10142.3650       296.3007      7191.5636     10167.5761       299.7346

PRESSURE: 4900 0 0 0 0 0 0 0 0 0
GPRESSURE: 4900 0 0 0 0 0 0 0 0 0
PRESSAVG: 4900 0 0 0 0 0 0 0 0 0
GPRESSAVG: 4900 0 0 0 0 0 0 0 0 0
ENERGY:    4900      1055.1368      1687.6018      2087.0952       140.9746            -40.1874      -748.1963         0.0000      3001.1274      3002.0439          10185.5959       301.4461      7183.5520     10209.9355       296.2857

WRITING COORDINATES TO DCD FILE adk-step1.dcd AT STEP 5000
WRITING COORDINATES TO RESTART FILE AT STEP 5000
FINISHED WRITING RESTART COORDINATES
The last position output (seq=5000) takes 0.003 seconds, 1058.750 MB of memory in use
PRESSURE: 5000 0 0 0 0 0 0 0 0 0
GPRESSURE: 5000 0 0 0 0 0 0 0 0 0
PRESSAVG: 5000 0 0 0 0 0 0 0 0 0
GPRESSAVG: 5000 0 0 0 0 0 0 0 0 0
TIMING: 5000  CPU: 0.928885, 0.000184348/step  Wall: 4.88762, 0.000913363/step, 0 hours remaining, 1058.750000 MB of memory in use.
ETITLE:      TS           BOND          ANGLE          DIHED          IMPRP               ELECT            VDW       BOUNDARY           MISC        KINETIC               TOTAL           TEMP      POTENTIAL         TOTAL3        TEMPAVG

ENERGY:    5000      1074.0840      1722.5046      2081.9197       147.7859            -40.5929      -765.5486         0.0000      2997.0196      2978.5628          10195.7351       299.0883      7217.1724     10217.0470       299.6676

WRITING EXTENDED SYSTEM TO RESTART FILE AT STEP 5000
WRITING VELOCITIES TO RESTART FILE AT STEP 5000
FINISHED WRITING RESTART VELOCITIES
The last velocity output (seq=5000) takes 0.004 seconds, 1058.750 MB of memory in use
WRITING EXTENDED SYSTEM TO OUTPUT FILE AT STEP 5000
WRITING COORDINATES TO OUTPUT FILE AT STEP 5000
CLOSING COORDINATE DCD FILE adk-step1.dcd
The last position output (seq=-2) takes 0.003 seconds, 1058.750 MB of memory in use
WRITING VELOCITIES TO OUTPUT FILE AT STEP 5000
====================================================

WallClock: 6.504807  CPUTime: 2.060938  Memory: 1058.750000 MB
[Partition 0][Node 0] End of program
