0_11_cc.dat
/gpfs/alpine/bip115/scratch/hrlee/radical.pilot.sandbox/re.session.login1.hrlee.018632.0003/pilot.0000/staging_area/0_11_cc.dat
0, 11
Choosing optimized barrier algorithm name I0:HybridBinomial:SHMEM:P2P
Converse/Charm++ Commit ID: v6.10.2-0-g7bf00fa-namd-charm-6.10.2-build-2020-Aug-05-556
Warning> Randomization of virtual memory (ASLR) is turned on in the kernel, thread migration may not work! Run 'echo 0 > /proc/sys/kernel/randomize_va_space' as root to disable it, or try running with '+isomalloc_sync'.
CharmLB> Load balancer assumes all CPUs are same.
Charm++> Running on 1 hosts (1 sockets x 7 cores x 4 PUs = 28-way SMP)
Charm++> cpu topology info is gathered in 0.002 seconds.
Info: Built with CUDA version 10010
Did not find +devices i,j,k,... argument, using all
Pe 3 physical rank 3 will use CUDA device of pe 4
Pe 17 physical rank 17 will use CUDA device of pe 14
Pe 25 physical rank 25 will use CUDA device of pe 21
Pe 40 physical rank 40 will use CUDA device of pe 35
Pe 30 physical rank 30 will use CUDA device of pe 28
Pe 12 physical rank 12 will use CUDA device of pe 7
Pe 5 physical rank 5 will use CUDA device of pe 4
Pe 16 physical rank 16 will use CUDA device of pe 14
Pe 23 physical rank 23 will use CUDA device of pe 21
Pe 37 physical rank 37 will use CUDA device of pe 35
Pe 33 physical rank 33 will use CUDA device of pe 28
Pe 9 physical rank 9 will use CUDA device of pe 7
Pe 19 physical rank 19 will use CUDA device of pe 14
Pe 24 physical rank 24 will use CUDA device of pe 21
Pe 39 physical rank 39 will use CUDA device of pe 35
Pe 31 physical rank 31 will use CUDA device of pe 28
Pe 8 physical rank 8 will use CUDA device of pe 7
Pe 1 physical rank 1 will use CUDA device of pe 4
Pe 20 physical rank 20 will use CUDA device of pe 14
Pe 26 physical rank 26 will use CUDA device of pe 21
Pe 41 physical rank 41 will use CUDA device of pe 35
Pe 32 physical rank 32 will use CUDA device of pe 28
Pe 10 physical rank 10 will use CUDA device of pe 7
Pe 2 physical rank 2 will use CUDA device of pe 4
Pe 18 physical rank 18 will use CUDA device of pe 14
Pe 27 physical rank 27 will use CUDA device of pe 21
Pe 38 physical rank 38 will use CUDA device of pe 35
Pe 34 physical rank 34 will use CUDA device of pe 28
Pe 13 physical rank 13 will use CUDA device of pe 7
Pe 6 physical rank 6 will use CUDA device of pe 4
Pe 15 physical rank 15 will use CUDA device of pe 14
Pe 22 physical rank 22 will use CUDA device of pe 21
Pe 36 physical rank 36 will use CUDA device of pe 35
Pe 29 physical rank 29 will use CUDA device of pe 28
Pe 11 physical rank 11 will use CUDA device of pe 7
Pe 0 physical rank 0 will use CUDA device of pe 4
Pe 7 physical rank 7 binding to CUDA device 0 on g24n18: 'Tesla V100-SXM2-16GB'  Mem: 16128MB  Rev: 7.0  PCI: 4:5:0
Pe 4 physical rank 4 binding to CUDA device 0 on g24n18: 'Tesla V100-SXM2-16GB'  Mem: 16128MB  Rev: 7.0  PCI: 4:4:0
Pe 14 physical rank 14 binding to CUDA device 0 on g24n18: 'Tesla V100-SXM2-16GB'  Mem: 16128MB  Rev: 7.0  PCI: 4:6:0
Pe 21 physical rank 21 binding to CUDA device 0 on g24n18: 'Tesla V100-SXM2-16GB'  Mem: 16128MB  Rev: 7.0  PCI: 35:3:0
Pe 35 physical rank 35 binding to CUDA device 0 on g24n18: 'Tesla V100-SXM2-16GB'  Mem: 16128MB  Rev: 7.0  PCI: 35:5:0
Pe 28 physical rank 28 binding to CUDA device 0 on g24n18: 'Tesla V100-SXM2-16GB'  Mem: 16128MB  Rev: 7.0  PCI: 35:4:0
Info: NAMD 2.14 for Linux-POWER-pami-smp-Summit-CUDA
Info: 
Info: Please visit http://www.ks.uiuc.edu/Research/namd/
Info: for updates, documentation, and support information.
Info: 
Info: Please cite Phillips et al., J. Chem. Phys. 153:044130 (2020) doi:10.1063/5.0014475
Info: in all publications reporting results obtained with NAMD.
Info: 
Info: Based on Charm++/Converse 61002 for pami-linux-ppc64le-smp
Info: Built Wed Aug 5 14:28:51 EDT 2020 by jimp on login2
Info: 1 NAMD  2.14  Linux-POWER-pami-smp-Summit-CUDA  42    g24n18  hrlee
Info: Running on 42 processors, 6 nodes, 1 physical nodes.
Info: CPU topology information available.
Info: Charm++/Converse parallel runtime startup completed at 1.32864 s
CkLoopLib is used in SMP with simple dynamic scheduling (converse-level notification)
Info: 791.625 MB of memory in use based on /proc/self/stat
Info: Configuration file is adk-step1.namd
Info: Working in the current directory /gpfs/alpine/bip115/scratch/hrlee/radical.pilot.sandbox/re.session.login1.hrlee.018632.0003/pilot.0000/unit.000797
TCL: Suspending until startup complete.
Info: SIMULATION PARAMETERS:
Info: TIMESTEP               1
Info: NUMBER OF STEPS        0
Info: STEPS PER CYCLE        20
Info: LOAD BALANCER  Centralized
Info: LOAD BALANCING STRATEGY  New Load Balancers -- DEFAULT
Info: LDB PERIOD             4000 steps
Info: FIRST LDB TIMESTEP     100
Info: LAST LDB TIMESTEP     -1
Info: LDB BACKGROUND SCALING 1
Info: HOM BACKGROUND SCALING 1
Info: MIN ATOMS PER PATCH    40
Info: VELOCITY FILE          0_11_adk-step1.restart.vel
Info: CENTER OF MASS MOVING INITIALLY? NO
Info: DIELECTRIC             80
Info: EXCLUDE                SCALED ONE-FOUR
Info: 1-4 ELECTROSTATICS SCALED BY 1
Info: MODIFIED 1-4 VDW PARAMETERS WILL BE USED
Info: DCD FILENAME           adk-step1.dcd
Info: DCD FREQUENCY          1000
Info: DCD FIRST STEP         1000
Info: NO EXTENDED SYSTEM TRAJECTORY OUTPUT
Info: NO VELOCITY DCD OUTPUT
Info: NO FORCE DCD OUTPUT
Info: OUTPUT FILENAME        adk-step1
Info: BINARY OUTPUT FILES WILL BE USED
Info: RESTART FILENAME       adk-step1.restart
Info: RESTART FREQUENCY      1000
Info: BINARY RESTART FILES WILL BE USED
Info: SWITCHING ACTIVE
Info: SWITCHING ON           9
Info: SWITCHING OFF          10
Info: PAIRLIST DISTANCE      11
Info: PAIRLIST SHRINK RATE   0.01
Info: PAIRLIST GROW RATE     0.01
Info: PAIRLIST TRIGGER       0.3
Info: PAIRLISTS PER CYCLE    2
Info: PAIRLISTS ENABLED
Info: MARGIN                 0
Info: HYDROGEN GROUP CUTOFF  2.5
Info: PATCH DIMENSION        13.5
Info: ENERGY OUTPUT STEPS    100
Info: CROSSTERM ENERGY INCLUDED IN DIHEDRAL
Info: TIMING OUTPUT STEPS    1000
Info: PRESSURE OUTPUT STEPS  100
Info: GRID FORCE ACTIVE
Info:  Please include this reference in published work using
Info:  the Gridforce module of NAMD: David Wells, Volha Abramkina,
Info:  and Aleksei Aksimentiev, J. Chem. Phys. 127:125101-10 (2007).
Info: MGRIDFORCE key 0
Info:            Potfile 4ake-target_autopsf-grid.dx
Info:            Scale 0.3 0.3 0.3
Info:            File 1ake-docked-noh_autopsf-grid.pdb
Info:            Col O
Info:            ChargeCol B
Info:            VOffset 0 0 0
Info:            Continuous K1 FALSE
Info:            Continuous K2 FALSE
Info:            Continuous K3 FALSE
Info:            Volts FALSE
Info:            Gridforce-Lite FALSE
Info:            Gridforce-CheckSize TRUE
Info: LANGEVIN DYNAMICS ACTIVE
Info: LANGEVIN TEMPERATURE   300
Info: LANGEVIN USING BBK INTEGRATOR
Info: LANGEVIN DAMPING COEFFICIENT IS 5 INVERSE PS
Info: LANGEVIN DYNAMICS NOT APPLIED TO HYDROGENS
Info: USING VERLET I (r-RESPA) MTS SCHEME.
Info: C1 SPLITTING OF LONG RANGE ELECTROSTATICS
Info: PLACING ATOMS IN PATCHES BY HYDROGEN GROUPS
Info: RIGID BONDS TO HYDROGEN : WATER
Info:         ERROR TOLERANCE : 1e-08
Info:          MAX ITERATIONS : 100
Info: RIGID WATER USING SETTLE ALGORITHM
Info: NONBONDED FORCES EVALUATED EVERY 2 STEPS
Info: RANDOM NUMBER SEED     1609822385
Info: USE HYDROGEN BONDS?    NO
Info: COORDINATE PDB         1ake-docked-noh_autopsf.pdb
Info: STRUCTURE FILE         1ake-docked-noh_autopsf.psf
Info: PARAMETER file: CHARMM format! 
Info: PARAMETERS             par_all36_prot.prm
Info: USING ARITHMETIC MEAN TO COMBINE L-J SIGMA PARAMETERS
Info: BINARY COORDINATES     0_11_adk-step1.restart.coor
Info: SUMMARY OF PARAMETERS:
Info: 132 BONDS
Info: 362 ANGLES
Info: 702 DIHEDRAL
Info: 35 IMPROPER
Info: 6 CROSSTERM
Info: 53 VDW
Info: 0 VDW_PAIRS
Info: 0 NBTHOLE_PAIRS
Info: TIME FOR READING PSF FILE: 0.391569
Info: READING EXTRA BONDS FILE 1ake-extrabonds.txt
Info: READING EXTRA BONDS FILE 1ake-extrabonds-cispeptide.txt
Info: READING EXTRA BONDS FILE 1ake-extrabonds-chirality.txt
Info: READ 80 EXTRA BONDS
Info: READ 80 EXTRA ANGLES
Warning: EXTRA ANGLES ARE COSINE-BASED BY DEFAULT TO MATCH PREVIOUS VERSIONS
Warning: FOR NORMAL HARMONIC EXTRA ANGLES SET extraBondsCosAngles off
Info: READ 493 EXTRA DIHEDRALS
Info: READ 438 EXTRA IMPROPERS
Info: Reading pdb file 1ake-docked-noh_autopsf.pdb
Info: TIME FOR READING PDB FILE: 0.0613874
Info: 
Info: ****************************
Info: STRUCTURE SUMMARY:
Info: 3341 ATOMS
Info: 3445 BONDS
Info: 6203 ANGLES
Info: 9414 DIHEDRALS
Info: 1005 IMPROPERS
Info: 212 CROSSTERMS
Info: 0 EXCLUSIONS
Info: 0 RIGID BONDS
Info: 1 GRIDS ACTIVE
Info: 10023 DEGREES OF FREEDOM
Info: 1656 HYDROGEN GROUPS
Info: 4 ATOMS IN LARGEST HYDROGEN GROUP
Info: 1656 MIGRATION GROUPS
Info: 4 ATOMS IN LARGEST MIGRATION GROUP
Info: TOTAL MASS = 23582 amu
Info: TOTAL CHARGE = -4 e
Info: *****************************
Info: Reading from binary file 0_11_adk-step1.restart.coor
Info: 
Info: Entering startup at 2.22386 s, 798.75 MB of memory in use
Info: Startup phase 0 took 0.000203735 s, 798.875 MB of memory in use
Info: ADDED 18308 IMPLICIT EXCLUSIONS
Info: Startup phase 1 took 0.00754361 s, 799 MB of memory in use
Info: NONBONDED TABLE R-SQUARED SPACING: 0.0625
Info: NONBONDED TABLE SIZE: 705 POINTS
Info: ABSOLUTE IMPRECISION IN FAST TABLE ENERGY: 3.38813e-21 AT 9.89634
Info: RELATIVE IMPRECISION IN FAST TABLE ENERGY: 4.23384e-15 AT 9.94673
Info: ABSOLUTE IMPRECISION IN FAST TABLE FORCE: 6.35275e-22 AT 9.94673
Info: RELATIVE IMPRECISION IN FAST TABLE FORCE: 5.07982e-16 AT 9.94673
Info: INCONSISTENCY IN FAST TABLE ENERGY VS FORCE: 0.000290185 AT 0.251946
Info: ABSOLUTE IMPRECISION IN VDWA TABLE ENERGY: 1.57772e-30 AT 9.89634
Info: RELATIVE IMPRECISION IN VDWA TABLE ENERGY: 4.54938e-15 AT 9.94673
Info: ABSOLUTE IMPRECISION IN VDWA TABLE FORCE: 5.91646e-31 AT 9.94673
Info: RELATIVE IMPRECISION IN VDWA TABLE FORCE: 5.6823e-16 AT 9.94673
Info: INCONSISTENCY IN VDWA TABLE ENERGY VS FORCE: 0.0040507 AT 0.251946
Info: ABSOLUTE IMPRECISION IN VDWB TABLE ENERGY: 4.71751e-25 AT 9.94673
Info: RELATIVE IMPRECISION IN VDWB TABLE ENERGY: 1.45371e-14 AT 9.94673
Info: ABSOLUTE IMPRECISION IN VDWB TABLE FORCE: 6.20385e-25 AT 9.94673
Info: RELATIVE IMPRECISION IN VDWB TABLE FORCE: 5.97512e-16 AT 9.94673
Info: INCONSISTENCY IN VDWB TABLE ENERGY VS FORCE: 0.00377068 AT 9.07951
Info: Startup phase 2 took 0.000531785 s, 800.125 MB of memory in use
Info: Startup phase 3 took 0.000186133 s, 800.125 MB of memory in use
Info: Startup phase 4 took 0.000250183 s, 800.25 MB of memory in use
Info: Startup phase 5 took 0.000169318 s, 800.25 MB of memory in use
Info: ORIGINAL ATOMS MINMAX IS -20.9326 -33.607 -37.6809  17.3652 20.3607 17.0212
Info: ADJUSTED ATOMS MINMAX IS -16.5618 -27.7272 -32.0016  11.7697 11.8488 8.36348
Info: PATCH GRID IS 5 BY 3 BY 3
Info: PATCH GRID IS 2-AWAY BY 1-AWAY BY 1-AWAY
Info: Reading from binary file 0_11_adk-step1.restart.vel
Info: REMOVING COM VELOCITY 0.0751881 0.0295373 -0.167472
Info: LARGEST PATCH (11) HAS 202 ATOMS
Info: TORUS A SIZE 1 USING 0
Info: TORUS B SIZE 1 USING 0
Info: TORUS C SIZE 1 USING 0
Info: TORUS MINIMAL MESH SIZE IS 1 BY 1 BY 1
Info: Placed 100% of base nodes on same physical node as patch
Info: Startup phase 6 took 0.0184511 s, 800.5 MB of memory in use
Info: Startup phase 7 took 0.000177836 s, 801.5 MB of memory in use
Info: Updated CUDA force table with 4096 elements.
Info: Updated CUDA force table with 4096 elements.
Info: Updated CUDA LJ table with 53 x 53 elements.
Info: Updated CUDA LJ table with 53 x 53 elements.
Info: Updated CUDA force table with 4096 elements.
Info: Updated CUDA LJ table with 53 x 53 elements.
Info: Updated CUDA force table with 4096 elements.
Info: Updated CUDA force table with 4096 elements.
Info: Updated CUDA LJ table with 53 x 53 elements.
Info: Updated CUDA LJ table with 53 x 53 elements.
Info: Updated CUDA force table with 4096 elements.
Info: Updated CUDA LJ table with 53 x 53 elements.
Info: Startup phase 8 took 0.00324606 s, 801.625 MB of memory in use
Info: Startup phase 9 took 0.000373271 s, 801.688 MB of memory in use
Info: Startup phase 10 took 0.000186107 s, 801.75 MB of memory in use
Info: Startup phase 11 took 0.000853114 s, 801.938 MB of memory in use
LDB: Central LB being created...
Info: Startup phase 12 took 0.00209211 s, 802.938 MB of memory in use
Info: CREATING 1139 COMPUTE OBJECTS
Info: Found 278 unique exclusion lists needing 900 bytes
Info: Found 278 unique exclusion lists needing 900 bytes
Info: Found 278 unique exclusion lists needing 900 bytes
Info: Found 278 unique exclusion lists needing 900 bytes
Info: Found 278 unique exclusion lists needing 900 bytes
Info: Found 278 unique exclusion lists needing 900 bytes
Info: Startup phase 13 took 0.0158773 s, 803.812 MB of memory in use
Info: Building spanning tree ... send: 1 recv: 0 with branch factor 4
Info: useSync: 0 useProxySync: 0
Info: Startup phase 14 took 0.000189786 s, 804 MB of memory in use
Info: Startup phase 15 took 0.000279205 s, 804.125 MB of memory in use
Info: Finished startup at 2.27447 s, 804.25 MB of memory in use

TCL: Running for 5000 steps
PRESSURE: 0 0 0 0 0 0 0 0 0 0
GPRESSURE: 0 0 0 0 0 0 0 0 0 0
ETITLE:      TS           BOND          ANGLE          DIHED          IMPRP               ELECT            VDW       BOUNDARY           MISC        KINETIC               TOTAL           TEMP      POTENTIAL         TOTAL3        TEMPAVG

ENERGY:       0      1056.4610      1678.1736      2089.5621       165.3794            -39.9254      -776.1304         0.0000      3976.3324      3010.0758          11159.9285       302.2526      8149.8527     11183.1764       302.2526

LDB: ============= START OF LOAD BALANCING ============== 2.28808
LDB: ============== END OF LOAD BALANCING =============== 2.28813
Info: useSync: 0 useProxySync: 0
LDB: =============== DONE WITH MIGRATION ================ 2.28821
LDB: ============= START OF LOAD BALANCING ============== 2.33372
LDB: Partitioning computes with target load 0.000000
LDB: Increased migratable compute count from 0 to 0
LDB: Largest unpartitionable compute is 0.000000
LDB: ============== END OF LOAD BALANCING =============== 2.33403
Info: build node-aware spanning tree with send: 1, recv: 0 with branch factor 4
Info: useSync: 0 useProxySync: 0
LDB: =============== DONE WITH MIGRATION ================ 2.33477
PRESSURE: 100 0 0 0 0 0 0 0 0 0
GPRESSURE: 100 0 0 0 0 0 0 0 0 0
PRESSAVG: 100 0 0 0 0 0 0 0 0 0
GPRESSAVG: 100 0 0 0 0 0 0 0 0 0
Info: Initial time: 42 CPUs 0.000570483 s/step 0.00660282 days/ns 816.062 MB memory
ENERGY:     100      1085.5582      1706.6302      2070.8395       149.8727            -40.2867      -769.9240         0.0000      3972.8556      2971.3346          11146.8801       298.3625      8175.5455     11168.5778       297.0444

LDB: ============= START OF LOAD BALANCING ============== 2.34618
LDB: ============== END OF LOAD BALANCING =============== 2.34621
Info: useSync: 0 useProxySync: 0
LDB: =============== DONE WITH MIGRATION ================ 2.34629
LDB: ============= START OF LOAD BALANCING ============== 2.39137
LDB: TIME 2.39156 LOAD: AVG 0.0116974 MAX 0.0283088  PROXIES: TOTAL 173 MAXPE 10 MAXPATCH 7 None MEM: 817 MB
LDB: TIME 2.39172 LOAD: AVG 0.0116974 MAX 0.0283088  PROXIES: TOTAL 173 MAXPE 10 MAXPATCH 7 TorusLB MEM: 817 MB
LDB: Reverting to original mapping
LDB: ============== END OF LOAD BALANCING =============== 2.39195
Info: build node-aware spanning tree with send: 1, recv: 0 with branch factor 4
Info: useSync: 0 useProxySync: 0
LDB: =============== DONE WITH MIGRATION ================ 2.39262
PRESSURE: 200 0 0 0 0 0 0 0 0 0
GPRESSURE: 200 0 0 0 0 0 0 0 0 0
PRESSAVG: 200 0 0 0 0 0 0 0 0 0
GPRESSAVG: 200 0 0 0 0 0 0 0 0 0
Info: Initial time: 42 CPUs 0.000562131 s/step 0.00650614 days/ns 817 MB memory
ENERGY:     200      1066.2468      1689.2407      2086.7897       155.1470            -40.5457      -766.0849         0.0000      3975.9771      2972.1619          11138.9326       298.4456      8166.7706     11163.4253       297.9224

LDB: ============= START OF LOAD BALANCING ============== 2.44853
LDB: TIME 2.44874 LOAD: AVG 0.0141975 MAX 0.0348955  PROXIES: TOTAL 173 MAXPE 10 MAXPATCH 7 None MEM: 818 MB
LDB: TIME 2.4489 LOAD: AVG 0.0141975 MAX 0.0348955  PROXIES: TOTAL 173 MAXPE 10 MAXPATCH 7 RefineTorusLB MEM: 818.062 MB
LDB: TIME 2.44904 LOAD: AVG 0.0141975 MAX 0.0348955  PROXIES: TOTAL 173 MAXPE 10 MAXPATCH 7 RefineTorusLB MEM: 818.062 MB
LDB: ============== END OF LOAD BALANCING =============== 2.44926
Info: build node-aware spanning tree with send: 1, recv: 0 with branch factor 4
Info: useSync: 0 useProxySync: 0
LDB: =============== DONE WITH MIGRATION ================ 2.44993
PRESSURE: 300 0 0 0 0 0 0 0 0 0
GPRESSURE: 300 0 0 0 0 0 0 0 0 0
PRESSAVG: 300 0 0 0 0 0 0 0 0 0
GPRESSAVG: 300 0 0 0 0 0 0 0 0 0
Info: Initial time: 42 CPUs 0.000557664 s/step 0.00645444 days/ns 818.062 MB memory
ENERGY:     300      1115.8570      1724.2313      2080.2717       146.0844            -40.0136      -794.3755         0.0000      3980.8237      2954.3630          11167.2420       296.6583      8212.8790     11194.5009       297.5093

LDB: ============= START OF LOAD BALANCING ============== 2.50586
LDB: TIME 2.50606 LOAD: AVG 0.0141715 MAX 0.0348402  PROXIES: TOTAL 173 MAXPE 10 MAXPATCH 7 None MEM: 819.062 MB
LDB: TIME 2.50622 LOAD: AVG 0.0141715 MAX 0.0348402  PROXIES: TOTAL 173 MAXPE 10 MAXPATCH 7 RefineTorusLB MEM: 819.062 MB
LDB: TIME 2.50636 LOAD: AVG 0.0141715 MAX 0.0348402  PROXIES: TOTAL 173 MAXPE 10 MAXPATCH 7 RefineTorusLB MEM: 819.062 MB
LDB: Reverting to original mapping
LDB: ============== END OF LOAD BALANCING =============== 2.50659
Info: build node-aware spanning tree with send: 1, recv: 0 with branch factor 4
Info: useSync: 0 useProxySync: 0
LDB: =============== DONE WITH MIGRATION ================ 2.50726
PRESSURE: 400 0 0 0 0 0 0 0 0 0
GPRESSURE: 400 0 0 0 0 0 0 0 0 0
PRESSAVG: 400 0 0 0 0 0 0 0 0 0
GPRESSAVG: 400 0 0 0 0 0 0 0 0 0
Info: Benchmark time: 42 CPUs 0.000558008 s/step 0.00645842 days/ns 819.062 MB memory
ENERGY:     400      1058.2644      1670.7581      2104.6935       169.8712            -41.1199      -771.3634         0.0000      3981.6552      2957.8353          11130.5945       297.0070      8172.7592     11154.4373       297.2804

PRESSURE: 500 0 0 0 0 0 0 0 0 0
GPRESSURE: 500 0 0 0 0 0 0 0 0 0
PRESSAVG: 500 0 0 0 0 0 0 0 0 0
GPRESSAVG: 500 0 0 0 0 0 0 0 0 0
Info: Benchmark time: 42 CPUs 0.000550034 s/step 0.00636614 days/ns 819.875 MB memory
ENERGY:     500      1064.5821      1725.8886      2092.2996       166.2441            -42.5379      -777.9417         0.0000      3971.0283      2965.5795          11165.1426       297.7846      8199.5631     11192.7471       298.5751

PRESSURE: 600 0 0 0 0 0 0 0 0 0
GPRESSURE: 600 0 0 0 0 0 0 0 0 0
PRESSAVG: 600 0 0 0 0 0 0 0 0 0
GPRESSAVG: 600 0 0 0 0 0 0 0 0 0
Info: Benchmark time: 42 CPUs 0.000550247 s/step 0.0063686 days/ns 819.875 MB memory
ENERGY:     600      1063.8053      1697.4680      2104.6196       163.5349            -42.6567      -790.6687         0.0000      3963.2500      3005.6934          11165.0459       301.8126      8159.3524     11192.1967       300.3606

PRESSURE: 700 0 0 0 0 0 0 0 0 0
GPRESSURE: 700 0 0 0 0 0 0 0 0 0
PRESSAVG: 700 0 0 0 0 0 0 0 0 0
GPRESSAVG: 700 0 0 0 0 0 0 0 0 0
Info: Benchmark time: 42 CPUs 0.00054996 s/step 0.00636528 days/ns 819.875 MB memory
ENERGY:     700      1078.0639      1697.7450      2107.7158       160.9281            -40.7639      -793.7509         0.0000      3980.3149      2962.1160          11152.3689       297.4368      8190.2529     11178.5579       300.1581

PRESSURE: 800 0 0 0 0 0 0 0 0 0
GPRESSURE: 800 0 0 0 0 0 0 0 0 0
PRESSAVG: 800 0 0 0 0 0 0 0 0 0
GPRESSAVG: 800 0 0 0 0 0 0 0 0 0
Info: Benchmark time: 42 CPUs 0.000557162 s/step 0.00644863 days/ns 819.875 MB memory
ENERGY:     800      1106.1593      1642.2642      2107.6322       152.0066            -40.0270      -796.5349         0.0000      3983.1635      3016.3468          11171.0107       302.8823      8154.6638     11195.1071       299.6304

PRESSURE: 900 0 0 0 0 0 0 0 0 0
GPRESSURE: 900 0 0 0 0 0 0 0 0 0
PRESSAVG: 900 0 0 0 0 0 0 0 0 0
GPRESSAVG: 900 0 0 0 0 0 0 0 0 0
Info: Benchmark time: 42 CPUs 0.000523204 s/step 0.0060556 days/ns 819.875 MB memory
ENERGY:     900      1099.7899      1710.8670      2083.2205       145.3705            -40.6350      -792.3616         0.0000      3985.3003      2961.2795          11152.8313       297.3528      8191.5518     11177.7243       297.9722

PRESSURE: 1000 0 0 0 0 0 0 0 0 0
GPRESSURE: 1000 0 0 0 0 0 0 0 0 0
PRESSAVG: 1000 0 0 0 0 0 0 0 0 0
GPRESSAVG: 1000 0 0 0 0 0 0 0 0 0
TIMING: 1000  CPU: 0.570689, 0.00055149/step  Wall: 0.57185, 0.000552288/step, 0.000613653 hours remaining, 819.875000 MB of memory in use.
ETITLE:      TS           BOND          ANGLE          DIHED          IMPRP               ELECT            VDW       BOUNDARY           MISC        KINETIC               TOTAL           TEMP      POTENTIAL         TOTAL3        TEMPAVG

ENERGY:    1000      1080.7299      1629.3570      2079.4025       152.8454            -41.4135      -765.0010         0.0000      3979.7846      2982.0352          11097.7401       299.4370      8115.7049     11122.7202       297.7714

WRITING EXTENDED SYSTEM TO RESTART FILE AT STEP 1000
OPENING COORDINATE DCD FILE
WRITING COORDINATES TO DCD FILE adk-step1.dcd AT STEP 1000
WRITING COORDINATES TO RESTART FILE AT STEP 1000
FINISHED WRITING RESTART COORDINATES
The last position output (seq=1000) takes 0.004 seconds, 820.000 MB of memory in use
WRITING VELOCITIES TO RESTART FILE AT STEP 1000
FINISHED WRITING RESTART VELOCITIES
The last velocity output (seq=1000) takes 0.002 seconds, 820.000 MB of memory in use
PRESSURE: 1100 0 0 0 0 0 0 0 0 0
GPRESSURE: 1100 0 0 0 0 0 0 0 0 0
PRESSAVG: 1100 0 0 0 0 0 0 0 0 0
GPRESSAVG: 1100 0 0 0 0 0 0 0 0 0
ENERGY:    1100      1130.3045      1705.0564      2087.1034       146.9864            -40.9190      -765.0535         0.0000      3971.5616      2863.9244          11098.9642       287.5770      8235.0398     11118.9101       297.8330

PRESSURE: 1200 0 0 0 0 0 0 0 0 0
GPRESSURE: 1200 0 0 0 0 0 0 0 0 0
PRESSAVG: 1200 0 0 0 0 0 0 0 0 0
GPRESSAVG: 1200 0 0 0 0 0 0 0 0 0
ENERGY:    1200      1100.8239      1695.5500      2079.0780       142.6814            -40.6812      -791.0535         0.0000      3961.2061      2946.5917          11094.1965       295.8780      8147.6048     11117.2309       295.7780

PRESSURE: 1300 0 0 0 0 0 0 0 0 0
GPRESSURE: 1300 0 0 0 0 0 0 0 0 0
PRESSAVG: 1300 0 0 0 0 0 0 0 0 0
GPRESSAVG: 1300 0 0 0 0 0 0 0 0 0
ENERGY:    1300      1118.0490      1696.8268      2069.4537       157.8314            -40.2797      -772.0466         0.0000      3958.7290      2908.7897          11097.3531       292.0821      8188.5634     11116.2074       293.8545

PRESSURE: 1400 0 0 0 0 0 0 0 0 0
GPRESSURE: 1400 0 0 0 0 0 0 0 0 0
PRESSAVG: 1400 0 0 0 0 0 0 0 0 0
GPRESSAVG: 1400 0 0 0 0 0 0 0 0 0
ENERGY:    1400      1106.4005      1716.4638      2056.7601       148.6283            -39.7034      -771.5265         0.0000      3959.4978      2939.9017          11116.4223       295.2062      8176.5206     11139.0693       296.1860

PRESSURE: 1500 0 0 0 0 0 0 0 0 0
GPRESSURE: 1500 0 0 0 0 0 0 0 0 0
PRESSAVG: 1500 0 0 0 0 0 0 0 0 0
GPRESSAVG: 1500 0 0 0 0 0 0 0 0 0
ENERGY:    1500      1073.5781      1706.1915      2097.7582       167.0357            -39.6975      -813.6693         0.0000      3964.1495      3007.8984          11163.2446       302.0340      8155.3462     11183.8598       297.5959

PRESSURE: 1600 0 0 0 0 0 0 0 0 0
GPRESSURE: 1600 0 0 0 0 0 0 0 0 0
PRESSAVG: 1600 0 0 0 0 0 0 0 0 0
GPRESSAVG: 1600 0 0 0 0 0 0 0 0 0
ENERGY:    1600      1088.2735      1687.8502      2083.9247       160.6284            -38.9264      -747.1618         0.0000      3967.7986      2971.5781          11173.9654       298.3869      8202.3872     11197.6811       299.9323

PRESSURE: 1700 0 0 0 0 0 0 0 0 0
GPRESSURE: 1700 0 0 0 0 0 0 0 0 0
PRESSAVG: 1700 0 0 0 0 0 0 0 0 0
GPRESSAVG: 1700 0 0 0 0 0 0 0 0 0
ENERGY:    1700      1100.8494      1686.1123      2084.9494       164.8816            -39.8712      -787.5220         0.0000      3970.7820      3000.8028          11180.9843       301.3215      8180.1815     11204.8536       299.8074

PRESSURE: 1800 0 0 0 0 0 0 0 0 0
GPRESSURE: 1800 0 0 0 0 0 0 0 0 0
PRESSAVG: 1800 0 0 0 0 0 0 0 0 0
GPRESSAVG: 1800 0 0 0 0 0 0 0 0 0
ENERGY:    1800      1084.8651      1741.1552      2108.5740       163.9789            -38.9940      -814.6885         0.0000      3968.8057      2969.1790          11182.8756       298.1460      8213.6965     11209.2909       299.7376

PRESSURE: 1900 0 0 0 0 0 0 0 0 0
GPRESSURE: 1900 0 0 0 0 0 0 0 0 0
PRESSAVG: 1900 0 0 0 0 0 0 0 0 0
GPRESSAVG: 1900 0 0 0 0 0 0 0 0 0
ENERGY:    1900      1111.5076      1738.4064      2098.9452       158.1427            -39.0632      -795.7305         0.0000      3969.3792      2968.4700          11210.0573       298.0748      8241.5873     11234.2188       300.5057

PRESSURE: 2000 0 0 0 0 0 0 0 0 0
GPRESSURE: 2000 0 0 0 0 0 0 0 0 0
PRESSAVG: 2000 0 0 0 0 0 0 0 0 0
GPRESSAVG: 2000 0 0 0 0 0 0 0 0 0
TIMING: 2000  CPU: 1.12342, 0.000552732/step  Wall: 1.13291, 0.00056106/step, 0.00046755 hours remaining, 820.000000 MB of memory in use.
ETITLE:      TS           BOND          ANGLE          DIHED          IMPRP               ELECT            VDW       BOUNDARY           MISC        KINETIC               TOTAL           TEMP      POTENTIAL         TOTAL3        TEMPAVG

ENERGY:    2000      1089.7967      1693.3902      2099.1578       158.3960            -39.1664      -785.0891         0.0000      3961.6989      3007.4570          11185.6410       301.9897      8178.1841     11212.2798       301.2425

WRITING EXTENDED SYSTEM TO RESTART FILE AT STEP 2000
WRITING COORDINATES TO DCD FILE adk-step1.dcd AT STEP 2000
WRITING COORDINATES TO RESTART FILE AT STEP 2000
FINISHED WRITING RESTART COORDINATES
The last position output (seq=2000) takes 0.002 seconds, 820.000 MB of memory in use
WRITING VELOCITIES TO RESTART FILE AT STEP 2000
FINISHED WRITING RESTART VELOCITIES
The last velocity output (seq=2000) takes 0.002 seconds, 820.000 MB of memory in use
PRESSURE: 2100 0 0 0 0 0 0 0 0 0
GPRESSURE: 2100 0 0 0 0 0 0 0 0 0
PRESSAVG: 2100 0 0 0 0 0 0 0 0 0
GPRESSAVG: 2100 0 0 0 0 0 0 0 0 0
ENERGY:    2100      1066.6220      1707.5261      2090.4766       171.6033            -39.3848      -773.6997         0.0000      3954.1935      3026.7232          11204.0603       303.9243      8177.3371     11227.1014       302.0881

PRESSURE: 2200 0 0 0 0 0 0 0 0 0
GPRESSURE: 2200 0 0 0 0 0 0 0 0 0
PRESSAVG: 2200 0 0 0 0 0 0 0 0 0
GPRESSAVG: 2200 0 0 0 0 0 0 0 0 0
ENERGY:    2200      1113.2809      1719.3895      2096.1467       140.8366            -39.5499      -764.8538         0.0000      3949.6098      2992.0060          11206.8657       300.4382      8214.8597     11230.5559       302.4178

PRESSURE: 2300 0 0 0 0 0 0 0 0 0
GPRESSURE: 2300 0 0 0 0 0 0 0 0 0
PRESSAVG: 2300 0 0 0 0 0 0 0 0 0
GPRESSAVG: 2300 0 0 0 0 0 0 0 0 0
ENERGY:    2300      1115.7219      1726.6847      2123.5409       156.1258            -40.5620      -790.2226         0.0000      3953.9150      3022.0433          11267.2470       303.4543      8245.2037     11288.6843       303.8100

PRESSURE: 2400 0 0 0 0 0 0 0 0 0
GPRESSURE: 2400 0 0 0 0 0 0 0 0 0
PRESSAVG: 2400 0 0 0 0 0 0 0 0 0
GPRESSAVG: 2400 0 0 0 0 0 0 0 0 0
ENERGY:    2400      1131.7551      1681.8034      2089.9225       152.2345            -41.3706      -753.6633         0.0000      3950.1601      3053.3277          11264.1694       306.5957      8210.8417     11290.8267       305.7495

PRESSURE: 2500 0 0 0 0 0 0 0 0 0
GPRESSURE: 2500 0 0 0 0 0 0 0 0 0
PRESSAVG: 2500 0 0 0 0 0 0 0 0 0
GPRESSAVG: 2500 0 0 0 0 0 0 0 0 0
ENERGY:    2500      1118.6199      1740.5649      2081.9436       159.4885            -40.5311      -770.7152         0.0000      3961.7163      2983.5571          11234.6439       299.5898      8251.0868     11256.5554       303.3758

PRESSURE: 2600 0 0 0 0 0 0 0 0 0
GPRESSURE: 2600 0 0 0 0 0 0 0 0 0
PRESSAVG: 2600 0 0 0 0 0 0 0 0 0
GPRESSAVG: 2600 0 0 0 0 0 0 0 0 0
ENERGY:    2600      1085.8094      1743.8606      2113.9719       157.1176            -40.5172      -775.9284         0.0000      3955.5744      3027.7875          11267.6758       304.0311      8239.8883     11297.3611       304.5006

PRESSURE: 2700 0 0 0 0 0 0 0 0 0
GPRESSURE: 2700 0 0 0 0 0 0 0 0 0
PRESSAVG: 2700 0 0 0 0 0 0 0 0 0
GPRESSAVG: 2700 0 0 0 0 0 0 0 0 0
ENERGY:    2700      1134.7295      1731.7588      2102.7078       141.6113            -39.7413      -773.1923         0.0000      3958.5801      3090.8599          11347.3139       310.3645      8256.4540     11376.7848       308.4926

PRESSURE: 2800 0 0 0 0 0 0 0 0 0
GPRESSURE: 2800 0 0 0 0 0 0 0 0 0
PRESSAVG: 2800 0 0 0 0 0 0 0 0 0
GPRESSAVG: 2800 0 0 0 0 0 0 0 0 0
ENERGY:    2800      1132.5723      1728.4359      2079.3308       162.2685            -40.1826      -756.5968         0.0000      3955.7063      3070.1191          11331.6534       308.2818      8261.5343     11353.7976       309.8193

PRESSURE: 2900 0 0 0 0 0 0 0 0 0
GPRESSURE: 2900 0 0 0 0 0 0 0 0 0
PRESSAVG: 2900 0 0 0 0 0 0 0 0 0
GPRESSAVG: 2900 0 0 0 0 0 0 0 0 0
ENERGY:    2900      1100.2664      1706.0077      2110.3509       164.0130            -39.6244      -773.7476         0.0000      3952.4913      3048.9358          11268.6931       306.1547      8219.7573     11291.6270       307.5229

PRESSURE: 3000 0 0 0 0 0 0 0 0 0
GPRESSURE: 3000 0 0 0 0 0 0 0 0 0
PRESSAVG: 3000 0 0 0 0 0 0 0 0 0
GPRESSAVG: 3000 0 0 0 0 0 0 0 0 0
TIMING: 3000  CPU: 1.67944, 0.000556017/step  Wall: 1.69213, 0.000559216/step, 0.000310675 hours remaining, 820.000000 MB of memory in use.
ETITLE:      TS           BOND          ANGLE          DIHED          IMPRP               ELECT            VDW       BOUNDARY           MISC        KINETIC               TOTAL           TEMP      POTENTIAL         TOTAL3        TEMPAVG

ENERGY:    3000      1124.2383      1729.9406      2068.8630       152.7412            -39.8452      -778.9161         0.0000      3943.0397      2953.8832          11153.9446       296.6101      8200.0615     11181.7111       302.1912

WRITING EXTENDED SYSTEM TO RESTART FILE AT STEP 3000
WRITING COORDINATES TO DCD FILE adk-step1.dcd AT STEP 3000
WRITING COORDINATES TO RESTART FILE AT STEP 3000
FINISHED WRITING RESTART COORDINATES
The last position output (seq=3000) takes 0.002 seconds, 820.000 MB of memory in use
WRITING VELOCITIES TO RESTART FILE AT STEP 3000
FINISHED WRITING RESTART VELOCITIES
The last velocity output (seq=3000) takes 0.002 seconds, 820.000 MB of memory in use
PRESSURE: 3100 0 0 0 0 0 0 0 0 0
GPRESSURE: 3100 0 0 0 0 0 0 0 0 0
PRESSAVG: 3100 0 0 0 0 0 0 0 0 0
GPRESSAVG: 3100 0 0 0 0 0 0 0 0 0
ENERGY:    3100      1091.4559      1688.3173      2066.5917       167.4678            -39.1088      -784.8102         0.0000      3945.6139      3000.3623          11135.8899       301.2773      8135.5276     11159.8571       300.6503

PRESSURE: 3200 0 0 0 0 0 0 0 0 0
GPRESSURE: 3200 0 0 0 0 0 0 0 0 0
PRESSAVG: 3200 0 0 0 0 0 0 0 0 0
GPRESSAVG: 3200 0 0 0 0 0 0 0 0 0
ENERGY:    3200      1129.3847      1686.6181      2062.0059       147.3405            -39.4242      -777.0350         0.0000      3946.7893      3019.6169          11175.2961       303.2107      8155.6791     11197.0098       300.8757

PRESSURE: 3300 0 0 0 0 0 0 0 0 0
GPRESSURE: 3300 0 0 0 0 0 0 0 0 0
PRESSAVG: 3300 0 0 0 0 0 0 0 0 0
GPRESSAVG: 3300 0 0 0 0 0 0 0 0 0
ENERGY:    3300      1142.8523      1725.7377      2104.8018       157.0754            -40.2576      -771.8503         0.0000      3942.4045      2963.5157          11224.2794       297.5774      8260.7637     11245.6166       303.3461

PRESSURE: 3400 0 0 0 0 0 0 0 0 0
GPRESSURE: 3400 0 0 0 0 0 0 0 0 0
PRESSAVG: 3400 0 0 0 0 0 0 0 0 0
GPRESSAVG: 3400 0 0 0 0 0 0 0 0 0
ENERGY:    3400      1103.1904      1707.1200      2104.8887       152.7422            -39.8816      -796.4573         0.0000      3941.6001      2989.2110          11162.4135       300.1575      8173.2025     11186.8963       301.7506

PRESSURE: 3500 0 0 0 0 0 0 0 0 0
GPRESSURE: 3500 0 0 0 0 0 0 0 0 0
PRESSAVG: 3500 0 0 0 0 0 0 0 0 0
GPRESSAVG: 3500 0 0 0 0 0 0 0 0 0
ENERGY:    3500      1091.9664      1753.2770      2071.9182       159.6329            -39.9151      -773.9269         0.0000      3938.2719      2979.5421          11180.7664       299.1866      8201.2243     11202.1750       301.6606

PRESSURE: 3600 0 0 0 0 0 0 0 0 0
GPRESSURE: 3600 0 0 0 0 0 0 0 0 0
PRESSAVG: 3600 0 0 0 0 0 0 0 0 0
GPRESSAVG: 3600 0 0 0 0 0 0 0 0 0
ENERGY:    3600      1118.1944      1723.5317      2093.2726       153.4604            -38.8054      -789.0246         0.0000      3942.0660      2993.5900          11196.2850       300.5972      8202.6950     11220.0772       302.8618

PRESSURE: 3700 0 0 0 0 0 0 0 0 0
GPRESSURE: 3700 0 0 0 0 0 0 0 0 0
PRESSAVG: 3700 0 0 0 0 0 0 0 0 0
GPRESSAVG: 3700 0 0 0 0 0 0 0 0 0
ENERGY:    3700      1087.0223      1722.8525      2101.0810       137.8113            -38.4269      -758.4116         0.0000      3952.5778      3031.4043          11235.9107       304.3943      8204.5063     11262.2930       302.9104

PRESSURE: 3800 0 0 0 0 0 0 0 0 0
GPRESSURE: 3800 0 0 0 0 0 0 0 0 0
PRESSAVG: 3800 0 0 0 0 0 0 0 0 0
GPRESSAVG: 3800 0 0 0 0 0 0 0 0 0
ENERGY:    3800      1090.7489      1748.2104      2081.5330       149.0223            -38.8508      -757.1338         0.0000      3956.5267      2994.2733          11224.3300       300.6658      8230.0567     11251.7421       301.5406

PRESSURE: 3900 0 0 0 0 0 0 0 0 0
GPRESSURE: 3900 0 0 0 0 0 0 0 0 0
PRESSAVG: 3900 0 0 0 0 0 0 0 0 0
GPRESSAVG: 3900 0 0 0 0 0 0 0 0 0
ENERGY:    3900      1089.3131      1718.1891      2065.1403       161.2663            -39.0025      -779.0660         0.0000      3951.6417      3036.9599          11204.4419       304.9522      8167.4819     11227.7842       302.2702

PRESSURE: 4000 0 0 0 0 0 0 0 0 0
GPRESSURE: 4000 0 0 0 0 0 0 0 0 0
PRESSAVG: 4000 0 0 0 0 0 0 0 0 0
GPRESSAVG: 4000 0 0 0 0 0 0 0 0 0
TIMING: 4000  CPU: 2.19719, 0.000517757/step  Wall: 2.21285, 0.000520728/step, 0.000144647 hours remaining, 820.000000 MB of memory in use.
ETITLE:      TS           BOND          ANGLE          DIHED          IMPRP               ELECT            VDW       BOUNDARY           MISC        KINETIC               TOTAL           TEMP      POTENTIAL         TOTAL3        TEMPAVG

ENERGY:    4000      1110.1877      1676.9441      2088.4892       167.4795            -38.9269      -764.0696         0.0000      3942.7343      3004.6563          11187.4946       301.7084      8182.8383     11213.3129       303.0049

WRITING EXTENDED SYSTEM TO RESTART FILE AT STEP 4000
WRITING COORDINATES TO DCD FILE adk-step1.dcd AT STEP 4000
WRITING COORDINATES TO RESTART FILE AT STEP 4000
FINISHED WRITING RESTART COORDINATES
The last position output (seq=4000) takes 0.002 seconds, 820.000 MB of memory in use
WRITING VELOCITIES TO RESTART FILE AT STEP 4000
FINISHED WRITING RESTART VELOCITIES
The last velocity output (seq=4000) takes 0.002 seconds, 820.000 MB of memory in use
PRESSURE: 4100 0 0 0 0 0 0 0 0 0
GPRESSURE: 4100 0 0 0 0 0 0 0 0 0
PRESSAVG: 4100 0 0 0 0 0 0 0 0 0
GPRESSAVG: 4100 0 0 0 0 0 0 0 0 0
ENERGY:    4100      1101.6405      1737.9451      2082.0038       146.2212            -38.7398      -766.9603         0.0000      3939.0558      2963.2569          11164.4233       297.5514      8201.1664     11188.5246       301.6447

PRESSURE: 4200 0 0 0 0 0 0 0 0 0
GPRESSURE: 4200 0 0 0 0 0 0 0 0 0
PRESSAVG: 4200 0 0 0 0 0 0 0 0 0
GPRESSAVG: 4200 0 0 0 0 0 0 0 0 0
ENERGY:    4200      1112.3713      1708.1642      2067.3051       155.9789            -38.5570      -775.7752         0.0000      3945.4712      2939.6321          11114.5906       295.1791      8174.9585     11138.7346       298.5370

LDB: ============= START OF LOAD BALANCING ============== 4.6254
LDB: ============== END OF LOAD BALANCING =============== 4.62546
Info: useSync: 0 useProxySync: 0
LDB: =============== DONE WITH MIGRATION ================ 4.62556
PRESSURE: 4300 0 0 0 0 0 0 0 0 0
GPRESSURE: 4300 0 0 0 0 0 0 0 0 0
PRESSAVG: 4300 0 0 0 0 0 0 0 0 0
GPRESSAVG: 4300 0 0 0 0 0 0 0 0 0
ENERGY:    4300      1111.1052      1696.2785      2059.7882       163.7108            -37.6686      -775.3934         0.0000      3939.8349      3004.0529          11161.7084       301.6479      8157.6555     11188.3325       300.0137

LDB: ============= START OF LOAD BALANCING ============== 4.67557
LDB: TIME 4.67579 LOAD: AVG 0.0132317 MAX 0.0356361  PROXIES: TOTAL 173 MAXPE 10 MAXPATCH 7 None MEM: 820 MB
LDB: TIME 4.67597 LOAD: AVG 0.0132317 MAX 0.0356361  PROXIES: TOTAL 173 MAXPE 10 MAXPATCH 7 RefineTorusLB MEM: 820.062 MB
LDB: TIME 4.67611 LOAD: AVG 0.0132317 MAX 0.0356361  PROXIES: TOTAL 173 MAXPE 10 MAXPATCH 7 RefineTorusLB MEM: 820.062 MB
LDB: Reverting to original mapping
LDB: ============== END OF LOAD BALANCING =============== 4.67633
Info: build node-aware spanning tree with send: 1, recv: 0 with branch factor 4
Info: useSync: 0 useProxySync: 0
LDB: =============== DONE WITH MIGRATION ================ 4.67701
PRESSURE: 4400 0 0 0 0 0 0 0 0 0
GPRESSURE: 4400 0 0 0 0 0 0 0 0 0
PRESSAVG: 4400 0 0 0 0 0 0 0 0 0
GPRESSAVG: 4400 0 0 0 0 0 0 0 0 0
ENERGY:    4400      1130.5632      1739.8587      2071.6255       149.2025            -37.9702      -782.2953         0.0000      3951.7938      2980.4420          11203.2201       299.2770      8222.7780     11229.1933       301.2129

PRESSURE: 4500 0 0 0 0 0 0 0 0 0
GPRESSURE: 4500 0 0 0 0 0 0 0 0 0
PRESSAVG: 4500 0 0 0 0 0 0 0 0 0
GPRESSAVG: 4500 0 0 0 0 0 0 0 0 0
ENERGY:    4500      1074.9907      1698.4886      2056.7654       157.7330            -38.3102      -778.4757         0.0000      3946.1119      3070.4788          11187.7827       308.3179      8117.3039     11217.5500       302.6341

PRESSURE: 4600 0 0 0 0 0 0 0 0 0
GPRESSURE: 4600 0 0 0 0 0 0 0 0 0
PRESSAVG: 4600 0 0 0 0 0 0 0 0 0
GPRESSAVG: 4600 0 0 0 0 0 0 0 0 0
ENERGY:    4600      1129.7356      1713.1579      2062.8996       151.6823            -39.3264      -797.4414         0.0000      3953.7519      2994.2311          11168.6907       300.6616      8174.4596     11193.1684       301.7713

PRESSURE: 4700 0 0 0 0 0 0 0 0 0
GPRESSURE: 4700 0 0 0 0 0 0 0 0 0
PRESSAVG: 4700 0 0 0 0 0 0 0 0 0
GPRESSAVG: 4700 0 0 0 0 0 0 0 0 0
ENERGY:    4700      1134.6937      1708.1676      2090.2135       152.8264            -39.3212      -787.5332         0.0000      3947.3864      2986.8017          11193.2348       299.9156      8206.4332     11216.7483       299.7407

PRESSURE: 4800 0 0 0 0 0 0 0 0 0
GPRESSURE: 4800 0 0 0 0 0 0 0 0 0
PRESSAVG: 4800 0 0 0 0 0 0 0 0 0
GPRESSAVG: 4800 0 0 0 0 0 0 0 0 0
ENERGY:    4800      1113.1270      1662.1985      2074.6927       150.5443            -39.3279      -768.7342         0.0000      3942.0830      2996.8580          11131.4413       300.9254      8134.5833     11159.1587       301.5931

PRESSURE: 4900 0 0 0 0 0 0 0 0 0
GPRESSURE: 4900 0 0 0 0 0 0 0 0 0
PRESSAVG: 4900 0 0 0 0 0 0 0 0 0
GPRESSAVG: 4900 0 0 0 0 0 0 0 0 0
ENERGY:    4900      1125.0657      1697.2887      2104.4957       161.1766            -39.3554      -783.2712         0.0000      3938.7068      2941.4055          11145.5125       295.3572      8204.1070     11170.6403       298.1785

PRESSURE: 5000 0 0 0 0 0 0 0 0 0
GPRESSURE: 5000 0 0 0 0 0 0 0 0 0
PRESSAVG: 5000 0 0 0 0 0 0 0 0 0
GPRESSAVG: 5000 0 0 0 0 0 0 0 0 0
TIMING: 5000  CPU: 2.69604, 0.000498847/step  Wall: 2.71609, 0.000503236/step, 0 hours remaining, 820.062500 MB of memory in use.
ETITLE:      TS           BOND          ANGLE          DIHED          IMPRP               ELECT            VDW       BOUNDARY           MISC        KINETIC               TOTAL           TEMP      POTENTIAL         TOTAL3        TEMPAVG

ENERGY:    5000      1154.8125      1679.6821      2089.6563       149.6699            -38.9324      -784.8434         0.0000      3940.1745      2978.2670          11168.4863       299.0586      8190.2193     11189.1291       300.2119

WRITING EXTENDED SYSTEM TO RESTART FILE AT STEP 5000
WRITING VELOCITIES TO RESTART FILE AT STEP 5000
FINISHED WRITING RESTART VELOCITIES
The last velocity output (seq=5000) takes 0.002 seconds, 820.875 MB of memory in use
WRITING COORDINATES TO DCD FILE adk-step1.dcd AT STEP 5000
WRITING COORDINATES TO RESTART FILE AT STEP 5000
FINISHED WRITING RESTART COORDINATES
The last position output (seq=5000) takes 0.002 seconds, 820.875 MB of memory in use
WRITING EXTENDED SYSTEM TO OUTPUT FILE AT STEP 5000
WRITING COORDINATES TO OUTPUT FILE AT STEP 5000
CLOSING COORDINATE DCD FILE adk-step1.dcd
The last position output (seq=-2) takes 0.004 seconds, 820.875 MB of memory in use
WRITING VELOCITIES TO OUTPUT FILE AT STEP 5000
====================================================

WallClock: 4.983605  CPUTime: 3.487935  Memory: 820.875000 MB
End of program
