6_4_cc.dat
/gpfs/alpine/bip115/scratch/hrlee/radical.pilot.sandbox/re.session.login1.hrlee.018625.0000/pilot.0000/staging_area/6_4_cc.dat
6, 4
Charm++> Running on MPI version: 3.1
Charm++> level of thread support used: MPI_THREAD_FUNNELED (desired: MPI_THREAD_FUNNELED)
Charm++> Running in SMP mode: 41 processes, 4 worker threads (PEs) + 1 comm threads per process, 164 PEs total
Charm++> The comm. thread both sends and receives messages
Charm++> Using recursive bisection (scheme 3) for topology aware partitions
Converse/Charm++ Commit ID: v6.10.2-0-g7bf00fa-namd-charm-6.10.2-build-2020-Aug-05-556
Warning> Randomization of virtual memory (ASLR) is turned on in the kernel, thread migration may not work! Run 'echo 0 > /proc/sys/kernel/randomize_va_space' as root to disable it, or try running with '+isomalloc_sync'.
CharmLB> Load balancer assumes all CPUs are same.
Charm++> Running on 1 hosts (1 sockets x 1 cores x 4 PUs = 4-way SMP)
Charm++> cpu topology info is gathered in 0.030 seconds.

Charm++> Warning: the number of SMP threads (205) is greater than the number of physical cores (176), so threads will sleep while idling. Use +CmiSpinOnIdle or +CmiSleepOnIdle to control this directly.

Info: NAMD 2.14 for Linux-POWER-MPI-smp-Summit
Info: 
Info: Please visit http://www.ks.uiuc.edu/Research/namd/
Info: for updates, documentation, and support information.
Info: 
Info: Please cite Phillips et al., J. Chem. Phys. 153:044130 (2020) doi:10.1063/5.0014475
Info: in all publications reporting results obtained with NAMD.
Info: 
Info: Based on Charm++/Converse 61002 for mpi-linux-ppc64le-smp
Info: Built Wed Aug 5 14:25:51 EDT 2020 by jimp on login2
Info: 1 NAMD  2.14  Linux-POWER-MPI-smp-Summit  164    d21n10  hrlee
Info: Running on 164 processors, 41 nodes, 1 physical nodes.
Info: CPU topology information available.
Info: Charm++/Converse parallel runtime startup completed at 0.0370055 s
CkLoopLib is used in SMP with simple dynamic scheduling (converse-level notification)
Info: 957.5 MB of memory in use based on /proc/self/stat
Info: Configuration file is adk-step1.namd
Info: Working in the current directory /gpfs/alpine/bip115/scratch/hrlee/radical.pilot.sandbox/re.session.login1.hrlee.018625.0000/pilot.0000/unit.000358
TCL: Suspending until startup complete.
Info: SIMULATION PARAMETERS:
Info: TIMESTEP               1
Info: NUMBER OF STEPS        0
Info: STEPS PER CYCLE        20
Info: LOAD BALANCER  Centralized
Info: LOAD BALANCING STRATEGY  New Load Balancers -- DEFAULT
Info: LDB PERIOD             4000 steps
Info: FIRST LDB TIMESTEP     100
Info: LAST LDB TIMESTEP     -1
Info: LDB BACKGROUND SCALING 1
Info: HOM BACKGROUND SCALING 1
Info: REMOVING LOAD FROM NODE 0
Info: REMOVING PATCHES FROM PROCESSOR 0
Info: MIN ATOMS PER PATCH    40
Info: VELOCITY FILE          6_4_adk-step1.restart.vel
Info: CENTER OF MASS MOVING INITIALLY? NO
Info: DIELECTRIC             80
Info: EXCLUDE                SCALED ONE-FOUR
Info: 1-4 ELECTROSTATICS SCALED BY 1
Info: MODIFIED 1-4 VDW PARAMETERS WILL BE USED
Info: DCD FILENAME           adk-step1.dcd
Info: DCD FREQUENCY          1000
Info: DCD FIRST STEP         1000
Info: NO EXTENDED SYSTEM TRAJECTORY OUTPUT
Info: NO VELOCITY DCD OUTPUT
Info: NO FORCE DCD OUTPUT
Info: OUTPUT FILENAME        adk-step1
Info: BINARY OUTPUT FILES WILL BE USED
Info: RESTART FILENAME       adk-step1.restart
Info: RESTART FREQUENCY      1000
Info: BINARY RESTART FILES WILL BE USED
Info: SWITCHING ACTIVE
Info: SWITCHING ON           9
Info: SWITCHING OFF          10
Info: PAIRLIST DISTANCE      11
Info: PAIRLIST SHRINK RATE   0.01
Info: PAIRLIST GROW RATE     0.01
Info: PAIRLIST TRIGGER       0.3
Info: PAIRLISTS PER CYCLE    2
Info: PAIRLISTS ENABLED
Info: MARGIN                 0
Info: HYDROGEN GROUP CUTOFF  2.5
Info: PATCH DIMENSION        13.5
Info: ENERGY OUTPUT STEPS    100
Info: CROSSTERM ENERGY INCLUDED IN DIHEDRAL
Info: TIMING OUTPUT STEPS    1000
Info: PRESSURE OUTPUT STEPS  100
Info: GRID FORCE ACTIVE
Info:  Please include this reference in published work using
Info:  the Gridforce module of NAMD: David Wells, Volha Abramkina,
Info:  and Aleksei Aksimentiev, J. Chem. Phys. 127:125101-10 (2007).
Info: MGRIDFORCE key 0
Info:            Potfile 4ake-target_autopsf-grid.dx
Info:            Scale 0.3 0.3 0.3
Info:            File 1ake-docked-noh_autopsf-grid.pdb
Info:            Col O
Info:            ChargeCol B
Info:            VOffset 0 0 0
Info:            Continuous K1 FALSE
Info:            Continuous K2 FALSE
Info:            Continuous K3 FALSE
Info:            Volts FALSE
Info:            Gridforce-Lite FALSE
Info:            Gridforce-CheckSize TRUE
Info: LANGEVIN DYNAMICS ACTIVE
Info: LANGEVIN TEMPERATURE   300
Info: LANGEVIN USING BBK INTEGRATOR
Info: LANGEVIN DAMPING COEFFICIENT IS 5 INVERSE PS
Info: LANGEVIN DYNAMICS NOT APPLIED TO HYDROGENS
Info: USING VERLET I (r-RESPA) MTS SCHEME.
Info: C1 SPLITTING OF LONG RANGE ELECTROSTATICS
Info: PLACING ATOMS IN PATCHES BY HYDROGEN GROUPS
Info: RIGID BONDS TO HYDROGEN : WATER
Info:         ERROR TOLERANCE : 1e-08
Info:          MAX ITERATIONS : 100
Info: RIGID WATER USING SETTLE ALGORITHM
Info: NONBONDED FORCES EVALUATED EVERY 2 STEPS
Info: RANDOM NUMBER SEED     1609226236
Info: USE HYDROGEN BONDS?    NO
Info: COORDINATE PDB         1ake-docked-noh_autopsf.pdb
Info: STRUCTURE FILE         1ake-docked-noh_autopsf.psf
Info: PARAMETER file: CHARMM format! 
Info: PARAMETERS             par_all36_prot.prm
Info: USING ARITHMETIC MEAN TO COMBINE L-J SIGMA PARAMETERS
Info: BINARY COORDINATES     6_4_adk-step1.restart.coor
Info: SUMMARY OF PARAMETERS:
Info: 132 BONDS
Info: 362 ANGLES
Info: 702 DIHEDRAL
Info: 35 IMPROPER
Info: 6 CROSSTERM
Info: 53 VDW
Info: 0 VDW_PAIRS
Info: 0 NBTHOLE_PAIRS
Info: TIME FOR READING PSF FILE: 0.63185
Info: READING EXTRA BONDS FILE 1ake-extrabonds.txt
Info: READING EXTRA BONDS FILE 1ake-extrabonds-cispeptide.txt
Info: READING EXTRA BONDS FILE 1ake-extrabonds-chirality.txt
Info: READ 80 EXTRA BONDS
Info: READ 80 EXTRA ANGLES
Warning: EXTRA ANGLES ARE COSINE-BASED BY DEFAULT TO MATCH PREVIOUS VERSIONS
Warning: FOR NORMAL HARMONIC EXTRA ANGLES SET extraBondsCosAngles off
Info: READ 493 EXTRA DIHEDRALS
Info: READ 438 EXTRA IMPROPERS
Info: Reading pdb file 1ake-docked-noh_autopsf.pdb
Info: TIME FOR READING PDB FILE: 0.113808
Info: 
Info: ****************************
Info: STRUCTURE SUMMARY:
Info: 3341 ATOMS
Info: 3445 BONDS
Info: 6203 ANGLES
Info: 9414 DIHEDRALS
Info: 1005 IMPROPERS
Info: 212 CROSSTERMS
Info: 0 EXCLUSIONS
Info: 0 RIGID BONDS
Info: 1 GRIDS ACTIVE
Info: 10023 DEGREES OF FREEDOM
Info: 1656 HYDROGEN GROUPS
Info: 4 ATOMS IN LARGEST HYDROGEN GROUP
Info: 1656 MIGRATION GROUPS
Info: 4 ATOMS IN LARGEST MIGRATION GROUP
Info: TOTAL MASS = 23582 amu
Info: TOTAL CHARGE = -4 e
Info: *****************************
Info: Reading from binary file 6_4_adk-step1.restart.coor
Info: 
Info: Entering startup at 1.58413 s, 1066.25 MB of memory in use
Info: Startup phase 0 took 0.000773317 s, 1066.25 MB of memory in use
Info: ADDED 18308 IMPLICIT EXCLUSIONS
Info: Startup phase 1 took 0.0158711 s, 1066.25 MB of memory in use
Info: NONBONDED TABLE R-SQUARED SPACING: 0.0625
Info: NONBONDED TABLE SIZE: 705 POINTS
Info: ABSOLUTE IMPRECISION IN FAST TABLE ENERGY: 3.38813e-21 AT 9.89634
Info: RELATIVE IMPRECISION IN FAST TABLE ENERGY: 4.23384e-15 AT 9.94673
Info: ABSOLUTE IMPRECISION IN FAST TABLE FORCE: 6.35275e-22 AT 9.94673
Info: RELATIVE IMPRECISION IN FAST TABLE FORCE: 5.07982e-16 AT 9.94673
Info: INCONSISTENCY IN FAST TABLE ENERGY VS FORCE: 0.000290185 AT 0.251946
Info: ABSOLUTE IMPRECISION IN VDWA TABLE ENERGY: 1.57772e-30 AT 9.89634
Info: RELATIVE IMPRECISION IN VDWA TABLE ENERGY: 4.54938e-15 AT 9.94673
Info: ABSOLUTE IMPRECISION IN VDWA TABLE FORCE: 5.91646e-31 AT 9.94673
Info: RELATIVE IMPRECISION IN VDWA TABLE FORCE: 5.6823e-16 AT 9.94673
Info: INCONSISTENCY IN VDWA TABLE ENERGY VS FORCE: 0.0040507 AT 0.251946
Info: ABSOLUTE IMPRECISION IN VDWB TABLE ENERGY: 4.71751e-25 AT 9.94673
Info: RELATIVE IMPRECISION IN VDWB TABLE ENERGY: 1.45371e-14 AT 9.94673
Info: ABSOLUTE IMPRECISION IN VDWB TABLE FORCE: 6.20385e-25 AT 9.94673
Info: RELATIVE IMPRECISION IN VDWB TABLE FORCE: 5.97512e-16 AT 9.94673
Info: INCONSISTENCY IN VDWB TABLE ENERGY VS FORCE: 0.00377068 AT 9.07951
Info: Startup phase 2 took 0.00174612 s, 1066.25 MB of memory in use
Info: Startup phase 3 took 0.000615747 s, 1066.25 MB of memory in use
Info: Startup phase 4 took 0.000579693 s, 1066.25 MB of memory in use
Info: Startup phase 5 took 0.000609338 s, 1066.25 MB of memory in use
Info: ORIGINAL ATOMS MINMAX IS -20.7703 -33.4057 -37.2669  17.3831 23.8022 17.4719
Info: ADJUSTED ATOMS MINMAX IS -16.1569 -27.9941 -31.9571  11.3902 13.9211 9.21901
Info: PATCH GRID IS 5 BY 4 BY 4
Info: PATCH GRID IS 2-AWAY BY 1-AWAY BY 1-AWAY
Info: Reading from binary file 6_4_adk-step1.restart.vel
Info: REMOVING COM VELOCITY 0.0362276 0.049513 0.0147379
Info: LARGEST PATCH (16) HAS 128 ATOMS
Info: TORUS A SIZE 1 USING 0
Info: TORUS B SIZE 1 USING 0
Info: TORUS C SIZE 1 USING 0
Info: TORUS MINIMAL MESH SIZE IS 1 BY 1 BY 1
Info: Placed 100% of base nodes on same physical node as patch
Info: Startup phase 6 took 0.00985092 s, 1066.25 MB of memory in use
Info: Startup phase 7 took 0.00059348 s, 1066.25 MB of memory in use
Info: Startup phase 8 took 0.000540652 s, 1066.25 MB of memory in use
Info: Startup phase 9 took 0.00118966 s, 1066.25 MB of memory in use
Info: Startup phase 10 took 0.000510769 s, 1066.25 MB of memory in use
Info: Startup phase 11 took 0.00105018 s, 1066.25 MB of memory in use
LDB: Central LB being created...
Info: Startup phase 12 took 0.00454003 s, 1066.25 MB of memory in use
Info: CREATING 1870 COMPUTE OBJECTS
Info: Startup phase 13 took 0.0013341 s, 1066.25 MB of memory in use
Info: Building spanning tree ... send: 1 recv: 0 with branch factor 4
Info: useSync: 0 useProxySync: 0
Info: Startup phase 14 took 0.000732246 s, 1066.25 MB of memory in use
Info: Startup phase 15 took 0.000170644 s, 1066.25 MB of memory in use
Info: Finished startup at 1.62483 s, 1066.25 MB of memory in use

TCL: Running for 5000 steps
PRESSURE: 0 0 0 0 0 0 0 0 0 0
GPRESSURE: 0 0 0 0 0 0 0 0 0 0
ETITLE:      TS           BOND          ANGLE          DIHED          IMPRP               ELECT            VDW       BOUNDARY           MISC        KINETIC               TOTAL           TEMP      POTENTIAL         TOTAL3        TEMPAVG

ENERGY:       0      1095.5198      1738.4025      2092.2376       158.3838            -38.8650      -759.4215         0.0000      2601.6959      2942.6237           9830.5768       295.4795      6887.9531      9855.2614       295.4795

LDB: ============= START OF LOAD BALANCING ============== 1.65898
LDB: ============== END OF LOAD BALANCING =============== 1.65931
Info: useSync: 0 useProxySync: 0
LDB: =============== DONE WITH MIGRATION ================ 1.65988
LDB: ============= START OF LOAD BALANCING ============== 1.75587
LDB: 298 computes have load of zero
LDB: Largest compute 451 load 0.011736 is 65.6% of average load 0.017888
LDB: Average compute 0.001007 is 5.6% of average load 0.017888
LDB: Partitioning computes with target load 0.002014
LDB: Increased migratable compute count from 1092 to 1300
LDB: Largest unpartitionable compute is 0.006611
LDB: ============== END OF LOAD BALANCING =============== 1.75853
Info: build node-aware spanning tree with send: 1, recv: 0 with branch factor 4
Info: useSync: 0 useProxySync: 0
LDB: =============== DONE WITH MIGRATION ================ 1.76276
PRESSURE: 100 0 0 0 0 0 0 0 0 0
GPRESSURE: 100 0 0 0 0 0 0 0 0 0
PRESSAVG: 100 0 0 0 0 0 0 0 0 0
GPRESSAVG: 100 0 0 0 0 0 0 0 0 0
Info: Initial time: 164 CPUs 0.00123213 s/step 0.0142607 days/ns 1066.25 MB memory
ENERGY:     100      1144.0762      1687.0215      2079.2371       148.3840            -39.3894      -778.5420         0.0000      2595.3830      2993.8614           9830.0317       300.6245      6836.1704      9850.8084       302.9529

LDB: ============= START OF LOAD BALANCING ============== 1.78376
LDB: ============== END OF LOAD BALANCING =============== 1.78394
Info: useSync: 0 useProxySync: 0
LDB: =============== DONE WITH MIGRATION ================ 1.78559
LDB: ============= START OF LOAD BALANCING ============== 1.90629
LDB: 281 computes have load of zero
LDB: Largest compute 1566 load 0.006707 is 37.5% of average load 0.017870
LDB: Average compute 0.000840 is 4.7% of average load 0.017870
LDB: TIME 1.90873 LOAD: AVG 0.01787 MAX 0.0540324  PROXIES: TOTAL 601 MAXPE 12 MAXPATCH 10 None MEM: 1066.25 MB
LDB: TIME 1.91217 LOAD: AVG 0.01787 MAX 0.0250475  PROXIES: TOTAL 977 MAXPE 14 MAXPATCH 40 TorusLB MEM: 1066.25 MB
LDB: ============== END OF LOAD BALANCING =============== 1.91397
Info: build node-aware spanning tree with send: 1, recv: 0 with branch factor 4
Info: useSync: 0 useProxySync: 0
LDB: =============== DONE WITH MIGRATION ================ 1.91838
PRESSURE: 200 0 0 0 0 0 0 0 0 0
GPRESSURE: 200 0 0 0 0 0 0 0 0 0
PRESSAVG: 200 0 0 0 0 0 0 0 0 0
GPRESSAVG: 200 0 0 0 0 0 0 0 0 0
Info: Initial time: 164 CPUs 0.00140514 s/step 0.0162632 days/ns 1066.25 MB memory
ENERGY:     200      1105.9745      1689.9431      2075.1174       147.5232            -39.8524      -801.8982         0.0000      2577.2530      3041.1190           9795.1797       305.3698      6754.0607      9822.6797       304.7273

LDB: ============= START OF LOAD BALANCING ============== 2.02165
LDB: 248 computes have load of zero
LDB: Largest compute 1566 load 0.008389 is 29.6% of average load 0.028361
LDB: Average compute 0.001098 is 3.9% of average load 0.028361
LDB: TIME 2.02421 LOAD: AVG 0.0283614 MAX 0.0473598  PROXIES: TOTAL 601 MAXPE 12 MAXPATCH 10 None MEM: 1066.25 MB
LDB: TIME 2.02512 LOAD: AVG 0.0283614 MAX 0.0473598  PROXIES: TOTAL 989 MAXPE 15 MAXPATCH 41 RefineTorusLB MEM: 1066.25 MB
LDB: TIME 2.03854 LOAD: AVG 0.0283614 MAX 0.0398548  PROXIES: TOTAL 900 MAXPE 12 MAXPATCH 32 RefineTorusLB MEM: 1066.25 MB
LDB: ============== END OF LOAD BALANCING =============== 2.0399
Info: build node-aware spanning tree with send: 1, recv: 0 with branch factor 4
Info: useSync: 0 useProxySync: 0
LDB: =============== DONE WITH MIGRATION ================ 2.0443
PRESSURE: 300 0 0 0 0 0 0 0 0 0
GPRESSURE: 300 0 0 0 0 0 0 0 0 0
PRESSAVG: 300 0 0 0 0 0 0 0 0 0
GPRESSAVG: 300 0 0 0 0 0 0 0 0 0
Info: Initial time: 164 CPUs 0.00103187 s/step 0.011943 days/ns 1066.25 MB memory
ENERGY:     300      1090.9708      1754.1987      2074.6883       153.3274            -40.0508      -780.7657         0.0000      2564.9993      3001.0252           9818.3931       301.3438      6817.3680      9841.7952       302.7542

LDB: ============= START OF LOAD BALANCING ============== 2.1426
LDB: 260 computes have load of zero
LDB: Largest compute 1596 load 0.008215 is 30.0% of average load 0.027361
LDB: Average compute 0.001096 is 4.0% of average load 0.027361
LDB: TIME 2.15096 LOAD: AVG 0.0273609 MAX 0.0458919  PROXIES: TOTAL 601 MAXPE 12 MAXPATCH 10 None MEM: 1066.25 MB
LDB: TIME 2.15172 LOAD: AVG 0.0273609 MAX 0.0458919  PROXIES: TOTAL 899 MAXPE 12 MAXPATCH 32 RefineTorusLB MEM: 1066.25 MB
LDB: TIME 2.15903 LOAD: AVG 0.0273609 MAX 0.0379872  PROXIES: TOTAL 904 MAXPE 12 MAXPATCH 31 RefineTorusLB MEM: 1066.25 MB
LDB: ============== END OF LOAD BALANCING =============== 2.16023
Info: build node-aware spanning tree with send: 1, recv: 0 with branch factor 4
Info: useSync: 0 useProxySync: 0
LDB: =============== DONE WITH MIGRATION ================ 2.16449
PRESSURE: 400 0 0 0 0 0 0 0 0 0
GPRESSURE: 400 0 0 0 0 0 0 0 0 0
PRESSAVG: 400 0 0 0 0 0 0 0 0 0
GPRESSAVG: 400 0 0 0 0 0 0 0 0 0
Info: Benchmark time: 164 CPUs 0.000976646 s/step 0.0113038 days/ns 1066.25 MB memory
ENERGY:     400      1097.2719      1645.7234      2115.4332       151.7927            -40.7442      -771.4596         0.0000      2561.4628      3049.6488           9809.1289       306.2263      6759.4801      9833.7319       302.8367

PRESSURE: 500 0 0 0 0 0 0 0 0 0
GPRESSURE: 500 0 0 0 0 0 0 0 0 0
PRESSAVG: 500 0 0 0 0 0 0 0 0 0
GPRESSAVG: 500 0 0 0 0 0 0 0 0 0
Info: Benchmark time: 164 CPUs 0.0013448 s/step 0.0155648 days/ns 1066.25 MB memory
ENERGY:     500      1061.9095      1700.2856      2118.0189       156.3012            -41.0492      -771.4203         0.0000      2553.0203      2992.9745           9770.0404       300.5354      6777.0659      9796.6140       302.0035

PRESSURE: 600 0 0 0 0 0 0 0 0 0
GPRESSURE: 600 0 0 0 0 0 0 0 0 0
PRESSAVG: 600 0 0 0 0 0 0 0 0 0
GPRESSAVG: 600 0 0 0 0 0 0 0 0 0
Info: Benchmark time: 164 CPUs 0.00104957 s/step 0.0121478 days/ns 1066.25 MB memory
ENERGY:     600      1134.8332      1647.2109      2095.0597       147.1018            -40.1859      -774.0029         0.0000      2562.6224      2961.7697           9734.4089       297.4020      6772.6392      9753.2646       299.8329

PRESSURE: 700 0 0 0 0 0 0 0 0 0
GPRESSURE: 700 0 0 0 0 0 0 0 0 0
PRESSAVG: 700 0 0 0 0 0 0 0 0 0
GPRESSAVG: 700 0 0 0 0 0 0 0 0 0
Info: Benchmark time: 164 CPUs 0.00148557 s/step 0.0171941 days/ns 1066.25 MB memory
ENERGY:     700      1105.6570      1718.9699      2119.3055       162.1582            -40.3386      -804.9886         0.0000      2566.9135      2966.2005           9793.8774       297.8470      6827.6769      9818.0652       300.2679

PRESSURE: 800 0 0 0 0 0 0 0 0 0
GPRESSURE: 800 0 0 0 0 0 0 0 0 0
PRESSAVG: 800 0 0 0 0 0 0 0 0 0
GPRESSAVG: 800 0 0 0 0 0 0 0 0 0
Info: Benchmark time: 164 CPUs 0.00126979 s/step 0.0146966 days/ns 1066.25 MB memory
ENERGY:     800      1069.6896      1657.0292      2051.0187       162.0789            -40.0606      -784.5262         0.0000      2565.7629      3033.6212           9714.6137       304.6169      6680.9925      9741.3448       302.6947

PRESSURE: 900 0 0 0 0 0 0 0 0 0
GPRESSURE: 900 0 0 0 0 0 0 0 0 0
PRESSAVG: 900 0 0 0 0 0 0 0 0 0
GPRESSAVG: 900 0 0 0 0 0 0 0 0 0
Info: Benchmark time: 164 CPUs 0.00330624 s/step 0.0382667 days/ns 1066.25 MB memory
ENERGY:     900      1115.8945      1671.9595      2090.1378       166.0740            -39.7313      -778.7341         0.0000      2570.5585      2928.8575           9725.0164       294.0972      6796.1589      9743.9128       299.1253

OPENING COORDINATE DCD FILE
WRITING COORDINATES TO DCD FILE adk-step1.dcd AT STEP 1000
WRITING COORDINATES TO RESTART FILE AT STEP 1000
FINISHED WRITING RESTART COORDINATES
The last position output (seq=1000) takes 0.007 seconds, 1066.250 MB of memory in use
PRESSURE: 1000 0 0 0 0 0 0 0 0 0
GPRESSURE: 1000 0 0 0 0 0 0 0 0 0
PRESSAVG: 1000 0 0 0 0 0 0 0 0 0
GPRESSAVG: 1000 0 0 0 0 0 0 0 0 0
TIMING: 1000  CPU: 0.292813, 0.000289861/step  Wall: 1.52979, 0.00151766/step, 0.00168629 hours remaining, 1066.250000 MB of memory in use.
ETITLE:      TS           BOND          ANGLE          DIHED          IMPRP               ELECT            VDW       BOUNDARY           MISC        KINETIC               TOTAL           TEMP      POTENTIAL         TOTAL3        TEMPAVG

ENERGY:    1000      1105.9603      1667.5153      2076.1167       159.8089            -40.0066      -818.7562         0.0000      2570.6644      2984.5538           9705.8567       299.6899      6721.3029      9728.3247       296.7469

WRITING EXTENDED SYSTEM TO RESTART FILE AT STEP 1000
WRITING VELOCITIES TO RESTART FILE AT STEP 1000
FINISHED WRITING RESTART VELOCITIES
The last velocity output (seq=1000) takes 0.002 seconds, 1066.250 MB of memory in use
PRESSURE: 1100 0 0 0 0 0 0 0 0 0
GPRESSURE: 1100 0 0 0 0 0 0 0 0 0
PRESSAVG: 1100 0 0 0 0 0 0 0 0 0
GPRESSAVG: 1100 0 0 0 0 0 0 0 0 0
ENERGY:    1100      1089.4299      1723.0815      2085.3325       149.9149            -41.3632      -814.1199         0.0000      2565.9818      2996.6114           9754.8688       300.9006      6758.2574      9779.7587       300.7167

PRESSURE: 1200 0 0 0 0 0 0 0 0 0
GPRESSURE: 1200 0 0 0 0 0 0 0 0 0
PRESSAVG: 1200 0 0 0 0 0 0 0 0 0
GPRESSAVG: 1200 0 0 0 0 0 0 0 0 0
ENERGY:    1200      1105.4412      1646.8370      2075.4358       151.4062            -41.3217      -751.5340         0.0000      2555.5030      3016.0645           9757.8321       302.8540      6741.7676      9776.3063       300.7852

PRESSURE: 1300 0 0 0 0 0 0 0 0 0
GPRESSURE: 1300 0 0 0 0 0 0 0 0 0
PRESSAVG: 1300 0 0 0 0 0 0 0 0 0
GPRESSAVG: 1300 0 0 0 0 0 0 0 0 0
ENERGY:    1300      1097.8535      1678.0299      2076.0338       162.1637            -41.0889      -788.4295         0.0000      2560.0475      3027.0258           9771.6359       303.9546      6744.6101      9797.4684       302.9383

PRESSURE: 1400 0 0 0 0 0 0 0 0 0
GPRESSURE: 1400 0 0 0 0 0 0 0 0 0
PRESSAVG: 1400 0 0 0 0 0 0 0 0 0
GPRESSAVG: 1400 0 0 0 0 0 0 0 0 0
ENERGY:    1400      1090.3257      1681.9234      2103.4548       146.4637            -40.9693      -761.9860         0.0000      2554.7660      2972.1724           9746.1509       298.4466      6773.9785      9771.4570       300.7464

PRESSURE: 1500 0 0 0 0 0 0 0 0 0
GPRESSURE: 1500 0 0 0 0 0 0 0 0 0
PRESSAVG: 1500 0 0 0 0 0 0 0 0 0
GPRESSAVG: 1500 0 0 0 0 0 0 0 0 0
ENERGY:    1500      1116.7068      1704.1894      2086.6814       138.1799            -40.7332      -794.6209         0.0000      2552.8386      3071.1286           9834.3706       308.3832      6763.2419      9857.4850       302.5032

PRESSURE: 1600 0 0 0 0 0 0 0 0 0
GPRESSURE: 1600 0 0 0 0 0 0 0 0 0
PRESSAVG: 1600 0 0 0 0 0 0 0 0 0
GPRESSAVG: 1600 0 0 0 0 0 0 0 0 0
ENERGY:    1600      1125.7817      1681.9807      2105.2122       150.3365            -41.1752      -794.2392         0.0000      2551.4254      3023.0769           9802.3989       303.5581      6779.3220      9827.5648       304.5400

PRESSURE: 1700 0 0 0 0 0 0 0 0 0
GPRESSURE: 1700 0 0 0 0 0 0 0 0 0
PRESSAVG: 1700 0 0 0 0 0 0 0 0 0
GPRESSAVG: 1700 0 0 0 0 0 0 0 0 0
ENERGY:    1700      1145.4842      1698.1950      2067.6010       152.3674            -40.7694      -807.2430         0.0000      2549.0083      2998.4761           9763.1197       301.0879      6764.6437      9790.0632       302.8869

PRESSURE: 1800 0 0 0 0 0 0 0 0 0
GPRESSURE: 1800 0 0 0 0 0 0 0 0 0
PRESSAVG: 1800 0 0 0 0 0 0 0 0 0
GPRESSAVG: 1800 0 0 0 0 0 0 0 0 0
ENERGY:    1800      1050.4582      1707.4046      2060.9821       162.0593            -40.7212      -736.0808         0.0000      2539.5081      2956.1873           9699.7976       296.8415      6743.6102      9724.4855       299.8549

PRESSURE: 1900 0 0 0 0 0 0 0 0 0
GPRESSURE: 1900 0 0 0 0 0 0 0 0 0
PRESSAVG: 1900 0 0 0 0 0 0 0 0 0
GPRESSAVG: 1900 0 0 0 0 0 0 0 0 0
ENERGY:    1900      1112.3383      1657.9781      2090.9854       152.3726            -41.2371      -802.5323         0.0000      2545.5425      2981.1858           9696.6334       299.3517      6715.4476      9719.2723       299.7656

WRITING COORDINATES TO DCD FILE adk-step1.dcd AT STEP 2000
WRITING COORDINATES TO RESTART FILE AT STEP 2000
FINISHED WRITING RESTART COORDINATES
The last position output (seq=2000) takes 0.003 seconds, 1066.250 MB of memory in use
WRITING VELOCITIES TO RESTART FILE AT STEP 2000
FINISHED WRITING RESTART VELOCITIES
The last velocity output (seq=2000) takes 0.002 seconds, 1066.250 MB of memory in use
PRESSURE: 2000 0 0 0 0 0 0 0 0 0
GPRESSURE: 2000 0 0 0 0 0 0 0 0 0
PRESSAVG: 2000 0 0 0 0 0 0 0 0 0
GPRESSAVG: 2000 0 0 0 0 0 0 0 0 0
TIMING: 2000  CPU: 0.509764, 0.000216951/step  Wall: 2.66136, 0.00113156/step, 0.000942971 hours remaining, 1066.250000 MB of memory in use.
ETITLE:      TS           BOND          ANGLE          DIHED          IMPRP               ELECT            VDW       BOUNDARY           MISC        KINETIC               TOTAL           TEMP      POTENTIAL         TOTAL3        TEMPAVG

ENERGY:    2000      1112.4990      1668.9737      2098.8837       156.9317            -40.7371      -781.1753         0.0000      2535.9923      2980.5487           9731.9167       299.2877      6751.3680      9759.9925       298.8343

WRITING EXTENDED SYSTEM TO RESTART FILE AT STEP 2000
PRESSURE: 2100 0 0 0 0 0 0 0 0 0
GPRESSURE: 2100 0 0 0 0 0 0 0 0 0
PRESSAVG: 2100 0 0 0 0 0 0 0 0 0
GPRESSAVG: 2100 0 0 0 0 0 0 0 0 0
ENERGY:    2100      1101.5806      1682.1619      2087.1770       159.6736            -41.1210      -795.5385         0.0000      2531.2985      3027.8346           9753.0666       304.0359      6725.2320      9778.7144       301.5950

PRESSURE: 2200 0 0 0 0 0 0 0 0 0
GPRESSURE: 2200 0 0 0 0 0 0 0 0 0
PRESSAVG: 2200 0 0 0 0 0 0 0 0 0
GPRESSAVG: 2200 0 0 0 0 0 0 0 0 0
ENERGY:    2200      1105.7510      1664.8735      2119.5396       151.4546            -40.1783      -779.3603         0.0000      2533.6037      3008.1036           9763.7875       302.0546      6755.6839      9788.4924       302.2228

PRESSURE: 2300 0 0 0 0 0 0 0 0 0
GPRESSURE: 2300 0 0 0 0 0 0 0 0 0
PRESSAVG: 2300 0 0 0 0 0 0 0 0 0
GPRESSAVG: 2300 0 0 0 0 0 0 0 0 0
ENERGY:    2300      1083.7835      1714.8282      2127.2490       146.3265            -39.4084      -793.8173         0.0000      2537.6054      2996.5737           9773.1405       300.8968      6776.5668      9793.2916       303.0604

PRESSURE: 2400 0 0 0 0 0 0 0 0 0
GPRESSURE: 2400 0 0 0 0 0 0 0 0 0
PRESSAVG: 2400 0 0 0 0 0 0 0 0 0
GPRESSAVG: 2400 0 0 0 0 0 0 0 0 0
ENERGY:    2400      1109.2388      1680.5581      2091.2714       154.4203            -39.6488      -776.3255         0.0000      2538.8024      2988.7741           9747.0907       300.1136      6758.3166      9771.2442       301.4434

PRESSURE: 2500 0 0 0 0 0 0 0 0 0
GPRESSURE: 2500 0 0 0 0 0 0 0 0 0
PRESSAVG: 2500 0 0 0 0 0 0 0 0 0
GPRESSAVG: 2500 0 0 0 0 0 0 0 0 0
ENERGY:    2500      1119.6506      1653.9643      2088.3562       164.8401            -40.3306      -786.8529         0.0000      2540.4591      2966.6614           9706.7481       297.8932      6740.0867      9729.5613       299.2986

PRESSURE: 2600 0 0 0 0 0 0 0 0 0
GPRESSURE: 2600 0 0 0 0 0 0 0 0 0
PRESSAVG: 2600 0 0 0 0 0 0 0 0 0
GPRESSAVG: 2600 0 0 0 0 0 0 0 0 0
ENERGY:    2600      1118.6000      1682.5514      2075.8432       135.2121            -40.7722      -777.2648         0.0000      2544.5057      2976.1895           9714.8649       298.8500      6738.6754      9738.2843       297.4110

PRESSURE: 2700 0 0 0 0 0 0 0 0 0
GPRESSURE: 2700 0 0 0 0 0 0 0 0 0
PRESSAVG: 2700 0 0 0 0 0 0 0 0 0
GPRESSAVG: 2700 0 0 0 0 0 0 0 0 0
ENERGY:    2700      1138.1363      1694.2682      2068.8523       146.6743            -41.2495      -789.1402         0.0000      2539.3171      2960.9852           9717.8437       297.3233      6756.8585      9738.8542       301.2910

PRESSURE: 2800 0 0 0 0 0 0 0 0 0
GPRESSURE: 2800 0 0 0 0 0 0 0 0 0
PRESSAVG: 2800 0 0 0 0 0 0 0 0 0
GPRESSAVG: 2800 0 0 0 0 0 0 0 0 0
ENERGY:    2800      1113.8794      1681.5471      2085.2933       157.3067            -41.3404      -794.3818         0.0000      2539.7470      2922.6332           9664.6843       293.4722      6742.0511      9689.0262       299.4670

PRESSURE: 2900 0 0 0 0 0 0 0 0 0
GPRESSURE: 2900 0 0 0 0 0 0 0 0 0
PRESSAVG: 2900 0 0 0 0 0 0 0 0 0
GPRESSAVG: 2900 0 0 0 0 0 0 0 0 0
ENERGY:    2900      1085.1286      1655.5520      2067.1799       137.0389            -40.8062      -757.7239         0.0000      2539.4581      3006.3468           9692.1744       301.8782      6685.8275      9714.1442       297.8965

WRITING COORDINATES TO DCD FILE adk-step1.dcd AT STEP 3000
WRITING COORDINATES TO RESTART FILE AT STEP 3000
FINISHED WRITING RESTART COORDINATES
The last position output (seq=3000) takes 0.003 seconds, 1066.250 MB of memory in use
WRITING VELOCITIES TO RESTART FILE AT STEP 3000
FINISHED WRITING RESTART VELOCITIES
The last velocity output (seq=3000) takes 0.002 seconds, 1066.250 MB of memory in use
PRESSURE: 3000 0 0 0 0 0 0 0 0 0
GPRESSURE: 3000 0 0 0 0 0 0 0 0 0
PRESSAVG: 3000 0 0 0 0 0 0 0 0 0
GPRESSAVG: 3000 0 0 0 0 0 0 0 0 0
TIMING: 3000  CPU: 0.730162, 0.000220398/step  Wall: 3.74558, 0.00108423/step, 0.000602348 hours remaining, 1066.250000 MB of memory in use.
ETITLE:      TS           BOND          ANGLE          DIHED          IMPRP               ELECT            VDW       BOUNDARY           MISC        KINETIC               TOTAL           TEMP      POTENTIAL         TOTAL3        TEMPAVG

ENERGY:    3000      1074.7035      1682.9785      2102.0332       151.6002            -41.7316      -758.1883         0.0000      2534.5670      2981.2007           9727.1633       299.3532      6745.9626      9750.8287       299.4589

WRITING EXTENDED SYSTEM TO RESTART FILE AT STEP 3000
PRESSURE: 3100 0 0 0 0 0 0 0 0 0
GPRESSURE: 3100 0 0 0 0 0 0 0 0 0
PRESSAVG: 3100 0 0 0 0 0 0 0 0 0
GPRESSAVG: 3100 0 0 0 0 0 0 0 0 0
ENERGY:    3100      1088.8890      1685.5610      2089.5565       146.4591            -42.2742      -794.1386         0.0000      2537.0815      3020.1389           9731.2732       303.2631      6711.1343      9754.6984       301.3817

PRESSURE: 3200 0 0 0 0 0 0 0 0 0
GPRESSURE: 3200 0 0 0 0 0 0 0 0 0
PRESSAVG: 3200 0 0 0 0 0 0 0 0 0
GPRESSAVG: 3200 0 0 0 0 0 0 0 0 0
ENERGY:    3200      1083.0099      1708.1507      2111.3733       141.0579            -41.3992      -792.4111         0.0000      2526.3137      3016.2202           9752.3154       302.8696      6736.0951      9778.0649       302.3488

PRESSURE: 3300 0 0 0 0 0 0 0 0 0
GPRESSURE: 3300 0 0 0 0 0 0 0 0 0
PRESSAVG: 3300 0 0 0 0 0 0 0 0 0
GPRESSAVG: 3300 0 0 0 0 0 0 0 0 0
ENERGY:    3300      1046.0009      1689.7765      2105.1578       149.4125            -41.0838      -768.8497         0.0000      2519.4231      2995.5495           9695.3868       300.7940      6699.8373      9720.0592       300.7050

PRESSURE: 3400 0 0 0 0 0 0 0 0 0
GPRESSURE: 3400 0 0 0 0 0 0 0 0 0
PRESSAVG: 3400 0 0 0 0 0 0 0 0 0
GPRESSAVG: 3400 0 0 0 0 0 0 0 0 0
ENERGY:    3400      1081.6632      1642.3735      2099.9895       156.1254            -41.5209      -751.5737         0.0000      2514.0645      2969.0187           9670.1401       298.1299      6701.1214      9693.6779       298.5923

PRESSURE: 3500 0 0 0 0 0 0 0 0 0
GPRESSURE: 3500 0 0 0 0 0 0 0 0 0
PRESSAVG: 3500 0 0 0 0 0 0 0 0 0
GPRESSAVG: 3500 0 0 0 0 0 0 0 0 0
ENERGY:    3500      1067.1240      1706.5986      2105.7620       157.7763            -41.5858      -794.7872         0.0000      2515.1554      2959.3746           9675.4178       297.1615      6716.0433      9700.0535       299.0343

PRESSURE: 3600 0 0 0 0 0 0 0 0 0
GPRESSURE: 3600 0 0 0 0 0 0 0 0 0
PRESSAVG: 3600 0 0 0 0 0 0 0 0 0
GPRESSAVG: 3600 0 0 0 0 0 0 0 0 0
ENERGY:    3600      1078.8300      1688.1776      2096.1561       148.8307            -40.8611      -785.9218         0.0000      2516.9212      2946.8308           9648.9635       295.9020      6702.1327      9671.3594       298.7045

PRESSURE: 3700 0 0 0 0 0 0 0 0 0
GPRESSURE: 3700 0 0 0 0 0 0 0 0 0
PRESSAVG: 3700 0 0 0 0 0 0 0 0 0
GPRESSAVG: 3700 0 0 0 0 0 0 0 0 0
ENERGY:    3700      1102.3889      1683.7035      2079.0902       161.1700            -40.9863      -780.2661         0.0000      2508.7230      2945.4389           9659.2621       295.7622      6713.8232      9679.7992       298.8882

PRESSURE: 3800 0 0 0 0 0 0 0 0 0
GPRESSURE: 3800 0 0 0 0 0 0 0 0 0
PRESSAVG: 3800 0 0 0 0 0 0 0 0 0
GPRESSAVG: 3800 0 0 0 0 0 0 0 0 0
ENERGY:    3800      1092.8464      1659.8046      2066.3368       155.9413            -40.6593      -753.4486         0.0000      2497.6577      2995.8275           9674.3064       300.8219      6678.4788      9700.8924       299.9384

PRESSURE: 3900 0 0 0 0 0 0 0 0 0
GPRESSURE: 3900 0 0 0 0 0 0 0 0 0
PRESSAVG: 3900 0 0 0 0 0 0 0 0 0
GPRESSAVG: 3900 0 0 0 0 0 0 0 0 0
ENERGY:    3900      1084.3901      1640.4765      2110.6372       150.9556            -40.6812      -807.3703         0.0000      2503.4297      3014.8708           9656.7083       302.7341      6641.8375      9681.7748       298.5064

WRITING COORDINATES TO DCD FILE adk-step1.dcd AT STEP 4000
WRITING COORDINATES TO RESTART FILE AT STEP 4000
FINISHED WRITING RESTART COORDINATES
The last position output (seq=4000) takes 0.003 seconds, 1066.250 MB of memory in use
WRITING VELOCITIES TO RESTART FILE AT STEP 4000
FINISHED WRITING RESTART VELOCITIES
The last velocity output (seq=4000) takes 0.002 seconds, 1066.250 MB of memory in use
PRESSURE: 4000 0 0 0 0 0 0 0 0 0
GPRESSURE: 4000 0 0 0 0 0 0 0 0 0
PRESSAVG: 4000 0 0 0 0 0 0 0 0 0
GPRESSAVG: 4000 0 0 0 0 0 0 0 0 0
TIMING: 4000  CPU: 0.949383, 0.000219221/step  Wall: 4.9022, 0.00115662/step, 0.000321283 hours remaining, 1066.250000 MB of memory in use.
ETITLE:      TS           BOND          ANGLE          DIHED          IMPRP               ELECT            VDW       BOUNDARY           MISC        KINETIC               TOTAL           TEMP      POTENTIAL         TOTAL3        TEMPAVG

ENERGY:    4000      1077.9676      1696.4178      2071.3638       154.9730            -40.9082      -797.9101         0.0000      2509.6736      2938.2201           9609.7976       295.0373      6671.5774      9636.0187       298.2934

WRITING EXTENDED SYSTEM TO RESTART FILE AT STEP 4000
PRESSURE: 4100 0 0 0 0 0 0 0 0 0
GPRESSURE: 4100 0 0 0 0 0 0 0 0 0
PRESSAVG: 4100 0 0 0 0 0 0 0 0 0
GPRESSAVG: 4100 0 0 0 0 0 0 0 0 0
ENERGY:    4100      1039.4723      1656.5707      2075.0910       145.8547            -40.4546      -781.5483         0.0000      2513.1852      2975.3187           9583.4897       298.7625      6608.1711      9612.4307       297.4780

PRESSURE: 4200 0 0 0 0 0 0 0 0 0
GPRESSURE: 4200 0 0 0 0 0 0 0 0 0
PRESSAVG: 4200 0 0 0 0 0 0 0 0 0
GPRESSAVG: 4200 0 0 0 0 0 0 0 0 0
ENERGY:    4200      1121.0832      1628.9123      2076.1493       151.6546            -40.6455      -778.2371         0.0000      2520.3967      2911.0037           9590.3172       292.3044      6679.3136      9611.8794       295.2004

LDB: ============= START OF LOAD BALANCING ============== 6.86554
LDB: ============== END OF LOAD BALANCING =============== 6.86576
Info: useSync: 0 useProxySync: 0
LDB: =============== DONE WITH MIGRATION ================ 6.86838
PRESSURE: 4300 0 0 0 0 0 0 0 0 0
GPRESSURE: 4300 0 0 0 0 0 0 0 0 0
PRESSAVG: 4300 0 0 0 0 0 0 0 0 0
GPRESSAVG: 4300 0 0 0 0 0 0 0 0 0
ENERGY:    4300      1086.9365      1710.4728      2049.8000       163.0051            -39.8944      -771.4259         0.0000      2518.4310      2987.9452           9705.2702       300.0304      6717.3250      9729.0461       297.4176

LDB: ============= START OF LOAD BALANCING ============== 7.01011
LDB: 289 computes have load of zero
LDB: Largest compute 1566 load 0.008367 is 30.3% of average load 0.027608
LDB: Average compute 0.001119 is 4.1% of average load 0.027608
LDB: TIME 7.01613 LOAD: AVG 0.0276077 MAX 0.0398077  PROXIES: TOTAL 601 MAXPE 12 MAXPATCH 10 None MEM: 1066.25 MB
LDB: TIME 7.01684 LOAD: AVG 0.0276077 MAX 0.0398077  PROXIES: TOTAL 900 MAXPE 12 MAXPATCH 31 RefineTorusLB MEM: 1066.25 MB
LDB: TIME 7.01889 LOAD: AVG 0.0276077 MAX 0.0363833  PROXIES: TOTAL 896 MAXPE 12 MAXPATCH 31 RefineTorusLB MEM: 1066.25 MB
LDB: ============== END OF LOAD BALANCING =============== 7.0199
Info: build node-aware spanning tree with send: 1, recv: 0 with branch factor 4
Info: useSync: 0 useProxySync: 0
LDB: =============== DONE WITH MIGRATION ================ 7.02402
PRESSURE: 4400 0 0 0 0 0 0 0 0 0
GPRESSURE: 4400 0 0 0 0 0 0 0 0 0
PRESSAVG: 4400 0 0 0 0 0 0 0 0 0
GPRESSAVG: 4400 0 0 0 0 0 0 0 0 0
ENERGY:    4400      1099.9429      1749.0715      2066.1631       142.9529            -39.8992      -778.4107         0.0000      2517.3722      2926.3365           9683.5294       293.8441      6757.1928      9702.2976       299.0616

PRESSURE: 4500 0 0 0 0 0 0 0 0 0
GPRESSURE: 4500 0 0 0 0 0 0 0 0 0
PRESSAVG: 4500 0 0 0 0 0 0 0 0 0
GPRESSAVG: 4500 0 0 0 0 0 0 0 0 0
ENERGY:    4500      1079.7231      1765.4516      2099.0807       154.1174            -39.8051      -786.8064         0.0000      2515.0242      2937.3806           9724.1661       294.9530      6786.7855      9748.0182       299.3440

PRESSURE: 4600 0 0 0 0 0 0 0 0 0
GPRESSURE: 4600 0 0 0 0 0 0 0 0 0
PRESSAVG: 4600 0 0 0 0 0 0 0 0 0
GPRESSAVG: 4600 0 0 0 0 0 0 0 0 0
ENERGY:    4600      1096.3249      1697.4409      2069.6213       156.7978            -40.7142      -773.0991         0.0000      2497.2520      2947.6690           9651.2928       295.9861      6703.6237      9677.4970       298.7700

PRESSURE: 4700 0 0 0 0 0 0 0 0 0
GPRESSURE: 4700 0 0 0 0 0 0 0 0 0
PRESSAVG: 4700 0 0 0 0 0 0 0 0 0
GPRESSAVG: 4700 0 0 0 0 0 0 0 0 0
ENERGY:    4700      1077.5326      1668.2357      2094.5484       167.0954            -40.0378      -755.9732         0.0000      2491.2347      2993.8225           9696.4585       300.6206      6702.6360      9721.0964       300.0324

PRESSURE: 4800 0 0 0 0 0 0 0 0 0
GPRESSURE: 4800 0 0 0 0 0 0 0 0 0
PRESSAVG: 4800 0 0 0 0 0 0 0 0 0
GPRESSAVG: 4800 0 0 0 0 0 0 0 0 0
ENERGY:    4800      1100.8969      1715.9967      2092.2542       159.7895            -40.7632      -777.3559         0.0000      2489.9840      2951.5496           9692.3519       296.3758      6740.8023      9713.8311       299.6746

PRESSURE: 4900 0 0 0 0 0 0 0 0 0
GPRESSURE: 4900 0 0 0 0 0 0 0 0 0
PRESSAVG: 4900 0 0 0 0 0 0 0 0 0
GPRESSAVG: 4900 0 0 0 0 0 0 0 0 0
ENERGY:    4900      1079.1745      1678.0646      2074.9724       157.0434            -41.0757      -788.8842         0.0000      2489.3888      3033.0168           9681.7006       304.5562      6648.6838      9705.4943       299.9173

WRITING COORDINATES TO DCD FILE adk-step1.dcd AT STEP 5000
WRITING COORDINATES TO RESTART FILE AT STEP 5000
FINISHED WRITING RESTART COORDINATES
The last position output (seq=5000) takes 0.003 seconds, 1066.250 MB of memory in use
WRITING VELOCITIES TO RESTART FILE AT STEP 5000
FINISHED WRITING RESTART VELOCITIES
The last velocity output (seq=5000) takes 0.002 seconds, 1066.250 MB of memory in use
PRESSURE: 5000 0 0 0 0 0 0 0 0 0
GPRESSURE: 5000 0 0 0 0 0 0 0 0 0
PRESSAVG: 5000 0 0 0 0 0 0 0 0 0
GPRESSAVG: 5000 0 0 0 0 0 0 0 0 0
TIMING: 5000  CPU: 1.17838, 0.000228998/step  Wall: 6.15381, 0.00125161/step, 0 hours remaining, 1066.250000 MB of memory in use.
ETITLE:      TS           BOND          ANGLE          DIHED          IMPRP               ELECT            VDW       BOUNDARY           MISC        KINETIC               TOTAL           TEMP      POTENTIAL         TOTAL3        TEMPAVG

ENERGY:    5000      1070.2693      1741.2728      2083.9909       148.0279            -42.4813      -785.7921         0.0000      2495.7619      2946.7931           9657.8425       295.8982      6711.0494      9683.9508       299.6109

WRITING EXTENDED SYSTEM TO RESTART FILE AT STEP 5000
WRITING EXTENDED SYSTEM TO OUTPUT FILE AT STEP 5000
WRITING COORDINATES TO OUTPUT FILE AT STEP 5000
CLOSING COORDINATE DCD FILE adk-step1.dcd
The last position output (seq=-2) takes 0.004 seconds, 1066.250 MB of memory in use
WRITING VELOCITIES TO OUTPUT FILE AT STEP 5000
====================================================

WallClock: 7.782749  CPUTime: 2.300362  Memory: 1066.250000 MB
[Partition 0][Node 0] End of program
