Info) VMD for SUMMIT, version 1.9.3 (December 12, 2019)
Info) http://www.ks.uiuc.edu/Research/vmd/                         
Info) Email questions and bug reports to vmd@ks.uiuc.edu           
Info) Please include this reference in published work using VMD:   
Info)    Humphrey, W., Dalke, A. and Schulten, K., `VMD - Visual   
Info)    Molecular Dynamics', J. Molec. Graphics 1996, 14.1, 33-38.
Info) -------------------------------------------------------------
Info) Initializing parallel VMD instances via MPI...
Info) Found 1 VMD MPI node containing a total of 176 CPUs and 0 GPUs:
Info)    0: 176 CPUs, 558.9GB (92%) free mem, 0 GPUs, Name: h14n13
Info) No CUDA accelerator devices available.
psfplugin) Detected a Charmm PSF file
Info) Using plugin psf for structure file 1ake-docked-noh_autopsf.psf
Info) Analyzing structure ...
Info)    Atoms: 3341
Info)    Bonds: 3365
Info)    Angles: 6123  Dihedrals: 8921  Impropers: 567  Cross-terms: 212
Info)    Bondtypes: 0  Angletypes: 0  Dihedraltypes: 0  Impropertypes: 0
Info)    Residues: 214
Info)    Waters: 0
Info)    Segments: 1
Info)    Fragments: 1   Protein: 1   Nucleic: 0
0
dcdplugin) detected standard 32-bit DCD file of native endianness
dcdplugin) CHARMM format DCD file (also NAMD 2.1 and later)
Info) Using plugin dcd for coordinates from file adk-step1.dcd
Info) Finished with coordinate file adk-step1.dcd.
0
cc.dat
0.5
atomselect0
Warning: guessing atomic number for atoms with unknown element...
Info) volmap: Computing bounding box coordinates
Info) volmap: grid minmax = {-23 -35 -40} {20 28 19}
Info) volmap: grid size = 43x63x59 (0.6 MB)
Info) volmap: writing file "/tmp/mdff_sim8636112189216592.dx".
MAP <- "/tmp/mdff_sim8636112189216592.dx"
MAP :: gaussian blur (sigma = 2.5, regular)
MAP :: pad by x:9 9 y:9 9 z:9 9
MAP -> "/tmp/mdff_corr9317262335362501.dx"

Stats for MAP:
  WEIGHT:    1
  AVERAGE:   0.0477343
  STDEV:     0.152006
  MIN:       0
  MAX:       1.04973
  PMF_AVG:   0.0380146

0.97169
Info) volmap: Computing bounding box coordinates
Info) volmap: grid minmax = {-23 -35 -40} {20 28 19}
Info) volmap: grid size = 43x63x59 (0.6 MB)
Info) volmap: writing file "/tmp/mdff_sim7626238175493776.dx".
MAP <- "/tmp/mdff_sim7626238175493776.dx"
MAP :: gaussian blur (sigma = 2.5, regular)
MAP :: pad by x:9 9 y:9 9 z:9 9
MAP -> "/tmp/mdff_corr4268492019860303.dx"

Stats for MAP:
  WEIGHT:    1
  AVERAGE:   0.0475028
  STDEV:     0.151184
  MIN:       0
  MAX:       1.07529
  PMF_AVG:   0.0378762

0.970575
0.97169 0.970575
file34
Info) VMD for SUMMIT, version 1.9.3 (December 12, 2019)
Info) Exiting normally.
Info) All nodes have reached the MPI shutdown barrier.
