0_3_cc.dat
/gpfs/alpine/bip115/scratch/hrlee/radical.pilot.sandbox/re.session.login2.hrlee.018634.0000/pilot.0000/staging_area/0_3_cc.dat
0, 3
Choosing optimized barrier algorithm name I0:HybridBinomial:SHMEM:P2P
Converse/Charm++ Commit ID: v6.10.2-0-g7bf00fa-namd-charm-6.10.2-build-2020-Aug-05-556
Warning> Randomization of virtual memory (ASLR) is turned on in the kernel, thread migration may not work! Run 'echo 0 > /proc/sys/kernel/randomize_va_space' as root to disable it, or try running with '+isomalloc_sync'.
CharmLB> Load balancer assumes all CPUs are same.
Charm++> Running on 1 hosts (1 sockets x 7 cores x 4 PUs = 28-way SMP)
Charm++> cpu topology info is gathered in 0.002 seconds.
Info: Built with CUDA version 10010
Did not find +devices i,j,k,... argument, using all
Pe 6 physical rank 6 will use CUDA device of pe 4
Pe 19 physical rank 19 will use CUDA device of pe 14
Pe 41 physical rank 41 will use CUDA device of pe 35
Pe 26 physical rank 26 will use CUDA device of pe 21
Pe 34 physical rank 34 will use CUDA device of pe 28
Pe 9 physical rank 9 will use CUDA device of pe 7
Pe 2 physical rank 2 will use CUDA device of pe 4
Pe 20 physical rank 20 will use CUDA device of pe 14
Pe 39 physical rank 39 will use CUDA device of pe 35
Pe 27 physical rank 27 will use CUDA device of pe 21
Pe 33 physical rank 33 will use CUDA device of pe 28
Pe 12 physical rank 12 will use CUDA device of pe 7
Pe 5 physical rank 5 will use CUDA device of pe 4
Pe 18 physical rank 18 will use CUDA device of pe 14
Pe 40 physical rank 40 will use CUDA device of pe 35
Pe 25 physical rank 25 will use CUDA device of pe 21
Pe 30 physical rank 30 will use CUDA device of pe 28
Pe 11 physical rank 11 will use CUDA device of pe 7
Pe 1 physical rank 1 will use CUDA device of pe 4
Pe 16 physical rank 16 will use CUDA device of pe 14
Pe 37 physical rank 37 will use CUDA device of pe 35
Pe 24 physical rank 24 will use CUDA device of pe 21
Pe 31 physical rank 31 will use CUDA device of pe 28
Pe 8 physical rank 8 will use CUDA device of pe 7
Pe 17 physical rank 17 will use CUDA device of pe 14
Pe 38 physical rank 38 will use CUDA device of pe 35
Pe 22 physical rank 22 will use CUDA device of pe 21
Pe 32 physical rank 32 will use CUDA device of pe 28
Pe 10 physical rank 10 will use CUDA device of pe 7
Pe 3 physical rank 3 will use CUDA device of pe 4
Pe 15 physical rank 15 will use CUDA device of pe 14
Pe 36 physical rank 36 will use CUDA device of pe 35
Pe 29 physical rank 29 will use CUDA device of pe 28
Pe 13 physical rank 13 will use CUDA device of pe 7
Pe 0 physical rank 0 will use CUDA device of pe 4
Pe 23 physical rank 23 will use CUDA device of pe 21
Pe 7 physical rank 7 binding to CUDA device 0 on h14n11: 'Tesla V100-SXM2-16GB'  Mem: 16128MB  Rev: 7.0  PCI: 4:5:0
Pe 4 physical rank 4 binding to CUDA device 0 on h14n11: 'Tesla V100-SXM2-16GB'  Mem: 16128MB  Rev: 7.0  PCI: 4:4:0
Pe 14 physical rank 14 binding to CUDA device 0 on h14n11: 'Tesla V100-SXM2-16GB'  Mem: 16128MB  Rev: 7.0  PCI: 4:6:0
Pe 35 physical rank 35 binding to CUDA device 0 on h14n11: 'Tesla V100-SXM2-16GB'  Mem: 16128MB  Rev: 7.0  PCI: 35:5:0
Pe 21 physical rank 21 binding to CUDA device 0 on h14n11: 'Tesla V100-SXM2-16GB'  Mem: 16128MB  Rev: 7.0  PCI: 35:3:0
Pe 28 physical rank 28 binding to CUDA device 0 on h14n11: 'Tesla V100-SXM2-16GB'  Mem: 16128MB  Rev: 7.0  PCI: 35:4:0
Info: NAMD 2.14 for Linux-POWER-pami-smp-Summit-CUDA
Info: 
Info: Please visit http://www.ks.uiuc.edu/Research/namd/
Info: for updates, documentation, and support information.
Info: 
Info: Please cite Phillips et al., J. Chem. Phys. 153:044130 (2020) doi:10.1063/5.0014475
Info: in all publications reporting results obtained with NAMD.
Info: 
Info: Based on Charm++/Converse 61002 for pami-linux-ppc64le-smp
Info: Built Wed Aug 5 14:28:51 EDT 2020 by jimp on login2
Info: 1 NAMD  2.14  Linux-POWER-pami-smp-Summit-CUDA  42    h14n11  hrlee
Info: Running on 42 processors, 6 nodes, 1 physical nodes.
Info: CPU topology information available.
Info: Charm++/Converse parallel runtime startup completed at 1.43413 s
CkLoopLib is used in SMP with simple dynamic scheduling (converse-level notification)
Info: 791.688 MB of memory in use based on /proc/self/stat
Info: Configuration file is adk-step1.namd
Info: Working in the current directory /gpfs/alpine/bip115/scratch/hrlee/radical.pilot.sandbox/re.session.login2.hrlee.018634.0000/pilot.0000/unit.000306
TCL: Suspending until startup complete.
Info: SIMULATION PARAMETERS:
Info: TIMESTEP               1
Info: NUMBER OF STEPS        0
Info: STEPS PER CYCLE        20
Info: LOAD BALANCER  Centralized
Info: LOAD BALANCING STRATEGY  New Load Balancers -- DEFAULT
Info: LDB PERIOD             4000 steps
Info: FIRST LDB TIMESTEP     100
Info: LAST LDB TIMESTEP     -1
Info: LDB BACKGROUND SCALING 1
Info: HOM BACKGROUND SCALING 1
Info: MIN ATOMS PER PATCH    40
Info: VELOCITY FILE          0_3_adk-step1.restart.vel
Info: CENTER OF MASS MOVING INITIALLY? NO
Info: DIELECTRIC             80
Info: EXCLUDE                SCALED ONE-FOUR
Info: 1-4 ELECTROSTATICS SCALED BY 1
Info: MODIFIED 1-4 VDW PARAMETERS WILL BE USED
Info: DCD FILENAME           adk-step1.dcd
Info: DCD FREQUENCY          1000
Info: DCD FIRST STEP         1000
Info: NO EXTENDED SYSTEM TRAJECTORY OUTPUT
Info: NO VELOCITY DCD OUTPUT
Info: NO FORCE DCD OUTPUT
Info: OUTPUT FILENAME        adk-step1
Info: BINARY OUTPUT FILES WILL BE USED
Info: RESTART FILENAME       adk-step1.restart
Info: RESTART FREQUENCY      1000
Info: BINARY RESTART FILES WILL BE USED
Info: SWITCHING ACTIVE
Info: SWITCHING ON           9
Info: SWITCHING OFF          10
Info: PAIRLIST DISTANCE      11
Info: PAIRLIST SHRINK RATE   0.01
Info: PAIRLIST GROW RATE     0.01
Info: PAIRLIST TRIGGER       0.3
Info: PAIRLISTS PER CYCLE    2
Info: PAIRLISTS ENABLED
Info: MARGIN                 0
Info: HYDROGEN GROUP CUTOFF  2.5
Info: PATCH DIMENSION        13.5
Info: ENERGY OUTPUT STEPS    100
Info: CROSSTERM ENERGY INCLUDED IN DIHEDRAL
Info: TIMING OUTPUT STEPS    1000
Info: PRESSURE OUTPUT STEPS  100
Info: GRID FORCE ACTIVE
Info:  Please include this reference in published work using
Info:  the Gridforce module of NAMD: David Wells, Volha Abramkina,
Info:  and Aleksei Aksimentiev, J. Chem. Phys. 127:125101-10 (2007).
Info: MGRIDFORCE key 0
Info:            Potfile 4ake-target_autopsf-grid.dx
Info:            Scale 0.3 0.3 0.3
Info:            File 1ake-docked-noh_autopsf-grid.pdb
Info:            Col O
Info:            ChargeCol B
Info:            VOffset 0 0 0
Info:            Continuous K1 FALSE
Info:            Continuous K2 FALSE
Info:            Continuous K3 FALSE
Info:            Volts FALSE
Info:            Gridforce-Lite FALSE
Info:            Gridforce-CheckSize TRUE
Info: LANGEVIN DYNAMICS ACTIVE
Info: LANGEVIN TEMPERATURE   300
Info: LANGEVIN USING BBK INTEGRATOR
Info: LANGEVIN DAMPING COEFFICIENT IS 5 INVERSE PS
Info: LANGEVIN DYNAMICS NOT APPLIED TO HYDROGENS
Info: USING VERLET I (r-RESPA) MTS SCHEME.
Info: C1 SPLITTING OF LONG RANGE ELECTROSTATICS
Info: PLACING ATOMS IN PATCHES BY HYDROGEN GROUPS
Info: RIGID BONDS TO HYDROGEN : WATER
Info:         ERROR TOLERANCE : 1e-08
Info:          MAX ITERATIONS : 100
Info: RIGID WATER USING SETTLE ALGORITHM
Info: NONBONDED FORCES EVALUATED EVERY 2 STEPS
Info: RANDOM NUMBER SEED     1609983924
Info: USE HYDROGEN BONDS?    NO
Info: COORDINATE PDB         1ake-docked-noh_autopsf.pdb
Info: STRUCTURE FILE         1ake-docked-noh_autopsf.psf
Info: PARAMETER file: CHARMM format! 
Info: PARAMETERS             par_all36_prot.prm
Info: USING ARITHMETIC MEAN TO COMBINE L-J SIGMA PARAMETERS
Info: BINARY COORDINATES     0_3_adk-step1.restart.coor
Info: SUMMARY OF PARAMETERS:
Info: 132 BONDS
Info: 362 ANGLES
Info: 702 DIHEDRAL
Info: 35 IMPROPER
Info: 6 CROSSTERM
Info: 53 VDW
Info: 0 VDW_PAIRS
Info: 0 NBTHOLE_PAIRS
Info: TIME FOR READING PSF FILE: 0.36869
Info: READING EXTRA BONDS FILE 1ake-extrabonds.txt
Info: READING EXTRA BONDS FILE 1ake-extrabonds-cispeptide.txt
Info: READING EXTRA BONDS FILE 1ake-extrabonds-chirality.txt
Info: READ 80 EXTRA BONDS
Info: READ 80 EXTRA ANGLES
Warning: EXTRA ANGLES ARE COSINE-BASED BY DEFAULT TO MATCH PREVIOUS VERSIONS
Warning: FOR NORMAL HARMONIC EXTRA ANGLES SET extraBondsCosAngles off
Info: READ 493 EXTRA DIHEDRALS
Info: READ 438 EXTRA IMPROPERS
Info: Reading pdb file 1ake-docked-noh_autopsf.pdb
Info: TIME FOR READING PDB FILE: 0.10733
Info: 
Info: ****************************
Info: STRUCTURE SUMMARY:
Info: 3341 ATOMS
Info: 3445 BONDS
Info: 6203 ANGLES
Info: 9414 DIHEDRALS
Info: 1005 IMPROPERS
Info: 212 CROSSTERMS
Info: 0 EXCLUSIONS
Info: 0 RIGID BONDS
Info: 1 GRIDS ACTIVE
Info: 10023 DEGREES OF FREEDOM
Info: 1656 HYDROGEN GROUPS
Info: 4 ATOMS IN LARGEST HYDROGEN GROUP
Info: 1656 MIGRATION GROUPS
Info: 4 ATOMS IN LARGEST MIGRATION GROUP
Info: TOTAL MASS = 23582 amu
Info: TOTAL CHARGE = -4 e
Info: *****************************
Info: Reading from binary file 0_3_adk-step1.restart.coor
Info: 
Info: Entering startup at 2.4128 s, 799.625 MB of memory in use
Info: Startup phase 0 took 0.000221448 s, 799.625 MB of memory in use
Info: ADDED 18308 IMPLICIT EXCLUSIONS
Info: Startup phase 1 took 0.00833456 s, 799.875 MB of memory in use
Info: NONBONDED TABLE R-SQUARED SPACING: 0.0625
Info: NONBONDED TABLE SIZE: 705 POINTS
Info: ABSOLUTE IMPRECISION IN FAST TABLE ENERGY: 3.38813e-21 AT 9.89634
Info: RELATIVE IMPRECISION IN FAST TABLE ENERGY: 4.23384e-15 AT 9.94673
Info: ABSOLUTE IMPRECISION IN FAST TABLE FORCE: 6.35275e-22 AT 9.94673
Info: RELATIVE IMPRECISION IN FAST TABLE FORCE: 5.07982e-16 AT 9.94673
Info: INCONSISTENCY IN FAST TABLE ENERGY VS FORCE: 0.000290185 AT 0.251946
Info: ABSOLUTE IMPRECISION IN VDWA TABLE ENERGY: 1.57772e-30 AT 9.89634
Info: RELATIVE IMPRECISION IN VDWA TABLE ENERGY: 4.54938e-15 AT 9.94673
Info: ABSOLUTE IMPRECISION IN VDWA TABLE FORCE: 5.91646e-31 AT 9.94673
Info: RELATIVE IMPRECISION IN VDWA TABLE FORCE: 5.6823e-16 AT 9.94673
Info: INCONSISTENCY IN VDWA TABLE ENERGY VS FORCE: 0.0040507 AT 0.251946
Info: ABSOLUTE IMPRECISION IN VDWB TABLE ENERGY: 4.71751e-25 AT 9.94673
Info: RELATIVE IMPRECISION IN VDWB TABLE ENERGY: 1.45371e-14 AT 9.94673
Info: ABSOLUTE IMPRECISION IN VDWB TABLE FORCE: 6.20385e-25 AT 9.94673
Info: RELATIVE IMPRECISION IN VDWB TABLE FORCE: 5.97512e-16 AT 9.94673
Info: INCONSISTENCY IN VDWB TABLE ENERGY VS FORCE: 0.00377068 AT 9.07951
Info: Startup phase 2 took 0.00043685 s, 800.812 MB of memory in use
Info: Startup phase 3 took 0.000161479 s, 800.812 MB of memory in use
Info: Startup phase 4 took 0.000224165 s, 801 MB of memory in use
Info: Startup phase 5 took 0.000144754 s, 801 MB of memory in use
Info: ORIGINAL ATOMS MINMAX IS -20.5694 -33.3892 -37.433  16.9757 19.6461 17.2872
Info: ADJUSTED ATOMS MINMAX IS -16.5771 -27.7325 -31.7831  11.4247 12.6864 8.92652
Info: PATCH GRID IS 5 BY 3 BY 4
Info: PATCH GRID IS 2-AWAY BY 1-AWAY BY 1-AWAY
Info: Reading from binary file 0_3_adk-step1.restart.vel
Info: REMOVING COM VELOCITY -0.0843941 0.0297366 -0.0898597
Info: LARGEST PATCH (33) HAS 145 ATOMS
Info: TORUS A SIZE 1 USING 0
Info: TORUS B SIZE 1 USING 0
Info: TORUS C SIZE 1 USING 0
Info: TORUS MINIMAL MESH SIZE IS 1 BY 1 BY 1
Info: Placed 100% of base nodes on same physical node as patch
Info: Startup phase 6 took 0.00820354 s, 801.125 MB of memory in use
Info: Startup phase 7 took 0.000155204 s, 802.375 MB of memory in use
Info: Updated CUDA force table with 4096 elements.
Info: Updated CUDA force table with 4096 elements.
Info: Updated CUDA LJ table with 53 x 53 elements.
Info: Updated CUDA LJ table with 53 x 53 elements.
Info: Updated CUDA force table with 4096 elements.
Info: Updated CUDA force table with 4096 elements.
Info: Updated CUDA LJ table with 53 x 53 elements.
Info: Updated CUDA LJ table with 53 x 53 elements.
Info: Updated CUDA force table with 4096 elements.
Info: Updated CUDA force table with 4096 elements.
Info: Updated CUDA LJ table with 53 x 53 elements.
Info: Updated CUDA LJ table with 53 x 53 elements.
Info: Startup phase 8 took 0.00327191 s, 802.5 MB of memory in use
Info: Startup phase 9 took 0.000410603 s, 802.625 MB of memory in use
Info: Startup phase 10 took 0.000158104 s, 802.875 MB of memory in use
Info: Startup phase 11 took 0.000736395 s, 802.938 MB of memory in use
LDB: Central LB being created...
Info: Startup phase 12 took 0.0020425 s, 803.688 MB of memory in use
Info: CREATING 1451 COMPUTE OBJECTS
Info: Found 278 unique exclusion lists needing 900 bytes
Info: Found 278 unique exclusion lists needing 900 bytes
Info: Found 278 unique exclusion lists needing 900 bytes
Info: Found 278 unique exclusion lists needing 900 bytes
Info: Found 278 unique exclusion lists needing 900 bytes
Info: Found 278 unique exclusion lists needing 900 bytes
Info: useSync: 0 useProxySync: 0
Info: Startup phase 13 took 0.0151272 s, 804.625 MB of memory in use
Info: Building spanning tree ... send: 1 recv: 0 with branch factor 4
Info: Startup phase 14 took 0.00022298 s, 804.75 MB of memory in use
Info: Startup phase 15 took 0.000324355 s, 804.812 MB of memory in use
Info: Finished startup at 2.45297 s, 805 MB of memory in use

TCL: Running for 5000 steps
PRESSURE: 0 0 0 0 0 0 0 0 0 0
GPRESSURE: 0 0 0 0 0 0 0 0 0 0
ETITLE:      TS           BOND          ANGLE          DIHED          IMPRP               ELECT            VDW       BOUNDARY           MISC        KINETIC               TOTAL           TEMP      POTENTIAL         TOTAL3        TEMPAVG

ENERGY:       0      1128.6683      1685.3887      2051.4947       154.0022            -40.9861      -782.6568         0.0000      2638.0980      2903.4806           9737.4896       291.5490      6834.0090      9762.4140       291.5490

LDB: ============= START OF LOAD BALANCING ============== 2.46576
LDB: ============== END OF LOAD BALANCING =============== 2.46581
Info: useSync: 0 useProxySync: 0
LDB: =============== DONE WITH MIGRATION ================ 2.46589
LDB: ============= START OF LOAD BALANCING ============== 2.51005
LDB: Partitioning computes with target load 0.000000
LDB: Increased migratable compute count from 0 to 0
LDB: Largest unpartitionable compute is 0.000000
LDB: ============== END OF LOAD BALANCING =============== 2.51032
Info: build node-aware spanning tree with send: 1, recv: 0 with branch factor 4
Info: useSync: 0 useProxySync: 0
LDB: =============== DONE WITH MIGRATION ================ 2.51106
PRESSURE: 100 0 0 0 0 0 0 0 0 0
GPRESSURE: 100 0 0 0 0 0 0 0 0 0
PRESSAVG: 100 0 0 0 0 0 0 0 0 0
GPRESSAVG: 100 0 0 0 0 0 0 0 0 0
Info: Initial time: 42 CPUs 0.000553961 s/step 0.00641159 days/ns 831.625 MB memory
ENERGY:     100      1086.0546      1726.6308      2080.1744       140.8869            -41.8145      -799.3973         0.0000      2637.5059      2896.1468           9726.1875       290.8126      6830.0407      9747.1361       295.1271

LDB: ============= START OF LOAD BALANCING ============== 2.52201
LDB: ============== END OF LOAD BALANCING =============== 2.52203
Info: useSync: 0 useProxySync: 0
LDB: =============== DONE WITH MIGRATION ================ 2.52211
LDB: ============= START OF LOAD BALANCING ============== 2.56532
LDB: TIME 2.56555 LOAD: AVG 0.0129972 MAX 0.0292855  PROXIES: TOTAL 213 MAXPE 10 MAXPATCH 7 None MEM: 832.875 MB
LDB: TIME 2.56571 LOAD: AVG 0.0129972 MAX 0.0292855  PROXIES: TOTAL 213 MAXPE 10 MAXPATCH 7 TorusLB MEM: 832.938 MB
LDB: ============== END OF LOAD BALANCING =============== 2.5659
Info: build node-aware spanning tree with send: 1, recv: 0 with branch factor 4
Info: useSync: 0 useProxySync: 0
LDB: =============== DONE WITH MIGRATION ================ 2.56659
PRESSURE: 200 0 0 0 0 0 0 0 0 0
GPRESSURE: 200 0 0 0 0 0 0 0 0 0
PRESSAVG: 200 0 0 0 0 0 0 0 0 0
GPRESSAVG: 200 0 0 0 0 0 0 0 0 0
Info: Initial time: 42 CPUs 0.000538367 s/step 0.0062311 days/ns 832.938 MB memory
ENERGY:     200      1099.0255      1670.7572      2048.1050       158.2343            -41.8294      -791.7066         0.0000      2637.0389      2911.3260           9690.9509       292.3368      6779.6249      9713.3462       292.9001

LDB: ============= START OF LOAD BALANCING ============== 2.6208
LDB: TIME 2.62101 LOAD: AVG 0.0162324 MAX 0.0364517  PROXIES: TOTAL 213 MAXPE 10 MAXPATCH 7 None MEM: 833.938 MB
LDB: TIME 2.62118 LOAD: AVG 0.0162324 MAX 0.0364517  PROXIES: TOTAL 213 MAXPE 10 MAXPATCH 7 RefineTorusLB MEM: 833.938 MB
LDB: TIME 2.62128 LOAD: AVG 0.0162324 MAX 0.0364517  PROXIES: TOTAL 213 MAXPE 10 MAXPATCH 7 RefineTorusLB MEM: 833.938 MB
LDB: ============== END OF LOAD BALANCING =============== 2.62147
Info: build node-aware spanning tree with send: 1, recv: 0 with branch factor 4
Info: useSync: 0 useProxySync: 0
LDB: =============== DONE WITH MIGRATION ================ 2.62215
PRESSURE: 300 0 0 0 0 0 0 0 0 0
GPRESSURE: 300 0 0 0 0 0 0 0 0 0
PRESSAVG: 300 0 0 0 0 0 0 0 0 0
GPRESSAVG: 300 0 0 0 0 0 0 0 0 0
Info: Initial time: 42 CPUs 0.00054175 s/step 0.00627026 days/ns 833.938 MB memory
ENERGY:     300      1102.1333      1698.7267      2082.6357       139.5344            -40.8024      -778.8659         0.0000      2634.6186      2858.3222           9696.3026       287.0145      6837.9804      9718.0861       294.1374

LDB: ============= START OF LOAD BALANCING ============== 2.676
LDB: TIME 2.67619 LOAD: AVG 0.0162275 MAX 0.0366499  PROXIES: TOTAL 213 MAXPE 10 MAXPATCH 7 None MEM: 834.688 MB
LDB: TIME 2.67636 LOAD: AVG 0.0162275 MAX 0.0366499  PROXIES: TOTAL 213 MAXPE 10 MAXPATCH 7 RefineTorusLB MEM: 834.688 MB
LDB: TIME 2.67646 LOAD: AVG 0.0162275 MAX 0.0366499  PROXIES: TOTAL 213 MAXPE 10 MAXPATCH 7 RefineTorusLB MEM: 834.688 MB
LDB: ============== END OF LOAD BALANCING =============== 2.67665
Info: build node-aware spanning tree with send: 1, recv: 0 with branch factor 4
Info: useSync: 0 useProxySync: 0
LDB: =============== DONE WITH MIGRATION ================ 2.67734
PRESSURE: 400 0 0 0 0 0 0 0 0 0
GPRESSURE: 400 0 0 0 0 0 0 0 0 0
PRESSAVG: 400 0 0 0 0 0 0 0 0 0
GPRESSAVG: 400 0 0 0 0 0 0 0 0 0
Info: Benchmark time: 42 CPUs 0.000537313 s/step 0.0062189 days/ns 834.688 MB memory
ENERGY:     400      1057.5347      1686.2899      2062.0835       145.7618            -41.3446      -776.2289         0.0000      2628.5615      3007.3362           9769.9941       301.9775      6762.6579      9794.2657       294.8312

PRESSURE: 500 0 0 0 0 0 0 0 0 0
GPRESSURE: 500 0 0 0 0 0 0 0 0 0
PRESSAVG: 500 0 0 0 0 0 0 0 0 0
GPRESSAVG: 500 0 0 0 0 0 0 0 0 0
Info: Benchmark time: 42 CPUs 0.000538346 s/step 0.00623086 days/ns 835.312 MB memory
ENERGY:     500      1059.6749      1681.7464      2073.5504       155.1834            -41.0630      -779.4742         0.0000      2624.3558      2987.0791           9761.0528       299.9435      6773.9737      9786.5057       296.1325

PRESSURE: 600 0 0 0 0 0 0 0 0 0
GPRESSURE: 600 0 0 0 0 0 0 0 0 0
PRESSAVG: 600 0 0 0 0 0 0 0 0 0
GPRESSAVG: 600 0 0 0 0 0 0 0 0 0
Info: Benchmark time: 42 CPUs 0.00053775 s/step 0.00622396 days/ns 835.312 MB memory
ENERGY:     600      1061.7584      1690.6489      2079.8122       150.7239            -41.8267      -767.6297         0.0000      2618.4487      2974.8080           9766.7438       298.7113      6791.9358      9791.7128       297.3857

PRESSURE: 700 0 0 0 0 0 0 0 0 0
GPRESSURE: 700 0 0 0 0 0 0 0 0 0
PRESSAVG: 700 0 0 0 0 0 0 0 0 0
GPRESSAVG: 700 0 0 0 0 0 0 0 0 0
Info: Benchmark time: 42 CPUs 0.000532953 s/step 0.00616844 days/ns 835.312 MB memory
ENERGY:     700      1082.9228      1747.8252      2048.4463       153.3751            -42.2815      -779.0065         0.0000      2617.3211      2918.6952           9747.2977       293.0768      6828.6025      9771.6291       296.4918

PRESSURE: 800 0 0 0 0 0 0 0 0 0
GPRESSURE: 800 0 0 0 0 0 0 0 0 0
PRESSAVG: 800 0 0 0 0 0 0 0 0 0
GPRESSAVG: 800 0 0 0 0 0 0 0 0 0
Info: Benchmark time: 42 CPUs 0.000532856 s/step 0.00616731 days/ns 835.312 MB memory
ENERGY:     800      1091.3943      1719.8709      2073.1475       154.2533            -40.8782      -788.2403         0.0000      2623.1180      3030.7064           9863.3720       304.3242      6832.6655      9891.7695       299.5642

PRESSURE: 900 0 0 0 0 0 0 0 0 0
GPRESSURE: 900 0 0 0 0 0 0 0 0 0
PRESSAVG: 900 0 0 0 0 0 0 0 0 0
GPRESSAVG: 900 0 0 0 0 0 0 0 0 0
Info: Benchmark time: 42 CPUs 0.000530838 s/step 0.00614396 days/ns 835.312 MB memory
ENERGY:     900      1071.3638      1717.0533      2074.7517       149.4908            -39.4092      -752.7254         0.0000      2619.1297      3004.7465           9844.4013       301.7175      6839.6548      9868.5307       301.0871

PRESSURE: 1000 0 0 0 0 0 0 0 0 0
GPRESSURE: 1000 0 0 0 0 0 0 0 0 0
PRESSAVG: 1000 0 0 0 0 0 0 0 0 0
GPRESSAVG: 1000 0 0 0 0 0 0 0 0 0
TIMING: 1000  CPU: 0.560748, 0.000543972/step  Wall: 0.563647, 0.000545273/step, 0.000605859 hours remaining, 835.312500 MB of memory in use.
ETITLE:      TS           BOND          ANGLE          DIHED          IMPRP               ELECT            VDW       BOUNDARY           MISC        KINETIC               TOTAL           TEMP      POTENTIAL         TOTAL3        TEMPAVG

ENERGY:    1000      1104.0101      1738.8334      2101.2251       151.0634            -40.3321      -771.0986         0.0000      2615.4111      2948.3045           9847.4170       296.0499      6899.1125      9871.0838       300.8917

WRITING EXTENDED SYSTEM TO RESTART FILE AT STEP 1000
WRITING VELOCITIES TO RESTART FILE AT STEP 1000
FINISHED WRITING RESTART VELOCITIES
The last velocity output (seq=1000) takes 0.002 seconds, 835.438 MB of memory in use
OPENING COORDINATE DCD FILE
WRITING COORDINATES TO DCD FILE adk-step1.dcd AT STEP 1000
WRITING COORDINATES TO RESTART FILE AT STEP 1000
FINISHED WRITING RESTART COORDINATES
The last position output (seq=1000) takes 0.004 seconds, 835.438 MB of memory in use
PRESSURE: 1100 0 0 0 0 0 0 0 0 0
GPRESSURE: 1100 0 0 0 0 0 0 0 0 0
PRESSAVG: 1100 0 0 0 0 0 0 0 0 0
GPRESSAVG: 1100 0 0 0 0 0 0 0 0 0
ENERGY:    1100      1081.8790      1706.1766      2077.6807       157.0477            -39.6503      -763.2307         0.0000      2612.8601      3000.5635           9833.3267       301.2975      6832.7632      9858.3540       301.0243

PRESSURE: 1200 0 0 0 0 0 0 0 0 0
GPRESSURE: 1200 0 0 0 0 0 0 0 0 0
PRESSAVG: 1200 0 0 0 0 0 0 0 0 0
GPRESSAVG: 1200 0 0 0 0 0 0 0 0 0
ENERGY:    1200      1100.6178      1705.0232      2095.2759       143.8690            -41.3088      -775.1891         0.0000      2612.7818      2947.5823           9788.6521       295.9774      6841.0698      9811.6228       300.3776

PRESSURE: 1300 0 0 0 0 0 0 0 0 0
GPRESSURE: 1300 0 0 0 0 0 0 0 0 0
PRESSAVG: 1300 0 0 0 0 0 0 0 0 0
GPRESSAVG: 1300 0 0 0 0 0 0 0 0 0
ENERGY:    1300      1103.8830      1722.5771      2089.1326       157.7470            -41.7229      -772.5584         0.0000      2611.1250      2948.8618           9819.0452       296.1059      6870.1834      9846.8516       298.4332

PRESSURE: 1400 0 0 0 0 0 0 0 0 0
GPRESSURE: 1400 0 0 0 0 0 0 0 0 0
PRESSAVG: 1400 0 0 0 0 0 0 0 0 0
GPRESSAVG: 1400 0 0 0 0 0 0 0 0 0
ENERGY:    1400      1065.0480      1739.3784      2101.8110       147.6376            -41.7512      -790.8475         0.0000      2616.8421      2990.5969           9828.7153       300.2967      6838.1184      9851.8949       300.3708

PRESSURE: 1500 0 0 0 0 0 0 0 0 0
GPRESSURE: 1500 0 0 0 0 0 0 0 0 0
PRESSAVG: 1500 0 0 0 0 0 0 0 0 0
GPRESSAVG: 1500 0 0 0 0 0 0 0 0 0
ENERGY:    1500      1080.0554      1756.1173      2064.6637       149.2931            -41.9514      -768.5687         0.0000      2606.8426      2949.5209           9795.9728       296.1721      6846.4519      9820.7203       297.8150

PRESSURE: 1600 0 0 0 0 0 0 0 0 0
GPRESSURE: 1600 0 0 0 0 0 0 0 0 0
PRESSAVG: 1600 0 0 0 0 0 0 0 0 0
GPRESSAVG: 1600 0 0 0 0 0 0 0 0 0
ENERGY:    1600      1055.4984      1685.7452      2075.4504       150.5252            -41.3270      -752.1770         0.0000      2599.1343      2937.6231           9710.4726       294.9774      6772.8495      9733.2464       298.2033

PRESSURE: 1700 0 0 0 0 0 0 0 0 0
GPRESSURE: 1700 0 0 0 0 0 0 0 0 0
PRESSAVG: 1700 0 0 0 0 0 0 0 0 0
GPRESSAVG: 1700 0 0 0 0 0 0 0 0 0
ENERGY:    1700      1048.8017      1696.5566      2093.2015       147.8593            -41.4001      -789.3844         0.0000      2599.5853      2986.3679           9741.5877       299.8720      6755.2199      9764.6890       295.8729

PRESSURE: 1800 0 0 0 0 0 0 0 0 0
GPRESSURE: 1800 0 0 0 0 0 0 0 0 0
PRESSAVG: 1800 0 0 0 0 0 0 0 0 0
GPRESSAVG: 1800 0 0 0 0 0 0 0 0 0
ENERGY:    1800      1070.3928      1685.5797      2069.2345       155.9465            -40.7948      -764.2566         0.0000      2600.2466      2966.1578           9742.5066       297.8427      6776.3488      9768.6956       296.9222

PRESSURE: 1900 0 0 0 0 0 0 0 0 0
GPRESSURE: 1900 0 0 0 0 0 0 0 0 0
PRESSAVG: 1900 0 0 0 0 0 0 0 0 0
GPRESSAVG: 1900 0 0 0 0 0 0 0 0 0
ENERGY:    1900      1093.6944      1710.4601      2089.8492       165.8962            -40.7654      -770.9798         0.0000      2598.0155      2984.8619           9831.0320       299.7208      6846.1701      9855.9323       300.4119

PRESSURE: 2000 0 0 0 0 0 0 0 0 0
GPRESSURE: 2000 0 0 0 0 0 0 0 0 0
PRESSAVG: 2000 0 0 0 0 0 0 0 0 0
GPRESSAVG: 2000 0 0 0 0 0 0 0 0 0
TIMING: 2000  CPU: 1.10589, 0.000545145/step  Wall: 1.11348, 0.00054983/step, 0.000458191 hours remaining, 835.437500 MB of memory in use.
ETITLE:      TS           BOND          ANGLE          DIHED          IMPRP               ELECT            VDW       BOUNDARY           MISC        KINETIC               TOTAL           TEMP      POTENTIAL         TOTAL3        TEMPAVG

ENERGY:    2000      1083.8612      1730.5598      2105.8556       148.7486            -40.7322      -757.4040         0.0000      2590.1831      2999.8715           9860.9437       301.2280      6861.0722      9879.1651       302.9037

WRITING EXTENDED SYSTEM TO RESTART FILE AT STEP 2000
WRITING VELOCITIES TO RESTART FILE AT STEP 2000
FINISHED WRITING RESTART VELOCITIES
The last velocity output (seq=2000) takes 0.002 seconds, 835.438 MB of memory in use
WRITING COORDINATES TO DCD FILE adk-step1.dcd AT STEP 2000
WRITING COORDINATES TO RESTART FILE AT STEP 2000
FINISHED WRITING RESTART COORDINATES
The last position output (seq=2000) takes 0.002 seconds, 835.438 MB of memory in use
PRESSURE: 2100 0 0 0 0 0 0 0 0 0
GPRESSURE: 2100 0 0 0 0 0 0 0 0 0
PRESSAVG: 2100 0 0 0 0 0 0 0 0 0
GPRESSAVG: 2100 0 0 0 0 0 0 0 0 0
ENERGY:    2100      1033.3382      1729.2186      2113.6860       152.6138            -42.1399      -754.9015         0.0000      2587.7035      3064.3519           9883.8706       307.7027      6819.5187      9912.3477       303.6408

PRESSURE: 2200 0 0 0 0 0 0 0 0 0
GPRESSURE: 2200 0 0 0 0 0 0 0 0 0
PRESSAVG: 2200 0 0 0 0 0 0 0 0 0
GPRESSAVG: 2200 0 0 0 0 0 0 0 0 0
ENERGY:    2200      1094.4812      1666.4492      2070.4477       149.2239            -42.0511      -760.3300         0.0000      2577.4107      3088.9800           9844.6116       310.1757      6755.6316      9868.1471       304.8667

PRESSURE: 2300 0 0 0 0 0 0 0 0 0
GPRESSURE: 2300 0 0 0 0 0 0 0 0 0
PRESSAVG: 2300 0 0 0 0 0 0 0 0 0
GPRESSAVG: 2300 0 0 0 0 0 0 0 0 0
ENERGY:    2300      1108.1481      1731.0139      2125.7898       143.7489            -41.5989      -782.7762         0.0000      2577.9375      2984.6029           9846.8662       299.6948      6862.2632      9871.9088       300.7606

PRESSURE: 2400 0 0 0 0 0 0 0 0 0
GPRESSURE: 2400 0 0 0 0 0 0 0 0 0
PRESSAVG: 2400 0 0 0 0 0 0 0 0 0
GPRESSAVG: 2400 0 0 0 0 0 0 0 0 0
ENERGY:    2400      1089.5211      1762.7451      2056.2407       153.5347            -40.4292      -824.9523         0.0000      2591.9915      2991.7863           9780.4381       300.4161      6788.6518      9807.7217       302.3127

PRESSURE: 2500 0 0 0 0 0 0 0 0 0
GPRESSURE: 2500 0 0 0 0 0 0 0 0 0
PRESSAVG: 2500 0 0 0 0 0 0 0 0 0
GPRESSAVG: 2500 0 0 0 0 0 0 0 0 0
ENERGY:    2500      1065.5096      1697.7594      2102.8804       158.1214            -40.3799      -773.3597         0.0000      2588.4301      2949.1353           9748.0966       296.1334      6798.9612      9769.1390       298.8552

PRESSURE: 2600 0 0 0 0 0 0 0 0 0
GPRESSURE: 2600 0 0 0 0 0 0 0 0 0
PRESSAVG: 2600 0 0 0 0 0 0 0 0 0
GPRESSAVG: 2600 0 0 0 0 0 0 0 0 0
ENERGY:    2600      1119.9179      1719.0329      2069.7856       145.6039            -39.9091      -781.7637         0.0000      2585.2477      2920.4908           9738.4060       293.2571      6817.9151      9765.6016       295.7853

PRESSURE: 2700 0 0 0 0 0 0 0 0 0
GPRESSURE: 2700 0 0 0 0 0 0 0 0 0
PRESSAVG: 2700 0 0 0 0 0 0 0 0 0
GPRESSAVG: 2700 0 0 0 0 0 0 0 0 0
ENERGY:    2700      1058.8355      1646.3024      2086.6642       161.4063            -40.1215      -792.1822         0.0000      2584.7677      3027.6475           9733.3199       304.0171      6705.6724      9759.3227       297.7126

PRESSURE: 2800 0 0 0 0 0 0 0 0 0
GPRESSURE: 2800 0 0 0 0 0 0 0 0 0
PRESSAVG: 2800 0 0 0 0 0 0 0 0 0
GPRESSAVG: 2800 0 0 0 0 0 0 0 0 0
ENERGY:    2800      1120.7280      1681.4393      2094.9536       151.0803            -40.0806      -793.7618         0.0000      2582.4763      2938.5623           9735.3973       295.0717      6796.8350      9757.8537       297.5475

PRESSURE: 2900 0 0 0 0 0 0 0 0 0
GPRESSURE: 2900 0 0 0 0 0 0 0 0 0
PRESSAVG: 2900 0 0 0 0 0 0 0 0 0
GPRESSAVG: 2900 0 0 0 0 0 0 0 0 0
ENERGY:    2900      1079.6767      1673.4124      2120.0398       151.9691            -40.3263      -774.4191         0.0000      2574.1863      2966.6508           9751.1896       297.8922      6784.5388      9774.2481       297.5267

PRESSURE: 3000 0 0 0 0 0 0 0 0 0
GPRESSURE: 3000 0 0 0 0 0 0 0 0 0
PRESSAVG: 3000 0 0 0 0 0 0 0 0 0
GPRESSAVG: 3000 0 0 0 0 0 0 0 0 0
TIMING: 3000  CPU: 1.64494, 0.000539051/step  Wall: 1.65604, 0.000542568/step, 0.000301427 hours remaining, 835.437500 MB of memory in use.
ETITLE:      TS           BOND          ANGLE          DIHED          IMPRP               ELECT            VDW       BOUNDARY           MISC        KINETIC               TOTAL           TEMP      POTENTIAL         TOTAL3        TEMPAVG

ENERGY:    3000      1094.0043      1661.3321      2098.8227       146.7426            -39.8828      -757.3370         0.0000      2572.6098      2931.8070           9708.0986       294.3934      6776.2917      9733.4541       296.5398

WRITING EXTENDED SYSTEM TO RESTART FILE AT STEP 3000
WRITING VELOCITIES TO RESTART FILE AT STEP 3000
FINISHED WRITING RESTART VELOCITIES
The last velocity output (seq=3000) takes 0.002 seconds, 835.500 MB of memory in use
WRITING COORDINATES TO DCD FILE adk-step1.dcd AT STEP 3000
WRITING COORDINATES TO RESTART FILE AT STEP 3000
FINISHED WRITING RESTART COORDINATES
The last position output (seq=3000) takes 0.002 seconds, 835.500 MB of memory in use
PRESSURE: 3100 0 0 0 0 0 0 0 0 0
GPRESSURE: 3100 0 0 0 0 0 0 0 0 0
PRESSAVG: 3100 0 0 0 0 0 0 0 0 0
GPRESSAVG: 3100 0 0 0 0 0 0 0 0 0
ENERGY:    3100      1097.3445      1733.4670      2090.8867       151.8594            -40.1169      -766.5752         0.0000      2573.2095      2955.1127           9795.1877       296.7336      6840.0750      9817.7117       296.6729

PRESSURE: 3200 0 0 0 0 0 0 0 0 0
GPRESSURE: 3200 0 0 0 0 0 0 0 0 0
PRESSAVG: 3200 0 0 0 0 0 0 0 0 0
GPRESSAVG: 3200 0 0 0 0 0 0 0 0 0
ENERGY:    3200      1041.3826      1670.5978      2131.0512       149.3763            -40.5992      -788.5091         0.0000      2572.0368      3004.8598           9740.1962       301.7289      6735.3364      9766.9570       299.6566

PRESSURE: 3300 0 0 0 0 0 0 0 0 0
GPRESSURE: 3300 0 0 0 0 0 0 0 0 0
PRESSAVG: 3300 0 0 0 0 0 0 0 0 0
GPRESSAVG: 3300 0 0 0 0 0 0 0 0 0
ENERGY:    3300      1075.7040      1691.1339      2095.6529       150.2159            -40.2802      -786.0895         0.0000      2567.9356      2968.7184           9722.9911       298.0998      6754.2727      9750.5585       296.3394

PRESSURE: 3400 0 0 0 0 0 0 0 0 0
GPRESSURE: 3400 0 0 0 0 0 0 0 0 0
PRESSAVG: 3400 0 0 0 0 0 0 0 0 0
GPRESSAVG: 3400 0 0 0 0 0 0 0 0 0
ENERGY:    3400      1122.8448      1659.8791      2068.9495       145.4395            -39.7887      -777.0172         0.0000      2568.5745      2973.4565           9722.3378       298.5756      6748.8813      9743.8799       297.6351

PRESSURE: 3500 0 0 0 0 0 0 0 0 0
GPRESSURE: 3500 0 0 0 0 0 0 0 0 0
PRESSAVG: 3500 0 0 0 0 0 0 0 0 0
GPRESSAVG: 3500 0 0 0 0 0 0 0 0 0
ENERGY:    3500      1054.3099      1694.2341      2082.2463       153.3635            -39.3197      -783.6081         0.0000      2571.5911      2958.5497           9691.3668       297.0787      6732.8170      9716.0578       297.7274

PRESSURE: 3600 0 0 0 0 0 0 0 0 0
GPRESSURE: 3600 0 0 0 0 0 0 0 0 0
PRESSAVG: 3600 0 0 0 0 0 0 0 0 0
GPRESSAVG: 3600 0 0 0 0 0 0 0 0 0
ENERGY:    3600      1066.9112      1658.6390      2101.6032       156.3673            -40.4198      -749.9977         0.0000      2559.3748      2946.9585           9699.4364       295.9148      6752.4779      9725.8953       296.9058

PRESSURE: 3700 0 0 0 0 0 0 0 0 0
GPRESSURE: 3700 0 0 0 0 0 0 0 0 0
PRESSAVG: 3700 0 0 0 0 0 0 0 0 0
GPRESSAVG: 3700 0 0 0 0 0 0 0 0 0
ENERGY:    3700      1026.8104      1665.9822      2111.2097       158.4897            -39.4799      -814.0348         0.0000      2549.9846      3048.8054           9707.7673       306.1416      6658.9619      9734.6342       297.6961

PRESSURE: 3800 0 0 0 0 0 0 0 0 0
GPRESSURE: 3800 0 0 0 0 0 0 0 0 0
PRESSAVG: 3800 0 0 0 0 0 0 0 0 0
GPRESSAVG: 3800 0 0 0 0 0 0 0 0 0
ENERGY:    3800      1077.3000      1689.7382      2111.9886       154.9038            -39.0361      -791.4701         0.0000      2547.0683      2957.0591           9707.5520       296.9290      6750.4928      9733.0494       296.9173

PRESSURE: 3900 0 0 0 0 0 0 0 0 0
GPRESSURE: 3900 0 0 0 0 0 0 0 0 0
PRESSAVG: 3900 0 0 0 0 0 0 0 0 0
GPRESSAVG: 3900 0 0 0 0 0 0 0 0 0
ENERGY:    3900      1092.0977      1669.8847      2122.9832       144.1038            -40.0587      -831.7280         0.0000      2551.7194      3010.1414           9719.1435       302.2592      6709.0022      9744.6879       297.7477

WRITING COORDINATES TO DCD FILE adk-step1.dcd AT STEP 4000
WRITING COORDINATES TO RESTART FILE AT STEP 4000
FINISHED WRITING RESTART COORDINATES
The last position output (seq=4000) takes 0.002 seconds, 835.500 MB of memory in use
WRITING VELOCITIES TO RESTART FILE AT STEP 4000
FINISHED WRITING RESTART VELOCITIES
The last velocity output (seq=4000) takes 0.002 seconds, 835.500 MB of memory in use
PRESSURE: 4000 0 0 0 0 0 0 0 0 0
GPRESSURE: 4000 0 0 0 0 0 0 0 0 0
PRESSAVG: 4000 0 0 0 0 0 0 0 0 0
GPRESSAVG: 4000 0 0 0 0 0 0 0 0 0
TIMING: 4000  CPU: 2.18733, 0.000542382/step  Wall: 2.20615, 0.000550107/step, 0.000152807 hours remaining, 835.500000 MB of memory in use.
ETITLE:      TS           BOND          ANGLE          DIHED          IMPRP               ELECT            VDW       BOUNDARY           MISC        KINETIC               TOTAL           TEMP      POTENTIAL         TOTAL3        TEMPAVG

ENERGY:    4000      1056.1192      1694.7510      2091.4266       155.1485            -39.9199      -802.7573         0.0000      2557.2102      2978.6092           9690.5875       299.0930      6711.9783      9718.0558       296.6914

WRITING EXTENDED SYSTEM TO RESTART FILE AT STEP 4000
PRESSURE: 4100 0 0 0 0 0 0 0 0 0
GPRESSURE: 4100 0 0 0 0 0 0 0 0 0
PRESSAVG: 4100 0 0 0 0 0 0 0 0 0
GPRESSAVG: 4100 0 0 0 0 0 0 0 0 0
ENERGY:    4100      1010.2729      1650.4776      2109.2476       141.8682            -40.2748      -743.7107         0.0000      2558.6063      2946.6583           9633.1453       295.8846      6686.4870      9658.1216       295.4886

PRESSURE: 4200 0 0 0 0 0 0 0 0 0
GPRESSURE: 4200 0 0 0 0 0 0 0 0 0
PRESSAVG: 4200 0 0 0 0 0 0 0 0 0
GPRESSAVG: 4200 0 0 0 0 0 0 0 0 0
ENERGY:    4200      1088.4737      1710.2271      2103.3352       157.5965            -40.1411      -791.7496         0.0000      2560.6749      2877.0243           9665.4409       288.8924      6788.4166      9683.6623       293.2596

LDB: ============= START OF LOAD BALANCING ============== 4.8048
LDB: ============== END OF LOAD BALANCING =============== 4.80487
Info: useSync: 0 useProxySync: 0
LDB: =============== DONE WITH MIGRATION ================ 4.80497
PRESSURE: 4300 0 0 0 0 0 0 0 0 0
GPRESSURE: 4300 0 0 0 0 0 0 0 0 0
PRESSAVG: 4300 0 0 0 0 0 0 0 0 0
GPRESSAVG: 4300 0 0 0 0 0 0 0 0 0
ENERGY:    4300      1095.1358      1716.0213      2091.2804       151.1944            -41.2761      -789.3989         0.0000      2557.8418      2903.9336           9684.7324       291.5945      6780.7987      9710.3196       295.2198

LDB: ============= START OF LOAD BALANCING ============== 4.85868
LDB: TIME 4.85891 LOAD: AVG 0.0159751 MAX 0.0373649  PROXIES: TOTAL 213 MAXPE 10 MAXPATCH 7 None MEM: 835.5 MB
LDB: TIME 4.85907 LOAD: AVG 0.0159751 MAX 0.0373649  PROXIES: TOTAL 213 MAXPE 10 MAXPATCH 7 RefineTorusLB MEM: 835.562 MB
LDB: TIME 4.85917 LOAD: AVG 0.0159751 MAX 0.0373649  PROXIES: TOTAL 213 MAXPE 10 MAXPATCH 7 RefineTorusLB MEM: 835.562 MB
LDB: ============== END OF LOAD BALANCING =============== 4.85937
Info: build node-aware spanning tree with send: 1, recv: 0 with branch factor 4
Info: useSync: 0 useProxySync: 0
LDB: =============== DONE WITH MIGRATION ================ 4.86007
PRESSURE: 4400 0 0 0 0 0 0 0 0 0
GPRESSURE: 4400 0 0 0 0 0 0 0 0 0
PRESSAVG: 4400 0 0 0 0 0 0 0 0 0
GPRESSAVG: 4400 0 0 0 0 0 0 0 0 0
ENERGY:    4400      1085.8044      1670.8908      2091.3837       148.5355            -41.5400      -793.6987         0.0000      2559.5218      2908.4281           9629.3256       292.0458      6720.8975      9653.1335       293.5318

PRESSURE: 4500 0 0 0 0 0 0 0 0 0
GPRESSURE: 4500 0 0 0 0 0 0 0 0 0
PRESSAVG: 4500 0 0 0 0 0 0 0 0 0
GPRESSAVG: 4500 0 0 0 0 0 0 0 0 0
ENERGY:    4500      1055.4618      1673.7913      2107.0071       146.7090            -40.9119      -792.2676         0.0000      2552.5732      2997.1921           9699.5549       300.9589      6702.3628      9723.9416       295.8026

PRESSURE: 4600 0 0 0 0 0 0 0 0 0
GPRESSURE: 4600 0 0 0 0 0 0 0 0 0
PRESSAVG: 4600 0 0 0 0 0 0 0 0 0
GPRESSAVG: 4600 0 0 0 0 0 0 0 0 0
ENERGY:    4600      1092.6615      1692.7546      2092.2895       143.8944            -40.7582      -815.3281         0.0000      2560.5757      2943.0001           9669.0894       295.5173      6726.0894      9693.4526       295.0764

PRESSURE: 4700 0 0 0 0 0 0 0 0 0
GPRESSURE: 4700 0 0 0 0 0 0 0 0 0
PRESSAVG: 4700 0 0 0 0 0 0 0 0 0
GPRESSAVG: 4700 0 0 0 0 0 0 0 0 0
ENERGY:    4700      1114.9648      1659.2323      2085.5516       145.6384            -40.3283      -789.7540         0.0000      2556.4563      3001.8788           9733.6399       301.4295      6731.7610      9756.1832       296.0704

PRESSURE: 4800 0 0 0 0 0 0 0 0 0
GPRESSURE: 4800 0 0 0 0 0 0 0 0 0
PRESSAVG: 4800 0 0 0 0 0 0 0 0 0
GPRESSAVG: 4800 0 0 0 0 0 0 0 0 0
ENERGY:    4800      1076.7704      1668.0329      2112.6356       159.5824            -38.6492      -781.8455         0.0000      2550.2649      2928.7968           9675.5884       294.0911      6746.7916      9699.9127       297.5944

PRESSURE: 4900 0 0 0 0 0 0 0 0 0
GPRESSURE: 4900 0 0 0 0 0 0 0 0 0
PRESSAVG: 4900 0 0 0 0 0 0 0 0 0
GPRESSAVG: 4900 0 0 0 0 0 0 0 0 0
ENERGY:    4900      1090.4068      1649.5125      2116.1826       150.0732            -38.8524      -813.2901         0.0000      2544.8572      2957.6894           9656.5791       296.9923      6698.8897      9678.9877       296.0785

PRESSURE: 5000 0 0 0 0 0 0 0 0 0
GPRESSURE: 5000 0 0 0 0 0 0 0 0 0
PRESSAVG: 5000 0 0 0 0 0 0 0 0 0
GPRESSAVG: 5000 0 0 0 0 0 0 0 0 0
TIMING: 5000  CPU: 2.72147, 0.000534143/step  Wall: 2.74814, 0.000541987/step, 0 hours remaining, 835.562500 MB of memory in use.
ETITLE:      TS           BOND          ANGLE          DIHED          IMPRP               ELECT            VDW       BOUNDARY           MISC        KINETIC               TOTAL           TEMP      POTENTIAL         TOTAL3        TEMPAVG

ENERGY:    5000      1101.4490      1663.4410      2090.6416       156.1837            -40.3068      -764.5740         0.0000      2541.4537      2917.1227           9665.4109       292.9189      6748.2883      9691.1722       295.3438

WRITING EXTENDED SYSTEM TO RESTART FILE AT STEP 5000
WRITING VELOCITIES TO RESTART FILE AT STEP 5000
FINISHED WRITING RESTART VELOCITIES
The last velocity output (seq=5000) takes 0.005 seconds, 836.062 MB of memory in use
WRITING COORDINATES TO DCD FILE adk-step1.dcd AT STEP 5000
WRITING COORDINATES TO RESTART FILE AT STEP 5000
FINISHED WRITING RESTART COORDINATES
The last position output (seq=5000) takes 0.002 seconds, 836.062 MB of memory in use
WRITING EXTENDED SYSTEM TO OUTPUT FILE AT STEP 5000
WRITING COORDINATES TO OUTPUT FILE AT STEP 5000
CLOSING COORDINATE DCD FILE adk-step1.dcd
The last position output (seq=-2) takes 0.004 seconds, 836.062 MB of memory in use
WRITING VELOCITIES TO OUTPUT FILE AT STEP 5000
====================================================

WallClock: 5.198265  CPUTime: 3.577343  Memory: 836.125000 MB
End of program
