3_1_cc.dat
/gpfs/alpine/bip115/scratch/hrlee/radical.pilot.sandbox/re.session.login1.hrlee.018632.0003/pilot.0000/staging_area/3_1_cc.dat
3, 1
Choosing optimized barrier algorithm name I0:HybridBinomial:SHMEM:P2P
Converse/Charm++ Commit ID: v6.10.2-0-g7bf00fa-namd-charm-6.10.2-build-2020-Aug-05-556
Warning> Randomization of virtual memory (ASLR) is turned on in the kernel, thread migration may not work! Run 'echo 0 > /proc/sys/kernel/randomize_va_space' as root to disable it, or try running with '+isomalloc_sync'.
Charm++> Running on 1 hosts (1 sockets x 7 cores x 4 PUs = 28-way SMP)
Charm++> cpu topology info is gathered in 0.002 seconds.
Info: Built with CUDA version 10010
Did not find +devices i,j,k,... argument, using all
Pe 6 physical rank 6 will use CUDA device of pe 4
Pe 12 physical rank 12 will use CUDA device of pe 7
Pe 20 physical rank 20 will use CUDA device of pe 14
Pe 31 physical rank 31 will use CUDA device of pe 28
Pe 37 physical rank 37 will use CUDA device of pe 35
Pe 27 physical rank 27 will use CUDA device of pe 21
Pe 2 physical rank 2 will use CUDA device of pe 4
Pe 9 physical rank 9 will use CUDA device of pe 7
Pe 19 physical rank 19 will use CUDA device of pe 14
Pe 32 physical rank 32 will use CUDA device of pe 28
Pe 40 physical rank 40 will use CUDA device of pe 35
Pe 23 physical rank 23 will use CUDA device of pe 21
Pe 0 physical rank 0 will use CUDA device of pe 4
Pe 11 physical rank 11 will use CUDA device of pe 7
Pe 16 physical rank 16 will use CUDA device of pe 14
Pe 34 physical rank 34 will use CUDA device of pe 28
Pe 41 physical rank 41 will use CUDA device of pe 35
Pe 24 physical rank 24 will use CUDA device of pe 21
Pe 3 physical rank 3 will use CUDA device of pe 4
Pe 10 physical rank 10 will use CUDA device of pe 7
Pe 17 physical rank 17 will use CUDA device of pe 14
Pe 33 physical rank 33 will use CUDA device of pe 28
Pe 39 physical rank 39 will use CUDA device of pe 35
Pe 26 physical rank 26 will use CUDA device of pe 21
Pe 5 physical rank 5 will use CUDA device of pe 4
Pe 13 physical rank 13 will use CUDA device of pe 7
Pe 18 physical rank 18 will use CUDA device of pe 14
Pe 30 physical rank 30 will use CUDA device of pe 28
Pe 38 physical rank 38 will use CUDA device of pe 35
Pe 25 physical rank 25 will use CUDA device of pe 21
Pe 8 physical rank 8 will use CUDA device of pe 7
Pe 15 physical rank 15 will use CUDA device of pe 14
Pe 29 physical rank 29 will use CUDA device of pe 28
Pe 36 physical rank 36 will use CUDA device of pe 35
Pe 22 physical rank 22 will use CUDA device of pe 21
Pe 1 physical rank 1 will use CUDA device of pe 4
Pe 4 physical rank 4 binding to CUDA device 0 on h23n13: 'Tesla V100-SXM2-16GB'  Mem: 16128MB  Rev: 7.0  PCI: 4:4:0
Pe 7 physical rank 7 binding to CUDA device 0 on h23n13: 'Tesla V100-SXM2-16GB'  Mem: 16128MB  Rev: 7.0  PCI: 4:5:0
Pe 14 physical rank 14 binding to CUDA device 0 on h23n13: 'Tesla V100-SXM2-16GB'  Mem: 16128MB  Rev: 7.0  PCI: 4:6:0
Pe 28 physical rank 28 binding to CUDA device 0 on h23n13: 'Tesla V100-SXM2-16GB'  Mem: 16128MB  Rev: 7.0  PCI: 35:4:0
Pe 35 physical rank 35 binding to CUDA device 0 on h23n13: 'Tesla V100-SXM2-16GB'  Mem: 16128MB  Rev: 7.0  PCI: 35:5:0
Pe 21 physical rank 21 binding to CUDA device 0 on h23n13: 'Tesla V100-SXM2-16GB'  Mem: 16128MB  Rev: 7.0  PCI: 35:3:0
Info: NAMD 2.14 for Linux-POWER-pami-smp-Summit-CUDA
Info: 
Info: Please visit http://www.ks.uiuc.edu/Research/namd/
Info: for updates, documentation, and support information.
Info: 
Info: Please cite Phillips et al., J. Chem. Phys. 153:044130 (2020) doi:10.1063/5.0014475
Info: in all publications reporting results obtained with NAMD.
Info: 
Info: Based on Charm++/Converse 61002 for pami-linux-ppc64le-smp
Info: Built Wed Aug 5 14:28:51 EDT 2020 by jimp on login2
Info: 1 NAMD  2.14  Linux-POWER-pami-smp-Summit-CUDA  42    h23n13  hrlee
Info: Running on 42 processors, 6 nodes, 1 physical nodes.
Info: CPU topology information available.
Info: Charm++/Converse parallel runtime startup completed at 1.34127 s
CkLoopLib is used in SMP with simple dynamic scheduling (converse-level notification)
Info: 791.688 MB of memory in use based on /proc/self/stat
Info: Configuration file is adk-step1.namd
Info: Working in the current directory /gpfs/alpine/bip115/scratch/hrlee/radical.pilot.sandbox/re.session.login1.hrlee.018632.0003/pilot.0000/unit.000172
TCL: Suspending until startup complete.
Info: SIMULATION PARAMETERS:
Info: TIMESTEP               1
Info: NUMBER OF STEPS        0
Info: STEPS PER CYCLE        20
Info: LOAD BALANCER  Centralized
Info: LOAD BALANCING STRATEGY  New Load Balancers -- DEFAULT
Info: LDB PERIOD             4000 steps
Info: FIRST LDB TIMESTEP     100
Info: LAST LDB TIMESTEP     -1
Info: LDB BACKGROUND SCALING 1
Info: HOM BACKGROUND SCALING 1
Info: MIN ATOMS PER PATCH    40
Info: VELOCITY FILE          3_1_adk-step1.restart.vel
Info: CENTER OF MASS MOVING INITIALLY? NO
Info: DIELECTRIC             80
Info: EXCLUDE                SCALED ONE-FOUR
Info: 1-4 ELECTROSTATICS SCALED BY 1
Info: MODIFIED 1-4 VDW PARAMETERS WILL BE USED
Info: DCD FILENAME           adk-step1.dcd
Info: DCD FREQUENCY          1000
Info: DCD FIRST STEP         1000
Info: NO EXTENDED SYSTEM TRAJECTORY OUTPUT
Info: NO VELOCITY DCD OUTPUT
Info: NO FORCE DCD OUTPUT
Info: OUTPUT FILENAME        adk-step1
Info: BINARY OUTPUT FILES WILL BE USED
Info: RESTART FILENAME       adk-step1.restart
Info: RESTART FREQUENCY      1000
Info: BINARY RESTART FILES WILL BE USED
Info: SWITCHING ACTIVE
Info: SWITCHING ON           9
Info: SWITCHING OFF          10
Info: PAIRLIST DISTANCE      11
Info: PAIRLIST SHRINK RATE   0.01
Info: PAIRLIST GROW RATE     0.01
Info: PAIRLIST TRIGGER       0.3
Info: PAIRLISTS PER CYCLE    2
Info: PAIRLISTS ENABLED
Info: MARGIN                 0
Info: HYDROGEN GROUP CUTOFF  2.5
Info: PATCH DIMENSION        13.5
Info: ENERGY OUTPUT STEPS    100
Info: CROSSTERM ENERGY INCLUDED IN DIHEDRAL
Info: TIMING OUTPUT STEPS    1000
Info: PRESSURE OUTPUT STEPS  100
Info: GRID FORCE ACTIVE
Info:  Please include this reference in published work using
Info:  the Gridforce module of NAMD: David Wells, Volha Abramkina,
Info:  and Aleksei Aksimentiev, J. Chem. Phys. 127:125101-10 (2007).
Info: MGRIDFORCE key 0
Info:            Potfile 4ake-target_autopsf-grid.dx
Info:            Scale 0.3 0.3 0.3
Info:            File 1ake-docked-noh_autopsf-grid.pdb
Info:            Col O
Info:            ChargeCol B
Info:            VOffset 0 0 0
Info:            Continuous K1 FALSE
Info:            Continuous K2 FALSE
Info:            Continuous K3 FALSE
Info:            Volts FALSE
Info:            Gridforce-Lite FALSE
Info:            Gridforce-CheckSize TRUE
Info: LANGEVIN DYNAMICS ACTIVE
Info: LANGEVIN TEMPERATURE   300
Info: LANGEVIN USING BBK INTEGRATOR
Info: LANGEVIN DAMPING COEFFICIENT IS 5 INVERSE PS
Info: LANGEVIN DYNAMICS NOT APPLIED TO HYDROGENS
Info: USING VERLET I (r-RESPA) MTS SCHEME.
Info: C1 SPLITTING OF LONG RANGE ELECTROSTATICS
Info: PLACING ATOMS IN PATCHES BY HYDROGEN GROUPS
Info: RIGID BONDS TO HYDROGEN : WATER
Info:         ERROR TOLERANCE : 1e-08
Info:          MAX ITERATIONS : 100
Info: RIGID WATER USING SETTLE ALGORITHM
Info: NONBONDED FORCES EVALUATED EVERY 2 STEPS
Info: RANDOM NUMBER SEED     1609821718
Info: USE HYDROGEN BONDS?    NO
Info: COORDINATE PDB         1ake-docked-noh_autopsf.pdb
Info: STRUCTURE FILE         1ake-docked-noh_autopsf.psf
Info: PARAMETER file: CHARMM format! 
Info: PARAMETERS             par_all36_prot.prm
Info: USING ARITHMETIC MEAN TO COMBINE L-J SIGMA PARAMETERS
Info: BINARY COORDINATES     3_1_adk-step1.restart.coor
Info: SUMMARY OF PARAMETERS:
Info: 132 BONDS
Info: 362 ANGLES
Info: 702 DIHEDRAL
Info: 35 IMPROPER
Info: 6 CROSSTERM
Info: 53 VDW
Info: 0 VDW_PAIRS
Info: 0 NBTHOLE_PAIRS
Info: TIME FOR READING PSF FILE: 0.529604
Info: READING EXTRA BONDS FILE 1ake-extrabonds.txt
Info: READING EXTRA BONDS FILE 1ake-extrabonds-cispeptide.txt
Info: READING EXTRA BONDS FILE 1ake-extrabonds-chirality.txt
Info: READ 80 EXTRA BONDS
Info: READ 80 EXTRA ANGLES
Warning: EXTRA ANGLES ARE COSINE-BASED BY DEFAULT TO MATCH PREVIOUS VERSIONS
Warning: FOR NORMAL HARMONIC EXTRA ANGLES SET extraBondsCosAngles off
Info: READ 493 EXTRA DIHEDRALS
Info: READ 438 EXTRA IMPROPERS
Info: Reading pdb file 1ake-docked-noh_autopsf.pdb
Info: TIME FOR READING PDB FILE: 0.116335
Info: 
Info: ****************************
Info: STRUCTURE SUMMARY:
Info: 3341 ATOMS
Info: 3445 BONDS
Info: 6203 ANGLES
Info: 9414 DIHEDRALS
Info: 1005 IMPROPERS
Info: 212 CROSSTERMS
Info: 0 EXCLUSIONS
Info: 0 RIGID BONDS
Info: 1 GRIDS ACTIVE
Info: 10023 DEGREES OF FREEDOM
Info: 1656 HYDROGEN GROUPS
Info: 4 ATOMS IN LARGEST HYDROGEN GROUP
Info: 1656 MIGRATION GROUPS
Info: 4 ATOMS IN LARGEST MIGRATION GROUP
Info: TOTAL MASS = 23582 amu
Info: TOTAL CHARGE = -4 e
Info: *****************************
Info: Reading from binary file 3_1_adk-step1.restart.coor
Info: 
Info: Entering startup at 2.53652 s, 798.812 MB of memory in use
Info: Startup phase 0 took 0.000287897 s, 798.812 MB of memory in use
Info: ADDED 18308 IMPLICIT EXCLUSIONS
Info: Startup phase 1 took 0.00846392 s, 799.062 MB of memory in use
Info: NONBONDED TABLE R-SQUARED SPACING: 0.0625
Info: NONBONDED TABLE SIZE: 705 POINTS
Info: ABSOLUTE IMPRECISION IN FAST TABLE ENERGY: 3.38813e-21 AT 9.89634
Info: RELATIVE IMPRECISION IN FAST TABLE ENERGY: 4.23384e-15 AT 9.94673
Info: ABSOLUTE IMPRECISION IN FAST TABLE FORCE: 6.35275e-22 AT 9.94673
Info: RELATIVE IMPRECISION IN FAST TABLE FORCE: 5.07982e-16 AT 9.94673
Info: INCONSISTENCY IN FAST TABLE ENERGY VS FORCE: 0.000290185 AT 0.251946
Info: ABSOLUTE IMPRECISION IN VDWA TABLE ENERGY: 1.57772e-30 AT 9.89634
Info: RELATIVE IMPRECISION IN VDWA TABLE ENERGY: 4.54938e-15 AT 9.94673
Info: ABSOLUTE IMPRECISION IN VDWA TABLE FORCE: 5.91646e-31 AT 9.94673
Info: RELATIVE IMPRECISION IN VDWA TABLE FORCE: 5.6823e-16 AT 9.94673
Info: INCONSISTENCY IN VDWA TABLE ENERGY VS FORCE: 0.0040507 AT 0.251946
Info: ABSOLUTE IMPRECISION IN VDWB TABLE ENERGY: 4.71751e-25 AT 9.94673
Info: RELATIVE IMPRECISION IN VDWB TABLE ENERGY: 1.45371e-14 AT 9.94673
Info: ABSOLUTE IMPRECISION IN VDWB TABLE FORCE: 6.20385e-25 AT 9.94673
Info: RELATIVE IMPRECISION IN VDWB TABLE FORCE: 5.97512e-16 AT 9.94673
Info: INCONSISTENCY IN VDWB TABLE ENERGY VS FORCE: 0.00377068 AT 9.07951
Info: Startup phase 2 took 0.000849519 s, 800.312 MB of memory in use
Info: Startup phase 3 took 0.000227757 s, 800.312 MB of memory in use
Info: Startup phase 4 took 0.000275257 s, 800.438 MB of memory in use
Info: Startup phase 5 took 0.000212714 s, 800.438 MB of memory in use
Info: ORIGINAL ATOMS MINMAX IS -22.7638 -33.0644 -34.7258  17.1485 11.2485 16.6948
Info: ADJUSTED ATOMS MINMAX IS -17.3216 -27.2131 -30.0678  11.8152 7.2268 6.89305
Info: PATCH GRID IS 5 BY 3 BY 3
Info: PATCH GRID IS 2-AWAY BY 1-AWAY BY 1-AWAY
Info: Reading from binary file 3_1_adk-step1.restart.vel
Info: REMOVING COM VELOCITY 0.202879 -0.0229087 0.0108348
Info: LARGEST PATCH (37) HAS 146 ATOMS
Info: TORUS A SIZE 1 USING 0
Info: TORUS B SIZE 1 USING 0
Info: TORUS C SIZE 1 USING 0
Info: TORUS MINIMAL MESH SIZE IS 1 BY 1 BY 1
Info: Placed 100% of base nodes on same physical node as patch
Info: Startup phase 6 took 0.00901116 s, 800.688 MB of memory in use
Info: Startup phase 7 took 0.000230346 s, 801.562 MB of memory in use
Info: Updated CUDA force table with 4096 elements.
Info: Updated CUDA LJ table with 53 x 53 elements.
Info: Updated CUDA force table with 4096 elements.
Info: Updated CUDA LJ table with 53 x 53 elements.
Info: Updated CUDA force table with 4096 elements.
Info: Updated CUDA LJ table with 53 x 53 elements.
Info: Updated CUDA force table with 4096 elements.
Info: Updated CUDA force table with 4096 elements.
Info: Updated CUDA LJ table with 53 x 53 elements.
Info: Updated CUDA LJ table with 53 x 53 elements.
Info: Updated CUDA force table with 4096 elements.
Info: Updated CUDA LJ table with 53 x 53 elements.
Info: Startup phase 8 took 0.00374971 s, 801.75 MB of memory in use
Info: Startup phase 9 took 0.000395951 s, 801.812 MB of memory in use
Info: Startup phase 10 took 0.000216626 s, 801.875 MB of memory in use
Info: Startup phase 11 took 0.000972972 s, 802 MB of memory in use
LDB: Central LB being created...
Info: Startup phase 12 took 0.00205214 s, 802.75 MB of memory in use
Info: CREATING 1139 COMPUTE OBJECTS
Info: Found 278 unique exclusion lists needing 900 bytes
Info: Found 278 unique exclusion lists needing 900 bytes
Info: Found 278 unique exclusion lists needing 900 bytes
Info: Found 278 unique exclusion lists needing 900 bytes
Info: Found 278 unique exclusion lists needing 900 bytes
Info: Found 278 unique exclusion lists needing 900 bytes
Info: useSync: 0 useProxySync: 0
Info: Startup phase 13 took 0.0150582 s, 803.688 MB of memory in use
Info: Building spanning tree ... send: 1 recv: 0 with branch factor 4
Info: Startup phase 14 took 0.000261259 s, 803.812 MB of memory in use
Info: Startup phase 15 took 0.000219009 s, 803.938 MB of memory in use
Info: Finished startup at 2.579 s, 804 MB of memory in use

TCL: Running for 5000 steps
PRESSURE: 0 0 0 0 0 0 0 0 0 0
GPRESSURE: 0 0 0 0 0 0 0 0 0 0
ETITLE:      TS           BOND          ANGLE          DIHED          IMPRP               ELECT            VDW       BOUNDARY           MISC        KINETIC               TOTAL           TEMP      POTENTIAL         TOTAL3        TEMPAVG

ENERGY:       0      1092.3049      1719.0809      2081.8071       172.3047            -39.6996      -818.1457         0.0000      4298.2095      2924.7045          11430.5663       293.6802      8505.8617     11454.7277       293.6802

LDB: ============= START OF LOAD BALANCING ============== 2.5908
Info: useSync: 0 useProxySync: 0
LDB: ============== END OF LOAD BALANCING =============== 2.59086
LDB: =============== DONE WITH MIGRATION ================ 2.59096
LDB: ============= START OF LOAD BALANCING ============== 2.62909
LDB: Partitioning computes with target load 0.000000
LDB: Increased migratable compute count from 0 to 0
LDB: Largest unpartitionable compute is 0.000000
LDB: ============== END OF LOAD BALANCING =============== 2.62951
Info: build node-aware spanning tree with send: 1, recv: 0 with branch factor 4
Info: useSync: 0 useProxySync: 0
LDB: =============== DONE WITH MIGRATION ================ 2.63042
PRESSURE: 100 0 0 0 0 0 0 0 0 0
GPRESSURE: 100 0 0 0 0 0 0 0 0 0
PRESSAVG: 100 0 0 0 0 0 0 0 0 0
GPRESSAVG: 100 0 0 0 0 0 0 0 0 0
Info: Initial time: 42 CPUs 0.000482022 s/step 0.00557895 days/ns 823.375 MB memory
ENERGY:     100      1114.7549      1704.4397      2064.7080       134.1750            -40.7800      -775.3851         0.0000      4296.1856      3026.8450          11524.9433       303.9365      8498.0983     11548.2553       299.2954

LDB: ============= START OF LOAD BALANCING ============== 2.6406
Info: useSync: 0 useProxySync: 0
LDB: ============== END OF LOAD BALANCING =============== 2.64065
LDB: =============== DONE WITH MIGRATION ================ 2.64075
LDB: ============= START OF LOAD BALANCING ============== 2.67942
LDB: TIME 2.67978 LOAD: AVG 0.0116534 MAX 0.0252539  PROXIES: TOTAL 174 MAXPE 7 MAXPATCH 7 None MEM: 824.875 MB
LDB: TIME 2.68005 LOAD: AVG 0.0116534 MAX 0.0252539  PROXIES: TOTAL 174 MAXPE 7 MAXPATCH 7 TorusLB MEM: 825 MB
LDB: ============== END OF LOAD BALANCING =============== 2.68035
Info: build node-aware spanning tree with send: 1, recv: 0 with branch factor 4
Info: useSync: 0 useProxySync: 0
LDB: =============== DONE WITH MIGRATION ================ 2.68123
PRESSURE: 200 0 0 0 0 0 0 0 0 0
GPRESSURE: 200 0 0 0 0 0 0 0 0 0
PRESSAVG: 200 0 0 0 0 0 0 0 0 0
GPRESSAVG: 200 0 0 0 0 0 0 0 0 0
Info: Initial time: 42 CPUs 0.000484486 s/step 0.00560748 days/ns 825 MB memory
ENERGY:     200      1048.7903      1669.9971      2067.5060       152.4733            -41.7336      -771.2609         0.0000      4289.7848      3046.4607          11462.0175       305.9062      8415.5568     11487.7924       301.4262

LDB: ============= START OF LOAD BALANCING ============== 2.73511
LDB: TIME 2.73544 LOAD: AVG 0.0147259 MAX 0.0328978  PROXIES: TOTAL 174 MAXPE 7 MAXPATCH 7 None MEM: 825.938 MB
LDB: TIME 2.7357 LOAD: AVG 0.0147259 MAX 0.0328978  PROXIES: TOTAL 174 MAXPE 7 MAXPATCH 7 RefineTorusLB MEM: 825.938 MB
LDB: TIME 2.73587 LOAD: AVG 0.0147259 MAX 0.0328978  PROXIES: TOTAL 174 MAXPE 7 MAXPATCH 7 RefineTorusLB MEM: 825.938 MB
LDB: Reverting to original mapping
LDB: ============== END OF LOAD BALANCING =============== 2.73618
Info: build node-aware spanning tree with send: 1, recv: 0 with branch factor 4
Info: useSync: 0 useProxySync: 0
LDB: =============== DONE WITH MIGRATION ================ 2.73704
PRESSURE: 300 0 0 0 0 0 0 0 0 0
GPRESSURE: 300 0 0 0 0 0 0 0 0 0
PRESSAVG: 300 0 0 0 0 0 0 0 0 0
GPRESSAVG: 300 0 0 0 0 0 0 0 0 0
Info: Initial time: 42 CPUs 0.000538328 s/step 0.00623065 days/ns 825.938 MB memory
ENERGY:     300      1078.7916      1736.1222      2082.2501       148.6686            -41.3015      -841.5275         0.0000      4289.9642      2923.4641          11376.4318       293.5556      8452.9677     11402.5844       297.6973

LDB: ============= START OF LOAD BALANCING ============== 2.79082
LDB: TIME 2.79116 LOAD: AVG 0.0147086 MAX 0.0324901  PROXIES: TOTAL 174 MAXPE 7 MAXPATCH 7 None MEM: 826.875 MB
LDB: TIME 2.79141 LOAD: AVG 0.0147086 MAX 0.0324901  PROXIES: TOTAL 174 MAXPE 7 MAXPATCH 7 RefineTorusLB MEM: 826.875 MB
LDB: TIME 2.79158 LOAD: AVG 0.0147086 MAX 0.0324901  PROXIES: TOTAL 174 MAXPE 7 MAXPATCH 7 RefineTorusLB MEM: 826.875 MB
LDB: ============== END OF LOAD BALANCING =============== 2.79187
Info: build node-aware spanning tree with send: 1, recv: 0 with branch factor 4
Info: useSync: 0 useProxySync: 0
LDB: =============== DONE WITH MIGRATION ================ 2.79273
PRESSURE: 400 0 0 0 0 0 0 0 0 0
GPRESSURE: 400 0 0 0 0 0 0 0 0 0
PRESSAVG: 400 0 0 0 0 0 0 0 0 0
GPRESSAVG: 400 0 0 0 0 0 0 0 0 0
Info: Benchmark time: 42 CPUs 0.000535494 s/step 0.00619784 days/ns 826.875 MB memory
ENERGY:     400      1064.9734      1666.6783      2084.2044       144.9887            -40.8503      -791.0855         0.0000      4291.8432      2982.0500          11402.8022       299.4385      8420.7521     11430.8619       296.3228

PRESSURE: 500 0 0 0 0 0 0 0 0 0
GPRESSURE: 500 0 0 0 0 0 0 0 0 0
PRESSAVG: 500 0 0 0 0 0 0 0 0 0
GPRESSAVG: 500 0 0 0 0 0 0 0 0 0
Info: Benchmark time: 42 CPUs 0.000531195 s/step 0.00614809 days/ns 827.688 MB memory
ENERGY:     500      1103.2102      1701.7666      2068.0985       161.3199            -41.0414      -861.5438         0.0000      4302.1422      2986.4963          11420.4485       299.8849      8433.9522     11445.2156       298.3546

PRESSURE: 600 0 0 0 0 0 0 0 0 0
GPRESSURE: 600 0 0 0 0 0 0 0 0 0
PRESSAVG: 600 0 0 0 0 0 0 0 0 0
GPRESSAVG: 600 0 0 0 0 0 0 0 0 0
Info: Benchmark time: 42 CPUs 0.000562252 s/step 0.00650755 days/ns 827.688 MB memory
ENERGY:     600      1102.1250      1679.8225      2057.6973       155.9236            -41.8355      -806.7428         0.0000      4297.4621      3023.1860          11467.6382       303.5691      8444.4522     11492.3108       298.6648

PRESSURE: 700 0 0 0 0 0 0 0 0 0
GPRESSURE: 700 0 0 0 0 0 0 0 0 0
PRESSAVG: 700 0 0 0 0 0 0 0 0 0
GPRESSAVG: 700 0 0 0 0 0 0 0 0 0
Info: Benchmark time: 42 CPUs 0.000544789 s/step 0.00630543 days/ns 827.688 MB memory
ENERGY:     700      1101.1071      1701.6344      2063.6661       148.2185            -42.2575      -796.6433         0.0000      4303.8406      2954.0379          11433.6038       296.6257      8479.5659     11462.7067       297.8978

PRESSURE: 800 0 0 0 0 0 0 0 0 0
GPRESSURE: 800 0 0 0 0 0 0 0 0 0
PRESSAVG: 800 0 0 0 0 0 0 0 0 0
GPRESSAVG: 800 0 0 0 0 0 0 0 0 0
Info: Benchmark time: 42 CPUs 0.000513162 s/step 0.00593937 days/ns 827.688 MB memory
ENERGY:     800      1101.4806      1705.2027      2082.3708       164.4228            -41.8811      -822.5959         0.0000      4311.9452      2966.2490          11467.1941       297.8518      8500.9451     11494.0958       297.8040

PRESSURE: 900 0 0 0 0 0 0 0 0 0
GPRESSURE: 900 0 0 0 0 0 0 0 0 0
PRESSAVG: 900 0 0 0 0 0 0 0 0 0
GPRESSAVG: 900 0 0 0 0 0 0 0 0 0
Info: Benchmark time: 42 CPUs 0.000504908 s/step 0.00584384 days/ns 827.688 MB memory
ENERGY:     900      1071.6054      1603.3127      2069.0533       148.9965            -41.0841      -815.8468         0.0000      4311.2390      3053.0047          11400.2808       306.5633      8347.2761     11428.6318       299.7076

PRESSURE: 1000 0 0 0 0 0 0 0 0 0
GPRESSURE: 1000 0 0 0 0 0 0 0 0 0
PRESSAVG: 1000 0 0 0 0 0 0 0 0 0
GPRESSAVG: 1000 0 0 0 0 0 0 0 0 0
TIMING: 1000  CPU: 0.54403, 0.000525864/step  Wall: 0.544775, 0.000526416/step, 0.000584906 hours remaining, 827.687500 MB of memory in use.
ETITLE:      TS           BOND          ANGLE          DIHED          IMPRP               ELECT            VDW       BOUNDARY           MISC        KINETIC               TOTAL           TEMP      POTENTIAL         TOTAL3        TEMPAVG

ENERGY:    1000      1115.7894      1694.9567      2076.8689       151.3227            -40.6668      -804.3425         0.0000      4316.4576      2879.1981          11389.5842       289.1107      8510.3861     11413.9852       296.3996

WRITING EXTENDED SYSTEM TO RESTART FILE AT STEP 1000
WRITING VELOCITIES TO RESTART FILE AT STEP 1000
FINISHED WRITING RESTART VELOCITIES
The last velocity output (seq=1000) takes 0.002 seconds, 827.812 MB of memory in use
OPENING COORDINATE DCD FILE
WRITING COORDINATES TO DCD FILE adk-step1.dcd AT STEP 1000
WRITING COORDINATES TO RESTART FILE AT STEP 1000
FINISHED WRITING RESTART COORDINATES
The last position output (seq=1000) takes 0.004 seconds, 827.812 MB of memory in use
PRESSURE: 1100 0 0 0 0 0 0 0 0 0
GPRESSURE: 1100 0 0 0 0 0 0 0 0 0
PRESSAVG: 1100 0 0 0 0 0 0 0 0 0
GPRESSAVG: 1100 0 0 0 0 0 0 0 0 0
ENERGY:    1100      1057.9718      1679.6306      2060.8995       149.0084            -40.8744      -805.9921         0.0000      4317.3427      2923.7731          11341.7595       293.5867      8417.9865     11365.0803       294.7092

PRESSURE: 1200 0 0 0 0 0 0 0 0 0
GPRESSURE: 1200 0 0 0 0 0 0 0 0 0
PRESSAVG: 1200 0 0 0 0 0 0 0 0 0
GPRESSAVG: 1200 0 0 0 0 0 0 0 0 0
ENERGY:    1200      1045.6293      1716.2063      2079.3467       149.6735            -40.2188      -823.6873         0.0000      4318.7760      2948.8695          11394.5952       296.1067      8445.7257     11414.5992       294.6398

PRESSURE: 1300 0 0 0 0 0 0 0 0 0
GPRESSURE: 1300 0 0 0 0 0 0 0 0 0
PRESSAVG: 1300 0 0 0 0 0 0 0 0 0
GPRESSAVG: 1300 0 0 0 0 0 0 0 0 0
ENERGY:    1300      1113.4018      1664.0832      2026.6768       153.5384            -39.3735      -796.2493         0.0000      4317.3723      2985.7936          11425.2433       299.8144      8439.4497     11452.4070       295.5097

PRESSURE: 1400 0 0 0 0 0 0 0 0 0
GPRESSURE: 1400 0 0 0 0 0 0 0 0 0
PRESSAVG: 1400 0 0 0 0 0 0 0 0 0
GPRESSAVG: 1400 0 0 0 0 0 0 0 0 0
ENERGY:    1400      1113.2837      1698.8084      2065.8221       142.7703            -39.7959      -816.3338         0.0000      4320.0880      2962.7847          11447.4275       297.5040      8484.6428     11471.0820       297.7438

PRESSURE: 1500 0 0 0 0 0 0 0 0 0
GPRESSURE: 1500 0 0 0 0 0 0 0 0 0
PRESSAVG: 1500 0 0 0 0 0 0 0 0 0
GPRESSAVG: 1500 0 0 0 0 0 0 0 0 0
ENERGY:    1500      1084.7137      1710.4564      2062.5465       157.8519            -40.2622      -802.9584         0.0000      4307.1027      2930.0199          11409.4705       294.2139      8479.4507     11435.1525       296.8640

PRESSURE: 1600 0 0 0 0 0 0 0 0 0
GPRESSURE: 1600 0 0 0 0 0 0 0 0 0
PRESSAVG: 1600 0 0 0 0 0 0 0 0 0
GPRESSAVG: 1600 0 0 0 0 0 0 0 0 0
ENERGY:    1600      1109.3860      1679.8466      2078.4259       157.6535            -41.5485      -814.5474         0.0000      4301.8579      2981.0954          11452.1693       299.3426      8471.0739     11476.5595       299.3083

PRESSURE: 1700 0 0 0 0 0 0 0 0 0
GPRESSURE: 1700 0 0 0 0 0 0 0 0 0
PRESSAVG: 1700 0 0 0 0 0 0 0 0 0
GPRESSAVG: 1700 0 0 0 0 0 0 0 0 0
ENERGY:    1700      1090.2599      1687.9229      2080.4085       141.0111            -41.1760      -819.5787         0.0000      4295.5831      2989.9434          11424.3742       300.2311      8434.4308     11451.0186       299.0309

PRESSURE: 1800 0 0 0 0 0 0 0 0 0
GPRESSURE: 1800 0 0 0 0 0 0 0 0 0
PRESSAVG: 1800 0 0 0 0 0 0 0 0 0
GPRESSAVG: 1800 0 0 0 0 0 0 0 0 0
ENERGY:    1800      1078.0493      1712.3611      2076.4034       150.3342            -40.0903      -797.2779         0.0000      4296.3806      2959.0617          11435.2222       297.1301      8476.1605     11460.6293       299.9450

PRESSURE: 1900 0 0 0 0 0 0 0 0 0
GPRESSURE: 1900 0 0 0 0 0 0 0 0 0
PRESSAVG: 1900 0 0 0 0 0 0 0 0 0
GPRESSAVG: 1900 0 0 0 0 0 0 0 0 0
ENERGY:    1900      1104.6336      1682.2755      2054.0556       145.5966            -41.2019      -794.2227         0.0000      4290.7009      2998.6437          11440.4812       301.1047      8441.8375     11468.7374       298.8601

PRESSURE: 2000 0 0 0 0 0 0 0 0 0
GPRESSURE: 2000 0 0 0 0 0 0 0 0 0
PRESSAVG: 2000 0 0 0 0 0 0 0 0 0
GPRESSAVG: 2000 0 0 0 0 0 0 0 0 0
TIMING: 2000  CPU: 1.02221, 0.000478182/step  Wall: 1.03272, 0.000487941/step, 0.000406618 hours remaining, 827.875000 MB of memory in use.
ETITLE:      TS           BOND          ANGLE          DIHED          IMPRP               ELECT            VDW       BOUNDARY           MISC        KINETIC               TOTAL           TEMP      POTENTIAL         TOTAL3        TEMPAVG

ENERGY:    2000      1105.1422      1697.7675      2086.5345       158.2800            -40.0510      -795.1559         0.0000      4278.8489      3007.5135          11498.8798       301.9953      8491.3662     11520.0555       301.0153

WRITING EXTENDED SYSTEM TO RESTART FILE AT STEP 2000
WRITING VELOCITIES TO RESTART FILE AT STEP 2000
FINISHED WRITING RESTART VELOCITIES
The last velocity output (seq=2000) takes 0.002 seconds, 827.875 MB of memory in use
WRITING COORDINATES TO DCD FILE adk-step1.dcd AT STEP 2000
WRITING COORDINATES TO RESTART FILE AT STEP 2000
FINISHED WRITING RESTART COORDINATES
The last position output (seq=2000) takes 0.002 seconds, 827.875 MB of memory in use
PRESSURE: 2100 0 0 0 0 0 0 0 0 0
GPRESSURE: 2100 0 0 0 0 0 0 0 0 0
PRESSAVG: 2100 0 0 0 0 0 0 0 0 0
GPRESSAVG: 2100 0 0 0 0 0 0 0 0 0
ENERGY:    2100      1116.3726      1692.0376      2080.6673       163.2267            -39.2087      -788.6064         0.0000      4285.5773      2951.7845          11461.8509       296.3994      8510.0664     11484.4483       300.9923

PRESSURE: 2200 0 0 0 0 0 0 0 0 0
GPRESSURE: 2200 0 0 0 0 0 0 0 0 0
PRESSAVG: 2200 0 0 0 0 0 0 0 0 0
GPRESSAVG: 2200 0 0 0 0 0 0 0 0 0
ENERGY:    2200      1134.1298      1662.5244      2109.8106       154.2426            -39.8009      -800.8409         0.0000      4281.8843      2904.9216          11406.8716       291.6937      8501.9500     11430.1638       298.7813

PRESSURE: 2300 0 0 0 0 0 0 0 0 0
GPRESSURE: 2300 0 0 0 0 0 0 0 0 0
PRESSAVG: 2300 0 0 0 0 0 0 0 0 0
GPRESSAVG: 2300 0 0 0 0 0 0 0 0 0
ENERGY:    2300      1126.1938      1693.6492      2065.2106       148.9054            -40.2514      -776.2292         0.0000      4274.6953      2956.4542          11448.6279       296.8683      8492.1737     11469.5925       298.1949

PRESSURE: 2400 0 0 0 0 0 0 0 0 0
GPRESSURE: 2400 0 0 0 0 0 0 0 0 0
PRESSAVG: 2400 0 0 0 0 0 0 0 0 0
GPRESSAVG: 2400 0 0 0 0 0 0 0 0 0
ENERGY:    2400      1121.8290      1682.7444      2047.0935       145.4514            -39.2110      -819.8677         0.0000      4278.4152      3025.5741          11442.0289       303.8089      8416.4548     11465.0383       300.3417

PRESSURE: 2500 0 0 0 0 0 0 0 0 0
GPRESSURE: 2500 0 0 0 0 0 0 0 0 0
PRESSAVG: 2500 0 0 0 0 0 0 0 0 0
GPRESSAVG: 2500 0 0 0 0 0 0 0 0 0
ENERGY:    2500      1104.5849      1731.9579      2045.1246       148.2062            -39.1026      -813.5117         0.0000      4281.9166      2988.9098          11448.0857       300.1273      8459.1759     11474.1168       298.9193

PRESSURE: 2600 0 0 0 0 0 0 0 0 0
GPRESSURE: 2600 0 0 0 0 0 0 0 0 0
PRESSAVG: 2600 0 0 0 0 0 0 0 0 0
GPRESSAVG: 2600 0 0 0 0 0 0 0 0 0
ENERGY:    2600      1078.7515      1706.8702      2060.5656       154.2306            -40.0913      -791.2689         0.0000      4285.3334      2966.3476          11420.7387       297.8617      8454.3911     11444.5070       297.6671

PRESSURE: 2700 0 0 0 0 0 0 0 0 0
GPRESSURE: 2700 0 0 0 0 0 0 0 0 0
PRESSAVG: 2700 0 0 0 0 0 0 0 0 0
GPRESSAVG: 2700 0 0 0 0 0 0 0 0 0
ENERGY:    2700      1096.0030      1675.6845      2076.0227       146.0680            -41.1526      -810.7158         0.0000      4285.7020      3023.9163          11451.5281       303.6424      8427.6118     11475.8093       300.4435

PRESSURE: 2800 0 0 0 0 0 0 0 0 0
GPRESSURE: 2800 0 0 0 0 0 0 0 0 0
PRESSAVG: 2800 0 0 0 0 0 0 0 0 0
GPRESSAVG: 2800 0 0 0 0 0 0 0 0 0
ENERGY:    2800      1085.1889      1722.6554      2070.8240       158.4988            -40.2893      -806.3223         0.0000      4280.4274      2964.5586          11435.5414       297.6821      8470.9828     11459.8607       298.9964

PRESSURE: 2900 0 0 0 0 0 0 0 0 0
GPRESSURE: 2900 0 0 0 0 0 0 0 0 0
PRESSAVG: 2900 0 0 0 0 0 0 0 0 0
GPRESSAVG: 2900 0 0 0 0 0 0 0 0 0
ENERGY:    2900      1086.1733      1683.6824      2073.0523       157.6030            -40.5869      -795.3789         0.0000      4271.6367      2967.0665          11403.2483       297.9339      8436.1818     11423.7858       298.0312

PRESSURE: 3000 0 0 0 0 0 0 0 0 0
GPRESSURE: 3000 0 0 0 0 0 0 0 0 0
PRESSAVG: 3000 0 0 0 0 0 0 0 0 0
GPRESSAVG: 3000 0 0 0 0 0 0 0 0 0
TIMING: 3000  CPU: 1.51837, 0.000496158/step  Wall: 1.52932, 0.000496601/step, 0.00027589 hours remaining, 827.875000 MB of memory in use.
ETITLE:      TS           BOND          ANGLE          DIHED          IMPRP               ELECT            VDW       BOUNDARY           MISC        KINETIC               TOTAL           TEMP      POTENTIAL         TOTAL3        TEMPAVG

ENERGY:    3000      1060.7621      1689.1955      2065.0350       168.1013            -39.7069      -770.2525         0.0000      4273.3781      2936.7176          11383.2302       294.8865      8446.5126     11408.6005       297.6763

WRITING EXTENDED SYSTEM TO RESTART FILE AT STEP 3000
WRITING COORDINATES TO DCD FILE adk-step1.dcd AT STEP 3000
WRITING COORDINATES TO RESTART FILE AT STEP 3000
FINISHED WRITING RESTART COORDINATES
The last position output (seq=3000) takes 0.002 seconds, 827.875 MB of memory in use
WRITING VELOCITIES TO RESTART FILE AT STEP 3000
FINISHED WRITING RESTART VELOCITIES
The last velocity output (seq=3000) takes 0.002 seconds, 827.875 MB of memory in use
PRESSURE: 3100 0 0 0 0 0 0 0 0 0
GPRESSURE: 3100 0 0 0 0 0 0 0 0 0
PRESSAVG: 3100 0 0 0 0 0 0 0 0 0
GPRESSAVG: 3100 0 0 0 0 0 0 0 0 0
ENERGY:    3100      1128.9871      1705.6748      2053.1407       152.8450            -39.8043      -805.6683         0.0000      4269.8230      2955.7181          11420.7161       296.7944      8464.9981     11440.2576       298.3263

PRESSURE: 3200 0 0 0 0 0 0 0 0 0
GPRESSURE: 3200 0 0 0 0 0 0 0 0 0
PRESSAVG: 3200 0 0 0 0 0 0 0 0 0
GPRESSAVG: 3200 0 0 0 0 0 0 0 0 0
ENERGY:    3200      1047.8243      1714.4352      2073.2252       151.6864            -39.5079      -782.0356         0.0000      4263.3413      2909.2271          11338.1961       292.1260      8428.9691     11361.0175       297.7976

PRESSURE: 3300 0 0 0 0 0 0 0 0 0
GPRESSURE: 3300 0 0 0 0 0 0 0 0 0
PRESSAVG: 3300 0 0 0 0 0 0 0 0 0
GPRESSAVG: 3300 0 0 0 0 0 0 0 0 0
ENERGY:    3300      1094.1206      1683.6047      2046.1787       158.3179            -39.5812      -834.1625         0.0000      4268.4302      2942.8902          11319.7986       295.5063      8376.9084     11343.0066       295.1857

PRESSURE: 3400 0 0 0 0 0 0 0 0 0
GPRESSURE: 3400 0 0 0 0 0 0 0 0 0
PRESSAVG: 3400 0 0 0 0 0 0 0 0 0
GPRESSAVG: 3400 0 0 0 0 0 0 0 0 0
ENERGY:    3400      1105.8798      1679.0916      2071.5125       154.3008            -39.4158      -805.1314         0.0000      4278.8136      2921.0975          11366.1484       293.3180      8445.0510     11388.3542       293.9944

PRESSURE: 3500 0 0 0 0 0 0 0 0 0
GPRESSURE: 3500 0 0 0 0 0 0 0 0 0
PRESSAVG: 3500 0 0 0 0 0 0 0 0 0
GPRESSAVG: 3500 0 0 0 0 0 0 0 0 0
ENERGY:    3500      1107.6471      1750.7737      2050.6644       143.8943            -39.6873      -839.3088         0.0000      4277.2974      2913.5763          11364.8571       292.5628      8451.2809     11389.3354       294.4210

PRESSURE: 3600 0 0 0 0 0 0 0 0 0
GPRESSURE: 3600 0 0 0 0 0 0 0 0 0
PRESSAVG: 3600 0 0 0 0 0 0 0 0 0
GPRESSAVG: 3600 0 0 0 0 0 0 0 0 0
ENERGY:    3600      1093.0416      1687.9666      2045.2215       154.3754            -39.6832      -813.0408         0.0000      4277.0375      2996.7535          11401.6719       300.9149      8404.9184     11426.6300       298.8519

PRESSURE: 3700 0 0 0 0 0 0 0 0 0
GPRESSURE: 3700 0 0 0 0 0 0 0 0 0
PRESSAVG: 3700 0 0 0 0 0 0 0 0 0
GPRESSAVG: 3700 0 0 0 0 0 0 0 0 0
ENERGY:    3700      1091.9583      1698.4471      2082.6878       157.2218            -39.4861      -790.1368         0.0000      4270.6028      2954.7775          11426.0724       296.6999      8471.2949     11448.4027       298.0148

PRESSURE: 3800 0 0 0 0 0 0 0 0 0
GPRESSURE: 3800 0 0 0 0 0 0 0 0 0
PRESSAVG: 3800 0 0 0 0 0 0 0 0 0
GPRESSAVG: 3800 0 0 0 0 0 0 0 0 0
ENERGY:    3800      1103.1703      1674.4481      2083.9552       151.0248            -39.3107      -792.7415         0.0000      4260.8012      2940.6642          11382.0116       295.2828      8441.3473     11406.5046       297.7205

PRESSURE: 3900 0 0 0 0 0 0 0 0 0
GPRESSURE: 3900 0 0 0 0 0 0 0 0 0
PRESSAVG: 3900 0 0 0 0 0 0 0 0 0
GPRESSAVG: 3900 0 0 0 0 0 0 0 0 0
ENERGY:    3900      1092.9247      1710.2420      2082.7313       155.7694            -38.5911      -763.6840         0.0000      4252.5716      2923.9692          11415.9331       293.6064      8491.9639     11439.0716       296.7781

PRESSURE: 4000 0 0 0 0 0 0 0 0 0
GPRESSURE: 4000 0 0 0 0 0 0 0 0 0
PRESSAVG: 4000 0 0 0 0 0 0 0 0 0
GPRESSAVG: 4000 0 0 0 0 0 0 0 0 0
TIMING: 4000  CPU: 2.00581, 0.000487443/step  Wall: 2.02395, 0.000494635/step, 0.000137399 hours remaining, 827.875000 MB of memory in use.
ETITLE:      TS           BOND          ANGLE          DIHED          IMPRP               ELECT            VDW       BOUNDARY           MISC        KINETIC               TOTAL           TEMP      POTENTIAL         TOTAL3        TEMPAVG

ENERGY:    4000      1106.1477      1719.8691      2068.1173       158.2964            -39.7539      -795.6105         0.0000      4246.2595      2931.7618          11395.0874       294.3888      8463.3256     11418.8154       297.8106

WRITING EXTENDED SYSTEM TO RESTART FILE AT STEP 4000
WRITING COORDINATES TO DCD FILE adk-step1.dcd AT STEP 4000
WRITING COORDINATES TO RESTART FILE AT STEP 4000
FINISHED WRITING RESTART COORDINATES
The last position output (seq=4000) takes 0.002 seconds, 827.875 MB of memory in use
WRITING VELOCITIES TO RESTART FILE AT STEP 4000
FINISHED WRITING RESTART VELOCITIES
The last velocity output (seq=4000) takes 0.002 seconds, 827.875 MB of memory in use
PRESSURE: 4100 0 0 0 0 0 0 0 0 0
GPRESSURE: 4100 0 0 0 0 0 0 0 0 0
PRESSAVG: 4100 0 0 0 0 0 0 0 0 0
GPRESSAVG: 4100 0 0 0 0 0 0 0 0 0
ENERGY:    4100      1082.8666      1715.4240      2055.6797       170.4015            -39.7642      -807.4835         0.0000      4252.3336      2988.3240          11417.7817       300.0685      8429.4576     11442.9003       298.6445

PRESSURE: 4200 0 0 0 0 0 0 0 0 0
GPRESSURE: 4200 0 0 0 0 0 0 0 0 0
PRESSAVG: 4200 0 0 0 0 0 0 0 0 0
GPRESSAVG: 4200 0 0 0 0 0 0 0 0 0
ENERGY:    4200      1022.3157      1705.6522      2073.7989       157.5013            -39.9650      -766.8185         0.0000      4248.5944      2992.5072          11393.5862       300.4885      8401.0790     11418.9592       297.8789

LDB: ============= START OF LOAD BALANCING ============== 4.73656
LDB: ============== END OF LOAD BALANCING =============== 4.73666
Info: useSync: 0 useProxySync: 0
LDB: =============== DONE WITH MIGRATION ================ 4.73678
PRESSURE: 4300 0 0 0 0 0 0 0 0 0
GPRESSURE: 4300 0 0 0 0 0 0 0 0 0
PRESSAVG: 4300 0 0 0 0 0 0 0 0 0
GPRESSAVG: 4300 0 0 0 0 0 0 0 0 0
ENERGY:    4300      1095.9196      1721.6136      2071.3453       155.8209            -40.5442      -790.7133         0.0000      4239.0186      2958.9636          11411.4241       297.1203      8452.4605     11431.4349       298.7505

LDB: ============= START OF LOAD BALANCING ============== 4.78499
LDB: TIME 4.78539 LOAD: AVG 0.0137441 MAX 0.0318421  PROXIES: TOTAL 174 MAXPE 7 MAXPATCH 7 None MEM: 827.875 MB
LDB: TIME 4.78562 LOAD: AVG 0.0137441 MAX 0.0318421  PROXIES: TOTAL 174 MAXPE 7 MAXPATCH 7 RefineTorusLB MEM: 828.062 MB
LDB: TIME 4.78581 LOAD: AVG 0.0137441 MAX 0.0318421  PROXIES: TOTAL 174 MAXPE 7 MAXPATCH 7 RefineTorusLB MEM: 828.062 MB
LDB: Reverting to original mapping
LDB: ============== END OF LOAD BALANCING =============== 4.78611
Info: build node-aware spanning tree with send: 1, recv: 0 with branch factor 4
Info: useSync: 0 useProxySync: 0
LDB: =============== DONE WITH MIGRATION ================ 4.78698
PRESSURE: 4400 0 0 0 0 0 0 0 0 0
GPRESSURE: 4400 0 0 0 0 0 0 0 0 0
PRESSAVG: 4400 0 0 0 0 0 0 0 0 0
GPRESSAVG: 4400 0 0 0 0 0 0 0 0 0
ENERGY:    4400      1097.0512      1709.1692      2098.6577       152.7132            -39.9482      -782.7050         0.0000      4229.8880      2974.5811          11439.4072       298.6885      8464.8261     11464.4852       301.6491

PRESSURE: 4500 0 0 0 0 0 0 0 0 0
GPRESSURE: 4500 0 0 0 0 0 0 0 0 0
PRESSAVG: 4500 0 0 0 0 0 0 0 0 0
GPRESSAVG: 4500 0 0 0 0 0 0 0 0 0
ENERGY:    4500      1109.6228      1693.5814      2087.6331       160.9800            -39.4681      -810.0129         0.0000      4230.3063      2905.2051          11337.8476       291.7222      8432.6425     11361.6846       299.3312

PRESSURE: 4600 0 0 0 0 0 0 0 0 0
GPRESSURE: 4600 0 0 0 0 0 0 0 0 0
PRESSAVG: 4600 0 0 0 0 0 0 0 0 0
GPRESSAVG: 4600 0 0 0 0 0 0 0 0 0
ENERGY:    4600      1070.1167      1707.3511      2062.3185       157.5756            -39.4669      -761.6626         0.0000      4225.0360      2963.6471          11384.9155       297.5906      8421.2684     11407.4252       298.5670

PRESSURE: 4700 0 0 0 0 0 0 0 0 0
GPRESSURE: 4700 0 0 0 0 0 0 0 0 0
PRESSAVG: 4700 0 0 0 0 0 0 0 0 0
GPRESSAVG: 4700 0 0 0 0 0 0 0 0 0
ENERGY:    4700      1079.0632      1662.0018      2077.9560       146.6962            -39.1087      -778.8635         0.0000      4229.9182      2968.8348          11346.4980       298.1115      8377.6632     11369.1538       296.9616

PRESSURE: 4800 0 0 0 0 0 0 0 0 0
GPRESSURE: 4800 0 0 0 0 0 0 0 0 0
PRESSAVG: 4800 0 0 0 0 0 0 0 0 0
GPRESSAVG: 4800 0 0 0 0 0 0 0 0 0
ENERGY:    4800      1053.6508      1705.4550      2079.9832       155.8132            -39.8752      -803.8772         0.0000      4238.9828      2945.5191          11335.6517       295.7703      8390.1326     11361.0848       296.4325

PRESSURE: 4900 0 0 0 0 0 0 0 0 0
GPRESSURE: 4900 0 0 0 0 0 0 0 0 0
PRESSAVG: 4900 0 0 0 0 0 0 0 0 0
GPRESSAVG: 4900 0 0 0 0 0 0 0 0 0
ENERGY:    4900      1104.0192      1677.8928      2045.4104       148.9278            -39.7605      -784.7867         0.0000      4226.8870      2944.3308          11322.9207       295.6509      8378.5900     11346.4787       295.4636

PRESSURE: 5000 0 0 0 0 0 0 0 0 0
GPRESSURE: 5000 0 0 0 0 0 0 0 0 0
PRESSAVG: 5000 0 0 0 0 0 0 0 0 0
GPRESSAVG: 5000 0 0 0 0 0 0 0 0 0
TIMING: 5000  CPU: 2.49058, 0.000484768/step  Wall: 2.51254, 0.000488592/step, 0 hours remaining, 828.062500 MB of memory in use.
ETITLE:      TS           BOND          ANGLE          DIHED          IMPRP               ELECT            VDW       BOUNDARY           MISC        KINETIC               TOTAL           TEMP      POTENTIAL         TOTAL3        TEMPAVG

ENERGY:    5000      1119.1372      1726.1596      2064.1336       162.5168            -40.1138      -821.0028         0.0000      4215.5335      2968.2654          11394.6295       298.0543      8426.3641     11418.6003       298.5914

WRITING EXTENDED SYSTEM TO RESTART FILE AT STEP 5000
WRITING COORDINATES TO DCD FILE adk-step1.dcd AT STEP 5000
WRITING COORDINATES TO RESTART FILE AT STEP 5000
FINISHED WRITING RESTART COORDINATES
The last position output (seq=5000) takes 0.003 seconds, 828.438 MB of memory in use
WRITING VELOCITIES TO RESTART FILE AT STEP 5000
FINISHED WRITING RESTART VELOCITIES
The last velocity output (seq=5000) takes 0.002 seconds, 828.438 MB of memory in use
WRITING EXTENDED SYSTEM TO OUTPUT FILE AT STEP 5000
WRITING COORDINATES TO OUTPUT FILE AT STEP 5000
CLOSING COORDINATE DCD FILE adk-step1.dcd
The last position output (seq=-2) takes 0.004 seconds, 828.438 MB of memory in use
WRITING VELOCITIES TO OUTPUT FILE AT STEP 5000
====================================================

WallClock: 5.086155  CPUTime: 3.627911  Memory: 828.500000 MB
End of program
