5_12_cc.dat
/gpfs/alpine/bip115/scratch/hrlee/radical.pilot.sandbox/re.session.login2.hrlee.018634.0000/pilot.0000/staging_area/5_12_cc.dat
5, 12
Choosing optimized barrier algorithm name I0:HybridBinomial:SHMEM:P2P
Converse/Charm++ Commit ID: v6.10.2-0-g7bf00fa-namd-charm-6.10.2-build-2020-Aug-05-556
Warning> Randomization of virtual memory (ASLR) is turned on in the kernel, thread migration may not work! Run 'echo 0 > /proc/sys/kernel/randomize_va_space' as root to disable it, or try running with '+isomalloc_sync'.
CharmLB> Load balancer assumes all CPUs are same.
Charm++> Running on 1 hosts (1 sockets x 7 cores x 4 PUs = 28-way SMP)
Charm++> cpu topology info is gathered in 0.002 seconds.
Info: Built with CUDA version 10010
Did not find +devices i,j,k,... argument, using all
Pe 16 physical rank 16 will use CUDA device of pe 14
Pe 2 physical rank 2 will use CUDA device of pe 4
Pe 23 physical rank 23 will use CUDA device of pe 21
Pe 41 physical rank 41 will use CUDA device of pe 35
Pe 32 physical rank 32 will use CUDA device of pe 28
Pe 13 physical rank 13 will use CUDA device of pe 7
Pe 17 physical rank 17 will use CUDA device of pe 14
Pe 5 physical rank 5 will use CUDA device of pe 4
Pe 26 physical rank 26 will use CUDA device of pe 21
Pe 39 physical rank 39 will use CUDA device of pe 35
Pe 31 physical rank 31 will use CUDA device of pe 28
Pe 10 physical rank 10 will use CUDA device of pe 7
Pe 20 physical rank 20 will use CUDA device of pe 14
Pe 24 physical rank 24 will use CUDA device of pe 21
Pe 38 physical rank 38 will use CUDA device of pe 35
Pe 33 physical rank 33 will use CUDA device of pe 28
Pe 12 physical rank 12 will use CUDA device of pe 7
Pe 18 physical rank 18 will use CUDA device of pe 14
Pe 1 physical rank 1 will use CUDA device of pe 4
Pe 25 physical rank 25 will use CUDA device of pe 21
Pe 40 physical rank 40 will use CUDA device of pe 35
Pe 34 physical rank 34 will use CUDA device of pe 28
Pe 8 physical rank 8 will use CUDA device of pe 7
Pe 19 physical rank 19 will use CUDA device of pe 14
Pe 6 physical rank 6 will use CUDA device of pe 4
Pe 27 physical rank 27 will use CUDA device of pe 21
Pe 37 physical rank 37 will use CUDA device of pe 35
Pe 30 physical rank 30 will use CUDA device of pe 28
Pe 11 physical rank 11 will use CUDA device of pe 7
Pe 15 physical rank 15 will use CUDA device of pe 14
Pe 3 physical rank 3 will use CUDA device of pe 4
Pe 22 physical rank 22 will use CUDA device of pe 21
Pe 36 physical rank 36 will use CUDA device of pe 35
Pe 29 physical rank 29 will use CUDA device of pe 28
Pe 9 physical rank 9 will use CUDA device of pe 7
Pe 0 physical rank 0 will use CUDA device of pe 4
Pe 7 physical rank 7 binding to CUDA device 0 on h14n10: 'Tesla V100-SXM2-16GB'  Mem: 16128MB  Rev: 7.0  PCI: 4:5:0
Pe 14 physical rank 14 binding to CUDA device 0 on h14n10: 'Tesla V100-SXM2-16GB'  Mem: 16128MB  Rev: 7.0  PCI: 4:6:0
Pe 4 physical rank 4 binding to CUDA device 0 on h14n10: 'Tesla V100-SXM2-16GB'  Mem: 16128MB  Rev: 7.0  PCI: 4:4:0
Pe 21 physical rank 21 binding to CUDA device 0 on h14n10: 'Tesla V100-SXM2-16GB'  Mem: 16128MB  Rev: 7.0  PCI: 35:3:0
Pe 35 physical rank 35 binding to CUDA device 0 on h14n10: 'Tesla V100-SXM2-16GB'  Mem: 16128MB  Rev: 7.0  PCI: 35:5:0
Pe 28 physical rank 28 binding to CUDA device 0 on h14n10: 'Tesla V100-SXM2-16GB'  Mem: 16128MB  Rev: 7.0  PCI: 35:4:0
Info: NAMD 2.14 for Linux-POWER-pami-smp-Summit-CUDA
Info: 
Info: Please visit http://www.ks.uiuc.edu/Research/namd/
Info: for updates, documentation, and support information.
Info: 
Info: Please cite Phillips et al., J. Chem. Phys. 153:044130 (2020) doi:10.1063/5.0014475
Info: in all publications reporting results obtained with NAMD.
Info: 
Info: Based on Charm++/Converse 61002 for pami-linux-ppc64le-smp
Info: Built Wed Aug 5 14:28:51 EDT 2020 by jimp on login2
Info: 1 NAMD  2.14  Linux-POWER-pami-smp-Summit-CUDA  42    h14n10  hrlee
Info: Running on 42 processors, 6 nodes, 1 physical nodes.
Info: CPU topology information available.
Info: Charm++/Converse parallel runtime startup completed at 1.34045 s
CkLoopLib is used in SMP with simple dynamic scheduling (converse-level notification)
Info: 791.188 MB of memory in use based on /proc/self/stat
Info: Configuration file is adk-step1.namd
Info: Working in the current directory /gpfs/alpine/bip115/scratch/hrlee/radical.pilot.sandbox/re.session.login2.hrlee.018634.0000/pilot.0000/unit.000852
TCL: Suspending until startup complete.
Info: SIMULATION PARAMETERS:
Info: TIMESTEP               1
Info: NUMBER OF STEPS        0
Info: STEPS PER CYCLE        20
Info: LOAD BALANCER  Centralized
Info: LOAD BALANCING STRATEGY  New Load Balancers -- DEFAULT
Info: LDB PERIOD             4000 steps
Info: FIRST LDB TIMESTEP     100
Info: LAST LDB TIMESTEP     -1
Info: LDB BACKGROUND SCALING 1
Info: HOM BACKGROUND SCALING 1
Info: MIN ATOMS PER PATCH    40
Info: VELOCITY FILE          5_12_adk-step1.restart.vel
Info: CENTER OF MASS MOVING INITIALLY? NO
Info: DIELECTRIC             80
Info: EXCLUDE                SCALED ONE-FOUR
Info: 1-4 ELECTROSTATICS SCALED BY 1
Info: MODIFIED 1-4 VDW PARAMETERS WILL BE USED
Info: DCD FILENAME           adk-step1.dcd
Info: DCD FREQUENCY          1000
Info: DCD FIRST STEP         1000
Info: NO EXTENDED SYSTEM TRAJECTORY OUTPUT
Info: NO VELOCITY DCD OUTPUT
Info: NO FORCE DCD OUTPUT
Info: OUTPUT FILENAME        adk-step1
Info: BINARY OUTPUT FILES WILL BE USED
Info: RESTART FILENAME       adk-step1.restart
Info: RESTART FREQUENCY      1000
Info: BINARY RESTART FILES WILL BE USED
Info: SWITCHING ACTIVE
Info: SWITCHING ON           9
Info: SWITCHING OFF          10
Info: PAIRLIST DISTANCE      11
Info: PAIRLIST SHRINK RATE   0.01
Info: PAIRLIST GROW RATE     0.01
Info: PAIRLIST TRIGGER       0.3
Info: PAIRLISTS PER CYCLE    2
Info: PAIRLISTS ENABLED
Info: MARGIN                 0
Info: HYDROGEN GROUP CUTOFF  2.5
Info: PATCH DIMENSION        13.5
Info: ENERGY OUTPUT STEPS    100
Info: CROSSTERM ENERGY INCLUDED IN DIHEDRAL
Info: TIMING OUTPUT STEPS    1000
Info: PRESSURE OUTPUT STEPS  100
Info: GRID FORCE ACTIVE
Info:  Please include this reference in published work using
Info:  the Gridforce module of NAMD: David Wells, Volha Abramkina,
Info:  and Aleksei Aksimentiev, J. Chem. Phys. 127:125101-10 (2007).
Info: MGRIDFORCE key 0
Info:            Potfile 4ake-target_autopsf-grid.dx
Info:            Scale 0.3 0.3 0.3
Info:            File 1ake-docked-noh_autopsf-grid.pdb
Info:            Col O
Info:            ChargeCol B
Info:            VOffset 0 0 0
Info:            Continuous K1 FALSE
Info:            Continuous K2 FALSE
Info:            Continuous K3 FALSE
Info:            Volts FALSE
Info:            Gridforce-Lite FALSE
Info:            Gridforce-CheckSize TRUE
Info: LANGEVIN DYNAMICS ACTIVE
Info: LANGEVIN TEMPERATURE   300
Info: LANGEVIN USING BBK INTEGRATOR
Info: LANGEVIN DAMPING COEFFICIENT IS 5 INVERSE PS
Info: LANGEVIN DYNAMICS NOT APPLIED TO HYDROGENS
Info: USING VERLET I (r-RESPA) MTS SCHEME.
Info: C1 SPLITTING OF LONG RANGE ELECTROSTATICS
Info: PLACING ATOMS IN PATCHES BY HYDROGEN GROUPS
Info: RIGID BONDS TO HYDROGEN : WATER
Info:         ERROR TOLERANCE : 1e-08
Info:          MAX ITERATIONS : 100
Info: RIGID WATER USING SETTLE ALGORITHM
Info: NONBONDED FORCES EVALUATED EVERY 2 STEPS
Info: RANDOM NUMBER SEED     1609984500
Info: USE HYDROGEN BONDS?    NO
Info: COORDINATE PDB         1ake-docked-noh_autopsf.pdb
Info: STRUCTURE FILE         1ake-docked-noh_autopsf.psf
Info: PARAMETER file: CHARMM format! 
Info: PARAMETERS             par_all36_prot.prm
Info: USING ARITHMETIC MEAN TO COMBINE L-J SIGMA PARAMETERS
Info: BINARY COORDINATES     5_12_adk-step1.restart.coor
Info: SUMMARY OF PARAMETERS:
Info: 132 BONDS
Info: 362 ANGLES
Info: 702 DIHEDRAL
Info: 35 IMPROPER
Info: 6 CROSSTERM
Info: 53 VDW
Info: 0 VDW_PAIRS
Info: 0 NBTHOLE_PAIRS
Info: TIME FOR READING PSF FILE: 0.380368
Info: READING EXTRA BONDS FILE 1ake-extrabonds.txt
Info: READING EXTRA BONDS FILE 1ake-extrabonds-cispeptide.txt
Info: READING EXTRA BONDS FILE 1ake-extrabonds-chirality.txt
Info: READ 80 EXTRA BONDS
Info: READ 80 EXTRA ANGLES
Warning: EXTRA ANGLES ARE COSINE-BASED BY DEFAULT TO MATCH PREVIOUS VERSIONS
Warning: FOR NORMAL HARMONIC EXTRA ANGLES SET extraBondsCosAngles off
Info: READ 493 EXTRA DIHEDRALS
Info: READ 438 EXTRA IMPROPERS
Info: Reading pdb file 1ake-docked-noh_autopsf.pdb
Info: TIME FOR READING PDB FILE: 0.0544692
Info: 
Info: ****************************
Info: STRUCTURE SUMMARY:
Info: 3341 ATOMS
Info: 3445 BONDS
Info: 6203 ANGLES
Info: 9414 DIHEDRALS
Info: 1005 IMPROPERS
Info: 212 CROSSTERMS
Info: 0 EXCLUSIONS
Info: 0 RIGID BONDS
Info: 1 GRIDS ACTIVE
Info: 10023 DEGREES OF FREEDOM
Info: 1656 HYDROGEN GROUPS
Info: 4 ATOMS IN LARGEST HYDROGEN GROUP
Info: 1656 MIGRATION GROUPS
Info: 4 ATOMS IN LARGEST MIGRATION GROUP
Info: TOTAL MASS = 23582 amu
Info: TOTAL CHARGE = -4 e
Info: *****************************
Info: Reading from binary file 5_12_adk-step1.restart.coor
Info: 
Info: Entering startup at 2.28698 s, 799.188 MB of memory in use
Info: Startup phase 0 took 0.000239569 s, 799.188 MB of memory in use
Info: ADDED 18308 IMPLICIT EXCLUSIONS
Info: Startup phase 1 took 0.00854471 s, 799.438 MB of memory in use
Info: NONBONDED TABLE R-SQUARED SPACING: 0.0625
Info: NONBONDED TABLE SIZE: 705 POINTS
Info: ABSOLUTE IMPRECISION IN FAST TABLE ENERGY: 3.38813e-21 AT 9.89634
Info: RELATIVE IMPRECISION IN FAST TABLE ENERGY: 4.23384e-15 AT 9.94673
Info: ABSOLUTE IMPRECISION IN FAST TABLE FORCE: 6.35275e-22 AT 9.94673
Info: RELATIVE IMPRECISION IN FAST TABLE FORCE: 5.07982e-16 AT 9.94673
Info: INCONSISTENCY IN FAST TABLE ENERGY VS FORCE: 0.000290185 AT 0.251946
Info: ABSOLUTE IMPRECISION IN VDWA TABLE ENERGY: 1.57772e-30 AT 9.89634
Info: RELATIVE IMPRECISION IN VDWA TABLE ENERGY: 4.54938e-15 AT 9.94673
Info: ABSOLUTE IMPRECISION IN VDWA TABLE FORCE: 5.91646e-31 AT 9.94673
Info: RELATIVE IMPRECISION IN VDWA TABLE FORCE: 5.6823e-16 AT 9.94673
Info: INCONSISTENCY IN VDWA TABLE ENERGY VS FORCE: 0.0040507 AT 0.251946
Info: ABSOLUTE IMPRECISION IN VDWB TABLE ENERGY: 4.71751e-25 AT 9.94673
Info: RELATIVE IMPRECISION IN VDWB TABLE ENERGY: 1.45371e-14 AT 9.94673
Info: ABSOLUTE IMPRECISION IN VDWB TABLE FORCE: 6.20385e-25 AT 9.94673
Info: RELATIVE IMPRECISION IN VDWB TABLE FORCE: 5.97512e-16 AT 9.94673
Info: INCONSISTENCY IN VDWB TABLE ENERGY VS FORCE: 0.00377068 AT 9.07951
Info: Startup phase 2 took 0.000707636 s, 800.375 MB of memory in use
Info: Startup phase 3 took 0.000217546 s, 800.375 MB of memory in use
Info: Startup phase 4 took 0.000334744 s, 800.562 MB of memory in use
Info: Startup phase 5 took 0.000199772 s, 800.562 MB of memory in use
Info: ORIGINAL ATOMS MINMAX IS -20.5415 -33.2247 -37.5764  16.592 26.4076 16.7178
Info: ADJUSTED ATOMS MINMAX IS -15.5221 -28.2055 -32.9776  11.3686 15.739 9.05406
Info: PATCH GRID IS 4 BY 4 BY 4
Info: PATCH GRID IS 2-AWAY BY 1-AWAY BY 1-AWAY
Info: Reading from binary file 5_12_adk-step1.restart.vel
Info: REMOVING COM VELOCITY -0.0527194 0.0445436 0.0261669
Info: LARGEST PATCH (27) HAS 169 ATOMS
Info: TORUS A SIZE 1 USING 0
Info: TORUS B SIZE 1 USING 0
Info: TORUS C SIZE 1 USING 0
Info: TORUS MINIMAL MESH SIZE IS 1 BY 1 BY 1
Info: Placed 100% of base nodes on same physical node as patch
Info: Startup phase 6 took 0.00888956 s, 800.688 MB of memory in use
Info: Startup phase 7 took 0.000182104 s, 801.875 MB of memory in use
Info: Updated CUDA force table with 4096 elements.
Info: Updated CUDA force table with 4096 elements.
Info: Updated CUDA LJ table with 53 x 53 elements.
Info: Updated CUDA LJ table with 53 x 53 elements.
Info: Updated CUDA force table with 4096 elements.
Info: Updated CUDA LJ table with 53 x 53 elements.
Info: Updated CUDA force table with 4096 elements.
Info: Updated CUDA LJ table with 53 x 53 elements.
Info: Updated CUDA force table with 4096 elements.
Info: Updated CUDA LJ table with 53 x 53 elements.
Info: Updated CUDA force table with 4096 elements.
Info: Updated CUDA LJ table with 53 x 53 elements.
Info: Startup phase 8 took 0.00305957 s, 802 MB of memory in use
Info: Startup phase 9 took 0.000490666 s, 802.125 MB of memory in use
Info: Startup phase 10 took 0.000193373 s, 802.375 MB of memory in use
Info: Startup phase 11 took 0.000779434 s, 802.438 MB of memory in use
LDB: Central LB being created...
Info: Startup phase 12 took 0.00203126 s, 803.125 MB of memory in use
Info: CREATING 1516 COMPUTE OBJECTS
Info: Found 278 unique exclusion lists needing 900 bytes
Info: Found 278 unique exclusion lists needing 900 bytes
Info: Found 278 unique exclusion lists needing 900 bytes
Info: Found 278 unique exclusion lists needing 900 bytes
Info: Found 278 unique exclusion lists needing 900 bytes
Info: Found 278 unique exclusion lists needing 900 bytes
Info: useSync: 0 useProxySync: 0
Info: Startup phase 13 took 0.0159646 s, 803.938 MB of memory in use
Info: Building spanning tree ... send: 1 recv: 0 with branch factor 4
Info: Startup phase 14 took 0.000223392 s, 804.188 MB of memory in use
Info: Startup phase 15 took 0.0003008 s, 804.25 MB of memory in use
Info: Finished startup at 2.32934 s, 804.375 MB of memory in use

TCL: Running for 5000 steps
PRESSURE: 0 0 0 0 0 0 0 0 0 0
GPRESSURE: 0 0 0 0 0 0 0 0 0 0
ETITLE:      TS           BOND          ANGLE          DIHED          IMPRP               ELECT            VDW       BOUNDARY           MISC        KINETIC               TOTAL           TEMP      POTENTIAL         TOTAL3        TEMPAVG

ENERGY:       0      1076.1944      1767.7515      2092.2792       150.9637            -43.1628      -784.6308         0.0000      2397.7310      2981.8190           9638.9452       299.4153      6657.1262      9663.0889       299.4153

LDB: ============= START OF LOAD BALANCING ============== 2.34513
LDB: ============== END OF LOAD BALANCING =============== 2.34518
Info: useSync: 0 useProxySync: 0
LDB: =============== DONE WITH MIGRATION ================ 2.3453
LDB: ============= START OF LOAD BALANCING ============== 2.39741
LDB: Partitioning computes with target load 0.000000
LDB: Increased migratable compute count from 0 to 0
LDB: Largest unpartitionable compute is 0.000000
LDB: ============== END OF LOAD BALANCING =============== 2.39772
Info: build node-aware spanning tree with send: 1, recv: 0 with branch factor 4
Info: useSync: 0 useProxySync: 0
LDB: =============== DONE WITH MIGRATION ================ 2.39859
PRESSURE: 100 0 0 0 0 0 0 0 0 0
GPRESSURE: 100 0 0 0 0 0 0 0 0 0
PRESSAVG: 100 0 0 0 0 0 0 0 0 0
GPRESSAVG: 100 0 0 0 0 0 0 0 0 0
Info: Initial time: 42 CPUs 0.000657424 s/step 0.00760908 days/ns 830.875 MB memory
ENERGY:     100      1109.1316      1687.2364      2113.7515       157.4818            -43.6243      -762.2267         0.0000      2400.4761      2958.9282           9621.1546       297.1167      6662.2264      9641.4346       302.7374

LDB: ============= START OF LOAD BALANCING ============== 2.41205
LDB: ============== END OF LOAD BALANCING =============== 2.41209
Info: useSync: 0 useProxySync: 0
LDB: =============== DONE WITH MIGRATION ================ 2.41218
LDB: ============= START OF LOAD BALANCING ============== 2.46455
LDB: TIME 2.46487 LOAD: AVG 0.0146217 MAX 0.0388927  PROXIES: TOTAL 224 MAXPE 13 MAXPATCH 7 None MEM: 831.5 MB
LDB: TIME 2.46511 LOAD: AVG 0.0146217 MAX 0.0388927  PROXIES: TOTAL 224 MAXPE 13 MAXPATCH 7 TorusLB MEM: 831.562 MB
LDB: ============== END OF LOAD BALANCING =============== 2.46539
Info: build node-aware spanning tree with send: 1, recv: 0 with branch factor 4
Info: useSync: 0 useProxySync: 0
LDB: =============== DONE WITH MIGRATION ================ 2.46616
PRESSURE: 200 0 0 0 0 0 0 0 0 0
GPRESSURE: 200 0 0 0 0 0 0 0 0 0
PRESSAVG: 200 0 0 0 0 0 0 0 0 0
GPRESSAVG: 200 0 0 0 0 0 0 0 0 0
Info: Initial time: 42 CPUs 0.000655062 s/step 0.00758173 days/ns 831.562 MB memory
ENERGY:     200      1072.1443      1686.7680      2113.7890       151.0145            -42.3142      -792.9973         0.0000      2405.0773      3032.8873           9626.3687       304.5432      6593.4815      9649.9008       301.1885

LDB: ============= START OF LOAD BALANCING ============== 2.52971
LDB: TIME 2.53005 LOAD: AVG 0.0183141 MAX 0.0485449  PROXIES: TOTAL 224 MAXPE 13 MAXPATCH 7 None MEM: 832 MB
LDB: TIME 2.53027 LOAD: AVG 0.0183141 MAX 0.0485449  PROXIES: TOTAL 224 MAXPE 13 MAXPATCH 7 RefineTorusLB MEM: 832 MB
LDB: TIME 2.53043 LOAD: AVG 0.0183141 MAX 0.0485449  PROXIES: TOTAL 224 MAXPE 13 MAXPATCH 7 RefineTorusLB MEM: 832 MB
LDB: ============== END OF LOAD BALANCING =============== 2.53073
Info: build node-aware spanning tree with send: 1, recv: 0 with branch factor 4
Info: useSync: 0 useProxySync: 0
LDB: =============== DONE WITH MIGRATION ================ 2.53158
PRESSURE: 300 0 0 0 0 0 0 0 0 0
GPRESSURE: 300 0 0 0 0 0 0 0 0 0
PRESSAVG: 300 0 0 0 0 0 0 0 0 0
GPRESSAVG: 300 0 0 0 0 0 0 0 0 0
Info: Initial time: 42 CPUs 0.000633591 s/step 0.00733323 days/ns 832 MB memory
ENERGY:     300      1066.3052      1715.5043      2117.8729       166.5649            -42.8996      -760.3562         0.0000      2398.5470      2955.9116           9617.4500       296.8138      6661.5384      9637.8993       300.5345

LDB: ============= START OF LOAD BALANCING ============== 2.59472
LDB: TIME 2.59495 LOAD: AVG 0.0178988 MAX 0.0485788  PROXIES: TOTAL 224 MAXPE 13 MAXPATCH 7 None MEM: 832.5 MB
LDB: TIME 2.59511 LOAD: AVG 0.0178988 MAX 0.0485788  PROXIES: TOTAL 224 MAXPE 13 MAXPATCH 7 RefineTorusLB MEM: 832.5 MB
LDB: TIME 2.59528 LOAD: AVG 0.0178988 MAX 0.0485788  PROXIES: TOTAL 224 MAXPE 13 MAXPATCH 7 RefineTorusLB MEM: 832.5 MB
LDB: ============== END OF LOAD BALANCING =============== 2.59557
Info: build node-aware spanning tree with send: 1, recv: 0 with branch factor 4
Info: useSync: 0 useProxySync: 0
LDB: =============== DONE WITH MIGRATION ================ 2.59637
PRESSURE: 400 0 0 0 0 0 0 0 0 0
GPRESSURE: 400 0 0 0 0 0 0 0 0 0
PRESSAVG: 400 0 0 0 0 0 0 0 0 0
GPRESSAVG: 400 0 0 0 0 0 0 0 0 0
Info: Benchmark time: 42 CPUs 0.000630859 s/step 0.00730161 days/ns 832.5 MB memory
ENERGY:     400      1086.2931      1720.0964      2114.6809       158.3389            -43.6665      -790.1654         0.0000      2399.0383      3012.5212           9657.1369       302.4982      6644.6157      9679.9106       304.1445

PRESSURE: 500 0 0 0 0 0 0 0 0 0
GPRESSURE: 500 0 0 0 0 0 0 0 0 0
PRESSAVG: 500 0 0 0 0 0 0 0 0 0
GPRESSAVG: 500 0 0 0 0 0 0 0 0 0
Info: Benchmark time: 42 CPUs 0.000623373 s/step 0.00721496 days/ns 832.938 MB memory
ENERGY:     500      1116.4533      1710.5448      2105.1756       153.8809            -43.7661      -814.6934         0.0000      2400.6556      3002.3830           9630.6336       301.4802      6628.2506      9654.2878       302.8722

PRESSURE: 600 0 0 0 0 0 0 0 0 0
GPRESSURE: 600 0 0 0 0 0 0 0 0 0
PRESSAVG: 600 0 0 0 0 0 0 0 0 0
GPRESSAVG: 600 0 0 0 0 0 0 0 0 0
Info: Benchmark time: 42 CPUs 0.000625706 s/step 0.00724197 days/ns 832.938 MB memory
ENERGY:     600      1090.4189      1675.4491      2087.9065       155.3486            -44.5409      -808.2030         0.0000      2404.4230      3010.7077           9571.5099       302.3161      6560.8022      9599.5650       302.6184

PRESSURE: 700 0 0 0 0 0 0 0 0 0
GPRESSURE: 700 0 0 0 0 0 0 0 0 0
PRESSAVG: 700 0 0 0 0 0 0 0 0 0
GPRESSAVG: 700 0 0 0 0 0 0 0 0 0
Info: Benchmark time: 42 CPUs 0.000646737 s/step 0.00748538 days/ns 832.938 MB memory
ENERGY:     700      1127.5570      1676.7548      2107.8908       152.9704            -44.8027      -800.3456         0.0000      2403.3438      2965.3602           9588.7287       297.7626      6623.3686      9611.3224       300.2347

PRESSURE: 800 0 0 0 0 0 0 0 0 0
GPRESSURE: 800 0 0 0 0 0 0 0 0 0
PRESSAVG: 800 0 0 0 0 0 0 0 0 0
GPRESSAVG: 800 0 0 0 0 0 0 0 0 0
Info: Benchmark time: 42 CPUs 0.000657705 s/step 0.00761233 days/ns 832.938 MB memory
ENERGY:     800      1082.6013      1677.1470      2131.6883       163.0944            -45.3060      -818.1117         0.0000      2404.5861      2987.6220           9583.3214       299.9980      6595.6994      9610.2569       297.9681

PRESSURE: 900 0 0 0 0 0 0 0 0 0
GPRESSURE: 900 0 0 0 0 0 0 0 0 0
PRESSAVG: 900 0 0 0 0 0 0 0 0 0
GPRESSAVG: 900 0 0 0 0 0 0 0 0 0
Info: Benchmark time: 42 CPUs 0.000662612 s/step 0.00766912 days/ns 832.938 MB memory
ENERGY:     900      1067.3906      1684.5519      2098.9319       163.5604            -45.3415      -803.3737         0.0000      2398.7161      3010.2073           9574.6429       302.2658      6564.4356      9601.0017       300.6438

OPENING COORDINATE DCD FILE
WRITING COORDINATES TO DCD FILE adk-step1.dcd AT STEP 1000
WRITING COORDINATES TO RESTART FILE AT STEP 1000
FINISHED WRITING RESTART COORDINATES
The last position output (seq=1000) takes 0.008 seconds, 832.938 MB of memory in use
WRITING VELOCITIES TO RESTART FILE AT STEP 1000
FINISHED WRITING RESTART VELOCITIES
The last velocity output (seq=1000) takes 0.002 seconds, 833.062 MB of memory in use
PRESSURE: 1000 0 0 0 0 0 0 0 0 0
GPRESSURE: 1000 0 0 0 0 0 0 0 0 0
PRESSAVG: 1000 0 0 0 0 0 0 0 0 0
GPRESSAVG: 1000 0 0 0 0 0 0 0 0 0
TIMING: 1000  CPU: 0.674945, 0.000655663/step  Wall: 0.683125, 0.000663159/step, 0.000736844 hours remaining, 833.062500 MB of memory in use.
ETITLE:      TS           BOND          ANGLE          DIHED          IMPRP               ELECT            VDW       BOUNDARY           MISC        KINETIC               TOTAL           TEMP      POTENTIAL         TOTAL3        TEMPAVG

ENERGY:    1000      1112.5007      1681.1823      2125.2479       146.7974            -44.5467      -807.8046         0.0000      2388.6295      3010.3096           9612.3161       302.2761      6602.0065      9637.8805       300.5234

WRITING EXTENDED SYSTEM TO RESTART FILE AT STEP 1000
PRESSURE: 1100 0 0 0 0 0 0 0 0 0
GPRESSURE: 1100 0 0 0 0 0 0 0 0 0
PRESSAVG: 1100 0 0 0 0 0 0 0 0 0
GPRESSAVG: 1100 0 0 0 0 0 0 0 0 0
ENERGY:    1100      1059.7364      1709.6837      2111.7763       153.5606            -44.8942      -765.6937         0.0000      2393.5011      3010.3468           9628.0169       302.2798      6617.6701      9657.9402       299.7286

PRESSURE: 1200 0 0 0 0 0 0 0 0 0
GPRESSURE: 1200 0 0 0 0 0 0 0 0 0
PRESSAVG: 1200 0 0 0 0 0 0 0 0 0
GPRESSAVG: 1200 0 0 0 0 0 0 0 0 0
ENERGY:    1200      1076.7692      1713.4996      2129.0345       140.9755            -43.9642      -783.1180         0.0000      2398.2169      2986.0212           9617.4348       299.8372      6631.4135      9642.4704       301.9190

PRESSURE: 1300 0 0 0 0 0 0 0 0 0
GPRESSURE: 1300 0 0 0 0 0 0 0 0 0
PRESSAVG: 1300 0 0 0 0 0 0 0 0 0
GPRESSAVG: 1300 0 0 0 0 0 0 0 0 0
ENERGY:    1300      1125.6231      1711.9176      2104.3091       141.7237            -43.9001      -800.5903         0.0000      2402.2844      2926.3167           9567.6842       293.8421      6641.3674      9590.4571       301.2880

PRESSURE: 1400 0 0 0 0 0 0 0 0 0
GPRESSURE: 1400 0 0 0 0 0 0 0 0 0
PRESSAVG: 1400 0 0 0 0 0 0 0 0 0
GPRESSAVG: 1400 0 0 0 0 0 0 0 0 0
ENERGY:    1400      1097.8710      1664.7113      2095.3014       154.4037            -43.9475      -790.8412         0.0000      2399.2374      2966.0107           9542.7468       297.8279      6576.7361      9566.9418       298.4260

PRESSURE: 1500 0 0 0 0 0 0 0 0 0
GPRESSURE: 1500 0 0 0 0 0 0 0 0 0
PRESSAVG: 1500 0 0 0 0 0 0 0 0 0
GPRESSAVG: 1500 0 0 0 0 0 0 0 0 0
ENERGY:    1500      1038.4931      1673.0854      2096.1439       156.1373            -43.9610      -792.1436         0.0000      2397.9503      2986.4164           9512.1219       299.8769      6525.7055      9535.5671       296.0382

PRESSURE: 1600 0 0 0 0 0 0 0 0 0
GPRESSURE: 1600 0 0 0 0 0 0 0 0 0
PRESSAVG: 1600 0 0 0 0 0 0 0 0 0
GPRESSAVG: 1600 0 0 0 0 0 0 0 0 0
ENERGY:    1600      1082.6135      1669.4885      2109.6336       147.2285            -43.7246      -793.9527         0.0000      2396.0317      2974.6192           9541.9378       298.6923      6567.3186      9563.3829       295.6989

PRESSURE: 1700 0 0 0 0 0 0 0 0 0
GPRESSURE: 1700 0 0 0 0 0 0 0 0 0
PRESSAVG: 1700 0 0 0 0 0 0 0 0 0
GPRESSAVG: 1700 0 0 0 0 0 0 0 0 0
ENERGY:    1700      1083.8900      1691.7899      2081.5752       152.5667            -43.4374      -774.8049         0.0000      2392.4479      3009.9862           9594.0136       302.2436      6584.0274      9616.5784       300.3676

PRESSURE: 1800 0 0 0 0 0 0 0 0 0
GPRESSURE: 1800 0 0 0 0 0 0 0 0 0
PRESSAVG: 1800 0 0 0 0 0 0 0 0 0
GPRESSAVG: 1800 0 0 0 0 0 0 0 0 0
ENERGY:    1800      1136.7419      1653.9213      2112.2999       162.2073            -43.3780      -774.1894         0.0000      2392.8263      2941.8955           9582.3247       295.4064      6640.4292      9603.5264       301.1797

PRESSURE: 1900 0 0 0 0 0 0 0 0 0
GPRESSURE: 1900 0 0 0 0 0 0 0 0 0
PRESSAVG: 1900 0 0 0 0 0 0 0 0 0
GPRESSAVG: 1900 0 0 0 0 0 0 0 0 0
ENERGY:    1900      1103.1829      1688.1049      2088.4570       154.9184            -43.1025      -825.0393         0.0000      2401.0128      2992.6565           9560.1909       300.5035      6567.5344      9587.5621       300.1154

WRITING COORDINATES TO DCD FILE adk-step1.dcd AT STEP 2000
WRITING COORDINATES TO RESTART FILE AT STEP 2000
FINISHED WRITING RESTART COORDINATES
The last position output (seq=2000) takes 0.003 seconds, 833.062 MB of memory in use
WRITING VELOCITIES TO RESTART FILE AT STEP 2000
FINISHED WRITING RESTART VELOCITIES
The last velocity output (seq=2000) takes 0.002 seconds, 833.062 MB of memory in use
PRESSURE: 2000 0 0 0 0 0 0 0 0 0
GPRESSURE: 2000 0 0 0 0 0 0 0 0 0
PRESSAVG: 2000 0 0 0 0 0 0 0 0 0
GPRESSAVG: 2000 0 0 0 0 0 0 0 0 0
TIMING: 2000  CPU: 1.32409, 0.000649149/step  Wall: 1.33663, 0.000653507/step, 0.000544589 hours remaining, 833.062500 MB of memory in use.
ETITLE:      TS           BOND          ANGLE          DIHED          IMPRP               ELECT            VDW       BOUNDARY           MISC        KINETIC               TOTAL           TEMP      POTENTIAL         TOTAL3        TEMPAVG

ENERGY:    2000      1081.2766      1690.9149      2090.9498       152.0346            -43.1613      -781.0097         0.0000      2403.8908      2968.4087           9563.3042       298.0687      6594.8956      9588.5427       298.9924

WRITING EXTENDED SYSTEM TO RESTART FILE AT STEP 2000
PRESSURE: 2100 0 0 0 0 0 0 0 0 0
GPRESSURE: 2100 0 0 0 0 0 0 0 0 0
PRESSAVG: 2100 0 0 0 0 0 0 0 0 0
GPRESSAVG: 2100 0 0 0 0 0 0 0 0 0
ENERGY:    2100      1069.3742      1701.7198      2083.5813       157.0909            -42.8321      -830.4302         0.0000      2409.1395      2937.3236           9484.9669       294.9473      6547.6433      9507.3698       297.6578

PRESSURE: 2200 0 0 0 0 0 0 0 0 0
GPRESSURE: 2200 0 0 0 0 0 0 0 0 0
PRESSAVG: 2200 0 0 0 0 0 0 0 0 0
GPRESSAVG: 2200 0 0 0 0 0 0 0 0 0
ENERGY:    2200      1057.0696      1686.0627      2065.3450       146.7031            -43.3147      -796.0334         0.0000      2405.4893      2913.0822           9434.4038       292.5131      6521.3216      9460.7211       294.4828

PRESSURE: 2300 0 0 0 0 0 0 0 0 0
GPRESSURE: 2300 0 0 0 0 0 0 0 0 0
PRESSAVG: 2300 0 0 0 0 0 0 0 0 0
GPRESSAVG: 2300 0 0 0 0 0 0 0 0 0
ENERGY:    2300      1058.7012      1662.9288      2082.7236       160.2157            -43.8186      -812.0486         0.0000      2397.7014      2934.5513           9440.9549       294.6689      6506.4035      9466.9056       293.4659

PRESSURE: 2400 0 0 0 0 0 0 0 0 0
GPRESSURE: 2400 0 0 0 0 0 0 0 0 0
PRESSAVG: 2400 0 0 0 0 0 0 0 0 0
GPRESSAVG: 2400 0 0 0 0 0 0 0 0 0
ENERGY:    2400      1089.3344      1669.7535      2086.4211       155.3185            -44.2346      -804.3141         0.0000      2401.0283      2923.0356           9476.3427       293.5126      6553.3071      9500.5728       293.4849

PRESSURE: 2500 0 0 0 0 0 0 0 0 0
GPRESSURE: 2500 0 0 0 0 0 0 0 0 0
PRESSAVG: 2500 0 0 0 0 0 0 0 0 0
GPRESSAVG: 2500 0 0 0 0 0 0 0 0 0
ENERGY:    2500      1133.9520      1657.6866      2088.1786       131.6799            -43.9613      -818.1252         0.0000      2404.6467      2996.7225           9550.7798       300.9118      6554.0574      9576.1698       297.6173

PRESSURE: 2600 0 0 0 0 0 0 0 0 0
GPRESSURE: 2600 0 0 0 0 0 0 0 0 0
PRESSAVG: 2600 0 0 0 0 0 0 0 0 0
GPRESSAVG: 2600 0 0 0 0 0 0 0 0 0
ENERGY:    2600      1079.8583      1681.3169      2069.6233       150.8083            -44.2868      -809.5299         0.0000      2402.4693      3008.7964           9539.0558       302.1242      6530.2594      9569.4791       299.6214

PRESSURE: 2700 0 0 0 0 0 0 0 0 0
GPRESSURE: 2700 0 0 0 0 0 0 0 0 0
PRESSAVG: 2700 0 0 0 0 0 0 0 0 0
GPRESSAVG: 2700 0 0 0 0 0 0 0 0 0
ENERGY:    2700      1099.2474      1677.3923      2066.6210       146.8661            -43.4992      -804.7776         0.0000      2410.3935      2944.8924           9497.1359       295.7073      6552.2435      9522.6813       296.6138

PRESSURE: 2800 0 0 0 0 0 0 0 0 0
GPRESSURE: 2800 0 0 0 0 0 0 0 0 0
PRESSAVG: 2800 0 0 0 0 0 0 0 0 0
GPRESSAVG: 2800 0 0 0 0 0 0 0 0 0
ENERGY:    2800      1098.3411      1700.8209      2085.2388       154.0996            -44.0449      -818.4355         0.0000      2407.2382      2945.3496           9528.6078       295.7532      6583.2582      9546.6763       296.6085

PRESSURE: 2900 0 0 0 0 0 0 0 0 0
GPRESSURE: 2900 0 0 0 0 0 0 0 0 0
PRESSAVG: 2900 0 0 0 0 0 0 0 0 0
GPRESSAVG: 2900 0 0 0 0 0 0 0 0 0
ENERGY:    2900      1075.6164      1661.2593      2111.1267       144.8011            -44.0707      -772.6535         0.0000      2402.7033      2963.7945           9542.5771       297.6054      6578.7827      9565.6951       297.9315

WRITING COORDINATES TO DCD FILE adk-step1.dcd AT STEP 3000
WRITING COORDINATES TO RESTART FILE AT STEP 3000
FINISHED WRITING RESTART COORDINATES
The last position output (seq=3000) takes 0.004 seconds, 833.062 MB of memory in use
WRITING VELOCITIES TO RESTART FILE AT STEP 3000
FINISHED WRITING RESTART VELOCITIES
The last velocity output (seq=3000) takes 0.002 seconds, 833.062 MB of memory in use
PRESSURE: 3000 0 0 0 0 0 0 0 0 0
GPRESSURE: 3000 0 0 0 0 0 0 0 0 0
PRESSAVG: 3000 0 0 0 0 0 0 0 0 0
GPRESSAVG: 3000 0 0 0 0 0 0 0 0 0
TIMING: 3000  CPU: 1.96215, 0.000638054/step  Wall: 1.97957, 0.000642939/step, 0.000357188 hours remaining, 833.062500 MB of memory in use.
ETITLE:      TS           BOND          ANGLE          DIHED          IMPRP               ELECT            VDW       BOUNDARY           MISC        KINETIC               TOTAL           TEMP      POTENTIAL         TOTAL3        TEMPAVG

ENERGY:    3000      1079.0332      1685.7078      2097.8774       151.1412            -43.9648      -782.9440         0.0000      2399.6362      2987.4245           9573.9115       299.9781      6586.4870      9600.4651       298.5618

WRITING EXTENDED SYSTEM TO RESTART FILE AT STEP 3000
PRESSURE: 3100 0 0 0 0 0 0 0 0 0
GPRESSURE: 3100 0 0 0 0 0 0 0 0 0
PRESSAVG: 3100 0 0 0 0 0 0 0 0 0
GPRESSAVG: 3100 0 0 0 0 0 0 0 0 0
ENERGY:    3100      1083.2851      1670.9765      2088.3415       148.5391            -43.5222      -804.6511         0.0000      2398.0921      2963.2722           9504.3332       297.5529      6541.0611      9531.4183       298.9694

PRESSURE: 3200 0 0 0 0 0 0 0 0 0
GPRESSURE: 3200 0 0 0 0 0 0 0 0 0
PRESSAVG: 3200 0 0 0 0 0 0 0 0 0
GPRESSAVG: 3200 0 0 0 0 0 0 0 0 0
ENERGY:    3200      1089.5682      1649.6655      2072.6868       163.3325            -43.9936      -788.0569         0.0000      2401.8486      2997.2244           9542.2755       300.9622      6545.0512      9568.8255       297.0031

PRESSURE: 3300 0 0 0 0 0 0 0 0 0
GPRESSURE: 3300 0 0 0 0 0 0 0 0 0
PRESSAVG: 3300 0 0 0 0 0 0 0 0 0
GPRESSAVG: 3300 0 0 0 0 0 0 0 0 0
ENERGY:    3300      1096.3796      1638.8389      2067.5141       156.2616            -43.7972      -804.4117         0.0000      2405.7065      2953.2216           9469.7134       296.5437      6516.4917      9492.0093       297.3106

PRESSURE: 3400 0 0 0 0 0 0 0 0 0
GPRESSURE: 3400 0 0 0 0 0 0 0 0 0
PRESSAVG: 3400 0 0 0 0 0 0 0 0 0
GPRESSAVG: 3400 0 0 0 0 0 0 0 0 0
ENERGY:    3400      1055.4329      1683.1117      2087.6474       152.4604            -43.2985      -778.4151         0.0000      2402.6403      2944.5599           9504.1389       295.6739      6559.5790      9525.9688       295.7917

PRESSURE: 3500 0 0 0 0 0 0 0 0 0
GPRESSURE: 3500 0 0 0 0 0 0 0 0 0
PRESSAVG: 3500 0 0 0 0 0 0 0 0 0
GPRESSAVG: 3500 0 0 0 0 0 0 0 0 0
ENERGY:    3500      1049.1613      1665.0937      2107.2681       152.9036            -44.9662      -828.6897         0.0000      2407.9386      2929.4531           9438.1626       294.1570      6508.7094      9464.6840       294.7790

PRESSURE: 3600 0 0 0 0 0 0 0 0 0
GPRESSURE: 3600 0 0 0 0 0 0 0 0 0
PRESSAVG: 3600 0 0 0 0 0 0 0 0 0
GPRESSAVG: 3600 0 0 0 0 0 0 0 0 0
ENERGY:    3600      1092.6728      1701.1421      2084.1774       150.1827            -43.3894      -808.6083         0.0000      2411.5543      2910.7258           9498.4574       292.2765      6587.7316      9522.3210       296.0572

PRESSURE: 3700 0 0 0 0 0 0 0 0 0
GPRESSURE: 3700 0 0 0 0 0 0 0 0 0
PRESSAVG: 3700 0 0 0 0 0 0 0 0 0
GPRESSAVG: 3700 0 0 0 0 0 0 0 0 0
ENERGY:    3700      1061.3659      1719.0322      2081.5618       160.0051            -43.5066      -788.4496         0.0000      2409.1756      2950.6927           9549.8771       296.2898      6599.1844      9572.4143       298.4310

PRESSURE: 3800 0 0 0 0 0 0 0 0 0
GPRESSURE: 3800 0 0 0 0 0 0 0 0 0
PRESSAVG: 3800 0 0 0 0 0 0 0 0 0
GPRESSAVG: 3800 0 0 0 0 0 0 0 0 0
ENERGY:    3800      1045.2940      1718.9884      2094.4060       141.7776            -44.2678      -793.8817         0.0000      2416.6064      2977.9210           9556.8439       299.0239      6578.9229      9580.3363       297.7736

PRESSURE: 3900 0 0 0 0 0 0 0 0 0
GPRESSURE: 3900 0 0 0 0 0 0 0 0 0
PRESSAVG: 3900 0 0 0 0 0 0 0 0 0
GPRESSAVG: 3900 0 0 0 0 0 0 0 0 0
ENERGY:    3900      1090.2682      1758.0353      2063.6585       152.3562            -42.8442      -799.3064         0.0000      2417.8654      2899.0067           9539.0396       291.0998      6640.0329      9563.1892       298.6238

WRITING VELOCITIES TO RESTART FILE AT STEP 4000
FINISHED WRITING RESTART VELOCITIES
The last velocity output (seq=4000) takes 0.003 seconds, 833.062 MB of memory in use
WRITING COORDINATES TO DCD FILE adk-step1.dcd AT STEP 4000
WRITING COORDINATES TO RESTART FILE AT STEP 4000
FINISHED WRITING RESTART COORDINATES
The last position output (seq=4000) takes 0.002 seconds, 833.062 MB of memory in use
PRESSURE: 4000 0 0 0 0 0 0 0 0 0
GPRESSURE: 4000 0 0 0 0 0 0 0 0 0
PRESSAVG: 4000 0 0 0 0 0 0 0 0 0
GPRESSAVG: 4000 0 0 0 0 0 0 0 0 0
TIMING: 4000  CPU: 2.60246, 0.000640313/step  Wall: 2.62403, 0.000644456/step, 0.000179016 hours remaining, 833.125000 MB of memory in use.
ETITLE:      TS           BOND          ANGLE          DIHED          IMPRP               ELECT            VDW       BOUNDARY           MISC        KINETIC               TOTAL           TEMP      POTENTIAL         TOTAL3        TEMPAVG

ENERGY:    4000      1045.9052      1679.4409      2048.6848       145.8741            -43.2415      -777.6474         0.0000      2405.4439      2977.5314           9481.9914       298.9847      6504.4600      9507.1877       296.5652

WRITING EXTENDED SYSTEM TO RESTART FILE AT STEP 4000
PRESSURE: 4100 0 0 0 0 0 0 0 0 0
GPRESSURE: 4100 0 0 0 0 0 0 0 0 0
PRESSAVG: 4100 0 0 0 0 0 0 0 0 0
GPRESSAVG: 4100 0 0 0 0 0 0 0 0 0
ENERGY:    4100      1079.6983      1664.4940      2059.4440       157.1885            -43.5852      -777.9347         0.0000      2397.5661      2889.7787           9426.6497       290.1732      6536.8710      9448.4186       292.6521

PRESSURE: 4200 0 0 0 0 0 0 0 0 0
GPRESSURE: 4200 0 0 0 0 0 0 0 0 0
PRESSAVG: 4200 0 0 0 0 0 0 0 0 0
GPRESSAVG: 4200 0 0 0 0 0 0 0 0 0
ENERGY:    4200      1071.4152      1682.4110      2093.5426       149.0559            -43.3058      -823.2610         0.0000      2396.3337      2956.3915           9482.5831       296.8620      6526.1916      9499.8675       294.3765

LDB: ============= START OF LOAD BALANCING ============== 5.13144
LDB: ============== END OF LOAD BALANCING =============== 5.13151
Info: useSync: 0 useProxySync: 0
LDB: =============== DONE WITH MIGRATION ================ 5.13162
PRESSURE: 4300 0 0 0 0 0 0 0 0 0
GPRESSURE: 4300 0 0 0 0 0 0 0 0 0
PRESSAVG: 4300 0 0 0 0 0 0 0 0 0
GPRESSAVG: 4300 0 0 0 0 0 0 0 0 0
ENERGY:    4300      1060.4989      1663.9490      2079.4492       144.4883            -43.4462      -798.5231         0.0000      2392.5101      2926.8822           9425.8084       293.8989      6498.9262      9448.0741       296.2438

LDB: ============= START OF LOAD BALANCING ============== 5.19715
LDB: TIME 5.19751 LOAD: AVG 0.0171337 MAX 0.0491506  PROXIES: TOTAL 224 MAXPE 13 MAXPATCH 7 None MEM: 833.125 MB
LDB: TIME 5.19772 LOAD: AVG 0.0171337 MAX 0.0491506  PROXIES: TOTAL 224 MAXPE 13 MAXPATCH 7 RefineTorusLB MEM: 833.188 MB
LDB: TIME 5.1979 LOAD: AVG 0.0171337 MAX 0.0491506  PROXIES: TOTAL 224 MAXPE 13 MAXPATCH 7 RefineTorusLB MEM: 833.188 MB
LDB: Reverting to original mapping
LDB: ============== END OF LOAD BALANCING =============== 5.19821
Info: build node-aware spanning tree with send: 1, recv: 0 with branch factor 4
Info: useSync: 0 useProxySync: 0
LDB: =============== DONE WITH MIGRATION ================ 5.19905
PRESSURE: 4400 0 0 0 0 0 0 0 0 0
GPRESSURE: 4400 0 0 0 0 0 0 0 0 0
PRESSAVG: 4400 0 0 0 0 0 0 0 0 0
GPRESSAVG: 4400 0 0 0 0 0 0 0 0 0
ENERGY:    4400      1073.8318      1673.7760      2062.1415       153.6771            -43.3552      -788.1317         0.0000      2388.7403      2927.8418           9448.5216       293.9952      6520.6798      9475.2705       293.4665

PRESSURE: 4500 0 0 0 0 0 0 0 0 0
GPRESSURE: 4500 0 0 0 0 0 0 0 0 0
PRESSAVG: 4500 0 0 0 0 0 0 0 0 0
GPRESSAVG: 4500 0 0 0 0 0 0 0 0 0
ENERGY:    4500      1095.8507      1703.7102      2089.9287       150.4839            -44.0520      -799.8482         0.0000      2388.5478      2866.3103           9450.9312       287.8166      6584.6210      9471.9179       293.0707

PRESSURE: 4600 0 0 0 0 0 0 0 0 0
GPRESSURE: 4600 0 0 0 0 0 0 0 0 0
PRESSAVG: 4600 0 0 0 0 0 0 0 0 0
GPRESSAVG: 4600 0 0 0 0 0 0 0 0 0
ENERGY:    4600      1064.8495      1721.1405      2133.7425       155.0647            -44.0438      -823.1929         0.0000      2388.3536      2904.0733           9499.9873       291.6085      6595.9140      9528.1639       295.3996

PRESSURE: 4700 0 0 0 0 0 0 0 0 0
GPRESSURE: 4700 0 0 0 0 0 0 0 0 0
PRESSAVG: 4700 0 0 0 0 0 0 0 0 0
GPRESSAVG: 4700 0 0 0 0 0 0 0 0 0
ENERGY:    4700      1080.3717      1744.5614      2071.9627       152.0282            -43.5269      -800.6350         0.0000      2395.6198      2933.3057           9533.6875       294.5439      6600.3819      9556.3339       300.1108

PRESSURE: 4800 0 0 0 0 0 0 0 0 0
GPRESSURE: 4800 0 0 0 0 0 0 0 0 0
PRESSAVG: 4800 0 0 0 0 0 0 0 0 0
GPRESSAVG: 4800 0 0 0 0 0 0 0 0 0
ENERGY:    4800      1096.3617      1676.6415      2089.3419       151.1704            -44.8691      -819.3195         0.0000      2398.5702      2976.2289           9524.1260       298.8539      6547.8971      9546.4584       297.3332

PRESSURE: 4900 0 0 0 0 0 0 0 0 0
GPRESSURE: 4900 0 0 0 0 0 0 0 0 0
PRESSAVG: 4900 0 0 0 0 0 0 0 0 0
GPRESSAVG: 4900 0 0 0 0 0 0 0 0 0
ENERGY:    4900      1040.9407      1718.2259      2091.9808       145.3725            -43.6034      -753.7573         0.0000      2393.8537      2952.1517           9545.1647       296.4363      6593.0129      9567.1657       299.9954

WRITING COORDINATES TO DCD FILE adk-step1.dcd AT STEP 5000
WRITING COORDINATES TO RESTART FILE AT STEP 5000
FINISHED WRITING RESTART COORDINATES
The last position output (seq=5000) takes 0.004 seconds, 833.188 MB of memory in use
WRITING VELOCITIES TO RESTART FILE AT STEP 5000
FINISHED WRITING RESTART VELOCITIES
The last velocity output (seq=5000) takes 0.002 seconds, 833.562 MB of memory in use
PRESSURE: 5000 0 0 0 0 0 0 0 0 0
GPRESSURE: 5000 0 0 0 0 0 0 0 0 0
PRESSAVG: 5000 0 0 0 0 0 0 0 0 0
GPRESSAVG: 5000 0 0 0 0 0 0 0 0 0
TIMING: 5000  CPU: 3.25903, 0.00065657/step  Wall: 3.28559, 0.000661562/step, 0 hours remaining, 833.562500 MB of memory in use.
ETITLE:      TS           BOND          ANGLE          DIHED          IMPRP               ELECT            VDW       BOUNDARY           MISC        KINETIC               TOTAL           TEMP      POTENTIAL         TOTAL3        TEMPAVG

ENERGY:    5000      1099.4260      1699.2387      2090.0909       159.7811            -44.3761      -819.3970         0.0000      2400.0122      2977.5535           9562.3294       298.9870      6584.7759      9584.7576       301.3855

WRITING EXTENDED SYSTEM TO RESTART FILE AT STEP 5000
WRITING EXTENDED SYSTEM TO OUTPUT FILE AT STEP 5000
WRITING COORDINATES TO OUTPUT FILE AT STEP 5000
CLOSING COORDINATE DCD FILE adk-step1.dcd
The last position output (seq=-2) takes 0.004 seconds, 833.562 MB of memory in use
WRITING VELOCITIES TO OUTPUT FILE AT STEP 5000
====================================================

WallClock: 5.603056  CPUTime: 4.118668  Memory: 833.562500 MB
End of program
