5_4_cc.dat
/gpfs/alpine/bip115/scratch/hrlee/radical.pilot.sandbox/re.session.login2.hrlee.018634.0000/pilot.0000/staging_area/5_4_cc.dat
5, 4
Choosing optimized barrier algorithm name I0:HybridBinomial:SHMEM:P2P
Converse/Charm++ Commit ID: v6.10.2-0-g7bf00fa-namd-charm-6.10.2-build-2020-Aug-05-556
Warning> Randomization of virtual memory (ASLR) is turned on in the kernel, thread migration may not work! Run 'echo 0 > /proc/sys/kernel/randomize_va_space' as root to disable it, or try running with '+isomalloc_sync'.
CharmLB> Load balancer assumes all CPUs are same.
Charm++> Running on 1 hosts (1 sockets x 7 cores x 4 PUs = 28-way SMP)
Charm++> cpu topology info is gathered in 0.002 seconds.
Info: Built with CUDA version 10010
Did not find +devices i,j,k,... argument, using all
Pe 9 physical rank 9 will use CUDA device of pe 7
Pe 6 physical rank 6 will use CUDA device of pe 4
Pe 20 physical rank 20 will use CUDA device of pe 14
Pe 38 physical rank 38 will use CUDA device of pe 35
Pe 27 physical rank 27 will use CUDA device of pe 21
Pe 30 physical rank 30 will use CUDA device of pe 28
Pe 12 physical rank 12 will use CUDA device of pe 7
Pe 5 physical rank 5 will use CUDA device of pe 4
Pe 16 physical rank 16 will use CUDA device of pe 14
Pe 39 physical rank 39 will use CUDA device of pe 35
Pe 26 physical rank 26 will use CUDA device of pe 21
Pe 34 physical rank 34 will use CUDA device of pe 28
Pe 3 physical rank 3 will use CUDA device of pe 4
Pe 18 physical rank 18 will use CUDA device of pe 14
Pe 40 physical rank 40 will use CUDA device of pe 35
Pe 23 physical rank 23 will use CUDA device of pe 21
Pe 31 physical rank 31 will use CUDA device of pe 28
Pe 11 physical rank 11 will use CUDA device of pe 7
Pe 19 physical rank 19 will use CUDA device of pe 14
Pe 37 physical rank 37 will use CUDA device of pe 35
Pe 24 physical rank 24 will use CUDA device of pe 21
Pe 33 physical rank 33 will use CUDA device of pe 28
Pe 8 physical rank 8 will use CUDA device of pe 7
Pe 1 physical rank 1 will use CUDA device of pe 4
Pe 17 physical rank 17 will use CUDA device of pe 14
Pe 41 physical rank 41 will use CUDA device of pe 35
Pe 25 physical rank 25 will use CUDA device of pe 21
Pe 32 physical rank 32 will use CUDA device of pe 28
Pe 13 physical rank 13 will use CUDA device of pe 7
Pe 2 physical rank 2 will use CUDA device of pe 4
Pe 15 physical rank 15 will use CUDA device of pe 14
Pe 36 physical rank 36 will use CUDA device of pe 35
Pe 22 physical rank 22 will use CUDA device of pe 21
Pe 29 physical rank 29 will use CUDA device of pe 28
Pe 10 physical rank 10 will use CUDA device of pe 7
Pe 0 physical rank 0 will use CUDA device of pe 4
Pe 7 physical rank 7 binding to CUDA device 0 on h14n10: 'Tesla V100-SXM2-16GB'  Mem: 16128MB  Rev: 7.0  PCI: 4:5:0
Pe 4 physical rank 4 binding to CUDA device 0 on h14n10: 'Tesla V100-SXM2-16GB'  Mem: 16128MB  Rev: 7.0  PCI: 4:4:0
Pe 14 physical rank 14 binding to CUDA device 0 on h14n10: 'Tesla V100-SXM2-16GB'  Mem: 16128MB  Rev: 7.0  PCI: 4:6:0
Pe 35 physical rank 35 binding to CUDA device 0 on h14n10: 'Tesla V100-SXM2-16GB'  Mem: 16128MB  Rev: 7.0  PCI: 35:5:0
Pe 21 physical rank 21 binding to CUDA device 0 on h14n10: 'Tesla V100-SXM2-16GB'  Mem: 16128MB  Rev: 7.0  PCI: 35:3:0
Pe 28 physical rank 28 binding to CUDA device 0 on h14n10: 'Tesla V100-SXM2-16GB'  Mem: 16128MB  Rev: 7.0  PCI: 35:4:0
Info: NAMD 2.14 for Linux-POWER-pami-smp-Summit-CUDA
Info: 
Info: Please visit http://www.ks.uiuc.edu/Research/namd/
Info: for updates, documentation, and support information.
Info: 
Info: Please cite Phillips et al., J. Chem. Phys. 153:044130 (2020) doi:10.1063/5.0014475
Info: in all publications reporting results obtained with NAMD.
Info: 
Info: Based on Charm++/Converse 61002 for pami-linux-ppc64le-smp
Info: Built Wed Aug 5 14:28:51 EDT 2020 by jimp on login2
Info: 1 NAMD  2.14  Linux-POWER-pami-smp-Summit-CUDA  42    h14n10  hrlee
Info: Running on 42 processors, 6 nodes, 1 physical nodes.
Info: CPU topology information available.
Info: Charm++/Converse parallel runtime startup completed at 1.37256 s
CkLoopLib is used in SMP with simple dynamic scheduling (converse-level notification)
Info: 791.812 MB of memory in use based on /proc/self/stat
Info: Configuration file is adk-step1.namd
Info: Working in the current directory /gpfs/alpine/bip115/scratch/hrlee/radical.pilot.sandbox/re.session.login2.hrlee.018634.0000/pilot.0000/unit.000348
TCL: Suspending until startup complete.
Info: SIMULATION PARAMETERS:
Info: TIMESTEP               1
Info: NUMBER OF STEPS        0
Info: STEPS PER CYCLE        20
Info: LOAD BALANCER  Centralized
Info: LOAD BALANCING STRATEGY  New Load Balancers -- DEFAULT
Info: LDB PERIOD             4000 steps
Info: FIRST LDB TIMESTEP     100
Info: LAST LDB TIMESTEP     -1
Info: LDB BACKGROUND SCALING 1
Info: HOM BACKGROUND SCALING 1
Info: MIN ATOMS PER PATCH    40
Info: VELOCITY FILE          5_4_adk-step1.restart.vel
Info: CENTER OF MASS MOVING INITIALLY? NO
Info: DIELECTRIC             80
Info: EXCLUDE                SCALED ONE-FOUR
Info: 1-4 ELECTROSTATICS SCALED BY 1
Info: MODIFIED 1-4 VDW PARAMETERS WILL BE USED
Info: DCD FILENAME           adk-step1.dcd
Info: DCD FREQUENCY          1000
Info: DCD FIRST STEP         1000
Info: NO EXTENDED SYSTEM TRAJECTORY OUTPUT
Info: NO VELOCITY DCD OUTPUT
Info: NO FORCE DCD OUTPUT
Info: OUTPUT FILENAME        adk-step1
Info: BINARY OUTPUT FILES WILL BE USED
Info: RESTART FILENAME       adk-step1.restart
Info: RESTART FREQUENCY      1000
Info: BINARY RESTART FILES WILL BE USED
Info: SWITCHING ACTIVE
Info: SWITCHING ON           9
Info: SWITCHING OFF          10
Info: PAIRLIST DISTANCE      11
Info: PAIRLIST SHRINK RATE   0.01
Info: PAIRLIST GROW RATE     0.01
Info: PAIRLIST TRIGGER       0.3
Info: PAIRLISTS PER CYCLE    2
Info: PAIRLISTS ENABLED
Info: MARGIN                 0
Info: HYDROGEN GROUP CUTOFF  2.5
Info: PATCH DIMENSION        13.5
Info: ENERGY OUTPUT STEPS    100
Info: CROSSTERM ENERGY INCLUDED IN DIHEDRAL
Info: TIMING OUTPUT STEPS    1000
Info: PRESSURE OUTPUT STEPS  100
Info: GRID FORCE ACTIVE
Info:  Please include this reference in published work using
Info:  the Gridforce module of NAMD: David Wells, Volha Abramkina,
Info:  and Aleksei Aksimentiev, J. Chem. Phys. 127:125101-10 (2007).
Info: MGRIDFORCE key 0
Info:            Potfile 4ake-target_autopsf-grid.dx
Info:            Scale 0.3 0.3 0.3
Info:            File 1ake-docked-noh_autopsf-grid.pdb
Info:            Col O
Info:            ChargeCol B
Info:            VOffset 0 0 0
Info:            Continuous K1 FALSE
Info:            Continuous K2 FALSE
Info:            Continuous K3 FALSE
Info:            Volts FALSE
Info:            Gridforce-Lite FALSE
Info:            Gridforce-CheckSize TRUE
Info: LANGEVIN DYNAMICS ACTIVE
Info: LANGEVIN TEMPERATURE   300
Info: LANGEVIN USING BBK INTEGRATOR
Info: LANGEVIN DAMPING COEFFICIENT IS 5 INVERSE PS
Info: LANGEVIN DYNAMICS NOT APPLIED TO HYDROGENS
Info: USING VERLET I (r-RESPA) MTS SCHEME.
Info: C1 SPLITTING OF LONG RANGE ELECTROSTATICS
Info: PLACING ATOMS IN PATCHES BY HYDROGEN GROUPS
Info: RIGID BONDS TO HYDROGEN : WATER
Info:         ERROR TOLERANCE : 1e-08
Info:          MAX ITERATIONS : 100
Info: RIGID WATER USING SETTLE ALGORITHM
Info: NONBONDED FORCES EVALUATED EVERY 2 STEPS
Info: RANDOM NUMBER SEED     1609983970
Info: USE HYDROGEN BONDS?    NO
Info: COORDINATE PDB         1ake-docked-noh_autopsf.pdb
Info: STRUCTURE FILE         1ake-docked-noh_autopsf.psf
Info: PARAMETER file: CHARMM format! 
Info: PARAMETERS             par_all36_prot.prm
Info: USING ARITHMETIC MEAN TO COMBINE L-J SIGMA PARAMETERS
Info: BINARY COORDINATES     5_4_adk-step1.restart.coor
Info: SUMMARY OF PARAMETERS:
Info: 132 BONDS
Info: 362 ANGLES
Info: 702 DIHEDRAL
Info: 35 IMPROPER
Info: 6 CROSSTERM
Info: 53 VDW
Info: 0 VDW_PAIRS
Info: 0 NBTHOLE_PAIRS
Info: TIME FOR READING PSF FILE: 0.355262
Info: READING EXTRA BONDS FILE 1ake-extrabonds.txt
Info: READING EXTRA BONDS FILE 1ake-extrabonds-cispeptide.txt
Info: READING EXTRA BONDS FILE 1ake-extrabonds-chirality.txt
Info: READ 80 EXTRA BONDS
Info: READ 80 EXTRA ANGLES
Warning: EXTRA ANGLES ARE COSINE-BASED BY DEFAULT TO MATCH PREVIOUS VERSIONS
Warning: FOR NORMAL HARMONIC EXTRA ANGLES SET extraBondsCosAngles off
Info: READ 493 EXTRA DIHEDRALS
Info: READ 438 EXTRA IMPROPERS
Info: Reading pdb file 1ake-docked-noh_autopsf.pdb
Info: TIME FOR READING PDB FILE: 0.106656
Info: 
Info: ****************************
Info: STRUCTURE SUMMARY:
Info: 3341 ATOMS
Info: 3445 BONDS
Info: 6203 ANGLES
Info: 9414 DIHEDRALS
Info: 1005 IMPROPERS
Info: 212 CROSSTERMS
Info: 0 EXCLUSIONS
Info: 0 RIGID BONDS
Info: 1 GRIDS ACTIVE
Info: 10023 DEGREES OF FREEDOM
Info: 1656 HYDROGEN GROUPS
Info: 4 ATOMS IN LARGEST HYDROGEN GROUP
Info: 1656 MIGRATION GROUPS
Info: 4 ATOMS IN LARGEST MIGRATION GROUP
Info: TOTAL MASS = 23582 amu
Info: TOTAL CHARGE = -4 e
Info: *****************************
Info: Reading from binary file 5_4_adk-step1.restart.coor
Info: 
Info: Entering startup at 2.32529 s, 799.75 MB of memory in use
Info: Startup phase 0 took 0.00023375 s, 799.75 MB of memory in use
Info: ADDED 18308 IMPLICIT EXCLUSIONS
Info: Startup phase 1 took 0.00839103 s, 800 MB of memory in use
Info: NONBONDED TABLE R-SQUARED SPACING: 0.0625
Info: NONBONDED TABLE SIZE: 705 POINTS
Info: ABSOLUTE IMPRECISION IN FAST TABLE ENERGY: 3.38813e-21 AT 9.89634
Info: RELATIVE IMPRECISION IN FAST TABLE ENERGY: 4.23384e-15 AT 9.94673
Info: ABSOLUTE IMPRECISION IN FAST TABLE FORCE: 6.35275e-22 AT 9.94673
Info: RELATIVE IMPRECISION IN FAST TABLE FORCE: 5.07982e-16 AT 9.94673
Info: INCONSISTENCY IN FAST TABLE ENERGY VS FORCE: 0.000290185 AT 0.251946
Info: ABSOLUTE IMPRECISION IN VDWA TABLE ENERGY: 1.57772e-30 AT 9.89634
Info: RELATIVE IMPRECISION IN VDWA TABLE ENERGY: 4.54938e-15 AT 9.94673
Info: ABSOLUTE IMPRECISION IN VDWA TABLE FORCE: 5.91646e-31 AT 9.94673
Info: RELATIVE IMPRECISION IN VDWA TABLE FORCE: 5.6823e-16 AT 9.94673
Info: INCONSISTENCY IN VDWA TABLE ENERGY VS FORCE: 0.0040507 AT 0.251946
Info: ABSOLUTE IMPRECISION IN VDWB TABLE ENERGY: 4.71751e-25 AT 9.94673
Info: RELATIVE IMPRECISION IN VDWB TABLE ENERGY: 1.45371e-14 AT 9.94673
Info: ABSOLUTE IMPRECISION IN VDWB TABLE FORCE: 6.20385e-25 AT 9.94673
Info: RELATIVE IMPRECISION IN VDWB TABLE FORCE: 5.97512e-16 AT 9.94673
Info: INCONSISTENCY IN VDWB TABLE ENERGY VS FORCE: 0.00377068 AT 9.07951
Info: Startup phase 2 took 0.000647756 s, 800.938 MB of memory in use
Info: Startup phase 3 took 0.000202705 s, 800.938 MB of memory in use
Info: Startup phase 4 took 0.000309551 s, 801.125 MB of memory in use
Info: Startup phase 5 took 0.000183629 s, 801.125 MB of memory in use
Info: ORIGINAL ATOMS MINMAX IS -19.707 -33.3148 -37.1996  17.0852 21.8238 17.1197
Info: ADJUSTED ATOMS MINMAX IS -16.3678 -27.8654 -32.2943  11.4249 13.7497 8.97708
Info: PATCH GRID IS 3 BY 4 BY 4
Info: PATCH GRID IS 1-AWAY BY 1-AWAY BY 1-AWAY
Info: Reading from binary file 5_4_adk-step1.restart.vel
Info: REMOVING COM VELOCITY -0.0492754 0.0668338 0.150141
Info: LARGEST PATCH (16) HAS 239 ATOMS
Info: TORUS A SIZE 1 USING 0
Info: TORUS B SIZE 1 USING 0
Info: TORUS C SIZE 1 USING 0
Info: TORUS MINIMAL MESH SIZE IS 1 BY 1 BY 1
Info: Placed 100% of base nodes on same physical node as patch
Info: Startup phase 6 took 0.00787626 s, 801.25 MB of memory in use
Info: Startup phase 7 took 0.000199297 s, 802 MB of memory in use
Info: Updated CUDA force table with 4096 elements.
Info: Updated CUDA LJ table with 53 x 53 elements.
Info: Updated CUDA force table with 4096 elements.
Info: Updated CUDA force table with 4096 elements.
Info: Updated CUDA LJ table with 53 x 53 elements.
Info: Updated CUDA LJ table with 53 x 53 elements.
Info: Updated CUDA force table with 4096 elements.
Info: Updated CUDA LJ table with 53 x 53 elements.
Info: Updated CUDA force table with 4096 elements.
Info: Updated CUDA LJ table with 53 x 53 elements.
Info: Updated CUDA force table with 4096 elements.
Info: Updated CUDA LJ table with 53 x 53 elements.
Info: Startup phase 8 took 0.00332081 s, 802.312 MB of memory in use
Info: Startup phase 9 took 0.000351509 s, 802.438 MB of memory in use
Info: Startup phase 10 took 0.000190263 s, 802.562 MB of memory in use
Info: Startup phase 11 took 0.00103969 s, 802.688 MB of memory in use
LDB: Central LB being created...
Info: Startup phase 12 took 0.00204139 s, 803.625 MB of memory in use
Info: CREATING 1046 COMPUTE OBJECTS
Info: Found 278 unique exclusion lists needing 900 bytes
Info: Found 278 unique exclusion lists needing 900 bytes
Info: Found 278 unique exclusion lists needing 900 bytes
Info: Found 278 unique exclusion lists needing 900 bytes
Info: Found 278 unique exclusion lists needing 900 bytes
Info: Found 278 unique exclusion lists needing 900 bytes
Info: Startup phase 13 took 0.0156794 s, 804.438 MB of memory in use
Info: Building spanning tree ... send: 1 recv: 0 with branch factor 4
Info: useSync: 0 useProxySync: 0
Info: Startup phase 14 took 0.000228976 s, 804.75 MB of memory in use
Info: Startup phase 15 took 0.00026256 s, 804.75 MB of memory in use
Info: Finished startup at 2.36645 s, 804.875 MB of memory in use

TCL: Running for 5000 steps
PRESSURE: 0 0 0 0 0 0 0 0 0 0
GPRESSURE: 0 0 0 0 0 0 0 0 0 0
ETITLE:      TS           BOND          ANGLE          DIHED          IMPRP               ELECT            VDW       BOUNDARY           MISC        KINETIC               TOTAL           TEMP      POTENTIAL         TOTAL3        TEMPAVG

ENERGY:       0      1084.0732      1686.2863      2095.5199       163.9862            -41.0561      -803.4790         0.0000      2534.4325      3015.6725           9735.4355       302.8146      6719.7630      9758.9823       302.8146

LDB: ============= START OF LOAD BALANCING ============== 2.38392
LDB: ============== END OF LOAD BALANCING =============== 2.38398
Info: useSync: 0 useProxySync: 0
LDB: =============== DONE WITH MIGRATION ================ 2.38409
LDB: ============= START OF LOAD BALANCING ============== 2.44258
LDB: Partitioning computes with target load 0.000000
LDB: Increased migratable compute count from 0 to 0
LDB: Largest unpartitionable compute is 0.000000
LDB: ============== END OF LOAD BALANCING =============== 2.44286
Info: build node-aware spanning tree with send: 1, recv: 0 with branch factor 4
Info: useSync: 0 useProxySync: 0
LDB: =============== DONE WITH MIGRATION ================ 2.44365
PRESSURE: 100 0 0 0 0 0 0 0 0 0
GPRESSURE: 100 0 0 0 0 0 0 0 0 0
PRESSAVG: 100 0 0 0 0 0 0 0 0 0
GPRESSAVG: 100 0 0 0 0 0 0 0 0 0
Info: Initial time: 42 CPUs 0.000730879 s/step 0.00845925 days/ns 827.75 MB memory
ENERGY:     100      1060.0425      1686.1788      2083.7139       162.8210            -39.9488      -772.7532         0.0000      2524.8634      2987.7116           9692.6293       300.0070      6704.9177      9718.5472       297.4572

LDB: ============= START OF LOAD BALANCING ============== 2.45766
LDB: ============== END OF LOAD BALANCING =============== 2.4577
Info: useSync: 0 useProxySync: 0
LDB: =============== DONE WITH MIGRATION ================ 2.4578
LDB: ============= START OF LOAD BALANCING ============== 2.51447
LDB: TIME 2.51467 LOAD: AVG 0.0134971 MAX 0.0414513  PROXIES: TOTAL 187 MAXPE 7 MAXPATCH 7 None MEM: 828.125 MB
LDB: TIME 2.51482 LOAD: AVG 0.0134971 MAX 0.0414513  PROXIES: TOTAL 187 MAXPE 7 MAXPATCH 7 TorusLB MEM: 828.375 MB
LDB: Reverting to original mapping
LDB: ============== END OF LOAD BALANCING =============== 2.51505
Info: build node-aware spanning tree with send: 1, recv: 0 with branch factor 4
Info: useSync: 0 useProxySync: 0
LDB: =============== DONE WITH MIGRATION ================ 2.51573
PRESSURE: 200 0 0 0 0 0 0 0 0 0
GPRESSURE: 200 0 0 0 0 0 0 0 0 0
PRESSAVG: 200 0 0 0 0 0 0 0 0 0
GPRESSAVG: 200 0 0 0 0 0 0 0 0 0
Info: Initial time: 42 CPUs 0.000705601 s/step 0.00816667 days/ns 828.375 MB memory
ENERGY:     200      1108.6508      1703.1681      2088.0172       143.3509            -40.0778      -828.2929         0.0000      2538.2418      2953.3645           9666.4225       296.5580      6713.0580      9689.5433       297.7721

LDB: ============= START OF LOAD BALANCING ============== 2.58907
LDB: TIME 2.58928 LOAD: AVG 0.0168423 MAX 0.0538226  PROXIES: TOTAL 187 MAXPE 7 MAXPATCH 7 None MEM: 829.562 MB
LDB: TIME 2.58941 LOAD: AVG 0.0168423 MAX 0.0538226  PROXIES: TOTAL 187 MAXPE 7 MAXPATCH 7 RefineTorusLB MEM: 829.562 MB
LDB: TIME 2.58956 LOAD: AVG 0.0168423 MAX 0.0538226  PROXIES: TOTAL 187 MAXPE 7 MAXPATCH 7 RefineTorusLB MEM: 829.562 MB
LDB: Reverting to original mapping
LDB: ============== END OF LOAD BALANCING =============== 2.58981
Info: build node-aware spanning tree with send: 1, recv: 0 with branch factor 4
Info: useSync: 0 useProxySync: 0
LDB: =============== DONE WITH MIGRATION ================ 2.59053
PRESSURE: 300 0 0 0 0 0 0 0 0 0
GPRESSURE: 300 0 0 0 0 0 0 0 0 0
PRESSAVG: 300 0 0 0 0 0 0 0 0 0
GPRESSAVG: 300 0 0 0 0 0 0 0 0 0
Info: Initial time: 42 CPUs 0.000731132 s/step 0.00846218 days/ns 829.562 MB memory
ENERGY:     300      1075.7211      1687.6671      2098.2559       146.1588            -40.3520      -753.0350         0.0000      2534.1929      2900.8308           9649.4394       291.2829      6748.6087      9673.7601       295.6876

LDB: ============= START OF LOAD BALANCING ============== 2.6623
LDB: TIME 2.66251 LOAD: AVG 0.0169089 MAX 0.0537283  PROXIES: TOTAL 187 MAXPE 7 MAXPATCH 7 None MEM: 830.688 MB
LDB: TIME 2.66266 LOAD: AVG 0.0169089 MAX 0.0537283  PROXIES: TOTAL 187 MAXPE 7 MAXPATCH 7 RefineTorusLB MEM: 830.688 MB
LDB: TIME 2.66279 LOAD: AVG 0.0169089 MAX 0.0537283  PROXIES: TOTAL 187 MAXPE 7 MAXPATCH 7 RefineTorusLB MEM: 830.688 MB
LDB: ============== END OF LOAD BALANCING =============== 2.66304
Info: build node-aware spanning tree with send: 1, recv: 0 with branch factor 4
Info: useSync: 0 useProxySync: 0
LDB: =============== DONE WITH MIGRATION ================ 2.66378
PRESSURE: 400 0 0 0 0 0 0 0 0 0
GPRESSURE: 400 0 0 0 0 0 0 0 0 0
PRESSAVG: 400 0 0 0 0 0 0 0 0 0
GPRESSAVG: 400 0 0 0 0 0 0 0 0 0
Info: Benchmark time: 42 CPUs 0.000718538 s/step 0.00831641 days/ns 830.688 MB memory
ENERGY:     400      1066.9996      1700.6578      2094.7566       146.0308            -41.1816      -797.7742         0.0000      2535.5764      2952.6808           9657.7461       296.4894      6705.0654      9681.7029       295.1509

PRESSURE: 500 0 0 0 0 0 0 0 0 0
GPRESSURE: 500 0 0 0 0 0 0 0 0 0
PRESSAVG: 500 0 0 0 0 0 0 0 0 0
GPRESSAVG: 500 0 0 0 0 0 0 0 0 0
Info: Benchmark time: 42 CPUs 0.000718211 s/step 0.00831263 days/ns 831.688 MB memory
ENERGY:     500      1055.3013      1690.0856      2084.6673       164.6609            -40.9377      -804.1594         0.0000      2538.2057      2969.1117           9656.9354       298.1393      6687.8237      9679.9931       294.8152

PRESSURE: 600 0 0 0 0 0 0 0 0 0
GPRESSURE: 600 0 0 0 0 0 0 0 0 0
PRESSAVG: 600 0 0 0 0 0 0 0 0 0
GPRESSAVG: 600 0 0 0 0 0 0 0 0 0
Info: Benchmark time: 42 CPUs 0.00070709 s/step 0.00818391 days/ns 831.688 MB memory
ENERGY:     600      1044.2379      1713.5010      2107.4511       151.2565            -41.2203      -788.4651         0.0000      2536.1117      2917.1840           9640.0568       292.9250      6722.8728      9665.7810       294.1066

PRESSURE: 700 0 0 0 0 0 0 0 0 0
GPRESSURE: 700 0 0 0 0 0 0 0 0 0
PRESSAVG: 700 0 0 0 0 0 0 0 0 0
GPRESSAVG: 700 0 0 0 0 0 0 0 0 0
Info: Benchmark time: 42 CPUs 0.00070631 s/step 0.00817488 days/ns 831.688 MB memory
ENERGY:     700      1134.6961      1647.0089      2090.9671       148.3954            -40.6679      -750.3114         0.0000      2538.7529      2902.1487           9670.9897       291.4153      6768.8411      9692.7967       295.6608

PRESSURE: 800 0 0 0 0 0 0 0 0 0
GPRESSURE: 800 0 0 0 0 0 0 0 0 0
PRESSAVG: 800 0 0 0 0 0 0 0 0 0
GPRESSAVG: 800 0 0 0 0 0 0 0 0 0
Info: Benchmark time: 42 CPUs 0.00070796 s/step 0.00819398 days/ns 831.688 MB memory
ENERGY:     800      1066.1516      1678.1676      2087.7571       151.5353            -41.1442      -764.5514         0.0000      2531.7093      2929.2448           9638.8701       294.1361      6709.6253      9661.8238       295.0256

PRESSURE: 900 0 0 0 0 0 0 0 0 0
GPRESSURE: 900 0 0 0 0 0 0 0 0 0
PRESSAVG: 900 0 0 0 0 0 0 0 0 0
GPRESSAVG: 900 0 0 0 0 0 0 0 0 0
Info: Benchmark time: 42 CPUs 0.000597091 s/step 0.00691078 days/ns 831.688 MB memory
ENERGY:     900      1073.0704      1699.6613      2103.5928       155.3614            -41.2702      -765.0190         0.0000      2530.2320      2948.7406           9704.3693       296.0937      6755.6287      9728.2059       295.8968

PRESSURE: 1000 0 0 0 0 0 0 0 0 0
GPRESSURE: 1000 0 0 0 0 0 0 0 0 0
PRESSAVG: 1000 0 0 0 0 0 0 0 0 0
GPRESSAVG: 1000 0 0 0 0 0 0 0 0 0
TIMING: 1000  CPU: 0.718128, 0.000700051/step  Wall: 0.719026, 0.000698695/step, 0.000776327 hours remaining, 831.687500 MB of memory in use.
ETITLE:      TS           BOND          ANGLE          DIHED          IMPRP               ELECT            VDW       BOUNDARY           MISC        KINETIC               TOTAL           TEMP      POTENTIAL         TOTAL3        TEMPAVG

ENERGY:    1000      1103.0218      1669.5901      2066.2890       156.9042            -41.2203      -785.8112         0.0000      2535.1201      3020.0890           9723.9828       303.2581      6703.8938      9749.6332       298.5096

WRITING EXTENDED SYSTEM TO RESTART FILE AT STEP 1000
OPENING COORDINATE DCD FILE
WRITING COORDINATES TO DCD FILE adk-step1.dcd AT STEP 1000
WRITING COORDINATES TO RESTART FILE AT STEP 1000
FINISHED WRITING RESTART COORDINATES
The last position output (seq=1000) takes 0.007 seconds, 831.750 MB of memory in use
WRITING VELOCITIES TO RESTART FILE AT STEP 1000
FINISHED WRITING RESTART VELOCITIES
The last velocity output (seq=1000) takes 0.002 seconds, 831.812 MB of memory in use
PRESSURE: 1100 0 0 0 0 0 0 0 0 0
GPRESSURE: 1100 0 0 0 0 0 0 0 0 0
PRESSAVG: 1100 0 0 0 0 0 0 0 0 0
GPRESSAVG: 1100 0 0 0 0 0 0 0 0 0
ENERGY:    1100      1073.6095      1751.2977      2094.1916       148.4843            -42.9407      -786.4592         0.0000      2535.5125      2979.6459           9753.3415       299.1970      6773.6956      9779.4638       299.0127

PRESSURE: 1200 0 0 0 0 0 0 0 0 0
GPRESSURE: 1200 0 0 0 0 0 0 0 0 0
PRESSAVG: 1200 0 0 0 0 0 0 0 0 0
GPRESSAVG: 1200 0 0 0 0 0 0 0 0 0
ENERGY:    1200      1123.5314      1703.0892      2102.0440       151.2532            -41.4245      -776.1866         0.0000      2538.2272      2944.8181           9745.3520       295.6999      6800.5338      9769.2902       300.0881

PRESSURE: 1300 0 0 0 0 0 0 0 0 0
GPRESSURE: 1300 0 0 0 0 0 0 0 0 0
PRESSAVG: 1300 0 0 0 0 0 0 0 0 0
GPRESSAVG: 1300 0 0 0 0 0 0 0 0 0
ENERGY:    1300      1063.9018      1700.0605      2095.9042       160.2351            -40.5047      -783.3527         0.0000      2536.1684      3013.8150           9746.2276       302.6281      6732.4126      9774.8808       299.1805

PRESSURE: 1400 0 0 0 0 0 0 0 0 0
GPRESSURE: 1400 0 0 0 0 0 0 0 0 0
PRESSAVG: 1400 0 0 0 0 0 0 0 0 0
GPRESSAVG: 1400 0 0 0 0 0 0 0 0 0
ENERGY:    1400      1053.1823      1708.8462      2088.7417       152.8427            -41.1153      -762.4725         0.0000      2528.4026      3010.2389           9738.6666       302.2690      6728.4277      9760.7656       297.1497

PRESSURE: 1500 0 0 0 0 0 0 0 0 0
GPRESSURE: 1500 0 0 0 0 0 0 0 0 0
PRESSAVG: 1500 0 0 0 0 0 0 0 0 0
GPRESSAVG: 1500 0 0 0 0 0 0 0 0 0
ENERGY:    1500      1101.7065      1652.1349      2102.5709       154.2716            -39.7542      -755.9393         0.0000      2521.5319      3036.7603           9773.2825       304.9321      6736.5222      9796.3705       300.7926

PRESSURE: 1600 0 0 0 0 0 0 0 0 0
GPRESSURE: 1600 0 0 0 0 0 0 0 0 0
PRESSAVG: 1600 0 0 0 0 0 0 0 0 0
GPRESSAVG: 1600 0 0 0 0 0 0 0 0 0
ENERGY:    1600      1090.5328      1691.9315      2101.8079       150.6050            -40.0375      -757.7323         0.0000      2516.3927      3007.1284           9760.6284       301.9567      6753.5001      9789.4164       302.6579

PRESSURE: 1700 0 0 0 0 0 0 0 0 0
GPRESSURE: 1700 0 0 0 0 0 0 0 0 0
PRESSAVG: 1700 0 0 0 0 0 0 0 0 0
GPRESSAVG: 1700 0 0 0 0 0 0 0 0 0
ENERGY:    1700      1073.5711      1740.0417      2094.3366       154.7000            -40.4959      -770.8640         0.0000      2521.2807      2963.9087           9736.4788       297.6168      6772.5701      9757.7311       300.2879

PRESSURE: 1800 0 0 0 0 0 0 0 0 0
GPRESSURE: 1800 0 0 0 0 0 0 0 0 0
PRESSAVG: 1800 0 0 0 0 0 0 0 0 0
GPRESSAVG: 1800 0 0 0 0 0 0 0 0 0
ENERGY:    1800      1059.7836      1660.3227      2123.9602       153.1728            -40.7062      -751.4909         0.0000      2519.6006      2961.1710           9685.8138       297.3419      6724.6427      9712.4004       298.6175

PRESSURE: 1900 0 0 0 0 0 0 0 0 0
GPRESSURE: 1900 0 0 0 0 0 0 0 0 0
PRESSAVG: 1900 0 0 0 0 0 0 0 0 0
GPRESSAVG: 1900 0 0 0 0 0 0 0 0 0
ENERGY:    1900      1108.1408      1689.6513      2085.1373       146.4402            -39.8775      -781.5225         0.0000      2525.3153      2925.0498           9658.3346       293.7149      6733.2848      9685.4384       296.7281

PRESSURE: 2000 0 0 0 0 0 0 0 0 0
GPRESSURE: 2000 0 0 0 0 0 0 0 0 0
PRESSAVG: 2000 0 0 0 0 0 0 0 0 0
GPRESSAVG: 2000 0 0 0 0 0 0 0 0 0
TIMING: 2000  CPU: 1.32035, 0.000602221/step  Wall: 1.33158, 0.000612553/step, 0.000510461 hours remaining, 831.812500 MB of memory in use.
ETITLE:      TS           BOND          ANGLE          DIHED          IMPRP               ELECT            VDW       BOUNDARY           MISC        KINETIC               TOTAL           TEMP      POTENTIAL         TOTAL3        TEMPAVG

ENERGY:    2000      1109.9302      1706.7759      2079.4614       167.5416            -40.3928      -771.9456         0.0000      2530.3877      2934.3031           9716.0616       294.6440      6781.7585      9738.7637       297.3403

WRITING EXTENDED SYSTEM TO RESTART FILE AT STEP 2000
WRITING COORDINATES TO DCD FILE adk-step1.dcd AT STEP 2000
WRITING COORDINATES TO RESTART FILE AT STEP 2000
FINISHED WRITING RESTART COORDINATES
The last position output (seq=2000) takes 0.002 seconds, 831.812 MB of memory in use
WRITING VELOCITIES TO RESTART FILE AT STEP 2000
FINISHED WRITING RESTART VELOCITIES
The last velocity output (seq=2000) takes 0.002 seconds, 831.812 MB of memory in use
PRESSURE: 2100 0 0 0 0 0 0 0 0 0
GPRESSURE: 2100 0 0 0 0 0 0 0 0 0
PRESSAVG: 2100 0 0 0 0 0 0 0 0 0
GPRESSAVG: 2100 0 0 0 0 0 0 0 0 0
ENERGY:    2100      1095.8215      1685.9464      2099.9913       155.8908            -40.8144      -785.9461         0.0000      2532.1625      2985.1115           9728.1635       299.7459      6743.0520      9753.3447       298.8386

PRESSURE: 2200 0 0 0 0 0 0 0 0 0
GPRESSURE: 2200 0 0 0 0 0 0 0 0 0
PRESSAVG: 2200 0 0 0 0 0 0 0 0 0
GPRESSAVG: 2200 0 0 0 0 0 0 0 0 0
ENERGY:    2200      1100.2883      1722.9266      2071.4794       161.9508            -41.9969      -783.6337         0.0000      2529.8357      2934.4311           9695.2813       294.6569      6760.8501      9718.9398       297.8616

PRESSURE: 2300 0 0 0 0 0 0 0 0 0
GPRESSURE: 2300 0 0 0 0 0 0 0 0 0
PRESSAVG: 2300 0 0 0 0 0 0 0 0 0
GPRESSAVG: 2300 0 0 0 0 0 0 0 0 0
ENERGY:    2300      1075.8426      1706.2009      2079.0865       157.6200            -41.6744      -775.8963         0.0000      2525.4261      3025.7697           9752.3749       303.8285      6726.6052      9773.8975       299.4928

PRESSURE: 2400 0 0 0 0 0 0 0 0 0
GPRESSURE: 2400 0 0 0 0 0 0 0 0 0
PRESSAVG: 2400 0 0 0 0 0 0 0 0 0
GPRESSAVG: 2400 0 0 0 0 0 0 0 0 0
ENERGY:    2400      1074.1226      1710.2512      2078.9371       163.7295            -41.9719      -762.9677         0.0000      2521.9517      3013.1463           9757.1988       302.5610      6744.0525      9785.3809       301.7903

PRESSURE: 2500 0 0 0 0 0 0 0 0 0
GPRESSURE: 2500 0 0 0 0 0 0 0 0 0
PRESSAVG: 2500 0 0 0 0 0 0 0 0 0
GPRESSAVG: 2500 0 0 0 0 0 0 0 0 0
ENERGY:    2500      1132.7634      1740.0254      2089.8268       154.0192            -41.0112      -789.5865         0.0000      2514.8684      2997.1357           9798.0412       300.9533      6800.9055      9821.3101       300.3993

PRESSURE: 2600 0 0 0 0 0 0 0 0 0
GPRESSURE: 2600 0 0 0 0 0 0 0 0 0
PRESSAVG: 2600 0 0 0 0 0 0 0 0 0
GPRESSAVG: 2600 0 0 0 0 0 0 0 0 0
ENERGY:    2600      1101.1021      1763.5777      2087.7994       159.7558            -41.3807      -792.2139         0.0000      2518.2046      3021.9665           9818.8114       303.4466      6796.8449      9841.5341       303.1287

PRESSURE: 2700 0 0 0 0 0 0 0 0 0
GPRESSURE: 2700 0 0 0 0 0 0 0 0 0
PRESSAVG: 2700 0 0 0 0 0 0 0 0 0
GPRESSAVG: 2700 0 0 0 0 0 0 0 0 0
ENERGY:    2700      1105.7125      1719.1604      2083.0673       155.5870            -40.3503      -797.5403         0.0000      2519.4267      2999.2811           9744.3445       301.1687      6745.0634      9770.8825       302.1686

PRESSURE: 2800 0 0 0 0 0 0 0 0 0
GPRESSURE: 2800 0 0 0 0 0 0 0 0 0
PRESSAVG: 2800 0 0 0 0 0 0 0 0 0
GPRESSAVG: 2800 0 0 0 0 0 0 0 0 0
ENERGY:    2800      1097.0520      1724.3426      2084.4307       145.0902            -41.2287      -762.0925         0.0000      2517.1774      2917.1721           9681.9439       292.9238      6764.7717      9706.8654       298.7735

PRESSURE: 2900 0 0 0 0 0 0 0 0 0
GPRESSURE: 2900 0 0 0 0 0 0 0 0 0
PRESSAVG: 2900 0 0 0 0 0 0 0 0 0
GPRESSAVG: 2900 0 0 0 0 0 0 0 0 0
ENERGY:    2900      1098.7710      1688.0237      2093.8294       146.8255            -40.6478      -766.5723         0.0000      2514.3091      2966.1589           9700.6975       297.8428      6734.5386      9724.3384       297.2344

PRESSURE: 3000 0 0 0 0 0 0 0 0 0
GPRESSURE: 3000 0 0 0 0 0 0 0 0 0
PRESSAVG: 3000 0 0 0 0 0 0 0 0 0
GPRESSAVG: 3000 0 0 0 0 0 0 0 0 0
TIMING: 3000  CPU: 1.92174, 0.000601394/step  Wall: 1.93728, 0.000605701/step, 0.000336501 hours remaining, 831.812500 MB of memory in use.
ETITLE:      TS           BOND          ANGLE          DIHED          IMPRP               ELECT            VDW       BOUNDARY           MISC        KINETIC               TOTAL           TEMP      POTENTIAL         TOTAL3        TEMPAVG

ENERGY:    3000      1079.1678      1750.3844      2115.7459       149.2749            -40.7056      -805.3485         0.0000      2516.3744      2965.9866           9730.8798       297.8255      6764.8932      9755.0155       299.8892

WRITING EXTENDED SYSTEM TO RESTART FILE AT STEP 3000
WRITING COORDINATES TO DCD FILE adk-step1.dcd AT STEP 3000
WRITING COORDINATES TO RESTART FILE AT STEP 3000
FINISHED WRITING RESTART COORDINATES
The last position output (seq=3000) takes 0.002 seconds, 831.938 MB of memory in use
WRITING VELOCITIES TO RESTART FILE AT STEP 3000
FINISHED WRITING RESTART VELOCITIES
The last velocity output (seq=3000) takes 0.002 seconds, 831.938 MB of memory in use
PRESSURE: 3100 0 0 0 0 0 0 0 0 0
GPRESSURE: 3100 0 0 0 0 0 0 0 0 0
PRESSAVG: 3100 0 0 0 0 0 0 0 0 0
GPRESSAVG: 3100 0 0 0 0 0 0 0 0 0
ENERGY:    3100      1116.7268      1667.1137      2132.7700       144.3819            -41.5427      -784.5864         0.0000      2521.7606      3026.3181           9782.9420       303.8836      6756.6239      9807.2849       300.8111

PRESSURE: 3200 0 0 0 0 0 0 0 0 0
GPRESSURE: 3200 0 0 0 0 0 0 0 0 0
PRESSAVG: 3200 0 0 0 0 0 0 0 0 0
GPRESSAVG: 3200 0 0 0 0 0 0 0 0 0
ENERGY:    3200      1129.6576      1732.6122      2094.4846       148.7122            -40.0121      -794.2279         0.0000      2513.8642      2993.0141           9778.1049       300.5394      6785.0908      9801.7978       300.3832

PRESSURE: 3300 0 0 0 0 0 0 0 0 0
GPRESSURE: 3300 0 0 0 0 0 0 0 0 0
PRESSAVG: 3300 0 0 0 0 0 0 0 0 0
GPRESSAVG: 3300 0 0 0 0 0 0 0 0 0
ENERGY:    3300      1097.1120      1737.6887      2087.0414       143.9719            -40.3948      -763.0203         0.0000      2513.2446      3022.9695           9798.6132       303.5473      6775.6437      9822.1529       301.8140

PRESSURE: 3400 0 0 0 0 0 0 0 0 0
GPRESSURE: 3400 0 0 0 0 0 0 0 0 0
PRESSAVG: 3400 0 0 0 0 0 0 0 0 0
GPRESSAVG: 3400 0 0 0 0 0 0 0 0 0
ENERGY:    3400      1070.0396      1709.2934      2090.7113       151.8306            -39.2353      -759.3975         0.0000      2510.0558      3013.5184           9746.8163       302.5983      6733.2979      9769.6315       302.6616

PRESSURE: 3500 0 0 0 0 0 0 0 0 0
GPRESSURE: 3500 0 0 0 0 0 0 0 0 0
PRESSAVG: 3500 0 0 0 0 0 0 0 0 0
GPRESSAVG: 3500 0 0 0 0 0 0 0 0 0
ENERGY:    3500      1099.2278      1672.0582      2106.3933       152.2422            -39.4595      -777.4730         0.0000      2506.4957      2989.5411           9709.0257       300.1907      6719.4846      9731.5731       300.8599

PRESSURE: 3600 0 0 0 0 0 0 0 0 0
GPRESSURE: 3600 0 0 0 0 0 0 0 0 0
PRESSAVG: 3600 0 0 0 0 0 0 0 0 0
GPRESSAVG: 3600 0 0 0 0 0 0 0 0 0
ENERGY:    3600      1085.9601      1729.7303      2071.5510       164.2319            -40.0920      -776.5510         0.0000      2498.2871      2994.6445           9727.7620       300.7031      6733.1174      9750.4692       298.5207

PRESSURE: 3700 0 0 0 0 0 0 0 0 0
GPRESSURE: 3700 0 0 0 0 0 0 0 0 0
PRESSAVG: 3700 0 0 0 0 0 0 0 0 0
GPRESSAVG: 3700 0 0 0 0 0 0 0 0 0
ENERGY:    3700      1088.8966      1749.3956      2104.2690       146.5027            -40.1571      -767.9728         0.0000      2494.7718      2973.7645           9749.4704       298.6065      6775.7059      9770.7221       301.4603

PRESSURE: 3800 0 0 0 0 0 0 0 0 0
GPRESSURE: 3800 0 0 0 0 0 0 0 0 0
PRESSAVG: 3800 0 0 0 0 0 0 0 0 0
GPRESSAVG: 3800 0 0 0 0 0 0 0 0 0
ENERGY:    3800      1077.0203      1699.9625      2080.2591       159.8175            -39.5924      -827.2789         0.0000      2495.5461      3000.8875           9646.6216       301.3300      6645.7341      9671.7423       300.2629

PRESSURE: 3900 0 0 0 0 0 0 0 0 0
GPRESSURE: 3900 0 0 0 0 0 0 0 0 0
PRESSAVG: 3900 0 0 0 0 0 0 0 0 0
GPRESSAVG: 3900 0 0 0 0 0 0 0 0 0
ENERGY:    3900      1100.9804      1692.4211      2116.4900       154.7460            -39.5391      -772.8605         0.0000      2498.3923      2900.1285           9650.7587       291.2124      6750.6302      9672.3167       297.0377

WRITING COORDINATES TO DCD FILE adk-step1.dcd AT STEP 4000
WRITING COORDINATES TO RESTART FILE AT STEP 4000
FINISHED WRITING RESTART COORDINATES
The last position output (seq=4000) takes 0.005 seconds, 831.938 MB of memory in use
WRITING VELOCITIES TO RESTART FILE AT STEP 4000
FINISHED WRITING RESTART VELOCITIES
The last velocity output (seq=4000) takes 0.002 seconds, 831.938 MB of memory in use
PRESSURE: 4000 0 0 0 0 0 0 0 0 0
GPRESSURE: 4000 0 0 0 0 0 0 0 0 0
PRESSAVG: 4000 0 0 0 0 0 0 0 0 0
GPRESSAVG: 4000 0 0 0 0 0 0 0 0 0
TIMING: 4000  CPU: 2.53787, 0.000616124/step  Wall: 2.5628, 0.000625521/step, 0.000173756 hours remaining, 831.937500 MB of memory in use.
ETITLE:      TS           BOND          ANGLE          DIHED          IMPRP               ELECT            VDW       BOUNDARY           MISC        KINETIC               TOTAL           TEMP      POTENTIAL         TOTAL3        TEMPAVG

ENERGY:    4000      1071.9347      1706.8503      2087.1908       147.2459            -40.0029      -828.3274         0.0000      2494.1417      3027.0698           9666.1027       303.9591      6639.0330      9690.1919       298.5008

WRITING EXTENDED SYSTEM TO RESTART FILE AT STEP 4000
PRESSURE: 4100 0 0 0 0 0 0 0 0 0
GPRESSURE: 4100 0 0 0 0 0 0 0 0 0
PRESSAVG: 4100 0 0 0 0 0 0 0 0 0
GPRESSAVG: 4100 0 0 0 0 0 0 0 0 0
ENERGY:    4100      1113.2691      1704.7964      2158.0125       144.7832            -41.5540      -801.2079         0.0000      2495.5329      2911.8853           9685.5175       292.3930      6773.6322      9708.4570       298.6079

PRESSURE: 4200 0 0 0 0 0 0 0 0 0
GPRESSURE: 4200 0 0 0 0 0 0 0 0 0
PRESSAVG: 4200 0 0 0 0 0 0 0 0 0
GPRESSAVG: 4200 0 0 0 0 0 0 0 0 0
ENERGY:    4200      1054.9401      1664.5401      2092.5880       155.1667            -42.2880      -763.5520         0.0000      2488.5699      3037.0467           9687.0114       304.9609      6649.9647      9715.6114       297.7859

LDB: ============= START OF LOAD BALANCING ============== 5.10033
Info: useSync: 0 useProxySync: 0
LDB: ============== END OF LOAD BALANCING =============== 5.1004
LDB: =============== DONE WITH MIGRATION ================ 5.10052
PRESSURE: 4300 0 0 0 0 0 0 0 0 0
GPRESSURE: 4300 0 0 0 0 0 0 0 0 0
PRESSAVG: 4300 0 0 0 0 0 0 0 0 0
GPRESSAVG: 4300 0 0 0 0 0 0 0 0 0
ENERGY:    4300      1110.5488      1662.4587      2125.5235       166.4767            -41.9534      -792.0328         0.0000      2491.8644      2964.5993           9687.4852       297.6862      6722.8859      9714.1615       300.6690

LDB: ============= START OF LOAD BALANCING ============== 5.163
LDB: TIME 5.1633 LOAD: AVG 0.0157635 MAX 0.0418369  PROXIES: TOTAL 187 MAXPE 7 MAXPATCH 7 None MEM: 831.938 MB
LDB: TIME 5.16349 LOAD: AVG 0.0157635 MAX 0.0418369  PROXIES: TOTAL 187 MAXPE 7 MAXPATCH 7 RefineTorusLB MEM: 832.062 MB
LDB: TIME 5.16364 LOAD: AVG 0.0157635 MAX 0.0418369  PROXIES: TOTAL 187 MAXPE 7 MAXPATCH 7 RefineTorusLB MEM: 832.062 MB
LDB: Reverting to original mapping
LDB: ============== END OF LOAD BALANCING =============== 5.16391
Info: build node-aware spanning tree with send: 1, recv: 0 with branch factor 4
Info: useSync: 0 useProxySync: 0
LDB: =============== DONE WITH MIGRATION ================ 5.1646
PRESSURE: 4400 0 0 0 0 0 0 0 0 0
GPRESSURE: 4400 0 0 0 0 0 0 0 0 0
PRESSAVG: 4400 0 0 0 0 0 0 0 0 0
GPRESSAVG: 4400 0 0 0 0 0 0 0 0 0
ENERGY:    4400      1060.2817      1692.4840      2127.1359       158.3184            -41.0196      -787.1230         0.0000      2490.9137      2985.5789           9686.5700       299.7928      6700.9910      9712.1152       299.3933

PRESSURE: 4500 0 0 0 0 0 0 0 0 0
GPRESSURE: 4500 0 0 0 0 0 0 0 0 0
PRESSAVG: 4500 0 0 0 0 0 0 0 0 0
GPRESSAVG: 4500 0 0 0 0 0 0 0 0 0
ENERGY:    4500      1046.8655      1685.6538      2105.6112       149.6534            -40.8993      -762.9902         0.0000      2494.2353      2973.7299           9651.8595       298.6030      6678.1297      9676.2557       298.8207

PRESSURE: 4600 0 0 0 0 0 0 0 0 0
GPRESSURE: 4600 0 0 0 0 0 0 0 0 0
PRESSAVG: 4600 0 0 0 0 0 0 0 0 0
GPRESSAVG: 4600 0 0 0 0 0 0 0 0 0
ENERGY:    4600      1041.4465      1781.8381      2095.4250       158.6023            -41.1355      -779.8749         0.0000      2485.6633      2961.5118           9703.4767       297.3761      6741.9649      9730.0266       298.3535

PRESSURE: 4700 0 0 0 0 0 0 0 0 0
GPRESSURE: 4700 0 0 0 0 0 0 0 0 0
PRESSAVG: 4700 0 0 0 0 0 0 0 0 0
GPRESSAVG: 4700 0 0 0 0 0 0 0 0 0
ENERGY:    4700      1111.9849      1699.5612      2133.7615       155.5524            -41.2631      -785.4195         0.0000      2474.6648      2971.3475           9720.1898       298.3638      6748.8423      9739.3785       300.4259

PRESSURE: 4800 0 0 0 0 0 0 0 0 0
GPRESSURE: 4800 0 0 0 0 0 0 0 0 0
PRESSAVG: 4800 0 0 0 0 0 0 0 0 0
GPRESSAVG: 4800 0 0 0 0 0 0 0 0 0
ENERGY:    4800      1082.4250      1725.4638      2100.7212       153.9314            -40.8108      -770.6176         0.0000      2474.4785      2946.4792           9672.0707       295.8667      6725.5915      9694.3047       300.9742

PRESSURE: 4900 0 0 0 0 0 0 0 0 0
GPRESSURE: 4900 0 0 0 0 0 0 0 0 0
PRESSAVG: 4900 0 0 0 0 0 0 0 0 0
GPRESSAVG: 4900 0 0 0 0 0 0 0 0 0
ENERGY:    4900      1111.7517      1658.5408      2122.7873       152.9832            -40.0593      -788.9111         0.0000      2473.9849      2904.6221           9595.6997       291.6636      6691.0776      9620.3530       295.7405

PRESSURE: 5000 0 0 0 0 0 0 0 0 0
GPRESSURE: 5000 0 0 0 0 0 0 0 0 0
PRESSAVG: 5000 0 0 0 0 0 0 0 0 0
GPRESSAVG: 5000 0 0 0 0 0 0 0 0 0
TIMING: 5000  CPU: 3.1604, 0.000622537/step  Wall: 3.18961, 0.000626809/step, 0 hours remaining, 832.062500 MB of memory in use.
ETITLE:      TS           BOND          ANGLE          DIHED          IMPRP               ELECT            VDW       BOUNDARY           MISC        KINETIC               TOTAL           TEMP      POTENTIAL         TOTAL3        TEMPAVG

ENERGY:    5000      1060.3304      1674.6764      2116.1866       157.8917            -39.4651      -799.5593         0.0000      2468.4233      2960.9329           9599.4169       297.3180      6638.4839      9624.1491       294.9907

WRITING EXTENDED SYSTEM TO RESTART FILE AT STEP 5000
WRITING COORDINATES TO DCD FILE adk-step1.dcd AT STEP 5000
WRITING COORDINATES TO RESTART FILE AT STEP 5000
FINISHED WRITING RESTART COORDINATES
The last position output (seq=5000) takes 0.002 seconds, 832.688 MB of memory in use
WRITING VELOCITIES TO RESTART FILE AT STEP 5000
FINISHED WRITING RESTART VELOCITIES
The last velocity output (seq=5000) takes 0.002 seconds, 832.688 MB of memory in use
WRITING EXTENDED SYSTEM TO OUTPUT FILE AT STEP 5000
WRITING COORDINATES TO OUTPUT FILE AT STEP 5000
CLOSING COORDINATE DCD FILE adk-step1.dcd
The last position output (seq=-2) takes 0.004 seconds, 832.688 MB of memory in use
WRITING VELOCITIES TO OUTPUT FILE AT STEP 5000
====================================================

WallClock: 5.550232  CPUTime: 4.014137  Memory: 832.687500 MB
End of program
