0_18_cc.dat
/gpfs/alpine/bip115/scratch/hrlee/radical.pilot.sandbox/re.session.login1.hrlee.018632.0005/pilot.0000/staging_area/0_18_cc.dat
0, 18
Choosing optimized barrier algorithm name I0:HybridBinomial:SHMEM:P2P
Converse/Charm++ Commit ID: v6.10.2-0-g7bf00fa-namd-charm-6.10.2-build-2020-Aug-05-556
Warning> Randomization of virtual memory (ASLR) is turned on in the kernel, thread migration may not work! Run 'echo 0 > /proc/sys/kernel/randomize_va_space' as root to disable it, or try running with '+isomalloc_sync'.
CharmLB> Load balancer assumes all CPUs are same.
Charm++> Running on 1 hosts (1 sockets x 7 cores x 4 PUs = 28-way SMP)
Charm++> cpu topology info is gathered in 0.003 seconds.
Info: Built with CUDA version 10010
Did not find +devices i,j,k,... argument, using all
Pe 12 physical rank 12 will use CUDA device of pe 7
Pe 34 physical rank 34 will use CUDA device of pe 28
Pe 26 physical rank 26 will use CUDA device of pe 21
Pe 11 physical rank 11 will use CUDA device of pe 7
Pe 18 physical rank 18 will use CUDA device of pe 14
Pe 33 physical rank 33 will use CUDA device of pe 28
Pe 24 physical rank 24 will use CUDA device of pe 21
Pe 6 physical rank 6 will use CUDA device of pe 4
Pe 40 physical rank 40 will use CUDA device of pe 35
Pe 13 physical rank 13 will use CUDA device of pe 7
Pe 20 physical rank 20 will use CUDA device of pe 14
Pe 31 physical rank 31 will use CUDA device of pe 28
Pe 25 physical rank 25 will use CUDA device of pe 21
Pe 3 physical rank 3 will use CUDA device of pe 4
Pe 39 physical rank 39 will use CUDA device of pe 35
Pe 9 physical rank 9 will use CUDA device of pe 7
Pe 17 physical rank 17 will use CUDA device of pe 14
Pe 30 physical rank 30 will use CUDA device of pe 28
Pe 23 physical rank 23 will use CUDA device of pe 21
Pe 2 physical rank 2 will use CUDA device of pe 4
Pe 38 physical rank 38 will use CUDA device of pe 35
Pe 10 physical rank 10 will use CUDA device of pe 7
Pe 19 physical rank 19 will use CUDA device of pe 14
Pe 32 physical rank 32 will use CUDA device of pe 28
Pe 27 physical rank 27 will use CUDA device of pe 21
Pe 5 physical rank 5 will use CUDA device of pe 4
Pe 41 physical rank 41 will use CUDA device of pe 35
Pe 8 physical rank 8 will use CUDA device of pe 7
Pe 16 physical rank 16 will use CUDA device of pe 14
Pe 29 physical rank 29 will use CUDA device of pe 28
Pe 22 physical rank 22 will use CUDA device of pe 21
Pe 1 physical rank 1 will use CUDA device of pe 4
Pe 37 physical rank 37 will use CUDA device of pe 35
Pe 15 physical rank 15 will use CUDA device of pe 14
Pe 0 physical rank 0 will use CUDA device of pe 4
Pe 36 physical rank 36 will use CUDA device of pe 35
Pe 7 physical rank 7 binding to CUDA device 0 on h35n17: 'Tesla V100-SXM2-16GB'  Mem: 16128MB  Rev: 7.0  PCI: 4:5:0
Pe 28 physical rank 28 binding to CUDA device 0 on h35n17: 'Tesla V100-SXM2-16GB'  Mem: 16128MB  Rev: 7.0  PCI: 35:4:0
Pe 21 physical rank 21 binding to CUDA device 0 on h35n17: 'Tesla V100-SXM2-16GB'  Mem: 16128MB  Rev: 7.0  PCI: 35:3:0
Pe 4 physical rank 4 binding to CUDA device 0 on h35n17: 'Tesla V100-SXM2-16GB'  Mem: 16128MB  Rev: 7.0  PCI: 4:4:0
Pe 35 physical rank 35 binding to CUDA device 0 on h35n17: 'Tesla V100-SXM2-16GB'  Mem: 16128MB  Rev: 7.0  PCI: 35:5:0
Pe 14 physical rank 14 binding to CUDA device 0 on h35n17: 'Tesla V100-SXM2-16GB'  Mem: 16128MB  Rev: 7.0  PCI: 4:6:0
Info: NAMD 2.14 for Linux-POWER-pami-smp-Summit-CUDA
Info: 
Info: Please visit http://www.ks.uiuc.edu/Research/namd/
Info: for updates, documentation, and support information.
Info: 
Info: Please cite Phillips et al., J. Chem. Phys. 153:044130 (2020) doi:10.1063/5.0014475
Info: in all publications reporting results obtained with NAMD.
Info: 
Info: Based on Charm++/Converse 61002 for pami-linux-ppc64le-smp
Info: Built Wed Aug 5 14:28:51 EDT 2020 by jimp on login2
Info: 1 NAMD  2.14  Linux-POWER-pami-smp-Summit-CUDA  42    h35n17  hrlee
Info: Running on 42 processors, 6 nodes, 1 physical nodes.
Info: CPU topology information available.
Info: Charm++/Converse parallel runtime startup completed at 1.37321 s
CkLoopLib is used in SMP with simple dynamic scheduling (converse-level notification)
Info: 791.625 MB of memory in use based on /proc/self/stat
Info: Configuration file is adk-step1.namd
Info: Working in the current directory /gpfs/alpine/bip115/scratch/hrlee/radical.pilot.sandbox/re.session.login1.hrlee.018632.0005/pilot.0000/unit.001270
TCL: Suspending until startup complete.
Info: SIMULATION PARAMETERS:
Info: TIMESTEP               1
Info: NUMBER OF STEPS        0
Info: STEPS PER CYCLE        20
Info: LOAD BALANCER  Centralized
Info: LOAD BALANCING STRATEGY  New Load Balancers -- DEFAULT
Info: LDB PERIOD             4000 steps
Info: FIRST LDB TIMESTEP     100
Info: LAST LDB TIMESTEP     -1
Info: LDB BACKGROUND SCALING 1
Info: HOM BACKGROUND SCALING 1
Info: MIN ATOMS PER PATCH    40
Info: VELOCITY FILE          0_18_adk-step1.restart.vel
Info: CENTER OF MASS MOVING INITIALLY? NO
Info: DIELECTRIC             80
Info: EXCLUDE                SCALED ONE-FOUR
Info: 1-4 ELECTROSTATICS SCALED BY 1
Info: MODIFIED 1-4 VDW PARAMETERS WILL BE USED
Info: DCD FILENAME           adk-step1.dcd
Info: DCD FREQUENCY          1000
Info: DCD FIRST STEP         1000
Info: NO EXTENDED SYSTEM TRAJECTORY OUTPUT
Info: NO VELOCITY DCD OUTPUT
Info: NO FORCE DCD OUTPUT
Info: OUTPUT FILENAME        adk-step1
Info: BINARY OUTPUT FILES WILL BE USED
Info: RESTART FILENAME       adk-step1.restart
Info: RESTART FREQUENCY      1000
Info: BINARY RESTART FILES WILL BE USED
Info: SWITCHING ACTIVE
Info: SWITCHING ON           9
Info: SWITCHING OFF          10
Info: PAIRLIST DISTANCE      11
Info: PAIRLIST SHRINK RATE   0.01
Info: PAIRLIST GROW RATE     0.01
Info: PAIRLIST TRIGGER       0.3
Info: PAIRLISTS PER CYCLE    2
Info: PAIRLISTS ENABLED
Info: MARGIN                 0
Info: HYDROGEN GROUP CUTOFF  2.5
Info: PATCH DIMENSION        13.5
Info: ENERGY OUTPUT STEPS    100
Info: CROSSTERM ENERGY INCLUDED IN DIHEDRAL
Info: TIMING OUTPUT STEPS    1000
Info: PRESSURE OUTPUT STEPS  100
Info: GRID FORCE ACTIVE
Info:  Please include this reference in published work using
Info:  the Gridforce module of NAMD: David Wells, Volha Abramkina,
Info:  and Aleksei Aksimentiev, J. Chem. Phys. 127:125101-10 (2007).
Info: MGRIDFORCE key 0
Info:            Potfile 4ake-target_autopsf-grid.dx
Info:            Scale 0.3 0.3 0.3
Info:            File 1ake-docked-noh_autopsf-grid.pdb
Info:            Col O
Info:            ChargeCol B
Info:            VOffset 0 0 0
Info:            Continuous K1 FALSE
Info:            Continuous K2 FALSE
Info:            Continuous K3 FALSE
Info:            Volts FALSE
Info:            Gridforce-Lite FALSE
Info:            Gridforce-CheckSize TRUE
Info: LANGEVIN DYNAMICS ACTIVE
Info: LANGEVIN TEMPERATURE   300
Info: LANGEVIN USING BBK INTEGRATOR
Info: LANGEVIN DAMPING COEFFICIENT IS 5 INVERSE PS
Info: LANGEVIN DYNAMICS NOT APPLIED TO HYDROGENS
Info: USING VERLET I (r-RESPA) MTS SCHEME.
Info: C1 SPLITTING OF LONG RANGE ELECTROSTATICS
Info: PLACING ATOMS IN PATCHES BY HYDROGEN GROUPS
Info: RIGID BONDS TO HYDROGEN : WATER
Info:         ERROR TOLERANCE : 1e-08
Info:          MAX ITERATIONS : 100
Info: RIGID WATER USING SETTLE ALGORITHM
Info: NONBONDED FORCES EVALUATED EVERY 2 STEPS
Info: RANDOM NUMBER SEED     1609828765
Info: USE HYDROGEN BONDS?    NO
Info: COORDINATE PDB         1ake-docked-noh_autopsf.pdb
Info: STRUCTURE FILE         1ake-docked-noh_autopsf.psf
Info: PARAMETER file: CHARMM format! 
Info: PARAMETERS             par_all36_prot.prm
Info: USING ARITHMETIC MEAN TO COMBINE L-J SIGMA PARAMETERS
Info: BINARY COORDINATES     0_18_adk-step1.restart.coor
Info: SUMMARY OF PARAMETERS:
Info: 132 BONDS
Info: 362 ANGLES
Info: 702 DIHEDRAL
Info: 35 IMPROPER
Info: 6 CROSSTERM
Info: 53 VDW
Info: 0 VDW_PAIRS
Info: 0 NBTHOLE_PAIRS
Info: TIME FOR READING PSF FILE: 0.296792
Info: READING EXTRA BONDS FILE 1ake-extrabonds.txt
Info: READING EXTRA BONDS FILE 1ake-extrabonds-cispeptide.txt
Info: READING EXTRA BONDS FILE 1ake-extrabonds-chirality.txt
Info: READ 80 EXTRA BONDS
Info: READ 80 EXTRA ANGLES
Warning: EXTRA ANGLES ARE COSINE-BASED BY DEFAULT TO MATCH PREVIOUS VERSIONS
Warning: FOR NORMAL HARMONIC EXTRA ANGLES SET extraBondsCosAngles off
Info: READ 493 EXTRA DIHEDRALS
Info: READ 438 EXTRA IMPROPERS
Info: Reading pdb file 1ake-docked-noh_autopsf.pdb
Info: TIME FOR READING PDB FILE: 0.0123552
Info: 
Info: ****************************
Info: STRUCTURE SUMMARY:
Info: 3341 ATOMS
Info: 3445 BONDS
Info: 6203 ANGLES
Info: 9414 DIHEDRALS
Info: 1005 IMPROPERS
Info: 212 CROSSTERMS
Info: 0 EXCLUSIONS
Info: 0 RIGID BONDS
Info: 1 GRIDS ACTIVE
Info: 10023 DEGREES OF FREEDOM
Info: 1656 HYDROGEN GROUPS
Info: 4 ATOMS IN LARGEST HYDROGEN GROUP
Info: 1656 MIGRATION GROUPS
Info: 4 ATOMS IN LARGEST MIGRATION GROUP
Info: TOTAL MASS = 23582 amu
Info: TOTAL CHARGE = -4 e
Info: *****************************
Info: Reading from binary file 0_18_adk-step1.restart.coor
Info: 
Info: Entering startup at 2.04223 s, 798.375 MB of memory in use
Info: Startup phase 0 took 0.00026344 s, 798.5 MB of memory in use
Info: ADDED 18308 IMPLICIT EXCLUSIONS
Info: Startup phase 1 took 0.0101426 s, 798.625 MB of memory in use
Info: NONBONDED TABLE R-SQUARED SPACING: 0.0625
Info: NONBONDED TABLE SIZE: 705 POINTS
Info: ABSOLUTE IMPRECISION IN FAST TABLE ENERGY: 3.38813e-21 AT 9.89634
Info: RELATIVE IMPRECISION IN FAST TABLE ENERGY: 4.23384e-15 AT 9.94673
Info: ABSOLUTE IMPRECISION IN FAST TABLE FORCE: 6.35275e-22 AT 9.94673
Info: RELATIVE IMPRECISION IN FAST TABLE FORCE: 5.07982e-16 AT 9.94673
Info: INCONSISTENCY IN FAST TABLE ENERGY VS FORCE: 0.000290185 AT 0.251946
Info: ABSOLUTE IMPRECISION IN VDWA TABLE ENERGY: 1.57772e-30 AT 9.89634
Info: RELATIVE IMPRECISION IN VDWA TABLE ENERGY: 4.54938e-15 AT 9.94673
Info: ABSOLUTE IMPRECISION IN VDWA TABLE FORCE: 5.91646e-31 AT 9.94673
Info: RELATIVE IMPRECISION IN VDWA TABLE FORCE: 5.6823e-16 AT 9.94673
Info: INCONSISTENCY IN VDWA TABLE ENERGY VS FORCE: 0.0040507 AT 0.251946
Info: ABSOLUTE IMPRECISION IN VDWB TABLE ENERGY: 4.71751e-25 AT 9.94673
Info: RELATIVE IMPRECISION IN VDWB TABLE ENERGY: 1.45371e-14 AT 9.94673
Info: ABSOLUTE IMPRECISION IN VDWB TABLE FORCE: 6.20385e-25 AT 9.94673
Info: RELATIVE IMPRECISION IN VDWB TABLE FORCE: 5.97512e-16 AT 9.94673
Info: INCONSISTENCY IN VDWB TABLE ENERGY VS FORCE: 0.00377068 AT 9.07951
Info: Startup phase 2 took 0.000784411 s, 799.938 MB of memory in use
Info: Startup phase 3 took 0.000219416 s, 800.312 MB of memory in use
Info: Startup phase 4 took 0.000368141 s, 800.438 MB of memory in use
Info: Startup phase 5 took 0.000216016 s, 800.438 MB of memory in use
Info: ORIGINAL ATOMS MINMAX IS -22.0985 -33.4697 -34.7921  16.8024 13.6962 16.8122
Info: ADJUSTED ATOMS MINMAX IS -17.4138 -27.0923 -30.1266  11.7281 7.0075 7.8169
Info: PATCH GRID IS 5 BY 3 BY 3
Info: PATCH GRID IS 2-AWAY BY 1-AWAY BY 1-AWAY
Info: Reading from binary file 0_18_adk-step1.restart.vel
Info: REMOVING COM VELOCITY -0.00509987 -0.00373646 0.057831
Info: LARGEST PATCH (37) HAS 142 ATOMS
Info: TORUS A SIZE 1 USING 0
Info: TORUS B SIZE 1 USING 0
Info: TORUS C SIZE 1 USING 0
Info: TORUS MINIMAL MESH SIZE IS 1 BY 1 BY 1
Info: Placed 100% of base nodes on same physical node as patch
Info: Startup phase 6 took 0.00789818 s, 800.562 MB of memory in use
Info: Startup phase 7 took 0.000202179 s, 801.5 MB of memory in use
Info: Updated CUDA force table with 4096 elements.
Info: Updated CUDA force table with 4096 elements.
Info: Updated CUDA LJ table with 53 x 53 elements.
Info: Updated CUDA LJ table with 53 x 53 elements.
Info: Updated CUDA force table with 4096 elements.
Info: Updated CUDA LJ table with 53 x 53 elements.
Info: Updated CUDA force table with 4096 elements.
Info: Updated CUDA LJ table with 53 x 53 elements.
Info: Updated CUDA force table with 4096 elements.
Info: Updated CUDA LJ table with 53 x 53 elements.
Info: Updated CUDA force table with 4096 elements.
Info: Updated CUDA LJ table with 53 x 53 elements.
Info: Startup phase 8 took 0.00432078 s, 801.625 MB of memory in use
Info: Startup phase 9 took 0.000409858 s, 801.688 MB of memory in use
Info: Startup phase 10 took 0.000213794 s, 801.75 MB of memory in use
Info: Startup phase 11 took 0.000919305 s, 801.875 MB of memory in use
LDB: Central LB being created...
Info: Startup phase 12 took 0.00249417 s, 802.625 MB of memory in use
Info: CREATING 1139 COMPUTE OBJECTS
Info: Found 278 unique exclusion lists needing 900 bytes
Info: Found 278 unique exclusion lists needing 900 bytes
Info: Found 278 unique exclusion lists needing 900 bytes
Info: Found 278 unique exclusion lists needing 900 bytes
Info: Found 278 unique exclusion lists needing 900 bytes
Info: Found 278 unique exclusion lists needing 900 bytes
Info: Startup phase 13 took 0.0189074 s, 803.562 MB of memory in use
Info: Building spanning tree ... send: 1 recv: 0 with branch factor 4
Info: useSync: 0 useProxySync: 0
Info: Startup phase 14 took 0.000246438 s, 803.75 MB of memory in use
Info: Startup phase 15 took 0.000270792 s, 803.875 MB of memory in use
Info: Finished startup at 2.0901 s, 804 MB of memory in use

TCL: Running for 5000 steps
PRESSURE: 0 0 0 0 0 0 0 0 0 0
GPRESSURE: 0 0 0 0 0 0 0 0 0 0
ETITLE:      TS           BOND          ANGLE          DIHED          IMPRP               ELECT            VDW       BOUNDARY           MISC        KINETIC               TOTAL           TEMP      POTENTIAL         TOTAL3        TEMPAVG

ENERGY:       0      1114.5001      1702.8188      2070.4742       143.7892            -38.3136      -827.3127         0.0000      5261.9224      2989.3058          12417.1842       300.1670      9427.8784     12440.9808       300.1670

LDB: ============= START OF LOAD BALANCING ============== 2.10516
Info: useSync: 0 useProxySync: 0
LDB: ============== END OF LOAD BALANCING =============== 2.10521
LDB: =============== DONE WITH MIGRATION ================ 2.10532
LDB: ============= START OF LOAD BALANCING ============== 2.15694
LDB: Partitioning computes with target load 0.000000
LDB: Increased migratable compute count from 0 to 0
LDB: Largest unpartitionable compute is 0.000000
LDB: ============== END OF LOAD BALANCING =============== 2.15735
Info: build node-aware spanning tree with send: 1, recv: 0 with branch factor 4
Info: useSync: 0 useProxySync: 0
LDB: =============== DONE WITH MIGRATION ================ 2.1583
PRESSURE: 100 0 0 0 0 0 0 0 0 0
GPRESSURE: 100 0 0 0 0 0 0 0 0 0
PRESSAVG: 100 0 0 0 0 0 0 0 0 0
GPRESSAVG: 100 0 0 0 0 0 0 0 0 0
Info: Initial time: 42 CPUs 0.000645316 s/step 0.00746894 days/ns 827.125 MB memory
ENERGY:     100      1123.7733      1684.7872      2046.2185       164.4030            -38.9209      -805.8151         0.0000      5265.1143      2974.9366          12414.4969       298.7242      9439.5603     12436.8349       297.8196

LDB: ============= START OF LOAD BALANCING ============== 2.17106
LDB: ============== END OF LOAD BALANCING =============== 2.17109
Info: useSync: 0 useProxySync: 0
LDB: =============== DONE WITH MIGRATION ================ 2.17119
LDB: ============= START OF LOAD BALANCING ============== 2.22291
LDB: TIME 2.22319 LOAD: AVG 0.0129877 MAX 0.0281168  PROXIES: TOTAL 176 MAXPE 7 MAXPATCH 7 None MEM: 828.438 MB
LDB: TIME 2.2234 LOAD: AVG 0.0129877 MAX 0.0281168  PROXIES: TOTAL 176 MAXPE 7 MAXPATCH 7 TorusLB MEM: 828.5 MB
LDB: Reverting to original mapping
LDB: ============== END OF LOAD BALANCING =============== 2.22368
Info: build node-aware spanning tree with send: 1, recv: 0 with branch factor 4
Info: useSync: 0 useProxySync: 0
LDB: =============== DONE WITH MIGRATION ================ 2.2245
PRESSURE: 200 0 0 0 0 0 0 0 0 0
GPRESSURE: 200 0 0 0 0 0 0 0 0 0
PRESSAVG: 200 0 0 0 0 0 0 0 0 0
GPRESSAVG: 200 0 0 0 0 0 0 0 0 0
Info: Initial time: 42 CPUs 0.000643125 s/step 0.00744358 days/ns 828.5 MB memory
ENERGY:     200      1128.4411      1691.7371      2088.0439       151.9610            -39.9408      -814.3587         0.0000      5261.1809      2993.2911          12460.3556       300.5672      9467.0646     12486.4095       299.3269

LDB: ============= START OF LOAD BALANCING ============== 2.28818
LDB: TIME 2.28844 LOAD: AVG 0.0161923 MAX 0.0346823  PROXIES: TOTAL 176 MAXPE 7 MAXPATCH 7 None MEM: 829.438 MB
LDB: TIME 2.28861 LOAD: AVG 0.0161923 MAX 0.0346823  PROXIES: TOTAL 176 MAXPE 7 MAXPATCH 7 RefineTorusLB MEM: 829.438 MB
LDB: TIME 2.28877 LOAD: AVG 0.0161923 MAX 0.0346823  PROXIES: TOTAL 176 MAXPE 7 MAXPATCH 7 RefineTorusLB MEM: 829.438 MB
LDB: ============== END OF LOAD BALANCING =============== 2.28903
Info: build node-aware spanning tree with send: 1, recv: 0 with branch factor 4
Info: useSync: 0 useProxySync: 0
LDB: =============== DONE WITH MIGRATION ================ 2.28986
PRESSURE: 300 0 0 0 0 0 0 0 0 0
GPRESSURE: 300 0 0 0 0 0 0 0 0 0
PRESSAVG: 300 0 0 0 0 0 0 0 0 0
GPRESSAVG: 300 0 0 0 0 0 0 0 0 0
Info: Initial time: 42 CPUs 0.000634739 s/step 0.00734652 days/ns 829.438 MB memory
ENERGY:     300      1130.3594      1687.1537      2040.4913       152.0713            -39.3733      -824.7107         0.0000      5262.0498      2997.5545          12405.5961       300.9953      9408.0415     12429.6171       300.3128

LDB: ============= START OF LOAD BALANCING ============== 2.35314
LDB: TIME 2.35334 LOAD: AVG 0.0157957 MAX 0.0345301  PROXIES: TOTAL 176 MAXPE 7 MAXPATCH 7 None MEM: 830.312 MB
LDB: TIME 2.35347 LOAD: AVG 0.0157957 MAX 0.0345301  PROXIES: TOTAL 176 MAXPE 7 MAXPATCH 7 RefineTorusLB MEM: 830.312 MB
LDB: TIME 2.35361 LOAD: AVG 0.0157957 MAX 0.0345301  PROXIES: TOTAL 176 MAXPE 7 MAXPATCH 7 RefineTorusLB MEM: 830.312 MB
LDB: Reverting to original mapping
LDB: ============== END OF LOAD BALANCING =============== 2.35385
Info: build node-aware spanning tree with send: 1, recv: 0 with branch factor 4
Info: useSync: 0 useProxySync: 0
LDB: =============== DONE WITH MIGRATION ================ 2.35457
PRESSURE: 400 0 0 0 0 0 0 0 0 0
GPRESSURE: 400 0 0 0 0 0 0 0 0 0
PRESSAVG: 400 0 0 0 0 0 0 0 0 0
GPRESSAVG: 400 0 0 0 0 0 0 0 0 0
Info: Benchmark time: 42 CPUs 0.000632488 s/step 0.00732047 days/ns 830.312 MB memory
ENERGY:     400      1126.7170      1752.2942      2040.3698       159.7666            -39.1478      -818.6093         0.0000      5256.9636      2955.1003          12433.4543       296.7323      9478.3540     12455.4333       299.0472

PRESSURE: 500 0 0 0 0 0 0 0 0 0
GPRESSURE: 500 0 0 0 0 0 0 0 0 0
PRESSAVG: 500 0 0 0 0 0 0 0 0 0
GPRESSAVG: 500 0 0 0 0 0 0 0 0 0
Info: Benchmark time: 42 CPUs 0.000631766 s/step 0.00731211 days/ns 831.062 MB memory
ENERGY:     500      1124.4538      1708.7830      2065.0687       161.4794            -39.2484      -833.2889         0.0000      5258.7063      2970.5954          12416.5493       298.2883      9445.9539     12441.8086       299.4671

PRESSURE: 600 0 0 0 0 0 0 0 0 0
GPRESSURE: 600 0 0 0 0 0 0 0 0 0
PRESSAVG: 600 0 0 0 0 0 0 0 0 0
GPRESSAVG: 600 0 0 0 0 0 0 0 0 0
Info: Benchmark time: 42 CPUs 0.000641464 s/step 0.00742435 days/ns 831.062 MB memory
ENERGY:     600      1129.4923      1697.2649      2086.6940       158.0924            -38.9363      -812.2736         0.0000      5255.6051      3030.9905          12506.9294       304.3527      9475.9389     12535.3855       302.1233

PRESSURE: 700 0 0 0 0 0 0 0 0 0
GPRESSURE: 700 0 0 0 0 0 0 0 0 0
PRESSAVG: 700 0 0 0 0 0 0 0 0 0
GPRESSAVG: 700 0 0 0 0 0 0 0 0 0
Info: Benchmark time: 42 CPUs 0.000639633 s/step 0.00740317 days/ns 831.062 MB memory
ENERGY:     700      1122.0125      1693.1911      2086.6091       146.3337            -39.9578      -794.7967         0.0000      5255.6879      2984.8712          12453.9509       299.7217      9469.0797     12475.7646       304.4151

PRESSURE: 800 0 0 0 0 0 0 0 0 0
GPRESSURE: 800 0 0 0 0 0 0 0 0 0
PRESSAVG: 800 0 0 0 0 0 0 0 0 0
GPRESSAVG: 800 0 0 0 0 0 0 0 0 0
Info: Benchmark time: 42 CPUs 0.000628137 s/step 0.00727011 days/ns 831.062 MB memory
ENERGY:     800      1060.8427      1743.6271      2056.9337       160.6203            -40.1105      -852.7014         0.0000      5261.3382      3017.4933          12408.0435       302.9974      9390.5502     12433.0704       301.0153

PRESSURE: 900 0 0 0 0 0 0 0 0 0
GPRESSURE: 900 0 0 0 0 0 0 0 0 0
PRESSAVG: 900 0 0 0 0 0 0 0 0 0
GPRESSAVG: 900 0 0 0 0 0 0 0 0 0
Info: Benchmark time: 42 CPUs 0.000635837 s/step 0.00735922 days/ns 831.062 MB memory
ENERGY:     900      1099.2712      1689.4946      2062.2911       152.0681            -40.2919      -806.2119         0.0000      5264.0878      2956.5719          12377.2809       296.8801      9420.7090     12401.8190       297.3359

PRESSURE: 1000 0 0 0 0 0 0 0 0 0
GPRESSURE: 1000 0 0 0 0 0 0 0 0 0
PRESSAVG: 1000 0 0 0 0 0 0 0 0 0
GPRESSAVG: 1000 0 0 0 0 0 0 0 0 0
TIMING: 1000  CPU: 0.666243, 0.000644306/step  Wall: 0.667727, 0.000644793/step, 0.000716437 hours remaining, 831.062500 MB of memory in use.
ETITLE:      TS           BOND          ANGLE          DIHED          IMPRP               ELECT            VDW       BOUNDARY           MISC        KINETIC               TOTAL           TEMP      POTENTIAL         TOTAL3        TEMPAVG

ENERGY:    1000      1118.3155      1674.0172      2048.3466       136.3192            -40.4169      -776.4419         0.0000      5272.3297      2961.1909          12393.6604       297.3439      9432.4695     12413.8530       296.8633

WRITING EXTENDED SYSTEM TO RESTART FILE AT STEP 1000
OPENING COORDINATE DCD FILE
WRITING COORDINATES TO DCD FILE adk-step1.dcd AT STEP 1000
WRITING COORDINATES TO RESTART FILE AT STEP 1000
FINISHED WRITING RESTART COORDINATES
The last position output (seq=1000) takes 0.005 seconds, 831.188 MB of memory in use
WRITING VELOCITIES TO RESTART FILE AT STEP 1000
FINISHED WRITING RESTART VELOCITIES
The last velocity output (seq=1000) takes 0.002 seconds, 831.250 MB of memory in use
PRESSURE: 1100 0 0 0 0 0 0 0 0 0
GPRESSURE: 1100 0 0 0 0 0 0 0 0 0
PRESSAVG: 1100 0 0 0 0 0 0 0 0 0
GPRESSAVG: 1100 0 0 0 0 0 0 0 0 0
ENERGY:    1100      1086.9758      1688.1027      2065.2784       161.0236            -40.1364      -807.7682         0.0000      5281.1571      3026.8392          12461.4722       303.9359      9434.6330     12488.2413       299.5776

PRESSURE: 1200 0 0 0 0 0 0 0 0 0
GPRESSURE: 1200 0 0 0 0 0 0 0 0 0
PRESSAVG: 1200 0 0 0 0 0 0 0 0 0
GPRESSAVG: 1200 0 0 0 0 0 0 0 0 0
ENERGY:    1200      1147.9277      1646.6235      2083.9439       155.2259            -40.3642      -800.6321         0.0000      5282.7151      3003.6636          12479.1034       301.6088      9475.4398     12501.9103       300.5157

PRESSURE: 1300 0 0 0 0 0 0 0 0 0
GPRESSURE: 1300 0 0 0 0 0 0 0 0 0
PRESSAVG: 1300 0 0 0 0 0 0 0 0 0
GPRESSAVG: 1300 0 0 0 0 0 0 0 0 0
ENERGY:    1300      1131.5490      1725.2903      2060.5939       165.3989            -40.6736      -818.3652         0.0000      5276.5546      3057.6966          12558.0445       307.0344      9500.3479     12583.8788       303.0445

PRESSURE: 1400 0 0 0 0 0 0 0 0 0
GPRESSURE: 1400 0 0 0 0 0 0 0 0 0
PRESSAVG: 1400 0 0 0 0 0 0 0 0 0
GPRESSAVG: 1400 0 0 0 0 0 0 0 0 0
ENERGY:    1400      1147.7932      1702.2646      2055.1582       160.5652            -39.8652      -795.8533         0.0000      5266.7883      3094.1556          12591.0065       310.6954      9496.8509     12612.7508       307.0144

PRESSURE: 1500 0 0 0 0 0 0 0 0 0
GPRESSURE: 1500 0 0 0 0 0 0 0 0 0
PRESSAVG: 1500 0 0 0 0 0 0 0 0 0
GPRESSAVG: 1500 0 0 0 0 0 0 0 0 0
ENERGY:    1500      1123.3676      1737.0424      2051.0437       159.0683            -40.4921      -837.4251         0.0000      5267.5531      3079.1082          12539.2661       309.1844      9460.1579     12565.3126       305.9039

PRESSURE: 1600 0 0 0 0 0 0 0 0 0
GPRESSURE: 1600 0 0 0 0 0 0 0 0 0
PRESSAVG: 1600 0 0 0 0 0 0 0 0 0
GPRESSAVG: 1600 0 0 0 0 0 0 0 0 0
ENERGY:    1600      1168.0499      1688.9738      2043.2871       152.5629            -40.2584      -790.4480         0.0000      5270.9936      3042.3468          12535.5077       305.4931      9493.1609     12559.6705       306.4562

PRESSURE: 1700 0 0 0 0 0 0 0 0 0
GPRESSURE: 1700 0 0 0 0 0 0 0 0 0
PRESSAVG: 1700 0 0 0 0 0 0 0 0 0
GPRESSAVG: 1700 0 0 0 0 0 0 0 0 0
ENERGY:    1700      1127.6803      1737.9617      2092.4336       157.0932            -39.5856      -804.0857         0.0000      5273.1111      3013.6908          12558.2994       302.6156      9544.6085     12581.2784       305.7085

PRESSURE: 1800 0 0 0 0 0 0 0 0 0
GPRESSURE: 1800 0 0 0 0 0 0 0 0 0
PRESSAVG: 1800 0 0 0 0 0 0 0 0 0
GPRESSAVG: 1800 0 0 0 0 0 0 0 0 0
ENERGY:    1800      1123.5875      1697.7634      2095.9874       149.2215            -39.9704      -824.8761         0.0000      5280.9339      3050.9601          12533.6074       306.3580      9482.6473     12559.8479       305.6640

PRESSURE: 1900 0 0 0 0 0 0 0 0 0
GPRESSURE: 1900 0 0 0 0 0 0 0 0 0
PRESSAVG: 1900 0 0 0 0 0 0 0 0 0
GPRESSAVG: 1900 0 0 0 0 0 0 0 0 0
ENERGY:    1900      1130.3937      1697.0232      2051.8384       158.2998            -40.3056      -819.4508         0.0000      5283.2234      3015.3564          12476.3785       302.7829      9461.0221     12503.8794       301.3022

PRESSURE: 2000 0 0 0 0 0 0 0 0 0
GPRESSURE: 2000 0 0 0 0 0 0 0 0 0
PRESSAVG: 2000 0 0 0 0 0 0 0 0 0
GPRESSAVG: 2000 0 0 0 0 0 0 0 0 0
TIMING: 2000  CPU: 1.1416, 0.000475355/step  Wall: 1.14965, 0.000481928/step, 0.000401606 hours remaining, 831.250000 MB of memory in use.
ETITLE:      TS           BOND          ANGLE          DIHED          IMPRP               ELECT            VDW       BOUNDARY           MISC        KINETIC               TOTAL           TEMP      POTENTIAL         TOTAL3        TEMPAVG

ENERGY:    2000      1151.0440      1694.7970      2070.4186       166.0463            -40.2432      -833.8372         0.0000      5276.0278      3007.1539          12491.4071       301.9592      9484.2532     12514.4179       301.7555

WRITING EXTENDED SYSTEM TO RESTART FILE AT STEP 2000
WRITING COORDINATES TO DCD FILE adk-step1.dcd AT STEP 2000
WRITING COORDINATES TO RESTART FILE AT STEP 2000
FINISHED WRITING RESTART COORDINATES
The last position output (seq=2000) takes 0.002 seconds, 831.250 MB of memory in use
WRITING VELOCITIES TO RESTART FILE AT STEP 2000
FINISHED WRITING RESTART VELOCITIES
The last velocity output (seq=2000) takes 0.002 seconds, 831.250 MB of memory in use
PRESSURE: 2100 0 0 0 0 0 0 0 0 0
GPRESSURE: 2100 0 0 0 0 0 0 0 0 0
PRESSAVG: 2100 0 0 0 0 0 0 0 0 0
GPRESSAVG: 2100 0 0 0 0 0 0 0 0 0
ENERGY:    2100      1099.3477      1739.4486      2051.4675       162.5804            -39.2327      -808.3835         0.0000      5274.0196      3068.3297          12547.5774       308.1021      9479.2477     12576.9616       303.4342

PRESSURE: 2200 0 0 0 0 0 0 0 0 0
GPRESSURE: 2200 0 0 0 0 0 0 0 0 0
PRESSAVG: 2200 0 0 0 0 0 0 0 0 0
GPRESSAVG: 2200 0 0 0 0 0 0 0 0 0
ENERGY:    2200      1145.2976      1782.8613      2048.9218       155.5756            -39.6314      -834.4058         0.0000      5269.6556      3045.3091          12573.5838       305.7905      9528.2747     12598.2383       305.5319

PRESSURE: 2300 0 0 0 0 0 0 0 0 0
GPRESSURE: 2300 0 0 0 0 0 0 0 0 0
PRESSAVG: 2300 0 0 0 0 0 0 0 0 0
GPRESSAVG: 2300 0 0 0 0 0 0 0 0 0
ENERGY:    2300      1127.0156      1748.8524      2082.5674       165.6751            -40.1037      -803.1468         0.0000      5266.9744      3014.6511          12562.4855       302.7121      9547.8343     12587.0085       305.5272

PRESSURE: 2400 0 0 0 0 0 0 0 0 0
GPRESSURE: 2400 0 0 0 0 0 0 0 0 0
PRESSAVG: 2400 0 0 0 0 0 0 0 0 0
GPRESSAVG: 2400 0 0 0 0 0 0 0 0 0
ENERGY:    2400      1116.9234      1702.5630      2090.5732       160.2437            -39.5537      -799.9714         0.0000      5273.9490      3055.9082          12560.6354       306.8548      9504.7272     12587.3689       303.3842

PRESSURE: 2500 0 0 0 0 0 0 0 0 0
GPRESSURE: 2500 0 0 0 0 0 0 0 0 0
PRESSAVG: 2500 0 0 0 0 0 0 0 0 0
GPRESSAVG: 2500 0 0 0 0 0 0 0 0 0
ENERGY:    2500      1143.4411      1745.8815      2055.9471       151.9537            -38.6509      -801.1657         0.0000      5263.9004      3062.3473          12583.6546       307.5014      9521.3073     12610.0797       307.1593

PRESSURE: 2600 0 0 0 0 0 0 0 0 0
GPRESSURE: 2600 0 0 0 0 0 0 0 0 0
PRESSAVG: 2600 0 0 0 0 0 0 0 0 0
GPRESSAVG: 2600 0 0 0 0 0 0 0 0 0
ENERGY:    2600      1117.0217      1749.7409      2073.8754       173.1265            -39.5798      -824.3831         0.0000      5259.8064      3042.6143          12552.2224       305.5199      9509.6081     12574.7959       305.5018

PRESSURE: 2700 0 0 0 0 0 0 0 0 0
GPRESSURE: 2700 0 0 0 0 0 0 0 0 0
PRESSAVG: 2700 0 0 0 0 0 0 0 0 0
GPRESSAVG: 2700 0 0 0 0 0 0 0 0 0
ENERGY:    2700      1140.0799      1704.6003      2080.0719       157.8615            -40.3577      -797.8597         0.0000      5270.1746      3057.2698          12571.8405       306.9915      9514.5707     12596.3440       304.1546

PRESSURE: 2800 0 0 0 0 0 0 0 0 0
GPRESSURE: 2800 0 0 0 0 0 0 0 0 0
PRESSAVG: 2800 0 0 0 0 0 0 0 0 0
GPRESSAVG: 2800 0 0 0 0 0 0 0 0 0
ENERGY:    2800      1123.8451      1720.6099      2080.5702       163.8004            -39.9938      -805.2716         0.0000      5276.7988      3033.4211          12553.7801       304.5968      9520.3590     12578.3919       305.4247

PRESSURE: 2900 0 0 0 0 0 0 0 0 0
GPRESSURE: 2900 0 0 0 0 0 0 0 0 0
PRESSAVG: 2900 0 0 0 0 0 0 0 0 0
GPRESSAVG: 2900 0 0 0 0 0 0 0 0 0
ENERGY:    2900      1180.4605      1734.1120      2057.2998       150.8292            -39.3446      -813.6736         0.0000      5271.0288      3020.5843          12561.2964       303.3078      9540.7121     12581.7001       305.5641

PRESSURE: 3000 0 0 0 0 0 0 0 0 0
GPRESSURE: 3000 0 0 0 0 0 0 0 0 0
PRESSAVG: 3000 0 0 0 0 0 0 0 0 0
GPRESSAVG: 3000 0 0 0 0 0 0 0 0 0
TIMING: 3000  CPU: 1.59653, 0.000454932/step  Wall: 1.60866, 0.000459001/step, 0.000255001 hours remaining, 831.250000 MB of memory in use.
ETITLE:      TS           BOND          ANGLE          DIHED          IMPRP               ELECT            VDW       BOUNDARY           MISC        KINETIC               TOTAL           TEMP      POTENTIAL         TOTAL3        TEMPAVG

ENERGY:    3000      1115.6689      1739.4035      2108.7656       152.7613            -40.9183      -812.0091         0.0000      5258.6557      3017.5506          12539.8781       303.0032      9522.3275     12567.5688       303.7227

WRITING EXTENDED SYSTEM TO RESTART FILE AT STEP 3000
WRITING COORDINATES TO DCD FILE adk-step1.dcd AT STEP 3000
WRITING COORDINATES TO RESTART FILE AT STEP 3000
FINISHED WRITING RESTART COORDINATES
The last position output (seq=3000) takes 0.002 seconds, 831.312 MB of memory in use
WRITING VELOCITIES TO RESTART FILE AT STEP 3000
FINISHED WRITING RESTART VELOCITIES
The last velocity output (seq=3000) takes 0.002 seconds, 831.312 MB of memory in use
PRESSURE: 3100 0 0 0 0 0 0 0 0 0
GPRESSURE: 3100 0 0 0 0 0 0 0 0 0
PRESSAVG: 3100 0 0 0 0 0 0 0 0 0
GPRESSAVG: 3100 0 0 0 0 0 0 0 0 0
ENERGY:    3100      1180.9484      1664.2799      2077.1819       150.0527            -40.8494      -824.0879         0.0000      5248.3576      3077.6841          12533.5674       309.0414      9455.8833     12557.0511       304.2913

PRESSURE: 3200 0 0 0 0 0 0 0 0 0
GPRESSURE: 3200 0 0 0 0 0 0 0 0 0
PRESSAVG: 3200 0 0 0 0 0 0 0 0 0
GPRESSAVG: 3200 0 0 0 0 0 0 0 0 0
ENERGY:    3200      1134.0599      1733.7986      2077.7465       153.6343            -39.7848      -798.5886         0.0000      5252.9416      2995.4721          12509.2796       300.7862      9513.8074     12534.2300       303.9113

PRESSURE: 3300 0 0 0 0 0 0 0 0 0
GPRESSURE: 3300 0 0 0 0 0 0 0 0 0
PRESSAVG: 3300 0 0 0 0 0 0 0 0 0
GPRESSAVG: 3300 0 0 0 0 0 0 0 0 0
ENERGY:    3300      1119.0994      1748.1442      2061.0115       154.1254            -39.6390      -819.8428         0.0000      5264.3025      3059.7338          12546.9350       307.2390      9487.2012     12572.6201       304.8041

PRESSURE: 3400 0 0 0 0 0 0 0 0 0
GPRESSURE: 3400 0 0 0 0 0 0 0 0 0
PRESSAVG: 3400 0 0 0 0 0 0 0 0 0
GPRESSAVG: 3400 0 0 0 0 0 0 0 0 0
ENERGY:    3400      1163.1272      1726.4213      2097.9971       144.3702            -40.0258      -815.0010         0.0000      5252.2821      3009.7558          12538.9268       302.2205      9529.1711     12562.5509       305.4287

PRESSURE: 3500 0 0 0 0 0 0 0 0 0
GPRESSURE: 3500 0 0 0 0 0 0 0 0 0
PRESSAVG: 3500 0 0 0 0 0 0 0 0 0
GPRESSAVG: 3500 0 0 0 0 0 0 0 0 0
ENERGY:    3500      1166.7413      1771.4493      2079.4812       149.1680            -40.0740      -808.0111         0.0000      5254.3331      2929.0333          12502.1211       294.1149      9573.0877     12525.0469       302.8774

PRESSURE: 3600 0 0 0 0 0 0 0 0 0
GPRESSURE: 3600 0 0 0 0 0 0 0 0 0
PRESSAVG: 3600 0 0 0 0 0 0 0 0 0
GPRESSAVG: 3600 0 0 0 0 0 0 0 0 0
ENERGY:    3600      1155.5766      1739.6668      2029.2793       154.3608            -40.2150      -797.0145         0.0000      5261.8778      3022.0800          12525.6118       303.4580      9503.5318     12550.4525       303.0681

PRESSURE: 3700 0 0 0 0 0 0 0 0 0
GPRESSURE: 3700 0 0 0 0 0 0 0 0 0
PRESSAVG: 3700 0 0 0 0 0 0 0 0 0
GPRESSAVG: 3700 0 0 0 0 0 0 0 0 0
ENERGY:    3700      1138.8135      1750.6899      2086.2856       145.6830            -39.7048      -809.9675         0.0000      5261.8616      2976.9650          12510.6262       298.9279      9533.6612     12539.8637       303.5062

PRESSURE: 3800 0 0 0 0 0 0 0 0 0
GPRESSURE: 3800 0 0 0 0 0 0 0 0 0
PRESSAVG: 3800 0 0 0 0 0 0 0 0 0
GPRESSAVG: 3800 0 0 0 0 0 0 0 0 0
ENERGY:    3800      1124.3581      1741.1216      2082.5807       151.1079            -39.5284      -838.2446         0.0000      5267.0739      2990.7010          12479.1701       300.3071      9488.4691     12502.1774       302.7196

PRESSURE: 3900 0 0 0 0 0 0 0 0 0
GPRESSURE: 3900 0 0 0 0 0 0 0 0 0
PRESSAVG: 3900 0 0 0 0 0 0 0 0 0
GPRESSAVG: 3900 0 0 0 0 0 0 0 0 0
ENERGY:    3900      1128.5390      1694.3720      2083.0674       155.1290            -39.8374      -808.5222         0.0000      5274.0535      3029.5886          12516.3899       304.2120      9486.8013     12540.6049       302.9684

PRESSURE: 4000 0 0 0 0 0 0 0 0 0
GPRESSURE: 4000 0 0 0 0 0 0 0 0 0
PRESSAVG: 4000 0 0 0 0 0 0 0 0 0
GPRESSAVG: 4000 0 0 0 0 0 0 0 0 0
TIMING: 4000  CPU: 2.04879, 0.000452257/step  Wall: 2.06631, 0.000457653/step, 0.000127126 hours remaining, 831.312500 MB of memory in use.
ETITLE:      TS           BOND          ANGLE          DIHED          IMPRP               ELECT            VDW       BOUNDARY           MISC        KINETIC               TOTAL           TEMP      POTENTIAL         TOTAL3        TEMPAVG

ENERGY:    4000      1072.4710      1727.6299      2107.9837       150.1628            -38.6416      -802.2995         0.0000      5276.5196      3012.5770          12506.4030       302.5038      9493.8260     12531.0552       303.9928

WRITING EXTENDED SYSTEM TO RESTART FILE AT STEP 4000
WRITING VELOCITIES TO RESTART FILE AT STEP 4000
FINISHED WRITING RESTART VELOCITIES
The last velocity output (seq=4000) takes 0.002 seconds, 831.312 MB of memory in use
WRITING COORDINATES TO DCD FILE adk-step1.dcd AT STEP 4000
WRITING COORDINATES TO RESTART FILE AT STEP 4000
FINISHED WRITING RESTART COORDINATES
The last position output (seq=4000) takes 0.004 seconds, 831.312 MB of memory in use
PRESSURE: 4100 0 0 0 0 0 0 0 0 0
GPRESSURE: 4100 0 0 0 0 0 0 0 0 0
PRESSAVG: 4100 0 0 0 0 0 0 0 0 0
GPRESSAVG: 4100 0 0 0 0 0 0 0 0 0
ENERGY:    4100      1114.3758      1770.2636      2038.8813       159.5804            -39.3482      -786.6233         0.0000      5269.3014      3035.6023          12562.0333       304.8158      9526.4310     12584.2145       303.7868

PRESSURE: 4200 0 0 0 0 0 0 0 0 0
GPRESSURE: 4200 0 0 0 0 0 0 0 0 0
PRESSAVG: 4200 0 0 0 0 0 0 0 0 0
GPRESSAVG: 4200 0 0 0 0 0 0 0 0 0
ENERGY:    4200      1114.0715      1718.1939      2049.9573       155.6865            -39.2236      -813.9419         0.0000      5273.4569      3006.9201          12465.1209       301.9358      9458.2007     12491.0525       302.1532

LDB: ============= START OF LOAD BALANCING ============== 4.27838
LDB: ============== END OF LOAD BALANCING =============== 4.27844
Info: useSync: 0 useProxySync: 0
LDB: =============== DONE WITH MIGRATION ================ 4.27854
PRESSURE: 4300 0 0 0 0 0 0 0 0 0
GPRESSURE: 4300 0 0 0 0 0 0 0 0 0
PRESSAVG: 4300 0 0 0 0 0 0 0 0 0
GPRESSAVG: 4300 0 0 0 0 0 0 0 0 0
ENERGY:    4300      1119.2282      1771.3708      2084.2330       149.0313            -39.0160      -816.5518         0.0000      5275.2708      2933.5359          12477.1023       294.5670      9543.5664     12499.1451       301.3364

LDB: ============= START OF LOAD BALANCING ============== 4.32348
LDB: TIME 4.32373 LOAD: AVG 0.0140767 MAX 0.0268327  PROXIES: TOTAL 176 MAXPE 7 MAXPATCH 7 None MEM: 831.312 MB
LDB: TIME 4.32388 LOAD: AVG 0.0140767 MAX 0.0268327  PROXIES: TOTAL 176 MAXPE 7 MAXPATCH 7 RefineTorusLB MEM: 831.438 MB
LDB: TIME 4.32402 LOAD: AVG 0.0140767 MAX 0.0268327  PROXIES: TOTAL 176 MAXPE 7 MAXPATCH 7 RefineTorusLB MEM: 831.438 MB
LDB: ============== END OF LOAD BALANCING =============== 4.32425
Info: build node-aware spanning tree with send: 1, recv: 0 with branch factor 4
Info: useSync: 0 useProxySync: 0
LDB: =============== DONE WITH MIGRATION ================ 4.32492
PRESSURE: 4400 0 0 0 0 0 0 0 0 0
GPRESSURE: 4400 0 0 0 0 0 0 0 0 0
PRESSAVG: 4400 0 0 0 0 0 0 0 0 0
GPRESSAVG: 4400 0 0 0 0 0 0 0 0 0
ENERGY:    4400      1104.0121      1715.5262      2074.5729       154.9477            -39.9507      -815.9685         0.0000      5276.0275      2971.5468          12440.7141       298.3838      9469.1673     12463.4684       298.7451

PRESSURE: 4500 0 0 0 0 0 0 0 0 0
GPRESSURE: 4500 0 0 0 0 0 0 0 0 0
PRESSAVG: 4500 0 0 0 0 0 0 0 0 0
GPRESSAVG: 4500 0 0 0 0 0 0 0 0 0
ENERGY:    4500      1098.1503      1769.8089      2102.3246       156.1954            -39.9171      -833.4019         0.0000      5269.1396      2909.1181          12431.4179       292.1151      9522.2998     12453.7691       299.2309

PRESSURE: 4600 0 0 0 0 0 0 0 0 0
GPRESSURE: 4600 0 0 0 0 0 0 0 0 0
PRESSAVG: 4600 0 0 0 0 0 0 0 0 0
GPRESSAVG: 4600 0 0 0 0 0 0 0 0 0
ENERGY:    4600      1103.3583      1725.3100      2069.1386       147.2212            -39.4186      -802.2463         0.0000      5261.1197      2929.8069          12394.2898       294.1925      9464.4830     12414.8978       298.7271

PRESSURE: 4700 0 0 0 0 0 0 0 0 0
GPRESSURE: 4700 0 0 0 0 0 0 0 0 0
PRESSAVG: 4700 0 0 0 0 0 0 0 0 0
GPRESSAVG: 4700 0 0 0 0 0 0 0 0 0
ENERGY:    4700      1044.3612      1676.4448      2096.2185       149.9767            -40.2065      -778.8544         0.0000      5264.1611      2945.7130          12357.8142       295.7897      9412.1012     12379.3437       295.9412

PRESSURE: 4800 0 0 0 0 0 0 0 0 0
GPRESSURE: 4800 0 0 0 0 0 0 0 0 0
PRESSAVG: 4800 0 0 0 0 0 0 0 0 0
GPRESSAVG: 4800 0 0 0 0 0 0 0 0 0
ENERGY:    4800      1103.0955      1698.3079      2080.9061       150.6928            -40.5990      -845.9846         0.0000      5276.1334      2909.5928          12332.1449       292.1628      9422.5521     12355.8948       295.6746

PRESSURE: 4900 0 0 0 0 0 0 0 0 0
GPRESSURE: 4900 0 0 0 0 0 0 0 0 0
PRESSAVG: 4900 0 0 0 0 0 0 0 0 0
GPRESSAVG: 4900 0 0 0 0 0 0 0 0 0
ENERGY:    4900      1088.3550      1685.5014      2067.0212       152.8999            -39.4082      -821.6903         0.0000      5269.0199      2971.9626          12373.6616       298.4255      9401.6989     12401.6152       295.2541

PRESSURE: 5000 0 0 0 0 0 0 0 0 0
GPRESSURE: 5000 0 0 0 0 0 0 0 0 0
PRESSAVG: 5000 0 0 0 0 0 0 0 0 0
GPRESSAVG: 5000 0 0 0 0 0 0 0 0 0
TIMING: 5000  CPU: 2.5044, 0.000455613/step  Wall: 2.52775, 0.000461446/step, 0 hours remaining, 831.437500 MB of memory in use.
ETITLE:      TS           BOND          ANGLE          DIHED          IMPRP               ELECT            VDW       BOUNDARY           MISC        KINETIC               TOTAL           TEMP      POTENTIAL         TOTAL3        TEMPAVG

ENERGY:    5000      1068.9621      1695.1056      2085.9274       154.2519            -39.3590      -794.7869         0.0000      5267.7224      2958.6893          12396.5127       297.0927      9437.8234     12421.0632       296.0246

WRITING EXTENDED SYSTEM TO RESTART FILE AT STEP 5000
WRITING COORDINATES TO DCD FILE adk-step1.dcd AT STEP 5000
WRITING COORDINATES TO RESTART FILE AT STEP 5000
FINISHED WRITING RESTART COORDINATES
The last position output (seq=5000) takes 0.002 seconds, 832.062 MB of memory in use
WRITING VELOCITIES TO RESTART FILE AT STEP 5000
FINISHED WRITING RESTART VELOCITIES
The last velocity output (seq=5000) takes 0.002 seconds, 832.062 MB of memory in use
WRITING EXTENDED SYSTEM TO OUTPUT FILE AT STEP 5000
WRITING COORDINATES TO OUTPUT FILE AT STEP 5000
CLOSING COORDINATE DCD FILE adk-step1.dcd
The last position output (seq=-2) takes 0.003 seconds, 832.062 MB of memory in use
WRITING VELOCITIES TO OUTPUT FILE AT STEP 5000
====================================================

WallClock: 4.607423  CPUTime: 3.403021  Memory: 832.062500 MB
End of program
