0_16_cc.dat
/gpfs/alpine/bip115/scratch/hrlee/radical.pilot.sandbox/re.session.login2.hrlee.018634.0000/pilot.0000/staging_area/0_16_cc.dat
0, 16
Choosing optimized barrier algorithm name I0:HybridBinomial:SHMEM:P2P
Converse/Charm++ Commit ID: v6.10.2-0-g7bf00fa-namd-charm-6.10.2-build-2020-Aug-05-556
Warning> Randomization of virtual memory (ASLR) is turned on in the kernel, thread migration may not work! Run 'echo 0 > /proc/sys/kernel/randomize_va_space' as root to disable it, or try running with '+isomalloc_sync'.
CharmLB> Load balancer assumes all CPUs are same.
Charm++> Running on 1 hosts (1 sockets x 7 cores x 4 PUs = 28-way SMP)
Charm++> cpu topology info is gathered in 0.002 seconds.
Info: Built with CUDA version 10010
Did not find +devices i,j,k,... argument, using all
Pe 1 physical rank 1 will use CUDA device of pe 4
Pe 17 physical rank 17 will use CUDA device of pe 14
Pe 41 physical rank 41 will use CUDA device of pe 35
Pe 26 physical rank 26 will use CUDA device of pe 21
Pe 30 physical rank 30 will use CUDA device of pe 28
Pe 8 physical rank 8 will use CUDA device of pe 7
Pe 20 physical rank 20 will use CUDA device of pe 14
Pe 39 physical rank 39 will use CUDA device of pe 35
Pe 23 physical rank 23 will use CUDA device of pe 21
Pe 33 physical rank 33 will use CUDA device of pe 28
Pe 11 physical rank 11 will use CUDA device of pe 7
Pe 5 physical rank 5 will use CUDA device of pe 4
Pe 19 physical rank 19 will use CUDA device of pe 14
Pe 40 physical rank 40 will use CUDA device of pe 35
Pe 25 physical rank 25 will use CUDA device of pe 21
Pe 31 physical rank 31 will use CUDA device of pe 28
Pe 10 physical rank 10 will use CUDA device of pe 7
Pe 2 physical rank 2 will use CUDA device of pe 4
Pe 18 physical rank 18 will use CUDA device of pe 14
Pe 37 physical rank 37 will use CUDA device of pe 35
Pe 24 physical rank 24 will use CUDA device of pe 21
Pe 32 physical rank 32 will use CUDA device of pe 28
Pe 9 physical rank 9 will use CUDA device of pe 7
Pe 3 physical rank 3 will use CUDA device of pe 4
Pe 16 physical rank 16 will use CUDA device of pe 14
Pe 38 physical rank 38 will use CUDA device of pe 35
Pe 27 physical rank 27 will use CUDA device of pe 21
Pe 29 physical rank 29 will use CUDA device of pe 28
Pe 12 physical rank 12 will use CUDA device of pe 7
Pe 6 physical rank 6 will use CUDA device of pe 4
Pe 15 physical rank 15 will use CUDA device of pe 14
Pe 36 physical rank 36 will use CUDA device of pe 35
Pe 22 physical rank 22 will use CUDA device of pe 21
Pe 34 physical rank 34 will use CUDA device of pe 28
Pe 13 physical rank 13 will use CUDA device of pe 7
Pe 0 physical rank 0 will use CUDA device of pe 4
Pe 7 physical rank 7 binding to CUDA device 0 on h14n10: 'Tesla V100-SXM2-16GB'  Mem: 16128MB  Rev: 7.0  PCI: 4:5:0
Pe 4 physical rank 4 binding to CUDA device 0 on h14n10: 'Tesla V100-SXM2-16GB'  Mem: 16128MB  Rev: 7.0  PCI: 4:4:0
Pe 14 physical rank 14 binding to CUDA device 0 on h14n10: 'Tesla V100-SXM2-16GB'  Mem: 16128MB  Rev: 7.0  PCI: 4:6:0
Pe 35 physical rank 35 binding to CUDA device 0 on h14n10: 'Tesla V100-SXM2-16GB'  Mem: 16128MB  Rev: 7.0  PCI: 35:5:0
Pe 21 physical rank 21 binding to CUDA device 0 on h14n10: 'Tesla V100-SXM2-16GB'  Mem: 16128MB  Rev: 7.0  PCI: 35:3:0
Pe 28 physical rank 28 binding to CUDA device 0 on h14n10: 'Tesla V100-SXM2-16GB'  Mem: 16128MB  Rev: 7.0  PCI: 35:4:0
Info: NAMD 2.14 for Linux-POWER-pami-smp-Summit-CUDA
Info: 
Info: Please visit http://www.ks.uiuc.edu/Research/namd/
Info: for updates, documentation, and support information.
Info: 
Info: Please cite Phillips et al., J. Chem. Phys. 153:044130 (2020) doi:10.1063/5.0014475
Info: in all publications reporting results obtained with NAMD.
Info: 
Info: Based on Charm++/Converse 61002 for pami-linux-ppc64le-smp
Info: Built Wed Aug 5 14:28:51 EDT 2020 by jimp on login2
Info: 1 NAMD  2.14  Linux-POWER-pami-smp-Summit-CUDA  42    h14n10  hrlee
Info: Running on 42 processors, 6 nodes, 1 physical nodes.
Info: CPU topology information available.
Info: Charm++/Converse parallel runtime startup completed at 1.40668 s
CkLoopLib is used in SMP with simple dynamic scheduling (converse-level notification)
Info: 791.688 MB of memory in use based on /proc/self/stat
Info: Configuration file is adk-step1.namd
Info: Working in the current directory /gpfs/alpine/bip115/scratch/hrlee/radical.pilot.sandbox/re.session.login2.hrlee.018634.0000/pilot.0000/unit.001092
TCL: Suspending until startup complete.
Info: SIMULATION PARAMETERS:
Info: TIMESTEP               1
Info: NUMBER OF STEPS        0
Info: STEPS PER CYCLE        20
Info: LOAD BALANCER  Centralized
Info: LOAD BALANCING STRATEGY  New Load Balancers -- DEFAULT
Info: LDB PERIOD             4000 steps
Info: FIRST LDB TIMESTEP     100
Info: LAST LDB TIMESTEP     -1
Info: LDB BACKGROUND SCALING 1
Info: HOM BACKGROUND SCALING 1
Info: MIN ATOMS PER PATCH    40
Info: VELOCITY FILE          0_16_adk-step1.restart.vel
Info: CENTER OF MASS MOVING INITIALLY? NO
Info: DIELECTRIC             80
Info: EXCLUDE                SCALED ONE-FOUR
Info: 1-4 ELECTROSTATICS SCALED BY 1
Info: MODIFIED 1-4 VDW PARAMETERS WILL BE USED
Info: DCD FILENAME           adk-step1.dcd
Info: DCD FREQUENCY          1000
Info: DCD FIRST STEP         1000
Info: NO EXTENDED SYSTEM TRAJECTORY OUTPUT
Info: NO VELOCITY DCD OUTPUT
Info: NO FORCE DCD OUTPUT
Info: OUTPUT FILENAME        adk-step1
Info: BINARY OUTPUT FILES WILL BE USED
Info: RESTART FILENAME       adk-step1.restart
Info: RESTART FREQUENCY      1000
Info: BINARY RESTART FILES WILL BE USED
Info: SWITCHING ACTIVE
Info: SWITCHING ON           9
Info: SWITCHING OFF          10
Info: PAIRLIST DISTANCE      11
Info: PAIRLIST SHRINK RATE   0.01
Info: PAIRLIST GROW RATE     0.01
Info: PAIRLIST TRIGGER       0.3
Info: PAIRLISTS PER CYCLE    2
Info: PAIRLISTS ENABLED
Info: MARGIN                 0
Info: HYDROGEN GROUP CUTOFF  2.5
Info: PATCH DIMENSION        13.5
Info: ENERGY OUTPUT STEPS    100
Info: CROSSTERM ENERGY INCLUDED IN DIHEDRAL
Info: TIMING OUTPUT STEPS    1000
Info: PRESSURE OUTPUT STEPS  100
Info: GRID FORCE ACTIVE
Info:  Please include this reference in published work using
Info:  the Gridforce module of NAMD: David Wells, Volha Abramkina,
Info:  and Aleksei Aksimentiev, J. Chem. Phys. 127:125101-10 (2007).
Info: MGRIDFORCE key 0
Info:            Potfile 4ake-target_autopsf-grid.dx
Info:            Scale 0.3 0.3 0.3
Info:            File 1ake-docked-noh_autopsf-grid.pdb
Info:            Col O
Info:            ChargeCol B
Info:            VOffset 0 0 0
Info:            Continuous K1 FALSE
Info:            Continuous K2 FALSE
Info:            Continuous K3 FALSE
Info:            Volts FALSE
Info:            Gridforce-Lite FALSE
Info:            Gridforce-CheckSize TRUE
Info: LANGEVIN DYNAMICS ACTIVE
Info: LANGEVIN TEMPERATURE   300
Info: LANGEVIN USING BBK INTEGRATOR
Info: LANGEVIN DAMPING COEFFICIENT IS 5 INVERSE PS
Info: LANGEVIN DYNAMICS NOT APPLIED TO HYDROGENS
Info: USING VERLET I (r-RESPA) MTS SCHEME.
Info: C1 SPLITTING OF LONG RANGE ELECTROSTATICS
Info: PLACING ATOMS IN PATCHES BY HYDROGEN GROUPS
Info: RIGID BONDS TO HYDROGEN : WATER
Info:         ERROR TOLERANCE : 1e-08
Info:          MAX ITERATIONS : 100
Info: RIGID WATER USING SETTLE ALGORITHM
Info: NONBONDED FORCES EVALUATED EVERY 2 STEPS
Info: RANDOM NUMBER SEED     1609984775
Info: USE HYDROGEN BONDS?    NO
Info: COORDINATE PDB         1ake-docked-noh_autopsf.pdb
Info: STRUCTURE FILE         1ake-docked-noh_autopsf.psf
Info: PARAMETER file: CHARMM format! 
Info: PARAMETERS             par_all36_prot.prm
Info: USING ARITHMETIC MEAN TO COMBINE L-J SIGMA PARAMETERS
Info: BINARY COORDINATES     0_16_adk-step1.restart.coor
Info: SUMMARY OF PARAMETERS:
Info: 132 BONDS
Info: 362 ANGLES
Info: 702 DIHEDRAL
Info: 35 IMPROPER
Info: 6 CROSSTERM
Info: 53 VDW
Info: 0 VDW_PAIRS
Info: 0 NBTHOLE_PAIRS
Info: TIME FOR READING PSF FILE: 0.359474
Info: READING EXTRA BONDS FILE 1ake-extrabonds.txt
Info: READING EXTRA BONDS FILE 1ake-extrabonds-cispeptide.txt
Info: READING EXTRA BONDS FILE 1ake-extrabonds-chirality.txt
Info: READ 80 EXTRA BONDS
Info: READ 80 EXTRA ANGLES
Warning: EXTRA ANGLES ARE COSINE-BASED BY DEFAULT TO MATCH PREVIOUS VERSIONS
Warning: FOR NORMAL HARMONIC EXTRA ANGLES SET extraBondsCosAngles off
Info: READ 493 EXTRA DIHEDRALS
Info: READ 438 EXTRA IMPROPERS
Info: Reading pdb file 1ake-docked-noh_autopsf.pdb
Info: TIME FOR READING PDB FILE: 0.0923797
Info: 
Info: ****************************
Info: STRUCTURE SUMMARY:
Info: 3341 ATOMS
Info: 3445 BONDS
Info: 6203 ANGLES
Info: 9414 DIHEDRALS
Info: 1005 IMPROPERS
Info: 212 CROSSTERMS
Info: 0 EXCLUSIONS
Info: 0 RIGID BONDS
Info: 1 GRIDS ACTIVE
Info: 10023 DEGREES OF FREEDOM
Info: 1656 HYDROGEN GROUPS
Info: 4 ATOMS IN LARGEST HYDROGEN GROUP
Info: 1656 MIGRATION GROUPS
Info: 4 ATOMS IN LARGEST MIGRATION GROUP
Info: TOTAL MASS = 23582 amu
Info: TOTAL CHARGE = -4 e
Info: *****************************
Info: Reading from binary file 0_16_adk-step1.restart.coor
Info: 
Info: Entering startup at 2.44612 s, 799.625 MB of memory in use
Info: Startup phase 0 took 0.0002009 s, 799.75 MB of memory in use
Info: ADDED 18308 IMPLICIT EXCLUSIONS
Info: Startup phase 1 took 0.00852949 s, 799.875 MB of memory in use
Info: NONBONDED TABLE R-SQUARED SPACING: 0.0625
Info: NONBONDED TABLE SIZE: 705 POINTS
Info: ABSOLUTE IMPRECISION IN FAST TABLE ENERGY: 3.38813e-21 AT 9.89634
Info: RELATIVE IMPRECISION IN FAST TABLE ENERGY: 4.23384e-15 AT 9.94673
Info: ABSOLUTE IMPRECISION IN FAST TABLE FORCE: 6.35275e-22 AT 9.94673
Info: RELATIVE IMPRECISION IN FAST TABLE FORCE: 5.07982e-16 AT 9.94673
Info: INCONSISTENCY IN FAST TABLE ENERGY VS FORCE: 0.000290185 AT 0.251946
Info: ABSOLUTE IMPRECISION IN VDWA TABLE ENERGY: 1.57772e-30 AT 9.89634
Info: RELATIVE IMPRECISION IN VDWA TABLE ENERGY: 4.54938e-15 AT 9.94673
Info: ABSOLUTE IMPRECISION IN VDWA TABLE FORCE: 5.91646e-31 AT 9.94673
Info: RELATIVE IMPRECISION IN VDWA TABLE FORCE: 5.6823e-16 AT 9.94673
Info: INCONSISTENCY IN VDWA TABLE ENERGY VS FORCE: 0.0040507 AT 0.251946
Info: ABSOLUTE IMPRECISION IN VDWB TABLE ENERGY: 4.71751e-25 AT 9.94673
Info: RELATIVE IMPRECISION IN VDWB TABLE ENERGY: 1.45371e-14 AT 9.94673
Info: ABSOLUTE IMPRECISION IN VDWB TABLE FORCE: 6.20385e-25 AT 9.94673
Info: RELATIVE IMPRECISION IN VDWB TABLE FORCE: 5.97512e-16 AT 9.94673
Info: INCONSISTENCY IN VDWB TABLE ENERGY VS FORCE: 0.00377068 AT 9.07951
Info: Startup phase 2 took 0.000597876 s, 800.875 MB of memory in use
Info: Startup phase 3 took 0.000179432 s, 800.938 MB of memory in use
Info: Startup phase 4 took 0.000305041 s, 801.062 MB of memory in use
Info: Startup phase 5 took 0.000177282 s, 801.062 MB of memory in use
Info: ORIGINAL ATOMS MINMAX IS -20.6085 -33.1815 -37.67  17.9141 24.5918 16.2939
Info: ADJUSTED ATOMS MINMAX IS -15.6908 -27.9402 -32.9966  11.4536 15.862 9.12806
Info: PATCH GRID IS 3 BY 4 BY 4
Info: PATCH GRID IS 1-AWAY BY 1-AWAY BY 1-AWAY
Info: Reading from binary file 0_16_adk-step1.restart.vel
Info: REMOVING COM VELOCITY -0.0536289 0.129958 -0.280282
Info: LARGEST PATCH (16) HAS 238 ATOMS
Info: TORUS A SIZE 1 USING 0
Info: TORUS B SIZE 1 USING 0
Info: TORUS C SIZE 1 USING 0
Info: TORUS MINIMAL MESH SIZE IS 1 BY 1 BY 1
Info: Placed 100% of base nodes on same physical node as patch
Info: Startup phase 6 took 0.008315 s, 801.125 MB of memory in use
Info: Startup phase 7 took 0.000173878 s, 801.938 MB of memory in use
Info: Updated CUDA force table with 4096 elements.
Info: Updated CUDA LJ table with 53 x 53 elements.
Info: Updated CUDA force table with 4096 elements.
Info: Updated CUDA force table with 4096 elements.
Info: Updated CUDA LJ table with 53 x 53 elements.
Info: Updated CUDA LJ table with 53 x 53 elements.
Info: Updated CUDA force table with 4096 elements.
Info: Updated CUDA LJ table with 53 x 53 elements.
Info: Updated CUDA force table with 4096 elements.
Info: Updated CUDA force table with 4096 elements.
Info: Updated CUDA LJ table with 53 x 53 elements.
Info: Updated CUDA LJ table with 53 x 53 elements.
Info: Startup phase 8 took 0.00339866 s, 802.188 MB of memory in use
Info: Startup phase 9 took 0.000352856 s, 802.375 MB of memory in use
Info: Startup phase 10 took 0.000178012 s, 802.5 MB of memory in use
Info: Startup phase 11 took 0.000944686 s, 802.75 MB of memory in use
LDB: Central LB being created...
Info: Startup phase 12 took 0.00208417 s, 803.688 MB of memory in use
Info: CREATING 1046 COMPUTE OBJECTS
Info: Found 278 unique exclusion lists needing 900 bytes
Info: Found 278 unique exclusion lists needing 900 bytes
Info: Found 278 unique exclusion lists needing 900 bytes
Info: Found 278 unique exclusion lists needing 900 bytes
Info: Found 278 unique exclusion lists needing 900 bytes
Info: Found 278 unique exclusion lists needing 900 bytes
Info: Startup phase 13 took 0.0159532 s, 804.625 MB of memory in use
Info: Building spanning tree ... send: 1 recv: 0 with branch factor 4
Info: useSync: 0 useProxySync: 0
Info: Startup phase 14 took 0.000225465 s, 804.812 MB of memory in use
Info: Startup phase 15 took 0.000219 s, 804.812 MB of memory in use
Info: Finished startup at 2.48796 s, 804.938 MB of memory in use

TCL: Running for 5000 steps
PRESSURE: 0 0 0 0 0 0 0 0 0 0
GPRESSURE: 0 0 0 0 0 0 0 0 0 0
ETITLE:      TS           BOND          ANGLE          DIHED          IMPRP               ELECT            VDW       BOUNDARY           MISC        KINETIC               TOTAL           TEMP      POTENTIAL         TOTAL3        TEMPAVG

ENERGY:       0      1125.9653      1694.8729      2098.0403       143.3431            -42.6764      -809.7467         0.0000      2375.5994      2969.2696           9554.6676       298.1551      6585.3979      9580.1265       298.1551

LDB: ============= START OF LOAD BALANCING ============== 2.50427
LDB: ============== END OF LOAD BALANCING =============== 2.50433
Info: useSync: 0 useProxySync: 0
LDB: =============== DONE WITH MIGRATION ================ 2.50447
LDB: ============= START OF LOAD BALANCING ============== 2.56039
LDB: Partitioning computes with target load 0.000000
LDB: Increased migratable compute count from 0 to 0
LDB: Largest unpartitionable compute is 0.000000
LDB: ============== END OF LOAD BALANCING =============== 2.5608
Info: build node-aware spanning tree with send: 1, recv: 0 with branch factor 4
Info: useSync: 0 useProxySync: 0
LDB: =============== DONE WITH MIGRATION ================ 2.56168
PRESSURE: 100 0 0 0 0 0 0 0 0 0
GPRESSURE: 100 0 0 0 0 0 0 0 0 0
PRESSAVG: 100 0 0 0 0 0 0 0 0 0
GPRESSAVG: 100 0 0 0 0 0 0 0 0 0
Info: Initial time: 42 CPUs 0.000701379 s/step 0.00811782 days/ns 824.5 MB memory
ENERGY:     100      1101.8684      1707.1262      2079.1321       148.6454            -42.4289      -795.1178         0.0000      2380.6023      3008.3073           9588.1350       302.0750      6579.8277      9612.4751       303.4035

LDB: ============= START OF LOAD BALANCING ============== 2.57568
Info: useSync: 0 useProxySync: 0
LDB: ============== END OF LOAD BALANCING =============== 2.57572
LDB: =============== DONE WITH MIGRATION ================ 2.57583
LDB: ============= START OF LOAD BALANCING ============== 2.63115
LDB: TIME 2.63143 LOAD: AVG 0.0147353 MAX 0.0308445  PROXIES: TOTAL 185 MAXPE 10 MAXPATCH 7 None MEM: 824.812 MB
LDB: TIME 2.63165 LOAD: AVG 0.0147353 MAX 0.0308445  PROXIES: TOTAL 185 MAXPE 10 MAXPATCH 7 TorusLB MEM: 824.875 MB
LDB: ============== END OF LOAD BALANCING =============== 2.63193
Info: build node-aware spanning tree with send: 1, recv: 0 with branch factor 4
Info: useSync: 0 useProxySync: 0
LDB: =============== DONE WITH MIGRATION ================ 2.63272
PRESSURE: 200 0 0 0 0 0 0 0 0 0
GPRESSURE: 200 0 0 0 0 0 0 0 0 0
PRESSAVG: 200 0 0 0 0 0 0 0 0 0
GPRESSAVG: 200 0 0 0 0 0 0 0 0 0
Info: Initial time: 42 CPUs 0.000688826 s/step 0.00797253 days/ns 824.875 MB memory
ENERGY:     200      1137.9994      1694.2952      2067.0340       156.9591            -43.2580      -797.7027         0.0000      2388.6935      3026.2267           9630.2472       303.8744      6604.0205      9658.8380       303.0615

LDB: ============= START OF LOAD BALANCING ============== 2.70149
LDB: TIME 2.70177 LOAD: AVG 0.0184526 MAX 0.0385088  PROXIES: TOTAL 185 MAXPE 10 MAXPATCH 7 None MEM: 825.938 MB
LDB: TIME 2.70198 LOAD: AVG 0.0184526 MAX 0.0385088  PROXIES: TOTAL 185 MAXPE 10 MAXPATCH 7 RefineTorusLB MEM: 825.938 MB
LDB: TIME 2.70213 LOAD: AVG 0.0184526 MAX 0.0385088  PROXIES: TOTAL 185 MAXPE 10 MAXPATCH 7 RefineTorusLB MEM: 825.938 MB
LDB: ============== END OF LOAD BALANCING =============== 2.70242
Info: build node-aware spanning tree with send: 1, recv: 0 with branch factor 4
Info: useSync: 0 useProxySync: 0
LDB: =============== DONE WITH MIGRATION ================ 2.70319
PRESSURE: 300 0 0 0 0 0 0 0 0 0
GPRESSURE: 300 0 0 0 0 0 0 0 0 0
PRESSAVG: 300 0 0 0 0 0 0 0 0 0
GPRESSAVG: 300 0 0 0 0 0 0 0 0 0
Info: Initial time: 42 CPUs 0.000687813 s/step 0.00796079 days/ns 829.812 MB memory
ENERGY:     300      1084.4157      1722.6971      2104.8150       151.1967            -42.7065      -793.4332         0.0000      2397.5297      3009.4226           9633.9371       302.1870      6624.5144      9660.3489       303.1556

LDB: ============= START OF LOAD BALANCING ============== 2.77239
LDB: TIME 2.77268 LOAD: AVG 0.0184174 MAX 0.0386496  PROXIES: TOTAL 185 MAXPE 10 MAXPATCH 7 None MEM: 830.938 MB
LDB: TIME 2.77287 LOAD: AVG 0.0184174 MAX 0.0386496  PROXIES: TOTAL 185 MAXPE 10 MAXPATCH 7 RefineTorusLB MEM: 831 MB
LDB: TIME 2.77303 LOAD: AVG 0.0184174 MAX 0.0386496  PROXIES: TOTAL 185 MAXPE 10 MAXPATCH 7 RefineTorusLB MEM: 831 MB
LDB: Reverting to original mapping
LDB: ============== END OF LOAD BALANCING =============== 2.77331
Info: build node-aware spanning tree with send: 1, recv: 0 with branch factor 4
Info: useSync: 0 useProxySync: 0
LDB: =============== DONE WITH MIGRATION ================ 2.77409
PRESSURE: 400 0 0 0 0 0 0 0 0 0
GPRESSURE: 400 0 0 0 0 0 0 0 0 0
PRESSAVG: 400 0 0 0 0 0 0 0 0 0
GPRESSAVG: 400 0 0 0 0 0 0 0 0 0
Info: Benchmark time: 42 CPUs 0.000690257 s/step 0.00798909 days/ns 831 MB memory
ENERGY:     400      1108.7228      1699.8049      2075.7590       160.6206            -43.3853      -823.3161         0.0000      2401.9358      3039.4772           9619.6189       305.2049      6580.1417      9643.9896       302.4905

PRESSURE: 500 0 0 0 0 0 0 0 0 0
GPRESSURE: 500 0 0 0 0 0 0 0 0 0
PRESSAVG: 500 0 0 0 0 0 0 0 0 0
GPRESSAVG: 500 0 0 0 0 0 0 0 0 0
Info: Benchmark time: 42 CPUs 0.000681894 s/step 0.00789229 days/ns 832 MB memory
ENERGY:     500      1078.8598      1719.2019      2049.0661       143.5889            -43.2001      -800.8978         0.0000      2390.4287      3078.3797           9615.4272       309.1113      6537.0475      9638.9078       302.6522

PRESSURE: 600 0 0 0 0 0 0 0 0 0
GPRESSURE: 600 0 0 0 0 0 0 0 0 0
PRESSAVG: 600 0 0 0 0 0 0 0 0 0
GPRESSAVG: 600 0 0 0 0 0 0 0 0 0
Info: Benchmark time: 42 CPUs 0.000684784 s/step 0.00792574 days/ns 832 MB memory
ENERGY:     600      1086.0150      1734.4107      2108.5391       149.6190            -43.7038      -828.0222         0.0000      2391.2167      3022.8055           9620.8800       303.5309      6598.0745      9646.6248       303.0666

PRESSURE: 700 0 0 0 0 0 0 0 0 0
GPRESSURE: 700 0 0 0 0 0 0 0 0 0
PRESSAVG: 700 0 0 0 0 0 0 0 0 0
GPRESSAVG: 700 0 0 0 0 0 0 0 0 0
Info: Benchmark time: 42 CPUs 0.000686911 s/step 0.00795036 days/ns 832 MB memory
ENERGY:     700      1087.0764      1723.2762      2069.8647       147.5012            -43.4243      -763.9396         0.0000      2383.8539      3002.2179           9606.4266       301.4636      6604.2086      9631.6439       301.8911

PRESSURE: 800 0 0 0 0 0 0 0 0 0
GPRESSURE: 800 0 0 0 0 0 0 0 0 0
PRESSAVG: 800 0 0 0 0 0 0 0 0 0
GPRESSAVG: 800 0 0 0 0 0 0 0 0 0
Info: Benchmark time: 42 CPUs 0.000684309 s/step 0.00792025 days/ns 832 MB memory
ENERGY:     800      1094.2048      1704.3713      2096.1377       160.7137            -43.9169      -813.3910         0.0000      2377.0860      3009.6062           9584.8117       302.2055      6575.2055      9608.2027       302.6774

PRESSURE: 900 0 0 0 0 0 0 0 0 0
GPRESSURE: 900 0 0 0 0 0 0 0 0 0
PRESSAVG: 900 0 0 0 0 0 0 0 0 0
GPRESSAVG: 900 0 0 0 0 0 0 0 0 0
Info: Benchmark time: 42 CPUs 0.000686535 s/step 0.00794601 days/ns 832 MB memory
ENERGY:     900      1090.5323      1677.6911      2091.5627       137.3382            -44.6070      -821.8045         0.0000      2374.2269      3012.0972           9517.0369       302.4556      6504.9397      9544.7980       300.3580

OPENING COORDINATE DCD FILE
WRITING COORDINATES TO DCD FILE adk-step1.dcd AT STEP 1000
WRITING COORDINATES TO RESTART FILE AT STEP 1000
FINISHED WRITING RESTART COORDINATES
The last position output (seq=1000) takes 0.007 seconds, 832.000 MB of memory in use
PRESSURE: 1000 0 0 0 0 0 0 0 0 0
GPRESSURE: 1000 0 0 0 0 0 0 0 0 0
PRESSAVG: 1000 0 0 0 0 0 0 0 0 0
GPRESSAVG: 1000 0 0 0 0 0 0 0 0 0
TIMING: 1000  CPU: 0.717138, 0.000699111/step  Wall: 0.72287, 0.000702944/step, 0.000781049 hours remaining, 832.125000 MB of memory in use.
ETITLE:      TS           BOND          ANGLE          DIHED          IMPRP               ELECT            VDW       BOUNDARY           MISC        KINETIC               TOTAL           TEMP      POTENTIAL         TOTAL3        TEMPAVG

ENERGY:    1000      1066.8394      1718.9618      2074.3733       153.5592            -44.5938      -829.8929         0.0000      2375.4199      2972.3604           9487.0272       298.4655      6514.6668      9510.8065       298.0362

WRITING EXTENDED SYSTEM TO RESTART FILE AT STEP 1000
WRITING VELOCITIES TO RESTART FILE AT STEP 1000
FINISHED WRITING RESTART VELOCITIES
The last velocity output (seq=1000) takes 0.002 seconds, 832.125 MB of memory in use
PRESSURE: 1100 0 0 0 0 0 0 0 0 0
GPRESSURE: 1100 0 0 0 0 0 0 0 0 0
PRESSAVG: 1100 0 0 0 0 0 0 0 0 0
GPRESSAVG: 1100 0 0 0 0 0 0 0 0 0
ENERGY:    1100      1089.0883      1707.8392      2093.0827       163.2751            -44.5179      -795.0070         0.0000      2385.0611      2939.0796           9537.9011       295.1236      6598.8215      9558.7862       296.5626

PRESSURE: 1200 0 0 0 0 0 0 0 0 0
GPRESSURE: 1200 0 0 0 0 0 0 0 0 0
PRESSAVG: 1200 0 0 0 0 0 0 0 0 0
GPRESSAVG: 1200 0 0 0 0 0 0 0 0 0
ENERGY:    1200      1048.6305      1651.7326      2095.6902       168.0573            -44.2325      -796.0745         0.0000      2382.6915      3046.5883           9553.0834       305.9190      6506.4951      9579.6174       300.6304

PRESSURE: 1300 0 0 0 0 0 0 0 0 0
GPRESSURE: 1300 0 0 0 0 0 0 0 0 0
PRESSAVG: 1300 0 0 0 0 0 0 0 0 0
GPRESSAVG: 1300 0 0 0 0 0 0 0 0 0
ENERGY:    1300      1090.4586      1682.8853      2130.8927       152.7625            -44.7682      -826.1490         0.0000      2384.7591      3008.7335           9579.5745       302.1178      6570.8410      9605.6252       300.7206

PRESSURE: 1400 0 0 0 0 0 0 0 0 0
GPRESSURE: 1400 0 0 0 0 0 0 0 0 0
PRESSAVG: 1400 0 0 0 0 0 0 0 0 0
GPRESSAVG: 1400 0 0 0 0 0 0 0 0 0
ENERGY:    1400      1082.3298      1664.8192      2111.4829       156.5859            -44.3168      -790.8409         0.0000      2384.7392      2973.8723           9538.6716       298.6173      6564.7994      9564.0773       300.0433

PRESSURE: 1500 0 0 0 0 0 0 0 0 0
GPRESSURE: 1500 0 0 0 0 0 0 0 0 0
PRESSAVG: 1500 0 0 0 0 0 0 0 0 0
GPRESSAVG: 1500 0 0 0 0 0 0 0 0 0
ENERGY:    1500      1073.8362      1696.8774      2090.1495       160.9239            -43.7133      -810.4012         0.0000      2381.6203      2959.2115           9508.5045       297.1452      6549.2929      9532.6122       299.1659

PRESSURE: 1600 0 0 0 0 0 0 0 0 0
GPRESSURE: 1600 0 0 0 0 0 0 0 0 0
PRESSAVG: 1600 0 0 0 0 0 0 0 0 0
GPRESSAVG: 1600 0 0 0 0 0 0 0 0 0
ENERGY:    1600      1106.3623      1680.1467      2108.9919       156.5937            -43.8871      -810.5470         0.0000      2381.3441      3043.1958           9622.2004       305.5783      6579.0046      9648.5616       300.2185

PRESSURE: 1700 0 0 0 0 0 0 0 0 0
GPRESSURE: 1700 0 0 0 0 0 0 0 0 0
PRESSAVG: 1700 0 0 0 0 0 0 0 0 0
GPRESSAVG: 1700 0 0 0 0 0 0 0 0 0
ENERGY:    1700      1067.6911      1681.8623      2133.3606       150.4790            -43.5084      -769.6769         0.0000      2373.4805      3046.5160           9640.2043       305.9117      6593.6883      9663.7114       304.9640

PRESSURE: 1800 0 0 0 0 0 0 0 0 0
GPRESSURE: 1800 0 0 0 0 0 0 0 0 0
PRESSAVG: 1800 0 0 0 0 0 0 0 0 0
GPRESSAVG: 1800 0 0 0 0 0 0 0 0 0
ENERGY:    1800      1130.5976      1722.0704      2105.1125       151.1682            -42.3341      -807.4110         0.0000      2379.2052      2974.4772           9612.8861       298.6780      6638.4088      9634.4739       304.3887

PRESSURE: 1900 0 0 0 0 0 0 0 0 0
GPRESSURE: 1900 0 0 0 0 0 0 0 0 0
PRESSAVG: 1900 0 0 0 0 0 0 0 0 0
GPRESSAVG: 1900 0 0 0 0 0 0 0 0 0
ENERGY:    1900      1068.8240      1717.5819      2098.6184       163.5739            -42.1870      -808.5164         0.0000      2382.8708      3031.8303           9612.5959       304.4371      6580.7656      9639.8697       302.0444

WRITING COORDINATES TO DCD FILE adk-step1.dcd AT STEP 2000
WRITING COORDINATES TO RESTART FILE AT STEP 2000
FINISHED WRITING RESTART COORDINATES
The last position output (seq=2000) takes 0.003 seconds, 832.125 MB of memory in use
PRESSURE: 2000 0 0 0 0 0 0 0 0 0
GPRESSURE: 2000 0 0 0 0 0 0 0 0 0
PRESSAVG: 2000 0 0 0 0 0 0 0 0 0
GPRESSAVG: 2000 0 0 0 0 0 0 0 0 0
TIMING: 2000  CPU: 1.40126, 0.000684127/step  Wall: 1.41062, 0.000687745/step, 0.000573121 hours remaining, 832.187500 MB of memory in use.
ETITLE:      TS           BOND          ANGLE          DIHED          IMPRP               ELECT            VDW       BOUNDARY           MISC        KINETIC               TOTAL           TEMP      POTENTIAL         TOTAL3        TEMPAVG

ENERGY:    2000      1121.4433      1664.4872      2109.0453       157.0977            -42.6459      -779.8360         0.0000      2383.1492      2971.5518           9584.2926       298.3843      6612.7408      9607.4762       302.2994

WRITING EXTENDED SYSTEM TO RESTART FILE AT STEP 2000
WRITING VELOCITIES TO RESTART FILE AT STEP 2000
FINISHED WRITING RESTART VELOCITIES
The last velocity output (seq=2000) takes 0.002 seconds, 832.188 MB of memory in use
PRESSURE: 2100 0 0 0 0 0 0 0 0 0
GPRESSURE: 2100 0 0 0 0 0 0 0 0 0
PRESSAVG: 2100 0 0 0 0 0 0 0 0 0
GPRESSAVG: 2100 0 0 0 0 0 0 0 0 0
ENERGY:    2100      1154.0032      1678.3462      2084.2550       151.3950            -42.9182      -807.3377         0.0000      2382.0548      2935.4006           9535.1989       294.7542      6599.7983      9558.6922       299.1207

PRESSURE: 2200 0 0 0 0 0 0 0 0 0
GPRESSURE: 2200 0 0 0 0 0 0 0 0 0
PRESSAVG: 2200 0 0 0 0 0 0 0 0 0
GPRESSAVG: 2200 0 0 0 0 0 0 0 0 0
ENERGY:    2200      1122.8919      1695.1376      2106.3779       143.7822            -43.7858      -820.4197         0.0000      2380.1375      2980.1694           9564.2911       299.2496      6584.1217      9591.8413       299.7739

PRESSURE: 2300 0 0 0 0 0 0 0 0 0
GPRESSURE: 2300 0 0 0 0 0 0 0 0 0
PRESSAVG: 2300 0 0 0 0 0 0 0 0 0
GPRESSAVG: 2300 0 0 0 0 0 0 0 0 0
ENERGY:    2300      1078.4113      1644.4614      2086.7748       151.1388            -43.2874      -774.7271         0.0000      2375.0704      3078.3792           9596.2214       309.1112      6517.8422      9619.7291       301.2121

PRESSURE: 2400 0 0 0 0 0 0 0 0 0
GPRESSURE: 2400 0 0 0 0 0 0 0 0 0
PRESSAVG: 2400 0 0 0 0 0 0 0 0 0
GPRESSAVG: 2400 0 0 0 0 0 0 0 0 0
ENERGY:    2400      1063.4033      1678.5225      2082.9976       138.2722            -42.8817      -813.3315         0.0000      2382.5508      3006.7923           9496.3255       301.9229      6489.5332      9525.7995       299.9137

PRESSURE: 2500 0 0 0 0 0 0 0 0 0
GPRESSURE: 2500 0 0 0 0 0 0 0 0 0
PRESSAVG: 2500 0 0 0 0 0 0 0 0 0
GPRESSAVG: 2500 0 0 0 0 0 0 0 0 0
ENERGY:    2500      1058.3932      1682.5521      2084.7578       149.8217            -43.2698      -803.9125         0.0000      2378.2731      3011.9719           9518.5875       302.4430      6506.6156      9543.9748       296.2572

PRESSURE: 2600 0 0 0 0 0 0 0 0 0
GPRESSURE: 2600 0 0 0 0 0 0 0 0 0
PRESSAVG: 2600 0 0 0 0 0 0 0 0 0
GPRESSAVG: 2600 0 0 0 0 0 0 0 0 0
ENERGY:    2600      1099.0666      1697.7308      2076.0124       153.2360            -42.8449      -801.5464         0.0000      2378.5695      2952.7038           9512.9278       296.4917      6560.2241      9535.5561       298.5114

PRESSURE: 2700 0 0 0 0 0 0 0 0 0
GPRESSURE: 2700 0 0 0 0 0 0 0 0 0
PRESSAVG: 2700 0 0 0 0 0 0 0 0 0
GPRESSAVG: 2700 0 0 0 0 0 0 0 0 0
ENERGY:    2700      1049.9634      1659.2437      2122.3072       154.0712            -43.1434      -824.9479         0.0000      2376.8732      3000.4786           9494.8460       301.2889      6494.3674      9521.1954       298.4401

PRESSURE: 2800 0 0 0 0 0 0 0 0 0
GPRESSURE: 2800 0 0 0 0 0 0 0 0 0
PRESSAVG: 2800 0 0 0 0 0 0 0 0 0
GPRESSAVG: 2800 0 0 0 0 0 0 0 0 0
ENERGY:    2800      1090.6848      1665.4918      2137.9294       148.7591            -43.0527      -771.7184         0.0000      2364.7179      2995.0116           9587.8236       300.7400      6592.8120      9610.1113       300.1093

PRESSURE: 2900 0 0 0 0 0 0 0 0 0
GPRESSURE: 2900 0 0 0 0 0 0 0 0 0
PRESSAVG: 2900 0 0 0 0 0 0 0 0 0
GPRESSAVG: 2900 0 0 0 0 0 0 0 0 0
ENERGY:    2900      1074.5959      1679.4497      2111.3442       164.2527            -43.4037      -809.2987         0.0000      2366.7788      3034.0452           9577.7641       304.6595      6543.7189      9604.7645       301.5870

WRITING COORDINATES TO DCD FILE adk-step1.dcd AT STEP 3000
WRITING COORDINATES TO RESTART FILE AT STEP 3000
FINISHED WRITING RESTART COORDINATES
The last position output (seq=3000) takes 0.003 seconds, 832.188 MB of memory in use
PRESSURE: 3000 0 0 0 0 0 0 0 0 0
GPRESSURE: 3000 0 0 0 0 0 0 0 0 0
PRESSAVG: 3000 0 0 0 0 0 0 0 0 0
GPRESSAVG: 3000 0 0 0 0 0 0 0 0 0
TIMING: 3000  CPU: 2.07438, 0.000673119/step  Wall: 2.08835, 0.00067773/step, 0.000376517 hours remaining, 832.250000 MB of memory in use.
ETITLE:      TS           BOND          ANGLE          DIHED          IMPRP               ELECT            VDW       BOUNDARY           MISC        KINETIC               TOTAL           TEMP      POTENTIAL         TOTAL3        TEMPAVG

ENERGY:    3000      1093.9506      1626.1366      2078.5091       143.7600            -42.3032      -814.4560         0.0000      2369.1558      3038.7565           9493.5095       305.1326      6454.7530      9521.1331       301.4013

WRITING EXTENDED SYSTEM TO RESTART FILE AT STEP 3000
WRITING VELOCITIES TO RESTART FILE AT STEP 3000
FINISHED WRITING RESTART VELOCITIES
The last velocity output (seq=3000) takes 0.002 seconds, 832.250 MB of memory in use
PRESSURE: 3100 0 0 0 0 0 0 0 0 0
GPRESSURE: 3100 0 0 0 0 0 0 0 0 0
PRESSAVG: 3100 0 0 0 0 0 0 0 0 0
GPRESSAVG: 3100 0 0 0 0 0 0 0 0 0
ENERGY:    3100      1055.1114      1679.5701      2076.4096       146.7777            -42.1748      -786.0569         0.0000      2372.2601      3008.4751           9510.3723       302.0919      6501.8972      9535.5976       297.6212

PRESSURE: 3200 0 0 0 0 0 0 0 0 0
GPRESSURE: 3200 0 0 0 0 0 0 0 0 0
PRESSAVG: 3200 0 0 0 0 0 0 0 0 0
GPRESSAVG: 3200 0 0 0 0 0 0 0 0 0
ENERGY:    3200      1108.2309      1654.9657      2080.1978       147.2833            -42.8241      -809.3852         0.0000      2368.5224      2975.7212           9482.7120       298.8030      6506.9908      9504.6399       297.7724

PRESSURE: 3300 0 0 0 0 0 0 0 0 0
GPRESSURE: 3300 0 0 0 0 0 0 0 0 0
PRESSAVG: 3300 0 0 0 0 0 0 0 0 0
GPRESSAVG: 3300 0 0 0 0 0 0 0 0 0
ENERGY:    3300      1099.0281      1661.8087      2079.3738       159.3050            -43.4875      -793.8800         0.0000      2365.8385      3027.3317           9555.3182       303.9854      6527.9865      9580.9778       300.6367

PRESSURE: 3400 0 0 0 0 0 0 0 0 0
GPRESSURE: 3400 0 0 0 0 0 0 0 0 0
PRESSAVG: 3400 0 0 0 0 0 0 0 0 0
GPRESSAVG: 3400 0 0 0 0 0 0 0 0 0
ENERGY:    3400      1095.4962      1683.4553      2098.4643       156.1815            -43.3659      -810.2321         0.0000      2370.0954      2991.2826           9541.3774       300.3655      6550.0948      9564.4840       301.5070

PRESSURE: 3500 0 0 0 0 0 0 0 0 0
GPRESSURE: 3500 0 0 0 0 0 0 0 0 0
PRESSAVG: 3500 0 0 0 0 0 0 0 0 0
GPRESSAVG: 3500 0 0 0 0 0 0 0 0 0
ENERGY:    3500      1118.0782      1731.4237      2080.2692       163.4771            -43.7759      -820.8110         0.0000      2374.0402      2910.5533           9513.2548       292.2592      6602.7016      9536.6336       298.7566

PRESSURE: 3600 0 0 0 0 0 0 0 0 0
GPRESSURE: 3600 0 0 0 0 0 0 0 0 0
PRESSAVG: 3600 0 0 0 0 0 0 0 0 0
GPRESSAVG: 3600 0 0 0 0 0 0 0 0 0
ENERGY:    3600      1122.2154      1675.9523      2105.5587       145.1148            -44.3568      -764.1798         0.0000      2374.6700      2987.3690           9602.3438       299.9726      6614.9747      9624.2142       300.4652

PRESSURE: 3700 0 0 0 0 0 0 0 0 0
GPRESSURE: 3700 0 0 0 0 0 0 0 0 0
PRESSAVG: 3700 0 0 0 0 0 0 0 0 0
GPRESSAVG: 3700 0 0 0 0 0 0 0 0 0
ENERGY:    3700      1107.9142      1723.7017      2099.9298       162.5454            -44.6192      -810.5535         0.0000      2385.3951      2991.1768           9615.4903       300.3549      6624.3135      9642.3507       302.4669

PRESSURE: 3800 0 0 0 0 0 0 0 0 0
GPRESSURE: 3800 0 0 0 0 0 0 0 0 0
PRESSAVG: 3800 0 0 0 0 0 0 0 0 0
GPRESSAVG: 3800 0 0 0 0 0 0 0 0 0
ENERGY:    3800      1101.0711      1677.7711      2137.7629       143.6513            -44.1097      -784.2734         0.0000      2385.8437      2977.0087           9594.7257       298.9322      6617.7170      9621.8431       299.8933

PRESSURE: 3900 0 0 0 0 0 0 0 0 0
GPRESSURE: 3900 0 0 0 0 0 0 0 0 0
PRESSAVG: 3900 0 0 0 0 0 0 0 0 0
GPRESSAVG: 3900 0 0 0 0 0 0 0 0 0
ENERGY:    3900      1115.3309      1654.6230      2099.2677       154.9448            -44.7796      -813.9604         0.0000      2382.3135      2996.8696           9544.6095       300.9265      6547.7399      9570.6875       300.6526

WRITING COORDINATES TO DCD FILE adk-step1.dcd AT STEP 4000
WRITING COORDINATES TO RESTART FILE AT STEP 4000
FINISHED WRITING RESTART COORDINATES
The last position output (seq=4000) takes 0.003 seconds, 832.250 MB of memory in use
WRITING VELOCITIES TO RESTART FILE AT STEP 4000
FINISHED WRITING RESTART VELOCITIES
The last velocity output (seq=4000) takes 0.002 seconds, 832.250 MB of memory in use
PRESSURE: 4000 0 0 0 0 0 0 0 0 0
GPRESSURE: 4000 0 0 0 0 0 0 0 0 0
PRESSAVG: 4000 0 0 0 0 0 0 0 0 0
GPRESSAVG: 4000 0 0 0 0 0 0 0 0 0
TIMING: 4000  CPU: 2.75618, 0.000681798/step  Wall: 2.77575, 0.000687409/step, 0.000190947 hours remaining, 832.250000 MB of memory in use.
ETITLE:      TS           BOND          ANGLE          DIHED          IMPRP               ELECT            VDW       BOUNDARY           MISC        KINETIC               TOTAL           TEMP      POTENTIAL         TOTAL3        TEMPAVG

ENERGY:    4000      1122.7252      1683.3318      2084.4091       155.1850            -45.2565      -800.3398         0.0000      2378.1841      2933.1564           9511.3954       294.5289      6578.2389      9535.2393       298.7036

WRITING EXTENDED SYSTEM TO RESTART FILE AT STEP 4000
PRESSURE: 4100 0 0 0 0 0 0 0 0 0
GPRESSURE: 4100 0 0 0 0 0 0 0 0 0
PRESSAVG: 4100 0 0 0 0 0 0 0 0 0
GPRESSAVG: 4100 0 0 0 0 0 0 0 0 0
ENERGY:    4100      1104.1094      1679.4543      2068.1230       144.8285            -44.9362      -793.8115         0.0000      2376.4521      2936.2160           9470.4358       294.8361      6534.2198      9493.8700       296.8914

PRESSURE: 4200 0 0 0 0 0 0 0 0 0
GPRESSURE: 4200 0 0 0 0 0 0 0 0 0
PRESSAVG: 4200 0 0 0 0 0 0 0 0 0
GPRESSAVG: 4200 0 0 0 0 0 0 0 0 0
ENERGY:    4200      1076.8769      1649.2603      2082.8898       147.7602            -43.7722      -784.3333         0.0000      2382.0303      3017.7099           9528.4219       303.0192      6510.7121      9556.7030       299.5110

LDB: ============= START OF LOAD BALANCING ============== 5.4472
LDB: ============== END OF LOAD BALANCING =============== 5.44728
Info: useSync: 0 useProxySync: 0
LDB: =============== DONE WITH MIGRATION ================ 5.4474
PRESSURE: 4300 0 0 0 0 0 0 0 0 0
GPRESSURE: 4300 0 0 0 0 0 0 0 0 0
PRESSAVG: 4300 0 0 0 0 0 0 0 0 0
GPRESSAVG: 4300 0 0 0 0 0 0 0 0 0
ENERGY:    4300      1067.6381      1691.7770      2105.8056       147.1582            -43.2344      -771.0240         0.0000      2382.7766      2961.6722           9542.5694       297.3922      6580.8972      9565.2736       299.0459

LDB: ============= START OF LOAD BALANCING ============== 5.51397
LDB: TIME 5.51429 LOAD: AVG 0.0167255 MAX 0.0369962  PROXIES: TOTAL 185 MAXPE 10 MAXPATCH 7 None MEM: 832.25 MB
LDB: TIME 5.51448 LOAD: AVG 0.0167255 MAX 0.0369962  PROXIES: TOTAL 185 MAXPE 10 MAXPATCH 7 RefineTorusLB MEM: 832.312 MB
LDB: TIME 5.51464 LOAD: AVG 0.0167255 MAX 0.0369962  PROXIES: TOTAL 185 MAXPE 10 MAXPATCH 7 RefineTorusLB MEM: 832.312 MB
LDB: Reverting to original mapping
LDB: ============== END OF LOAD BALANCING =============== 5.51492
Info: build node-aware spanning tree with send: 1, recv: 0 with branch factor 4
Info: useSync: 0 useProxySync: 0
LDB: =============== DONE WITH MIGRATION ================ 5.51568
PRESSURE: 4400 0 0 0 0 0 0 0 0 0
GPRESSURE: 4400 0 0 0 0 0 0 0 0 0
PRESSAVG: 4400 0 0 0 0 0 0 0 0 0
GPRESSAVG: 4400 0 0 0 0 0 0 0 0 0
ENERGY:    4400      1085.7525      1668.7212      2105.3708       156.0146            -44.2054      -840.1529         0.0000      2389.8340      2995.8866           9517.2214       300.8278      6521.3348      9543.7263       298.8280

PRESSURE: 4500 0 0 0 0 0 0 0 0 0
GPRESSURE: 4500 0 0 0 0 0 0 0 0 0
PRESSAVG: 4500 0 0 0 0 0 0 0 0 0
GPRESSAVG: 4500 0 0 0 0 0 0 0 0 0
ENERGY:    4500      1083.2324      1696.7573      2091.4608       141.7883            -43.8744      -802.4621         0.0000      2386.0674      2937.6639           9490.6337       294.9815      6552.9698      9516.4285       297.8909

PRESSURE: 4600 0 0 0 0 0 0 0 0 0
GPRESSURE: 4600 0 0 0 0 0 0 0 0 0
PRESSAVG: 4600 0 0 0 0 0 0 0 0 0
GPRESSAVG: 4600 0 0 0 0 0 0 0 0 0
ENERGY:    4600      1078.6921      1693.1185      2095.6915       157.8056            -44.6302      -813.5705         0.0000      2389.8259      2996.6469           9553.5800       300.9042      6556.9331      9579.9781       298.4291

PRESSURE: 4700 0 0 0 0 0 0 0 0 0
GPRESSURE: 4700 0 0 0 0 0 0 0 0 0
PRESSAVG: 4700 0 0 0 0 0 0 0 0 0
GPRESSAVG: 4700 0 0 0 0 0 0 0 0 0
ENERGY:    4700      1087.0143      1654.8476      2077.9634       171.7172            -43.8382      -815.0997         0.0000      2384.2063      3020.8633           9537.6741       303.3358      6516.8108      9559.0668       298.2624

PRESSURE: 4800 0 0 0 0 0 0 0 0 0
GPRESSURE: 4800 0 0 0 0 0 0 0 0 0
PRESSAVG: 4800 0 0 0 0 0 0 0 0 0
GPRESSAVG: 4800 0 0 0 0 0 0 0 0 0
ENERGY:    4800      1084.0529      1733.0762      2103.8355       157.3088            -42.9311      -793.2280         0.0000      2378.9328      2912.1785           9533.2256       292.4224      6621.0471      9556.3077       299.0019

PRESSURE: 4900 0 0 0 0 0 0 0 0 0
GPRESSURE: 4900 0 0 0 0 0 0 0 0 0
PRESSAVG: 4900 0 0 0 0 0 0 0 0 0
GPRESSAVG: 4900 0 0 0 0 0 0 0 0 0
ENERGY:    4900      1109.9081      1674.2699      2088.9038       154.6828            -43.0664      -781.6424         0.0000      2377.3981      2933.4180           9513.8718       294.5551      6580.4539      9539.1654       298.5725

PRESSURE: 5000 0 0 0 0 0 0 0 0 0
GPRESSURE: 5000 0 0 0 0 0 0 0 0 0
PRESSAVG: 5000 0 0 0 0 0 0 0 0 0
GPRESSAVG: 5000 0 0 0 0 0 0 0 0 0
TIMING: 5000  CPU: 3.4254, 0.000669218/step  Wall: 3.44628, 0.000670531/step, 0 hours remaining, 832.312500 MB of memory in use.
ETITLE:      TS           BOND          ANGLE          DIHED          IMPRP               ELECT            VDW       BOUNDARY           MISC        KINETIC               TOTAL           TEMP      POTENTIAL         TOTAL3        TEMPAVG

ENERGY:    5000      1090.3367      1677.9387      2062.6324       147.4838            -42.7601      -762.7823         0.0000      2376.8818      2990.1899           9539.9209       300.2558      6549.7310      9562.2596       298.1149

WRITING EXTENDED SYSTEM TO RESTART FILE AT STEP 5000
WRITING COORDINATES TO DCD FILE adk-step1.dcd AT STEP 5000
WRITING COORDINATES TO RESTART FILE AT STEP 5000
FINISHED WRITING RESTART COORDINATES
The last position output (seq=5000) takes 0.002 seconds, 833.000 MB of memory in use
WRITING VELOCITIES TO RESTART FILE AT STEP 5000
FINISHED WRITING RESTART VELOCITIES
The last velocity output (seq=5000) takes 0.002 seconds, 833.000 MB of memory in use
WRITING EXTENDED SYSTEM TO OUTPUT FILE AT STEP 5000
WRITING COORDINATES TO OUTPUT FILE AT STEP 5000
CLOSING COORDINATE DCD FILE adk-step1.dcd
The last position output (seq=-2) takes 0.004 seconds, 833.000 MB of memory in use
WRITING VELOCITIES TO OUTPUT FILE AT STEP 5000
====================================================

WallClock: 5.986086  CPUTime: 4.278236  Memory: 833.000000 MB
End of program
