2_8_cc.dat
/gpfs/alpine/bip115/scratch/hrlee/radical.pilot.sandbox/re.session.login1.hrlee.018632.0005/pilot.0000/staging_area/2_8_cc.dat
2, 8
Choosing optimized barrier algorithm name I0:HybridBinomial:SHMEM:P2P
Converse/Charm++ Commit ID: v6.10.2-0-g7bf00fa-namd-charm-6.10.2-build-2020-Aug-05-556
Warning> Randomization of virtual memory (ASLR) is turned on in the kernel, thread migration may not work! Run 'echo 0 > /proc/sys/kernel/randomize_va_space' as root to disable it, or try running with '+isomalloc_sync'.
CharmLB> Load balancer assumes all CPUs are same.
Charm++> Running on 1 hosts (1 sockets x 7 cores x 4 PUs = 28-way SMP)
Charm++> cpu topology info is gathered in 0.004 seconds.
Info: Built with CUDA version 10010
Did not find +devices i,j,k,... argument, using all
Pe 19 physical rank 19 will use CUDA device of pe 14
Pe 5 physical rank 5 will use CUDA device of pe 4
Pe 32 physical rank 32 will use CUDA device of pe 28
Pe 40 physical rank 40 will use CUDA device of pe 35
Pe 24 physical rank 24 will use CUDA device of pe 21
Pe 12 physical rank 12 will use CUDA device of pe 7
Pe 3 physical rank 3 will use CUDA device of pe 4
Pe 33 physical rank 33 will use CUDA device of pe 28
Pe 41 physical rank 41 will use CUDA device of pe 35
Pe 26 physical rank 26 will use CUDA device of pe 21
Pe 9 physical rank 9 will use CUDA device of pe 7
Pe 16 physical rank 16 will use CUDA device of pe 14
Pe 6 physical rank 6 will use CUDA device of pe 4
Pe 29 physical rank 29 will use CUDA device of pe 28
Pe 38 physical rank 38 will use CUDA device of pe 35
Pe 23 physical rank 23 will use CUDA device of pe 21
Pe 13 physical rank 13 will use CUDA device of pe 7
Pe 18 physical rank 18 will use CUDA device of pe 14
Pe 31 physical rank 31 will use CUDA device of pe 28
Pe 37 physical rank 37 will use CUDA device of pe 35
Pe 27 physical rank 27 will use CUDA device of pe 21
Pe 10 physical rank 10 will use CUDA device of pe 7
Pe 17 physical rank 17 will use CUDA device of pe 14
Pe 2 physical rank 2 will use CUDA device of pe 4
Pe 34 physical rank 34 will use CUDA device of pe 28
Pe 39 physical rank 39 will use CUDA device of pe 35
Pe 25 physical rank 25 will use CUDA device of pe 21
Pe 11 physical rank 11 will use CUDA device of pe 7
Pe 20 physical rank 20 will use CUDA device of pe 14
Pe 1 physical rank 1 will use CUDA device of pe 4
Pe 30 physical rank 30 will use CUDA device of pe 28
Pe 36 physical rank 36 will use CUDA device of pe 35
Pe 22 physical rank 22 will use CUDA device of pe 21
Pe 8 physical rank 8 will use CUDA device of pe 7
Pe 15 physical rank 15 will use CUDA device of pe 14
Pe 0 physical rank 0 will use CUDA device of pe 4
Pe 7 physical rank 7 binding to CUDA device 0 on h35n17: 'Tesla V100-SXM2-16GB'  Mem: 16128MB  Rev: 7.0  PCI: 4:5:0
Pe 4 physical rank 4 binding to CUDA device 0 on h35n17: 'Tesla V100-SXM2-16GB'  Mem: 16128MB  Rev: 7.0  PCI: 4:4:0
Pe 28 physical rank 28 binding to CUDA device 0 on h35n17: 'Tesla V100-SXM2-16GB'  Mem: 16128MB  Rev: 7.0  PCI: 35:4:0
Pe 35 physical rank 35 binding to CUDA device 0 on h35n17: 'Tesla V100-SXM2-16GB'  Mem: 16128MB  Rev: 7.0  PCI: 35:5:0
Pe 21 physical rank 21 binding to CUDA device 0 on h35n17: 'Tesla V100-SXM2-16GB'  Mem: 16128MB  Rev: 7.0  PCI: 35:3:0
Pe 14 physical rank 14 binding to CUDA device 0 on h35n17: 'Tesla V100-SXM2-16GB'  Mem: 16128MB  Rev: 7.0  PCI: 4:6:0
Info: NAMD 2.14 for Linux-POWER-pami-smp-Summit-CUDA
Info: 
Info: Please visit http://www.ks.uiuc.edu/Research/namd/
Info: for updates, documentation, and support information.
Info: 
Info: Please cite Phillips et al., J. Chem. Phys. 153:044130 (2020) doi:10.1063/5.0014475
Info: in all publications reporting results obtained with NAMD.
Info: 
Info: Based on Charm++/Converse 61002 for pami-linux-ppc64le-smp
Info: Built Wed Aug 5 14:28:51 EDT 2020 by jimp on login2
Info: 1 NAMD  2.14  Linux-POWER-pami-smp-Summit-CUDA  42    h35n17  hrlee
Info: Running on 42 processors, 6 nodes, 1 physical nodes.
Info: CPU topology information available.
Info: Charm++/Converse parallel runtime startup completed at 1.3349 s
CkLoopLib is used in SMP with simple dynamic scheduling (converse-level notification)
Info: 791.688 MB of memory in use based on /proc/self/stat
Info: Configuration file is adk-step1.namd
Info: Working in the current directory /gpfs/alpine/bip115/scratch/hrlee/radical.pilot.sandbox/re.session.login1.hrlee.018632.0005/pilot.0000/unit.000620
TCL: Suspending until startup complete.
Info: SIMULATION PARAMETERS:
Info: TIMESTEP               1
Info: NUMBER OF STEPS        0
Info: STEPS PER CYCLE        20
Info: LOAD BALANCER  Centralized
Info: LOAD BALANCING STRATEGY  New Load Balancers -- DEFAULT
Info: LDB PERIOD             4000 steps
Info: FIRST LDB TIMESTEP     100
Info: LAST LDB TIMESTEP     -1
Info: LDB BACKGROUND SCALING 1
Info: HOM BACKGROUND SCALING 1
Info: MIN ATOMS PER PATCH    40
Info: VELOCITY FILE          2_8_adk-step1.restart.vel
Info: CENTER OF MASS MOVING INITIALLY? NO
Info: DIELECTRIC             80
Info: EXCLUDE                SCALED ONE-FOUR
Info: 1-4 ELECTROSTATICS SCALED BY 1
Info: MODIFIED 1-4 VDW PARAMETERS WILL BE USED
Info: DCD FILENAME           adk-step1.dcd
Info: DCD FREQUENCY          1000
Info: DCD FIRST STEP         1000
Info: NO EXTENDED SYSTEM TRAJECTORY OUTPUT
Info: NO VELOCITY DCD OUTPUT
Info: NO FORCE DCD OUTPUT
Info: OUTPUT FILENAME        adk-step1
Info: BINARY OUTPUT FILES WILL BE USED
Info: RESTART FILENAME       adk-step1.restart
Info: RESTART FREQUENCY      1000
Info: BINARY RESTART FILES WILL BE USED
Info: SWITCHING ACTIVE
Info: SWITCHING ON           9
Info: SWITCHING OFF          10
Info: PAIRLIST DISTANCE      11
Info: PAIRLIST SHRINK RATE   0.01
Info: PAIRLIST GROW RATE     0.01
Info: PAIRLIST TRIGGER       0.3
Info: PAIRLISTS PER CYCLE    2
Info: PAIRLISTS ENABLED
Info: MARGIN                 0
Info: HYDROGEN GROUP CUTOFF  2.5
Info: PATCH DIMENSION        13.5
Info: ENERGY OUTPUT STEPS    100
Info: CROSSTERM ENERGY INCLUDED IN DIHEDRAL
Info: TIMING OUTPUT STEPS    1000
Info: PRESSURE OUTPUT STEPS  100
Info: GRID FORCE ACTIVE
Info:  Please include this reference in published work using
Info:  the Gridforce module of NAMD: David Wells, Volha Abramkina,
Info:  and Aleksei Aksimentiev, J. Chem. Phys. 127:125101-10 (2007).
Info: MGRIDFORCE key 0
Info:            Potfile 4ake-target_autopsf-grid.dx
Info:            Scale 0.3 0.3 0.3
Info:            File 1ake-docked-noh_autopsf-grid.pdb
Info:            Col O
Info:            ChargeCol B
Info:            VOffset 0 0 0
Info:            Continuous K1 FALSE
Info:            Continuous K2 FALSE
Info:            Continuous K3 FALSE
Info:            Volts FALSE
Info:            Gridforce-Lite FALSE
Info:            Gridforce-CheckSize TRUE
Info: LANGEVIN DYNAMICS ACTIVE
Info: LANGEVIN TEMPERATURE   300
Info: LANGEVIN USING BBK INTEGRATOR
Info: LANGEVIN DAMPING COEFFICIENT IS 5 INVERSE PS
Info: LANGEVIN DYNAMICS NOT APPLIED TO HYDROGENS
Info: USING VERLET I (r-RESPA) MTS SCHEME.
Info: C1 SPLITTING OF LONG RANGE ELECTROSTATICS
Info: PLACING ATOMS IN PATCHES BY HYDROGEN GROUPS
Info: RIGID BONDS TO HYDROGEN : WATER
Info:         ERROR TOLERANCE : 1e-08
Info:          MAX ITERATIONS : 100
Info: RIGID WATER USING SETTLE ALGORITHM
Info: NONBONDED FORCES EVALUATED EVERY 2 STEPS
Info: RANDOM NUMBER SEED     1609828092
Info: USE HYDROGEN BONDS?    NO
Info: COORDINATE PDB         1ake-docked-noh_autopsf.pdb
Info: STRUCTURE FILE         1ake-docked-noh_autopsf.psf
Info: PARAMETER file: CHARMM format! 
Info: PARAMETERS             par_all36_prot.prm
Info: USING ARITHMETIC MEAN TO COMBINE L-J SIGMA PARAMETERS
Info: BINARY COORDINATES     2_8_adk-step1.restart.coor
Info: SUMMARY OF PARAMETERS:
Info: 132 BONDS
Info: 362 ANGLES
Info: 702 DIHEDRAL
Info: 35 IMPROPER
Info: 6 CROSSTERM
Info: 53 VDW
Info: 0 VDW_PAIRS
Info: 0 NBTHOLE_PAIRS
Info: TIME FOR READING PSF FILE: 0.4518
Info: READING EXTRA BONDS FILE 1ake-extrabonds.txt
Info: READING EXTRA BONDS FILE 1ake-extrabonds-cispeptide.txt
Info: READING EXTRA BONDS FILE 1ake-extrabonds-chirality.txt
Info: READ 80 EXTRA BONDS
Info: READ 80 EXTRA ANGLES
Warning: EXTRA ANGLES ARE COSINE-BASED BY DEFAULT TO MATCH PREVIOUS VERSIONS
Warning: FOR NORMAL HARMONIC EXTRA ANGLES SET extraBondsCosAngles off
Info: READ 493 EXTRA DIHEDRALS
Info: READ 438 EXTRA IMPROPERS
Info: Reading pdb file 1ake-docked-noh_autopsf.pdb
Info: TIME FOR READING PDB FILE: 0.0715303
Info: 
Info: ****************************
Info: STRUCTURE SUMMARY:
Info: 3341 ATOMS
Info: 3445 BONDS
Info: 6203 ANGLES
Info: 9414 DIHEDRALS
Info: 1005 IMPROPERS
Info: 212 CROSSTERMS
Info: 0 EXCLUSIONS
Info: 0 RIGID BONDS
Info: 1 GRIDS ACTIVE
Info: 10023 DEGREES OF FREEDOM
Info: 1656 HYDROGEN GROUPS
Info: 4 ATOMS IN LARGEST HYDROGEN GROUP
Info: 1656 MIGRATION GROUPS
Info: 4 ATOMS IN LARGEST MIGRATION GROUP
Info: TOTAL MASS = 23582 amu
Info: TOTAL CHARGE = -4 e
Info: *****************************
Info: Reading from binary file 2_8_adk-step1.restart.coor
Info: 
Info: Entering startup at 2.37214 s, 798.438 MB of memory in use
Info: Startup phase 0 took 0.000228419 s, 798.562 MB of memory in use
Info: ADDED 18308 IMPLICIT EXCLUSIONS
Info: Startup phase 1 took 0.00804788 s, 798.688 MB of memory in use
Info: NONBONDED TABLE R-SQUARED SPACING: 0.0625
Info: NONBONDED TABLE SIZE: 705 POINTS
Info: ABSOLUTE IMPRECISION IN FAST TABLE ENERGY: 3.38813e-21 AT 9.89634
Info: RELATIVE IMPRECISION IN FAST TABLE ENERGY: 4.23384e-15 AT 9.94673
Info: ABSOLUTE IMPRECISION IN FAST TABLE FORCE: 6.35275e-22 AT 9.94673
Info: RELATIVE IMPRECISION IN FAST TABLE FORCE: 5.07982e-16 AT 9.94673
Info: INCONSISTENCY IN FAST TABLE ENERGY VS FORCE: 0.000290185 AT 0.251946
Info: ABSOLUTE IMPRECISION IN VDWA TABLE ENERGY: 1.57772e-30 AT 9.89634
Info: RELATIVE IMPRECISION IN VDWA TABLE ENERGY: 4.54938e-15 AT 9.94673
Info: ABSOLUTE IMPRECISION IN VDWA TABLE FORCE: 5.91646e-31 AT 9.94673
Info: RELATIVE IMPRECISION IN VDWA TABLE FORCE: 5.6823e-16 AT 9.94673
Info: INCONSISTENCY IN VDWA TABLE ENERGY VS FORCE: 0.0040507 AT 0.251946
Info: ABSOLUTE IMPRECISION IN VDWB TABLE ENERGY: 4.71751e-25 AT 9.94673
Info: RELATIVE IMPRECISION IN VDWB TABLE ENERGY: 1.45371e-14 AT 9.94673
Info: ABSOLUTE IMPRECISION IN VDWB TABLE FORCE: 6.20385e-25 AT 9.94673
Info: RELATIVE IMPRECISION IN VDWB TABLE FORCE: 5.97512e-16 AT 9.94673
Info: INCONSISTENCY IN VDWB TABLE ENERGY VS FORCE: 0.00377068 AT 9.07951
Info: Startup phase 2 took 0.000716159 s, 800 MB of memory in use
Info: Startup phase 3 took 0.000199972 s, 800.375 MB of memory in use
Info: Startup phase 4 took 0.000294868 s, 800.5 MB of memory in use
Info: Startup phase 5 took 0.000190125 s, 800.5 MB of memory in use
Info: ORIGINAL ATOMS MINMAX IS -21.6527 -33.2627 -34.5521  17.0284 12.777 18.2715
Info: ADJUSTED ATOMS MINMAX IS -17.4536 -27.13 -30.1162  11.7149 7.13637 7.54386
Info: PATCH GRID IS 5 BY 3 BY 3
Info: PATCH GRID IS 2-AWAY BY 1-AWAY BY 1-AWAY
Info: Reading from binary file 2_8_adk-step1.restart.vel
Info: REMOVING COM VELOCITY 0.168712 -0.0316452 0.100622
Info: LARGEST PATCH (37) HAS 145 ATOMS
Info: TORUS A SIZE 1 USING 0
Info: TORUS B SIZE 1 USING 0
Info: TORUS C SIZE 1 USING 0
Info: TORUS MINIMAL MESH SIZE IS 1 BY 1 BY 1
Info: Placed 100% of base nodes on same physical node as patch
Info: Startup phase 6 took 0.00772986 s, 800.625 MB of memory in use
Info: Startup phase 7 took 0.000192759 s, 801.562 MB of memory in use
Info: Updated CUDA force table with 4096 elements.
Info: Updated CUDA LJ table with 53 x 53 elements.
Info: Updated CUDA force table with 4096 elements.
Info: Updated CUDA LJ table with 53 x 53 elements.
Info: Updated CUDA force table with 4096 elements.
Info: Updated CUDA LJ table with 53 x 53 elements.
Info: Updated CUDA force table with 4096 elements.
Info: Updated CUDA LJ table with 53 x 53 elements.
Info: Updated CUDA force table with 4096 elements.
Info: Updated CUDA LJ table with 53 x 53 elements.
Info: Updated CUDA force table with 4096 elements.
Info: Updated CUDA LJ table with 53 x 53 elements.
Info: Startup phase 8 took 0.00353623 s, 801.688 MB of memory in use
Info: Startup phase 9 took 0.000483202 s, 801.75 MB of memory in use
Info: Startup phase 10 took 0.00022102 s, 801.812 MB of memory in use
Info: Startup phase 11 took 0.000910654 s, 801.938 MB of memory in use
LDB: Central LB being created...
Info: Startup phase 12 took 0.00214304 s, 802.75 MB of memory in use
Info: CREATING 1139 COMPUTE OBJECTS
Info: Found 278 unique exclusion lists needing 900 bytes
Info: Found 278 unique exclusion lists needing 900 bytes
Info: Found 278 unique exclusion lists needing 900 bytes
Info: Found 278 unique exclusion lists needing 900 bytes
Info: Found 278 unique exclusion lists needing 900 bytes
Info: Found 278 unique exclusion lists needing 900 bytes
Info: useSync: 0 useProxySync: 0
Info: Startup phase 13 took 0.016771 s, 803.562 MB of memory in use
Info: Building spanning tree ... send: 1 recv: 0 with branch factor 4
Info: Startup phase 14 took 0.000241722 s, 803.75 MB of memory in use
Info: Startup phase 15 took 0.000195352 s, 803.875 MB of memory in use
Info: Finished startup at 2.41424 s, 803.938 MB of memory in use

TCL: Running for 5000 steps
PRESSURE: 0 0 0 0 0 0 0 0 0 0
GPRESSURE: 0 0 0 0 0 0 0 0 0 0
ETITLE:      TS           BOND          ANGLE          DIHED          IMPRP               ELECT            VDW       BOUNDARY           MISC        KINETIC               TOTAL           TEMP      POTENTIAL         TOTAL3        TEMPAVG

ENERGY:       0      1153.6795      1700.9792      2065.6180       148.8261            -39.4469      -827.7040         0.0000      5282.4385      3025.7013          12510.0917       303.8216      9484.3904     12534.7682       303.8216

LDB: ============= START OF LOAD BALANCING ============== 2.42746
LDB: ============== END OF LOAD BALANCING =============== 2.42752
Info: useSync: 0 useProxySync: 0
LDB: =============== DONE WITH MIGRATION ================ 2.42764
LDB: ============= START OF LOAD BALANCING ============== 2.46899
LDB: Partitioning computes with target load 0.000000
LDB: Increased migratable compute count from 0 to 0
LDB: Largest unpartitionable compute is 0.000000
LDB: ============== END OF LOAD BALANCING =============== 2.4694
Info: build node-aware spanning tree with send: 1, recv: 0 with branch factor 4
Info: useSync: 0 useProxySync: 0
LDB: =============== DONE WITH MIGRATION ================ 2.47029
PRESSURE: 100 0 0 0 0 0 0 0 0 0
GPRESSURE: 100 0 0 0 0 0 0 0 0 0
PRESSAVG: 100 0 0 0 0 0 0 0 0 0
GPRESSAVG: 100 0 0 0 0 0 0 0 0 0
Info: Initial time: 42 CPUs 0.00052375 s/step 0.00606193 days/ns 823.562 MB memory
ENERGY:     100      1075.5185      1709.8625      2070.3167       149.1359            -40.1528      -821.4952         0.0000      5290.1657      2965.4766          12398.8280       297.7743      9433.3514     12426.1520       300.4407

LDB: ============= START OF LOAD BALANCING ============== 2.48199
LDB: ============== END OF LOAD BALANCING =============== 2.48204
Info: useSync: 0 useProxySync: 0
LDB: =============== DONE WITH MIGRATION ================ 2.48215
LDB: ============= START OF LOAD BALANCING ============== 2.52328
LDB: TIME 2.52359 LOAD: AVG 0.0132219 MAX 0.0242552  PROXIES: TOTAL 176 MAXPE 7 MAXPATCH 7 None MEM: 825.5 MB
LDB: TIME 2.52384 LOAD: AVG 0.0132219 MAX 0.0242552  PROXIES: TOTAL 176 MAXPE 7 MAXPATCH 7 TorusLB MEM: 825.625 MB
LDB: Reverting to original mapping
LDB: ============== END OF LOAD BALANCING =============== 2.52412
Info: build node-aware spanning tree with send: 1, recv: 0 with branch factor 4
Info: useSync: 0 useProxySync: 0
LDB: =============== DONE WITH MIGRATION ================ 2.52495
PRESSURE: 200 0 0 0 0 0 0 0 0 0
GPRESSURE: 200 0 0 0 0 0 0 0 0 0
PRESSAVG: 200 0 0 0 0 0 0 0 0 0
GPRESSAVG: 200 0 0 0 0 0 0 0 0 0
Info: Initial time: 42 CPUs 0.000525756 s/step 0.00608514 days/ns 825.625 MB memory
ENERGY:     200      1117.3480      1678.5918      2068.7761       155.9011            -40.7346      -826.7214         0.0000      5290.6303      2994.3488          12438.1401       300.6734      9443.7913     12466.0339       298.1852

LDB: ============= START OF LOAD BALANCING ============== 2.5767
LDB: TIME 2.57701 LOAD: AVG 0.016554 MAX 0.0303018  PROXIES: TOTAL 176 MAXPE 7 MAXPATCH 7 None MEM: 826.562 MB
LDB: TIME 2.57725 LOAD: AVG 0.016554 MAX 0.0303018  PROXIES: TOTAL 176 MAXPE 7 MAXPATCH 7 RefineTorusLB MEM: 826.562 MB
LDB: TIME 2.57741 LOAD: AVG 0.016554 MAX 0.0303018  PROXIES: TOTAL 176 MAXPE 7 MAXPATCH 7 RefineTorusLB MEM: 826.562 MB
LDB: ============== END OF LOAD BALANCING =============== 2.57769
Info: build node-aware spanning tree with send: 1, recv: 0 with branch factor 4
Info: useSync: 0 useProxySync: 0
LDB: =============== DONE WITH MIGRATION ================ 2.57852
PRESSURE: 300 0 0 0 0 0 0 0 0 0
GPRESSURE: 300 0 0 0 0 0 0 0 0 0
PRESSAVG: 300 0 0 0 0 0 0 0 0 0
GPRESSAVG: 300 0 0 0 0 0 0 0 0 0
Info: Initial time: 42 CPUs 0.000514992 s/step 0.00596056 days/ns 826.562 MB memory
ENERGY:     300      1090.0836      1724.3343      2057.5061       156.7476            -41.0976      -822.3040         0.0000      5285.0282      2986.8145          12437.1127       299.9169      9450.2982     12459.9370       299.5450

LDB: ============= START OF LOAD BALANCING ============== 2.62944
LDB: TIME 2.62973 LOAD: AVG 0.016515 MAX 0.0303814  PROXIES: TOTAL 176 MAXPE 7 MAXPATCH 7 None MEM: 827.188 MB
LDB: TIME 2.62998 LOAD: AVG 0.016515 MAX 0.0303814  PROXIES: TOTAL 176 MAXPE 7 MAXPATCH 7 RefineTorusLB MEM: 827.188 MB
LDB: TIME 2.63014 LOAD: AVG 0.016515 MAX 0.0303814  PROXIES: TOTAL 176 MAXPE 7 MAXPATCH 7 RefineTorusLB MEM: 827.188 MB
LDB: ============== END OF LOAD BALANCING =============== 2.63043
Info: build node-aware spanning tree with send: 1, recv: 0 with branch factor 4
Info: useSync: 0 useProxySync: 0
LDB: =============== DONE WITH MIGRATION ================ 2.63125
PRESSURE: 400 0 0 0 0 0 0 0 0 0
GPRESSURE: 400 0 0 0 0 0 0 0 0 0
PRESSAVG: 400 0 0 0 0 0 0 0 0 0
GPRESSAVG: 400 0 0 0 0 0 0 0 0 0
Info: Benchmark time: 42 CPUs 0.000507531 s/step 0.0058742 days/ns 827.188 MB memory
ENERGY:     400      1109.1931      1674.0009      2071.4404       161.2478            -40.8047      -843.3878         0.0000      5285.6293      3024.7157          12442.0348       303.7227      9417.3191     12463.8746       300.1157

PRESSURE: 500 0 0 0 0 0 0 0 0 0
GPRESSURE: 500 0 0 0 0 0 0 0 0 0
PRESSAVG: 500 0 0 0 0 0 0 0 0 0
GPRESSAVG: 500 0 0 0 0 0 0 0 0 0
Info: Benchmark time: 42 CPUs 0.000509667 s/step 0.00589892 days/ns 827.812 MB memory
ENERGY:     500      1065.6439      1754.5431      2068.7076       149.7584            -39.0570      -848.1794         0.0000      5287.2630      3013.3778          12452.0572       302.5842      9438.6795     12480.0575       299.6527

PRESSURE: 600 0 0 0 0 0 0 0 0 0
GPRESSURE: 600 0 0 0 0 0 0 0 0 0
PRESSAVG: 600 0 0 0 0 0 0 0 0 0
GPRESSAVG: 600 0 0 0 0 0 0 0 0 0
Info: Benchmark time: 42 CPUs 0.000505957 s/step 0.00585598 days/ns 827.812 MB memory
ENERGY:     600      1108.1473      1715.7952      2076.9478       158.6630            -39.1278      -804.0087         0.0000      5287.6646      3007.3519          12511.4334       301.9791      9504.0815     12536.9723       301.8911

PRESSURE: 700 0 0 0 0 0 0 0 0 0
GPRESSURE: 700 0 0 0 0 0 0 0 0 0
PRESSAVG: 700 0 0 0 0 0 0 0 0 0
GPRESSAVG: 700 0 0 0 0 0 0 0 0 0
Info: Benchmark time: 42 CPUs 0.000505124 s/step 0.00584634 days/ns 827.812 MB memory
ENERGY:     700      1141.4949      1661.2503      2073.7017       152.4654            -39.2659      -803.6883         0.0000      5285.6659      3025.0399          12496.6640       303.7552      9471.6240     12517.4988       301.4087

PRESSURE: 800 0 0 0 0 0 0 0 0 0
GPRESSURE: 800 0 0 0 0 0 0 0 0 0
PRESSAVG: 800 0 0 0 0 0 0 0 0 0
GPRESSAVG: 800 0 0 0 0 0 0 0 0 0
Info: Benchmark time: 42 CPUs 0.00050919 s/step 0.00589341 days/ns 827.812 MB memory
ENERGY:     800      1067.1296      1724.4112      2069.2111       147.0669            -38.9778      -824.7407         0.0000      5290.6509      3045.5851          12480.3363       305.8182      9434.7513     12501.1560       303.2612

PRESSURE: 900 0 0 0 0 0 0 0 0 0
GPRESSURE: 900 0 0 0 0 0 0 0 0 0
PRESSAVG: 900 0 0 0 0 0 0 0 0 0
GPRESSAVG: 900 0 0 0 0 0 0 0 0 0
Info: Benchmark time: 42 CPUs 0.000509675 s/step 0.00589901 days/ns 827.812 MB memory
ENERGY:     900      1087.7595      1701.5376      2071.7939       153.9429            -39.9952      -781.6374         0.0000      5284.2199      2954.4282          12432.0495       296.6649      9477.6212     12454.1025       300.9357

PRESSURE: 1000 0 0 0 0 0 0 0 0 0
GPRESSURE: 1000 0 0 0 0 0 0 0 0 0
PRESSAVG: 1000 0 0 0 0 0 0 0 0 0
GPRESSAVG: 1000 0 0 0 0 0 0 0 0 0
TIMING: 1000  CPU: 0.533875, 0.000516103/step  Wall: 0.54138, 0.000520919/step, 0.000578799 hours remaining, 827.812500 MB of memory in use.
ETITLE:      TS           BOND          ANGLE          DIHED          IMPRP               ELECT            VDW       BOUNDARY           MISC        KINETIC               TOTAL           TEMP      POTENTIAL         TOTAL3        TEMPAVG

ENERGY:    1000      1111.6761      1698.0877      2080.0222       154.6677            -41.3550      -819.7786         0.0000      5286.8848      2966.8316          12437.0364       297.9103      9470.2048     12457.4975       298.4880

WRITING EXTENDED SYSTEM TO RESTART FILE AT STEP 1000
WRITING VELOCITIES TO RESTART FILE AT STEP 1000
FINISHED WRITING RESTART VELOCITIES
The last velocity output (seq=1000) takes 0.002 seconds, 827.938 MB of memory in use
OPENING COORDINATE DCD FILE
WRITING COORDINATES TO DCD FILE adk-step1.dcd AT STEP 1000
WRITING COORDINATES TO RESTART FILE AT STEP 1000
FINISHED WRITING RESTART COORDINATES
The last position output (seq=1000) takes 0.004 seconds, 827.938 MB of memory in use
PRESSURE: 1100 0 0 0 0 0 0 0 0 0
GPRESSURE: 1100 0 0 0 0 0 0 0 0 0
PRESSAVG: 1100 0 0 0 0 0 0 0 0 0
GPRESSAVG: 1100 0 0 0 0 0 0 0 0 0
ENERGY:    1100      1090.9752      1666.0876      2094.5210       142.4482            -40.6794      -805.2374         0.0000      5281.9215      3003.2157          12433.2525       301.5638      9430.0368     12459.9250       298.0661

PRESSURE: 1200 0 0 0 0 0 0 0 0 0
GPRESSURE: 1200 0 0 0 0 0 0 0 0 0
PRESSAVG: 1200 0 0 0 0 0 0 0 0 0
GPRESSAVG: 1200 0 0 0 0 0 0 0 0 0
ENERGY:    1200      1038.1476      1733.3842      2092.7062       149.3881            -41.3543      -780.5973         0.0000      5275.7745      2955.1748          12422.6239       296.7398      9467.4490     12446.9443       300.5074

PRESSURE: 1300 0 0 0 0 0 0 0 0 0
GPRESSURE: 1300 0 0 0 0 0 0 0 0 0
PRESSAVG: 1300 0 0 0 0 0 0 0 0 0
GPRESSAVG: 1300 0 0 0 0 0 0 0 0 0
ENERGY:    1300      1117.8800      1707.0174      2077.0506       151.9648            -41.2159      -809.4833         0.0000      5282.2308      2988.8638          12474.3082       300.1227      9485.4443     12500.3103       302.0249

PRESSURE: 1400 0 0 0 0 0 0 0 0 0
GPRESSURE: 1400 0 0 0 0 0 0 0 0 0
PRESSAVG: 1400 0 0 0 0 0 0 0 0 0
GPRESSAVG: 1400 0 0 0 0 0 0 0 0 0
ENERGY:    1400      1140.4678      1661.1243      2051.4440       150.1137            -41.4305      -834.1624         0.0000      5288.6476      2985.1613          12401.3657       299.7509      9416.2044     12429.4160       300.7761

PRESSURE: 1500 0 0 0 0 0 0 0 0 0
GPRESSURE: 1500 0 0 0 0 0 0 0 0 0
PRESSAVG: 1500 0 0 0 0 0 0 0 0 0
GPRESSAVG: 1500 0 0 0 0 0 0 0 0 0
ENERGY:    1500      1104.8930      1675.4722      2067.2205       154.1891            -39.9130      -822.3142         0.0000      5288.0050      3001.9290          12429.4816       301.4346      9427.5526     12453.3255       299.9410

PRESSURE: 1600 0 0 0 0 0 0 0 0 0
GPRESSURE: 1600 0 0 0 0 0 0 0 0 0
PRESSAVG: 1600 0 0 0 0 0 0 0 0 0
GPRESSAVG: 1600 0 0 0 0 0 0 0 0 0
ENERGY:    1600      1110.7738      1677.4160      2072.2471       156.5183            -40.0079      -801.7731         0.0000      5279.7403      3005.2097          12460.1242       301.7640      9454.9145     12479.0784       300.4855

PRESSURE: 1700 0 0 0 0 0 0 0 0 0
GPRESSURE: 1700 0 0 0 0 0 0 0 0 0
PRESSAVG: 1700 0 0 0 0 0 0 0 0 0
GPRESSAVG: 1700 0 0 0 0 0 0 0 0 0
ENERGY:    1700      1102.9524      1701.0262      2068.1914       168.4787            -41.5051      -815.0003         0.0000      5284.5307      2937.3110          12405.9849       294.9461      9468.6739     12430.2516       299.7803

PRESSURE: 1800 0 0 0 0 0 0 0 0 0
GPRESSURE: 1800 0 0 0 0 0 0 0 0 0
PRESSAVG: 1800 0 0 0 0 0 0 0 0 0
GPRESSAVG: 1800 0 0 0 0 0 0 0 0 0
ENERGY:    1800      1154.3330      1679.7382      2086.0136       142.5505            -41.2156      -789.5819         0.0000      5278.8760      2921.6817          12432.3954       293.3767      9510.7137     12452.8379       296.8811

PRESSURE: 1900 0 0 0 0 0 0 0 0 0
GPRESSURE: 1900 0 0 0 0 0 0 0 0 0
PRESSAVG: 1900 0 0 0 0 0 0 0 0 0
GPRESSAVG: 1900 0 0 0 0 0 0 0 0 0
ENERGY:    1900      1144.1648      1656.5157      2070.6966       151.9254            -40.6888      -787.6610         0.0000      5274.1549      2927.9460          12397.0536       294.0057      9469.1077     12422.2807       298.7642

PRESSURE: 2000 0 0 0 0 0 0 0 0 0
GPRESSURE: 2000 0 0 0 0 0 0 0 0 0
PRESSAVG: 2000 0 0 0 0 0 0 0 0 0
GPRESSAVG: 2000 0 0 0 0 0 0 0 0 0
TIMING: 2000  CPU: 1.0468, 0.00051293/step  Wall: 1.061, 0.00051962/step, 0.000433016 hours remaining, 828.000000 MB of memory in use.
ETITLE:      TS           BOND          ANGLE          DIHED          IMPRP               ELECT            VDW       BOUNDARY           MISC        KINETIC               TOTAL           TEMP      POTENTIAL         TOTAL3        TEMPAVG

ENERGY:    2000      1073.6911      1687.5611      2043.4859       145.9069            -40.6360      -822.6963         0.0000      5282.6602      2996.2547          12366.2276       300.8648      9369.9729     12395.1734       296.6357

WRITING EXTENDED SYSTEM TO RESTART FILE AT STEP 2000
WRITING COORDINATES TO DCD FILE adk-step1.dcd AT STEP 2000
WRITING COORDINATES TO RESTART FILE AT STEP 2000
FINISHED WRITING RESTART COORDINATES
The last position output (seq=2000) takes 0.002 seconds, 828.000 MB of memory in use
WRITING VELOCITIES TO RESTART FILE AT STEP 2000
FINISHED WRITING RESTART VELOCITIES
The last velocity output (seq=2000) takes 0.002 seconds, 828.000 MB of memory in use
PRESSURE: 2100 0 0 0 0 0 0 0 0 0
GPRESSURE: 2100 0 0 0 0 0 0 0 0 0
PRESSAVG: 2100 0 0 0 0 0 0 0 0 0
GPRESSAVG: 2100 0 0 0 0 0 0 0 0 0
ENERGY:    2100      1102.5019      1686.0238      2075.0540       153.8284            -39.9319      -817.3559         0.0000      5277.9336      2987.4422          12425.4961       299.9799      9438.0539     12453.9826       297.6017

PRESSURE: 2200 0 0 0 0 0 0 0 0 0
GPRESSURE: 2200 0 0 0 0 0 0 0 0 0
PRESSAVG: 2200 0 0 0 0 0 0 0 0 0
GPRESSAVG: 2200 0 0 0 0 0 0 0 0 0
ENERGY:    2200      1126.9136      1677.9373      2078.4733       144.2995            -40.5730      -808.4165         0.0000      5272.2644      2953.3212          12404.2197       296.5537      9450.8985     12429.2586       298.8028

PRESSURE: 2300 0 0 0 0 0 0 0 0 0
GPRESSURE: 2300 0 0 0 0 0 0 0 0 0
PRESSAVG: 2300 0 0 0 0 0 0 0 0 0
GPRESSAVG: 2300 0 0 0 0 0 0 0 0 0
ENERGY:    2300      1050.7407      1691.7056      2060.6122       159.4664            -40.8080      -787.5946         0.0000      5288.3074      2969.1626          12391.5923       298.1444      9422.4297     12415.6599       298.1848

PRESSURE: 2400 0 0 0 0 0 0 0 0 0
GPRESSURE: 2400 0 0 0 0 0 0 0 0 0
PRESSAVG: 2400 0 0 0 0 0 0 0 0 0
GPRESSAVG: 2400 0 0 0 0 0 0 0 0 0
ENERGY:    2400      1137.1132      1657.6189      2056.1173       157.3886            -40.4357      -828.0526         0.0000      5288.7832      3006.9591          12435.4920       301.9397      9428.5329     12460.4202       297.6526

PRESSURE: 2500 0 0 0 0 0 0 0 0 0
GPRESSURE: 2500 0 0 0 0 0 0 0 0 0
PRESSAVG: 2500 0 0 0 0 0 0 0 0 0
GPRESSAVG: 2500 0 0 0 0 0 0 0 0 0
ENERGY:    2500      1155.4272      1695.2216      2074.6471       148.8303            -39.0063      -848.1729         0.0000      5279.3142      2984.1794          12450.4405       299.6523      9466.2611     12475.6188       299.1210

PRESSURE: 2600 0 0 0 0 0 0 0 0 0
GPRESSURE: 2600 0 0 0 0 0 0 0 0 0
PRESSAVG: 2600 0 0 0 0 0 0 0 0 0
GPRESSAVG: 2600 0 0 0 0 0 0 0 0 0
ENERGY:    2600      1083.8311      1731.2333      2073.8126       152.6494            -39.3117      -808.2573         0.0000      5274.3731      2983.9123          12452.2429       299.6255      9468.3305     12473.6031       301.4388

PRESSURE: 2700 0 0 0 0 0 0 0 0 0
GPRESSURE: 2700 0 0 0 0 0 0 0 0 0
PRESSAVG: 2700 0 0 0 0 0 0 0 0 0
GPRESSAVG: 2700 0 0 0 0 0 0 0 0 0
ENERGY:    2700      1097.9910      1712.3276      2064.4780       158.0602            -40.6262      -798.2289         0.0000      5276.2300      3029.2422          12499.4738       304.1772      9470.2317     12523.1994       302.3544

PRESSURE: 2800 0 0 0 0 0 0 0 0 0
GPRESSURE: 2800 0 0 0 0 0 0 0 0 0
PRESSAVG: 2800 0 0 0 0 0 0 0 0 0
GPRESSAVG: 2800 0 0 0 0 0 0 0 0 0
ENERGY:    2800      1084.8694      1761.2735      2059.3896       156.5685            -40.6378      -794.1753         0.0000      5288.7173      2961.7797          12477.7849       297.4030      9516.0052     12502.3804       300.8093

PRESSURE: 2900 0 0 0 0 0 0 0 0 0
GPRESSURE: 2900 0 0 0 0 0 0 0 0 0
PRESSAVG: 2900 0 0 0 0 0 0 0 0 0
GPRESSAVG: 2900 0 0 0 0 0 0 0 0 0
ENERGY:    2900      1122.1117      1738.2656      2063.5359       148.6425            -40.8731      -827.7408         0.0000      5280.8876      3011.4968          12496.3261       302.3953      9484.8293     12522.2910       301.4524

WRITING COORDINATES TO DCD FILE adk-step1.dcd AT STEP 3000
WRITING COORDINATES TO RESTART FILE AT STEP 3000
FINISHED WRITING RESTART COORDINATES
The last position output (seq=3000) takes 0.004 seconds, 828.000 MB of memory in use
PRESSURE: 3000 0 0 0 0 0 0 0 0 0
GPRESSURE: 3000 0 0 0 0 0 0 0 0 0
PRESSAVG: 3000 0 0 0 0 0 0 0 0 0
GPRESSAVG: 3000 0 0 0 0 0 0 0 0 0
TIMING: 3000  CPU: 1.57152, 0.000524717/step  Wall: 1.58696, 0.000525957/step, 0.000292198 hours remaining, 828.062500 MB of memory in use.
ETITLE:      TS           BOND          ANGLE          DIHED          IMPRP               ELECT            VDW       BOUNDARY           MISC        KINETIC               TOTAL           TEMP      POTENTIAL         TOTAL3        TEMPAVG

ENERGY:    3000      1135.7329      1732.6445      2054.6748       151.0732            -41.8921      -804.9545         0.0000      5278.1859      3025.0339          12530.4986       303.7546      9505.4646     12552.0285       303.7331

WRITING EXTENDED SYSTEM TO RESTART FILE AT STEP 3000
WRITING VELOCITIES TO RESTART FILE AT STEP 3000
FINISHED WRITING RESTART VELOCITIES
The last velocity output (seq=3000) takes 0.002 seconds, 828.062 MB of memory in use
PRESSURE: 3100 0 0 0 0 0 0 0 0 0
GPRESSURE: 3100 0 0 0 0 0 0 0 0 0
PRESSAVG: 3100 0 0 0 0 0 0 0 0 0
GPRESSAVG: 3100 0 0 0 0 0 0 0 0 0
ENERGY:    3100      1117.6098      1789.5535      2087.4757       156.7521            -41.3459      -803.2577         0.0000      5282.1347      3012.4620          12601.3841       302.4922      9588.9221     12620.5411       306.1177

PRESSURE: 3200 0 0 0 0 0 0 0 0 0
GPRESSURE: 3200 0 0 0 0 0 0 0 0 0
PRESSAVG: 3200 0 0 0 0 0 0 0 0 0
GPRESSAVG: 3200 0 0 0 0 0 0 0 0 0
ENERGY:    3200      1132.2186      1729.2392      2093.3553       156.5829            -40.4717      -801.4843         0.0000      5271.8472      3015.6159          12556.9030       302.8089      9541.2871     12575.8951       308.1261

PRESSURE: 3300 0 0 0 0 0 0 0 0 0
GPRESSURE: 3300 0 0 0 0 0 0 0 0 0
PRESSAVG: 3300 0 0 0 0 0 0 0 0 0
GPRESSAVG: 3300 0 0 0 0 0 0 0 0 0
ENERGY:    3300      1112.3270      1725.6052      2076.4368       155.6341            -40.5481      -792.8791         0.0000      5268.9337      3023.2802          12528.7897       303.5785      9505.5095     12552.3289       306.6813

PRESSURE: 3400 0 0 0 0 0 0 0 0 0
GPRESSURE: 3400 0 0 0 0 0 0 0 0 0
PRESSAVG: 3400 0 0 0 0 0 0 0 0 0
GPRESSAVG: 3400 0 0 0 0 0 0 0 0 0
ENERGY:    3400      1107.7669      1706.9441      2083.7974       153.2262            -40.6276      -797.9985         0.0000      5274.5426      3023.9585          12511.6095       303.6466      9487.6511     12534.0371       302.6299

PRESSURE: 3500 0 0 0 0 0 0 0 0 0
GPRESSURE: 3500 0 0 0 0 0 0 0 0 0
PRESSAVG: 3500 0 0 0 0 0 0 0 0 0
GPRESSAVG: 3500 0 0 0 0 0 0 0 0 0
ENERGY:    3500      1092.5195      1723.9326      2075.6008       155.6413            -40.4585      -826.8929         0.0000      5278.9635      3018.4204          12477.7268       303.0905      9459.3064     12503.5242       302.7340

PRESSURE: 3600 0 0 0 0 0 0 0 0 0
GPRESSURE: 3600 0 0 0 0 0 0 0 0 0
PRESSAVG: 3600 0 0 0 0 0 0 0 0 0
GPRESSAVG: 3600 0 0 0 0 0 0 0 0 0
ENERGY:    3600      1110.8127      1657.8312      2099.4738       157.3447            -39.7723      -825.7358         0.0000      5276.7354      3005.9160          12442.6057       301.8349      9436.6897     12464.9721       300.5566

PRESSURE: 3700 0 0 0 0 0 0 0 0 0
GPRESSURE: 3700 0 0 0 0 0 0 0 0 0
PRESSAVG: 3700 0 0 0 0 0 0 0 0 0
GPRESSAVG: 3700 0 0 0 0 0 0 0 0 0
ENERGY:    3700      1120.9194      1720.2289      2118.9360       150.2924            -39.3681      -827.2000         0.0000      5268.0521      2934.3168          12446.1774       294.6454      9511.8607     12470.3292       298.6003

PRESSURE: 3800 0 0 0 0 0 0 0 0 0
GPRESSURE: 3800 0 0 0 0 0 0 0 0 0
PRESSAVG: 3800 0 0 0 0 0 0 0 0 0
GPRESSAVG: 3800 0 0 0 0 0 0 0 0 0
ENERGY:    3800      1105.4171      1715.3780      2067.2918       152.9885            -39.9110      -819.3021         0.0000      5272.0491      3009.2382          12463.1496       302.1685      9453.9115     12490.3987       301.6175

PRESSURE: 3900 0 0 0 0 0 0 0 0 0
GPRESSURE: 3900 0 0 0 0 0 0 0 0 0
PRESSAVG: 3900 0 0 0 0 0 0 0 0 0
GPRESSAVG: 3900 0 0 0 0 0 0 0 0 0
ENERGY:    3900      1134.2233      1720.9442      2086.0730       158.8211            -39.9912      -819.9176         0.0000      5280.5384      2889.3082          12409.9994       290.1259      9520.6912     12434.2129       300.0809

WRITING COORDINATES TO DCD FILE adk-step1.dcd AT STEP 4000
WRITING COORDINATES TO RESTART FILE AT STEP 4000
FINISHED WRITING RESTART COORDINATES
The last position output (seq=4000) takes 0.003 seconds, 828.062 MB of memory in use
WRITING VELOCITIES TO RESTART FILE AT STEP 4000
FINISHED WRITING RESTART VELOCITIES
The last velocity output (seq=4000) takes 0.002 seconds, 828.062 MB of memory in use
PRESSURE: 4000 0 0 0 0 0 0 0 0 0
GPRESSURE: 4000 0 0 0 0 0 0 0 0 0
PRESSAVG: 4000 0 0 0 0 0 0 0 0 0
GPRESSAVG: 4000 0 0 0 0 0 0 0 0 0
TIMING: 4000  CPU: 2.07639, 0.00050487/step  Wall: 2.09783, 0.000510876/step, 0.00014191 hours remaining, 828.062500 MB of memory in use.
ETITLE:      TS           BOND          ANGLE          DIHED          IMPRP               ELECT            VDW       BOUNDARY           MISC        KINETIC               TOTAL           TEMP      POTENTIAL         TOTAL3        TEMPAVG

ENERGY:    4000      1143.1994      1692.2593      2062.5898       153.7643            -39.6846      -810.8594         0.0000      5276.1974      2976.1209          12453.5870       298.8431      9477.4661     12475.3156       300.8912

WRITING EXTENDED SYSTEM TO RESTART FILE AT STEP 4000
PRESSURE: 4100 0 0 0 0 0 0 0 0 0
GPRESSURE: 4100 0 0 0 0 0 0 0 0 0
PRESSAVG: 4100 0 0 0 0 0 0 0 0 0
GPRESSAVG: 4100 0 0 0 0 0 0 0 0 0
ENERGY:    4100      1129.3952      1659.1921      2080.8181       159.5206            -39.4696      -828.7952         0.0000      5272.7742      3032.7235          12466.1589       304.5268      9433.4354     12488.7347       300.5887

PRESSURE: 4200 0 0 0 0 0 0 0 0 0
GPRESSURE: 4200 0 0 0 0 0 0 0 0 0
PRESSAVG: 4200 0 0 0 0 0 0 0 0 0
GPRESSAVG: 4200 0 0 0 0 0 0 0 0 0
ENERGY:    4200      1088.5011      1701.3675      2065.5769       150.4011            -39.4377      -798.3822         0.0000      5263.7239      3038.5143          12470.2649       305.1082      9431.7506     12497.4387       301.3214

LDB: ============= START OF LOAD BALANCING ============== 4.64609
LDB: ============== END OF LOAD BALANCING =============== 4.64618
Info: useSync: 0 useProxySync: 0
LDB: =============== DONE WITH MIGRATION ================ 4.6463
PRESSURE: 4300 0 0 0 0 0 0 0 0 0
GPRESSURE: 4300 0 0 0 0 0 0 0 0 0
PRESSAVG: 4300 0 0 0 0 0 0 0 0 0
GPRESSAVG: 4300 0 0 0 0 0 0 0 0 0
ENERGY:    4300      1106.2713      1720.7035      2060.7583       144.5953            -40.0193      -839.9596         0.0000      5275.2255      2996.4525          12424.0275       300.8847      9427.5750     12447.8094       299.2000

LDB: ============= START OF LOAD BALANCING ============== 4.69668
LDB: TIME 4.69703 LOAD: AVG 0.0150019 MAX 0.030669  PROXIES: TOTAL 176 MAXPE 7 MAXPATCH 7 None MEM: 828.062 MB
LDB: TIME 4.69726 LOAD: AVG 0.0150019 MAX 0.030669  PROXIES: TOTAL 176 MAXPE 7 MAXPATCH 7 RefineTorusLB MEM: 828.188 MB
LDB: TIME 4.69743 LOAD: AVG 0.0150019 MAX 0.030669  PROXIES: TOTAL 176 MAXPE 7 MAXPATCH 7 RefineTorusLB MEM: 828.188 MB
LDB: ============== END OF LOAD BALANCING =============== 4.69771
Info: build node-aware spanning tree with send: 1, recv: 0 with branch factor 4
Info: useSync: 0 useProxySync: 0
LDB: =============== DONE WITH MIGRATION ================ 4.69852
PRESSURE: 4400 0 0 0 0 0 0 0 0 0
GPRESSURE: 4400 0 0 0 0 0 0 0 0 0
PRESSAVG: 4400 0 0 0 0 0 0 0 0 0
GPRESSAVG: 4400 0 0 0 0 0 0 0 0 0
ENERGY:    4400      1082.9990      1687.2029      2079.0208       151.3691            -40.2747      -822.0861         0.0000      5282.7053      3022.1699          12443.1062       303.4670      9420.9363     12469.0435       300.7972

PRESSURE: 4500 0 0 0 0 0 0 0 0 0
GPRESSURE: 4500 0 0 0 0 0 0 0 0 0
PRESSAVG: 4500 0 0 0 0 0 0 0 0 0
GPRESSAVG: 4500 0 0 0 0 0 0 0 0 0
ENERGY:    4500      1128.7126      1697.0555      2030.9554       159.3849            -40.8552      -846.4539         0.0000      5279.3932      2986.4902          12394.6827       299.8843      9408.1925     12414.6431       299.9908

PRESSURE: 4600 0 0 0 0 0 0 0 0 0
GPRESSURE: 4600 0 0 0 0 0 0 0 0 0
PRESSAVG: 4600 0 0 0 0 0 0 0 0 0
GPRESSAVG: 4600 0 0 0 0 0 0 0 0 0
ENERGY:    4600      1109.3754      1701.9738      2069.7709       157.0209            -40.3348      -795.0549         0.0000      5275.5973      2953.7593          12432.1079       296.5977      9478.3486     12453.8113       298.3899

PRESSURE: 4700 0 0 0 0 0 0 0 0 0
GPRESSURE: 4700 0 0 0 0 0 0 0 0 0
PRESSAVG: 4700 0 0 0 0 0 0 0 0 0
GPRESSAVG: 4700 0 0 0 0 0 0 0 0 0
ENERGY:    4700      1102.8564      1714.7190      2046.0988       143.1563            -40.4664      -818.9020         0.0000      5265.0524      2938.4299          12350.9444       295.0584      9412.5145     12371.8728       295.8550

PRESSURE: 4800 0 0 0 0 0 0 0 0 0
GPRESSURE: 4800 0 0 0 0 0 0 0 0 0
PRESSAVG: 4800 0 0 0 0 0 0 0 0 0
GPRESSAVG: 4800 0 0 0 0 0 0 0 0 0
ENERGY:    4800      1098.1669      1655.3127      2087.5021       144.7441            -39.5682      -799.8834         0.0000      5260.0275      2980.3321          12386.6338       299.2660      9406.3017     12414.7910       297.8062

PRESSURE: 4900 0 0 0 0 0 0 0 0 0
GPRESSURE: 4900 0 0 0 0 0 0 0 0 0
PRESSAVG: 4900 0 0 0 0 0 0 0 0 0
GPRESSAVG: 4900 0 0 0 0 0 0 0 0 0
ENERGY:    4900      1069.1262      1691.9975      2075.4603       151.5430            -39.9163      -824.4015         0.0000      5273.3633      2951.5833          12348.7557       296.3792      9397.1724     12371.0571       296.7993

PRESSURE: 5000 0 0 0 0 0 0 0 0 0
GPRESSURE: 5000 0 0 0 0 0 0 0 0 0
PRESSAVG: 5000 0 0 0 0 0 0 0 0 0
GPRESSAVG: 5000 0 0 0 0 0 0 0 0 0
TIMING: 5000  CPU: 2.58168, 0.000505287/step  Wall: 2.60461, 0.000506775/step, 0 hours remaining, 828.187500 MB of memory in use.
ETITLE:      TS           BOND          ANGLE          DIHED          IMPRP               ELECT            VDW       BOUNDARY           MISC        KINETIC               TOTAL           TEMP      POTENTIAL         TOTAL3        TEMPAVG

ENERGY:    5000      1100.7452      1671.9447      2071.1919       151.1590            -38.8567      -811.0415         0.0000      5278.4233      2939.0296          12362.5956       295.1186      9423.5660     12388.8035       294.8531

WRITING EXTENDED SYSTEM TO RESTART FILE AT STEP 5000
WRITING COORDINATES TO DCD FILE adk-step1.dcd AT STEP 5000
WRITING COORDINATES TO RESTART FILE AT STEP 5000
FINISHED WRITING RESTART COORDINATES
The last position output (seq=5000) takes 0.003 seconds, 828.875 MB of memory in use
WRITING VELOCITIES TO RESTART FILE AT STEP 5000
FINISHED WRITING RESTART VELOCITIES
The last velocity output (seq=5000) takes 0.002 seconds, 828.875 MB of memory in use
WRITING EXTENDED SYSTEM TO OUTPUT FILE AT STEP 5000
WRITING COORDINATES TO OUTPUT FILE AT STEP 5000
CLOSING COORDINATE DCD FILE adk-step1.dcd
The last position output (seq=-2) takes 0.004 seconds, 828.875 MB of memory in use
WRITING VELOCITIES TO OUTPUT FILE AT STEP 5000
====================================================

WallClock: 5.012244  CPUTime: 3.625554  Memory: 828.875000 MB
End of program
