0_4_cc.dat
/gpfs/alpine/bip115/scratch/hrlee/radical.pilot.sandbox/re.session.login1.hrlee.018632.0005/pilot.0000/staging_area/0_4_cc.dat
0, 4
Choosing optimized barrier algorithm name I0:HybridBinomial:SHMEM:P2P
Converse/Charm++ Commit ID: v6.10.2-0-g7bf00fa-namd-charm-6.10.2-build-2020-Aug-05-556
Warning> Randomization of virtual memory (ASLR) is turned on in the kernel, thread migration may not work! Run 'echo 0 > /proc/sys/kernel/randomize_va_space' as root to disable it, or try running with '+isomalloc_sync'.
CharmLB> Load balancer assumes all CPUs are same.
Charm++> Running on 1 hosts (1 sockets x 7 cores x 4 PUs = 28-way SMP)
Charm++> cpu topology info is gathered in 0.003 seconds.
Info: Built with CUDA version 10010
Did not find +devices i,j,k,... argument, using all
Pe 27 physical rank 27 will use CUDA device of pe 21
Pe 32 physical rank 32 will use CUDA device of pe 28
Pe 37 physical rank 37 will use CUDA device of pe 35
Pe 10 physical rank 10 will use CUDA device of pe 7
Pe 16 physical rank 16 will use CUDA device of pe 14
Pe 2 physical rank 2 will use CUDA device of pe 4
Pe 24 physical rank 24 will use CUDA device of pe 21
Pe 33 physical rank 33 will use CUDA device of pe 28
Pe 39 physical rank 39 will use CUDA device of pe 35
Pe 9 physical rank 9 will use CUDA device of pe 7
Pe 20 physical rank 20 will use CUDA device of pe 14
Pe 6 physical rank 6 will use CUDA device of pe 4
Pe 25 physical rank 25 will use CUDA device of pe 21
Pe 30 physical rank 30 will use CUDA device of pe 28
Pe 38 physical rank 38 will use CUDA device of pe 35
Pe 13 physical rank 13 will use CUDA device of pe 7
Pe 17 physical rank 17 will use CUDA device of pe 14
Pe 3 physical rank 3 will use CUDA device of pe 4
Pe 26 physical rank 26 will use CUDA device of pe 21
Pe 34 physical rank 34 will use CUDA device of pe 28
Pe 41 physical rank 41 will use CUDA device of pe 35
Pe 12 physical rank 12 will use CUDA device of pe 7
Pe 19 physical rank 19 will use CUDA device of pe 14
Pe 5 physical rank 5 will use CUDA device of pe 4
Pe 22 physical rank 22 will use CUDA device of pe 21
Pe 31 physical rank 31 will use CUDA device of pe 28
Pe 40 physical rank 40 will use CUDA device of pe 35
Pe 11 physical rank 11 will use CUDA device of pe 7
Pe 18 physical rank 18 will use CUDA device of pe 14
Pe 1 physical rank 1 will use CUDA device of pe 4
Pe 23 physical rank 23 will use CUDA device of pe 21
Pe 29 physical rank 29 will use CUDA device of pe 28
Pe 36 physical rank 36 will use CUDA device of pe 35
Pe 8 physical rank 8 will use CUDA device of pe 7
Pe 15 physical rank 15 will use CUDA device of pe 14
Pe 0 physical rank 0 will use CUDA device of pe 4
Pe 7 physical rank 7 binding to CUDA device 0 on h35n16: 'Tesla V100-SXM2-16GB'  Mem: 16128MB  Rev: 7.0  PCI: 4:5:0
Pe 4 physical rank 4 binding to CUDA device 0 on h35n16: 'Tesla V100-SXM2-16GB'  Mem: 16128MB  Rev: 7.0  PCI: 4:4:0
Pe 21 physical rank 21 binding to CUDA device 0 on h35n16: 'Tesla V100-SXM2-16GB'  Mem: 16128MB  Rev: 7.0  PCI: 35:3:0
Pe 28 physical rank 28 binding to CUDA device 0 on h35n16: 'Tesla V100-SXM2-16GB'  Mem: 16128MB  Rev: 7.0  PCI: 35:4:0
Pe 35 physical rank 35 binding to CUDA device 0 on h35n16: 'Tesla V100-SXM2-16GB'  Mem: 16128MB  Rev: 7.0  PCI: 35:5:0
Pe 14 physical rank 14 binding to CUDA device 0 on h35n16: 'Tesla V100-SXM2-16GB'  Mem: 16128MB  Rev: 7.0  PCI: 4:6:0
Info: NAMD 2.14 for Linux-POWER-pami-smp-Summit-CUDA
Info: 
Info: Please visit http://www.ks.uiuc.edu/Research/namd/
Info: for updates, documentation, and support information.
Info: 
Info: Please cite Phillips et al., J. Chem. Phys. 153:044130 (2020) doi:10.1063/5.0014475
Info: in all publications reporting results obtained with NAMD.
Info: 
Info: Based on Charm++/Converse 61002 for pami-linux-ppc64le-smp
Info: Built Wed Aug 5 14:28:51 EDT 2020 by jimp on login2
Info: 1 NAMD  2.14  Linux-POWER-pami-smp-Summit-CUDA  42    h35n16  hrlee
Info: Running on 42 processors, 6 nodes, 1 physical nodes.
Info: CPU topology information available.
Info: Charm++/Converse parallel runtime startup completed at 1.30025 s
CkLoopLib is used in SMP with simple dynamic scheduling (converse-level notification)
Info: 791.688 MB of memory in use based on /proc/self/stat
Info: Configuration file is adk-step1.namd
Info: Working in the current directory /gpfs/alpine/bip115/scratch/hrlee/radical.pilot.sandbox/re.session.login1.hrlee.018632.0005/pilot.0000/unit.000367
TCL: Suspending until startup complete.
Info: SIMULATION PARAMETERS:
Info: TIMESTEP               1
Info: NUMBER OF STEPS        0
Info: STEPS PER CYCLE        20
Info: LOAD BALANCER  Centralized
Info: LOAD BALANCING STRATEGY  New Load Balancers -- DEFAULT
Info: LDB PERIOD             4000 steps
Info: FIRST LDB TIMESTEP     100
Info: LAST LDB TIMESTEP     -1
Info: LDB BACKGROUND SCALING 1
Info: HOM BACKGROUND SCALING 1
Info: MIN ATOMS PER PATCH    40
Info: VELOCITY FILE          0_4_adk-step1.restart.vel
Info: CENTER OF MASS MOVING INITIALLY? NO
Info: DIELECTRIC             80
Info: EXCLUDE                SCALED ONE-FOUR
Info: 1-4 ELECTROSTATICS SCALED BY 1
Info: MODIFIED 1-4 VDW PARAMETERS WILL BE USED
Info: DCD FILENAME           adk-step1.dcd
Info: DCD FREQUENCY          1000
Info: DCD FIRST STEP         1000
Info: NO EXTENDED SYSTEM TRAJECTORY OUTPUT
Info: NO VELOCITY DCD OUTPUT
Info: NO FORCE DCD OUTPUT
Info: OUTPUT FILENAME        adk-step1
Info: BINARY OUTPUT FILES WILL BE USED
Info: RESTART FILENAME       adk-step1.restart
Info: RESTART FREQUENCY      1000
Info: BINARY RESTART FILES WILL BE USED
Info: SWITCHING ACTIVE
Info: SWITCHING ON           9
Info: SWITCHING OFF          10
Info: PAIRLIST DISTANCE      11
Info: PAIRLIST SHRINK RATE   0.01
Info: PAIRLIST GROW RATE     0.01
Info: PAIRLIST TRIGGER       0.3
Info: PAIRLISTS PER CYCLE    2
Info: PAIRLISTS ENABLED
Info: MARGIN                 0
Info: HYDROGEN GROUP CUTOFF  2.5
Info: PATCH DIMENSION        13.5
Info: ENERGY OUTPUT STEPS    100
Info: CROSSTERM ENERGY INCLUDED IN DIHEDRAL
Info: TIMING OUTPUT STEPS    1000
Info: PRESSURE OUTPUT STEPS  100
Info: GRID FORCE ACTIVE
Info:  Please include this reference in published work using
Info:  the Gridforce module of NAMD: David Wells, Volha Abramkina,
Info:  and Aleksei Aksimentiev, J. Chem. Phys. 127:125101-10 (2007).
Info: MGRIDFORCE key 0
Info:            Potfile 4ake-target_autopsf-grid.dx
Info:            Scale 0.3 0.3 0.3
Info:            File 1ake-docked-noh_autopsf-grid.pdb
Info:            Col O
Info:            ChargeCol B
Info:            VOffset 0 0 0
Info:            Continuous K1 FALSE
Info:            Continuous K2 FALSE
Info:            Continuous K3 FALSE
Info:            Volts FALSE
Info:            Gridforce-Lite FALSE
Info:            Gridforce-CheckSize TRUE
Info: LANGEVIN DYNAMICS ACTIVE
Info: LANGEVIN TEMPERATURE   300
Info: LANGEVIN USING BBK INTEGRATOR
Info: LANGEVIN DAMPING COEFFICIENT IS 5 INVERSE PS
Info: LANGEVIN DYNAMICS NOT APPLIED TO HYDROGENS
Info: USING VERLET I (r-RESPA) MTS SCHEME.
Info: C1 SPLITTING OF LONG RANGE ELECTROSTATICS
Info: PLACING ATOMS IN PATCHES BY HYDROGEN GROUPS
Info: RIGID BONDS TO HYDROGEN : WATER
Info:         ERROR TOLERANCE : 1e-08
Info:          MAX ITERATIONS : 100
Info: RIGID WATER USING SETTLE ALGORITHM
Info: NONBONDED FORCES EVALUATED EVERY 2 STEPS
Info: RANDOM NUMBER SEED     1609827848
Info: USE HYDROGEN BONDS?    NO
Info: COORDINATE PDB         1ake-docked-noh_autopsf.pdb
Info: STRUCTURE FILE         1ake-docked-noh_autopsf.psf
Info: PARAMETER file: CHARMM format! 
Info: PARAMETERS             par_all36_prot.prm
Info: USING ARITHMETIC MEAN TO COMBINE L-J SIGMA PARAMETERS
Info: BINARY COORDINATES     0_4_adk-step1.restart.coor
Info: SUMMARY OF PARAMETERS:
Info: 132 BONDS
Info: 362 ANGLES
Info: 702 DIHEDRAL
Info: 35 IMPROPER
Info: 6 CROSSTERM
Info: 53 VDW
Info: 0 VDW_PAIRS
Info: 0 NBTHOLE_PAIRS
Info: TIME FOR READING PSF FILE: 0.343768
Info: READING EXTRA BONDS FILE 1ake-extrabonds.txt
Info: READING EXTRA BONDS FILE 1ake-extrabonds-cispeptide.txt
Info: READING EXTRA BONDS FILE 1ake-extrabonds-chirality.txt
Info: READ 80 EXTRA BONDS
Info: READ 80 EXTRA ANGLES
Warning: EXTRA ANGLES ARE COSINE-BASED BY DEFAULT TO MATCH PREVIOUS VERSIONS
Warning: FOR NORMAL HARMONIC EXTRA ANGLES SET extraBondsCosAngles off
Info: READ 493 EXTRA DIHEDRALS
Info: READ 438 EXTRA IMPROPERS
Info: Reading pdb file 1ake-docked-noh_autopsf.pdb
Info: TIME FOR READING PDB FILE: 0.077751
Info: 
Info: ****************************
Info: STRUCTURE SUMMARY:
Info: 3341 ATOMS
Info: 3445 BONDS
Info: 6203 ANGLES
Info: 9414 DIHEDRALS
Info: 1005 IMPROPERS
Info: 212 CROSSTERMS
Info: 0 EXCLUSIONS
Info: 0 RIGID BONDS
Info: 1 GRIDS ACTIVE
Info: 10023 DEGREES OF FREEDOM
Info: 1656 HYDROGEN GROUPS
Info: 4 ATOMS IN LARGEST HYDROGEN GROUP
Info: 1656 MIGRATION GROUPS
Info: 4 ATOMS IN LARGEST MIGRATION GROUP
Info: TOTAL MASS = 23582 amu
Info: TOTAL CHARGE = -4 e
Info: *****************************
Info: Reading from binary file 0_4_adk-step1.restart.coor
Info: 
Info: Entering startup at 2.17259 s, 798.438 MB of memory in use
Info: Startup phase 0 took 0.000191585 s, 798.562 MB of memory in use
Info: ADDED 18308 IMPLICIT EXCLUSIONS
Info: Startup phase 1 took 0.00824548 s, 798.688 MB of memory in use
Info: NONBONDED TABLE R-SQUARED SPACING: 0.0625
Info: NONBONDED TABLE SIZE: 705 POINTS
Info: ABSOLUTE IMPRECISION IN FAST TABLE ENERGY: 3.38813e-21 AT 9.89634
Info: RELATIVE IMPRECISION IN FAST TABLE ENERGY: 4.23384e-15 AT 9.94673
Info: ABSOLUTE IMPRECISION IN FAST TABLE FORCE: 6.35275e-22 AT 9.94673
Info: RELATIVE IMPRECISION IN FAST TABLE FORCE: 5.07982e-16 AT 9.94673
Info: INCONSISTENCY IN FAST TABLE ENERGY VS FORCE: 0.000290185 AT 0.251946
Info: ABSOLUTE IMPRECISION IN VDWA TABLE ENERGY: 1.57772e-30 AT 9.89634
Info: RELATIVE IMPRECISION IN VDWA TABLE ENERGY: 4.54938e-15 AT 9.94673
Info: ABSOLUTE IMPRECISION IN VDWA TABLE FORCE: 5.91646e-31 AT 9.94673
Info: RELATIVE IMPRECISION IN VDWA TABLE FORCE: 5.6823e-16 AT 9.94673
Info: INCONSISTENCY IN VDWA TABLE ENERGY VS FORCE: 0.0040507 AT 0.251946
Info: ABSOLUTE IMPRECISION IN VDWB TABLE ENERGY: 4.71751e-25 AT 9.94673
Info: RELATIVE IMPRECISION IN VDWB TABLE ENERGY: 1.45371e-14 AT 9.94673
Info: ABSOLUTE IMPRECISION IN VDWB TABLE FORCE: 6.20385e-25 AT 9.94673
Info: RELATIVE IMPRECISION IN VDWB TABLE FORCE: 5.97512e-16 AT 9.94673
Info: INCONSISTENCY IN VDWB TABLE ENERGY VS FORCE: 0.00377068 AT 9.07951
Info: Startup phase 2 took 0.000629297 s, 800 MB of memory in use
Info: Startup phase 3 took 0.000195477 s, 800.375 MB of memory in use
Info: Startup phase 4 took 0.000305896 s, 800.5 MB of memory in use
Info: Startup phase 5 took 0.000185823 s, 800.5 MB of memory in use
Info: ORIGINAL ATOMS MINMAX IS -22.7314 -33.2014 -34.5631  17.4175 12.4588 15.1385
Info: ADJUSTED ATOMS MINMAX IS -17.5007 -27.1213 -29.9854  11.7681 7.14532 6.29867
Info: PATCH GRID IS 5 BY 3 BY 3
Info: PATCH GRID IS 2-AWAY BY 1-AWAY BY 1-AWAY
Info: Reading from binary file 0_4_adk-step1.restart.vel
Info: REMOVING COM VELOCITY -0.0492706 0.011012 -0.13868
Info: LARGEST PATCH (24) HAS 131 ATOMS
Info: TORUS A SIZE 1 USING 0
Info: TORUS B SIZE 1 USING 0
Info: TORUS C SIZE 1 USING 0
Info: TORUS MINIMAL MESH SIZE IS 1 BY 1 BY 1
Info: Placed 100% of base nodes on same physical node as patch
Info: Startup phase 6 took 0.00786503 s, 800.625 MB of memory in use
Info: Startup phase 7 took 0.000191397 s, 801.562 MB of memory in use
Info: Updated CUDA force table with 4096 elements.
Info: Updated CUDA LJ table with 53 x 53 elements.
Info: Updated CUDA force table with 4096 elements.
Info: Updated CUDA LJ table with 53 x 53 elements.
Info: Updated CUDA force table with 4096 elements.
Info: Updated CUDA force table with 4096 elements.
Info: Updated CUDA LJ table with 53 x 53 elements.
Info: Updated CUDA LJ table with 53 x 53 elements.
Info: Updated CUDA force table with 4096 elements.
Info: Updated CUDA LJ table with 53 x 53 elements.
Info: Updated CUDA force table with 4096 elements.
Info: Updated CUDA LJ table with 53 x 53 elements.
Info: Startup phase 8 took 0.00350121 s, 801.688 MB of memory in use
Info: Startup phase 9 took 0.000359722 s, 801.75 MB of memory in use
Info: Startup phase 10 took 0.000194789 s, 801.812 MB of memory in use
Info: Startup phase 11 took 0.000526638 s, 801.938 MB of memory in use
LDB: Central LB being created...
Info: Startup phase 12 took 0.00213067 s, 802.562 MB of memory in use
Info: CREATING 1139 COMPUTE OBJECTS
Info: Found 278 unique exclusion lists needing 900 bytes
Info: Found 278 unique exclusion lists needing 900 bytes
Info: Found 278 unique exclusion lists needing 900 bytes
Info: Found 278 unique exclusion lists needing 900 bytes
Info: Found 278 unique exclusion lists needing 900 bytes
Info: Found 278 unique exclusion lists needing 900 bytes
Info: Startup phase 13 took 0.0159852 s, 803.562 MB of memory in use
Info: Building spanning tree ... send: 1 recv: 0 with branch factor 4
Info: useSync: 0 useProxySync: 0
Info: Startup phase 14 took 0.000247324 s, 803.688 MB of memory in use
Info: Startup phase 15 took 0.000130643 s, 803.812 MB of memory in use
Info: Finished startup at 2.21348 s, 803.812 MB of memory in use

TCL: Running for 5000 steps
PRESSURE: 0 0 0 0 0 0 0 0 0 0
GPRESSURE: 0 0 0 0 0 0 0 0 0 0
ETITLE:      TS           BOND          ANGLE          DIHED          IMPRP               ELECT            VDW       BOUNDARY           MISC        KINETIC               TOTAL           TEMP      POTENTIAL         TOTAL3        TEMPAVG

ENERGY:       0      1163.6652      1645.8086      2078.9785       160.1926            -41.1378      -807.2851         0.0000      5343.8111      3059.7648          12603.7979       307.2421      9544.0331     12628.0390       307.2421

LDB: ============= START OF LOAD BALANCING ============== 2.22621
LDB: ============== END OF LOAD BALANCING =============== 2.22626
LDB: =============== DONE WITH MIGRATION ================ 2.22637
Info: useSync: 0 useProxySync: 0
LDB: ============= START OF LOAD BALANCING ============== 2.26984
LDB: Partitioning computes with target load 0.000000
LDB: Increased migratable compute count from 0 to 0
LDB: Largest unpartitionable compute is 0.000000
LDB: ============== END OF LOAD BALANCING =============== 2.27014
Info: build node-aware spanning tree with send: 1, recv: 0 with branch factor 4
Info: useSync: 0 useProxySync: 0
LDB: =============== DONE WITH MIGRATION ================ 2.27097
PRESSURE: 100 0 0 0 0 0 0 0 0 0
GPRESSURE: 100 0 0 0 0 0 0 0 0 0
PRESSAVG: 100 0 0 0 0 0 0 0 0 0
GPRESSAVG: 100 0 0 0 0 0 0 0 0 0
Info: Initial time: 42 CPUs 0.000543019 s/step 0.00628494 days/ns 823.25 MB memory
ENERGY:     100      1135.2852      1702.6552      2066.8548       166.8596            -40.4730      -809.1514         0.0000      5340.5964      2989.0232          12551.6500       300.1387      9562.6268     12573.5831       303.4868

LDB: ============= START OF LOAD BALANCING ============== 2.28159
LDB: ============== END OF LOAD BALANCING =============== 2.28162
Info: useSync: 0 useProxySync: 0
LDB: =============== DONE WITH MIGRATION ================ 2.28173
LDB: ============= START OF LOAD BALANCING ============== 2.32333
LDB: TIME 2.32354 LOAD: AVG 0.0120638 MAX 0.0267273  PROXIES: TOTAL 174 MAXPE 7 MAXPATCH 7 None MEM: 824.75 MB
LDB: TIME 2.32375 LOAD: AVG 0.0120638 MAX 0.0267273  PROXIES: TOTAL 174 MAXPE 7 MAXPATCH 7 TorusLB MEM: 824.875 MB
LDB: ============== END OF LOAD BALANCING =============== 2.32398
Info: build node-aware spanning tree with send: 1, recv: 0 with branch factor 4
Info: useSync: 0 useProxySync: 0
LDB: =============== DONE WITH MIGRATION ================ 2.32471
PRESSURE: 200 0 0 0 0 0 0 0 0 0
GPRESSURE: 200 0 0 0 0 0 0 0 0 0
PRESSAVG: 200 0 0 0 0 0 0 0 0 0
GPRESSAVG: 200 0 0 0 0 0 0 0 0 0
Info: Initial time: 42 CPUs 0.000519416 s/step 0.00601176 days/ns 828.625 MB memory
ENERGY:     200      1163.0371      1665.7169      2064.1091       155.8875            -40.6684      -816.6461         0.0000      5327.0554      3013.7921          12532.2837       302.6258      9518.4916     12556.1778       300.8537

LDB: ============= START OF LOAD BALANCING ============== 2.37605
LDB: TIME 2.3763 LOAD: AVG 0.0147706 MAX 0.0333234  PROXIES: TOTAL 174 MAXPE 7 MAXPATCH 7 None MEM: 829.562 MB
LDB: TIME 2.37646 LOAD: AVG 0.0147706 MAX 0.0333234  PROXIES: TOTAL 174 MAXPE 7 MAXPATCH 7 RefineTorusLB MEM: 829.562 MB
LDB: TIME 2.3766 LOAD: AVG 0.0147706 MAX 0.0333234  PROXIES: TOTAL 174 MAXPE 7 MAXPATCH 7 RefineTorusLB MEM: 829.562 MB
LDB: Reverting to original mapping
LDB: ============== END OF LOAD BALANCING =============== 2.37683
Info: build node-aware spanning tree with send: 1, recv: 0 with branch factor 4
Info: useSync: 0 useProxySync: 0
LDB: =============== DONE WITH MIGRATION ================ 2.37759
PRESSURE: 300 0 0 0 0 0 0 0 0 0
GPRESSURE: 300 0 0 0 0 0 0 0 0 0
PRESSAVG: 300 0 0 0 0 0 0 0 0 0
GPRESSAVG: 300 0 0 0 0 0 0 0 0 0
Info: Initial time: 42 CPUs 0.000512324 s/step 0.00592968 days/ns 829.562 MB memory
ENERGY:     300      1116.1487      1670.6129      2092.9300       154.7296            -40.1377      -831.1186         0.0000      5338.1158      3004.5396          12505.8203       301.6967      9501.2806     12532.8666       300.8268

LDB: ============= START OF LOAD BALANCING ============== 2.42965
LDB: TIME 2.42989 LOAD: AVG 0.0146728 MAX 0.0334395  PROXIES: TOTAL 174 MAXPE 7 MAXPATCH 7 None MEM: 830.5 MB
LDB: TIME 2.43006 LOAD: AVG 0.0146728 MAX 0.0334395  PROXIES: TOTAL 174 MAXPE 7 MAXPATCH 7 RefineTorusLB MEM: 830.562 MB
LDB: TIME 2.4302 LOAD: AVG 0.0146728 MAX 0.0334395  PROXIES: TOTAL 174 MAXPE 7 MAXPATCH 7 RefineTorusLB MEM: 830.562 MB
LDB: ============== END OF LOAD BALANCING =============== 2.43045
Info: build node-aware spanning tree with send: 1, recv: 0 with branch factor 4
Info: useSync: 0 useProxySync: 0
LDB: =============== DONE WITH MIGRATION ================ 2.4312
PRESSURE: 400 0 0 0 0 0 0 0 0 0
GPRESSURE: 400 0 0 0 0 0 0 0 0 0
PRESSAVG: 400 0 0 0 0 0 0 0 0 0
GPRESSAVG: 400 0 0 0 0 0 0 0 0 0
Info: Benchmark time: 42 CPUs 0.000519041 s/step 0.00600742 days/ns 830.562 MB memory
ENERGY:     400      1163.2117      1696.7211      2057.8223       159.1965            -40.8886      -832.7861         0.0000      5343.8344      2990.6656          12537.7768       300.3036      9547.1112     12565.1517       300.2164

PRESSURE: 500 0 0 0 0 0 0 0 0 0
GPRESSURE: 500 0 0 0 0 0 0 0 0 0
PRESSAVG: 500 0 0 0 0 0 0 0 0 0
GPRESSAVG: 500 0 0 0 0 0 0 0 0 0
Info: Benchmark time: 42 CPUs 0.000519503 s/step 0.00601276 days/ns 831.312 MB memory
ENERGY:     500      1160.9601      1710.8759      2058.9689       153.7720            -39.6384      -823.1406         0.0000      5341.5752      3001.3207          12564.6939       301.3735      9563.3732     12587.0944       302.1571

PRESSURE: 600 0 0 0 0 0 0 0 0 0
GPRESSURE: 600 0 0 0 0 0 0 0 0 0
PRESSAVG: 600 0 0 0 0 0 0 0 0 0
GPRESSAVG: 600 0 0 0 0 0 0 0 0 0
Info: Benchmark time: 42 CPUs 0.0005179 s/step 0.00599421 days/ns 831.312 MB memory
ENERGY:     600      1130.3653      1722.0108      2082.2998       166.7479            -40.0008      -827.6017         0.0000      5334.1047      3054.1303          12622.0564       306.6763      9567.9261     12648.4260       303.6067

PRESSURE: 700 0 0 0 0 0 0 0 0 0
GPRESSURE: 700 0 0 0 0 0 0 0 0 0
PRESSAVG: 700 0 0 0 0 0 0 0 0 0
GPRESSAVG: 700 0 0 0 0 0 0 0 0 0
Info: Benchmark time: 42 CPUs 0.000520677 s/step 0.00602635 days/ns 831.312 MB memory
ENERGY:     700      1142.1746      1734.5112      2075.9665       157.1612            -40.3736      -830.1956         0.0000      5332.2585      3031.3593          12602.8622       304.3898      9571.5029     12628.9473       305.3275

PRESSURE: 800 0 0 0 0 0 0 0 0 0
GPRESSURE: 800 0 0 0 0 0 0 0 0 0
PRESSAVG: 800 0 0 0 0 0 0 0 0 0
GPRESSAVG: 800 0 0 0 0 0 0 0 0 0
Info: Benchmark time: 42 CPUs 0.000515373 s/step 0.00596496 days/ns 831.312 MB memory
ENERGY:     800      1153.8021      1692.3832      2068.1895       156.6105            -40.0082      -825.0288         0.0000      5325.0609      3059.8110          12590.8202       307.2467      9531.0092     12615.8922       306.0159

PRESSURE: 900 0 0 0 0 0 0 0 0 0
GPRESSURE: 900 0 0 0 0 0 0 0 0 0
PRESSAVG: 900 0 0 0 0 0 0 0 0 0
GPRESSAVG: 900 0 0 0 0 0 0 0 0 0
Info: Benchmark time: 42 CPUs 0.000443662 s/step 0.00513498 days/ns 831.312 MB memory
ENERGY:     900      1090.4397      1760.6884      2111.6504       163.7141            -39.8143      -839.1451         0.0000      5337.5940      3011.9900          12597.1172       302.4448      9585.1272     12622.2042       305.4377

OPENING COORDINATE DCD FILE
WRITING COORDINATES TO DCD FILE adk-step1.dcd AT STEP 1000
WRITING COORDINATES TO RESTART FILE AT STEP 1000
FINISHED WRITING RESTART COORDINATES
The last position output (seq=1000) takes 0.006 seconds, 831.312 MB of memory in use
PRESSURE: 1000 0 0 0 0 0 0 0 0 0
GPRESSURE: 1000 0 0 0 0 0 0 0 0 0
PRESSAVG: 1000 0 0 0 0 0 0 0 0 0
GPRESSAVG: 1000 0 0 0 0 0 0 0 0 0
TIMING: 1000  CPU: 0.533154, 0.000515737/step  Wall: 0.538491, 0.000519066/step, 0.00057674 hours remaining, 831.437500 MB of memory in use.
ETITLE:      TS           BOND          ANGLE          DIHED          IMPRP               ELECT            VDW       BOUNDARY           MISC        KINETIC               TOTAL           TEMP      POTENTIAL         TOTAL3        TEMPAVG

ENERGY:    1000      1085.7577      1686.1761      2100.7326       147.1091            -39.7977      -802.9358         0.0000      5345.2389      3037.0349          12559.3157       304.9597      9522.2808     12582.5751       302.1806

WRITING EXTENDED SYSTEM TO RESTART FILE AT STEP 1000
WRITING VELOCITIES TO RESTART FILE AT STEP 1000
FINISHED WRITING RESTART VELOCITIES
The last velocity output (seq=1000) takes 0.002 seconds, 831.438 MB of memory in use
PRESSURE: 1100 0 0 0 0 0 0 0 0 0
GPRESSURE: 1100 0 0 0 0 0 0 0 0 0
PRESSAVG: 1100 0 0 0 0 0 0 0 0 0
GPRESSAVG: 1100 0 0 0 0 0 0 0 0 0
ENERGY:    1100      1105.2567      1718.7608      2075.8623       158.6072            -39.3876      -849.6665         0.0000      5338.1148      3046.3885          12553.9362       305.8989      9507.5478     12579.4291       302.3637

PRESSURE: 1200 0 0 0 0 0 0 0 0 0
GPRESSURE: 1200 0 0 0 0 0 0 0 0 0
PRESSAVG: 1200 0 0 0 0 0 0 0 0 0
GPRESSAVG: 1200 0 0 0 0 0 0 0 0 0
ENERGY:    1200      1113.2681      1745.8098      2055.0456       154.2920            -40.7939      -819.8872         0.0000      5329.5658      3044.8661          12582.1663       305.7460      9537.3002     12606.6637       304.8982

PRESSURE: 1300 0 0 0 0 0 0 0 0 0
GPRESSURE: 1300 0 0 0 0 0 0 0 0 0
PRESSAVG: 1300 0 0 0 0 0 0 0 0 0
GPRESSAVG: 1300 0 0 0 0 0 0 0 0 0
ENERGY:    1300      1071.1695      1738.9330      2068.6058       161.9507            -40.9950      -791.2891         0.0000      5321.9424      3007.3042          12537.6215       301.9743      9530.3173     12563.0634       300.3060

PRESSURE: 1400 0 0 0 0 0 0 0 0 0
GPRESSURE: 1400 0 0 0 0 0 0 0 0 0
PRESSAVG: 1400 0 0 0 0 0 0 0 0 0
GPRESSAVG: 1400 0 0 0 0 0 0 0 0 0
ENERGY:    1400      1050.6956      1726.3461      2080.0839       164.0964            -40.5107      -823.0239         0.0000      5324.6099      3037.1016          12519.3990       304.9664      9482.2974     12545.4307       301.7428

PRESSURE: 1500 0 0 0 0 0 0 0 0 0
GPRESSURE: 1500 0 0 0 0 0 0 0 0 0
PRESSAVG: 1500 0 0 0 0 0 0 0 0 0
GPRESSAVG: 1500 0 0 0 0 0 0 0 0 0
ENERGY:    1500      1123.7001      1698.6726      2052.7852       155.4123            -41.8460      -824.4255         0.0000      5325.6118      3015.3622          12505.2727       302.7835      9489.9105     12532.9730       300.2259

PRESSURE: 1600 0 0 0 0 0 0 0 0 0
GPRESSURE: 1600 0 0 0 0 0 0 0 0 0
PRESSAVG: 1600 0 0 0 0 0 0 0 0 0
GPRESSAVG: 1600 0 0 0 0 0 0 0 0 0
ENERGY:    1600      1121.1131      1684.6031      2079.4876       158.1137            -40.7916      -816.1319         0.0000      5325.6355      3042.8622          12554.8917       305.5448      9512.0295     12584.3815       300.7143

PRESSURE: 1700 0 0 0 0 0 0 0 0 0
GPRESSURE: 1700 0 0 0 0 0 0 0 0 0
PRESSAVG: 1700 0 0 0 0 0 0 0 0 0
GPRESSAVG: 1700 0 0 0 0 0 0 0 0 0
ENERGY:    1700      1138.1636      1696.7944      2076.2093       149.4711            -41.2904      -816.7399         0.0000      5324.0662      3055.5684          12582.2428       306.8207      9526.6743     12610.5288       304.7434

PRESSURE: 1800 0 0 0 0 0 0 0 0 0
GPRESSURE: 1800 0 0 0 0 0 0 0 0 0
PRESSAVG: 1800 0 0 0 0 0 0 0 0 0
GPRESSAVG: 1800 0 0 0 0 0 0 0 0 0
ENERGY:    1800      1131.1690      1753.7365      2079.4101       159.1838            -41.0042      -802.2253         0.0000      5325.7766      2960.1033          12566.1498       297.2347      9606.0465     12588.0289       304.0880

PRESSURE: 1900 0 0 0 0 0 0 0 0 0
GPRESSURE: 1900 0 0 0 0 0 0 0 0 0
PRESSAVG: 1900 0 0 0 0 0 0 0 0 0
GPRESSAVG: 1900 0 0 0 0 0 0 0 0 0
ENERGY:    1900      1136.3820      1795.9497      2062.9352       160.9861            -40.2628      -833.6757         0.0000      5331.0253      3005.1272          12618.4670       301.7557      9613.3398     12640.9812       304.8788

PRESSURE: 2000 0 0 0 0 0 0 0 0 0
GPRESSURE: 2000 0 0 0 0 0 0 0 0 0
PRESSAVG: 2000 0 0 0 0 0 0 0 0 0
GPRESSAVG: 2000 0 0 0 0 0 0 0 0 0
TIMING: 2000  CPU: 0.974342, 0.000441188/step  Wall: 0.984227, 0.000445736/step, 0.000371447 hours remaining, 831.437500 MB of memory in use.
ETITLE:      TS           BOND          ANGLE          DIHED          IMPRP               ELECT            VDW       BOUNDARY           MISC        KINETIC               TOTAL           TEMP      POTENTIAL         TOTAL3        TEMPAVG

ENERGY:    2000      1115.4560      1693.8203      2064.8258       148.2315            -40.7439      -787.6216         0.0000      5325.1534      3060.3211          12579.4427       307.2979      9519.1216     12606.1242       304.7023

WRITING EXTENDED SYSTEM TO RESTART FILE AT STEP 2000
WRITING VELOCITIES TO RESTART FILE AT STEP 2000
FINISHED WRITING RESTART VELOCITIES
The last velocity output (seq=2000) takes 0.002 seconds, 831.500 MB of memory in use
WRITING COORDINATES TO DCD FILE adk-step1.dcd AT STEP 2000
WRITING COORDINATES TO RESTART FILE AT STEP 2000
FINISHED WRITING RESTART COORDINATES
The last position output (seq=2000) takes 0.002 seconds, 831.500 MB of memory in use
PRESSURE: 2100 0 0 0 0 0 0 0 0 0
GPRESSURE: 2100 0 0 0 0 0 0 0 0 0
PRESSAVG: 2100 0 0 0 0 0 0 0 0 0
GPRESSAVG: 2100 0 0 0 0 0 0 0 0 0
ENERGY:    2100      1168.9267      1716.3320      2077.4795       158.6924            -40.6643      -799.9750         0.0000      5319.5303      3008.9063          12609.2280       302.1352      9600.3217     12631.2469       305.1306

PRESSURE: 2200 0 0 0 0 0 0 0 0 0
GPRESSURE: 2200 0 0 0 0 0 0 0 0 0
PRESSAVG: 2200 0 0 0 0 0 0 0 0 0
GPRESSAVG: 2200 0 0 0 0 0 0 0 0 0
ENERGY:    2200      1174.1845      1741.0729      2085.2016       162.8639            -41.1254      -841.1949         0.0000      5328.6892      2963.1524          12572.8442       297.5409      9609.6918     12593.8046       303.3033

PRESSURE: 2300 0 0 0 0 0 0 0 0 0
GPRESSURE: 2300 0 0 0 0 0 0 0 0 0
PRESSAVG: 2300 0 0 0 0 0 0 0 0 0
GPRESSAVG: 2300 0 0 0 0 0 0 0 0 0
ENERGY:    2300      1145.7258      1703.2797      2090.5575       167.7763            -41.3241      -808.4523         0.0000      5329.6897      2966.0884          12553.3411       297.8357      9587.2527     12580.1947       302.0044

PRESSURE: 2400 0 0 0 0 0 0 0 0 0
GPRESSURE: 2400 0 0 0 0 0 0 0 0 0
PRESSAVG: 2400 0 0 0 0 0 0 0 0 0
GPRESSAVG: 2400 0 0 0 0 0 0 0 0 0
ENERGY:    2400      1132.3540      1649.8774      2069.3515       151.4761            -41.4478      -798.6601         0.0000      5329.2337      3003.5884          12495.7733       301.6012      9492.1849     12519.7465       300.6602

PRESSURE: 2500 0 0 0 0 0 0 0 0 0
GPRESSURE: 2500 0 0 0 0 0 0 0 0 0
PRESSAVG: 2500 0 0 0 0 0 0 0 0 0
GPRESSAVG: 2500 0 0 0 0 0 0 0 0 0
ENERGY:    2500      1117.6958      1656.0903      2075.3393       146.0755            -41.5120      -807.5745         0.0000      5332.8597      2996.1689          12475.1431       300.8562      9478.9742     12503.0998       298.5489

PRESSURE: 2600 0 0 0 0 0 0 0 0 0
GPRESSURE: 2600 0 0 0 0 0 0 0 0 0
PRESSAVG: 2600 0 0 0 0 0 0 0 0 0
GPRESSAVG: 2600 0 0 0 0 0 0 0 0 0
ENERGY:    2600      1088.5393      1677.4140      2084.9990       147.4158            -42.2180      -834.8271         0.0000      5342.2759      2993.1134          12456.7123       300.5494      9463.5989     12485.6974       298.1244

PRESSURE: 2700 0 0 0 0 0 0 0 0 0
GPRESSURE: 2700 0 0 0 0 0 0 0 0 0
PRESSAVG: 2700 0 0 0 0 0 0 0 0 0
GPRESSAVG: 2700 0 0 0 0 0 0 0 0 0
ENERGY:    2700      1107.1637      1714.2716      2102.7692       154.9839            -42.0170      -812.7307         0.0000      5332.3111      2957.1019          12513.8538       296.9333      9556.7519     12537.1295       298.7092

PRESSURE: 2800 0 0 0 0 0 0 0 0 0
GPRESSURE: 2800 0 0 0 0 0 0 0 0 0
PRESSAVG: 2800 0 0 0 0 0 0 0 0 0
GPRESSAVG: 2800 0 0 0 0 0 0 0 0 0
ENERGY:    2800      1106.0798      1699.9491      2056.4934       152.6644            -41.1942      -832.3791         0.0000      5334.5029      2978.5275          12454.6436       299.0847      9476.1161     12475.6811       298.5812

PRESSURE: 2900 0 0 0 0 0 0 0 0 0
GPRESSURE: 2900 0 0 0 0 0 0 0 0 0
PRESSAVG: 2900 0 0 0 0 0 0 0 0 0
GPRESSAVG: 2900 0 0 0 0 0 0 0 0 0
ENERGY:    2900      1094.3907      1686.7190      2055.0826       164.1962            -41.7735      -784.8327         0.0000      5331.1037      3011.0787          12515.9647       302.3533      9504.8860     12544.6720       298.2899

WRITING COORDINATES TO DCD FILE adk-step1.dcd AT STEP 3000
WRITING COORDINATES TO RESTART FILE AT STEP 3000
FINISHED WRITING RESTART COORDINATES
The last position output (seq=3000) takes 0.003 seconds, 831.500 MB of memory in use
WRITING VELOCITIES TO RESTART FILE AT STEP 3000
FINISHED WRITING RESTART VELOCITIES
The last velocity output (seq=3000) takes 0.002 seconds, 831.500 MB of memory in use
PRESSURE: 3000 0 0 0 0 0 0 0 0 0
GPRESSURE: 3000 0 0 0 0 0 0 0 0 0
PRESSAVG: 3000 0 0 0 0 0 0 0 0 0
GPRESSAVG: 3000 0 0 0 0 0 0 0 0 0
TIMING: 3000  CPU: 1.42349, 0.000449144/step  Wall: 1.43822, 0.000453988/step, 0.000252216 hours remaining, 831.500000 MB of memory in use.
ETITLE:      TS           BOND          ANGLE          DIHED          IMPRP               ELECT            VDW       BOUNDARY           MISC        KINETIC               TOTAL           TEMP      POTENTIAL         TOTAL3        TEMPAVG

ENERGY:    3000      1164.5588      1703.1562      2073.4435       170.1690            -41.3431      -812.6860         0.0000      5333.2205      3015.3957          12605.9146       302.7868      9590.5189     12631.8798       302.8053

WRITING EXTENDED SYSTEM TO RESTART FILE AT STEP 3000
PRESSURE: 3100 0 0 0 0 0 0 0 0 0
GPRESSURE: 3100 0 0 0 0 0 0 0 0 0
PRESSAVG: 3100 0 0 0 0 0 0 0 0 0
GPRESSAVG: 3100 0 0 0 0 0 0 0 0 0
ENERGY:    3100      1152.0996      1674.4944      2101.4861       152.8530            -41.6681      -801.0588         0.0000      5333.2672      2995.8178          12567.2913       300.8209      9571.4734     12595.3368       304.6719

PRESSURE: 3200 0 0 0 0 0 0 0 0 0
GPRESSURE: 3200 0 0 0 0 0 0 0 0 0
PRESSAVG: 3200 0 0 0 0 0 0 0 0 0
GPRESSAVG: 3200 0 0 0 0 0 0 0 0 0
ENERGY:    3200      1147.6541      1748.3685      2075.8943       160.0644            -40.3810      -838.8073         0.0000      5332.4851      3012.1273          12597.4055       302.4586      9585.2782     12616.6160       303.7379

PRESSURE: 3300 0 0 0 0 0 0 0 0 0
GPRESSURE: 3300 0 0 0 0 0 0 0 0 0
PRESSAVG: 3300 0 0 0 0 0 0 0 0 0
GPRESSAVG: 3300 0 0 0 0 0 0 0 0 0
ENERGY:    3300      1109.6976      1748.0408      2073.5280       166.4808            -39.9801      -825.2888         0.0000      5330.2948      2975.4730          12538.2460       298.7780      9562.7731     12565.5647       303.3403

PRESSURE: 3400 0 0 0 0 0 0 0 0 0
GPRESSURE: 3400 0 0 0 0 0 0 0 0 0
PRESSAVG: 3400 0 0 0 0 0 0 0 0 0
GPRESSAVG: 3400 0 0 0 0 0 0 0 0 0
ENERGY:    3400      1116.4780      1714.8314      2071.3217       165.4858            -40.1143      -812.5407         0.0000      5328.7073      2990.9905          12535.1597       300.3362      9544.1692     12564.1393       301.5277

PRESSURE: 3500 0 0 0 0 0 0 0 0 0
GPRESSURE: 3500 0 0 0 0 0 0 0 0 0
PRESSAVG: 3500 0 0 0 0 0 0 0 0 0
GPRESSAVG: 3500 0 0 0 0 0 0 0 0 0
ENERGY:    3500      1107.2371      1713.0605      2095.6643       153.2857            -41.1035      -831.8656         0.0000      5334.2809      2997.9569          12528.5162       301.0357      9530.5594     12553.4608       300.7144

PRESSURE: 3600 0 0 0 0 0 0 0 0 0
GPRESSURE: 3600 0 0 0 0 0 0 0 0 0
PRESSAVG: 3600 0 0 0 0 0 0 0 0 0
GPRESSAVG: 3600 0 0 0 0 0 0 0 0 0
ENERGY:    3600      1093.8582      1710.9715      2073.3587       150.2212            -41.0022      -810.9300         0.0000      5337.6220      2955.7718          12469.8712       296.7998      9514.0994     12494.9974       298.8635

PRESSURE: 3700 0 0 0 0 0 0 0 0 0
GPRESSURE: 3700 0 0 0 0 0 0 0 0 0
PRESSAVG: 3700 0 0 0 0 0 0 0 0 0
GPRESSAVG: 3700 0 0 0 0 0 0 0 0 0
ENERGY:    3700      1118.0896      1724.3784      2077.0861       159.8776            -41.2041      -838.4313         0.0000      5336.6485      2916.7606          12453.2056       292.8825      9536.4450     12476.6425       297.8785

PRESSURE: 3800 0 0 0 0 0 0 0 0 0
GPRESSURE: 3800 0 0 0 0 0 0 0 0 0
PRESSAVG: 3800 0 0 0 0 0 0 0 0 0
GPRESSAVG: 3800 0 0 0 0 0 0 0 0 0
ENERGY:    3800      1071.3167      1697.6984      2089.0323       158.3685            -41.2274      -803.7379         0.0000      5332.9877      2977.2483          12481.6866       298.9563      9504.4383     12504.2711       299.7122

PRESSURE: 3900 0 0 0 0 0 0 0 0 0
GPRESSURE: 3900 0 0 0 0 0 0 0 0 0
PRESSAVG: 3900 0 0 0 0 0 0 0 0 0
GPRESSAVG: 3900 0 0 0 0 0 0 0 0 0
ENERGY:    3900      1087.0772      1693.1774      2094.2698       144.2777            -41.3032      -779.6186         0.0000      5322.2675      2955.0926          12475.2403       296.7316      9520.1478     12498.2229       298.8392

WRITING COORDINATES TO DCD FILE adk-step1.dcd AT STEP 4000
WRITING COORDINATES TO RESTART FILE AT STEP 4000
FINISHED WRITING RESTART COORDINATES
The last position output (seq=4000) takes 0.003 seconds, 831.500 MB of memory in use
PRESSURE: 4000 0 0 0 0 0 0 0 0 0
GPRESSURE: 4000 0 0 0 0 0 0 0 0 0
PRESSAVG: 4000 0 0 0 0 0 0 0 0 0
GPRESSAVG: 4000 0 0 0 0 0 0 0 0 0
TIMING: 4000  CPU: 1.87771, 0.00045422/step  Wall: 1.89551, 0.000457297/step, 0.000127027 hours remaining, 831.500000 MB of memory in use.
ETITLE:      TS           BOND          ANGLE          DIHED          IMPRP               ELECT            VDW       BOUNDARY           MISC        KINETIC               TOTAL           TEMP      POTENTIAL         TOTAL3        TEMPAVG

ENERGY:    4000      1131.4090      1696.5584      2068.7263       150.7013            -41.1033      -812.7225         0.0000      5322.7698      2986.0215          12502.3605       299.8372      9516.3391     12527.8303       298.1574

WRITING EXTENDED SYSTEM TO RESTART FILE AT STEP 4000
WRITING VELOCITIES TO RESTART FILE AT STEP 4000
FINISHED WRITING RESTART VELOCITIES
The last velocity output (seq=4000) takes 0.002 seconds, 831.500 MB of memory in use
PRESSURE: 4100 0 0 0 0 0 0 0 0 0
GPRESSURE: 4100 0 0 0 0 0 0 0 0 0
PRESSAVG: 4100 0 0 0 0 0 0 0 0 0
GPRESSAVG: 4100 0 0 0 0 0 0 0 0 0
ENERGY:    4100      1111.7389      1754.3260      2058.9520       161.4645            -40.8370      -837.4953         0.0000      5331.3875      2942.5292          12482.0659       295.4700      9539.5367     12507.5574       298.5144

PRESSURE: 4200 0 0 0 0 0 0 0 0 0
GPRESSURE: 4200 0 0 0 0 0 0 0 0 0
PRESSAVG: 4200 0 0 0 0 0 0 0 0 0
GPRESSAVG: 4200 0 0 0 0 0 0 0 0 0
ENERGY:    4200      1132.4708      1650.4874      2040.1442       155.4857            -41.3171      -811.7986         0.0000      5343.4066      2989.5616          12458.4406       300.1927      9468.8790     12483.0944       298.7652

LDB: ============= START OF LOAD BALANCING ============== 4.22622
LDB: ============== END OF LOAD BALANCING =============== 4.22629
Info: useSync: 0 useProxySync: 0
LDB: =============== DONE WITH MIGRATION ================ 4.22641
PRESSURE: 4300 0 0 0 0 0 0 0 0 0
GPRESSURE: 4300 0 0 0 0 0 0 0 0 0
PRESSAVG: 4300 0 0 0 0 0 0 0 0 0
GPRESSAVG: 4300 0 0 0 0 0 0 0 0 0
ENERGY:    4300      1083.5261      1694.2645      2068.5065       135.6977            -41.2152      -827.8989         0.0000      5333.2690      2966.4512          12412.6008       297.8721      9446.1497     12437.7187       296.5906

LDB: ============= START OF LOAD BALANCING ============== 4.27027
LDB: TIME 4.2705 LOAD: AVG 0.0134257 MAX 0.0328006  PROXIES: TOTAL 174 MAXPE 7 MAXPATCH 7 None MEM: 831.5 MB
LDB: TIME 4.27071 LOAD: AVG 0.0134257 MAX 0.0328006  PROXIES: TOTAL 174 MAXPE 7 MAXPATCH 7 RefineTorusLB MEM: 831.625 MB
LDB: TIME 4.27085 LOAD: AVG 0.0134257 MAX 0.0328006  PROXIES: TOTAL 174 MAXPE 7 MAXPATCH 7 RefineTorusLB MEM: 831.625 MB
LDB: ============== END OF LOAD BALANCING =============== 4.27108
Info: build node-aware spanning tree with send: 1, recv: 0 with branch factor 4
Info: useSync: 0 useProxySync: 0
LDB: =============== DONE WITH MIGRATION ================ 4.27182
PRESSURE: 4400 0 0 0 0 0 0 0 0 0
GPRESSURE: 4400 0 0 0 0 0 0 0 0 0
PRESSAVG: 4400 0 0 0 0 0 0 0 0 0
GPRESSAVG: 4400 0 0 0 0 0 0 0 0 0
ENERGY:    4400      1122.7933      1687.2450      2076.9694       160.5892            -41.6990      -819.1549         0.0000      5323.9729      2982.1667          12492.8825       299.4502      9510.7159     12514.7865       298.5239

PRESSURE: 4500 0 0 0 0 0 0 0 0 0
GPRESSURE: 4500 0 0 0 0 0 0 0 0 0
PRESSAVG: 4500 0 0 0 0 0 0 0 0 0
GPRESSAVG: 4500 0 0 0 0 0 0 0 0 0
ENERGY:    4500      1163.5115      1674.2695      2080.6495       160.0440            -41.9438      -841.1127         0.0000      5323.7755      3022.9711          12542.1646       303.5475      9519.1936     12566.0148       301.5133

PRESSURE: 4600 0 0 0 0 0 0 0 0 0
GPRESSURE: 4600 0 0 0 0 0 0 0 0 0
PRESSAVG: 4600 0 0 0 0 0 0 0 0 0
GPRESSAVG: 4600 0 0 0 0 0 0 0 0 0
ENERGY:    4600      1134.8220      1728.2825      2071.3034       151.3282            -41.2515      -807.9471         0.0000      5328.6250      2968.5516          12533.7140       298.0830      9565.1625     12552.1631       300.6120

PRESSURE: 4700 0 0 0 0 0 0 0 0 0
GPRESSURE: 4700 0 0 0 0 0 0 0 0 0
PRESSAVG: 4700 0 0 0 0 0 0 0 0 0
GPRESSAVG: 4700 0 0 0 0 0 0 0 0 0
ENERGY:    4700      1144.7995      1693.1059      2085.2406       138.1832            -40.0978      -804.2285         0.0000      5325.3278      2954.7264          12497.0571       296.6948      9542.3307     12516.8462       301.6831

PRESSURE: 4800 0 0 0 0 0 0 0 0 0
GPRESSURE: 4800 0 0 0 0 0 0 0 0 0
PRESSAVG: 4800 0 0 0 0 0 0 0 0 0
GPRESSAVG: 4800 0 0 0 0 0 0 0 0 0
ENERGY:    4800      1132.1011      1698.8215      2081.5463       145.6115            -40.5086      -812.1384         0.0000      5318.1636      2993.3786          12516.9756       300.5760      9523.5970     12536.7058       299.3840

PRESSURE: 4900 0 0 0 0 0 0 0 0 0
GPRESSURE: 4900 0 0 0 0 0 0 0 0 0
PRESSAVG: 4900 0 0 0 0 0 0 0 0 0
GPRESSAVG: 4900 0 0 0 0 0 0 0 0 0
ENERGY:    4900      1116.1781      1714.0219      2106.2211       156.7997            -40.1512      -827.9499         0.0000      5316.7746      2967.7907          12509.6851       298.0066      9541.8944     12535.9518       300.2396

PRESSURE: 5000 0 0 0 0 0 0 0 0 0
GPRESSURE: 5000 0 0 0 0 0 0 0 0 0
PRESSAVG: 5000 0 0 0 0 0 0 0 0 0
GPRESSAVG: 5000 0 0 0 0 0 0 0 0 0
TIMING: 5000  CPU: 2.32174, 0.000444029/step  Wall: 2.34217, 0.000446656/step, 0 hours remaining, 831.625000 MB of memory in use.
ETITLE:      TS           BOND          ANGLE          DIHED          IMPRP               ELECT            VDW       BOUNDARY           MISC        KINETIC               TOTAL           TEMP      POTENTIAL         TOTAL3        TEMPAVG

ENERGY:    5000      1099.5902      1747.6526      2068.7135       148.8820            -40.3683      -826.2179         0.0000      5319.9459      2985.8867          12504.0848       299.8237      9518.1980     12524.2690       299.7074

WRITING EXTENDED SYSTEM TO RESTART FILE AT STEP 5000
WRITING VELOCITIES TO RESTART FILE AT STEP 5000
FINISHED WRITING RESTART VELOCITIES
The last velocity output (seq=5000) takes 0.002 seconds, 832.125 MB of memory in use
WRITING COORDINATES TO DCD FILE adk-step1.dcd AT STEP 5000
WRITING COORDINATES TO RESTART FILE AT STEP 5000
FINISHED WRITING RESTART COORDINATES
The last position output (seq=5000) takes 0.002 seconds, 832.125 MB of memory in use
WRITING EXTENDED SYSTEM TO OUTPUT FILE AT STEP 5000
WRITING COORDINATES TO OUTPUT FILE AT STEP 5000
CLOSING COORDINATE DCD FILE adk-step1.dcd
The last position output (seq=-2) takes 0.003 seconds, 832.125 MB of memory in use
WRITING VELOCITIES TO OUTPUT FILE AT STEP 5000
====================================================

WallClock: 4.548573  CPUTime: 3.201741  Memory: 832.125000 MB
End of program
