Info) VMD for SUMMIT, version 1.9.3 (December 12, 2019)
Info) http://www.ks.uiuc.edu/Research/vmd/                         
Info) Email questions and bug reports to vmd@ks.uiuc.edu           
Info) Please include this reference in published work using VMD:   
Info)    Humphrey, W., Dalke, A. and Schulten, K., `VMD - Visual   
Info)    Molecular Dynamics', J. Molec. Graphics 1996, 14.1, 33-38.
Info) -------------------------------------------------------------
Info) Initializing parallel VMD instances via MPI...
Info) Found 1 VMD MPI node containing a total of 176 CPUs and 0 GPUs:
Info)    0: 176 CPUs, 567.8GB (93%) free mem, 0 GPUs, Name: h36n07
Info) No CUDA accelerator devices available.
psfplugin) Detected a Charmm PSF file
Info) Using plugin psf for structure file 1ake-docked-noh_autopsf.psf
Info) Analyzing structure ...
Info)    Atoms: 3341
Info)    Bonds: 3365
Info)    Angles: 6123  Dihedrals: 8921  Impropers: 567  Cross-terms: 212
Info)    Bondtypes: 0  Angletypes: 0  Dihedraltypes: 0  Impropertypes: 0
Info)    Residues: 214
Info)    Waters: 0
Info)    Segments: 1
Info)    Fragments: 1   Protein: 1   Nucleic: 0
0
dcdplugin) detected standard 32-bit DCD file of native endianness
dcdplugin) CHARMM format DCD file (also NAMD 2.1 and later)
Info) Using plugin dcd for coordinates from file adk-step1.dcd
Info) Finished with coordinate file adk-step1.dcd.
0
cc.dat
0.5
atomselect0
Warning: guessing atomic number for atoms with unknown element...
Info) volmap: Computing bounding box coordinates
Info) volmap: grid minmax = {-26 -36 -38} {19 17 20}
Info) volmap: grid size = 45x53x58 (0.5 MB)
Info) volmap: writing file "/tmp/mdff_sim5247030004508342.dx".
MAP <- "/tmp/mdff_sim5247030004508342.dx"
MAP :: gaussian blur (sigma = 0.9, regular)
MAP :: pad by x:3 3 y:3 3 z:3 3
MAP -> "/tmp/mdff_corr8310048062498704.dx"

Stats for MAP:
  WEIGHT:    1
  AVERAGE:   0.0950736
  STDEV:     0.360399
  MIN:       0
  MAX:       7.19912
  PMF_AVG:   0.0572233

0.67328
Info) volmap: Computing bounding box coordinates
Info) volmap: grid minmax = {-26 -36 -38} {19 17 20}
Info) volmap: grid size = 45x53x58 (0.5 MB)
Info) volmap: writing file "/tmp/mdff_sim2642033068762176.dx".
MAP <- "/tmp/mdff_sim2642033068762176.dx"
MAP :: gaussian blur (sigma = 0.9, regular)
MAP :: pad by x:3 3 y:3 3 z:3 3
MAP -> "/tmp/mdff_corr9848650931310212.dx"

Stats for MAP:
  WEIGHT:    1
  AVERAGE:   0.0939752
  STDEV:     0.355358
  MIN:       0
  MAX:       7.16531
  PMF_AVG:   0.056863

0.685497
0.67328 0.685497
file34
Info) VMD for SUMMIT, version 1.9.3 (December 12, 2019)
Info) Exiting normally.
Info) All nodes have reached the MPI shutdown barrier.
