2_10_cc.dat
/gpfs/alpine/bip115/scratch/hrlee/radical.pilot.sandbox/re.session.login1.hrlee.018632.0005/pilot.0000/staging_area/2_10_cc.dat
2, 10
Choosing optimized barrier algorithm name I0:HybridBinomial:SHMEM:P2P
Converse/Charm++ Commit ID: v6.10.2-0-g7bf00fa-namd-charm-6.10.2-build-2020-Aug-05-556
Warning> Randomization of virtual memory (ASLR) is turned on in the kernel, thread migration may not work! Run 'echo 0 > /proc/sys/kernel/randomize_va_space' as root to disable it, or try running with '+isomalloc_sync'.
CharmLB> Load balancer assumes all CPUs are same.
Charm++> Running on 1 hosts (1 sockets x 7 cores x 4 PUs = 28-way SMP)
Charm++> cpu topology info is gathered in 0.003 seconds.
Info: Built with CUDA version 10010
Did not find +devices i,j,k,... argument, using all
Pe 12 physical rank 12 will use CUDA device of pe 7
Pe 18 physical rank 18 will use CUDA device of pe 14
Pe 2 physical rank 2 will use CUDA device of pe 4
Pe 25 physical rank 25 will use CUDA device of pe 21
Pe 39 physical rank 39 will use CUDA device of pe 35
Pe 9 physical rank 9 will use CUDA device of pe 7
Pe 31 physical rank 31 will use CUDA device of pe 28
Pe 19 physical rank 19 will use CUDA device of pe 14
Pe 5 physical rank 5 will use CUDA device of pe 4
Pe 24 physical rank 24 will use CUDA device of pe 21
Pe 37 physical rank 37 will use CUDA device of pe 35
Pe 10 physical rank 10 will use CUDA device of pe 7
Pe 32 physical rank 32 will use CUDA device of pe 28
Pe 17 physical rank 17 will use CUDA device of pe 14
Pe 3 physical rank 3 will use CUDA device of pe 4
Pe 27 physical rank 27 will use CUDA device of pe 21
Pe 40 physical rank 40 will use CUDA device of pe 35
Pe 13 physical rank 13 will use CUDA device of pe 7
Pe 33 physical rank 33 will use CUDA device of pe 28
Pe 20 physical rank 20 will use CUDA device of pe 14
Pe 26 physical rank 26 will use CUDA device of pe 21
Pe 41 physical rank 41 will use CUDA device of pe 35
Pe 11 physical rank 11 will use CUDA device of pe 7
Pe 34 physical rank 34 will use CUDA device of pe 28
Pe 16 physical rank 16 will use CUDA device of pe 14
Pe 6 physical rank 6 will use CUDA device of pe 4
Pe 23 physical rank 23 will use CUDA device of pe 21
Pe 38 physical rank 38 will use CUDA device of pe 35
Pe 8 physical rank 8 will use CUDA device of pe 7
Pe 30 physical rank 30 will use CUDA device of pe 28
Pe 15 physical rank 15 will use CUDA device of pe 14
Pe 1 physical rank 1 will use CUDA device of pe 4
Pe 22 physical rank 22 will use CUDA device of pe 21
Pe 36 physical rank 36 will use CUDA device of pe 35
Pe 29 physical rank 29 will use CUDA device of pe 28
Pe 0 physical rank 0 will use CUDA device of pe 4
Pe 7 physical rank 7 binding to CUDA device 0 on h35n16: 'Tesla V100-SXM2-16GB'  Mem: 16128MB  Rev: 7.0  PCI: 4:5:0
Pe 14 physical rank 14 binding to CUDA device 0 on h35n16: 'Tesla V100-SXM2-16GB'  Mem: 16128MB  Rev: 7.0  PCI: 4:6:0
Pe 4 physical rank 4 binding to CUDA device 0 on h35n16: 'Tesla V100-SXM2-16GB'  Mem: 16128MB  Rev: 7.0  PCI: 4:4:0
Pe 21 physical rank 21 binding to CUDA device 0 on h35n16: 'Tesla V100-SXM2-16GB'  Mem: 16128MB  Rev: 7.0  PCI: 35:3:0
Pe 35 physical rank 35 binding to CUDA device 0 on h35n16: 'Tesla V100-SXM2-16GB'  Mem: 16128MB  Rev: 7.0  PCI: 35:5:0
Pe 28 physical rank 28 binding to CUDA device 0 on h35n16: 'Tesla V100-SXM2-16GB'  Mem: 16128MB  Rev: 7.0  PCI: 35:4:0
Info: NAMD 2.14 for Linux-POWER-pami-smp-Summit-CUDA
Info: 
Info: Please visit http://www.ks.uiuc.edu/Research/namd/
Info: for updates, documentation, and support information.
Info: 
Info: Please cite Phillips et al., J. Chem. Phys. 153:044130 (2020) doi:10.1063/5.0014475
Info: in all publications reporting results obtained with NAMD.
Info: 
Info: Based on Charm++/Converse 61002 for pami-linux-ppc64le-smp
Info: Built Wed Aug 5 14:28:51 EDT 2020 by jimp on login2
Info: 1 NAMD  2.14  Linux-POWER-pami-smp-Summit-CUDA  42    h35n16  hrlee
Info: Running on 42 processors, 6 nodes, 1 physical nodes.
Info: CPU topology information available.
Info: Charm++/Converse parallel runtime startup completed at 1.34185 s
CkLoopLib is used in SMP with simple dynamic scheduling (converse-level notification)
Info: 791.688 MB of memory in use based on /proc/self/stat
Info: Configuration file is adk-step1.namd
Info: Working in the current directory /gpfs/alpine/bip115/scratch/hrlee/radical.pilot.sandbox/re.session.login1.hrlee.018632.0005/pilot.0000/unit.000760
TCL: Suspending until startup complete.
Info: SIMULATION PARAMETERS:
Info: TIMESTEP               1
Info: NUMBER OF STEPS        0
Info: STEPS PER CYCLE        20
Info: LOAD BALANCER  Centralized
Info: LOAD BALANCING STRATEGY  New Load Balancers -- DEFAULT
Info: LDB PERIOD             4000 steps
Info: FIRST LDB TIMESTEP     100
Info: LAST LDB TIMESTEP     -1
Info: LDB BACKGROUND SCALING 1
Info: HOM BACKGROUND SCALING 1
Info: MIN ATOMS PER PATCH    40
Info: VELOCITY FILE          2_10_adk-step1.restart.vel
Info: CENTER OF MASS MOVING INITIALLY? NO
Info: DIELECTRIC             80
Info: EXCLUDE                SCALED ONE-FOUR
Info: 1-4 ELECTROSTATICS SCALED BY 1
Info: MODIFIED 1-4 VDW PARAMETERS WILL BE USED
Info: DCD FILENAME           adk-step1.dcd
Info: DCD FREQUENCY          1000
Info: DCD FIRST STEP         1000
Info: NO EXTENDED SYSTEM TRAJECTORY OUTPUT
Info: NO VELOCITY DCD OUTPUT
Info: NO FORCE DCD OUTPUT
Info: OUTPUT FILENAME        adk-step1
Info: BINARY OUTPUT FILES WILL BE USED
Info: RESTART FILENAME       adk-step1.restart
Info: RESTART FREQUENCY      1000
Info: BINARY RESTART FILES WILL BE USED
Info: SWITCHING ACTIVE
Info: SWITCHING ON           9
Info: SWITCHING OFF          10
Info: PAIRLIST DISTANCE      11
Info: PAIRLIST SHRINK RATE   0.01
Info: PAIRLIST GROW RATE     0.01
Info: PAIRLIST TRIGGER       0.3
Info: PAIRLISTS PER CYCLE    2
Info: PAIRLISTS ENABLED
Info: MARGIN                 0
Info: HYDROGEN GROUP CUTOFF  2.5
Info: PATCH DIMENSION        13.5
Info: ENERGY OUTPUT STEPS    100
Info: CROSSTERM ENERGY INCLUDED IN DIHEDRAL
Info: TIMING OUTPUT STEPS    1000
Info: PRESSURE OUTPUT STEPS  100
Info: GRID FORCE ACTIVE
Info:  Please include this reference in published work using
Info:  the Gridforce module of NAMD: David Wells, Volha Abramkina,
Info:  and Aleksei Aksimentiev, J. Chem. Phys. 127:125101-10 (2007).
Info: MGRIDFORCE key 0
Info:            Potfile 4ake-target_autopsf-grid.dx
Info:            Scale 0.3 0.3 0.3
Info:            File 1ake-docked-noh_autopsf-grid.pdb
Info:            Col O
Info:            ChargeCol B
Info:            VOffset 0 0 0
Info:            Continuous K1 FALSE
Info:            Continuous K2 FALSE
Info:            Continuous K3 FALSE
Info:            Volts FALSE
Info:            Gridforce-Lite FALSE
Info:            Gridforce-CheckSize TRUE
Info: LANGEVIN DYNAMICS ACTIVE
Info: LANGEVIN TEMPERATURE   300
Info: LANGEVIN USING BBK INTEGRATOR
Info: LANGEVIN DAMPING COEFFICIENT IS 5 INVERSE PS
Info: LANGEVIN DYNAMICS NOT APPLIED TO HYDROGENS
Info: USING VERLET I (r-RESPA) MTS SCHEME.
Info: C1 SPLITTING OF LONG RANGE ELECTROSTATICS
Info: PLACING ATOMS IN PATCHES BY HYDROGEN GROUPS
Info: RIGID BONDS TO HYDROGEN : WATER
Info:         ERROR TOLERANCE : 1e-08
Info:          MAX ITERATIONS : 100
Info: RIGID WATER USING SETTLE ALGORITHM
Info: NONBONDED FORCES EVALUATED EVERY 2 STEPS
Info: RANDOM NUMBER SEED     1609828239
Info: USE HYDROGEN BONDS?    NO
Info: COORDINATE PDB         1ake-docked-noh_autopsf.pdb
Info: STRUCTURE FILE         1ake-docked-noh_autopsf.psf
Info: PARAMETER file: CHARMM format! 
Info: PARAMETERS             par_all36_prot.prm
Info: USING ARITHMETIC MEAN TO COMBINE L-J SIGMA PARAMETERS
Info: BINARY COORDINATES     2_10_adk-step1.restart.coor
Info: SUMMARY OF PARAMETERS:
Info: 132 BONDS
Info: 362 ANGLES
Info: 702 DIHEDRAL
Info: 35 IMPROPER
Info: 6 CROSSTERM
Info: 53 VDW
Info: 0 VDW_PAIRS
Info: 0 NBTHOLE_PAIRS
Info: TIME FOR READING PSF FILE: 0.36699
Info: READING EXTRA BONDS FILE 1ake-extrabonds.txt
Info: READING EXTRA BONDS FILE 1ake-extrabonds-cispeptide.txt
Info: READING EXTRA BONDS FILE 1ake-extrabonds-chirality.txt
Info: READ 80 EXTRA BONDS
Info: READ 80 EXTRA ANGLES
Warning: EXTRA ANGLES ARE COSINE-BASED BY DEFAULT TO MATCH PREVIOUS VERSIONS
Warning: FOR NORMAL HARMONIC EXTRA ANGLES SET extraBondsCosAngles off
Info: READ 493 EXTRA DIHEDRALS
Info: READ 438 EXTRA IMPROPERS
Info: Reading pdb file 1ake-docked-noh_autopsf.pdb
Info: TIME FOR READING PDB FILE: 0.0758431
Info: 
Info: ****************************
Info: STRUCTURE SUMMARY:
Info: 3341 ATOMS
Info: 3445 BONDS
Info: 6203 ANGLES
Info: 9414 DIHEDRALS
Info: 1005 IMPROPERS
Info: 212 CROSSTERMS
Info: 0 EXCLUSIONS
Info: 0 RIGID BONDS
Info: 1 GRIDS ACTIVE
Info: 10023 DEGREES OF FREEDOM
Info: 1656 HYDROGEN GROUPS
Info: 4 ATOMS IN LARGEST HYDROGEN GROUP
Info: 1656 MIGRATION GROUPS
Info: 4 ATOMS IN LARGEST MIGRATION GROUP
Info: TOTAL MASS = 23582 amu
Info: TOTAL CHARGE = -4 e
Info: *****************************
Info: Reading from binary file 2_10_adk-step1.restart.coor
Info: 
Info: Entering startup at 2.35982 s, 798.438 MB of memory in use
Info: Startup phase 0 took 0.000190521 s, 798.562 MB of memory in use
Info: ADDED 18308 IMPLICIT EXCLUSIONS
Info: Startup phase 1 took 0.00730989 s, 798.688 MB of memory in use
Info: NONBONDED TABLE R-SQUARED SPACING: 0.0625
Info: NONBONDED TABLE SIZE: 705 POINTS
Info: ABSOLUTE IMPRECISION IN FAST TABLE ENERGY: 3.38813e-21 AT 9.89634
Info: RELATIVE IMPRECISION IN FAST TABLE ENERGY: 4.23384e-15 AT 9.94673
Info: ABSOLUTE IMPRECISION IN FAST TABLE FORCE: 6.35275e-22 AT 9.94673
Info: RELATIVE IMPRECISION IN FAST TABLE FORCE: 5.07982e-16 AT 9.94673
Info: INCONSISTENCY IN FAST TABLE ENERGY VS FORCE: 0.000290185 AT 0.251946
Info: ABSOLUTE IMPRECISION IN VDWA TABLE ENERGY: 1.57772e-30 AT 9.89634
Info: RELATIVE IMPRECISION IN VDWA TABLE ENERGY: 4.54938e-15 AT 9.94673
Info: ABSOLUTE IMPRECISION IN VDWA TABLE FORCE: 5.91646e-31 AT 9.94673
Info: RELATIVE IMPRECISION IN VDWA TABLE FORCE: 5.6823e-16 AT 9.94673
Info: INCONSISTENCY IN VDWA TABLE ENERGY VS FORCE: 0.0040507 AT 0.251946
Info: ABSOLUTE IMPRECISION IN VDWB TABLE ENERGY: 4.71751e-25 AT 9.94673
Info: RELATIVE IMPRECISION IN VDWB TABLE ENERGY: 1.45371e-14 AT 9.94673
Info: ABSOLUTE IMPRECISION IN VDWB TABLE FORCE: 6.20385e-25 AT 9.94673
Info: RELATIVE IMPRECISION IN VDWB TABLE FORCE: 5.97512e-16 AT 9.94673
Info: INCONSISTENCY IN VDWB TABLE ENERGY VS FORCE: 0.00377068 AT 9.07951
Info: Startup phase 2 took 0.000488857 s, 800 MB of memory in use
Info: Startup phase 3 took 0.000163423 s, 800.375 MB of memory in use
Info: Startup phase 4 took 0.000286652 s, 800.5 MB of memory in use
Info: Startup phase 5 took 0.000155375 s, 800.5 MB of memory in use
Info: ORIGINAL ATOMS MINMAX IS -22.6542 -33.321 -34.5077  17.1126 12.336 17.1731
Info: ADJUSTED ATOMS MINMAX IS -17.4932 -27.1517 -30.1518  11.6257 7.0258 7.62123
Info: PATCH GRID IS 5 BY 3 BY 3
Info: PATCH GRID IS 2-AWAY BY 1-AWAY BY 1-AWAY
Info: Reading from binary file 2_10_adk-step1.restart.vel
Info: REMOVING COM VELOCITY -0.0780508 -0.00762922 -0.2053
Info: LARGEST PATCH (37) HAS 152 ATOMS
Info: TORUS A SIZE 1 USING 0
Info: TORUS B SIZE 1 USING 0
Info: TORUS C SIZE 1 USING 0
Info: TORUS MINIMAL MESH SIZE IS 1 BY 1 BY 1
Info: Placed 100% of base nodes on same physical node as patch
Info: Startup phase 6 took 0.00741566 s, 800.625 MB of memory in use
Info: Startup phase 7 took 0.000150892 s, 801.625 MB of memory in use
Info: Updated CUDA force table with 4096 elements.
Info: Updated CUDA LJ table with 53 x 53 elements.
Info: Updated CUDA force table with 4096 elements.
Info: Updated CUDA LJ table with 53 x 53 elements.
Info: Updated CUDA force table with 4096 elements.
Info: Updated CUDA force table with 4096 elements.
Info: Updated CUDA LJ table with 53 x 53 elements.
Info: Updated CUDA force table with 4096 elements.
Info: Updated CUDA LJ table with 53 x 53 elements.
Info: Updated CUDA LJ table with 53 x 53 elements.
Info: Updated CUDA force table with 4096 elements.
Info: Updated CUDA LJ table with 53 x 53 elements.
Info: Startup phase 8 took 0.00324891 s, 801.688 MB of memory in use
Info: Startup phase 9 took 0.000339701 s, 801.75 MB of memory in use
Info: Startup phase 10 took 0.000157765 s, 801.812 MB of memory in use
Info: Startup phase 11 took 0.000752104 s, 801.938 MB of memory in use
LDB: Central LB being created...
Info: Startup phase 12 took 0.00205725 s, 802.75 MB of memory in use
Info: CREATING 1139 COMPUTE OBJECTS
Info: Found 278 unique exclusion lists needing 900 bytes
Info: Found 278 unique exclusion lists needing 900 bytes
Info: Found 278 unique exclusion lists needing 900 bytes
Info: Found 278 unique exclusion lists needing 900 bytes
Info: Found 278 unique exclusion lists needing 900 bytes
Info: Found 278 unique exclusion lists needing 900 bytes
Info: Startup phase 13 took 0.0148564 s, 803.625 MB of memory in use
Info: Building spanning tree ... send: 1 recv: 0 with branch factor 4
Info: useSync: 0 useProxySync: 0
Info: Startup phase 14 took 0.000228427 s, 803.688 MB of memory in use
Info: Startup phase 15 took 0.000166917 s, 803.875 MB of memory in use
Info: Finished startup at 2.39779 s, 803.938 MB of memory in use

TCL: Running for 5000 steps
PRESSURE: 0 0 0 0 0 0 0 0 0 0
GPRESSURE: 0 0 0 0 0 0 0 0 0 0
ETITLE:      TS           BOND          ANGLE          DIHED          IMPRP               ELECT            VDW       BOUNDARY           MISC        KINETIC               TOTAL           TEMP      POTENTIAL         TOTAL3        TEMPAVG

ENERGY:       0      1084.2486      1713.2553      2066.0732       160.6028            -40.7151      -826.0950         0.0000      5267.3979      2991.6649          12416.4326       300.4039      9424.7677     12439.9544       300.4039

LDB: ============= START OF LOAD BALANCING ============== 2.40875
LDB: ============== END OF LOAD BALANCING =============== 2.40879
Info: useSync: 0 useProxySync: 0
LDB: =============== DONE WITH MIGRATION ================ 2.4089
LDB: ============= START OF LOAD BALANCING ============== 2.44518
LDB: Partitioning computes with target load 0.000000
LDB: Increased migratable compute count from 0 to 0
LDB: Largest unpartitionable compute is 0.000000
LDB: ============== END OF LOAD BALANCING =============== 2.44549
Info: build node-aware spanning tree with send: 1, recv: 0 with branch factor 4
Info: useSync: 0 useProxySync: 0
LDB: =============== DONE WITH MIGRATION ================ 2.44618
PRESSURE: 100 0 0 0 0 0 0 0 0 0
GPRESSURE: 100 0 0 0 0 0 0 0 0 0
PRESSAVG: 100 0 0 0 0 0 0 0 0 0
GPRESSAVG: 100 0 0 0 0 0 0 0 0 0
Info: Initial time: 42 CPUs 0.000455066 s/step 0.00526696 days/ns 819.562 MB memory
ENERGY:     100      1122.8847      1724.1175      2054.3127       145.9322            -41.4414      -810.1446         0.0000      5283.2905      2968.1033          12447.0549       298.0380      9478.9516     12473.5126       299.6570

LDB: ============= START OF LOAD BALANCING ============== 2.45518
LDB: ============== END OF LOAD BALANCING =============== 2.45521
Info: useSync: 0 useProxySync: 0
LDB: =============== DONE WITH MIGRATION ================ 2.45528
LDB: ============= START OF LOAD BALANCING ============== 2.49107
LDB: TIME 2.49125 LOAD: AVG 0.0112366 MAX 0.0212621  PROXIES: TOTAL 173 MAXPE 10 MAXPATCH 7 None MEM: 820.562 MB
LDB: TIME 2.49139 LOAD: AVG 0.0112366 MAX 0.0212621  PROXIES: TOTAL 173 MAXPE 10 MAXPATCH 7 TorusLB MEM: 820.688 MB
LDB: Reverting to original mapping
LDB: ============== END OF LOAD BALANCING =============== 2.49158
Info: build node-aware spanning tree with send: 1, recv: 0 with branch factor 4
Info: useSync: 0 useProxySync: 0
LDB: =============== DONE WITH MIGRATION ================ 2.49218
PRESSURE: 200 0 0 0 0 0 0 0 0 0
GPRESSURE: 200 0 0 0 0 0 0 0 0 0
PRESSAVG: 200 0 0 0 0 0 0 0 0 0
GPRESSAVG: 200 0 0 0 0 0 0 0 0 0
Info: Initial time: 42 CPUs 0.000445704 s/step 0.00515861 days/ns 820.688 MB memory
ENERGY:     200      1103.2144      1736.1789      2059.9080       153.4535            -41.2608      -809.9873         0.0000      5277.1982      2896.6198          12375.3246       290.8601      9478.7048     12397.6731       297.0929

LDB: ============= START OF LOAD BALANCING ============== 2.53725
LDB: TIME 2.53741 LOAD: AVG 0.0140524 MAX 0.0261702  PROXIES: TOTAL 173 MAXPE 10 MAXPATCH 7 None MEM: 821.625 MB
LDB: TIME 2.53753 LOAD: AVG 0.0140524 MAX 0.0261702  PROXIES: TOTAL 173 MAXPE 10 MAXPATCH 7 RefineTorusLB MEM: 821.688 MB
LDB: TIME 2.53766 LOAD: AVG 0.0140524 MAX 0.0261702  PROXIES: TOTAL 173 MAXPE 10 MAXPATCH 7 RefineTorusLB MEM: 821.688 MB
LDB: Reverting to original mapping
LDB: ============== END OF LOAD BALANCING =============== 2.53785
Info: build node-aware spanning tree with send: 1, recv: 0 with branch factor 4
Info: useSync: 0 useProxySync: 0
LDB: =============== DONE WITH MIGRATION ================ 2.53845
PRESSURE: 300 0 0 0 0 0 0 0 0 0
GPRESSURE: 300 0 0 0 0 0 0 0 0 0
PRESSAVG: 300 0 0 0 0 0 0 0 0 0
GPRESSAVG: 300 0 0 0 0 0 0 0 0 0
Info: Initial time: 42 CPUs 0.000450179 s/step 0.0052104 days/ns 821.688 MB memory
ENERGY:     300      1117.1948      1697.4727      2086.0396       154.7446            -41.6516      -839.2139         0.0000      5278.9151      2902.8616          12356.3628       291.4869      9453.5012     12379.9300       296.1221

LDB: ============= START OF LOAD BALANCING ============== 2.5835
LDB: TIME 2.58367 LOAD: AVG 0.0140174 MAX 0.0261943  PROXIES: TOTAL 173 MAXPE 10 MAXPATCH 7 None MEM: 822.5 MB
LDB: TIME 2.58379 LOAD: AVG 0.0140174 MAX 0.0261943  PROXIES: TOTAL 173 MAXPE 10 MAXPATCH 7 RefineTorusLB MEM: 822.5 MB
LDB: TIME 2.58393 LOAD: AVG 0.0140174 MAX 0.0261943  PROXIES: TOTAL 173 MAXPE 10 MAXPATCH 7 RefineTorusLB MEM: 822.5 MB
LDB: ============== END OF LOAD BALANCING =============== 2.58413
Info: build node-aware spanning tree with send: 1, recv: 0 with branch factor 4
Info: useSync: 0 useProxySync: 0
LDB: =============== DONE WITH MIGRATION ================ 2.58473
PRESSURE: 400 0 0 0 0 0 0 0 0 0
GPRESSURE: 400 0 0 0 0 0 0 0 0 0
PRESSAVG: 400 0 0 0 0 0 0 0 0 0
GPRESSAVG: 400 0 0 0 0 0 0 0 0 0
Info: Benchmark time: 42 CPUs 0.000448671 s/step 0.00519295 days/ns 822.5 MB memory
ENERGY:     400      1090.8206      1661.1017      2083.6251       166.8539            -41.2417      -831.3958         0.0000      5269.1484      2953.5700          12352.4822       296.5787      9398.9122     12378.4949       294.9028

PRESSURE: 500 0 0 0 0 0 0 0 0 0
GPRESSURE: 500 0 0 0 0 0 0 0 0 0
PRESSAVG: 500 0 0 0 0 0 0 0 0 0
GPRESSAVG: 500 0 0 0 0 0 0 0 0 0
Info: Benchmark time: 42 CPUs 0.000447281 s/step 0.00517686 days/ns 823.188 MB memory
ENERGY:     500      1046.8138      1691.0927      2085.5118       153.4276            -40.7598      -805.0239         0.0000      5279.9416      2985.5551          12396.5589       299.7904      9411.0038     12423.1298       297.1926

PRESSURE: 600 0 0 0 0 0 0 0 0 0
GPRESSURE: 600 0 0 0 0 0 0 0 0 0
PRESSAVG: 600 0 0 0 0 0 0 0 0 0
GPRESSAVG: 600 0 0 0 0 0 0 0 0 0
Info: Benchmark time: 42 CPUs 0.000445496 s/step 0.0051562 days/ns 823.188 MB memory
ENERGY:     600      1122.4646      1662.9299      2088.8209       142.4879            -41.8599      -845.8637         0.0000      5286.3917      2955.3735          12370.7449       296.7598      9415.3713     12393.6041       296.2711

PRESSURE: 700 0 0 0 0 0 0 0 0 0
GPRESSURE: 700 0 0 0 0 0 0 0 0 0
PRESSAVG: 700 0 0 0 0 0 0 0 0 0
GPRESSAVG: 700 0 0 0 0 0 0 0 0 0
Info: Benchmark time: 42 CPUs 0.000443389 s/step 0.00513182 days/ns 823.188 MB memory
ENERGY:     700      1124.2159      1678.0181      2069.7660       143.3216            -42.3138      -785.9186         0.0000      5277.6586      2893.6849          12358.4328       290.5654      9464.7479     12381.1928       295.0330

PRESSURE: 800 0 0 0 0 0 0 0 0 0
GPRESSURE: 800 0 0 0 0 0 0 0 0 0
PRESSAVG: 800 0 0 0 0 0 0 0 0 0
GPRESSAVG: 800 0 0 0 0 0 0 0 0 0
Info: Benchmark time: 42 CPUs 0.000446045 s/step 0.00516256 days/ns 823.188 MB memory
ENERGY:     800      1122.8648      1665.6015      2056.6536       162.4101            -42.1714      -801.8067         0.0000      5279.9232      2950.8948          12394.3698       296.3100      9443.4750     12414.6369       296.0609

PRESSURE: 900 0 0 0 0 0 0 0 0 0
GPRESSURE: 900 0 0 0 0 0 0 0 0 0
PRESSAVG: 900 0 0 0 0 0 0 0 0 0
GPRESSAVG: 900 0 0 0 0 0 0 0 0 0
Info: Benchmark time: 42 CPUs 0.000444028 s/step 0.00513921 days/ns 823.188 MB memory
ENERGY:     900      1118.2519      1698.8581      2073.9827       142.3588            -42.0227      -779.8610         0.0000      5279.1050      2989.6768          12480.3497       300.2043      9490.6729     12501.5527       298.1158

PRESSURE: 1000 0 0 0 0 0 0 0 0 0
GPRESSURE: 1000 0 0 0 0 0 0 0 0 0
PRESSAVG: 1000 0 0 0 0 0 0 0 0 0
GPRESSAVG: 1000 0 0 0 0 0 0 0 0 0
TIMING: 1000  CPU: 0.469953, 0.000452377/step  Wall: 0.47124, 0.0004533/step, 0.000503667 hours remaining, 823.187500 MB of memory in use.
ETITLE:      TS           BOND          ANGLE          DIHED          IMPRP               ELECT            VDW       BOUNDARY           MISC        KINETIC               TOTAL           TEMP      POTENTIAL         TOTAL3        TEMPAVG

ENERGY:    1000      1121.2156      1693.5902      2109.3750       153.5381            -41.8509      -824.6228         0.0000      5278.3057      2948.0423          12437.5934       296.0236      9489.5510     12457.3762       298.6553

WRITING EXTENDED SYSTEM TO RESTART FILE AT STEP 1000
OPENING COORDINATE DCD FILE
WRITING COORDINATES TO DCD FILE adk-step1.dcd AT STEP 1000
WRITING COORDINATES TO RESTART FILE AT STEP 1000
FINISHED WRITING RESTART COORDINATES
The last position output (seq=1000) takes 0.005 seconds, 823.312 MB of memory in use
WRITING VELOCITIES TO RESTART FILE AT STEP 1000
FINISHED WRITING RESTART VELOCITIES
The last velocity output (seq=1000) takes 0.002 seconds, 823.312 MB of memory in use
PRESSURE: 1100 0 0 0 0 0 0 0 0 0
GPRESSURE: 1100 0 0 0 0 0 0 0 0 0
PRESSAVG: 1100 0 0 0 0 0 0 0 0 0
GPRESSAVG: 1100 0 0 0 0 0 0 0 0 0
ENERGY:    1100      1103.9649      1707.3928      2076.5637       164.0988            -41.3588      -812.2450         0.0000      5283.7061      2959.8552          12441.9778       297.2098      9482.1225     12466.4043       298.4046

PRESSURE: 1200 0 0 0 0 0 0 0 0 0
GPRESSURE: 1200 0 0 0 0 0 0 0 0 0
PRESSAVG: 1200 0 0 0 0 0 0 0 0 0
GPRESSAVG: 1200 0 0 0 0 0 0 0 0 0
ENERGY:    1200      1069.9562      1739.1176      2077.4496       166.0969            -41.1240      -819.9732         0.0000      5266.2133      2979.3226          12437.0591       299.1646      9457.7365     12460.3233       299.8478

PRESSURE: 1300 0 0 0 0 0 0 0 0 0
GPRESSURE: 1300 0 0 0 0 0 0 0 0 0
PRESSAVG: 1300 0 0 0 0 0 0 0 0 0
GPRESSAVG: 1300 0 0 0 0 0 0 0 0 0
ENERGY:    1300      1072.6513      1704.4698      2079.7481       145.4798            -41.3673      -798.2337         0.0000      5265.9715      3081.6261          12510.3456       309.4373      9428.7195     12536.7956       300.1577

PRESSURE: 1400 0 0 0 0 0 0 0 0 0
GPRESSURE: 1400 0 0 0 0 0 0 0 0 0
PRESSAVG: 1400 0 0 0 0 0 0 0 0 0
GPRESSAVG: 1400 0 0 0 0 0 0 0 0 0
ENERGY:    1400      1119.7481      1750.9617      2087.2268       164.3861            -41.1783      -798.0079         0.0000      5276.9058      3016.5867          12576.6289       302.9064      9560.0421     12602.2510       303.6470

PRESSURE: 1500 0 0 0 0 0 0 0 0 0
GPRESSURE: 1500 0 0 0 0 0 0 0 0 0
PRESSAVG: 1500 0 0 0 0 0 0 0 0 0
GPRESSAVG: 1500 0 0 0 0 0 0 0 0 0
ENERGY:    1500      1092.1176      1713.1540      2088.8689       165.7810            -41.7374      -807.6810         0.0000      5280.0157      3016.8439          12507.3628       302.9322      9490.5189     12532.1252       305.9914

PRESSURE: 1600 0 0 0 0 0 0 0 0 0
GPRESSURE: 1600 0 0 0 0 0 0 0 0 0
PRESSAVG: 1600 0 0 0 0 0 0 0 0 0
GPRESSAVG: 1600 0 0 0 0 0 0 0 0 0
ENERGY:    1600      1080.8280      1745.8913      2071.9921       156.3562            -42.6520      -787.1750         0.0000      5281.1272      2997.4402          12503.8080       300.9838      9506.3677     12533.7331       301.7437

PRESSURE: 1700 0 0 0 0 0 0 0 0 0
GPRESSURE: 1700 0 0 0 0 0 0 0 0 0
PRESSAVG: 1700 0 0 0 0 0 0 0 0 0
GPRESSAVG: 1700 0 0 0 0 0 0 0 0 0
ENERGY:    1700      1065.8821      1717.8674      2076.6923       161.1294            -42.4823      -822.1620         0.0000      5270.9471      3084.0656          12511.9396       309.6822      9427.8739     12537.5031       304.5441

PRESSURE: 1800 0 0 0 0 0 0 0 0 0
GPRESSURE: 1800 0 0 0 0 0 0 0 0 0
PRESSAVG: 1800 0 0 0 0 0 0 0 0 0
GPRESSAVG: 1800 0 0 0 0 0 0 0 0 0
ENERGY:    1800      1117.5674      1723.4222      2055.1082       148.7200            -41.9949      -787.7095         0.0000      5276.1347      3020.6122          12511.8603       303.3106      9491.2481     12536.7574       304.1951

PRESSURE: 1900 0 0 0 0 0 0 0 0 0
GPRESSURE: 1900 0 0 0 0 0 0 0 0 0
PRESSAVG: 1900 0 0 0 0 0 0 0 0 0
GPRESSAVG: 1900 0 0 0 0 0 0 0 0 0
ENERGY:    1900      1081.6597      1738.2009      2080.0882       154.5851            -41.9534      -799.1289         0.0000      5283.1568      2983.8888          12480.4972       299.6231      9496.6084     12502.2072       301.9235

PRESSURE: 2000 0 0 0 0 0 0 0 0 0
GPRESSURE: 2000 0 0 0 0 0 0 0 0 0
PRESSAVG: 2000 0 0 0 0 0 0 0 0 0
GPRESSAVG: 2000 0 0 0 0 0 0 0 0 0
TIMING: 2000  CPU: 0.929328, 0.000459375/step  Wall: 0.94641, 0.00047517/step, 0.000395975 hours remaining, 823.312500 MB of memory in use.
ETITLE:      TS           BOND          ANGLE          DIHED          IMPRP               ELECT            VDW       BOUNDARY           MISC        KINETIC               TOTAL           TEMP      POTENTIAL         TOTAL3        TEMPAVG

ENERGY:    2000      1096.4476      1699.7220      2080.0481       158.2898            -41.9593      -825.5893         0.0000      5286.9889      2989.1260          12443.0738       300.1490      9453.9478     12470.9549       299.1272

WRITING EXTENDED SYSTEM TO RESTART FILE AT STEP 2000
WRITING COORDINATES TO DCD FILE adk-step1.dcd AT STEP 2000
WRITING COORDINATES TO RESTART FILE AT STEP 2000
FINISHED WRITING RESTART COORDINATES
The last position output (seq=2000) takes 0.002 seconds, 823.312 MB of memory in use
WRITING VELOCITIES TO RESTART FILE AT STEP 2000
FINISHED WRITING RESTART VELOCITIES
The last velocity output (seq=2000) takes 0.002 seconds, 823.312 MB of memory in use
PRESSURE: 2100 0 0 0 0 0 0 0 0 0
GPRESSURE: 2100 0 0 0 0 0 0 0 0 0
PRESSAVG: 2100 0 0 0 0 0 0 0 0 0
GPRESSAVG: 2100 0 0 0 0 0 0 0 0 0
ENERGY:    2100      1101.6749      1678.0502      2070.5595       138.0120            -41.0411      -793.2770         0.0000      5272.4882      3020.8968          12447.3636       303.3392      9426.4668     12471.1331       299.0063

PRESSURE: 2200 0 0 0 0 0 0 0 0 0
GPRESSURE: 2200 0 0 0 0 0 0 0 0 0
PRESSAVG: 2200 0 0 0 0 0 0 0 0 0
GPRESSAVG: 2200 0 0 0 0 0 0 0 0 0
ENERGY:    2200      1120.9507      1692.0422      2056.2947       161.9524            -41.3005      -816.4719         0.0000      5271.0427      3015.9833          12460.4936       302.8458      9444.5103     12479.8815       301.4252

PRESSURE: 2300 0 0 0 0 0 0 0 0 0
GPRESSURE: 2300 0 0 0 0 0 0 0 0 0
PRESSAVG: 2300 0 0 0 0 0 0 0 0 0
GPRESSAVG: 2300 0 0 0 0 0 0 0 0 0
ENERGY:    2300      1155.1020      1724.5652      2072.0398       160.1645            -40.6982      -827.2680         0.0000      5268.2936      2974.1054          12486.3044       298.6407      9512.1990     12509.5153       301.1854

PRESSURE: 2400 0 0 0 0 0 0 0 0 0
GPRESSURE: 2400 0 0 0 0 0 0 0 0 0
PRESSAVG: 2400 0 0 0 0 0 0 0 0 0
GPRESSAVG: 2400 0 0 0 0 0 0 0 0 0
ENERGY:    2400      1126.1766      1713.6825      2061.3175       156.1586            -40.0764      -789.3215         0.0000      5269.1607      2974.5196          12471.6177       298.6823      9497.0981     12498.5096       300.2559

PRESSURE: 2500 0 0 0 0 0 0 0 0 0
GPRESSURE: 2500 0 0 0 0 0 0 0 0 0
PRESSAVG: 2500 0 0 0 0 0 0 0 0 0
GPRESSAVG: 2500 0 0 0 0 0 0 0 0 0
ENERGY:    2500      1111.5464      1721.3097      2083.8700       163.3139            -40.9705      -828.2764         0.0000      5264.4326      2954.0454          12429.2712       296.6264      9475.2258     12455.9117       299.5563

PRESSURE: 2600 0 0 0 0 0 0 0 0 0
GPRESSURE: 2600 0 0 0 0 0 0 0 0 0
PRESSAVG: 2600 0 0 0 0 0 0 0 0 0
GPRESSAVG: 2600 0 0 0 0 0 0 0 0 0
ENERGY:    2600      1140.7143      1696.0300      2074.8709       152.5225            -41.1106      -847.5495         0.0000      5260.8577      2986.1060          12422.4413       299.8457      9436.3353     12446.5561       300.0115

PRESSURE: 2700 0 0 0 0 0 0 0 0 0
GPRESSURE: 2700 0 0 0 0 0 0 0 0 0
PRESSAVG: 2700 0 0 0 0 0 0 0 0 0
GPRESSAVG: 2700 0 0 0 0 0 0 0 0 0
ENERGY:    2700      1072.1240      1755.3257      2077.4204       155.1649            -40.5848      -797.1679         0.0000      5260.1336      3030.0710          12512.4870       304.2604      9482.4159     12535.4092       301.5696

PRESSURE: 2800 0 0 0 0 0 0 0 0 0
GPRESSURE: 2800 0 0 0 0 0 0 0 0 0
PRESSAVG: 2800 0 0 0 0 0 0 0 0 0
GPRESSAVG: 2800 0 0 0 0 0 0 0 0 0
ENERGY:    2800      1129.0367      1696.1276      2063.2943       161.7176            -40.4303      -804.6272         0.0000      5265.9413      3007.6560          12478.7159       302.0097      9471.0599     12504.9418       300.6842

PRESSURE: 2900 0 0 0 0 0 0 0 0 0
GPRESSURE: 2900 0 0 0 0 0 0 0 0 0
PRESSAVG: 2900 0 0 0 0 0 0 0 0 0
GPRESSAVG: 2900 0 0 0 0 0 0 0 0 0
ENERGY:    2900      1100.8680      1720.0902      2074.4464       157.2254            -40.1979      -787.5662         0.0000      5267.7185      2974.2180          12466.8024       298.6520      9492.5844     12488.0868       300.8535

PRESSURE: 3000 0 0 0 0 0 0 0 0 0
GPRESSURE: 3000 0 0 0 0 0 0 0 0 0
PRESSAVG: 3000 0 0 0 0 0 0 0 0 0
GPRESSAVG: 3000 0 0 0 0 0 0 0 0 0
TIMING: 3000  CPU: 1.39515, 0.000465818/step  Wall: 1.4085, 0.000462088/step, 0.000256716 hours remaining, 823.312500 MB of memory in use.
ETITLE:      TS           BOND          ANGLE          DIHED          IMPRP               ELECT            VDW       BOUNDARY           MISC        KINETIC               TOTAL           TEMP      POTENTIAL         TOTAL3        TEMPAVG

ENERGY:    3000      1124.7905      1715.8727      2076.9521       149.0161            -40.9699      -818.2314         0.0000      5277.7607      2995.7059          12480.8967       300.8097      9485.1907     12501.9510       300.0352

WRITING EXTENDED SYSTEM TO RESTART FILE AT STEP 3000
WRITING VELOCITIES TO RESTART FILE AT STEP 3000
FINISHED WRITING RESTART VELOCITIES
The last velocity output (seq=3000) takes 0.002 seconds, 823.375 MB of memory in use
WRITING COORDINATES TO DCD FILE adk-step1.dcd AT STEP 3000
WRITING COORDINATES TO RESTART FILE AT STEP 3000
FINISHED WRITING RESTART COORDINATES
The last position output (seq=3000) takes 0.002 seconds, 823.375 MB of memory in use
PRESSURE: 3100 0 0 0 0 0 0 0 0 0
GPRESSURE: 3100 0 0 0 0 0 0 0 0 0
PRESSAVG: 3100 0 0 0 0 0 0 0 0 0
GPRESSAVG: 3100 0 0 0 0 0 0 0 0 0
ENERGY:    3100      1117.8230      1727.0725      2065.9091       158.5672            -40.6453      -814.6902         0.0000      5274.6480      2951.8001          12440.4842       296.4009      9488.6841     12466.9286       301.0948

PRESSURE: 3200 0 0 0 0 0 0 0 0 0
GPRESSURE: 3200 0 0 0 0 0 0 0 0 0
PRESSAVG: 3200 0 0 0 0 0 0 0 0 0
GPRESSAVG: 3200 0 0 0 0 0 0 0 0 0
ENERGY:    3200      1098.7218      1671.8298      2052.1684       148.7238            -41.1056      -811.9770         0.0000      5268.9430      2966.3689          12353.6732       297.8639      9387.3042     12382.9224       296.7270

PRESSURE: 3300 0 0 0 0 0 0 0 0 0
GPRESSURE: 3300 0 0 0 0 0 0 0 0 0
PRESSAVG: 3300 0 0 0 0 0 0 0 0 0
GPRESSAVG: 3300 0 0 0 0 0 0 0 0 0
ENERGY:    3300      1090.6667      1702.2536      2091.2776       157.3879            -40.3164      -827.5301         0.0000      5281.4573      2941.9922          12397.1888       295.4161      9455.1966     12421.3300       295.1333

PRESSURE: 3400 0 0 0 0 0 0 0 0 0
GPRESSURE: 3400 0 0 0 0 0 0 0 0 0
PRESSAVG: 3400 0 0 0 0 0 0 0 0 0
GPRESSAVG: 3400 0 0 0 0 0 0 0 0 0
ENERGY:    3400      1100.9045      1728.6993      2083.0883       172.5231            -40.8689      -834.9598         0.0000      5280.6666      2933.5485          12423.6018       294.5682      9490.0533     12450.4044       296.0653

PRESSURE: 3500 0 0 0 0 0 0 0 0 0
GPRESSURE: 3500 0 0 0 0 0 0 0 0 0
PRESSAVG: 3500 0 0 0 0 0 0 0 0 0
GPRESSAVG: 3500 0 0 0 0 0 0 0 0 0
ENERGY:    3500      1100.0719      1730.1285      2077.2399       158.8013            -41.2794      -815.7513         0.0000      5265.0367      2935.1108          12409.3584       294.7251      9474.2476     12431.3376       298.8371

PRESSURE: 3600 0 0 0 0 0 0 0 0 0
GPRESSURE: 3600 0 0 0 0 0 0 0 0 0
PRESSAVG: 3600 0 0 0 0 0 0 0 0 0
GPRESSAVG: 3600 0 0 0 0 0 0 0 0 0
ENERGY:    3600      1093.5837      1696.1598      2073.1153       146.2940            -41.7057      -801.2877         0.0000      5268.5378      2911.4438          12346.1409       292.3486      9434.6972     12370.1315       297.5147

PRESSURE: 3700 0 0 0 0 0 0 0 0 0
GPRESSURE: 3700 0 0 0 0 0 0 0 0 0
PRESSAVG: 3700 0 0 0 0 0 0 0 0 0
GPRESSAVG: 3700 0 0 0 0 0 0 0 0 0
ENERGY:    3700      1108.5539      1699.5613      2092.1389       150.4561            -41.4953      -795.5983         0.0000      5270.1796      2888.5391          12372.3354       290.0487      9483.7963     12392.3725       293.9361

PRESSURE: 3800 0 0 0 0 0 0 0 0 0
GPRESSURE: 3800 0 0 0 0 0 0 0 0 0
PRESSAVG: 3800 0 0 0 0 0 0 0 0 0
GPRESSAVG: 3800 0 0 0 0 0 0 0 0 0
ENERGY:    3800      1114.3637      1648.2603      2069.4182       155.4164            -41.8641      -794.1718         0.0000      5269.4986      2967.6075          12388.5288       297.9882      9420.9212     12409.2205       297.8436

PRESSURE: 3900 0 0 0 0 0 0 0 0 0
GPRESSURE: 3900 0 0 0 0 0 0 0 0 0
PRESSAVG: 3900 0 0 0 0 0 0 0 0 0
GPRESSAVG: 3900 0 0 0 0 0 0 0 0 0
ENERGY:    3900      1091.4491      1679.9613      2088.3461       151.9237            -41.2117      -805.7417         0.0000      5280.6290      2986.9873          12432.3430       299.9342      9445.3558     12457.4185       297.8322

WRITING VELOCITIES TO RESTART FILE AT STEP 4000
FINISHED WRITING RESTART VELOCITIES
The last velocity output (seq=4000) takes 0.003 seconds, 823.375 MB of memory in use
PRESSURE: 4000 0 0 0 0 0 0 0 0 0
GPRESSURE: 4000 0 0 0 0 0 0 0 0 0
PRESSAVG: 4000 0 0 0 0 0 0 0 0 0
GPRESSAVG: 4000 0 0 0 0 0 0 0 0 0
TIMING: 4000  CPU: 1.84427, 0.000449121/step  Wall: 1.86409, 0.000455591/step, 0.000126553 hours remaining, 823.375000 MB of memory in use.
ETITLE:      TS           BOND          ANGLE          DIHED          IMPRP               ELECT            VDW       BOUNDARY           MISC        KINETIC               TOTAL           TEMP      POTENTIAL         TOTAL3        TEMPAVG

ENERGY:    4000      1097.4701      1729.7439      2082.0282       146.0392            -41.2319      -826.3341         0.0000      5283.5676      2984.7242          12456.0071       299.7070      9471.2829     12482.3825       298.3804

WRITING EXTENDED SYSTEM TO RESTART FILE AT STEP 4000
WRITING COORDINATES TO DCD FILE adk-step1.dcd AT STEP 4000
WRITING COORDINATES TO RESTART FILE AT STEP 4000
FINISHED WRITING RESTART COORDINATES
The last position output (seq=4000) takes 0.002 seconds, 823.375 MB of memory in use
PRESSURE: 4100 0 0 0 0 0 0 0 0 0
GPRESSURE: 4100 0 0 0 0 0 0 0 0 0
PRESSAVG: 4100 0 0 0 0 0 0 0 0 0
GPRESSAVG: 4100 0 0 0 0 0 0 0 0 0
ENERGY:    4100      1091.0626      1679.3932      2100.7067       150.6679            -41.2675      -827.8838         0.0000      5283.1659      3005.5103          12441.3554       301.7942      9435.8451     12466.9771       299.0446

PRESSURE: 4200 0 0 0 0 0 0 0 0 0
GPRESSURE: 4200 0 0 0 0 0 0 0 0 0
PRESSAVG: 4200 0 0 0 0 0 0 0 0 0
GPRESSAVG: 4200 0 0 0 0 0 0 0 0 0
ENERGY:    4200      1141.9798      1704.1045      2075.5731       154.0137            -41.1552      -781.7893         0.0000      5271.8001      2998.0222          12522.5489       301.0423      9524.5266     12549.7788       300.9379

LDB: ============= START OF LOAD BALANCING ============== 4.38186
Info: useSync: 0 useProxySync: 0
LDB: ============== END OF LOAD BALANCING =============== 4.38192
LDB: =============== DONE WITH MIGRATION ================ 4.38203
PRESSURE: 4300 0 0 0 0 0 0 0 0 0
GPRESSURE: 4300 0 0 0 0 0 0 0 0 0
PRESSAVG: 4300 0 0 0 0 0 0 0 0 0
GPRESSAVG: 4300 0 0 0 0 0 0 0 0 0
ENERGY:    4300      1134.2337      1715.7334      2058.5333       145.7567            -41.4260      -839.6067         0.0000      5276.0406      3021.0316          12470.2966       303.3527      9449.2650     12499.9009       301.7832

LDB: ============= START OF LOAD BALANCING ============== 4.42652
LDB: TIME 4.42671 LOAD: AVG 0.0140353 MAX 0.0262453  PROXIES: TOTAL 173 MAXPE 10 MAXPATCH 7 None MEM: 823.375 MB
LDB: TIME 4.42686 LOAD: AVG 0.0140353 MAX 0.0262453  PROXIES: TOTAL 173 MAXPE 10 MAXPATCH 7 RefineTorusLB MEM: 823.438 MB
LDB: TIME 4.42697 LOAD: AVG 0.0140353 MAX 0.0262453  PROXIES: TOTAL 173 MAXPE 10 MAXPATCH 7 RefineTorusLB MEM: 823.438 MB
LDB: ============== END OF LOAD BALANCING =============== 4.42717
Info: build node-aware spanning tree with send: 1, recv: 0 with branch factor 4
Info: useSync: 0 useProxySync: 0
LDB: =============== DONE WITH MIGRATION ================ 4.4278
PRESSURE: 4400 0 0 0 0 0 0 0 0 0
GPRESSURE: 4400 0 0 0 0 0 0 0 0 0
PRESSAVG: 4400 0 0 0 0 0 0 0 0 0
GPRESSAVG: 4400 0 0 0 0 0 0 0 0 0
ENERGY:    4400      1074.1183      1692.4493      2091.3547       160.1495            -41.2485      -815.8284         0.0000      5273.8258      3007.7178          12442.5385       302.0159      9434.8207     12467.3526       299.4649

PRESSURE: 4500 0 0 0 0 0 0 0 0 0
GPRESSURE: 4500 0 0 0 0 0 0 0 0 0
PRESSAVG: 4500 0 0 0 0 0 0 0 0 0
GPRESSAVG: 4500 0 0 0 0 0 0 0 0 0
ENERGY:    4500      1075.1972      1707.4072      2079.6767       154.6793            -40.1939      -805.3324         0.0000      5278.4761      2954.2933          12404.2035       296.6513      9449.9102     12429.0940       297.3810

PRESSURE: 4600 0 0 0 0 0 0 0 0 0
GPRESSURE: 4600 0 0 0 0 0 0 0 0 0
PRESSAVG: 4600 0 0 0 0 0 0 0 0 0
GPRESSAVG: 4600 0 0 0 0 0 0 0 0 0
ENERGY:    4600      1124.5403      1702.1153      2109.6858       165.6072            -40.4807      -848.4687         0.0000      5286.3517      2938.6595          12438.0104       295.0815      9499.3509     12460.4158       297.0686

PRESSURE: 4700 0 0 0 0 0 0 0 0 0
GPRESSURE: 4700 0 0 0 0 0 0 0 0 0
PRESSAVG: 4700 0 0 0 0 0 0 0 0 0
GPRESSAVG: 4700 0 0 0 0 0 0 0 0 0
ENERGY:    4700      1117.7780      1726.9793      2095.1043       150.9823            -41.0052      -787.1266         0.0000      5279.7580      2902.5424          12445.0125       291.4548      9542.4701     12469.6911       298.7908

PRESSURE: 4800 0 0 0 0 0 0 0 0 0
GPRESSURE: 4800 0 0 0 0 0 0 0 0 0
PRESSAVG: 4800 0 0 0 0 0 0 0 0 0
GPRESSAVG: 4800 0 0 0 0 0 0 0 0 0
ENERGY:    4800      1098.2691      1690.6257      2096.2450       154.0083            -40.8552      -841.5816         0.0000      5280.2238      3008.8224          12445.7575       302.1268      9436.9350     12473.1642       299.0583

PRESSURE: 4900 0 0 0 0 0 0 0 0 0
GPRESSURE: 4900 0 0 0 0 0 0 0 0 0
PRESSAVG: 4900 0 0 0 0 0 0 0 0 0
GPRESSAVG: 4900 0 0 0 0 0 0 0 0 0
ENERGY:    4900      1092.4555      1679.3310      2096.3377       146.6324            -40.9155      -821.3286         0.0000      5263.5210      3018.4492          12434.4829       303.0934      9416.0336     12459.6207       298.0215

PRESSURE: 5000 0 0 0 0 0 0 0 0 0
GPRESSURE: 5000 0 0 0 0 0 0 0 0 0
PRESSAVG: 5000 0 0 0 0 0 0 0 0 0
GPRESSAVG: 5000 0 0 0 0 0 0 0 0 0
TIMING: 5000  CPU: 2.28557, 0.000441306/step  Wall: 2.31355, 0.000449459/step, 0 hours remaining, 823.437500 MB of memory in use.
ETITLE:      TS           BOND          ANGLE          DIHED          IMPRP               ELECT            VDW       BOUNDARY           MISC        KINETIC               TOTAL           TEMP      POTENTIAL         TOTAL3        TEMPAVG

ENERGY:    5000      1150.2090      1674.8327      2092.7329       149.7610            -40.5383      -814.0231         0.0000      5267.7378      2966.8815          12447.5935       297.9153      9480.7120     12473.2335       301.4771

WRITING EXTENDED SYSTEM TO RESTART FILE AT STEP 5000
WRITING COORDINATES TO DCD FILE adk-step1.dcd AT STEP 5000
WRITING COORDINATES TO RESTART FILE AT STEP 5000
FINISHED WRITING RESTART COORDINATES
The last position output (seq=5000) takes 0.002 seconds, 824.188 MB of memory in use
WRITING VELOCITIES TO RESTART FILE AT STEP 5000
FINISHED WRITING RESTART VELOCITIES
The last velocity output (seq=5000) takes 0.002 seconds, 824.188 MB of memory in use
WRITING EXTENDED SYSTEM TO OUTPUT FILE AT STEP 5000
WRITING COORDINATES TO OUTPUT FILE AT STEP 5000
CLOSING COORDINATE DCD FILE adk-step1.dcd
The last position output (seq=-2) takes 0.004 seconds, 824.188 MB of memory in use
WRITING VELOCITIES TO OUTPUT FILE AT STEP 5000
====================================================

WallClock: 4.705667  CPUTime: 3.252960  Memory: 824.187500 MB
End of program
