5_9_cc.dat
/gpfs/alpine/bip115/scratch/hrlee/radical.pilot.sandbox/re.session.login1.hrlee.018625.0000/pilot.0000/staging_area/5_9_cc.dat
5, 9
Charm++> Running on MPI version: 3.1
Charm++> level of thread support used: MPI_THREAD_FUNNELED (desired: MPI_THREAD_FUNNELED)
Charm++> Running in SMP mode: 41 processes, 4 worker threads (PEs) + 1 comm threads per process, 164 PEs total
Charm++> The comm. thread both sends and receives messages
Charm++> Using recursive bisection (scheme 3) for topology aware partitions
Converse/Charm++ Commit ID: v6.10.2-0-g7bf00fa-namd-charm-6.10.2-build-2020-Aug-05-556
Warning> Randomization of virtual memory (ASLR) is turned on in the kernel, thread migration may not work! Run 'echo 0 > /proc/sys/kernel/randomize_va_space' as root to disable it, or try running with '+isomalloc_sync'.
CharmLB> Load balancer assumes all CPUs are same.
Charm++> Running on 2 hosts (1 sockets x 1 cores x 4 PUs = 4-way SMP)
Charm++> cpu topology info is gathered in 0.032 seconds.

Charm++> Warning: the number of SMP threads (180) is greater than the number of physical cores (176), so threads will sleep while idling. Use +CmiSpinOnIdle or +CmiSleepOnIdle to control this directly.

Info: NAMD 2.14 for Linux-POWER-MPI-smp-Summit
Info: 
Info: Please visit http://www.ks.uiuc.edu/Research/namd/
Info: for updates, documentation, and support information.
Info: 
Info: Please cite Phillips et al., J. Chem. Phys. 153:044130 (2020) doi:10.1063/5.0014475
Info: in all publications reporting results obtained with NAMD.
Info: 
Info: Based on Charm++/Converse 61002 for mpi-linux-ppc64le-smp
Info: Built Wed Aug 5 14:25:51 EDT 2020 by jimp on login2
Info: 1 NAMD  2.14  Linux-POWER-MPI-smp-Summit  164    d21n10  hrlee
Info: Running on 164 processors, 41 nodes, 2 physical nodes.
Info: CPU topology information available.
Info: Charm++/Converse parallel runtime startup completed at 0.037832 s
CkLoopLib is used in SMP with simple dynamic scheduling (converse-level notification)
Info: 917.625 MB of memory in use based on /proc/self/stat
Info: Configuration file is adk-step1.namd
Info: Working in the current directory /gpfs/alpine/bip115/scratch/hrlee/radical.pilot.sandbox/re.session.login1.hrlee.018625.0000/pilot.0000/unit.000680
TCL: Suspending until startup complete.
Info: SIMULATION PARAMETERS:
Info: TIMESTEP               1
Info: NUMBER OF STEPS        0
Info: STEPS PER CYCLE        20
Info: LOAD BALANCER  Centralized
Info: LOAD BALANCING STRATEGY  New Load Balancers -- DEFAULT
Info: LDB PERIOD             4000 steps
Info: FIRST LDB TIMESTEP     100
Info: LAST LDB TIMESTEP     -1
Info: LDB BACKGROUND SCALING 1
Info: HOM BACKGROUND SCALING 1
Info: REMOVING LOAD FROM NODE 0
Info: REMOVING PATCHES FROM PROCESSOR 0
Info: MIN ATOMS PER PATCH    40
Info: VELOCITY FILE          5_9_adk-step1.restart.vel
Info: CENTER OF MASS MOVING INITIALLY? NO
Info: DIELECTRIC             80
Info: EXCLUDE                SCALED ONE-FOUR
Info: 1-4 ELECTROSTATICS SCALED BY 1
Info: MODIFIED 1-4 VDW PARAMETERS WILL BE USED
Info: DCD FILENAME           adk-step1.dcd
Info: DCD FREQUENCY          1000
Info: DCD FIRST STEP         1000
Info: NO EXTENDED SYSTEM TRAJECTORY OUTPUT
Info: NO VELOCITY DCD OUTPUT
Info: NO FORCE DCD OUTPUT
Info: OUTPUT FILENAME        adk-step1
Info: BINARY OUTPUT FILES WILL BE USED
Info: RESTART FILENAME       adk-step1.restart
Info: RESTART FREQUENCY      1000
Info: BINARY RESTART FILES WILL BE USED
Info: SWITCHING ACTIVE
Info: SWITCHING ON           9
Info: SWITCHING OFF          10
Info: PAIRLIST DISTANCE      11
Info: PAIRLIST SHRINK RATE   0.01
Info: PAIRLIST GROW RATE     0.01
Info: PAIRLIST TRIGGER       0.3
Info: PAIRLISTS PER CYCLE    2
Info: PAIRLISTS ENABLED
Info: MARGIN                 0
Info: HYDROGEN GROUP CUTOFF  2.5
Info: PATCH DIMENSION        13.5
Info: ENERGY OUTPUT STEPS    100
Info: CROSSTERM ENERGY INCLUDED IN DIHEDRAL
Info: TIMING OUTPUT STEPS    1000
Info: PRESSURE OUTPUT STEPS  100
Info: GRID FORCE ACTIVE
Info:  Please include this reference in published work using
Info:  the Gridforce module of NAMD: David Wells, Volha Abramkina,
Info:  and Aleksei Aksimentiev, J. Chem. Phys. 127:125101-10 (2007).
Info: MGRIDFORCE key 0
Info:            Potfile 4ake-target_autopsf-grid.dx
Info:            Scale 0.3 0.3 0.3
Info:            File 1ake-docked-noh_autopsf-grid.pdb
Info:            Col O
Info:            ChargeCol B
Info:            VOffset 0 0 0
Info:            Continuous K1 FALSE
Info:            Continuous K2 FALSE
Info:            Continuous K3 FALSE
Info:            Volts FALSE
Info:            Gridforce-Lite FALSE
Info:            Gridforce-CheckSize TRUE
Info: LANGEVIN DYNAMICS ACTIVE
Info: LANGEVIN TEMPERATURE   300
Info: LANGEVIN USING BBK INTEGRATOR
Info: LANGEVIN DAMPING COEFFICIENT IS 5 INVERSE PS
Info: LANGEVIN DYNAMICS NOT APPLIED TO HYDROGENS
Info: USING VERLET I (r-RESPA) MTS SCHEME.
Info: C1 SPLITTING OF LONG RANGE ELECTROSTATICS
Info: PLACING ATOMS IN PATCHES BY HYDROGEN GROUPS
Info: RIGID BONDS TO HYDROGEN : WATER
Info:         ERROR TOLERANCE : 1e-08
Info:          MAX ITERATIONS : 100
Info: RIGID WATER USING SETTLE ALGORITHM
Info: NONBONDED FORCES EVALUATED EVERY 2 STEPS
Info: RANDOM NUMBER SEED     1609226612
Info: USE HYDROGEN BONDS?    NO
Info: COORDINATE PDB         1ake-docked-noh_autopsf.pdb
Info: STRUCTURE FILE         1ake-docked-noh_autopsf.psf
Info: PARAMETER file: CHARMM format! 
Info: PARAMETERS             par_all36_prot.prm
Info: USING ARITHMETIC MEAN TO COMBINE L-J SIGMA PARAMETERS
Info: BINARY COORDINATES     5_9_adk-step1.restart.coor
Info: SUMMARY OF PARAMETERS:
Info: 132 BONDS
Info: 362 ANGLES
Info: 702 DIHEDRAL
Info: 35 IMPROPER
Info: 6 CROSSTERM
Info: 53 VDW
Info: 0 VDW_PAIRS
Info: 0 NBTHOLE_PAIRS
Info: TIME FOR READING PSF FILE: 0.507653
Info: READING EXTRA BONDS FILE 1ake-extrabonds.txt
Info: READING EXTRA BONDS FILE 1ake-extrabonds-cispeptide.txt
Info: READING EXTRA BONDS FILE 1ake-extrabonds-chirality.txt
Info: READ 80 EXTRA BONDS
Info: READ 80 EXTRA ANGLES
Warning: EXTRA ANGLES ARE COSINE-BASED BY DEFAULT TO MATCH PREVIOUS VERSIONS
Warning: FOR NORMAL HARMONIC EXTRA ANGLES SET extraBondsCosAngles off
Info: READ 493 EXTRA DIHEDRALS
Info: READ 438 EXTRA IMPROPERS
Info: Reading pdb file 1ake-docked-noh_autopsf.pdb
Info: TIME FOR READING PDB FILE: 0.0175196
Info: 
Info: ****************************
Info: STRUCTURE SUMMARY:
Info: 3341 ATOMS
Info: 3445 BONDS
Info: 6203 ANGLES
Info: 9414 DIHEDRALS
Info: 1005 IMPROPERS
Info: 212 CROSSTERMS
Info: 0 EXCLUSIONS
Info: 0 RIGID BONDS
Info: 1 GRIDS ACTIVE
Info: 10023 DEGREES OF FREEDOM
Info: 1656 HYDROGEN GROUPS
Info: 4 ATOMS IN LARGEST HYDROGEN GROUP
Info: 1656 MIGRATION GROUPS
Info: 4 ATOMS IN LARGEST MIGRATION GROUP
Info: TOTAL MASS = 23582 amu
Info: TOTAL CHARGE = -4 e
Info: *****************************
Info: Reading from binary file 5_9_adk-step1.restart.coor
Info: 
Info: Entering startup at 1.15861 s, 1026.38 MB of memory in use
Info: Startup phase 0 took 0.000802096 s, 1026.38 MB of memory in use
Info: ADDED 18308 IMPLICIT EXCLUSIONS
Info: Startup phase 1 took 0.0162738 s, 1026.38 MB of memory in use
Info: NONBONDED TABLE R-SQUARED SPACING: 0.0625
Info: NONBONDED TABLE SIZE: 705 POINTS
Info: ABSOLUTE IMPRECISION IN FAST TABLE ENERGY: 3.38813e-21 AT 9.89634
Info: RELATIVE IMPRECISION IN FAST TABLE ENERGY: 4.23384e-15 AT 9.94673
Info: ABSOLUTE IMPRECISION IN FAST TABLE FORCE: 6.35275e-22 AT 9.94673
Info: RELATIVE IMPRECISION IN FAST TABLE FORCE: 5.07982e-16 AT 9.94673
Info: INCONSISTENCY IN FAST TABLE ENERGY VS FORCE: 0.000290185 AT 0.251946
Info: ABSOLUTE IMPRECISION IN VDWA TABLE ENERGY: 1.57772e-30 AT 9.89634
Info: RELATIVE IMPRECISION IN VDWA TABLE ENERGY: 4.54938e-15 AT 9.94673
Info: ABSOLUTE IMPRECISION IN VDWA TABLE FORCE: 5.91646e-31 AT 9.94673
Info: RELATIVE IMPRECISION IN VDWA TABLE FORCE: 5.6823e-16 AT 9.94673
Info: INCONSISTENCY IN VDWA TABLE ENERGY VS FORCE: 0.0040507 AT 0.251946
Info: ABSOLUTE IMPRECISION IN VDWB TABLE ENERGY: 4.71751e-25 AT 9.94673
Info: RELATIVE IMPRECISION IN VDWB TABLE ENERGY: 1.45371e-14 AT 9.94673
Info: ABSOLUTE IMPRECISION IN VDWB TABLE FORCE: 6.20385e-25 AT 9.94673
Info: RELATIVE IMPRECISION IN VDWB TABLE FORCE: 5.97512e-16 AT 9.94673
Info: INCONSISTENCY IN VDWB TABLE ENERGY VS FORCE: 0.00377068 AT 9.07951
Info: Startup phase 2 took 0.0018202 s, 1026.38 MB of memory in use
Info: Startup phase 3 took 0.000523941 s, 1026.38 MB of memory in use
Info: Startup phase 4 took 0.000521668 s, 1026.38 MB of memory in use
Info: Startup phase 5 took 0.000494637 s, 1026.38 MB of memory in use
Info: ORIGINAL ATOMS MINMAX IS -21.0983 -33.3429 -37.2068  17.376 25.5308 17.2705
Info: ADJUSTED ATOMS MINMAX IS -15.8391 -27.9728 -33.085  11.472 15.6362 9.1817
Info: PATCH GRID IS 5 BY 4 BY 4
Info: PATCH GRID IS 2-AWAY BY 1-AWAY BY 1-AWAY
Info: Reading from binary file 5_9_adk-step1.restart.vel
Info: REMOVING COM VELOCITY 0.0110023 -0.00135777 0.0132678
Info: LARGEST PATCH (16) HAS 134 ATOMS
Info: TORUS A SIZE 2 USING 0 1
Info: TORUS B SIZE 1 USING 0
Info: TORUS C SIZE 1 USING 0
Info: TORUS MINIMAL MESH SIZE IS 2 BY 1 BY 1
Info: Placed 100% of base nodes on same physical node as patch
Info: Startup phase 6 took 0.00941578 s, 1026.38 MB of memory in use
Info: Startup phase 7 took 0.00053896 s, 1026.38 MB of memory in use
Info: Startup phase 8 took 0.000482787 s, 1026.38 MB of memory in use
Info: Startup phase 9 took 0.00114098 s, 1026.38 MB of memory in use
Info: Startup phase 10 took 0.000484321 s, 1026.38 MB of memory in use
Info: Startup phase 11 took 0.00115044 s, 1026.62 MB of memory in use
LDB: Central LB being created...
Info: Startup phase 12 took 0.00415919 s, 1026.62 MB of memory in use
Info: CREATING 1870 COMPUTE OBJECTS
Info: Startup phase 13 took 0.00105664 s, 1026.62 MB of memory in use
Info: Building spanning tree ... send: 1 recv: 0 with branch factor 4
Info: useSync: 1 useProxySync: 0
Info: Startup phase 14 took 0.000700076 s, 1026.62 MB of memory in use
Info: Startup phase 15 took 0.000161929 s, 1026.62 MB of memory in use
Info: Finished startup at 1.19833 s, 1026.62 MB of memory in use

TCL: Running for 5000 steps
PRESSURE: 0 0 0 0 0 0 0 0 0 0
GPRESSURE: 0 0 0 0 0 0 0 0 0 0
ETITLE:      TS           BOND          ANGLE          DIHED          IMPRP               ELECT            VDW       BOUNDARY           MISC        KINETIC               TOTAL           TEMP      POTENTIAL         TOTAL3        TEMPAVG

ENERGY:       0      1041.2162      1684.7267      2076.4269       145.6114            -41.4882      -820.9062         0.0000      2390.2063      2999.6275           9475.4205       301.2035      6475.7931      9498.4634       301.2035

LDB: ============= START OF LOAD BALANCING ============== 1.2363
LDB: ============== END OF LOAD BALANCING =============== 1.23649
Info: useSync: 1 useProxySync: 0
LDB: =============== DONE WITH MIGRATION ================ 1.23698
LDB: ============= START OF LOAD BALANCING ============== 1.33027
LDB: 314 computes have load of zero
LDB: Largest compute 451 load 0.011227 is 62.5% of average load 0.017950
LDB: Average compute 0.001021 is 5.7% of average load 0.017950
LDB: Partitioning computes with target load 0.002041
LDB: Increased migratable compute count from 1076 to 1294
LDB: Largest unpartitionable compute is 0.006829
LDB: ============== END OF LOAD BALANCING =============== 1.33272
Info: build node-aware spanning tree with send: 1, recv: 0 with branch factor 4
Info: useSync: 1 useProxySync: 0
LDB: =============== DONE WITH MIGRATION ================ 1.3368
PRESSURE: 100 0 0 0 0 0 0 0 0 0
GPRESSURE: 100 0 0 0 0 0 0 0 0 0
PRESSAVG: 100 0 0 0 0 0 0 0 0 0
GPRESSAVG: 100 0 0 0 0 0 0 0 0 0
Info: Initial time: 164 CPUs 0.00120376 s/step 0.0139324 days/ns 1026.62 MB memory
ENERGY:     100      1091.4990      1726.0491      2101.3317       148.2002            -42.7949      -829.5653         0.0000      2392.3099      2918.8075           9505.8372       293.0880      6587.0297      9527.5302       298.1368

LDB: ============= START OF LOAD BALANCING ============== 1.35748
LDB: ============== END OF LOAD BALANCING =============== 1.35765
Info: useSync: 1 useProxySync: 0
LDB: =============== DONE WITH MIGRATION ================ 1.35813
LDB: ============= START OF LOAD BALANCING ============== 1.45726
LDB: 314 computes have load of zero
LDB: Largest compute 1566 load 0.006916 is 38.6% of average load 0.017926
LDB: Average compute 0.000854 is 4.8% of average load 0.017926
LDB: TIME 1.46549 LOAD: AVG 0.0179263 MAX 0.051631  PROXIES: TOTAL 601 MAXPE 12 MAXPATCH 10 None MEM: 1026.62 MB
LDB: TIME 1.46882 LOAD: AVG 0.0179263 MAX 0.0244016  PROXIES: TOTAL 975 MAXPE 15 MAXPATCH 37 TorusLB MEM: 1026.62 MB
LDB: ============== END OF LOAD BALANCING =============== 1.47091
Info: build node-aware spanning tree with send: 1, recv: 0 with branch factor 4
Info: useSync: 1 useProxySync: 0
LDB: =============== DONE WITH MIGRATION ================ 1.47531
PRESSURE: 200 0 0 0 0 0 0 0 0 0
GPRESSURE: 200 0 0 0 0 0 0 0 0 0
PRESSAVG: 200 0 0 0 0 0 0 0 0 0
GPRESSAVG: 200 0 0 0 0 0 0 0 0 0
Info: Initial time: 164 CPUs 0.00118937 s/step 0.0137658 days/ns 1026.62 MB memory
ENERGY:     200      1075.8242      1642.3285      2091.9646       146.3349            -42.8469      -799.3786         0.0000      2390.0450      2987.8716           9492.1433       300.0230      6504.2717      9514.9164       297.1638

LDB: ============= START OF LOAD BALANCING ============== 1.60262
LDB: 314 computes have load of zero
LDB: Largest compute 1566 load 0.008663 is 30.5% of average load 0.028421
LDB: Average compute 0.001140 is 4.0% of average load 0.028421
LDB: TIME 1.60496 LOAD: AVG 0.028421 MAX 0.0478386  PROXIES: TOTAL 601 MAXPE 12 MAXPATCH 10 None MEM: 1026.62 MB
LDB: TIME 1.60569 LOAD: AVG 0.028421 MAX 0.0478386  PROXIES: TOTAL 975 MAXPE 15 MAXPATCH 37 RefineTorusLB MEM: 1026.62 MB
LDB: TIME 1.61734 LOAD: AVG 0.028421 MAX 0.0373328  PROXIES: TOTAL 902 MAXPE 13 MAXPATCH 28 RefineTorusLB MEM: 1026.62 MB
LDB: ============== END OF LOAD BALANCING =============== 1.61869
Info: build node-aware spanning tree with send: 1, recv: 0 with branch factor 4
Info: useSync: 1 useProxySync: 0
LDB: =============== DONE WITH MIGRATION ================ 1.62301
PRESSURE: 300 0 0 0 0 0 0 0 0 0
GPRESSURE: 300 0 0 0 0 0 0 0 0 0
PRESSAVG: 300 0 0 0 0 0 0 0 0 0
GPRESSAVG: 300 0 0 0 0 0 0 0 0 0
Info: Initial time: 164 CPUs 0.00126926 s/step 0.0146905 days/ns 1026.62 MB memory
ENERGY:     300      1073.3000      1726.9232      2079.8523       169.0032            -42.4586      -813.3258         0.0000      2390.2506      2974.8568           9558.4016       298.7162      6583.5449      9585.8017       298.9557

LDB: ============= START OF LOAD BALANCING ============== 1.71362
LDB: 314 computes have load of zero
LDB: Largest compute 1566 load 0.008766 is 32.2% of average load 0.027234
LDB: Average compute 0.001129 is 4.1% of average load 0.027234
LDB: TIME 1.72125 LOAD: AVG 0.0272341 MAX 0.04447  PROXIES: TOTAL 601 MAXPE 12 MAXPATCH 10 None MEM: 1026.62 MB
LDB: TIME 1.72189 LOAD: AVG 0.0272341 MAX 0.04447  PROXIES: TOTAL 902 MAXPE 13 MAXPATCH 28 RefineTorusLB MEM: 1026.62 MB
LDB: TIME 1.72789 LOAD: AVG 0.0272341 MAX 0.0347204  PROXIES: TOTAL 911 MAXPE 12 MAXPATCH 28 RefineTorusLB MEM: 1026.62 MB
LDB: ============== END OF LOAD BALANCING =============== 1.72895
Info: build node-aware spanning tree with send: 1, recv: 0 with branch factor 4
Info: useSync: 1 useProxySync: 0
LDB: =============== DONE WITH MIGRATION ================ 1.73305
PRESSURE: 400 0 0 0 0 0 0 0 0 0
GPRESSURE: 400 0 0 0 0 0 0 0 0 0
PRESSAVG: 400 0 0 0 0 0 0 0 0 0
GPRESSAVG: 400 0 0 0 0 0 0 0 0 0
Info: Benchmark time: 164 CPUs 0.000900907 s/step 0.0104272 days/ns 1026.62 MB memory
ENERGY:     400      1089.1808      1685.4263      2092.8983       167.0321            -42.3457      -807.3552         0.0000      2390.7520      2954.5935           9530.1821       296.6814      6575.5886      9557.2824       298.8299

PRESSURE: 500 0 0 0 0 0 0 0 0 0
GPRESSURE: 500 0 0 0 0 0 0 0 0 0
PRESSAVG: 500 0 0 0 0 0 0 0 0 0
GPRESSAVG: 500 0 0 0 0 0 0 0 0 0
Info: Benchmark time: 164 CPUs 0.00149897 s/step 0.0173492 days/ns 1026.62 MB memory
ENERGY:     500      1053.6398      1652.2597      2093.5483       146.9211            -43.3887      -784.3854         0.0000      2388.3063      2999.8457           9506.7468       301.2254      6506.9011      9531.5861       297.0728

PRESSURE: 600 0 0 0 0 0 0 0 0 0
GPRESSURE: 600 0 0 0 0 0 0 0 0 0
PRESSAVG: 600 0 0 0 0 0 0 0 0 0
GPRESSAVG: 600 0 0 0 0 0 0 0 0 0
Info: Benchmark time: 164 CPUs 0.00103962 s/step 0.0120327 days/ns 1026.62 MB memory
ENERGY:     600      1089.0743      1702.9426      2081.4085       162.6797            -43.5417      -787.9752         0.0000      2388.4120      2954.1480           9547.1482       296.6367      6593.0002      9570.7814       297.2689

PRESSURE: 700 0 0 0 0 0 0 0 0 0
GPRESSURE: 700 0 0 0 0 0 0 0 0 0
PRESSAVG: 700 0 0 0 0 0 0 0 0 0
GPRESSAVG: 700 0 0 0 0 0 0 0 0 0
Info: Benchmark time: 164 CPUs 0.00108197 s/step 0.0125228 days/ns 1026.62 MB memory
ENERGY:     700      1097.7947      1633.8998      2075.3146       141.3960            -42.9266      -790.6280         0.0000      2389.9698      3064.6374           9569.4578       307.7314      6504.8204      9593.5399       301.1842

PRESSURE: 800 0 0 0 0 0 0 0 0 0
GPRESSURE: 800 0 0 0 0 0 0 0 0 0
PRESSAVG: 800 0 0 0 0 0 0 0 0 0
GPRESSAVG: 800 0 0 0 0 0 0 0 0 0
Info: Benchmark time: 164 CPUs 0.0012246 s/step 0.0141736 days/ns 1026.62 MB memory
ENERGY:     800      1083.0602      1713.5705      2075.2622       157.7762            -42.2604      -808.7101         0.0000      2397.0562      3009.4919           9585.2467       302.1940      6575.7548      9613.0190       300.5640

PRESSURE: 900 0 0 0 0 0 0 0 0 0
GPRESSURE: 900 0 0 0 0 0 0 0 0 0
PRESSAVG: 900 0 0 0 0 0 0 0 0 0
GPRESSAVG: 900 0 0 0 0 0 0 0 0 0
Info: Benchmark time: 164 CPUs 0.00109136 s/step 0.0126315 days/ns 1026.62 MB memory
ENERGY:     900      1048.8987      1673.7624      2073.4904       158.0211            -42.4776      -781.4835         0.0000      2394.3354      2955.4556           9480.0025       296.7680      6524.5469      9506.3417       297.9123

OPENING COORDINATE DCD FILE
WRITING COORDINATES TO DCD FILE adk-step1.dcd AT STEP 1000
WRITING COORDINATES TO RESTART FILE AT STEP 1000
FINISHED WRITING RESTART COORDINATES
The last position output (seq=1000) takes 0.008 seconds, 1026.625 MB of memory in use
WRITING VELOCITIES TO RESTART FILE AT STEP 1000
FINISHED WRITING RESTART VELOCITIES
The last velocity output (seq=1000) takes 0.002 seconds, 1026.625 MB of memory in use
PRESSURE: 1000 0 0 0 0 0 0 0 0 0
GPRESSURE: 1000 0 0 0 0 0 0 0 0 0
PRESSAVG: 1000 0 0 0 0 0 0 0 0 0
GPRESSAVG: 1000 0 0 0 0 0 0 0 0 0
TIMING: 1000  CPU: 0.294457, 0.000291829/step  Wall: 1.26321, 0.00124744/step, 0.00138605 hours remaining, 1026.625000 MB of memory in use.
ETITLE:      TS           BOND          ANGLE          DIHED          IMPRP               ELECT            VDW       BOUNDARY           MISC        KINETIC               TOTAL           TEMP      POTENTIAL         TOTAL3        TEMPAVG

ENERGY:    1000      1114.7945      1659.8197      2084.8817       154.9663            -42.4376      -772.7720         0.0000      2394.9532      2975.7926           9569.9985       298.8101      6594.2059      9588.5132       297.4560

WRITING EXTENDED SYSTEM TO RESTART FILE AT STEP 1000
PRESSURE: 1100 0 0 0 0 0 0 0 0 0
GPRESSURE: 1100 0 0 0 0 0 0 0 0 0
PRESSAVG: 1100 0 0 0 0 0 0 0 0 0
GPRESSAVG: 1100 0 0 0 0 0 0 0 0 0
ENERGY:    1100      1094.8593      1686.4908      2074.1559       154.6945            -41.6758      -800.9247         0.0000      2391.5097      2972.6810           9531.7906       298.4977      6559.1096      9555.8463       299.7572

PRESSURE: 1200 0 0 0 0 0 0 0 0 0
GPRESSURE: 1200 0 0 0 0 0 0 0 0 0
PRESSAVG: 1200 0 0 0 0 0 0 0 0 0
GPRESSAVG: 1200 0 0 0 0 0 0 0 0 0
ENERGY:    1200      1069.6434      1668.5082      2071.7298       154.2219            -41.7561      -765.5035         0.0000      2398.7780      3004.9549           9560.5767       301.7384      6555.6218      9584.4890       300.4535

PRESSURE: 1300 0 0 0 0 0 0 0 0 0
GPRESSURE: 1300 0 0 0 0 0 0 0 0 0
PRESSAVG: 1300 0 0 0 0 0 0 0 0 0
GPRESSAVG: 1300 0 0 0 0 0 0 0 0 0
ENERGY:    1300      1088.3131      1682.6026      2090.8972       151.1627            -42.1727      -788.0634         0.0000      2402.4577      2960.0386           9545.2358       297.2282      6585.1972      9569.2322       299.2798

PRESSURE: 1400 0 0 0 0 0 0 0 0 0
GPRESSURE: 1400 0 0 0 0 0 0 0 0 0
PRESSAVG: 1400 0 0 0 0 0 0 0 0 0
GPRESSAVG: 1400 0 0 0 0 0 0 0 0 0
ENERGY:    1400      1125.4309      1652.6705      2091.0086       147.1393            -42.8428      -832.9679         0.0000      2403.6317      3007.8298           9551.9002       302.0271      6544.0703      9577.4456       299.7327

PRESSURE: 1500 0 0 0 0 0 0 0 0 0
GPRESSURE: 1500 0 0 0 0 0 0 0 0 0
PRESSAVG: 1500 0 0 0 0 0 0 0 0 0
GPRESSAVG: 1500 0 0 0 0 0 0 0 0 0
ENERGY:    1500      1090.6676      1630.4293      2086.9569       144.4236            -43.1467      -770.0517         0.0000      2392.0853      3038.3100           9569.6744       305.0877      6531.3644      9591.3996       299.5577

PRESSURE: 1600 0 0 0 0 0 0 0 0 0
GPRESSURE: 1600 0 0 0 0 0 0 0 0 0
PRESSAVG: 1600 0 0 0 0 0 0 0 0 0
GPRESSAVG: 1600 0 0 0 0 0 0 0 0 0
ENERGY:    1600      1095.1423      1669.8846      2093.9425       157.9204            -43.2213      -798.5116         0.0000      2395.3954      2979.3620           9549.9144       299.1685      6570.5523      9575.0808       301.5981

PRESSURE: 1700 0 0 0 0 0 0 0 0 0
GPRESSURE: 1700 0 0 0 0 0 0 0 0 0
PRESSAVG: 1700 0 0 0 0 0 0 0 0 0
GPRESSAVG: 1700 0 0 0 0 0 0 0 0 0
ENERGY:    1700      1083.9137      1696.3073      2077.3538       159.9011            -43.0456      -780.3578         0.0000      2388.7375      3011.6655           9594.4755       302.4123      6582.8100      9622.5045       301.0955

PRESSURE: 1800 0 0 0 0 0 0 0 0 0
GPRESSURE: 1800 0 0 0 0 0 0 0 0 0
PRESSAVG: 1800 0 0 0 0 0 0 0 0 0
GPRESSAVG: 1800 0 0 0 0 0 0 0 0 0
ENERGY:    1800      1123.2824      1722.4075      2089.4740       151.7273            -41.9773      -805.0450         0.0000      2387.3807      2983.6750           9610.9245       299.6016      6627.2495      9635.8733       300.2944

PRESSURE: 1900 0 0 0 0 0 0 0 0 0
GPRESSURE: 1900 0 0 0 0 0 0 0 0 0
PRESSAVG: 1900 0 0 0 0 0 0 0 0 0
GPRESSAVG: 1900 0 0 0 0 0 0 0 0 0
ENERGY:    1900      1133.0362      1707.4659      2071.3944       155.7159            -42.2480      -833.5783         0.0000      2391.4596      3010.6996           9593.9453       302.3153      6583.2457      9620.4784       302.3539

WRITING COORDINATES TO DCD FILE adk-step1.dcd AT STEP 2000
WRITING COORDINATES TO RESTART FILE AT STEP 2000
FINISHED WRITING RESTART COORDINATES
The last position output (seq=2000) takes 0.003 seconds, 1026.625 MB of memory in use
WRITING VELOCITIES TO RESTART FILE AT STEP 2000
FINISHED WRITING RESTART VELOCITIES
The last velocity output (seq=2000) takes 0.002 seconds, 1026.625 MB of memory in use
PRESSURE: 2000 0 0 0 0 0 0 0 0 0
GPRESSURE: 2000 0 0 0 0 0 0 0 0 0
PRESSAVG: 2000 0 0 0 0 0 0 0 0 0
GPRESSAVG: 2000 0 0 0 0 0 0 0 0 0
TIMING: 2000  CPU: 0.530029, 0.000235572/step  Wall: 2.40706, 0.00114385/step, 0.000953205 hours remaining, 1026.625000 MB of memory in use.
ETITLE:      TS           BOND          ANGLE          DIHED          IMPRP               ELECT            VDW       BOUNDARY           MISC        KINETIC               TOTAL           TEMP      POTENTIAL         TOTAL3        TEMPAVG

ENERGY:    2000      1088.6634      1638.6996      2098.8445       157.3431            -42.6364      -789.3692         0.0000      2391.6918      3021.9439           9565.1807       303.4443      6543.2368      9591.4205       300.1017

WRITING EXTENDED SYSTEM TO RESTART FILE AT STEP 2000
PRESSURE: 2100 0 0 0 0 0 0 0 0 0
GPRESSURE: 2100 0 0 0 0 0 0 0 0 0
PRESSAVG: 2100 0 0 0 0 0 0 0 0 0
GPRESSAVG: 2100 0 0 0 0 0 0 0 0 0
ENERGY:    2100      1072.9237      1651.2305      2072.4770       151.8426            -42.3064      -781.5341         0.0000      2389.9885      2980.3252           9494.9471       299.2653      6514.6218      9520.5079       298.4198

PRESSURE: 2200 0 0 0 0 0 0 0 0 0
GPRESSURE: 2200 0 0 0 0 0 0 0 0 0
PRESSAVG: 2200 0 0 0 0 0 0 0 0 0
GPRESSAVG: 2200 0 0 0 0 0 0 0 0 0
ENERGY:    2200      1100.3736      1671.9880      2078.8151       143.9604            -42.9048      -804.1362         0.0000      2384.7808      2958.7413           9491.6181       297.0979      6532.8768      9513.3790       296.6062

PRESSURE: 2300 0 0 0 0 0 0 0 0 0
GPRESSURE: 2300 0 0 0 0 0 0 0 0 0
PRESSAVG: 2300 0 0 0 0 0 0 0 0 0
GPRESSAVG: 2300 0 0 0 0 0 0 0 0 0
ENERGY:    2300      1132.5614      1653.4338      2098.0767       138.5181            -44.1467      -781.7007         0.0000      2372.5250      2974.5289           9543.7964       298.6832      6569.2675      9569.6946       297.8526

PRESSURE: 2400 0 0 0 0 0 0 0 0 0
GPRESSURE: 2400 0 0 0 0 0 0 0 0 0
PRESSAVG: 2400 0 0 0 0 0 0 0 0 0
GPRESSAVG: 2400 0 0 0 0 0 0 0 0 0
ENERGY:    2400      1083.4986      1665.3300      2103.7470       164.1609            -43.2290      -764.4778         0.0000      2375.3457      2989.1002           9573.4755       300.1464      6584.3753      9593.3652       299.4092

PRESSURE: 2500 0 0 0 0 0 0 0 0 0
GPRESSURE: 2500 0 0 0 0 0 0 0 0 0
PRESSAVG: 2500 0 0 0 0 0 0 0 0 0
GPRESSAVG: 2500 0 0 0 0 0 0 0 0 0
ENERGY:    2500      1073.8161      1708.9051      2099.5099       146.9660            -43.2766      -794.1341         0.0000      2381.0225      3062.9048           9635.7137       307.5574      6572.8089      9662.4982       303.1239

PRESSURE: 2600 0 0 0 0 0 0 0 0 0
GPRESSURE: 2600 0 0 0 0 0 0 0 0 0
PRESSAVG: 2600 0 0 0 0 0 0 0 0 0
GPRESSAVG: 2600 0 0 0 0 0 0 0 0 0
ENERGY:    2600      1102.2718      1688.1711      2094.1017       155.6175            -43.6640      -801.6775         0.0000      2384.3080      3009.7432           9588.8718       302.2192      6579.1286      9617.7259       304.2858

PRESSURE: 2700 0 0 0 0 0 0 0 0 0
GPRESSURE: 2700 0 0 0 0 0 0 0 0 0
PRESSAVG: 2700 0 0 0 0 0 0 0 0 0
GPRESSAVG: 2700 0 0 0 0 0 0 0 0 0
ENERGY:    2700      1085.3121      1738.2541      2060.5596       166.5215            -42.9298      -807.6131         0.0000      2390.4274      3021.5540           9612.0859       303.4052      6590.5319      9636.3269       301.5121

PRESSURE: 2800 0 0 0 0 0 0 0 0 0
GPRESSURE: 2800 0 0 0 0 0 0 0 0 0
PRESSAVG: 2800 0 0 0 0 0 0 0 0 0
GPRESSAVG: 2800 0 0 0 0 0 0 0 0 0
ENERGY:    2800      1091.0309      1669.1616      2093.3494       142.2911            -42.1608      -799.5145         0.0000      2399.1395      3015.3188           9568.6160       302.7791      6553.2971      9596.1369       302.2876

PRESSURE: 2900 0 0 0 0 0 0 0 0 0
GPRESSURE: 2900 0 0 0 0 0 0 0 0 0
PRESSAVG: 2900 0 0 0 0 0 0 0 0 0
GPRESSAVG: 2900 0 0 0 0 0 0 0 0 0
ENERGY:    2900      1099.3249      1679.3046      2095.7845       142.2811            -42.4723      -788.3406         0.0000      2402.6352      2920.9632           9509.4806       293.3045      6588.5174      9532.6309       296.9535

WRITING COORDINATES TO DCD FILE adk-step1.dcd AT STEP 3000
WRITING COORDINATES TO RESTART FILE AT STEP 3000
FINISHED WRITING RESTART COORDINATES
The last position output (seq=3000) takes 0.004 seconds, 1026.625 MB of memory in use
WRITING VELOCITIES TO RESTART FILE AT STEP 3000
FINISHED WRITING RESTART VELOCITIES
The last velocity output (seq=3000) takes 0.002 seconds, 1026.625 MB of memory in use
PRESSURE: 3000 0 0 0 0 0 0 0 0 0
GPRESSURE: 3000 0 0 0 0 0 0 0 0 0
PRESSAVG: 3000 0 0 0 0 0 0 0 0 0
GPRESSAVG: 3000 0 0 0 0 0 0 0 0 0
TIMING: 3000  CPU: 0.763648, 0.000233619/step  Wall: 3.50248, 0.00109543/step, 0.00060857 hours remaining, 1026.625000 MB of memory in use.
ETITLE:      TS           BOND          ANGLE          DIHED          IMPRP               ELECT            VDW       BOUNDARY           MISC        KINETIC               TOTAL           TEMP      POTENTIAL         TOTAL3        TEMPAVG

ENERGY:    3000      1135.0590      1664.3674      2064.3282       156.0640            -42.3435      -838.9684         0.0000      2402.3740      2980.9504           9521.8311       299.3280      6540.8807      9545.5884       298.4202

WRITING EXTENDED SYSTEM TO RESTART FILE AT STEP 3000
PRESSURE: 3100 0 0 0 0 0 0 0 0 0
GPRESSURE: 3100 0 0 0 0 0 0 0 0 0
PRESSAVG: 3100 0 0 0 0 0 0 0 0 0
GPRESSAVG: 3100 0 0 0 0 0 0 0 0 0
ENERGY:    3100      1071.1301      1735.7278      2062.4343       151.0473            -43.1274      -790.7046         0.0000      2398.8543      2976.9778           9562.3396       298.9291      6585.3618      9586.5929       298.8141

PRESSURE: 3200 0 0 0 0 0 0 0 0 0
GPRESSURE: 3200 0 0 0 0 0 0 0 0 0
PRESSAVG: 3200 0 0 0 0 0 0 0 0 0
GPRESSAVG: 3200 0 0 0 0 0 0 0 0 0
ENERGY:    3200      1100.2337      1694.9845      2065.5491       166.1734            -43.0335      -809.6148         0.0000      2400.7587      2990.1362           9565.1874       300.2504      6575.0513      9589.1499       300.1571

PRESSURE: 3300 0 0 0 0 0 0 0 0 0
GPRESSURE: 3300 0 0 0 0 0 0 0 0 0
PRESSAVG: 3300 0 0 0 0 0 0 0 0 0
GPRESSAVG: 3300 0 0 0 0 0 0 0 0 0
ENERGY:    3300      1074.4890      1705.8976      2065.6351       148.6922            -42.5484      -775.8440         0.0000      2393.0771      2981.5920           9550.9905       299.3925      6569.3985      9573.5521       299.4306

PRESSURE: 3400 0 0 0 0 0 0 0 0 0
GPRESSURE: 3400 0 0 0 0 0 0 0 0 0
PRESSAVG: 3400 0 0 0 0 0 0 0 0 0
GPRESSAVG: 3400 0 0 0 0 0 0 0 0 0
ENERGY:    3400      1106.5727      1740.4616      2079.9419       150.6662            -42.4240      -828.3200         0.0000      2403.1428      2940.8827           9550.9240       295.3047      6610.0413      9573.3913       299.5300

PRESSURE: 3500 0 0 0 0 0 0 0 0 0
GPRESSURE: 3500 0 0 0 0 0 0 0 0 0
PRESSAVG: 3500 0 0 0 0 0 0 0 0 0
GPRESSAVG: 3500 0 0 0 0 0 0 0 0 0
ENERGY:    3500      1090.0171      1700.0424      2084.3365       144.8689            -42.6816      -835.1112         0.0000      2393.6839      3010.6816           9545.8376       302.3135      6535.1561      9571.0716       299.4458

PRESSURE: 3600 0 0 0 0 0 0 0 0 0
GPRESSURE: 3600 0 0 0 0 0 0 0 0 0
PRESSAVG: 3600 0 0 0 0 0 0 0 0 0
GPRESSAVG: 3600 0 0 0 0 0 0 0 0 0
ENERGY:    3600      1100.1198      1694.2438      2069.2664       135.7732            -42.2926      -749.2587         0.0000      2393.5131      2997.2160           9598.5810       300.9613      6601.3650      9619.9248       302.7565

PRESSURE: 3700 0 0 0 0 0 0 0 0 0
GPRESSURE: 3700 0 0 0 0 0 0 0 0 0
PRESSAVG: 3700 0 0 0 0 0 0 0 0 0
GPRESSAVG: 3700 0 0 0 0 0 0 0 0 0
ENERGY:    3700      1117.5393      1708.6749      2071.4200       146.0987            -42.7779      -822.7966         0.0000      2403.5570      2930.8091           9512.5244       294.2932      6581.7153      9536.2073       300.6738

PRESSURE: 3800 0 0 0 0 0 0 0 0 0
GPRESSURE: 3800 0 0 0 0 0 0 0 0 0
PRESSAVG: 3800 0 0 0 0 0 0 0 0 0
GPRESSAVG: 3800 0 0 0 0 0 0 0 0 0
ENERGY:    3800      1079.9904      1699.2461      2063.7233       145.1644            -42.7109      -778.8569         0.0000      2397.2720      2984.7990           9548.6274       299.7145      6563.8284      9578.4678       298.5323

PRESSURE: 3900 0 0 0 0 0 0 0 0 0
GPRESSURE: 3900 0 0 0 0 0 0 0 0 0
PRESSAVG: 3900 0 0 0 0 0 0 0 0 0
GPRESSAVG: 3900 0 0 0 0 0 0 0 0 0
ENERGY:    3900      1095.0581      1691.9334      2067.1623       154.8022            -43.0364      -814.3039         0.0000      2403.7771      2959.6860           9515.0788       297.1928      6555.3928      9537.0869       300.2470

WRITING COORDINATES TO DCD FILE adk-step1.dcd AT STEP 4000
WRITING COORDINATES TO RESTART FILE AT STEP 4000
FINISHED WRITING RESTART COORDINATES
The last position output (seq=4000) takes 0.004 seconds, 1026.625 MB of memory in use
WRITING VELOCITIES TO RESTART FILE AT STEP 4000
FINISHED WRITING RESTART VELOCITIES
The last velocity output (seq=4000) takes 0.003 seconds, 1026.625 MB of memory in use
PRESSURE: 4000 0 0 0 0 0 0 0 0 0
GPRESSURE: 4000 0 0 0 0 0 0 0 0 0
PRESSAVG: 4000 0 0 0 0 0 0 0 0 0
GPRESSAVG: 4000 0 0 0 0 0 0 0 0 0
TIMING: 4000  CPU: 1.00137, 0.000237726/step  Wall: 4.60262, 0.00110014/step, 0.000305593 hours remaining, 1026.625000 MB of memory in use.
ETITLE:      TS           BOND          ANGLE          DIHED          IMPRP               ELECT            VDW       BOUNDARY           MISC        KINETIC               TOTAL           TEMP      POTENTIAL         TOTAL3        TEMPAVG

ENERGY:    4000      1096.6656      1666.2728      2064.1795       146.7254            -41.8213      -787.0010         0.0000      2401.1262      2928.9104           9475.0576       294.1025      6546.1472      9500.2451       298.5100

WRITING EXTENDED SYSTEM TO RESTART FILE AT STEP 4000
PRESSURE: 4100 0 0 0 0 0 0 0 0 0
GPRESSURE: 4100 0 0 0 0 0 0 0 0 0
PRESSAVG: 4100 0 0 0 0 0 0 0 0 0
GPRESSAVG: 4100 0 0 0 0 0 0 0 0 0
ENERGY:    4100      1091.1202      1690.3110      2085.6928       151.4263            -42.5112      -788.9993         0.0000      2399.3579      2957.5428           9543.9405       296.9776      6586.3977      9566.0225       296.8238

PRESSURE: 4200 0 0 0 0 0 0 0 0 0
GPRESSURE: 4200 0 0 0 0 0 0 0 0 0
PRESSAVG: 4200 0 0 0 0 0 0 0 0 0
GPRESSAVG: 4200 0 0 0 0 0 0 0 0 0
ENERGY:    4200      1090.1498      1718.2338      2038.5633       146.7685            -42.9651      -802.1058         0.0000      2401.2159      2979.7182           9529.5785       299.2043      6549.8603      9553.7311       298.6382

LDB: ============= START OF LOAD BALANCING ============== 6.10471
LDB: ============== END OF LOAD BALANCING =============== 6.10491
Info: useSync: 1 useProxySync: 0
LDB: =============== DONE WITH MIGRATION ================ 6.10546
PRESSURE: 4300 0 0 0 0 0 0 0 0 0
GPRESSURE: 4300 0 0 0 0 0 0 0 0 0
PRESSAVG: 4300 0 0 0 0 0 0 0 0 0
GPRESSAVG: 4300 0 0 0 0 0 0 0 0 0
ENERGY:    4300      1052.4277      1719.5506      2043.7132       152.5864            -42.7409      -809.6637         0.0000      2401.0795      3008.1745           9525.1273       302.0617      6516.9528      9551.0660       299.1031

LDB: ============= START OF LOAD BALANCING ============== 6.20807
LDB: 297 computes have load of zero
LDB: Largest compute 1566 load 0.008971 is 32.8% of average load 0.027318
LDB: Average compute 0.001119 is 4.1% of average load 0.027318
LDB: TIME 6.21571 LOAD: AVG 0.0273178 MAX 0.0365637  PROXIES: TOTAL 601 MAXPE 12 MAXPATCH 10 None MEM: 1026.62 MB
LDB: TIME 6.21637 LOAD: AVG 0.0273178 MAX 0.0365637  PROXIES: TOTAL 915 MAXPE 12 MAXPATCH 28 RefineTorusLB MEM: 1026.62 MB
LDB: TIME 6.21867 LOAD: AVG 0.0273178 MAX 0.0365637  PROXIES: TOTAL 909 MAXPE 12 MAXPATCH 28 RefineTorusLB MEM: 1026.62 MB
LDB: Reverting to original mapping
LDB: ============== END OF LOAD BALANCING =============== 6.21967
Info: build node-aware spanning tree with send: 1, recv: 0 with branch factor 4
Info: useSync: 1 useProxySync: 0
LDB: =============== DONE WITH MIGRATION ================ 6.22349
PRESSURE: 4400 0 0 0 0 0 0 0 0 0
GPRESSURE: 4400 0 0 0 0 0 0 0 0 0
PRESSAVG: 4400 0 0 0 0 0 0 0 0 0
GPRESSAVG: 4400 0 0 0 0 0 0 0 0 0
ENERGY:    4400      1054.4327      1707.1914      2090.8513       167.8815            -42.1256      -785.9991         0.0000      2393.9007      2942.7043           9528.8373       295.4876      6586.1330      9556.0627       296.7831

PRESSURE: 4500 0 0 0 0 0 0 0 0 0
GPRESSURE: 4500 0 0 0 0 0 0 0 0 0
PRESSAVG: 4500 0 0 0 0 0 0 0 0 0
GPRESSAVG: 4500 0 0 0 0 0 0 0 0 0
ENERGY:    4500      1112.7590      1667.1239      2082.0125       147.7401            -42.4431      -794.6356         0.0000      2390.8108      2968.9322           9532.2998       298.1213      6563.3675      9557.4921       299.3622

PRESSURE: 4600 0 0 0 0 0 0 0 0 0
GPRESSURE: 4600 0 0 0 0 0 0 0 0 0
PRESSAVG: 4600 0 0 0 0 0 0 0 0 0
GPRESSAVG: 4600 0 0 0 0 0 0 0 0 0
ENERGY:    4600      1096.4514      1717.3312      2074.1280       137.0683            -42.6705      -777.8125         0.0000      2384.0976      2892.1462           9480.7398       290.4109      6588.5936      9504.6369       297.7526

PRESSURE: 4700 0 0 0 0 0 0 0 0 0
GPRESSURE: 4700 0 0 0 0 0 0 0 0 0
PRESSAVG: 4700 0 0 0 0 0 0 0 0 0
GPRESSAVG: 4700 0 0 0 0 0 0 0 0 0
ENERGY:    4700      1089.4381      1690.6215      2082.1507       156.6438            -42.8672      -818.4592         0.0000      2390.8135      2946.8390           9495.1802       295.9028      6548.3411      9516.5623       296.9938

PRESSURE: 4800 0 0 0 0 0 0 0 0 0
GPRESSURE: 4800 0 0 0 0 0 0 0 0 0
PRESSAVG: 4800 0 0 0 0 0 0 0 0 0
GPRESSAVG: 4800 0 0 0 0 0 0 0 0 0
ENERGY:    4800      1106.8379      1721.8150      2090.3918       146.0555            -43.1960      -800.7148         0.0000      2386.7531      2951.0708           9559.0133       296.3277      6607.9425      9588.0063       299.3149

PRESSURE: 4900 0 0 0 0 0 0 0 0 0
GPRESSURE: 4900 0 0 0 0 0 0 0 0 0
PRESSAVG: 4900 0 0 0 0 0 0 0 0 0
GPRESSAVG: 4900 0 0 0 0 0 0 0 0 0
ENERGY:    4900      1075.3352      1702.5733      2090.7423       136.3936            -43.7069      -770.3684         0.0000      2389.7396      2986.2142           9566.9227       299.8566      6580.7085      9593.7237       299.5887

WRITING COORDINATES TO DCD FILE adk-step1.dcd AT STEP 5000
WRITING COORDINATES TO RESTART FILE AT STEP 5000
FINISHED WRITING RESTART COORDINATES
The last position output (seq=5000) takes 0.003 seconds, 1026.625 MB of memory in use
WRITING VELOCITIES TO RESTART FILE AT STEP 5000
FINISHED WRITING RESTART VELOCITIES
The last velocity output (seq=5000) takes 0.002 seconds, 1026.625 MB of memory in use
PRESSURE: 5000 0 0 0 0 0 0 0 0 0
GPRESSURE: 5000 0 0 0 0 0 0 0 0 0
PRESSAVG: 5000 0 0 0 0 0 0 0 0 0
GPRESSAVG: 5000 0 0 0 0 0 0 0 0 0
TIMING: 5000  CPU: 1.2451, 0.000243728/step  Wall: 5.68195, 0.00107933/step, 0 hours remaining, 1026.625000 MB of memory in use.
ETITLE:      TS           BOND          ANGLE          DIHED          IMPRP               ELECT            VDW       BOUNDARY           MISC        KINETIC               TOTAL           TEMP      POTENTIAL         TOTAL3        TEMPAVG

ENERGY:    5000      1068.1010      1733.8055      2093.4533       155.1959            -43.3919      -792.9253         0.0000      2384.2402      2956.4981           9554.9768       296.8727      6598.4787      9580.1907       300.7192

WRITING EXTENDED SYSTEM TO RESTART FILE AT STEP 5000
WRITING EXTENDED SYSTEM TO OUTPUT FILE AT STEP 5000
WRITING COORDINATES TO OUTPUT FILE AT STEP 5000
CLOSING COORDINATE DCD FILE adk-step1.dcd
The last position output (seq=-2) takes 0.003 seconds, 1026.625 MB of memory in use
WRITING VELOCITIES TO OUTPUT FILE AT STEP 5000
====================================================

WallClock: 6.885223  CPUTime: 2.335309  Memory: 1026.625000 MB
[Partition 0][Node 0] End of program
