0_5_cc.dat
/gpfs/alpine/bip115/scratch/hrlee/radical.pilot.sandbox/re.session.login2.hrlee.018634.0000/pilot.0000/staging_area/0_5_cc.dat
0, 5
Choosing optimized barrier algorithm name I0:HybridBinomial:SHMEM:P2P
Converse/Charm++ Commit ID: v6.10.2-0-g7bf00fa-namd-charm-6.10.2-build-2020-Aug-05-556
Warning> Randomization of virtual memory (ASLR) is turned on in the kernel, thread migration may not work! Run 'echo 0 > /proc/sys/kernel/randomize_va_space' as root to disable it, or try running with '+isomalloc_sync'.
CharmLB> Load balancer assumes all CPUs are same.
Charm++> Running on 1 hosts (1 sockets x 7 cores x 4 PUs = 28-way SMP)
Charm++> cpu topology info is gathered in 0.002 seconds.
Info: Built with CUDA version 10010
Did not find +devices i,j,k,... argument, using all
Pe 27 physical rank 27 will use CUDA device of pe 21
Pe 1 physical rank 1 will use CUDA device of pe 4
Pe 16 physical rank 16 will use CUDA device of pe 14
Pe 12 physical rank 12 will use CUDA device of pe 7
Pe 40 physical rank 40 will use CUDA device of pe 35
Pe 31 physical rank 31 will use CUDA device of pe 28
Pe 23 physical rank 23 will use CUDA device of pe 21
Pe 3 physical rank 3 will use CUDA device of pe 4
Pe 20 physical rank 20 will use CUDA device of pe 14
Pe 9 physical rank 9 will use CUDA device of pe 7
Pe 38 physical rank 38 will use CUDA device of pe 35
Pe 33 physical rank 33 will use CUDA device of pe 28
Pe 26 physical rank 26 will use CUDA device of pe 21
Pe 5 physical rank 5 will use CUDA device of pe 4
Pe 18 physical rank 18 will use CUDA device of pe 14
Pe 10 physical rank 10 will use CUDA device of pe 7
Pe 41 physical rank 41 will use CUDA device of pe 35
Pe 32 physical rank 32 will use CUDA device of pe 28
Pe 24 physical rank 24 will use CUDA device of pe 21
Pe 2 physical rank 2 will use CUDA device of pe 4
Pe 17 physical rank 17 will use CUDA device of pe 14
Pe 11 physical rank 11 will use CUDA device of pe 7
Pe 37 physical rank 37 will use CUDA device of pe 35
Pe 30 physical rank 30 will use CUDA device of pe 28
Pe 25 physical rank 25 will use CUDA device of pe 21
Pe 19 physical rank 19 will use CUDA device of pe 14
Pe 13 physical rank 13 will use CUDA device of pe 7
Pe 39 physical rank 39 will use CUDA device of pe 35
Pe 34 physical rank 34 will use CUDA device of pe 28
Pe 22 physical rank 22 will use CUDA device of pe 21
Pe 6 physical rank 6 will use CUDA device of pe 4
Pe 15 physical rank 15 will use CUDA device of pe 14
Pe 8 physical rank 8 will use CUDA device of pe 7
Pe 29 physical rank 29 will use CUDA device of pe 28
Pe 0 physical rank 0 will use CUDA device of pe 4
Pe 36 physical rank 36 will use CUDA device of pe 35
Pe 21 physical rank 21 binding to CUDA device 0 on h14n10: 'Tesla V100-SXM2-16GB'  Mem: 16128MB  Rev: 7.0  PCI: 35:3:0
Pe 4 physical rank 4 binding to CUDA device 0 on h14n10: 'Tesla V100-SXM2-16GB'  Mem: 16128MB  Rev: 7.0  PCI: 4:4:0
Pe 14 physical rank 14 binding to CUDA device 0 on h14n10: 'Tesla V100-SXM2-16GB'  Mem: 16128MB  Rev: 7.0  PCI: 4:6:0
Pe 7 physical rank 7 binding to CUDA device 0 on h14n10: 'Tesla V100-SXM2-16GB'  Mem: 16128MB  Rev: 7.0  PCI: 4:5:0
Pe 35 physical rank 35 binding to CUDA device 0 on h14n10: 'Tesla V100-SXM2-16GB'  Mem: 16128MB  Rev: 7.0  PCI: 35:5:0
Pe 28 physical rank 28 binding to CUDA device 0 on h14n10: 'Tesla V100-SXM2-16GB'  Mem: 16128MB  Rev: 7.0  PCI: 35:4:0
Info: NAMD 2.14 for Linux-POWER-pami-smp-Summit-CUDA
Info: 
Info: Please visit http://www.ks.uiuc.edu/Research/namd/
Info: for updates, documentation, and support information.
Info: 
Info: Please cite Phillips et al., J. Chem. Phys. 153:044130 (2020) doi:10.1063/5.0014475
Info: in all publications reporting results obtained with NAMD.
Info: 
Info: Based on Charm++/Converse 61002 for pami-linux-ppc64le-smp
Info: Built Wed Aug 5 14:28:51 EDT 2020 by jimp on login2
Info: 1 NAMD  2.14  Linux-POWER-pami-smp-Summit-CUDA  42    h14n10  hrlee
Info: Running on 42 processors, 6 nodes, 1 physical nodes.
Info: CPU topology information available.
Info: Charm++/Converse parallel runtime startup completed at 1.33496 s
CkLoopLib is used in SMP with simple dynamic scheduling (converse-level notification)
Info: 791.875 MB of memory in use based on /proc/self/stat
Info: Configuration file is adk-step1.namd
Info: Working in the current directory /gpfs/alpine/bip115/scratch/hrlee/radical.pilot.sandbox/re.session.login2.hrlee.018634.0000/pilot.0000/unit.000408
TCL: Suspending until startup complete.
Info: SIMULATION PARAMETERS:
Info: TIMESTEP               1
Info: NUMBER OF STEPS        0
Info: STEPS PER CYCLE        20
Info: LOAD BALANCER  Centralized
Info: LOAD BALANCING STRATEGY  New Load Balancers -- DEFAULT
Info: LDB PERIOD             4000 steps
Info: FIRST LDB TIMESTEP     100
Info: LAST LDB TIMESTEP     -1
Info: LDB BACKGROUND SCALING 1
Info: HOM BACKGROUND SCALING 1
Info: MIN ATOMS PER PATCH    40
Info: VELOCITY FILE          0_5_adk-step1.restart.vel
Info: CENTER OF MASS MOVING INITIALLY? NO
Info: DIELECTRIC             80
Info: EXCLUDE                SCALED ONE-FOUR
Info: 1-4 ELECTROSTATICS SCALED BY 1
Info: MODIFIED 1-4 VDW PARAMETERS WILL BE USED
Info: DCD FILENAME           adk-step1.dcd
Info: DCD FREQUENCY          1000
Info: DCD FIRST STEP         1000
Info: NO EXTENDED SYSTEM TRAJECTORY OUTPUT
Info: NO VELOCITY DCD OUTPUT
Info: NO FORCE DCD OUTPUT
Info: OUTPUT FILENAME        adk-step1
Info: BINARY OUTPUT FILES WILL BE USED
Info: RESTART FILENAME       adk-step1.restart
Info: RESTART FREQUENCY      1000
Info: BINARY RESTART FILES WILL BE USED
Info: SWITCHING ACTIVE
Info: SWITCHING ON           9
Info: SWITCHING OFF          10
Info: PAIRLIST DISTANCE      11
Info: PAIRLIST SHRINK RATE   0.01
Info: PAIRLIST GROW RATE     0.01
Info: PAIRLIST TRIGGER       0.3
Info: PAIRLISTS PER CYCLE    2
Info: PAIRLISTS ENABLED
Info: MARGIN                 0
Info: HYDROGEN GROUP CUTOFF  2.5
Info: PATCH DIMENSION        13.5
Info: ENERGY OUTPUT STEPS    100
Info: CROSSTERM ENERGY INCLUDED IN DIHEDRAL
Info: TIMING OUTPUT STEPS    1000
Info: PRESSURE OUTPUT STEPS  100
Info: GRID FORCE ACTIVE
Info:  Please include this reference in published work using
Info:  the Gridforce module of NAMD: David Wells, Volha Abramkina,
Info:  and Aleksei Aksimentiev, J. Chem. Phys. 127:125101-10 (2007).
Info: MGRIDFORCE key 0
Info:            Potfile 4ake-target_autopsf-grid.dx
Info:            Scale 0.3 0.3 0.3
Info:            File 1ake-docked-noh_autopsf-grid.pdb
Info:            Col O
Info:            ChargeCol B
Info:            VOffset 0 0 0
Info:            Continuous K1 FALSE
Info:            Continuous K2 FALSE
Info:            Continuous K3 FALSE
Info:            Volts FALSE
Info:            Gridforce-Lite FALSE
Info:            Gridforce-CheckSize TRUE
Info: LANGEVIN DYNAMICS ACTIVE
Info: LANGEVIN TEMPERATURE   300
Info: LANGEVIN USING BBK INTEGRATOR
Info: LANGEVIN DAMPING COEFFICIENT IS 5 INVERSE PS
Info: LANGEVIN DYNAMICS NOT APPLIED TO HYDROGENS
Info: USING VERLET I (r-RESPA) MTS SCHEME.
Info: C1 SPLITTING OF LONG RANGE ELECTROSTATICS
Info: PLACING ATOMS IN PATCHES BY HYDROGEN GROUPS
Info: RIGID BONDS TO HYDROGEN : WATER
Info:         ERROR TOLERANCE : 1e-08
Info:          MAX ITERATIONS : 100
Info: RIGID WATER USING SETTLE ALGORITHM
Info: NONBONDED FORCES EVALUATED EVERY 2 STEPS
Info: RANDOM NUMBER SEED     1609984038
Info: USE HYDROGEN BONDS?    NO
Info: COORDINATE PDB         1ake-docked-noh_autopsf.pdb
Info: STRUCTURE FILE         1ake-docked-noh_autopsf.psf
Info: PARAMETER file: CHARMM format! 
Info: PARAMETERS             par_all36_prot.prm
Info: USING ARITHMETIC MEAN TO COMBINE L-J SIGMA PARAMETERS
Info: BINARY COORDINATES     0_5_adk-step1.restart.coor
Info: SUMMARY OF PARAMETERS:
Info: 132 BONDS
Info: 362 ANGLES
Info: 702 DIHEDRAL
Info: 35 IMPROPER
Info: 6 CROSSTERM
Info: 53 VDW
Info: 0 VDW_PAIRS
Info: 0 NBTHOLE_PAIRS
Info: TIME FOR READING PSF FILE: 0.295801
Info: READING EXTRA BONDS FILE 1ake-extrabonds.txt
Info: READING EXTRA BONDS FILE 1ake-extrabonds-cispeptide.txt
Info: READING EXTRA BONDS FILE 1ake-extrabonds-chirality.txt
Info: READ 80 EXTRA BONDS
Info: READ 80 EXTRA ANGLES
Warning: EXTRA ANGLES ARE COSINE-BASED BY DEFAULT TO MATCH PREVIOUS VERSIONS
Warning: FOR NORMAL HARMONIC EXTRA ANGLES SET extraBondsCosAngles off
Info: READ 493 EXTRA DIHEDRALS
Info: READ 438 EXTRA IMPROPERS
Info: Reading pdb file 1ake-docked-noh_autopsf.pdb
Info: TIME FOR READING PDB FILE: 0.0124031
Info: 
Info: ****************************
Info: STRUCTURE SUMMARY:
Info: 3341 ATOMS
Info: 3445 BONDS
Info: 6203 ANGLES
Info: 9414 DIHEDRALS
Info: 1005 IMPROPERS
Info: 212 CROSSTERMS
Info: 0 EXCLUSIONS
Info: 0 RIGID BONDS
Info: 1 GRIDS ACTIVE
Info: 10023 DEGREES OF FREEDOM
Info: 1656 HYDROGEN GROUPS
Info: 4 ATOMS IN LARGEST HYDROGEN GROUP
Info: 1656 MIGRATION GROUPS
Info: 4 ATOMS IN LARGEST MIGRATION GROUP
Info: TOTAL MASS = 23582 amu
Info: TOTAL CHARGE = -4 e
Info: *****************************
Info: Reading from binary file 0_5_adk-step1.restart.coor
Info: 
Info: Entering startup at 1.98471 s, 799.812 MB of memory in use
Info: Startup phase 0 took 0.000232845 s, 799.812 MB of memory in use
Info: ADDED 18308 IMPLICIT EXCLUSIONS
Info: Startup phase 1 took 0.00944363 s, 800.062 MB of memory in use
Info: NONBONDED TABLE R-SQUARED SPACING: 0.0625
Info: NONBONDED TABLE SIZE: 705 POINTS
Info: ABSOLUTE IMPRECISION IN FAST TABLE ENERGY: 3.38813e-21 AT 9.89634
Info: RELATIVE IMPRECISION IN FAST TABLE ENERGY: 4.23384e-15 AT 9.94673
Info: ABSOLUTE IMPRECISION IN FAST TABLE FORCE: 6.35275e-22 AT 9.94673
Info: RELATIVE IMPRECISION IN FAST TABLE FORCE: 5.07982e-16 AT 9.94673
Info: INCONSISTENCY IN FAST TABLE ENERGY VS FORCE: 0.000290185 AT 0.251946
Info: ABSOLUTE IMPRECISION IN VDWA TABLE ENERGY: 1.57772e-30 AT 9.89634
Info: RELATIVE IMPRECISION IN VDWA TABLE ENERGY: 4.54938e-15 AT 9.94673
Info: ABSOLUTE IMPRECISION IN VDWA TABLE FORCE: 5.91646e-31 AT 9.94673
Info: RELATIVE IMPRECISION IN VDWA TABLE FORCE: 5.6823e-16 AT 9.94673
Info: INCONSISTENCY IN VDWA TABLE ENERGY VS FORCE: 0.0040507 AT 0.251946
Info: ABSOLUTE IMPRECISION IN VDWB TABLE ENERGY: 4.71751e-25 AT 9.94673
Info: RELATIVE IMPRECISION IN VDWB TABLE ENERGY: 1.45371e-14 AT 9.94673
Info: ABSOLUTE IMPRECISION IN VDWB TABLE FORCE: 6.20385e-25 AT 9.94673
Info: RELATIVE IMPRECISION IN VDWB TABLE FORCE: 5.97512e-16 AT 9.94673
Info: INCONSISTENCY IN VDWB TABLE ENERGY VS FORCE: 0.00377068 AT 9.07951
Info: Startup phase 2 took 0.000759502 s, 801 MB of memory in use
Info: Startup phase 3 took 0.00020758 s, 801 MB of memory in use
Info: Startup phase 4 took 0.0002783 s, 801.188 MB of memory in use
Info: Startup phase 5 took 0.000198829 s, 801.188 MB of memory in use
Info: ORIGINAL ATOMS MINMAX IS -20.2608 -33.5262 -37.2188  17.8806 23.3177 16.6322
Info: ADJUSTED ATOMS MINMAX IS -15.976 -27.8333 -32.5157  11.5601 15.0947 9.07443
Info: PATCH GRID IS 3 BY 4 BY 4
Info: PATCH GRID IS 1-AWAY BY 1-AWAY BY 1-AWAY
Info: Reading from binary file 0_5_adk-step1.restart.vel
Info: REMOVING COM VELOCITY 0.121507 -0.0141912 0.238628
Info: LARGEST PATCH (16) HAS 231 ATOMS
Info: TORUS A SIZE 1 USING 0
Info: TORUS B SIZE 1 USING 0
Info: TORUS C SIZE 1 USING 0
Info: TORUS MINIMAL MESH SIZE IS 1 BY 1 BY 1
Info: Placed 100% of base nodes on same physical node as patch
Info: Startup phase 6 took 0.0089103 s, 801.312 MB of memory in use
Info: Startup phase 7 took 0.000198594 s, 802.125 MB of memory in use
Info: Updated CUDA force table with 4096 elements.
Info: Updated CUDA LJ table with 53 x 53 elements.
Info: Updated CUDA force table with 4096 elements.
Info: Updated CUDA LJ table with 53 x 53 elements.
Info: Updated CUDA force table with 4096 elements.
Info: Updated CUDA LJ table with 53 x 53 elements.
Info: Updated CUDA force table with 4096 elements.
Info: Updated CUDA LJ table with 53 x 53 elements.
Info: Updated CUDA force table with 4096 elements.
Info: Updated CUDA LJ table with 53 x 53 elements.
Info: Updated CUDA force table with 4096 elements.
Info: Updated CUDA LJ table with 53 x 53 elements.
Info: Startup phase 8 took 0.00345814 s, 802.375 MB of memory in use
Info: Startup phase 9 took 0.000379346 s, 802.562 MB of memory in use
Info: Startup phase 10 took 0.000213412 s, 802.688 MB of memory in use
Info: Startup phase 11 took 0.00107548 s, 802.938 MB of memory in use
LDB: Central LB being created...
Info: Startup phase 12 took 0.00228719 s, 803.875 MB of memory in use
Info: CREATING 1046 COMPUTE OBJECTS
Info: Found 278 unique exclusion lists needing 900 bytes
Info: Found 278 unique exclusion lists needing 900 bytes
Info: Found 278 unique exclusion lists needing 900 bytes
Info: Found 278 unique exclusion lists needing 900 bytes
Info: Found 278 unique exclusion lists needing 900 bytes
Info: Found 278 unique exclusion lists needing 900 bytes
Info: Startup phase 13 took 0.0158119 s, 804.75 MB of memory in use
Info: Building spanning tree ... send: 1 recv: 0 with branch factor 4
Info: useSync: 0 useProxySync: 0
Info: Startup phase 14 took 0.00021277 s, 804.875 MB of memory in use
Info: Startup phase 15 took 0.000253441 s, 804.875 MB of memory in use
Info: Finished startup at 2.02863 s, 805 MB of memory in use

TCL: Running for 5000 steps
PRESSURE: 0 0 0 0 0 0 0 0 0 0
GPRESSURE: 0 0 0 0 0 0 0 0 0 0
ETITLE:      TS           BOND          ANGLE          DIHED          IMPRP               ELECT            VDW       BOUNDARY           MISC        KINETIC               TOTAL           TEMP      POTENTIAL         TOTAL3        TEMPAVG

ENERGY:       0      1060.3306      1674.6766      2116.1868       157.8917            -39.4652      -799.5596         0.0000      2468.4233      2958.9065           9597.3907       297.1145      6638.4842      9621.5169       297.1145

LDB: ============= START OF LOAD BALANCING ============== 2.0433
Info: useSync: 0 useProxySync: 0
LDB: ============== END OF LOAD BALANCING =============== 2.04335
LDB: =============== DONE WITH MIGRATION ================ 2.04344
LDB: ============= START OF LOAD BALANCING ============== 2.09471
LDB: Partitioning computes with target load 0.000000
LDB: Increased migratable compute count from 0 to 0
LDB: Largest unpartitionable compute is 0.000000
LDB: ============== END OF LOAD BALANCING =============== 2.09506
Info: build node-aware spanning tree with send: 1, recv: 0 with branch factor 4
Info: useSync: 0 useProxySync: 0
LDB: =============== DONE WITH MIGRATION ================ 2.0958
PRESSURE: 100 0 0 0 0 0 0 0 0 0
GPRESSURE: 100 0 0 0 0 0 0 0 0 0
PRESSAVG: 100 0 0 0 0 0 0 0 0 0
GPRESSAVG: 100 0 0 0 0 0 0 0 0 0
Info: Initial time: 42 CPUs 0.000641966 s/step 0.00743016 days/ns 820.562 MB memory
ENERGY:     100      1074.2065      1662.3841      2083.8339       160.8794            -39.9073      -783.0628         0.0000      2464.0741      2968.2324           9590.6402       298.0510      6622.4079      9612.4062       295.6382

LDB: ============= START OF LOAD BALANCING ============== 2.10912
Info: useSync: 0 useProxySync: 0
LDB: ============== END OF LOAD BALANCING =============== 2.10916
LDB: =============== DONE WITH MIGRATION ================ 2.10926
LDB: ============= START OF LOAD BALANCING ============== 2.16061
LDB: TIME 2.16087 LOAD: AVG 0.0124105 MAX 0.0375233  PROXIES: TOTAL 180 MAXPE 10 MAXPATCH 7 None MEM: 821.562 MB
LDB: TIME 2.16107 LOAD: AVG 0.0124105 MAX 0.0375233  PROXIES: TOTAL 180 MAXPE 10 MAXPATCH 7 TorusLB MEM: 821.688 MB
LDB: Reverting to original mapping
LDB: ============== END OF LOAD BALANCING =============== 2.16135
Info: build node-aware spanning tree with send: 1, recv: 0 with branch factor 4
Info: useSync: 0 useProxySync: 0
LDB: =============== DONE WITH MIGRATION ================ 2.16203
PRESSURE: 200 0 0 0 0 0 0 0 0 0
GPRESSURE: 200 0 0 0 0 0 0 0 0 0
PRESSAVG: 200 0 0 0 0 0 0 0 0 0
GPRESSAVG: 200 0 0 0 0 0 0 0 0 0
Info: Initial time: 42 CPUs 0.00064473 s/step 0.00746215 days/ns 821.688 MB memory
ENERGY:     200      1127.9156      1706.4826      2118.2474       158.8662            -40.6764      -801.1571         0.0000      2465.7938      2917.8947           9653.3668       292.9964      6735.4721      9677.4653       297.1929

LDB: ============= START OF LOAD BALANCING ============== 2.22762
LDB: TIME 2.22788 LOAD: AVG 0.0154997 MAX 0.0468731  PROXIES: TOTAL 180 MAXPE 10 MAXPATCH 7 None MEM: 822.938 MB
LDB: TIME 2.22805 LOAD: AVG 0.0154997 MAX 0.0468731  PROXIES: TOTAL 180 MAXPE 10 MAXPATCH 7 RefineTorusLB MEM: 823 MB
LDB: TIME 2.2282 LOAD: AVG 0.0154997 MAX 0.0468731  PROXIES: TOTAL 180 MAXPE 10 MAXPATCH 7 RefineTorusLB MEM: 823 MB
LDB: ============== END OF LOAD BALANCING =============== 2.22845
Info: build node-aware spanning tree with send: 1, recv: 0 with branch factor 4
Info: useSync: 0 useProxySync: 0
LDB: =============== DONE WITH MIGRATION ================ 2.22912
PRESSURE: 300 0 0 0 0 0 0 0 0 0
GPRESSURE: 300 0 0 0 0 0 0 0 0 0
PRESSAVG: 300 0 0 0 0 0 0 0 0 0
GPRESSAVG: 300 0 0 0 0 0 0 0 0 0
Info: Initial time: 42 CPUs 0.000654733 s/step 0.00757792 days/ns 823 MB memory
ENERGY:     300      1066.2272      1703.1222      2117.2335       159.9490            -40.3477      -775.2484         0.0000      2464.1942      2966.0208           9661.1507       297.8289      6695.1299      9690.1438       299.1063

LDB: ============= START OF LOAD BALANCING ============== 2.29352
LDB: TIME 2.29376 LOAD: AVG 0.0154043 MAX 0.0469956  PROXIES: TOTAL 180 MAXPE 10 MAXPATCH 7 None MEM: 824 MB
LDB: TIME 2.29394 LOAD: AVG 0.0154043 MAX 0.0469956  PROXIES: TOTAL 180 MAXPE 10 MAXPATCH 7 RefineTorusLB MEM: 824 MB
LDB: TIME 2.29409 LOAD: AVG 0.0154043 MAX 0.0469956  PROXIES: TOTAL 180 MAXPE 10 MAXPATCH 7 RefineTorusLB MEM: 824 MB
LDB: Reverting to original mapping
LDB: ============== END OF LOAD BALANCING =============== 2.29435
Info: build node-aware spanning tree with send: 1, recv: 0 with branch factor 4
Info: useSync: 0 useProxySync: 0
LDB: =============== DONE WITH MIGRATION ================ 2.29502
PRESSURE: 400 0 0 0 0 0 0 0 0 0
GPRESSURE: 400 0 0 0 0 0 0 0 0 0
PRESSAVG: 400 0 0 0 0 0 0 0 0 0
GPRESSAVG: 400 0 0 0 0 0 0 0 0 0
Info: Benchmark time: 42 CPUs 0.000641148 s/step 0.0074207 days/ns 824 MB memory
ENERGY:     400      1099.9683      1687.1561      2090.5900       166.5085            -40.4128      -805.8450         0.0000      2473.3147      2987.1091           9658.3889       299.9465      6671.2798      9685.6130       298.7645

PRESSURE: 500 0 0 0 0 0 0 0 0 0
GPRESSURE: 500 0 0 0 0 0 0 0 0 0
PRESSAVG: 500 0 0 0 0 0 0 0 0 0
GPRESSAVG: 500 0 0 0 0 0 0 0 0 0
Info: Benchmark time: 42 CPUs 0.000624059 s/step 0.00722291 days/ns 825.125 MB memory
ENERGY:     500      1082.5444      1744.6032      2092.7021       157.9826            -40.1036      -807.6410         0.0000      2476.6754      3008.1512           9714.9143       302.0594      6706.7631      9740.8977       299.5431

PRESSURE: 600 0 0 0 0 0 0 0 0 0
GPRESSURE: 600 0 0 0 0 0 0 0 0 0
PRESSAVG: 600 0 0 0 0 0 0 0 0 0
GPRESSAVG: 600 0 0 0 0 0 0 0 0 0
Info: Benchmark time: 42 CPUs 0.000626287 s/step 0.0072487 days/ns 825.125 MB memory
ENERGY:     600      1110.8996      1684.1254      2121.7143       144.8180            -40.9372      -781.2191         0.0000      2469.1954      2986.1967           9694.7931       299.8548      6708.5964      9717.4733       302.3342

PRESSURE: 700 0 0 0 0 0 0 0 0 0
GPRESSURE: 700 0 0 0 0 0 0 0 0 0
PRESSAVG: 700 0 0 0 0 0 0 0 0 0
GPRESSAVG: 700 0 0 0 0 0 0 0 0 0
Info: Benchmark time: 42 CPUs 0.000632703 s/step 0.00732295 days/ns 825.125 MB memory
ENERGY:     700      1074.7186      1771.0609      2088.3448       146.2733            -41.2678      -770.1389         0.0000      2467.2019      2921.8918           9658.0846       293.3978      6736.1928      9679.8326       300.2394

PRESSURE: 800 0 0 0 0 0 0 0 0 0
GPRESSURE: 800 0 0 0 0 0 0 0 0 0
PRESSAVG: 800 0 0 0 0 0 0 0 0 0
GPRESSAVG: 800 0 0 0 0 0 0 0 0 0
Info: Benchmark time: 42 CPUs 0.000644543 s/step 0.00745999 days/ns 825.125 MB memory
ENERGY:     800      1079.8724      1709.5583      2101.7057       158.9404            -41.7967      -805.2367         0.0000      2467.2227      2926.3224           9596.5885       293.8426      6670.2661      9616.4168       298.4153

PRESSURE: 900 0 0 0 0 0 0 0 0 0
GPRESSURE: 900 0 0 0 0 0 0 0 0 0
PRESSAVG: 900 0 0 0 0 0 0 0 0 0
GPRESSAVG: 900 0 0 0 0 0 0 0 0 0
Info: Benchmark time: 42 CPUs 0.000642464 s/step 0.00743593 days/ns 825.125 MB memory
ENERGY:     900      1095.1719      1675.6113      2104.8734       146.5825            -40.6127      -759.1939         0.0000      2471.7474      2895.4406           9589.6205       290.7417      6694.1799      9610.2971       296.6458

PRESSURE: 1000 0 0 0 0 0 0 0 0 0
GPRESSURE: 1000 0 0 0 0 0 0 0 0 0
PRESSAVG: 1000 0 0 0 0 0 0 0 0 0
GPRESSAVG: 1000 0 0 0 0 0 0 0 0 0
TIMING: 1000  CPU: 0.663661, 0.000644987/step  Wall: 0.664497, 0.000645304/step, 0.000717004 hours remaining, 825.125000 MB of memory in use.
ETITLE:      TS           BOND          ANGLE          DIHED          IMPRP               ELECT            VDW       BOUNDARY           MISC        KINETIC               TOTAL           TEMP      POTENTIAL         TOTAL3        TEMPAVG

ENERGY:    1000      1056.6731      1690.8757      2088.4248       146.9480            -40.5111      -782.9089         0.0000      2471.9757      3055.2348           9686.7122       306.7872      6631.4774      9714.5433       299.1428

WRITING EXTENDED SYSTEM TO RESTART FILE AT STEP 1000
OPENING COORDINATE DCD FILE
WRITING COORDINATES TO DCD FILE adk-step1.dcd AT STEP 1000
WRITING COORDINATES TO RESTART FILE AT STEP 1000
FINISHED WRITING RESTART COORDINATES
The last position output (seq=1000) takes 0.004 seconds, 825.188 MB of memory in use
WRITING VELOCITIES TO RESTART FILE AT STEP 1000
FINISHED WRITING RESTART VELOCITIES
The last velocity output (seq=1000) takes 0.002 seconds, 825.250 MB of memory in use
PRESSURE: 1100 0 0 0 0 0 0 0 0 0
GPRESSURE: 1100 0 0 0 0 0 0 0 0 0
PRESSAVG: 1100 0 0 0 0 0 0 0 0 0
GPRESSAVG: 1100 0 0 0 0 0 0 0 0 0
ENERGY:    1100      1077.9136      1649.6342      2102.2162       154.8733            -40.5226      -743.9544         0.0000      2467.2172      2967.0645           9634.4420       297.9337      6667.3775      9659.3143       300.1587

PRESSURE: 1200 0 0 0 0 0 0 0 0 0
GPRESSURE: 1200 0 0 0 0 0 0 0 0 0
PRESSAVG: 1200 0 0 0 0 0 0 0 0 0
GPRESSAVG: 1200 0 0 0 0 0 0 0 0 0
ENERGY:    1200      1075.2784      1704.6990      2086.8026       139.9604            -41.4704      -796.6796         0.0000      2468.1929      3017.4626           9654.2461       302.9944      6636.7835      9682.9341       298.6891

PRESSURE: 1300 0 0 0 0 0 0 0 0 0
GPRESSURE: 1300 0 0 0 0 0 0 0 0 0
PRESSAVG: 1300 0 0 0 0 0 0 0 0 0
GPRESSAVG: 1300 0 0 0 0 0 0 0 0 0
ENERGY:    1300      1089.4257      1712.9082      2073.1516       152.9506            -41.4967      -787.3723         0.0000      2470.8125      2977.0740           9647.4537       298.9388      6670.3797      9676.5279       297.5019

PRESSURE: 1400 0 0 0 0 0 0 0 0 0
GPRESSURE: 1400 0 0 0 0 0 0 0 0 0
PRESSAVG: 1400 0 0 0 0 0 0 0 0 0
GPRESSAVG: 1400 0 0 0 0 0 0 0 0 0
ENERGY:    1400      1099.2030      1672.4683      2118.8001       172.3929            -40.6795      -780.7163         0.0000      2471.1469      3048.3058           9760.9212       306.0914      6712.6154      9781.2728       300.7146

PRESSURE: 1500 0 0 0 0 0 0 0 0 0
GPRESSURE: 1500 0 0 0 0 0 0 0 0 0
PRESSAVG: 1500 0 0 0 0 0 0 0 0 0
GPRESSAVG: 1500 0 0 0 0 0 0 0 0 0
ENERGY:    1500      1096.8732      1696.8431      2090.2482       158.2250            -40.3139      -776.3066         0.0000      2473.0238      3065.8820           9764.4745       307.8563      6698.5926      9788.9625       304.3061

PRESSURE: 1600 0 0 0 0 0 0 0 0 0
GPRESSURE: 1600 0 0 0 0 0 0 0 0 0
PRESSAVG: 1600 0 0 0 0 0 0 0 0 0
GPRESSAVG: 1600 0 0 0 0 0 0 0 0 0
ENERGY:    1600      1077.7876      1740.8750      2075.6281       150.4651            -40.0510      -794.8041         0.0000      2473.9754      3074.3966           9758.2727       308.7113      6683.8760      9783.5942       304.1725

PRESSURE: 1700 0 0 0 0 0 0 0 0 0
GPRESSURE: 1700 0 0 0 0 0 0 0 0 0
PRESSAVG: 1700 0 0 0 0 0 0 0 0 0
GPRESSAVG: 1700 0 0 0 0 0 0 0 0 0
ENERGY:    1700      1095.8127      1732.9045      2095.7181       158.6892            -40.2294      -809.9524         0.0000      2470.9945      3078.0102           9781.9473       309.0742      6703.9370      9804.3353       304.1153

PRESSURE: 1800 0 0 0 0 0 0 0 0 0
GPRESSURE: 1800 0 0 0 0 0 0 0 0 0
PRESSAVG: 1800 0 0 0 0 0 0 0 0 0
GPRESSAVG: 1800 0 0 0 0 0 0 0 0 0
ENERGY:    1800      1098.7513      1693.2523      2133.0989       155.0841            -40.4746      -769.3911         0.0000      2474.2253      2965.3527           9709.8989       297.7618      6744.5462      9733.4435       303.8084

PRESSURE: 1900 0 0 0 0 0 0 0 0 0
GPRESSURE: 1900 0 0 0 0 0 0 0 0 0
PRESSAVG: 1900 0 0 0 0 0 0 0 0 0
GPRESSAVG: 1900 0 0 0 0 0 0 0 0 0
ENERGY:    1900      1124.5781      1733.8430      2119.3202       159.4169            -40.7184      -830.0320         0.0000      2475.8384      2951.6640           9693.9103       296.3873      6742.2463      9714.9599       300.2912

PRESSURE: 2000 0 0 0 0 0 0 0 0 0
GPRESSURE: 2000 0 0 0 0 0 0 0 0 0
PRESSAVG: 2000 0 0 0 0 0 0 0 0 0
GPRESSAVG: 2000 0 0 0 0 0 0 0 0 0
TIMING: 2000  CPU: 1.313, 0.000649343/step  Wall: 1.32122, 0.000656718/step, 0.000547265 hours remaining, 825.250000 MB of memory in use.
ETITLE:      TS           BOND          ANGLE          DIHED          IMPRP               ELECT            VDW       BOUNDARY           MISC        KINETIC               TOTAL           TEMP      POTENTIAL         TOTAL3        TEMPAVG

ENERGY:    2000      1101.7554      1716.9513      2097.3892       142.4940            -40.6698      -752.8098         0.0000      2460.9330      2949.0290           9675.0723       296.1227      6726.0433      9698.4755       300.0464

WRITING EXTENDED SYSTEM TO RESTART FILE AT STEP 2000
WRITING COORDINATES TO DCD FILE adk-step1.dcd AT STEP 2000
WRITING COORDINATES TO RESTART FILE AT STEP 2000
FINISHED WRITING RESTART COORDINATES
The last position output (seq=2000) takes 0.002 seconds, 825.250 MB of memory in use
WRITING VELOCITIES TO RESTART FILE AT STEP 2000
FINISHED WRITING RESTART VELOCITIES
The last velocity output (seq=2000) takes 0.002 seconds, 825.250 MB of memory in use
PRESSURE: 2100 0 0 0 0 0 0 0 0 0
GPRESSURE: 2100 0 0 0 0 0 0 0 0 0
PRESSAVG: 2100 0 0 0 0 0 0 0 0 0
GPRESSAVG: 2100 0 0 0 0 0 0 0 0 0
ENERGY:    2100      1101.7975      1707.7674      2110.8608       169.1531            -40.2528      -802.9907         0.0000      2464.0805      2951.8820           9662.2979       296.4092      6710.4158      9681.4504       299.2220

PRESSURE: 2200 0 0 0 0 0 0 0 0 0
GPRESSURE: 2200 0 0 0 0 0 0 0 0 0
PRESSAVG: 2200 0 0 0 0 0 0 0 0 0
GPRESSAVG: 2200 0 0 0 0 0 0 0 0 0
ENERGY:    2200      1095.3240      1668.6546      2091.6153       142.7696            -40.9770      -787.6690         0.0000      2464.9464      2966.6025           9601.2664       297.8873      6634.6639      9625.7225       298.4474

PRESSURE: 2300 0 0 0 0 0 0 0 0 0
GPRESSURE: 2300 0 0 0 0 0 0 0 0 0
PRESSAVG: 2300 0 0 0 0 0 0 0 0 0
GPRESSAVG: 2300 0 0 0 0 0 0 0 0 0
ENERGY:    2300      1058.8324      1774.0119      2092.6776       144.0794            -41.6399      -774.2991         0.0000      2459.2105      2910.9693           9623.8420       292.3010      6712.8728      9646.4046       297.0256

PRESSURE: 2400 0 0 0 0 0 0 0 0 0
GPRESSURE: 2400 0 0 0 0 0 0 0 0 0
PRESSAVG: 2400 0 0 0 0 0 0 0 0 0
GPRESSAVG: 2400 0 0 0 0 0 0 0 0 0
ENERGY:    2400      1085.0415      1767.7262      2086.6074       148.7010            -41.6613      -803.4144         0.0000      2457.3550      3007.6251           9707.9804       302.0065      6700.3553      9733.3560       299.7898

PRESSURE: 2500 0 0 0 0 0 0 0 0 0
GPRESSURE: 2500 0 0 0 0 0 0 0 0 0
PRESSAVG: 2500 0 0 0 0 0 0 0 0 0
GPRESSAVG: 2500 0 0 0 0 0 0 0 0 0
ENERGY:    2500      1114.0179      1697.5034      2118.1700       148.7797            -41.3853      -776.8254         0.0000      2458.4213      3003.5020           9722.1835       301.5925      6718.6815      9740.8094       303.3323

PRESSURE: 2600 0 0 0 0 0 0 0 0 0
GPRESSURE: 2600 0 0 0 0 0 0 0 0 0
PRESSAVG: 2600 0 0 0 0 0 0 0 0 0
GPRESSAVG: 2600 0 0 0 0 0 0 0 0 0
ENERGY:    2600      1107.3266      1723.6635      2088.4565       147.1792            -40.6907      -792.2993         0.0000      2457.6503      3024.6519           9715.9379       303.7163      6691.2860      9738.4940       302.6677

PRESSURE: 2700 0 0 0 0 0 0 0 0 0
GPRESSURE: 2700 0 0 0 0 0 0 0 0 0
PRESSAVG: 2700 0 0 0 0 0 0 0 0 0
GPRESSAVG: 2700 0 0 0 0 0 0 0 0 0
ENERGY:    2700      1093.5767      1715.7127      2103.0939       167.4593            -40.7345      -786.5218         0.0000      2454.2822      3011.0094           9717.8779       302.3464      6706.8685      9738.7708       303.3799

PRESSURE: 2800 0 0 0 0 0 0 0 0 0
GPRESSURE: 2800 0 0 0 0 0 0 0 0 0
PRESSAVG: 2800 0 0 0 0 0 0 0 0 0
GPRESSAVG: 2800 0 0 0 0 0 0 0 0 0
ENERGY:    2800      1063.0626      1718.4861      2057.1184       159.0296            -41.0024      -758.9927         0.0000      2454.2773      3060.3397           9712.3185       307.2998      6651.9788      9735.9678       301.0679

PRESSURE: 2900 0 0 0 0 0 0 0 0 0
GPRESSURE: 2900 0 0 0 0 0 0 0 0 0
PRESSAVG: 2900 0 0 0 0 0 0 0 0 0
GPRESSAVG: 2900 0 0 0 0 0 0 0 0 0
ENERGY:    2900      1087.1660      1688.0805      2106.3577       161.6387            -41.7636      -749.0750         0.0000      2457.0515      2947.1013           9656.5570       295.9291      6709.4557      9678.9257       300.7319

PRESSURE: 3000 0 0 0 0 0 0 0 0 0
GPRESSURE: 3000 0 0 0 0 0 0 0 0 0
PRESSAVG: 3000 0 0 0 0 0 0 0 0 0
GPRESSAVG: 3000 0 0 0 0 0 0 0 0 0
TIMING: 3000  CPU: 1.97199, 0.000658982/step  Wall: 1.98433, 0.000663118/step, 0.000368399 hours remaining, 825.250000 MB of memory in use.
ETITLE:      TS           BOND          ANGLE          DIHED          IMPRP               ELECT            VDW       BOUNDARY           MISC        KINETIC               TOTAL           TEMP      POTENTIAL         TOTAL3        TEMPAVG

ENERGY:    3000      1087.4415      1697.7030      2117.7901       151.7712            -41.5548      -770.2375         0.0000      2460.1722      2958.1228           9661.2085       297.0358      6703.0857      9685.9546       298.0617

WRITING EXTENDED SYSTEM TO RESTART FILE AT STEP 3000
WRITING COORDINATES TO DCD FILE adk-step1.dcd AT STEP 3000
WRITING COORDINATES TO RESTART FILE AT STEP 3000
FINISHED WRITING RESTART COORDINATES
The last position output (seq=3000) takes 0.003 seconds, 825.250 MB of memory in use
WRITING VELOCITIES TO RESTART FILE AT STEP 3000
FINISHED WRITING RESTART VELOCITIES
The last velocity output (seq=3000) takes 0.002 seconds, 825.250 MB of memory in use
PRESSURE: 3100 0 0 0 0 0 0 0 0 0
GPRESSURE: 3100 0 0 0 0 0 0 0 0 0
PRESSAVG: 3100 0 0 0 0 0 0 0 0 0
GPRESSAVG: 3100 0 0 0 0 0 0 0 0 0
ENERGY:    3100      1134.7959      1661.3038      2095.4875       143.1480            -42.1090      -795.9145         0.0000      2463.3061      2951.3734           9611.3911       296.3581      6660.0178      9634.6276       298.2857

PRESSURE: 3200 0 0 0 0 0 0 0 0 0
GPRESSURE: 3200 0 0 0 0 0 0 0 0 0
PRESSAVG: 3200 0 0 0 0 0 0 0 0 0
GPRESSAVG: 3200 0 0 0 0 0 0 0 0 0
ENERGY:    3200      1117.8431      1682.2247      2102.7455       161.8866            -42.5948      -788.6002         0.0000      2468.6445      2916.2219           9618.3713       292.8284      6702.1493      9639.8451       298.0664

PRESSURE: 3300 0 0 0 0 0 0 0 0 0
GPRESSURE: 3300 0 0 0 0 0 0 0 0 0
PRESSAVG: 3300 0 0 0 0 0 0 0 0 0
GPRESSAVG: 3300 0 0 0 0 0 0 0 0 0
ENERGY:    3300      1070.7063      1700.1852      2092.9253       152.3780            -42.8522      -747.0100         0.0000      2464.1648      2934.4625           9624.9596       294.6600      6690.4972      9652.3866       297.0514

PRESSURE: 3400 0 0 0 0 0 0 0 0 0
GPRESSURE: 3400 0 0 0 0 0 0 0 0 0
PRESSAVG: 3400 0 0 0 0 0 0 0 0 0
GPRESSAVG: 3400 0 0 0 0 0 0 0 0 0
ENERGY:    3400      1095.2356      1687.4361      2101.1988       161.3349            -42.4834      -812.1787         0.0000      2467.6833      3007.6755           9665.9021       302.0116      6658.2266      9689.5847       298.3170

PRESSURE: 3500 0 0 0 0 0 0 0 0 0
GPRESSURE: 3500 0 0 0 0 0 0 0 0 0
PRESSAVG: 3500 0 0 0 0 0 0 0 0 0
GPRESSAVG: 3500 0 0 0 0 0 0 0 0 0
ENERGY:    3500      1116.8134      1682.2813      2101.1094       148.9614            -42.5468      -771.6609         0.0000      2462.3926      2953.3857           9650.7361       296.5602      6697.3504      9674.5568       299.4327

PRESSURE: 3600 0 0 0 0 0 0 0 0 0
GPRESSURE: 3600 0 0 0 0 0 0 0 0 0
PRESSAVG: 3600 0 0 0 0 0 0 0 0 0
GPRESSAVG: 3600 0 0 0 0 0 0 0 0 0
ENERGY:    3600      1100.1303      1718.2880      2076.8527       163.7324            -41.2084      -769.7331         0.0000      2452.9156      2964.3380           9665.3155       297.6599      6700.9774      9692.4983       299.4401

PRESSURE: 3700 0 0 0 0 0 0 0 0 0
GPRESSURE: 3700 0 0 0 0 0 0 0 0 0
PRESSAVG: 3700 0 0 0 0 0 0 0 0 0
GPRESSAVG: 3700 0 0 0 0 0 0 0 0 0
ENERGY:    3700      1076.1525      1690.8561      2095.0133       146.2417            -40.9261      -791.1384         0.0000      2456.1031      3067.9439           9700.2461       308.0634      6632.3022      9724.5421       300.1046

PRESSURE: 3800 0 0 0 0 0 0 0 0 0
GPRESSURE: 3800 0 0 0 0 0 0 0 0 0
PRESSAVG: 3800 0 0 0 0 0 0 0 0 0
GPRESSAVG: 3800 0 0 0 0 0 0 0 0 0
ENERGY:    3800      1105.3932      1666.3754      2084.4394       158.9252            -40.9776      -773.5519         0.0000      2451.6381      2999.0657           9651.3076       301.1471      6652.2419      9676.1790       300.8385

PRESSURE: 3900 0 0 0 0 0 0 0 0 0
GPRESSURE: 3900 0 0 0 0 0 0 0 0 0
PRESSAVG: 3900 0 0 0 0 0 0 0 0 0
GPRESSAVG: 3900 0 0 0 0 0 0 0 0 0
ENERGY:    3900      1111.3389      1638.1627      2075.8485       148.6591            -40.4479      -779.3162         0.0000      2458.6127      3013.8438           9626.7017       302.6310      6612.8579      9651.0135       299.8051

PRESSURE: 4000 0 0 0 0 0 0 0 0 0
GPRESSURE: 4000 0 0 0 0 0 0 0 0 0
PRESSAVG: 4000 0 0 0 0 0 0 0 0 0
GPRESSAVG: 4000 0 0 0 0 0 0 0 0 0
TIMING: 4000  CPU: 2.62182, 0.000649839/step  Wall: 2.64784, 0.000663512/step, 0.000184309 hours remaining, 825.250000 MB of memory in use.
ETITLE:      TS           BOND          ANGLE          DIHED          IMPRP               ELECT            VDW       BOUNDARY           MISC        KINETIC               TOTAL           TEMP      POTENTIAL         TOTAL3        TEMPAVG

ENERGY:    4000      1033.4840      1669.4786      2089.6691       152.6094            -40.2153      -757.6601         0.0000      2456.6828      2985.9159           9589.9644       299.8266      6604.0485      9616.5900       298.8295

WRITING EXTENDED SYSTEM TO RESTART FILE AT STEP 4000
WRITING COORDINATES TO DCD FILE adk-step1.dcd AT STEP 4000
WRITING COORDINATES TO RESTART FILE AT STEP 4000
FINISHED WRITING RESTART COORDINATES
The last position output (seq=4000) takes 0.002 seconds, 825.250 MB of memory in use
WRITING VELOCITIES TO RESTART FILE AT STEP 4000
FINISHED WRITING RESTART VELOCITIES
The last velocity output (seq=4000) takes 0.002 seconds, 825.250 MB of memory in use
PRESSURE: 4100 0 0 0 0 0 0 0 0 0
GPRESSURE: 4100 0 0 0 0 0 0 0 0 0
PRESSAVG: 4100 0 0 0 0 0 0 0 0 0
GPRESSAVG: 4100 0 0 0 0 0 0 0 0 0
ENERGY:    4100      1131.0815      1711.7761      2091.7646       164.1019            -40.4521      -787.1079         0.0000      2462.8613      2918.8080           9652.8333       293.0881      6734.0253      9673.9604       297.1145

PRESSURE: 4200 0 0 0 0 0 0 0 0 0
GPRESSURE: 4200 0 0 0 0 0 0 0 0 0
PRESSAVG: 4200 0 0 0 0 0 0 0 0 0
GPRESSAVG: 4200 0 0 0 0 0 0 0 0 0
ENERGY:    4200      1117.5449      1752.0408      2079.2981       151.6599            -41.6774      -809.2016         0.0000      2461.1107      2977.2405           9688.0160       298.9555      6710.7755      9708.8456       301.7069

LDB: ============= START OF LOAD BALANCING ============== 4.85846
LDB: ============== END OF LOAD BALANCING =============== 4.85853
Info: useSync: 0 useProxySync: 0
LDB: =============== DONE WITH MIGRATION ================ 4.85864
PRESSURE: 4300 0 0 0 0 0 0 0 0 0
GPRESSURE: 4300 0 0 0 0 0 0 0 0 0
PRESSAVG: 4300 0 0 0 0 0 0 0 0 0
GPRESSAVG: 4300 0 0 0 0 0 0 0 0 0
ENERGY:    4300      1108.8393      1667.4673      2102.1438       154.2039            -41.0539      -783.5021         0.0000      2459.0617      2956.4113           9623.5712       296.8640      6667.1599      9648.4573       298.6335

LDB: ============= START OF LOAD BALANCING ============== 4.92186
LDB: TIME 4.92211 LOAD: AVG 0.0151482 MAX 0.0470137  PROXIES: TOTAL 180 MAXPE 10 MAXPATCH 7 None MEM: 825.25 MB
LDB: TIME 4.92225 LOAD: AVG 0.0151482 MAX 0.0470137  PROXIES: TOTAL 180 MAXPE 10 MAXPATCH 7 RefineTorusLB MEM: 825.312 MB
LDB: TIME 4.92241 LOAD: AVG 0.0151482 MAX 0.0470137  PROXIES: TOTAL 180 MAXPE 10 MAXPATCH 7 RefineTorusLB MEM: 825.312 MB
LDB: Reverting to original mapping
LDB: ============== END OF LOAD BALANCING =============== 4.92265
Info: build node-aware spanning tree with send: 1, recv: 0 with branch factor 4
Info: useSync: 0 useProxySync: 0
LDB: =============== DONE WITH MIGRATION ================ 4.92337
PRESSURE: 4400 0 0 0 0 0 0 0 0 0
GPRESSURE: 4400 0 0 0 0 0 0 0 0 0
PRESSAVG: 4400 0 0 0 0 0 0 0 0 0
GPRESSAVG: 4400 0 0 0 0 0 0 0 0 0
ENERGY:    4400      1110.4098      1702.3669      2070.7243       150.3075            -40.3186      -803.6002         0.0000      2465.6995      2916.2762           9571.8655       292.8339      6655.5893      9598.3412       298.1548

PRESSURE: 4500 0 0 0 0 0 0 0 0 0
GPRESSURE: 4500 0 0 0 0 0 0 0 0 0
PRESSAVG: 4500 0 0 0 0 0 0 0 0 0
GPRESSAVG: 4500 0 0 0 0 0 0 0 0 0
ENERGY:    4500      1081.5353      1653.0616      2091.9309       151.0942            -39.6220      -796.9267         0.0000      2468.6789      2968.9382           9578.6903       298.1219      6609.7521      9604.1954       297.7364

PRESSURE: 4600 0 0 0 0 0 0 0 0 0
GPRESSURE: 4600 0 0 0 0 0 0 0 0 0
PRESSAVG: 4600 0 0 0 0 0 0 0 0 0
GPRESSAVG: 4600 0 0 0 0 0 0 0 0 0
ENERGY:    4600      1046.7472      1695.8180      2118.4332       150.9137            -40.2767      -777.0672         0.0000      2462.8086      2954.6914           9612.0682       296.6913      6657.3769      9632.5196       298.6660

PRESSURE: 4700 0 0 0 0 0 0 0 0 0
GPRESSURE: 4700 0 0 0 0 0 0 0 0 0
PRESSAVG: 4700 0 0 0 0 0 0 0 0 0
GPRESSAVG: 4700 0 0 0 0 0 0 0 0 0
ENERGY:    4700      1081.5131      1713.7333      2093.8061       147.7230            -40.8628      -793.7502         0.0000      2460.0283      2923.0020           9585.1929       293.5092      6662.1909      9607.8383       298.1497

PRESSURE: 4800 0 0 0 0 0 0 0 0 0
GPRESSURE: 4800 0 0 0 0 0 0 0 0 0
PRESSAVG: 4800 0 0 0 0 0 0 0 0 0
GPRESSAVG: 4800 0 0 0 0 0 0 0 0 0
ENERGY:    4800      1104.6334      1692.5236      2105.9288       156.6254            -41.9189      -820.5459         0.0000      2457.0823      2901.7100           9556.0387       291.3712      6654.3287      9576.0461       296.7188

PRESSURE: 4900 0 0 0 0 0 0 0 0 0
GPRESSURE: 4900 0 0 0 0 0 0 0 0 0
PRESSAVG: 4900 0 0 0 0 0 0 0 0 0
GPRESSAVG: 4900 0 0 0 0 0 0 0 0 0
ENERGY:    4900      1092.4805      1680.6478      2094.1759       147.5464            -41.5625      -795.9573         0.0000      2457.2023      2971.0122           9605.5453       298.3301      6634.5330      9625.2238       296.8380

PRESSURE: 5000 0 0 0 0 0 0 0 0 0
GPRESSURE: 5000 0 0 0 0 0 0 0 0 0
PRESSAVG: 5000 0 0 0 0 0 0 0 0 0
GPRESSAVG: 5000 0 0 0 0 0 0 0 0 0
TIMING: 5000  CPU: 3.26775, 0.000645922/step  Wall: 3.29758, 0.00064974/step, 0 hours remaining, 825.312500 MB of memory in use.
ETITLE:      TS           BOND          ANGLE          DIHED          IMPRP               ELECT            VDW       BOUNDARY           MISC        KINETIC               TOTAL           TEMP      POTENTIAL         TOTAL3        TEMPAVG

ENERGY:    5000      1121.0322      1643.5489      2102.9765       151.3785            -40.8299      -751.2541         0.0000      2461.6022      2949.3686           9637.8231       296.1568      6688.4545      9660.9286       297.6152

WRITING EXTENDED SYSTEM TO RESTART FILE AT STEP 5000
WRITING COORDINATES TO DCD FILE adk-step1.dcd AT STEP 5000
WRITING COORDINATES TO RESTART FILE AT STEP 5000
FINISHED WRITING RESTART COORDINATES
The last position output (seq=5000) takes 0.002 seconds, 826.438 MB of memory in use
WRITING VELOCITIES TO RESTART FILE AT STEP 5000
FINISHED WRITING RESTART VELOCITIES
The last velocity output (seq=5000) takes 0.002 seconds, 826.438 MB of memory in use
WRITING EXTENDED SYSTEM TO OUTPUT FILE AT STEP 5000
WRITING COORDINATES TO OUTPUT FILE AT STEP 5000
CLOSING COORDINATE DCD FILE adk-step1.dcd
The last position output (seq=-2) takes 0.004 seconds, 826.438 MB of memory in use
WRITING VELOCITIES TO OUTPUT FILE AT STEP 5000
====================================================

WallClock: 5.320506  CPUTime: 4.140997  Memory: 826.500000 MB
End of program
