6_6_cc.dat
/gpfs/alpine/bip115/scratch/hrlee/radical.pilot.sandbox/re.session.login2.hrlee.018634.0000/pilot.0000/staging_area/6_6_cc.dat
6, 6
Choosing optimized barrier algorithm name I0:HybridBinomial:SHMEM:P2P
Converse/Charm++ Commit ID: v6.10.2-0-g7bf00fa-namd-charm-6.10.2-build-2020-Aug-05-556
Warning> Randomization of virtual memory (ASLR) is turned on in the kernel, thread migration may not work! Run 'echo 0 > /proc/sys/kernel/randomize_va_space' as root to disable it, or try running with '+isomalloc_sync'.
CharmLB> Load balancer assumes all CPUs are same.
Charm++> Running on 1 hosts (1 sockets x 7 cores x 4 PUs = 28-way SMP)
Charm++> cpu topology info is gathered in 0.025 seconds.
Info: Built with CUDA version 10010
Did not find +devices i,j,k,... argument, using all
Pe 19 physical rank 19 will use CUDA device of pe 14
Pe 16 physical rank 16 will use CUDA device of pe 14
Pe 17 physical rank 17 will use CUDA device of pe 14
Pe 18 physical rank 18 will use CUDA device of pe 14
Pe 6 physical rank 6 will use CUDA device of pe 4
Pe 3 physical rank 3 will use CUDA device of pe 4
Pe 5 physical rank 5 will use CUDA device of pe 4
Pe 2 physical rank 2 will use CUDA device of pe 4
Pe 12 physical rank 12 will use CUDA device of pe 7
Pe 33 physical rank 33 will use CUDA device of pe 28
Pe 41 physical rank 41 will use CUDA device of pe 35
Pe 26 physical rank 26 will use CUDA device of pe 21
Pe 13 physical rank 13 will use CUDA device of pe 7
Pe 31 physical rank 31 will use CUDA device of pe 28
Pe 40 physical rank 40 will use CUDA device of pe 35
Pe 25 physical rank 25 will use CUDA device of pe 21
Pe 11 physical rank 11 will use CUDA device of pe 7
Pe 32 physical rank 32 will use CUDA device of pe 28
Pe 37 physical rank 37 will use CUDA device of pe 35
Pe 23 physical rank 23 will use CUDA device of pe 21
Pe 30 physical rank 30 will use CUDA device of pe 28
Pe 38 physical rank 38 will use CUDA device of pe 35
Pe 27 physical rank 27 will use CUDA device of pe 21
Pe 8 physical rank 8 will use CUDA device of pe 7
Pe 34 physical rank 34 will use CUDA device of pe 28
Pe 39 physical rank 39 will use CUDA device of pe 35
Pe 24 physical rank 24 will use CUDA device of pe 21
Pe 9 physical rank 9 will use CUDA device of pe 7
Pe 20 physical rank 20 will use CUDA device of pe 14
Pe 29 physical rank 29 will use CUDA device of pe 28
Pe 36 physical rank 36 will use CUDA device of pe 35
Pe 22 physical rank 22 will use CUDA device of pe 21
Pe 10 physical rank 10 will use CUDA device of pe 7
Pe 15 physical rank 15 will use CUDA device of pe 14
Pe 1 physical rank 1 will use CUDA device of pe 4
Pe 0 physical rank 0 will use CUDA device of pe 4
Pe 7 physical rank 7 binding to CUDA device 0 on h14n11: 'Tesla V100-SXM2-16GB'  Mem: 16128MB  Rev: 7.0  PCI: 4:5:0
Pe 4 physical rank 4 binding to CUDA device 0 on h14n11: 'Tesla V100-SXM2-16GB'  Mem: 16128MB  Rev: 7.0  PCI: 4:4:0
Pe 28 physical rank 28 binding to CUDA device 0 on h14n11: 'Tesla V100-SXM2-16GB'  Mem: 16128MB  Rev: 7.0  PCI: 35:4:0
Pe 35 physical rank 35 binding to CUDA device 0 on h14n11: 'Tesla V100-SXM2-16GB'  Mem: 16128MB  Rev: 7.0  PCI: 35:5:0
Pe 21 physical rank 21 binding to CUDA device 0 on h14n11: 'Tesla V100-SXM2-16GB'  Mem: 16128MB  Rev: 7.0  PCI: 35:3:0
Pe 14 physical rank 14 binding to CUDA device 0 on h14n11: 'Tesla V100-SXM2-16GB'  Mem: 16128MB  Rev: 7.0  PCI: 4:6:0
Info: NAMD 2.14 for Linux-POWER-pami-smp-Summit-CUDA
Info: 
Info: Please visit http://www.ks.uiuc.edu/Research/namd/
Info: for updates, documentation, and support information.
Info: 
Info: Please cite Phillips et al., J. Chem. Phys. 153:044130 (2020) doi:10.1063/5.0014475
Info: in all publications reporting results obtained with NAMD.
Info: 
Info: Based on Charm++/Converse 61002 for pami-linux-ppc64le-smp
Info: Built Wed Aug 5 14:28:51 EDT 2020 by jimp on login2
Info: 1 NAMD  2.14  Linux-POWER-pami-smp-Summit-CUDA  42    h14n11  hrlee
Info: Running on 42 processors, 6 nodes, 1 physical nodes.
Info: CPU topology information available.
Info: Charm++/Converse parallel runtime startup completed at 1.43715 s
CkLoopLib is used in SMP with simple dynamic scheduling (converse-level notification)
Info: 791.625 MB of memory in use based on /proc/self/stat
Info: Configuration file is adk-step1.namd
Info: Working in the current directory /gpfs/alpine/bip115/scratch/hrlee/radical.pilot.sandbox/re.session.login2.hrlee.018634.0000/pilot.0000/unit.000474
TCL: Suspending until startup complete.
Info: SIMULATION PARAMETERS:
Info: TIMESTEP               1
Info: NUMBER OF STEPS        0
Info: STEPS PER CYCLE        20
Info: LOAD BALANCER  Centralized
Info: LOAD BALANCING STRATEGY  New Load Balancers -- DEFAULT
Info: LDB PERIOD             4000 steps
Info: FIRST LDB TIMESTEP     100
Info: LAST LDB TIMESTEP     -1
Info: LDB BACKGROUND SCALING 1
Info: HOM BACKGROUND SCALING 1
Info: MIN ATOMS PER PATCH    40
Info: VELOCITY FILE          6_6_adk-step1.restart.vel
Info: CENTER OF MASS MOVING INITIALLY? NO
Info: DIELECTRIC             80
Info: EXCLUDE                SCALED ONE-FOUR
Info: 1-4 ELECTROSTATICS SCALED BY 1
Info: MODIFIED 1-4 VDW PARAMETERS WILL BE USED
Info: DCD FILENAME           adk-step1.dcd
Info: DCD FREQUENCY          1000
Info: DCD FIRST STEP         1000
Info: NO EXTENDED SYSTEM TRAJECTORY OUTPUT
Info: NO VELOCITY DCD OUTPUT
Info: NO FORCE DCD OUTPUT
Info: OUTPUT FILENAME        adk-step1
Info: BINARY OUTPUT FILES WILL BE USED
Info: RESTART FILENAME       adk-step1.restart
Info: RESTART FREQUENCY      1000
Info: BINARY RESTART FILES WILL BE USED
Info: SWITCHING ACTIVE
Info: SWITCHING ON           9
Info: SWITCHING OFF          10
Info: PAIRLIST DISTANCE      11
Info: PAIRLIST SHRINK RATE   0.01
Info: PAIRLIST GROW RATE     0.01
Info: PAIRLIST TRIGGER       0.3
Info: PAIRLISTS PER CYCLE    2
Info: PAIRLISTS ENABLED
Info: MARGIN                 0
Info: HYDROGEN GROUP CUTOFF  2.5
Info: PATCH DIMENSION        13.5
Info: ENERGY OUTPUT STEPS    100
Info: CROSSTERM ENERGY INCLUDED IN DIHEDRAL
Info: TIMING OUTPUT STEPS    1000
Info: PRESSURE OUTPUT STEPS  100
Info: GRID FORCE ACTIVE
Info:  Please include this reference in published work using
Info:  the Gridforce module of NAMD: David Wells, Volha Abramkina,
Info:  and Aleksei Aksimentiev, J. Chem. Phys. 127:125101-10 (2007).
Info: MGRIDFORCE key 0
Info:            Potfile 4ake-target_autopsf-grid.dx
Info:            Scale 0.3 0.3 0.3
Info:            File 1ake-docked-noh_autopsf-grid.pdb
Info:            Col O
Info:            ChargeCol B
Info:            VOffset 0 0 0
Info:            Continuous K1 FALSE
Info:            Continuous K2 FALSE
Info:            Continuous K3 FALSE
Info:            Volts FALSE
Info:            Gridforce-Lite FALSE
Info:            Gridforce-CheckSize TRUE
Info: LANGEVIN DYNAMICS ACTIVE
Info: LANGEVIN TEMPERATURE   300
Info: LANGEVIN USING BBK INTEGRATOR
Info: LANGEVIN DAMPING COEFFICIENT IS 5 INVERSE PS
Info: LANGEVIN DYNAMICS NOT APPLIED TO HYDROGENS
Info: USING VERLET I (r-RESPA) MTS SCHEME.
Info: C1 SPLITTING OF LONG RANGE ELECTROSTATICS
Info: PLACING ATOMS IN PATCHES BY HYDROGEN GROUPS
Info: RIGID BONDS TO HYDROGEN : WATER
Info:         ERROR TOLERANCE : 1e-08
Info:          MAX ITERATIONS : 100
Info: RIGID WATER USING SETTLE ALGORITHM
Info: NONBONDED FORCES EVALUATED EVERY 2 STEPS
Info: RANDOM NUMBER SEED     1609984104
Info: USE HYDROGEN BONDS?    NO
Info: COORDINATE PDB         1ake-docked-noh_autopsf.pdb
Info: STRUCTURE FILE         1ake-docked-noh_autopsf.psf
Info: PARAMETER file: CHARMM format! 
Info: PARAMETERS             par_all36_prot.prm
Info: USING ARITHMETIC MEAN TO COMBINE L-J SIGMA PARAMETERS
Info: BINARY COORDINATES     6_6_adk-step1.restart.coor
Info: SUMMARY OF PARAMETERS:
Info: 132 BONDS
Info: 362 ANGLES
Info: 702 DIHEDRAL
Info: 35 IMPROPER
Info: 6 CROSSTERM
Info: 53 VDW
Info: 0 VDW_PAIRS
Info: 0 NBTHOLE_PAIRS
Info: TIME FOR READING PSF FILE: 0.380059
Info: READING EXTRA BONDS FILE 1ake-extrabonds.txt
Info: READING EXTRA BONDS FILE 1ake-extrabonds-cispeptide.txt
Info: READING EXTRA BONDS FILE 1ake-extrabonds-chirality.txt
Info: READ 80 EXTRA BONDS
Info: READ 80 EXTRA ANGLES
Warning: EXTRA ANGLES ARE COSINE-BASED BY DEFAULT TO MATCH PREVIOUS VERSIONS
Warning: FOR NORMAL HARMONIC EXTRA ANGLES SET extraBondsCosAngles off
Info: READ 493 EXTRA DIHEDRALS
Info: READ 438 EXTRA IMPROPERS
Info: Reading pdb file 1ake-docked-noh_autopsf.pdb
Info: TIME FOR READING PDB FILE: 0.070564
Info: 
Info: ****************************
Info: STRUCTURE SUMMARY:
Info: 3341 ATOMS
Info: 3445 BONDS
Info: 6203 ANGLES
Info: 9414 DIHEDRALS
Info: 1005 IMPROPERS
Info: 212 CROSSTERMS
Info: 0 EXCLUSIONS
Info: 0 RIGID BONDS
Info: 1 GRIDS ACTIVE
Info: 10023 DEGREES OF FREEDOM
Info: 1656 HYDROGEN GROUPS
Info: 4 ATOMS IN LARGEST HYDROGEN GROUP
Info: 1656 MIGRATION GROUPS
Info: 4 ATOMS IN LARGEST MIGRATION GROUP
Info: TOTAL MASS = 23582 amu
Info: TOTAL CHARGE = -4 e
Info: *****************************
Info: Reading from binary file 6_6_adk-step1.restart.coor
Info: 
Info: Entering startup at 2.48815 s, 799.562 MB of memory in use
Info: Startup phase 0 took 0.000217749 s, 799.688 MB of memory in use
Info: ADDED 18308 IMPLICIT EXCLUSIONS
Info: Startup phase 1 took 0.00843605 s, 799.812 MB of memory in use
Info: NONBONDED TABLE R-SQUARED SPACING: 0.0625
Info: NONBONDED TABLE SIZE: 705 POINTS
Info: ABSOLUTE IMPRECISION IN FAST TABLE ENERGY: 3.38813e-21 AT 9.89634
Info: RELATIVE IMPRECISION IN FAST TABLE ENERGY: 4.23384e-15 AT 9.94673
Info: ABSOLUTE IMPRECISION IN FAST TABLE FORCE: 6.35275e-22 AT 9.94673
Info: RELATIVE IMPRECISION IN FAST TABLE FORCE: 5.07982e-16 AT 9.94673
Info: INCONSISTENCY IN FAST TABLE ENERGY VS FORCE: 0.000290185 AT 0.251946
Info: ABSOLUTE IMPRECISION IN VDWA TABLE ENERGY: 1.57772e-30 AT 9.89634
Info: RELATIVE IMPRECISION IN VDWA TABLE ENERGY: 4.54938e-15 AT 9.94673
Info: ABSOLUTE IMPRECISION IN VDWA TABLE FORCE: 5.91646e-31 AT 9.94673
Info: RELATIVE IMPRECISION IN VDWA TABLE FORCE: 5.6823e-16 AT 9.94673
Info: INCONSISTENCY IN VDWA TABLE ENERGY VS FORCE: 0.0040507 AT 0.251946
Info: ABSOLUTE IMPRECISION IN VDWB TABLE ENERGY: 4.71751e-25 AT 9.94673
Info: RELATIVE IMPRECISION IN VDWB TABLE ENERGY: 1.45371e-14 AT 9.94673
Info: ABSOLUTE IMPRECISION IN VDWB TABLE FORCE: 6.20385e-25 AT 9.94673
Info: RELATIVE IMPRECISION IN VDWB TABLE FORCE: 5.97512e-16 AT 9.94673
Info: INCONSISTENCY IN VDWB TABLE ENERGY VS FORCE: 0.00377068 AT 9.07951
Info: Startup phase 2 took 0.000458624 s, 800.812 MB of memory in use
Info: Startup phase 3 took 0.000161639 s, 800.875 MB of memory in use
Info: Startup phase 4 took 0.000247724 s, 801 MB of memory in use
Info: Startup phase 5 took 0.000148477 s, 801 MB of memory in use
Info: ORIGINAL ATOMS MINMAX IS -20.8923 -33.0475 -37.1767  17.3502 25.5382 16.2241
Info: ADJUSTED ATOMS MINMAX IS -15.8606 -28.1266 -32.851  11.4513 15.9918 9.14384
Info: PATCH GRID IS 3 BY 4 BY 4
Info: PATCH GRID IS 1-AWAY BY 1-AWAY BY 1-AWAY
Info: Reading from binary file 6_6_adk-step1.restart.vel
Info: REMOVING COM VELOCITY -0.204408 -0.185575 -0.0904759
Info: LARGEST PATCH (16) HAS 241 ATOMS
Info: TORUS A SIZE 1 USING 0
Info: TORUS B SIZE 1 USING 0
Info: TORUS C SIZE 1 USING 0
Info: TORUS MINIMAL MESH SIZE IS 1 BY 1 BY 1
Info: Placed 100% of base nodes on same physical node as patch
Info: Startup phase 6 took 0.00830942 s, 801.062 MB of memory in use
Info: Startup phase 7 took 0.000162177 s, 801.875 MB of memory in use
Info: Updated CUDA force table with 4096 elements.
Info: Updated CUDA force table with 4096 elements.
Info: Updated CUDA LJ table with 53 x 53 elements.
Info: Updated CUDA LJ table with 53 x 53 elements.
Info: Updated CUDA force table with 4096 elements.
Info: Updated CUDA LJ table with 53 x 53 elements.
Info: Updated CUDA force table with 4096 elements.
Info: Updated CUDA force table with 4096 elements.
Info: Updated CUDA LJ table with 53 x 53 elements.
Info: Updated CUDA force table with 4096 elements.
Info: Updated CUDA LJ table with 53 x 53 elements.
Info: Updated CUDA LJ table with 53 x 53 elements.
Info: Startup phase 8 took 0.00317267 s, 802.125 MB of memory in use
Info: Startup phase 9 took 0.00032045 s, 802.312 MB of memory in use
Info: Startup phase 10 took 0.00016132 s, 802.438 MB of memory in use
Info: Startup phase 11 took 0.000984782 s, 802.688 MB of memory in use
LDB: Central LB being created...
Info: Startup phase 12 took 0.00214274 s, 803.75 MB of memory in use
Info: CREATING 1046 COMPUTE OBJECTS
Info: Found 278 unique exclusion lists needing 900 bytes
Info: Found 278 unique exclusion lists needing 900 bytes
Info: Found 278 unique exclusion lists needing 900 bytes
Info: Found 278 unique exclusion lists needing 900 bytes
Info: Found 278 unique exclusion lists needing 900 bytes
Info: Found 278 unique exclusion lists needing 900 bytes
Info: Startup phase 13 took 0.0157442 s, 804.688 MB of memory in use
Info: Building spanning tree ... send: 1 recv: 0 with branch factor 4
Info: useSync: 0 useProxySync: 0
Info: Startup phase 14 took 0.000209078 s, 804.938 MB of memory in use
Info: Startup phase 15 took 0.000212184 s, 804.938 MB of memory in use
Info: Finished startup at 2.52924 s, 805.062 MB of memory in use

TCL: Running for 5000 steps
PRESSURE: 0 0 0 0 0 0 0 0 0 0
GPRESSURE: 0 0 0 0 0 0 0 0 0 0
ETITLE:      TS           BOND          ANGLE          DIHED          IMPRP               ELECT            VDW       BOUNDARY           MISC        KINETIC               TOTAL           TEMP      POTENTIAL         TOTAL3        TEMPAVG

ENERGY:       0      1061.6534      1737.2779      2086.3228       167.0693            -41.3352      -794.3736         0.0000      2437.3921      2972.3897           9626.3964       298.4684      6654.0066      9649.9932       298.4684

LDB: ============= START OF LOAD BALANCING ============== 2.54453
LDB: ============== END OF LOAD BALANCING =============== 2.54458
Info: useSync: 0 useProxySync: 0
LDB: =============== DONE WITH MIGRATION ================ 2.54466
LDB: ============= START OF LOAD BALANCING ============== 2.59657
LDB: Partitioning computes with target load 0.000000
LDB: Increased migratable compute count from 0 to 0
LDB: Largest unpartitionable compute is 0.000000
LDB: ============== END OF LOAD BALANCING =============== 2.59684
Info: build node-aware spanning tree with send: 1, recv: 0 with branch factor 4
Info: useSync: 0 useProxySync: 0
LDB: =============== DONE WITH MIGRATION ================ 2.5975
PRESSURE: 100 0 0 0 0 0 0 0 0 0
GPRESSURE: 100 0 0 0 0 0 0 0 0 0
PRESSAVG: 100 0 0 0 0 0 0 0 0 0
GPRESSAVG: 100 0 0 0 0 0 0 0 0 0
Info: Initial time: 42 CPUs 0.000648977 s/step 0.00751131 days/ns 824.375 MB memory
ENERGY:     100      1094.7022      1712.2761      2087.4896       146.3407            -41.0611      -791.4945         0.0000      2441.4320      2960.2943           9609.9791       297.2539      6649.6849      9632.4265       300.0691

LDB: ============= START OF LOAD BALANCING ============== 2.60847
LDB: ============== END OF LOAD BALANCING =============== 2.6085
Info: useSync: 0 useProxySync: 0
LDB: =============== DONE WITH MIGRATION ================ 2.60859
LDB: ============= START OF LOAD BALANCING ============== 2.65275
LDB: TIME 2.65294 LOAD: AVG 0.0119307 MAX 0.0277054  PROXIES: TOTAL 185 MAXPE 10 MAXPATCH 7 None MEM: 828.125 MB
LDB: TIME 2.65311 LOAD: AVG 0.0119307 MAX 0.0277054  PROXIES: TOTAL 185 MAXPE 10 MAXPATCH 7 TorusLB MEM: 828.312 MB
LDB: Reverting to original mapping
LDB: ============== END OF LOAD BALANCING =============== 2.6533
Info: build node-aware spanning tree with send: 1, recv: 0 with branch factor 4
Info: useSync: 0 useProxySync: 0
LDB: =============== DONE WITH MIGRATION ================ 2.65392
PRESSURE: 200 0 0 0 0 0 0 0 0 0
GPRESSURE: 200 0 0 0 0 0 0 0 0 0
PRESSAVG: 200 0 0 0 0 0 0 0 0 0
GPRESSAVG: 200 0 0 0 0 0 0 0 0 0
Info: Initial time: 42 CPUs 0.000549612 s/step 0.00636125 days/ns 828.312 MB memory
ENERGY:     200      1083.3990      1700.2126      2088.3422       152.7033            -41.6511      -764.1058         0.0000      2444.2669      2926.3629           9589.5298       293.8467      6663.1669      9612.6261       296.9288

LDB: ============= START OF LOAD BALANCING ============== 2.70928
LDB: TIME 2.70946 LOAD: AVG 0.014893 MAX 0.0346678  PROXIES: TOTAL 185 MAXPE 10 MAXPATCH 7 None MEM: 829.562 MB
LDB: TIME 2.70962 LOAD: AVG 0.014893 MAX 0.0346678  PROXIES: TOTAL 185 MAXPE 10 MAXPATCH 7 RefineTorusLB MEM: 829.562 MB
LDB: TIME 2.70973 LOAD: AVG 0.014893 MAX 0.0346678  PROXIES: TOTAL 185 MAXPE 10 MAXPATCH 7 RefineTorusLB MEM: 829.562 MB
LDB: Reverting to original mapping
LDB: ============== END OF LOAD BALANCING =============== 2.70992
Info: build node-aware spanning tree with send: 1, recv: 0 with branch factor 4
Info: useSync: 0 useProxySync: 0
LDB: =============== DONE WITH MIGRATION ================ 2.71053
PRESSURE: 300 0 0 0 0 0 0 0 0 0
GPRESSURE: 300 0 0 0 0 0 0 0 0 0
PRESSAVG: 300 0 0 0 0 0 0 0 0 0
GPRESSAVG: 300 0 0 0 0 0 0 0 0 0
Info: Initial time: 42 CPUs 0.000555454 s/step 0.00642887 days/ns 829.562 MB memory
ENERGY:     300      1086.7949      1658.2109      2095.7549       155.7487            -41.7098      -754.6686         0.0000      2452.5467      2927.1313           9579.8089       293.9239      6652.6776      9604.6986       295.7162

LDB: ============= START OF LOAD BALANCING ============== 2.76587
LDB: TIME 2.76606 LOAD: AVG 0.0149094 MAX 0.0344925  PROXIES: TOTAL 185 MAXPE 10 MAXPATCH 7 None MEM: 830.812 MB
LDB: TIME 2.76622 LOAD: AVG 0.0149094 MAX 0.0344925  PROXIES: TOTAL 185 MAXPE 10 MAXPATCH 7 RefineTorusLB MEM: 830.812 MB
LDB: TIME 2.76632 LOAD: AVG 0.0149094 MAX 0.0344925  PROXIES: TOTAL 185 MAXPE 10 MAXPATCH 7 RefineTorusLB MEM: 830.812 MB
LDB: Reverting to original mapping
LDB: ============== END OF LOAD BALANCING =============== 2.76651
Info: build node-aware spanning tree with send: 1, recv: 0 with branch factor 4
Info: useSync: 0 useProxySync: 0
LDB: =============== DONE WITH MIGRATION ================ 2.76712
PRESSURE: 400 0 0 0 0 0 0 0 0 0
GPRESSURE: 400 0 0 0 0 0 0 0 0 0
PRESSAVG: 400 0 0 0 0 0 0 0 0 0
GPRESSAVG: 400 0 0 0 0 0 0 0 0 0
Info: Benchmark time: 42 CPUs 0.000551753 s/step 0.00638603 days/ns 830.812 MB memory
ENERGY:     400      1069.0621      1664.5709      2078.9662       155.8024            -42.0352      -788.9363         0.0000      2456.8448      2949.2885           9543.5634       296.1488      6594.2749      9567.4368       295.5334

PRESSURE: 500 0 0 0 0 0 0 0 0 0
GPRESSURE: 500 0 0 0 0 0 0 0 0 0
PRESSAVG: 500 0 0 0 0 0 0 0 0 0
GPRESSAVG: 500 0 0 0 0 0 0 0 0 0
Info: Benchmark time: 42 CPUs 0.000548169 s/step 0.00634454 days/ns 831.75 MB memory
ENERGY:     500      1074.9972      1657.4551      2078.4993       155.9530            -41.8638      -777.8534         0.0000      2448.5223      2938.7021           9534.4117       295.0857      6595.7095      9559.8241       294.6687

PRESSURE: 600 0 0 0 0 0 0 0 0 0
GPRESSURE: 600 0 0 0 0 0 0 0 0 0
PRESSAVG: 600 0 0 0 0 0 0 0 0 0
GPRESSAVG: 600 0 0 0 0 0 0 0 0 0
Info: Benchmark time: 42 CPUs 0.000546416 s/step 0.00632426 days/ns 831.75 MB memory
ENERGY:     600      1097.9705      1695.2406      2059.9408       157.8255            -41.4051      -766.6103         0.0000      2447.6934      2896.3710           9547.0263       290.8351      6650.6553      9570.2754       293.6637

PRESSURE: 700 0 0 0 0 0 0 0 0 0
GPRESSURE: 700 0 0 0 0 0 0 0 0 0
PRESSAVG: 700 0 0 0 0 0 0 0 0 0
GPRESSAVG: 700 0 0 0 0 0 0 0 0 0
Info: Benchmark time: 42 CPUs 0.000545636 s/step 0.00631523 days/ns 831.75 MB memory
ENERGY:     700      1090.9354      1703.5110      2063.0188       145.6774            -41.9070      -785.9489         0.0000      2442.7388      2895.8065           9513.8322       290.7784      6618.0256      9536.1463       293.8234

PRESSURE: 800 0 0 0 0 0 0 0 0 0
GPRESSURE: 800 0 0 0 0 0 0 0 0 0
PRESSAVG: 800 0 0 0 0 0 0 0 0 0
GPRESSAVG: 800 0 0 0 0 0 0 0 0 0
Info: Benchmark time: 42 CPUs 0.00054289 s/step 0.00628345 days/ns 831.75 MB memory
ENERGY:     800      1057.1148      1679.8368      2074.2821       159.6428            -41.5769      -780.0856         0.0000      2438.5641      2917.6975           9505.4757       292.9766      6587.7782      9529.5974       291.8727

PRESSURE: 900 0 0 0 0 0 0 0 0 0
GPRESSURE: 900 0 0 0 0 0 0 0 0 0
PRESSAVG: 900 0 0 0 0 0 0 0 0 0
GPRESSAVG: 900 0 0 0 0 0 0 0 0 0
Info: Benchmark time: 42 CPUs 0.000546449 s/step 0.00632464 days/ns 831.75 MB memory
ENERGY:     900      1037.9288      1699.8698      2097.3347       160.9819            -41.1396      -759.6153         0.0000      2430.5774      2914.1490           9540.0868       292.6203      6625.9378      9563.3081       292.4318

PRESSURE: 1000 0 0 0 0 0 0 0 0 0
GPRESSURE: 1000 0 0 0 0 0 0 0 0 0
PRESSAVG: 1000 0 0 0 0 0 0 0 0 0
GPRESSAVG: 1000 0 0 0 0 0 0 0 0 0
TIMING: 1000  CPU: 0.582279, 0.000563999/step  Wall: 0.584202, 0.000564723/step, 0.00062747 hours remaining, 831.750000 MB of memory in use.
ETITLE:      TS           BOND          ANGLE          DIHED          IMPRP               ELECT            VDW       BOUNDARY           MISC        KINETIC               TOTAL           TEMP      POTENTIAL         TOTAL3        TEMPAVG

ENERGY:    1000      1074.8396      1664.7511      2096.8100       139.3723            -42.2150      -767.4376         0.0000      2433.5465      2953.3047           9552.9717       296.5520      6599.6670      9576.7664       293.1441

WRITING EXTENDED SYSTEM TO RESTART FILE AT STEP 1000
OPENING COORDINATE DCD FILE
WRITING COORDINATES TO DCD FILE adk-step1.dcd AT STEP 1000
WRITING COORDINATES TO RESTART FILE AT STEP 1000
FINISHED WRITING RESTART COORDINATES
The last position output (seq=1000) takes 0.005 seconds, 831.875 MB of memory in use
WRITING VELOCITIES TO RESTART FILE AT STEP 1000
FINISHED WRITING RESTART VELOCITIES
The last velocity output (seq=1000) takes 0.002 seconds, 831.875 MB of memory in use
PRESSURE: 1100 0 0 0 0 0 0 0 0 0
GPRESSURE: 1100 0 0 0 0 0 0 0 0 0
PRESSAVG: 1100 0 0 0 0 0 0 0 0 0
GPRESSAVG: 1100 0 0 0 0 0 0 0 0 0
ENERGY:    1100      1109.6300      1690.5023      2112.0657       142.2262            -42.2384      -808.1388         0.0000      2447.7802      2949.8020           9601.6293       296.2003      6651.8273      9626.6602       296.5665

PRESSURE: 1200 0 0 0 0 0 0 0 0 0
GPRESSURE: 1200 0 0 0 0 0 0 0 0 0
PRESSAVG: 1200 0 0 0 0 0 0 0 0 0
GPRESSAVG: 1200 0 0 0 0 0 0 0 0 0
ENERGY:    1200      1115.2479      1691.0493      2096.3527       153.6056            -41.1074      -802.0131         0.0000      2449.2582      2954.1450           9616.5383       296.6364      6662.3933      9641.3067       298.3887

PRESSURE: 1300 0 0 0 0 0 0 0 0 0
GPRESSURE: 1300 0 0 0 0 0 0 0 0 0
PRESSAVG: 1300 0 0 0 0 0 0 0 0 0
GPRESSAVG: 1300 0 0 0 0 0 0 0 0 0
ENERGY:    1300      1087.1848      1683.9699      2113.0977       152.9529            -42.1654      -793.3468         0.0000      2450.9744      2972.2806           9624.9480       298.4575      6652.6675      9649.8820       298.6382

PRESSURE: 1400 0 0 0 0 0 0 0 0 0
GPRESSURE: 1400 0 0 0 0 0 0 0 0 0
PRESSAVG: 1400 0 0 0 0 0 0 0 0 0
GPRESSAVG: 1400 0 0 0 0 0 0 0 0 0
ENERGY:    1400      1100.8130      1646.9522      2092.2969       145.3840            -42.4382      -754.1000         0.0000      2447.0637      3022.7236           9658.6952       303.5226      6635.9716      9681.7150       300.0560

PRESSURE: 1500 0 0 0 0 0 0 0 0 0
GPRESSURE: 1500 0 0 0 0 0 0 0 0 0
PRESSAVG: 1500 0 0 0 0 0 0 0 0 0
GPRESSAVG: 1500 0 0 0 0 0 0 0 0 0
ENERGY:    1500      1116.8255      1629.0424      2077.6550       153.0320            -42.3828      -750.0473         0.0000      2442.3649      2976.6545           9603.1441       298.8967      6626.4896      9629.4356       298.2114

PRESSURE: 1600 0 0 0 0 0 0 0 0 0
GPRESSURE: 1600 0 0 0 0 0 0 0 0 0
PRESSAVG: 1600 0 0 0 0 0 0 0 0 0
GPRESSAVG: 1600 0 0 0 0 0 0 0 0 0
ENERGY:    1600      1051.0965      1693.9225      2095.3088       138.8383            -43.0736      -781.1980         0.0000      2445.7585      2964.3311           9564.9840       297.6592      6600.6529      9592.0954       296.8252

PRESSURE: 1700 0 0 0 0 0 0 0 0 0
GPRESSURE: 1700 0 0 0 0 0 0 0 0 0
PRESSAVG: 1700 0 0 0 0 0 0 0 0 0
GPRESSAVG: 1700 0 0 0 0 0 0 0 0 0
ENERGY:    1700      1117.5436      1694.2972      2054.4634       172.7881            -42.9136      -806.4460         0.0000      2443.2284      2994.7180           9627.6792       300.7105      6632.9611      9648.8070       297.8813

PRESSURE: 1800 0 0 0 0 0 0 0 0 0
GPRESSURE: 1800 0 0 0 0 0 0 0 0 0
PRESSAVG: 1800 0 0 0 0 0 0 0 0 0
GPRESSAVG: 1800 0 0 0 0 0 0 0 0 0
ENERGY:    1800      1109.0225      1684.4874      2098.2989       149.1254            -43.2310      -777.7309         0.0000      2439.4910      2974.9140           9634.3774       298.7219      6659.4634      9662.0188       300.6761

PRESSURE: 1900 0 0 0 0 0 0 0 0 0
GPRESSURE: 1900 0 0 0 0 0 0 0 0 0
PRESSAVG: 1900 0 0 0 0 0 0 0 0 0
GPRESSAVG: 1900 0 0 0 0 0 0 0 0 0
ENERGY:    1900      1105.8868      1732.7890      2071.2269       153.0175            -42.7251      -789.4035         0.0000      2435.0817      3066.7402           9732.6134       307.9425      6665.8732      9759.3277       300.7799

PRESSURE: 2000 0 0 0 0 0 0 0 0 0
GPRESSURE: 2000 0 0 0 0 0 0 0 0 0
PRESSAVG: 2000 0 0 0 0 0 0 0 0 0
GPRESSAVG: 2000 0 0 0 0 0 0 0 0 0
TIMING: 2000  CPU: 1.12903, 0.000546747/step  Wall: 1.13718, 0.000552975/step, 0.000460813 hours remaining, 831.875000 MB of memory in use.
ETITLE:      TS           BOND          ANGLE          DIHED          IMPRP               ELECT            VDW       BOUNDARY           MISC        KINETIC               TOTAL           TEMP      POTENTIAL         TOTAL3        TEMPAVG

ENERGY:    2000      1091.2256      1723.7606      2099.6178       135.1979            -43.5543      -796.5344         0.0000      2434.2307      3059.8229           9703.7668       307.2479      6643.9440      9728.6574       303.9084

WRITING EXTENDED SYSTEM TO RESTART FILE AT STEP 2000
WRITING COORDINATES TO DCD FILE adk-step1.dcd AT STEP 2000
WRITING COORDINATES TO RESTART FILE AT STEP 2000
FINISHED WRITING RESTART COORDINATES
The last position output (seq=2000) takes 0.002 seconds, 831.938 MB of memory in use
WRITING VELOCITIES TO RESTART FILE AT STEP 2000
FINISHED WRITING RESTART VELOCITIES
The last velocity output (seq=2000) takes 0.002 seconds, 831.938 MB of memory in use
PRESSURE: 2100 0 0 0 0 0 0 0 0 0
GPRESSURE: 2100 0 0 0 0 0 0 0 0 0
PRESSAVG: 2100 0 0 0 0 0 0 0 0 0
GPRESSAVG: 2100 0 0 0 0 0 0 0 0 0
ENERGY:    2100      1132.4684      1713.7418      2080.9587       150.8501            -44.0383      -795.6005         0.0000      2434.8782      3033.5035           9706.7618       304.6051      6673.2584      9734.5967       304.7346

PRESSURE: 2200 0 0 0 0 0 0 0 0 0
GPRESSURE: 2200 0 0 0 0 0 0 0 0 0
PRESSAVG: 2200 0 0 0 0 0 0 0 0 0
GPRESSAVG: 2200 0 0 0 0 0 0 0 0 0
ENERGY:    2200      1106.1315      1735.3868      2082.5715       142.5767            -42.2569      -797.9644         0.0000      2430.9646      3036.0619           9693.4717       304.8620      6657.4098      9715.8370       302.3225

PRESSURE: 2300 0 0 0 0 0 0 0 0 0
GPRESSURE: 2300 0 0 0 0 0 0 0 0 0
PRESSAVG: 2300 0 0 0 0 0 0 0 0 0
GPRESSAVG: 2300 0 0 0 0 0 0 0 0 0
ENERGY:    2300      1109.0113      1682.3897      2088.4147       150.0996            -42.5079      -776.1270         0.0000      2441.9648      2984.0508           9637.2960       299.6394      6653.2452      9659.0051       300.9210

PRESSURE: 2400 0 0 0 0 0 0 0 0 0
GPRESSURE: 2400 0 0 0 0 0 0 0 0 0
PRESSAVG: 2400 0 0 0 0 0 0 0 0 0
GPRESSAVG: 2400 0 0 0 0 0 0 0 0 0
ENERGY:    2400      1068.9031      1708.7597      2104.2899       161.0597            -42.8247      -773.8544         0.0000      2454.1599      2936.4068           9616.9002       294.8553      6680.4933      9640.3129       298.9365

PRESSURE: 2500 0 0 0 0 0 0 0 0 0
GPRESSURE: 2500 0 0 0 0 0 0 0 0 0
PRESSAVG: 2500 0 0 0 0 0 0 0 0 0
GPRESSAVG: 2500 0 0 0 0 0 0 0 0 0
ENERGY:    2500      1116.7528      1674.2259      2069.1343       151.6785            -42.7387      -789.4968         0.0000      2459.1774      3023.0036           9661.7370       303.5508      6638.7335      9686.9672       299.6908

PRESSURE: 2600 0 0 0 0 0 0 0 0 0
GPRESSURE: 2600 0 0 0 0 0 0 0 0 0
PRESSAVG: 2600 0 0 0 0 0 0 0 0 0
GPRESSAVG: 2600 0 0 0 0 0 0 0 0 0
ENERGY:    2600      1108.1454      1749.0920      2098.3447       137.6564            -42.7553      -773.4614         0.0000      2455.1373      2928.2177           9660.3768       294.0330      6732.1591      9685.4578       297.7809

PRESSURE: 2700 0 0 0 0 0 0 0 0 0
GPRESSURE: 2700 0 0 0 0 0 0 0 0 0
PRESSAVG: 2700 0 0 0 0 0 0 0 0 0
GPRESSAVG: 2700 0 0 0 0 0 0 0 0 0
ENERGY:    2700      1073.9794      1722.0589      2093.9190       146.8660            -43.0811      -777.0373         0.0000      2448.9330      3011.3814           9677.0192       302.3837      6665.6378      9701.8301       301.4989

PRESSURE: 2800 0 0 0 0 0 0 0 0 0
GPRESSURE: 2800 0 0 0 0 0 0 0 0 0
PRESSAVG: 2800 0 0 0 0 0 0 0 0 0
GPRESSAVG: 2800 0 0 0 0 0 0 0 0 0
ENERGY:    2800      1076.4660      1752.3372      2084.3681       144.3180            -43.2314      -777.5075         0.0000      2443.6410      3029.9373           9710.3288       304.2470      6680.3914      9735.4411       301.7376

PRESSURE: 2900 0 0 0 0 0 0 0 0 0
GPRESSURE: 2900 0 0 0 0 0 0 0 0 0
PRESSAVG: 2900 0 0 0 0 0 0 0 0 0
GPRESSAVG: 2900 0 0 0 0 0 0 0 0 0
ENERGY:    2900      1068.9312      1708.1762      2069.9959       138.7243            -42.6396      -748.9421         0.0000      2441.7112      3041.4340           9677.3911       305.4014      6635.9571      9700.6857       300.5634

PRESSURE: 3000 0 0 0 0 0 0 0 0 0
GPRESSURE: 3000 0 0 0 0 0 0 0 0 0
PRESSAVG: 3000 0 0 0 0 0 0 0 0 0
GPRESSAVG: 3000 0 0 0 0 0 0 0 0 0
TIMING: 3000  CPU: 1.6712, 0.000542178/step  Wall: 1.68786, 0.00055068/step, 0.000305933 hours remaining, 831.937500 MB of memory in use.
ETITLE:      TS           BOND          ANGLE          DIHED          IMPRP               ELECT            VDW       BOUNDARY           MISC        KINETIC               TOTAL           TEMP      POTENTIAL         TOTAL3        TEMPAVG

ENERGY:    3000      1048.1478      1763.7356      2065.7142       148.5462            -42.3574      -786.4387         0.0000      2442.3073      2997.0697           9636.7248       300.9466      6639.6550      9659.1552       301.7548

WRITING EXTENDED SYSTEM TO RESTART FILE AT STEP 3000
WRITING COORDINATES TO DCD FILE adk-step1.dcd AT STEP 3000
WRITING COORDINATES TO RESTART FILE AT STEP 3000
FINISHED WRITING RESTART COORDINATES
The last position output (seq=3000) takes 0.002 seconds, 832.000 MB of memory in use
WRITING VELOCITIES TO RESTART FILE AT STEP 3000
FINISHED WRITING RESTART VELOCITIES
The last velocity output (seq=3000) takes 0.002 seconds, 832.000 MB of memory in use
PRESSURE: 3100 0 0 0 0 0 0 0 0 0
GPRESSURE: 3100 0 0 0 0 0 0 0 0 0
PRESSAVG: 3100 0 0 0 0 0 0 0 0 0
GPRESSAVG: 3100 0 0 0 0 0 0 0 0 0
ENERGY:    3100      1066.7187      1689.9062      2114.5989       154.0593            -42.8515      -799.2772         0.0000      2440.4251      2949.4398           9573.0193       296.1639      6623.5795      9601.3330       298.0394

PRESSURE: 3200 0 0 0 0 0 0 0 0 0
GPRESSURE: 3200 0 0 0 0 0 0 0 0 0
PRESSAVG: 3200 0 0 0 0 0 0 0 0 0
GPRESSAVG: 3200 0 0 0 0 0 0 0 0 0
ENERGY:    3200      1066.5032      1726.6576      2086.7423       151.4697            -43.2293      -788.0370         0.0000      2446.1970      2985.1671           9631.4706       299.7515      6646.3035      9655.0536       298.6297

PRESSURE: 3300 0 0 0 0 0 0 0 0 0
GPRESSURE: 3300 0 0 0 0 0 0 0 0 0
PRESSAVG: 3300 0 0 0 0 0 0 0 0 0
GPRESSAVG: 3300 0 0 0 0 0 0 0 0 0
ENERGY:    3300      1073.4446      1704.2006      2096.3579       149.1581            -44.1587      -775.1875         0.0000      2445.1421      2932.4771           9581.4343       294.4607      6648.9572      9605.4020       298.0536

PRESSURE: 3400 0 0 0 0 0 0 0 0 0
GPRESSURE: 3400 0 0 0 0 0 0 0 0 0
PRESSAVG: 3400 0 0 0 0 0 0 0 0 0
GPRESSAVG: 3400 0 0 0 0 0 0 0 0 0
ENERGY:    3400      1105.9751      1672.6354      2063.6711       145.0912            -44.0044      -808.4270         0.0000      2455.0352      3007.3509           9597.3274       301.9790      6589.9765      9624.5681       296.4331

PRESSURE: 3500 0 0 0 0 0 0 0 0 0
GPRESSURE: 3500 0 0 0 0 0 0 0 0 0
PRESSAVG: 3500 0 0 0 0 0 0 0 0 0
GPRESSAVG: 3500 0 0 0 0 0 0 0 0 0
ENERGY:    3500      1105.5027      1665.9394      2113.9579       156.3148            -42.3310      -801.8765         0.0000      2453.1370      2921.7457           9572.3899       293.3831      6650.6442      9592.6072       297.8765

PRESSURE: 3600 0 0 0 0 0 0 0 0 0
GPRESSURE: 3600 0 0 0 0 0 0 0 0 0
PRESSAVG: 3600 0 0 0 0 0 0 0 0 0
GPRESSAVG: 3600 0 0 0 0 0 0 0 0 0
ENERGY:    3600      1101.1148      1659.0849      2085.0208       159.4485            -42.0470      -794.7004         0.0000      2453.0886      2961.1489           9582.1591       297.3397      6621.0102      9606.0064       298.4687

PRESSURE: 3700 0 0 0 0 0 0 0 0 0
GPRESSURE: 3700 0 0 0 0 0 0 0 0 0
PRESSAVG: 3700 0 0 0 0 0 0 0 0 0
GPRESSAVG: 3700 0 0 0 0 0 0 0 0 0
ENERGY:    3700      1144.7901      1674.7239      2059.9901       165.6738            -41.1463      -807.4490         0.0000      2454.3575      2926.1457           9577.0857       293.8249      6650.9400      9600.7514       296.2778

PRESSURE: 3800 0 0 0 0 0 0 0 0 0
GPRESSURE: 3800 0 0 0 0 0 0 0 0 0
PRESSAVG: 3800 0 0 0 0 0 0 0 0 0
GPRESSAVG: 3800 0 0 0 0 0 0 0 0 0
ENERGY:    3800      1097.0036      1637.2896      2091.4220       152.4305            -42.0989      -752.6953         0.0000      2448.8687      2999.1416           9631.3617       301.1547      6632.2201      9653.3514       299.0369

PRESSURE: 3900 0 0 0 0 0 0 0 0 0
GPRESSURE: 3900 0 0 0 0 0 0 0 0 0
PRESSAVG: 3900 0 0 0 0 0 0 0 0 0
GPRESSAVG: 3900 0 0 0 0 0 0 0 0 0
ENERGY:    3900      1106.2928      1667.7282      2100.8705       144.6785            -41.1245      -772.9969         0.0000      2448.0268      2980.4779           9633.9534       299.2806      6653.4755      9661.8422       299.5189

PRESSURE: 4000 0 0 0 0 0 0 0 0 0
GPRESSURE: 4000 0 0 0 0 0 0 0 0 0
PRESSAVG: 4000 0 0 0 0 0 0 0 0 0
GPRESSAVG: 4000 0 0 0 0 0 0 0 0 0
TIMING: 4000  CPU: 2.21619, 0.000544986/step  Wall: 2.23916, 0.000551299/step, 0.000153139 hours remaining, 832.000000 MB of memory in use.
ETITLE:      TS           BOND          ANGLE          DIHED          IMPRP               ELECT            VDW       BOUNDARY           MISC        KINETIC               TOTAL           TEMP      POTENTIAL         TOTAL3        TEMPAVG

ENERGY:    4000      1076.5413      1689.5335      2080.2162       147.0637            -40.9289      -776.4891         0.0000      2451.5759      2988.2250           9615.7376       300.0585      6627.5126      9639.3322       298.6332

WRITING EXTENDED SYSTEM TO RESTART FILE AT STEP 4000
WRITING COORDINATES TO DCD FILE adk-step1.dcd AT STEP 4000
WRITING COORDINATES TO RESTART FILE AT STEP 4000
FINISHED WRITING RESTART COORDINATES
The last position output (seq=4000) takes 0.002 seconds, 832.000 MB of memory in use
WRITING VELOCITIES TO RESTART FILE AT STEP 4000
FINISHED WRITING RESTART VELOCITIES
The last velocity output (seq=4000) takes 0.002 seconds, 832.000 MB of memory in use
PRESSURE: 4100 0 0 0 0 0 0 0 0 0
GPRESSURE: 4100 0 0 0 0 0 0 0 0 0
PRESSAVG: 4100 0 0 0 0 0 0 0 0 0
GPRESSAVG: 4100 0 0 0 0 0 0 0 0 0
ENERGY:    4100      1064.3849      1725.6071      2084.4002       150.2168            -41.1404      -776.7448         0.0000      2457.0903      2999.7434           9663.5576       301.2151      6663.8143      9688.8812       299.4959

PRESSURE: 4200 0 0 0 0 0 0 0 0 0
GPRESSURE: 4200 0 0 0 0 0 0 0 0 0
PRESSAVG: 4200 0 0 0 0 0 0 0 0 0
GPRESSAVG: 4200 0 0 0 0 0 0 0 0 0
ENERGY:    4200      1115.7892      1706.5750      2065.9905       160.7827            -41.3787      -817.2003         0.0000      2459.5169      2982.2209           9632.2964       299.4556      6650.0754      9657.9520       299.7699

LDB: ============= START OF LOAD BALANCING ============== 4.91909
LDB: ============== END OF LOAD BALANCING =============== 4.91915
Info: useSync: 0 useProxySync: 0
LDB: =============== DONE WITH MIGRATION ================ 4.91926
PRESSURE: 4300 0 0 0 0 0 0 0 0 0
GPRESSURE: 4300 0 0 0 0 0 0 0 0 0
PRESSAVG: 4300 0 0 0 0 0 0 0 0 0
GPRESSAVG: 4300 0 0 0 0 0 0 0 0 0
ENERGY:    4300      1094.7933      1707.9406      2079.8522       142.5013            -41.1932      -782.6582         0.0000      2454.4524      2998.7981           9654.4864       301.1202      6655.6883      9677.7400       300.9525

LDB: ============= START OF LOAD BALANCING ============== 4.97397
LDB: TIME 4.97419 LOAD: AVG 0.014415 MAX 0.0343089  PROXIES: TOTAL 185 MAXPE 10 MAXPATCH 7 None MEM: 832 MB
LDB: TIME 4.97434 LOAD: AVG 0.014415 MAX 0.0343089  PROXIES: TOTAL 185 MAXPE 10 MAXPATCH 7 RefineTorusLB MEM: 832.125 MB
LDB: TIME 4.97444 LOAD: AVG 0.014415 MAX 0.0343089  PROXIES: TOTAL 185 MAXPE 10 MAXPATCH 7 RefineTorusLB MEM: 832.125 MB
LDB: Reverting to original mapping
LDB: ============== END OF LOAD BALANCING =============== 4.97463
Info: build node-aware spanning tree with send: 1, recv: 0 with branch factor 4
Info: useSync: 0 useProxySync: 0
LDB: =============== DONE WITH MIGRATION ================ 4.97527
PRESSURE: 4400 0 0 0 0 0 0 0 0 0
GPRESSURE: 4400 0 0 0 0 0 0 0 0 0
PRESSAVG: 4400 0 0 0 0 0 0 0 0 0
GPRESSAVG: 4400 0 0 0 0 0 0 0 0 0
ENERGY:    4400      1084.3351      1681.0341      2089.7516       152.0277            -40.8309      -795.6130         0.0000      2447.3358      2990.8713           9608.9116       300.3242      6618.0403      9636.1468       298.9370

PRESSURE: 4500 0 0 0 0 0 0 0 0 0
GPRESSURE: 4500 0 0 0 0 0 0 0 0 0
PRESSAVG: 4500 0 0 0 0 0 0 0 0 0
GPRESSAVG: 4500 0 0 0 0 0 0 0 0 0
ENERGY:    4500      1065.9500      1685.8317      2119.1523       143.9846            -40.8865      -792.0415         0.0000      2433.1818      2927.1770           9542.3494       293.9285      6615.1724      9565.9745       295.6202

PRESSURE: 4600 0 0 0 0 0 0 0 0 0
GPRESSURE: 4600 0 0 0 0 0 0 0 0 0
PRESSAVG: 4600 0 0 0 0 0 0 0 0 0
GPRESSAVG: 4600 0 0 0 0 0 0 0 0 0
ENERGY:    4600      1073.2994      1647.5583      2075.0307       143.1809            -40.1813      -788.8138         0.0000      2433.2256      3053.0536           9596.3533       306.5682      6543.2997      9621.7982       295.9517

PRESSURE: 4700 0 0 0 0 0 0 0 0 0
GPRESSURE: 4700 0 0 0 0 0 0 0 0 0
PRESSAVG: 4700 0 0 0 0 0 0 0 0 0
GPRESSAVG: 4700 0 0 0 0 0 0 0 0 0
ENERGY:    4700      1096.5549      1690.4953      2117.3742       148.2335            -41.1877      -779.5411         0.0000      2443.9442      2936.0536           9611.9270       294.8198      6675.8733      9635.5069       299.6306

PRESSURE: 4800 0 0 0 0 0 0 0 0 0
GPRESSURE: 4800 0 0 0 0 0 0 0 0 0
PRESSAVG: 4800 0 0 0 0 0 0 0 0 0
GPRESSAVG: 4800 0 0 0 0 0 0 0 0 0
ENERGY:    4800      1068.9842      1699.0220      2082.3395       145.2773            -42.4735      -773.0261         0.0000      2447.0673      3035.0844           9662.2752       304.7638      6627.1907      9685.4036       300.2076

PRESSURE: 4900 0 0 0 0 0 0 0 0 0
GPRESSURE: 4900 0 0 0 0 0 0 0 0 0
PRESSAVG: 4900 0 0 0 0 0 0 0 0 0
GPRESSAVG: 4900 0 0 0 0 0 0 0 0 0
ENERGY:    4900      1097.9561      1666.3739      2115.6256       163.2759            -42.5104      -781.2676         0.0000      2440.9393      3002.5997           9662.9925       301.5019      6660.3928      9685.4220       300.8865

PRESSURE: 5000 0 0 0 0 0 0 0 0 0
GPRESSURE: 5000 0 0 0 0 0 0 0 0 0
PRESSAVG: 5000 0 0 0 0 0 0 0 0 0
GPRESSAVG: 5000 0 0 0 0 0 0 0 0 0
TIMING: 5000  CPU: 2.76159, 0.000545399/step  Wall: 2.7907, 0.000551542/step, 0 hours remaining, 832.125000 MB of memory in use.
ETITLE:      TS           BOND          ANGLE          DIHED          IMPRP               ELECT            VDW       BOUNDARY           MISC        KINETIC               TOTAL           TEMP      POTENTIAL         TOTAL3        TEMPAVG

ENERGY:    5000      1121.9944      1646.2809      2106.1769       161.0531            -41.9248      -765.1503         0.0000      2444.3464      2964.8025           9637.5792       297.7066      6672.7767      9664.0368       300.0253

WRITING EXTENDED SYSTEM TO RESTART FILE AT STEP 5000
WRITING COORDINATES TO DCD FILE adk-step1.dcd AT STEP 5000
WRITING COORDINATES TO RESTART FILE AT STEP 5000
FINISHED WRITING RESTART COORDINATES
The last position output (seq=5000) takes 0.002 seconds, 832.688 MB of memory in use
WRITING VELOCITIES TO RESTART FILE AT STEP 5000
FINISHED WRITING RESTART VELOCITIES
The last velocity output (seq=5000) takes 0.002 seconds, 832.688 MB of memory in use
WRITING EXTENDED SYSTEM TO OUTPUT FILE AT STEP 5000
WRITING COORDINATES TO OUTPUT FILE AT STEP 5000
CLOSING COORDINATE DCD FILE adk-step1.dcd
The last position output (seq=-2) takes 0.004 seconds, 832.688 MB of memory in use
WRITING VELOCITIES TO OUTPUT FILE AT STEP 5000
====================================================

WallClock: 5.313116  CPUTime: 3.744307  Memory: 832.687500 MB
End of program
