0_5_cc.dat
/gpfs/alpine/bip115/scratch/hrlee/radical.pilot.sandbox/re.session.login2.hrlee.018634.0000/pilot.0000/staging_area/0_5_cc.dat
0, 5
Choosing optimized barrier algorithm name I0:HybridBinomial:SHMEM:P2P
Converse/Charm++ Commit ID: v6.10.2-0-g7bf00fa-namd-charm-6.10.2-build-2020-Aug-05-556
Warning> Randomization of virtual memory (ASLR) is turned on in the kernel, thread migration may not work! Run 'echo 0 > /proc/sys/kernel/randomize_va_space' as root to disable it, or try running with '+isomalloc_sync'.
CharmLB> Load balancer assumes all CPUs are same.
Charm++> Running on 1 hosts (1 sockets x 7 cores x 4 PUs = 28-way SMP)
Charm++> cpu topology info is gathered in 0.002 seconds.
Info: Built with CUDA version 10010
Did not find +devices i,j,k,... argument, using all
Pe 6 physical rank 6 will use CUDA device of pe 4
Pe 17 physical rank 17 will use CUDA device of pe 14
Pe 40 physical rank 40 will use CUDA device of pe 35
Pe 31 physical rank 31 will use CUDA device of pe 28
Pe 24 physical rank 24 will use CUDA device of pe 21
Pe 11 physical rank 11 will use CUDA device of pe 7
Pe 1 physical rank 1 will use CUDA device of pe 4
Pe 16 physical rank 16 will use CUDA device of pe 14
Pe 38 physical rank 38 will use CUDA device of pe 35
Pe 30 physical rank 30 will use CUDA device of pe 28
Pe 27 physical rank 27 will use CUDA device of pe 21
Pe 12 physical rank 12 will use CUDA device of pe 7
Pe 5 physical rank 5 will use CUDA device of pe 4
Pe 19 physical rank 19 will use CUDA device of pe 14
Pe 41 physical rank 41 will use CUDA device of pe 35
Pe 32 physical rank 32 will use CUDA device of pe 28
Pe 23 physical rank 23 will use CUDA device of pe 21
Pe 13 physical rank 13 will use CUDA device of pe 7
Pe 2 physical rank 2 will use CUDA device of pe 4
Pe 20 physical rank 20 will use CUDA device of pe 14
Pe 37 physical rank 37 will use CUDA device of pe 35
Pe 34 physical rank 34 will use CUDA device of pe 28
Pe 26 physical rank 26 will use CUDA device of pe 21
Pe 8 physical rank 8 will use CUDA device of pe 7
Pe 18 physical rank 18 will use CUDA device of pe 14
Pe 39 physical rank 39 will use CUDA device of pe 35
Pe 33 physical rank 33 will use CUDA device of pe 28
Pe 25 physical rank 25 will use CUDA device of pe 21
Pe 9 physical rank 9 will use CUDA device of pe 7
Pe 3 physical rank 3 will use CUDA device of pe 4
Pe 15 physical rank 15 will use CUDA device of pe 14
Pe 36 physical rank 36 will use CUDA device of pe 35
Pe 29 physical rank 29 will use CUDA device of pe 28
Pe 22 physical rank 22 will use CUDA device of pe 21
Pe 10 physical rank 10 will use CUDA device of pe 7
Pe 0 physical rank 0 will use CUDA device of pe 4
Pe 7 physical rank 7 binding to CUDA device 0 on h14n13: 'Tesla V100-SXM2-16GB'  Mem: 16128MB  Rev: 7.0  PCI: 4:5:0
Pe 4 physical rank 4 binding to CUDA device 0 on h14n13: 'Tesla V100-SXM2-16GB'  Mem: 16128MB  Rev: 7.0  PCI: 4:4:0
Pe 14 physical rank 14 binding to CUDA device 0 on h14n13: 'Tesla V100-SXM2-16GB'  Mem: 16128MB  Rev: 7.0  PCI: 4:6:0
Pe 35 physical rank 35 binding to CUDA device 0 on h14n13: 'Tesla V100-SXM2-16GB'  Mem: 16128MB  Rev: 7.0  PCI: 35:5:0
Pe 28 physical rank 28 binding to CUDA device 0 on h14n13: 'Tesla V100-SXM2-16GB'  Mem: 16128MB  Rev: 7.0  PCI: 35:4:0
Pe 21 physical rank 21 binding to CUDA device 0 on h14n13: 'Tesla V100-SXM2-16GB'  Mem: 16128MB  Rev: 7.0  PCI: 35:3:0
Info: NAMD 2.14 for Linux-POWER-pami-smp-Summit-CUDA
Info: 
Info: Please visit http://www.ks.uiuc.edu/Research/namd/
Info: for updates, documentation, and support information.
Info: 
Info: Please cite Phillips et al., J. Chem. Phys. 153:044130 (2020) doi:10.1063/5.0014475
Info: in all publications reporting results obtained with NAMD.
Info: 
Info: Based on Charm++/Converse 61002 for pami-linux-ppc64le-smp
Info: Built Wed Aug 5 14:28:51 EDT 2020 by jimp on login2
Info: 1 NAMD  2.14  Linux-POWER-pami-smp-Summit-CUDA  42    h14n13  hrlee
Info: Running on 42 processors, 6 nodes, 1 physical nodes.
Info: CPU topology information available.
Info: Charm++/Converse parallel runtime startup completed at 1.35363 s
CkLoopLib is used in SMP with simple dynamic scheduling (converse-level notification)
Info: 791.688 MB of memory in use based on /proc/self/stat
Info: Configuration file is adk-step1.namd
Info: Working in the current directory /gpfs/alpine/bip115/scratch/hrlee/radical.pilot.sandbox/re.session.login2.hrlee.018634.0000/pilot.0000/unit.000430
TCL: Suspending until startup complete.
Info: SIMULATION PARAMETERS:
Info: TIMESTEP               1
Info: NUMBER OF STEPS        0
Info: STEPS PER CYCLE        20
Info: LOAD BALANCER  Centralized
Info: LOAD BALANCING STRATEGY  New Load Balancers -- DEFAULT
Info: LDB PERIOD             4000 steps
Info: FIRST LDB TIMESTEP     100
Info: LAST LDB TIMESTEP     -1
Info: LDB BACKGROUND SCALING 1
Info: HOM BACKGROUND SCALING 1
Info: MIN ATOMS PER PATCH    40
Info: VELOCITY FILE          0_5_adk-step1.restart.vel
Info: CENTER OF MASS MOVING INITIALLY? NO
Info: DIELECTRIC             80
Info: EXCLUDE                SCALED ONE-FOUR
Info: 1-4 ELECTROSTATICS SCALED BY 1
Info: MODIFIED 1-4 VDW PARAMETERS WILL BE USED
Info: DCD FILENAME           adk-step1.dcd
Info: DCD FREQUENCY          1000
Info: DCD FIRST STEP         1000
Info: NO EXTENDED SYSTEM TRAJECTORY OUTPUT
Info: NO VELOCITY DCD OUTPUT
Info: NO FORCE DCD OUTPUT
Info: OUTPUT FILENAME        adk-step1
Info: BINARY OUTPUT FILES WILL BE USED
Info: RESTART FILENAME       adk-step1.restart
Info: RESTART FREQUENCY      1000
Info: BINARY RESTART FILES WILL BE USED
Info: SWITCHING ACTIVE
Info: SWITCHING ON           9
Info: SWITCHING OFF          10
Info: PAIRLIST DISTANCE      11
Info: PAIRLIST SHRINK RATE   0.01
Info: PAIRLIST GROW RATE     0.01
Info: PAIRLIST TRIGGER       0.3
Info: PAIRLISTS PER CYCLE    2
Info: PAIRLISTS ENABLED
Info: MARGIN                 0
Info: HYDROGEN GROUP CUTOFF  2.5
Info: PATCH DIMENSION        13.5
Info: ENERGY OUTPUT STEPS    100
Info: CROSSTERM ENERGY INCLUDED IN DIHEDRAL
Info: TIMING OUTPUT STEPS    1000
Info: PRESSURE OUTPUT STEPS  100
Info: GRID FORCE ACTIVE
Info:  Please include this reference in published work using
Info:  the Gridforce module of NAMD: David Wells, Volha Abramkina,
Info:  and Aleksei Aksimentiev, J. Chem. Phys. 127:125101-10 (2007).
Info: MGRIDFORCE key 0
Info:            Potfile 4ake-target_autopsf-grid.dx
Info:            Scale 0.3 0.3 0.3
Info:            File 1ake-docked-noh_autopsf-grid.pdb
Info:            Col O
Info:            ChargeCol B
Info:            VOffset 0 0 0
Info:            Continuous K1 FALSE
Info:            Continuous K2 FALSE
Info:            Continuous K3 FALSE
Info:            Volts FALSE
Info:            Gridforce-Lite FALSE
Info:            Gridforce-CheckSize TRUE
Info: LANGEVIN DYNAMICS ACTIVE
Info: LANGEVIN TEMPERATURE   300
Info: LANGEVIN USING BBK INTEGRATOR
Info: LANGEVIN DAMPING COEFFICIENT IS 5 INVERSE PS
Info: LANGEVIN DYNAMICS NOT APPLIED TO HYDROGENS
Info: USING VERLET I (r-RESPA) MTS SCHEME.
Info: C1 SPLITTING OF LONG RANGE ELECTROSTATICS
Info: PLACING ATOMS IN PATCHES BY HYDROGEN GROUPS
Info: RIGID BONDS TO HYDROGEN : WATER
Info:         ERROR TOLERANCE : 1e-08
Info:          MAX ITERATIONS : 100
Info: RIGID WATER USING SETTLE ALGORITHM
Info: NONBONDED FORCES EVALUATED EVERY 2 STEPS
Info: RANDOM NUMBER SEED     1609984058
Info: USE HYDROGEN BONDS?    NO
Info: COORDINATE PDB         1ake-docked-noh_autopsf.pdb
Info: STRUCTURE FILE         1ake-docked-noh_autopsf.psf
Info: PARAMETER file: CHARMM format! 
Info: PARAMETERS             par_all36_prot.prm
Info: USING ARITHMETIC MEAN TO COMBINE L-J SIGMA PARAMETERS
Info: BINARY COORDINATES     0_5_adk-step1.restart.coor
Info: SUMMARY OF PARAMETERS:
Info: 132 BONDS
Info: 362 ANGLES
Info: 702 DIHEDRAL
Info: 35 IMPROPER
Info: 6 CROSSTERM
Info: 53 VDW
Info: 0 VDW_PAIRS
Info: 0 NBTHOLE_PAIRS
Info: TIME FOR READING PSF FILE: 0.40319
Info: READING EXTRA BONDS FILE 1ake-extrabonds.txt
Info: READING EXTRA BONDS FILE 1ake-extrabonds-cispeptide.txt
Info: READING EXTRA BONDS FILE 1ake-extrabonds-chirality.txt
Info: READ 80 EXTRA BONDS
Info: READ 80 EXTRA ANGLES
Warning: EXTRA ANGLES ARE COSINE-BASED BY DEFAULT TO MATCH PREVIOUS VERSIONS
Warning: FOR NORMAL HARMONIC EXTRA ANGLES SET extraBondsCosAngles off
Info: READ 493 EXTRA DIHEDRALS
Info: READ 438 EXTRA IMPROPERS
Info: Reading pdb file 1ake-docked-noh_autopsf.pdb
Info: TIME FOR READING PDB FILE: 0.131667
Info: 
Info: ****************************
Info: STRUCTURE SUMMARY:
Info: 3341 ATOMS
Info: 3445 BONDS
Info: 6203 ANGLES
Info: 9414 DIHEDRALS
Info: 1005 IMPROPERS
Info: 212 CROSSTERMS
Info: 0 EXCLUSIONS
Info: 0 RIGID BONDS
Info: 1 GRIDS ACTIVE
Info: 10023 DEGREES OF FREEDOM
Info: 1656 HYDROGEN GROUPS
Info: 4 ATOMS IN LARGEST HYDROGEN GROUP
Info: 1656 MIGRATION GROUPS
Info: 4 ATOMS IN LARGEST MIGRATION GROUP
Info: TOTAL MASS = 23582 amu
Info: TOTAL CHARGE = -4 e
Info: *****************************
Info: Reading from binary file 0_5_adk-step1.restart.coor
Info: 
Info: Entering startup at 2.50383 s, 799.625 MB of memory in use
Info: Startup phase 0 took 0.000264164 s, 799.625 MB of memory in use
Info: ADDED 18308 IMPLICIT EXCLUSIONS
Info: Startup phase 1 took 0.0084611 s, 799.875 MB of memory in use
Info: NONBONDED TABLE R-SQUARED SPACING: 0.0625
Info: NONBONDED TABLE SIZE: 705 POINTS
Info: ABSOLUTE IMPRECISION IN FAST TABLE ENERGY: 3.38813e-21 AT 9.89634
Info: RELATIVE IMPRECISION IN FAST TABLE ENERGY: 4.23384e-15 AT 9.94673
Info: ABSOLUTE IMPRECISION IN FAST TABLE FORCE: 6.35275e-22 AT 9.94673
Info: RELATIVE IMPRECISION IN FAST TABLE FORCE: 5.07982e-16 AT 9.94673
Info: INCONSISTENCY IN FAST TABLE ENERGY VS FORCE: 0.000290185 AT 0.251946
Info: ABSOLUTE IMPRECISION IN VDWA TABLE ENERGY: 1.57772e-30 AT 9.89634
Info: RELATIVE IMPRECISION IN VDWA TABLE ENERGY: 4.54938e-15 AT 9.94673
Info: ABSOLUTE IMPRECISION IN VDWA TABLE FORCE: 5.91646e-31 AT 9.94673
Info: RELATIVE IMPRECISION IN VDWA TABLE FORCE: 5.6823e-16 AT 9.94673
Info: INCONSISTENCY IN VDWA TABLE ENERGY VS FORCE: 0.0040507 AT 0.251946
Info: ABSOLUTE IMPRECISION IN VDWB TABLE ENERGY: 4.71751e-25 AT 9.94673
Info: RELATIVE IMPRECISION IN VDWB TABLE ENERGY: 1.45371e-14 AT 9.94673
Info: ABSOLUTE IMPRECISION IN VDWB TABLE FORCE: 6.20385e-25 AT 9.94673
Info: RELATIVE IMPRECISION IN VDWB TABLE FORCE: 5.97512e-16 AT 9.94673
Info: INCONSISTENCY IN VDWB TABLE ENERGY VS FORCE: 0.00377068 AT 9.07951
Info: Startup phase 2 took 0.000836289 s, 800.812 MB of memory in use
Info: Startup phase 3 took 0.000224878 s, 800.812 MB of memory in use
Info: Startup phase 4 took 0.000292403 s, 801 MB of memory in use
Info: Startup phase 5 took 0.000207867 s, 801 MB of memory in use
Info: ORIGINAL ATOMS MINMAX IS -20.2608 -33.5262 -37.2188  17.8806 23.3177 16.6322
Info: ADJUSTED ATOMS MINMAX IS -15.976 -27.8333 -32.5157  11.5601 15.0947 9.07443
Info: PATCH GRID IS 3 BY 4 BY 4
Info: PATCH GRID IS 1-AWAY BY 1-AWAY BY 1-AWAY
Info: Reading from binary file 0_5_adk-step1.restart.vel
Info: REMOVING COM VELOCITY 0.121507 -0.0141912 0.238628
Info: LARGEST PATCH (16) HAS 231 ATOMS
Info: TORUS A SIZE 1 USING 0
Info: TORUS B SIZE 1 USING 0
Info: TORUS C SIZE 1 USING 0
Info: TORUS MINIMAL MESH SIZE IS 1 BY 1 BY 1
Info: Placed 100% of base nodes on same physical node as patch
Info: Startup phase 6 took 0.00896553 s, 801.125 MB of memory in use
Info: Startup phase 7 took 0.000225514 s, 801.875 MB of memory in use
Info: Updated CUDA force table with 4096 elements.
Info: Updated CUDA LJ table with 53 x 53 elements.
Info: Updated CUDA force table with 4096 elements.
Info: Updated CUDA force table with 4096 elements.
Info: Updated CUDA LJ table with 53 x 53 elements.
Info: Updated CUDA force table with 4096 elements.
Info: Updated CUDA LJ table with 53 x 53 elements.
Info: Updated CUDA force table with 4096 elements.
Info: Updated CUDA LJ table with 53 x 53 elements.
Info: Updated CUDA LJ table with 53 x 53 elements.
Info: Updated CUDA force table with 4096 elements.
Info: Updated CUDA LJ table with 53 x 53 elements.
Info: Startup phase 8 took 0.00353158 s, 802.188 MB of memory in use
Info: Startup phase 9 took 0.000373216 s, 802.312 MB of memory in use
Info: Startup phase 10 took 0.000205378 s, 802.438 MB of memory in use
Info: Startup phase 11 took 0.00112475 s, 802.562 MB of memory in use
LDB: Central LB being created...
Info: Startup phase 12 took 0.00206859 s, 803.625 MB of memory in use
Info: CREATING 1046 COMPUTE OBJECTS
Info: Found 278 unique exclusion lists needing 900 bytes
Info: Found 278 unique exclusion lists needing 900 bytes
Info: Found 278 unique exclusion lists needing 900 bytes
Info: Found 278 unique exclusion lists needing 900 bytes
Info: Found 278 unique exclusion lists needing 900 bytes
Info: Found 278 unique exclusion lists needing 900 bytes
Info: useSync: 0 useProxySync: 0
Info: Startup phase 13 took 0.0159217 s, 804.688 MB of memory in use
Info: Building spanning tree ... send: 1 recv: 0 with branch factor 4
Info: Startup phase 14 took 0.000229399 s, 804.875 MB of memory in use
Info: Startup phase 15 took 0.000306286 s, 804.875 MB of memory in use
Info: Finished startup at 2.54706 s, 805 MB of memory in use

TCL: Running for 5000 steps
PRESSURE: 0 0 0 0 0 0 0 0 0 0
GPRESSURE: 0 0 0 0 0 0 0 0 0 0
ETITLE:      TS           BOND          ANGLE          DIHED          IMPRP               ELECT            VDW       BOUNDARY           MISC        KINETIC               TOTAL           TEMP      POTENTIAL         TOTAL3        TEMPAVG

ENERGY:       0      1060.3306      1674.6766      2116.1868       157.8917            -39.4652      -799.5596         0.0000      2468.4233      2958.9065           9597.3907       297.1145      6638.4842      9621.5169       297.1145

LDB: ============= START OF LOAD BALANCING ============== 2.56135
LDB: ============== END OF LOAD BALANCING =============== 2.56141
Info: useSync: 0 useProxySync: 0
LDB: =============== DONE WITH MIGRATION ================ 2.56153
LDB: ============= START OF LOAD BALANCING ============== 2.60992
LDB: Partitioning computes with target load 0.000000
LDB: Increased migratable compute count from 0 to 0
LDB: Largest unpartitionable compute is 0.000000
LDB: ============== END OF LOAD BALANCING =============== 2.61037
Info: build node-aware spanning tree with send: 1, recv: 0 with branch factor 4
Info: useSync: 0 useProxySync: 0
LDB: =============== DONE WITH MIGRATION ================ 2.61127
PRESSURE: 100 0 0 0 0 0 0 0 0 0
GPRESSURE: 100 0 0 0 0 0 0 0 0 0
PRESSAVG: 100 0 0 0 0 0 0 0 0 0
GPRESSAVG: 100 0 0 0 0 0 0 0 0 0
Info: Initial time: 42 CPUs 0.000606093 s/step 0.00701497 days/ns 816.75 MB memory
ENERGY:     100      1081.3548      1674.4103      2080.8690       152.1256            -40.4030      -775.1827         0.0000      2465.1950      2994.3012           9632.6703       300.6686      6638.3691      9653.5393       297.0687

LDB: ============= START OF LOAD BALANCING ============== 2.62317
Info: useSync: 0 useProxySync: 0
LDB: ============== END OF LOAD BALANCING =============== 2.62322
LDB: =============== DONE WITH MIGRATION ================ 2.62332
LDB: ============= START OF LOAD BALANCING ============== 2.66991
LDB: TIME 2.67026 LOAD: AVG 0.0117457 MAX 0.0371608  PROXIES: TOTAL 180 MAXPE 10 MAXPATCH 7 None MEM: 817.438 MB
LDB: TIME 2.67051 LOAD: AVG 0.0117457 MAX 0.0371608  PROXIES: TOTAL 180 MAXPE 10 MAXPATCH 7 TorusLB MEM: 817.562 MB
LDB: Reverting to original mapping
LDB: ============== END OF LOAD BALANCING =============== 2.67081
Info: build node-aware spanning tree with send: 1, recv: 0 with branch factor 4
Info: useSync: 0 useProxySync: 0
LDB: =============== DONE WITH MIGRATION ================ 2.6716
PRESSURE: 200 0 0 0 0 0 0 0 0 0
GPRESSURE: 200 0 0 0 0 0 0 0 0 0
PRESSAVG: 200 0 0 0 0 0 0 0 0 0
GPRESSAVG: 200 0 0 0 0 0 0 0 0 0
Info: Initial time: 42 CPUs 0.0005816 s/step 0.00673148 days/ns 817.562 MB memory
ENERGY:     200      1119.0608      1724.4222      2112.7375       158.8372            -40.0249      -816.7684         0.0000      2469.0290      2908.4437           9635.7370       292.0474      6727.2933      9660.9946       296.3310

LDB: ============= START OF LOAD BALANCING ============== 2.7336
LDB: TIME 2.73391 LOAD: AVG 0.0146731 MAX 0.0485718  PROXIES: TOTAL 180 MAXPE 10 MAXPATCH 7 None MEM: 822.5 MB
LDB: TIME 2.73414 LOAD: AVG 0.0146731 MAX 0.0485718  PROXIES: TOTAL 180 MAXPE 10 MAXPATCH 7 RefineTorusLB MEM: 822.5 MB
LDB: TIME 2.73432 LOAD: AVG 0.0146731 MAX 0.0485718  PROXIES: TOTAL 180 MAXPE 10 MAXPATCH 7 RefineTorusLB MEM: 822.5 MB
LDB: Reverting to original mapping
LDB: ============== END OF LOAD BALANCING =============== 2.73461
Info: build node-aware spanning tree with send: 1, recv: 0 with branch factor 4
Info: useSync: 0 useProxySync: 0
LDB: =============== DONE WITH MIGRATION ================ 2.73542
PRESSURE: 300 0 0 0 0 0 0 0 0 0
GPRESSURE: 300 0 0 0 0 0 0 0 0 0
PRESSAVG: 300 0 0 0 0 0 0 0 0 0
GPRESSAVG: 300 0 0 0 0 0 0 0 0 0
Info: Initial time: 42 CPUs 0.000618315 s/step 0.00715642 days/ns 822.5 MB memory
ENERGY:     300      1065.3222      1698.6295      2117.4682       154.7606            -40.2725      -782.2307         0.0000      2466.0333      2951.8254           9631.5361       296.4035      6679.7107      9658.6522       298.2200

LDB: ============= START OF LOAD BALANCING ============== 2.79442
LDB: TIME 2.79475 LOAD: AVG 0.0146306 MAX 0.0465705  PROXIES: TOTAL 180 MAXPE 10 MAXPATCH 7 None MEM: 823.625 MB
LDB: TIME 2.79498 LOAD: AVG 0.0146306 MAX 0.0465705  PROXIES: TOTAL 180 MAXPE 10 MAXPATCH 7 RefineTorusLB MEM: 823.625 MB
LDB: TIME 2.79516 LOAD: AVG 0.0146306 MAX 0.0465705  PROXIES: TOTAL 180 MAXPE 10 MAXPATCH 7 RefineTorusLB MEM: 823.625 MB
LDB: Reverting to original mapping
LDB: ============== END OF LOAD BALANCING =============== 2.79547
Info: build node-aware spanning tree with send: 1, recv: 0 with branch factor 4
Info: useSync: 0 useProxySync: 0
LDB: =============== DONE WITH MIGRATION ================ 2.79628
PRESSURE: 400 0 0 0 0 0 0 0 0 0
GPRESSURE: 400 0 0 0 0 0 0 0 0 0
PRESSAVG: 400 0 0 0 0 0 0 0 0 0
GPRESSAVG: 400 0 0 0 0 0 0 0 0 0
Info: Benchmark time: 42 CPUs 0.000587703 s/step 0.00680212 days/ns 823.625 MB memory
ENERGY:     400      1118.8624      1664.5035      2114.7833       149.1946            -41.0061      -805.8586         0.0000      2471.1453      2996.9758           9668.6003       300.9372      6671.6244      9690.9230       298.3247

PRESSURE: 500 0 0 0 0 0 0 0 0 0
GPRESSURE: 500 0 0 0 0 0 0 0 0 0
PRESSAVG: 500 0 0 0 0 0 0 0 0 0
GPRESSAVG: 500 0 0 0 0 0 0 0 0 0
Info: Benchmark time: 42 CPUs 0.000579079 s/step 0.0067023 days/ns 824.625 MB memory
ENERGY:     500      1098.3938      1648.4517      2078.4840       158.0778            -41.7256      -767.1749         0.0000      2466.1618      3020.0880           9660.7567       303.2580      6640.6687      9682.8054       300.0091

PRESSURE: 600 0 0 0 0 0 0 0 0 0
GPRESSURE: 600 0 0 0 0 0 0 0 0 0
PRESSAVG: 600 0 0 0 0 0 0 0 0 0
GPRESSAVG: 600 0 0 0 0 0 0 0 0 0
Info: Benchmark time: 42 CPUs 0.000591677 s/step 0.00684811 days/ns 824.625 MB memory
ENERGY:     600      1085.6819      1743.9810      2098.6659       154.5958            -42.6675      -782.4021         0.0000      2462.5340      2904.4706           9624.8597       291.6484      6720.3891      9646.2652       298.5805

PRESSURE: 700 0 0 0 0 0 0 0 0 0
GPRESSURE: 700 0 0 0 0 0 0 0 0 0
PRESSAVG: 700 0 0 0 0 0 0 0 0 0
GPRESSAVG: 700 0 0 0 0 0 0 0 0 0
Info: Benchmark time: 42 CPUs 0.000593398 s/step 0.00686803 days/ns 824.625 MB memory
ENERGY:     700      1059.1069      1670.7423      2135.0042       144.6362            -42.2264      -792.2411         0.0000      2462.4294      2986.2967           9623.7483       299.8649      6637.4516      9643.0367       298.8026

PRESSURE: 800 0 0 0 0 0 0 0 0 0
GPRESSURE: 800 0 0 0 0 0 0 0 0 0
PRESSAVG: 800 0 0 0 0 0 0 0 0 0
GPRESSAVG: 800 0 0 0 0 0 0 0 0 0
Info: Benchmark time: 42 CPUs 0.000611656 s/step 0.00707936 days/ns 824.625 MB memory
ENERGY:     800      1100.4061      1630.7572      2107.2927       145.9393            -41.2752      -777.3444         0.0000      2462.6748      2942.0370           9570.4875       295.4206      6628.4505      9595.0561       296.1931

PRESSURE: 900 0 0 0 0 0 0 0 0 0
GPRESSURE: 900 0 0 0 0 0 0 0 0 0
PRESSAVG: 900 0 0 0 0 0 0 0 0 0
GPRESSAVG: 900 0 0 0 0 0 0 0 0 0
Info: Benchmark time: 42 CPUs 0.000605268 s/step 0.00700542 days/ns 824.625 MB memory
ENERGY:     900      1112.0939      1703.0825      2094.4887       159.5943            -41.5729      -756.3100         0.0000      2457.4431      2951.0895           9679.9090       296.3296      6728.8195      9701.4560       297.3351

PRESSURE: 1000 0 0 0 0 0 0 0 0 0
GPRESSURE: 1000 0 0 0 0 0 0 0 0 0
PRESSAVG: 1000 0 0 0 0 0 0 0 0 0
GPRESSAVG: 1000 0 0 0 0 0 0 0 0 0
TIMING: 1000  CPU: 0.62501, 0.000608207/step  Wall: 0.626038, 0.000606243/step, 0.000673603 hours remaining, 824.625000 MB of memory in use.
ETITLE:      TS           BOND          ANGLE          DIHED          IMPRP               ELECT            VDW       BOUNDARY           MISC        KINETIC               TOTAL           TEMP      POTENTIAL         TOTAL3        TEMPAVG

ENERGY:    1000      1121.1827      1709.0582      2092.6682       141.3049            -40.7333      -781.6524         0.0000      2454.9456      3057.5535           9754.3273       307.0200      6696.7739      9780.3762       304.1549

WRITING EXTENDED SYSTEM TO RESTART FILE AT STEP 1000
OPENING COORDINATE DCD FILE
WRITING COORDINATES TO DCD FILE adk-step1.dcd AT STEP 1000
WRITING COORDINATES TO RESTART FILE AT STEP 1000
FINISHED WRITING RESTART COORDINATES
The last position output (seq=1000) takes 0.005 seconds, 824.688 MB of memory in use
WRITING VELOCITIES TO RESTART FILE AT STEP 1000
FINISHED WRITING RESTART VELOCITIES
The last velocity output (seq=1000) takes 0.002 seconds, 824.750 MB of memory in use
PRESSURE: 1100 0 0 0 0 0 0 0 0 0
GPRESSURE: 1100 0 0 0 0 0 0 0 0 0
PRESSAVG: 1100 0 0 0 0 0 0 0 0 0
GPRESSAVG: 1100 0 0 0 0 0 0 0 0 0
ENERGY:    1100      1121.8456      1732.1659      2077.7824       169.4504            -40.1309      -787.6354         0.0000      2460.4237      2972.0601           9705.9618       298.4353      6733.9017      9736.8827       303.3588

PRESSURE: 1200 0 0 0 0 0 0 0 0 0
GPRESSURE: 1200 0 0 0 0 0 0 0 0 0
PRESSAVG: 1200 0 0 0 0 0 0 0 0 0
GPRESSAVG: 1200 0 0 0 0 0 0 0 0 0
ENERGY:    1200      1113.3116      1687.5270      2086.3585       144.3375            -39.7657      -768.6689         0.0000      2470.7563      3041.5064           9735.3629       305.4087      6693.8565      9760.2995       301.7071

PRESSURE: 1300 0 0 0 0 0 0 0 0 0
GPRESSURE: 1300 0 0 0 0 0 0 0 0 0
PRESSAVG: 1300 0 0 0 0 0 0 0 0 0
GPRESSAVG: 1300 0 0 0 0 0 0 0 0 0
ENERGY:    1300      1130.5836      1672.5463      2100.7203       153.3033            -40.0660      -777.8977         0.0000      2473.4401      2988.0952           9700.7251       300.0455      6712.6298      9731.4705       299.9291

PRESSURE: 1400 0 0 0 0 0 0 0 0 0
GPRESSURE: 1400 0 0 0 0 0 0 0 0 0
PRESSAVG: 1400 0 0 0 0 0 0 0 0 0
GPRESSAVG: 1400 0 0 0 0 0 0 0 0 0
ENERGY:    1400      1144.8853      1615.0760      2105.7485       151.4724            -39.9570      -764.9456         0.0000      2467.7036      2984.9900           9664.9731       299.7337      6679.9831      9689.1353       299.8528

PRESSURE: 1500 0 0 0 0 0 0 0 0 0
GPRESSURE: 1500 0 0 0 0 0 0 0 0 0
PRESSAVG: 1500 0 0 0 0 0 0 0 0 0
GPRESSAVG: 1500 0 0 0 0 0 0 0 0 0
ENERGY:    1500      1070.3768      1716.1006      2108.2886       156.9767            -39.5228      -793.0493         0.0000      2461.0265      2982.6422           9662.8393       299.4979      6680.1971      9692.7300       298.4638

PRESSURE: 1600 0 0 0 0 0 0 0 0 0
GPRESSURE: 1600 0 0 0 0 0 0 0 0 0
PRESSAVG: 1600 0 0 0 0 0 0 0 0 0
GPRESSAVG: 1600 0 0 0 0 0 0 0 0 0
ENERGY:    1600      1124.2830      1687.9216      2088.6785       155.6353            -40.8281      -792.4050         0.0000      2461.3832      2953.8457           9638.5143       296.6064      6684.6685      9664.2820       301.1021

PRESSURE: 1700 0 0 0 0 0 0 0 0 0
GPRESSURE: 1700 0 0 0 0 0 0 0 0 0
PRESSAVG: 1700 0 0 0 0 0 0 0 0 0
GPRESSAVG: 1700 0 0 0 0 0 0 0 0 0
ENERGY:    1700      1089.3525      1723.2744      2066.0780       150.9961            -41.8119      -773.3072         0.0000      2456.6026      2987.6717           9658.8561       300.0029      6671.1844      9683.8281       300.5515

PRESSURE: 1800 0 0 0 0 0 0 0 0 0
GPRESSURE: 1800 0 0 0 0 0 0 0 0 0
PRESSAVG: 1800 0 0 0 0 0 0 0 0 0
GPRESSAVG: 1800 0 0 0 0 0 0 0 0 0
ENERGY:    1800      1094.0203      1703.7212      2106.4652       152.5644            -40.6368      -802.6538         0.0000      2461.7309      2999.6692           9674.8806       301.2077      6675.2114      9701.2284       300.3533

PRESSURE: 1900 0 0 0 0 0 0 0 0 0
GPRESSURE: 1900 0 0 0 0 0 0 0 0 0
PRESSAVG: 1900 0 0 0 0 0 0 0 0 0
GPRESSAVG: 1900 0 0 0 0 0 0 0 0 0
ENERGY:    1900      1138.2150      1752.6260      2085.2793       142.9972            -40.3034      -801.3848         0.0000      2465.7697      2948.8734           9692.0724       296.1071      6743.1990      9717.6367       300.1486

PRESSURE: 2000 0 0 0 0 0 0 0 0 0
GPRESSURE: 2000 0 0 0 0 0 0 0 0 0
PRESSAVG: 2000 0 0 0 0 0 0 0 0 0
GPRESSAVG: 2000 0 0 0 0 0 0 0 0 0
TIMING: 2000  CPU: 1.2139, 0.000588887/step  Wall: 1.22357, 0.000597532/step, 0.000497943 hours remaining, 824.750000 MB of memory in use.
ETITLE:      TS           BOND          ANGLE          DIHED          IMPRP               ELECT            VDW       BOUNDARY           MISC        KINETIC               TOTAL           TEMP      POTENTIAL         TOTAL3        TEMPAVG

ENERGY:    2000      1113.4192      1738.0728      2112.1974       152.6639            -40.5519      -789.1300         0.0000      2458.3525      2947.4936           9692.5174       295.9685      6745.0239      9712.9855       301.1458

WRITING EXTENDED SYSTEM TO RESTART FILE AT STEP 2000
WRITING COORDINATES TO DCD FILE adk-step1.dcd AT STEP 2000
WRITING COORDINATES TO RESTART FILE AT STEP 2000
FINISHED WRITING RESTART COORDINATES
The last position output (seq=2000) takes 0.003 seconds, 824.875 MB of memory in use
WRITING VELOCITIES TO RESTART FILE AT STEP 2000
FINISHED WRITING RESTART VELOCITIES
The last velocity output (seq=2000) takes 0.002 seconds, 824.875 MB of memory in use
PRESSURE: 2100 0 0 0 0 0 0 0 0 0
GPRESSURE: 2100 0 0 0 0 0 0 0 0 0
PRESSAVG: 2100 0 0 0 0 0 0 0 0 0
GPRESSAVG: 2100 0 0 0 0 0 0 0 0 0
ENERGY:    2100      1114.9593      1718.5208      2085.7088       154.9711            -40.9181      -770.4185         0.0000      2452.5798      2998.5651           9713.9684       301.0968      6715.4032      9737.7348       301.1020

PRESSURE: 2200 0 0 0 0 0 0 0 0 0
GPRESSURE: 2200 0 0 0 0 0 0 0 0 0
PRESSAVG: 2200 0 0 0 0 0 0 0 0 0
GPRESSAVG: 2200 0 0 0 0 0 0 0 0 0
ENERGY:    2200      1058.7742      1704.8236      2063.9037       151.8422            -41.1547      -766.0160         0.0000      2456.7251      3045.1694           9674.0674       305.7765      6628.8980      9701.3381       300.7917

PRESSURE: 2300 0 0 0 0 0 0 0 0 0
GPRESSURE: 2300 0 0 0 0 0 0 0 0 0
PRESSAVG: 2300 0 0 0 0 0 0 0 0 0
GPRESSAVG: 2300 0 0 0 0 0 0 0 0 0
ENERGY:    2300      1055.3199      1726.4217      2093.0440       152.5919            -40.6470      -766.2883         0.0000      2453.7946      2984.1286           9658.3653       299.6472      6674.2367      9684.5153       300.5225

PRESSURE: 2400 0 0 0 0 0 0 0 0 0
GPRESSURE: 2400 0 0 0 0 0 0 0 0 0
PRESSAVG: 2400 0 0 0 0 0 0 0 0 0
GPRESSAVG: 2400 0 0 0 0 0 0 0 0 0
ENERGY:    2400      1089.6016      1690.3170      2108.8050       161.6697            -40.9179      -788.0984         0.0000      2449.1209      2969.5343           9640.0321       298.1817      6670.4979      9662.7159       299.9304

PRESSURE: 2500 0 0 0 0 0 0 0 0 0
GPRESSURE: 2500 0 0 0 0 0 0 0 0 0
PRESSAVG: 2500 0 0 0 0 0 0 0 0 0
GPRESSAVG: 2500 0 0 0 0 0 0 0 0 0
ENERGY:    2500      1076.7356      1722.8107      2125.6832       141.5779            -40.4391      -753.5164         0.0000      2447.7824      2967.9647           9688.5989       298.0241      6720.6342      9710.2215       297.8544

PRESSURE: 2600 0 0 0 0 0 0 0 0 0
GPRESSURE: 2600 0 0 0 0 0 0 0 0 0
PRESSAVG: 2600 0 0 0 0 0 0 0 0 0
GPRESSAVG: 2600 0 0 0 0 0 0 0 0 0
ENERGY:    2600      1083.2967      1715.4060      2155.3048       156.4524            -39.8373      -791.3662         0.0000      2450.3750      3013.9691           9743.6006       302.6436      6729.6315      9767.4369       302.9171

PRESSURE: 2700 0 0 0 0 0 0 0 0 0
GPRESSURE: 2700 0 0 0 0 0 0 0 0 0
PRESSAVG: 2700 0 0 0 0 0 0 0 0 0
GPRESSAVG: 2700 0 0 0 0 0 0 0 0 0
ENERGY:    2700      1086.3654      1723.4065      2104.2144       145.8035            -40.8338      -794.0956         0.0000      2458.6116      3058.9069           9742.3790       307.1559      6683.4721      9769.1829       303.4648

PRESSURE: 2800 0 0 0 0 0 0 0 0 0
GPRESSURE: 2800 0 0 0 0 0 0 0 0 0
PRESSAVG: 2800 0 0 0 0 0 0 0 0 0
GPRESSAVG: 2800 0 0 0 0 0 0 0 0 0
ENERGY:    2800      1080.7522      1757.3071      2085.4435       142.9386            -40.9501      -757.2299         0.0000      2452.1456      3047.9010           9768.3081       306.0508      6720.4071      9793.0040       302.5997

PRESSURE: 2900 0 0 0 0 0 0 0 0 0
GPRESSURE: 2900 0 0 0 0 0 0 0 0 0
PRESSAVG: 2900 0 0 0 0 0 0 0 0 0
GPRESSAVG: 2900 0 0 0 0 0 0 0 0 0
ENERGY:    2900      1093.8812      1686.8150      2098.3274       149.7686            -40.4975      -798.2132         0.0000      2458.2308      3047.1698           9695.4820       305.9774      6648.3123      9718.4131       302.3203

PRESSURE: 3000 0 0 0 0 0 0 0 0 0
GPRESSURE: 3000 0 0 0 0 0 0 0 0 0
PRESSAVG: 3000 0 0 0 0 0 0 0 0 0
GPRESSAVG: 3000 0 0 0 0 0 0 0 0 0
TIMING: 3000  CPU: 1.82175, 0.000607854/step  Wall: 1.83449, 0.00061092/step, 0.0003394 hours remaining, 824.875000 MB of memory in use.
ETITLE:      TS           BOND          ANGLE          DIHED          IMPRP               ELECT            VDW       BOUNDARY           MISC        KINETIC               TOTAL           TEMP      POTENTIAL         TOTAL3        TEMPAVG

ENERGY:    3000      1093.9541      1740.7767      2079.5216       152.0708            -40.3325      -772.5132         0.0000      2466.7059      2973.7929           9693.9763       298.6093      6720.1834      9720.2268       302.4836

WRITING EXTENDED SYSTEM TO RESTART FILE AT STEP 3000
WRITING COORDINATES TO DCD FILE adk-step1.dcd AT STEP 3000
WRITING COORDINATES TO RESTART FILE AT STEP 3000
FINISHED WRITING RESTART COORDINATES
The last position output (seq=3000) takes 0.003 seconds, 824.875 MB of memory in use
WRITING VELOCITIES TO RESTART FILE AT STEP 3000
FINISHED WRITING RESTART VELOCITIES
The last velocity output (seq=3000) takes 0.002 seconds, 824.875 MB of memory in use
PRESSURE: 3100 0 0 0 0 0 0 0 0 0
GPRESSURE: 3100 0 0 0 0 0 0 0 0 0
PRESSAVG: 3100 0 0 0 0 0 0 0 0 0
GPRESSAVG: 3100 0 0 0 0 0 0 0 0 0
ENERGY:    3100      1081.6918      1669.3497      2103.6425       144.7104            -41.0557      -771.4236         0.0000      2473.4618      3036.7309           9697.1080       304.9292      6660.3771      9723.0402       300.1425

PRESSURE: 3200 0 0 0 0 0 0 0 0 0
GPRESSURE: 3200 0 0 0 0 0 0 0 0 0
PRESSAVG: 3200 0 0 0 0 0 0 0 0 0
GPRESSAVG: 3200 0 0 0 0 0 0 0 0 0
ENERGY:    3200      1093.7284      1730.1795      2089.6384       160.4013            -40.6100      -803.8704         0.0000      2477.8533      3012.7433           9720.0637       302.5205      6707.3204      9742.4151       302.4239

PRESSURE: 3300 0 0 0 0 0 0 0 0 0
GPRESSURE: 3300 0 0 0 0 0 0 0 0 0
PRESSAVG: 3300 0 0 0 0 0 0 0 0 0
GPRESSAVG: 3300 0 0 0 0 0 0 0 0 0
ENERGY:    3300      1095.0025      1694.6521      2126.8984       154.3200            -40.7285      -761.6517         0.0000      2469.0371      3048.8928           9786.4227       306.1504      6737.5299      9812.9562       303.7647

PRESSURE: 3400 0 0 0 0 0 0 0 0 0
GPRESSURE: 3400 0 0 0 0 0 0 0 0 0
PRESSAVG: 3400 0 0 0 0 0 0 0 0 0
GPRESSAVG: 3400 0 0 0 0 0 0 0 0 0
ENERGY:    3400      1128.2433      1706.3905      2096.1045       143.7751            -40.6595      -781.6129         0.0000      2465.1766      3024.0000           9741.4177       303.6508      6717.4177      9763.7694       304.5157

PRESSURE: 3500 0 0 0 0 0 0 0 0 0
GPRESSURE: 3500 0 0 0 0 0 0 0 0 0
PRESSAVG: 3500 0 0 0 0 0 0 0 0 0
GPRESSAVG: 3500 0 0 0 0 0 0 0 0 0
ENERGY:    3500      1084.9057      1697.8977      2079.4581       158.1739            -40.2657      -774.6270         0.0000      2459.1161      3018.0572           9682.7160       303.0541      6664.6588      9703.7679       303.0797

PRESSURE: 3600 0 0 0 0 0 0 0 0 0
GPRESSURE: 3600 0 0 0 0 0 0 0 0 0
PRESSAVG: 3600 0 0 0 0 0 0 0 0 0
GPRESSAVG: 3600 0 0 0 0 0 0 0 0 0
ENERGY:    3600      1079.7171      1661.3268      2084.0056       136.2732            -40.1358      -729.5786         0.0000      2461.4320      3045.5370           9698.5772       305.8134      6653.0402      9723.4250       301.9480

PRESSURE: 3700 0 0 0 0 0 0 0 0 0
GPRESSURE: 3700 0 0 0 0 0 0 0 0 0
PRESSAVG: 3700 0 0 0 0 0 0 0 0 0
GPRESSAVG: 3700 0 0 0 0 0 0 0 0 0
ENERGY:    3700      1120.9005      1739.0564      2081.3773       156.3840            -40.5272      -790.9892         0.0000      2461.8421      2905.6882           9633.7320       291.7707      6728.0438      9654.9023       298.9154

PRESSURE: 3800 0 0 0 0 0 0 0 0 0
GPRESSURE: 3800 0 0 0 0 0 0 0 0 0
PRESSAVG: 3800 0 0 0 0 0 0 0 0 0
GPRESSAVG: 3800 0 0 0 0 0 0 0 0 0
ENERGY:    3800      1129.6565      1696.0541      2089.1145       144.5305            -40.5210      -808.1986         0.0000      2464.1151      2988.5324           9663.2835       300.0894      6674.7511      9690.1554       299.6657

PRESSURE: 3900 0 0 0 0 0 0 0 0 0
GPRESSURE: 3900 0 0 0 0 0 0 0 0 0
PRESSAVG: 3900 0 0 0 0 0 0 0 0 0
GPRESSAVG: 3900 0 0 0 0 0 0 0 0 0
ENERGY:    3900      1112.9082      1660.1011      2090.1782       141.5447            -41.6732      -775.3609         0.0000      2464.9381      2973.1765           9625.8127       298.5474      6652.6361      9649.5803       297.1991

PRESSURE: 4000 0 0 0 0 0 0 0 0 0
GPRESSURE: 4000 0 0 0 0 0 0 0 0 0
PRESSAVG: 4000 0 0 0 0 0 0 0 0 0
GPRESSAVG: 4000 0 0 0 0 0 0 0 0 0
TIMING: 4000  CPU: 2.40449, 0.000582735/step  Wall: 2.43069, 0.000596202/step, 0.000165612 hours remaining, 824.875000 MB of memory in use.
ETITLE:      TS           BOND          ANGLE          DIHED          IMPRP               ELECT            VDW       BOUNDARY           MISC        KINETIC               TOTAL           TEMP      POTENTIAL         TOTAL3        TEMPAVG

ENERGY:    4000      1121.9360      1636.2308      2073.5425       163.4660            -41.6247      -756.4968         0.0000      2467.8695      2966.7900           9631.7133       297.9061      6664.9234      9653.7850       298.4646

WRITING EXTENDED SYSTEM TO RESTART FILE AT STEP 4000
WRITING COORDINATES TO DCD FILE adk-step1.dcd AT STEP 4000
WRITING COORDINATES TO RESTART FILE AT STEP 4000
FINISHED WRITING RESTART COORDINATES
The last position output (seq=4000) takes 0.002 seconds, 824.875 MB of memory in use
WRITING VELOCITIES TO RESTART FILE AT STEP 4000
FINISHED WRITING RESTART VELOCITIES
The last velocity output (seq=4000) takes 0.002 seconds, 824.875 MB of memory in use
PRESSURE: 4100 0 0 0 0 0 0 0 0 0
GPRESSURE: 4100 0 0 0 0 0 0 0 0 0
PRESSAVG: 4100 0 0 0 0 0 0 0 0 0
GPRESSAVG: 4100 0 0 0 0 0 0 0 0 0
ENERGY:    4100      1066.1723      1746.3692      2087.3736       152.0767            -41.9485      -796.6725         0.0000      2466.1725      2954.8469           9634.3902       296.7069      6679.5433      9658.1497       299.0663

PRESSURE: 4200 0 0 0 0 0 0 0 0 0
GPRESSURE: 4200 0 0 0 0 0 0 0 0 0
PRESSAVG: 4200 0 0 0 0 0 0 0 0 0
GPRESSAVG: 4200 0 0 0 0 0 0 0 0 0
ENERGY:    4200      1090.2049      1680.6940      2087.2307       151.9840            -42.0701      -774.3949         0.0000      2461.8454      3001.8991           9657.3932       301.4316      6655.4941      9679.2742       297.3697

LDB: ============= START OF LOAD BALANCING ============== 5.14454
LDB: ============== END OF LOAD BALANCING =============== 5.14463
Info: useSync: 0 useProxySync: 0
LDB: =============== DONE WITH MIGRATION ================ 5.14474
PRESSURE: 4300 0 0 0 0 0 0 0 0 0
GPRESSURE: 4300 0 0 0 0 0 0 0 0 0
PRESSAVG: 4300 0 0 0 0 0 0 0 0 0
GPRESSAVG: 4300 0 0 0 0 0 0 0 0 0
ENERGY:    4300      1098.9105      1650.6466      2059.9797       141.9477            -41.8284      -768.6019         0.0000      2462.3851      3002.5719           9606.0112       301.4991      6603.4392      9630.2103       299.6282

LDB: ============= START OF LOAD BALANCING ============== 5.20569
LDB: TIME 5.20607 LOAD: AVG 0.0135454 MAX 0.0486882  PROXIES: TOTAL 180 MAXPE 10 MAXPATCH 7 None MEM: 824.875 MB
LDB: TIME 5.20632 LOAD: AVG 0.0135454 MAX 0.0486882  PROXIES: TOTAL 180 MAXPE 10 MAXPATCH 7 RefineTorusLB MEM: 825 MB
LDB: TIME 5.2065 LOAD: AVG 0.0135454 MAX 0.0486882  PROXIES: TOTAL 180 MAXPE 10 MAXPATCH 7 RefineTorusLB MEM: 825 MB
LDB: Reverting to original mapping
LDB: ============== END OF LOAD BALANCING =============== 5.20681
Info: build node-aware spanning tree with send: 1, recv: 0 with branch factor 4
Info: useSync: 0 useProxySync: 0
LDB: =============== DONE WITH MIGRATION ================ 5.20765
PRESSURE: 4400 0 0 0 0 0 0 0 0 0
GPRESSURE: 4400 0 0 0 0 0 0 0 0 0
PRESSAVG: 4400 0 0 0 0 0 0 0 0 0
GPRESSAVG: 4400 0 0 0 0 0 0 0 0 0
ENERGY:    4400      1098.5675      1695.4240      2073.9531       142.1186            -42.2408      -773.5760         0.0000      2456.8617      2964.5029           9615.6109       297.6765      6651.1080      9641.2261       297.3851

PRESSURE: 4500 0 0 0 0 0 0 0 0 0
GPRESSURE: 4500 0 0 0 0 0 0 0 0 0
PRESSAVG: 4500 0 0 0 0 0 0 0 0 0
GPRESSAVG: 4500 0 0 0 0 0 0 0 0 0
ENERGY:    4500      1111.0935      1627.4215      2092.8176       160.1942            -41.3107      -795.7060         0.0000      2455.4805      2931.0664           9541.0571       294.3190      6609.9907      9564.4617       294.8968

PRESSURE: 4600 0 0 0 0 0 0 0 0 0
GPRESSURE: 4600 0 0 0 0 0 0 0 0 0
PRESSAVG: 4600 0 0 0 0 0 0 0 0 0
GPRESSAVG: 4600 0 0 0 0 0 0 0 0 0
ENERGY:    4600      1098.6324      1609.3261      2114.5239       157.6276            -41.0394      -808.6477         0.0000      2450.2678      2923.0863           9503.7770       293.5177      6580.6907      9526.6854       293.4023

PRESSURE: 4700 0 0 0 0 0 0 0 0 0
GPRESSURE: 4700 0 0 0 0 0 0 0 0 0
PRESSAVG: 4700 0 0 0 0 0 0 0 0 0
GPRESSAVG: 4700 0 0 0 0 0 0 0 0 0
ENERGY:    4700      1080.4151      1619.2751      2092.0798       156.0190            -41.1913      -781.9904         0.0000      2448.8601      2951.1342           9524.6015       296.3341      6573.4673      9549.8713       294.9358

PRESSURE: 4800 0 0 0 0 0 0 0 0 0
GPRESSURE: 4800 0 0 0 0 0 0 0 0 0
PRESSAVG: 4800 0 0 0 0 0 0 0 0 0
GPRESSAVG: 4800 0 0 0 0 0 0 0 0 0
ENERGY:    4800      1072.0200      1662.9226      2119.9972       160.6818            -42.2723      -785.3581         0.0000      2452.5391      2990.5488           9631.0792       300.2919      6640.5304      9654.8937       296.0253

PRESSURE: 4900 0 0 0 0 0 0 0 0 0
GPRESSURE: 4900 0 0 0 0 0 0 0 0 0
PRESSAVG: 4900 0 0 0 0 0 0 0 0 0
GPRESSAVG: 4900 0 0 0 0 0 0 0 0 0
ENERGY:    4900      1109.4526      1673.8378      2106.7299       142.3555            -41.0257      -799.2984         0.0000      2455.3809      2940.8015           9588.2342       295.2965      6647.4328      9610.1120       297.5660

PRESSURE: 5000 0 0 0 0 0 0 0 0 0
GPRESSURE: 5000 0 0 0 0 0 0 0 0 0
PRESSAVG: 5000 0 0 0 0 0 0 0 0 0
GPRESSAVG: 5000 0 0 0 0 0 0 0 0 0
TIMING: 5000  CPU: 3.01043, 0.000605945/step  Wall: 3.03183, 0.000601141/step, 0 hours remaining, 825.000000 MB of memory in use.
ETITLE:      TS           BOND          ANGLE          DIHED          IMPRP               ELECT            VDW       BOUNDARY           MISC        KINETIC               TOTAL           TEMP      POTENTIAL         TOTAL3        TEMPAVG

ENERGY:    5000      1087.7799      1709.9145      2117.7202       151.9257            -41.7081      -787.8752         0.0000      2459.6338      2961.7206           9659.1113       297.3971      6697.3907      9685.7031       297.1760

WRITING EXTENDED SYSTEM TO RESTART FILE AT STEP 5000
WRITING COORDINATES TO DCD FILE adk-step1.dcd AT STEP 5000
WRITING COORDINATES TO RESTART FILE AT STEP 5000
FINISHED WRITING RESTART COORDINATES
The last position output (seq=5000) takes 0.003 seconds, 825.812 MB of memory in use
WRITING VELOCITIES TO RESTART FILE AT STEP 5000
FINISHED WRITING RESTART VELOCITIES
The last velocity output (seq=5000) takes 0.002 seconds, 825.812 MB of memory in use
WRITING EXTENDED SYSTEM TO OUTPUT FILE AT STEP 5000
WRITING COORDINATES TO OUTPUT FILE AT STEP 5000
CLOSING COORDINATE DCD FILE adk-step1.dcd
The last position output (seq=-2) takes 0.004 seconds, 825.812 MB of memory in use
WRITING VELOCITIES TO OUTPUT FILE AT STEP 5000
====================================================

WallClock: 5.572857  CPUTime: 3.989442  Memory: 825.812500 MB
End of program
