1_12_cc.dat
/gpfs/alpine/bip115/scratch/hrlee/radical.pilot.sandbox/re.session.login1.hrlee.018632.0005/pilot.0000/staging_area/1_12_cc.dat
1, 12
Choosing optimized barrier algorithm name I0:HybridBinomial:SHMEM:P2P
Converse/Charm++ Commit ID: v6.10.2-0-g7bf00fa-namd-charm-6.10.2-build-2020-Aug-05-556
Warning> Randomization of virtual memory (ASLR) is turned on in the kernel, thread migration may not work! Run 'echo 0 > /proc/sys/kernel/randomize_va_space' as root to disable it, or try running with '+isomalloc_sync'.
CharmLB> Load balancer assumes all CPUs are same.
Charm++> Running on 1 hosts (1 sockets x 7 cores x 4 PUs = 28-way SMP)
Charm++> cpu topology info is gathered in 0.003 seconds.
Info: Built with CUDA version 10010
Did not find +devices i,j,k,... argument, using all
Pe 18 physical rank 18 will use CUDA device of pe 14
Pe 8 physical rank 8 will use CUDA device of pe 7
Pe 5 physical rank 5 will use CUDA device of pe 4
Pe 31 physical rank 31 will use CUDA device of pe 28
Pe 27 physical rank 27 will use CUDA device of pe 21
Pe 37 physical rank 37 will use CUDA device of pe 35
Pe 20 physical rank 20 will use CUDA device of pe 14
Pe 9 physical rank 9 will use CUDA device of pe 7
Pe 2 physical rank 2 will use CUDA device of pe 4
Pe 33 physical rank 33 will use CUDA device of pe 28
Pe 25 physical rank 25 will use CUDA device of pe 21
Pe 40 physical rank 40 will use CUDA device of pe 35
Pe 17 physical rank 17 will use CUDA device of pe 14
Pe 11 physical rank 11 will use CUDA device of pe 7
Pe 34 physical rank 34 will use CUDA device of pe 28
Pe 24 physical rank 24 will use CUDA device of pe 21
Pe 41 physical rank 41 will use CUDA device of pe 35
Pe 19 physical rank 19 will use CUDA device of pe 14
Pe 12 physical rank 12 will use CUDA device of pe 7
Pe 1 physical rank 1 will use CUDA device of pe 4
Pe 30 physical rank 30 will use CUDA device of pe 28
Pe 26 physical rank 26 will use CUDA device of pe 21
Pe 38 physical rank 38 will use CUDA device of pe 35
Pe 16 physical rank 16 will use CUDA device of pe 14
Pe 13 physical rank 13 will use CUDA device of pe 7
Pe 6 physical rank 6 will use CUDA device of pe 4
Pe 32 physical rank 32 will use CUDA device of pe 28
Pe 22 physical rank 22 will use CUDA device of pe 21
Pe 39 physical rank 39 will use CUDA device of pe 35
Pe 15 physical rank 15 will use CUDA device of pe 14
Pe 3 physical rank 3 will use CUDA device of pe 4
Pe 29 physical rank 29 will use CUDA device of pe 28
Pe 23 physical rank 23 will use CUDA device of pe 21
Pe 10 physical rank 10 will use CUDA device of pe 7
Pe 0 physical rank 0 will use CUDA device of pe 4
Pe 36 physical rank 36 will use CUDA device of pe 35
Pe 14 physical rank 14 binding to CUDA device 0 on h35n16: 'Tesla V100-SXM2-16GB'  Mem: 16128MB  Rev: 7.0  PCI: 4:6:0
Pe 7 physical rank 7 binding to CUDA device 0 on h35n16: 'Tesla V100-SXM2-16GB'  Mem: 16128MB  Rev: 7.0  PCI: 4:5:0
Pe 4 physical rank 4 binding to CUDA device 0 on h35n16: 'Tesla V100-SXM2-16GB'  Mem: 16128MB  Rev: 7.0  PCI: 4:4:0
Pe 28 physical rank 28 binding to CUDA device 0 on h35n16: 'Tesla V100-SXM2-16GB'  Mem: 16128MB  Rev: 7.0  PCI: 35:4:0
Pe 21 physical rank 21 binding to CUDA device 0 on h35n16: 'Tesla V100-SXM2-16GB'  Mem: 16128MB  Rev: 7.0  PCI: 35:3:0
Pe 35 physical rank 35 binding to CUDA device 0 on h35n16: 'Tesla V100-SXM2-16GB'  Mem: 16128MB  Rev: 7.0  PCI: 35:5:0
Info: NAMD 2.14 for Linux-POWER-pami-smp-Summit-CUDA
Info: 
Info: Please visit http://www.ks.uiuc.edu/Research/namd/
Info: for updates, documentation, and support information.
Info: 
Info: Please cite Phillips et al., J. Chem. Phys. 153:044130 (2020) doi:10.1063/5.0014475
Info: in all publications reporting results obtained with NAMD.
Info: 
Info: Based on Charm++/Converse 61002 for pami-linux-ppc64le-smp
Info: Built Wed Aug 5 14:28:51 EDT 2020 by jimp on login2
Info: 1 NAMD  2.14  Linux-POWER-pami-smp-Summit-CUDA  42    h35n16  hrlee
Info: Running on 42 processors, 6 nodes, 1 physical nodes.
Info: CPU topology information available.
Info: Charm++/Converse parallel runtime startup completed at 1.30985 s
CkLoopLib is used in SMP with simple dynamic scheduling (converse-level notification)
Info: 791.188 MB of memory in use based on /proc/self/stat
Info: Configuration file is adk-step1.namd
Info: Working in the current directory /gpfs/alpine/bip115/scratch/hrlee/radical.pilot.sandbox/re.session.login1.hrlee.018632.0005/pilot.0000/unit.000855
TCL: Suspending until startup complete.
Info: SIMULATION PARAMETERS:
Info: TIMESTEP               1
Info: NUMBER OF STEPS        0
Info: STEPS PER CYCLE        20
Info: LOAD BALANCER  Centralized
Info: LOAD BALANCING STRATEGY  New Load Balancers -- DEFAULT
Info: LDB PERIOD             4000 steps
Info: FIRST LDB TIMESTEP     100
Info: LAST LDB TIMESTEP     -1
Info: LDB BACKGROUND SCALING 1
Info: HOM BACKGROUND SCALING 1
Info: MIN ATOMS PER PATCH    40
Info: VELOCITY FILE          1_12_adk-step1.restart.vel
Info: CENTER OF MASS MOVING INITIALLY? NO
Info: DIELECTRIC             80
Info: EXCLUDE                SCALED ONE-FOUR
Info: 1-4 ELECTROSTATICS SCALED BY 1
Info: MODIFIED 1-4 VDW PARAMETERS WILL BE USED
Info: DCD FILENAME           adk-step1.dcd
Info: DCD FREQUENCY          1000
Info: DCD FIRST STEP         1000
Info: NO EXTENDED SYSTEM TRAJECTORY OUTPUT
Info: NO VELOCITY DCD OUTPUT
Info: NO FORCE DCD OUTPUT
Info: OUTPUT FILENAME        adk-step1
Info: BINARY OUTPUT FILES WILL BE USED
Info: RESTART FILENAME       adk-step1.restart
Info: RESTART FREQUENCY      1000
Info: BINARY RESTART FILES WILL BE USED
Info: SWITCHING ACTIVE
Info: SWITCHING ON           9
Info: SWITCHING OFF          10
Info: PAIRLIST DISTANCE      11
Info: PAIRLIST SHRINK RATE   0.01
Info: PAIRLIST GROW RATE     0.01
Info: PAIRLIST TRIGGER       0.3
Info: PAIRLISTS PER CYCLE    2
Info: PAIRLISTS ENABLED
Info: MARGIN                 0
Info: HYDROGEN GROUP CUTOFF  2.5
Info: PATCH DIMENSION        13.5
Info: ENERGY OUTPUT STEPS    100
Info: CROSSTERM ENERGY INCLUDED IN DIHEDRAL
Info: TIMING OUTPUT STEPS    1000
Info: PRESSURE OUTPUT STEPS  100
Info: GRID FORCE ACTIVE
Info:  Please include this reference in published work using
Info:  the Gridforce module of NAMD: David Wells, Volha Abramkina,
Info:  and Aleksei Aksimentiev, J. Chem. Phys. 127:125101-10 (2007).
Info: MGRIDFORCE key 0
Info:            Potfile 4ake-target_autopsf-grid.dx
Info:            Scale 0.3 0.3 0.3
Info:            File 1ake-docked-noh_autopsf-grid.pdb
Info:            Col O
Info:            ChargeCol B
Info:            VOffset 0 0 0
Info:            Continuous K1 FALSE
Info:            Continuous K2 FALSE
Info:            Continuous K3 FALSE
Info:            Volts FALSE
Info:            Gridforce-Lite FALSE
Info:            Gridforce-CheckSize TRUE
Info: LANGEVIN DYNAMICS ACTIVE
Info: LANGEVIN TEMPERATURE   300
Info: LANGEVIN USING BBK INTEGRATOR
Info: LANGEVIN DAMPING COEFFICIENT IS 5 INVERSE PS
Info: LANGEVIN DYNAMICS NOT APPLIED TO HYDROGENS
Info: USING VERLET I (r-RESPA) MTS SCHEME.
Info: C1 SPLITTING OF LONG RANGE ELECTROSTATICS
Info: PLACING ATOMS IN PATCHES BY HYDROGEN GROUPS
Info: RIGID BONDS TO HYDROGEN : WATER
Info:         ERROR TOLERANCE : 1e-08
Info:          MAX ITERATIONS : 100
Info: RIGID WATER USING SETTLE ALGORITHM
Info: NONBONDED FORCES EVALUATED EVERY 2 STEPS
Info: RANDOM NUMBER SEED     1609828329
Info: USE HYDROGEN BONDS?    NO
Info: COORDINATE PDB         1ake-docked-noh_autopsf.pdb
Info: STRUCTURE FILE         1ake-docked-noh_autopsf.psf
Info: PARAMETER file: CHARMM format! 
Info: PARAMETERS             par_all36_prot.prm
Info: USING ARITHMETIC MEAN TO COMBINE L-J SIGMA PARAMETERS
Info: BINARY COORDINATES     1_12_adk-step1.restart.coor
Info: SUMMARY OF PARAMETERS:
Info: 132 BONDS
Info: 362 ANGLES
Info: 702 DIHEDRAL
Info: 35 IMPROPER
Info: 6 CROSSTERM
Info: 53 VDW
Info: 0 VDW_PAIRS
Info: 0 NBTHOLE_PAIRS
Info: TIME FOR READING PSF FILE: 0.306407
Info: READING EXTRA BONDS FILE 1ake-extrabonds.txt
Info: READING EXTRA BONDS FILE 1ake-extrabonds-cispeptide.txt
Info: READING EXTRA BONDS FILE 1ake-extrabonds-chirality.txt
Info: READ 80 EXTRA BONDS
Info: READ 80 EXTRA ANGLES
Warning: EXTRA ANGLES ARE COSINE-BASED BY DEFAULT TO MATCH PREVIOUS VERSIONS
Warning: FOR NORMAL HARMONIC EXTRA ANGLES SET extraBondsCosAngles off
Info: READ 493 EXTRA DIHEDRALS
Info: READ 438 EXTRA IMPROPERS
Info: Reading pdb file 1ake-docked-noh_autopsf.pdb
Info: TIME FOR READING PDB FILE: 0.0270273
Info: 
Info: ****************************
Info: STRUCTURE SUMMARY:
Info: 3341 ATOMS
Info: 3445 BONDS
Info: 6203 ANGLES
Info: 9414 DIHEDRALS
Info: 1005 IMPROPERS
Info: 212 CROSSTERMS
Info: 0 EXCLUSIONS
Info: 0 RIGID BONDS
Info: 1 GRIDS ACTIVE
Info: 10023 DEGREES OF FREEDOM
Info: 1656 HYDROGEN GROUPS
Info: 4 ATOMS IN LARGEST HYDROGEN GROUP
Info: 1656 MIGRATION GROUPS
Info: 4 ATOMS IN LARGEST MIGRATION GROUP
Info: TOTAL MASS = 23582 amu
Info: TOTAL CHARGE = -4 e
Info: *****************************
Info: Reading from binary file 1_12_adk-step1.restart.coor
Info: 
Info: Entering startup at 1.90415 s, 797.938 MB of memory in use
Info: Startup phase 0 took 0.000226596 s, 797.938 MB of memory in use
Info: ADDED 18308 IMPLICIT EXCLUSIONS
Info: Startup phase 1 took 0.00827629 s, 798.188 MB of memory in use
Info: NONBONDED TABLE R-SQUARED SPACING: 0.0625
Info: NONBONDED TABLE SIZE: 705 POINTS
Info: ABSOLUTE IMPRECISION IN FAST TABLE ENERGY: 3.38813e-21 AT 9.89634
Info: RELATIVE IMPRECISION IN FAST TABLE ENERGY: 4.23384e-15 AT 9.94673
Info: ABSOLUTE IMPRECISION IN FAST TABLE FORCE: 6.35275e-22 AT 9.94673
Info: RELATIVE IMPRECISION IN FAST TABLE FORCE: 5.07982e-16 AT 9.94673
Info: INCONSISTENCY IN FAST TABLE ENERGY VS FORCE: 0.000290185 AT 0.251946
Info: ABSOLUTE IMPRECISION IN VDWA TABLE ENERGY: 1.57772e-30 AT 9.89634
Info: RELATIVE IMPRECISION IN VDWA TABLE ENERGY: 4.54938e-15 AT 9.94673
Info: ABSOLUTE IMPRECISION IN VDWA TABLE FORCE: 5.91646e-31 AT 9.94673
Info: RELATIVE IMPRECISION IN VDWA TABLE FORCE: 5.6823e-16 AT 9.94673
Info: INCONSISTENCY IN VDWA TABLE ENERGY VS FORCE: 0.0040507 AT 0.251946
Info: ABSOLUTE IMPRECISION IN VDWB TABLE ENERGY: 4.71751e-25 AT 9.94673
Info: RELATIVE IMPRECISION IN VDWB TABLE ENERGY: 1.45371e-14 AT 9.94673
Info: ABSOLUTE IMPRECISION IN VDWB TABLE FORCE: 6.20385e-25 AT 9.94673
Info: RELATIVE IMPRECISION IN VDWB TABLE FORCE: 5.97512e-16 AT 9.94673
Info: INCONSISTENCY IN VDWB TABLE ENERGY VS FORCE: 0.00377068 AT 9.07951
Info: Startup phase 2 took 0.000753206 s, 799.562 MB of memory in use
Info: Startup phase 3 took 0.000209866 s, 799.875 MB of memory in use
Info: Startup phase 4 took 0.000295026 s, 800.062 MB of memory in use
Info: Startup phase 5 took 0.000194251 s, 800.062 MB of memory in use
Info: ORIGINAL ATOMS MINMAX IS -22.8553 -33.2416 -34.4258  16.8668 13.3222 17.9073
Info: ADJUSTED ATOMS MINMAX IS -17.6047 -27.0416 -30.1306  11.7362 7.18349 7.68121
Info: PATCH GRID IS 5 BY 3 BY 3
Info: PATCH GRID IS 2-AWAY BY 1-AWAY BY 1-AWAY
Info: Reading from binary file 1_12_adk-step1.restart.vel
Info: REMOVING COM VELOCITY 0.186893 0.136489 0.000508366
Info: LARGEST PATCH (37) HAS 143 ATOMS
Info: TORUS A SIZE 1 USING 0
Info: TORUS B SIZE 1 USING 0
Info: TORUS C SIZE 1 USING 0
Info: TORUS MINIMAL MESH SIZE IS 1 BY 1 BY 1
Info: Placed 100% of base nodes on same physical node as patch
Info: Startup phase 6 took 0.00847525 s, 800.188 MB of memory in use
Info: Startup phase 7 took 0.000206336 s, 801.062 MB of memory in use
Info: Updated CUDA force table with 4096 elements.
Info: Updated CUDA LJ table with 53 x 53 elements.
Info: Updated CUDA force table with 4096 elements.
Info: Updated CUDA LJ table with 53 x 53 elements.
Info: Updated CUDA force table with 4096 elements.
Info: Updated CUDA LJ table with 53 x 53 elements.
Info: Updated CUDA force table with 4096 elements.
Info: Updated CUDA LJ table with 53 x 53 elements.
Info: Updated CUDA force table with 4096 elements.
Info: Updated CUDA force table with 4096 elements.
Info: Updated CUDA LJ table with 53 x 53 elements.
Info: Updated CUDA LJ table with 53 x 53 elements.
Info: Startup phase 8 took 0.00322223 s, 801.25 MB of memory in use
Info: Startup phase 9 took 0.000361579 s, 801.312 MB of memory in use
Info: Startup phase 10 took 0.000183938 s, 801.375 MB of memory in use
Info: Startup phase 11 took 0.000839374 s, 801.438 MB of memory in use
LDB: Central LB being created...
Info: Startup phase 12 took 0.00228256 s, 802.188 MB of memory in use
Info: CREATING 1139 COMPUTE OBJECTS
Info: Found 278 unique exclusion lists needing 900 bytes
Info: Found 278 unique exclusion lists needing 900 bytes
Info: Found 278 unique exclusion lists needing 900 bytes
Info: Found 278 unique exclusion lists needing 900 bytes
Info: Found 278 unique exclusion lists needing 900 bytes
Info: Found 278 unique exclusion lists needing 900 bytes
Info: Startup phase 13 took 0.0164221 s, 803.125 MB of memory in use
Info: Building spanning tree ... send: 1 recv: 0 with branch factor 4
Info: useSync: 0 useProxySync: 0
Info: Startup phase 14 took 0.000224421 s, 803.312 MB of memory in use
Info: Startup phase 15 took 0.000244564 s, 803.438 MB of memory in use
Info: Finished startup at 1.94657 s, 803.562 MB of memory in use

TCL: Running for 5000 steps
PRESSURE: 0 0 0 0 0 0 0 0 0 0
GPRESSURE: 0 0 0 0 0 0 0 0 0 0
ETITLE:      TS           BOND          ANGLE          DIHED          IMPRP               ELECT            VDW       BOUNDARY           MISC        KINETIC               TOTAL           TEMP      POTENTIAL         TOTAL3        TEMPAVG

ENERGY:       0      1089.0627      1687.4051      2100.6541       146.3864            -40.8314      -812.2439         0.0000      5276.3295      2906.6810          12353.4435       291.8704      9446.7625     12376.9719       291.8704

LDB: ============= START OF LOAD BALANCING ============== 1.95993
LDB: ============== END OF LOAD BALANCING =============== 1.95998
Info: useSync: 0 useProxySync: 0
LDB: =============== DONE WITH MIGRATION ================ 1.96009
LDB: ============= START OF LOAD BALANCING ============== 2.00444
LDB: Partitioning computes with target load 0.000000
LDB: Increased migratable compute count from 0 to 0
LDB: Largest unpartitionable compute is 0.000000
LDB: ============== END OF LOAD BALANCING =============== 2.00474
Info: build node-aware spanning tree with send: 1, recv: 0 with branch factor 4
Info: useSync: 0 useProxySync: 0
LDB: =============== DONE WITH MIGRATION ================ 2.00554
PRESSURE: 100 0 0 0 0 0 0 0 0 0
GPRESSURE: 100 0 0 0 0 0 0 0 0 0
PRESSAVG: 100 0 0 0 0 0 0 0 0 0
GPRESSAVG: 100 0 0 0 0 0 0 0 0 0
Info: Initial time: 42 CPUs 0.000560666 s/step 0.0064892 days/ns 823.188 MB memory
ENERGY:     100      1028.8555      1729.3515      2089.6144       147.2166            -40.5667      -811.3083         0.0000      5281.0017      2943.4790          12367.6438       295.5654      9424.1648     12391.0609       295.2091

LDB: ============= START OF LOAD BALANCING ============== 2.01744
LDB: ============== END OF LOAD BALANCING =============== 2.01748
Info: useSync: 0 useProxySync: 0
LDB: =============== DONE WITH MIGRATION ================ 2.01757
LDB: ============= START OF LOAD BALANCING ============== 2.06139
LDB: TIME 2.0616 LOAD: AVG 0.013806 MAX 0.025243  PROXIES: TOTAL 173 MAXPE 7 MAXPATCH 7 None MEM: 824.312 MB
LDB: TIME 2.06182 LOAD: AVG 0.013806 MAX 0.025243  PROXIES: TOTAL 173 MAXPE 7 MAXPATCH 7 TorusLB MEM: 824.438 MB
LDB: ============== END OF LOAD BALANCING =============== 2.06205
Info: build node-aware spanning tree with send: 1, recv: 0 with branch factor 4
Info: useSync: 0 useProxySync: 0
LDB: =============== DONE WITH MIGRATION ================ 2.06281
PRESSURE: 200 0 0 0 0 0 0 0 0 0
GPRESSURE: 200 0 0 0 0 0 0 0 0 0
PRESSAVG: 200 0 0 0 0 0 0 0 0 0
GPRESSAVG: 200 0 0 0 0 0 0 0 0 0
Info: Initial time: 42 CPUs 0.000554582 s/step 0.00641877 days/ns 824.438 MB memory
ENERGY:     200      1097.2123      1677.5843      2088.1151       152.7483            -40.9483      -811.3536         0.0000      5281.4544      2883.8501          12328.6625       289.5778      9444.8124     12350.4603       293.2695

LDB: ============= START OF LOAD BALANCING ============== 2.11748
LDB: TIME 2.1177 LOAD: AVG 0.0171891 MAX 0.0310234  PROXIES: TOTAL 173 MAXPE 7 MAXPATCH 7 None MEM: 825.312 MB
LDB: TIME 2.11788 LOAD: AVG 0.0171891 MAX 0.0310234  PROXIES: TOTAL 173 MAXPE 7 MAXPATCH 7 RefineTorusLB MEM: 825.312 MB
LDB: TIME 2.11802 LOAD: AVG 0.0171891 MAX 0.0310234  PROXIES: TOTAL 173 MAXPE 7 MAXPATCH 7 RefineTorusLB MEM: 825.312 MB
LDB: ============== END OF LOAD BALANCING =============== 2.11825
Info: build node-aware spanning tree with send: 1, recv: 0 with branch factor 4
Info: useSync: 0 useProxySync: 0
LDB: =============== DONE WITH MIGRATION ================ 2.119
PRESSURE: 300 0 0 0 0 0 0 0 0 0
GPRESSURE: 300 0 0 0 0 0 0 0 0 0
PRESSAVG: 300 0 0 0 0 0 0 0 0 0
GPRESSAVG: 300 0 0 0 0 0 0 0 0 0
Info: Initial time: 42 CPUs 0.000542637 s/step 0.00628052 days/ns 825.312 MB memory
ENERGY:     300      1084.9889      1677.5632      2066.3512       147.1542            -40.7072      -789.7635         0.0000      5279.2543      2934.1749          12359.0160       294.6311      9424.8411     12379.8794       294.3775

LDB: ============= START OF LOAD BALANCING ============== 2.17431
LDB: TIME 2.17453 LOAD: AVG 0.0169668 MAX 0.0310694  PROXIES: TOTAL 173 MAXPE 7 MAXPATCH 7 None MEM: 826.188 MB
LDB: TIME 2.17471 LOAD: AVG 0.0169668 MAX 0.0310694  PROXIES: TOTAL 173 MAXPE 7 MAXPATCH 7 RefineTorusLB MEM: 826.188 MB
LDB: TIME 2.17485 LOAD: AVG 0.0169668 MAX 0.0310694  PROXIES: TOTAL 173 MAXPE 7 MAXPATCH 7 RefineTorusLB MEM: 826.188 MB
LDB: Reverting to original mapping
LDB: ============== END OF LOAD BALANCING =============== 2.17508
Info: build node-aware spanning tree with send: 1, recv: 0 with branch factor 4
Info: useSync: 0 useProxySync: 0
LDB: =============== DONE WITH MIGRATION ================ 2.17582
PRESSURE: 400 0 0 0 0 0 0 0 0 0
GPRESSURE: 400 0 0 0 0 0 0 0 0 0
PRESSAVG: 400 0 0 0 0 0 0 0 0 0
GPRESSAVG: 400 0 0 0 0 0 0 0 0 0
Info: Benchmark time: 42 CPUs 0.000550653 s/step 0.0063733 days/ns 826.188 MB memory
ENERGY:     400      1051.6916      1701.5445      2072.7741       142.8931            -39.6329      -788.4793         0.0000      5274.1392      2940.6484          12355.5787       295.2812      9414.9303     12377.1340       295.9018

PRESSURE: 500 0 0 0 0 0 0 0 0 0
GPRESSURE: 500 0 0 0 0 0 0 0 0 0
PRESSAVG: 500 0 0 0 0 0 0 0 0 0
GPRESSAVG: 500 0 0 0 0 0 0 0 0 0
Info: Benchmark time: 42 CPUs 0.000557621 s/step 0.00645395 days/ns 827.125 MB memory
ENERGY:     500      1063.5600      1708.2498      2089.0535       152.9324            -40.0374      -823.1458         0.0000      5277.0128      2984.1287          12411.7540       299.6472      9427.6253     12432.7325       295.4304

PRESSURE: 600 0 0 0 0 0 0 0 0 0
GPRESSURE: 600 0 0 0 0 0 0 0 0 0
PRESSAVG: 600 0 0 0 0 0 0 0 0 0
GPRESSAVG: 600 0 0 0 0 0 0 0 0 0
Info: Benchmark time: 42 CPUs 0.000553289 s/step 0.0064038 days/ns 827.125 MB memory
ENERGY:     600      1107.8049      1665.4642      2079.5839       162.4162            -40.1978      -801.3301         0.0000      5280.9038      3007.7402          12462.3854       302.0181      9454.6452     12486.6966       300.1399

PRESSURE: 700 0 0 0 0 0 0 0 0 0
GPRESSURE: 700 0 0 0 0 0 0 0 0 0
PRESSAVG: 700 0 0 0 0 0 0 0 0 0
GPRESSAVG: 700 0 0 0 0 0 0 0 0 0
Info: Benchmark time: 42 CPUs 0.000551765 s/step 0.00638617 days/ns 827.125 MB memory
ENERGY:     700      1096.6553      1736.7579      2079.7757       143.7201            -39.9425      -812.3876         0.0000      5279.2674      3000.3518          12484.1982       301.2762      9483.8463     12508.4352       300.6904

PRESSURE: 800 0 0 0 0 0 0 0 0 0
GPRESSURE: 800 0 0 0 0 0 0 0 0 0
PRESSAVG: 800 0 0 0 0 0 0 0 0 0
GPRESSAVG: 800 0 0 0 0 0 0 0 0 0
Info: Benchmark time: 42 CPUs 0.000554761 s/step 0.00642084 days/ns 827.125 MB memory
ENERGY:     800      1149.3196      1685.7281      2097.8668       137.4968            -40.2703      -815.7368         0.0000      5281.6514      2957.8218          12453.8774       297.0056      9496.0556     12473.7645       300.6341

PRESSURE: 900 0 0 0 0 0 0 0 0 0
GPRESSURE: 900 0 0 0 0 0 0 0 0 0
PRESSAVG: 900 0 0 0 0 0 0 0 0 0
GPRESSAVG: 900 0 0 0 0 0 0 0 0 0
Info: Benchmark time: 42 CPUs 0.000555524 s/step 0.00642968 days/ns 827.125 MB memory
ENERGY:     900      1161.9403      1698.4594      2104.3132       153.5074            -40.0444      -782.1778         0.0000      5272.5508      2989.5639          12558.1129       300.1930      9568.5490     12579.2570       301.3292

PRESSURE: 1000 0 0 0 0 0 0 0 0 0
GPRESSURE: 1000 0 0 0 0 0 0 0 0 0
PRESSAVG: 1000 0 0 0 0 0 0 0 0 0
GPRESSAVG: 1000 0 0 0 0 0 0 0 0 0
TIMING: 1000  CPU: 0.579957, 0.000560669/step  Wall: 0.580808, 0.000560765/step, 0.000623072 hours remaining, 827.125000 MB of memory in use.
ETITLE:      TS           BOND          ANGLE          DIHED          IMPRP               ELECT            VDW       BOUNDARY           MISC        KINETIC               TOTAL           TEMP      POTENTIAL         TOTAL3        TEMPAVG

ENERGY:    1000      1130.6780      1684.0268      2069.0723       149.9028            -39.8703      -792.6443         0.0000      5278.7327      3012.3215          12492.2195       302.4781      9479.8980     12520.3997       303.5042

WRITING EXTENDED SYSTEM TO RESTART FILE AT STEP 1000
OPENING COORDINATE DCD FILE
WRITING COORDINATES TO DCD FILE adk-step1.dcd AT STEP 1000
WRITING COORDINATES TO RESTART FILE AT STEP 1000
FINISHED WRITING RESTART COORDINATES
The last position output (seq=1000) takes 0.005 seconds, 827.250 MB of memory in use
WRITING VELOCITIES TO RESTART FILE AT STEP 1000
FINISHED WRITING RESTART VELOCITIES
The last velocity output (seq=1000) takes 0.002 seconds, 827.250 MB of memory in use
PRESSURE: 1100 0 0 0 0 0 0 0 0 0
GPRESSURE: 1100 0 0 0 0 0 0 0 0 0
PRESSAVG: 1100 0 0 0 0 0 0 0 0 0
GPRESSAVG: 1100 0 0 0 0 0 0 0 0 0
ENERGY:    1100      1135.4617      1706.7765      2073.9889       146.3451            -40.0668      -820.2496         0.0000      5283.8660      2927.5060          12413.6278       293.9615      9486.1218     12434.2504       299.8997

PRESSURE: 1200 0 0 0 0 0 0 0 0 0
GPRESSURE: 1200 0 0 0 0 0 0 0 0 0
PRESSAVG: 1200 0 0 0 0 0 0 0 0 0
GPRESSAVG: 1200 0 0 0 0 0 0 0 0 0
ENERGY:    1200      1095.1983      1708.6328      2099.5446       149.3392            -39.6873      -803.9804         0.0000      5274.4328      2954.4484          12437.9286       296.6669      9483.4801     12459.4396       300.1564

PRESSURE: 1300 0 0 0 0 0 0 0 0 0
GPRESSURE: 1300 0 0 0 0 0 0 0 0 0
PRESSAVG: 1300 0 0 0 0 0 0 0 0 0
GPRESSAVG: 1300 0 0 0 0 0 0 0 0 0
ENERGY:    1300      1074.0669      1706.1745      2076.9003       146.4959            -38.9326      -809.1685         0.0000      5286.3543      2960.0849          12401.9757       297.2329      9441.8908     12424.2897       297.5624

PRESSURE: 1400 0 0 0 0 0 0 0 0 0
GPRESSURE: 1400 0 0 0 0 0 0 0 0 0
PRESSAVG: 1400 0 0 0 0 0 0 0 0 0
GPRESSAVG: 1400 0 0 0 0 0 0 0 0 0
ENERGY:    1400      1050.7245      1659.0456      2075.2589       151.4288            -40.9171      -821.7147         0.0000      5295.6115      3001.3290          12370.7664       301.3743      9369.4374     12398.4351       295.9348

PRESSURE: 1500 0 0 0 0 0 0 0 0 0
GPRESSURE: 1500 0 0 0 0 0 0 0 0 0
PRESSAVG: 1500 0 0 0 0 0 0 0 0 0
GPRESSAVG: 1500 0 0 0 0 0 0 0 0 0
ENERGY:    1500      1112.5126      1719.6570      2090.7775       153.0288            -40.8065      -797.3650         0.0000      5285.6607      2927.4235          12450.8887       293.9532      9523.4652     12476.3048       296.2222

PRESSURE: 1600 0 0 0 0 0 0 0 0 0
GPRESSURE: 1600 0 0 0 0 0 0 0 0 0
PRESSAVG: 1600 0 0 0 0 0 0 0 0 0
GPRESSAVG: 1600 0 0 0 0 0 0 0 0 0
ENERGY:    1600      1071.9254      1677.2705      2084.5239       142.5434            -40.5782      -806.7200         0.0000      5291.1886      2980.8299          12400.9835       299.3159      9420.1536     12426.5375       299.2543

PRESSURE: 1700 0 0 0 0 0 0 0 0 0
GPRESSURE: 1700 0 0 0 0 0 0 0 0 0
PRESSAVG: 1700 0 0 0 0 0 0 0 0 0
GPRESSAVG: 1700 0 0 0 0 0 0 0 0 0
ENERGY:    1700      1070.1940      1677.8598      2072.8220       149.8741            -41.1578      -816.7836         0.0000      5285.1478      2984.1540          12382.1101       299.6497      9397.9562     12409.3597       297.3997

PRESSURE: 1800 0 0 0 0 0 0 0 0 0
GPRESSURE: 1800 0 0 0 0 0 0 0 0 0
PRESSAVG: 1800 0 0 0 0 0 0 0 0 0
GPRESSAVG: 1800 0 0 0 0 0 0 0 0 0
ENERGY:    1800      1080.2248      1730.8102      2051.6722       155.6876            -41.4799      -836.0265         0.0000      5281.6668      2959.7716          12382.3268       297.2014      9422.5553     12407.1603       296.8142

PRESSURE: 1900 0 0 0 0 0 0 0 0 0
GPRESSURE: 1900 0 0 0 0 0 0 0 0 0
PRESSAVG: 1900 0 0 0 0 0 0 0 0 0
GPRESSAVG: 1900 0 0 0 0 0 0 0 0 0
ENERGY:    1900      1067.9857      1723.2901      2093.6658       162.5074            -41.3615      -831.7531         0.0000      5285.2231      2947.5257          12407.0832       295.9718      9459.5575     12431.1103       297.0285

PRESSURE: 2000 0 0 0 0 0 0 0 0 0
GPRESSURE: 2000 0 0 0 0 0 0 0 0 0
PRESSAVG: 2000 0 0 0 0 0 0 0 0 0
GPRESSAVG: 2000 0 0 0 0 0 0 0 0 0
TIMING: 2000  CPU: 1.16034, 0.000580385/step  Wall: 1.16933, 0.000588525/step, 0.000490438 hours remaining, 827.250000 MB of memory in use.
ETITLE:      TS           BOND          ANGLE          DIHED          IMPRP               ELECT            VDW       BOUNDARY           MISC        KINETIC               TOTAL           TEMP      POTENTIAL         TOTAL3        TEMPAVG

ENERGY:    2000      1083.0046      1683.0436      2094.2642       154.6183            -40.5743      -815.1978         0.0000      5288.4037      2978.2905          12425.8527       299.0610      9447.5622     12448.1687       297.8304

WRITING EXTENDED SYSTEM TO RESTART FILE AT STEP 2000
WRITING VELOCITIES TO RESTART FILE AT STEP 2000
FINISHED WRITING RESTART VELOCITIES
The last velocity output (seq=2000) takes 0.002 seconds, 827.312 MB of memory in use
WRITING COORDINATES TO DCD FILE adk-step1.dcd AT STEP 2000
WRITING COORDINATES TO RESTART FILE AT STEP 2000
FINISHED WRITING RESTART COORDINATES
The last position output (seq=2000) takes 0.002 seconds, 827.312 MB of memory in use
PRESSURE: 2100 0 0 0 0 0 0 0 0 0
GPRESSURE: 2100 0 0 0 0 0 0 0 0 0
PRESSAVG: 2100 0 0 0 0 0 0 0 0 0
GPRESSAVG: 2100 0 0 0 0 0 0 0 0 0
ENERGY:    2100      1082.6943      1679.9657      2107.7061       144.2606            -40.6162      -815.3586         0.0000      5295.1644      2978.7473          12432.5636       299.1068      9453.8163     12459.6026       297.8979

PRESSURE: 2200 0 0 0 0 0 0 0 0 0
GPRESSURE: 2200 0 0 0 0 0 0 0 0 0
PRESSAVG: 2200 0 0 0 0 0 0 0 0 0
GPRESSAVG: 2200 0 0 0 0 0 0 0 0 0
ENERGY:    2200      1099.1439      1631.6787      2081.3798       153.7301            -41.1385      -810.3571         0.0000      5297.7187      2975.8664          12388.0220       298.8175      9412.1556     12415.2245       296.6007

PRESSURE: 2300 0 0 0 0 0 0 0 0 0
GPRESSURE: 2300 0 0 0 0 0 0 0 0 0
PRESSAVG: 2300 0 0 0 0 0 0 0 0 0
GPRESSAVG: 2300 0 0 0 0 0 0 0 0 0
ENERGY:    2300      1096.1671      1674.3047      2043.3866       151.7069            -40.5821      -822.0681         0.0000      5290.1467      2991.6275          12384.6894       300.4002      9393.0620     12406.5629       297.0233

PRESSURE: 2400 0 0 0 0 0 0 0 0 0
GPRESSURE: 2400 0 0 0 0 0 0 0 0 0
PRESSAVG: 2400 0 0 0 0 0 0 0 0 0
GPRESSAVG: 2400 0 0 0 0 0 0 0 0 0
ENERGY:    2400      1114.2539      1675.5822      2061.2174       151.6792            -40.6300      -802.8034         0.0000      5279.7591      2959.7640          12398.8223       297.2006      9439.0584     12420.6662       297.5490

PRESSURE: 2500 0 0 0 0 0 0 0 0 0
GPRESSURE: 2500 0 0 0 0 0 0 0 0 0
PRESSAVG: 2500 0 0 0 0 0 0 0 0 0
GPRESSAVG: 2500 0 0 0 0 0 0 0 0 0
ENERGY:    2500      1129.5329      1675.8003      2042.7585       138.9326            -39.4965      -804.0515         0.0000      5275.9632      2945.0329          12364.4725       295.7214      9419.4396     12385.2847       296.6164

PRESSURE: 2600 0 0 0 0 0 0 0 0 0
GPRESSURE: 2600 0 0 0 0 0 0 0 0 0
PRESSAVG: 2600 0 0 0 0 0 0 0 0 0
GPRESSAVG: 2600 0 0 0 0 0 0 0 0 0
ENERGY:    2600      1083.5063      1692.8846      2037.8956       144.0624            -40.1455      -818.7187         0.0000      5276.7807      2972.6235          12348.8890       298.4919      9376.2655     12373.2677       296.3581

PRESSURE: 2700 0 0 0 0 0 0 0 0 0
GPRESSURE: 2700 0 0 0 0 0 0 0 0 0
PRESSAVG: 2700 0 0 0 0 0 0 0 0 0
GPRESSAVG: 2700 0 0 0 0 0 0 0 0 0
ENERGY:    2700      1041.0351      1675.9530      2047.9026       157.2467            -40.0302      -823.4045         0.0000      5277.6247      2953.6031          12289.9305       296.5820      9336.3274     12317.7933       292.6161

PRESSURE: 2800 0 0 0 0 0 0 0 0 0
GPRESSURE: 2800 0 0 0 0 0 0 0 0 0
PRESSAVG: 2800 0 0 0 0 0 0 0 0 0
GPRESSAVG: 2800 0 0 0 0 0 0 0 0 0
ENERGY:    2800      1075.1139      1708.6195      2072.6265       144.9668            -40.2349      -826.5585         0.0000      5268.5844      2944.5403          12347.6580       295.6720      9403.1177     12372.7407       293.5727

PRESSURE: 2900 0 0 0 0 0 0 0 0 0
GPRESSURE: 2900 0 0 0 0 0 0 0 0 0
PRESSAVG: 2900 0 0 0 0 0 0 0 0 0
GPRESSAVG: 2900 0 0 0 0 0 0 0 0 0
ENERGY:    2900      1130.3514      1646.9011      2053.0433       147.1108            -39.7014      -805.8351         0.0000      5271.0999      2967.2601          12370.2301       297.9533      9402.9701     12395.9868       296.2376

PRESSURE: 3000 0 0 0 0 0 0 0 0 0
GPRESSURE: 3000 0 0 0 0 0 0 0 0 0
PRESSAVG: 3000 0 0 0 0 0 0 0 0 0
GPRESSAVG: 3000 0 0 0 0 0 0 0 0 0
TIMING: 3000  CPU: 1.71009, 0.000549752/step  Wall: 1.72463, 0.000555295/step, 0.000308497 hours remaining, 827.312500 MB of memory in use.
ETITLE:      TS           BOND          ANGLE          DIHED          IMPRP               ELECT            VDW       BOUNDARY           MISC        KINETIC               TOTAL           TEMP      POTENTIAL         TOTAL3        TEMPAVG

ENERGY:    3000      1139.8165      1679.0300      2062.0804       162.3369            -40.3316      -812.0868         0.0000      5276.0310      2920.8842          12387.7606       293.2966      9466.8764     12409.9819       296.7505

WRITING EXTENDED SYSTEM TO RESTART FILE AT STEP 3000
WRITING VELOCITIES TO RESTART FILE AT STEP 3000
FINISHED WRITING RESTART VELOCITIES
The last velocity output (seq=3000) takes 0.002 seconds, 827.312 MB of memory in use
WRITING COORDINATES TO DCD FILE adk-step1.dcd AT STEP 3000
WRITING COORDINATES TO RESTART FILE AT STEP 3000
FINISHED WRITING RESTART COORDINATES
The last position output (seq=3000) takes 0.002 seconds, 827.312 MB of memory in use
PRESSURE: 3100 0 0 0 0 0 0 0 0 0
GPRESSURE: 3100 0 0 0 0 0 0 0 0 0
PRESSAVG: 3100 0 0 0 0 0 0 0 0 0
GPRESSAVG: 3100 0 0 0 0 0 0 0 0 0
ENERGY:    3100      1071.3653      1670.5872      2085.0631       155.0142            -40.5204      -821.6595         0.0000      5266.5874      3010.0291          12396.4664       302.2479      9386.4373     12424.0136       297.5469

PRESSURE: 3200 0 0 0 0 0 0 0 0 0
GPRESSURE: 3200 0 0 0 0 0 0 0 0 0
PRESSAVG: 3200 0 0 0 0 0 0 0 0 0
GPRESSAVG: 3200 0 0 0 0 0 0 0 0 0
ENERGY:    3200      1085.9079      1703.0472      2046.8367       152.9723            -40.2882      -791.8717         0.0000      5260.8569      2931.9568          12349.4180       294.4084      9417.4612     12373.8729       296.9869

PRESSURE: 3300 0 0 0 0 0 0 0 0 0
GPRESSURE: 3300 0 0 0 0 0 0 0 0 0
PRESSAVG: 3300 0 0 0 0 0 0 0 0 0
GPRESSAVG: 3300 0 0 0 0 0 0 0 0 0
ENERGY:    3300      1073.7200      1695.0051      2053.4816       165.5100            -40.1210      -825.6797         0.0000      5267.6711      2946.4893          12336.0765       295.8677      9389.5871     12361.9009       292.5393

PRESSURE: 3400 0 0 0 0 0 0 0 0 0
GPRESSURE: 3400 0 0 0 0 0 0 0 0 0
PRESSAVG: 3400 0 0 0 0 0 0 0 0 0
GPRESSAVG: 3400 0 0 0 0 0 0 0 0 0
ENERGY:    3400      1091.5584      1709.5648      2050.7478       156.0316            -40.4826      -855.5360         0.0000      5271.4687      2920.2856          12303.6384       293.2365      9383.3528     12326.5935       294.3095

PRESSURE: 3500 0 0 0 0 0 0 0 0 0
GPRESSURE: 3500 0 0 0 0 0 0 0 0 0
PRESSAVG: 3500 0 0 0 0 0 0 0 0 0
GPRESSAVG: 3500 0 0 0 0 0 0 0 0 0
ENERGY:    3500      1102.0956      1636.7367      2058.8500       163.2163            -40.8883      -814.9632         0.0000      5261.0201      2958.0379          12324.1051       297.0273      9366.0671     12347.2981       294.9241

PRESSURE: 3600 0 0 0 0 0 0 0 0 0
GPRESSURE: 3600 0 0 0 0 0 0 0 0 0
PRESSAVG: 3600 0 0 0 0 0 0 0 0 0
GPRESSAVG: 3600 0 0 0 0 0 0 0 0 0
ENERGY:    3600      1142.5922      1655.7845      2087.4649       152.9181            -40.8213      -855.6480         0.0000      5265.1579      2919.2835          12326.7319       293.1358      9407.4484     12348.9135       295.4661

PRESSURE: 3700 0 0 0 0 0 0 0 0 0
GPRESSURE: 3700 0 0 0 0 0 0 0 0 0
PRESSAVG: 3700 0 0 0 0 0 0 0 0 0
GPRESSAVG: 3700 0 0 0 0 0 0 0 0 0
ENERGY:    3700      1131.1655      1687.7271      2061.3792       155.0406            -41.2439      -840.0044         0.0000      5264.7168      2933.6399          12352.4208       294.5774      9418.7809     12374.2334       295.7498

PRESSURE: 3800 0 0 0 0 0 0 0 0 0
GPRESSURE: 3800 0 0 0 0 0 0 0 0 0
PRESSAVG: 3800 0 0 0 0 0 0 0 0 0
GPRESSAVG: 3800 0 0 0 0 0 0 0 0 0
ENERGY:    3800      1105.7458      1729.6713      2091.9463       140.8842            -41.4147      -838.1718         0.0000      5258.1673      2937.7879          12384.6163       294.9939      9446.8284     12408.5468       297.0499

PRESSURE: 3900 0 0 0 0 0 0 0 0 0
GPRESSURE: 3900 0 0 0 0 0 0 0 0 0
PRESSAVG: 3900 0 0 0 0 0 0 0 0 0
GPRESSAVG: 3900 0 0 0 0 0 0 0 0 0
ENERGY:    3900      1096.1292      1702.2932      2079.0306       153.7505            -41.0543      -838.4188         0.0000      5258.9559      2977.8156          12388.5018       299.0133      9410.6862     12416.1727       298.1035

PRESSURE: 4000 0 0 0 0 0 0 0 0 0
GPRESSURE: 4000 0 0 0 0 0 0 0 0 0
PRESSAVG: 4000 0 0 0 0 0 0 0 0 0
GPRESSAVG: 4000 0 0 0 0 0 0 0 0 0
TIMING: 4000  CPU: 2.26528, 0.00055519/step  Wall: 2.28594, 0.000561309/step, 0.000155919 hours remaining, 827.312500 MB of memory in use.
ETITLE:      TS           BOND          ANGLE          DIHED          IMPRP               ELECT            VDW       BOUNDARY           MISC        KINETIC               TOTAL           TEMP      POTENTIAL         TOTAL3        TEMPAVG

ENERGY:    4000      1139.6991      1684.1307      2098.7425       159.6934            -41.3972      -826.4615         0.0000      5266.0233      2971.3168          12451.7470       298.3607      9480.4302     12474.4420       297.9310

WRITING EXTENDED SYSTEM TO RESTART FILE AT STEP 4000
WRITING VELOCITIES TO RESTART FILE AT STEP 4000
FINISHED WRITING RESTART VELOCITIES
The last velocity output (seq=4000) takes 0.002 seconds, 827.312 MB of memory in use
WRITING COORDINATES TO DCD FILE adk-step1.dcd AT STEP 4000
WRITING COORDINATES TO RESTART FILE AT STEP 4000
FINISHED WRITING RESTART COORDINATES
The last position output (seq=4000) takes 0.002 seconds, 827.312 MB of memory in use
PRESSURE: 4100 0 0 0 0 0 0 0 0 0
GPRESSURE: 4100 0 0 0 0 0 0 0 0 0
PRESSAVG: 4100 0 0 0 0 0 0 0 0 0
GPRESSAVG: 4100 0 0 0 0 0 0 0 0 0
ENERGY:    4100      1123.8289      1686.0163      2086.0581       158.2166            -39.7665      -822.7669         0.0000      5269.9808      2971.6805          12433.2478       298.3972      9461.5673     12456.9515       301.2317

PRESSURE: 4200 0 0 0 0 0 0 0 0 0
GPRESSURE: 4200 0 0 0 0 0 0 0 0 0
PRESSAVG: 4200 0 0 0 0 0 0 0 0 0
GPRESSAVG: 4200 0 0 0 0 0 0 0 0 0
ENERGY:    4200      1087.3338      1701.7995      2083.6930       159.3220            -40.6462      -796.5805         0.0000      5258.9851      3008.8474          12462.7540       302.1293      9453.9066     12488.8465       300.4870

LDB: ============= START OF LOAD BALANCING ============== 4.38662
LDB: ============== END OF LOAD BALANCING =============== 4.38668
Info: useSync: 0 useProxySync: 0
LDB: =============== DONE WITH MIGRATION ================ 4.38679
PRESSURE: 4300 0 0 0 0 0 0 0 0 0
GPRESSURE: 4300 0 0 0 0 0 0 0 0 0
PRESSAVG: 4300 0 0 0 0 0 0 0 0 0
GPRESSAVG: 4300 0 0 0 0 0 0 0 0 0
ENERGY:    4300      1116.0340      1745.5267      2099.7287       157.4889            -40.4710      -798.0589         0.0000      5256.1328      2928.9172          12465.2984       294.1032      9536.3812     12486.3044       301.6540

LDB: ============= START OF LOAD BALANCING ============== 4.443
LDB: TIME 4.44327 LOAD: AVG 0.0160762 MAX 0.0305063  PROXIES: TOTAL 173 MAXPE 7 MAXPATCH 7 None MEM: 827.312 MB
LDB: TIME 4.44348 LOAD: AVG 0.0160762 MAX 0.0305063  PROXIES: TOTAL 173 MAXPE 7 MAXPATCH 7 RefineTorusLB MEM: 827.438 MB
LDB: TIME 4.44362 LOAD: AVG 0.0160762 MAX 0.0305063  PROXIES: TOTAL 173 MAXPE 7 MAXPATCH 7 RefineTorusLB MEM: 827.438 MB
LDB: ============== END OF LOAD BALANCING =============== 4.44385
Info: build node-aware spanning tree with send: 1, recv: 0 with branch factor 4
Info: useSync: 0 useProxySync: 0
LDB: =============== DONE WITH MIGRATION ================ 4.4446
PRESSURE: 4400 0 0 0 0 0 0 0 0 0
GPRESSURE: 4400 0 0 0 0 0 0 0 0 0
PRESSAVG: 4400 0 0 0 0 0 0 0 0 0
GPRESSAVG: 4400 0 0 0 0 0 0 0 0 0
ENERGY:    4400      1138.1330      1709.8832      2089.9807       140.6963            -41.4770      -799.2991         0.0000      5269.2383      2990.5791          12497.7346       300.2949      9507.1555     12520.4533       301.4780

PRESSURE: 4500 0 0 0 0 0 0 0 0 0
GPRESSURE: 4500 0 0 0 0 0 0 0 0 0
PRESSAVG: 4500 0 0 0 0 0 0 0 0 0
GPRESSAVG: 4500 0 0 0 0 0 0 0 0 0
ENERGY:    4500      1111.2734      1755.0629      2097.0059       160.2940            -41.9708      -813.1414         0.0000      5263.9812      3022.9381          12555.4433       303.5442      9532.5052     12580.5775       304.4086

PRESSURE: 4600 0 0 0 0 0 0 0 0 0
GPRESSURE: 4600 0 0 0 0 0 0 0 0 0
PRESSAVG: 4600 0 0 0 0 0 0 0 0 0
GPRESSAVG: 4600 0 0 0 0 0 0 0 0 0
ENERGY:    4600      1130.5430      1697.1324      2097.8642       165.0560            -41.6452      -791.6625         0.0000      5253.3087      3019.4633          12530.0599       303.1953      9510.5965     12557.7374       304.9406

PRESSURE: 4700 0 0 0 0 0 0 0 0 0
GPRESSURE: 4700 0 0 0 0 0 0 0 0 0
PRESSAVG: 4700 0 0 0 0 0 0 0 0 0
GPRESSAVG: 4700 0 0 0 0 0 0 0 0 0
ENERGY:    4700      1102.2657      1692.0267      2090.2780       157.7541            -40.8053      -799.7898         0.0000      5257.1586      3081.7478          12540.6359       309.4495      9458.8881     12567.1484       305.7291

PRESSURE: 4800 0 0 0 0 0 0 0 0 0
GPRESSURE: 4800 0 0 0 0 0 0 0 0 0
PRESSAVG: 4800 0 0 0 0 0 0 0 0 0
GPRESSAVG: 4800 0 0 0 0 0 0 0 0 0
ENERGY:    4800      1080.9795      1682.9091      2083.0316       140.5830            -40.5873      -812.3434         0.0000      5268.3121      3109.2605          12512.1450       312.2121      9402.8845     12539.3092       302.0924

PRESSURE: 4900 0 0 0 0 0 0 0 0 0
GPRESSURE: 4900 0 0 0 0 0 0 0 0 0
PRESSAVG: 4900 0 0 0 0 0 0 0 0 0
GPRESSAVG: 4900 0 0 0 0 0 0 0 0 0
ENERGY:    4900      1144.9370      1680.6205      2089.8934       154.3728            -40.9740      -822.4714         0.0000      5273.2357      3020.9421          12500.5561       303.3438      9479.6140     12523.6065       301.7138

PRESSURE: 5000 0 0 0 0 0 0 0 0 0
GPRESSURE: 5000 0 0 0 0 0 0 0 0 0
PRESSAVG: 5000 0 0 0 0 0 0 0 0 0
GPRESSAVG: 5000 0 0 0 0 0 0 0 0 0
TIMING: 5000  CPU: 2.8211, 0.000555812/step  Wall: 2.84947, 0.00056353/step, 0 hours remaining, 827.437500 MB of memory in use.
ETITLE:      TS           BOND          ANGLE          DIHED          IMPRP               ELECT            VDW       BOUNDARY           MISC        KINETIC               TOTAL           TEMP      POTENTIAL         TOTAL3        TEMPAVG

ENERGY:    5000      1129.1168      1691.9183      2086.0832       146.7242            -42.0455      -806.5912         0.0000      5268.6362      3001.0030          12474.8449       301.3416      9473.8419     12498.6862       302.5714

WRITING EXTENDED SYSTEM TO RESTART FILE AT STEP 5000
WRITING VELOCITIES TO RESTART FILE AT STEP 5000
FINISHED WRITING RESTART VELOCITIES
The last velocity output (seq=5000) takes 0.002 seconds, 828.250 MB of memory in use
WRITING COORDINATES TO DCD FILE adk-step1.dcd AT STEP 5000
WRITING COORDINATES TO RESTART FILE AT STEP 5000
FINISHED WRITING RESTART COORDINATES
The last position output (seq=5000) takes 0.002 seconds, 828.250 MB of memory in use
WRITING EXTENDED SYSTEM TO OUTPUT FILE AT STEP 5000
WRITING COORDINATES TO OUTPUT FILE AT STEP 5000
CLOSING COORDINATE DCD FILE adk-step1.dcd
The last position output (seq=-2) takes 0.004 seconds, 828.250 MB of memory in use
WRITING VELOCITIES TO OUTPUT FILE AT STEP 5000
====================================================

WallClock: 4.789642  CPUTime: 3.606615  Memory: 828.312500 MB
End of program
