3_3_cc.dat
/gpfs/alpine/bip115/scratch/hrlee/radical.pilot.sandbox/re.session.login1.hrlee.018625.0000/pilot.0000/staging_area/3_3_cc.dat
3, 3
Charm++> Running on MPI version: 3.1
Charm++> level of thread support used: MPI_THREAD_FUNNELED (desired: MPI_THREAD_FUNNELED)
Charm++> Running in SMP mode: 41 processes, 4 worker threads (PEs) + 1 comm threads per process, 164 PEs total
Charm++> The comm. thread both sends and receives messages
Charm++> Using recursive bisection (scheme 3) for topology aware partitions
Converse/Charm++ Commit ID: v6.10.2-0-g7bf00fa-namd-charm-6.10.2-build-2020-Aug-05-556
Warning> Randomization of virtual memory (ASLR) is turned on in the kernel, thread migration may not work! Run 'echo 0 > /proc/sys/kernel/randomize_va_space' as root to disable it, or try running with '+isomalloc_sync'.
CharmLB> Load balancer assumes all CPUs are same.
Charm++> Running on 2 hosts (1 sockets x 1 cores x 4 PUs = 4-way SMP)
Charm++> cpu topology info is gathered in 0.039 seconds.

Charm++> Warning: the number of SMP threads (190) is greater than the number of physical cores (176), so threads will sleep while idling. Use +CmiSpinOnIdle or +CmiSleepOnIdle to control this directly.

Info: NAMD 2.14 for Linux-POWER-MPI-smp-Summit
Info: 
Info: Please visit http://www.ks.uiuc.edu/Research/namd/
Info: for updates, documentation, and support information.
Info: 
Info: Please cite Phillips et al., J. Chem. Phys. 153:044130 (2020) doi:10.1063/5.0014475
Info: in all publications reporting results obtained with NAMD.
Info: 
Info: Based on Charm++/Converse 61002 for mpi-linux-ppc64le-smp
Info: Built Wed Aug 5 14:25:51 EDT 2020 by jimp on login2
Info: 1 NAMD  2.14  Linux-POWER-MPI-smp-Summit  164    d21n09  hrlee
Info: Running on 164 processors, 41 nodes, 2 physical nodes.
Info: CPU topology information available.
Info: Charm++/Converse parallel runtime startup completed at 0.0456978 s
CkLoopLib is used in SMP with simple dynamic scheduling (converse-level notification)
Info: 933.688 MB of memory in use based on /proc/self/stat
Info: Configuration file is adk-step1.namd
Info: Working in the current directory /gpfs/alpine/bip115/scratch/hrlee/radical.pilot.sandbox/re.session.login1.hrlee.018625.0000/pilot.0000/unit.000293
TCL: Suspending until startup complete.
Info: SIMULATION PARAMETERS:
Info: TIMESTEP               1
Info: NUMBER OF STEPS        0
Info: STEPS PER CYCLE        20
Info: LOAD BALANCER  Centralized
Info: LOAD BALANCING STRATEGY  New Load Balancers -- DEFAULT
Info: LDB PERIOD             4000 steps
Info: FIRST LDB TIMESTEP     100
Info: LAST LDB TIMESTEP     -1
Info: LDB BACKGROUND SCALING 1
Info: HOM BACKGROUND SCALING 1
Info: REMOVING LOAD FROM NODE 0
Info: REMOVING PATCHES FROM PROCESSOR 0
Info: MIN ATOMS PER PATCH    40
Info: VELOCITY FILE          3_3_adk-step1.restart.vel
Info: CENTER OF MASS MOVING INITIALLY? NO
Info: DIELECTRIC             80
Info: EXCLUDE                SCALED ONE-FOUR
Info: 1-4 ELECTROSTATICS SCALED BY 1
Info: MODIFIED 1-4 VDW PARAMETERS WILL BE USED
Info: DCD FILENAME           adk-step1.dcd
Info: DCD FREQUENCY          1000
Info: DCD FIRST STEP         1000
Info: NO EXTENDED SYSTEM TRAJECTORY OUTPUT
Info: NO VELOCITY DCD OUTPUT
Info: NO FORCE DCD OUTPUT
Info: OUTPUT FILENAME        adk-step1
Info: BINARY OUTPUT FILES WILL BE USED
Info: RESTART FILENAME       adk-step1.restart
Info: RESTART FREQUENCY      1000
Info: BINARY RESTART FILES WILL BE USED
Info: SWITCHING ACTIVE
Info: SWITCHING ON           9
Info: SWITCHING OFF          10
Info: PAIRLIST DISTANCE      11
Info: PAIRLIST SHRINK RATE   0.01
Info: PAIRLIST GROW RATE     0.01
Info: PAIRLIST TRIGGER       0.3
Info: PAIRLISTS PER CYCLE    2
Info: PAIRLISTS ENABLED
Info: MARGIN                 0
Info: HYDROGEN GROUP CUTOFF  2.5
Info: PATCH DIMENSION        13.5
Info: ENERGY OUTPUT STEPS    100
Info: CROSSTERM ENERGY INCLUDED IN DIHEDRAL
Info: TIMING OUTPUT STEPS    1000
Info: PRESSURE OUTPUT STEPS  100
Info: GRID FORCE ACTIVE
Info:  Please include this reference in published work using
Info:  the Gridforce module of NAMD: David Wells, Volha Abramkina,
Info:  and Aleksei Aksimentiev, J. Chem. Phys. 127:125101-10 (2007).
Info: MGRIDFORCE key 0
Info:            Potfile 4ake-target_autopsf-grid.dx
Info:            Scale 0.3 0.3 0.3
Info:            File 1ake-docked-noh_autopsf-grid.pdb
Info:            Col O
Info:            ChargeCol B
Info:            VOffset 0 0 0
Info:            Continuous K1 FALSE
Info:            Continuous K2 FALSE
Info:            Continuous K3 FALSE
Info:            Volts FALSE
Info:            Gridforce-Lite FALSE
Info:            Gridforce-CheckSize TRUE
Info: LANGEVIN DYNAMICS ACTIVE
Info: LANGEVIN TEMPERATURE   300
Info: LANGEVIN USING BBK INTEGRATOR
Info: LANGEVIN DAMPING COEFFICIENT IS 5 INVERSE PS
Info: LANGEVIN DYNAMICS NOT APPLIED TO HYDROGENS
Info: USING VERLET I (r-RESPA) MTS SCHEME.
Info: C1 SPLITTING OF LONG RANGE ELECTROSTATICS
Info: PLACING ATOMS IN PATCHES BY HYDROGEN GROUPS
Info: RIGID BONDS TO HYDROGEN : WATER
Info:         ERROR TOLERANCE : 1e-08
Info:          MAX ITERATIONS : 100
Info: RIGID WATER USING SETTLE ALGORITHM
Info: NONBONDED FORCES EVALUATED EVERY 2 STEPS
Info: RANDOM NUMBER SEED     1609226149
Info: USE HYDROGEN BONDS?    NO
Info: COORDINATE PDB         1ake-docked-noh_autopsf.pdb
Info: STRUCTURE FILE         1ake-docked-noh_autopsf.psf
Info: PARAMETER file: CHARMM format! 
Info: PARAMETERS             par_all36_prot.prm
Info: USING ARITHMETIC MEAN TO COMBINE L-J SIGMA PARAMETERS
Info: BINARY COORDINATES     3_3_adk-step1.restart.coor
Info: SUMMARY OF PARAMETERS:
Info: 132 BONDS
Info: 362 ANGLES
Info: 702 DIHEDRAL
Info: 35 IMPROPER
Info: 6 CROSSTERM
Info: 53 VDW
Info: 0 VDW_PAIRS
Info: 0 NBTHOLE_PAIRS
Info: TIME FOR READING PSF FILE: 0.511409
Info: READING EXTRA BONDS FILE 1ake-extrabonds.txt
Info: READING EXTRA BONDS FILE 1ake-extrabonds-cispeptide.txt
Info: READING EXTRA BONDS FILE 1ake-extrabonds-chirality.txt
Info: READ 80 EXTRA BONDS
Info: READ 80 EXTRA ANGLES
Warning: EXTRA ANGLES ARE COSINE-BASED BY DEFAULT TO MATCH PREVIOUS VERSIONS
Warning: FOR NORMAL HARMONIC EXTRA ANGLES SET extraBondsCosAngles off
Info: READ 493 EXTRA DIHEDRALS
Info: READ 438 EXTRA IMPROPERS
Info: Reading pdb file 1ake-docked-noh_autopsf.pdb
Info: TIME FOR READING PDB FILE: 0.0179507
Info: 
Info: ****************************
Info: STRUCTURE SUMMARY:
Info: 3341 ATOMS
Info: 3445 BONDS
Info: 6203 ANGLES
Info: 9414 DIHEDRALS
Info: 1005 IMPROPERS
Info: 212 CROSSTERMS
Info: 0 EXCLUSIONS
Info: 0 RIGID BONDS
Info: 1 GRIDS ACTIVE
Info: 10023 DEGREES OF FREEDOM
Info: 1656 HYDROGEN GROUPS
Info: 4 ATOMS IN LARGEST HYDROGEN GROUP
Info: 1656 MIGRATION GROUPS
Info: 4 ATOMS IN LARGEST MIGRATION GROUP
Info: TOTAL MASS = 23582 amu
Info: TOTAL CHARGE = -4 e
Info: *****************************
Info: Reading from binary file 3_3_adk-step1.restart.coor
Info: 
Info: Entering startup at 1.26399 s, 1042.44 MB of memory in use
Info: Startup phase 0 took 0.00075715 s, 1042.44 MB of memory in use
Info: ADDED 18308 IMPLICIT EXCLUSIONS
Info: Startup phase 1 took 0.0160961 s, 1042.44 MB of memory in use
Info: NONBONDED TABLE R-SQUARED SPACING: 0.0625
Info: NONBONDED TABLE SIZE: 705 POINTS
Info: ABSOLUTE IMPRECISION IN FAST TABLE ENERGY: 3.38813e-21 AT 9.89634
Info: RELATIVE IMPRECISION IN FAST TABLE ENERGY: 4.23384e-15 AT 9.94673
Info: ABSOLUTE IMPRECISION IN FAST TABLE FORCE: 6.35275e-22 AT 9.94673
Info: RELATIVE IMPRECISION IN FAST TABLE FORCE: 5.07982e-16 AT 9.94673
Info: INCONSISTENCY IN FAST TABLE ENERGY VS FORCE: 0.000290185 AT 0.251946
Info: ABSOLUTE IMPRECISION IN VDWA TABLE ENERGY: 1.57772e-30 AT 9.89634
Info: RELATIVE IMPRECISION IN VDWA TABLE ENERGY: 4.54938e-15 AT 9.94673
Info: ABSOLUTE IMPRECISION IN VDWA TABLE FORCE: 5.91646e-31 AT 9.94673
Info: RELATIVE IMPRECISION IN VDWA TABLE FORCE: 5.6823e-16 AT 9.94673
Info: INCONSISTENCY IN VDWA TABLE ENERGY VS FORCE: 0.0040507 AT 0.251946
Info: ABSOLUTE IMPRECISION IN VDWB TABLE ENERGY: 4.71751e-25 AT 9.94673
Info: RELATIVE IMPRECISION IN VDWB TABLE ENERGY: 1.45371e-14 AT 9.94673
Info: ABSOLUTE IMPRECISION IN VDWB TABLE FORCE: 6.20385e-25 AT 9.94673
Info: RELATIVE IMPRECISION IN VDWB TABLE FORCE: 5.97512e-16 AT 9.94673
Info: INCONSISTENCY IN VDWB TABLE ENERGY VS FORCE: 0.00377068 AT 9.07951
Info: Startup phase 2 took 0.00175638 s, 1042.44 MB of memory in use
Info: Startup phase 3 took 0.000541419 s, 1042.44 MB of memory in use
Info: Startup phase 4 took 0.000622707 s, 1042.44 MB of memory in use
Info: Startup phase 5 took 0.000518998 s, 1042.44 MB of memory in use
Info: ORIGINAL ATOMS MINMAX IS -19.9689 -32.75 -37.0976  17.0341 21.9588 17.1601
Info: ADJUSTED ATOMS MINMAX IS -16.3593 -27.7781 -31.763  11.5249 12.8992 8.99271
Info: PATCH GRID IS 5 BY 4 BY 4
Info: PATCH GRID IS 2-AWAY BY 1-AWAY BY 1-AWAY
Info: Reading from binary file 3_3_adk-step1.restart.vel
Info: REMOVING COM VELOCITY 0.183011 0.0302897 0.0854356
Info: LARGEST PATCH (47) HAS 132 ATOMS
Info: TORUS A SIZE 2 USING 0 1
Info: TORUS B SIZE 1 USING 0
Info: TORUS C SIZE 1 USING 0
Info: TORUS MINIMAL MESH SIZE IS 2 BY 1 BY 1
Info: Placed 100% of base nodes on same physical node as patch
Info: Startup phase 6 took 0.00974043 s, 1042.44 MB of memory in use
Info: Startup phase 7 took 0.000581283 s, 1042.44 MB of memory in use
Info: Startup phase 8 took 0.000579513 s, 1042.44 MB of memory in use
Info: Startup phase 9 took 0.00114144 s, 1042.44 MB of memory in use
Info: Startup phase 10 took 0.000533449 s, 1042.44 MB of memory in use
Info: Startup phase 11 took 0.00105081 s, 1042.44 MB of memory in use
LDB: Central LB being created...
Info: Startup phase 12 took 0.00437734 s, 1042.44 MB of memory in use
Info: CREATING 1870 COMPUTE OBJECTS
Info: Startup phase 13 took 0.00101993 s, 1042.44 MB of memory in use
Info: Building spanning tree ... send: 1 recv: 0 with branch factor 4
Info: useSync: 1 useProxySync: 0
Info: Startup phase 14 took 0.000794392 s, 1042.44 MB of memory in use
Info: Startup phase 15 took 0.000173574 s, 1042.44 MB of memory in use
Info: Finished startup at 1.30428 s, 1042.44 MB of memory in use

TCL: Running for 5000 steps
PRESSURE: 0 0 0 0 0 0 0 0 0 0
GPRESSURE: 0 0 0 0 0 0 0 0 0 0
ETITLE:      TS           BOND          ANGLE          DIHED          IMPRP               ELECT            VDW       BOUNDARY           MISC        KINETIC               TOTAL           TEMP      POTENTIAL         TOTAL3        TEMPAVG

ENERGY:       0      1086.0096      1711.5406      2119.0061       169.3004            -38.7261      -792.8914         0.0000      2633.6274      2989.4559           9877.3224       300.1821      6887.8665      9901.8296       300.1821

LDB: ============= START OF LOAD BALANCING ============== 1.33472
LDB: ============== END OF LOAD BALANCING =============== 1.33496
Info: useSync: 1 useProxySync: 0
LDB: =============== DONE WITH MIGRATION ================ 1.33559
LDB: ============= START OF LOAD BALANCING ============== 1.4411
LDB: 264 computes have load of zero
LDB: Largest compute 46 load 0.012471 is 69.2% of average load 0.018011
LDB: Average compute 0.000980 is 5.4% of average load 0.018011
LDB: Partitioning computes with target load 0.001961
LDB: Increased migratable compute count from 1126 to 1341
LDB: Largest unpartitionable compute is 0.006201
LDB: ============== END OF LOAD BALANCING =============== 1.4461
Info: build node-aware spanning tree with send: 1, recv: 0 with branch factor 4
Info: useSync: 1 useProxySync: 0
LDB: =============== DONE WITH MIGRATION ================ 1.45031
PRESSURE: 100 0 0 0 0 0 0 0 0 0
GPRESSURE: 100 0 0 0 0 0 0 0 0 0
PRESSAVG: 100 0 0 0 0 0 0 0 0 0
GPRESSAVG: 100 0 0 0 0 0 0 0 0 0
Info: Initial time: 164 CPUs 0.00127201 s/step 0.0147223 days/ns 1042.62 MB memory
ENERGY:     100      1089.0164      1700.8321      2091.9419       165.4708            -39.7924      -765.8699         0.0000      2640.1217      3023.1377           9904.8583       303.5642      6881.7206      9931.5300       302.2270

LDB: ============= START OF LOAD BALANCING ============== 1.48001
LDB: ============== END OF LOAD BALANCING =============== 1.48023
Info: useSync: 1 useProxySync: 0
LDB: =============== DONE WITH MIGRATION ================ 1.48079
LDB: ============= START OF LOAD BALANCING ============== 1.58306
LDB: 264 computes have load of zero
LDB: Largest compute 1596 load 0.006379 is 35.4% of average load 0.018007
LDB: Average compute 0.000831 is 4.6% of average load 0.018007
LDB: TIME 1.58535 LOAD: AVG 0.0180065 MAX 0.0619524  PROXIES: TOTAL 601 MAXPE 12 MAXPATCH 10 None MEM: 1042.62 MB
LDB: TIME 1.58891 LOAD: AVG 0.0180065 MAX 0.029666  PROXIES: TOTAL 1007 MAXPE 15 MAXPATCH 41 TorusLB MEM: 1042.62 MB
LDB: ============== END OF LOAD BALANCING =============== 1.59142
Info: build node-aware spanning tree with send: 1, recv: 0 with branch factor 4
Info: useSync: 1 useProxySync: 0
LDB: =============== DONE WITH MIGRATION ================ 1.59612
PRESSURE: 200 0 0 0 0 0 0 0 0 0
GPRESSURE: 200 0 0 0 0 0 0 0 0 0
PRESSAVG: 200 0 0 0 0 0 0 0 0 0
GPRESSAVG: 200 0 0 0 0 0 0 0 0 0
Info: Initial time: 164 CPUs 0.00130453 s/step 0.0150987 days/ns 1042.62 MB memory
ENERGY:     200      1119.3124      1743.5936      2097.3967       146.5212            -39.7946      -796.5590         0.0000      2645.9252      2988.3678           9904.7632       300.0729      6916.3954      9927.3154       306.1651

LDB: ============= START OF LOAD BALANCING ============== 1.70579
LDB: 246 computes have load of zero
LDB: Largest compute 1584 load 0.007844 is 27.2% of average load 0.028855
LDB: Average compute 0.001097 is 3.8% of average load 0.028855
LDB: TIME 1.70807 LOAD: AVG 0.0288549 MAX 0.0488851  PROXIES: TOTAL 601 MAXPE 12 MAXPATCH 10 None MEM: 1042.62 MB
LDB: TIME 1.70886 LOAD: AVG 0.0288549 MAX 0.0488851  PROXIES: TOTAL 1013 MAXPE 15 MAXPATCH 42 RefineTorusLB MEM: 1042.62 MB
LDB: TIME 1.72176 LOAD: AVG 0.0288549 MAX 0.0424574  PROXIES: TOTAL 897 MAXPE 15 MAXPATCH 28 RefineTorusLB MEM: 1042.62 MB
LDB: ============== END OF LOAD BALANCING =============== 1.7231
Info: build node-aware spanning tree with send: 1, recv: 0 with branch factor 4
Info: useSync: 1 useProxySync: 0
LDB: =============== DONE WITH MIGRATION ================ 1.72754
PRESSURE: 300 0 0 0 0 0 0 0 0 0
GPRESSURE: 300 0 0 0 0 0 0 0 0 0
PRESSAVG: 300 0 0 0 0 0 0 0 0 0
GPRESSAVG: 300 0 0 0 0 0 0 0 0 0
Info: Initial time: 164 CPUs 0.00115659 s/step 0.0133864 days/ns 1042.62 MB memory
ENERGY:     300      1080.9694      1696.3437      2081.9573       160.5622            -40.0022      -763.0567         0.0000      2636.2952      3013.7681           9866.8369       302.6234      6853.0688      9888.6507       303.7163

LDB: ============= START OF LOAD BALANCING ============== 1.8511
LDB: 235 computes have load of zero
LDB: Largest compute 1584 load 0.007822 is 28.3% of average load 0.027595
LDB: Average compute 0.001074 is 3.9% of average load 0.027595
LDB: TIME 1.85875 LOAD: AVG 0.0275946 MAX 0.0464585  PROXIES: TOTAL 601 MAXPE 12 MAXPATCH 10 None MEM: 1042.62 MB
LDB: TIME 1.85959 LOAD: AVG 0.0275946 MAX 0.0464585  PROXIES: TOTAL 901 MAXPE 15 MAXPATCH 28 RefineTorusLB MEM: 1042.62 MB
LDB: TIME 1.86768 LOAD: AVG 0.0275946 MAX 0.0362166  PROXIES: TOTAL 924 MAXPE 14 MAXPATCH 30 RefineTorusLB MEM: 1042.62 MB
LDB: ============== END OF LOAD BALANCING =============== 1.86901
Info: build node-aware spanning tree with send: 1, recv: 0 with branch factor 4
Info: useSync: 1 useProxySync: 0
LDB: =============== DONE WITH MIGRATION ================ 1.8733
PRESSURE: 400 0 0 0 0 0 0 0 0 0
GPRESSURE: 400 0 0 0 0 0 0 0 0 0
PRESSAVG: 400 0 0 0 0 0 0 0 0 0
GPRESSAVG: 400 0 0 0 0 0 0 0 0 0
Info: Benchmark time: 164 CPUs 0.00116961 s/step 0.0135372 days/ns 1042.62 MB memory
ENERGY:     400      1064.8768      1729.0701      2087.0944       160.8393            -39.9447      -773.5720         0.0000      2640.7648      3004.1490           9873.2776       301.6575      6869.1286      9899.9433       303.8628

PRESSURE: 500 0 0 0 0 0 0 0 0 0
GPRESSURE: 500 0 0 0 0 0 0 0 0 0
PRESSAVG: 500 0 0 0 0 0 0 0 0 0
GPRESSAVG: 500 0 0 0 0 0 0 0 0 0
Info: Benchmark time: 164 CPUs 0.00108012 s/step 0.0125014 days/ns 1042.62 MB memory
ENERGY:     500      1081.3795      1680.1438      2083.3240       163.9688            -40.0894      -783.1462         0.0000      2643.0747      2993.7791           9822.4342       300.6162      6828.6551      9848.2714       300.5511

PRESSURE: 600 0 0 0 0 0 0 0 0 0
GPRESSURE: 600 0 0 0 0 0 0 0 0 0
PRESSAVG: 600 0 0 0 0 0 0 0 0 0
GPRESSAVG: 600 0 0 0 0 0 0 0 0 0
Info: Benchmark time: 164 CPUs 0.00120655 s/step 0.0139647 days/ns 1042.62 MB memory
ENERGY:     600      1132.8180      1659.3641      2091.2821       170.0855            -39.1629      -801.9916         0.0000      2637.4902      3011.3940           9861.2794       302.3850      6849.8854      9880.4895       301.4298

PRESSURE: 700 0 0 0 0 0 0 0 0 0
GPRESSURE: 700 0 0 0 0 0 0 0 0 0
PRESSAVG: 700 0 0 0 0 0 0 0 0 0
GPRESSAVG: 700 0 0 0 0 0 0 0 0 0
Info: Benchmark time: 164 CPUs 0.00113769 s/step 0.0131677 days/ns 1042.62 MB memory
ENERGY:     700      1089.8644      1724.3281      2102.6143       159.6267            -39.8098      -807.6574         0.0000      2628.2547      2986.7670           9843.9880       299.9121      6857.2210      9873.1742       301.9999

PRESSURE: 800 0 0 0 0 0 0 0 0 0
GPRESSURE: 800 0 0 0 0 0 0 0 0 0
PRESSAVG: 800 0 0 0 0 0 0 0 0 0
GPRESSAVG: 800 0 0 0 0 0 0 0 0 0
Info: Benchmark time: 164 CPUs 0.0012452 s/step 0.014412 days/ns 1042.62 MB memory
ENERGY:     800      1115.9593      1655.1548      2100.3802       154.3349            -40.0347      -775.4552         0.0000      2620.9554      2926.5041           9757.7987       293.8609      6831.2946      9779.4989       297.8429

PRESSURE: 900 0 0 0 0 0 0 0 0 0
GPRESSURE: 900 0 0 0 0 0 0 0 0 0
PRESSAVG: 900 0 0 0 0 0 0 0 0 0
GPRESSAVG: 900 0 0 0 0 0 0 0 0 0
Info: Benchmark time: 164 CPUs 0.00113506 s/step 0.0131373 days/ns 1042.62 MB memory
ENERGY:     900      1067.6076      1664.5503      2100.2790       150.3466            -39.6969      -777.5657         0.0000      2617.9465      2971.1500           9754.6174       298.3440      6783.4674      9778.5971       298.4023

OPENING COORDINATE DCD FILE
WRITING COORDINATES TO DCD FILE adk-step1.dcd AT STEP 1000
WRITING COORDINATES TO RESTART FILE AT STEP 1000
FINISHED WRITING RESTART COORDINATES
The last position output (seq=1000) takes 0.007 seconds, 1042.625 MB of memory in use
WRITING VELOCITIES TO RESTART FILE AT STEP 1000
FINISHED WRITING RESTART VELOCITIES
The last velocity output (seq=1000) takes 0.002 seconds, 1042.625 MB of memory in use
PRESSURE: 1000 0 0 0 0 0 0 0 0 0
GPRESSURE: 1000 0 0 0 0 0 0 0 0 0
PRESSAVG: 1000 0 0 0 0 0 0 0 0 0
GPRESSAVG: 1000 0 0 0 0 0 0 0 0 0
TIMING: 1000  CPU: 0.292216, 0.000289613/step  Wall: 1.28356, 0.0012696/step, 0.00141067 hours remaining, 1042.625000 MB of memory in use.
ETITLE:      TS           BOND          ANGLE          DIHED          IMPRP               ELECT            VDW       BOUNDARY           MISC        KINETIC               TOTAL           TEMP      POTENTIAL         TOTAL3        TEMPAVG

ENERGY:    1000      1061.2823      1650.5633      2099.5797       140.8779            -39.3601      -778.7649         0.0000      2619.5763      2956.6702           9710.4248       296.8900      6753.7546      9733.8138       294.7346

WRITING EXTENDED SYSTEM TO RESTART FILE AT STEP 1000
PRESSURE: 1100 0 0 0 0 0 0 0 0 0
GPRESSURE: 1100 0 0 0 0 0 0 0 0 0
PRESSAVG: 1100 0 0 0 0 0 0 0 0 0
GPRESSAVG: 1100 0 0 0 0 0 0 0 0 0
ENERGY:    1100      1047.1144      1650.8789      2061.8301       157.7385            -39.2316      -766.9951         0.0000      2617.3548      2976.1532           9704.8432       298.8463      6728.6899      9726.9025       294.2658

PRESSURE: 1200 0 0 0 0 0 0 0 0 0
GPRESSURE: 1200 0 0 0 0 0 0 0 0 0
PRESSAVG: 1200 0 0 0 0 0 0 0 0 0
GPRESSAVG: 1200 0 0 0 0 0 0 0 0 0
ENERGY:    1200      1046.4110      1680.5180      2084.3196       152.1806            -39.7996      -786.2839         0.0000      2626.8179      2964.6824           9728.8462       297.6945      6764.1638      9756.6033       293.3780

PRESSURE: 1300 0 0 0 0 0 0 0 0 0
GPRESSURE: 1300 0 0 0 0 0 0 0 0 0
PRESSAVG: 1300 0 0 0 0 0 0 0 0 0
GPRESSAVG: 1300 0 0 0 0 0 0 0 0 0
ENERGY:    1300      1112.9600      1707.6508      2068.2202       144.4745            -39.7803      -760.5653         0.0000      2630.8052      3020.1356           9883.9008       303.2628      6863.7652      9910.6945       298.2051

PRESSURE: 1400 0 0 0 0 0 0 0 0 0
GPRESSURE: 1400 0 0 0 0 0 0 0 0 0
PRESSAVG: 1400 0 0 0 0 0 0 0 0 0
GPRESSAVG: 1400 0 0 0 0 0 0 0 0 0
ENERGY:    1400      1088.6902      1706.9800      2080.5137       141.9914            -39.4849      -784.9458         0.0000      2644.0377      3022.7612           9860.5435       303.5264      6837.7823      9889.0924       302.2451

PRESSURE: 1500 0 0 0 0 0 0 0 0 0
GPRESSURE: 1500 0 0 0 0 0 0 0 0 0
PRESSAVG: 1500 0 0 0 0 0 0 0 0 0
GPRESSAVG: 1500 0 0 0 0 0 0 0 0 0
ENERGY:    1500      1155.8495      1691.0966      2068.4279       157.5316            -39.5570      -761.9919         0.0000      2640.9737      3000.5251           9912.8556       301.2936      6912.3305      9932.2168       301.9378

PRESSURE: 1600 0 0 0 0 0 0 0 0 0
GPRESSURE: 1600 0 0 0 0 0 0 0 0 0
PRESSAVG: 1600 0 0 0 0 0 0 0 0 0
GPRESSAVG: 1600 0 0 0 0 0 0 0 0 0
ENERGY:    1600      1151.7394      1744.6550      2084.6710       154.4143            -39.9016      -774.7203         0.0000      2639.6818      2963.0635           9923.6031       297.5320      6960.5396      9944.5306       304.2984

PRESSURE: 1700 0 0 0 0 0 0 0 0 0
GPRESSURE: 1700 0 0 0 0 0 0 0 0 0
PRESSAVG: 1700 0 0 0 0 0 0 0 0 0
GPRESSAVG: 1700 0 0 0 0 0 0 0 0 0
ENERGY:    1700      1132.7064      1710.0455      2047.5896       155.6207            -39.0385      -762.0700         0.0000      2640.7263      3009.8229           9895.4029       302.2272      6885.5800      9921.5530       303.7603

PRESSURE: 1800 0 0 0 0 0 0 0 0 0
GPRESSURE: 1800 0 0 0 0 0 0 0 0 0
PRESSAVG: 1800 0 0 0 0 0 0 0 0 0
GPRESSAVG: 1800 0 0 0 0 0 0 0 0 0
ENERGY:    1800      1079.2316      1764.4577      2081.4115       148.5532            -40.6745      -774.8003         0.0000      2636.2049      3061.5646           9955.9487       307.4228      6894.3842      9977.5942       305.8477

PRESSURE: 1900 0 0 0 0 0 0 0 0 0
GPRESSURE: 1900 0 0 0 0 0 0 0 0 0
PRESSAVG: 1900 0 0 0 0 0 0 0 0 0
GPRESSAVG: 1900 0 0 0 0 0 0 0 0 0
ENERGY:    1900      1118.8189      1736.5992      2097.2503       150.7926            -40.9271      -770.9722         0.0000      2632.7081      3051.3523           9975.6221       306.3974      6924.2698     10000.7858       306.6712

WRITING COORDINATES TO DCD FILE adk-step1.dcd AT STEP 2000
WRITING COORDINATES TO RESTART FILE AT STEP 2000
FINISHED WRITING RESTART COORDINATES
The last position output (seq=2000) takes 0.004 seconds, 1042.625 MB of memory in use
WRITING VELOCITIES TO RESTART FILE AT STEP 2000
FINISHED WRITING RESTART VELOCITIES
The last velocity output (seq=2000) takes 0.003 seconds, 1042.625 MB of memory in use
PRESSURE: 2000 0 0 0 0 0 0 0 0 0
GPRESSURE: 2000 0 0 0 0 0 0 0 0 0
PRESSAVG: 2000 0 0 0 0 0 0 0 0 0
GPRESSAVG: 2000 0 0 0 0 0 0 0 0 0
TIMING: 2000  CPU: 0.523431, 0.000231215/step  Wall: 2.65241, 0.00136885/step, 0.00114071 hours remaining, 1042.625000 MB of memory in use.
ETITLE:      TS           BOND          ANGLE          DIHED          IMPRP               ELECT            VDW       BOUNDARY           MISC        KINETIC               TOTAL           TEMP      POTENTIAL         TOTAL3        TEMPAVG

ENERGY:    2000      1133.7345      1670.5555      2095.0587       175.4284            -40.3105      -751.0653         0.0000      2626.1502      2983.5400           9893.0916       299.5881      6909.5515      9921.9418       304.2706

WRITING EXTENDED SYSTEM TO RESTART FILE AT STEP 2000
PRESSURE: 2100 0 0 0 0 0 0 0 0 0
GPRESSURE: 2100 0 0 0 0 0 0 0 0 0
PRESSAVG: 2100 0 0 0 0 0 0 0 0 0
GPRESSAVG: 2100 0 0 0 0 0 0 0 0 0
ENERGY:    2100      1116.4727      1674.0094      2093.9938       165.0878            -40.4873      -755.8724         0.0000      2618.0278      3027.0981           9898.3300       303.9619      6871.2319      9918.8394       302.3529

PRESSURE: 2200 0 0 0 0 0 0 0 0 0
GPRESSURE: 2200 0 0 0 0 0 0 0 0 0
PRESSAVG: 2200 0 0 0 0 0 0 0 0 0
GPRESSAVG: 2200 0 0 0 0 0 0 0 0 0
ENERGY:    2200      1100.3217      1668.2773      2108.0576       146.9895            -40.8409      -787.2131         0.0000      2616.8203      2965.6656           9778.0779       297.7932      6812.4123      9802.8399       302.7737

PRESSURE: 2300 0 0 0 0 0 0 0 0 0
GPRESSURE: 2300 0 0 0 0 0 0 0 0 0
PRESSAVG: 2300 0 0 0 0 0 0 0 0 0
GPRESSAVG: 2300 0 0 0 0 0 0 0 0 0
ENERGY:    2300      1114.4090      1637.6698      2063.8973       160.1357            -40.7577      -780.2951         0.0000      2618.4703      3021.0917           9794.6210       303.3588      6773.5294      9818.6093       297.6727

PRESSURE: 2400 0 0 0 0 0 0 0 0 0
GPRESSURE: 2400 0 0 0 0 0 0 0 0 0
PRESSAVG: 2400 0 0 0 0 0 0 0 0 0
GPRESSAVG: 2400 0 0 0 0 0 0 0 0 0
ENERGY:    2400      1110.2653      1691.8421      2045.3566       153.6991            -41.5933      -770.4330         0.0000      2621.9065      2959.4183           9770.4616       297.1659      6811.0433      9794.4636       300.5538

PRESSURE: 2500 0 0 0 0 0 0 0 0 0
GPRESSURE: 2500 0 0 0 0 0 0 0 0 0
PRESSAVG: 2500 0 0 0 0 0 0 0 0 0
GPRESSAVG: 2500 0 0 0 0 0 0 0 0 0
ENERGY:    2500      1121.6548      1693.7794      2048.4125       165.8387            -40.9671      -788.5421         0.0000      2621.8420      2939.0946           9761.1128       295.1252      6822.0181      9784.5115       298.4003

PRESSURE: 2600 0 0 0 0 0 0 0 0 0
GPRESSURE: 2600 0 0 0 0 0 0 0 0 0
PRESSAVG: 2600 0 0 0 0 0 0 0 0 0
GPRESSAVG: 2600 0 0 0 0 0 0 0 0 0
ENERGY:    2600      1103.3488      1710.7750      2027.7049       150.4107            -40.1415      -781.9669         0.0000      2624.9484      3001.7556           9796.8350       301.4172      6795.0794      9819.4233       297.6174

PRESSURE: 2700 0 0 0 0 0 0 0 0 0
GPRESSURE: 2700 0 0 0 0 0 0 0 0 0
PRESSAVG: 2700 0 0 0 0 0 0 0 0 0
GPRESSAVG: 2700 0 0 0 0 0 0 0 0 0
ENERGY:    2700      1082.5433      1665.2497      2048.1387       140.7712            -40.7345      -745.6585         0.0000      2614.3618      2938.8821           9703.5539       295.1038      6764.6718      9725.0545       297.2940

PRESSURE: 2800 0 0 0 0 0 0 0 0 0
GPRESSURE: 2800 0 0 0 0 0 0 0 0 0
PRESSAVG: 2800 0 0 0 0 0 0 0 0 0
GPRESSAVG: 2800 0 0 0 0 0 0 0 0 0
ENERGY:    2800      1073.5158      1689.7409      2055.0878       148.0074            -40.6490      -777.2207         0.0000      2617.5763      3001.9531           9768.0116       301.4370      6766.0585      9796.4133       295.9403

PRESSURE: 2900 0 0 0 0 0 0 0 0 0
GPRESSURE: 2900 0 0 0 0 0 0 0 0 0
PRESSAVG: 2900 0 0 0 0 0 0 0 0 0
GPRESSAVG: 2900 0 0 0 0 0 0 0 0 0
ENERGY:    2900      1110.8949      1714.6995      2046.4168       151.0932            -41.2572      -771.1901         0.0000      2609.9375      2958.6848           9779.2794       297.0923      6820.5946      9799.3240       301.2889

WRITING COORDINATES TO DCD FILE adk-step1.dcd AT STEP 3000
WRITING COORDINATES TO RESTART FILE AT STEP 3000
FINISHED WRITING RESTART COORDINATES
The last position output (seq=3000) takes 0.003 seconds, 1042.625 MB of memory in use
WRITING VELOCITIES TO RESTART FILE AT STEP 3000
FINISHED WRITING RESTART VELOCITIES
The last velocity output (seq=3000) takes 0.002 seconds, 1042.625 MB of memory in use
PRESSURE: 3000 0 0 0 0 0 0 0 0 0
GPRESSURE: 3000 0 0 0 0 0 0 0 0 0
PRESSAVG: 3000 0 0 0 0 0 0 0 0 0
GPRESSAVG: 3000 0 0 0 0 0 0 0 0 0
TIMING: 3000  CPU: 0.752624, 0.000229193/step  Wall: 3.80137, 0.00114896/step, 0.00063831 hours remaining, 1042.625000 MB of memory in use.
ETITLE:      TS           BOND          ANGLE          DIHED          IMPRP               ELECT            VDW       BOUNDARY           MISC        KINETIC               TOTAL           TEMP      POTENTIAL         TOTAL3        TEMPAVG

ENERGY:    3000      1086.3130      1705.8541      2063.2143       137.4090            -40.3829      -767.9217         0.0000      2607.6835      3005.6177           9797.7871       301.8050      6792.1694      9822.1507       299.7347

WRITING EXTENDED SYSTEM TO RESTART FILE AT STEP 3000
PRESSURE: 3100 0 0 0 0 0 0 0 0 0
GPRESSURE: 3100 0 0 0 0 0 0 0 0 0
PRESSAVG: 3100 0 0 0 0 0 0 0 0 0
GPRESSAVG: 3100 0 0 0 0 0 0 0 0 0
ENERGY:    3100      1061.9995      1703.4593      2094.0099       147.3037            -40.3807      -800.5910         0.0000      2611.9142      3017.7776           9795.4925       303.0260      6777.7149      9821.6084       299.7808

PRESSURE: 3200 0 0 0 0 0 0 0 0 0
GPRESSURE: 3200 0 0 0 0 0 0 0 0 0
PRESSAVG: 3200 0 0 0 0 0 0 0 0 0
GPRESSAVG: 3200 0 0 0 0 0 0 0 0 0
ENERGY:    3200      1100.7232      1691.9234      2094.7838       149.1738            -38.9254      -765.9475         0.0000      2609.1491      2955.9317           9796.8119       296.8158      6840.8802      9822.8721       298.6573

PRESSURE: 3300 0 0 0 0 0 0 0 0 0
GPRESSURE: 3300 0 0 0 0 0 0 0 0 0
PRESSAVG: 3300 0 0 0 0 0 0 0 0 0
GPRESSAVG: 3300 0 0 0 0 0 0 0 0 0
ENERGY:    3300      1096.0752      1635.0867      2081.6193       159.5905            -39.4014      -776.2139         0.0000      2615.1142      3007.4650           9779.3356       301.9905      6771.8706      9804.6608       299.1059

PRESSURE: 3400 0 0 0 0 0 0 0 0 0
GPRESSURE: 3400 0 0 0 0 0 0 0 0 0
PRESSAVG: 3400 0 0 0 0 0 0 0 0 0
GPRESSAVG: 3400 0 0 0 0 0 0 0 0 0
ENERGY:    3400      1066.5082      1740.5073      2088.5708       159.9556            -39.7877      -795.7052         0.0000      2615.4240      2942.4812           9777.9542       295.4652      6835.4730      9804.7128       300.9268

PRESSURE: 3500 0 0 0 0 0 0 0 0 0
GPRESSURE: 3500 0 0 0 0 0 0 0 0 0
PRESSAVG: 3500 0 0 0 0 0 0 0 0 0
GPRESSAVG: 3500 0 0 0 0 0 0 0 0 0
ENERGY:    3500      1093.6178      1692.5783      2096.1335       146.0089            -39.5795      -777.1149         0.0000      2612.8961      2967.2475           9791.7877       297.9521      6824.5403      9813.3570       300.3896

PRESSURE: 3600 0 0 0 0 0 0 0 0 0
GPRESSURE: 3600 0 0 0 0 0 0 0 0 0
PRESSAVG: 3600 0 0 0 0 0 0 0 0 0
GPRESSAVG: 3600 0 0 0 0 0 0 0 0 0
ENERGY:    3600      1083.9683      1736.7999      2058.9997       149.3291            -38.7213      -773.1903         0.0000      2615.1289      3008.3393           9840.6538       302.0783      6832.3145      9865.2869       302.5576

PRESSURE: 3700 0 0 0 0 0 0 0 0 0
GPRESSURE: 3700 0 0 0 0 0 0 0 0 0
PRESSAVG: 3700 0 0 0 0 0 0 0 0 0
GPRESSAVG: 3700 0 0 0 0 0 0 0 0 0
ENERGY:    3700      1087.4580      1680.2190      2072.9692       146.1823            -39.1040      -765.0563         0.0000      2621.3267      2997.6656           9801.6604       301.0065      6803.9948      9828.6957       301.6312

PRESSURE: 3800 0 0 0 0 0 0 0 0 0
GPRESSURE: 3800 0 0 0 0 0 0 0 0 0
PRESSAVG: 3800 0 0 0 0 0 0 0 0 0
GPRESSAVG: 3800 0 0 0 0 0 0 0 0 0
ENERGY:    3800      1122.5768      1691.6568      2059.4573       170.6377            -39.7407      -792.9016         0.0000      2617.9345      2982.9747           9812.5954       299.5313      6829.6208      9831.7728       299.1715

PRESSURE: 3900 0 0 0 0 0 0 0 0 0
GPRESSURE: 3900 0 0 0 0 0 0 0 0 0
PRESSAVG: 3900 0 0 0 0 0 0 0 0 0
GPRESSAVG: 3900 0 0 0 0 0 0 0 0 0
ENERGY:    3900      1089.9774      1755.5474      2098.8327       153.7355            -40.6877      -780.2321         0.0000      2609.0513      2967.8733           9854.0979       298.0149      6886.2245      9877.0958       302.1036

WRITING COORDINATES TO DCD FILE adk-step1.dcd AT STEP 4000
WRITING COORDINATES TO RESTART FILE AT STEP 4000
FINISHED WRITING RESTART COORDINATES
The last position output (seq=4000) takes 0.004 seconds, 1042.625 MB of memory in use
WRITING VELOCITIES TO RESTART FILE AT STEP 4000
FINISHED WRITING RESTART VELOCITIES
The last velocity output (seq=4000) takes 0.002 seconds, 1042.625 MB of memory in use
PRESSURE: 4000 0 0 0 0 0 0 0 0 0
GPRESSURE: 4000 0 0 0 0 0 0 0 0 0
PRESSAVG: 4000 0 0 0 0 0 0 0 0 0
GPRESSAVG: 4000 0 0 0 0 0 0 0 0 0
TIMING: 4000  CPU: 0.979592, 0.000226968/step  Wall: 4.97229, 0.00117092/step, 0.000325256 hours remaining, 1042.625000 MB of memory in use.
ETITLE:      TS           BOND          ANGLE          DIHED          IMPRP               ELECT            VDW       BOUNDARY           MISC        KINETIC               TOTAL           TEMP      POTENTIAL         TOTAL3        TEMPAVG

ENERGY:    4000      1089.2518      1707.1455      2096.9330       154.2091            -41.0889      -759.8699         0.0000      2602.5889      3009.7304           9858.9000       302.2179      6849.1695      9880.8007       302.0183

WRITING EXTENDED SYSTEM TO RESTART FILE AT STEP 4000
PRESSURE: 4100 0 0 0 0 0 0 0 0 0
GPRESSURE: 4100 0 0 0 0 0 0 0 0 0
PRESSAVG: 4100 0 0 0 0 0 0 0 0 0
GPRESSAVG: 4100 0 0 0 0 0 0 0 0 0
ENERGY:    4100      1073.4040      1703.7575      2042.5585       160.2525            -39.9443      -761.3793         0.0000      2599.9867      3048.5985           9827.2342       306.1208      6778.6357      9852.5448       301.6226

PRESSURE: 4200 0 0 0 0 0 0 0 0 0
GPRESSURE: 4200 0 0 0 0 0 0 0 0 0
PRESSAVG: 4200 0 0 0 0 0 0 0 0 0
GPRESSAVG: 4200 0 0 0 0 0 0 0 0 0
ENERGY:    4200      1106.3826      1740.5321      2078.3808       158.8189            -38.8899      -807.8239         0.0000      2605.1113      3013.1650           9855.6769       302.5628      6842.5119      9881.3404       301.8363

LDB: ============= START OF LOAD BALANCING ============== 6.62177
LDB: ============== END OF LOAD BALANCING =============== 6.62198
Info: useSync: 1 useProxySync: 0
LDB: =============== DONE WITH MIGRATION ================ 6.62265
PRESSURE: 4300 0 0 0 0 0 0 0 0 0
GPRESSURE: 4300 0 0 0 0 0 0 0 0 0
PRESSAVG: 4300 0 0 0 0 0 0 0 0 0
GPRESSAVG: 4300 0 0 0 0 0 0 0 0 0
ENERGY:    4300      1115.1123      1678.4361      2092.6765       147.6418            -39.6369      -777.9038         0.0000      2602.8161      3073.5436           9892.6858       308.6257      6819.1422      9914.7427       304.5613

LDB: ============= START OF LOAD BALANCING ============== 6.74801
LDB: 256 computes have load of zero
LDB: Largest compute 1584 load 0.008438 is 30.2% of average load 0.027907
LDB: Average compute 0.001100 is 3.9% of average load 0.027907
LDB: TIME 6.75053 LOAD: AVG 0.0279071 MAX 0.037916  PROXIES: TOTAL 601 MAXPE 12 MAXPATCH 10 None MEM: 1042.62 MB
LDB: TIME 6.7512 LOAD: AVG 0.0279071 MAX 0.037916  PROXIES: TOTAL 925 MAXPE 14 MAXPATCH 30 RefineTorusLB MEM: 1042.62 MB
LDB: TIME 6.75411 LOAD: AVG 0.0279071 MAX 0.0361846  PROXIES: TOTAL 915 MAXPE 14 MAXPATCH 28 RefineTorusLB MEM: 1042.62 MB
LDB: ============== END OF LOAD BALANCING =============== 6.75527
Info: build node-aware spanning tree with send: 1, recv: 0 with branch factor 4
Info: useSync: 1 useProxySync: 0
LDB: =============== DONE WITH MIGRATION ================ 6.75946
PRESSURE: 4400 0 0 0 0 0 0 0 0 0
GPRESSURE: 4400 0 0 0 0 0 0 0 0 0
PRESSAVG: 4400 0 0 0 0 0 0 0 0 0
GPRESSAVG: 4400 0 0 0 0 0 0 0 0 0
ENERGY:    4400      1095.3844      1699.5836      2060.7636       155.2648            -41.3780      -762.1608         0.0000      2597.3341      3061.3667           9866.1583       307.4029      6804.7916      9891.2145       306.5377

PRESSURE: 4500 0 0 0 0 0 0 0 0 0
GPRESSURE: 4500 0 0 0 0 0 0 0 0 0
PRESSAVG: 4500 0 0 0 0 0 0 0 0 0
GPRESSAVG: 4500 0 0 0 0 0 0 0 0 0
ENERGY:    4500      1076.3226      1687.1006      2083.5202       154.3383            -40.4134      -780.6439         0.0000      2602.9371      3056.5213           9839.6828       306.9164      6783.1615      9865.0978       305.7764

PRESSURE: 4600 0 0 0 0 0 0 0 0 0
GPRESSURE: 4600 0 0 0 0 0 0 0 0 0
PRESSAVG: 4600 0 0 0 0 0 0 0 0 0
GPRESSAVG: 4600 0 0 0 0 0 0 0 0 0
ENERGY:    4600      1103.0779      1748.9465      2083.3927       162.5159            -40.2239      -814.2550         0.0000      2604.2918      2982.1261           9829.8720       299.4461      6847.7460      9852.8330       300.8346

PRESSURE: 4700 0 0 0 0 0 0 0 0 0
GPRESSURE: 4700 0 0 0 0 0 0 0 0 0
PRESSAVG: 4700 0 0 0 0 0 0 0 0 0
GPRESSAVG: 4700 0 0 0 0 0 0 0 0 0
ENERGY:    4700      1108.8965      1715.7100      2069.5749       163.3021            -39.7317      -783.4519         0.0000      2604.6540      3024.8887           9863.8425       303.7400      6838.9538      9888.4386       303.5251

PRESSURE: 4800 0 0 0 0 0 0 0 0 0
GPRESSURE: 4800 0 0 0 0 0 0 0 0 0
PRESSAVG: 4800 0 0 0 0 0 0 0 0 0
GPRESSAVG: 4800 0 0 0 0 0 0 0 0 0
ENERGY:    4800      1096.2035      1699.1617      2090.2020       154.5611            -39.3417      -760.7470         0.0000      2608.4775      3035.1804           9883.6977       304.7735      6848.5173      9909.2608       302.5419

PRESSURE: 4900 0 0 0 0 0 0 0 0 0
GPRESSURE: 4900 0 0 0 0 0 0 0 0 0
PRESSAVG: 4900 0 0 0 0 0 0 0 0 0
GPRESSAVG: 4900 0 0 0 0 0 0 0 0 0
ENERGY:    4900      1093.4513      1677.3545      2085.9963       150.6644            -39.1470      -764.9605         0.0000      2609.4479      3050.6574           9863.4644       306.3276      6812.8070      9895.1609       302.8192

WRITING COORDINATES TO DCD FILE adk-step1.dcd AT STEP 5000
WRITING COORDINATES TO RESTART FILE AT STEP 5000
FINISHED WRITING RESTART COORDINATES
The last position output (seq=5000) takes 0.003 seconds, 1042.625 MB of memory in use
PRESSURE: 5000 0 0 0 0 0 0 0 0 0
GPRESSURE: 5000 0 0 0 0 0 0 0 0 0
PRESSAVG: 5000 0 0 0 0 0 0 0 0 0
GPRESSAVG: 5000 0 0 0 0 0 0 0 0 0
TIMING: 5000  CPU: 1.22052, 0.000240927/step  Wall: 6.15274, 0.00118045/step, 0 hours remaining, 1042.625000 MB of memory in use.
ETITLE:      TS           BOND          ANGLE          DIHED          IMPRP               ELECT            VDW       BOUNDARY           MISC        KINETIC               TOTAL           TEMP      POTENTIAL         TOTAL3        TEMPAVG

ENERGY:    5000      1070.2549      1717.5639      2053.8634       150.1753            -39.6608      -771.5776         0.0000      2609.8788      3047.9838           9838.4816       306.0591      6790.4978      9859.2585       302.1523

WRITING EXTENDED SYSTEM TO RESTART FILE AT STEP 5000
WRITING VELOCITIES TO RESTART FILE AT STEP 5000
FINISHED WRITING RESTART VELOCITIES
The last velocity output (seq=5000) takes 0.002 seconds, 1042.625 MB of memory in use
WRITING EXTENDED SYSTEM TO OUTPUT FILE AT STEP 5000
WRITING COORDINATES TO OUTPUT FILE AT STEP 5000
CLOSING COORDINATE DCD FILE adk-step1.dcd
The last position output (seq=-2) takes 0.003 seconds, 1042.625 MB of memory in use
WRITING VELOCITIES TO OUTPUT FILE AT STEP 5000
====================================================

WallClock: 7.463463  CPUTime: 2.336867  Memory: 1042.625000 MB
[Partition 0][Node 0] End of program
