0_11_cc.dat
/gpfs/alpine/bip115/scratch/hrlee/radical.pilot.sandbox/re.session.login1.hrlee.018632.0003/pilot.0000/staging_area/0_11_cc.dat
0, 11
Choosing optimized barrier algorithm name I0:HybridBinomial:SHMEM:P2P
Converse/Charm++ Commit ID: v6.10.2-0-g7bf00fa-namd-charm-6.10.2-build-2020-Aug-05-556
Warning> Randomization of virtual memory (ASLR) is turned on in the kernel, thread migration may not work! Run 'echo 0 > /proc/sys/kernel/randomize_va_space' as root to disable it, or try running with '+isomalloc_sync'.
CharmLB> Load balancer assumes all CPUs are same.
Charm++> Running on 1 hosts (1 sockets x 7 cores x 4 PUs = 28-way SMP)
Charm++> cpu topology info is gathered in 0.006 seconds.
Info: Built with CUDA version 10010
Did not find +devices i,j,k,... argument, using all
Pe 6 physical rank 6 will use CUDA device of pe 4
Pe 12 physical rank 12 will use CUDA device of pe 7
Pe 41 physical rank 41 will use CUDA device of pe 35
Pe 3 physical rank 3 will use CUDA device of pe 4
Pe 13 physical rank 13 will use CUDA device of pe 7
Pe 37 physical rank 37 will use CUDA device of pe 35
Pe 11 physical rank 11 will use CUDA device of pe 7
Pe 17 physical rank 17 will use CUDA device of pe 14
Pe 23 physical rank 23 will use CUDA device of pe 21
Pe 31 physical rank 31 will use CUDA device of pe 28
Pe 2 physical rank 2 will use CUDA device of pe 4
Pe 9 physical rank 9 will use CUDA device of pe 7
Pe 16 physical rank 16 will use CUDA device of pe 14
Pe 27 physical rank 27 will use CUDA device of pe 21
Pe 33 physical rank 33 will use CUDA device of pe 28
Pe 19 physical rank 19 will use CUDA device of pe 14
Pe 26 physical rank 26 will use CUDA device of pe 21
Pe 34 physical rank 34 will use CUDA device of pe 28
Pe 18 physical rank 18 will use CUDA device of pe 14
Pe 25 physical rank 25 will use CUDA device of pe 21
Pe 30 physical rank 30 will use CUDA device of pe 28
Pe 39 physical rank 39 will use CUDA device of pe 35
Pe 5 physical rank 5 will use CUDA device of pe 4
Pe 10 physical rank 10 will use CUDA device of pe 7
Pe 20 physical rank 20 will use CUDA device of pe 14
Pe 24 physical rank 24 will use CUDA device of pe 21
Pe 32 physical rank 32 will use CUDA device of pe 28
Pe 40 physical rank 40 will use CUDA device of pe 35
Pe 8 physical rank 8 will use CUDA device of pe 7
Pe 15 physical rank 15 will use CUDA device of pe 14
Pe 22 physical rank 22 will use CUDA device of pe 21
Pe 29 physical rank 29 will use CUDA device of pe 28
Pe 36 physical rank 36 will use CUDA device of pe 35
Pe 1 physical rank 1 will use CUDA device of pe 4
Pe 38 physical rank 38 will use CUDA device of pe 35
Pe 0 physical rank 0 will use CUDA device of pe 4
Pe 4 physical rank 4 binding to CUDA device 0 on g24n18: 'Tesla V100-SXM2-16GB'  Mem: 16128MB  Rev: 7.0  PCI: 4:4:0
Pe 7 physical rank 7 binding to CUDA device 0 on g24n18: 'Tesla V100-SXM2-16GB'  Mem: 16128MB  Rev: 7.0  PCI: 4:5:0
Pe 14 physical rank 14 binding to CUDA device 0 on g24n18: 'Tesla V100-SXM2-16GB'  Mem: 16128MB  Rev: 7.0  PCI: 4:6:0
Pe 21 physical rank 21 binding to CUDA device 0 on g24n18: 'Tesla V100-SXM2-16GB'  Mem: 16128MB  Rev: 7.0  PCI: 35:3:0
Pe 28 physical rank 28 binding to CUDA device 0 on g24n18: 'Tesla V100-SXM2-16GB'  Mem: 16128MB  Rev: 7.0  PCI: 35:4:0
Pe 35 physical rank 35 binding to CUDA device 0 on g24n18: 'Tesla V100-SXM2-16GB'  Mem: 16128MB  Rev: 7.0  PCI: 35:5:0
Info: NAMD 2.14 for Linux-POWER-pami-smp-Summit-CUDA
Info: 
Info: Please visit http://www.ks.uiuc.edu/Research/namd/
Info: for updates, documentation, and support information.
Info: 
Info: Please cite Phillips et al., J. Chem. Phys. 153:044130 (2020) doi:10.1063/5.0014475
Info: in all publications reporting results obtained with NAMD.
Info: 
Info: Based on Charm++/Converse 61002 for pami-linux-ppc64le-smp
Info: Built Wed Aug 5 14:28:51 EDT 2020 by jimp on login2
Info: 1 NAMD  2.14  Linux-POWER-pami-smp-Summit-CUDA  42    g24n18  hrlee
Info: Running on 42 processors, 6 nodes, 1 physical nodes.
Info: CPU topology information available.
Info: Charm++/Converse parallel runtime startup completed at 1.37339 s
CkLoopLib is used in SMP with simple dynamic scheduling (converse-level notification)
Info: 791.75 MB of memory in use based on /proc/self/stat
Info: Configuration file is adk-step1.namd
Info: Working in the current directory /gpfs/alpine/bip115/scratch/hrlee/radical.pilot.sandbox/re.session.login1.hrlee.018632.0003/pilot.0000/unit.000821
TCL: Suspending until startup complete.
Info: SIMULATION PARAMETERS:
Info: TIMESTEP               1
Info: NUMBER OF STEPS        0
Info: STEPS PER CYCLE        20
Info: LOAD BALANCER  Centralized
Info: LOAD BALANCING STRATEGY  New Load Balancers -- DEFAULT
Info: LDB PERIOD             4000 steps
Info: FIRST LDB TIMESTEP     100
Info: LAST LDB TIMESTEP     -1
Info: LDB BACKGROUND SCALING 1
Info: HOM BACKGROUND SCALING 1
Info: MIN ATOMS PER PATCH    40
Info: VELOCITY FILE          0_11_adk-step1.restart.vel
Info: CENTER OF MASS MOVING INITIALLY? NO
Info: DIELECTRIC             80
Info: EXCLUDE                SCALED ONE-FOUR
Info: 1-4 ELECTROSTATICS SCALED BY 1
Info: MODIFIED 1-4 VDW PARAMETERS WILL BE USED
Info: DCD FILENAME           adk-step1.dcd
Info: DCD FREQUENCY          1000
Info: DCD FIRST STEP         1000
Info: NO EXTENDED SYSTEM TRAJECTORY OUTPUT
Info: NO VELOCITY DCD OUTPUT
Info: NO FORCE DCD OUTPUT
Info: OUTPUT FILENAME        adk-step1
Info: BINARY OUTPUT FILES WILL BE USED
Info: RESTART FILENAME       adk-step1.restart
Info: RESTART FREQUENCY      1000
Info: BINARY RESTART FILES WILL BE USED
Info: SWITCHING ACTIVE
Info: SWITCHING ON           9
Info: SWITCHING OFF          10
Info: PAIRLIST DISTANCE      11
Info: PAIRLIST SHRINK RATE   0.01
Info: PAIRLIST GROW RATE     0.01
Info: PAIRLIST TRIGGER       0.3
Info: PAIRLISTS PER CYCLE    2
Info: PAIRLISTS ENABLED
Info: MARGIN                 0
Info: HYDROGEN GROUP CUTOFF  2.5
Info: PATCH DIMENSION        13.5
Info: ENERGY OUTPUT STEPS    100
Info: CROSSTERM ENERGY INCLUDED IN DIHEDRAL
Info: TIMING OUTPUT STEPS    1000
Info: PRESSURE OUTPUT STEPS  100
Info: GRID FORCE ACTIVE
Info:  Please include this reference in published work using
Info:  the Gridforce module of NAMD: David Wells, Volha Abramkina,
Info:  and Aleksei Aksimentiev, J. Chem. Phys. 127:125101-10 (2007).
Info: MGRIDFORCE key 0
Info:            Potfile 4ake-target_autopsf-grid.dx
Info:            Scale 0.3 0.3 0.3
Info:            File 1ake-docked-noh_autopsf-grid.pdb
Info:            Col O
Info:            ChargeCol B
Info:            VOffset 0 0 0
Info:            Continuous K1 FALSE
Info:            Continuous K2 FALSE
Info:            Continuous K3 FALSE
Info:            Volts FALSE
Info:            Gridforce-Lite FALSE
Info:            Gridforce-CheckSize TRUE
Info: LANGEVIN DYNAMICS ACTIVE
Info: LANGEVIN TEMPERATURE   300
Info: LANGEVIN USING BBK INTEGRATOR
Info: LANGEVIN DAMPING COEFFICIENT IS 5 INVERSE PS
Info: LANGEVIN DYNAMICS NOT APPLIED TO HYDROGENS
Info: USING VERLET I (r-RESPA) MTS SCHEME.
Info: C1 SPLITTING OF LONG RANGE ELECTROSTATICS
Info: PLACING ATOMS IN PATCHES BY HYDROGEN GROUPS
Info: RIGID BONDS TO HYDROGEN : WATER
Info:         ERROR TOLERANCE : 1e-08
Info:          MAX ITERATIONS : 100
Info: RIGID WATER USING SETTLE ALGORITHM
Info: NONBONDED FORCES EVALUATED EVERY 2 STEPS
Info: RANDOM NUMBER SEED     1609822407
Info: USE HYDROGEN BONDS?    NO
Info: COORDINATE PDB         1ake-docked-noh_autopsf.pdb
Info: STRUCTURE FILE         1ake-docked-noh_autopsf.psf
Info: PARAMETER file: CHARMM format! 
Info: PARAMETERS             par_all36_prot.prm
Info: USING ARITHMETIC MEAN TO COMBINE L-J SIGMA PARAMETERS
Info: BINARY COORDINATES     0_11_adk-step1.restart.coor
Info: SUMMARY OF PARAMETERS:
Info: 132 BONDS
Info: 362 ANGLES
Info: 702 DIHEDRAL
Info: 35 IMPROPER
Info: 6 CROSSTERM
Info: 53 VDW
Info: 0 VDW_PAIRS
Info: 0 NBTHOLE_PAIRS
Info: TIME FOR READING PSF FILE: 0.354158
Info: READING EXTRA BONDS FILE 1ake-extrabonds.txt
Info: READING EXTRA BONDS FILE 1ake-extrabonds-cispeptide.txt
Info: READING EXTRA BONDS FILE 1ake-extrabonds-chirality.txt
Info: READ 80 EXTRA BONDS
Info: READ 80 EXTRA ANGLES
Warning: EXTRA ANGLES ARE COSINE-BASED BY DEFAULT TO MATCH PREVIOUS VERSIONS
Warning: FOR NORMAL HARMONIC EXTRA ANGLES SET extraBondsCosAngles off
Info: READ 493 EXTRA DIHEDRALS
Info: READ 438 EXTRA IMPROPERS
Info: Reading pdb file 1ake-docked-noh_autopsf.pdb
Info: TIME FOR READING PDB FILE: 0.0577129
Info: 
Info: ****************************
Info: STRUCTURE SUMMARY:
Info: 3341 ATOMS
Info: 3445 BONDS
Info: 6203 ANGLES
Info: 9414 DIHEDRALS
Info: 1005 IMPROPERS
Info: 212 CROSSTERMS
Info: 0 EXCLUSIONS
Info: 0 RIGID BONDS
Info: 1 GRIDS ACTIVE
Info: 10023 DEGREES OF FREEDOM
Info: 1656 HYDROGEN GROUPS
Info: 4 ATOMS IN LARGEST HYDROGEN GROUP
Info: 1656 MIGRATION GROUPS
Info: 4 ATOMS IN LARGEST MIGRATION GROUP
Info: TOTAL MASS = 23582 amu
Info: TOTAL CHARGE = -4 e
Info: *****************************
Info: Reading from binary file 0_11_adk-step1.restart.coor
Info: 
Info: Entering startup at 2.1666 s, 798.875 MB of memory in use
Info: Startup phase 0 took 0.000252144 s, 798.875 MB of memory in use
Info: ADDED 18308 IMPLICIT EXCLUSIONS
Info: Startup phase 1 took 0.00773643 s, 799.125 MB of memory in use
Info: NONBONDED TABLE R-SQUARED SPACING: 0.0625
Info: NONBONDED TABLE SIZE: 705 POINTS
Info: ABSOLUTE IMPRECISION IN FAST TABLE ENERGY: 3.38813e-21 AT 9.89634
Info: RELATIVE IMPRECISION IN FAST TABLE ENERGY: 4.23384e-15 AT 9.94673
Info: ABSOLUTE IMPRECISION IN FAST TABLE FORCE: 6.35275e-22 AT 9.94673
Info: RELATIVE IMPRECISION IN FAST TABLE FORCE: 5.07982e-16 AT 9.94673
Info: INCONSISTENCY IN FAST TABLE ENERGY VS FORCE: 0.000290185 AT 0.251946
Info: ABSOLUTE IMPRECISION IN VDWA TABLE ENERGY: 1.57772e-30 AT 9.89634
Info: RELATIVE IMPRECISION IN VDWA TABLE ENERGY: 4.54938e-15 AT 9.94673
Info: ABSOLUTE IMPRECISION IN VDWA TABLE FORCE: 5.91646e-31 AT 9.94673
Info: RELATIVE IMPRECISION IN VDWA TABLE FORCE: 5.6823e-16 AT 9.94673
Info: INCONSISTENCY IN VDWA TABLE ENERGY VS FORCE: 0.0040507 AT 0.251946
Info: ABSOLUTE IMPRECISION IN VDWB TABLE ENERGY: 4.71751e-25 AT 9.94673
Info: RELATIVE IMPRECISION IN VDWB TABLE ENERGY: 1.45371e-14 AT 9.94673
Info: ABSOLUTE IMPRECISION IN VDWB TABLE FORCE: 6.20385e-25 AT 9.94673
Info: RELATIVE IMPRECISION IN VDWB TABLE FORCE: 5.97512e-16 AT 9.94673
Info: INCONSISTENCY IN VDWB TABLE ENERGY VS FORCE: 0.00377068 AT 9.07951
Info: Startup phase 2 took 0.000535567 s, 800.375 MB of memory in use
Info: Startup phase 3 took 0.000191609 s, 800.375 MB of memory in use
Info: Startup phase 4 took 0.000296561 s, 800.5 MB of memory in use
Info: Startup phase 5 took 0.000176553 s, 800.562 MB of memory in use
Info: ORIGINAL ATOMS MINMAX IS -20.9326 -33.607 -37.6809  17.3652 20.3607 17.0212
Info: ADJUSTED ATOMS MINMAX IS -16.5618 -27.7272 -32.0016  11.7697 11.8488 8.36348
Info: PATCH GRID IS 5 BY 3 BY 3
Info: PATCH GRID IS 2-AWAY BY 1-AWAY BY 1-AWAY
Info: Reading from binary file 0_11_adk-step1.restart.vel
Info: REMOVING COM VELOCITY 0.0751881 0.0295373 -0.167472
Info: LARGEST PATCH (11) HAS 202 ATOMS
Info: TORUS A SIZE 1 USING 0
Info: TORUS B SIZE 1 USING 0
Info: TORUS C SIZE 1 USING 0
Info: TORUS MINIMAL MESH SIZE IS 1 BY 1 BY 1
Info: Placed 100% of base nodes on same physical node as patch
Info: Startup phase 6 took 0.00838895 s, 800.75 MB of memory in use
Info: Startup phase 7 took 0.000192595 s, 801.688 MB of memory in use
Info: Updated CUDA force table with 4096 elements.
Info: Updated CUDA force table with 4096 elements.
Info: Updated CUDA LJ table with 53 x 53 elements.
Info: Updated CUDA LJ table with 53 x 53 elements.
Info: Updated CUDA force table with 4096 elements.
Info: Updated CUDA force table with 4096 elements.
Info: Updated CUDA LJ table with 53 x 53 elements.
Info: Updated CUDA LJ table with 53 x 53 elements.
Info: Updated CUDA force table with 4096 elements.
Info: Updated CUDA force table with 4096 elements.
Info: Updated CUDA LJ table with 53 x 53 elements.
Info: Updated CUDA LJ table with 53 x 53 elements.
Info: Startup phase 8 took 0.00328963 s, 801.875 MB of memory in use
Info: Startup phase 9 took 0.000352403 s, 801.938 MB of memory in use
Info: Startup phase 10 took 0.000180106 s, 802 MB of memory in use
Info: Startup phase 11 took 0.000880704 s, 802.125 MB of memory in use
LDB: Central LB being created...
Info: Startup phase 12 took 0.00216365 s, 803.188 MB of memory in use
Info: CREATING 1139 COMPUTE OBJECTS
Info: Found 278 unique exclusion lists needing 900 bytes
Info: Found 278 unique exclusion lists needing 900 bytes
Info: Found 278 unique exclusion lists needing 900 bytes
Info: Found 278 unique exclusion lists needing 900 bytes
Info: Found 278 unique exclusion lists needing 900 bytes
Info: Found 278 unique exclusion lists needing 900 bytes
Info: Startup phase 13 took 0.0160938 s, 803.938 MB of memory in use
Info: Building spanning tree ... send: 1 recv: 0 with branch factor 4
Info: useSync: 0 useProxySync: 0
Info: Startup phase 14 took 0.000220762 s, 804.188 MB of memory in use
Info: Startup phase 15 took 0.000242689 s, 804.312 MB of memory in use
Info: Finished startup at 2.20779 s, 804.438 MB of memory in use

TCL: Running for 5000 steps
PRESSURE: 0 0 0 0 0 0 0 0 0 0
GPRESSURE: 0 0 0 0 0 0 0 0 0 0
ETITLE:      TS           BOND          ANGLE          DIHED          IMPRP               ELECT            VDW       BOUNDARY           MISC        KINETIC               TOTAL           TEMP      POTENTIAL         TOTAL3        TEMPAVG

ENERGY:       0      1056.4610      1678.1736      2089.5621       165.3794            -39.9254      -776.1304         0.0000      3976.3324      3010.0758          11159.9285       302.2526      8149.8527     11183.1764       302.2526

LDB: ============= START OF LOAD BALANCING ============== 2.2215
LDB: ============== END OF LOAD BALANCING =============== 2.22155
Info: useSync: 0 useProxySync: 0
LDB: =============== DONE WITH MIGRATION ================ 2.22164
LDB: ============= START OF LOAD BALANCING ============== 2.268
LDB: Partitioning computes with target load 0.000000
LDB: Increased migratable compute count from 0 to 0
LDB: Largest unpartitionable compute is 0.000000
LDB: ============== END OF LOAD BALANCING =============== 2.2683
Info: build node-aware spanning tree with send: 1, recv: 0 with branch factor 4
Info: useSync: 0 useProxySync: 0
LDB: =============== DONE WITH MIGRATION ================ 2.26909
PRESSURE: 100 0 0 0 0 0 0 0 0 0
GPRESSURE: 100 0 0 0 0 0 0 0 0 0
PRESSAVG: 100 0 0 0 0 0 0 0 0 0
GPRESSAVG: 100 0 0 0 0 0 0 0 0 0
Info: Initial time: 42 CPUs 0.000579109 s/step 0.00670265 days/ns 816.188 MB memory
ENERGY:     100      1078.1837      1686.8504      2109.3998       147.9560            -39.9062      -765.6065         0.0000      3972.4516      2914.0644          11103.3931       292.6118      8189.3287     11124.7379       297.0544

LDB: ============= START OF LOAD BALANCING ============== 2.28023
Info: useSync: 0 useProxySync: 0
LDB: ============== END OF LOAD BALANCING =============== 2.28027
LDB: =============== DONE WITH MIGRATION ================ 2.28035
LDB: ============= START OF LOAD BALANCING ============== 2.32435
LDB: TIME 2.32457 LOAD: AVG 0.0127366 MAX 0.0287297  PROXIES: TOTAL 173 MAXPE 10 MAXPATCH 7 None MEM: 816.75 MB
LDB: TIME 2.32477 LOAD: AVG 0.0127366 MAX 0.0287297  PROXIES: TOTAL 173 MAXPE 10 MAXPATCH 7 TorusLB MEM: 816.812 MB
LDB: Reverting to original mapping
LDB: ============== END OF LOAD BALANCING =============== 2.325
Info: build node-aware spanning tree with send: 1, recv: 0 with branch factor 4
Info: useSync: 0 useProxySync: 0
LDB: =============== DONE WITH MIGRATION ================ 2.32571
PRESSURE: 200 0 0 0 0 0 0 0 0 0
GPRESSURE: 200 0 0 0 0 0 0 0 0 0
PRESSAVG: 200 0 0 0 0 0 0 0 0 0
GPRESSAVG: 200 0 0 0 0 0 0 0 0 0
Info: Initial time: 42 CPUs 0.000548233 s/step 0.00634529 days/ns 816.812 MB memory
ENERGY:     200      1072.6197      1671.3652      2081.2511       146.4355            -40.3490      -793.8315         0.0000      3975.4430      2987.1071          11100.0412       299.9463      8112.9341     11123.9596       295.9724

LDB: ============= START OF LOAD BALANCING ============== 2.38048
LDB: TIME 2.3807 LOAD: AVG 0.0157697 MAX 0.0356788  PROXIES: TOTAL 173 MAXPE 10 MAXPATCH 7 None MEM: 817.75 MB
LDB: TIME 2.38087 LOAD: AVG 0.0157697 MAX 0.0356788  PROXIES: TOTAL 173 MAXPE 10 MAXPATCH 7 RefineTorusLB MEM: 817.875 MB
LDB: TIME 2.38101 LOAD: AVG 0.0157697 MAX 0.0356788  PROXIES: TOTAL 173 MAXPE 10 MAXPATCH 7 RefineTorusLB MEM: 817.875 MB
LDB: ============== END OF LOAD BALANCING =============== 2.38123
Info: build node-aware spanning tree with send: 1, recv: 0 with branch factor 4
Info: useSync: 0 useProxySync: 0
LDB: =============== DONE WITH MIGRATION ================ 2.38196
PRESSURE: 300 0 0 0 0 0 0 0 0 0
GPRESSURE: 300 0 0 0 0 0 0 0 0 0
PRESSAVG: 300 0 0 0 0 0 0 0 0 0
GPRESSAVG: 300 0 0 0 0 0 0 0 0 0
Info: Initial time: 42 CPUs 0.000547482 s/step 0.00633659 days/ns 817.875 MB memory
ENERGY:     300      1132.2516      1674.3343      2080.5208       151.9767            -40.1597      -799.2154         0.0000      3980.5931      2884.9970          11065.2983       289.6930      8180.3013     11087.0045       295.3376

LDB: ============= START OF LOAD BALANCING ============== 2.43721
LDB: TIME 2.43741 LOAD: AVG 0.0156956 MAX 0.0356664  PROXIES: TOTAL 173 MAXPE 10 MAXPATCH 7 None MEM: 818.812 MB
LDB: TIME 2.43758 LOAD: AVG 0.0156956 MAX 0.0356664  PROXIES: TOTAL 173 MAXPE 10 MAXPATCH 7 RefineTorusLB MEM: 818.812 MB
LDB: TIME 2.43772 LOAD: AVG 0.0156956 MAX 0.0356664  PROXIES: TOTAL 173 MAXPE 10 MAXPATCH 7 RefineTorusLB MEM: 818.812 MB
LDB: ============== END OF LOAD BALANCING =============== 2.43795
Info: build node-aware spanning tree with send: 1, recv: 0 with branch factor 4
Info: useSync: 0 useProxySync: 0
LDB: =============== DONE WITH MIGRATION ================ 2.43866
PRESSURE: 400 0 0 0 0 0 0 0 0 0
GPRESSURE: 400 0 0 0 0 0 0 0 0 0
PRESSAVG: 400 0 0 0 0 0 0 0 0 0
GPRESSAVG: 400 0 0 0 0 0 0 0 0 0
Info: Benchmark time: 42 CPUs 0.00055097 s/step 0.00637697 days/ns 818.812 MB memory
ENERGY:     400      1068.7001      1660.1578      2099.0709       150.0412            -41.2587      -759.8017         0.0000      3984.5620      3016.4637          11177.9353       302.8941      8161.4716     11204.2590       296.6307

PRESSURE: 500 0 0 0 0 0 0 0 0 0
GPRESSURE: 500 0 0 0 0 0 0 0 0 0
PRESSAVG: 500 0 0 0 0 0 0 0 0 0
GPRESSAVG: 500 0 0 0 0 0 0 0 0 0
Info: Benchmark time: 42 CPUs 0.000546259 s/step 0.00632245 days/ns 819.562 MB memory
ENERGY:     500      1088.7436      1678.4119      2075.7103       145.1510            -40.7362      -783.9026         0.0000      3982.5790      3015.4039          11161.3609       302.7876      8145.9570     11185.6152       299.1617

PRESSURE: 600 0 0 0 0 0 0 0 0 0
GPRESSURE: 600 0 0 0 0 0 0 0 0 0
PRESSAVG: 600 0 0 0 0 0 0 0 0 0
GPRESSAVG: 600 0 0 0 0 0 0 0 0 0
Info: Benchmark time: 42 CPUs 0.000554655 s/step 0.00641962 days/ns 819.562 MB memory
ENERGY:     600      1064.9743      1627.7807      2092.4815       152.5424            -40.0706      -757.0321         0.0000      3981.7145      2965.8014          11088.1919       297.8069      8122.3906     11110.1136       296.1737

PRESSURE: 700 0 0 0 0 0 0 0 0 0
GPRESSURE: 700 0 0 0 0 0 0 0 0 0
PRESSAVG: 700 0 0 0 0 0 0 0 0 0
GPRESSAVG: 700 0 0 0 0 0 0 0 0 0
Info: Benchmark time: 42 CPUs 0.00059605 s/step 0.00689872 days/ns 819.562 MB memory
ENERGY:     700      1056.5841      1677.3145      2073.1566       154.7667            -40.8573      -784.0087         0.0000      3988.0485      2892.0396          11017.0441       290.4002      8125.0045     11041.7309       293.8666

PRESSURE: 800 0 0 0 0 0 0 0 0 0
GPRESSURE: 800 0 0 0 0 0 0 0 0 0
PRESSAVG: 800 0 0 0 0 0 0 0 0 0
GPRESSAVG: 800 0 0 0 0 0 0 0 0 0
Info: Benchmark time: 42 CPUs 0.00059776 s/step 0.00691852 days/ns 819.562 MB memory
ENERGY:     800      1073.9358      1618.9125      2080.9588       146.4042            -40.2933      -764.4414         0.0000      3989.7669      2934.4566          11039.7002       294.6594      8105.2435     11067.0090       291.5666

PRESSURE: 900 0 0 0 0 0 0 0 0 0
GPRESSURE: 900 0 0 0 0 0 0 0 0 0
PRESSAVG: 900 0 0 0 0 0 0 0 0 0
GPRESSAVG: 900 0 0 0 0 0 0 0 0 0
Info: Benchmark time: 42 CPUs 0.000597065 s/step 0.00691048 days/ns 819.562 MB memory
ENERGY:     900      1121.3508      1647.2403      2093.2072       152.2391            -40.0322      -802.6345         0.0000      3993.2511      2931.1089          11095.7307       294.3233      8164.6218     11121.6951       292.3331

PRESSURE: 1000 0 0 0 0 0 0 0 0 0
GPRESSURE: 1000 0 0 0 0 0 0 0 0 0
PRESSAVG: 1000 0 0 0 0 0 0 0 0 0
GPRESSAVG: 1000 0 0 0 0 0 0 0 0 0
TIMING: 1000  CPU: 0.597535, 0.000578169/step  Wall: 0.598642, 0.000578754/step, 0.00064306 hours remaining, 819.562500 MB of memory in use.
ETITLE:      TS           BOND          ANGLE          DIHED          IMPRP               ELECT            VDW       BOUNDARY           MISC        KINETIC               TOTAL           TEMP      POTENTIAL         TOTAL3        TEMPAVG

ENERGY:    1000      1129.0850      1649.8186      2113.3463       148.9527            -40.4489      -791.2312         0.0000      3985.3317      2973.4860          11168.3401       298.5785      8194.8541     11194.9338       296.2117

WRITING EXTENDED SYSTEM TO RESTART FILE AT STEP 1000
OPENING COORDINATE DCD FILE
WRITING COORDINATES TO DCD FILE adk-step1.dcd AT STEP 1000
WRITING COORDINATES TO RESTART FILE AT STEP 1000
FINISHED WRITING RESTART COORDINATES
The last position output (seq=1000) takes 0.004 seconds, 819.625 MB of memory in use
WRITING VELOCITIES TO RESTART FILE AT STEP 1000
FINISHED WRITING RESTART VELOCITIES
The last velocity output (seq=1000) takes 0.002 seconds, 819.688 MB of memory in use
PRESSURE: 1100 0 0 0 0 0 0 0 0 0
GPRESSURE: 1100 0 0 0 0 0 0 0 0 0
PRESSAVG: 1100 0 0 0 0 0 0 0 0 0
GPRESSAVG: 1100 0 0 0 0 0 0 0 0 0
ENERGY:    1100      1117.6192      1693.7813      2079.2652       147.9289            -40.9661      -788.8442         0.0000      3977.3535      2979.8904          11166.0282       299.2216      8186.1377     11189.5109       299.3137

PRESSURE: 1200 0 0 0 0 0 0 0 0 0
GPRESSURE: 1200 0 0 0 0 0 0 0 0 0
PRESSAVG: 1200 0 0 0 0 0 0 0 0 0
GPRESSAVG: 1200 0 0 0 0 0 0 0 0 0
ENERGY:    1200      1140.0377      1656.7766      2079.0339       157.4805            -42.1263      -764.9332         0.0000      3983.4947      2945.6444          11155.4083       295.7828      8209.7639     11179.8612       297.7622

PRESSURE: 1300 0 0 0 0 0 0 0 0 0
GPRESSURE: 1300 0 0 0 0 0 0 0 0 0
PRESSAVG: 1300 0 0 0 0 0 0 0 0 0
GPRESSAVG: 1300 0 0 0 0 0 0 0 0 0
ENERGY:    1300      1128.7867      1632.0086      2072.8628       152.1708            -42.2252      -764.6191         0.0000      3972.9558      3000.1259          11152.0663       301.2535      8151.9404     11176.8703       298.2930

PRESSURE: 1400 0 0 0 0 0 0 0 0 0
GPRESSURE: 1400 0 0 0 0 0 0 0 0 0
PRESSAVG: 1400 0 0 0 0 0 0 0 0 0
GPRESSAVG: 1400 0 0 0 0 0 0 0 0 0
ENERGY:    1400      1122.2068      1662.9406      2072.5000       155.0752            -42.2456      -786.3325         0.0000      3968.1915      2966.9906          11119.3265       297.9263      8152.3359     11141.9479       297.9996

PRESSURE: 1500 0 0 0 0 0 0 0 0 0
GPRESSURE: 1500 0 0 0 0 0 0 0 0 0
PRESSAVG: 1500 0 0 0 0 0 0 0 0 0
GPRESSAVG: 1500 0 0 0 0 0 0 0 0 0
ENERGY:    1500      1118.9802      1647.2314      2059.6313       143.3787            -42.0374      -798.7650         0.0000      3974.1279      3000.5459          11103.0930       301.2957      8102.5470     11127.2340       297.3016

PRESSURE: 1600 0 0 0 0 0 0 0 0 0
GPRESSURE: 1600 0 0 0 0 0 0 0 0 0
PRESSAVG: 1600 0 0 0 0 0 0 0 0 0
GPRESSAVG: 1600 0 0 0 0 0 0 0 0 0
ENERGY:    1600      1086.5166      1688.1763      2083.1021       150.5789            -41.5494      -791.1101         0.0000      3976.1653      2944.1497          11096.0295       295.6328      8151.8797     11118.2782       296.4857

PRESSURE: 1700 0 0 0 0 0 0 0 0 0
GPRESSURE: 1700 0 0 0 0 0 0 0 0 0
PRESSAVG: 1700 0 0 0 0 0 0 0 0 0
GPRESSAVG: 1700 0 0 0 0 0 0 0 0 0
ENERGY:    1700      1121.1505      1666.7992      2088.1470       166.1621            -41.7397      -797.6645         0.0000      3967.5888      2929.1941          11099.6376       294.1310      8170.4434     11122.4337       295.8936

PRESSURE: 1800 0 0 0 0 0 0 0 0 0
GPRESSURE: 1800 0 0 0 0 0 0 0 0 0
PRESSAVG: 1800 0 0 0 0 0 0 0 0 0
GPRESSAVG: 1800 0 0 0 0 0 0 0 0 0
ENERGY:    1800      1093.6279      1693.2564      2081.0000       142.9075            -41.7901      -785.4947         0.0000      3961.9588      2909.2894          11054.7552       292.1323      8145.4658     11078.5321       294.6471

PRESSURE: 1900 0 0 0 0 0 0 0 0 0
GPRESSURE: 1900 0 0 0 0 0 0 0 0 0
PRESSAVG: 1900 0 0 0 0 0 0 0 0 0
GPRESSAVG: 1900 0 0 0 0 0 0 0 0 0
ENERGY:    1900      1083.0625      1697.5122      2098.9510       145.6097            -41.1901      -812.0813         0.0000      3961.3449      2954.8114          11088.0204       296.7033      8133.2089     11115.3851       293.7999

PRESSURE: 2000 0 0 0 0 0 0 0 0 0
GPRESSURE: 2000 0 0 0 0 0 0 0 0 0
PRESSAVG: 2000 0 0 0 0 0 0 0 0 0
GPRESSAVG: 2000 0 0 0 0 0 0 0 0 0
TIMING: 2000  CPU: 1.15315, 0.000555612/step  Wall: 1.16102, 0.000562382/step, 0.000468651 hours remaining, 819.687500 MB of memory in use.
ETITLE:      TS           BOND          ANGLE          DIHED          IMPRP               ELECT            VDW       BOUNDARY           MISC        KINETIC               TOTAL           TEMP      POTENTIAL         TOTAL3        TEMPAVG

ENERGY:    2000      1097.6170      1654.7506      2107.9825       160.8549            -40.7653      -768.7243         0.0000      3963.5244      2986.6785          11161.9183       299.9032      8175.2398     11184.7210       297.3279

WRITING EXTENDED SYSTEM TO RESTART FILE AT STEP 2000
WRITING COORDINATES TO DCD FILE adk-step1.dcd AT STEP 2000
WRITING COORDINATES TO RESTART FILE AT STEP 2000
FINISHED WRITING RESTART COORDINATES
The last position output (seq=2000) takes 0.002 seconds, 819.688 MB of memory in use
WRITING VELOCITIES TO RESTART FILE AT STEP 2000
FINISHED WRITING RESTART VELOCITIES
The last velocity output (seq=2000) takes 0.002 seconds, 819.688 MB of memory in use
PRESSURE: 2100 0 0 0 0 0 0 0 0 0
GPRESSURE: 2100 0 0 0 0 0 0 0 0 0
PRESSAVG: 2100 0 0 0 0 0 0 0 0 0
GPRESSAVG: 2100 0 0 0 0 0 0 0 0 0
ENERGY:    2100      1107.4647      1693.2301      2109.0165       149.8334            -41.3797      -779.9653         0.0000      3964.7387      2946.6767          11149.6152       295.8865      8202.9384     11170.3754       298.9268

PRESSURE: 2200 0 0 0 0 0 0 0 0 0
GPRESSURE: 2200 0 0 0 0 0 0 0 0 0
PRESSAVG: 2200 0 0 0 0 0 0 0 0 0
GPRESSAVG: 2200 0 0 0 0 0 0 0 0 0
ENERGY:    2200      1103.5509      1669.5825      2147.0620       148.2029            -41.6004      -789.8404         0.0000      3968.1628      2970.3321          11175.4525       298.2618      8205.1204     11201.9795       298.7317

PRESSURE: 2300 0 0 0 0 0 0 0 0 0
GPRESSURE: 2300 0 0 0 0 0 0 0 0 0
PRESSAVG: 2300 0 0 0 0 0 0 0 0 0
GPRESSAVG: 2300 0 0 0 0 0 0 0 0 0
ENERGY:    2300      1114.8313      1705.8797      2089.0734       157.5096            -40.4863      -789.3761         0.0000      3963.8781      2962.9544          11164.2641       297.5210      8201.3097     11186.6279       300.7279

PRESSURE: 2400 0 0 0 0 0 0 0 0 0
GPRESSURE: 2400 0 0 0 0 0 0 0 0 0
PRESSAVG: 2400 0 0 0 0 0 0 0 0 0
GPRESSAVG: 2400 0 0 0 0 0 0 0 0 0
ENERGY:    2400      1101.4315      1713.5129      2095.0880       163.0117            -39.8199      -825.0596         0.0000      3957.2528      2980.2728          11145.6902       299.2600      8165.4174     11168.1328       300.5202

PRESSURE: 2500 0 0 0 0 0 0 0 0 0
GPRESSURE: 2500 0 0 0 0 0 0 0 0 0
PRESSAVG: 2500 0 0 0 0 0 0 0 0 0
GPRESSAVG: 2500 0 0 0 0 0 0 0 0 0
ENERGY:    2500      1075.6060      1698.1237      2099.5722       153.1694            -39.0603      -803.8337         0.0000      3961.5829      3057.3839          11202.5442       307.0030      8145.1602     11226.5927       300.8696

PRESSURE: 2600 0 0 0 0 0 0 0 0 0
GPRESSURE: 2600 0 0 0 0 0 0 0 0 0
PRESSAVG: 2600 0 0 0 0 0 0 0 0 0
GPRESSAVG: 2600 0 0 0 0 0 0 0 0 0
ENERGY:    2600      1061.1780      1708.1146      2091.7727       159.1995            -39.0502      -787.4249         0.0000      3964.8984      3079.6842          11238.3724       309.2423      8158.6882     11262.2815       301.7265

PRESSURE: 2700 0 0 0 0 0 0 0 0 0
GPRESSURE: 2700 0 0 0 0 0 0 0 0 0
PRESSAVG: 2700 0 0 0 0 0 0 0 0 0
GPRESSAVG: 2700 0 0 0 0 0 0 0 0 0
ENERGY:    2700      1092.1956      1676.2198      2094.1055       169.3344            -40.3075      -750.4522         0.0000      3966.1380      2985.5078          11192.7413       299.7857      8207.2335     11216.4123       302.4079

PRESSURE: 2800 0 0 0 0 0 0 0 0 0
GPRESSURE: 2800 0 0 0 0 0 0 0 0 0
PRESSAVG: 2800 0 0 0 0 0 0 0 0 0
GPRESSAVG: 2800 0 0 0 0 0 0 0 0 0
ENERGY:    2800      1079.0067      1671.6525      2099.2626       145.9338            -40.4925      -806.6068         0.0000      3958.4869      3041.1102          11148.3534       305.3689      8107.2432     11173.3507       301.6678

PRESSURE: 2900 0 0 0 0 0 0 0 0 0
GPRESSURE: 2900 0 0 0 0 0 0 0 0 0
PRESSAVG: 2900 0 0 0 0 0 0 0 0 0
GPRESSAVG: 2900 0 0 0 0 0 0 0 0 0
ENERGY:    2900      1144.4800      1735.0844      2109.4582       153.3103            -40.6400      -812.7510         0.0000      3951.3926      2921.1570          11161.4915       293.3240      8240.3345     11185.8883       301.7130

WRITING COORDINATES TO DCD FILE adk-step1.dcd AT STEP 3000
WRITING COORDINATES TO RESTART FILE AT STEP 3000
FINISHED WRITING RESTART COORDINATES
The last position output (seq=3000) takes 0.003 seconds, 819.688 MB of memory in use
PRESSURE: 3000 0 0 0 0 0 0 0 0 0
GPRESSURE: 3000 0 0 0 0 0 0 0 0 0
PRESSAVG: 3000 0 0 0 0 0 0 0 0 0
GPRESSAVG: 3000 0 0 0 0 0 0 0 0 0
TIMING: 3000  CPU: 1.6963, 0.000543151/step  Wall: 1.71019, 0.000549169/step, 0.000305094 hours remaining, 819.687500 MB of memory in use.
ETITLE:      TS           BOND          ANGLE          DIHED          IMPRP               ELECT            VDW       BOUNDARY           MISC        KINETIC               TOTAL           TEMP      POTENTIAL         TOTAL3        TEMPAVG

ENERGY:    3000      1132.4694      1687.2929      2070.9849       152.6630            -40.2985      -770.2507         0.0000      3942.7822      2972.5329          11148.1762       298.4828      8175.6433     11168.2217       300.0773

WRITING EXTENDED SYSTEM TO RESTART FILE AT STEP 3000
WRITING VELOCITIES TO RESTART FILE AT STEP 3000
FINISHED WRITING RESTART VELOCITIES
The last velocity output (seq=3000) takes 0.002 seconds, 819.688 MB of memory in use
PRESSURE: 3100 0 0 0 0 0 0 0 0 0
GPRESSURE: 3100 0 0 0 0 0 0 0 0 0
PRESSAVG: 3100 0 0 0 0 0 0 0 0 0
GPRESSAVG: 3100 0 0 0 0 0 0 0 0 0
ENERGY:    3100      1126.1009      1726.4487      2094.9983       154.8062            -41.2747      -776.5356         0.0000      3944.6390      2924.1160          11153.2988       293.6211      8229.1828     11171.9349       299.5963

PRESSURE: 3200 0 0 0 0 0 0 0 0 0
GPRESSURE: 3200 0 0 0 0 0 0 0 0 0
PRESSAVG: 3200 0 0 0 0 0 0 0 0 0
GPRESSAVG: 3200 0 0 0 0 0 0 0 0 0
ENERGY:    3200      1090.6164      1729.8098      2080.5830       152.9587            -40.6484      -813.4690         0.0000      3942.5844      2975.4391          11117.8740       298.7746      8142.4349     11141.1535       296.5661

PRESSURE: 3300 0 0 0 0 0 0 0 0 0
GPRESSURE: 3300 0 0 0 0 0 0 0 0 0
PRESSAVG: 3300 0 0 0 0 0 0 0 0 0
GPRESSAVG: 3300 0 0 0 0 0 0 0 0 0
ENERGY:    3300      1079.9996      1707.0533      2097.6245       168.4901            -39.8267      -791.4893         0.0000      3938.2799      2985.4181          11145.5495       299.7767      8160.1314     11167.4361       299.1336

PRESSURE: 3400 0 0 0 0 0 0 0 0 0
GPRESSURE: 3400 0 0 0 0 0 0 0 0 0
PRESSAVG: 3400 0 0 0 0 0 0 0 0 0
GPRESSAVG: 3400 0 0 0 0 0 0 0 0 0
ENERGY:    3400      1128.8146      1651.3682      2070.0202       142.5337            -39.1260      -791.2902         0.0000      3943.2794      3015.1955          11120.7954       302.7667      8105.5999     11142.3681       300.5324

PRESSURE: 3500 0 0 0 0 0 0 0 0 0
GPRESSURE: 3500 0 0 0 0 0 0 0 0 0
PRESSAVG: 3500 0 0 0 0 0 0 0 0 0
GPRESSAVG: 3500 0 0 0 0 0 0 0 0 0
ENERGY:    3500      1108.7134      1671.2172      2111.7627       151.9632            -39.5780      -783.8142         0.0000      3950.9558      2972.2593          11143.4793       298.4553      8171.2201     11167.2414       300.8516

PRESSURE: 3600 0 0 0 0 0 0 0 0 0
GPRESSURE: 3600 0 0 0 0 0 0 0 0 0
PRESSAVG: 3600 0 0 0 0 0 0 0 0 0
GPRESSAVG: 3600 0 0 0 0 0 0 0 0 0
ENERGY:    3600      1068.4346      1674.3285      2073.0287       158.3977            -41.1030      -758.9443         0.0000      3945.9605      3024.9318          11145.0344       303.7444      8120.1027     11171.9107       299.4948

PRESSURE: 3700 0 0 0 0 0 0 0 0 0
GPRESSURE: 3700 0 0 0 0 0 0 0 0 0
PRESSAVG: 3700 0 0 0 0 0 0 0 0 0
GPRESSAVG: 3700 0 0 0 0 0 0 0 0 0
ENERGY:    3700      1063.8382      1689.5397      2088.2971       148.3879            -41.4185      -772.7661         0.0000      3942.6827      3021.8772          11140.4382       303.4377      8118.5610     11167.9695       301.5505

PRESSURE: 3800 0 0 0 0 0 0 0 0 0
GPRESSURE: 3800 0 0 0 0 0 0 0 0 0
PRESSAVG: 3800 0 0 0 0 0 0 0 0 0
GPRESSAVG: 3800 0 0 0 0 0 0 0 0 0
ENERGY:    3800      1083.6559      1737.0870      2076.5543       155.0958            -40.4673      -810.1087         0.0000      3939.9302      2956.0504          11097.7976       296.8277      8141.7472     11121.1010       299.0530

PRESSURE: 3900 0 0 0 0 0 0 0 0 0
GPRESSURE: 3900 0 0 0 0 0 0 0 0 0
PRESSAVG: 3900 0 0 0 0 0 0 0 0 0
GPRESSAVG: 3900 0 0 0 0 0 0 0 0 0
ENERGY:    3900      1091.5861      1673.0036      2075.1766       156.2251            -40.5779      -782.3153         0.0000      3946.7812      3002.2282          11122.1077       301.4646      8119.8795     11145.5090       299.3463

PRESSURE: 4000 0 0 0 0 0 0 0 0 0
GPRESSURE: 4000 0 0 0 0 0 0 0 0 0
PRESSAVG: 4000 0 0 0 0 0 0 0 0 0
GPRESSAVG: 4000 0 0 0 0 0 0 0 0 0
TIMING: 4000  CPU: 2.23456, 0.000538257/step  Wall: 2.25863, 0.000548438/step, 0.000152344 hours remaining, 819.687500 MB of memory in use.
ETITLE:      TS           BOND          ANGLE          DIHED          IMPRP               ELECT            VDW       BOUNDARY           MISC        KINETIC               TOTAL           TEMP      POTENTIAL         TOTAL3        TEMPAVG

ENERGY:    4000      1094.1742      1681.0765      2068.0140       166.2987            -40.7708      -816.8618         0.0000      3945.6211      3003.8681          11101.4198       301.6293      8097.5517     11125.1965       298.0419

WRITING EXTENDED SYSTEM TO RESTART FILE AT STEP 4000
WRITING COORDINATES TO DCD FILE adk-step1.dcd AT STEP 4000
WRITING COORDINATES TO RESTART FILE AT STEP 4000
FINISHED WRITING RESTART COORDINATES
The last position output (seq=4000) takes 0.002 seconds, 819.688 MB of memory in use
WRITING VELOCITIES TO RESTART FILE AT STEP 4000
FINISHED WRITING RESTART VELOCITIES
The last velocity output (seq=4000) takes 0.002 seconds, 819.688 MB of memory in use
PRESSURE: 4100 0 0 0 0 0 0 0 0 0
GPRESSURE: 4100 0 0 0 0 0 0 0 0 0
PRESSAVG: 4100 0 0 0 0 0 0 0 0 0
GPRESSAVG: 4100 0 0 0 0 0 0 0 0 0
ENERGY:    4100      1074.2766      1692.0954      2096.1221       148.3958            -40.5482      -757.4409         0.0000      3940.5821      2947.1887          11100.6716       295.9379      8153.4829     11125.7934       297.7983

PRESSURE: 4200 0 0 0 0 0 0 0 0 0
GPRESSURE: 4200 0 0 0 0 0 0 0 0 0
PRESSAVG: 4200 0 0 0 0 0 0 0 0 0
GPRESSAVG: 4200 0 0 0 0 0 0 0 0 0
ENERGY:    4200      1090.3255      1719.9680      2064.7424       140.0232            -40.5137      -787.8953         0.0000      3943.4306      2952.5122          11082.5928       296.4725      8130.0807     11106.0694       298.5412

LDB: ============= START OF LOAD BALANCING ============== 4.61708
LDB: ============== END OF LOAD BALANCING =============== 4.61715
Info: useSync: 0 useProxySync: 0
LDB: =============== DONE WITH MIGRATION ================ 4.61726
PRESSURE: 4300 0 0 0 0 0 0 0 0 0
GPRESSURE: 4300 0 0 0 0 0 0 0 0 0
PRESSAVG: 4300 0 0 0 0 0 0 0 0 0
GPRESSAVG: 4300 0 0 0 0 0 0 0 0 0
ENERGY:    4300      1071.5437      1702.1335      2066.1980       147.9353            -39.8117      -817.5853         0.0000      3940.5864      2992.3648          11063.3648       300.4742      8070.9999     11088.1892       298.0343

LDB: ============= START OF LOAD BALANCING ============== 4.67201
LDB: TIME 4.6723 LOAD: AVG 0.0153107 MAX 0.0357638  PROXIES: TOTAL 173 MAXPE 10 MAXPATCH 7 None MEM: 819.688 MB
LDB: TIME 4.67254 LOAD: AVG 0.0153107 MAX 0.0357638  PROXIES: TOTAL 173 MAXPE 10 MAXPATCH 7 RefineTorusLB MEM: 819.875 MB
LDB: TIME 4.67268 LOAD: AVG 0.0153107 MAX 0.0357638  PROXIES: TOTAL 173 MAXPE 10 MAXPATCH 7 RefineTorusLB MEM: 819.875 MB
LDB: ============== END OF LOAD BALANCING =============== 4.67291
Info: build node-aware spanning tree with send: 1, recv: 0 with branch factor 4
Info: useSync: 0 useProxySync: 0
LDB: =============== DONE WITH MIGRATION ================ 4.67363
PRESSURE: 4400 0 0 0 0 0 0 0 0 0
GPRESSURE: 4400 0 0 0 0 0 0 0 0 0
PRESSAVG: 4400 0 0 0 0 0 0 0 0 0
GPRESSAVG: 4400 0 0 0 0 0 0 0 0 0
ENERGY:    4400      1093.8594      1696.6629      2085.2237       158.5949            -39.9886      -781.7140         0.0000      3936.5992      2917.9173          11067.1549       292.9987      8149.2375     11092.5651       295.0343

PRESSURE: 4500 0 0 0 0 0 0 0 0 0
GPRESSURE: 4500 0 0 0 0 0 0 0 0 0
PRESSAVG: 4500 0 0 0 0 0 0 0 0 0
GPRESSAVG: 4500 0 0 0 0 0 0 0 0 0
ENERGY:    4500      1070.7559      1706.9015      2088.0176       150.5686            -39.0476      -788.4897         0.0000      3925.1567      2925.0217          11038.8847       293.7120      8113.8630     11063.1013       295.4956

PRESSURE: 4600 0 0 0 0 0 0 0 0 0
GPRESSURE: 4600 0 0 0 0 0 0 0 0 0
PRESSAVG: 4600 0 0 0 0 0 0 0 0 0
GPRESSAVG: 4600 0 0 0 0 0 0 0 0 0
ENERGY:    4600      1079.3444      1709.5701      2068.1120       162.1672            -39.0193      -771.3435         0.0000      3929.3963      2912.2785          11050.5056       292.4324      8138.2271     11071.4221       296.8033

PRESSURE: 4700 0 0 0 0 0 0 0 0 0
GPRESSURE: 4700 0 0 0 0 0 0 0 0 0
PRESSAVG: 4700 0 0 0 0 0 0 0 0 0
GPRESSAVG: 4700 0 0 0 0 0 0 0 0 0
ENERGY:    4700      1128.7876      1672.2354      2070.1312       152.7302            -38.9110      -793.9649         0.0000      3928.2609      2885.0493          11004.3189       289.6983      8119.2696     11027.6583       292.9793

PRESSURE: 4800 0 0 0 0 0 0 0 0 0
GPRESSURE: 4800 0 0 0 0 0 0 0 0 0
PRESSAVG: 4800 0 0 0 0 0 0 0 0 0
GPRESSAVG: 4800 0 0 0 0 0 0 0 0 0
ENERGY:    4800      1113.9783      1659.7283      2066.8434       157.0060            -39.5932      -800.1468         0.0000      3930.6641      2962.4758          11050.9558       297.4729      8088.4801     11071.8180       295.0402

PRESSURE: 4900 0 0 0 0 0 0 0 0 0
GPRESSURE: 4900 0 0 0 0 0 0 0 0 0
PRESSAVG: 4900 0 0 0 0 0 0 0 0 0
GPRESSAVG: 4900 0 0 0 0 0 0 0 0 0
ENERGY:    4900      1098.1279      1719.1388      2063.6588       154.1347            -41.0008      -824.4513         0.0000      3922.1548      2986.2979          11078.0608       299.8650      8091.7629     11104.7734       297.1350

PRESSURE: 5000 0 0 0 0 0 0 0 0 0
GPRESSURE: 5000 0 0 0 0 0 0 0 0 0
PRESSAVG: 5000 0 0 0 0 0 0 0 0 0
GPRESSAVG: 5000 0 0 0 0 0 0 0 0 0
TIMING: 5000  CPU: 2.79279, 0.000558232/step  Wall: 2.81388, 0.000555251/step, 0 hours remaining, 819.875000 MB of memory in use.
ETITLE:      TS           BOND          ANGLE          DIHED          IMPRP               ELECT            VDW       BOUNDARY           MISC        KINETIC               TOTAL           TEMP      POTENTIAL         TOTAL3        TEMPAVG

ENERGY:    5000      1099.2328      1732.3950      2083.0480       171.4519            -40.5814      -796.5558         0.0000      3918.6883      2941.1206          11108.7994       295.3286      8167.6788     11128.3757       297.8177

WRITING EXTENDED SYSTEM TO RESTART FILE AT STEP 5000
WRITING COORDINATES TO DCD FILE adk-step1.dcd AT STEP 5000
WRITING COORDINATES TO RESTART FILE AT STEP 5000
FINISHED WRITING RESTART COORDINATES
The last position output (seq=5000) takes 0.002 seconds, 820.438 MB of memory in use
WRITING VELOCITIES TO RESTART FILE AT STEP 5000
FINISHED WRITING RESTART VELOCITIES
The last velocity output (seq=5000) takes 0.002 seconds, 820.438 MB of memory in use
WRITING EXTENDED SYSTEM TO OUTPUT FILE AT STEP 5000
WRITING COORDINATES TO OUTPUT FILE AT STEP 5000
CLOSING COORDINATE DCD FILE adk-step1.dcd
The last position output (seq=-2) takes 0.004 seconds, 820.438 MB of memory in use
WRITING VELOCITIES TO OUTPUT FILE AT STEP 5000
====================================================

WallClock: 5.015465  CPUTime: 3.650526  Memory: 820.437500 MB
End of program
