2_10_cc.dat
/gpfs/alpine/bip115/scratch/hrlee/radical.pilot.sandbox/re.session.login1.hrlee.018632.0005/pilot.0000/staging_area/2_10_cc.dat
2, 10
Choosing optimized barrier algorithm name I0:HybridBinomial:SHMEM:P2P
Converse/Charm++ Commit ID: v6.10.2-0-g7bf00fa-namd-charm-6.10.2-build-2020-Aug-05-556
Warning> Randomization of virtual memory (ASLR) is turned on in the kernel, thread migration may not work! Run 'echo 0 > /proc/sys/kernel/randomize_va_space' as root to disable it, or try running with '+isomalloc_sync'.
CharmLB> Load balancer assumes all CPUs are same.
Charm++> Running on 1 hosts (1 sockets x 7 cores x 4 PUs = 28-way SMP)
Charm++> cpu topology info is gathered in 0.002 seconds.
Info: Built with CUDA version 10010
Did not find +devices i,j,k,... argument, using all
Pe 0 physical rank 0 will use CUDA device of pe 4
Pe 17 physical rank 17 will use CUDA device of pe 14
Pe 34 physical rank 34 will use CUDA device of pe 28
Pe 27 physical rank 27 will use CUDA device of pe 21
Pe 38 physical rank 38 will use CUDA device of pe 35
Pe 9 physical rank 9 will use CUDA device of pe 7
Pe 5 physical rank 5 will use CUDA device of pe 4
Pe 18 physical rank 18 will use CUDA device of pe 14
Pe 30 physical rank 30 will use CUDA device of pe 28
Pe 24 physical rank 24 will use CUDA device of pe 21
Pe 41 physical rank 41 will use CUDA device of pe 35
Pe 10 physical rank 10 will use CUDA device of pe 7
Pe 6 physical rank 6 will use CUDA device of pe 4
Pe 20 physical rank 20 will use CUDA device of pe 14
Pe 31 physical rank 31 will use CUDA device of pe 28
Pe 26 physical rank 26 will use CUDA device of pe 21
Pe 40 physical rank 40 will use CUDA device of pe 35
Pe 11 physical rank 11 will use CUDA device of pe 7
Pe 16 physical rank 16 will use CUDA device of pe 14
Pe 32 physical rank 32 will use CUDA device of pe 28
Pe 23 physical rank 23 will use CUDA device of pe 21
Pe 39 physical rank 39 will use CUDA device of pe 35
Pe 13 physical rank 13 will use CUDA device of pe 7
Pe 3 physical rank 3 will use CUDA device of pe 4
Pe 19 physical rank 19 will use CUDA device of pe 14
Pe 33 physical rank 33 will use CUDA device of pe 28
Pe 25 physical rank 25 will use CUDA device of pe 21
Pe 37 physical rank 37 will use CUDA device of pe 35
Pe 12 physical rank 12 will use CUDA device of pe 7
Pe 2 physical rank 2 will use CUDA device of pe 4
Pe 15 physical rank 15 will use CUDA device of pe 14
Pe 29 physical rank 29 will use CUDA device of pe 28
Pe 22 physical rank 22 will use CUDA device of pe 21
Pe 36 physical rank 36 will use CUDA device of pe 35
Pe 8 physical rank 8 will use CUDA device of pe 7
Pe 1 physical rank 1 will use CUDA device of pe 4
Pe 4 physical rank 4 binding to CUDA device 0 on h35n16: 'Tesla V100-SXM2-16GB'  Mem: 16128MB  Rev: 7.0  PCI: 4:4:0
Pe 14 physical rank 14 binding to CUDA device 0 on h35n16: 'Tesla V100-SXM2-16GB'  Mem: 16128MB  Rev: 7.0  PCI: 4:6:0
Pe 28 physical rank 28 binding to CUDA device 0 on h35n16: 'Tesla V100-SXM2-16GB'  Mem: 16128MB  Rev: 7.0  PCI: 35:4:0
Pe 21 physical rank 21 binding to CUDA device 0 on h35n16: 'Tesla V100-SXM2-16GB'  Mem: 16128MB  Rev: 7.0  PCI: 35:3:0
Pe 35 physical rank 35 binding to CUDA device 0 on h35n16: 'Tesla V100-SXM2-16GB'  Mem: 16128MB  Rev: 7.0  PCI: 35:5:0
Pe 7 physical rank 7 binding to CUDA device 0 on h35n16: 'Tesla V100-SXM2-16GB'  Mem: 16128MB  Rev: 7.0  PCI: 4:5:0
Info: NAMD 2.14 for Linux-POWER-pami-smp-Summit-CUDA
Info: 
Info: Please visit http://www.ks.uiuc.edu/Research/namd/
Info: for updates, documentation, and support information.
Info: 
Info: Please cite Phillips et al., J. Chem. Phys. 153:044130 (2020) doi:10.1063/5.0014475
Info: in all publications reporting results obtained with NAMD.
Info: 
Info: Based on Charm++/Converse 61002 for pami-linux-ppc64le-smp
Info: Built Wed Aug 5 14:28:51 EDT 2020 by jimp on login2
Info: 1 NAMD  2.14  Linux-POWER-pami-smp-Summit-CUDA  42    h35n16  hrlee
Info: Running on 42 processors, 6 nodes, 1 physical nodes.
Info: CPU topology information available.
Info: Charm++/Converse parallel runtime startup completed at 1.4128 s
CkLoopLib is used in SMP with simple dynamic scheduling (converse-level notification)
Info: 791.625 MB of memory in use based on /proc/self/stat
Info: Configuration file is adk-step1.namd
Info: Working in the current directory /gpfs/alpine/bip115/scratch/hrlee/radical.pilot.sandbox/re.session.login1.hrlee.018632.0005/pilot.0000/unit.000744
TCL: Suspending until startup complete.
Info: SIMULATION PARAMETERS:
Info: TIMESTEP               1
Info: NUMBER OF STEPS        0
Info: STEPS PER CYCLE        20
Info: LOAD BALANCER  Centralized
Info: LOAD BALANCING STRATEGY  New Load Balancers -- DEFAULT
Info: LDB PERIOD             4000 steps
Info: FIRST LDB TIMESTEP     100
Info: LAST LDB TIMESTEP     -1
Info: LDB BACKGROUND SCALING 1
Info: HOM BACKGROUND SCALING 1
Info: MIN ATOMS PER PATCH    40
Info: VELOCITY FILE          2_10_adk-step1.restart.vel
Info: CENTER OF MASS MOVING INITIALLY? NO
Info: DIELECTRIC             80
Info: EXCLUDE                SCALED ONE-FOUR
Info: 1-4 ELECTROSTATICS SCALED BY 1
Info: MODIFIED 1-4 VDW PARAMETERS WILL BE USED
Info: DCD FILENAME           adk-step1.dcd
Info: DCD FREQUENCY          1000
Info: DCD FIRST STEP         1000
Info: NO EXTENDED SYSTEM TRAJECTORY OUTPUT
Info: NO VELOCITY DCD OUTPUT
Info: NO FORCE DCD OUTPUT
Info: OUTPUT FILENAME        adk-step1
Info: BINARY OUTPUT FILES WILL BE USED
Info: RESTART FILENAME       adk-step1.restart
Info: RESTART FREQUENCY      1000
Info: BINARY RESTART FILES WILL BE USED
Info: SWITCHING ACTIVE
Info: SWITCHING ON           9
Info: SWITCHING OFF          10
Info: PAIRLIST DISTANCE      11
Info: PAIRLIST SHRINK RATE   0.01
Info: PAIRLIST GROW RATE     0.01
Info: PAIRLIST TRIGGER       0.3
Info: PAIRLISTS PER CYCLE    2
Info: PAIRLISTS ENABLED
Info: MARGIN                 0
Info: HYDROGEN GROUP CUTOFF  2.5
Info: PATCH DIMENSION        13.5
Info: ENERGY OUTPUT STEPS    100
Info: CROSSTERM ENERGY INCLUDED IN DIHEDRAL
Info: TIMING OUTPUT STEPS    1000
Info: PRESSURE OUTPUT STEPS  100
Info: GRID FORCE ACTIVE
Info:  Please include this reference in published work using
Info:  the Gridforce module of NAMD: David Wells, Volha Abramkina,
Info:  and Aleksei Aksimentiev, J. Chem. Phys. 127:125101-10 (2007).
Info: MGRIDFORCE key 0
Info:            Potfile 4ake-target_autopsf-grid.dx
Info:            Scale 0.3 0.3 0.3
Info:            File 1ake-docked-noh_autopsf-grid.pdb
Info:            Col O
Info:            ChargeCol B
Info:            VOffset 0 0 0
Info:            Continuous K1 FALSE
Info:            Continuous K2 FALSE
Info:            Continuous K3 FALSE
Info:            Volts FALSE
Info:            Gridforce-Lite FALSE
Info:            Gridforce-CheckSize TRUE
Info: LANGEVIN DYNAMICS ACTIVE
Info: LANGEVIN TEMPERATURE   300
Info: LANGEVIN USING BBK INTEGRATOR
Info: LANGEVIN DAMPING COEFFICIENT IS 5 INVERSE PS
Info: LANGEVIN DYNAMICS NOT APPLIED TO HYDROGENS
Info: USING VERLET I (r-RESPA) MTS SCHEME.
Info: C1 SPLITTING OF LONG RANGE ELECTROSTATICS
Info: PLACING ATOMS IN PATCHES BY HYDROGEN GROUPS
Info: RIGID BONDS TO HYDROGEN : WATER
Info:         ERROR TOLERANCE : 1e-08
Info:          MAX ITERATIONS : 100
Info: RIGID WATER USING SETTLE ALGORITHM
Info: NONBONDED FORCES EVALUATED EVERY 2 STEPS
Info: RANDOM NUMBER SEED     1609828227
Info: USE HYDROGEN BONDS?    NO
Info: COORDINATE PDB         1ake-docked-noh_autopsf.pdb
Info: STRUCTURE FILE         1ake-docked-noh_autopsf.psf
Info: PARAMETER file: CHARMM format! 
Info: PARAMETERS             par_all36_prot.prm
Info: USING ARITHMETIC MEAN TO COMBINE L-J SIGMA PARAMETERS
Info: BINARY COORDINATES     2_10_adk-step1.restart.coor
Info: SUMMARY OF PARAMETERS:
Info: 132 BONDS
Info: 362 ANGLES
Info: 702 DIHEDRAL
Info: 35 IMPROPER
Info: 6 CROSSTERM
Info: 53 VDW
Info: 0 VDW_PAIRS
Info: 0 NBTHOLE_PAIRS
Info: TIME FOR READING PSF FILE: 0.347188
Info: READING EXTRA BONDS FILE 1ake-extrabonds.txt
Info: READING EXTRA BONDS FILE 1ake-extrabonds-cispeptide.txt
Info: READING EXTRA BONDS FILE 1ake-extrabonds-chirality.txt
Info: READ 80 EXTRA BONDS
Info: READ 80 EXTRA ANGLES
Warning: EXTRA ANGLES ARE COSINE-BASED BY DEFAULT TO MATCH PREVIOUS VERSIONS
Warning: FOR NORMAL HARMONIC EXTRA ANGLES SET extraBondsCosAngles off
Info: READ 493 EXTRA DIHEDRALS
Info: READ 438 EXTRA IMPROPERS
Info: Reading pdb file 1ake-docked-noh_autopsf.pdb
Info: TIME FOR READING PDB FILE: 0.0611427
Info: 
Info: ****************************
Info: STRUCTURE SUMMARY:
Info: 3341 ATOMS
Info: 3445 BONDS
Info: 6203 ANGLES
Info: 9414 DIHEDRALS
Info: 1005 IMPROPERS
Info: 212 CROSSTERMS
Info: 0 EXCLUSIONS
Info: 0 RIGID BONDS
Info: 1 GRIDS ACTIVE
Info: 10023 DEGREES OF FREEDOM
Info: 1656 HYDROGEN GROUPS
Info: 4 ATOMS IN LARGEST HYDROGEN GROUP
Info: 1656 MIGRATION GROUPS
Info: 4 ATOMS IN LARGEST MIGRATION GROUP
Info: TOTAL MASS = 23582 amu
Info: TOTAL CHARGE = -4 e
Info: *****************************
Info: Reading from binary file 2_10_adk-step1.restart.coor
Info: 
Info: Entering startup at 2.18974 s, 798.375 MB of memory in use
Info: Startup phase 0 took 0.000287766 s, 798.375 MB of memory in use
Info: ADDED 18308 IMPLICIT EXCLUSIONS
Info: Startup phase 1 took 0.00737667 s, 798.625 MB of memory in use
Info: NONBONDED TABLE R-SQUARED SPACING: 0.0625
Info: NONBONDED TABLE SIZE: 705 POINTS
Info: ABSOLUTE IMPRECISION IN FAST TABLE ENERGY: 3.38813e-21 AT 9.89634
Info: RELATIVE IMPRECISION IN FAST TABLE ENERGY: 4.23384e-15 AT 9.94673
Info: ABSOLUTE IMPRECISION IN FAST TABLE FORCE: 6.35275e-22 AT 9.94673
Info: RELATIVE IMPRECISION IN FAST TABLE FORCE: 5.07982e-16 AT 9.94673
Info: INCONSISTENCY IN FAST TABLE ENERGY VS FORCE: 0.000290185 AT 0.251946
Info: ABSOLUTE IMPRECISION IN VDWA TABLE ENERGY: 1.57772e-30 AT 9.89634
Info: RELATIVE IMPRECISION IN VDWA TABLE ENERGY: 4.54938e-15 AT 9.94673
Info: ABSOLUTE IMPRECISION IN VDWA TABLE FORCE: 5.91646e-31 AT 9.94673
Info: RELATIVE IMPRECISION IN VDWA TABLE FORCE: 5.6823e-16 AT 9.94673
Info: INCONSISTENCY IN VDWA TABLE ENERGY VS FORCE: 0.0040507 AT 0.251946
Info: ABSOLUTE IMPRECISION IN VDWB TABLE ENERGY: 4.71751e-25 AT 9.94673
Info: RELATIVE IMPRECISION IN VDWB TABLE ENERGY: 1.45371e-14 AT 9.94673
Info: ABSOLUTE IMPRECISION IN VDWB TABLE FORCE: 6.20385e-25 AT 9.94673
Info: RELATIVE IMPRECISION IN VDWB TABLE FORCE: 5.97512e-16 AT 9.94673
Info: INCONSISTENCY IN VDWB TABLE ENERGY VS FORCE: 0.00377068 AT 9.07951
Info: Startup phase 2 took 0.0007619 s, 800 MB of memory in use
Info: Startup phase 3 took 0.000217854 s, 800.312 MB of memory in use
Info: Startup phase 4 took 0.000290197 s, 800.5 MB of memory in use
Info: Startup phase 5 took 0.000191193 s, 800.5 MB of memory in use
Info: ORIGINAL ATOMS MINMAX IS -22.6542 -33.321 -34.5077  17.1126 12.336 17.1731
Info: ADJUSTED ATOMS MINMAX IS -17.4932 -27.1517 -30.1518  11.6257 7.0258 7.62123
Info: PATCH GRID IS 5 BY 3 BY 3
Info: PATCH GRID IS 2-AWAY BY 1-AWAY BY 1-AWAY
Info: Reading from binary file 2_10_adk-step1.restart.vel
Info: REMOVING COM VELOCITY -0.0780508 -0.00762922 -0.2053
Info: LARGEST PATCH (37) HAS 152 ATOMS
Info: TORUS A SIZE 1 USING 0
Info: TORUS B SIZE 1 USING 0
Info: TORUS C SIZE 1 USING 0
Info: TORUS MINIMAL MESH SIZE IS 1 BY 1 BY 1
Info: Placed 100% of base nodes on same physical node as patch
Info: Startup phase 6 took 0.0089599 s, 800.625 MB of memory in use
Info: Startup phase 7 took 0.000196075 s, 801.5 MB of memory in use
Info: Updated CUDA force table with 4096 elements.
Info: Updated CUDA force table with 4096 elements.
Info: Updated CUDA LJ table with 53 x 53 elements.
Info: Updated CUDA LJ table with 53 x 53 elements.
Info: Updated CUDA force table with 4096 elements.
Info: Updated CUDA LJ table with 53 x 53 elements.
Info: Updated CUDA force table with 4096 elements.
Info: Updated CUDA force table with 4096 elements.
Info: Updated CUDA LJ table with 53 x 53 elements.
Info: Updated CUDA LJ table with 53 x 53 elements.
Info: Updated CUDA force table with 4096 elements.
Info: Updated CUDA LJ table with 53 x 53 elements.
Info: Startup phase 8 took 0.00329874 s, 801.688 MB of memory in use
Info: Startup phase 9 took 0.000359002 s, 801.75 MB of memory in use
Info: Startup phase 10 took 0.000176402 s, 801.812 MB of memory in use
Info: Startup phase 11 took 0.000814725 s, 801.875 MB of memory in use
LDB: Central LB being created...
Info: Startup phase 12 took 0.00207056 s, 802.625 MB of memory in use
Info: CREATING 1139 COMPUTE OBJECTS
Info: Found 278 unique exclusion lists needing 900 bytes
Info: Found 278 unique exclusion lists needing 900 bytes
Info: Found 278 unique exclusion lists needing 900 bytes
Info: Found 278 unique exclusion lists needing 900 bytes
Info: Found 278 unique exclusion lists needing 900 bytes
Info: Found 278 unique exclusion lists needing 900 bytes
Info: useSync: 0 useProxySync: 0
Info: Startup phase 13 took 0.0151875 s, 803.625 MB of memory in use
Info: Building spanning tree ... send: 1 recv: 0 with branch factor 4
Info: Startup phase 14 took 0.00019956 s, 803.75 MB of memory in use
Info: Startup phase 15 took 0.000258629 s, 803.875 MB of memory in use
Info: Finished startup at 2.23039 s, 804 MB of memory in use

TCL: Running for 5000 steps
PRESSURE: 0 0 0 0 0 0 0 0 0 0
GPRESSURE: 0 0 0 0 0 0 0 0 0 0
ETITLE:      TS           BOND          ANGLE          DIHED          IMPRP               ELECT            VDW       BOUNDARY           MISC        KINETIC               TOTAL           TEMP      POTENTIAL         TOTAL3        TEMPAVG

ENERGY:       0      1084.2486      1713.2553      2066.0732       160.6028            -40.7151      -826.0950         0.0000      5267.3979      2991.6649          12416.4326       300.4039      9424.7677     12439.9544       300.4039

LDB: ============= START OF LOAD BALANCING ============== 2.24128
LDB: ============== END OF LOAD BALANCING =============== 2.24132
Info: useSync: 0 useProxySync: 0
LDB: =============== DONE WITH MIGRATION ================ 2.2414
LDB: ============= START OF LOAD BALANCING ============== 2.27694
LDB: Partitioning computes with target load 0.000000
LDB: Increased migratable compute count from 0 to 0
LDB: Largest unpartitionable compute is 0.000000
LDB: ============== END OF LOAD BALANCING =============== 2.27812
Info: build node-aware spanning tree with send: 1, recv: 0 with branch factor 4
Info: useSync: 0 useProxySync: 0
LDB: =============== DONE WITH MIGRATION ================ 2.27895
PRESSURE: 100 0 0 0 0 0 0 0 0 0
GPRESSURE: 100 0 0 0 0 0 0 0 0 0
PRESSAVG: 100 0 0 0 0 0 0 0 0 0
GPRESSAVG: 100 0 0 0 0 0 0 0 0 0
Info: Initial time: 42 CPUs 0.000447571 s/step 0.00518022 days/ns 819.75 MB memory
ENERGY:     100      1106.5868      1730.0234      2047.0012       148.7261            -41.4004      -802.5801         0.0000      5281.5457      2952.6483          12422.5510       296.4861      9469.9027     12444.5113       299.4350

LDB: ============= START OF LOAD BALANCING ============== 2.28792
LDB: ============== END OF LOAD BALANCING =============== 2.28796
Info: useSync: 0 useProxySync: 0
LDB: =============== DONE WITH MIGRATION ================ 2.28804
LDB: ============= START OF LOAD BALANCING ============== 2.32349
LDB: TIME 2.32373 LOAD: AVG 0.0108347 MAX 0.0215308  PROXIES: TOTAL 173 MAXPE 10 MAXPATCH 7 None MEM: 820.562 MB
LDB: TIME 2.3239 LOAD: AVG 0.0108347 MAX 0.0215308  PROXIES: TOTAL 173 MAXPE 10 MAXPATCH 7 TorusLB MEM: 820.688 MB
LDB: Reverting to original mapping
LDB: ============== END OF LOAD BALANCING =============== 2.32417
Info: build node-aware spanning tree with send: 1, recv: 0 with branch factor 4
Info: useSync: 0 useProxySync: 0
LDB: =============== DONE WITH MIGRATION ================ 2.32492
PRESSURE: 200 0 0 0 0 0 0 0 0 0
GPRESSURE: 200 0 0 0 0 0 0 0 0 0
PRESSAVG: 200 0 0 0 0 0 0 0 0 0
GPRESSAVG: 200 0 0 0 0 0 0 0 0 0
Info: Initial time: 42 CPUs 0.000441189 s/step 0.00510636 days/ns 820.688 MB memory
ENERGY:     200      1114.0114      1756.5301      2091.7163       153.7489            -41.4997      -845.8967         0.0000      5288.4980      2937.1824          12454.2908       294.9331      9517.1084     12476.6418       299.0695

LDB: ============= START OF LOAD BALANCING ============== 2.36886
LDB: TIME 2.36913 LOAD: AVG 0.0135704 MAX 0.0267712  PROXIES: TOTAL 173 MAXPE 10 MAXPATCH 7 None MEM: 821.688 MB
LDB: TIME 2.3693 LOAD: AVG 0.0135704 MAX 0.0267712  PROXIES: TOTAL 173 MAXPE 10 MAXPATCH 7 RefineTorusLB MEM: 821.688 MB
LDB: TIME 2.36946 LOAD: AVG 0.0135704 MAX 0.0267712  PROXIES: TOTAL 173 MAXPE 10 MAXPATCH 7 RefineTorusLB MEM: 821.688 MB
LDB: ============== END OF LOAD BALANCING =============== 2.36972
Info: build node-aware spanning tree with send: 1, recv: 0 with branch factor 4
Info: useSync: 0 useProxySync: 0
LDB: =============== DONE WITH MIGRATION ================ 2.37044
PRESSURE: 300 0 0 0 0 0 0 0 0 0
GPRESSURE: 300 0 0 0 0 0 0 0 0 0
PRESSAVG: 300 0 0 0 0 0 0 0 0 0
GPRESSAVG: 300 0 0 0 0 0 0 0 0 0
Info: Initial time: 42 CPUs 0.000437328 s/step 0.00506166 days/ns 821.688 MB memory
ENERGY:     300      1128.8438      1737.7078      2096.8597       149.2472            -41.0489      -800.4965         0.0000      5283.4993      2965.1822          12519.7946       297.7447      9554.6124     12543.3088       300.8687

LDB: ============= START OF LOAD BALANCING ============== 2.41422
LDB: TIME 2.41449 LOAD: AVG 0.0135498 MAX 0.0267139  PROXIES: TOTAL 173 MAXPE 10 MAXPATCH 7 None MEM: 822.5 MB
LDB: TIME 2.41466 LOAD: AVG 0.0135498 MAX 0.0267139  PROXIES: TOTAL 173 MAXPE 10 MAXPATCH 7 RefineTorusLB MEM: 822.5 MB
LDB: TIME 2.41482 LOAD: AVG 0.0135498 MAX 0.0267139  PROXIES: TOTAL 173 MAXPE 10 MAXPATCH 7 RefineTorusLB MEM: 822.5 MB
LDB: ============== END OF LOAD BALANCING =============== 2.41509
Info: build node-aware spanning tree with send: 1, recv: 0 with branch factor 4
Info: useSync: 0 useProxySync: 0
LDB: =============== DONE WITH MIGRATION ================ 2.41581
PRESSURE: 400 0 0 0 0 0 0 0 0 0
GPRESSURE: 400 0 0 0 0 0 0 0 0 0
PRESSAVG: 400 0 0 0 0 0 0 0 0 0
GPRESSAVG: 400 0 0 0 0 0 0 0 0 0
Info: Benchmark time: 42 CPUs 0.000436656 s/step 0.00505388 days/ns 822.5 MB memory
ENERGY:     400      1122.5462      1707.6145      2110.7641       155.4520            -41.1592      -819.6417         0.0000      5291.8311      3034.5099          12561.9169       304.7061      9527.4070     12586.1612       303.1170

PRESSURE: 500 0 0 0 0 0 0 0 0 0
GPRESSURE: 500 0 0 0 0 0 0 0 0 0
PRESSAVG: 500 0 0 0 0 0 0 0 0 0
GPRESSAVG: 500 0 0 0 0 0 0 0 0 0
Info: Benchmark time: 42 CPUs 0.000437447 s/step 0.00506304 days/ns 823.312 MB memory
ENERGY:     500      1097.2474      1721.9938      2085.4437       137.5629            -40.4962      -754.7196         0.0000      5278.8064      2962.5448          12488.3832       297.4799      9525.8385     12509.6544       304.0157

PRESSURE: 600 0 0 0 0 0 0 0 0 0
GPRESSURE: 600 0 0 0 0 0 0 0 0 0
PRESSAVG: 600 0 0 0 0 0 0 0 0 0
GPRESSAVG: 600 0 0 0 0 0 0 0 0 0
Info: Benchmark time: 42 CPUs 0.000438593 s/step 0.00507631 days/ns 823.312 MB memory
ENERGY:     600      1100.6314      1702.2233      2078.7375       157.7427            -40.4881      -785.2347         0.0000      5272.9861      2939.4793          12426.0777       295.1638      9486.5984     12449.9652       300.7693

PRESSURE: 700 0 0 0 0 0 0 0 0 0
GPRESSURE: 700 0 0 0 0 0 0 0 0 0
PRESSAVG: 700 0 0 0 0 0 0 0 0 0
GPRESSAVG: 700 0 0 0 0 0 0 0 0 0
Info: Benchmark time: 42 CPUs 0.000440272 s/step 0.00509574 days/ns 823.312 MB memory
ENERGY:     700      1089.9119      1669.7069      2105.9463       150.3981            -40.7839      -808.2694         0.0000      5275.0654      2934.0076          12375.9828       294.6143      9441.9753     12402.3997       298.7425

PRESSURE: 800 0 0 0 0 0 0 0 0 0
GPRESSURE: 800 0 0 0 0 0 0 0 0 0
PRESSAVG: 800 0 0 0 0 0 0 0 0 0
GPRESSAVG: 800 0 0 0 0 0 0 0 0 0
Info: Benchmark time: 42 CPUs 0.000440071 s/step 0.00509341 days/ns 823.312 MB memory
ENERGY:     800      1100.7299      1653.5527      2078.8512       153.1493            -40.6518      -809.2000         0.0000      5273.1326      3013.1388          12422.7028       302.5602      9409.5640     12448.4005       297.5460

PRESSURE: 900 0 0 0 0 0 0 0 0 0
GPRESSURE: 900 0 0 0 0 0 0 0 0 0
PRESSAVG: 900 0 0 0 0 0 0 0 0 0
GPRESSAVG: 900 0 0 0 0 0 0 0 0 0
Info: Benchmark time: 42 CPUs 0.000435567 s/step 0.00504128 days/ns 823.312 MB memory
ENERGY:     900      1130.1072      1723.6164      2094.0585       176.4010            -41.7789      -799.2411         0.0000      5268.5562      3005.4365          12557.1557       301.7868      9551.7193     12579.4923       302.9448

OPENING COORDINATE DCD FILE
WRITING COORDINATES TO DCD FILE adk-step1.dcd AT STEP 1000
WRITING COORDINATES TO RESTART FILE AT STEP 1000
FINISHED WRITING RESTART COORDINATES
The last position output (seq=1000) takes 0.008 seconds, 823.312 MB of memory in use
PRESSURE: 1000 0 0 0 0 0 0 0 0 0
GPRESSURE: 1000 0 0 0 0 0 0 0 0 0
PRESSAVG: 1000 0 0 0 0 0 0 0 0 0
GPRESSAVG: 1000 0 0 0 0 0 0 0 0 0
TIMING: 1000  CPU: 0.466608, 0.000448635/step  Wall: 0.47365, 0.000455294/step, 0.000505882 hours remaining, 823.500000 MB of memory in use.
ETITLE:      TS           BOND          ANGLE          DIHED          IMPRP               ELECT            VDW       BOUNDARY           MISC        KINETIC               TOTAL           TEMP      POTENTIAL         TOTAL3        TEMPAVG

ENERGY:    1000      1076.1685      1703.5190      2068.1870       163.3559            -40.8471      -785.5709         0.0000      5275.0272      2990.5378          12450.3774       300.2907      9459.8396     12474.0633       304.3406

WRITING EXTENDED SYSTEM TO RESTART FILE AT STEP 1000
WRITING VELOCITIES TO RESTART FILE AT STEP 1000
FINISHED WRITING RESTART VELOCITIES
The last velocity output (seq=1000) takes 0.002 seconds, 823.500 MB of memory in use
PRESSURE: 1100 0 0 0 0 0 0 0 0 0
GPRESSURE: 1100 0 0 0 0 0 0 0 0 0
PRESSAVG: 1100 0 0 0 0 0 0 0 0 0
GPRESSAVG: 1100 0 0 0 0 0 0 0 0 0
ENERGY:    1100      1123.5428      1733.3196      2067.9537       159.3011            -40.7019      -859.1186         0.0000      5273.0929      3019.0946          12476.4841       303.1582      9457.3895     12500.5031       300.7335

PRESSURE: 1200 0 0 0 0 0 0 0 0 0
GPRESSURE: 1200 0 0 0 0 0 0 0 0 0
PRESSAVG: 1200 0 0 0 0 0 0 0 0 0
GPRESSAVG: 1200 0 0 0 0 0 0 0 0 0
ENERGY:    1200      1138.7100      1699.3980      2087.8776       145.2009            -40.4825      -812.0010         0.0000      5271.0484      2979.6953          12469.4467       299.2020      9489.7514     12492.5378       303.4549

PRESSURE: 1300 0 0 0 0 0 0 0 0 0
GPRESSURE: 1300 0 0 0 0 0 0 0 0 0
PRESSAVG: 1300 0 0 0 0 0 0 0 0 0
GPRESSAVG: 1300 0 0 0 0 0 0 0 0 0
ENERGY:    1300      1086.3003      1713.2389      2084.4779       150.8338            -41.5768      -796.8904         0.0000      5279.6677      2979.9827          12456.0341       299.2309      9476.0514     12480.8029       301.5797

PRESSURE: 1400 0 0 0 0 0 0 0 0 0
GPRESSURE: 1400 0 0 0 0 0 0 0 0 0
PRESSAVG: 1400 0 0 0 0 0 0 0 0 0
GPRESSAVG: 1400 0 0 0 0 0 0 0 0 0
ENERGY:    1400      1091.8670      1666.4957      2058.1551       155.1768            -42.2421      -786.3350         0.0000      5273.0662      2990.7695          12406.9532       300.3140      9416.1837     12432.7236       298.7910

PRESSURE: 1500 0 0 0 0 0 0 0 0 0
GPRESSURE: 1500 0 0 0 0 0 0 0 0 0
PRESSAVG: 1500 0 0 0 0 0 0 0 0 0
GPRESSAVG: 1500 0 0 0 0 0 0 0 0 0
ENERGY:    1500      1113.2999      1675.3390      2088.0045       143.5148            -42.6588      -791.5910         0.0000      5277.5180      2932.2456          12395.6719       294.4374      9463.4263     12421.0272       297.7987

PRESSURE: 1600 0 0 0 0 0 0 0 0 0
GPRESSURE: 1600 0 0 0 0 0 0 0 0 0
PRESSAVG: 1600 0 0 0 0 0 0 0 0 0
GPRESSAVG: 1600 0 0 0 0 0 0 0 0 0
ENERGY:    1600      1111.7894      1659.8090      2063.5260       152.9661            -41.0540      -829.3371         0.0000      5291.7320      3041.6466          12451.0780       305.4228      9409.4314     12475.4490       297.9806

PRESSURE: 1700 0 0 0 0 0 0 0 0 0
GPRESSURE: 1700 0 0 0 0 0 0 0 0 0
PRESSAVG: 1700 0 0 0 0 0 0 0 0 0
GPRESSAVG: 1700 0 0 0 0 0 0 0 0 0
ENERGY:    1700      1114.8199      1699.7076      2065.2621       132.5677            -41.1772      -794.6614         0.0000      5290.1900      3038.7078          12505.4165       305.1277      9466.7087     12529.6311       301.2476

PRESSURE: 1800 0 0 0 0 0 0 0 0 0
GPRESSURE: 1800 0 0 0 0 0 0 0 0 0
PRESSAVG: 1800 0 0 0 0 0 0 0 0 0
GPRESSAVG: 1800 0 0 0 0 0 0 0 0 0
ENERGY:    1800      1113.2535      1710.9222      2046.5155       142.5299            -41.1915      -820.9968         0.0000      5288.7972      3043.4294          12483.2595       305.6018      9439.8300     12509.4750       303.7284

PRESSURE: 1900 0 0 0 0 0 0 0 0 0
GPRESSURE: 1900 0 0 0 0 0 0 0 0 0
PRESSAVG: 1900 0 0 0 0 0 0 0 0 0
GPRESSAVG: 1900 0 0 0 0 0 0 0 0 0
ENERGY:    1900      1124.0792      1679.2091      2048.9766       157.7144            -41.3231      -827.5319         0.0000      5278.2320      3014.1760          12433.5322       302.6643      9419.3563     12461.7630       299.0566

WRITING COORDINATES TO DCD FILE adk-step1.dcd AT STEP 2000
WRITING COORDINATES TO RESTART FILE AT STEP 2000
FINISHED WRITING RESTART COORDINATES
The last position output (seq=2000) takes 0.003 seconds, 823.500 MB of memory in use
WRITING VELOCITIES TO RESTART FILE AT STEP 2000
FINISHED WRITING RESTART VELOCITIES
The last velocity output (seq=2000) takes 0.002 seconds, 823.500 MB of memory in use
PRESSURE: 2000 0 0 0 0 0 0 0 0 0
GPRESSURE: 2000 0 0 0 0 0 0 0 0 0
PRESSAVG: 2000 0 0 0 0 0 0 0 0 0
GPRESSAVG: 2000 0 0 0 0 0 0 0 0 0
TIMING: 2000  CPU: 0.949906, 0.000483298/step  Wall: 0.962914, 0.000489264/step, 0.00040772 hours remaining, 823.500000 MB of memory in use.
ETITLE:      TS           BOND          ANGLE          DIHED          IMPRP               ELECT            VDW       BOUNDARY           MISC        KINETIC               TOTAL           TEMP      POTENTIAL         TOTAL3        TEMPAVG

ENERGY:    2000      1150.3840      1688.8146      2084.1952       151.6566            -40.3078      -815.0019         0.0000      5283.8876      2904.8985          12408.5268       291.6914      9503.6283     12434.3266       297.9016

WRITING EXTENDED SYSTEM TO RESTART FILE AT STEP 2000
PRESSURE: 2100 0 0 0 0 0 0 0 0 0
GPRESSURE: 2100 0 0 0 0 0 0 0 0 0
PRESSAVG: 2100 0 0 0 0 0 0 0 0 0
GPRESSAVG: 2100 0 0 0 0 0 0 0 0 0
ENERGY:    2100      1123.7997      1683.1154      2061.3158       158.1905            -40.3377      -830.2918         0.0000      5284.9294      3005.9062          12446.6274       301.8339      9440.7212     12474.0362       299.3278

PRESSURE: 2200 0 0 0 0 0 0 0 0 0
GPRESSURE: 2200 0 0 0 0 0 0 0 0 0
PRESSAVG: 2200 0 0 0 0 0 0 0 0 0
GPRESSAVG: 2200 0 0 0 0 0 0 0 0 0
ENERGY:    2200      1093.5531      1695.7481      2079.9699       143.3526            -40.6461      -816.3712         0.0000      5285.1984      2991.2861          12432.0910       300.3659      9440.8049     12458.2403       300.5967

PRESSURE: 2300 0 0 0 0 0 0 0 0 0
GPRESSURE: 2300 0 0 0 0 0 0 0 0 0
PRESSAVG: 2300 0 0 0 0 0 0 0 0 0
GPRESSAVG: 2300 0 0 0 0 0 0 0 0 0
ENERGY:    2300      1132.9963      1692.8827      2076.5615       152.7229            -41.0356      -783.5010         0.0000      5270.9945      2931.1761          12432.7973       294.3300      9501.6212     12456.0627       299.0481

PRESSURE: 2400 0 0 0 0 0 0 0 0 0
GPRESSURE: 2400 0 0 0 0 0 0 0 0 0
PRESSAVG: 2400 0 0 0 0 0 0 0 0 0
GPRESSAVG: 2400 0 0 0 0 0 0 0 0 0
ENERGY:    2400      1106.4627      1690.6333      2063.6189       141.9279            -40.8951      -803.2781         0.0000      5262.3243      3000.4293          12421.2233       301.2840      9420.7940     12447.0875       298.3091

PRESSURE: 2500 0 0 0 0 0 0 0 0 0
GPRESSURE: 2500 0 0 0 0 0 0 0 0 0
PRESSAVG: 2500 0 0 0 0 0 0 0 0 0
GPRESSAVG: 2500 0 0 0 0 0 0 0 0 0
ENERGY:    2500      1112.6215      1667.8177      2076.5846       157.1487            -40.3639      -791.8140         0.0000      5269.7151      2952.5436          12404.2534       296.4756      9451.7098     12427.9588       296.2414

PRESSURE: 2600 0 0 0 0 0 0 0 0 0
GPRESSURE: 2600 0 0 0 0 0 0 0 0 0
PRESSAVG: 2600 0 0 0 0 0 0 0 0 0
GPRESSAVG: 2600 0 0 0 0 0 0 0 0 0
ENERGY:    2600      1137.0142      1670.6749      2065.6763       151.9275            -39.2990      -832.5473         0.0000      5264.7324      2973.5844          12391.7634       298.5884      9418.1790     12417.1751       297.9090

PRESSURE: 2700 0 0 0 0 0 0 0 0 0
GPRESSURE: 2700 0 0 0 0 0 0 0 0 0
PRESSAVG: 2700 0 0 0 0 0 0 0 0 0
GPRESSAVG: 2700 0 0 0 0 0 0 0 0 0
ENERGY:    2700      1084.9532      1721.8065      2069.1660       159.5472            -40.3908      -818.8587         0.0000      5267.5400      2951.8843          12395.6477       296.4094      9443.7634     12415.4955       297.7993

PRESSURE: 2800 0 0 0 0 0 0 0 0 0
GPRESSURE: 2800 0 0 0 0 0 0 0 0 0
PRESSAVG: 2800 0 0 0 0 0 0 0 0 0
GPRESSAVG: 2800 0 0 0 0 0 0 0 0 0
ENERGY:    2800      1149.1503      1691.7124      2069.0920       156.8319            -39.8466      -815.3517         0.0000      5271.7872      2957.2703          12440.6457       296.9502      9483.3755     12466.6590       298.1862

PRESSURE: 2900 0 0 0 0 0 0 0 0 0
GPRESSURE: 2900 0 0 0 0 0 0 0 0 0
PRESSAVG: 2900 0 0 0 0 0 0 0 0 0
GPRESSAVG: 2900 0 0 0 0 0 0 0 0 0
ENERGY:    2900      1098.2755      1663.6542      2080.9065       156.8921            -40.5627      -813.2716         0.0000      5270.3926      2996.7313          12413.0179       300.9127      9416.2866     12438.1977       298.0885

WRITING COORDINATES TO DCD FILE adk-step1.dcd AT STEP 3000
WRITING COORDINATES TO RESTART FILE AT STEP 3000
FINISHED WRITING RESTART COORDINATES
The last position output (seq=3000) takes 0.003 seconds, 823.500 MB of memory in use
WRITING VELOCITIES TO RESTART FILE AT STEP 3000
FINISHED WRITING RESTART VELOCITIES
The last velocity output (seq=3000) takes 0.002 seconds, 823.500 MB of memory in use
PRESSURE: 3000 0 0 0 0 0 0 0 0 0
GPRESSURE: 3000 0 0 0 0 0 0 0 0 0
PRESSAVG: 3000 0 0 0 0 0 0 0 0 0
GPRESSAVG: 3000 0 0 0 0 0 0 0 0 0
TIMING: 3000  CPU: 1.38507, 0.000435167/step  Wall: 1.40242, 0.000439506/step, 0.00024417 hours remaining, 823.500000 MB of memory in use.
ETITLE:      TS           BOND          ANGLE          DIHED          IMPRP               ELECT            VDW       BOUNDARY           MISC        KINETIC               TOTAL           TEMP      POTENTIAL         TOTAL3        TEMPAVG

ENERGY:    3000      1093.8599      1661.5723      2084.4500       154.6850            -40.5250      -803.8927         0.0000      5271.8809      2966.2878          12388.3181       297.8557      9422.0303     12411.5054       296.7493

WRITING EXTENDED SYSTEM TO RESTART FILE AT STEP 3000
PRESSURE: 3100 0 0 0 0 0 0 0 0 0
GPRESSURE: 3100 0 0 0 0 0 0 0 0 0
PRESSAVG: 3100 0 0 0 0 0 0 0 0 0
GPRESSAVG: 3100 0 0 0 0 0 0 0 0 0
ENERGY:    3100      1086.2060      1720.6933      2062.6243       142.0366            -41.0701      -829.2462         0.0000      5275.5895      2987.6514          12404.4848       300.0009      9416.8334     12430.2985       297.0798

PRESSURE: 3200 0 0 0 0 0 0 0 0 0
GPRESSURE: 3200 0 0 0 0 0 0 0 0 0
PRESSAVG: 3200 0 0 0 0 0 0 0 0 0
GPRESSAVG: 3200 0 0 0 0 0 0 0 0 0
ENERGY:    3200      1114.8893      1710.2928      2076.8163       149.4651            -40.6991      -817.1039         0.0000      5281.4223      2978.1476          12453.2304       299.0466      9475.0828     12476.7050       299.7770

PRESSURE: 3300 0 0 0 0 0 0 0 0 0
GPRESSURE: 3300 0 0 0 0 0 0 0 0 0
PRESSAVG: 3300 0 0 0 0 0 0 0 0 0
GPRESSAVG: 3300 0 0 0 0 0 0 0 0 0
ENERGY:    3300      1103.8738      1712.8495      2056.1160       146.3663            -40.9212      -792.9183         0.0000      5280.5370      2924.2528          12390.1559       293.6348      9465.9030     12415.0848       296.7811

PRESSURE: 3400 0 0 0 0 0 0 0 0 0
GPRESSURE: 3400 0 0 0 0 0 0 0 0 0
PRESSAVG: 3400 0 0 0 0 0 0 0 0 0
GPRESSAVG: 3400 0 0 0 0 0 0 0 0 0
ENERGY:    3400      1121.8058      1635.8798      2079.0005       157.1590            -40.8935      -809.2893         0.0000      5264.8168      2881.4175          12289.8967       289.3336      9408.4792     12312.2690       293.9664

PRESSURE: 3500 0 0 0 0 0 0 0 0 0
GPRESSURE: 3500 0 0 0 0 0 0 0 0 0
PRESSAVG: 3500 0 0 0 0 0 0 0 0 0
GPRESSAVG: 3500 0 0 0 0 0 0 0 0 0
ENERGY:    3500      1087.8996      1664.1446      2090.1796       163.2153            -39.8914      -792.4933         0.0000      5259.6706      2850.7229          12283.4480       286.2514      9432.7251     12306.0493       290.1916

PRESSURE: 3600 0 0 0 0 0 0 0 0 0
GPRESSURE: 3600 0 0 0 0 0 0 0 0 0
PRESSAVG: 3600 0 0 0 0 0 0 0 0 0
GPRESSAVG: 3600 0 0 0 0 0 0 0 0 0
ENERGY:    3600      1093.2904      1666.7792      2091.7474       144.1662            -40.7127      -804.2940         0.0000      5266.5562      2902.5521          12320.0848       291.4558      9417.5327     12344.4035       292.3436

PRESSURE: 3700 0 0 0 0 0 0 0 0 0
GPRESSURE: 3700 0 0 0 0 0 0 0 0 0
PRESSAVG: 3700 0 0 0 0 0 0 0 0 0
GPRESSAVG: 3700 0 0 0 0 0 0 0 0 0
ENERGY:    3700      1059.5141      1685.7968      2075.5678       154.2709            -40.6365      -764.6423         0.0000      5266.9395      2897.3886          12334.1988       290.9373      9436.8102     12360.7077       293.5060

PRESSURE: 3800 0 0 0 0 0 0 0 0 0
GPRESSURE: 3800 0 0 0 0 0 0 0 0 0
PRESSAVG: 3800 0 0 0 0 0 0 0 0 0
GPRESSAVG: 3800 0 0 0 0 0 0 0 0 0
ENERGY:    3800      1041.9683      1711.2836      2088.2736       160.6350            -40.9058      -829.0108         0.0000      5274.1412      2927.2341          12333.6193       293.9342      9406.3852     12356.6967       292.4570

PRESSURE: 3900 0 0 0 0 0 0 0 0 0
GPRESSURE: 3900 0 0 0 0 0 0 0 0 0
PRESSAVG: 3900 0 0 0 0 0 0 0 0 0
GPRESSAVG: 3900 0 0 0 0 0 0 0 0 0
ENERGY:    3900      1039.4826      1663.7673      2066.2534       145.5176            -39.7079      -788.7110         0.0000      5278.3818      2929.8388          12294.8226       294.1957      9364.9838     12318.8412       293.7369

WRITING COORDINATES TO DCD FILE adk-step1.dcd AT STEP 4000
WRITING COORDINATES TO RESTART FILE AT STEP 4000
FINISHED WRITING RESTART COORDINATES
The last position output (seq=4000) takes 0.004 seconds, 823.500 MB of memory in use
WRITING VELOCITIES TO RESTART FILE AT STEP 4000
FINISHED WRITING RESTART VELOCITIES
The last velocity output (seq=4000) takes 0.002 seconds, 823.500 MB of memory in use
PRESSURE: 4000 0 0 0 0 0 0 0 0 0
GPRESSURE: 4000 0 0 0 0 0 0 0 0 0
PRESSAVG: 4000 0 0 0 0 0 0 0 0 0
GPRESSAVG: 4000 0 0 0 0 0 0 0 0 0
TIMING: 4000  CPU: 1.82214, 0.000437062/step  Wall: 1.84548, 0.000443058/step, 0.000123072 hours remaining, 823.500000 MB of memory in use.
ETITLE:      TS           BOND          ANGLE          DIHED          IMPRP               ELECT            VDW       BOUNDARY           MISC        KINETIC               TOTAL           TEMP      POTENTIAL         TOTAL3        TEMPAVG

ENERGY:    4000      1101.4202      1687.7973      2084.0674       153.4112            -40.0887      -843.2053         0.0000      5280.0824      2908.2876          12331.7721       292.0317      9423.4845     12355.7567       292.0120

WRITING EXTENDED SYSTEM TO RESTART FILE AT STEP 4000
PRESSURE: 4100 0 0 0 0 0 0 0 0 0
GPRESSURE: 4100 0 0 0 0 0 0 0 0 0
PRESSAVG: 4100 0 0 0 0 0 0 0 0 0
GPRESSAVG: 4100 0 0 0 0 0 0 0 0 0
ENERGY:    4100      1075.5850      1692.4938      2077.0437       144.0198            -41.5046      -822.0126         0.0000      5272.2646      2903.3216          12301.2113       291.5331      9397.8897     12323.7754       293.3494

PRESSURE: 4200 0 0 0 0 0 0 0 0 0
GPRESSURE: 4200 0 0 0 0 0 0 0 0 0
PRESSAVG: 4200 0 0 0 0 0 0 0 0 0
GPRESSAVG: 4200 0 0 0 0 0 0 0 0 0
ENERGY:    4200      1066.0765      1671.0669      2061.7584       162.4086            -40.5371      -827.8459         0.0000      5270.7351      2939.0569          12302.7193       295.1214      9363.6624     12326.0535       291.1736

LDB: ============= START OF LOAD BALANCING ============== 4.19115
LDB: ============== END OF LOAD BALANCING =============== 4.19121
Info: useSync: 0 useProxySync: 0
LDB: =============== DONE WITH MIGRATION ================ 4.19132
PRESSURE: 4300 0 0 0 0 0 0 0 0 0
GPRESSURE: 4300 0 0 0 0 0 0 0 0 0
PRESSAVG: 4300 0 0 0 0 0 0 0 0 0
GPRESSAVG: 4300 0 0 0 0 0 0 0 0 0
ENERGY:    4300      1120.9828      1665.7530      2061.0203       150.0219            -40.7228      -847.7841         0.0000      5277.9155      2948.8595          12336.0461       296.1057      9387.1867     12359.4597       292.2377

LDB: ============= START OF LOAD BALANCING ============== 4.23516
LDB: TIME 4.23545 LOAD: AVG 0.0131674 MAX 0.026151  PROXIES: TOTAL 173 MAXPE 10 MAXPATCH 7 None MEM: 823.5 MB
LDB: TIME 4.23565 LOAD: AVG 0.0131674 MAX 0.026151  PROXIES: TOTAL 173 MAXPE 10 MAXPATCH 7 RefineTorusLB MEM: 823.625 MB
LDB: TIME 4.23582 LOAD: AVG 0.0131674 MAX 0.026151  PROXIES: TOTAL 173 MAXPE 10 MAXPATCH 7 RefineTorusLB MEM: 823.625 MB
LDB: ============== END OF LOAD BALANCING =============== 4.23609
Info: build node-aware spanning tree with send: 1, recv: 0 with branch factor 4
Info: useSync: 0 useProxySync: 0
LDB: =============== DONE WITH MIGRATION ================ 4.23685
PRESSURE: 4400 0 0 0 0 0 0 0 0 0
GPRESSURE: 4400 0 0 0 0 0 0 0 0 0
PRESSAVG: 4400 0 0 0 0 0 0 0 0 0
GPRESSAVG: 4400 0 0 0 0 0 0 0 0 0
ENERGY:    4400      1092.6753      1690.1940      2076.6377       148.2601            -41.5997      -781.5658         0.0000      5262.0503      2929.1352          12375.7871       294.1251      9446.6519     12403.1670       296.3594

PRESSURE: 4500 0 0 0 0 0 0 0 0 0
GPRESSURE: 4500 0 0 0 0 0 0 0 0 0
PRESSAVG: 4500 0 0 0 0 0 0 0 0 0
GPRESSAVG: 4500 0 0 0 0 0 0 0 0 0
ENERGY:    4500      1095.9175      1645.4294      2092.6523       159.6576            -41.1242      -819.2381         0.0000      5255.7346      2930.6455          12319.6745       294.2767      9389.0290     12341.1974       294.7744

PRESSURE: 4600 0 0 0 0 0 0 0 0 0
GPRESSURE: 4600 0 0 0 0 0 0 0 0 0
PRESSAVG: 4600 0 0 0 0 0 0 0 0 0
GPRESSAVG: 4600 0 0 0 0 0 0 0 0 0
ENERGY:    4600      1058.3244      1748.6221      2080.4807       150.4427            -41.1107      -838.2144         0.0000      5271.5717      2888.9202          12319.0367       290.0870      9430.1165     12346.3272       291.5109

PRESSURE: 4700 0 0 0 0 0 0 0 0 0
GPRESSURE: 4700 0 0 0 0 0 0 0 0 0
PRESSAVG: 4700 0 0 0 0 0 0 0 0 0
GPRESSAVG: 4700 0 0 0 0 0 0 0 0 0
ENERGY:    4700      1085.5972      1706.8445      2076.7074       154.5367            -40.5932      -815.7529         0.0000      5268.9189      2936.2224          12372.4810       294.8367      9436.2586     12396.3344       294.0937

PRESSURE: 4800 0 0 0 0 0 0 0 0 0
GPRESSURE: 4800 0 0 0 0 0 0 0 0 0
PRESSAVG: 4800 0 0 0 0 0 0 0 0 0
GPRESSAVG: 4800 0 0 0 0 0 0 0 0 0
ENERGY:    4800      1112.1602      1680.9096      2046.5389       159.5252            -39.6502      -813.3799         0.0000      5278.6380      2929.9979          12354.7397       294.2117      9424.7418     12378.1640       295.3686

PRESSURE: 4900 0 0 0 0 0 0 0 0 0
GPRESSURE: 4900 0 0 0 0 0 0 0 0 0
PRESSAVG: 4900 0 0 0 0 0 0 0 0 0
GPRESSAVG: 4900 0 0 0 0 0 0 0 0 0
ENERGY:    4900      1119.3056      1668.9547      2060.2803       149.7902            -39.8981      -796.7963         0.0000      5275.9723      2922.0989          12359.7076       293.4185      9437.6088     12383.3280       295.8092

PRESSURE: 5000 0 0 0 0 0 0 0 0 0
GPRESSURE: 5000 0 0 0 0 0 0 0 0 0
PRESSAVG: 5000 0 0 0 0 0 0 0 0 0
GPRESSAVG: 5000 0 0 0 0 0 0 0 0 0
TIMING: 5000  CPU: 2.26038, 0.000438241/step  Wall: 2.28515, 0.000439671/step, 0 hours remaining, 823.625000 MB of memory in use.
ETITLE:      TS           BOND          ANGLE          DIHED          IMPRP               ELECT            VDW       BOUNDARY           MISC        KINETIC               TOTAL           TEMP      POTENTIAL         TOTAL3        TEMPAVG

ENERGY:    5000      1071.9355      1730.4193      2036.6735       156.8426            -40.1845      -833.1253         0.0000      5265.8972      2983.2790          12371.7374       299.5619      9388.4584     12399.3749       294.0705

WRITING EXTENDED SYSTEM TO RESTART FILE AT STEP 5000
WRITING COORDINATES TO DCD FILE adk-step1.dcd AT STEP 5000
WRITING COORDINATES TO RESTART FILE AT STEP 5000
FINISHED WRITING RESTART COORDINATES
The last position output (seq=5000) takes 0.002 seconds, 824.312 MB of memory in use
WRITING VELOCITIES TO RESTART FILE AT STEP 5000
FINISHED WRITING RESTART VELOCITIES
The last velocity output (seq=5000) takes 0.002 seconds, 824.312 MB of memory in use
WRITING EXTENDED SYSTEM TO OUTPUT FILE AT STEP 5000
WRITING COORDINATES TO OUTPUT FILE AT STEP 5000
CLOSING COORDINATE DCD FILE adk-step1.dcd
The last position output (seq=-2) takes 0.004 seconds, 824.312 MB of memory in use
WRITING VELOCITIES TO OUTPUT FILE AT STEP 5000
====================================================

WallClock: 4.510126  CPUTime: 3.029820  Memory: 824.312500 MB
End of program
