3_12_cc.dat
/gpfs/alpine/bip115/scratch/hrlee/radical.pilot.sandbox/re.session.login1.hrlee.018632.0003/pilot.0000/staging_area/3_12_cc.dat
3, 12
Choosing optimized barrier algorithm name I0:HybridBinomial:SHMEM:P2P
Converse/Charm++ Commit ID: v6.10.2-0-g7bf00fa-namd-charm-6.10.2-build-2020-Aug-05-556
Warning> Randomization of virtual memory (ASLR) is turned on in the kernel, thread migration may not work! Run 'echo 0 > /proc/sys/kernel/randomize_va_space' as root to disable it, or try running with '+isomalloc_sync'.
CharmLB> Load balancer assumes all CPUs are same.
Charm++> Running on 1 hosts (1 sockets x 7 cores x 4 PUs = 28-way SMP)
Charm++> cpu topology info is gathered in 0.002 seconds.
Info: Built with CUDA version 10010
Did not find +devices i,j,k,... argument, using all
Pe 18 physical rank 18 will use CUDA device of pe 14
Pe 6 physical rank 6 will use CUDA device of pe 4
Pe 10 physical rank 10 will use CUDA device of pe 7
Pe 40 physical rank 40 will use CUDA device of pe 35
Pe 30 physical rank 30 will use CUDA device of pe 28
Pe 27 physical rank 27 will use CUDA device of pe 21
Pe 20 physical rank 20 will use CUDA device of pe 14
Pe 8 physical rank 8 will use CUDA device of pe 7
Pe 39 physical rank 39 will use CUDA device of pe 35
Pe 32 physical rank 32 will use CUDA device of pe 28
Pe 23 physical rank 23 will use CUDA device of pe 21
Pe 19 physical rank 19 will use CUDA device of pe 14
Pe 5 physical rank 5 will use CUDA device of pe 4
Pe 9 physical rank 9 will use CUDA device of pe 7
Pe 38 physical rank 38 will use CUDA device of pe 35
Pe 31 physical rank 31 will use CUDA device of pe 28
Pe 26 physical rank 26 will use CUDA device of pe 21
Pe 16 physical rank 16 will use CUDA device of pe 14
Pe 1 physical rank 1 will use CUDA device of pe 4
Pe 12 physical rank 12 will use CUDA device of pe 7
Pe 41 physical rank 41 will use CUDA device of pe 35
Pe 34 physical rank 34 will use CUDA device of pe 28
Pe 25 physical rank 25 will use CUDA device of pe 21
Pe 17 physical rank 17 will use CUDA device of pe 14
Pe 3 physical rank 3 will use CUDA device of pe 4
Pe 37 physical rank 37 will use CUDA device of pe 35
Pe 33 physical rank 33 will use CUDA device of pe 28
Pe 24 physical rank 24 will use CUDA device of pe 21
Pe 15 physical rank 15 will use CUDA device of pe 14
Pe 2 physical rank 2 will use CUDA device of pe 4
Pe 11 physical rank 11 will use CUDA device of pe 7
Pe 36 physical rank 36 will use CUDA device of pe 35
Pe 29 physical rank 29 will use CUDA device of pe 28
Pe 22 physical rank 22 will use CUDA device of pe 21
Pe 0 physical rank 0 will use CUDA device of pe 4
Pe 13 physical rank 13 will use CUDA device of pe 7
Pe 14 physical rank 14 binding to CUDA device 0 on h23n11: 'Tesla V100-SXM2-16GB'  Mem: 16128MB  Rev: 7.0  PCI: 4:6:0
Pe 4 physical rank 4 binding to CUDA device 0 on h23n11: 'Tesla V100-SXM2-16GB'  Mem: 16128MB  Rev: 7.0  PCI: 4:4:0
Pe 7 physical rank 7 binding to CUDA device 0 on h23n11: 'Tesla V100-SXM2-16GB'  Mem: 16128MB  Rev: 7.0  PCI: 4:5:0
Pe 35 physical rank 35 binding to CUDA device 0 on h23n11: 'Tesla V100-SXM2-16GB'  Mem: 16128MB  Rev: 7.0  PCI: 35:5:0
Pe 28 physical rank 28 binding to CUDA device 0 on h23n11: 'Tesla V100-SXM2-16GB'  Mem: 16128MB  Rev: 7.0  PCI: 35:4:0
Pe 21 physical rank 21 binding to CUDA device 0 on h23n11: 'Tesla V100-SXM2-16GB'  Mem: 16128MB  Rev: 7.0  PCI: 35:3:0
Info: NAMD 2.14 for Linux-POWER-pami-smp-Summit-CUDA
Info: 
Info: Please visit http://www.ks.uiuc.edu/Research/namd/
Info: for updates, documentation, and support information.
Info: 
Info: Please cite Phillips et al., J. Chem. Phys. 153:044130 (2020) doi:10.1063/5.0014475
Info: in all publications reporting results obtained with NAMD.
Info: 
Info: Based on Charm++/Converse 61002 for pami-linux-ppc64le-smp
Info: Built Wed Aug 5 14:28:51 EDT 2020 by jimp on login2
Info: 1 NAMD  2.14  Linux-POWER-pami-smp-Summit-CUDA  42    h23n11  hrlee
Info: Running on 42 processors, 6 nodes, 1 physical nodes.
Info: CPU topology information available.
Info: Charm++/Converse parallel runtime startup completed at 1.39484 s
CkLoopLib is used in SMP with simple dynamic scheduling (converse-level notification)
Info: 791.688 MB of memory in use based on /proc/self/stat
Info: Configuration file is adk-step1.namd
Info: Working in the current directory /gpfs/alpine/bip115/scratch/hrlee/radical.pilot.sandbox/re.session.login1.hrlee.018632.0003/pilot.0000/unit.000875
TCL: Suspending until startup complete.
Info: SIMULATION PARAMETERS:
Info: TIMESTEP               1
Info: NUMBER OF STEPS        0
Info: STEPS PER CYCLE        20
Info: LOAD BALANCER  Centralized
Info: LOAD BALANCING STRATEGY  New Load Balancers -- DEFAULT
Info: LDB PERIOD             4000 steps
Info: FIRST LDB TIMESTEP     100
Info: LAST LDB TIMESTEP     -1
Info: LDB BACKGROUND SCALING 1
Info: HOM BACKGROUND SCALING 1
Info: MIN ATOMS PER PATCH    40
Info: VELOCITY FILE          3_12_adk-step1.restart.vel
Info: CENTER OF MASS MOVING INITIALLY? NO
Info: DIELECTRIC             80
Info: EXCLUDE                SCALED ONE-FOUR
Info: 1-4 ELECTROSTATICS SCALED BY 1
Info: MODIFIED 1-4 VDW PARAMETERS WILL BE USED
Info: DCD FILENAME           adk-step1.dcd
Info: DCD FREQUENCY          1000
Info: DCD FIRST STEP         1000
Info: NO EXTENDED SYSTEM TRAJECTORY OUTPUT
Info: NO VELOCITY DCD OUTPUT
Info: NO FORCE DCD OUTPUT
Info: OUTPUT FILENAME        adk-step1
Info: BINARY OUTPUT FILES WILL BE USED
Info: RESTART FILENAME       adk-step1.restart
Info: RESTART FREQUENCY      1000
Info: BINARY RESTART FILES WILL BE USED
Info: SWITCHING ACTIVE
Info: SWITCHING ON           9
Info: SWITCHING OFF          10
Info: PAIRLIST DISTANCE      11
Info: PAIRLIST SHRINK RATE   0.01
Info: PAIRLIST GROW RATE     0.01
Info: PAIRLIST TRIGGER       0.3
Info: PAIRLISTS PER CYCLE    2
Info: PAIRLISTS ENABLED
Info: MARGIN                 0
Info: HYDROGEN GROUP CUTOFF  2.5
Info: PATCH DIMENSION        13.5
Info: ENERGY OUTPUT STEPS    100
Info: CROSSTERM ENERGY INCLUDED IN DIHEDRAL
Info: TIMING OUTPUT STEPS    1000
Info: PRESSURE OUTPUT STEPS  100
Info: GRID FORCE ACTIVE
Info:  Please include this reference in published work using
Info:  the Gridforce module of NAMD: David Wells, Volha Abramkina,
Info:  and Aleksei Aksimentiev, J. Chem. Phys. 127:125101-10 (2007).
Info: MGRIDFORCE key 0
Info:            Potfile 4ake-target_autopsf-grid.dx
Info:            Scale 0.3 0.3 0.3
Info:            File 1ake-docked-noh_autopsf-grid.pdb
Info:            Col O
Info:            ChargeCol B
Info:            VOffset 0 0 0
Info:            Continuous K1 FALSE
Info:            Continuous K2 FALSE
Info:            Continuous K3 FALSE
Info:            Volts FALSE
Info:            Gridforce-Lite FALSE
Info:            Gridforce-CheckSize TRUE
Info: LANGEVIN DYNAMICS ACTIVE
Info: LANGEVIN TEMPERATURE   300
Info: LANGEVIN USING BBK INTEGRATOR
Info: LANGEVIN DAMPING COEFFICIENT IS 5 INVERSE PS
Info: LANGEVIN DYNAMICS NOT APPLIED TO HYDROGENS
Info: USING VERLET I (r-RESPA) MTS SCHEME.
Info: C1 SPLITTING OF LONG RANGE ELECTROSTATICS
Info: PLACING ATOMS IN PATCHES BY HYDROGEN GROUPS
Info: RIGID BONDS TO HYDROGEN : WATER
Info:         ERROR TOLERANCE : 1e-08
Info:          MAX ITERATIONS : 100
Info: RIGID WATER USING SETTLE ALGORITHM
Info: NONBONDED FORCES EVALUATED EVERY 2 STEPS
Info: RANDOM NUMBER SEED     1609822469
Info: USE HYDROGEN BONDS?    NO
Info: COORDINATE PDB         1ake-docked-noh_autopsf.pdb
Info: STRUCTURE FILE         1ake-docked-noh_autopsf.psf
Info: PARAMETER file: CHARMM format! 
Info: PARAMETERS             par_all36_prot.prm
Info: USING ARITHMETIC MEAN TO COMBINE L-J SIGMA PARAMETERS
Info: BINARY COORDINATES     3_12_adk-step1.restart.coor
Info: SUMMARY OF PARAMETERS:
Info: 132 BONDS
Info: 362 ANGLES
Info: 702 DIHEDRAL
Info: 35 IMPROPER
Info: 6 CROSSTERM
Info: 53 VDW
Info: 0 VDW_PAIRS
Info: 0 NBTHOLE_PAIRS
Info: TIME FOR READING PSF FILE: 0.381476
Info: READING EXTRA BONDS FILE 1ake-extrabonds.txt
Info: READING EXTRA BONDS FILE 1ake-extrabonds-cispeptide.txt
Info: READING EXTRA BONDS FILE 1ake-extrabonds-chirality.txt
Info: READ 80 EXTRA BONDS
Info: READ 80 EXTRA ANGLES
Warning: EXTRA ANGLES ARE COSINE-BASED BY DEFAULT TO MATCH PREVIOUS VERSIONS
Warning: FOR NORMAL HARMONIC EXTRA ANGLES SET extraBondsCosAngles off
Info: READ 493 EXTRA DIHEDRALS
Info: READ 438 EXTRA IMPROPERS
Info: Reading pdb file 1ake-docked-noh_autopsf.pdb
Info: TIME FOR READING PDB FILE: 0.0743469
Info: 
Info: ****************************
Info: STRUCTURE SUMMARY:
Info: 3341 ATOMS
Info: 3445 BONDS
Info: 6203 ANGLES
Info: 9414 DIHEDRALS
Info: 1005 IMPROPERS
Info: 212 CROSSTERMS
Info: 0 EXCLUSIONS
Info: 0 RIGID BONDS
Info: 1 GRIDS ACTIVE
Info: 10023 DEGREES OF FREEDOM
Info: 1656 HYDROGEN GROUPS
Info: 4 ATOMS IN LARGEST HYDROGEN GROUP
Info: 1656 MIGRATION GROUPS
Info: 4 ATOMS IN LARGEST MIGRATION GROUP
Info: TOTAL MASS = 23582 amu
Info: TOTAL CHARGE = -4 e
Info: *****************************
Info: Reading from binary file 3_12_adk-step1.restart.coor
Info: 
Info: Entering startup at 2.27448 s, 798.812 MB of memory in use
Info: Startup phase 0 took 0.000233622 s, 798.938 MB of memory in use
Info: ADDED 18308 IMPLICIT EXCLUSIONS
Info: Startup phase 1 took 0.00875201 s, 799.062 MB of memory in use
Info: NONBONDED TABLE R-SQUARED SPACING: 0.0625
Info: NONBONDED TABLE SIZE: 705 POINTS
Info: ABSOLUTE IMPRECISION IN FAST TABLE ENERGY: 3.38813e-21 AT 9.89634
Info: RELATIVE IMPRECISION IN FAST TABLE ENERGY: 4.23384e-15 AT 9.94673
Info: ABSOLUTE IMPRECISION IN FAST TABLE FORCE: 6.35275e-22 AT 9.94673
Info: RELATIVE IMPRECISION IN FAST TABLE FORCE: 5.07982e-16 AT 9.94673
Info: INCONSISTENCY IN FAST TABLE ENERGY VS FORCE: 0.000290185 AT 0.251946
Info: ABSOLUTE IMPRECISION IN VDWA TABLE ENERGY: 1.57772e-30 AT 9.89634
Info: RELATIVE IMPRECISION IN VDWA TABLE ENERGY: 4.54938e-15 AT 9.94673
Info: ABSOLUTE IMPRECISION IN VDWA TABLE FORCE: 5.91646e-31 AT 9.94673
Info: RELATIVE IMPRECISION IN VDWA TABLE FORCE: 5.6823e-16 AT 9.94673
Info: INCONSISTENCY IN VDWA TABLE ENERGY VS FORCE: 0.0040507 AT 0.251946
Info: ABSOLUTE IMPRECISION IN VDWB TABLE ENERGY: 4.71751e-25 AT 9.94673
Info: RELATIVE IMPRECISION IN VDWB TABLE ENERGY: 1.45371e-14 AT 9.94673
Info: ABSOLUTE IMPRECISION IN VDWB TABLE FORCE: 6.20385e-25 AT 9.94673
Info: RELATIVE IMPRECISION IN VDWB TABLE FORCE: 5.97512e-16 AT 9.94673
Info: INCONSISTENCY IN VDWB TABLE ENERGY VS FORCE: 0.00377068 AT 9.07951
Info: Startup phase 2 took 0.00054552 s, 800.188 MB of memory in use
Info: Startup phase 3 took 0.000195395 s, 800.188 MB of memory in use
Info: Startup phase 4 took 0.000257989 s, 800.312 MB of memory in use
Info: Startup phase 5 took 0.000181767 s, 800.312 MB of memory in use
Info: ORIGINAL ATOMS MINMAX IS -21.4035 -33.2701 -37.3992  17.3444 21.9512 16.3987
Info: ADJUSTED ATOMS MINMAX IS -16.1761 -27.8042 -32.097  11.6477 12.7939 8.36409
Info: PATCH GRID IS 5 BY 4 BY 3
Info: PATCH GRID IS 2-AWAY BY 1-AWAY BY 1-AWAY
Info: Reading from binary file 3_12_adk-step1.restart.vel
Info: REMOVING COM VELOCITY 0.0141391 -0.240163 -0.177235
Info: LARGEST PATCH (16) HAS 175 ATOMS
Info: TORUS A SIZE 1 USING 0
Info: TORUS B SIZE 1 USING 0
Info: TORUS C SIZE 1 USING 0
Info: TORUS MINIMAL MESH SIZE IS 1 BY 1 BY 1
Info: Placed 100% of base nodes on same physical node as patch
Info: Startup phase 6 took 0.00850137 s, 800.562 MB of memory in use
Info: Startup phase 7 took 0.000185179 s, 801.75 MB of memory in use
Info: Updated CUDA force table with 4096 elements.
Info: Updated CUDA LJ table with 53 x 53 elements.
Info: Updated CUDA force table with 4096 elements.
Info: Updated CUDA force table with 4096 elements.
Info: Updated CUDA force table with 4096 elements.
Info: Updated CUDA LJ table with 53 x 53 elements.
Info: Updated CUDA LJ table with 53 x 53 elements.
Info: Updated CUDA LJ table with 53 x 53 elements.
Info: Updated CUDA force table with 4096 elements.
Info: Updated CUDA force table with 4096 elements.
Info: Updated CUDA LJ table with 53 x 53 elements.
Info: Updated CUDA LJ table with 53 x 53 elements.
Info: Startup phase 8 took 0.00329227 s, 801.875 MB of memory in use
Info: Startup phase 9 took 0.000433113 s, 802.062 MB of memory in use
Info: Startup phase 10 took 0.000184621 s, 802.312 MB of memory in use
Info: Startup phase 11 took 0.000782225 s, 802.312 MB of memory in use
LDB: Central LB being created...
Info: Startup phase 12 took 0.00228453 s, 802.938 MB of memory in use
Info: CREATING 1451 COMPUTE OBJECTS
Info: Found 278 unique exclusion lists needing 900 bytes
Info: Found 278 unique exclusion lists needing 900 bytes
Info: Found 278 unique exclusion lists needing 900 bytes
Info: Found 278 unique exclusion lists needing 900 bytes
Info: Found 278 unique exclusion lists needing 900 bytes
Info: Found 278 unique exclusion lists needing 900 bytes
Info: Startup phase 13 took 0.0157262 s, 803.938 MB of memory in use
Info: Building spanning tree ... send: 1 recv: 0 with branch factor 4
Info: useSync: 0 useProxySync: 0
Info: Startup phase 14 took 0.000282805 s, 804.188 MB of memory in use
Info: Startup phase 15 took 0.000240052 s, 804.438 MB of memory in use
Info: Finished startup at 2.31656 s, 804.562 MB of memory in use

TCL: Running for 5000 steps
PRESSURE: 0 0 0 0 0 0 0 0 0 0
GPRESSURE: 0 0 0 0 0 0 0 0 0 0
ETITLE:      TS           BOND          ANGLE          DIHED          IMPRP               ELECT            VDW       BOUNDARY           MISC        KINETIC               TOTAL           TEMP      POTENTIAL         TOTAL3        TEMPAVG

ENERGY:       0      1111.6944      1672.6872      2064.9400       151.6740            -41.2162      -762.5422         0.0000      3931.2807      2989.0461          11117.5639       300.1410      8128.5179     11141.7374       300.1410

LDB: ============= START OF LOAD BALANCING ============== 2.33138
LDB: ============== END OF LOAD BALANCING =============== 2.33143
Info: useSync: 0 useProxySync: 0
LDB: =============== DONE WITH MIGRATION ================ 2.33159
LDB: ============= START OF LOAD BALANCING ============== 2.38261
LDB: Partitioning computes with target load 0.000000
LDB: Increased migratable compute count from 0 to 0
LDB: Largest unpartitionable compute is 0.000000
LDB: ============== END OF LOAD BALANCING =============== 2.38294
Info: build node-aware spanning tree with send: 1, recv: 0 with branch factor 4
Info: useSync: 0 useProxySync: 0
LDB: =============== DONE WITH MIGRATION ================ 2.38387
PRESSURE: 100 0 0 0 0 0 0 0 0 0
GPRESSURE: 100 0 0 0 0 0 0 0 0 0
PRESSAVG: 100 0 0 0 0 0 0 0 0 0
GPRESSAVG: 100 0 0 0 0 0 0 0 0 0
Info: Initial time: 42 CPUs 0.000638376 s/step 0.00738861 days/ns 827 MB memory
ENERGY:     100      1114.1400      1657.9027      2094.6538       162.7174            -40.7060      -794.4267         0.0000      3941.7296      3004.4317          11140.4425       301.6859      8136.0109     11169.3794       298.5309

LDB: ============= START OF LOAD BALANCING ============== 2.39636
LDB: ============== END OF LOAD BALANCING =============== 2.39639
Info: useSync: 0 useProxySync: 0
LDB: =============== DONE WITH MIGRATION ================ 2.39649
LDB: ============= START OF LOAD BALANCING ============== 2.44612
LDB: TIME 2.44634 LOAD: AVG 0.014549 MAX 0.0375234  PROXIES: TOTAL 208 MAXPE 10 MAXPATCH 7 None MEM: 828.938 MB
LDB: TIME 2.44654 LOAD: AVG 0.014549 MAX 0.0375234  PROXIES: TOTAL 208 MAXPE 10 MAXPATCH 7 TorusLB MEM: 829 MB
LDB: ============== END OF LOAD BALANCING =============== 2.44677
Info: build node-aware spanning tree with send: 1, recv: 0 with branch factor 4
Info: useSync: 0 useProxySync: 0
LDB: =============== DONE WITH MIGRATION ================ 2.44763
PRESSURE: 200 0 0 0 0 0 0 0 0 0
GPRESSURE: 200 0 0 0 0 0 0 0 0 0
PRESSAVG: 200 0 0 0 0 0 0 0 0 0
GPRESSAVG: 200 0 0 0 0 0 0 0 0 0
Info: Initial time: 42 CPUs 0.000618474 s/step 0.00715827 days/ns 829 MB memory
ENERGY:     200      1092.8807      1680.7574      2080.3769       168.0221            -40.1225      -780.8780         0.0000      3939.5754      3034.6518          11175.2637       304.7204      8140.6119     11199.2070       302.0487

LDB: ============= START OF LOAD BALANCING ============== 2.50984
LDB: TIME 2.51007 LOAD: AVG 0.0181792 MAX 0.0471954  PROXIES: TOTAL 208 MAXPE 10 MAXPATCH 7 None MEM: 830.062 MB
LDB: TIME 2.51025 LOAD: AVG 0.0181792 MAX 0.0471954  PROXIES: TOTAL 208 MAXPE 10 MAXPATCH 7 RefineTorusLB MEM: 830.125 MB
LDB: TIME 2.51039 LOAD: AVG 0.0181792 MAX 0.0471954  PROXIES: TOTAL 208 MAXPE 10 MAXPATCH 7 RefineTorusLB MEM: 830.125 MB
LDB: Reverting to original mapping
LDB: ============== END OF LOAD BALANCING =============== 2.51062
Info: build node-aware spanning tree with send: 1, recv: 0 with branch factor 4
Info: useSync: 0 useProxySync: 0
LDB: =============== DONE WITH MIGRATION ================ 2.51149
PRESSURE: 300 0 0 0 0 0 0 0 0 0
GPRESSURE: 300 0 0 0 0 0 0 0 0 0
PRESSAVG: 300 0 0 0 0 0 0 0 0 0
GPRESSAVG: 300 0 0 0 0 0 0 0 0 0
Info: Initial time: 42 CPUs 0.00062102 s/step 0.00718773 days/ns 830.125 MB memory
ENERGY:     300      1107.6196      1719.1427      2099.6242       154.1307            -40.6264      -773.6431         0.0000      3933.2683      3003.2535          11202.7695       301.5676      8199.5160     11230.3267       303.7639

LDB: ============= START OF LOAD BALANCING ============== 2.57466
LDB: TIME 2.57488 LOAD: AVG 0.0181207 MAX 0.047591  PROXIES: TOTAL 208 MAXPE 10 MAXPATCH 7 None MEM: 831.125 MB
LDB: TIME 2.57505 LOAD: AVG 0.0181207 MAX 0.047591  PROXIES: TOTAL 208 MAXPE 10 MAXPATCH 7 RefineTorusLB MEM: 831.125 MB
LDB: TIME 2.57519 LOAD: AVG 0.0181207 MAX 0.047591  PROXIES: TOTAL 208 MAXPE 10 MAXPATCH 7 RefineTorusLB MEM: 831.125 MB
LDB: Reverting to original mapping
LDB: ============== END OF LOAD BALANCING =============== 2.57543
Info: build node-aware spanning tree with send: 1, recv: 0 with branch factor 4
Info: useSync: 0 useProxySync: 0
LDB: =============== DONE WITH MIGRATION ================ 2.57629
PRESSURE: 400 0 0 0 0 0 0 0 0 0
GPRESSURE: 400 0 0 0 0 0 0 0 0 0
PRESSAVG: 400 0 0 0 0 0 0 0 0 0
GPRESSAVG: 400 0 0 0 0 0 0 0 0 0
Info: Benchmark time: 42 CPUs 0.000629862 s/step 0.00729007 days/ns 831.125 MB memory
ENERGY:     400      1112.6926      1739.3867      2055.5272       143.9781            -41.4301      -785.7836         0.0000      3929.1978      2975.6038          11129.1726       298.7912      8153.5688     11155.6826       302.3090

PRESSURE: 500 0 0 0 0 0 0 0 0 0
GPRESSURE: 500 0 0 0 0 0 0 0 0 0
PRESSAVG: 500 0 0 0 0 0 0 0 0 0
GPRESSAVG: 500 0 0 0 0 0 0 0 0 0
Info: Benchmark time: 42 CPUs 0.000629755 s/step 0.00728883 days/ns 832.062 MB memory
ENERGY:     500      1087.3248      1709.4524      2101.5229       165.7776            -41.8792      -776.4608         0.0000      3942.2658      2967.6556          11155.6592       297.9931      8188.0035     11181.8728       300.7570

PRESSURE: 600 0 0 0 0 0 0 0 0 0
GPRESSURE: 600 0 0 0 0 0 0 0 0 0
PRESSAVG: 600 0 0 0 0 0 0 0 0 0
GPRESSAVG: 600 0 0 0 0 0 0 0 0 0
Info: Benchmark time: 42 CPUs 0.000626171 s/step 0.00724735 days/ns 832.062 MB memory
ENERGY:     600      1106.3492      1676.9234      2057.2865       175.5945            -40.7978      -775.3686         0.0000      3931.1007      3038.6047          11169.6926       305.1173      8131.0879     11195.6927       302.1764

PRESSURE: 700 0 0 0 0 0 0 0 0 0
GPRESSURE: 700 0 0 0 0 0 0 0 0 0
PRESSAVG: 700 0 0 0 0 0 0 0 0 0
GPRESSAVG: 700 0 0 0 0 0 0 0 0 0
Info: Benchmark time: 42 CPUs 0.000623381 s/step 0.00721506 days/ns 832.062 MB memory
ENERGY:     700      1112.6519      1722.0557      2097.5344       155.7644            -40.9550      -766.0568         0.0000      3934.1220      2962.1229          11177.2396       297.4375      8215.1167     11199.5663       300.9398

PRESSURE: 800 0 0 0 0 0 0 0 0 0
GPRESSURE: 800 0 0 0 0 0 0 0 0 0
PRESSAVG: 800 0 0 0 0 0 0 0 0 0
GPRESSAVG: 800 0 0 0 0 0 0 0 0 0
Info: Benchmark time: 42 CPUs 0.000621947 s/step 0.00719846 days/ns 832.062 MB memory
ENERGY:     800      1109.0735      1704.3342      2046.5872       155.1001            -40.8575      -767.5737         0.0000      3926.0359      2998.2445          11130.9441       301.0646      8132.6996     11154.5442       300.6571

PRESSURE: 900 0 0 0 0 0 0 0 0 0
GPRESSURE: 900 0 0 0 0 0 0 0 0 0
PRESSAVG: 900 0 0 0 0 0 0 0 0 0
GPRESSAVG: 900 0 0 0 0 0 0 0 0 0
Info: Benchmark time: 42 CPUs 0.000621763 s/step 0.00719633 days/ns 832.062 MB memory
ENERGY:     900      1080.0230      1708.1657      2084.2568       153.4348            -40.3470      -807.9633         0.0000      3931.2702      2993.5741          11102.4141       300.5956      8108.8401     11129.9400       299.9693

WRITING VELOCITIES TO RESTART FILE AT STEP 1000
FINISHED WRITING RESTART VELOCITIES
The last velocity output (seq=1000) takes 0.010 seconds, 832.062 MB of memory in use
OPENING COORDINATE DCD FILE
WRITING COORDINATES TO DCD FILE adk-step1.dcd AT STEP 1000
WRITING COORDINATES TO RESTART FILE AT STEP 1000
FINISHED WRITING RESTART COORDINATES
The last position output (seq=1000) takes 0.005 seconds, 832.125 MB of memory in use
PRESSURE: 1000 0 0 0 0 0 0 0 0 0
GPRESSURE: 1000 0 0 0 0 0 0 0 0 0
PRESSAVG: 1000 0 0 0 0 0 0 0 0 0
GPRESSAVG: 1000 0 0 0 0 0 0 0 0 0
TIMING: 1000  CPU: 0.653936, 0.00063536/step  Wall: 0.666986, 0.000647517/step, 0.000719463 hours remaining, 832.187500 MB of memory in use.
ETITLE:      TS           BOND          ANGLE          DIHED          IMPRP               ELECT            VDW       BOUNDARY           MISC        KINETIC               TOTAL           TEMP      POTENTIAL         TOTAL3        TEMPAVG

ENERGY:    1000      1072.0318      1646.8372      2085.3905       160.2650            -39.8567      -757.8475         0.0000      3934.8342      2999.3329          11100.9874       301.1739      8101.6545     11124.2088       298.2621

WRITING EXTENDED SYSTEM TO RESTART FILE AT STEP 1000
PRESSURE: 1100 0 0 0 0 0 0 0 0 0
GPRESSURE: 1100 0 0 0 0 0 0 0 0 0
PRESSAVG: 1100 0 0 0 0 0 0 0 0 0
GPRESSAVG: 1100 0 0 0 0 0 0 0 0 0
ENERGY:    1100      1110.3008      1723.6038      2095.8627       145.3307            -40.4963      -771.9473         0.0000      3927.7030      2920.8818          11111.2391       293.2963      8190.3573     11134.7618       299.9257

PRESSURE: 1200 0 0 0 0 0 0 0 0 0
GPRESSURE: 1200 0 0 0 0 0 0 0 0 0
PRESSAVG: 1200 0 0 0 0 0 0 0 0 0
GPRESSAVG: 1200 0 0 0 0 0 0 0 0 0
ENERGY:    1200      1085.8202      1726.0329      2092.7262       160.1976            -40.7508      -782.3522         0.0000      3921.7355      3010.0513          11173.4607       302.2502      8163.4094     11197.4543       299.5454

PRESSURE: 1300 0 0 0 0 0 0 0 0 0
GPRESSURE: 1300 0 0 0 0 0 0 0 0 0
PRESSAVG: 1300 0 0 0 0 0 0 0 0 0
GPRESSAVG: 1300 0 0 0 0 0 0 0 0 0
ENERGY:    1300      1098.8028      1666.5755      2082.0180       156.2903            -40.5601      -761.7795         0.0000      3919.7287      3005.8362          11126.9118       301.8269      8121.0757     11153.5376       300.8509

PRESSURE: 1400 0 0 0 0 0 0 0 0 0
GPRESSURE: 1400 0 0 0 0 0 0 0 0 0
PRESSAVG: 1400 0 0 0 0 0 0 0 0 0
GPRESSAVG: 1400 0 0 0 0 0 0 0 0 0
ENERGY:    1400      1075.3695      1688.4967      2065.7441       154.4937            -40.1929      -784.8595         0.0000      3915.2757      3048.9744          11123.3016       306.1586      8074.3272     11148.0159       300.2290

PRESSURE: 1500 0 0 0 0 0 0 0 0 0
GPRESSURE: 1500 0 0 0 0 0 0 0 0 0
PRESSAVG: 1500 0 0 0 0 0 0 0 0 0
GPRESSAVG: 1500 0 0 0 0 0 0 0 0 0
ENERGY:    1500      1112.1154      1695.8278      2112.8242       146.9342            -41.2539      -749.7030         0.0000      3921.5137      2963.7297          11161.9880       297.5989      8198.2582     11186.3792       300.2950

PRESSURE: 1600 0 0 0 0 0 0 0 0 0
GPRESSURE: 1600 0 0 0 0 0 0 0 0 0
PRESSAVG: 1600 0 0 0 0 0 0 0 0 0
GPRESSAVG: 1600 0 0 0 0 0 0 0 0 0
ENERGY:    1600      1129.1288      1701.6357      2110.0607       154.9741            -41.9823      -790.7851         0.0000      3923.3412      3012.8456          11199.2186       302.5308      8186.3730     11221.4145       303.3949

PRESSURE: 1700 0 0 0 0 0 0 0 0 0
GPRESSURE: 1700 0 0 0 0 0 0 0 0 0
PRESSAVG: 1700 0 0 0 0 0 0 0 0 0
GPRESSAVG: 1700 0 0 0 0 0 0 0 0 0
ENERGY:    1700      1145.7596      1686.7569      2085.9826       145.1502            -41.7548      -807.9908         0.0000      3925.7847      3047.5746          11187.2630       306.0180      8139.6884     11213.1878       304.2016

PRESSURE: 1800 0 0 0 0 0 0 0 0 0
GPRESSURE: 1800 0 0 0 0 0 0 0 0 0
PRESSAVG: 1800 0 0 0 0 0 0 0 0 0
GPRESSAVG: 1800 0 0 0 0 0 0 0 0 0
ENERGY:    1800      1116.8783      1726.3478      2086.3754       160.8241            -41.4325      -767.2247         0.0000      3929.1221      2960.8528          11171.7434       297.3100      8210.8906     11197.3677       300.6497

PRESSURE: 1900 0 0 0 0 0 0 0 0 0
GPRESSURE: 1900 0 0 0 0 0 0 0 0 0
PRESSAVG: 1900 0 0 0 0 0 0 0 0 0
GPRESSAVG: 1900 0 0 0 0 0 0 0 0 0
ENERGY:    1900      1177.0779      1701.3754      2115.7122       155.9283            -40.8776      -790.0232         0.0000      3928.6847      2991.2269          11239.1046       300.3599      8247.8776     11261.6848       301.6548

PRESSURE: 2000 0 0 0 0 0 0 0 0 0
GPRESSURE: 2000 0 0 0 0 0 0 0 0 0
PRESSAVG: 2000 0 0 0 0 0 0 0 0 0
GPRESSAVG: 2000 0 0 0 0 0 0 0 0 0
TIMING: 2000  CPU: 1.27765, 0.000623711/step  Wall: 1.2941, 0.000627113/step, 0.000522595 hours remaining, 832.187500 MB of memory in use.
ETITLE:      TS           BOND          ANGLE          DIHED          IMPRP               ELECT            VDW       BOUNDARY           MISC        KINETIC               TOTAL           TEMP      POTENTIAL         TOTAL3        TEMPAVG

ENERGY:    2000      1091.8911      1730.3727      2103.5070       152.7094            -41.4954      -789.0446         0.0000      3926.6470      2992.9048          11167.4920       300.5284      8174.5872     11187.6837       303.2040

WRITING EXTENDED SYSTEM TO RESTART FILE AT STEP 2000
WRITING VELOCITIES TO RESTART FILE AT STEP 2000
FINISHED WRITING RESTART VELOCITIES
The last velocity output (seq=2000) takes 0.002 seconds, 832.188 MB of memory in use
WRITING COORDINATES TO DCD FILE adk-step1.dcd AT STEP 2000
WRITING COORDINATES TO RESTART FILE AT STEP 2000
FINISHED WRITING RESTART COORDINATES
The last position output (seq=2000) takes 0.002 seconds, 832.188 MB of memory in use
PRESSURE: 2100 0 0 0 0 0 0 0 0 0
GPRESSURE: 2100 0 0 0 0 0 0 0 0 0
PRESSAVG: 2100 0 0 0 0 0 0 0 0 0
GPRESSAVG: 2100 0 0 0 0 0 0 0 0 0
ENERGY:    2100      1123.4815      1691.3411      2087.3907       165.5665            -41.0154      -773.6398         0.0000      3923.7189      3008.6358          11185.4794       302.1080      8176.8436     11213.8199       301.7548

PRESSURE: 2200 0 0 0 0 0 0 0 0 0
GPRESSURE: 2200 0 0 0 0 0 0 0 0 0
PRESSAVG: 2200 0 0 0 0 0 0 0 0 0
GPRESSAVG: 2200 0 0 0 0 0 0 0 0 0
ENERGY:    2200      1144.3315      1674.2903      2103.1919       147.7286            -41.1444      -774.0799         0.0000      3913.4175      2956.4870          11124.2226       296.8716      8167.7355     11146.6321       303.4138

PRESSURE: 2300 0 0 0 0 0 0 0 0 0
GPRESSURE: 2300 0 0 0 0 0 0 0 0 0
PRESSAVG: 2300 0 0 0 0 0 0 0 0 0
GPRESSAVG: 2300 0 0 0 0 0 0 0 0 0
ENERGY:    2300      1121.5939      1689.8248      2071.5632       165.8753            -41.4869      -778.6470         0.0000      3906.7236      2955.2420          11090.6888       296.7466      8135.4468     11113.8591       298.6434

PRESSURE: 2400 0 0 0 0 0 0 0 0 0
GPRESSURE: 2400 0 0 0 0 0 0 0 0 0
PRESSAVG: 2400 0 0 0 0 0 0 0 0 0
GPRESSAVG: 2400 0 0 0 0 0 0 0 0 0
ENERGY:    2400      1090.6294      1666.3422      2089.6705       159.6181            -40.9981      -788.4290         0.0000      3907.7349      2974.6100          11059.1781       298.6914      8084.5681     11086.7470       298.1764

PRESSURE: 2500 0 0 0 0 0 0 0 0 0
GPRESSURE: 2500 0 0 0 0 0 0 0 0 0
PRESSAVG: 2500 0 0 0 0 0 0 0 0 0
GPRESSAVG: 2500 0 0 0 0 0 0 0 0 0
ENERGY:    2500      1102.4052      1608.4773      2079.4706       148.4406            -41.1686      -774.5611         0.0000      3910.3621      3041.8120          11075.2380       305.4394      8033.4259     11099.6123       297.4726

PRESSURE: 2600 0 0 0 0 0 0 0 0 0
GPRESSURE: 2600 0 0 0 0 0 0 0 0 0
PRESSAVG: 2600 0 0 0 0 0 0 0 0 0
GPRESSAVG: 2600 0 0 0 0 0 0 0 0 0
ENERGY:    2600      1099.2088      1706.0526      2089.5654       144.9755            -41.3141      -777.7930         0.0000      3914.9123      2977.7441          11113.3516       299.0061      8135.6075     11137.0986       299.8707

PRESSURE: 2700 0 0 0 0 0 0 0 0 0
GPRESSURE: 2700 0 0 0 0 0 0 0 0 0
PRESSAVG: 2700 0 0 0 0 0 0 0 0 0
GPRESSAVG: 2700 0 0 0 0 0 0 0 0 0
ENERGY:    2700      1124.2032      1724.1435      2094.0628       147.2083            -41.6795      -795.7754         0.0000      3905.5898      2971.9359          11129.6887       298.4229      8157.7528     11154.6280       298.3801

PRESSURE: 2800 0 0 0 0 0 0 0 0 0
GPRESSURE: 2800 0 0 0 0 0 0 0 0 0
PRESSAVG: 2800 0 0 0 0 0 0 0 0 0
GPRESSAVG: 2800 0 0 0 0 0 0 0 0 0
ENERGY:    2800      1118.9327      1752.1288      2073.8184       147.9985            -41.2460      -800.7838         0.0000      3906.9880      2957.0716          11114.9082       296.9303      8157.8366     11141.0663       299.6682

PRESSURE: 2900 0 0 0 0 0 0 0 0 0
GPRESSURE: 2900 0 0 0 0 0 0 0 0 0
PRESSAVG: 2900 0 0 0 0 0 0 0 0 0
GPRESSAVG: 2900 0 0 0 0 0 0 0 0 0
ENERGY:    2900      1076.8272      1701.0230      2097.9763       151.7684            -41.4727      -757.5183         0.0000      3910.4462      2953.8353          11092.8855       296.6053      8139.0503     11119.6082       299.3015

PRESSURE: 3000 0 0 0 0 0 0 0 0 0
GPRESSURE: 3000 0 0 0 0 0 0 0 0 0
PRESSAVG: 3000 0 0 0 0 0 0 0 0 0
GPRESSAVG: 3000 0 0 0 0 0 0 0 0 0
TIMING: 3000  CPU: 1.90313, 0.000625484/step  Wall: 1.92687, 0.000632774/step, 0.000351541 hours remaining, 832.187500 MB of memory in use.
ETITLE:      TS           BOND          ANGLE          DIHED          IMPRP               ELECT            VDW       BOUNDARY           MISC        KINETIC               TOTAL           TEMP      POTENTIAL         TOTAL3        TEMPAVG

ENERGY:    3000      1151.4309      1707.0968      2092.4991       149.0391            -40.8345      -820.8156         0.0000      3899.2330      2908.4604          11046.1092       292.0491      8137.6488     11068.2569       297.4577

WRITING EXTENDED SYSTEM TO RESTART FILE AT STEP 3000
WRITING VELOCITIES TO RESTART FILE AT STEP 3000
FINISHED WRITING RESTART VELOCITIES
The last velocity output (seq=3000) takes 0.002 seconds, 832.188 MB of memory in use
WRITING COORDINATES TO DCD FILE adk-step1.dcd AT STEP 3000
WRITING COORDINATES TO RESTART FILE AT STEP 3000
FINISHED WRITING RESTART COORDINATES
The last position output (seq=3000) takes 0.002 seconds, 832.188 MB of memory in use
PRESSURE: 3100 0 0 0 0 0 0 0 0 0
GPRESSURE: 3100 0 0 0 0 0 0 0 0 0
PRESSAVG: 3100 0 0 0 0 0 0 0 0 0
GPRESSAVG: 3100 0 0 0 0 0 0 0 0 0
ENERGY:    3100      1088.4075      1672.8761      2066.6915       156.1530            -41.1018      -789.7296         0.0000      3909.5766      3002.6506          11065.5240       301.5070      8062.8734     11088.3628       298.9365

PRESSURE: 3200 0 0 0 0 0 0 0 0 0
GPRESSURE: 3200 0 0 0 0 0 0 0 0 0
PRESSAVG: 3200 0 0 0 0 0 0 0 0 0
GPRESSAVG: 3200 0 0 0 0 0 0 0 0 0
ENERGY:    3200      1083.3990      1657.2119      2064.5581       150.3757            -40.6024      -769.2033         0.0000      3912.4740      2964.6030          11022.8160       297.6865      8058.2130     11048.0100       297.8320

PRESSURE: 3300 0 0 0 0 0 0 0 0 0
GPRESSURE: 3300 0 0 0 0 0 0 0 0 0
PRESSAVG: 3300 0 0 0 0 0 0 0 0 0
GPRESSAVG: 3300 0 0 0 0 0 0 0 0 0
ENERGY:    3300      1101.3688      1634.5534      2116.6688       152.9713            -39.6733      -809.1050         0.0000      3913.4090      3001.9718          11072.1648       301.4389      8070.1930     11098.4750       295.0217

PRESSURE: 3400 0 0 0 0 0 0 0 0 0
GPRESSURE: 3400 0 0 0 0 0 0 0 0 0
PRESSAVG: 3400 0 0 0 0 0 0 0 0 0
GPRESSAVG: 3400 0 0 0 0 0 0 0 0 0
ENERGY:    3400      1075.9830      1615.2196      2109.4341       138.0226            -39.9121      -772.4040         0.0000      3915.4553      2978.6084          11020.4068       299.0929      8041.7984     11041.6627       297.9288

PRESSURE: 3500 0 0 0 0 0 0 0 0 0
GPRESSURE: 3500 0 0 0 0 0 0 0 0 0
PRESSAVG: 3500 0 0 0 0 0 0 0 0 0
GPRESSAVG: 3500 0 0 0 0 0 0 0 0 0
ENERGY:    3500      1081.4705      1677.3639      2067.5118       157.3362            -40.4895      -790.8533         0.0000      3917.4581      2974.0693          11043.8671       298.6371      8069.7977     11071.9041       294.5903

PRESSURE: 3600 0 0 0 0 0 0 0 0 0
GPRESSURE: 3600 0 0 0 0 0 0 0 0 0
PRESSAVG: 3600 0 0 0 0 0 0 0 0 0
GPRESSAVG: 3600 0 0 0 0 0 0 0 0 0
ENERGY:    3600      1094.9510      1687.9633      2098.3294       161.8443            -41.1177      -795.7120         0.0000      3914.7999      2892.2995          11013.3576       290.4263      8121.0581     11035.9139       295.9664

PRESSURE: 3700 0 0 0 0 0 0 0 0 0
GPRESSURE: 3700 0 0 0 0 0 0 0 0 0
PRESSAVG: 3700 0 0 0 0 0 0 0 0 0
GPRESSAVG: 3700 0 0 0 0 0 0 0 0 0
ENERGY:    3700      1098.9552      1675.5164      2090.4084       145.8582            -41.6048      -768.3235         0.0000      3912.4244      2931.8829          11045.1170       294.4010      8113.2341     11066.8183       296.0336

PRESSURE: 3800 0 0 0 0 0 0 0 0 0
GPRESSURE: 3800 0 0 0 0 0 0 0 0 0
PRESSAVG: 3800 0 0 0 0 0 0 0 0 0
GPRESSAVG: 3800 0 0 0 0 0 0 0 0 0
ENERGY:    3800      1117.9399      1711.3993      2045.3369       162.1347            -41.7218      -768.0263         0.0000      3910.8027      3007.4543          11145.3197       301.9894      8137.8653     11171.7687       296.7933

PRESSURE: 3900 0 0 0 0 0 0 0 0 0
GPRESSURE: 3900 0 0 0 0 0 0 0 0 0
PRESSAVG: 3900 0 0 0 0 0 0 0 0 0
GPRESSAVG: 3900 0 0 0 0 0 0 0 0 0
ENERGY:    3900      1135.3588      1689.9983      2075.6506       157.2215            -42.1398      -768.9545         0.0000      3902.7891      3040.8851          11190.8091       305.3463      8149.9240     11212.9623       303.4855

PRESSURE: 4000 0 0 0 0 0 0 0 0 0
GPRESSURE: 4000 0 0 0 0 0 0 0 0 0
PRESSAVG: 4000 0 0 0 0 0 0 0 0 0
GPRESSAVG: 4000 0 0 0 0 0 0 0 0 0
TIMING: 4000  CPU: 2.53029, 0.000627158/step  Wall: 2.5547, 0.000627825/step, 0.000174396 hours remaining, 832.187500 MB of memory in use.
ETITLE:      TS           BOND          ANGLE          DIHED          IMPRP               ELECT            VDW       BOUNDARY           MISC        KINETIC               TOTAL           TEMP      POTENTIAL         TOTAL3        TEMPAVG

ENERGY:    4000      1117.4355      1679.8015      2092.9961       152.1278            -42.9984      -792.6473         0.0000      3906.8204      3055.3646          11168.9002       306.8002      8113.5356     11195.3785       302.7382

WRITING EXTENDED SYSTEM TO RESTART FILE AT STEP 4000
WRITING COORDINATES TO DCD FILE adk-step1.dcd AT STEP 4000
WRITING COORDINATES TO RESTART FILE AT STEP 4000
FINISHED WRITING RESTART COORDINATES
The last position output (seq=4000) takes 0.002 seconds, 832.188 MB of memory in use
WRITING VELOCITIES TO RESTART FILE AT STEP 4000
FINISHED WRITING RESTART VELOCITIES
The last velocity output (seq=4000) takes 0.002 seconds, 832.188 MB of memory in use
PRESSURE: 4100 0 0 0 0 0 0 0 0 0
GPRESSURE: 4100 0 0 0 0 0 0 0 0 0
PRESSAVG: 4100 0 0 0 0 0 0 0 0 0
GPRESSAVG: 4100 0 0 0 0 0 0 0 0 0
ENERGY:    4100      1112.1883      1681.9701      2103.3623       148.1463            -43.2209      -761.2593         0.0000      3901.3517      2998.8825          11141.4208       301.1287      8142.5383     11167.5581       301.5363

PRESSURE: 4200 0 0 0 0 0 0 0 0 0
GPRESSURE: 4200 0 0 0 0 0 0 0 0 0
PRESSAVG: 4200 0 0 0 0 0 0 0 0 0
GPRESSAVG: 4200 0 0 0 0 0 0 0 0 0
ENERGY:    4200      1093.1296      1667.0733      2081.5197       147.6404            -42.4528      -751.6428         0.0000      3898.5033      3029.1874          11122.9582       304.1717      8093.7708     11148.5005       301.2275

LDB: ============= START OF LOAD BALANCING ============== 5.04634
LDB: ============== END OF LOAD BALANCING =============== 5.0464
Info: useSync: 0 useProxySync: 0
LDB: =============== DONE WITH MIGRATION ================ 5.04652
PRESSURE: 4300 0 0 0 0 0 0 0 0 0
GPRESSURE: 4300 0 0 0 0 0 0 0 0 0
PRESSAVG: 4300 0 0 0 0 0 0 0 0 0
GPRESSAVG: 4300 0 0 0 0 0 0 0 0 0
ENERGY:    4300      1107.0881      1674.0549      2082.3803       160.2172            -42.0437      -751.5967         0.0000      3888.9906      2992.0284          11111.1191       300.4404      8119.0908     11136.4716       300.3054

LDB: ============= START OF LOAD BALANCING ============== 5.10896
LDB: TIME 5.1092 LOAD: AVG 0.0165094 MAX 0.0469077  PROXIES: TOTAL 208 MAXPE 10 MAXPATCH 7 None MEM: 832.188 MB
LDB: TIME 5.10936 LOAD: AVG 0.0165094 MAX 0.0469077  PROXIES: TOTAL 208 MAXPE 10 MAXPATCH 7 RefineTorusLB MEM: 832.25 MB
LDB: TIME 5.1095 LOAD: AVG 0.0165094 MAX 0.0469077  PROXIES: TOTAL 208 MAXPE 10 MAXPATCH 7 RefineTorusLB MEM: 832.25 MB
LDB: ============== END OF LOAD BALANCING =============== 5.10974
Info: build node-aware spanning tree with send: 1, recv: 0 with branch factor 4
Info: useSync: 0 useProxySync: 0
LDB: =============== DONE WITH MIGRATION ================ 5.11058
PRESSURE: 4400 0 0 0 0 0 0 0 0 0
GPRESSURE: 4400 0 0 0 0 0 0 0 0 0
PRESSAVG: 4400 0 0 0 0 0 0 0 0 0
GPRESSAVG: 4400 0 0 0 0 0 0 0 0 0
ENERGY:    4400      1115.5722      1719.6756      2070.1828       148.9902            -41.0283      -791.3254         0.0000      3886.9979      2985.7118          11094.7767       299.8061      8109.0649     11113.0939       301.5998

PRESSURE: 4500 0 0 0 0 0 0 0 0 0
GPRESSURE: 4500 0 0 0 0 0 0 0 0 0
PRESSAVG: 4500 0 0 0 0 0 0 0 0 0
GPRESSAVG: 4500 0 0 0 0 0 0 0 0 0
ENERGY:    4500      1095.1986      1690.4430      2080.6310       153.3760            -41.3242      -762.9561         0.0000      3888.5463      2969.0486          11072.9633       298.1329      8103.9147     11095.1067       299.4263

PRESSURE: 4600 0 0 0 0 0 0 0 0 0
GPRESSURE: 4600 0 0 0 0 0 0 0 0 0
PRESSAVG: 4600 0 0 0 0 0 0 0 0 0
GPRESSAVG: 4600 0 0 0 0 0 0 0 0 0
ENERGY:    4600      1062.2259      1706.0449      2098.7001       143.6810            -41.3797      -774.1005         0.0000      3885.5116      3021.0428          11101.7262       303.3539      8080.6834     11127.7155       298.7228

PRESSURE: 4700 0 0 0 0 0 0 0 0 0
GPRESSURE: 4700 0 0 0 0 0 0 0 0 0
PRESSAVG: 4700 0 0 0 0 0 0 0 0 0
GPRESSAVG: 4700 0 0 0 0 0 0 0 0 0
ENERGY:    4700      1077.8940      1721.4652      2090.3773       149.3982            -41.9380      -796.9655         0.0000      3890.1292      3011.4643          11101.8248       302.3921      8090.3605     11124.1466       299.2646

PRESSURE: 4800 0 0 0 0 0 0 0 0 0
GPRESSURE: 4800 0 0 0 0 0 0 0 0 0
PRESSAVG: 4800 0 0 0 0 0 0 0 0 0
GPRESSAVG: 4800 0 0 0 0 0 0 0 0 0
ENERGY:    4800      1119.2689      1739.0816      2096.9213       158.0557            -41.1235      -788.4095         0.0000      3897.1787      2906.7168          11087.6900       291.8740      8180.9732     11113.0408       298.9322

PRESSURE: 4900 0 0 0 0 0 0 0 0 0
GPRESSURE: 4900 0 0 0 0 0 0 0 0 0
PRESSAVG: 4900 0 0 0 0 0 0 0 0 0
GPRESSAVG: 4900 0 0 0 0 0 0 0 0 0
ENERGY:    4900      1122.6114      1700.7794      2081.8920       157.6688            -41.6841      -798.7773         0.0000      3893.0075      2988.2618          11103.7596       300.0622      8115.4978     11128.2273       299.5313

PRESSURE: 5000 0 0 0 0 0 0 0 0 0
GPRESSURE: 5000 0 0 0 0 0 0 0 0 0
PRESSAVG: 5000 0 0 0 0 0 0 0 0 0
GPRESSAVG: 5000 0 0 0 0 0 0 0 0 0
TIMING: 5000  CPU: 3.1238, 0.000593507/step  Wall: 3.1515, 0.000596797/step, 0 hours remaining, 832.250000 MB of memory in use.
ETITLE:      TS           BOND          ANGLE          DIHED          IMPRP               ELECT            VDW       BOUNDARY           MISC        KINETIC               TOTAL           TEMP      POTENTIAL         TOTAL3        TEMPAVG

ENERGY:    5000      1090.3100      1681.5822      2070.2100       162.6781            -40.8856      -808.0422         0.0000      3889.3390      2990.2417          11035.4332       300.2610      8045.1915     11061.3673       299.2654

WRITING EXTENDED SYSTEM TO RESTART FILE AT STEP 5000
WRITING COORDINATES TO DCD FILE adk-step1.dcd AT STEP 5000
WRITING COORDINATES TO RESTART FILE AT STEP 5000
FINISHED WRITING RESTART COORDINATES
The last position output (seq=5000) takes 0.002 seconds, 832.875 MB of memory in use
WRITING VELOCITIES TO RESTART FILE AT STEP 5000
FINISHED WRITING RESTART VELOCITIES
The last velocity output (seq=5000) takes 0.002 seconds, 832.875 MB of memory in use
WRITING EXTENDED SYSTEM TO OUTPUT FILE AT STEP 5000
WRITING COORDINATES TO OUTPUT FILE AT STEP 5000
CLOSING COORDINATE DCD FILE adk-step1.dcd
The last position output (seq=-2) takes 0.004 seconds, 832.875 MB of memory in use
WRITING VELOCITIES TO OUTPUT FILE AT STEP 5000
====================================================

WallClock: 5.461781  CPUTime: 4.009870  Memory: 832.937500 MB
End of program
