0_6_cc.dat
/gpfs/alpine/bip115/scratch/hrlee/radical.pilot.sandbox/re.session.login1.hrlee.018632.0003/pilot.0000/staging_area/0_6_cc.dat
0, 6
Choosing optimized barrier algorithm name I0:HybridBinomial:SHMEM:P2P
Converse/Charm++ Commit ID: v6.10.2-0-g7bf00fa-namd-charm-6.10.2-build-2020-Aug-05-556
Warning> Randomization of virtual memory (ASLR) is turned on in the kernel, thread migration may not work! Run 'echo 0 > /proc/sys/kernel/randomize_va_space' as root to disable it, or try running with '+isomalloc_sync'.
CharmLB> Load balancer assumes all CPUs are same.
Charm++> Running on 1 hosts (1 sockets x 7 cores x 4 PUs = 28-way SMP)
Charm++> cpu topology info is gathered in 0.008 seconds.
Info: Built with CUDA version 10010
Did not find +devices i,j,k,... argument, using all
Pe 37 physical rank 37 will use CUDA device of pe 35
Pe 3 physical rank 3 will use CUDA device of pe 4
Pe 9 physical rank 9 will use CUDA device of pe 7
Pe 39 physical rank 39 will use CUDA device of pe 35
Pe 12 physical rank 12 will use CUDA device of pe 7
Pe 6 physical rank 6 will use CUDA device of pe 4
Pe 38 physical rank 38 will use CUDA device of pe 35
Pe 20 physical rank 20 will use CUDA device of pe 14
Pe 13 physical rank 13 will use CUDA device of pe 7
Pe 24 physical rank 24 will use CUDA device of pe 21
Pe 5 physical rank 5 will use CUDA device of pe 4
Pe 40 physical rank 40 will use CUDA device of pe 35
Pe 18 physical rank 18 will use CUDA device of pe 14
Pe 10 physical rank 10 will use CUDA device of pe 7
Pe 33 physical rank 33 will use CUDA device of pe 28
Pe 25 physical rank 25 will use CUDA device of pe 21
Pe 2 physical rank 2 will use CUDA device of pe 4
Pe 16 physical rank 16 will use CUDA device of pe 14
Pe 11 physical rank 11 will use CUDA device of pe 7
Pe 31 physical rank 31 will use CUDA device of pe 28
Pe 23 physical rank 23 will use CUDA device of pe 21
Pe 19 physical rank 19 will use CUDA device of pe 14
Pe 29 physical rank 29 will use CUDA device of pe 28
Pe 27 physical rank 27 will use CUDA device of pe 21
Pe 17 physical rank 17 will use CUDA device of pe 14
Pe 34 physical rank 34 will use CUDA device of pe 28
Pe 26 physical rank 26 will use CUDA device of pe 21
Pe 41 physical rank 41 will use CUDA device of pe 35
Pe 15 physical rank 15 will use CUDA device of pe 14
Pe 8 physical rank 8 will use CUDA device of pe 7
Pe 30 physical rank 30 will use CUDA device of pe 28
Pe 22 physical rank 22 will use CUDA device of pe 21
Pe 1 physical rank 1 will use CUDA device of pe 4
Pe 36 physical rank 36 will use CUDA device of pe 35
Pe 32 physical rank 32 will use CUDA device of pe 28
Pe 0 physical rank 0 will use CUDA device of pe 4
Pe 4 physical rank 4 binding to CUDA device 0 on g24n18: 'Tesla V100-SXM2-16GB'  Mem: 16128MB  Rev: 7.0  PCI: 4:4:0
Pe 14 physical rank 14 binding to CUDA device 0 on g24n18: 'Tesla V100-SXM2-16GB'  Mem: 16128MB  Rev: 7.0  PCI: 4:6:0
Pe 7 physical rank 7 binding to CUDA device 0 on g24n18: 'Tesla V100-SXM2-16GB'  Mem: 16128MB  Rev: 7.0  PCI: 4:5:0
Pe 28 physical rank 28 binding to CUDA device 0 on g24n18: 'Tesla V100-SXM2-16GB'  Mem: 16128MB  Rev: 7.0  PCI: 35:4:0
Pe 21 physical rank 21 binding to CUDA device 0 on g24n18: 'Tesla V100-SXM2-16GB'  Mem: 16128MB  Rev: 7.0  PCI: 35:3:0
Pe 35 physical rank 35 binding to CUDA device 0 on g24n18: 'Tesla V100-SXM2-16GB'  Mem: 16128MB  Rev: 7.0  PCI: 35:5:0
Info: NAMD 2.14 for Linux-POWER-pami-smp-Summit-CUDA
Info: 
Info: Please visit http://www.ks.uiuc.edu/Research/namd/
Info: for updates, documentation, and support information.
Info: 
Info: Please cite Phillips et al., J. Chem. Phys. 153:044130 (2020) doi:10.1063/5.0014475
Info: in all publications reporting results obtained with NAMD.
Info: 
Info: Based on Charm++/Converse 61002 for pami-linux-ppc64le-smp
Info: Built Wed Aug 5 14:28:51 EDT 2020 by jimp on login2
Info: 1 NAMD  2.14  Linux-POWER-pami-smp-Summit-CUDA  42    g24n18  hrlee
Info: Running on 42 processors, 6 nodes, 1 physical nodes.
Info: CPU topology information available.
Info: Charm++/Converse parallel runtime startup completed at 1.32767 s
CkLoopLib is used in SMP with simple dynamic scheduling (converse-level notification)
Info: 791.75 MB of memory in use based on /proc/self/stat
Info: Configuration file is adk-step1.namd
Info: Working in the current directory /gpfs/alpine/bip115/scratch/hrlee/radical.pilot.sandbox/re.session.login1.hrlee.018632.0003/pilot.0000/unit.000494
TCL: Suspending until startup complete.
Info: SIMULATION PARAMETERS:
Info: TIMESTEP               1
Info: NUMBER OF STEPS        0
Info: STEPS PER CYCLE        20
Info: LOAD BALANCER  Centralized
Info: LOAD BALANCING STRATEGY  New Load Balancers -- DEFAULT
Info: LDB PERIOD             4000 steps
Info: FIRST LDB TIMESTEP     100
Info: LAST LDB TIMESTEP     -1
Info: LDB BACKGROUND SCALING 1
Info: HOM BACKGROUND SCALING 1
Info: MIN ATOMS PER PATCH    40
Info: VELOCITY FILE          0_6_adk-step1.restart.vel
Info: CENTER OF MASS MOVING INITIALLY? NO
Info: DIELECTRIC             80
Info: EXCLUDE                SCALED ONE-FOUR
Info: 1-4 ELECTROSTATICS SCALED BY 1
Info: MODIFIED 1-4 VDW PARAMETERS WILL BE USED
Info: DCD FILENAME           adk-step1.dcd
Info: DCD FREQUENCY          1000
Info: DCD FIRST STEP         1000
Info: NO EXTENDED SYSTEM TRAJECTORY OUTPUT
Info: NO VELOCITY DCD OUTPUT
Info: NO FORCE DCD OUTPUT
Info: OUTPUT FILENAME        adk-step1
Info: BINARY OUTPUT FILES WILL BE USED
Info: RESTART FILENAME       adk-step1.restart
Info: RESTART FREQUENCY      1000
Info: BINARY RESTART FILES WILL BE USED
Info: SWITCHING ACTIVE
Info: SWITCHING ON           9
Info: SWITCHING OFF          10
Info: PAIRLIST DISTANCE      11
Info: PAIRLIST SHRINK RATE   0.01
Info: PAIRLIST GROW RATE     0.01
Info: PAIRLIST TRIGGER       0.3
Info: PAIRLISTS PER CYCLE    2
Info: PAIRLISTS ENABLED
Info: MARGIN                 0
Info: HYDROGEN GROUP CUTOFF  2.5
Info: PATCH DIMENSION        13.5
Info: ENERGY OUTPUT STEPS    100
Info: CROSSTERM ENERGY INCLUDED IN DIHEDRAL
Info: TIMING OUTPUT STEPS    1000
Info: PRESSURE OUTPUT STEPS  100
Info: GRID FORCE ACTIVE
Info:  Please include this reference in published work using
Info:  the Gridforce module of NAMD: David Wells, Volha Abramkina,
Info:  and Aleksei Aksimentiev, J. Chem. Phys. 127:125101-10 (2007).
Info: MGRIDFORCE key 0
Info:            Potfile 4ake-target_autopsf-grid.dx
Info:            Scale 0.3 0.3 0.3
Info:            File 1ake-docked-noh_autopsf-grid.pdb
Info:            Col O
Info:            ChargeCol B
Info:            VOffset 0 0 0
Info:            Continuous K1 FALSE
Info:            Continuous K2 FALSE
Info:            Continuous K3 FALSE
Info:            Volts FALSE
Info:            Gridforce-Lite FALSE
Info:            Gridforce-CheckSize TRUE
Info: LANGEVIN DYNAMICS ACTIVE
Info: LANGEVIN TEMPERATURE   300
Info: LANGEVIN USING BBK INTEGRATOR
Info: LANGEVIN DAMPING COEFFICIENT IS 5 INVERSE PS
Info: LANGEVIN DYNAMICS NOT APPLIED TO HYDROGENS
Info: USING VERLET I (r-RESPA) MTS SCHEME.
Info: C1 SPLITTING OF LONG RANGE ELECTROSTATICS
Info: PLACING ATOMS IN PATCHES BY HYDROGEN GROUPS
Info: RIGID BONDS TO HYDROGEN : WATER
Info:         ERROR TOLERANCE : 1e-08
Info:          MAX ITERATIONS : 100
Info: RIGID WATER USING SETTLE ALGORITHM
Info: NONBONDED FORCES EVALUATED EVERY 2 STEPS
Info: RANDOM NUMBER SEED     1609822064
Info: USE HYDROGEN BONDS?    NO
Info: COORDINATE PDB         1ake-docked-noh_autopsf.pdb
Info: STRUCTURE FILE         1ake-docked-noh_autopsf.psf
Info: PARAMETER file: CHARMM format! 
Info: PARAMETERS             par_all36_prot.prm
Info: USING ARITHMETIC MEAN TO COMBINE L-J SIGMA PARAMETERS
Info: BINARY COORDINATES     0_6_adk-step1.restart.coor
Info: SUMMARY OF PARAMETERS:
Info: 132 BONDS
Info: 362 ANGLES
Info: 702 DIHEDRAL
Info: 35 IMPROPER
Info: 6 CROSSTERM
Info: 53 VDW
Info: 0 VDW_PAIRS
Info: 0 NBTHOLE_PAIRS
Info: TIME FOR READING PSF FILE: 0.397041
Info: READING EXTRA BONDS FILE 1ake-extrabonds.txt
Info: READING EXTRA BONDS FILE 1ake-extrabonds-cispeptide.txt
Info: READING EXTRA BONDS FILE 1ake-extrabonds-chirality.txt
Info: READ 80 EXTRA BONDS
Info: READ 80 EXTRA ANGLES
Warning: EXTRA ANGLES ARE COSINE-BASED BY DEFAULT TO MATCH PREVIOUS VERSIONS
Warning: FOR NORMAL HARMONIC EXTRA ANGLES SET extraBondsCosAngles off
Info: READ 493 EXTRA DIHEDRALS
Info: READ 438 EXTRA IMPROPERS
Info: Reading pdb file 1ake-docked-noh_autopsf.pdb
Info: TIME FOR READING PDB FILE: 0.0598399
Info: 
Info: ****************************
Info: STRUCTURE SUMMARY:
Info: 3341 ATOMS
Info: 3445 BONDS
Info: 6203 ANGLES
Info: 9414 DIHEDRALS
Info: 1005 IMPROPERS
Info: 212 CROSSTERMS
Info: 0 EXCLUSIONS
Info: 0 RIGID BONDS
Info: 1 GRIDS ACTIVE
Info: 10023 DEGREES OF FREEDOM
Info: 1656 HYDROGEN GROUPS
Info: 4 ATOMS IN LARGEST HYDROGEN GROUP
Info: 1656 MIGRATION GROUPS
Info: 4 ATOMS IN LARGEST MIGRATION GROUP
Info: TOTAL MASS = 23582 amu
Info: TOTAL CHARGE = -4 e
Info: *****************************
Info: Reading from binary file 0_6_adk-step1.restart.coor
Info: 
Info: Entering startup at 2.20676 s, 798.875 MB of memory in use
Info: Startup phase 0 took 0.000245351 s, 798.875 MB of memory in use
Info: ADDED 18308 IMPLICIT EXCLUSIONS
Info: Startup phase 1 took 0.00780767 s, 799.125 MB of memory in use
Info: NONBONDED TABLE R-SQUARED SPACING: 0.0625
Info: NONBONDED TABLE SIZE: 705 POINTS
Info: ABSOLUTE IMPRECISION IN FAST TABLE ENERGY: 3.38813e-21 AT 9.89634
Info: RELATIVE IMPRECISION IN FAST TABLE ENERGY: 4.23384e-15 AT 9.94673
Info: ABSOLUTE IMPRECISION IN FAST TABLE FORCE: 6.35275e-22 AT 9.94673
Info: RELATIVE IMPRECISION IN FAST TABLE FORCE: 5.07982e-16 AT 9.94673
Info: INCONSISTENCY IN FAST TABLE ENERGY VS FORCE: 0.000290185 AT 0.251946
Info: ABSOLUTE IMPRECISION IN VDWA TABLE ENERGY: 1.57772e-30 AT 9.89634
Info: RELATIVE IMPRECISION IN VDWA TABLE ENERGY: 4.54938e-15 AT 9.94673
Info: ABSOLUTE IMPRECISION IN VDWA TABLE FORCE: 5.91646e-31 AT 9.94673
Info: RELATIVE IMPRECISION IN VDWA TABLE FORCE: 5.6823e-16 AT 9.94673
Info: INCONSISTENCY IN VDWA TABLE ENERGY VS FORCE: 0.0040507 AT 0.251946
Info: ABSOLUTE IMPRECISION IN VDWB TABLE ENERGY: 4.71751e-25 AT 9.94673
Info: RELATIVE IMPRECISION IN VDWB TABLE ENERGY: 1.45371e-14 AT 9.94673
Info: ABSOLUTE IMPRECISION IN VDWB TABLE FORCE: 6.20385e-25 AT 9.94673
Info: RELATIVE IMPRECISION IN VDWB TABLE FORCE: 5.97512e-16 AT 9.94673
Info: INCONSISTENCY IN VDWB TABLE ENERGY VS FORCE: 0.00377068 AT 9.07951
Info: Startup phase 2 took 0.000542184 s, 800.375 MB of memory in use
Info: Startup phase 3 took 0.00019338 s, 800.375 MB of memory in use
Info: Startup phase 4 took 0.000275229 s, 800.5 MB of memory in use
Info: Startup phase 5 took 0.000184469 s, 800.562 MB of memory in use
Info: ORIGINAL ATOMS MINMAX IS -21.092 -33.1854 -34.488  17.0493 15.3619 15.3343
Info: ADJUSTED ATOMS MINMAX IS -16.783 -27.4652 -31.0339  11.7036 9.24028 7.88147
Info: PATCH GRID IS 5 BY 3 BY 3
Info: PATCH GRID IS 2-AWAY BY 1-AWAY BY 1-AWAY
Info: Reading from binary file 0_6_adk-step1.restart.vel
Info: REMOVING COM VELOCITY -0.037461 0.0370346 -0.0269215
Info: LARGEST PATCH (11) HAS 150 ATOMS
Info: TORUS A SIZE 1 USING 0
Info: TORUS B SIZE 1 USING 0
Info: TORUS C SIZE 1 USING 0
Info: TORUS MINIMAL MESH SIZE IS 1 BY 1 BY 1
Info: Placed 100% of base nodes on same physical node as patch
Info: Startup phase 6 took 0.00824038 s, 800.75 MB of memory in use
Info: Startup phase 7 took 0.000200542 s, 801.625 MB of memory in use
Info: Updated CUDA force table with 4096 elements.
Info: Updated CUDA LJ table with 53 x 53 elements.
Info: Updated CUDA force table with 4096 elements.
Info: Updated CUDA force table with 4096 elements.
Info: Updated CUDA LJ table with 53 x 53 elements.
Info: Updated CUDA LJ table with 53 x 53 elements.
Info: Updated CUDA force table with 4096 elements.
Info: Updated CUDA force table with 4096 elements.
Info: Updated CUDA LJ table with 53 x 53 elements.
Info: Updated CUDA LJ table with 53 x 53 elements.
Info: Updated CUDA force table with 4096 elements.
Info: Updated CUDA LJ table with 53 x 53 elements.
Info: Startup phase 8 took 0.00346087 s, 801.812 MB of memory in use
Info: Startup phase 9 took 0.000368505 s, 801.875 MB of memory in use
Info: Startup phase 10 took 0.000187533 s, 801.938 MB of memory in use
Info: Startup phase 11 took 0.000824576 s, 802.062 MB of memory in use
LDB: Central LB being created...
Info: Startup phase 12 took 0.00205103 s, 802.938 MB of memory in use
Info: CREATING 1139 COMPUTE OBJECTS
Info: Found 278 unique exclusion lists needing 900 bytes
Info: Found 278 unique exclusion lists needing 900 bytes
Info: Found 278 unique exclusion lists needing 900 bytes
Info: Found 278 unique exclusion lists needing 900 bytes
Info: Found 278 unique exclusion lists needing 900 bytes
Info: Found 278 unique exclusion lists needing 900 bytes
Info: Startup phase 13 took 0.0157944 s, 803.812 MB of memory in use
Info: Building spanning tree ... send: 1 recv: 0 with branch factor 4
Info: useSync: 0 useProxySync: 0
Info: Startup phase 14 took 0.000217552 s, 804 MB of memory in use
Info: Startup phase 15 took 0.000274029 s, 804.062 MB of memory in use
Info: Finished startup at 2.24762 s, 804.188 MB of memory in use

TCL: Running for 5000 steps
PRESSURE: 0 0 0 0 0 0 0 0 0 0
GPRESSURE: 0 0 0 0 0 0 0 0 0 0
ETITLE:      TS           BOND          ANGLE          DIHED          IMPRP               ELECT            VDW       BOUNDARY           MISC        KINETIC               TOTAL           TEMP      POTENTIAL         TOTAL3        TEMPAVG

ENERGY:       0      1119.0831      1698.9184      2098.2139       149.4649            -39.6320      -790.2538         0.0000      4075.5100      2932.1944          11243.4989       294.4323      8311.3045     11268.6304       294.4323

LDB: ============= START OF LOAD BALANCING ============== 2.26228
Info: useSync: 0 useProxySync: 0
LDB: ============== END OF LOAD BALANCING =============== 2.26233
LDB: =============== DONE WITH MIGRATION ================ 2.26243
LDB: ============= START OF LOAD BALANCING ============== 2.31385
LDB: Partitioning computes with target load 0.000000
LDB: Increased migratable compute count from 0 to 0
LDB: Largest unpartitionable compute is 0.000000
LDB: ============== END OF LOAD BALANCING =============== 2.31416
Info: build node-aware spanning tree with send: 1, recv: 0 with branch factor 4
Info: useSync: 0 useProxySync: 0
LDB: =============== DONE WITH MIGRATION ================ 2.31499
PRESSURE: 100 0 0 0 0 0 0 0 0 0
GPRESSURE: 100 0 0 0 0 0 0 0 0 0
PRESSAVG: 100 0 0 0 0 0 0 0 0 0
GPRESSAVG: 100 0 0 0 0 0 0 0 0 0
Info: Initial time: 42 CPUs 0.00064333 s/step 0.00744595 days/ns 827.625 MB memory
ENERGY:     100      1094.4930      1685.6583      2116.7277       143.2100            -39.9903      -801.9490         0.0000      4075.3971      2978.0199          11251.5666       299.0338      8273.5466     11277.5150       299.0950

LDB: ============= START OF LOAD BALANCING ============== 2.32817
LDB: ============== END OF LOAD BALANCING =============== 2.3282
Info: useSync: 0 useProxySync: 0
LDB: =============== DONE WITH MIGRATION ================ 2.3283
LDB: ============= START OF LOAD BALANCING ============== 2.38013
LDB: TIME 2.38037 LOAD: AVG 0.0144541 MAX 0.028048  PROXIES: TOTAL 173 MAXPE 7 MAXPATCH 7 None MEM: 829.438 MB
LDB: TIME 2.38058 LOAD: AVG 0.0144541 MAX 0.028048  PROXIES: TOTAL 173 MAXPE 7 MAXPATCH 7 TorusLB MEM: 829.625 MB
LDB: ============== END OF LOAD BALANCING =============== 2.38081
Info: build node-aware spanning tree with send: 1, recv: 0 with branch factor 4
Info: useSync: 0 useProxySync: 0
LDB: =============== DONE WITH MIGRATION ================ 2.38157
PRESSURE: 200 0 0 0 0 0 0 0 0 0
GPRESSURE: 200 0 0 0 0 0 0 0 0 0
PRESSAVG: 200 0 0 0 0 0 0 0 0 0
GPRESSAVG: 200 0 0 0 0 0 0 0 0 0
Info: Initial time: 42 CPUs 0.000647479 s/step 0.00749397 days/ns 829.625 MB memory
ENERGY:     200      1108.7392      1720.7892      2077.4012       151.2412            -39.6242      -805.7531         0.0000      4082.1541      2926.5304          11221.4780       293.8635      8294.9476     11247.1514       298.3245

LDB: ============= START OF LOAD BALANCING ============== 2.44518
LDB: TIME 2.44539 LOAD: AVG 0.0177411 MAX 0.0349258  PROXIES: TOTAL 173 MAXPE 7 MAXPATCH 7 None MEM: 830.562 MB
LDB: TIME 2.44556 LOAD: AVG 0.0177411 MAX 0.0349258  PROXIES: TOTAL 173 MAXPE 7 MAXPATCH 7 RefineTorusLB MEM: 830.562 MB
LDB: TIME 2.4457 LOAD: AVG 0.0177411 MAX 0.0349258  PROXIES: TOTAL 173 MAXPE 7 MAXPATCH 7 RefineTorusLB MEM: 830.562 MB
LDB: Reverting to original mapping
LDB: ============== END OF LOAD BALANCING =============== 2.44592
Info: build node-aware spanning tree with send: 1, recv: 0 with branch factor 4
Info: useSync: 0 useProxySync: 0
LDB: =============== DONE WITH MIGRATION ================ 2.44668
PRESSURE: 300 0 0 0 0 0 0 0 0 0
GPRESSURE: 300 0 0 0 0 0 0 0 0 0
PRESSAVG: 300 0 0 0 0 0 0 0 0 0
GPRESSAVG: 300 0 0 0 0 0 0 0 0 0
Info: Initial time: 42 CPUs 0.000634021 s/step 0.00733821 days/ns 830.562 MB memory
ENERGY:     300      1101.0857      1698.4544      2097.3868       175.5404            -39.5875      -791.4561         0.0000      4088.2486      2954.7857          11284.4579       296.7007      8329.6723     11306.8435       298.9808

LDB: ============= START OF LOAD BALANCING ============== 2.5105
LDB: TIME 2.51072 LOAD: AVG 0.0176788 MAX 0.0340077  PROXIES: TOTAL 173 MAXPE 7 MAXPATCH 7 None MEM: 831.438 MB
LDB: TIME 2.51089 LOAD: AVG 0.0176788 MAX 0.0340077  PROXIES: TOTAL 173 MAXPE 7 MAXPATCH 7 RefineTorusLB MEM: 831.438 MB
LDB: TIME 2.51102 LOAD: AVG 0.0176788 MAX 0.0340077  PROXIES: TOTAL 173 MAXPE 7 MAXPATCH 7 RefineTorusLB MEM: 831.438 MB
LDB: Reverting to original mapping
LDB: ============== END OF LOAD BALANCING =============== 2.51125
Info: build node-aware spanning tree with send: 1, recv: 0 with branch factor 4
Info: useSync: 0 useProxySync: 0
LDB: =============== DONE WITH MIGRATION ================ 2.51199
PRESSURE: 400 0 0 0 0 0 0 0 0 0
GPRESSURE: 400 0 0 0 0 0 0 0 0 0
PRESSAVG: 400 0 0 0 0 0 0 0 0 0
GPRESSAVG: 400 0 0 0 0 0 0 0 0 0
Info: Benchmark time: 42 CPUs 0.000637073 s/step 0.00737353 days/ns 831.438 MB memory
ENERGY:     400      1133.8097      1653.6817      2062.9097       155.1886            -39.0322      -787.5691         0.0000      4086.1059      3033.1275          11298.2219       304.5673      8265.0944     11324.0486       299.5640

PRESSURE: 500 0 0 0 0 0 0 0 0 0
GPRESSURE: 500 0 0 0 0 0 0 0 0 0
PRESSAVG: 500 0 0 0 0 0 0 0 0 0
GPRESSAVG: 500 0 0 0 0 0 0 0 0 0
Info: Benchmark time: 42 CPUs 0.000641862 s/step 0.00742895 days/ns 832.25 MB memory
ENERGY:     500      1123.3121      1748.7247      2084.9683       164.8643            -38.3212      -853.8948         0.0000      4088.6311      3007.7477          11326.0321       302.0189      8318.2844     11347.8629       301.5801

PRESSURE: 600 0 0 0 0 0 0 0 0 0
GPRESSURE: 600 0 0 0 0 0 0 0 0 0
PRESSAVG: 600 0 0 0 0 0 0 0 0 0
GPRESSAVG: 600 0 0 0 0 0 0 0 0 0
Info: Benchmark time: 42 CPUs 0.000638902 s/step 0.0073947 days/ns 832.25 MB memory
ENERGY:     600      1123.8547      1724.2077      2088.0220       153.1970            -38.7737      -793.4998         0.0000      4080.2068      3026.2448          11363.4595       303.8762      8337.2148     11387.9261       302.5574

PRESSURE: 700 0 0 0 0 0 0 0 0 0
GPRESSURE: 700 0 0 0 0 0 0 0 0 0
PRESSAVG: 700 0 0 0 0 0 0 0 0 0
GPRESSAVG: 700 0 0 0 0 0 0 0 0 0
Info: Benchmark time: 42 CPUs 0.000618182 s/step 0.00715488 days/ns 832.25 MB memory
ENERGY:     700      1127.6689      1663.4451      2086.6451       164.3388            -40.8331      -776.7026         0.0000      4084.3019      3036.4308          11345.2949       304.8990      8308.8641     11372.9362       301.7337

PRESSURE: 800 0 0 0 0 0 0 0 0 0
GPRESSURE: 800 0 0 0 0 0 0 0 0 0
PRESSAVG: 800 0 0 0 0 0 0 0 0 0
GPRESSAVG: 800 0 0 0 0 0 0 0 0 0
Info: Benchmark time: 42 CPUs 0.000552583 s/step 0.00639563 days/ns 832.25 MB memory
ENERGY:     800      1169.6560      1739.4822      2085.9520       172.6192            -40.9372      -844.5913         0.0000      4094.9037      3000.2631          11377.3477       301.2673      8377.0846     11401.1628       304.0693

PRESSURE: 900 0 0 0 0 0 0 0 0 0
GPRESSURE: 900 0 0 0 0 0 0 0 0 0
PRESSAVG: 900 0 0 0 0 0 0 0 0 0
GPRESSAVG: 900 0 0 0 0 0 0 0 0 0
Info: Benchmark time: 42 CPUs 0.000575373 s/step 0.00665941 days/ns 832.25 MB memory
ENERGY:     900      1116.3209      1698.4101      2082.3294       156.6674            -40.5776      -820.3265         0.0000      4090.0367      3013.7422          11296.6025       302.6208      8282.8604     11322.2467       301.5075

OPENING COORDINATE DCD FILE
WRITING COORDINATES TO DCD FILE adk-step1.dcd AT STEP 1000
WRITING COORDINATES TO RESTART FILE AT STEP 1000
FINISHED WRITING RESTART COORDINATES
The last position output (seq=1000) takes 0.006 seconds, 832.250 MB of memory in use
PRESSURE: 1000 0 0 0 0 0 0 0 0 0
GPRESSURE: 1000 0 0 0 0 0 0 0 0 0
PRESSAVG: 1000 0 0 0 0 0 0 0 0 0
GPRESSAVG: 1000 0 0 0 0 0 0 0 0 0
TIMING: 1000  CPU: 0.648005, 0.000628959/step  Wall: 0.653589, 0.000634063/step, 0.000704515 hours remaining, 832.375000 MB of memory in use.
ETITLE:      TS           BOND          ANGLE          DIHED          IMPRP               ELECT            VDW       BOUNDARY           MISC        KINETIC               TOTAL           TEMP      POTENTIAL         TOTAL3        TEMPAVG

ENERGY:    1000      1117.7084      1708.4881      2114.1432       152.6585            -40.4665      -821.2011         0.0000      4097.4131      3032.2088          11360.9524       304.4751      8328.7436     11387.5569       300.9638

WRITING EXTENDED SYSTEM TO RESTART FILE AT STEP 1000
WRITING VELOCITIES TO RESTART FILE AT STEP 1000
FINISHED WRITING RESTART VELOCITIES
The last velocity output (seq=1000) takes 0.004 seconds, 832.375 MB of memory in use
PRESSURE: 1100 0 0 0 0 0 0 0 0 0
GPRESSURE: 1100 0 0 0 0 0 0 0 0 0
PRESSAVG: 1100 0 0 0 0 0 0 0 0 0
GPRESSAVG: 1100 0 0 0 0 0 0 0 0 0
ENERGY:    1100      1126.4176      1701.0610      2094.4964       137.5368            -40.5328      -792.0933         0.0000      4092.7361      3108.9261          11428.5478       312.1785      8319.6217     11458.4606       304.4805

PRESSURE: 1200 0 0 0 0 0 0 0 0 0
GPRESSURE: 1200 0 0 0 0 0 0 0 0 0
PRESSAVG: 1200 0 0 0 0 0 0 0 0 0
GPRESSAVG: 1200 0 0 0 0 0 0 0 0 0
ENERGY:    1200      1097.2990      1723.6255      2123.7868       151.9967            -40.4761      -795.0593         0.0000      4094.6920      3019.5932          11375.4578       303.2083      8355.8647     11403.4753       306.1717

PRESSURE: 1300 0 0 0 0 0 0 0 0 0
GPRESSURE: 1300 0 0 0 0 0 0 0 0 0
PRESSAVG: 1300 0 0 0 0 0 0 0 0 0
GPRESSAVG: 1300 0 0 0 0 0 0 0 0 0
ENERGY:    1300      1115.3619      1704.1873      2104.9950       164.6892            -40.1529      -801.8607         0.0000      4093.1311      3047.6313          11387.9821       306.0237      8340.3507     11408.7188       304.5884

PRESSURE: 1400 0 0 0 0 0 0 0 0 0
GPRESSURE: 1400 0 0 0 0 0 0 0 0 0
PRESSAVG: 1400 0 0 0 0 0 0 0 0 0
GPRESSAVG: 1400 0 0 0 0 0 0 0 0 0
ENERGY:    1400      1154.9948      1692.1161      2095.2273       156.4791            -40.2014      -794.6477         0.0000      4091.6699      2973.4463          11329.0845       298.5745      8355.6383     11352.6042       304.4897

PRESSURE: 1500 0 0 0 0 0 0 0 0 0
GPRESSURE: 1500 0 0 0 0 0 0 0 0 0
PRESSAVG: 1500 0 0 0 0 0 0 0 0 0
GPRESSAVG: 1500 0 0 0 0 0 0 0 0 0
ENERGY:    1500      1128.6414      1705.9180      2108.3212       137.9086            -39.9059      -787.0866         0.0000      4086.2535      2977.7745          11317.8247       299.0091      8340.0502     11340.4783       301.0672

PRESSURE: 1600 0 0 0 0 0 0 0 0 0
GPRESSURE: 1600 0 0 0 0 0 0 0 0 0
PRESSAVG: 1600 0 0 0 0 0 0 0 0 0
GPRESSAVG: 1600 0 0 0 0 0 0 0 0 0
ENERGY:    1600      1146.5955      1660.5620      2097.7491       155.2852            -39.8723      -831.5413         0.0000      4088.7904      2992.5152          11270.0837       300.4893      8277.5686     11293.4142       300.5066

PRESSURE: 1700 0 0 0 0 0 0 0 0 0
GPRESSURE: 1700 0 0 0 0 0 0 0 0 0
PRESSAVG: 1700 0 0 0 0 0 0 0 0 0
GPRESSAVG: 1700 0 0 0 0 0 0 0 0 0
ENERGY:    1700      1135.0077      1685.6482      2079.2991       161.6612            -39.8584      -818.8784         0.0000      4078.1467      3003.2677          11284.2938       301.5690      8281.0261     11309.2631       300.8049

PRESSURE: 1800 0 0 0 0 0 0 0 0 0
GPRESSURE: 1800 0 0 0 0 0 0 0 0 0
PRESSAVG: 1800 0 0 0 0 0 0 0 0 0
GPRESSAVG: 1800 0 0 0 0 0 0 0 0 0
ENERGY:    1800      1098.4035      1672.3600      2071.2270       147.6529            -40.7882      -776.3516         0.0000      4085.4166      3024.2234          11282.1436       303.6732      8257.9202     11311.4353       300.0526

PRESSURE: 1900 0 0 0 0 0 0 0 0 0
GPRESSURE: 1900 0 0 0 0 0 0 0 0 0
PRESSAVG: 1900 0 0 0 0 0 0 0 0 0
GPRESSAVG: 1900 0 0 0 0 0 0 0 0 0
ENERGY:    1900      1183.6755      1716.8765      2095.7079       169.3317            -39.5901      -813.1209         0.0000      4086.6647      2931.5027          11331.0481       294.3628      8399.5454     11356.2037       301.9115

PRESSURE: 2000 0 0 0 0 0 0 0 0 0
GPRESSURE: 2000 0 0 0 0 0 0 0 0 0
PRESSAVG: 2000 0 0 0 0 0 0 0 0 0
GPRESSAVG: 2000 0 0 0 0 0 0 0 0 0
TIMING: 2000  CPU: 1.24867, 0.000600667/step  Wall: 1.25965, 0.000606057/step, 0.000505047 hours remaining, 832.375000 MB of memory in use.
ETITLE:      TS           BOND          ANGLE          DIHED          IMPRP               ELECT            VDW       BOUNDARY           MISC        KINETIC               TOTAL           TEMP      POTENTIAL         TOTAL3        TEMPAVG

ENERGY:    2000      1160.0570      1696.5399      2059.5336       158.3665            -40.9489      -790.5897         0.0000      4093.4112      2983.9868          11320.3564       299.6329      8336.3696     11343.8588       302.5432

WRITING EXTENDED SYSTEM TO RESTART FILE AT STEP 2000
WRITING COORDINATES TO DCD FILE adk-step1.dcd AT STEP 2000
WRITING COORDINATES TO RESTART FILE AT STEP 2000
FINISHED WRITING RESTART COORDINATES
The last position output (seq=2000) takes 0.002 seconds, 832.375 MB of memory in use
WRITING VELOCITIES TO RESTART FILE AT STEP 2000
FINISHED WRITING RESTART VELOCITIES
The last velocity output (seq=2000) takes 0.002 seconds, 832.375 MB of memory in use
PRESSURE: 2100 0 0 0 0 0 0 0 0 0
GPRESSURE: 2100 0 0 0 0 0 0 0 0 0
PRESSAVG: 2100 0 0 0 0 0 0 0 0 0
GPRESSAVG: 2100 0 0 0 0 0 0 0 0 0
ENERGY:    2100      1078.6206      1694.3910      2098.4035       154.9043            -41.1245      -796.0112         0.0000      4094.3169      3024.8006          11308.3013       303.7312      8283.5007     11334.7217       300.3230

PRESSURE: 2200 0 0 0 0 0 0 0 0 0
GPRESSURE: 2200 0 0 0 0 0 0 0 0 0
PRESSAVG: 2200 0 0 0 0 0 0 0 0 0
GPRESSAVG: 2200 0 0 0 0 0 0 0 0 0
ENERGY:    2200      1117.7349      1698.4348      2100.5202       158.7399            -41.0694      -807.6434         0.0000      4093.8716      2975.8481          11296.4368       298.8157      8320.5887     11319.7014       301.0558

PRESSURE: 2300 0 0 0 0 0 0 0 0 0
GPRESSURE: 2300 0 0 0 0 0 0 0 0 0
PRESSAVG: 2300 0 0 0 0 0 0 0 0 0
GPRESSAVG: 2300 0 0 0 0 0 0 0 0 0
ENERGY:    2300      1132.5399      1666.4535      2056.7254       141.2502            -40.8306      -780.2887         0.0000      4096.3537      3018.4872          11290.6906       303.0972      8272.2034     11318.5544       301.1223

PRESSURE: 2400 0 0 0 0 0 0 0 0 0
GPRESSURE: 2400 0 0 0 0 0 0 0 0 0
PRESSAVG: 2400 0 0 0 0 0 0 0 0 0
GPRESSAVG: 2400 0 0 0 0 0 0 0 0 0
ENERGY:    2400      1104.8763      1698.9960      2072.8786       145.7771            -41.8300      -774.7070         0.0000      4089.0336      3027.3124          11322.3369       303.9834      8295.0245     11345.3630       301.4542

PRESSURE: 2500 0 0 0 0 0 0 0 0 0
GPRESSURE: 2500 0 0 0 0 0 0 0 0 0
PRESSAVG: 2500 0 0 0 0 0 0 0 0 0
GPRESSAVG: 2500 0 0 0 0 0 0 0 0 0
ENERGY:    2500      1143.9813      1728.1463      2095.4559       158.1838            -42.3691      -811.8803         0.0000      4095.6431      2946.7319          11313.8929       295.8920      8367.1610     11339.4696       301.0596

PRESSURE: 2600 0 0 0 0 0 0 0 0 0
GPRESSURE: 2600 0 0 0 0 0 0 0 0 0
PRESSAVG: 2600 0 0 0 0 0 0 0 0 0
GPRESSAVG: 2600 0 0 0 0 0 0 0 0 0
ENERGY:    2600      1170.7264      1659.0893      2069.7853       151.5111            -41.6234      -777.9113         0.0000      4091.9840      2949.5404          11273.1017       296.1740      8323.5614     11297.0340       299.8494

PRESSURE: 2700 0 0 0 0 0 0 0 0 0
GPRESSURE: 2700 0 0 0 0 0 0 0 0 0
PRESSAVG: 2700 0 0 0 0 0 0 0 0 0
GPRESSAVG: 2700 0 0 0 0 0 0 0 0 0
ENERGY:    2700      1121.6075      1710.7331      2093.1404       157.2448            -41.0933      -808.4034         0.0000      4094.4895      2936.7664          11264.4850       294.8914      8327.7186     11294.0141       297.8387

PRESSURE: 2800 0 0 0 0 0 0 0 0 0
GPRESSURE: 2800 0 0 0 0 0 0 0 0 0
PRESSAVG: 2800 0 0 0 0 0 0 0 0 0
GPRESSAVG: 2800 0 0 0 0 0 0 0 0 0
ENERGY:    2800      1097.3324      1703.4077      2084.4914       155.6983            -41.2658      -809.9771         0.0000      4100.9575      2963.4171          11254.0615       297.5675      8290.6444     11276.6301       298.8451

PRESSURE: 2900 0 0 0 0 0 0 0 0 0
GPRESSURE: 2900 0 0 0 0 0 0 0 0 0
PRESSAVG: 2900 0 0 0 0 0 0 0 0 0
GPRESSAVG: 2900 0 0 0 0 0 0 0 0 0
ENERGY:    2900      1084.7085      1729.2466      2083.2362       156.4737            -41.2429      -806.5375         0.0000      4092.1948      2973.2386          11271.3181       298.5537      8298.0795     11296.7929       299.9507

PRESSURE: 3000 0 0 0 0 0 0 0 0 0
GPRESSURE: 3000 0 0 0 0 0 0 0 0 0
PRESSAVG: 3000 0 0 0 0 0 0 0 0 0
GPRESSAVG: 3000 0 0 0 0 0 0 0 0 0
TIMING: 3000  CPU: 1.83052, 0.000581853/step  Wall: 1.85118, 0.000591532/step, 0.000328629 hours remaining, 832.375000 MB of memory in use.
ETITLE:      TS           BOND          ANGLE          DIHED          IMPRP               ELECT            VDW       BOUNDARY           MISC        KINETIC               TOTAL           TEMP      POTENTIAL         TOTAL3        TEMPAVG

ENERGY:    3000      1069.7654      1673.5013      2085.3486       169.5060            -40.5466      -791.0144         0.0000      4095.9665      2989.7717          11252.2984       300.2138      8262.5267     11275.3530       300.0687

WRITING EXTENDED SYSTEM TO RESTART FILE AT STEP 3000
WRITING VELOCITIES TO RESTART FILE AT STEP 3000
FINISHED WRITING RESTART VELOCITIES
The last velocity output (seq=3000) takes 0.002 seconds, 832.375 MB of memory in use
WRITING COORDINATES TO DCD FILE adk-step1.dcd AT STEP 3000
WRITING COORDINATES TO RESTART FILE AT STEP 3000
FINISHED WRITING RESTART COORDINATES
The last position output (seq=3000) takes 0.002 seconds, 832.375 MB of memory in use
PRESSURE: 3100 0 0 0 0 0 0 0 0 0
GPRESSURE: 3100 0 0 0 0 0 0 0 0 0
PRESSAVG: 3100 0 0 0 0 0 0 0 0 0
GPRESSAVG: 3100 0 0 0 0 0 0 0 0 0
ENERGY:    3100      1128.4429      1689.8311      2101.4781       155.7538            -41.0857      -806.9343         0.0000      4096.1437      2952.8389          11276.4685       296.5053      8323.6295     11304.1943       298.0958

PRESSURE: 3200 0 0 0 0 0 0 0 0 0
GPRESSURE: 3200 0 0 0 0 0 0 0 0 0
PRESSAVG: 3200 0 0 0 0 0 0 0 0 0
GPRESSAVG: 3200 0 0 0 0 0 0 0 0 0
ENERGY:    3200      1094.4347      1704.9416      2071.6892       161.2722            -41.3999      -791.4562         0.0000      4094.2871      2984.6411          11278.4099       299.6986      8293.7688     11301.1024       299.8899

PRESSURE: 3300 0 0 0 0 0 0 0 0 0
GPRESSURE: 3300 0 0 0 0 0 0 0 0 0
PRESSAVG: 3300 0 0 0 0 0 0 0 0 0
GPRESSAVG: 3300 0 0 0 0 0 0 0 0 0
ENERGY:    3300      1141.6890      1679.7435      2095.4221       158.4209            -41.0073      -792.1211         0.0000      4089.6559      2907.8115          11239.6145       291.9839      8331.8030     11261.3590       298.9841

PRESSURE: 3400 0 0 0 0 0 0 0 0 0
GPRESSURE: 3400 0 0 0 0 0 0 0 0 0
PRESSAVG: 3400 0 0 0 0 0 0 0 0 0
GPRESSAVG: 3400 0 0 0 0 0 0 0 0 0
ENERGY:    3400      1131.5439      1649.0549      2095.8159       146.6756            -41.2066      -811.2606         0.0000      4079.1982      2949.8487          11199.6700       296.2050      8249.8213     11222.1670       296.8490

PRESSURE: 3500 0 0 0 0 0 0 0 0 0
GPRESSURE: 3500 0 0 0 0 0 0 0 0 0
PRESSAVG: 3500 0 0 0 0 0 0 0 0 0
GPRESSAVG: 3500 0 0 0 0 0 0 0 0 0
ENERGY:    3500      1098.8523      1679.3294      2077.5657       148.3924            -40.6448      -820.4722         0.0000      4083.8066      2971.2216          11198.0511       298.3511      8226.8295     11223.2834       294.1716

PRESSURE: 3600 0 0 0 0 0 0 0 0 0
GPRESSURE: 3600 0 0 0 0 0 0 0 0 0
PRESSAVG: 3600 0 0 0 0 0 0 0 0 0
GPRESSAVG: 3600 0 0 0 0 0 0 0 0 0
ENERGY:    3600      1164.2367      1697.0076      2077.8700       139.5534            -40.5345      -781.9517         0.0000      4085.6871      2978.7985          11320.6672       299.1120      8341.8687     11344.6042       300.7773

PRESSURE: 3700 0 0 0 0 0 0 0 0 0
GPRESSURE: 3700 0 0 0 0 0 0 0 0 0
PRESSAVG: 3700 0 0 0 0 0 0 0 0 0
GPRESSAVG: 3700 0 0 0 0 0 0 0 0 0
ENERGY:    3700      1116.8234      1669.8937      2087.7270       157.6608            -40.9883      -796.8315         0.0000      4092.1007      3032.4072          11318.7930       304.4950      8286.3858     11345.7067       300.7860

PRESSURE: 3800 0 0 0 0 0 0 0 0 0
GPRESSURE: 3800 0 0 0 0 0 0 0 0 0
PRESSAVG: 3800 0 0 0 0 0 0 0 0 0
GPRESSAVG: 3800 0 0 0 0 0 0 0 0 0
ENERGY:    3800      1120.5201      1679.1322      2099.1527       155.8465            -41.5007      -784.9160         0.0000      4082.0458      2957.2926          11267.5733       296.9525      8310.2807     11290.4079       300.4932

PRESSURE: 3900 0 0 0 0 0 0 0 0 0
GPRESSURE: 3900 0 0 0 0 0 0 0 0 0
PRESSAVG: 3900 0 0 0 0 0 0 0 0 0
GPRESSAVG: 3900 0 0 0 0 0 0 0 0 0
ENERGY:    3900      1060.3201      1685.6677      2061.9648       169.8781            -42.2658      -782.7084         0.0000      4074.9386      3033.0304          11260.8255       304.5576      8227.7951     11287.9052       298.7930

PRESSURE: 4000 0 0 0 0 0 0 0 0 0
GPRESSURE: 4000 0 0 0 0 0 0 0 0 0
PRESSAVG: 4000 0 0 0 0 0 0 0 0 0
GPRESSAVG: 4000 0 0 0 0 0 0 0 0 0
TIMING: 4000  CPU: 2.34736, 0.000516837/step  Wall: 2.36656, 0.000515381/step, 0.000143161 hours remaining, 832.375000 MB of memory in use.
ETITLE:      TS           BOND          ANGLE          DIHED          IMPRP               ELECT            VDW       BOUNDARY           MISC        KINETIC               TOTAL           TEMP      POTENTIAL         TOTAL3        TEMPAVG

ENERGY:    4000      1087.9242      1708.6952      2084.5201       167.1430            -41.6385      -797.5650         0.0000      4083.2254      2982.8493          11275.1537       299.5187      8292.3044     11304.2975       299.4660

WRITING EXTENDED SYSTEM TO RESTART FILE AT STEP 4000
WRITING COORDINATES TO DCD FILE adk-step1.dcd AT STEP 4000
WRITING COORDINATES TO RESTART FILE AT STEP 4000
FINISHED WRITING RESTART COORDINATES
The last position output (seq=4000) takes 0.003 seconds, 832.375 MB of memory in use
WRITING VELOCITIES TO RESTART FILE AT STEP 4000
FINISHED WRITING RESTART VELOCITIES
The last velocity output (seq=4000) takes 0.002 seconds, 832.375 MB of memory in use
PRESSURE: 4100 0 0 0 0 0 0 0 0 0
GPRESSURE: 4100 0 0 0 0 0 0 0 0 0
PRESSAVG: 4100 0 0 0 0 0 0 0 0 0
GPRESSAVG: 4100 0 0 0 0 0 0 0 0 0
ENERGY:    4100      1147.8533      1669.5926      2094.4673       153.7131            -40.6665      -797.7568         0.0000      4086.0786      2985.9180          11299.1995       299.8269      8313.2815     11322.2511       300.9983

PRESSURE: 4200 0 0 0 0 0 0 0 0 0
GPRESSURE: 4200 0 0 0 0 0 0 0 0 0
PRESSAVG: 4200 0 0 0 0 0 0 0 0 0
GPRESSAVG: 4200 0 0 0 0 0 0 0 0 0
ENERGY:    4200      1133.0075      1634.1505      2124.7413       153.7274            -40.5203      -781.3469         0.0000      4088.6716      2953.0445          11265.4756       296.5259      8312.4311     11292.0581       299.3239

LDB: ============= START OF LOAD BALANCING ============== 4.74257
LDB: ============== END OF LOAD BALANCING =============== 4.74264
Info: useSync: 0 useProxySync: 0
LDB: =============== DONE WITH MIGRATION ================ 4.74275
PRESSURE: 4300 0 0 0 0 0 0 0 0 0
GPRESSURE: 4300 0 0 0 0 0 0 0 0 0
PRESSAVG: 4300 0 0 0 0 0 0 0 0 0
GPRESSAVG: 4300 0 0 0 0 0 0 0 0 0
ENERGY:    4300      1084.2677      1700.9441      2060.7598       151.7424            -41.0701      -808.2920         0.0000      4099.1551      3012.0993          11259.6064       302.4558      8247.5071     11286.1583       299.1566

LDB: ============= START OF LOAD BALANCING ============== 4.79167
LDB: TIME 4.7919 LOAD: AVG 0.0138789 MAX 0.0320675  PROXIES: TOTAL 173 MAXPE 7 MAXPATCH 7 None MEM: 832.375 MB
LDB: TIME 4.79213 LOAD: AVG 0.0138789 MAX 0.0320675  PROXIES: TOTAL 173 MAXPE 7 MAXPATCH 7 RefineTorusLB MEM: 832.562 MB
LDB: TIME 4.79227 LOAD: AVG 0.0138789 MAX 0.0320675  PROXIES: TOTAL 173 MAXPE 7 MAXPATCH 7 RefineTorusLB MEM: 832.562 MB
LDB: ============== END OF LOAD BALANCING =============== 4.7925
Info: build node-aware spanning tree with send: 1, recv: 0 with branch factor 4
Info: useSync: 0 useProxySync: 0
LDB: =============== DONE WITH MIGRATION ================ 4.7932
PRESSURE: 4400 0 0 0 0 0 0 0 0 0
GPRESSURE: 4400 0 0 0 0 0 0 0 0 0
PRESSAVG: 4400 0 0 0 0 0 0 0 0 0
GPRESSAVG: 4400 0 0 0 0 0 0 0 0 0
ENERGY:    4400      1142.3001      1730.2574      2068.1286       157.9968            -41.0641      -768.1336         0.0000      4098.3276      2869.2469          11257.0598       288.1115      8387.8129     11275.6470       298.4752

PRESSURE: 4500 0 0 0 0 0 0 0 0 0
GPRESSURE: 4500 0 0 0 0 0 0 0 0 0
PRESSAVG: 4500 0 0 0 0 0 0 0 0 0
GPRESSAVG: 4500 0 0 0 0 0 0 0 0 0
ENERGY:    4500      1133.5197      1697.3225      2075.0753       166.3959            -41.9560      -834.8381         0.0000      4102.4452      2933.6351          11231.5995       294.5769      8297.9644     11255.8307       299.6282

PRESSURE: 4600 0 0 0 0 0 0 0 0 0
GPRESSURE: 4600 0 0 0 0 0 0 0 0 0
PRESSAVG: 4600 0 0 0 0 0 0 0 0 0
GPRESSAVG: 4600 0 0 0 0 0 0 0 0 0
ENERGY:    4600      1134.3526      1704.8144      2069.9351       161.7325            -41.4107      -796.1474         0.0000      4095.8921      2928.3360          11257.5047       294.0448      8329.1688     11279.1771       297.5962

PRESSURE: 4700 0 0 0 0 0 0 0 0 0
GPRESSURE: 4700 0 0 0 0 0 0 0 0 0
PRESSAVG: 4700 0 0 0 0 0 0 0 0 0
GPRESSAVG: 4700 0 0 0 0 0 0 0 0 0
ENERGY:    4700      1080.5579      1686.9611      2087.2937       158.1797            -41.6573      -831.6362         0.0000      4093.7403      3021.6628          11255.1020       303.4161      8233.4392     11279.5717       299.1685

PRESSURE: 4800 0 0 0 0 0 0 0 0 0
GPRESSURE: 4800 0 0 0 0 0 0 0 0 0
PRESSAVG: 4800 0 0 0 0 0 0 0 0 0
GPRESSAVG: 4800 0 0 0 0 0 0 0 0 0
ENERGY:    4800      1111.1583      1693.4884      2088.2015       146.7968            -41.2849      -779.2461         0.0000      4090.6497      2945.3050          11255.0684       295.7488      8309.7635     11278.9067       298.9056

PRESSURE: 4900 0 0 0 0 0 0 0 0 0
GPRESSURE: 4900 0 0 0 0 0 0 0 0 0
PRESSAVG: 4900 0 0 0 0 0 0 0 0 0
GPRESSAVG: 4900 0 0 0 0 0 0 0 0 0
ENERGY:    4900      1128.6125      1710.3429      2078.0307       168.3837            -41.2952      -822.4522         0.0000      4084.6546      2940.1901          11246.4671       295.2351      8306.2770     11269.3630       296.3131

PRESSURE: 5000 0 0 0 0 0 0 0 0 0
GPRESSURE: 5000 0 0 0 0 0 0 0 0 0
PRESSAVG: 5000 0 0 0 0 0 0 0 0 0
GPRESSAVG: 5000 0 0 0 0 0 0 0 0 0
TIMING: 5000  CPU: 2.83195, 0.000484591/step  Wall: 2.85485, 0.000488292/step, 0 hours remaining, 832.562500 MB of memory in use.
ETITLE:      TS           BOND          ANGLE          DIHED          IMPRP               ELECT            VDW       BOUNDARY           MISC        KINETIC               TOTAL           TEMP      POTENTIAL         TOTAL3        TEMPAVG

ENERGY:    5000      1065.9079      1661.2989      2105.4746       159.3883            -41.6564      -789.2331         0.0000      4077.6720      2940.8075          11179.6598       295.2971      8238.8523     11204.0856       297.7301

WRITING EXTENDED SYSTEM TO RESTART FILE AT STEP 5000
WRITING COORDINATES TO DCD FILE adk-step1.dcd AT STEP 5000
WRITING COORDINATES TO RESTART FILE AT STEP 5000
FINISHED WRITING RESTART COORDINATES
The last position output (seq=5000) takes 0.002 seconds, 833.250 MB of memory in use
WRITING VELOCITIES TO RESTART FILE AT STEP 5000
FINISHED WRITING RESTART VELOCITIES
The last velocity output (seq=5000) takes 0.002 seconds, 833.250 MB of memory in use
WRITING EXTENDED SYSTEM TO OUTPUT FILE AT STEP 5000
WRITING COORDINATES TO OUTPUT FILE AT STEP 5000
CLOSING COORDINATE DCD FILE adk-step1.dcd
The last position output (seq=-2) takes 0.004 seconds, 833.250 MB of memory in use
WRITING VELOCITIES TO OUTPUT FILE AT STEP 5000
====================================================

WallClock: 5.096349  CPUTime: 3.631764  Memory: 833.250000 MB
End of program
