1_2_cc.dat
/gpfs/alpine/bip115/scratch/hrlee/radical.pilot.sandbox/re.session.login1.hrlee.018625.0000/pilot.0000/staging_area/1_2_cc.dat
1, 2
Charm++> Running on MPI version: 3.1
Charm++> level of thread support used: MPI_THREAD_FUNNELED (desired: MPI_THREAD_FUNNELED)
Charm++> Running in SMP mode: 41 processes, 4 worker threads (PEs) + 1 comm threads per process, 164 PEs total
Charm++> The comm. thread both sends and receives messages
Charm++> Using recursive bisection (scheme 3) for topology aware partitions
Converse/Charm++ Commit ID: v6.10.2-0-g7bf00fa-namd-charm-6.10.2-build-2020-Aug-05-556
Warning> Randomization of virtual memory (ASLR) is turned on in the kernel, thread migration may not work! Run 'echo 0 > /proc/sys/kernel/randomize_va_space' as root to disable it, or try running with '+isomalloc_sync'.
CharmLB> Load balancer assumes all CPUs are same.
Charm++> Running on 2 hosts (1 sockets x 1 cores x 4 PUs = 4-way SMP)
Charm++> cpu topology info is gathered in 0.031 seconds.

Charm++> Warning: the number of SMP threads (190) is greater than the number of physical cores (176), so threads will sleep while idling. Use +CmiSpinOnIdle or +CmiSleepOnIdle to control this directly.

Info: NAMD 2.14 for Linux-POWER-MPI-smp-Summit
Info: 
Info: Please visit http://www.ks.uiuc.edu/Research/namd/
Info: for updates, documentation, and support information.
Info: 
Info: Please cite Phillips et al., J. Chem. Phys. 153:044130 (2020) doi:10.1063/5.0014475
Info: in all publications reporting results obtained with NAMD.
Info: 
Info: Based on Charm++/Converse 61002 for mpi-linux-ppc64le-smp
Info: Built Wed Aug 5 14:25:51 EDT 2020 by jimp on login2
Info: 1 NAMD  2.14  Linux-POWER-MPI-smp-Summit  164    d21n11  hrlee
Info: Running on 164 processors, 41 nodes, 2 physical nodes.
Info: CPU topology information available.
Info: Charm++/Converse parallel runtime startup completed at 0.0376607 s
CkLoopLib is used in SMP with simple dynamic scheduling (converse-level notification)
Info: 933.688 MB of memory in use based on /proc/self/stat
Info: Configuration file is adk-step1.namd
Info: Working in the current directory /gpfs/alpine/bip115/scratch/hrlee/radical.pilot.sandbox/re.session.login1.hrlee.018625.0000/pilot.0000/unit.000238
TCL: Suspending until startup complete.
Info: SIMULATION PARAMETERS:
Info: TIMESTEP               1
Info: NUMBER OF STEPS        0
Info: STEPS PER CYCLE        20
Info: LOAD BALANCER  Centralized
Info: LOAD BALANCING STRATEGY  New Load Balancers -- DEFAULT
Info: LDB PERIOD             4000 steps
Info: FIRST LDB TIMESTEP     100
Info: LAST LDB TIMESTEP     -1
Info: LDB BACKGROUND SCALING 1
Info: HOM BACKGROUND SCALING 1
Info: REMOVING LOAD FROM NODE 0
Info: REMOVING PATCHES FROM PROCESSOR 0
Info: MIN ATOMS PER PATCH    40
Info: VELOCITY FILE          1_2_adk-step1.restart.vel
Info: CENTER OF MASS MOVING INITIALLY? NO
Info: DIELECTRIC             80
Info: EXCLUDE                SCALED ONE-FOUR
Info: 1-4 ELECTROSTATICS SCALED BY 1
Info: MODIFIED 1-4 VDW PARAMETERS WILL BE USED
Info: DCD FILENAME           adk-step1.dcd
Info: DCD FREQUENCY          1000
Info: DCD FIRST STEP         1000
Info: NO EXTENDED SYSTEM TRAJECTORY OUTPUT
Info: NO VELOCITY DCD OUTPUT
Info: NO FORCE DCD OUTPUT
Info: OUTPUT FILENAME        adk-step1
Info: BINARY OUTPUT FILES WILL BE USED
Info: RESTART FILENAME       adk-step1.restart
Info: RESTART FREQUENCY      1000
Info: BINARY RESTART FILES WILL BE USED
Info: SWITCHING ACTIVE
Info: SWITCHING ON           9
Info: SWITCHING OFF          10
Info: PAIRLIST DISTANCE      11
Info: PAIRLIST SHRINK RATE   0.01
Info: PAIRLIST GROW RATE     0.01
Info: PAIRLIST TRIGGER       0.3
Info: PAIRLISTS PER CYCLE    2
Info: PAIRLISTS ENABLED
Info: MARGIN                 0
Info: HYDROGEN GROUP CUTOFF  2.5
Info: PATCH DIMENSION        13.5
Info: ENERGY OUTPUT STEPS    100
Info: CROSSTERM ENERGY INCLUDED IN DIHEDRAL
Info: TIMING OUTPUT STEPS    1000
Info: PRESSURE OUTPUT STEPS  100
Info: GRID FORCE ACTIVE
Info:  Please include this reference in published work using
Info:  the Gridforce module of NAMD: David Wells, Volha Abramkina,
Info:  and Aleksei Aksimentiev, J. Chem. Phys. 127:125101-10 (2007).
Info: MGRIDFORCE key 0
Info:            Potfile 4ake-target_autopsf-grid.dx
Info:            Scale 0.3 0.3 0.3
Info:            File 1ake-docked-noh_autopsf-grid.pdb
Info:            Col O
Info:            ChargeCol B
Info:            VOffset 0 0 0
Info:            Continuous K1 FALSE
Info:            Continuous K2 FALSE
Info:            Continuous K3 FALSE
Info:            Volts FALSE
Info:            Gridforce-Lite FALSE
Info:            Gridforce-CheckSize TRUE
Info: LANGEVIN DYNAMICS ACTIVE
Info: LANGEVIN TEMPERATURE   300
Info: LANGEVIN USING BBK INTEGRATOR
Info: LANGEVIN DAMPING COEFFICIENT IS 5 INVERSE PS
Info: LANGEVIN DYNAMICS NOT APPLIED TO HYDROGENS
Info: USING VERLET I (r-RESPA) MTS SCHEME.
Info: C1 SPLITTING OF LONG RANGE ELECTROSTATICS
Info: PLACING ATOMS IN PATCHES BY HYDROGEN GROUPS
Info: RIGID BONDS TO HYDROGEN : WATER
Info:         ERROR TOLERANCE : 1e-08
Info:          MAX ITERATIONS : 100
Info: RIGID WATER USING SETTLE ALGORITHM
Info: NONBONDED FORCES EVALUATED EVERY 2 STEPS
Info: RANDOM NUMBER SEED     1609226092
Info: USE HYDROGEN BONDS?    NO
Info: COORDINATE PDB         1ake-docked-noh_autopsf.pdb
Info: STRUCTURE FILE         1ake-docked-noh_autopsf.psf
Info: PARAMETER file: CHARMM format! 
Info: PARAMETERS             par_all36_prot.prm
Info: USING ARITHMETIC MEAN TO COMBINE L-J SIGMA PARAMETERS
Info: BINARY COORDINATES     1_2_adk-step1.restart.coor
Info: SUMMARY OF PARAMETERS:
Info: 132 BONDS
Info: 362 ANGLES
Info: 702 DIHEDRAL
Info: 35 IMPROPER
Info: 6 CROSSTERM
Info: 53 VDW
Info: 0 VDW_PAIRS
Info: 0 NBTHOLE_PAIRS
Info: TIME FOR READING PSF FILE: 0.503234
Info: READING EXTRA BONDS FILE 1ake-extrabonds.txt
Info: READING EXTRA BONDS FILE 1ake-extrabonds-cispeptide.txt
Info: READING EXTRA BONDS FILE 1ake-extrabonds-chirality.txt
Info: READ 80 EXTRA BONDS
Info: READ 80 EXTRA ANGLES
Warning: EXTRA ANGLES ARE COSINE-BASED BY DEFAULT TO MATCH PREVIOUS VERSIONS
Warning: FOR NORMAL HARMONIC EXTRA ANGLES SET extraBondsCosAngles off
Info: READ 493 EXTRA DIHEDRALS
Info: READ 438 EXTRA IMPROPERS
Info: Reading pdb file 1ake-docked-noh_autopsf.pdb
Info: TIME FOR READING PDB FILE: 0.0170932
Info: 
Info: ****************************
Info: STRUCTURE SUMMARY:
Info: 3341 ATOMS
Info: 3445 BONDS
Info: 6203 ANGLES
Info: 9414 DIHEDRALS
Info: 1005 IMPROPERS
Info: 212 CROSSTERMS
Info: 0 EXCLUSIONS
Info: 0 RIGID BONDS
Info: 1 GRIDS ACTIVE
Info: 10023 DEGREES OF FREEDOM
Info: 1656 HYDROGEN GROUPS
Info: 4 ATOMS IN LARGEST HYDROGEN GROUP
Info: 1656 MIGRATION GROUPS
Info: 4 ATOMS IN LARGEST MIGRATION GROUP
Info: TOTAL MASS = 23582 amu
Info: TOTAL CHARGE = -4 e
Info: *****************************
Info: Reading from binary file 1_2_adk-step1.restart.coor
Info: 
Info: Entering startup at 1.12992 s, 1042.44 MB of memory in use
Info: Startup phase 0 took 0.000748569 s, 1042.44 MB of memory in use
Info: ADDED 18308 IMPLICIT EXCLUSIONS
Info: Startup phase 1 took 0.024448 s, 1042.44 MB of memory in use
Info: NONBONDED TABLE R-SQUARED SPACING: 0.0625
Info: NONBONDED TABLE SIZE: 705 POINTS
Info: ABSOLUTE IMPRECISION IN FAST TABLE ENERGY: 3.38813e-21 AT 9.89634
Info: RELATIVE IMPRECISION IN FAST TABLE ENERGY: 4.23384e-15 AT 9.94673
Info: ABSOLUTE IMPRECISION IN FAST TABLE FORCE: 6.35275e-22 AT 9.94673
Info: RELATIVE IMPRECISION IN FAST TABLE FORCE: 5.07982e-16 AT 9.94673
Info: INCONSISTENCY IN FAST TABLE ENERGY VS FORCE: 0.000290185 AT 0.251946
Info: ABSOLUTE IMPRECISION IN VDWA TABLE ENERGY: 1.57772e-30 AT 9.89634
Info: RELATIVE IMPRECISION IN VDWA TABLE ENERGY: 4.54938e-15 AT 9.94673
Info: ABSOLUTE IMPRECISION IN VDWA TABLE FORCE: 5.91646e-31 AT 9.94673
Info: RELATIVE IMPRECISION IN VDWA TABLE FORCE: 5.6823e-16 AT 9.94673
Info: INCONSISTENCY IN VDWA TABLE ENERGY VS FORCE: 0.0040507 AT 0.251946
Info: ABSOLUTE IMPRECISION IN VDWB TABLE ENERGY: 4.71751e-25 AT 9.94673
Info: RELATIVE IMPRECISION IN VDWB TABLE ENERGY: 1.45371e-14 AT 9.94673
Info: ABSOLUTE IMPRECISION IN VDWB TABLE FORCE: 6.20385e-25 AT 9.94673
Info: RELATIVE IMPRECISION IN VDWB TABLE FORCE: 5.97512e-16 AT 9.94673
Info: INCONSISTENCY IN VDWB TABLE ENERGY VS FORCE: 0.00377068 AT 9.07951
Info: Startup phase 2 took 0.0014722 s, 1042.44 MB of memory in use
Info: Startup phase 3 took 0.00064367 s, 1042.44 MB of memory in use
Info: Startup phase 4 took 0.000566578 s, 1042.44 MB of memory in use
Info: Startup phase 5 took 0.000546935 s, 1042.44 MB of memory in use
Info: ORIGINAL ATOMS MINMAX IS -20.8391 -33.203 -36.3734  16.9652 21.2406 16.0646
Info: ADJUSTED ATOMS MINMAX IS -16.5881 -27.7632 -31.3389  11.6477 11.8116 8.29798
Info: PATCH GRID IS 5 BY 3 BY 3
Info: PATCH GRID IS 2-AWAY BY 1-AWAY BY 1-AWAY
Info: Reading from binary file 1_2_adk-step1.restart.vel
Info: REMOVING COM VELOCITY 0.204095 0.297515 0.0470389
Info: LARGEST PATCH (37) HAS 176 ATOMS
Info: TORUS A SIZE 2 USING 0 1
Info: TORUS B SIZE 1 USING 0
Info: TORUS C SIZE 1 USING 0
Info: TORUS MINIMAL MESH SIZE IS 2 BY 1 BY 1
Info: Placed 97.7778% of base nodes on same physical node as patch
Info: Startup phase 6 took 0.0150318 s, 1042.44 MB of memory in use
Info: Startup phase 7 took 0.000612453 s, 1042.44 MB of memory in use
Info: Startup phase 8 took 0.000646762 s, 1042.44 MB of memory in use
Info: Startup phase 9 took 0.000864995 s, 1042.44 MB of memory in use
Info: Startup phase 10 took 0.000585742 s, 1042.44 MB of memory in use
Info: Startup phase 11 took 0.00104579 s, 1042.44 MB of memory in use
LDB: Central LB being created...
Info: Startup phase 12 took 0.00415502 s, 1042.44 MB of memory in use
Info: CREATING 983 COMPUTE OBJECTS
Info: Startup phase 13 took 0.000919735 s, 1042.44 MB of memory in use
Info: Building spanning tree ... send: 1 recv: 0 with branch factor 4
Info: useSync: 1 useProxySync: 0
Info: Startup phase 14 took 0.000752155 s, 1042.44 MB of memory in use
Info: Startup phase 15 took 0.000156528 s, 1042.44 MB of memory in use
Info: Finished startup at 1.18312 s, 1042.44 MB of memory in use

TCL: Running for 5000 steps
PRESSURE: 0 0 0 0 0 0 0 0 0 0
GPRESSURE: 0 0 0 0 0 0 0 0 0 0
ETITLE:      TS           BOND          ANGLE          DIHED          IMPRP               ELECT            VDW       BOUNDARY           MISC        KINETIC               TOTAL           TEMP      POTENTIAL         TOTAL3        TEMPAVG

ENERGY:       0      1060.4229      1676.5776      2075.8607       146.1244            -38.8173      -750.9000         0.0000      2758.3793      3001.8019           9929.4495       301.4218      6927.6476      9953.4669       301.4218

LDB: ============= START OF LOAD BALANCING ============== 1.20126
LDB: ============== END OF LOAD BALANCING =============== 1.2015
Info: useSync: 1 useProxySync: 0
LDB: =============== DONE WITH MIGRATION ================ 1.20223
LDB: ============= START OF LOAD BALANCING ============== 1.26814
LDB: 12 computes have load of zero
LDB: Largest compute 37 load 0.013370 is 109.0% of average load 0.012268
LDB: Average compute 0.001320 is 10.8% of average load 0.012268
LDB: Partitioning computes with target load 0.002639
LDB: Increased migratable compute count from 701 to 820
LDB: Largest unpartitionable compute is 0.007419
LDB: ============== END OF LOAD BALANCING =============== 1.26999
Info: build node-aware spanning tree with send: 1, recv: 0 with branch factor 4
Info: useSync: 1 useProxySync: 0
LDB: =============== DONE WITH MIGRATION ================ 1.27389
PRESSURE: 100 0 0 0 0 0 0 0 0 0
GPRESSURE: 100 0 0 0 0 0 0 0 0 0
PRESSAVG: 100 0 0 0 0 0 0 0 0 0
GPRESSAVG: 100 0 0 0 0 0 0 0 0 0
Info: Initial time: 164 CPUs 0.000824532 s/step 0.00954319 days/ns 1042.44 MB memory
ENERGY:     100      1075.7225      1710.3285      2093.9650       160.3052            -39.1572      -775.5551         0.0000      2757.8948      2930.2362           9913.7398       294.2356      6983.5036      9935.9747       298.6067

LDB: ============= START OF LOAD BALANCING ============== 1.29107
LDB: ============== END OF LOAD BALANCING =============== 1.29125
Info: useSync: 1 useProxySync: 0
LDB: =============== DONE WITH MIGRATION ================ 1.29184
LDB: ============= START OF LOAD BALANCING ============== 1.36243
LDB: 12 computes have load of zero
LDB: Largest compute 814 load 0.007851 is 63.7% of average load 0.012323
LDB: Average compute 0.001129 is 9.2% of average load 0.012323
LDB: TIME 1.36383 LOAD: AVG 0.012323 MAX 0.0604698  PROXIES: TOTAL 360 MAXPE 9 MAXPATCH 11 None MEM: 1042.62 MB
LDB: TIME 1.36607 LOAD: AVG 0.012323 MAX 0.0257509  PROXIES: TOTAL 608 MAXPE 16 MAXPATCH 29 TorusLB MEM: 1042.62 MB
LDB: ============== END OF LOAD BALANCING =============== 1.36734
Info: build node-aware spanning tree with send: 1, recv: 0 with branch factor 4
Info: useSync: 1 useProxySync: 0
LDB: =============== DONE WITH MIGRATION ================ 1.37108
PRESSURE: 200 0 0 0 0 0 0 0 0 0
GPRESSURE: 200 0 0 0 0 0 0 0 0 0
PRESSAVG: 200 0 0 0 0 0 0 0 0 0
GPRESSAVG: 200 0 0 0 0 0 0 0 0 0
Info: Initial time: 164 CPUs 0.000865104 s/step 0.0100128 days/ns 1042.62 MB memory
ENERGY:     200      1070.4274      1689.6646      2091.4649       152.4675            -39.3546      -751.7917         0.0000      2752.2591      2943.4162           9908.5535       295.5591      6965.1373      9929.3603       298.2552

LDB: ============= START OF LOAD BALANCING ============== 1.44368
LDB: 12 computes have load of zero
LDB: Largest compute 814 load 0.011383 is 49.6% of average load 0.022946
LDB: Average compute 0.001705 is 7.4% of average load 0.022946
LDB: TIME 1.44511 LOAD: AVG 0.0229461 MAX 0.0411595  PROXIES: TOTAL 360 MAXPE 9 MAXPATCH 11 None MEM: 1042.62 MB
LDB: TIME 1.44578 LOAD: AVG 0.0229461 MAX 0.0411595  PROXIES: TOTAL 608 MAXPE 16 MAXPATCH 29 RefineTorusLB MEM: 1042.62 MB
LDB: TIME 1.44872 LOAD: AVG 0.0229461 MAX 0.0411595  PROXIES: TOTAL 577 MAXPE 9 MAXPATCH 25 RefineTorusLB MEM: 1042.62 MB
LDB: ============== END OF LOAD BALANCING =============== 1.44967
Info: build node-aware spanning tree with send: 1, recv: 0 with branch factor 4
Info: useSync: 1 useProxySync: 0
LDB: =============== DONE WITH MIGRATION ================ 1.4578
PRESSURE: 300 0 0 0 0 0 0 0 0 0
GPRESSURE: 300 0 0 0 0 0 0 0 0 0
PRESSAVG: 300 0 0 0 0 0 0 0 0 0
GPRESSAVG: 300 0 0 0 0 0 0 0 0 0
Info: Initial time: 164 CPUs 0.000760045 s/step 0.00879681 days/ns 1042.62 MB memory
ENERGY:     300      1099.8030      1697.3985      2072.0879       161.8487            -39.2014      -793.7736         0.0000      2758.0873      2946.9762           9903.2266       295.9166      6956.2505      9926.7602       297.5998

LDB: ============= START OF LOAD BALANCING ============== 1.54365
LDB: 12 computes have load of zero
LDB: Largest compute 814 load 0.011051 is 50.1% of average load 0.022075
LDB: Average compute 0.001690 is 7.7% of average load 0.022075
LDB: TIME 1.54513 LOAD: AVG 0.0220755 MAX 0.0410227  PROXIES: TOTAL 360 MAXPE 9 MAXPATCH 11 None MEM: 1042.62 MB
LDB: TIME 1.54578 LOAD: AVG 0.0220755 MAX 0.0410227  PROXIES: TOTAL 577 MAXPE 9 MAXPATCH 25 RefineTorusLB MEM: 1042.62 MB
LDB: TIME 1.5464 LOAD: AVG 0.0220755 MAX 0.0410227  PROXIES: TOTAL 574 MAXPE 9 MAXPATCH 28 RefineTorusLB MEM: 1042.62 MB
LDB: Reverting to original mapping
LDB: ============== END OF LOAD BALANCING =============== 1.5471
Info: build node-aware spanning tree with send: 1, recv: 0 with branch factor 4
Info: useSync: 1 useProxySync: 0
LDB: =============== DONE WITH MIGRATION ================ 1.55682
PRESSURE: 400 0 0 0 0 0 0 0 0 0
GPRESSURE: 400 0 0 0 0 0 0 0 0 0
PRESSAVG: 400 0 0 0 0 0 0 0 0 0
GPRESSAVG: 400 0 0 0 0 0 0 0 0 0
Info: Benchmark time: 164 CPUs 0.000855357 s/step 0.00989997 days/ns 1042.62 MB memory
ENERGY:     400      1116.3779      1697.2177      2090.5062       158.3032            -39.1879      -789.5395         0.0000      2752.9965      2935.5433           9922.2174       294.7685      6986.6741      9943.7363       299.4008

PRESSURE: 500 0 0 0 0 0 0 0 0 0
GPRESSURE: 500 0 0 0 0 0 0 0 0 0
PRESSAVG: 500 0 0 0 0 0 0 0 0 0
GPRESSAVG: 500 0 0 0 0 0 0 0 0 0
Info: Benchmark time: 164 CPUs 0.000857822 s/step 0.00992849 days/ns 1042.62 MB memory
ENERGY:     500      1055.5915      1667.3650      2092.7804       149.7029            -40.0214      -780.9030         0.0000      2753.7335      3037.7454           9935.9943       305.0310      6898.2489      9958.9934       298.5057

PRESSURE: 600 0 0 0 0 0 0 0 0 0
GPRESSURE: 600 0 0 0 0 0 0 0 0 0
PRESSAVG: 600 0 0 0 0 0 0 0 0 0
GPRESSAVG: 600 0 0 0 0 0 0 0 0 0
Info: Benchmark time: 164 CPUs 0.000775106 s/step 0.00897113 days/ns 1042.62 MB memory
ENERGY:     600      1052.2235      1673.8911      2076.5658       146.1854            -40.4933      -780.5284         0.0000      2755.7920      3001.9224           9885.5586       301.4339      6883.6362      9908.4756       299.9262

PRESSURE: 700 0 0 0 0 0 0 0 0 0
GPRESSURE: 700 0 0 0 0 0 0 0 0 0
PRESSAVG: 700 0 0 0 0 0 0 0 0 0
GPRESSAVG: 700 0 0 0 0 0 0 0 0 0
Info: Benchmark time: 164 CPUs 0.00101659 s/step 0.0117661 days/ns 1042.62 MB memory
ENERGY:     700      1082.1827      1666.5952      2062.7221       156.3016            -40.2356      -770.5139         0.0000      2746.4572      2975.4803           9878.9896       298.7788      6903.5093      9903.5835       297.6010

PRESSURE: 800 0 0 0 0 0 0 0 0 0
GPRESSURE: 800 0 0 0 0 0 0 0 0 0
PRESSAVG: 800 0 0 0 0 0 0 0 0 0
GPRESSAVG: 800 0 0 0 0 0 0 0 0 0
Info: Benchmark time: 164 CPUs 0.000879043 s/step 0.0101741 days/ns 1042.62 MB memory
ENERGY:     800      1117.3330      1667.4639      2080.2751       139.0674            -38.3934      -738.6279         0.0000      2735.8212      2982.8172           9945.7564       299.5155      6962.9393      9972.1032       298.3863

PRESSURE: 900 0 0 0 0 0 0 0 0 0
GPRESSURE: 900 0 0 0 0 0 0 0 0 0
PRESSAVG: 900 0 0 0 0 0 0 0 0 0
GPRESSAVG: 900 0 0 0 0 0 0 0 0 0
Info: Benchmark time: 164 CPUs 0.000817326 s/step 0.00945979 days/ns 1042.62 MB memory
ENERGY:     900      1063.5814      1722.7809      2068.1996       152.1311            -38.6032      -773.0078         0.0000      2727.6337      2997.6077           9920.3233       301.0007      6922.7156      9944.3152       299.8397

PRESSURE: 1000 0 0 0 0 0 0 0 0 0
GPRESSURE: 1000 0 0 0 0 0 0 0 0 0
PRESSAVG: 1000 0 0 0 0 0 0 0 0 0
GPRESSAVG: 1000 0 0 0 0 0 0 0 0 0
TIMING: 1000  CPU: 0.19571, 0.000193445/step  Wall: 0.925848, 0.000919535/step, 0.00102171 hours remaining, 1042.625000 MB of memory in use.
ETITLE:      TS           BOND          ANGLE          DIHED          IMPRP               ELECT            VDW       BOUNDARY           MISC        KINETIC               TOTAL           TEMP      POTENTIAL         TOTAL3        TEMPAVG

ENERGY:    1000      1059.4712      1669.2344      2062.5543       167.0096            -37.8646      -743.6304         0.0000      2725.9634      3065.5064           9968.2444       307.8186      6902.7380      9994.1695       301.8783

WRITING EXTENDED SYSTEM TO RESTART FILE AT STEP 1000
OPENING COORDINATE DCD FILE
WRITING COORDINATES TO DCD FILE adk-step1.dcd AT STEP 1000
WRITING COORDINATES TO RESTART FILE AT STEP 1000
FINISHED WRITING RESTART COORDINATES
The last position output (seq=1000) takes 0.005 seconds, 1042.625 MB of memory in use
WRITING VELOCITIES TO RESTART FILE AT STEP 1000
FINISHED WRITING RESTART VELOCITIES
The last velocity output (seq=1000) takes 0.002 seconds, 1042.625 MB of memory in use
PRESSURE: 1100 0 0 0 0 0 0 0 0 0
GPRESSURE: 1100 0 0 0 0 0 0 0 0 0
PRESSAVG: 1100 0 0 0 0 0 0 0 0 0
GPRESSAVG: 1100 0 0 0 0 0 0 0 0 0
ENERGY:    1100      1091.1740      1709.8309      2071.8036       162.3809            -38.7043      -747.4469         0.0000      2739.7578      2972.7968           9961.5929       298.5093      6988.7962      9982.9658       302.0862

PRESSURE: 1200 0 0 0 0 0 0 0 0 0
GPRESSURE: 1200 0 0 0 0 0 0 0 0 0
PRESSAVG: 1200 0 0 0 0 0 0 0 0 0
GPRESSAVG: 1200 0 0 0 0 0 0 0 0 0
ENERGY:    1200      1082.3288      1700.0021      2082.6000       161.9554            -38.3204      -767.5531         0.0000      2749.7308      2978.7163           9949.4599       299.1037      6970.7436      9975.6520       300.6772

PRESSURE: 1300 0 0 0 0 0 0 0 0 0
GPRESSURE: 1300 0 0 0 0 0 0 0 0 0
PRESSAVG: 1300 0 0 0 0 0 0 0 0 0
GPRESSAVG: 1300 0 0 0 0 0 0 0 0 0
ENERGY:    1300      1055.4605      1674.5602      2099.4578       155.4947            -38.4170      -748.1886         0.0000      2745.6083      2983.5844           9927.5605       299.5925      6943.9761      9952.1020       299.6688

PRESSURE: 1400 0 0 0 0 0 0 0 0 0
GPRESSURE: 1400 0 0 0 0 0 0 0 0 0
PRESSAVG: 1400 0 0 0 0 0 0 0 0 0
GPRESSAVG: 1400 0 0 0 0 0 0 0 0 0
ENERGY:    1400      1078.1730      1705.3555      2067.1144       159.4322            -38.1335      -773.5628         0.0000      2744.1493      3009.1318           9951.6599       302.1578      6942.5281      9977.0416       299.0962

PRESSURE: 1500 0 0 0 0 0 0 0 0 0
GPRESSURE: 1500 0 0 0 0 0 0 0 0 0
PRESSAVG: 1500 0 0 0 0 0 0 0 0 0
GPRESSAVG: 1500 0 0 0 0 0 0 0 0 0
ENERGY:    1500      1061.2227      1652.0508      2071.2681       151.3182            -38.8236      -751.6616         0.0000      2733.6779      2984.1376           9863.1901       299.6481      6879.0525      9889.8616       297.6062

PRESSURE: 1600 0 0 0 0 0 0 0 0 0
GPRESSURE: 1600 0 0 0 0 0 0 0 0 0
PRESSAVG: 1600 0 0 0 0 0 0 0 0 0
GPRESSAVG: 1600 0 0 0 0 0 0 0 0 0
ENERGY:    1600      1085.5725      1720.5309      2076.3956       145.1725            -39.0704      -765.8307         0.0000      2728.9747      2981.6140           9933.3590       299.3947      6951.7450      9955.0124       299.4814

PRESSURE: 1700 0 0 0 0 0 0 0 0 0
GPRESSURE: 1700 0 0 0 0 0 0 0 0 0
PRESSAVG: 1700 0 0 0 0 0 0 0 0 0
GPRESSAVG: 1700 0 0 0 0 0 0 0 0 0
ENERGY:    1700      1093.4989      1732.8507      2067.3044       163.7532            -39.4452      -805.7988         0.0000      2725.0175      3018.3454           9955.5261       303.0830      6937.1807      9982.3427       302.3242

PRESSURE: 1800 0 0 0 0 0 0 0 0 0
GPRESSURE: 1800 0 0 0 0 0 0 0 0 0
PRESSAVG: 1800 0 0 0 0 0 0 0 0 0
GPRESSAVG: 1800 0 0 0 0 0 0 0 0 0
ENERGY:    1800      1087.6668      1716.7949      2118.2949       163.8688            -39.4331      -756.3128         0.0000      2719.1907      2953.9712           9964.0413       296.6190      7010.0701      9986.1126       301.4556

PRESSURE: 1900 0 0 0 0 0 0 0 0 0
GPRESSURE: 1900 0 0 0 0 0 0 0 0 0
PRESSAVG: 1900 0 0 0 0 0 0 0 0 0
GPRESSAVG: 1900 0 0 0 0 0 0 0 0 0
ENERGY:    1900      1101.6768      1716.8324      2104.7103       159.2074            -38.6563      -762.0951         0.0000      2722.8706      2995.3007           9999.8468       300.7690      7004.5461     10021.5089       302.8054

WRITING COORDINATES TO DCD FILE adk-step1.dcd AT STEP 2000
WRITING COORDINATES TO RESTART FILE AT STEP 2000
FINISHED WRITING RESTART COORDINATES
The last position output (seq=2000) takes 0.004 seconds, 1042.625 MB of memory in use
WRITING VELOCITIES TO RESTART FILE AT STEP 2000
FINISHED WRITING RESTART VELOCITIES
The last velocity output (seq=2000) takes 0.003 seconds, 1042.625 MB of memory in use
PRESSURE: 2000 0 0 0 0 0 0 0 0 0
GPRESSURE: 2000 0 0 0 0 0 0 0 0 0
PRESSAVG: 2000 0 0 0 0 0 0 0 0 0
GPRESSAVG: 2000 0 0 0 0 0 0 0 0 0
TIMING: 2000  CPU: 0.364664, 0.000168954/step  Wall: 1.92069, 0.000994841/step, 0.000829034 hours remaining, 1042.625000 MB of memory in use.
ETITLE:      TS           BOND          ANGLE          DIHED          IMPRP               ELECT            VDW       BOUNDARY           MISC        KINETIC               TOTAL           TEMP      POTENTIAL         TOTAL3        TEMPAVG

ENERGY:    2000      1106.9724      1706.4930      2101.0038       160.1600            -37.3909      -762.7194         0.0000      2724.5495      2992.9857           9992.0541       300.5365      6999.0684     10016.6101       304.2621

WRITING EXTENDED SYSTEM TO RESTART FILE AT STEP 2000
PRESSURE: 2100 0 0 0 0 0 0 0 0 0
GPRESSURE: 2100 0 0 0 0 0 0 0 0 0
PRESSAVG: 2100 0 0 0 0 0 0 0 0 0
GPRESSAVG: 2100 0 0 0 0 0 0 0 0 0
ENERGY:    2100      1120.9752      1721.1383      2105.9102       155.2007            -38.7403      -757.8667         0.0000      2720.4405      2972.1490           9999.2068       298.4443      7027.0578     10025.9662       302.4468

PRESSURE: 2200 0 0 0 0 0 0 0 0 0
GPRESSURE: 2200 0 0 0 0 0 0 0 0 0
PRESSAVG: 2200 0 0 0 0 0 0 0 0 0
GPRESSAVG: 2200 0 0 0 0 0 0 0 0 0
ENERGY:    2200      1159.3552      1710.3372      2070.1664       152.8937            -38.5563      -755.9815         0.0000      2711.2428      2977.3012           9986.7588       298.9616      7009.4576     10005.1033       303.5785

PRESSURE: 2300 0 0 0 0 0 0 0 0 0
GPRESSURE: 2300 0 0 0 0 0 0 0 0 0
PRESSAVG: 2300 0 0 0 0 0 0 0 0 0
GPRESSAVG: 2300 0 0 0 0 0 0 0 0 0
ENERGY:    2300      1099.5439      1679.3713      2093.1896       146.3828            -38.7305      -759.0122         0.0000      2711.1028      3019.9713           9951.8189       303.2463      6931.8476      9975.8122       304.4917

PRESSURE: 2400 0 0 0 0 0 0 0 0 0
GPRESSURE: 2400 0 0 0 0 0 0 0 0 0
PRESSAVG: 2400 0 0 0 0 0 0 0 0 0
GPRESSAVG: 2400 0 0 0 0 0 0 0 0 0
ENERGY:    2400      1116.8241      1676.9626      2101.9047       164.9141            -39.1682      -775.7781         0.0000      2704.6771      2988.2041           9938.5403       300.0564      6950.3362      9966.0105       301.5977

PRESSURE: 2500 0 0 0 0 0 0 0 0 0
GPRESSURE: 2500 0 0 0 0 0 0 0 0 0
PRESSAVG: 2500 0 0 0 0 0 0 0 0 0
GPRESSAVG: 2500 0 0 0 0 0 0 0 0 0
ENERGY:    2500      1070.0319      1683.8730      2090.2688       156.2428            -39.4292      -782.5151         0.0000      2700.1070      3059.2682           9937.8474       307.1922      6878.5792      9963.6851       301.3741

PRESSURE: 2600 0 0 0 0 0 0 0 0 0
GPRESSURE: 2600 0 0 0 0 0 0 0 0 0
PRESSAVG: 2600 0 0 0 0 0 0 0 0 0
GPRESSAVG: 2600 0 0 0 0 0 0 0 0 0
ENERGY:    2600      1095.0560      1671.6892      2099.4133       147.7958            -38.9898      -772.9673         0.0000      2697.6834      3002.9835           9902.6639       301.5405      6899.6804      9930.3907       300.7491

PRESSURE: 2700 0 0 0 0 0 0 0 0 0
GPRESSURE: 2700 0 0 0 0 0 0 0 0 0
PRESSAVG: 2700 0 0 0 0 0 0 0 0 0
GPRESSAVG: 2700 0 0 0 0 0 0 0 0 0
ENERGY:    2700      1056.0651      1666.9155      2114.2897       158.0361            -38.2363      -787.4547         0.0000      2693.9572      3022.7401           9886.3126       303.5243      6863.5725      9914.4124       300.4813

PRESSURE: 2800 0 0 0 0 0 0 0 0 0
GPRESSURE: 2800 0 0 0 0 0 0 0 0 0
PRESSAVG: 2800 0 0 0 0 0 0 0 0 0
GPRESSAVG: 2800 0 0 0 0 0 0 0 0 0
ENERGY:    2800      1089.7809      1660.3739      2079.0558       132.5301            -39.2679      -771.8904         0.0000      2682.1033      3064.3979           9897.0835       307.7073      6832.6856      9923.8067       298.4933

PRESSURE: 2900 0 0 0 0 0 0 0 0 0
GPRESSURE: 2900 0 0 0 0 0 0 0 0 0
PRESSAVG: 2900 0 0 0 0 0 0 0 0 0
GPRESSAVG: 2900 0 0 0 0 0 0 0 0 0
ENERGY:    2900      1111.9927      1685.4757      2069.4490       146.6077            -40.6863      -754.4233         0.0000      2678.4566      2955.4905           9852.3626       296.7715      6896.8722      9876.4993       300.3624

WRITING COORDINATES TO DCD FILE adk-step1.dcd AT STEP 3000
WRITING COORDINATES TO RESTART FILE AT STEP 3000
FINISHED WRITING RESTART COORDINATES
The last position output (seq=3000) takes 0.004 seconds, 1042.625 MB of memory in use
WRITING VELOCITIES TO RESTART FILE AT STEP 3000
FINISHED WRITING RESTART VELOCITIES
The last velocity output (seq=3000) takes 0.003 seconds, 1042.625 MB of memory in use
PRESSURE: 3000 0 0 0 0 0 0 0 0 0
GPRESSURE: 3000 0 0 0 0 0 0 0 0 0
PRESSAVG: 3000 0 0 0 0 0 0 0 0 0
GPRESSAVG: 3000 0 0 0 0 0 0 0 0 0
TIMING: 3000  CPU: 0.533566, 0.000168902/step  Wall: 2.91292, 0.000992234/step, 0.000551241 hours remaining, 1042.625000 MB of memory in use.
ETITLE:      TS           BOND          ANGLE          DIHED          IMPRP               ELECT            VDW       BOUNDARY           MISC        KINETIC               TOTAL           TEMP      POTENTIAL         TOTAL3        TEMPAVG

ENERGY:    3000      1062.8589      1665.9258      2068.4357       155.8532            -39.8139      -768.9874         0.0000      2678.8850      2962.7929           9785.9501       297.5048      6823.1572      9813.5137       298.0170

WRITING EXTENDED SYSTEM TO RESTART FILE AT STEP 3000
PRESSURE: 3100 0 0 0 0 0 0 0 0 0
GPRESSURE: 3100 0 0 0 0 0 0 0 0 0
PRESSAVG: 3100 0 0 0 0 0 0 0 0 0
GPRESSAVG: 3100 0 0 0 0 0 0 0 0 0
ENERGY:    3100      1115.2243      1680.2640      2071.3062       148.2413            -40.2720      -783.6347         0.0000      2675.9129      2999.8422           9866.8842       301.2250      6867.0420      9893.8508       299.0675

PRESSURE: 3200 0 0 0 0 0 0 0 0 0
GPRESSURE: 3200 0 0 0 0 0 0 0 0 0
PRESSAVG: 3200 0 0 0 0 0 0 0 0 0
GPRESSAVG: 3200 0 0 0 0 0 0 0 0 0
ENERGY:    3200      1115.8535      1682.4976      2061.0956       167.4638            -40.0677      -775.0614         0.0000      2675.6105      3007.1972           9894.5891       301.9636      6887.3919      9919.0912       301.9622

PRESSURE: 3300 0 0 0 0 0 0 0 0 0
GPRESSURE: 3300 0 0 0 0 0 0 0 0 0
PRESSAVG: 3300 0 0 0 0 0 0 0 0 0
GPRESSAVG: 3300 0 0 0 0 0 0 0 0 0
ENERGY:    3300      1067.6531      1721.2856      2070.5407       156.8249            -40.1982      -754.4045         0.0000      2675.0938      2951.6372           9848.4326       296.3846      6896.7954      9869.5685       299.4392

PRESSURE: 3400 0 0 0 0 0 0 0 0 0
GPRESSURE: 3400 0 0 0 0 0 0 0 0 0
PRESSAVG: 3400 0 0 0 0 0 0 0 0 0
GPRESSAVG: 3400 0 0 0 0 0 0 0 0 0
ENERGY:    3400      1114.1937      1699.0020      2066.4780       165.0272            -40.5320      -757.6766         0.0000      2674.3942      2902.8312           9823.7177       291.4838      6920.8865      9843.9864       299.7892

PRESSURE: 3500 0 0 0 0 0 0 0 0 0
GPRESSURE: 3500 0 0 0 0 0 0 0 0 0
PRESSAVG: 3500 0 0 0 0 0 0 0 0 0
GPRESSAVG: 3500 0 0 0 0 0 0 0 0 0
ENERGY:    3500      1077.5744      1712.3729      2057.9287       143.8294            -40.5065      -786.3271         0.0000      2674.1674      2920.2421           9759.2813       293.2321      6839.0392      9784.3872       296.1972

PRESSURE: 3600 0 0 0 0 0 0 0 0 0
GPRESSURE: 3600 0 0 0 0 0 0 0 0 0
PRESSAVG: 3600 0 0 0 0 0 0 0 0 0
GPRESSAVG: 3600 0 0 0 0 0 0 0 0 0
ENERGY:    3600      1059.6422      1682.3547      2062.5718       144.4873            -40.0935      -803.1121         0.0000      2675.0813      3016.5199           9797.4516       302.8997      6780.9317      9823.7831       295.3087

PRESSURE: 3700 0 0 0 0 0 0 0 0 0
GPRESSURE: 3700 0 0 0 0 0 0 0 0 0
PRESSAVG: 3700 0 0 0 0 0 0 0 0 0
GPRESSAVG: 3700 0 0 0 0 0 0 0 0 0
ENERGY:    3700      1059.2265      1714.4703      2061.0227       154.5478            -39.5956      -767.3688         0.0000      2669.0230      2970.3339           9821.6597       298.2620      6851.3258      9845.7842       298.5154

PRESSURE: 3800 0 0 0 0 0 0 0 0 0
GPRESSURE: 3800 0 0 0 0 0 0 0 0 0
PRESSAVG: 3800 0 0 0 0 0 0 0 0 0
GPRESSAVG: 3800 0 0 0 0 0 0 0 0 0
ENERGY:    3800      1061.0082      1760.4983      2060.4337       145.5629            -39.1968      -776.6469         0.0000      2664.7392      2988.4500           9864.8487       300.0811      6876.3986      9887.7700       300.1383

PRESSURE: 3900 0 0 0 0 0 0 0 0 0
GPRESSURE: 3900 0 0 0 0 0 0 0 0 0
PRESSAVG: 3900 0 0 0 0 0 0 0 0 0
GPRESSAVG: 3900 0 0 0 0 0 0 0 0 0
ENERGY:    3900      1075.2539      1741.6308      2043.9097       151.7158            -38.7562      -813.9348         0.0000      2657.0021      3017.3149           9834.1362       302.9795      6816.8213      9857.3023       301.0445

WRITING COORDINATES TO DCD FILE adk-step1.dcd AT STEP 4000
WRITING COORDINATES TO RESTART FILE AT STEP 4000
FINISHED WRITING RESTART COORDINATES
The last position output (seq=4000) takes 0.005 seconds, 1042.625 MB of memory in use
WRITING VELOCITIES TO RESTART FILE AT STEP 4000
FINISHED WRITING RESTART VELOCITIES
The last velocity output (seq=4000) takes 0.003 seconds, 1042.625 MB of memory in use
PRESSURE: 4000 0 0 0 0 0 0 0 0 0
GPRESSURE: 4000 0 0 0 0 0 0 0 0 0
PRESSAVG: 4000 0 0 0 0 0 0 0 0 0
GPRESSAVG: 4000 0 0 0 0 0 0 0 0 0
TIMING: 4000  CPU: 0.701791, 0.000168225/step  Wall: 3.8013, 0.000888375/step, 0.000246771 hours remaining, 1042.625000 MB of memory in use.
ETITLE:      TS           BOND          ANGLE          DIHED          IMPRP               ELECT            VDW       BOUNDARY           MISC        KINETIC               TOTAL           TEMP      POTENTIAL         TOTAL3        TEMPAVG

ENERGY:    4000      1078.0910      1747.7587      2058.4635       152.4178            -39.5069      -770.2874         0.0000      2654.1006      2922.6867           9803.7240       293.4776      6881.0373      9826.3225       299.2999

WRITING EXTENDED SYSTEM TO RESTART FILE AT STEP 4000
PRESSURE: 4100 0 0 0 0 0 0 0 0 0
GPRESSURE: 4100 0 0 0 0 0 0 0 0 0
PRESSAVG: 4100 0 0 0 0 0 0 0 0 0
GPRESSAVG: 4100 0 0 0 0 0 0 0 0 0
ENERGY:    4100      1081.9600      1692.6175      2086.3527       142.6111            -39.2045      -773.1148         0.0000      2649.1516      3022.7072           9863.0807       303.5210      6840.3736      9886.6692       300.3542

PRESSURE: 4200 0 0 0 0 0 0 0 0 0
GPRESSURE: 4200 0 0 0 0 0 0 0 0 0
PRESSAVG: 4200 0 0 0 0 0 0 0 0 0
GPRESSAVG: 4200 0 0 0 0 0 0 0 0 0
ENERGY:    4200      1079.9490      1753.1283      2088.4169       161.4849            -39.9158      -801.6107         0.0000      2649.4585      3015.5450           9906.4562       302.8018      6890.9112      9932.3860       305.0036

LDB: ============= START OF LOAD BALANCING ============== 5.23936
LDB: ============== END OF LOAD BALANCING =============== 5.23969
Info: useSync: 1 useProxySync: 0
LDB: =============== DONE WITH MIGRATION ================ 5.24024
PRESSURE: 4300 0 0 0 0 0 0 0 0 0
GPRESSURE: 4300 0 0 0 0 0 0 0 0 0
PRESSAVG: 4300 0 0 0 0 0 0 0 0 0
GPRESSAVG: 4300 0 0 0 0 0 0 0 0 0
ENERGY:    4300      1091.5478      1720.3680      2079.0313       155.2052            -39.8307      -785.1842         0.0000      2659.0627      3001.1397           9881.3399       301.3553      6880.2001      9906.3426       304.1135

LDB: ============= START OF LOAD BALANCING ============== 5.31721
LDB: 24 computes have load of zero
LDB: Largest compute 814 load 0.012248 is 55.7% of average load 0.021980
LDB: Average compute 0.001714 is 7.8% of average load 0.021980
LDB: TIME 5.31865 LOAD: AVG 0.0219801 MAX 0.042737  PROXIES: TOTAL 360 MAXPE 9 MAXPATCH 11 None MEM: 1042.62 MB
LDB: TIME 5.31936 LOAD: AVG 0.0219801 MAX 0.042737  PROXIES: TOTAL 577 MAXPE 9 MAXPATCH 25 RefineTorusLB MEM: 1042.62 MB
LDB: TIME 5.3203 LOAD: AVG 0.0219801 MAX 0.042737  PROXIES: TOTAL 569 MAXPE 10 MAXPATCH 28 RefineTorusLB MEM: 1042.62 MB
LDB: Reverting to original mapping
LDB: ============== END OF LOAD BALANCING =============== 5.32102
Info: build node-aware spanning tree with send: 1, recv: 0 with branch factor 4
Info: useSync: 1 useProxySync: 0
LDB: =============== DONE WITH MIGRATION ================ 5.32782
PRESSURE: 4400 0 0 0 0 0 0 0 0 0
GPRESSURE: 4400 0 0 0 0 0 0 0 0 0
PRESSAVG: 4400 0 0 0 0 0 0 0 0 0
GPRESSAVG: 4400 0 0 0 0 0 0 0 0 0
ENERGY:    4400      1063.2954      1693.5074      2077.9885       154.0233            -39.7942      -769.4496         0.0000      2658.9095      2990.3289           9828.8092       300.2698      6838.4803      9851.6200       300.8523

PRESSURE: 4500 0 0 0 0 0 0 0 0 0
GPRESSURE: 4500 0 0 0 0 0 0 0 0 0
PRESSAVG: 4500 0 0 0 0 0 0 0 0 0
GPRESSAVG: 4500 0 0 0 0 0 0 0 0 0
ENERGY:    4500      1110.3882      1650.2846      2079.6635       152.7644            -39.9181      -776.0061         0.0000      2656.7947      2991.2618           9825.2331       300.3635      6833.9713      9849.0523       299.7403

PRESSURE: 4600 0 0 0 0 0 0 0 0 0
GPRESSURE: 4600 0 0 0 0 0 0 0 0 0
PRESSAVG: 4600 0 0 0 0 0 0 0 0 0
GPRESSAVG: 4600 0 0 0 0 0 0 0 0 0
ENERGY:    4600      1054.0404      1732.9535      2052.4743       150.5335            -39.3651      -786.6802         0.0000      2652.7613      2956.7841           9773.5019       296.9014      6816.7177      9803.0418       300.0377

PRESSURE: 4700 0 0 0 0 0 0 0 0 0
GPRESSURE: 4700 0 0 0 0 0 0 0 0 0
PRESSAVG: 4700 0 0 0 0 0 0 0 0 0
GPRESSAVG: 4700 0 0 0 0 0 0 0 0 0
ENERGY:    4700      1079.9729      1690.1327      2061.6745       147.4602            -39.5082      -767.6542         0.0000      2647.5895      2955.6606           9775.3282       296.7886      6819.6676      9796.9116       297.5031

PRESSURE: 4800 0 0 0 0 0 0 0 0 0
GPRESSURE: 4800 0 0 0 0 0 0 0 0 0
PRESSAVG: 4800 0 0 0 0 0 0 0 0 0
GPRESSAVG: 4800 0 0 0 0 0 0 0 0 0
ENERGY:    4800      1116.3857      1731.8490      2066.0363       168.2121            -38.8746      -797.8269         0.0000      2643.1847      2931.0331           9819.9994       294.3157      6888.9663      9846.6004       297.0541

PRESSURE: 4900 0 0 0 0 0 0 0 0 0
GPRESSURE: 4900 0 0 0 0 0 0 0 0 0
PRESSAVG: 4900 0 0 0 0 0 0 0 0 0
GPRESSAVG: 4900 0 0 0 0 0 0 0 0 0
ENERGY:    4900      1042.1207      1682.4999      2041.9242       143.7005            -38.9248      -758.4853         0.0000      2636.2777      2996.6953           9745.8082       300.9090      6749.1128      9769.8517       297.2848

WRITING COORDINATES TO DCD FILE adk-step1.dcd AT STEP 5000
WRITING COORDINATES TO RESTART FILE AT STEP 5000
FINISHED WRITING RESTART COORDINATES
The last position output (seq=5000) takes 0.004 seconds, 1042.625 MB of memory in use
PRESSURE: 5000 0 0 0 0 0 0 0 0 0
GPRESSURE: 5000 0 0 0 0 0 0 0 0 0
PRESSAVG: 5000 0 0 0 0 0 0 0 0 0
GPRESSAVG: 5000 0 0 0 0 0 0 0 0 0
TIMING: 5000  CPU: 0.873871, 0.00017208/step  Wall: 4.66186, 0.000860568/step, 0 hours remaining, 1042.625000 MB of memory in use.
ETITLE:      TS           BOND          ANGLE          DIHED          IMPRP               ELECT            VDW       BOUNDARY           MISC        KINETIC               TOTAL           TEMP      POTENTIAL         TOTAL3        TEMPAVG

ENERGY:    5000      1070.8494      1694.5505      2085.5183       165.2073            -39.7939      -800.4496         0.0000      2638.6291      3021.9728           9836.4838       303.4473      6814.5110      9860.7819       299.2476

WRITING EXTENDED SYSTEM TO RESTART FILE AT STEP 5000
WRITING VELOCITIES TO RESTART FILE AT STEP 5000
FINISHED WRITING RESTART VELOCITIES
The last velocity output (seq=5000) takes 0.002 seconds, 1042.625 MB of memory in use
WRITING EXTENDED SYSTEM TO OUTPUT FILE AT STEP 5000
WRITING COORDINATES TO OUTPUT FILE AT STEP 5000
CLOSING COORDINATE DCD FILE adk-step1.dcd
The last position output (seq=-2) takes 0.004 seconds, 1042.625 MB of memory in use
WRITING VELOCITIES TO OUTPUT FILE AT STEP 5000
====================================================

WallClock: 5.852108  CPUTime: 1.964877  Memory: 1042.625000 MB
[Partition 0][Node 0] End of program
