1_1_cc.dat
/gpfs/alpine/bip115/scratch/hrlee/radical.pilot.sandbox/re.session.login1.hrlee.018632.0005/pilot.0000/staging_area/1_1_cc.dat
1, 1
Choosing optimized barrier algorithm name I0:HybridBinomial:SHMEM:P2P
Converse/Charm++ Commit ID: v6.10.2-0-g7bf00fa-namd-charm-6.10.2-build-2020-Aug-05-556
Warning> Randomization of virtual memory (ASLR) is turned on in the kernel, thread migration may not work! Run 'echo 0 > /proc/sys/kernel/randomize_va_space' as root to disable it, or try running with '+isomalloc_sync'.
CharmLB> Load balancer assumes all CPUs are same.
Charm++> Running on 1 hosts (1 sockets x 7 cores x 4 PUs = 28-way SMP)
Charm++> cpu topology info is gathered in 0.002 seconds.
Info: Built with CUDA version 10010
Did not find +devices i,j,k,... argument, using all
Pe 27 physical rank 27 will use CUDA device of pe 21
Pe 6 physical rank 6 will use CUDA device of pe 4
Pe 38 physical rank 38 will use CUDA device of pe 35
Pe 30 physical rank 30 will use CUDA device of pe 28
Pe 16 physical rank 16 will use CUDA device of pe 14
Pe 26 physical rank 26 will use CUDA device of pe 21
Pe 10 physical rank 10 will use CUDA device of pe 7
Pe 41 physical rank 41 will use CUDA device of pe 35
Pe 33 physical rank 33 will use CUDA device of pe 28
Pe 19 physical rank 19 will use CUDA device of pe 14
Pe 24 physical rank 24 will use CUDA device of pe 21
Pe 8 physical rank 8 will use CUDA device of pe 7
Pe 1 physical rank 1 will use CUDA device of pe 4
Pe 37 physical rank 37 will use CUDA device of pe 35
Pe 32 physical rank 32 will use CUDA device of pe 28
Pe 20 physical rank 20 will use CUDA device of pe 14
Pe 25 physical rank 25 will use CUDA device of pe 21
Pe 13 physical rank 13 will use CUDA device of pe 7
Pe 3 physical rank 3 will use CUDA device of pe 4
Pe 40 physical rank 40 will use CUDA device of pe 35
Pe 31 physical rank 31 will use CUDA device of pe 28
Pe 17 physical rank 17 will use CUDA device of pe 14
Pe 23 physical rank 23 will use CUDA device of pe 21
Pe 9 physical rank 9 will use CUDA device of pe 7
Pe 5 physical rank 5 will use CUDA device of pe 4
Pe 39 physical rank 39 will use CUDA device of pe 35
Pe 34 physical rank 34 will use CUDA device of pe 28
Pe 18 physical rank 18 will use CUDA device of pe 14
Pe 22 physical rank 22 will use CUDA device of pe 21
Pe 12 physical rank 12 will use CUDA device of pe 7
Pe 0 physical rank 0 will use CUDA device of pe 4
Pe 36 physical rank 36 will use CUDA device of pe 35
Pe 29 physical rank 29 will use CUDA device of pe 28
Pe 15 physical rank 15 will use CUDA device of pe 14
Pe 11 physical rank 11 will use CUDA device of pe 7
Pe 2 physical rank 2 will use CUDA device of pe 4
Pe 21 physical rank 21 binding to CUDA device 0 on h36n05: 'Tesla V100-SXM2-16GB'  Mem: 16128MB  Rev: 7.0  PCI: 35:3:0
Pe 7 physical rank 7 binding to CUDA device 0 on h36n05: 'Tesla V100-SXM2-16GB'  Mem: 16128MB  Rev: 7.0  PCI: 4:5:0
Pe 4 physical rank 4 binding to CUDA device 0 on h36n05: 'Tesla V100-SXM2-16GB'  Mem: 16128MB  Rev: 7.0  PCI: 4:4:0
Pe 35 physical rank 35 binding to CUDA device 0 on h36n05: 'Tesla V100-SXM2-16GB'  Mem: 16128MB  Rev: 7.0  PCI: 35:5:0
Pe 28 physical rank 28 binding to CUDA device 0 on h36n05: 'Tesla V100-SXM2-16GB'  Mem: 16128MB  Rev: 7.0  PCI: 35:4:0
Pe 14 physical rank 14 binding to CUDA device 0 on h36n05: 'Tesla V100-SXM2-16GB'  Mem: 16128MB  Rev: 7.0  PCI: 4:6:0
Info: NAMD 2.14 for Linux-POWER-pami-smp-Summit-CUDA
Info: 
Info: Please visit http://www.ks.uiuc.edu/Research/namd/
Info: for updates, documentation, and support information.
Info: 
Info: Please cite Phillips et al., J. Chem. Phys. 153:044130 (2020) doi:10.1063/5.0014475
Info: in all publications reporting results obtained with NAMD.
Info: 
Info: Based on Charm++/Converse 61002 for pami-linux-ppc64le-smp
Info: Built Wed Aug 5 14:28:51 EDT 2020 by jimp on login2
Info: 1 NAMD  2.14  Linux-POWER-pami-smp-Summit-CUDA  42    h36n05  hrlee
Info: Running on 42 processors, 6 nodes, 1 physical nodes.
Info: CPU topology information available.
Info: Charm++/Converse parallel runtime startup completed at 1.50534 s
CkLoopLib is used in SMP with simple dynamic scheduling (converse-level notification)
Info: 791.75 MB of memory in use based on /proc/self/stat
Info: Configuration file is adk-step1.namd
Info: Working in the current directory /gpfs/alpine/bip115/scratch/hrlee/radical.pilot.sandbox/re.session.login1.hrlee.018632.0005/pilot.0000/unit.000174
TCL: Suspending until startup complete.
Info: SIMULATION PARAMETERS:
Info: TIMESTEP               1
Info: NUMBER OF STEPS        0
Info: STEPS PER CYCLE        20
Info: LOAD BALANCER  Centralized
Info: LOAD BALANCING STRATEGY  New Load Balancers -- DEFAULT
Info: LDB PERIOD             4000 steps
Info: FIRST LDB TIMESTEP     100
Info: LAST LDB TIMESTEP     -1
Info: LDB BACKGROUND SCALING 1
Info: HOM BACKGROUND SCALING 1
Info: MIN ATOMS PER PATCH    40
Info: VELOCITY FILE          1_1_adk-step1.restart.vel
Info: CENTER OF MASS MOVING INITIALLY? NO
Info: DIELECTRIC             80
Info: EXCLUDE                SCALED ONE-FOUR
Info: 1-4 ELECTROSTATICS SCALED BY 1
Info: MODIFIED 1-4 VDW PARAMETERS WILL BE USED
Info: DCD FILENAME           adk-step1.dcd
Info: DCD FREQUENCY          1000
Info: DCD FIRST STEP         1000
Info: NO EXTENDED SYSTEM TRAJECTORY OUTPUT
Info: NO VELOCITY DCD OUTPUT
Info: NO FORCE DCD OUTPUT
Info: OUTPUT FILENAME        adk-step1
Info: BINARY OUTPUT FILES WILL BE USED
Info: RESTART FILENAME       adk-step1.restart
Info: RESTART FREQUENCY      1000
Info: BINARY RESTART FILES WILL BE USED
Info: SWITCHING ACTIVE
Info: SWITCHING ON           9
Info: SWITCHING OFF          10
Info: PAIRLIST DISTANCE      11
Info: PAIRLIST SHRINK RATE   0.01
Info: PAIRLIST GROW RATE     0.01
Info: PAIRLIST TRIGGER       0.3
Info: PAIRLISTS PER CYCLE    2
Info: PAIRLISTS ENABLED
Info: MARGIN                 0
Info: HYDROGEN GROUP CUTOFF  2.5
Info: PATCH DIMENSION        13.5
Info: ENERGY OUTPUT STEPS    100
Info: CROSSTERM ENERGY INCLUDED IN DIHEDRAL
Info: TIMING OUTPUT STEPS    1000
Info: PRESSURE OUTPUT STEPS  100
Info: GRID FORCE ACTIVE
Info:  Please include this reference in published work using
Info:  the Gridforce module of NAMD: David Wells, Volha Abramkina,
Info:  and Aleksei Aksimentiev, J. Chem. Phys. 127:125101-10 (2007).
Info: MGRIDFORCE key 0
Info:            Potfile 4ake-target_autopsf-grid.dx
Info:            Scale 0.3 0.3 0.3
Info:            File 1ake-docked-noh_autopsf-grid.pdb
Info:            Col O
Info:            ChargeCol B
Info:            VOffset 0 0 0
Info:            Continuous K1 FALSE
Info:            Continuous K2 FALSE
Info:            Continuous K3 FALSE
Info:            Volts FALSE
Info:            Gridforce-Lite FALSE
Info:            Gridforce-CheckSize TRUE
Info: LANGEVIN DYNAMICS ACTIVE
Info: LANGEVIN TEMPERATURE   300
Info: LANGEVIN USING BBK INTEGRATOR
Info: LANGEVIN DAMPING COEFFICIENT IS 5 INVERSE PS
Info: LANGEVIN DYNAMICS NOT APPLIED TO HYDROGENS
Info: USING VERLET I (r-RESPA) MTS SCHEME.
Info: C1 SPLITTING OF LONG RANGE ELECTROSTATICS
Info: PLACING ATOMS IN PATCHES BY HYDROGEN GROUPS
Info: RIGID BONDS TO HYDROGEN : WATER
Info:         ERROR TOLERANCE : 1e-08
Info:          MAX ITERATIONS : 100
Info: RIGID WATER USING SETTLE ALGORITHM
Info: NONBONDED FORCES EVALUATED EVERY 2 STEPS
Info: RANDOM NUMBER SEED     1609827643
Info: USE HYDROGEN BONDS?    NO
Info: COORDINATE PDB         1ake-docked-noh_autopsf.pdb
Info: STRUCTURE FILE         1ake-docked-noh_autopsf.psf
Info: PARAMETER file: CHARMM format! 
Info: PARAMETERS             par_all36_prot.prm
Info: USING ARITHMETIC MEAN TO COMBINE L-J SIGMA PARAMETERS
Info: BINARY COORDINATES     1_1_adk-step1.restart.coor
Info: SUMMARY OF PARAMETERS:
Info: 132 BONDS
Info: 362 ANGLES
Info: 702 DIHEDRAL
Info: 35 IMPROPER
Info: 6 CROSSTERM
Info: 53 VDW
Info: 0 VDW_PAIRS
Info: 0 NBTHOLE_PAIRS
Info: TIME FOR READING PSF FILE: 0.484187
Info: READING EXTRA BONDS FILE 1ake-extrabonds.txt
Info: READING EXTRA BONDS FILE 1ake-extrabonds-cispeptide.txt
Info: READING EXTRA BONDS FILE 1ake-extrabonds-chirality.txt
Info: READ 80 EXTRA BONDS
Info: READ 80 EXTRA ANGLES
Warning: EXTRA ANGLES ARE COSINE-BASED BY DEFAULT TO MATCH PREVIOUS VERSIONS
Warning: FOR NORMAL HARMONIC EXTRA ANGLES SET extraBondsCosAngles off
Info: READ 493 EXTRA DIHEDRALS
Info: READ 438 EXTRA IMPROPERS
Info: Reading pdb file 1ake-docked-noh_autopsf.pdb
Info: TIME FOR READING PDB FILE: 0.0866213
Info: 
Info: ****************************
Info: STRUCTURE SUMMARY:
Info: 3341 ATOMS
Info: 3445 BONDS
Info: 6203 ANGLES
Info: 9414 DIHEDRALS
Info: 1005 IMPROPERS
Info: 212 CROSSTERMS
Info: 0 EXCLUSIONS
Info: 0 RIGID BONDS
Info: 1 GRIDS ACTIVE
Info: 10023 DEGREES OF FREEDOM
Info: 1656 HYDROGEN GROUPS
Info: 4 ATOMS IN LARGEST HYDROGEN GROUP
Info: 1656 MIGRATION GROUPS
Info: 4 ATOMS IN LARGEST MIGRATION GROUP
Info: TOTAL MASS = 23582 amu
Info: TOTAL CHARGE = -4 e
Info: *****************************
Info: Reading from binary file 1_1_adk-step1.restart.coor
Info: 
Info: Entering startup at 2.53285 s, 798.5 MB of memory in use
Info: Startup phase 0 took 0.000207259 s, 798.5 MB of memory in use
Info: ADDED 18308 IMPLICIT EXCLUSIONS
Info: Startup phase 1 took 0.0082551 s, 798.75 MB of memory in use
Info: NONBONDED TABLE R-SQUARED SPACING: 0.0625
Info: NONBONDED TABLE SIZE: 705 POINTS
Info: ABSOLUTE IMPRECISION IN FAST TABLE ENERGY: 3.38813e-21 AT 9.89634
Info: RELATIVE IMPRECISION IN FAST TABLE ENERGY: 4.23384e-15 AT 9.94673
Info: ABSOLUTE IMPRECISION IN FAST TABLE FORCE: 6.35275e-22 AT 9.94673
Info: RELATIVE IMPRECISION IN FAST TABLE FORCE: 5.07982e-16 AT 9.94673
Info: INCONSISTENCY IN FAST TABLE ENERGY VS FORCE: 0.000290185 AT 0.251946
Info: ABSOLUTE IMPRECISION IN VDWA TABLE ENERGY: 1.57772e-30 AT 9.89634
Info: RELATIVE IMPRECISION IN VDWA TABLE ENERGY: 4.54938e-15 AT 9.94673
Info: ABSOLUTE IMPRECISION IN VDWA TABLE FORCE: 5.91646e-31 AT 9.94673
Info: RELATIVE IMPRECISION IN VDWA TABLE FORCE: 5.6823e-16 AT 9.94673
Info: INCONSISTENCY IN VDWA TABLE ENERGY VS FORCE: 0.0040507 AT 0.251946
Info: ABSOLUTE IMPRECISION IN VDWB TABLE ENERGY: 4.71751e-25 AT 9.94673
Info: RELATIVE IMPRECISION IN VDWB TABLE ENERGY: 1.45371e-14 AT 9.94673
Info: ABSOLUTE IMPRECISION IN VDWB TABLE FORCE: 6.20385e-25 AT 9.94673
Info: RELATIVE IMPRECISION IN VDWB TABLE FORCE: 5.97512e-16 AT 9.94673
Info: INCONSISTENCY IN VDWB TABLE ENERGY VS FORCE: 0.00377068 AT 9.07951
Info: Startup phase 2 took 0.000472228 s, 800.125 MB of memory in use
Info: Startup phase 3 took 0.000163602 s, 800.438 MB of memory in use
Info: Startup phase 4 took 0.000270896 s, 800.625 MB of memory in use
Info: Startup phase 5 took 0.000147455 s, 800.625 MB of memory in use
Info: ORIGINAL ATOMS MINMAX IS -24.1942 -33.6436 -34.772  17.3391 10.9345 13.8275
Info: ADJUSTED ATOMS MINMAX IS -17.959 -27.1794 -29.5357  11.3012 7.15994 5.34957
Info: PATCH GRID IS 5 BY 3 BY 3
Info: PATCH GRID IS 2-AWAY BY 1-AWAY BY 1-AWAY
Info: Reading from binary file 1_1_adk-step1.restart.vel
Info: REMOVING COM VELOCITY 0.0665442 -0.127047 -0.0443786
Info: LARGEST PATCH (24) HAS 139 ATOMS
Info: TORUS A SIZE 1 USING 0
Info: TORUS B SIZE 1 USING 0
Info: TORUS C SIZE 1 USING 0
Info: TORUS MINIMAL MESH SIZE IS 1 BY 1 BY 1
Info: Placed 100% of base nodes on same physical node as patch
Info: Startup phase 6 took 0.00733643 s, 800.75 MB of memory in use
Info: Startup phase 7 took 0.000166316 s, 801.625 MB of memory in use
Info: Updated CUDA force table with 4096 elements.
Info: Updated CUDA LJ table with 53 x 53 elements.
Info: Updated CUDA force table with 4096 elements.
Info: Updated CUDA LJ table with 53 x 53 elements.
Info: Updated CUDA force table with 4096 elements.
Info: Updated CUDA LJ table with 53 x 53 elements.
Info: Updated CUDA force table with 4096 elements.
Info: Updated CUDA LJ table with 53 x 53 elements.
Info: Updated CUDA force table with 4096 elements.
Info: Updated CUDA force table with 4096 elements.
Info: Updated CUDA LJ table with 53 x 53 elements.
Info: Updated CUDA LJ table with 53 x 53 elements.
Info: Startup phase 8 took 0.00328849 s, 801.812 MB of memory in use
Info: Startup phase 9 took 0.000343192 s, 801.875 MB of memory in use
Info: Startup phase 10 took 0.00014929 s, 801.938 MB of memory in use
Info: Startup phase 11 took 0.000674016 s, 802 MB of memory in use
LDB: Central LB being created...
Info: Startup phase 12 took 0.00211274 s, 802.75 MB of memory in use
Info: CREATING 1139 COMPUTE OBJECTS
Info: Found 278 unique exclusion lists needing 900 bytes
Info: Found 278 unique exclusion lists needing 900 bytes
Info: Found 278 unique exclusion lists needing 900 bytes
Info: Found 278 unique exclusion lists needing 900 bytes
Info: Found 278 unique exclusion lists needing 900 bytes
Info: Found 278 unique exclusion lists needing 900 bytes
Info: Startup phase 13 took 0.0163629 s, 803.75 MB of memory in use
Info: Building spanning tree ... send: 1 recv: 0 with branch factor 4
Info: useSync: 0 useProxySync: 0
Info: Startup phase 14 took 0.000227161 s, 803.875 MB of memory in use
Info: Startup phase 15 took 0.000320995 s, 804.062 MB of memory in use
Info: Finished startup at 2.57335 s, 804.25 MB of memory in use

TCL: Running for 5000 steps
PRESSURE: 0 0 0 0 0 0 0 0 0 0
GPRESSURE: 0 0 0 0 0 0 0 0 0 0
ETITLE:      TS           BOND          ANGLE          DIHED          IMPRP               ELECT            VDW       BOUNDARY           MISC        KINETIC               TOTAL           TEMP      POTENTIAL         TOTAL3        TEMPAVG

ENERGY:       0      1118.1825      1711.7914      2082.6775       156.2956            -40.4127      -833.1809         0.0000      5483.7523      2957.2832          12636.3889       296.9515      9679.1057     12661.1409       296.9515

LDB: ============= START OF LOAD BALANCING ============== 2.58513
LDB: ============== END OF LOAD BALANCING =============== 2.58518
Info: useSync: 0 useProxySync: 0
LDB: =============== DONE WITH MIGRATION ================ 2.58526
LDB: ============= START OF LOAD BALANCING ============== 2.62608
LDB: Partitioning computes with target load 0.000000
LDB: Increased migratable compute count from 0 to 0
LDB: Largest unpartitionable compute is 0.000000
LDB: ============== END OF LOAD BALANCING =============== 2.62632
Info: build node-aware spanning tree with send: 1, recv: 0 with branch factor 4
Info: useSync: 0 useProxySync: 0
LDB: =============== DONE WITH MIGRATION ================ 2.62702
PRESSURE: 100 0 0 0 0 0 0 0 0 0
GPRESSURE: 100 0 0 0 0 0 0 0 0 0
PRESSAVG: 100 0 0 0 0 0 0 0 0 0
GPRESSAVG: 100 0 0 0 0 0 0 0 0 0
Info: Initial time: 42 CPUs 0.000505737 s/step 0.00585343 days/ns 819.75 MB memory
ENERGY:     100      1080.3188      1659.2646      2062.8876       158.4431            -40.7519      -825.6261         0.0000      5493.1114      2974.1291          12561.7766       298.6431      9587.6475     12588.7964       298.3469

LDB: ============= START OF LOAD BALANCING ============== 2.63645
LDB: ============== END OF LOAD BALANCING =============== 2.63647
Info: useSync: 0 useProxySync: 0
LDB: =============== DONE WITH MIGRATION ================ 2.63656
LDB: ============= START OF LOAD BALANCING ============== 2.67825
LDB: TIME 2.67841 LOAD: AVG 0.0122947 MAX 0.0299838  PROXIES: TOTAL 173 MAXPE 7 MAXPATCH 7 None MEM: 820.375 MB
LDB: TIME 2.67857 LOAD: AVG 0.0122947 MAX 0.0299838  PROXIES: TOTAL 173 MAXPE 7 MAXPATCH 7 TorusLB MEM: 820.375 MB
LDB: ============== END OF LOAD BALANCING =============== 2.67874
Info: build node-aware spanning tree with send: 1, recv: 0 with branch factor 4
Info: useSync: 0 useProxySync: 0
LDB: =============== DONE WITH MIGRATION ================ 2.6794
PRESSURE: 200 0 0 0 0 0 0 0 0 0
GPRESSURE: 200 0 0 0 0 0 0 0 0 0
PRESSAVG: 200 0 0 0 0 0 0 0 0 0
GPRESSAVG: 200 0 0 0 0 0 0 0 0 0
Info: Initial time: 42 CPUs 0.000509864 s/step 0.00590121 days/ns 820.375 MB memory
ENERGY:     200      1081.8029      1707.9430      2072.7589       150.1331            -40.5430      -825.1125         0.0000      5490.1484      2935.1624          12572.2932       294.7303      9637.1308     12597.7303       296.0920

LDB: ============= START OF LOAD BALANCING ============== 2.73308
LDB: TIME 2.73328 LOAD: AVG 0.0154027 MAX 0.0365468  PROXIES: TOTAL 173 MAXPE 7 MAXPATCH 7 None MEM: 821.25 MB
LDB: TIME 2.73342 LOAD: AVG 0.0154027 MAX 0.0365468  PROXIES: TOTAL 173 MAXPE 7 MAXPATCH 7 RefineTorusLB MEM: 821.312 MB
LDB: TIME 2.73355 LOAD: AVG 0.0154027 MAX 0.0365468  PROXIES: TOTAL 173 MAXPE 7 MAXPATCH 7 RefineTorusLB MEM: 821.312 MB
LDB: ============== END OF LOAD BALANCING =============== 2.73379
Info: build node-aware spanning tree with send: 1, recv: 0 with branch factor 4
Info: useSync: 0 useProxySync: 0
LDB: =============== DONE WITH MIGRATION ================ 2.73445
PRESSURE: 300 0 0 0 0 0 0 0 0 0
GPRESSURE: 300 0 0 0 0 0 0 0 0 0
PRESSAVG: 300 0 0 0 0 0 0 0 0 0
GPRESSAVG: 300 0 0 0 0 0 0 0 0 0
Info: Initial time: 42 CPUs 0.000534218 s/step 0.00618308 days/ns 821.312 MB memory
ENERGY:     300      1044.0571      1715.0244      2064.3694       156.8198            -41.1058      -834.6966         0.0000      5495.7042      2909.5560          12509.7285       292.1591      9600.1725     12531.3971       294.4364

LDB: ============= START OF LOAD BALANCING ============== 2.78826
LDB: TIME 2.78843 LOAD: AVG 0.0154138 MAX 0.0370558  PROXIES: TOTAL 173 MAXPE 7 MAXPATCH 7 None MEM: 822.125 MB
LDB: TIME 2.78856 LOAD: AVG 0.0154138 MAX 0.0370558  PROXIES: TOTAL 173 MAXPE 7 MAXPATCH 7 RefineTorusLB MEM: 822.125 MB
LDB: TIME 2.78867 LOAD: AVG 0.0154138 MAX 0.0370558  PROXIES: TOTAL 173 MAXPE 7 MAXPATCH 7 RefineTorusLB MEM: 822.125 MB
LDB: Reverting to original mapping
LDB: ============== END OF LOAD BALANCING =============== 2.78885
Info: build node-aware spanning tree with send: 1, recv: 0 with branch factor 4
Info: useSync: 0 useProxySync: 0
LDB: =============== DONE WITH MIGRATION ================ 2.78955
PRESSURE: 400 0 0 0 0 0 0 0 0 0
GPRESSURE: 400 0 0 0 0 0 0 0 0 0
PRESSAVG: 400 0 0 0 0 0 0 0 0 0
GPRESSAVG: 400 0 0 0 0 0 0 0 0 0
Info: Benchmark time: 42 CPUs 0.000538213 s/step 0.00622931 days/ns 822.125 MB memory
ENERGY:     400      1030.4225      1704.9573      2058.2200       143.5747            -41.4987      -812.0909         0.0000      5488.5044      2923.2140          12495.3034       293.5305      9572.0894     12525.7184       294.7628

PRESSURE: 500 0 0 0 0 0 0 0 0 0
GPRESSURE: 500 0 0 0 0 0 0 0 0 0
PRESSAVG: 500 0 0 0 0 0 0 0 0 0
GPRESSAVG: 500 0 0 0 0 0 0 0 0 0
Info: Benchmark time: 42 CPUs 0.000526814 s/step 0.00609738 days/ns 823 MB memory
ENERGY:     500      1049.9187      1700.7963      2095.0000       138.1420            -43.6129      -841.1634         0.0000      5492.9142      2940.6845          12532.6794       295.2848      9591.9949     12555.7676       295.0040

PRESSURE: 600 0 0 0 0 0 0 0 0 0
GPRESSURE: 600 0 0 0 0 0 0 0 0 0
PRESSAVG: 600 0 0 0 0 0 0 0 0 0
GPRESSAVG: 600 0 0 0 0 0 0 0 0 0
Info: Benchmark time: 42 CPUs 0.000540686 s/step 0.00625795 days/ns 823 MB memory
ENERGY:     600      1080.3908      1690.5293      2090.0161       151.9318            -42.8229      -810.7921         0.0000      5486.8814      2895.3992          12541.5337       290.7375      9646.1344     12561.7843       293.2418

PRESSURE: 700 0 0 0 0 0 0 0 0 0
GPRESSURE: 700 0 0 0 0 0 0 0 0 0
PRESSAVG: 700 0 0 0 0 0 0 0 0 0
GPRESSAVG: 700 0 0 0 0 0 0 0 0 0
Info: Benchmark time: 42 CPUs 0.000541958 s/step 0.00627267 days/ns 823 MB memory
ENERGY:     700      1104.2990      1689.7482      2060.4265       148.0521            -43.2248      -855.4778         0.0000      5484.7085      2908.9827          12497.5144       292.1015      9588.5317     12519.6881       294.5671

PRESSURE: 800 0 0 0 0 0 0 0 0 0
GPRESSURE: 800 0 0 0 0 0 0 0 0 0
PRESSAVG: 800 0 0 0 0 0 0 0 0 0
GPRESSAVG: 800 0 0 0 0 0 0 0 0 0
Info: Benchmark time: 42 CPUs 0.000540033 s/step 0.00625039 days/ns 823 MB memory
ENERGY:     800      1119.9221      1640.9684      2069.8075       140.4584            -42.2120      -793.9763         0.0000      5483.5632      2895.6956          12514.2269       290.7673      9618.5313     12536.8533       292.0058

PRESSURE: 900 0 0 0 0 0 0 0 0 0
GPRESSURE: 900 0 0 0 0 0 0 0 0 0
PRESSAVG: 900 0 0 0 0 0 0 0 0 0
GPRESSAVG: 900 0 0 0 0 0 0 0 0 0
Info: Benchmark time: 42 CPUs 0.000543415 s/step 0.00628952 days/ns 823 MB memory
ENERGY:     900      1093.6793      1694.0959      2054.5081       145.5962            -42.0099      -855.7609         0.0000      5489.8704      2925.5792          12505.5582       293.7680      9579.9790     12529.0067       294.0315

OPENING COORDINATE DCD FILE
WRITING COORDINATES TO DCD FILE adk-step1.dcd AT STEP 1000
WRITING COORDINATES TO RESTART FILE AT STEP 1000
FINISHED WRITING RESTART COORDINATES
The last position output (seq=1000) takes 0.006 seconds, 823.000 MB of memory in use
PRESSURE: 1000 0 0 0 0 0 0 0 0 0
GPRESSURE: 1000 0 0 0 0 0 0 0 0 0
PRESSAVG: 1000 0 0 0 0 0 0 0 0 0
GPRESSAVG: 1000 0 0 0 0 0 0 0 0 0
TIMING: 1000  CPU: 0.562397, 0.000545238/step  Wall: 0.567466, 0.000547378/step, 0.000608198 hours remaining, 823.125000 MB of memory in use.
ETITLE:      TS           BOND          ANGLE          DIHED          IMPRP               ELECT            VDW       BOUNDARY           MISC        KINETIC               TOTAL           TEMP      POTENTIAL         TOTAL3        TEMPAVG

ENERGY:    1000      1077.5089      1649.3685      2074.6563       147.9865            -41.8006      -827.6430         0.0000      5482.3774      3003.3287          12565.7828       301.5751      9562.4540     12594.4299       293.8963

WRITING EXTENDED SYSTEM TO RESTART FILE AT STEP 1000
WRITING VELOCITIES TO RESTART FILE AT STEP 1000
FINISHED WRITING RESTART VELOCITIES
The last velocity output (seq=1000) takes 0.002 seconds, 823.125 MB of memory in use
PRESSURE: 1100 0 0 0 0 0 0 0 0 0
GPRESSURE: 1100 0 0 0 0 0 0 0 0 0
PRESSAVG: 1100 0 0 0 0 0 0 0 0 0
GPRESSAVG: 1100 0 0 0 0 0 0 0 0 0
ENERGY:    1100      1084.6997      1672.6714      2089.2509       150.4577            -41.5526      -821.2891         0.0000      5476.6788      2975.1773          12586.0942       298.7483      9610.9170     12609.3398       297.8881

PRESSURE: 1200 0 0 0 0 0 0 0 0 0
GPRESSURE: 1200 0 0 0 0 0 0 0 0 0
PRESSAVG: 1200 0 0 0 0 0 0 0 0 0
GPRESSAVG: 1200 0 0 0 0 0 0 0 0 0
ENERGY:    1200      1104.2062      1706.0096      2067.3951       135.7331            -41.7214      -803.2054         0.0000      5465.9379      2940.8826          12575.2379       295.3047      9634.3553     12596.2055       297.7753

PRESSURE: 1300 0 0 0 0 0 0 0 0 0
GPRESSURE: 1300 0 0 0 0 0 0 0 0 0
PRESSAVG: 1300 0 0 0 0 0 0 0 0 0
GPRESSAVG: 1300 0 0 0 0 0 0 0 0 0
ENERGY:    1300      1108.6268      1691.4550      2070.6541       147.3802            -42.6028      -833.0267         0.0000      5463.9107      2932.3851          12538.7823       294.4514      9606.3973     12567.5798       297.5977

PRESSURE: 1400 0 0 0 0 0 0 0 0 0
GPRESSURE: 1400 0 0 0 0 0 0 0 0 0
PRESSAVG: 1400 0 0 0 0 0 0 0 0 0
GPRESSAVG: 1400 0 0 0 0 0 0 0 0 0
ENERGY:    1400      1080.1364      1693.6070      2058.3968       130.4780            -41.5770      -788.8763         0.0000      5458.6132      2947.0268          12537.8049       295.9216      9590.7781     12561.9832       296.8053

PRESSURE: 1500 0 0 0 0 0 0 0 0 0
GPRESSURE: 1500 0 0 0 0 0 0 0 0 0
PRESSAVG: 1500 0 0 0 0 0 0 0 0 0
GPRESSAVG: 1500 0 0 0 0 0 0 0 0 0
ENERGY:    1500      1084.8196      1699.2411      2064.0216       133.1858            -41.7489      -818.4795         0.0000      5462.2558      3010.3475          12593.6430       302.2799      9583.2954     12619.4797       296.9312

PRESSURE: 1600 0 0 0 0 0 0 0 0 0
GPRESSURE: 1600 0 0 0 0 0 0 0 0 0
PRESSAVG: 1600 0 0 0 0 0 0 0 0 0
GPRESSAVG: 1600 0 0 0 0 0 0 0 0 0
ENERGY:    1600      1095.8096      1681.2441      2051.5498       141.8381            -42.1401      -796.9348         0.0000      5462.1353      2977.4271          12570.9291       298.9742      9593.5020     12595.4363       297.3151

PRESSURE: 1700 0 0 0 0 0 0 0 0 0
GPRESSURE: 1700 0 0 0 0 0 0 0 0 0
PRESSAVG: 1700 0 0 0 0 0 0 0 0 0
GPRESSAVG: 1700 0 0 0 0 0 0 0 0 0
ENERGY:    1700      1143.0489      1724.8168      2079.1952       146.8280            -42.0322      -849.4113         0.0000      5459.3569      2903.8126          12565.6150       291.5824      9661.8024     12591.1590       296.8414

PRESSURE: 1800 0 0 0 0 0 0 0 0 0
GPRESSURE: 1800 0 0 0 0 0 0 0 0 0
PRESSAVG: 1800 0 0 0 0 0 0 0 0 0
GPRESSAVG: 1800 0 0 0 0 0 0 0 0 0
ENERGY:    1800      1088.2561      1691.0464      2108.7130       145.5977            -42.3444      -803.3995         0.0000      5452.9234      2905.6727          12546.4656       291.7691      9640.7928     12569.6461       297.3555

PRESSURE: 1900 0 0 0 0 0 0 0 0 0
GPRESSURE: 1900 0 0 0 0 0 0 0 0 0
PRESSAVG: 1900 0 0 0 0 0 0 0 0 0
GPRESSAVG: 1900 0 0 0 0 0 0 0 0 0
ENERGY:    1900      1127.0007      1683.3137      2084.2277       145.9495            -42.1948      -803.7877         0.0000      5459.9849      2941.8323          12596.3263       295.4001      9654.4940     12616.6084       298.5305

WRITING COORDINATES TO DCD FILE adk-step1.dcd AT STEP 2000
WRITING COORDINATES TO RESTART FILE AT STEP 2000
FINISHED WRITING RESTART COORDINATES
The last position output (seq=2000) takes 0.003 seconds, 823.125 MB of memory in use
PRESSURE: 2000 0 0 0 0 0 0 0 0 0
GPRESSURE: 2000 0 0 0 0 0 0 0 0 0
PRESSAVG: 2000 0 0 0 0 0 0 0 0 0
GPRESSAVG: 2000 0 0 0 0 0 0 0 0 0
TIMING: 2000  CPU: 1.08476, 0.00052236/step  Wall: 1.09323, 0.000525762/step, 0.000438135 hours remaining, 823.187500 MB of memory in use.
ETITLE:      TS           BOND          ANGLE          DIHED          IMPRP               ELECT            VDW       BOUNDARY           MISC        KINETIC               TOTAL           TEMP      POTENTIAL         TOTAL3        TEMPAVG

ENERGY:    2000      1106.4132      1669.9452      2109.1483       157.3590            -40.3331      -828.4960         0.0000      5473.7532      2958.1717          12605.9616       297.0407      9647.7899     12627.7520       299.0956

WRITING EXTENDED SYSTEM TO RESTART FILE AT STEP 2000
WRITING VELOCITIES TO RESTART FILE AT STEP 2000
FINISHED WRITING RESTART VELOCITIES
The last velocity output (seq=2000) takes 0.002 seconds, 823.188 MB of memory in use
PRESSURE: 2100 0 0 0 0 0 0 0 0 0
GPRESSURE: 2100 0 0 0 0 0 0 0 0 0
PRESSAVG: 2100 0 0 0 0 0 0 0 0 0
GPRESSAVG: 2100 0 0 0 0 0 0 0 0 0
ENERGY:    2100      1092.3580      1705.7155      2107.9330       139.5829            -39.5983      -821.0516         0.0000      5472.0825      2949.4620          12606.4841       296.1662      9657.0221     12625.7930       299.4014

PRESSURE: 2200 0 0 0 0 0 0 0 0 0
GPRESSURE: 2200 0 0 0 0 0 0 0 0 0
PRESSAVG: 2200 0 0 0 0 0 0 0 0 0
GPRESSAVG: 2200 0 0 0 0 0 0 0 0 0
ENERGY:    2200      1152.3719      1654.9362      2095.8134       155.0013            -39.8654      -813.0642         0.0000      5465.2709      2903.6765          12574.1407       291.5687      9670.4641     12595.7225       297.8618

PRESSURE: 2300 0 0 0 0 0 0 0 0 0
GPRESSURE: 2300 0 0 0 0 0 0 0 0 0
PRESSAVG: 2300 0 0 0 0 0 0 0 0 0
GPRESSAVG: 2300 0 0 0 0 0 0 0 0 0
ENERGY:    2300      1099.4728      1717.6400      2075.6630       141.2866            -40.6386      -827.3813         0.0000      5464.5198      2895.0348          12525.5972       290.7009      9630.5624     12546.6568       296.0064

PRESSURE: 2400 0 0 0 0 0 0 0 0 0
GPRESSURE: 2400 0 0 0 0 0 0 0 0 0
PRESSAVG: 2400 0 0 0 0 0 0 0 0 0
GPRESSAVG: 2400 0 0 0 0 0 0 0 0 0
ENERGY:    2400      1095.6371      1634.2386      2084.1238       136.7646            -39.8416      -798.9916         0.0000      5460.0869      3064.8738          12636.8916       307.7551      9572.0178     12660.4910       298.3099

PRESSURE: 2500 0 0 0 0 0 0 0 0 0
GPRESSURE: 2500 0 0 0 0 0 0 0 0 0
PRESSAVG: 2500 0 0 0 0 0 0 0 0 0
GPRESSAVG: 2500 0 0 0 0 0 0 0 0 0
ENERGY:    2500      1158.5613      1657.9976      2084.9048       148.1566            -40.9649      -804.8111         0.0000      5464.2869      3038.8876          12707.0188       305.1457      9668.1313     12729.0306       302.3955

PRESSURE: 2600 0 0 0 0 0 0 0 0 0
GPRESSURE: 2600 0 0 0 0 0 0 0 0 0
PRESSAVG: 2600 0 0 0 0 0 0 0 0 0
GPRESSAVG: 2600 0 0 0 0 0 0 0 0 0
ENERGY:    2600      1120.1808      1730.8720      2098.1460       153.5410            -40.6191      -821.9634         0.0000      5465.6708      3014.7823          12720.6103       302.7252      9705.8280     12745.4839       304.5362

PRESSURE: 2700 0 0 0 0 0 0 0 0 0
GPRESSURE: 2700 0 0 0 0 0 0 0 0 0
PRESSAVG: 2700 0 0 0 0 0 0 0 0 0
GPRESSAVG: 2700 0 0 0 0 0 0 0 0 0
ENERGY:    2700      1136.2234      1746.8687      2072.5017       145.9283            -40.5067      -829.8367         0.0000      5464.3725      3029.0005          12724.5517       304.1529      9695.5512     12749.7496       306.6953

PRESSURE: 2800 0 0 0 0 0 0 0 0 0
GPRESSURE: 2800 0 0 0 0 0 0 0 0 0
PRESSAVG: 2800 0 0 0 0 0 0 0 0 0
GPRESSAVG: 2800 0 0 0 0 0 0 0 0 0
ENERGY:    2800      1133.7366      1694.3679      2091.9222       138.6212            -39.9496      -810.3134         0.0000      5453.4555      2999.8146          12661.6550       301.2223      9661.8404     12689.1377       303.8654

PRESSURE: 2900 0 0 0 0 0 0 0 0 0
GPRESSURE: 2900 0 0 0 0 0 0 0 0 0
PRESSAVG: 2900 0 0 0 0 0 0 0 0 0
GPRESSAVG: 2900 0 0 0 0 0 0 0 0 0
ENERGY:    2900      1133.1937      1693.5402      2073.2180       136.7044            -40.9615      -802.0665         0.0000      5440.0643      3074.3556          12708.0483       308.7072      9633.6927     12730.9903       305.1335

WRITING COORDINATES TO DCD FILE adk-step1.dcd AT STEP 3000
WRITING COORDINATES TO RESTART FILE AT STEP 3000
FINISHED WRITING RESTART COORDINATES
The last position output (seq=3000) takes 0.003 seconds, 823.188 MB of memory in use
PRESSURE: 3000 0 0 0 0 0 0 0 0 0
GPRESSURE: 3000 0 0 0 0 0 0 0 0 0
PRESSAVG: 3000 0 0 0 0 0 0 0 0 0
GPRESSAVG: 3000 0 0 0 0 0 0 0 0 0
TIMING: 3000  CPU: 1.60229, 0.000517537/step  Wall: 1.6152, 0.000521969/step, 0.000289983 hours remaining, 823.187500 MB of memory in use.
ETITLE:      TS           BOND          ANGLE          DIHED          IMPRP               ELECT            VDW       BOUNDARY           MISC        KINETIC               TOTAL           TEMP      POTENTIAL         TOTAL3        TEMPAVG

ENERGY:    3000      1108.9858      1704.6197      2080.7110       154.8567            -41.9861      -839.9941         0.0000      5433.4940      3034.8923          12635.5795       304.7445      9600.6871     12660.9229       304.4971

WRITING EXTENDED SYSTEM TO RESTART FILE AT STEP 3000
WRITING VELOCITIES TO RESTART FILE AT STEP 3000
FINISHED WRITING RESTART VELOCITIES
The last velocity output (seq=3000) takes 0.002 seconds, 823.188 MB of memory in use
PRESSURE: 3100 0 0 0 0 0 0 0 0 0
GPRESSURE: 3100 0 0 0 0 0 0 0 0 0
PRESSAVG: 3100 0 0 0 0 0 0 0 0 0
GPRESSAVG: 3100 0 0 0 0 0 0 0 0 0
ENERGY:    3100      1131.1378      1663.3713      2067.2088       145.5153            -42.3032      -825.2055         0.0000      5445.3246      3015.3976          12600.4467       302.7870      9585.0491     12629.4651       300.5889

PRESSURE: 3200 0 0 0 0 0 0 0 0 0
GPRESSURE: 3200 0 0 0 0 0 0 0 0 0
PRESSAVG: 3200 0 0 0 0 0 0 0 0 0
GPRESSAVG: 3200 0 0 0 0 0 0 0 0 0
ENERGY:    3200      1053.3454      1745.0921      2062.0427       141.8498            -41.3466      -849.8152         0.0000      5443.8206      2985.4092          12540.3979       299.7758      9554.9888     12566.7984       298.3329

PRESSURE: 3300 0 0 0 0 0 0 0 0 0
GPRESSURE: 3300 0 0 0 0 0 0 0 0 0
PRESSAVG: 3300 0 0 0 0 0 0 0 0 0
GPRESSAVG: 3300 0 0 0 0 0 0 0 0 0
ENERGY:    3300      1133.7191      1685.8559      2092.4212       147.9930            -40.8242      -806.2520         0.0000      5453.7281      2952.6399          12619.2810       296.4853      9666.6411     12641.8345       299.8828

PRESSURE: 3400 0 0 0 0 0 0 0 0 0
GPRESSURE: 3400 0 0 0 0 0 0 0 0 0
PRESSAVG: 3400 0 0 0 0 0 0 0 0 0
GPRESSAVG: 3400 0 0 0 0 0 0 0 0 0
ENERGY:    3400      1084.4403      1663.9466      2079.6741       143.3540            -41.5042      -796.8328         0.0000      5434.6559      3031.9632          12599.6969       304.4504      9567.7337     12624.6676       300.0376

PRESSURE: 3500 0 0 0 0 0 0 0 0 0
GPRESSURE: 3500 0 0 0 0 0 0 0 0 0
PRESSAVG: 3500 0 0 0 0 0 0 0 0 0
GPRESSAVG: 3500 0 0 0 0 0 0 0 0 0
ENERGY:    3500      1114.8354      1654.0451      2079.2245       142.2354            -40.1679      -794.1329         0.0000      5437.4620      3028.2778          12621.7794       304.0804      9593.5016     12646.8975       301.2128

PRESSURE: 3600 0 0 0 0 0 0 0 0 0
GPRESSURE: 3600 0 0 0 0 0 0 0 0 0
PRESSAVG: 3600 0 0 0 0 0 0 0 0 0
GPRESSAVG: 3600 0 0 0 0 0 0 0 0 0
ENERGY:    3600      1089.2906      1691.4743      2070.7109       150.8636            -39.5219      -809.0944         0.0000      5444.2883      2970.0369          12568.0484       298.2322      9598.0115     12594.0197       299.0115

PRESSURE: 3700 0 0 0 0 0 0 0 0 0
GPRESSURE: 3700 0 0 0 0 0 0 0 0 0
PRESSAVG: 3700 0 0 0 0 0 0 0 0 0
GPRESSAVG: 3700 0 0 0 0 0 0 0 0 0
ENERGY:    3700      1129.0262      1695.9111      2087.3534       141.9050            -39.6086      -834.1950         0.0000      5440.4187      2970.8555          12591.6664       298.3144      9620.8109     12616.3473       299.7164

PRESSURE: 3800 0 0 0 0 0 0 0 0 0
GPRESSURE: 3800 0 0 0 0 0 0 0 0 0
PRESSAVG: 3800 0 0 0 0 0 0 0 0 0
GPRESSAVG: 3800 0 0 0 0 0 0 0 0 0
ENERGY:    3800      1106.1537      1714.7968      2084.9522       139.3123            -41.6466      -817.3438         0.0000      5438.7294      2942.5617          12567.5157       295.4733      9624.9540     12591.4855       298.4048

PRESSURE: 3900 0 0 0 0 0 0 0 0 0
GPRESSURE: 3900 0 0 0 0 0 0 0 0 0
PRESSAVG: 3900 0 0 0 0 0 0 0 0 0
GPRESSAVG: 3900 0 0 0 0 0 0 0 0 0
ENERGY:    3900      1117.0829      1646.7009      2077.1996       145.5340            -41.6612      -784.6091         0.0000      5434.4923      2960.0528          12554.7923       297.2296      9594.7395     12575.6263       295.5257

PRESSURE: 4000 0 0 0 0 0 0 0 0 0
GPRESSURE: 4000 0 0 0 0 0 0 0 0 0
PRESSAVG: 4000 0 0 0 0 0 0 0 0 0
GPRESSAVG: 4000 0 0 0 0 0 0 0 0 0
TIMING: 4000  CPU: 2.10865, 0.00050636/step  Wall: 2.13008, 0.000514882/step, 0.000143023 hours remaining, 823.187500 MB of memory in use.
ETITLE:      TS           BOND          ANGLE          DIHED          IMPRP               ELECT            VDW       BOUNDARY           MISC        KINETIC               TOTAL           TEMP      POTENTIAL         TOTAL3        TEMPAVG

ENERGY:    4000      1118.7917      1658.7024      2064.5536       141.7140            -41.1646      -860.3080         0.0000      5439.9782      2988.6485          12510.9159       300.1010      9522.2674     12534.6222       297.8123

WRITING EXTENDED SYSTEM TO RESTART FILE AT STEP 4000
WRITING VELOCITIES TO RESTART FILE AT STEP 4000
FINISHED WRITING RESTART VELOCITIES
The last velocity output (seq=4000) takes 0.002 seconds, 823.188 MB of memory in use
WRITING COORDINATES TO DCD FILE adk-step1.dcd AT STEP 4000
WRITING COORDINATES TO RESTART FILE AT STEP 4000
FINISHED WRITING RESTART COORDINATES
The last position output (seq=4000) takes 0.002 seconds, 823.188 MB of memory in use
PRESSURE: 4100 0 0 0 0 0 0 0 0 0
GPRESSURE: 4100 0 0 0 0 0 0 0 0 0
PRESSAVG: 4100 0 0 0 0 0 0 0 0 0
GPRESSAVG: 4100 0 0 0 0 0 0 0 0 0
ENERGY:    4100      1130.2281      1660.3136      2066.8567       143.4644            -40.0954      -831.4561         0.0000      5441.9756      2958.5203          12529.8072       297.0758      9571.2869     12552.9268       298.4717

PRESSURE: 4200 0 0 0 0 0 0 0 0 0
GPRESSURE: 4200 0 0 0 0 0 0 0 0 0
PRESSAVG: 4200 0 0 0 0 0 0 0 0 0
GPRESSAVG: 4200 0 0 0 0 0 0 0 0 0
ENERGY:    4200      1121.6320      1713.3957      2047.3596       147.0932            -41.2613      -859.4450         0.0000      5443.7178      2974.4201          12546.9121       298.6723      9572.4919     12575.4662       297.1082

LDB: ============= START OF LOAD BALANCING ============== 4.82971
LDB: ============== END OF LOAD BALANCING =============== 4.82977
Info: useSync: 0 useProxySync: 0
LDB: =============== DONE WITH MIGRATION ================ 4.82986
PRESSURE: 4300 0 0 0 0 0 0 0 0 0
GPRESSURE: 4300 0 0 0 0 0 0 0 0 0
PRESSAVG: 4300 0 0 0 0 0 0 0 0 0
GPRESSAVG: 4300 0 0 0 0 0 0 0 0 0
ENERGY:    4300      1100.9508      1721.1106      2033.9566       149.6074            -40.9447      -810.9006         0.0000      5438.1246      2944.2529          12536.1576       295.6431      9591.9047     12560.4927       296.9844

LDB: ============= START OF LOAD BALANCING ============== 4.87992
LDB: TIME 4.88015 LOAD: AVG 0.0142474 MAX 0.0328043  PROXIES: TOTAL 173 MAXPE 7 MAXPATCH 7 None MEM: 823.188 MB
LDB: TIME 4.88032 LOAD: AVG 0.0142474 MAX 0.0328043  PROXIES: TOTAL 173 MAXPE 7 MAXPATCH 7 RefineTorusLB MEM: 823.25 MB
LDB: TIME 4.88043 LOAD: AVG 0.0142474 MAX 0.0328043  PROXIES: TOTAL 173 MAXPE 7 MAXPATCH 7 RefineTorusLB MEM: 823.25 MB
LDB: ============== END OF LOAD BALANCING =============== 4.88061
Info: build node-aware spanning tree with send: 1, recv: 0 with branch factor 4
Info: useSync: 0 useProxySync: 0
LDB: =============== DONE WITH MIGRATION ================ 4.88121
PRESSURE: 4400 0 0 0 0 0 0 0 0 0
GPRESSURE: 4400 0 0 0 0 0 0 0 0 0
PRESSAVG: 4400 0 0 0 0 0 0 0 0 0
GPRESSAVG: 4400 0 0 0 0 0 0 0 0 0
ENERGY:    4400      1117.0852      1730.1591      2068.1644       150.3600            -40.6145      -820.5916         0.0000      5431.7931      2897.0407          12533.3964       290.9024      9636.3557     12556.4806       296.7754

PRESSURE: 4500 0 0 0 0 0 0 0 0 0
GPRESSURE: 4500 0 0 0 0 0 0 0 0 0
PRESSAVG: 4500 0 0 0 0 0 0 0 0 0
GPRESSAVG: 4500 0 0 0 0 0 0 0 0 0
ENERGY:    4500      1091.1767      1674.5451      2069.8856       153.5081            -40.2968      -868.4613         0.0000      5436.8725      2973.1733          12490.4033       298.5471      9517.2300     12518.2935       296.7769

PRESSURE: 4600 0 0 0 0 0 0 0 0 0
GPRESSURE: 4600 0 0 0 0 0 0 0 0 0
PRESSAVG: 4600 0 0 0 0 0 0 0 0 0
GPRESSAVG: 4600 0 0 0 0 0 0 0 0 0
ENERGY:    4600      1067.3965      1721.1632      2064.6958       144.4814            -42.0924      -829.5002         0.0000      5427.1197      3006.3155          12559.5795       301.8750      9553.2640     12584.1812       296.6585

PRESSURE: 4700 0 0 0 0 0 0 0 0 0
GPRESSURE: 4700 0 0 0 0 0 0 0 0 0
PRESSAVG: 4700 0 0 0 0 0 0 0 0 0
GPRESSAVG: 4700 0 0 0 0 0 0 0 0 0
ENERGY:    4700      1091.7818      1708.6687      2113.6290       151.7478            -40.9066      -815.0057         0.0000      5428.2364      2929.3606          12567.5121       294.1477      9638.1515     12589.0215       299.5161

PRESSURE: 4800 0 0 0 0 0 0 0 0 0
GPRESSURE: 4800 0 0 0 0 0 0 0 0 0
PRESSAVG: 4800 0 0 0 0 0 0 0 0 0
GPRESSAVG: 4800 0 0 0 0 0 0 0 0 0
ENERGY:    4800      1096.6923      1707.2595      2082.1178       156.3823            -41.1788      -815.5722         0.0000      5439.7460      2985.0763          12610.5232       299.7423      9625.4469     12636.8730       297.9135

PRESSURE: 4900 0 0 0 0 0 0 0 0 0
GPRESSURE: 4900 0 0 0 0 0 0 0 0 0
PRESSAVG: 4900 0 0 0 0 0 0 0 0 0
GPRESSAVG: 4900 0 0 0 0 0 0 0 0 0
ENERGY:    4900      1121.8650      1660.5600      2084.8437       152.4414            -41.0727      -827.0657         0.0000      5430.4784      3010.3589          12592.4090       302.2811      9582.0501     12615.5857       301.2483

PRESSURE: 5000 0 0 0 0 0 0 0 0 0
GPRESSURE: 5000 0 0 0 0 0 0 0 0 0
PRESSAVG: 5000 0 0 0 0 0 0 0 0 0
GPRESSAVG: 5000 0 0 0 0 0 0 0 0 0
TIMING: 5000  CPU: 2.59761, 0.000488952/step  Wall: 2.61657, 0.000486488/step, 0 hours remaining, 823.250000 MB of memory in use.
ETITLE:      TS           BOND          ANGLE          DIHED          IMPRP               ELECT            VDW       BOUNDARY           MISC        KINETIC               TOTAL           TEMP      POTENTIAL         TOTAL3        TEMPAVG

ENERGY:    5000      1100.5213      1723.7682      2047.0542       143.7966            -40.5207      -812.6999         0.0000      5429.2062      2960.3724          12551.4984       297.2617      9591.1260     12578.1922       298.3726

WRITING EXTENDED SYSTEM TO RESTART FILE AT STEP 5000
WRITING COORDINATES TO DCD FILE adk-step1.dcd AT STEP 5000
WRITING COORDINATES TO RESTART FILE AT STEP 5000
FINISHED WRITING RESTART COORDINATES
The last position output (seq=5000) takes 0.002 seconds, 823.875 MB of memory in use
WRITING VELOCITIES TO RESTART FILE AT STEP 5000
FINISHED WRITING RESTART VELOCITIES
The last velocity output (seq=5000) takes 0.002 seconds, 823.875 MB of memory in use
WRITING EXTENDED SYSTEM TO OUTPUT FILE AT STEP 5000
WRITING COORDINATES TO OUTPUT FILE AT STEP 5000
CLOSING COORDINATE DCD FILE adk-step1.dcd
The last position output (seq=-2) takes 0.006 seconds, 823.875 MB of memory in use
WRITING VELOCITIES TO OUTPUT FILE AT STEP 5000
====================================================

WallClock: 5.184897  CPUTime: 3.568766  Memory: 823.875000 MB
End of program
