5_13_cc.dat
/gpfs/alpine/bip115/scratch/hrlee/radical.pilot.sandbox/re.session.login1.hrlee.018632.0005/pilot.0000/staging_area/5_13_cc.dat
5, 13
Choosing optimized barrier algorithm name I0:HybridBinomial:SHMEM:P2P
Converse/Charm++ Commit ID: v6.10.2-0-g7bf00fa-namd-charm-6.10.2-build-2020-Aug-05-556
Warning> Randomization of virtual memory (ASLR) is turned on in the kernel, thread migration may not work! Run 'echo 0 > /proc/sys/kernel/randomize_va_space' as root to disable it, or try running with '+isomalloc_sync'.
CharmLB> Load balancer assumes all CPUs are same.
Charm++> Running on 1 hosts (1 sockets x 7 cores x 4 PUs = 28-way SMP)
Charm++> cpu topology info is gathered in 0.002 seconds.
Info: Built with CUDA version 10010
Did not find +devices i,j,k,... argument, using all
Pe 0 physical rank 0 will use CUDA device of pe 4
Pe 17 physical rank 17 will use CUDA device of pe 14
Pe 39 physical rank 39 will use CUDA device of pe 35
Pe 32 physical rank 32 will use CUDA device of pe 28
Pe 23 physical rank 23 will use CUDA device of pe 21
Pe 9 physical rank 9 will use CUDA device of pe 7
Pe 18 physical rank 18 will use CUDA device of pe 14
Pe 38 physical rank 38 will use CUDA device of pe 35
Pe 33 physical rank 33 will use CUDA device of pe 28
Pe 26 physical rank 26 will use CUDA device of pe 21
Pe 13 physical rank 13 will use CUDA device of pe 7
Pe 1 physical rank 1 will use CUDA device of pe 4
Pe 19 physical rank 19 will use CUDA device of pe 14
Pe 40 physical rank 40 will use CUDA device of pe 35
Pe 31 physical rank 31 will use CUDA device of pe 28
Pe 27 physical rank 27 will use CUDA device of pe 21
Pe 10 physical rank 10 will use CUDA device of pe 7
Pe 2 physical rank 2 will use CUDA device of pe 4
Pe 20 physical rank 20 will use CUDA device of pe 14
Pe 41 physical rank 41 will use CUDA device of pe 35
Pe 30 physical rank 30 will use CUDA device of pe 28
Pe 25 physical rank 25 will use CUDA device of pe 21
Pe 12 physical rank 12 will use CUDA device of pe 7
Pe 5 physical rank 5 will use CUDA device of pe 4
Pe 16 physical rank 16 will use CUDA device of pe 14
Pe 37 physical rank 37 will use CUDA device of pe 35
Pe 34 physical rank 34 will use CUDA device of pe 28
Pe 24 physical rank 24 will use CUDA device of pe 21
Pe 11 physical rank 11 will use CUDA device of pe 7
Pe 3 physical rank 3 will use CUDA device of pe 4
Pe 15 physical rank 15 will use CUDA device of pe 14
Pe 36 physical rank 36 will use CUDA device of pe 35
Pe 29 physical rank 29 will use CUDA device of pe 28
Pe 22 physical rank 22 will use CUDA device of pe 21
Pe 8 physical rank 8 will use CUDA device of pe 7
Pe 6 physical rank 6 will use CUDA device of pe 4
Pe 4 physical rank 4 binding to CUDA device 0 on h36n04: 'Tesla V100-SXM2-16GB'  Mem: 16128MB  Rev: 7.0  PCI: 4:4:0
Pe 14 physical rank 14 binding to CUDA device 0 on h36n04: 'Tesla V100-SXM2-16GB'  Mem: 16128MB  Rev: 7.0  PCI: 4:6:0
Pe 35 physical rank 35 binding to CUDA device 0 on h36n04: 'Tesla V100-SXM2-16GB'  Mem: 16128MB  Rev: 7.0  PCI: 35:5:0
Pe 28 physical rank 28 binding to CUDA device 0 on h36n04: 'Tesla V100-SXM2-16GB'  Mem: 16128MB  Rev: 7.0  PCI: 35:4:0
Pe 21 physical rank 21 binding to CUDA device 0 on h36n04: 'Tesla V100-SXM2-16GB'  Mem: 16128MB  Rev: 7.0  PCI: 35:3:0
Pe 7 physical rank 7 binding to CUDA device 0 on h36n04: 'Tesla V100-SXM2-16GB'  Mem: 16128MB  Rev: 7.0  PCI: 4:5:0
Info: NAMD 2.14 for Linux-POWER-pami-smp-Summit-CUDA
Info: 
Info: Please visit http://www.ks.uiuc.edu/Research/namd/
Info: for updates, documentation, and support information.
Info: 
Info: Please cite Phillips et al., J. Chem. Phys. 153:044130 (2020) doi:10.1063/5.0014475
Info: in all publications reporting results obtained with NAMD.
Info: 
Info: Based on Charm++/Converse 61002 for pami-linux-ppc64le-smp
Info: Built Wed Aug 5 14:28:51 EDT 2020 by jimp on login2
Info: 1 NAMD  2.14  Linux-POWER-pami-smp-Summit-CUDA  42    h36n04  hrlee
Info: Running on 42 processors, 6 nodes, 1 physical nodes.
Info: CPU topology information available.
Info: Charm++/Converse parallel runtime startup completed at 1.32764 s
CkLoopLib is used in SMP with simple dynamic scheduling (converse-level notification)
Info: 791.75 MB of memory in use based on /proc/self/stat
Info: Configuration file is adk-step1.namd
Info: Working in the current directory /gpfs/alpine/bip115/scratch/hrlee/radical.pilot.sandbox/re.session.login1.hrlee.018632.0005/pilot.0000/unit.000956
TCL: Suspending until startup complete.
Info: SIMULATION PARAMETERS:
Info: TIMESTEP               1
Info: NUMBER OF STEPS        0
Info: STEPS PER CYCLE        20
Info: LOAD BALANCER  Centralized
Info: LOAD BALANCING STRATEGY  New Load Balancers -- DEFAULT
Info: LDB PERIOD             4000 steps
Info: FIRST LDB TIMESTEP     100
Info: LAST LDB TIMESTEP     -1
Info: LDB BACKGROUND SCALING 1
Info: HOM BACKGROUND SCALING 1
Info: MIN ATOMS PER PATCH    40
Info: VELOCITY FILE          5_13_adk-step1.restart.vel
Info: CENTER OF MASS MOVING INITIALLY? NO
Info: DIELECTRIC             80
Info: EXCLUDE                SCALED ONE-FOUR
Info: 1-4 ELECTROSTATICS SCALED BY 1
Info: MODIFIED 1-4 VDW PARAMETERS WILL BE USED
Info: DCD FILENAME           adk-step1.dcd
Info: DCD FREQUENCY          1000
Info: DCD FIRST STEP         1000
Info: NO EXTENDED SYSTEM TRAJECTORY OUTPUT
Info: NO VELOCITY DCD OUTPUT
Info: NO FORCE DCD OUTPUT
Info: OUTPUT FILENAME        adk-step1
Info: BINARY OUTPUT FILES WILL BE USED
Info: RESTART FILENAME       adk-step1.restart
Info: RESTART FREQUENCY      1000
Info: BINARY RESTART FILES WILL BE USED
Info: SWITCHING ACTIVE
Info: SWITCHING ON           9
Info: SWITCHING OFF          10
Info: PAIRLIST DISTANCE      11
Info: PAIRLIST SHRINK RATE   0.01
Info: PAIRLIST GROW RATE     0.01
Info: PAIRLIST TRIGGER       0.3
Info: PAIRLISTS PER CYCLE    2
Info: PAIRLISTS ENABLED
Info: MARGIN                 0
Info: HYDROGEN GROUP CUTOFF  2.5
Info: PATCH DIMENSION        13.5
Info: ENERGY OUTPUT STEPS    100
Info: CROSSTERM ENERGY INCLUDED IN DIHEDRAL
Info: TIMING OUTPUT STEPS    1000
Info: PRESSURE OUTPUT STEPS  100
Info: GRID FORCE ACTIVE
Info:  Please include this reference in published work using
Info:  the Gridforce module of NAMD: David Wells, Volha Abramkina,
Info:  and Aleksei Aksimentiev, J. Chem. Phys. 127:125101-10 (2007).
Info: MGRIDFORCE key 0
Info:            Potfile 4ake-target_autopsf-grid.dx
Info:            Scale 0.3 0.3 0.3
Info:            File 1ake-docked-noh_autopsf-grid.pdb
Info:            Col O
Info:            ChargeCol B
Info:            VOffset 0 0 0
Info:            Continuous K1 FALSE
Info:            Continuous K2 FALSE
Info:            Continuous K3 FALSE
Info:            Volts FALSE
Info:            Gridforce-Lite FALSE
Info:            Gridforce-CheckSize TRUE
Info: LANGEVIN DYNAMICS ACTIVE
Info: LANGEVIN TEMPERATURE   300
Info: LANGEVIN USING BBK INTEGRATOR
Info: LANGEVIN DAMPING COEFFICIENT IS 5 INVERSE PS
Info: LANGEVIN DYNAMICS NOT APPLIED TO HYDROGENS
Info: USING VERLET I (r-RESPA) MTS SCHEME.
Info: C1 SPLITTING OF LONG RANGE ELECTROSTATICS
Info: PLACING ATOMS IN PATCHES BY HYDROGEN GROUPS
Info: RIGID BONDS TO HYDROGEN : WATER
Info:         ERROR TOLERANCE : 1e-08
Info:          MAX ITERATIONS : 100
Info: RIGID WATER USING SETTLE ALGORITHM
Info: NONBONDED FORCES EVALUATED EVERY 2 STEPS
Info: RANDOM NUMBER SEED     1609828429
Info: USE HYDROGEN BONDS?    NO
Info: COORDINATE PDB         1ake-docked-noh_autopsf.pdb
Info: STRUCTURE FILE         1ake-docked-noh_autopsf.psf
Info: PARAMETER file: CHARMM format! 
Info: PARAMETERS             par_all36_prot.prm
Info: USING ARITHMETIC MEAN TO COMBINE L-J SIGMA PARAMETERS
Info: BINARY COORDINATES     5_13_adk-step1.restart.coor
Info: SUMMARY OF PARAMETERS:
Info: 132 BONDS
Info: 362 ANGLES
Info: 702 DIHEDRAL
Info: 35 IMPROPER
Info: 6 CROSSTERM
Info: 53 VDW
Info: 0 VDW_PAIRS
Info: 0 NBTHOLE_PAIRS
Info: TIME FOR READING PSF FILE: 0.345958
Info: READING EXTRA BONDS FILE 1ake-extrabonds.txt
Info: READING EXTRA BONDS FILE 1ake-extrabonds-cispeptide.txt
Info: READING EXTRA BONDS FILE 1ake-extrabonds-chirality.txt
Info: READ 80 EXTRA BONDS
Info: READ 80 EXTRA ANGLES
Warning: EXTRA ANGLES ARE COSINE-BASED BY DEFAULT TO MATCH PREVIOUS VERSIONS
Warning: FOR NORMAL HARMONIC EXTRA ANGLES SET extraBondsCosAngles off
Info: READ 493 EXTRA DIHEDRALS
Info: READ 438 EXTRA IMPROPERS
Info: Reading pdb file 1ake-docked-noh_autopsf.pdb
Info: TIME FOR READING PDB FILE: 0.0585408
Info: 
Info: ****************************
Info: STRUCTURE SUMMARY:
Info: 3341 ATOMS
Info: 3445 BONDS
Info: 6203 ANGLES
Info: 9414 DIHEDRALS
Info: 1005 IMPROPERS
Info: 212 CROSSTERMS
Info: 0 EXCLUSIONS
Info: 0 RIGID BONDS
Info: 1 GRIDS ACTIVE
Info: 10023 DEGREES OF FREEDOM
Info: 1656 HYDROGEN GROUPS
Info: 4 ATOMS IN LARGEST HYDROGEN GROUP
Info: 1656 MIGRATION GROUPS
Info: 4 ATOMS IN LARGEST MIGRATION GROUP
Info: TOTAL MASS = 23582 amu
Info: TOTAL CHARGE = -4 e
Info: *****************************
Info: Reading from binary file 5_13_adk-step1.restart.coor
Info: 
Info: Entering startup at 2.07813 s, 798.5 MB of memory in use
Info: Startup phase 0 took 0.000227538 s, 798.5 MB of memory in use
Info: ADDED 18308 IMPLICIT EXCLUSIONS
Info: Startup phase 1 took 0.00820709 s, 798.75 MB of memory in use
Info: NONBONDED TABLE R-SQUARED SPACING: 0.0625
Info: NONBONDED TABLE SIZE: 705 POINTS
Info: ABSOLUTE IMPRECISION IN FAST TABLE ENERGY: 3.38813e-21 AT 9.89634
Info: RELATIVE IMPRECISION IN FAST TABLE ENERGY: 4.23384e-15 AT 9.94673
Info: ABSOLUTE IMPRECISION IN FAST TABLE FORCE: 6.35275e-22 AT 9.94673
Info: RELATIVE IMPRECISION IN FAST TABLE FORCE: 5.07982e-16 AT 9.94673
Info: INCONSISTENCY IN FAST TABLE ENERGY VS FORCE: 0.000290185 AT 0.251946
Info: ABSOLUTE IMPRECISION IN VDWA TABLE ENERGY: 1.57772e-30 AT 9.89634
Info: RELATIVE IMPRECISION IN VDWA TABLE ENERGY: 4.54938e-15 AT 9.94673
Info: ABSOLUTE IMPRECISION IN VDWA TABLE FORCE: 5.91646e-31 AT 9.94673
Info: RELATIVE IMPRECISION IN VDWA TABLE FORCE: 5.6823e-16 AT 9.94673
Info: INCONSISTENCY IN VDWA TABLE ENERGY VS FORCE: 0.0040507 AT 0.251946
Info: ABSOLUTE IMPRECISION IN VDWB TABLE ENERGY: 4.71751e-25 AT 9.94673
Info: RELATIVE IMPRECISION IN VDWB TABLE ENERGY: 1.45371e-14 AT 9.94673
Info: ABSOLUTE IMPRECISION IN VDWB TABLE FORCE: 6.20385e-25 AT 9.94673
Info: RELATIVE IMPRECISION IN VDWB TABLE FORCE: 5.97512e-16 AT 9.94673
Info: INCONSISTENCY IN VDWB TABLE ENERGY VS FORCE: 0.00377068 AT 9.07951
Info: Startup phase 2 took 0.000760007 s, 800.125 MB of memory in use
Info: Startup phase 3 took 0.000210696 s, 800.438 MB of memory in use
Info: Startup phase 4 took 0.000244106 s, 800.625 MB of memory in use
Info: Startup phase 5 took 0.000195817 s, 800.625 MB of memory in use
Info: ORIGINAL ATOMS MINMAX IS -22.8316 -33.1023 -34.4378  17.3495 14.4801 17.4546
Info: ADJUSTED ATOMS MINMAX IS -17.649 -27.1461 -30.0934  11.7512 7.39488 7.71044
Info: PATCH GRID IS 5 BY 3 BY 3
Info: PATCH GRID IS 2-AWAY BY 1-AWAY BY 1-AWAY
Info: Reading from binary file 5_13_adk-step1.restart.vel
Info: REMOVING COM VELOCITY -0.125305 0.0316889 -0.0127663
Info: LARGEST PATCH (37) HAS 143 ATOMS
Info: TORUS A SIZE 1 USING 0
Info: TORUS B SIZE 1 USING 0
Info: TORUS C SIZE 1 USING 0
Info: TORUS MINIMAL MESH SIZE IS 1 BY 1 BY 1
Info: Placed 100% of base nodes on same physical node as patch
Info: Startup phase 6 took 0.00831104 s, 800.75 MB of memory in use
Info: Startup phase 7 took 0.000201342 s, 801.625 MB of memory in use
Info: Updated CUDA force table with 4096 elements.
Info: Updated CUDA force table with 4096 elements.
Info: Updated CUDA LJ table with 53 x 53 elements.
Info: Updated CUDA LJ table with 53 x 53 elements.
Info: Updated CUDA force table with 4096 elements.
Info: Updated CUDA force table with 4096 elements.
Info: Updated CUDA LJ table with 53 x 53 elements.
Info: Updated CUDA LJ table with 53 x 53 elements.
Info: Updated CUDA force table with 4096 elements.
Info: Updated CUDA LJ table with 53 x 53 elements.
Info: Updated CUDA force table with 4096 elements.
Info: Updated CUDA LJ table with 53 x 53 elements.
Info: Startup phase 8 took 0.00340731 s, 801.812 MB of memory in use
Info: Startup phase 9 took 0.000349326 s, 801.875 MB of memory in use
Info: Startup phase 10 took 0.00016534 s, 801.938 MB of memory in use
Info: Startup phase 11 took 0.000708787 s, 802 MB of memory in use
LDB: Central LB being created...
Info: Startup phase 12 took 0.00211563 s, 802.75 MB of memory in use
Info: CREATING 1139 COMPUTE OBJECTS
Info: Found 278 unique exclusion lists needing 900 bytes
Info: Found 278 unique exclusion lists needing 900 bytes
Info: Found 278 unique exclusion lists needing 900 bytes
Info: Found 278 unique exclusion lists needing 900 bytes
Info: Found 278 unique exclusion lists needing 900 bytes
Info: Found 278 unique exclusion lists needing 900 bytes
Info: Startup phase 13 took 0.016351 s, 803.688 MB of memory in use
Info: Building spanning tree ... send: 1 recv: 0 with branch factor 4
Info: useSync: 0 useProxySync: 0
Info: Startup phase 14 took 0.000231767 s, 803.875 MB of memory in use
Info: Startup phase 15 took 0.000254942 s, 804 MB of memory in use
Info: Finished startup at 2.12007 s, 804.125 MB of memory in use

TCL: Running for 5000 steps
PRESSURE: 0 0 0 0 0 0 0 0 0 0
GPRESSURE: 0 0 0 0 0 0 0 0 0 0
ETITLE:      TS           BOND          ANGLE          DIHED          IMPRP               ELECT            VDW       BOUNDARY           MISC        KINETIC               TOTAL           TEMP      POTENTIAL         TOTAL3        TEMPAVG

ENERGY:       0      1122.1509      1683.4833      2075.3302       157.4116            -38.1991      -758.1230         0.0000      5274.4568      2962.7115          12479.2221       297.4966      9516.5106     12503.9782       297.4966

LDB: ============= START OF LOAD BALANCING ============== 2.13304
LDB: ============== END OF LOAD BALANCING =============== 2.13309
Info: useSync: 0 useProxySync: 0
LDB: =============== DONE WITH MIGRATION ================ 2.13321
LDB: ============= START OF LOAD BALANCING ============== 2.17735
LDB: Partitioning computes with target load 0.000000
LDB: Increased migratable compute count from 0 to 0
LDB: Largest unpartitionable compute is 0.000000
LDB: ============== END OF LOAD BALANCING =============== 2.17773
Info: build node-aware spanning tree with send: 1, recv: 0 with branch factor 4
Info: useSync: 0 useProxySync: 0
LDB: =============== DONE WITH MIGRATION ================ 2.17859
PRESSURE: 100 0 0 0 0 0 0 0 0 0
GPRESSURE: 100 0 0 0 0 0 0 0 0 0
PRESSAVG: 100 0 0 0 0 0 0 0 0 0
GPRESSAVG: 100 0 0 0 0 0 0 0 0 0
Info: Initial time: 42 CPUs 0.000551907 s/step 0.00638781 days/ns 819.812 MB memory
ENERGY:     100      1101.2961      1680.3621      2074.4426       167.6255            -38.0695      -802.3115         0.0000      5274.8963      3000.7516          12458.9932       301.3163      9458.2417     12486.1046       299.2557

LDB: ============= START OF LOAD BALANCING ============== 2.18971
LDB: ============== END OF LOAD BALANCING =============== 2.18974
Info: useSync: 0 useProxySync: 0
LDB: =============== DONE WITH MIGRATION ================ 2.18985
LDB: ============= START OF LOAD BALANCING ============== 2.23377
LDB: TIME 2.23404 LOAD: AVG 0.0132126 MAX 0.0275474  PROXIES: TOTAL 176 MAXPE 7 MAXPATCH 7 None MEM: 821.062 MB
LDB: TIME 2.23425 LOAD: AVG 0.0132126 MAX 0.0275474  PROXIES: TOTAL 176 MAXPE 7 MAXPATCH 7 TorusLB MEM: 821.188 MB
LDB: Reverting to original mapping
LDB: ============== END OF LOAD BALANCING =============== 2.23452
Info: build node-aware spanning tree with send: 1, recv: 0 with branch factor 4
Info: useSync: 0 useProxySync: 0
LDB: =============== DONE WITH MIGRATION ================ 2.23529
PRESSURE: 200 0 0 0 0 0 0 0 0 0
GPRESSURE: 200 0 0 0 0 0 0 0 0 0
PRESSAVG: 200 0 0 0 0 0 0 0 0 0
GPRESSAVG: 200 0 0 0 0 0 0 0 0 0
Info: Initial time: 42 CPUs 0.000547898 s/step 0.00634141 days/ns 821.188 MB memory
ENERGY:     200      1129.7357      1743.9763      2062.2783       161.1235            -38.8966      -823.6116         0.0000      5265.2827      2919.3669          12419.2551       293.1442      9499.8882     12445.5696       300.0491

LDB: ============= START OF LOAD BALANCING ============== 2.29008
LDB: TIME 2.29033 LOAD: AVG 0.0163121 MAX 0.0341418  PROXIES: TOTAL 176 MAXPE 7 MAXPATCH 7 None MEM: 822.125 MB
LDB: TIME 2.29051 LOAD: AVG 0.0163121 MAX 0.0341418  PROXIES: TOTAL 176 MAXPE 7 MAXPATCH 7 RefineTorusLB MEM: 822.125 MB
LDB: TIME 2.29067 LOAD: AVG 0.0163121 MAX 0.0341418  PROXIES: TOTAL 176 MAXPE 7 MAXPATCH 7 RefineTorusLB MEM: 822.125 MB
LDB: ============== END OF LOAD BALANCING =============== 2.29093
Info: build node-aware spanning tree with send: 1, recv: 0 with branch factor 4
Info: useSync: 0 useProxySync: 0
LDB: =============== DONE WITH MIGRATION ================ 2.29171
PRESSURE: 300 0 0 0 0 0 0 0 0 0
GPRESSURE: 300 0 0 0 0 0 0 0 0 0
PRESSAVG: 300 0 0 0 0 0 0 0 0 0
GPRESSAVG: 300 0 0 0 0 0 0 0 0 0
Info: Initial time: 42 CPUs 0.000546586 s/step 0.00632622 days/ns 822.125 MB memory
ENERGY:     300      1069.7320      1708.6667      2080.7810       141.2180            -38.5248      -817.6082         0.0000      5271.4138      3004.1790          12419.8574       301.6605      9415.6785     12444.7043       298.3119

LDB: ============= START OF LOAD BALANCING ============== 2.34687
LDB: TIME 2.34713 LOAD: AVG 0.0163328 MAX 0.0345868  PROXIES: TOTAL 176 MAXPE 7 MAXPATCH 7 None MEM: 823 MB
LDB: TIME 2.34731 LOAD: AVG 0.0163328 MAX 0.0345868  PROXIES: TOTAL 176 MAXPE 7 MAXPATCH 7 RefineTorusLB MEM: 823 MB
LDB: TIME 2.34747 LOAD: AVG 0.0163328 MAX 0.0345868  PROXIES: TOTAL 176 MAXPE 7 MAXPATCH 7 RefineTorusLB MEM: 823 MB
LDB: Reverting to original mapping
LDB: ============== END OF LOAD BALANCING =============== 2.34774
Info: build node-aware spanning tree with send: 1, recv: 0 with branch factor 4
Info: useSync: 0 useProxySync: 0
LDB: =============== DONE WITH MIGRATION ================ 2.3485
PRESSURE: 400 0 0 0 0 0 0 0 0 0
GPRESSURE: 400 0 0 0 0 0 0 0 0 0
PRESSAVG: 400 0 0 0 0 0 0 0 0 0
GPRESSAVG: 400 0 0 0 0 0 0 0 0 0
Info: Benchmark time: 42 CPUs 0.000549361 s/step 0.00635835 days/ns 823 MB memory
ENERGY:     400      1059.3084      1664.8950      2098.7870       158.1800            -38.6607      -793.9368         0.0000      5272.4061      2995.7620          12416.7411       300.8153      9420.9791     12441.3939       299.4326

PRESSURE: 500 0 0 0 0 0 0 0 0 0
GPRESSURE: 500 0 0 0 0 0 0 0 0 0
PRESSAVG: 500 0 0 0 0 0 0 0 0 0
GPRESSAVG: 500 0 0 0 0 0 0 0 0 0
Info: Benchmark time: 42 CPUs 0.000554308 s/step 0.00641561 days/ns 823.812 MB memory
ENERGY:     500      1092.5158      1689.8955      2068.0777       146.4728            -39.4927      -819.3269         0.0000      5281.3099      2934.2619          12353.7140       294.6399      9419.4521     12377.6380       296.0777

PRESSURE: 600 0 0 0 0 0 0 0 0 0
GPRESSURE: 600 0 0 0 0 0 0 0 0 0
PRESSAVG: 600 0 0 0 0 0 0 0 0 0
GPRESSAVG: 600 0 0 0 0 0 0 0 0 0
Info: Benchmark time: 42 CPUs 0.00054938 s/step 0.00635857 days/ns 823.812 MB memory
ENERGY:     600      1101.5916      1694.8314      2083.9964       156.3497            -39.8285      -821.2262         0.0000      5277.4801      2897.2853          12350.4797       290.9269      9453.1944     12372.5291       294.8338

PRESSURE: 700 0 0 0 0 0 0 0 0 0
GPRESSURE: 700 0 0 0 0 0 0 0 0 0
PRESSAVG: 700 0 0 0 0 0 0 0 0 0
GPRESSAVG: 700 0 0 0 0 0 0 0 0 0
Info: Benchmark time: 42 CPUs 0.000547313 s/step 0.00633465 days/ns 823.812 MB memory
ENERGY:     700      1118.2884      1663.7064      2057.1333       153.8359            -38.9229      -812.4846         0.0000      5274.9755      2943.9415          12360.4736       295.6118      9416.5321     12383.9497       294.2250

PRESSURE: 800 0 0 0 0 0 0 0 0 0
GPRESSURE: 800 0 0 0 0 0 0 0 0 0
PRESSAVG: 800 0 0 0 0 0 0 0 0 0
GPRESSAVG: 800 0 0 0 0 0 0 0 0 0
Info: Benchmark time: 42 CPUs 0.000552359 s/step 0.00639305 days/ns 823.812 MB memory
ENERGY:     800      1075.6211      1657.9434      2070.2068       144.5014            -37.8799      -818.0457         0.0000      5263.1590      3002.0166          12357.5226       301.4434      9355.5060     12385.0701       296.1985

PRESSURE: 900 0 0 0 0 0 0 0 0 0
GPRESSURE: 900 0 0 0 0 0 0 0 0 0
PRESSAVG: 900 0 0 0 0 0 0 0 0 0
GPRESSAVG: 900 0 0 0 0 0 0 0 0 0
Info: Benchmark time: 42 CPUs 0.000545488 s/step 0.00631352 days/ns 823.812 MB memory
ENERGY:     900      1123.9805      1730.1123      2088.9693       150.2846            -38.0044      -860.5965         0.0000      5269.1361      2880.2586          12344.1404       289.2172      9463.8818     12367.7439       295.4249

PRESSURE: 1000 0 0 0 0 0 0 0 0 0
GPRESSURE: 1000 0 0 0 0 0 0 0 0 0
PRESSAVG: 1000 0 0 0 0 0 0 0 0 0
GPRESSAVG: 1000 0 0 0 0 0 0 0 0 0
TIMING: 1000  CPU: 0.57002, 0.000550723/step  Wall: 0.577278, 0.000557268/step, 0.000619187 hours remaining, 823.812500 MB of memory in use.
ETITLE:      TS           BOND          ANGLE          DIHED          IMPRP               ELECT            VDW       BOUNDARY           MISC        KINETIC               TOTAL           TEMP      POTENTIAL         TOTAL3        TEMPAVG

ENERGY:    1000      1025.0853      1671.9014      2068.0632       147.6407            -39.0715      -829.2597         0.0000      5271.4703      2946.6601          12262.4898       295.8848      9315.8296     12286.0421       291.7364

WRITING EXTENDED SYSTEM TO RESTART FILE AT STEP 1000
WRITING VELOCITIES TO RESTART FILE AT STEP 1000
FINISHED WRITING RESTART VELOCITIES
The last velocity output (seq=1000) takes 0.002 seconds, 823.938 MB of memory in use
OPENING COORDINATE DCD FILE
WRITING COORDINATES TO DCD FILE adk-step1.dcd AT STEP 1000
WRITING COORDINATES TO RESTART FILE AT STEP 1000
FINISHED WRITING RESTART COORDINATES
The last position output (seq=1000) takes 0.004 seconds, 823.938 MB of memory in use
PRESSURE: 1100 0 0 0 0 0 0 0 0 0
GPRESSURE: 1100 0 0 0 0 0 0 0 0 0
PRESSAVG: 1100 0 0 0 0 0 0 0 0 0
GPRESSAVG: 1100 0 0 0 0 0 0 0 0 0
ENERGY:    1100      1093.0699      1713.6808      2064.8607       164.8060            -39.8103      -824.2943         0.0000      5277.8828      2873.7740          12323.9696       288.5661      9450.1956     12349.8334       292.2289

PRESSURE: 1200 0 0 0 0 0 0 0 0 0
GPRESSURE: 1200 0 0 0 0 0 0 0 0 0
PRESSAVG: 1200 0 0 0 0 0 0 0 0 0
GPRESSAVG: 1200 0 0 0 0 0 0 0 0 0
ENERGY:    1200      1083.2047      1667.0849      2077.4886       145.4225            -40.6348      -805.2451         0.0000      5277.5843      2920.9111          12325.8162       293.2993      9404.9051     12346.5431       292.7515

PRESSURE: 1300 0 0 0 0 0 0 0 0 0
GPRESSURE: 1300 0 0 0 0 0 0 0 0 0
PRESSAVG: 1300 0 0 0 0 0 0 0 0 0
GPRESSAVG: 1300 0 0 0 0 0 0 0 0 0
ENERGY:    1300      1055.1513      1680.4892      2081.2464       154.2975            -40.0139      -782.0595         0.0000      5272.6642      2914.5611          12336.3363       292.6616      9421.7753     12361.0620       294.1242

PRESSURE: 1400 0 0 0 0 0 0 0 0 0
GPRESSURE: 1400 0 0 0 0 0 0 0 0 0
PRESSAVG: 1400 0 0 0 0 0 0 0 0 0
GPRESSAVG: 1400 0 0 0 0 0 0 0 0 0
ENERGY:    1400      1099.9231      1723.8044      2065.0872       154.7831            -40.2633      -820.8052         0.0000      5274.1014      2887.9465          12344.5773       289.9892      9456.6308     12368.8929       293.0621

PRESSURE: 1500 0 0 0 0 0 0 0 0 0
GPRESSURE: 1500 0 0 0 0 0 0 0 0 0
PRESSAVG: 1500 0 0 0 0 0 0 0 0 0
GPRESSAVG: 1500 0 0 0 0 0 0 0 0 0
ENERGY:    1500      1067.8037      1702.5089      2073.9539       158.9377            -40.3366      -803.8150         0.0000      5271.0628      2993.9629          12424.0782       300.6347      9430.1153     12445.6404       296.6860

PRESSURE: 1600 0 0 0 0 0 0 0 0 0
GPRESSURE: 1600 0 0 0 0 0 0 0 0 0
PRESSAVG: 1600 0 0 0 0 0 0 0 0 0
GPRESSAVG: 1600 0 0 0 0 0 0 0 0 0
ENERGY:    1600      1121.0854      1710.6755      2110.9307       151.1160            -39.3318      -857.5071         0.0000      5269.9828      2934.8805          12401.8320       294.7020      9466.9515     12424.8650       297.4736

PRESSURE: 1700 0 0 0 0 0 0 0 0 0
GPRESSURE: 1700 0 0 0 0 0 0 0 0 0
PRESSAVG: 1700 0 0 0 0 0 0 0 0 0
GPRESSAVG: 1700 0 0 0 0 0 0 0 0 0
ENERGY:    1700      1056.2972      1649.9973      2079.5059       154.6375            -39.1471      -799.9752         0.0000      5267.8088      3013.1597          12382.2841       302.5623      9369.1244     12408.5276       296.3653

PRESSURE: 1800 0 0 0 0 0 0 0 0 0
GPRESSURE: 1800 0 0 0 0 0 0 0 0 0
PRESSAVG: 1800 0 0 0 0 0 0 0 0 0
GPRESSAVG: 1800 0 0 0 0 0 0 0 0 0
ENERGY:    1800      1101.2399      1670.9397      2074.7216       160.0184            -39.7986      -852.5015         0.0000      5275.3683      3023.3295          12413.3173       303.5835      9389.9878     12442.6887       298.3417

PRESSURE: 1900 0 0 0 0 0 0 0 0 0
GPRESSURE: 1900 0 0 0 0 0 0 0 0 0
PRESSAVG: 1900 0 0 0 0 0 0 0 0 0
GPRESSAVG: 1900 0 0 0 0 0 0 0 0 0
ENERGY:    1900      1082.4382      1721.6389      2104.7853       161.4723            -38.9573      -817.1418         0.0000      5281.0764      2943.7401          12439.0521       295.5916      9495.3119     12464.9913       297.8161

WRITING COORDINATES TO DCD FILE adk-step1.dcd AT STEP 2000
WRITING COORDINATES TO RESTART FILE AT STEP 2000
FINISHED WRITING RESTART COORDINATES
The last position output (seq=2000) takes 0.003 seconds, 824.000 MB of memory in use
PRESSURE: 2000 0 0 0 0 0 0 0 0 0
GPRESSURE: 2000 0 0 0 0 0 0 0 0 0
PRESSAVG: 2000 0 0 0 0 0 0 0 0 0
GPRESSAVG: 2000 0 0 0 0 0 0 0 0 0
TIMING: 2000  CPU: 1.13187, 0.000561853/step  Wall: 1.1414, 0.000564117/step, 0.000470097 hours remaining, 824.000000 MB of memory in use.
ETITLE:      TS           BOND          ANGLE          DIHED          IMPRP               ELECT            VDW       BOUNDARY           MISC        KINETIC               TOTAL           TEMP      POTENTIAL         TOTAL3        TEMPAVG

ENERGY:    2000      1105.3663      1697.1812      2111.7229       154.5247            -39.1065      -823.4634         0.0000      5282.4966      2943.8744          12432.5963       295.6051      9488.7219     12454.2061       299.0480

WRITING EXTENDED SYSTEM TO RESTART FILE AT STEP 2000
WRITING VELOCITIES TO RESTART FILE AT STEP 2000
FINISHED WRITING RESTART VELOCITIES
The last velocity output (seq=2000) takes 0.002 seconds, 824.000 MB of memory in use
PRESSURE: 2100 0 0 0 0 0 0 0 0 0
GPRESSURE: 2100 0 0 0 0 0 0 0 0 0
PRESSAVG: 2100 0 0 0 0 0 0 0 0 0
GPRESSAVG: 2100 0 0 0 0 0 0 0 0 0
ENERGY:    2100      1077.4524      1659.6518      2092.4133       148.0255            -38.1354      -818.6278         0.0000      5276.6165      2982.9318          12380.3279       299.5270      9397.3961     12406.1078       298.1864

PRESSURE: 2200 0 0 0 0 0 0 0 0 0
GPRESSURE: 2200 0 0 0 0 0 0 0 0 0
PRESSAVG: 2200 0 0 0 0 0 0 0 0 0
GPRESSAVG: 2200 0 0 0 0 0 0 0 0 0
ENERGY:    2200      1104.3740      1690.2541      2071.6387       151.6669            -38.4282      -816.0542         0.0000      5279.6947      2908.3735          12351.5195       292.0403      9443.1460     12378.4138       294.1337

PRESSURE: 2300 0 0 0 0 0 0 0 0 0
GPRESSURE: 2300 0 0 0 0 0 0 0 0 0
PRESSAVG: 2300 0 0 0 0 0 0 0 0 0
GPRESSAVG: 2300 0 0 0 0 0 0 0 0 0
ENERGY:    2300      1131.7597      1731.6524      2060.9025       141.3774            -38.1925      -850.9715         0.0000      5265.7771      2974.7824          12417.0875       298.7087      9442.3051     12439.7556       295.9892

PRESSURE: 2400 0 0 0 0 0 0 0 0 0
GPRESSURE: 2400 0 0 0 0 0 0 0 0 0
PRESSAVG: 2400 0 0 0 0 0 0 0 0 0
GPRESSAVG: 2400 0 0 0 0 0 0 0 0 0
ENERGY:    2400      1094.8026      1668.6233      2063.2110       153.5638            -38.7897      -797.8262         0.0000      5266.1676      3041.5612          12451.3135       305.4142      9409.7524     12474.1869       299.3728

PRESSURE: 2500 0 0 0 0 0 0 0 0 0
GPRESSURE: 2500 0 0 0 0 0 0 0 0 0
PRESSAVG: 2500 0 0 0 0 0 0 0 0 0
GPRESSAVG: 2500 0 0 0 0 0 0 0 0 0
ENERGY:    2500      1080.7391      1701.9187      2110.2378       155.9254            -38.8235      -828.0740         0.0000      5273.8612      2973.7569          12429.5416       298.6057      9455.7846     12452.9949       299.3548

PRESSURE: 2600 0 0 0 0 0 0 0 0 0
GPRESSURE: 2600 0 0 0 0 0 0 0 0 0
PRESSAVG: 2600 0 0 0 0 0 0 0 0 0
GPRESSAVG: 2600 0 0 0 0 0 0 0 0 0
ENERGY:    2600      1148.3434      1697.7927      2089.8535       152.6494            -39.1334      -817.4339         0.0000      5274.7010      2959.4012          12466.1740       297.1642      9506.7728     12487.4032       299.3848

PRESSURE: 2700 0 0 0 0 0 0 0 0 0
GPRESSURE: 2700 0 0 0 0 0 0 0 0 0
PRESSAVG: 2700 0 0 0 0 0 0 0 0 0
GPRESSAVG: 2700 0 0 0 0 0 0 0 0 0
ENERGY:    2700      1120.9330      1640.3218      2060.2124       161.1481            -38.9639      -769.2032         0.0000      5274.5942      3014.3901          12463.4324       302.6858      9449.0423     12487.2732       300.1090

PRESSURE: 2800 0 0 0 0 0 0 0 0 0
GPRESSURE: 2800 0 0 0 0 0 0 0 0 0
PRESSAVG: 2800 0 0 0 0 0 0 0 0 0
GPRESSAVG: 2800 0 0 0 0 0 0 0 0 0
ENERGY:    2800      1135.5802      1691.0551      2074.9830       155.8738            -40.2366      -843.4967         0.0000      5283.4174      3034.3484          12491.5246       304.6899      9457.1762     12516.4541       300.8371

PRESSURE: 2900 0 0 0 0 0 0 0 0 0
GPRESSURE: 2900 0 0 0 0 0 0 0 0 0
PRESSAVG: 2900 0 0 0 0 0 0 0 0 0
GPRESSAVG: 2900 0 0 0 0 0 0 0 0 0
ENERGY:    2900      1107.7778      1714.6871      2083.7451       155.2900            -39.3726      -768.6810         0.0000      5290.1207      2948.0719          12491.6391       296.0266      9543.5672     12509.0524       300.9339

PRESSURE: 3000 0 0 0 0 0 0 0 0 0
GPRESSURE: 3000 0 0 0 0 0 0 0 0 0
PRESSAVG: 3000 0 0 0 0 0 0 0 0 0
GPRESSAVG: 3000 0 0 0 0 0 0 0 0 0
TIMING: 3000  CPU: 1.67031, 0.000538433/step  Wall: 1.68237, 0.000540979/step, 0.000300544 hours remaining, 827.812500 MB of memory in use.
ETITLE:      TS           BOND          ANGLE          DIHED          IMPRP               ELECT            VDW       BOUNDARY           MISC        KINETIC               TOTAL           TEMP      POTENTIAL         TOTAL3        TEMPAVG

ENERGY:    3000      1131.0981      1629.8454      2091.4459       148.3241            -40.2691      -826.9054         0.0000      5283.1251      3027.5393          12444.2035       304.0062      9416.6642     12467.4355       299.0306

WRITING EXTENDED SYSTEM TO RESTART FILE AT STEP 3000
WRITING VELOCITIES TO RESTART FILE AT STEP 3000
FINISHED WRITING RESTART VELOCITIES
The last velocity output (seq=3000) takes 0.002 seconds, 827.812 MB of memory in use
WRITING COORDINATES TO DCD FILE adk-step1.dcd AT STEP 3000
WRITING COORDINATES TO RESTART FILE AT STEP 3000
FINISHED WRITING RESTART COORDINATES
The last position output (seq=3000) takes 0.002 seconds, 827.812 MB of memory in use
PRESSURE: 3100 0 0 0 0 0 0 0 0 0
GPRESSURE: 3100 0 0 0 0 0 0 0 0 0
PRESSAVG: 3100 0 0 0 0 0 0 0 0 0
GPRESSAVG: 3100 0 0 0 0 0 0 0 0 0
ENERGY:    3100      1135.3768      1665.1911      2077.5372       147.8522            -39.7783      -817.4159         0.0000      5283.4548      2967.3057          12419.5236       297.9579      9452.2179     12443.5350       298.2654

PRESSURE: 3200 0 0 0 0 0 0 0 0 0
GPRESSURE: 3200 0 0 0 0 0 0 0 0 0
PRESSAVG: 3200 0 0 0 0 0 0 0 0 0
GPRESSAVG: 3200 0 0 0 0 0 0 0 0 0
ENERGY:    3200      1133.0800      1658.9522      2065.4777       156.4542            -40.9614      -819.3500         0.0000      5286.8859      2995.6800          12436.2186       300.8071      9440.5386     12461.3836       298.9641

PRESSURE: 3300 0 0 0 0 0 0 0 0 0
GPRESSURE: 3300 0 0 0 0 0 0 0 0 0
PRESSAVG: 3300 0 0 0 0 0 0 0 0 0
GPRESSAVG: 3300 0 0 0 0 0 0 0 0 0
ENERGY:    3300      1115.2458      1677.5001      2077.0422       149.4947            -41.2374      -814.0823         0.0000      5283.4111      2928.6503          12376.0246       294.0764      9447.3743     12401.5965       296.3115

PRESSURE: 3400 0 0 0 0 0 0 0 0 0
GPRESSURE: 3400 0 0 0 0 0 0 0 0 0
PRESSAVG: 3400 0 0 0 0 0 0 0 0 0
GPRESSAVG: 3400 0 0 0 0 0 0 0 0 0
ENERGY:    3400      1066.9175      1677.9264      2064.9163       154.2784            -41.5788      -811.3224         0.0000      5276.3112      2950.9754          12338.4240       296.3181      9387.4486     12361.7710       295.8317

PRESSURE: 3500 0 0 0 0 0 0 0 0 0
GPRESSURE: 3500 0 0 0 0 0 0 0 0 0
PRESSAVG: 3500 0 0 0 0 0 0 0 0 0
GPRESSAVG: 3500 0 0 0 0 0 0 0 0 0
ENERGY:    3500      1104.0381      1637.3422      2073.9845       141.9402            -41.1338      -799.2868         0.0000      5283.5419      2927.8726          12328.2988       293.9983      9400.4263     12352.9697       293.2968

PRESSURE: 3600 0 0 0 0 0 0 0 0 0
GPRESSURE: 3600 0 0 0 0 0 0 0 0 0
PRESSAVG: 3600 0 0 0 0 0 0 0 0 0
GPRESSAVG: 3600 0 0 0 0 0 0 0 0 0
ENERGY:    3600      1135.7990      1665.5581      2078.9016       138.1838            -41.0402      -810.3065         0.0000      5276.6929      2946.4895          12390.2784       295.8677      9443.7889     12413.0338       294.7989

PRESSURE: 3700 0 0 0 0 0 0 0 0 0
GPRESSURE: 3700 0 0 0 0 0 0 0 0 0
PRESSAVG: 3700 0 0 0 0 0 0 0 0 0
GPRESSAVG: 3700 0 0 0 0 0 0 0 0 0
ENERGY:    3700      1105.8576      1689.5600      2064.7244       153.1300            -40.7835      -835.8315         0.0000      5277.6695      2936.7030          12351.0296       294.8850      9414.3266     12374.5635       295.8605

PRESSURE: 3800 0 0 0 0 0 0 0 0 0
GPRESSURE: 3800 0 0 0 0 0 0 0 0 0
PRESSAVG: 3800 0 0 0 0 0 0 0 0 0
GPRESSAVG: 3800 0 0 0 0 0 0 0 0 0
ENERGY:    3800      1126.6154      1692.3212      2066.4629       165.8236            -40.3854      -838.8305         0.0000      5283.3586      2954.0473          12409.4131       296.6266      9455.3658     12433.3733       296.2560

PRESSURE: 3900 0 0 0 0 0 0 0 0 0
GPRESSURE: 3900 0 0 0 0 0 0 0 0 0
PRESSAVG: 3900 0 0 0 0 0 0 0 0 0
GPRESSAVG: 3900 0 0 0 0 0 0 0 0 0
ENERGY:    3900      1119.2817      1725.4623      2066.1141       157.9685            -38.3043      -836.0654         0.0000      5283.7641      2976.8666          12455.0876       298.9180      9478.2210     12480.8302       298.5450

PRESSURE: 4000 0 0 0 0 0 0 0 0 0
GPRESSURE: 4000 0 0 0 0 0 0 0 0 0
PRESSAVG: 4000 0 0 0 0 0 0 0 0 0
GPRESSAVG: 4000 0 0 0 0 0 0 0 0 0
TIMING: 4000  CPU: 2.16364, 0.000493337/step  Wall: 2.18012, 0.000497746/step, 0.000138263 hours remaining, 827.812500 MB of memory in use.
ETITLE:      TS           BOND          ANGLE          DIHED          IMPRP               ELECT            VDW       BOUNDARY           MISC        KINETIC               TOTAL           TEMP      POTENTIAL         TOTAL3        TEMPAVG

ENERGY:    4000      1164.6876      1686.7560      2080.8600       142.4359            -37.9424      -826.9914         0.0000      5281.3244      2926.6788          12417.8089       293.8784      9491.1301     12441.3222       298.9498

WRITING EXTENDED SYSTEM TO RESTART FILE AT STEP 4000
WRITING VELOCITIES TO RESTART FILE AT STEP 4000
FINISHED WRITING RESTART VELOCITIES
The last velocity output (seq=4000) takes 0.002 seconds, 827.812 MB of memory in use
WRITING COORDINATES TO DCD FILE adk-step1.dcd AT STEP 4000
WRITING COORDINATES TO RESTART FILE AT STEP 4000
FINISHED WRITING RESTART COORDINATES
The last position output (seq=4000) takes 0.002 seconds, 827.812 MB of memory in use
PRESSURE: 4100 0 0 0 0 0 0 0 0 0
GPRESSURE: 4100 0 0 0 0 0 0 0 0 0
PRESSAVG: 4100 0 0 0 0 0 0 0 0 0
GPRESSAVG: 4100 0 0 0 0 0 0 0 0 0
ENERGY:    4100      1136.9220      1713.7225      2054.7348       158.9552            -39.1901      -807.0303         0.0000      5283.9706      2926.7390          12428.8236       293.8845      9502.0847     12451.6210       299.3727

PRESSURE: 4200 0 0 0 0 0 0 0 0 0
GPRESSURE: 4200 0 0 0 0 0 0 0 0 0
PRESSAVG: 4200 0 0 0 0 0 0 0 0 0
GPRESSAVG: 4200 0 0 0 0 0 0 0 0 0
ENERGY:    4200      1117.6729      1674.0754      2083.0124       155.2304            -39.5093      -845.5683         0.0000      5287.1590      3031.4520          12463.5244       304.3991      9432.0725     12489.8287       299.6338

LDB: ============= START OF LOAD BALANCING ============== 4.44629
LDB: ============== END OF LOAD BALANCING =============== 4.44635
Info: useSync: 0 useProxySync: 0
LDB: =============== DONE WITH MIGRATION ================ 4.44647
PRESSURE: 4300 0 0 0 0 0 0 0 0 0
GPRESSURE: 4300 0 0 0 0 0 0 0 0 0
PRESSAVG: 4300 0 0 0 0 0 0 0 0 0
GPRESSAVG: 4300 0 0 0 0 0 0 0 0 0
ENERGY:    4300      1094.7835      1690.5351      2118.7049       145.8819            -40.3723      -842.7612         0.0000      5283.6852      3021.4495          12471.9067       303.3947      9450.4572     12499.2000       300.7345

LDB: ============= START OF LOAD BALANCING ============== 4.49985
LDB: TIME 4.50016 LOAD: AVG 0.0144497 MAX 0.0330799  PROXIES: TOTAL 176 MAXPE 7 MAXPATCH 7 None MEM: 827.812 MB
LDB: TIME 4.50035 LOAD: AVG 0.0144497 MAX 0.0330799  PROXIES: TOTAL 176 MAXPE 7 MAXPATCH 7 RefineTorusLB MEM: 827.875 MB
LDB: TIME 4.50051 LOAD: AVG 0.0144497 MAX 0.0330799  PROXIES: TOTAL 176 MAXPE 7 MAXPATCH 7 RefineTorusLB MEM: 827.875 MB
LDB: ============== END OF LOAD BALANCING =============== 4.50078
Info: build node-aware spanning tree with send: 1, recv: 0 with branch factor 4
Info: useSync: 0 useProxySync: 0
LDB: =============== DONE WITH MIGRATION ================ 4.50155
PRESSURE: 4400 0 0 0 0 0 0 0 0 0
GPRESSURE: 4400 0 0 0 0 0 0 0 0 0
PRESSAVG: 4400 0 0 0 0 0 0 0 0 0
GPRESSAVG: 4400 0 0 0 0 0 0 0 0 0
ENERGY:    4400      1145.1983      1710.7153      2120.4113       159.0638            -40.7821      -824.4015         0.0000      5276.7739      2934.3495          12481.3286       294.6487      9546.9791     12507.4568       301.7722

PRESSURE: 4500 0 0 0 0 0 0 0 0 0
GPRESSURE: 4500 0 0 0 0 0 0 0 0 0
PRESSAVG: 4500 0 0 0 0 0 0 0 0 0
GPRESSAVG: 4500 0 0 0 0 0 0 0 0 0
ENERGY:    4500      1134.5055      1663.9517      2093.0437       153.9121            -40.7331      -817.6610         0.0000      5282.4001      3013.8148          12483.2339       302.6281      9469.4191     12507.6004       300.7295

PRESSURE: 4600 0 0 0 0 0 0 0 0 0
GPRESSURE: 4600 0 0 0 0 0 0 0 0 0
PRESSAVG: 4600 0 0 0 0 0 0 0 0 0
GPRESSAVG: 4600 0 0 0 0 0 0 0 0 0
ENERGY:    4600      1122.1859      1749.9723      2079.8927       164.4930            -40.4333      -809.9994         0.0000      5285.4020      3011.1630          12562.6762       302.3618      9551.5133     12588.5276       304.3948

PRESSURE: 4700 0 0 0 0 0 0 0 0 0
GPRESSURE: 4700 0 0 0 0 0 0 0 0 0
PRESSAVG: 4700 0 0 0 0 0 0 0 0 0
GPRESSAVG: 4700 0 0 0 0 0 0 0 0 0
ENERGY:    4700      1091.0576      1709.5871      2077.1065       149.8550            -41.1794      -810.1803         0.0000      5275.7805      3050.4099          12502.4370       306.3027      9452.0271     12529.8618       304.4004

PRESSURE: 4800 0 0 0 0 0 0 0 0 0
GPRESSURE: 4800 0 0 0 0 0 0 0 0 0
PRESSAVG: 4800 0 0 0 0 0 0 0 0 0
GPRESSAVG: 4800 0 0 0 0 0 0 0 0 0
ENERGY:    4800      1120.9734      1635.4018      2085.8533       143.5640            -40.2661      -782.6813         0.0000      5268.0895      3027.9269          12458.8617       304.0451      9430.9348     12480.7572       300.9845

PRESSURE: 4900 0 0 0 0 0 0 0 0 0
GPRESSURE: 4900 0 0 0 0 0 0 0 0 0
PRESSAVG: 4900 0 0 0 0 0 0 0 0 0
GPRESSAVG: 4900 0 0 0 0 0 0 0 0 0
ENERGY:    4900      1161.4305      1682.9722      2067.5126       161.3235            -39.5964      -849.8674         0.0000      5260.6741      2960.5045          12404.9536       297.2750      9444.4491     12432.2655       299.3899

PRESSURE: 5000 0 0 0 0 0 0 0 0 0
GPRESSURE: 5000 0 0 0 0 0 0 0 0 0
PRESSAVG: 5000 0 0 0 0 0 0 0 0 0
GPRESSAVG: 5000 0 0 0 0 0 0 0 0 0
TIMING: 5000  CPU: 2.67048, 0.000506838/step  Wall: 2.69346, 0.00051334/step, 0 hours remaining, 827.875000 MB of memory in use.
ETITLE:      TS           BOND          ANGLE          DIHED          IMPRP               ELECT            VDW       BOUNDARY           MISC        KINETIC               TOTAL           TEMP      POTENTIAL         TOTAL3        TEMPAVG

ENERGY:    5000      1138.3599      1652.5630      2097.9234       155.6133            -39.6099      -813.6343         0.0000      5272.9509      2967.2745          12431.4408       297.9548      9464.1663     12461.4331       299.0501

WRITING EXTENDED SYSTEM TO RESTART FILE AT STEP 5000
WRITING VELOCITIES TO RESTART FILE AT STEP 5000
FINISHED WRITING RESTART VELOCITIES
The last velocity output (seq=5000) takes 0.002 seconds, 828.500 MB of memory in use
WRITING COORDINATES TO DCD FILE adk-step1.dcd AT STEP 5000
WRITING COORDINATES TO RESTART FILE AT STEP 5000
FINISHED WRITING RESTART COORDINATES
The last position output (seq=5000) takes 0.003 seconds, 828.500 MB of memory in use
WRITING EXTENDED SYSTEM TO OUTPUT FILE AT STEP 5000
WRITING COORDINATES TO OUTPUT FILE AT STEP 5000
CLOSING COORDINATE DCD FILE adk-step1.dcd
The last position output (seq=-2) takes 0.003 seconds, 828.500 MB of memory in use
WRITING VELOCITIES TO OUTPUT FILE AT STEP 5000
====================================================

WallClock: 4.806751  CPUTime: 3.435530  Memory: 828.500000 MB
End of program
