6_2_cc.dat
/gpfs/alpine/bip115/scratch/hrlee/radical.pilot.sandbox/re.session.login1.hrlee.018632.0005/pilot.0000/staging_area/6_2_cc.dat
6, 2
Choosing optimized barrier algorithm name I0:HybridBinomial:SHMEM:P2P
Converse/Charm++ Commit ID: v6.10.2-0-g7bf00fa-namd-charm-6.10.2-build-2020-Aug-05-556
Warning> Randomization of virtual memory (ASLR) is turned on in the kernel, thread migration may not work! Run 'echo 0 > /proc/sys/kernel/randomize_va_space' as root to disable it, or try running with '+isomalloc_sync'.
CharmLB> Load balancer assumes all CPUs are same.
Charm++> Running on 1 hosts (1 sockets x 7 cores x 4 PUs = 28-way SMP)
Charm++> cpu topology info is gathered in 0.003 seconds.
Info: Built with CUDA version 10010
Did not find +devices i,j,k,... argument, using all
Pe 17 physical rank 17 will use CUDA device of pe 14
Pe 3 physical rank 3 will use CUDA device of pe 4
Pe 23 physical rank 23 will use CUDA device of pe 21
Pe 33 physical rank 33 will use CUDA device of pe 28
Pe 41 physical rank 41 will use CUDA device of pe 35
Pe 20 physical rank 20 will use CUDA device of pe 14
Pe 10 physical rank 10 will use CUDA device of pe 7
Pe 24 physical rank 24 will use CUDA device of pe 21
Pe 32 physical rank 32 will use CUDA device of pe 28
Pe 37 physical rank 37 will use CUDA device of pe 35
Pe 16 physical rank 16 will use CUDA device of pe 14
Pe 12 physical rank 12 will use CUDA device of pe 7
Pe 2 physical rank 2 will use CUDA device of pe 4
Pe 27 physical rank 27 will use CUDA device of pe 21
Pe 34 physical rank 34 will use CUDA device of pe 28
Pe 39 physical rank 39 will use CUDA device of pe 35
Pe 19 physical rank 19 will use CUDA device of pe 14
Pe 13 physical rank 13 will use CUDA device of pe 7
Pe 5 physical rank 5 will use CUDA device of pe 4
Pe 25 physical rank 25 will use CUDA device of pe 21
Pe 30 physical rank 30 will use CUDA device of pe 28
Pe 40 physical rank 40 will use CUDA device of pe 35
Pe 15 physical rank 15 will use CUDA device of pe 14
Pe 9 physical rank 9 will use CUDA device of pe 7
Pe 6 physical rank 6 will use CUDA device of pe 4
Pe 26 physical rank 26 will use CUDA device of pe 21
Pe 29 physical rank 29 will use CUDA device of pe 28
Pe 38 physical rank 38 will use CUDA device of pe 35
Pe 18 physical rank 18 will use CUDA device of pe 14
Pe 11 physical rank 11 will use CUDA device of pe 7
Pe 1 physical rank 1 will use CUDA device of pe 4
Pe 22 physical rank 22 will use CUDA device of pe 21
Pe 31 physical rank 31 will use CUDA device of pe 28
Pe 36 physical rank 36 will use CUDA device of pe 35
Pe 8 physical rank 8 will use CUDA device of pe 7
Pe 0 physical rank 0 will use CUDA device of pe 4
Pe 14 physical rank 14 binding to CUDA device 0 on h36n07: 'Tesla V100-SXM2-16GB'  Mem: 16128MB  Rev: 7.0  PCI: 4:6:0
Pe 4 physical rank 4 binding to CUDA device 0 on h36n07: 'Tesla V100-SXM2-16GB'  Mem: 16128MB  Rev: 7.0  PCI: 4:4:0
Pe 21 physical rank 21 binding to CUDA device 0 on h36n07: 'Tesla V100-SXM2-16GB'  Mem: 16128MB  Rev: 7.0  PCI: 35:3:0
Pe 28 physical rank 28 binding to CUDA device 0 on h36n07: 'Tesla V100-SXM2-16GB'  Mem: 16128MB  Rev: 7.0  PCI: 35:4:0
Pe 35 physical rank 35 binding to CUDA device 0 on h36n07: 'Tesla V100-SXM2-16GB'  Mem: 16128MB  Rev: 7.0  PCI: 35:5:0
Pe 7 physical rank 7 binding to CUDA device 0 on h36n07: 'Tesla V100-SXM2-16GB'  Mem: 16128MB  Rev: 7.0  PCI: 4:5:0
Info: NAMD 2.14 for Linux-POWER-pami-smp-Summit-CUDA
Info: 
Info: Please visit http://www.ks.uiuc.edu/Research/namd/
Info: for updates, documentation, and support information.
Info: 
Info: Please cite Phillips et al., J. Chem. Phys. 153:044130 (2020) doi:10.1063/5.0014475
Info: in all publications reporting results obtained with NAMD.
Info: 
Info: Based on Charm++/Converse 61002 for pami-linux-ppc64le-smp
Info: Built Wed Aug 5 14:28:51 EDT 2020 by jimp on login2
Info: 1 NAMD  2.14  Linux-POWER-pami-smp-Summit-CUDA  42    h36n07  hrlee
Info: Running on 42 processors, 6 nodes, 1 physical nodes.
Info: CPU topology information available.
Info: Charm++/Converse parallel runtime startup completed at 1.35711 s
CkLoopLib is used in SMP with simple dynamic scheduling (converse-level notification)
Info: 791.75 MB of memory in use based on /proc/self/stat
Info: Configuration file is adk-step1.namd
Info: Working in the current directory /gpfs/alpine/bip115/scratch/hrlee/radical.pilot.sandbox/re.session.login1.hrlee.018632.0005/pilot.0000/unit.000239
TCL: Suspending until startup complete.
Info: SIMULATION PARAMETERS:
Info: TIMESTEP               1
Info: NUMBER OF STEPS        0
Info: STEPS PER CYCLE        20
Info: LOAD BALANCER  Centralized
Info: LOAD BALANCING STRATEGY  New Load Balancers -- DEFAULT
Info: LDB PERIOD             4000 steps
Info: FIRST LDB TIMESTEP     100
Info: LAST LDB TIMESTEP     -1
Info: LDB BACKGROUND SCALING 1
Info: HOM BACKGROUND SCALING 1
Info: MIN ATOMS PER PATCH    40
Info: VELOCITY FILE          6_2_adk-step1.restart.vel
Info: CENTER OF MASS MOVING INITIALLY? NO
Info: DIELECTRIC             80
Info: EXCLUDE                SCALED ONE-FOUR
Info: 1-4 ELECTROSTATICS SCALED BY 1
Info: MODIFIED 1-4 VDW PARAMETERS WILL BE USED
Info: DCD FILENAME           adk-step1.dcd
Info: DCD FREQUENCY          1000
Info: DCD FIRST STEP         1000
Info: NO EXTENDED SYSTEM TRAJECTORY OUTPUT
Info: NO VELOCITY DCD OUTPUT
Info: NO FORCE DCD OUTPUT
Info: OUTPUT FILENAME        adk-step1
Info: BINARY OUTPUT FILES WILL BE USED
Info: RESTART FILENAME       adk-step1.restart
Info: RESTART FREQUENCY      1000
Info: BINARY RESTART FILES WILL BE USED
Info: SWITCHING ACTIVE
Info: SWITCHING ON           9
Info: SWITCHING OFF          10
Info: PAIRLIST DISTANCE      11
Info: PAIRLIST SHRINK RATE   0.01
Info: PAIRLIST GROW RATE     0.01
Info: PAIRLIST TRIGGER       0.3
Info: PAIRLISTS PER CYCLE    2
Info: PAIRLISTS ENABLED
Info: MARGIN                 0
Info: HYDROGEN GROUP CUTOFF  2.5
Info: PATCH DIMENSION        13.5
Info: ENERGY OUTPUT STEPS    100
Info: CROSSTERM ENERGY INCLUDED IN DIHEDRAL
Info: TIMING OUTPUT STEPS    1000
Info: PRESSURE OUTPUT STEPS  100
Info: GRID FORCE ACTIVE
Info:  Please include this reference in published work using
Info:  the Gridforce module of NAMD: David Wells, Volha Abramkina,
Info:  and Aleksei Aksimentiev, J. Chem. Phys. 127:125101-10 (2007).
Info: MGRIDFORCE key 0
Info:            Potfile 4ake-target_autopsf-grid.dx
Info:            Scale 0.3 0.3 0.3
Info:            File 1ake-docked-noh_autopsf-grid.pdb
Info:            Col O
Info:            ChargeCol B
Info:            VOffset 0 0 0
Info:            Continuous K1 FALSE
Info:            Continuous K2 FALSE
Info:            Continuous K3 FALSE
Info:            Volts FALSE
Info:            Gridforce-Lite FALSE
Info:            Gridforce-CheckSize TRUE
Info: LANGEVIN DYNAMICS ACTIVE
Info: LANGEVIN TEMPERATURE   300
Info: LANGEVIN USING BBK INTEGRATOR
Info: LANGEVIN DAMPING COEFFICIENT IS 5 INVERSE PS
Info: LANGEVIN DYNAMICS NOT APPLIED TO HYDROGENS
Info: USING VERLET I (r-RESPA) MTS SCHEME.
Info: C1 SPLITTING OF LONG RANGE ELECTROSTATICS
Info: PLACING ATOMS IN PATCHES BY HYDROGEN GROUPS
Info: RIGID BONDS TO HYDROGEN : WATER
Info:         ERROR TOLERANCE : 1e-08
Info:          MAX ITERATIONS : 100
Info: RIGID WATER USING SETTLE ALGORITHM
Info: NONBONDED FORCES EVALUATED EVERY 2 STEPS
Info: RANDOM NUMBER SEED     1609827712
Info: USE HYDROGEN BONDS?    NO
Info: COORDINATE PDB         1ake-docked-noh_autopsf.pdb
Info: STRUCTURE FILE         1ake-docked-noh_autopsf.psf
Info: PARAMETER file: CHARMM format! 
Info: PARAMETERS             par_all36_prot.prm
Info: USING ARITHMETIC MEAN TO COMBINE L-J SIGMA PARAMETERS
Info: BINARY COORDINATES     6_2_adk-step1.restart.coor
Info: SUMMARY OF PARAMETERS:
Info: 132 BONDS
Info: 362 ANGLES
Info: 702 DIHEDRAL
Info: 35 IMPROPER
Info: 6 CROSSTERM
Info: 53 VDW
Info: 0 VDW_PAIRS
Info: 0 NBTHOLE_PAIRS
Info: TIME FOR READING PSF FILE: 0.407774
Info: READING EXTRA BONDS FILE 1ake-extrabonds.txt
Info: READING EXTRA BONDS FILE 1ake-extrabonds-cispeptide.txt
Info: READING EXTRA BONDS FILE 1ake-extrabonds-chirality.txt
Info: READ 80 EXTRA BONDS
Info: READ 80 EXTRA ANGLES
Warning: EXTRA ANGLES ARE COSINE-BASED BY DEFAULT TO MATCH PREVIOUS VERSIONS
Warning: FOR NORMAL HARMONIC EXTRA ANGLES SET extraBondsCosAngles off
Info: READ 493 EXTRA DIHEDRALS
Info: READ 438 EXTRA IMPROPERS
Info: Reading pdb file 1ake-docked-noh_autopsf.pdb
Info: TIME FOR READING PDB FILE: 0.123601
Info: 
Info: ****************************
Info: STRUCTURE SUMMARY:
Info: 3341 ATOMS
Info: 3445 BONDS
Info: 6203 ANGLES
Info: 9414 DIHEDRALS
Info: 1005 IMPROPERS
Info: 212 CROSSTERMS
Info: 0 EXCLUSIONS
Info: 0 RIGID BONDS
Info: 1 GRIDS ACTIVE
Info: 10023 DEGREES OF FREEDOM
Info: 1656 HYDROGEN GROUPS
Info: 4 ATOMS IN LARGEST HYDROGEN GROUP
Info: 1656 MIGRATION GROUPS
Info: 4 ATOMS IN LARGEST MIGRATION GROUP
Info: TOTAL MASS = 23582 amu
Info: TOTAL CHARGE = -4 e
Info: *****************************
Info: Reading from binary file 6_2_adk-step1.restart.coor
Info: 
Info: Entering startup at 2.40858 s, 798.5 MB of memory in use
Info: Startup phase 0 took 0.000239961 s, 798.625 MB of memory in use
Info: ADDED 18308 IMPLICIT EXCLUSIONS
Info: Startup phase 1 took 0.00817722 s, 798.75 MB of memory in use
Info: NONBONDED TABLE R-SQUARED SPACING: 0.0625
Info: NONBONDED TABLE SIZE: 705 POINTS
Info: ABSOLUTE IMPRECISION IN FAST TABLE ENERGY: 3.38813e-21 AT 9.89634
Info: RELATIVE IMPRECISION IN FAST TABLE ENERGY: 4.23384e-15 AT 9.94673
Info: ABSOLUTE IMPRECISION IN FAST TABLE FORCE: 6.35275e-22 AT 9.94673
Info: RELATIVE IMPRECISION IN FAST TABLE FORCE: 5.07982e-16 AT 9.94673
Info: INCONSISTENCY IN FAST TABLE ENERGY VS FORCE: 0.000290185 AT 0.251946
Info: ABSOLUTE IMPRECISION IN VDWA TABLE ENERGY: 1.57772e-30 AT 9.89634
Info: RELATIVE IMPRECISION IN VDWA TABLE ENERGY: 4.54938e-15 AT 9.94673
Info: ABSOLUTE IMPRECISION IN VDWA TABLE FORCE: 5.91646e-31 AT 9.94673
Info: RELATIVE IMPRECISION IN VDWA TABLE FORCE: 5.6823e-16 AT 9.94673
Info: INCONSISTENCY IN VDWA TABLE ENERGY VS FORCE: 0.0040507 AT 0.251946
Info: ABSOLUTE IMPRECISION IN VDWB TABLE ENERGY: 4.71751e-25 AT 9.94673
Info: RELATIVE IMPRECISION IN VDWB TABLE ENERGY: 1.45371e-14 AT 9.94673
Info: ABSOLUTE IMPRECISION IN VDWB TABLE FORCE: 6.20385e-25 AT 9.94673
Info: RELATIVE IMPRECISION IN VDWB TABLE FORCE: 5.97512e-16 AT 9.94673
Info: INCONSISTENCY IN VDWB TABLE ENERGY VS FORCE: 0.00377068 AT 9.07951
Info: Startup phase 2 took 0.000927164 s, 800.062 MB of memory in use
Info: Startup phase 3 took 0.000232423 s, 800.438 MB of memory in use
Info: Startup phase 4 took 0.000340197 s, 800.562 MB of memory in use
Info: Startup phase 5 took 0.000215501 s, 800.562 MB of memory in use
Info: ORIGINAL ATOMS MINMAX IS -24.4374 -33.1351 -35.0153  17.368 11.3628 13.8848
Info: ADJUSTED ATOMS MINMAX IS -17.5489 -27.1029 -29.6704  11.5082 7.13379 5.51209
Info: PATCH GRID IS 5 BY 3 BY 3
Info: PATCH GRID IS 2-AWAY BY 1-AWAY BY 1-AWAY
Info: Reading from binary file 6_2_adk-step1.restart.vel
Info: REMOVING COM VELOCITY 0.108507 -0.00500529 0.141692
Info: LARGEST PATCH (24) HAS 134 ATOMS
Info: TORUS A SIZE 1 USING 0
Info: TORUS B SIZE 1 USING 0
Info: TORUS C SIZE 1 USING 0
Info: TORUS MINIMAL MESH SIZE IS 1 BY 1 BY 1
Info: Placed 100% of base nodes on same physical node as patch
Info: Startup phase 6 took 0.00870523 s, 800.688 MB of memory in use
Info: Startup phase 7 took 0.000219685 s, 801.625 MB of memory in use
Info: Updated CUDA force table with 4096 elements.
Info: Updated CUDA LJ table with 53 x 53 elements.
Info: Updated CUDA force table with 4096 elements.
Info: Updated CUDA LJ table with 53 x 53 elements.
Info: Updated CUDA force table with 4096 elements.
Info: Updated CUDA force table with 4096 elements.
Info: Updated CUDA LJ table with 53 x 53 elements.
Info: Updated CUDA LJ table with 53 x 53 elements.
Info: Updated CUDA force table with 4096 elements.
Info: Updated CUDA LJ table with 53 x 53 elements.
Info: Updated CUDA force table with 4096 elements.
Info: Updated CUDA LJ table with 53 x 53 elements.
Info: Startup phase 8 took 0.00372675 s, 801.75 MB of memory in use
Info: Startup phase 9 took 0.000406002 s, 801.812 MB of memory in use
Info: Startup phase 10 took 0.000220032 s, 801.875 MB of memory in use
Info: Startup phase 11 took 0.0006594 s, 802 MB of memory in use
LDB: Central LB being created...
Info: Startup phase 12 took 0.0021377 s, 802.75 MB of memory in use
Info: CREATING 1139 COMPUTE OBJECTS
Info: Found 278 unique exclusion lists needing 900 bytes
Info: Found 278 unique exclusion lists needing 900 bytes
Info: Found 278 unique exclusion lists needing 900 bytes
Info: Found 278 unique exclusion lists needing 900 bytes
Info: Found 278 unique exclusion lists needing 900 bytes
Info: Found 278 unique exclusion lists needing 900 bytes
Info: useSync: 0 useProxySync: 0
Info: Startup phase 13 took 0.0159055 s, 803.625 MB of memory in use
Info: Building spanning tree ... send: 1 recv: 0 with branch factor 4
Info: Startup phase 14 took 0.00021124 s, 803.75 MB of memory in use
Info: Startup phase 15 took 0.000145442 s, 803.875 MB of memory in use
Info: Finished startup at 2.45105 s, 803.875 MB of memory in use

TCL: Running for 5000 steps
PRESSURE: 0 0 0 0 0 0 0 0 0 0
GPRESSURE: 0 0 0 0 0 0 0 0 0 0
ETITLE:      TS           BOND          ANGLE          DIHED          IMPRP               ELECT            VDW       BOUNDARY           MISC        KINETIC               TOTAL           TEMP      POTENTIAL         TOTAL3        TEMPAVG

ENERGY:       0      1106.3118      1708.6535      2063.4328       173.3688            -41.1773      -792.7905         0.0000      5448.2500      2985.9840          12652.0331       299.8335      9666.0491     12676.7578       299.8335

LDB: ============= START OF LOAD BALANCING ============== 2.46339
LDB: ============== END OF LOAD BALANCING =============== 2.46346
Info: useSync: 0 useProxySync: 0
LDB: =============== DONE WITH MIGRATION ================ 2.46358
LDB: ============= START OF LOAD BALANCING ============== 2.50515
LDB: Partitioning computes with target load 0.000000
LDB: Increased migratable compute count from 0 to 0
LDB: Largest unpartitionable compute is 0.000000
LDB: ============== END OF LOAD BALANCING =============== 2.50559
Info: build node-aware spanning tree with send: 1, recv: 0 with branch factor 4
Info: useSync: 0 useProxySync: 0
LDB: =============== DONE WITH MIGRATION ================ 2.50657
PRESSURE: 100 0 0 0 0 0 0 0 0 0
GPRESSURE: 100 0 0 0 0 0 0 0 0 0
PRESSAVG: 100 0 0 0 0 0 0 0 0 0
GPRESSAVG: 100 0 0 0 0 0 0 0 0 0
Info: Initial time: 42 CPUs 0.000518274 s/step 0.00599854 days/ns 823.25 MB memory
ENERGY:     100      1100.8543      1714.4686      2083.2070       160.9871            -40.6492      -830.4916         0.0000      5450.6877      2994.2228          12633.2865       300.6608      9639.0637     12656.0834       302.8928

LDB: ============= START OF LOAD BALANCING ============== 2.51718
LDB: ============== END OF LOAD BALANCING =============== 2.51723
Info: useSync: 0 useProxySync: 0
LDB: =============== DONE WITH MIGRATION ================ 2.51735
LDB: ============= START OF LOAD BALANCING ============== 2.55855
LDB: TIME 2.5589 LOAD: AVG 0.0116786 MAX 0.0263058  PROXIES: TOTAL 174 MAXPE 7 MAXPATCH 7 None MEM: 828.625 MB
LDB: TIME 2.55918 LOAD: AVG 0.0116786 MAX 0.0263058  PROXIES: TOTAL 174 MAXPE 7 MAXPATCH 7 TorusLB MEM: 828.75 MB
LDB: ============== END OF LOAD BALANCING =============== 2.55949
Info: build node-aware spanning tree with send: 1, recv: 0 with branch factor 4
Info: useSync: 0 useProxySync: 0
LDB: =============== DONE WITH MIGRATION ================ 2.56039
PRESSURE: 200 0 0 0 0 0 0 0 0 0
GPRESSURE: 200 0 0 0 0 0 0 0 0 0
PRESSAVG: 200 0 0 0 0 0 0 0 0 0
GPRESSAVG: 200 0 0 0 0 0 0 0 0 0
Info: Initial time: 42 CPUs 0.000515645 s/step 0.00596811 days/ns 828.75 MB memory
ENERGY:     200      1106.1558      1708.1992      2091.0978       161.4375            -40.0651      -818.9017         0.0000      5443.5095      2954.9616          12606.3947       296.7184      9651.4332     12631.5325       301.4577

LDB: ============= START OF LOAD BALANCING ============== 2.61118
LDB: TIME 2.61153 LOAD: AVG 0.0144096 MAX 0.033387  PROXIES: TOTAL 174 MAXPE 7 MAXPATCH 7 None MEM: 829.688 MB
LDB: TIME 2.61179 LOAD: AVG 0.0144096 MAX 0.033387  PROXIES: TOTAL 174 MAXPE 7 MAXPATCH 7 RefineTorusLB MEM: 829.688 MB
LDB: TIME 2.61197 LOAD: AVG 0.0144096 MAX 0.033387  PROXIES: TOTAL 174 MAXPE 7 MAXPATCH 7 RefineTorusLB MEM: 829.688 MB
LDB: Reverting to original mapping
LDB: ============== END OF LOAD BALANCING =============== 2.61227
Info: build node-aware spanning tree with send: 1, recv: 0 with branch factor 4
Info: useSync: 0 useProxySync: 0
LDB: =============== DONE WITH MIGRATION ================ 2.61318
PRESSURE: 300 0 0 0 0 0 0 0 0 0
GPRESSURE: 300 0 0 0 0 0 0 0 0 0
PRESSAVG: 300 0 0 0 0 0 0 0 0 0
GPRESSAVG: 300 0 0 0 0 0 0 0 0 0
Info: Initial time: 42 CPUs 0.000505069 s/step 0.00584571 days/ns 829.688 MB memory
ENERGY:     300      1101.0722      1708.5561      2066.3933       147.2824            -41.2599      -851.5071         0.0000      5447.1186      2998.5164          12576.1722       301.0919      9577.6557     12603.2521       298.9334

LDB: ============= START OF LOAD BALANCING ============== 2.66139
LDB: TIME 2.66176 LOAD: AVG 0.0142181 MAX 0.0332543  PROXIES: TOTAL 174 MAXPE 7 MAXPATCH 7 None MEM: 830.625 MB
LDB: TIME 2.662 LOAD: AVG 0.0142181 MAX 0.0332543  PROXIES: TOTAL 174 MAXPE 7 MAXPATCH 7 RefineTorusLB MEM: 830.688 MB
LDB: TIME 2.66218 LOAD: AVG 0.0142181 MAX 0.0332543  PROXIES: TOTAL 174 MAXPE 7 MAXPATCH 7 RefineTorusLB MEM: 830.688 MB
LDB: Reverting to original mapping
LDB: ============== END OF LOAD BALANCING =============== 2.66249
Info: build node-aware spanning tree with send: 1, recv: 0 with branch factor 4
Info: useSync: 0 useProxySync: 0
LDB: =============== DONE WITH MIGRATION ================ 2.66338
PRESSURE: 400 0 0 0 0 0 0 0 0 0
GPRESSURE: 400 0 0 0 0 0 0 0 0 0
PRESSAVG: 400 0 0 0 0 0 0 0 0 0
GPRESSAVG: 400 0 0 0 0 0 0 0 0 0
Info: Benchmark time: 42 CPUs 0.000480096 s/step 0.00555667 days/ns 830.688 MB memory
ENERGY:     400      1089.2385      1691.4256      2093.4910       156.0592            -41.0016      -832.9827         0.0000      5433.1501      3002.8718          12592.2518       301.5292      9589.3800     12617.7544       298.9421

PRESSURE: 500 0 0 0 0 0 0 0 0 0
GPRESSURE: 500 0 0 0 0 0 0 0 0 0
PRESSAVG: 500 0 0 0 0 0 0 0 0 0
GPRESSAVG: 500 0 0 0 0 0 0 0 0 0
Info: Benchmark time: 42 CPUs 0.00043917 s/step 0.00508298 days/ns 831.375 MB memory
ENERGY:     500      1145.6724      1699.6147      2093.2996       148.9143            -42.2281      -820.9458         0.0000      5428.1417      2951.8618          12604.3306       296.4072      9652.4688     12628.5325       301.5167

PRESSURE: 600 0 0 0 0 0 0 0 0 0
GPRESSURE: 600 0 0 0 0 0 0 0 0 0
PRESSAVG: 600 0 0 0 0 0 0 0 0 0
GPRESSAVG: 600 0 0 0 0 0 0 0 0 0
Info: Benchmark time: 42 CPUs 0.00050285 s/step 0.00582003 days/ns 831.375 MB memory
ENERGY:     600      1094.1087      1676.8722      2093.4027       146.4727            -41.9832      -845.2964         0.0000      5430.9554      3013.2770          12567.8091       302.5741      9554.5321     12593.1298       300.3814

PRESSURE: 700 0 0 0 0 0 0 0 0 0
GPRESSURE: 700 0 0 0 0 0 0 0 0 0
PRESSAVG: 700 0 0 0 0 0 0 0 0 0
GPRESSAVG: 700 0 0 0 0 0 0 0 0 0
Info: Benchmark time: 42 CPUs 0.000506571 s/step 0.0058631 days/ns 831.375 MB memory
ENERGY:     700      1127.4549      1709.3626      2071.4783       152.2007            -42.4077      -838.5973         0.0000      5427.1291      2993.8262          12600.4469       300.6209      9606.6207     12621.6296       298.2783

PRESSURE: 800 0 0 0 0 0 0 0 0 0
GPRESSURE: 800 0 0 0 0 0 0 0 0 0
PRESSAVG: 800 0 0 0 0 0 0 0 0 0
GPRESSAVG: 800 0 0 0 0 0 0 0 0 0
Info: Benchmark time: 42 CPUs 0.000500207 s/step 0.00578943 days/ns 831.375 MB memory
ENERGY:     800      1110.8960      1722.5196      2062.1559       141.9414            -40.8013      -814.2601         0.0000      5424.6345      2930.2896          12537.3756       294.2410      9607.0860     12562.7661       300.3522

PRESSURE: 900 0 0 0 0 0 0 0 0 0
GPRESSURE: 900 0 0 0 0 0 0 0 0 0
PRESSAVG: 900 0 0 0 0 0 0 0 0 0
GPRESSAVG: 900 0 0 0 0 0 0 0 0 0
Info: Benchmark time: 42 CPUs 0.000502656 s/step 0.00581778 days/ns 831.375 MB memory
ENERGY:     900      1082.7786      1683.1382      2077.1704       142.3179            -41.0912      -842.4413         0.0000      5432.4050      2961.0336          12495.3113       297.3281      9534.2777     12520.3777       296.6325

PRESSURE: 1000 0 0 0 0 0 0 0 0 0
GPRESSURE: 1000 0 0 0 0 0 0 0 0 0
PRESSAVG: 1000 0 0 0 0 0 0 0 0 0
GPRESSAVG: 1000 0 0 0 0 0 0 0 0 0
TIMING: 1000  CPU: 0.520718, 0.000503082/step  Wall: 0.52527, 0.000505956/step, 0.000562174 hours remaining, 831.375000 MB of memory in use.
ETITLE:      TS           BOND          ANGLE          DIHED          IMPRP               ELECT            VDW       BOUNDARY           MISC        KINETIC               TOTAL           TEMP      POTENTIAL         TOTAL3        TEMPAVG

ENERGY:    1000      1095.1245      1709.7980      2074.9718       150.0223            -40.9786      -823.8930         0.0000      5423.6278      2922.8541          12511.5269       293.4944      9588.6728     12533.5667       295.7319

WRITING EXTENDED SYSTEM TO RESTART FILE AT STEP 1000
WRITING VELOCITIES TO RESTART FILE AT STEP 1000
FINISHED WRITING RESTART VELOCITIES
The last velocity output (seq=1000) takes 0.002 seconds, 831.500 MB of memory in use
OPENING COORDINATE DCD FILE
WRITING COORDINATES TO DCD FILE adk-step1.dcd AT STEP 1000
WRITING COORDINATES TO RESTART FILE AT STEP 1000
FINISHED WRITING RESTART COORDINATES
The last position output (seq=1000) takes 0.005 seconds, 831.500 MB of memory in use
PRESSURE: 1100 0 0 0 0 0 0 0 0 0
GPRESSURE: 1100 0 0 0 0 0 0 0 0 0
PRESSAVG: 1100 0 0 0 0 0 0 0 0 0
GPRESSAVG: 1100 0 0 0 0 0 0 0 0 0
ENERGY:    1100      1075.5624      1708.7834      2077.4981       143.1196            -40.1035      -834.8422         0.0000      5420.7246      2966.1929          12516.9352       297.8462      9550.7423     12541.7057       296.3024

PRESSURE: 1200 0 0 0 0 0 0 0 0 0
GPRESSURE: 1200 0 0 0 0 0 0 0 0 0
PRESSAVG: 1200 0 0 0 0 0 0 0 0 0
GPRESSAVG: 1200 0 0 0 0 0 0 0 0 0
ENERGY:    1200      1081.6158      1728.9950      2066.4642       152.0435            -41.9573      -849.3821         0.0000      5425.4200      2992.1876          12555.3867       300.4564      9563.1991     12581.9120       298.2077

PRESSURE: 1300 0 0 0 0 0 0 0 0 0
GPRESSURE: 1300 0 0 0 0 0 0 0 0 0
PRESSAVG: 1300 0 0 0 0 0 0 0 0 0
GPRESSAVG: 1300 0 0 0 0 0 0 0 0 0
ENERGY:    1300      1141.9731      1692.5658      2062.4416       148.5518            -41.8878      -831.0160         0.0000      5412.9138      2969.0862          12554.6285       298.1367      9585.5422     12576.3211       299.3075

PRESSURE: 1400 0 0 0 0 0 0 0 0 0
GPRESSURE: 1400 0 0 0 0 0 0 0 0 0
PRESSAVG: 1400 0 0 0 0 0 0 0 0 0
GPRESSAVG: 1400 0 0 0 0 0 0 0 0 0
ENERGY:    1400      1122.6504      1690.0065      2081.7678       158.8008            -41.1464      -849.2991         0.0000      5412.5610      3036.8736          12612.2146       304.9435      9575.3410     12638.6806       299.3958

PRESSURE: 1500 0 0 0 0 0 0 0 0 0
GPRESSURE: 1500 0 0 0 0 0 0 0 0 0
PRESSAVG: 1500 0 0 0 0 0 0 0 0 0
GPRESSAVG: 1500 0 0 0 0 0 0 0 0 0
ENERGY:    1500      1092.6134      1648.2290      2088.0301       149.5913            -41.6322      -788.0543         0.0000      5424.1388      2957.1464          12530.0626       296.9378      9572.9162     12555.5624       300.1045

PRESSURE: 1600 0 0 0 0 0 0 0 0 0
GPRESSURE: 1600 0 0 0 0 0 0 0 0 0
PRESSAVG: 1600 0 0 0 0 0 0 0 0 0
GPRESSAVG: 1600 0 0 0 0 0 0 0 0 0
ENERGY:    1600      1110.8635      1623.4964      2090.0448       146.5595            -40.8582      -843.4095         0.0000      5419.1940      3037.8622          12543.7526       305.0428      9505.8905     12566.9952       298.7398

PRESSURE: 1700 0 0 0 0 0 0 0 0 0
GPRESSURE: 1700 0 0 0 0 0 0 0 0 0
PRESSAVG: 1700 0 0 0 0 0 0 0 0 0
GPRESSAVG: 1700 0 0 0 0 0 0 0 0 0
ENERGY:    1700      1080.5270      1695.0805      2072.0811       163.5208            -42.1230      -824.4160         0.0000      5418.0232      2939.2481          12501.9416       295.1406      9562.6935     12526.4356       297.2041

PRESSURE: 1800 0 0 0 0 0 0 0 0 0
GPRESSURE: 1800 0 0 0 0 0 0 0 0 0
PRESSAVG: 1800 0 0 0 0 0 0 0 0 0
GPRESSAVG: 1800 0 0 0 0 0 0 0 0 0
ENERGY:    1800      1102.6338      1722.5660      2071.9337       154.3663            -42.2499      -837.7566         0.0000      5419.3316      2936.4168          12527.2416       294.8563      9590.8248     12550.8369       297.3533

PRESSURE: 1900 0 0 0 0 0 0 0 0 0
GPRESSURE: 1900 0 0 0 0 0 0 0 0 0
PRESSAVG: 1900 0 0 0 0 0 0 0 0 0
GPRESSAVG: 1900 0 0 0 0 0 0 0 0 0
ENERGY:    1900      1094.9709      1683.6617      2077.5118       154.8702            -40.5107      -828.6187         0.0000      5415.9525      2985.0465          12542.8842       299.7393      9557.8377     12567.9569       296.3086

WRITING COORDINATES TO DCD FILE adk-step1.dcd AT STEP 2000
WRITING COORDINATES TO RESTART FILE AT STEP 2000
FINISHED WRITING RESTART COORDINATES
The last position output (seq=2000) takes 0.003 seconds, 831.562 MB of memory in use
PRESSURE: 2000 0 0 0 0 0 0 0 0 0
GPRESSURE: 2000 0 0 0 0 0 0 0 0 0
PRESSAVG: 2000 0 0 0 0 0 0 0 0 0
GPRESSAVG: 2000 0 0 0 0 0 0 0 0 0
TIMING: 2000  CPU: 1.02356, 0.000502846/step  Wall: 1.03321, 0.000507941/step, 0.000423284 hours remaining, 831.562500 MB of memory in use.
ETITLE:      TS           BOND          ANGLE          DIHED          IMPRP               ELECT            VDW       BOUNDARY           MISC        KINETIC               TOTAL           TEMP      POTENTIAL         TOTAL3        TEMPAVG

ENERGY:    2000      1092.1731      1708.6550      2078.6041       143.1167            -40.3418      -815.3102         0.0000      5399.4575      2977.6211          12543.9755       298.9937      9566.3544     12565.3026       297.7595

WRITING EXTENDED SYSTEM TO RESTART FILE AT STEP 2000
WRITING VELOCITIES TO RESTART FILE AT STEP 2000
FINISHED WRITING RESTART VELOCITIES
The last velocity output (seq=2000) takes 0.002 seconds, 831.562 MB of memory in use
PRESSURE: 2100 0 0 0 0 0 0 0 0 0
GPRESSURE: 2100 0 0 0 0 0 0 0 0 0
PRESSAVG: 2100 0 0 0 0 0 0 0 0 0
GPRESSAVG: 2100 0 0 0 0 0 0 0 0 0
ENERGY:    2100      1098.3073      1702.1574      2062.4059       150.0734            -41.5415      -822.3303         0.0000      5399.0665      2946.9218          12495.0604       295.9111      9548.1386     12520.8439       297.8414

PRESSURE: 2200 0 0 0 0 0 0 0 0 0
GPRESSURE: 2200 0 0 0 0 0 0 0 0 0
PRESSAVG: 2200 0 0 0 0 0 0 0 0 0
GPRESSAVG: 2200 0 0 0 0 0 0 0 0 0
ENERGY:    2200      1101.6853      1647.4091      2070.9613       159.1108            -41.2545      -828.2585         0.0000      5406.1350      2975.9396          12491.7281       298.8249      9515.7886     12513.5986       295.7976

PRESSURE: 2300 0 0 0 0 0 0 0 0 0
GPRESSURE: 2300 0 0 0 0 0 0 0 0 0
PRESSAVG: 2300 0 0 0 0 0 0 0 0 0
GPRESSAVG: 2300 0 0 0 0 0 0 0 0 0
ENERGY:    2300      1077.2689      1703.4832      2082.5453       154.3908            -41.2055      -835.3809         0.0000      5407.0588      2954.6072          12502.7677       296.6828      9548.1605     12525.4553       296.2555

PRESSURE: 2400 0 0 0 0 0 0 0 0 0
GPRESSURE: 2400 0 0 0 0 0 0 0 0 0
PRESSAVG: 2400 0 0 0 0 0 0 0 0 0
GPRESSAVG: 2400 0 0 0 0 0 0 0 0 0
ENERGY:    2400      1088.7540      1637.2067      2076.8322       141.9468            -41.0011      -815.9964         0.0000      5410.4937      3013.0951          12511.3310       302.5558      9498.2359     12535.4615       296.8512

PRESSURE: 2500 0 0 0 0 0 0 0 0 0
GPRESSURE: 2500 0 0 0 0 0 0 0 0 0
PRESSAVG: 2500 0 0 0 0 0 0 0 0 0
GPRESSAVG: 2500 0 0 0 0 0 0 0 0 0
ENERGY:    2500      1097.9596      1691.8812      2052.9449       149.9825            -41.3525      -813.3994         0.0000      5399.1853      2996.2805          12533.4821       300.8674      9537.2016     12561.2002       298.3517

PRESSURE: 2600 0 0 0 0 0 0 0 0 0
GPRESSURE: 2600 0 0 0 0 0 0 0 0 0
PRESSAVG: 2600 0 0 0 0 0 0 0 0 0
GPRESSAVG: 2600 0 0 0 0 0 0 0 0 0
ENERGY:    2600      1045.0938      1684.9512      2046.7861       156.4572            -42.0044      -783.4774         0.0000      5398.3512      2965.3871          12471.5447       297.7653      9506.1576     12497.6955       297.7426

PRESSURE: 2700 0 0 0 0 0 0 0 0 0
GPRESSURE: 2700 0 0 0 0 0 0 0 0 0
PRESSAVG: 2700 0 0 0 0 0 0 0 0 0
GPRESSAVG: 2700 0 0 0 0 0 0 0 0 0
ENERGY:    2700      1084.2648      1673.3811      2030.6156       151.7727            -41.6244      -819.9658         0.0000      5390.3058      2926.6888          12395.4384       293.8794      9468.7497     12421.3091       294.5380

PRESSURE: 2800 0 0 0 0 0 0 0 0 0
GPRESSURE: 2800 0 0 0 0 0 0 0 0 0
PRESSAVG: 2800 0 0 0 0 0 0 0 0 0
GPRESSAVG: 2800 0 0 0 0 0 0 0 0 0
ENERGY:    2800      1112.5325      1695.9334      2046.3483       149.7695            -41.0439      -830.7972         0.0000      5386.2549      2941.5807          12460.5782       295.3748      9518.9975     12486.7382       295.6981

PRESSURE: 2900 0 0 0 0 0 0 0 0 0
GPRESSURE: 2900 0 0 0 0 0 0 0 0 0
PRESSAVG: 2900 0 0 0 0 0 0 0 0 0
GPRESSAVG: 2900 0 0 0 0 0 0 0 0 0
ENERGY:    2900      1061.8333      1654.7532      2060.6228       145.4276            -39.7678      -806.6310         0.0000      5387.1430      2986.4819          12449.8629       299.8835      9463.3810     12475.3189       295.4517

PRESSURE: 3000 0 0 0 0 0 0 0 0 0
GPRESSURE: 3000 0 0 0 0 0 0 0 0 0
PRESSAVG: 3000 0 0 0 0 0 0 0 0 0
GPRESSAVG: 3000 0 0 0 0 0 0 0 0 0
TIMING: 3000  CPU: 1.50721, 0.000483648/step  Wall: 1.51966, 0.000486445/step, 0.000270247 hours remaining, 831.562500 MB of memory in use.
ETITLE:      TS           BOND          ANGLE          DIHED          IMPRP               ELECT            VDW       BOUNDARY           MISC        KINETIC               TOTAL           TEMP      POTENTIAL         TOTAL3        TEMPAVG

ENERGY:    3000      1118.4339      1698.3369      2038.6560       136.1526            -40.2574      -821.7578         0.0000      5389.9365      2901.9007          12421.4015       291.3904      9519.5007     12441.3802       293.2613

WRITING EXTENDED SYSTEM TO RESTART FILE AT STEP 3000
WRITING VELOCITIES TO RESTART FILE AT STEP 3000
FINISHED WRITING RESTART VELOCITIES
The last velocity output (seq=3000) takes 0.003 seconds, 831.562 MB of memory in use
WRITING COORDINATES TO DCD FILE adk-step1.dcd AT STEP 3000
WRITING COORDINATES TO RESTART FILE AT STEP 3000
FINISHED WRITING RESTART COORDINATES
The last position output (seq=3000) takes 0.002 seconds, 831.562 MB of memory in use
PRESSURE: 3100 0 0 0 0 0 0 0 0 0
GPRESSURE: 3100 0 0 0 0 0 0 0 0 0
PRESSAVG: 3100 0 0 0 0 0 0 0 0 0
GPRESSAVG: 3100 0 0 0 0 0 0 0 0 0
ENERGY:    3100      1068.3717      1673.4223      2058.2717       147.5829            -39.9056      -816.3721         0.0000      5394.6067      2982.2869          12468.2645       299.4622      9485.9777     12490.6383       295.8605

PRESSURE: 3200 0 0 0 0 0 0 0 0 0
GPRESSURE: 3200 0 0 0 0 0 0 0 0 0
PRESSAVG: 3200 0 0 0 0 0 0 0 0 0
GPRESSAVG: 3200 0 0 0 0 0 0 0 0 0
ENERGY:    3200      1071.9829      1689.2782      2047.2079       164.3514            -40.7998      -843.7122         0.0000      5400.6460      2944.2031          12433.1573       295.6381      9488.9542     12463.2714       297.1344

PRESSURE: 3300 0 0 0 0 0 0 0 0 0
GPRESSURE: 3300 0 0 0 0 0 0 0 0 0
PRESSAVG: 3300 0 0 0 0 0 0 0 0 0
GPRESSAVG: 3300 0 0 0 0 0 0 0 0 0
ENERGY:    3300      1132.5771      1654.4250      2068.6789       151.4537            -40.8558      -846.0919         0.0000      5389.8873      2883.8178          12393.8921       289.5746      9510.0743     12414.4427       293.9050

PRESSURE: 3400 0 0 0 0 0 0 0 0 0
GPRESSURE: 3400 0 0 0 0 0 0 0 0 0
PRESSAVG: 3400 0 0 0 0 0 0 0 0 0
GPRESSAVG: 3400 0 0 0 0 0 0 0 0 0
ENERGY:    3400      1092.1329      1705.8022      2064.1268       155.6812            -40.6857      -839.5875         0.0000      5395.4564      2916.6735          12449.5998       292.8738      9532.9263     12475.9031       294.3890

PRESSURE: 3500 0 0 0 0 0 0 0 0 0
GPRESSURE: 3500 0 0 0 0 0 0 0 0 0
PRESSAVG: 3500 0 0 0 0 0 0 0 0 0
GPRESSAVG: 3500 0 0 0 0 0 0 0 0 0
ENERGY:    3500      1132.5478      1609.2828      2069.7840       149.0644            -40.4919      -806.9175         0.0000      5388.5087      3013.5373          12515.3157       302.6002      9501.7784     12540.3357       295.4242

PRESSURE: 3600 0 0 0 0 0 0 0 0 0
GPRESSURE: 3600 0 0 0 0 0 0 0 0 0
PRESSAVG: 3600 0 0 0 0 0 0 0 0 0
GPRESSAVG: 3600 0 0 0 0 0 0 0 0 0
ENERGY:    3600      1112.4460      1731.5871      2065.6745       148.2411            -41.2322      -844.8826         0.0000      5387.5779      3000.0152          12559.4270       301.2424      9559.4119     12586.2703       299.2199

PRESSURE: 3700 0 0 0 0 0 0 0 0 0
GPRESSURE: 3700 0 0 0 0 0 0 0 0 0
PRESSAVG: 3700 0 0 0 0 0 0 0 0 0
GPRESSAVG: 3700 0 0 0 0 0 0 0 0 0
ENERGY:    3700      1153.3706      1719.8137      2048.3369       145.1741            -40.7399      -821.6609         0.0000      5379.4589      2977.5957          12561.3488       298.9912      9583.7532     12583.8768       300.5842

PRESSURE: 3800 0 0 0 0 0 0 0 0 0
GPRESSURE: 3800 0 0 0 0 0 0 0 0 0
PRESSAVG: 3800 0 0 0 0 0 0 0 0 0
GPRESSAVG: 3800 0 0 0 0 0 0 0 0 0
ENERGY:    3800      1137.5151      1687.0218      2063.7760       145.6570            -40.6799      -809.2497         0.0000      5378.9459      3014.0774          12577.0637       302.6544      9562.9863     12601.1195       302.3261

PRESSURE: 3900 0 0 0 0 0 0 0 0 0
GPRESSURE: 3900 0 0 0 0 0 0 0 0 0
PRESSAVG: 3900 0 0 0 0 0 0 0 0 0
GPRESSAVG: 3900 0 0 0 0 0 0 0 0 0
ENERGY:    3900      1087.8842      1671.9472      2067.1026       168.0761            -40.5074      -814.6173         0.0000      5374.1669      3032.1975          12546.2498       304.4739      9514.0523     12573.5898       301.6102

PRESSURE: 4000 0 0 0 0 0 0 0 0 0
GPRESSURE: 4000 0 0 0 0 0 0 0 0 0
PRESSAVG: 4000 0 0 0 0 0 0 0 0 0
GPRESSAVG: 4000 0 0 0 0 0 0 0 0 0
TIMING: 4000  CPU: 1.99208, 0.000484863/step  Wall: 2.00951, 0.000489857/step, 0.000136071 hours remaining, 831.562500 MB of memory in use.
ETITLE:      TS           BOND          ANGLE          DIHED          IMPRP               ELECT            VDW       BOUNDARY           MISC        KINETIC               TOTAL           TEMP      POTENTIAL         TOTAL3        TEMPAVG

ENERGY:    4000      1071.5379      1671.8908      2077.6956       150.2301            -40.0043      -801.8905         0.0000      5370.7350      2952.0317          12452.2264       296.4242      9500.1946     12476.6533       296.5389

WRITING EXTENDED SYSTEM TO RESTART FILE AT STEP 4000
WRITING VELOCITIES TO RESTART FILE AT STEP 4000
FINISHED WRITING RESTART VELOCITIES
The last velocity output (seq=4000) takes 0.002 seconds, 831.562 MB of memory in use
WRITING COORDINATES TO DCD FILE adk-step1.dcd AT STEP 4000
WRITING COORDINATES TO RESTART FILE AT STEP 4000
FINISHED WRITING RESTART COORDINATES
The last position output (seq=4000) takes 0.002 seconds, 831.562 MB of memory in use
PRESSURE: 4100 0 0 0 0 0 0 0 0 0
GPRESSURE: 4100 0 0 0 0 0 0 0 0 0
PRESSAVG: 4100 0 0 0 0 0 0 0 0 0
GPRESSAVG: 4100 0 0 0 0 0 0 0 0 0
ENERGY:    4100      1124.6360      1693.3421      2051.5998       154.6312            -40.3881      -825.0520         0.0000      5379.5025      2941.1054          12479.3769       295.3271      9538.2715     12504.6886       295.8625

PRESSURE: 4200 0 0 0 0 0 0 0 0 0
GPRESSURE: 4200 0 0 0 0 0 0 0 0 0
PRESSAVG: 4200 0 0 0 0 0 0 0 0 0
GPRESSAVG: 4200 0 0 0 0 0 0 0 0 0
ENERGY:    4200      1109.8200      1711.4513      2055.4038       152.4672            -40.6951      -806.9162         0.0000      5384.3419      2966.4310          12532.3038       297.8701      9565.8728     12554.2282       299.5582

LDB: ============= START OF LOAD BALANCING ============== 4.59878
LDB: ============== END OF LOAD BALANCING =============== 4.59885
Info: useSync: 0 useProxySync: 0
LDB: =============== DONE WITH MIGRATION ================ 4.59895
PRESSURE: 4300 0 0 0 0 0 0 0 0 0
GPRESSURE: 4300 0 0 0 0 0 0 0 0 0
PRESSAVG: 4300 0 0 0 0 0 0 0 0 0
GPRESSAVG: 4300 0 0 0 0 0 0 0 0 0
ENERGY:    4300      1045.6161      1691.5053      2050.6496       150.7085            -41.7383      -803.2188         0.0000      5372.0743      3040.5851          12506.1819       305.3162      9465.5968     12531.5041       298.8967

LDB: ============= START OF LOAD BALANCING ============== 4.6502
LDB: TIME 4.65046 LOAD: AVG 0.0137065 MAX 0.0332775  PROXIES: TOTAL 174 MAXPE 7 MAXPATCH 7 None MEM: 831.562 MB
LDB: TIME 4.65062 LOAD: AVG 0.0137065 MAX 0.0332775  PROXIES: TOTAL 174 MAXPE 7 MAXPATCH 7 RefineTorusLB MEM: 831.625 MB
LDB: TIME 4.65075 LOAD: AVG 0.0137065 MAX 0.0332775  PROXIES: TOTAL 174 MAXPE 7 MAXPATCH 7 RefineTorusLB MEM: 831.625 MB
LDB: Reverting to original mapping
LDB: ============== END OF LOAD BALANCING =============== 4.65099
Info: build node-aware spanning tree with send: 1, recv: 0 with branch factor 4
Info: useSync: 0 useProxySync: 0
LDB: =============== DONE WITH MIGRATION ================ 4.6517
PRESSURE: 4400 0 0 0 0 0 0 0 0 0
GPRESSURE: 4400 0 0 0 0 0 0 0 0 0
PRESSAVG: 4400 0 0 0 0 0 0 0 0 0
GPRESSAVG: 4400 0 0 0 0 0 0 0 0 0
ENERGY:    4400      1082.6433      1668.9979      2075.5758       165.5129            -42.2606      -826.8140         0.0000      5376.4729      3050.7429          12550.8711       306.3362      9500.1282     12578.5152       300.8431

PRESSURE: 4500 0 0 0 0 0 0 0 0 0
GPRESSURE: 4500 0 0 0 0 0 0 0 0 0
PRESSAVG: 4500 0 0 0 0 0 0 0 0 0
GPRESSAVG: 4500 0 0 0 0 0 0 0 0 0
ENERGY:    4500      1126.5443      1693.8634      2068.7976       140.6903            -41.3548      -817.1571         0.0000      5378.3335      3032.3992          12582.1162       304.4942      9549.7170     12610.8086       302.4777

PRESSURE: 4600 0 0 0 0 0 0 0 0 0
GPRESSURE: 4600 0 0 0 0 0 0 0 0 0
PRESSAVG: 4600 0 0 0 0 0 0 0 0 0
GPRESSAVG: 4600 0 0 0 0 0 0 0 0 0
ENERGY:    4600      1129.1399      1735.2075      2071.1129       144.4213            -41.4547      -825.1909         0.0000      5378.9839      3000.7854          12593.0054       301.3197      9592.2199     12623.0872       303.7233

PRESSURE: 4700 0 0 0 0 0 0 0 0 0
GPRESSURE: 4700 0 0 0 0 0 0 0 0 0
PRESSAVG: 4700 0 0 0 0 0 0 0 0 0
GPRESSAVG: 4700 0 0 0 0 0 0 0 0 0
ENERGY:    4700      1100.6972      1702.6854      2083.5301       152.1705            -40.8955      -803.5742         0.0000      5388.9228      3016.5799          12600.1162       302.9057      9583.5362     12622.7567       303.6747

PRESSURE: 4800 0 0 0 0 0 0 0 0 0
GPRESSURE: 4800 0 0 0 0 0 0 0 0 0
PRESSAVG: 4800 0 0 0 0 0 0 0 0 0
GPRESSAVG: 4800 0 0 0 0 0 0 0 0 0
ENERGY:    4800      1106.7781      1758.0135      2073.0090       151.6078            -41.0068      -859.0966         0.0000      5390.9898      3012.9148          12593.2096       302.5377      9580.2948     12620.0185       304.1801

PRESSURE: 4900 0 0 0 0 0 0 0 0 0
GPRESSURE: 4900 0 0 0 0 0 0 0 0 0
PRESSAVG: 4900 0 0 0 0 0 0 0 0 0
GPRESSAVG: 4900 0 0 0 0 0 0 0 0 0
ENERGY:    4900      1084.9179      1760.6716      2086.3630       139.7610            -41.6669      -799.4489         0.0000      5392.2810      2972.9408          12595.8195       298.5238      9622.8787     12618.0478       302.3278

PRESSURE: 5000 0 0 0 0 0 0 0 0 0
GPRESSURE: 5000 0 0 0 0 0 0 0 0 0
PRESSAVG: 5000 0 0 0 0 0 0 0 0 0
GPRESSAVG: 5000 0 0 0 0 0 0 0 0 0
TIMING: 5000  CPU: 2.4817, 0.000489624/step  Wall: 2.50411, 0.000494599/step, 0 hours remaining, 831.625000 MB of memory in use.
ETITLE:      TS           BOND          ANGLE          DIHED          IMPRP               ELECT            VDW       BOUNDARY           MISC        KINETIC               TOTAL           TEMP      POTENTIAL         TOTAL3        TEMPAVG

ENERGY:    5000      1115.3638      1688.2897      2077.5803       147.5819            -41.9108      -853.0776         0.0000      5392.0410      3028.7319          12554.6002       304.1260      9525.8683     12578.2595       304.5944

WRITING EXTENDED SYSTEM TO RESTART FILE AT STEP 5000
WRITING VELOCITIES TO RESTART FILE AT STEP 5000
FINISHED WRITING RESTART VELOCITIES
The last velocity output (seq=5000) takes 0.002 seconds, 832.375 MB of memory in use
WRITING COORDINATES TO DCD FILE adk-step1.dcd AT STEP 5000
WRITING COORDINATES TO RESTART FILE AT STEP 5000
FINISHED WRITING RESTART COORDINATES
The last position output (seq=5000) takes 0.002 seconds, 832.375 MB of memory in use
WRITING EXTENDED SYSTEM TO OUTPUT FILE AT STEP 5000
WRITING COORDINATES TO OUTPUT FILE AT STEP 5000
CLOSING COORDINATE DCD FILE adk-step1.dcd
The last position output (seq=-2) takes 0.004 seconds, 832.375 MB of memory in use
WRITING VELOCITIES TO OUTPUT FILE AT STEP 5000
====================================================

WallClock: 4.947051  CPUTime: 3.389037  Memory: 832.437500 MB
End of program
