1_1_cc.dat
/gpfs/alpine/bip115/scratch/hrlee/radical.pilot.sandbox/re.session.login1.hrlee.018632.0005/pilot.0000/staging_area/1_1_cc.dat
1, 1
Choosing optimized barrier algorithm name I0:HybridBinomial:SHMEM:P2P
Converse/Charm++ Commit ID: v6.10.2-0-g7bf00fa-namd-charm-6.10.2-build-2020-Aug-05-556
Warning> Randomization of virtual memory (ASLR) is turned on in the kernel, thread migration may not work! Run 'echo 0 > /proc/sys/kernel/randomize_va_space' as root to disable it, or try running with '+isomalloc_sync'.
CharmLB> Load balancer assumes all CPUs are same.
Charm++> Running on 1 hosts (1 sockets x 7 cores x 4 PUs = 28-way SMP)
Charm++> cpu topology info is gathered in 0.002 seconds.
Info: Built with CUDA version 10010
Did not find +devices i,j,k,... argument, using all
Pe 6 physical rank 6 will use CUDA device of pe 4
Pe 18 physical rank 18 will use CUDA device of pe 14
Pe 39 physical rank 39 will use CUDA device of pe 35
Pe 32 physical rank 32 will use CUDA device of pe 28
Pe 24 physical rank 24 will use CUDA device of pe 21
Pe 11 physical rank 11 will use CUDA device of pe 7
Pe 5 physical rank 5 will use CUDA device of pe 4
Pe 19 physical rank 19 will use CUDA device of pe 14
Pe 37 physical rank 37 will use CUDA device of pe 35
Pe 33 physical rank 33 will use CUDA device of pe 28
Pe 26 physical rank 26 will use CUDA device of pe 21
Pe 9 physical rank 9 will use CUDA device of pe 7
Pe 1 physical rank 1 will use CUDA device of pe 4
Pe 17 physical rank 17 will use CUDA device of pe 14
Pe 38 physical rank 38 will use CUDA device of pe 35
Pe 30 physical rank 30 will use CUDA device of pe 28
Pe 25 physical rank 25 will use CUDA device of pe 21
Pe 12 physical rank 12 will use CUDA device of pe 7
Pe 16 physical rank 16 will use CUDA device of pe 14
Pe 41 physical rank 41 will use CUDA device of pe 35
Pe 34 physical rank 34 will use CUDA device of pe 28
Pe 23 physical rank 23 will use CUDA device of pe 21
Pe 10 physical rank 10 will use CUDA device of pe 7
Pe 0 physical rank 0 will use CUDA device of pe 4
Pe 20 physical rank 20 will use CUDA device of pe 14
Pe 36 physical rank 36 will use CUDA device of pe 35
Pe 31 physical rank 31 will use CUDA device of pe 28
Pe 27 physical rank 27 will use CUDA device of pe 21
Pe 13 physical rank 13 will use CUDA device of pe 7
Pe 3 physical rank 3 will use CUDA device of pe 4
Pe 15 physical rank 15 will use CUDA device of pe 14
Pe 40 physical rank 40 will use CUDA device of pe 35
Pe 29 physical rank 29 will use CUDA device of pe 28
Pe 22 physical rank 22 will use CUDA device of pe 21
Pe 8 physical rank 8 will use CUDA device of pe 7
Pe 2 physical rank 2 will use CUDA device of pe 4
Pe 7 physical rank 7 binding to CUDA device 0 on h36n07: 'Tesla V100-SXM2-16GB'  Mem: 16128MB  Rev: 7.0  PCI: 4:5:0
Pe 4 physical rank 4 binding to CUDA device 0 on h36n07: 'Tesla V100-SXM2-16GB'  Mem: 16128MB  Rev: 7.0  PCI: 4:4:0
Pe 14 physical rank 14 binding to CUDA device 0 on h36n07: 'Tesla V100-SXM2-16GB'  Mem: 16128MB  Rev: 7.0  PCI: 4:6:0
Pe 35 physical rank 35 binding to CUDA device 0 on h36n07: 'Tesla V100-SXM2-16GB'  Mem: 16128MB  Rev: 7.0  PCI: 35:5:0
Pe 28 physical rank 28 binding to CUDA device 0 on h36n07: 'Tesla V100-SXM2-16GB'  Mem: 16128MB  Rev: 7.0  PCI: 35:4:0
Pe 21 physical rank 21 binding to CUDA device 0 on h36n07: 'Tesla V100-SXM2-16GB'  Mem: 16128MB  Rev: 7.0  PCI: 35:3:0
Info: NAMD 2.14 for Linux-POWER-pami-smp-Summit-CUDA
Info: 
Info: Please visit http://www.ks.uiuc.edu/Research/namd/
Info: for updates, documentation, and support information.
Info: 
Info: Please cite Phillips et al., J. Chem. Phys. 153:044130 (2020) doi:10.1063/5.0014475
Info: in all publications reporting results obtained with NAMD.
Info: 
Info: Based on Charm++/Converse 61002 for pami-linux-ppc64le-smp
Info: Built Wed Aug 5 14:28:51 EDT 2020 by jimp on login2
Info: 1 NAMD  2.14  Linux-POWER-pami-smp-Summit-CUDA  42    h36n07  hrlee
Info: Running on 42 processors, 6 nodes, 1 physical nodes.
Info: CPU topology information available.
Info: Charm++/Converse parallel runtime startup completed at 1.39616 s
CkLoopLib is used in SMP with simple dynamic scheduling (converse-level notification)
Info: 791.625 MB of memory in use based on /proc/self/stat
Info: Configuration file is adk-step1.namd
Info: Working in the current directory /gpfs/alpine/bip115/scratch/hrlee/radical.pilot.sandbox/re.session.login1.hrlee.018632.0005/pilot.0000/unit.000176
TCL: Suspending until startup complete.
Info: SIMULATION PARAMETERS:
Info: TIMESTEP               1
Info: NUMBER OF STEPS        0
Info: STEPS PER CYCLE        20
Info: LOAD BALANCER  Centralized
Info: LOAD BALANCING STRATEGY  New Load Balancers -- DEFAULT
Info: LDB PERIOD             4000 steps
Info: FIRST LDB TIMESTEP     100
Info: LAST LDB TIMESTEP     -1
Info: LDB BACKGROUND SCALING 1
Info: HOM BACKGROUND SCALING 1
Info: MIN ATOMS PER PATCH    40
Info: VELOCITY FILE          1_1_adk-step1.restart.vel
Info: CENTER OF MASS MOVING INITIALLY? NO
Info: DIELECTRIC             80
Info: EXCLUDE                SCALED ONE-FOUR
Info: 1-4 ELECTROSTATICS SCALED BY 1
Info: MODIFIED 1-4 VDW PARAMETERS WILL BE USED
Info: DCD FILENAME           adk-step1.dcd
Info: DCD FREQUENCY          1000
Info: DCD FIRST STEP         1000
Info: NO EXTENDED SYSTEM TRAJECTORY OUTPUT
Info: NO VELOCITY DCD OUTPUT
Info: NO FORCE DCD OUTPUT
Info: OUTPUT FILENAME        adk-step1
Info: BINARY OUTPUT FILES WILL BE USED
Info: RESTART FILENAME       adk-step1.restart
Info: RESTART FREQUENCY      1000
Info: BINARY RESTART FILES WILL BE USED
Info: SWITCHING ACTIVE
Info: SWITCHING ON           9
Info: SWITCHING OFF          10
Info: PAIRLIST DISTANCE      11
Info: PAIRLIST SHRINK RATE   0.01
Info: PAIRLIST GROW RATE     0.01
Info: PAIRLIST TRIGGER       0.3
Info: PAIRLISTS PER CYCLE    2
Info: PAIRLISTS ENABLED
Info: MARGIN                 0
Info: HYDROGEN GROUP CUTOFF  2.5
Info: PATCH DIMENSION        13.5
Info: ENERGY OUTPUT STEPS    100
Info: CROSSTERM ENERGY INCLUDED IN DIHEDRAL
Info: TIMING OUTPUT STEPS    1000
Info: PRESSURE OUTPUT STEPS  100
Info: GRID FORCE ACTIVE
Info:  Please include this reference in published work using
Info:  the Gridforce module of NAMD: David Wells, Volha Abramkina,
Info:  and Aleksei Aksimentiev, J. Chem. Phys. 127:125101-10 (2007).
Info: MGRIDFORCE key 0
Info:            Potfile 4ake-target_autopsf-grid.dx
Info:            Scale 0.3 0.3 0.3
Info:            File 1ake-docked-noh_autopsf-grid.pdb
Info:            Col O
Info:            ChargeCol B
Info:            VOffset 0 0 0
Info:            Continuous K1 FALSE
Info:            Continuous K2 FALSE
Info:            Continuous K3 FALSE
Info:            Volts FALSE
Info:            Gridforce-Lite FALSE
Info:            Gridforce-CheckSize TRUE
Info: LANGEVIN DYNAMICS ACTIVE
Info: LANGEVIN TEMPERATURE   300
Info: LANGEVIN USING BBK INTEGRATOR
Info: LANGEVIN DAMPING COEFFICIENT IS 5 INVERSE PS
Info: LANGEVIN DYNAMICS NOT APPLIED TO HYDROGENS
Info: USING VERLET I (r-RESPA) MTS SCHEME.
Info: C1 SPLITTING OF LONG RANGE ELECTROSTATICS
Info: PLACING ATOMS IN PATCHES BY HYDROGEN GROUPS
Info: RIGID BONDS TO HYDROGEN : WATER
Info:         ERROR TOLERANCE : 1e-08
Info:          MAX ITERATIONS : 100
Info: RIGID WATER USING SETTLE ALGORITHM
Info: NONBONDED FORCES EVALUATED EVERY 2 STEPS
Info: RANDOM NUMBER SEED     1609827643
Info: USE HYDROGEN BONDS?    NO
Info: COORDINATE PDB         1ake-docked-noh_autopsf.pdb
Info: STRUCTURE FILE         1ake-docked-noh_autopsf.psf
Info: PARAMETER file: CHARMM format! 
Info: PARAMETERS             par_all36_prot.prm
Info: USING ARITHMETIC MEAN TO COMBINE L-J SIGMA PARAMETERS
Info: BINARY COORDINATES     1_1_adk-step1.restart.coor
Info: SUMMARY OF PARAMETERS:
Info: 132 BONDS
Info: 362 ANGLES
Info: 702 DIHEDRAL
Info: 35 IMPROPER
Info: 6 CROSSTERM
Info: 53 VDW
Info: 0 VDW_PAIRS
Info: 0 NBTHOLE_PAIRS
Info: TIME FOR READING PSF FILE: 0.442916
Info: READING EXTRA BONDS FILE 1ake-extrabonds.txt
Info: READING EXTRA BONDS FILE 1ake-extrabonds-cispeptide.txt
Info: READING EXTRA BONDS FILE 1ake-extrabonds-chirality.txt
Info: READ 80 EXTRA BONDS
Info: READ 80 EXTRA ANGLES
Warning: EXTRA ANGLES ARE COSINE-BASED BY DEFAULT TO MATCH PREVIOUS VERSIONS
Warning: FOR NORMAL HARMONIC EXTRA ANGLES SET extraBondsCosAngles off
Info: READ 493 EXTRA DIHEDRALS
Info: READ 438 EXTRA IMPROPERS
Info: Reading pdb file 1ake-docked-noh_autopsf.pdb
Info: TIME FOR READING PDB FILE: 0.0666982
Info: 
Info: ****************************
Info: STRUCTURE SUMMARY:
Info: 3341 ATOMS
Info: 3445 BONDS
Info: 6203 ANGLES
Info: 9414 DIHEDRALS
Info: 1005 IMPROPERS
Info: 212 CROSSTERMS
Info: 0 EXCLUSIONS
Info: 0 RIGID BONDS
Info: 1 GRIDS ACTIVE
Info: 10023 DEGREES OF FREEDOM
Info: 1656 HYDROGEN GROUPS
Info: 4 ATOMS IN LARGEST HYDROGEN GROUP
Info: 1656 MIGRATION GROUPS
Info: 4 ATOMS IN LARGEST MIGRATION GROUP
Info: TOTAL MASS = 23582 amu
Info: TOTAL CHARGE = -4 e
Info: *****************************
Info: Reading from binary file 1_1_adk-step1.restart.coor
Info: 
Info: Entering startup at 2.31125 s, 798.375 MB of memory in use
Info: Startup phase 0 took 0.000277449 s, 798.375 MB of memory in use
Info: ADDED 18308 IMPLICIT EXCLUSIONS
Info: Startup phase 1 took 0.00724114 s, 798.625 MB of memory in use
Info: NONBONDED TABLE R-SQUARED SPACING: 0.0625
Info: NONBONDED TABLE SIZE: 705 POINTS
Info: ABSOLUTE IMPRECISION IN FAST TABLE ENERGY: 3.38813e-21 AT 9.89634
Info: RELATIVE IMPRECISION IN FAST TABLE ENERGY: 4.23384e-15 AT 9.94673
Info: ABSOLUTE IMPRECISION IN FAST TABLE FORCE: 6.35275e-22 AT 9.94673
Info: RELATIVE IMPRECISION IN FAST TABLE FORCE: 5.07982e-16 AT 9.94673
Info: INCONSISTENCY IN FAST TABLE ENERGY VS FORCE: 0.000290185 AT 0.251946
Info: ABSOLUTE IMPRECISION IN VDWA TABLE ENERGY: 1.57772e-30 AT 9.89634
Info: RELATIVE IMPRECISION IN VDWA TABLE ENERGY: 4.54938e-15 AT 9.94673
Info: ABSOLUTE IMPRECISION IN VDWA TABLE FORCE: 5.91646e-31 AT 9.94673
Info: RELATIVE IMPRECISION IN VDWA TABLE FORCE: 5.6823e-16 AT 9.94673
Info: INCONSISTENCY IN VDWA TABLE ENERGY VS FORCE: 0.0040507 AT 0.251946
Info: ABSOLUTE IMPRECISION IN VDWB TABLE ENERGY: 4.71751e-25 AT 9.94673
Info: RELATIVE IMPRECISION IN VDWB TABLE ENERGY: 1.45371e-14 AT 9.94673
Info: ABSOLUTE IMPRECISION IN VDWB TABLE FORCE: 6.20385e-25 AT 9.94673
Info: RELATIVE IMPRECISION IN VDWB TABLE FORCE: 5.97512e-16 AT 9.94673
Info: INCONSISTENCY IN VDWB TABLE ENERGY VS FORCE: 0.00377068 AT 9.07951
Info: Startup phase 2 took 0.000798505 s, 800 MB of memory in use
Info: Startup phase 3 took 0.000213085 s, 800.312 MB of memory in use
Info: Startup phase 4 took 0.000261975 s, 800.5 MB of memory in use
Info: Startup phase 5 took 0.000198009 s, 800.5 MB of memory in use
Info: ORIGINAL ATOMS MINMAX IS -24.1942 -33.6436 -34.772  17.3391 10.9345 13.8275
Info: ADJUSTED ATOMS MINMAX IS -17.959 -27.1794 -29.5357  11.3012 7.15994 5.34957
Info: PATCH GRID IS 5 BY 3 BY 3
Info: PATCH GRID IS 2-AWAY BY 1-AWAY BY 1-AWAY
Info: Reading from binary file 1_1_adk-step1.restart.vel
Info: REMOVING COM VELOCITY 0.0665442 -0.127047 -0.0443786
Info: LARGEST PATCH (24) HAS 139 ATOMS
Info: TORUS A SIZE 1 USING 0
Info: TORUS B SIZE 1 USING 0
Info: TORUS C SIZE 1 USING 0
Info: TORUS MINIMAL MESH SIZE IS 1 BY 1 BY 1
Info: Placed 100% of base nodes on same physical node as patch
Info: Startup phase 6 took 0.00831672 s, 800.625 MB of memory in use
Info: Startup phase 7 took 0.000209043 s, 801.5 MB of memory in use
Info: Updated CUDA force table with 4096 elements.
Info: Updated CUDA LJ table with 53 x 53 elements.
Info: Updated CUDA force table with 4096 elements.
Info: Updated CUDA LJ table with 53 x 53 elements.
Info: Updated CUDA force table with 4096 elements.
Info: Updated CUDA force table with 4096 elements.
Info: Updated CUDA LJ table with 53 x 53 elements.
Info: Updated CUDA LJ table with 53 x 53 elements.
Info: Updated CUDA force table with 4096 elements.
Info: Updated CUDA LJ table with 53 x 53 elements.
Info: Updated CUDA force table with 4096 elements.
Info: Updated CUDA LJ table with 53 x 53 elements.
Info: Startup phase 8 took 0.00350586 s, 801.688 MB of memory in use
Info: Startup phase 9 took 0.00036042 s, 801.75 MB of memory in use
Info: Startup phase 10 took 0.000183499 s, 801.812 MB of memory in use
Info: Startup phase 11 took 0.000821637 s, 801.875 MB of memory in use
LDB: Central LB being created...
Info: Startup phase 12 took 0.00201446 s, 802.625 MB of memory in use
Info: CREATING 1139 COMPUTE OBJECTS
Info: Found 278 unique exclusion lists needing 900 bytes
Info: Found 278 unique exclusion lists needing 900 bytes
Info: Found 278 unique exclusion lists needing 900 bytes
Info: Found 278 unique exclusion lists needing 900 bytes
Info: Found 278 unique exclusion lists needing 900 bytes
Info: Found 278 unique exclusion lists needing 900 bytes
Info: useSync: 0 useProxySync: 0
Info: Startup phase 13 took 0.0148029 s, 803.625 MB of memory in use
Info: Building spanning tree ... send: 1 recv: 0 with branch factor 4
Info: Startup phase 14 took 0.000235332 s, 803.75 MB of memory in use
Info: Startup phase 15 took 0.000246065 s, 803.875 MB of memory in use
Info: Finished startup at 2.35094 s, 804.062 MB of memory in use

TCL: Running for 5000 steps
PRESSURE: 0 0 0 0 0 0 0 0 0 0
GPRESSURE: 0 0 0 0 0 0 0 0 0 0
ETITLE:      TS           BOND          ANGLE          DIHED          IMPRP               ELECT            VDW       BOUNDARY           MISC        KINETIC               TOTAL           TEMP      POTENTIAL         TOTAL3        TEMPAVG

ENERGY:       0      1118.1825      1711.7914      2082.6775       156.2956            -40.4127      -833.1809         0.0000      5483.7523      2957.2832          12636.3889       296.9515      9679.1057     12661.1409       296.9515

LDB: ============= START OF LOAD BALANCING ============== 2.36126
LDB: ============== END OF LOAD BALANCING =============== 2.36131
Info: useSync: 0 useProxySync: 0
LDB: =============== DONE WITH MIGRATION ================ 2.36144
LDB: ============= START OF LOAD BALANCING ============== 2.39643
LDB: Partitioning computes with target load 0.000000
LDB: Increased migratable compute count from 0 to 0
LDB: Largest unpartitionable compute is 0.000000
LDB: ============== END OF LOAD BALANCING =============== 2.39686
Info: build node-aware spanning tree with send: 1, recv: 0 with branch factor 4
Info: useSync: 0 useProxySync: 0
LDB: =============== DONE WITH MIGRATION ================ 2.39771
PRESSURE: 100 0 0 0 0 0 0 0 0 0
GPRESSURE: 100 0 0 0 0 0 0 0 0 0
PRESSAVG: 100 0 0 0 0 0 0 0 0 0
GPRESSAVG: 100 0 0 0 0 0 0 0 0 0
Info: Initial time: 42 CPUs 0.000435189 s/step 0.00503691 days/ns 819.562 MB memory
ENERGY:     100      1079.9313      1659.1852      2063.2193       158.4959            -40.7508      -825.1270         0.0000      5493.1647      2973.8540          12561.9726       298.6155      9588.1186     12588.9578       298.3423

LDB: ============= START OF LOAD BALANCING ============== 2.40639
Info: useSync: 0 useProxySync: 0
LDB: ============== END OF LOAD BALANCING =============== 2.40643
LDB: =============== DONE WITH MIGRATION ================ 2.40652
LDB: ============= START OF LOAD BALANCING ============== 2.44418
LDB: TIME 2.4445 LOAD: AVG 0.0109276 MAX 0.0269465  PROXIES: TOTAL 173 MAXPE 7 MAXPATCH 7 None MEM: 820.438 MB
LDB: TIME 2.44477 LOAD: AVG 0.0109276 MAX 0.0269465  PROXIES: TOTAL 173 MAXPE 7 MAXPATCH 7 TorusLB MEM: 820.438 MB
LDB: Reverting to original mapping
LDB: ============== END OF LOAD BALANCING =============== 2.44506
Info: build node-aware spanning tree with send: 1, recv: 0 with branch factor 4
Info: useSync: 0 useProxySync: 0
LDB: =============== DONE WITH MIGRATION ================ 2.44585
PRESSURE: 200 0 0 0 0 0 0 0 0 0
GPRESSURE: 200 0 0 0 0 0 0 0 0 0
PRESSAVG: 200 0 0 0 0 0 0 0 0 0
GPRESSAVG: 200 0 0 0 0 0 0 0 0 0
Info: Initial time: 42 CPUs 0.000460388 s/step 0.00532856 days/ns 820.438 MB memory
ENERGY:     200      1071.0590      1702.4906      2077.2936       152.3968            -40.5286      -826.4919         0.0000      5490.1434      2947.0127          12573.3757       295.9202      9626.3630     12598.8690       296.1434

LDB: ============= START OF LOAD BALANCING ============== 2.49436
LDB: TIME 2.49469 LOAD: AVG 0.013466 MAX 0.0348787  PROXIES: TOTAL 173 MAXPE 7 MAXPATCH 7 None MEM: 821.375 MB
LDB: TIME 2.49492 LOAD: AVG 0.013466 MAX 0.0348787  PROXIES: TOTAL 173 MAXPE 7 MAXPATCH 7 RefineTorusLB MEM: 821.438 MB
LDB: TIME 2.49509 LOAD: AVG 0.013466 MAX 0.0348787  PROXIES: TOTAL 173 MAXPE 7 MAXPATCH 7 RefineTorusLB MEM: 821.438 MB
LDB: ============== END OF LOAD BALANCING =============== 2.49535
Info: build node-aware spanning tree with send: 1, recv: 0 with branch factor 4
Info: useSync: 0 useProxySync: 0
LDB: =============== DONE WITH MIGRATION ================ 2.4961
PRESSURE: 300 0 0 0 0 0 0 0 0 0
GPRESSURE: 300 0 0 0 0 0 0 0 0 0
PRESSAVG: 300 0 0 0 0 0 0 0 0 0
GPRESSAVG: 300 0 0 0 0 0 0 0 0 0
Info: Initial time: 42 CPUs 0.000483463 s/step 0.00559564 days/ns 821.438 MB memory
ENERGY:     300      1060.0353      1738.1829      2055.7918       149.2792            -41.3839      -832.7445         0.0000      5493.6000      2926.3056          12549.0664       293.8410      9622.7608     12572.0226       295.1827

LDB: ============= START OF LOAD BALANCING ============== 2.54458
LDB: TIME 2.54484 LOAD: AVG 0.013477 MAX 0.0351296  PROXIES: TOTAL 173 MAXPE 7 MAXPATCH 7 None MEM: 822.25 MB
LDB: TIME 2.54508 LOAD: AVG 0.013477 MAX 0.0351296  PROXIES: TOTAL 173 MAXPE 7 MAXPATCH 7 RefineTorusLB MEM: 822.25 MB
LDB: TIME 2.54522 LOAD: AVG 0.013477 MAX 0.0351296  PROXIES: TOTAL 173 MAXPE 7 MAXPATCH 7 RefineTorusLB MEM: 822.25 MB
LDB: Reverting to original mapping
LDB: ============== END OF LOAD BALANCING =============== 2.54545
Info: build node-aware spanning tree with send: 1, recv: 0 with branch factor 4
Info: useSync: 0 useProxySync: 0
LDB: =============== DONE WITH MIGRATION ================ 2.5462
PRESSURE: 400 0 0 0 0 0 0 0 0 0
GPRESSURE: 400 0 0 0 0 0 0 0 0 0
PRESSAVG: 400 0 0 0 0 0 0 0 0 0
GPRESSAVG: 400 0 0 0 0 0 0 0 0 0
Info: Benchmark time: 42 CPUs 0.000483902 s/step 0.00560072 days/ns 822.25 MB memory
ENERGY:     400      1041.8050      1712.2319      2062.7912       155.1283            -40.7581      -806.3873         0.0000      5487.5331      2950.7359          12563.0800       296.2941      9612.3441     12590.4008       297.0433

PRESSURE: 500 0 0 0 0 0 0 0 0 0
GPRESSURE: 500 0 0 0 0 0 0 0 0 0
PRESSAVG: 500 0 0 0 0 0 0 0 0 0
GPRESSAVG: 500 0 0 0 0 0 0 0 0 0
Info: Benchmark time: 42 CPUs 0.0004383 s/step 0.00507292 days/ns 823.125 MB memory
ENERGY:     500      1080.7422      1705.8918      2075.6186       142.3916            -42.4254      -841.0897         0.0000      5490.7301      2942.6812          12554.5405       295.4853      9611.8593     12573.9710       296.2879

PRESSURE: 600 0 0 0 0 0 0 0 0 0
GPRESSURE: 600 0 0 0 0 0 0 0 0 0
PRESSAVG: 600 0 0 0 0 0 0 0 0 0
GPRESSAVG: 600 0 0 0 0 0 0 0 0 0
Info: Benchmark time: 42 CPUs 0.000409523 s/step 0.00473985 days/ns 823.125 MB memory
ENERGY:     600      1118.3832      1686.9134      2087.5483       157.5051            -41.7677      -844.3709         0.0000      5495.5609      2900.8878          12560.6601       291.2887      9659.7724     12585.5652       294.9523

PRESSURE: 700 0 0 0 0 0 0 0 0 0
GPRESSURE: 700 0 0 0 0 0 0 0 0 0
PRESSAVG: 700 0 0 0 0 0 0 0 0 0
GPRESSAVG: 700 0 0 0 0 0 0 0 0 0
Info: Benchmark time: 42 CPUs 0.00046727 s/step 0.00540822 days/ns 823.125 MB memory
ENERGY:     700      1090.2921      1711.2106      2072.7139       144.9563            -40.9043      -833.3957         0.0000      5494.8776      3023.0079          12662.7583       303.5512      9639.7504     12688.3478       297.6013

PRESSURE: 800 0 0 0 0 0 0 0 0 0
GPRESSURE: 800 0 0 0 0 0 0 0 0 0
PRESSAVG: 800 0 0 0 0 0 0 0 0 0
GPRESSAVG: 800 0 0 0 0 0 0 0 0 0
Info: Benchmark time: 42 CPUs 0.000410936 s/step 0.00475621 days/ns 823.125 MB memory
ENERGY:     800      1129.3081      1646.6840      2070.1792       158.8642            -40.7176      -802.6530         0.0000      5493.1079      2980.3711          12635.1438       299.2699      9654.7727     12659.1169       300.4690

PRESSURE: 900 0 0 0 0 0 0 0 0 0
GPRESSURE: 900 0 0 0 0 0 0 0 0 0
PRESSAVG: 900 0 0 0 0 0 0 0 0 0
GPRESSAVG: 900 0 0 0 0 0 0 0 0 0
Info: Benchmark time: 42 CPUs 0.000411891 s/step 0.00476726 days/ns 823.125 MB memory
ENERGY:     900      1097.5537      1682.9557      2076.9057       146.0940            -40.9115      -820.3508         0.0000      5501.4256      2937.8403          12581.5127       294.9992      9643.6724     12609.0808       301.2747

PRESSURE: 1000 0 0 0 0 0 0 0 0 0
GPRESSURE: 1000 0 0 0 0 0 0 0 0 0
PRESSAVG: 1000 0 0 0 0 0 0 0 0 0
GPRESSAVG: 1000 0 0 0 0 0 0 0 0 0
TIMING: 1000  CPU: 0.468966, 0.000451405/step  Wall: 0.469972, 0.000452062/step, 0.000502292 hours remaining, 823.125000 MB of memory in use.
ETITLE:      TS           BOND          ANGLE          DIHED          IMPRP               ELECT            VDW       BOUNDARY           MISC        KINETIC               TOTAL           TEMP      POTENTIAL         TOTAL3        TEMPAVG

ENERGY:    1000      1113.9480      1686.7795      2050.0376       142.0185            -40.1801      -835.8810         0.0000      5500.3978      2945.9878          12563.1081       295.8173      9617.1203     12584.7629       296.8978

WRITING EXTENDED SYSTEM TO RESTART FILE AT STEP 1000
OPENING COORDINATE DCD FILE
WRITING COORDINATES TO DCD FILE adk-step1.dcd AT STEP 1000
WRITING COORDINATES TO RESTART FILE AT STEP 1000
FINISHED WRITING RESTART COORDINATES
The last position output (seq=1000) takes 0.004 seconds, 823.250 MB of memory in use
WRITING VELOCITIES TO RESTART FILE AT STEP 1000
FINISHED WRITING RESTART VELOCITIES
The last velocity output (seq=1000) takes 0.002 seconds, 823.312 MB of memory in use
PRESSURE: 1100 0 0 0 0 0 0 0 0 0
GPRESSURE: 1100 0 0 0 0 0 0 0 0 0
PRESSAVG: 1100 0 0 0 0 0 0 0 0 0
GPRESSAVG: 1100 0 0 0 0 0 0 0 0 0
ENERGY:    1100      1093.9393      1712.4995      2047.3425       152.9481            -40.1028      -832.6298         0.0000      5498.6856      2951.1412          12583.8235       296.3348      9632.6823     12609.5841       296.7374

PRESSURE: 1200 0 0 0 0 0 0 0 0 0
GPRESSURE: 1200 0 0 0 0 0 0 0 0 0
PRESSAVG: 1200 0 0 0 0 0 0 0 0 0
GPRESSAVG: 1200 0 0 0 0 0 0 0 0 0
ENERGY:    1200      1084.9274      1683.3421      2059.7100       141.3386            -40.5435      -850.6659         0.0000      5494.3156      2972.0533          12544.4777       298.4346      9572.4244     12566.3764       297.3506

PRESSURE: 1300 0 0 0 0 0 0 0 0 0
GPRESSURE: 1300 0 0 0 0 0 0 0 0 0
PRESSAVG: 1300 0 0 0 0 0 0 0 0 0
GPRESSAVG: 1300 0 0 0 0 0 0 0 0 0
ENERGY:    1300      1121.9474      1659.7950      2092.2269       143.1966            -40.4780      -813.6415         0.0000      5485.4779      2898.0427          12546.5670       291.0030      9648.5243     12569.1927       296.2805

PRESSURE: 1400 0 0 0 0 0 0 0 0 0
GPRESSURE: 1400 0 0 0 0 0 0 0 0 0
PRESSAVG: 1400 0 0 0 0 0 0 0 0 0
GPRESSAVG: 1400 0 0 0 0 0 0 0 0 0
ENERGY:    1400      1080.9905      1693.5009      2087.8049       147.0303            -40.6152      -852.6359         0.0000      5477.4551      3007.1510          12600.6817       301.9589      9593.5307     12626.4092       297.2891

PRESSURE: 1500 0 0 0 0 0 0 0 0 0
GPRESSURE: 1500 0 0 0 0 0 0 0 0 0
PRESSAVG: 1500 0 0 0 0 0 0 0 0 0
GPRESSAVG: 1500 0 0 0 0 0 0 0 0 0
ENERGY:    1500      1105.3252      1648.8335      2097.4727       151.1122            -40.9018      -841.2974         0.0000      5471.5093      3005.1031          12597.1568       301.7533      9592.0537     12621.6754       299.7152

PRESSURE: 1600 0 0 0 0 0 0 0 0 0
GPRESSURE: 1600 0 0 0 0 0 0 0 0 0
PRESSAVG: 1600 0 0 0 0 0 0 0 0 0
GPRESSAVG: 1600 0 0 0 0 0 0 0 0 0
ENERGY:    1600      1076.5356      1682.3711      2123.5081       153.2192            -40.3350      -859.6894         0.0000      5470.4288      2972.1179          12578.1563       298.4411      9606.0383     12605.5186       299.1726

PRESSURE: 1700 0 0 0 0 0 0 0 0 0
GPRESSURE: 1700 0 0 0 0 0 0 0 0 0
PRESSAVG: 1700 0 0 0 0 0 0 0 0 0
GPRESSAVG: 1700 0 0 0 0 0 0 0 0 0
ENERGY:    1700      1066.3443      1653.5779      2104.9961       145.1467            -39.8409      -844.1286         0.0000      5471.7256      3002.9149          12560.7359       301.5336      9557.8211     12587.2707       296.4028

PRESSURE: 1800 0 0 0 0 0 0 0 0 0
GPRESSURE: 1800 0 0 0 0 0 0 0 0 0
PRESSAVG: 1800 0 0 0 0 0 0 0 0 0
GPRESSAVG: 1800 0 0 0 0 0 0 0 0 0
ENERGY:    1800      1137.6684      1687.4876      2073.3332       141.2253            -41.2940      -821.5829         0.0000      5462.3153      2967.9169          12607.0698       298.0193      9639.1529     12632.3580       297.1896

PRESSURE: 1900 0 0 0 0 0 0 0 0 0
GPRESSURE: 1900 0 0 0 0 0 0 0 0 0
PRESSAVG: 1900 0 0 0 0 0 0 0 0 0
GPRESSAVG: 1900 0 0 0 0 0 0 0 0 0
ENERGY:    1900      1079.0796      1671.4523      2062.1204       136.3046            -42.2497      -810.1912         0.0000      5471.3288      2995.7612          12563.6061       300.8152      9567.8449     12592.7392       298.8049

PRESSURE: 2000 0 0 0 0 0 0 0 0 0
GPRESSURE: 2000 0 0 0 0 0 0 0 0 0
PRESSAVG: 2000 0 0 0 0 0 0 0 0 0
GPRESSAVG: 2000 0 0 0 0 0 0 0 0 0
TIMING: 2000  CPU: 0.878654, 0.000409688/step  Wall: 0.889504, 0.000419532/step, 0.00034961 hours remaining, 823.312500 MB of memory in use.
ETITLE:      TS           BOND          ANGLE          DIHED          IMPRP               ELECT            VDW       BOUNDARY           MISC        KINETIC               TOTAL           TEMP      POTENTIAL         TOTAL3        TEMPAVG

ENERGY:    2000      1089.0070      1677.4498      2056.9077       150.0473            -41.6388      -837.3532         0.0000      5465.8334      2949.8408          12510.0939       296.2042      9560.2531     12535.2336       295.9625

WRITING EXTENDED SYSTEM TO RESTART FILE AT STEP 2000
WRITING VELOCITIES TO RESTART FILE AT STEP 2000
FINISHED WRITING RESTART VELOCITIES
The last velocity output (seq=2000) takes 0.002 seconds, 823.312 MB of memory in use
WRITING COORDINATES TO DCD FILE adk-step1.dcd AT STEP 2000
WRITING COORDINATES TO RESTART FILE AT STEP 2000
FINISHED WRITING RESTART COORDINATES
The last position output (seq=2000) takes 0.002 seconds, 823.312 MB of memory in use
PRESSURE: 2100 0 0 0 0 0 0 0 0 0
GPRESSURE: 2100 0 0 0 0 0 0 0 0 0
PRESSAVG: 2100 0 0 0 0 0 0 0 0 0
GPRESSAVG: 2100 0 0 0 0 0 0 0 0 0
ENERGY:    2100      1056.7909      1646.1973      2073.6564       150.6610            -41.9396      -796.9268         0.0000      5454.6107      2978.8645          12521.9146       299.1186      9543.0501     12544.3883       295.4447

PRESSURE: 2200 0 0 0 0 0 0 0 0 0
GPRESSURE: 2200 0 0 0 0 0 0 0 0 0
PRESSAVG: 2200 0 0 0 0 0 0 0 0 0
GPRESSAVG: 2200 0 0 0 0 0 0 0 0 0
ENERGY:    2200      1090.4154      1679.4673      2083.5561       150.4322            -41.6030      -768.5945         0.0000      5456.6522      2905.2450          12555.5707       291.7262      9650.3257     12579.3512       295.3111

PRESSURE: 2300 0 0 0 0 0 0 0 0 0
GPRESSURE: 2300 0 0 0 0 0 0 0 0 0
PRESSAVG: 2300 0 0 0 0 0 0 0 0 0
GPRESSAVG: 2300 0 0 0 0 0 0 0 0 0
ENERGY:    2300      1099.6113      1679.5508      2059.6852       145.1108            -42.1270      -827.6936         0.0000      5456.4478      2972.5675          12543.1527       298.4863      9570.5852     12568.7536       295.9355

PRESSURE: 2400 0 0 0 0 0 0 0 0 0
GPRESSURE: 2400 0 0 0 0 0 0 0 0 0
PRESSAVG: 2400 0 0 0 0 0 0 0 0 0
GPRESSAVG: 2400 0 0 0 0 0 0 0 0 0
ENERGY:    2400      1074.6647      1672.1219      2075.6096       146.4394            -41.3515      -796.0679         0.0000      5458.5647      2954.5233          12544.5043       296.6744      9589.9810     12570.5614       295.1740

PRESSURE: 2500 0 0 0 0 0 0 0 0 0
GPRESSURE: 2500 0 0 0 0 0 0 0 0 0
PRESSAVG: 2500 0 0 0 0 0 0 0 0 0
GPRESSAVG: 2500 0 0 0 0 0 0 0 0 0
ENERGY:    2500      1053.9126      1702.5604      2068.4298       144.0893            -42.2773      -813.7853         0.0000      5462.3569      2961.3708          12536.6573       297.3620      9575.2865     12558.5931       296.1752

PRESSURE: 2600 0 0 0 0 0 0 0 0 0
GPRESSURE: 2600 0 0 0 0 0 0 0 0 0
PRESSAVG: 2600 0 0 0 0 0 0 0 0 0
GPRESSAVG: 2600 0 0 0 0 0 0 0 0 0
ENERGY:    2600      1136.0052      1684.5200      2101.3024       138.4671            -42.1474      -828.1169         0.0000      5456.3256      2922.8149          12569.1709       293.4904      9646.3560     12590.9001       294.9415

PRESSURE: 2700 0 0 0 0 0 0 0 0 0
GPRESSURE: 2700 0 0 0 0 0 0 0 0 0
PRESSAVG: 2700 0 0 0 0 0 0 0 0 0
GPRESSAVG: 2700 0 0 0 0 0 0 0 0 0
ENERGY:    2700      1127.1213      1692.4305      2044.0544       128.5768            -41.4470      -810.8762         0.0000      5455.2917      3026.3010          12621.4525       303.8819      9595.1515     12644.1212       299.1113

PRESSURE: 2800 0 0 0 0 0 0 0 0 0
GPRESSURE: 2800 0 0 0 0 0 0 0 0 0
PRESSAVG: 2800 0 0 0 0 0 0 0 0 0
GPRESSAVG: 2800 0 0 0 0 0 0 0 0 0
ENERGY:    2800      1109.7262      1682.0678      2049.3444       143.6118            -41.8061      -787.4108         0.0000      5450.9370      2986.2844          12592.7546       299.8636      9606.4703     12617.1821       302.0435

PRESSURE: 2900 0 0 0 0 0 0 0 0 0
GPRESSURE: 2900 0 0 0 0 0 0 0 0 0
PRESSAVG: 2900 0 0 0 0 0 0 0 0 0
GPRESSAVG: 2900 0 0 0 0 0 0 0 0 0
ENERGY:    2900      1089.0428      1688.0387      2069.4711       146.4383            -41.7309      -770.5594         0.0000      5444.5583      2932.0502          12557.3092       294.4178      9625.2590     12579.7608       297.5881

PRESSURE: 3000 0 0 0 0 0 0 0 0 0
GPRESSURE: 3000 0 0 0 0 0 0 0 0 0
PRESSAVG: 3000 0 0 0 0 0 0 0 0 0
GPRESSAVG: 3000 0 0 0 0 0 0 0 0 0
TIMING: 3000  CPU: 1.29325, 0.000414595/step  Wall: 1.30491, 0.000415405/step, 0.000230781 hours remaining, 823.312500 MB of memory in use.
ETITLE:      TS           BOND          ANGLE          DIHED          IMPRP               ELECT            VDW       BOUNDARY           MISC        KINETIC               TOTAL           TEMP      POTENTIAL         TOTAL3        TEMPAVG

ENERGY:    3000      1048.7921      1683.4151      2078.7623       139.9398            -40.7603      -794.5198         0.0000      5434.4547      2998.3182          12548.4022       301.0720      9550.0839     12573.2711       298.1281

WRITING EXTENDED SYSTEM TO RESTART FILE AT STEP 3000
WRITING VELOCITIES TO RESTART FILE AT STEP 3000
FINISHED WRITING RESTART VELOCITIES
The last velocity output (seq=3000) takes 0.002 seconds, 823.375 MB of memory in use
WRITING COORDINATES TO DCD FILE adk-step1.dcd AT STEP 3000
WRITING COORDINATES TO RESTART FILE AT STEP 3000
FINISHED WRITING RESTART COORDINATES
The last position output (seq=3000) takes 0.002 seconds, 823.375 MB of memory in use
PRESSURE: 3100 0 0 0 0 0 0 0 0 0
GPRESSURE: 3100 0 0 0 0 0 0 0 0 0
PRESSAVG: 3100 0 0 0 0 0 0 0 0 0
GPRESSAVG: 3100 0 0 0 0 0 0 0 0 0
ENERGY:    3100      1116.6777      1656.5370      2097.9563       138.1283            -40.6068      -804.8056         0.0000      5437.5375      2887.0647          12488.4891       289.9006      9601.4244     12512.0837       296.2350

PRESSURE: 3200 0 0 0 0 0 0 0 0 0
GPRESSURE: 3200 0 0 0 0 0 0 0 0 0
PRESSAVG: 3200 0 0 0 0 0 0 0 0 0
GPRESSAVG: 3200 0 0 0 0 0 0 0 0 0
ENERGY:    3200      1092.9873      1650.7484      2073.6940       144.4058            -41.4870      -816.5290         0.0000      5438.2192      2970.1101          12512.1489       298.2395      9542.0388     12534.7868       293.7576

PRESSURE: 3300 0 0 0 0 0 0 0 0 0
GPRESSURE: 3300 0 0 0 0 0 0 0 0 0
PRESSAVG: 3300 0 0 0 0 0 0 0 0 0
GPRESSAVG: 3300 0 0 0 0 0 0 0 0 0
ENERGY:    3300      1075.8632      1684.9159      2069.9386       140.1640            -41.1534      -805.9430         0.0000      5440.3065      2959.0719          12523.1637       297.1311      9564.0918     12546.2491       295.1084

PRESSURE: 3400 0 0 0 0 0 0 0 0 0
GPRESSURE: 3400 0 0 0 0 0 0 0 0 0
PRESSAVG: 3400 0 0 0 0 0 0 0 0 0
GPRESSAVG: 3400 0 0 0 0 0 0 0 0 0
ENERGY:    3400      1131.4393      1681.9065      2066.7158       147.1078            -40.0019      -834.9101         0.0000      5443.1325      2960.9445          12556.3344       297.3192      9595.3899     12582.9483       296.4958

PRESSURE: 3500 0 0 0 0 0 0 0 0 0
GPRESSURE: 3500 0 0 0 0 0 0 0 0 0
PRESSAVG: 3500 0 0 0 0 0 0 0 0 0
GPRESSAVG: 3500 0 0 0 0 0 0 0 0 0
ENERGY:    3500      1092.5230      1712.2799      2043.8589       159.9910            -41.2450      -817.0039         0.0000      5449.4037      2964.6249          12564.4325       297.6887      9599.8075     12594.5809       300.0734

PRESSURE: 3600 0 0 0 0 0 0 0 0 0
GPRESSURE: 3600 0 0 0 0 0 0 0 0 0
PRESSAVG: 3600 0 0 0 0 0 0 0 0 0
GPRESSAVG: 3600 0 0 0 0 0 0 0 0 0
ENERGY:    3600      1134.2972      1631.7747      2051.1287       149.0817            -40.8971      -823.3037         0.0000      5436.5781      3027.4178          12566.0776       303.9940      9538.6597     12593.0993       298.5399

PRESSURE: 3700 0 0 0 0 0 0 0 0 0
GPRESSURE: 3700 0 0 0 0 0 0 0 0 0
PRESSAVG: 3700 0 0 0 0 0 0 0 0 0
GPRESSAVG: 3700 0 0 0 0 0 0 0 0 0
ENERGY:    3700      1141.8189      1647.9113      2079.2864       143.4795            -40.9877      -819.2397         0.0000      5428.8315      2942.1506          12523.2508       295.4320      9581.1002     12544.0976       298.0958

PRESSURE: 3800 0 0 0 0 0 0 0 0 0
GPRESSURE: 3800 0 0 0 0 0 0 0 0 0
PRESSAVG: 3800 0 0 0 0 0 0 0 0 0
GPRESSAVG: 3800 0 0 0 0 0 0 0 0 0
ENERGY:    3800      1047.9602      1612.4250      2053.4887       141.2056            -40.5928      -854.8183         0.0000      5424.0915      3100.4487          12484.2088       311.3273      9383.7600     12508.2788       294.8268

PRESSURE: 3900 0 0 0 0 0 0 0 0 0
GPRESSURE: 3900 0 0 0 0 0 0 0 0 0
PRESSAVG: 3900 0 0 0 0 0 0 0 0 0
GPRESSAVG: 3900 0 0 0 0 0 0 0 0 0
ENERGY:    3900      1099.6061      1721.8080      2074.0434       142.3144            -40.5126      -830.3966         0.0000      5432.0390      2908.8980          12507.7998       292.0930      9598.9017     12531.4946       296.7323

PRESSURE: 4000 0 0 0 0 0 0 0 0 0
GPRESSURE: 4000 0 0 0 0 0 0 0 0 0
PRESSAVG: 4000 0 0 0 0 0 0 0 0 0
GPRESSAVG: 4000 0 0 0 0 0 0 0 0 0
TIMING: 4000  CPU: 1.70728, 0.000414027/step  Wall: 1.7233, 0.000418391/step, 0.00011622 hours remaining, 823.375000 MB of memory in use.
ETITLE:      TS           BOND          ANGLE          DIHED          IMPRP               ELECT            VDW       BOUNDARY           MISC        KINETIC               TOTAL           TEMP      POTENTIAL         TOTAL3        TEMPAVG

ENERGY:    4000      1119.8688      1687.0057      2056.8604       146.5461            -40.4218      -806.5893         0.0000      5438.1125      2948.1512          12549.5336       296.0346      9601.3824     12573.1002       296.3758

WRITING EXTENDED SYSTEM TO RESTART FILE AT STEP 4000
WRITING VELOCITIES TO RESTART FILE AT STEP 4000
FINISHED WRITING RESTART VELOCITIES
The last velocity output (seq=4000) takes 0.002 seconds, 823.375 MB of memory in use
WRITING COORDINATES TO DCD FILE adk-step1.dcd AT STEP 4000
WRITING COORDINATES TO RESTART FILE AT STEP 4000
FINISHED WRITING RESTART COORDINATES
The last position output (seq=4000) takes 0.002 seconds, 823.375 MB of memory in use
PRESSURE: 4100 0 0 0 0 0 0 0 0 0
GPRESSURE: 4100 0 0 0 0 0 0 0 0 0
PRESSAVG: 4100 0 0 0 0 0 0 0 0 0
GPRESSAVG: 4100 0 0 0 0 0 0 0 0 0
ENERGY:    4100      1131.1106      1621.1755      2094.2582       145.8284            -41.4521      -814.5556         0.0000      5432.1482      2969.6203          12538.1335       298.1903      9568.5132     12566.3205       297.4772

PRESSURE: 4200 0 0 0 0 0 0 0 0 0
GPRESSURE: 4200 0 0 0 0 0 0 0 0 0
PRESSAVG: 4200 0 0 0 0 0 0 0 0 0
GPRESSAVG: 4200 0 0 0 0 0 0 0 0 0
ENERGY:    4200      1088.0753      1714.7229      2053.1672       158.4676            -41.8186      -825.0679         0.0000      5437.0147      2969.6674          12554.2286       298.1951      9584.5612     12580.1540       297.8864

LDB: ============= START OF LOAD BALANCING ============== 4.20396
Info: useSync: 0 useProxySync: 0
LDB: ============== END OF LOAD BALANCING =============== 4.20403
LDB: =============== DONE WITH MIGRATION ================ 4.20414
PRESSURE: 4300 0 0 0 0 0 0 0 0 0
GPRESSURE: 4300 0 0 0 0 0 0 0 0 0
PRESSAVG: 4300 0 0 0 0 0 0 0 0 0
GPRESSAVG: 4300 0 0 0 0 0 0 0 0 0
ENERGY:    4300      1093.6330      1694.3478      2038.7937       154.2925            -42.2273      -822.0295         0.0000      5430.6480      2922.1749          12469.6332       293.4262      9547.4583     12492.0478       297.8660

LDB: ============= START OF LOAD BALANCING ============== 4.25222
LDB: TIME 4.2525 LOAD: AVG 0.0131097 MAX 0.0348811  PROXIES: TOTAL 173 MAXPE 7 MAXPATCH 7 None MEM: 823.375 MB
LDB: TIME 4.25269 LOAD: AVG 0.0131097 MAX 0.0348811  PROXIES: TOTAL 173 MAXPE 7 MAXPATCH 7 RefineTorusLB MEM: 823.5 MB
LDB: TIME 4.25285 LOAD: AVG 0.0131097 MAX 0.0348811  PROXIES: TOTAL 173 MAXPE 7 MAXPATCH 7 RefineTorusLB MEM: 823.5 MB
LDB: ============== END OF LOAD BALANCING =============== 4.2531
Info: build node-aware spanning tree with send: 1, recv: 0 with branch factor 4
Info: useSync: 0 useProxySync: 0
LDB: =============== DONE WITH MIGRATION ================ 4.25381
PRESSURE: 4400 0 0 0 0 0 0 0 0 0
GPRESSURE: 4400 0 0 0 0 0 0 0 0 0
PRESSAVG: 4400 0 0 0 0 0 0 0 0 0
GPRESSAVG: 4400 0 0 0 0 0 0 0 0 0
ENERGY:    4400      1112.7613      1673.5927      2078.3347       155.6269            -41.6759      -827.6950         0.0000      5421.5086      2937.0532          12509.5066       294.9202      9572.4534     12534.2231       294.6013

PRESSURE: 4500 0 0 0 0 0 0 0 0 0
GPRESSURE: 4500 0 0 0 0 0 0 0 0 0
PRESSAVG: 4500 0 0 0 0 0 0 0 0 0
GPRESSAVG: 4500 0 0 0 0 0 0 0 0 0
ENERGY:    4500      1097.1877      1709.6425      2068.7778       144.5026            -42.2190      -830.6116         0.0000      5418.3661      3005.1997          12570.8459       301.7630      9565.6462     12591.0297       297.4615

PRESSURE: 4600 0 0 0 0 0 0 0 0 0
GPRESSURE: 4600 0 0 0 0 0 0 0 0 0
PRESSAVG: 4600 0 0 0 0 0 0 0 0 0
GPRESSAVG: 4600 0 0 0 0 0 0 0 0 0
ENERGY:    4600      1091.6279      1708.7729      2085.6027       149.6041            -41.2656      -811.4790         0.0000      5409.4832      2983.1887          12575.5348       299.5528      9592.3461     12597.5823       299.3559

PRESSURE: 4700 0 0 0 0 0 0 0 0 0
GPRESSURE: 4700 0 0 0 0 0 0 0 0 0
PRESSAVG: 4700 0 0 0 0 0 0 0 0 0
GPRESSAVG: 4700 0 0 0 0 0 0 0 0 0
ENERGY:    4700      1085.0093      1748.7487      2062.9249       166.6977            -40.8935      -823.8379         0.0000      5415.9553      3013.1957          12627.8001       302.5659      9614.6043     12656.6255       301.6601

PRESSURE: 4800 0 0 0 0 0 0 0 0 0
GPRESSURE: 4800 0 0 0 0 0 0 0 0 0
PRESSAVG: 4800 0 0 0 0 0 0 0 0 0
GPRESSAVG: 4800 0 0 0 0 0 0 0 0 0
ENERGY:    4800      1159.4381      1663.4126      2071.3164       152.3424            -41.8365      -797.1272         0.0000      5407.3741      2932.6229          12547.5430       294.4753      9614.9201     12570.8444       301.2916

PRESSURE: 4900 0 0 0 0 0 0 0 0 0
GPRESSURE: 4900 0 0 0 0 0 0 0 0 0
PRESSAVG: 4900 0 0 0 0 0 0 0 0 0
GPRESSAVG: 4900 0 0 0 0 0 0 0 0 0
ENERGY:    4900      1080.9771      1690.7455      2077.0961       162.7743            -41.3696      -833.7159         0.0000      5412.3267      2935.0060          12483.8402       294.7146      9548.8342     12508.7350       298.1642

PRESSURE: 5000 0 0 0 0 0 0 0 0 0
GPRESSURE: 5000 0 0 0 0 0 0 0 0 0
PRESSAVG: 5000 0 0 0 0 0 0 0 0 0
GPRESSAVG: 5000 0 0 0 0 0 0 0 0 0
TIMING: 5000  CPU: 2.17594, 0.000468667/step  Wall: 2.20441, 0.000481112/step, 0 hours remaining, 823.500000 MB of memory in use.
ETITLE:      TS           BOND          ANGLE          DIHED          IMPRP               ELECT            VDW       BOUNDARY           MISC        KINETIC               TOTAL           TEMP      POTENTIAL         TOTAL3        TEMPAVG

ENERGY:    5000      1094.7165      1647.8278      2062.6835       145.5912            -40.6597      -809.3862         0.0000      5411.6751      2933.2922          12445.7404       294.5425      9512.4482     12467.5886       293.3227

WRITING EXTENDED SYSTEM TO RESTART FILE AT STEP 5000
WRITING COORDINATES TO DCD FILE adk-step1.dcd AT STEP 5000
WRITING COORDINATES TO RESTART FILE AT STEP 5000
FINISHED WRITING RESTART COORDINATES
The last position output (seq=5000) takes 0.002 seconds, 824.125 MB of memory in use
WRITING VELOCITIES TO RESTART FILE AT STEP 5000
FINISHED WRITING RESTART VELOCITIES
The last velocity output (seq=5000) takes 0.002 seconds, 824.125 MB of memory in use
WRITING EXTENDED SYSTEM TO OUTPUT FILE AT STEP 5000
WRITING COORDINATES TO OUTPUT FILE AT STEP 5000
CLOSING COORDINATE DCD FILE adk-step1.dcd
The last position output (seq=-2) takes 0.003 seconds, 824.125 MB of memory in use
WRITING VELOCITIES TO OUTPUT FILE AT STEP 5000
====================================================

WallClock: 4.548323  CPUTime: 3.091179  Memory: 824.187500 MB
End of program
