2_6_cc.dat
/gpfs/alpine/bip115/scratch/hrlee/radical.pilot.sandbox/re.session.login1.hrlee.018625.0000/pilot.0000/staging_area/2_6_cc.dat
2, 6
Charm++> Running on MPI version: 3.1
Charm++> level of thread support used: MPI_THREAD_FUNNELED (desired: MPI_THREAD_FUNNELED)
Charm++> Running in SMP mode: 41 processes, 4 worker threads (PEs) + 1 comm threads per process, 164 PEs total
Charm++> The comm. thread both sends and receives messages
Charm++> Using recursive bisection (scheme 3) for topology aware partitions
Converse/Charm++ Commit ID: v6.10.2-0-g7bf00fa-namd-charm-6.10.2-build-2020-Aug-05-556
Warning> Randomization of virtual memory (ASLR) is turned on in the kernel, thread migration may not work! Run 'echo 0 > /proc/sys/kernel/randomize_va_space' as root to disable it, or try running with '+isomalloc_sync'.
CharmLB> Load balancer assumes all CPUs are same.
Charm++> Running on 2 hosts (1 sockets x 1 cores x 4 PUs = 4-way SMP)
Charm++> cpu topology info is gathered in 0.029 seconds.

Charm++> Warning: the number of SMP threads (200) is greater than the number of physical cores (176), so threads will sleep while idling. Use +CmiSpinOnIdle or +CmiSleepOnIdle to control this directly.

Info: NAMD 2.14 for Linux-POWER-MPI-smp-Summit
Info: 
Info: Please visit http://www.ks.uiuc.edu/Research/namd/
Info: for updates, documentation, and support information.
Info: 
Info: Please cite Phillips et al., J. Chem. Phys. 153:044130 (2020) doi:10.1063/5.0014475
Info: in all publications reporting results obtained with NAMD.
Info: 
Info: Based on Charm++/Converse 61002 for mpi-linux-ppc64le-smp
Info: Built Wed Aug 5 14:25:51 EDT 2020 by jimp on login2
Info: 1 NAMD  2.14  Linux-POWER-MPI-smp-Summit  164    d21n11  hrlee
Info: Running on 164 processors, 41 nodes, 2 physical nodes.
Info: CPU topology information available.
Info: Charm++/Converse parallel runtime startup completed at 0.0358964 s
CkLoopLib is used in SMP with simple dynamic scheduling (converse-level notification)
Info: 949.812 MB of memory in use based on /proc/self/stat
Info: Configuration file is adk-step1.namd
Info: Working in the current directory /gpfs/alpine/bip115/scratch/hrlee/radical.pilot.sandbox/re.session.login1.hrlee.018625.0000/pilot.0000/unit.000497
TCL: Suspending until startup complete.
Info: SIMULATION PARAMETERS:
Info: TIMESTEP               1
Info: NUMBER OF STEPS        0
Info: STEPS PER CYCLE        20
Info: LOAD BALANCER  Centralized
Info: LOAD BALANCING STRATEGY  New Load Balancers -- DEFAULT
Info: LDB PERIOD             4000 steps
Info: FIRST LDB TIMESTEP     100
Info: LAST LDB TIMESTEP     -1
Info: LDB BACKGROUND SCALING 1
Info: HOM BACKGROUND SCALING 1
Info: REMOVING LOAD FROM NODE 0
Info: REMOVING PATCHES FROM PROCESSOR 0
Info: MIN ATOMS PER PATCH    40
Info: VELOCITY FILE          2_6_adk-step1.restart.vel
Info: CENTER OF MASS MOVING INITIALLY? NO
Info: DIELECTRIC             80
Info: EXCLUDE                SCALED ONE-FOUR
Info: 1-4 ELECTROSTATICS SCALED BY 1
Info: MODIFIED 1-4 VDW PARAMETERS WILL BE USED
Info: DCD FILENAME           adk-step1.dcd
Info: DCD FREQUENCY          1000
Info: DCD FIRST STEP         1000
Info: NO EXTENDED SYSTEM TRAJECTORY OUTPUT
Info: NO VELOCITY DCD OUTPUT
Info: NO FORCE DCD OUTPUT
Info: OUTPUT FILENAME        adk-step1
Info: BINARY OUTPUT FILES WILL BE USED
Info: RESTART FILENAME       adk-step1.restart
Info: RESTART FREQUENCY      1000
Info: BINARY RESTART FILES WILL BE USED
Info: SWITCHING ACTIVE
Info: SWITCHING ON           9
Info: SWITCHING OFF          10
Info: PAIRLIST DISTANCE      11
Info: PAIRLIST SHRINK RATE   0.01
Info: PAIRLIST GROW RATE     0.01
Info: PAIRLIST TRIGGER       0.3
Info: PAIRLISTS PER CYCLE    2
Info: PAIRLISTS ENABLED
Info: MARGIN                 0
Info: HYDROGEN GROUP CUTOFF  2.5
Info: PATCH DIMENSION        13.5
Info: ENERGY OUTPUT STEPS    100
Info: CROSSTERM ENERGY INCLUDED IN DIHEDRAL
Info: TIMING OUTPUT STEPS    1000
Info: PRESSURE OUTPUT STEPS  100
Info: GRID FORCE ACTIVE
Info:  Please include this reference in published work using
Info:  the Gridforce module of NAMD: David Wells, Volha Abramkina,
Info:  and Aleksei Aksimentiev, J. Chem. Phys. 127:125101-10 (2007).
Info: MGRIDFORCE key 0
Info:            Potfile 4ake-target_autopsf-grid.dx
Info:            Scale 0.3 0.3 0.3
Info:            File 1ake-docked-noh_autopsf-grid.pdb
Info:            Col O
Info:            ChargeCol B
Info:            VOffset 0 0 0
Info:            Continuous K1 FALSE
Info:            Continuous K2 FALSE
Info:            Continuous K3 FALSE
Info:            Volts FALSE
Info:            Gridforce-Lite FALSE
Info:            Gridforce-CheckSize TRUE
Info: LANGEVIN DYNAMICS ACTIVE
Info: LANGEVIN TEMPERATURE   300
Info: LANGEVIN USING BBK INTEGRATOR
Info: LANGEVIN DAMPING COEFFICIENT IS 5 INVERSE PS
Info: LANGEVIN DYNAMICS NOT APPLIED TO HYDROGENS
Info: USING VERLET I (r-RESPA) MTS SCHEME.
Info: C1 SPLITTING OF LONG RANGE ELECTROSTATICS
Info: PLACING ATOMS IN PATCHES BY HYDROGEN GROUPS
Info: RIGID BONDS TO HYDROGEN : WATER
Info:         ERROR TOLERANCE : 1e-08
Info:          MAX ITERATIONS : 100
Info: RIGID WATER USING SETTLE ALGORITHM
Info: NONBONDED FORCES EVALUATED EVERY 2 STEPS
Info: RANDOM NUMBER SEED     1609226396
Info: USE HYDROGEN BONDS?    NO
Info: COORDINATE PDB         1ake-docked-noh_autopsf.pdb
Info: STRUCTURE FILE         1ake-docked-noh_autopsf.psf
Info: PARAMETER file: CHARMM format! 
Info: PARAMETERS             par_all36_prot.prm
Info: USING ARITHMETIC MEAN TO COMBINE L-J SIGMA PARAMETERS
Info: BINARY COORDINATES     2_6_adk-step1.restart.coor
Info: SUMMARY OF PARAMETERS:
Info: 132 BONDS
Info: 362 ANGLES
Info: 702 DIHEDRAL
Info: 35 IMPROPER
Info: 6 CROSSTERM
Info: 53 VDW
Info: 0 VDW_PAIRS
Info: 0 NBTHOLE_PAIRS
Info: TIME FOR READING PSF FILE: 0.610818
Info: READING EXTRA BONDS FILE 1ake-extrabonds.txt
Info: READING EXTRA BONDS FILE 1ake-extrabonds-cispeptide.txt
Info: READING EXTRA BONDS FILE 1ake-extrabonds-chirality.txt
Info: READ 80 EXTRA BONDS
Info: READ 80 EXTRA ANGLES
Warning: EXTRA ANGLES ARE COSINE-BASED BY DEFAULT TO MATCH PREVIOUS VERSIONS
Warning: FOR NORMAL HARMONIC EXTRA ANGLES SET extraBondsCosAngles off
Info: READ 493 EXTRA DIHEDRALS
Info: READ 438 EXTRA IMPROPERS
Info: Reading pdb file 1ake-docked-noh_autopsf.pdb
Info: TIME FOR READING PDB FILE: 0.106142
Info: 
Info: ****************************
Info: STRUCTURE SUMMARY:
Info: 3341 ATOMS
Info: 3445 BONDS
Info: 6203 ANGLES
Info: 9414 DIHEDRALS
Info: 1005 IMPROPERS
Info: 212 CROSSTERMS
Info: 0 EXCLUSIONS
Info: 0 RIGID BONDS
Info: 1 GRIDS ACTIVE
Info: 10023 DEGREES OF FREEDOM
Info: 1656 HYDROGEN GROUPS
Info: 4 ATOMS IN LARGEST HYDROGEN GROUP
Info: 1656 MIGRATION GROUPS
Info: 4 ATOMS IN LARGEST MIGRATION GROUP
Info: TOTAL MASS = 23582 amu
Info: TOTAL CHARGE = -4 e
Info: *****************************
Info: Reading from binary file 2_6_adk-step1.restart.coor
Info: 
Info: Entering startup at 1.50645 s, 1058.56 MB of memory in use
Info: Startup phase 0 took 0.00074965 s, 1058.56 MB of memory in use
Info: ADDED 18308 IMPLICIT EXCLUSIONS
Info: Startup phase 1 took 0.0166223 s, 1058.56 MB of memory in use
Info: NONBONDED TABLE R-SQUARED SPACING: 0.0625
Info: NONBONDED TABLE SIZE: 705 POINTS
Info: ABSOLUTE IMPRECISION IN FAST TABLE ENERGY: 3.38813e-21 AT 9.89634
Info: RELATIVE IMPRECISION IN FAST TABLE ENERGY: 4.23384e-15 AT 9.94673
Info: ABSOLUTE IMPRECISION IN FAST TABLE FORCE: 6.35275e-22 AT 9.94673
Info: RELATIVE IMPRECISION IN FAST TABLE FORCE: 5.07982e-16 AT 9.94673
Info: INCONSISTENCY IN FAST TABLE ENERGY VS FORCE: 0.000290185 AT 0.251946
Info: ABSOLUTE IMPRECISION IN VDWA TABLE ENERGY: 1.57772e-30 AT 9.89634
Info: RELATIVE IMPRECISION IN VDWA TABLE ENERGY: 4.54938e-15 AT 9.94673
Info: ABSOLUTE IMPRECISION IN VDWA TABLE FORCE: 5.91646e-31 AT 9.94673
Info: RELATIVE IMPRECISION IN VDWA TABLE FORCE: 5.6823e-16 AT 9.94673
Info: INCONSISTENCY IN VDWA TABLE ENERGY VS FORCE: 0.0040507 AT 0.251946
Info: ABSOLUTE IMPRECISION IN VDWB TABLE ENERGY: 4.71751e-25 AT 9.94673
Info: RELATIVE IMPRECISION IN VDWB TABLE ENERGY: 1.45371e-14 AT 9.94673
Info: ABSOLUTE IMPRECISION IN VDWB TABLE FORCE: 6.20385e-25 AT 9.94673
Info: RELATIVE IMPRECISION IN VDWB TABLE FORCE: 5.97512e-16 AT 9.94673
Info: INCONSISTENCY IN VDWB TABLE ENERGY VS FORCE: 0.00377068 AT 9.07951
Info: Startup phase 2 took 0.0015186 s, 1058.56 MB of memory in use
Info: Startup phase 3 took 0.000526107 s, 1058.56 MB of memory in use
Info: Startup phase 4 took 0.000580556 s, 1058.56 MB of memory in use
Info: Startup phase 5 took 0.000609853 s, 1058.56 MB of memory in use
Info: ORIGINAL ATOMS MINMAX IS -19.8281 -33.4241 -37.8736  17.8456 25.3024 16.5928
Info: ADJUSTED ATOMS MINMAX IS -15.6036 -28.0718 -33.1363  11.3449 15.6972 9.15237
Info: PATCH GRID IS 4 BY 4 BY 4
Info: PATCH GRID IS 2-AWAY BY 1-AWAY BY 1-AWAY
Info: Reading from binary file 2_6_adk-step1.restart.vel
Info: REMOVING COM VELOCITY 0.0160337 -0.062949 -0.177742
Info: LARGEST PATCH (27) HAS 162 ATOMS
Info: TORUS A SIZE 2 USING 0 1
Info: TORUS B SIZE 1 USING 0
Info: TORUS C SIZE 1 USING 0
Info: TORUS MINIMAL MESH SIZE IS 2 BY 1 BY 1
Info: Placed 100% of base nodes on same physical node as patch
Info: Startup phase 6 took 0.00907473 s, 1058.56 MB of memory in use
Info: Startup phase 7 took 0.000590924 s, 1058.56 MB of memory in use
Info: Startup phase 8 took 0.000564539 s, 1058.56 MB of memory in use
Info: Startup phase 9 took 0.000990019 s, 1058.56 MB of memory in use
Info: Startup phase 10 took 0.000501307 s, 1058.56 MB of memory in use
Info: Startup phase 11 took 0.000962797 s, 1058.56 MB of memory in use
LDB: Central LB being created...
Info: Startup phase 12 took 0.00471713 s, 1058.56 MB of memory in use
Info: CREATING 1436 COMPUTE OBJECTS
Info: Startup phase 13 took 0.00103041 s, 1058.56 MB of memory in use
Info: Building spanning tree ... send: 1 recv: 0 with branch factor 4
Info: useSync: 1 useProxySync: 0
Info: Startup phase 14 took 0.000670507 s, 1058.56 MB of memory in use
Info: Startup phase 15 took 0.000169677 s, 1058.56 MB of memory in use
Info: Finished startup at 1.54633 s, 1058.56 MB of memory in use

TCL: Running for 5000 steps
PRESSURE: 0 0 0 0 0 0 0 0 0 0
GPRESSURE: 0 0 0 0 0 0 0 0 0 0
ETITLE:      TS           BOND          ANGLE          DIHED          IMPRP               ELECT            VDW       BOUNDARY           MISC        KINETIC               TOTAL           TEMP      POTENTIAL         TOTAL3        TEMPAVG

ENERGY:       0      1104.0526      1709.1447      2047.5213       156.1130            -40.2776      -798.7647         0.0000      2434.0906      2915.4837           9527.3636       292.7543      6611.8799      9551.3943       292.7543

LDB: ============= START OF LOAD BALANCING ============== 1.57615
LDB: ============== END OF LOAD BALANCING =============== 1.57633
Info: useSync: 1 useProxySync: 0
LDB: =============== DONE WITH MIGRATION ================ 1.57684
LDB: ============= START OF LOAD BALANCING ============== 1.66154
LDB: 222 computes have load of zero
LDB: Largest compute 27 load 0.011583 is 75.3% of average load 0.015375
LDB: Average compute 0.001269 is 8.3% of average load 0.015375
LDB: Partitioning computes with target load 0.002537
LDB: Increased migratable compute count from 830 to 984
LDB: Largest unpartitionable compute is 0.006947
LDB: ============== END OF LOAD BALANCING =============== 1.66367
Info: build node-aware spanning tree with send: 1, recv: 0 with branch factor 4
Info: useSync: 1 useProxySync: 0
LDB: =============== DONE WITH MIGRATION ================ 1.6677
PRESSURE: 100 0 0 0 0 0 0 0 0 0
GPRESSURE: 100 0 0 0 0 0 0 0 0 0
PRESSAVG: 100 0 0 0 0 0 0 0 0 0
GPRESSAVG: 100 0 0 0 0 0 0 0 0 0
Info: Initial time: 164 CPUs 0.00106624 s/step 0.0123407 days/ns 1058.75 MB memory
ENERGY:     100      1116.0636      1668.4230      2073.9213       170.2745            -39.8328      -796.8602         0.0000      2428.4199      2950.1612           9570.5706       296.2364      6620.4094      9595.9225       296.7895

LDB: ============= START OF LOAD BALANCING ============== 1.68884
LDB: ============== END OF LOAD BALANCING =============== 1.68901
Info: useSync: 1 useProxySync: 0
LDB: =============== DONE WITH MIGRATION ================ 1.68948
LDB: ============= START OF LOAD BALANCING ============== 1.78684
LDB: 199 computes have load of zero
LDB: Largest compute 1207 load 0.007352 is 47.2% of average load 0.015592
LDB: Average compute 0.001053 is 6.8% of average load 0.015592
LDB: TIME 1.78861 LOAD: AVG 0.0155915 MAX 0.0529194  PROXIES: TOTAL 471 MAXPE 10 MAXPATCH 10 None MEM: 1058.75 MB
LDB: TIME 1.79113 LOAD: AVG 0.0155915 MAX 0.0259004  PROXIES: TOTAL 765 MAXPE 13 MAXPATCH 30 TorusLB MEM: 1058.75 MB
LDB: ============== END OF LOAD BALANCING =============== 1.79257
Info: build node-aware spanning tree with send: 1, recv: 0 with branch factor 4
Info: useSync: 1 useProxySync: 0
LDB: =============== DONE WITH MIGRATION ================ 1.79669
PRESSURE: 200 0 0 0 0 0 0 0 0 0
GPRESSURE: 200 0 0 0 0 0 0 0 0 0
PRESSAVG: 200 0 0 0 0 0 0 0 0 0
GPRESSAVG: 200 0 0 0 0 0 0 0 0 0
Info: Initial time: 164 CPUs 0.00117252 s/step 0.0135709 days/ns 1058.75 MB memory
ENERGY:     200      1087.2709      1693.8611      2078.2681       146.2083            -40.2362      -812.1829         0.0000      2430.8107      2978.4351           9562.4352       299.0755      6584.0001      9587.3696       298.3461

LDB: ============= START OF LOAD BALANCING ============== 1.8688
LDB: 199 computes have load of zero
LDB: Largest compute 1207 load 0.011419 is 44.6% of average load 0.025597
LDB: Average compute 0.001417 is 5.5% of average load 0.025597
LDB: TIME 1.8754 LOAD: AVG 0.0255974 MAX 0.0444359  PROXIES: TOTAL 471 MAXPE 10 MAXPATCH 10 None MEM: 1058.75 MB
LDB: TIME 1.87597 LOAD: AVG 0.0255974 MAX 0.0444359  PROXIES: TOTAL 765 MAXPE 13 MAXPATCH 30 RefineTorusLB MEM: 1058.75 MB
LDB: TIME 1.88204 LOAD: AVG 0.0255974 MAX 0.0402799  PROXIES: TOTAL 711 MAXPE 13 MAXPATCH 25 RefineTorusLB MEM: 1058.75 MB
LDB: ============== END OF LOAD BALANCING =============== 1.88319
Info: build node-aware spanning tree with send: 1, recv: 0 with branch factor 4
Info: useSync: 1 useProxySync: 0
LDB: =============== DONE WITH MIGRATION ================ 1.89144
PRESSURE: 300 0 0 0 0 0 0 0 0 0
GPRESSURE: 300 0 0 0 0 0 0 0 0 0
PRESSAVG: 300 0 0 0 0 0 0 0 0 0
GPRESSAVG: 300 0 0 0 0 0 0 0 0 0
Info: Initial time: 164 CPUs 0.000710981 s/step 0.00822895 days/ns 1058.75 MB memory
ENERGY:     300      1088.3354      1666.8003      2092.5817       155.9900            -41.4007      -788.0446         0.0000      2435.6531      2926.3038           9536.2191       293.8408      6609.9153      9564.4814       295.4971

LDB: ============= START OF LOAD BALANCING ============== 1.98528
LDB: 199 computes have load of zero
LDB: Largest compute 1207 load 0.011460 is 46.7% of average load 0.024534
LDB: Average compute 0.001406 is 5.7% of average load 0.024534
LDB: TIME 1.98713 LOAD: AVG 0.0245342 MAX 0.040562  PROXIES: TOTAL 471 MAXPE 10 MAXPATCH 10 None MEM: 1058.75 MB
LDB: TIME 1.98782 LOAD: AVG 0.0245342 MAX 0.040562  PROXIES: TOTAL 711 MAXPE 13 MAXPATCH 25 RefineTorusLB MEM: 1058.75 MB
LDB: TIME 1.99129 LOAD: AVG 0.0245342 MAX 0.0382812  PROXIES: TOTAL 716 MAXPE 10 MAXPATCH 27 RefineTorusLB MEM: 1058.75 MB
LDB: ============== END OF LOAD BALANCING =============== 1.99239
Info: build node-aware spanning tree with send: 1, recv: 0 with branch factor 4
Info: useSync: 1 useProxySync: 0
LDB: =============== DONE WITH MIGRATION ================ 1.9984
PRESSURE: 400 0 0 0 0 0 0 0 0 0
GPRESSURE: 400 0 0 0 0 0 0 0 0 0
PRESSAVG: 400 0 0 0 0 0 0 0 0 0
GPRESSAVG: 400 0 0 0 0 0 0 0 0 0
Info: Benchmark time: 164 CPUs 0.000936142 s/step 0.010835 days/ns 1058.75 MB memory
ENERGY:     400      1094.8697      1739.1649      2055.8389       148.9891            -41.5386      -818.4148         0.0000      2432.2242      2905.6440           9516.7774       291.7663      6611.1334      9541.4854       296.0001

PRESSURE: 500 0 0 0 0 0 0 0 0 0
GPRESSURE: 500 0 0 0 0 0 0 0 0 0
PRESSAVG: 500 0 0 0 0 0 0 0 0 0
GPRESSAVG: 500 0 0 0 0 0 0 0 0 0
Info: Benchmark time: 164 CPUs 0.00100341 s/step 0.0116135 days/ns 1058.75 MB memory
ENERGY:     500      1071.1675      1682.2376      2061.9606       137.9671            -40.9168      -791.2067         0.0000      2434.3453      2941.8438           9497.3984       295.4012      6555.5546      9523.2316       294.7110

PRESSURE: 600 0 0 0 0 0 0 0 0 0
GPRESSURE: 600 0 0 0 0 0 0 0 0 0
PRESSAVG: 600 0 0 0 0 0 0 0 0 0
GPRESSAVG: 600 0 0 0 0 0 0 0 0 0
Info: Benchmark time: 164 CPUs 0.00106667 s/step 0.0123457 days/ns 1058.75 MB memory
ENERGY:     600      1105.6016      1689.3701      2089.9486       165.3161            -40.9483      -810.7265         0.0000      2442.5478      2940.7279           9581.8373       295.2892      6641.1094      9608.1532       295.4462

PRESSURE: 700 0 0 0 0 0 0 0 0 0
GPRESSURE: 700 0 0 0 0 0 0 0 0 0
PRESSAVG: 700 0 0 0 0 0 0 0 0 0
GPRESSAVG: 700 0 0 0 0 0 0 0 0 0
Info: Benchmark time: 164 CPUs 0.0010024 s/step 0.0116019 days/ns 1058.75 MB memory
ENERGY:     700      1061.6532      1723.1556      2063.8081       151.4224            -41.6051      -774.5481         0.0000      2442.2377      3038.1106           9664.2345       305.0677      6626.1239      9692.1247       301.9939

PRESSURE: 800 0 0 0 0 0 0 0 0 0
GPRESSURE: 800 0 0 0 0 0 0 0 0 0
PRESSAVG: 800 0 0 0 0 0 0 0 0 0
GPRESSAVG: 800 0 0 0 0 0 0 0 0 0
Info: Benchmark time: 164 CPUs 0.00121882 s/step 0.0141067 days/ns 1058.75 MB memory
ENERGY:     800      1115.2742      1752.6160      2098.8418       159.7558            -39.9727      -815.6875         0.0000      2434.4609      2948.7485           9654.0370       296.0945      6705.2885      9676.6152       303.5944

PRESSURE: 900 0 0 0 0 0 0 0 0 0
GPRESSURE: 900 0 0 0 0 0 0 0 0 0
PRESSAVG: 900 0 0 0 0 0 0 0 0 0
GPRESSAVG: 900 0 0 0 0 0 0 0 0 0
Info: Benchmark time: 164 CPUs 0.00105435 s/step 0.0122031 days/ns 1058.75 MB memory
ENERGY:     900      1090.2258      1743.7074      2055.2212       141.3454            -40.6897      -802.0258         0.0000      2431.7503      3033.9438           9653.4783       304.6493      6619.5345      9675.4680       302.8105

OPENING COORDINATE DCD FILE
WRITING COORDINATES TO DCD FILE adk-step1.dcd AT STEP 1000
WRITING COORDINATES TO RESTART FILE AT STEP 1000
FINISHED WRITING RESTART COORDINATES
The last position output (seq=1000) takes 0.008 seconds, 1058.750 MB of memory in use
WRITING VELOCITIES TO RESTART FILE AT STEP 1000
FINISHED WRITING RESTART VELOCITIES
The last velocity output (seq=1000) takes 0.002 seconds, 1058.750 MB of memory in use
PRESSURE: 1000 0 0 0 0 0 0 0 0 0
GPRESSURE: 1000 0 0 0 0 0 0 0 0 0
PRESSAVG: 1000 0 0 0 0 0 0 0 0 0
GPRESSAVG: 1000 0 0 0 0 0 0 0 0 0
TIMING: 1000  CPU: 0.25527, 0.000253042/step  Wall: 1.09095, 0.00107775/step, 0.0011975 hours remaining, 1058.750000 MB of memory in use.
ETITLE:      TS           BOND          ANGLE          DIHED          IMPRP               ELECT            VDW       BOUNDARY           MISC        KINETIC               TOTAL           TEMP      POTENTIAL         TOTAL3        TEMPAVG

ENERGY:    1000      1034.3839      1739.9415      2063.8025       138.7371            -40.2002      -787.5891         0.0000      2432.0803      3060.4848           9641.6406       307.3144      6581.1559      9665.0152       302.3760

WRITING EXTENDED SYSTEM TO RESTART FILE AT STEP 1000
PRESSURE: 1100 0 0 0 0 0 0 0 0 0
GPRESSURE: 1100 0 0 0 0 0 0 0 0 0
PRESSAVG: 1100 0 0 0 0 0 0 0 0 0
GPRESSAVG: 1100 0 0 0 0 0 0 0 0 0
ENERGY:    1100      1091.5349      1698.6544      2071.5755       157.2402            -40.3546      -794.6479         0.0000      2437.5988      3040.8142           9662.4157       305.3392      6621.6015      9686.3994       301.6628

PRESSURE: 1200 0 0 0 0 0 0 0 0 0
GPRESSURE: 1200 0 0 0 0 0 0 0 0 0
PRESSAVG: 1200 0 0 0 0 0 0 0 0 0
GPRESSAVG: 1200 0 0 0 0 0 0 0 0 0
ENERGY:    1200      1072.7017      1729.7517      2059.9403       161.7957            -39.9687      -780.3743         0.0000      2445.4288      3013.3616           9662.6368       302.5826      6649.2751      9687.5629       302.4714

PRESSURE: 1300 0 0 0 0 0 0 0 0 0
GPRESSURE: 1300 0 0 0 0 0 0 0 0 0
PRESSAVG: 1300 0 0 0 0 0 0 0 0 0
GPRESSAVG: 1300 0 0 0 0 0 0 0 0 0
ENERGY:    1300      1103.4612      1729.8731      2062.2527       149.2832            -39.9157      -786.0434         0.0000      2443.7415      2977.5248           9640.1774       298.9841      6662.6526      9661.9350       300.1036

PRESSURE: 1400 0 0 0 0 0 0 0 0 0
GPRESSURE: 1400 0 0 0 0 0 0 0 0 0
PRESSAVG: 1400 0 0 0 0 0 0 0 0 0
GPRESSAVG: 1400 0 0 0 0 0 0 0 0 0
ENERGY:    1400      1062.3627      1740.7957      2091.5075       151.3012            -40.5057      -801.4339         0.0000      2440.2988      3016.9477           9661.2741       302.9427      6644.3264      9690.4793       300.9733

PRESSURE: 1500 0 0 0 0 0 0 0 0 0
GPRESSURE: 1500 0 0 0 0 0 0 0 0 0
PRESSAVG: 1500 0 0 0 0 0 0 0 0 0
GPRESSAVG: 1500 0 0 0 0 0 0 0 0 0
ENERGY:    1500      1070.8734      1722.2968      2093.6296       154.5533            -41.1255      -811.0397         0.0000      2437.6397      3041.9507           9668.7784       305.4533      6626.8277      9696.9971       304.0589

PRESSURE: 1600 0 0 0 0 0 0 0 0 0
GPRESSURE: 1600 0 0 0 0 0 0 0 0 0
PRESSAVG: 1600 0 0 0 0 0 0 0 0 0
GPRESSAVG: 1600 0 0 0 0 0 0 0 0 0
ENERGY:    1600      1064.4541      1698.6602      2075.2226       157.5825            -41.3169      -802.3372         0.0000      2433.8713      3113.8219           9699.9586       312.6702      6586.1367      9727.2912       305.5647

PRESSURE: 1700 0 0 0 0 0 0 0 0 0
GPRESSURE: 1700 0 0 0 0 0 0 0 0 0
PRESSAVG: 1700 0 0 0 0 0 0 0 0 0
GPRESSAVG: 1700 0 0 0 0 0 0 0 0 0
ENERGY:    1700      1080.6130      1672.9087      2070.1463       176.4621            -41.9760      -776.6619         0.0000      2423.1861      3085.3110           9689.9892       309.8073      6604.6782      9714.9573       306.3778

PRESSURE: 1800 0 0 0 0 0 0 0 0 0
GPRESSURE: 1800 0 0 0 0 0 0 0 0 0
PRESSAVG: 1800 0 0 0 0 0 0 0 0 0
GPRESSAVG: 1800 0 0 0 0 0 0 0 0 0
ENERGY:    1800      1093.3726      1717.2996      2080.2924       162.1384            -41.0541      -788.7881         0.0000      2418.9707      2985.1902           9627.4217       299.7538      6642.2314      9650.3937       304.1240

PRESSURE: 1900 0 0 0 0 0 0 0 0 0
GPRESSURE: 1900 0 0 0 0 0 0 0 0 0
PRESSAVG: 1900 0 0 0 0 0 0 0 0 0
GPRESSAVG: 1900 0 0 0 0 0 0 0 0 0
ENERGY:    1900      1091.5779      1686.3032      2098.7138       157.6146            -41.1015      -778.1160         0.0000      2419.6512      3001.1841           9635.8273       301.3598      6634.6432      9658.4831       301.7203

WRITING COORDINATES TO DCD FILE adk-step1.dcd AT STEP 2000
WRITING COORDINATES TO RESTART FILE AT STEP 2000
FINISHED WRITING RESTART COORDINATES
The last position output (seq=2000) takes 0.005 seconds, 1058.750 MB of memory in use
WRITING VELOCITIES TO RESTART FILE AT STEP 2000
FINISHED WRITING RESTART VELOCITIES
The last velocity output (seq=2000) takes 0.003 seconds, 1058.750 MB of memory in use
PRESSURE: 2000 0 0 0 0 0 0 0 0 0
GPRESSURE: 2000 0 0 0 0 0 0 0 0 0
PRESSAVG: 2000 0 0 0 0 0 0 0 0 0
GPRESSAVG: 2000 0 0 0 0 0 0 0 0 0
TIMING: 2000  CPU: 0.469093, 0.000213823/step  Wall: 2.29247, 0.00120151/step, 0.00100126 hours remaining, 1058.750000 MB of memory in use.
ETITLE:      TS           BOND          ANGLE          DIHED          IMPRP               ELECT            VDW       BOUNDARY           MISC        KINETIC               TOTAL           TEMP      POTENTIAL         TOTAL3        TEMPAVG

ENERGY:    2000      1106.9168      1705.7272      2079.8362       160.8536            -40.7253      -794.2162         0.0000      2415.0599      2985.5043           9618.9565       299.7853      6633.4522      9641.8274       302.6196

WRITING EXTENDED SYSTEM TO RESTART FILE AT STEP 2000
PRESSURE: 2100 0 0 0 0 0 0 0 0 0
GPRESSURE: 2100 0 0 0 0 0 0 0 0 0
PRESSAVG: 2100 0 0 0 0 0 0 0 0 0
GPRESSAVG: 2100 0 0 0 0 0 0 0 0 0
ENERGY:    2100      1118.9873      1692.1752      2081.7479       166.4959            -40.8334      -794.7653         0.0000      2415.5984      2977.3563           9616.7623       298.9671      6639.4061      9643.2314       301.2350

PRESSURE: 2200 0 0 0 0 0 0 0 0 0
GPRESSURE: 2200 0 0 0 0 0 0 0 0 0
PRESSAVG: 2200 0 0 0 0 0 0 0 0 0
GPRESSAVG: 2200 0 0 0 0 0 0 0 0 0
ENERGY:    2200      1091.0207      1700.4845      2069.8903       160.4564            -41.2628      -790.9614         0.0000      2411.3875      3030.2827           9631.2979       304.2817      6601.0152      9661.6376       303.1674

PRESSURE: 2300 0 0 0 0 0 0 0 0 0
GPRESSURE: 2300 0 0 0 0 0 0 0 0 0
PRESSAVG: 2300 0 0 0 0 0 0 0 0 0
GPRESSAVG: 2300 0 0 0 0 0 0 0 0 0
ENERGY:    2300      1073.4399      1721.3150      2119.5775       154.5124            -40.9555      -795.7723         0.0000      2415.5459      2994.4908           9642.1536       300.6877      6647.6628      9667.1262       302.2662

PRESSURE: 2400 0 0 0 0 0 0 0 0 0
GPRESSURE: 2400 0 0 0 0 0 0 0 0 0
PRESSAVG: 2400 0 0 0 0 0 0 0 0 0
GPRESSAVG: 2400 0 0 0 0 0 0 0 0 0
ENERGY:    2400      1125.0121      1749.3034      2080.4564       157.4177            -40.8147      -827.5573         0.0000      2420.2194      3015.8780           9679.9149       302.8352      6664.0369      9701.2431       303.2681

PRESSURE: 2500 0 0 0 0 0 0 0 0 0
GPRESSURE: 2500 0 0 0 0 0 0 0 0 0
PRESSAVG: 2500 0 0 0 0 0 0 0 0 0
GPRESSAVG: 2500 0 0 0 0 0 0 0 0 0
ENERGY:    2500      1097.6396      1700.5994      2096.0773       163.8763            -41.4383      -838.2395         0.0000      2418.3199      3027.6097           9624.4443       304.0133      6596.8346      9648.2938       304.5760

PRESSURE: 2600 0 0 0 0 0 0 0 0 0
GPRESSURE: 2600 0 0 0 0 0 0 0 0 0
PRESSAVG: 2600 0 0 0 0 0 0 0 0 0
GPRESSAVG: 2600 0 0 0 0 0 0 0 0 0
ENERGY:    2600      1103.9951      1713.1470      2088.9335       146.7676            -40.6383      -800.3949         0.0000      2417.3349      3019.0797           9648.2247       303.1567      6629.1450      9672.6663       301.3857

PRESSURE: 2700 0 0 0 0 0 0 0 0 0
GPRESSURE: 2700 0 0 0 0 0 0 0 0 0
PRESSAVG: 2700 0 0 0 0 0 0 0 0 0
GPRESSAVG: 2700 0 0 0 0 0 0 0 0 0
ENERGY:    2700      1101.9121      1669.2662      2089.5911       170.8805            -40.0112      -810.5914         0.0000      2412.4570      3082.0130           9675.5174       309.4761      6593.5044      9698.7242       305.3890

PRESSURE: 2800 0 0 0 0 0 0 0 0 0
GPRESSURE: 2800 0 0 0 0 0 0 0 0 0
PRESSAVG: 2800 0 0 0 0 0 0 0 0 0
GPRESSAVG: 2800 0 0 0 0 0 0 0 0 0
ENERGY:    2800      1097.1200      1740.8469      2080.3399       161.9076            -40.8760      -777.0179         0.0000      2406.4677      2969.1405           9637.9286       298.1422      6668.7881      9659.7706       304.1939

PRESSURE: 2900 0 0 0 0 0 0 0 0 0
GPRESSURE: 2900 0 0 0 0 0 0 0 0 0
PRESSAVG: 2900 0 0 0 0 0 0 0 0 0
GPRESSAVG: 2900 0 0 0 0 0 0 0 0 0
ENERGY:    2900      1113.3337      1705.4819      2042.1889       143.8858            -40.6364      -808.5270         0.0000      2409.3191      2989.7558           9554.8017       300.2122      6565.0459      9580.2225       300.7588

WRITING COORDINATES TO DCD FILE adk-step1.dcd AT STEP 3000
WRITING COORDINATES TO RESTART FILE AT STEP 3000
FINISHED WRITING RESTART COORDINATES
The last position output (seq=3000) takes 0.004 seconds, 1058.750 MB of memory in use
WRITING VELOCITIES TO RESTART FILE AT STEP 3000
FINISHED WRITING RESTART VELOCITIES
The last velocity output (seq=3000) takes 0.002 seconds, 1058.750 MB of memory in use
PRESSURE: 3000 0 0 0 0 0 0 0 0 0
GPRESSURE: 3000 0 0 0 0 0 0 0 0 0
PRESSAVG: 3000 0 0 0 0 0 0 0 0 0
GPRESSAVG: 3000 0 0 0 0 0 0 0 0 0
TIMING: 3000  CPU: 0.679298, 0.000210205/step  Wall: 3.2875, 0.000995039/step, 0.000552799 hours remaining, 1058.750000 MB of memory in use.
ETITLE:      TS           BOND          ANGLE          DIHED          IMPRP               ELECT            VDW       BOUNDARY           MISC        KINETIC               TOTAL           TEMP      POTENTIAL         TOTAL3        TEMPAVG

ENERGY:    3000      1099.3230      1661.0233      2068.7770       153.3287            -40.9686      -754.7502         0.0000      2409.4283      3014.6789           9610.8404       302.7148      6596.1615      9637.0698       299.0090

WRITING EXTENDED SYSTEM TO RESTART FILE AT STEP 3000
PRESSURE: 3100 0 0 0 0 0 0 0 0 0
GPRESSURE: 3100 0 0 0 0 0 0 0 0 0
PRESSAVG: 3100 0 0 0 0 0 0 0 0 0
GPRESSAVG: 3100 0 0 0 0 0 0 0 0 0
ENERGY:    3100      1105.8610      1704.6798      2073.7794       151.9688            -41.0654      -815.6314         0.0000      2413.5443      3017.9924           9611.1290       303.0476      6593.1366      9634.0232       302.2338

PRESSURE: 3200 0 0 0 0 0 0 0 0 0
GPRESSURE: 3200 0 0 0 0 0 0 0 0 0
PRESSAVG: 3200 0 0 0 0 0 0 0 0 0
GPRESSAVG: 3200 0 0 0 0 0 0 0 0 0
ENERGY:    3200      1108.4677      1694.8648      2063.2610       158.7935            -40.8144      -764.6456         0.0000      2404.5398      3004.5190           9628.9859       301.6947      6624.4668      9658.9520       302.9728

PRESSURE: 3300 0 0 0 0 0 0 0 0 0
GPRESSURE: 3300 0 0 0 0 0 0 0 0 0
PRESSAVG: 3300 0 0 0 0 0 0 0 0 0
GPRESSAVG: 3300 0 0 0 0 0 0 0 0 0
ENERGY:    3300      1124.1287      1709.2984      2059.8763       164.5770            -40.3459      -795.5964         0.0000      2398.6706      3038.0597           9658.6683       305.0626      6620.6085      9686.5375       303.6887

PRESSURE: 3400 0 0 0 0 0 0 0 0 0
GPRESSURE: 3400 0 0 0 0 0 0 0 0 0
PRESSAVG: 3400 0 0 0 0 0 0 0 0 0
GPRESSAVG: 3400 0 0 0 0 0 0 0 0 0
ENERGY:    3400      1097.9196      1728.1981      2080.5210       162.2431            -41.2705      -814.4390         0.0000      2397.7948      3019.9158           9630.8829       303.2407      6610.9670      9661.3516       304.5959

PRESSURE: 3500 0 0 0 0 0 0 0 0 0
GPRESSURE: 3500 0 0 0 0 0 0 0 0 0
PRESSAVG: 3500 0 0 0 0 0 0 0 0 0
GPRESSAVG: 3500 0 0 0 0 0 0 0 0 0
ENERGY:    3500      1114.4480      1697.1724      2090.5632       158.5968            -41.2019      -807.0940         0.0000      2390.4742      2978.7133           9581.6721       299.1034      6602.9588      9607.5930       301.6416

PRESSURE: 3600 0 0 0 0 0 0 0 0 0
GPRESSURE: 3600 0 0 0 0 0 0 0 0 0
PRESSAVG: 3600 0 0 0 0 0 0 0 0 0
GPRESSAVG: 3600 0 0 0 0 0 0 0 0 0
ENERGY:    3600      1069.9253      1682.9499      2098.1625       143.0496            -40.2940      -792.6519         0.0000      2393.3350      2972.8019           9527.2784       298.5098      6554.4765      9553.1539       299.7276

PRESSURE: 3700 0 0 0 0 0 0 0 0 0
GPRESSURE: 3700 0 0 0 0 0 0 0 0 0
PRESSAVG: 3700 0 0 0 0 0 0 0 0 0
GPRESSAVG: 3700 0 0 0 0 0 0 0 0 0
ENERGY:    3700      1094.7069      1627.2678      2068.8033       141.3817            -40.8168      -792.8991         0.0000      2394.9424      3000.3093           9493.6954       301.2719      6493.3861      9521.0444       296.9595

PRESSURE: 3800 0 0 0 0 0 0 0 0 0
GPRESSURE: 3800 0 0 0 0 0 0 0 0 0
PRESSAVG: 3800 0 0 0 0 0 0 0 0 0
GPRESSAVG: 3800 0 0 0 0 0 0 0 0 0
ENERGY:    3800      1100.0964      1609.0412      2065.9888       151.1658            -41.6127      -829.2721         0.0000      2403.8658      3024.9479           9484.2211       303.7460      6459.2732      9513.1002       296.0466

PRESSURE: 3900 0 0 0 0 0 0 0 0 0
GPRESSURE: 3900 0 0 0 0 0 0 0 0 0
PRESSAVG: 3900 0 0 0 0 0 0 0 0 0
GPRESSAVG: 3900 0 0 0 0 0 0 0 0 0
ENERGY:    3900      1121.3841      1647.4104      2046.5529       155.8544            -41.7254      -810.8764         0.0000      2398.0337      2992.5297           9509.1635       300.4908      6516.6337      9532.3385       296.3595

WRITING COORDINATES TO DCD FILE adk-step1.dcd AT STEP 4000
WRITING COORDINATES TO RESTART FILE AT STEP 4000
FINISHED WRITING RESTART COORDINATES
The last position output (seq=4000) takes 0.004 seconds, 1058.750 MB of memory in use
WRITING VELOCITIES TO RESTART FILE AT STEP 4000
FINISHED WRITING RESTART VELOCITIES
The last velocity output (seq=4000) takes 0.003 seconds, 1058.750 MB of memory in use
PRESSURE: 4000 0 0 0 0 0 0 0 0 0
GPRESSURE: 4000 0 0 0 0 0 0 0 0 0
PRESSAVG: 4000 0 0 0 0 0 0 0 0 0
GPRESSAVG: 4000 0 0 0 0 0 0 0 0 0
TIMING: 4000  CPU: 0.894083, 0.000214785/step  Wall: 4.30361, 0.00101611/step, 0.000282252 hours remaining, 1058.750000 MB of memory in use.
ETITLE:      TS           BOND          ANGLE          DIHED          IMPRP               ELECT            VDW       BOUNDARY           MISC        KINETIC               TOTAL           TEMP      POTENTIAL         TOTAL3        TEMPAVG

ENERGY:    4000      1135.2925      1711.0667      2024.9574       151.6460            -40.7435      -836.8222         0.0000      2401.0927      2972.7459           9519.2354       298.5042      6546.4895      9541.1989       299.0195

WRITING EXTENDED SYSTEM TO RESTART FILE AT STEP 4000
PRESSURE: 4100 0 0 0 0 0 0 0 0 0
GPRESSURE: 4100 0 0 0 0 0 0 0 0 0
PRESSAVG: 4100 0 0 0 0 0 0 0 0 0
GPRESSAVG: 4100 0 0 0 0 0 0 0 0 0
ENERGY:    4100      1146.9340      1643.2697      2080.0513       151.0453            -40.4263      -801.5996         0.0000      2398.0944      2903.3882           9480.7570       291.5397      6577.3688      9506.5463       297.0318

PRESSURE: 4200 0 0 0 0 0 0 0 0 0
GPRESSURE: 4200 0 0 0 0 0 0 0 0 0
PRESSAVG: 4200 0 0 0 0 0 0 0 0 0
GPRESSAVG: 4200 0 0 0 0 0 0 0 0 0
ENERGY:    4200      1140.2766      1676.3189      2061.1139       162.3680            -40.6891      -792.5629         0.0000      2393.3037      2937.6798           9537.8088       294.9831      6600.1290      9562.6558       297.5787

LDB: ============= START OF LOAD BALANCING ============== 6.14752
LDB: ============== END OF LOAD BALANCING =============== 6.15386
Info: useSync: 1 useProxySync: 0
LDB: =============== DONE WITH MIGRATION ================ 6.15467
PRESSURE: 4300 0 0 0 0 0 0 0 0 0
GPRESSURE: 4300 0 0 0 0 0 0 0 0 0
PRESSAVG: 4300 0 0 0 0 0 0 0 0 0
GPRESSAVG: 4300 0 0 0 0 0 0 0 0 0
ENERGY:    4300      1118.3141      1647.1103      2086.7731       147.2144            -41.0165      -816.5351         0.0000      2394.4836      2998.2618           9534.6057       301.0663      6536.3439      9561.6595       298.5556

LDB: ============= START OF LOAD BALANCING ============== 6.24646
LDB: 183 computes have load of zero
LDB: Largest compute 1207 load 0.011101 is 45.3% of average load 0.024488
LDB: Average compute 0.001381 is 5.6% of average load 0.024488
LDB: TIME 6.24837 LOAD: AVG 0.0244877 MAX 0.0383878  PROXIES: TOTAL 471 MAXPE 10 MAXPATCH 10 None MEM: 1058.75 MB
LDB: TIME 6.24912 LOAD: AVG 0.0244877 MAX 0.0383878  PROXIES: TOTAL 720 MAXPE 11 MAXPATCH 27 RefineTorusLB MEM: 1058.75 MB
LDB: TIME 6.25036 LOAD: AVG 0.0244877 MAX 0.0383878  PROXIES: TOTAL 712 MAXPE 11 MAXPATCH 27 RefineTorusLB MEM: 1058.75 MB
LDB: ============== END OF LOAD BALANCING =============== 6.25133
Info: build node-aware spanning tree with send: 1, recv: 0 with branch factor 4
Info: useSync: 1 useProxySync: 0
LDB: =============== DONE WITH MIGRATION ================ 6.25499
PRESSURE: 4400 0 0 0 0 0 0 0 0 0
GPRESSURE: 4400 0 0 0 0 0 0 0 0 0
PRESSAVG: 4400 0 0 0 0 0 0 0 0 0
GPRESSAVG: 4400 0 0 0 0 0 0 0 0 0
ENERGY:    4400      1131.6849      1716.5839      2091.2615       133.8831            -41.2034      -795.0609         0.0000      2380.1191      2972.5632           9589.8314       298.4859      6617.2682      9611.7685       300.7741

PRESSURE: 4500 0 0 0 0 0 0 0 0 0
GPRESSURE: 4500 0 0 0 0 0 0 0 0 0
PRESSAVG: 4500 0 0 0 0 0 0 0 0 0
GPRESSAVG: 4500 0 0 0 0 0 0 0 0 0
ENERGY:    4500      1099.8405      1701.7026      2064.3823       140.8221            -41.1630      -771.9099         0.0000      2384.7116      3021.1841           9599.5704       303.3681      6578.3862      9622.0579       303.5052

PRESSURE: 4600 0 0 0 0 0 0 0 0 0
GPRESSURE: 4600 0 0 0 0 0 0 0 0 0
PRESSAVG: 4600 0 0 0 0 0 0 0 0 0
GPRESSAVG: 4600 0 0 0 0 0 0 0 0 0
ENERGY:    4600      1083.4432      1662.0689      2047.8403       147.9152            -41.2214      -760.3970         0.0000      2386.8062      3002.1375           9528.5930       301.4555      6526.4554      9558.5426       300.0880

PRESSURE: 4700 0 0 0 0 0 0 0 0 0
GPRESSURE: 4700 0 0 0 0 0 0 0 0 0
PRESSAVG: 4700 0 0 0 0 0 0 0 0 0
GPRESSAVG: 4700 0 0 0 0 0 0 0 0 0
ENERGY:    4700      1115.8214      1692.7021      2069.0207       149.1926            -41.3316      -827.6361         0.0000      2396.2720      2970.0034           9524.0444       298.2288      6554.0410      9552.7983       299.3067

PRESSURE: 4800 0 0 0 0 0 0 0 0 0
GPRESSURE: 4800 0 0 0 0 0 0 0 0 0
PRESSAVG: 4800 0 0 0 0 0 0 0 0 0
GPRESSAVG: 4800 0 0 0 0 0 0 0 0 0
ENERGY:    4800      1099.9681      1680.2029      2047.3917       142.4342            -40.6250      -797.3149         0.0000      2402.8175      2974.1369           9509.0114       298.6439      6534.8745      9532.8493       297.0337

PRESSURE: 4900 0 0 0 0 0 0 0 0 0
GPRESSURE: 4900 0 0 0 0 0 0 0 0 0
PRESSAVG: 4900 0 0 0 0 0 0 0 0 0
GPRESSAVG: 4900 0 0 0 0 0 0 0 0 0
ENERGY:    4900      1118.4003      1679.4291      2062.8828       165.3738            -40.0657      -811.9543         0.0000      2410.7373      2944.8831           9529.6864       295.7064      6584.8033      9553.2944       297.6517

WRITING COORDINATES TO DCD FILE adk-step1.dcd AT STEP 5000
WRITING COORDINATES TO RESTART FILE AT STEP 5000
FINISHED WRITING RESTART COORDINATES
The last position output (seq=5000) takes 0.003 seconds, 1058.750 MB of memory in use
WRITING VELOCITIES TO RESTART FILE AT STEP 5000
FINISHED WRITING RESTART VELOCITIES
The last velocity output (seq=5000) takes 0.002 seconds, 1058.750 MB of memory in use
PRESSURE: 5000 0 0 0 0 0 0 0 0 0
GPRESSURE: 5000 0 0 0 0 0 0 0 0 0
PRESSAVG: 5000 0 0 0 0 0 0 0 0 0
GPRESSAVG: 5000 0 0 0 0 0 0 0 0 0
TIMING: 5000  CPU: 1.11407, 0.000219991/step  Wall: 5.34434, 0.00104073/step, 0 hours remaining, 1058.750000 MB of memory in use.
ETITLE:      TS           BOND          ANGLE          DIHED          IMPRP               ELECT            VDW       BOUNDARY           MISC        KINETIC               TOTAL           TEMP      POTENTIAL         TOTAL3        TEMPAVG

ENERGY:    5000      1104.7165      1667.0242      2071.7331       146.9115            -40.2589      -803.8049         0.0000      2406.0973      2988.3433           9540.7621       300.0704      6552.4188      9569.8093       296.1423

WRITING EXTENDED SYSTEM TO RESTART FILE AT STEP 5000
WRITING EXTENDED SYSTEM TO OUTPUT FILE AT STEP 5000
WRITING COORDINATES TO OUTPUT FILE AT STEP 5000
CLOSING COORDINATE DCD FILE adk-step1.dcd
The last position output (seq=-2) takes 0.005 seconds, 1058.750 MB of memory in use
WRITING VELOCITIES TO OUTPUT FILE AT STEP 5000
====================================================

WallClock: 6.896692  CPUTime: 2.220714  Memory: 1058.750000 MB
[Partition 0][Node 0] End of program
