1_16_cc.dat
/gpfs/alpine/bip115/scratch/hrlee/radical.pilot.sandbox/re.session.login1.hrlee.018632.0003/pilot.0000/staging_area/1_16_cc.dat
1, 16
Choosing optimized barrier algorithm name I0:HybridBinomial:SHMEM:P2P
Converse/Charm++ Commit ID: v6.10.2-0-g7bf00fa-namd-charm-6.10.2-build-2020-Aug-05-556
Warning> Randomization of virtual memory (ASLR) is turned on in the kernel, thread migration may not work! Run 'echo 0 > /proc/sys/kernel/randomize_va_space' as root to disable it, or try running with '+isomalloc_sync'.
CharmLB> Load balancer assumes all CPUs are same.
Charm++> Running on 1 hosts (1 sockets x 7 cores x 4 PUs = 28-way SMP)
Charm++> cpu topology info is gathered in 0.003 seconds.
Info: Built with CUDA version 10010
Did not find +devices i,j,k,... argument, using all
Pe 3 physical rank 3 will use CUDA device of pe 4
Pe 20 physical rank 20 will use CUDA device of pe 14
Pe 41 physical rank 41 will use CUDA device of pe 35
Pe 13 physical rank 13 will use CUDA device of pe 7
Pe 31 physical rank 31 will use CUDA device of pe 28
Pe 6 physical rank 6 will use CUDA device of pe 4
Pe 23 physical rank 23 will use CUDA device of pe 21
Pe 19 physical rank 19 will use CUDA device of pe 14
Pe 39 physical rank 39 will use CUDA device of pe 35
Pe 9 physical rank 9 will use CUDA device of pe 7
Pe 32 physical rank 32 will use CUDA device of pe 28
Pe 25 physical rank 25 will use CUDA device of pe 21
Pe 18 physical rank 18 will use CUDA device of pe 14
Pe 38 physical rank 38 will use CUDA device of pe 35
Pe 11 physical rank 11 will use CUDA device of pe 7
Pe 30 physical rank 30 will use CUDA device of pe 28
Pe 5 physical rank 5 will use CUDA device of pe 4
Pe 27 physical rank 27 will use CUDA device of pe 21
Pe 17 physical rank 17 will use CUDA device of pe 14
Pe 40 physical rank 40 will use CUDA device of pe 35
Pe 10 physical rank 10 will use CUDA device of pe 7
Pe 33 physical rank 33 will use CUDA device of pe 28
Pe 2 physical rank 2 will use CUDA device of pe 4
Pe 26 physical rank 26 will use CUDA device of pe 21
Pe 16 physical rank 16 will use CUDA device of pe 14
Pe 37 physical rank 37 will use CUDA device of pe 35
Pe 12 physical rank 12 will use CUDA device of pe 7
Pe 34 physical rank 34 will use CUDA device of pe 28
Pe 1 physical rank 1 will use CUDA device of pe 4
Pe 24 physical rank 24 will use CUDA device of pe 21
Pe 15 physical rank 15 will use CUDA device of pe 14
Pe 36 physical rank 36 will use CUDA device of pe 35
Pe 8 physical rank 8 will use CUDA device of pe 7
Pe 29 physical rank 29 will use CUDA device of pe 28
Pe 0 physical rank 0 will use CUDA device of pe 4
Pe 22 physical rank 22 will use CUDA device of pe 21
Pe 7 physical rank 7 binding to CUDA device 0 on g24n18: 'Tesla V100-SXM2-16GB'  Mem: 16128MB  Rev: 7.0  PCI: 4:5:0
Pe 4 physical rank 4 binding to CUDA device 0 on g24n18: 'Tesla V100-SXM2-16GB'  Mem: 16128MB  Rev: 7.0  PCI: 4:4:0
Pe 14 physical rank 14 binding to CUDA device 0 on g24n18: 'Tesla V100-SXM2-16GB'  Mem: 16128MB  Rev: 7.0  PCI: 4:6:0
Pe 35 physical rank 35 binding to CUDA device 0 on g24n18: 'Tesla V100-SXM2-16GB'  Mem: 16128MB  Rev: 7.0  PCI: 35:5:0
Pe 28 physical rank 28 binding to CUDA device 0 on g24n18: 'Tesla V100-SXM2-16GB'  Mem: 16128MB  Rev: 7.0  PCI: 35:4:0
Pe 21 physical rank 21 binding to CUDA device 0 on g24n18: 'Tesla V100-SXM2-16GB'  Mem: 16128MB  Rev: 7.0  PCI: 35:3:0
Info: NAMD 2.14 for Linux-POWER-pami-smp-Summit-CUDA
Info: 
Info: Please visit http://www.ks.uiuc.edu/Research/namd/
Info: for updates, documentation, and support information.
Info: 
Info: Please cite Phillips et al., J. Chem. Phys. 153:044130 (2020) doi:10.1063/5.0014475
Info: in all publications reporting results obtained with NAMD.
Info: 
Info: Based on Charm++/Converse 61002 for pami-linux-ppc64le-smp
Info: Built Wed Aug 5 14:28:51 EDT 2020 by jimp on login2
Info: 1 NAMD  2.14  Linux-POWER-pami-smp-Summit-CUDA  42    g24n18  hrlee
Info: Running on 42 processors, 6 nodes, 1 physical nodes.
Info: CPU topology information available.
Info: Charm++/Converse parallel runtime startup completed at 1.3804 s
CkLoopLib is used in SMP with simple dynamic scheduling (converse-level notification)
Info: 791.688 MB of memory in use based on /proc/self/stat
Info: Configuration file is adk-step1.namd
Info: Working in the current directory /gpfs/alpine/bip115/scratch/hrlee/radical.pilot.sandbox/re.session.login1.hrlee.018632.0003/pilot.0000/unit.001089
TCL: Suspending until startup complete.
Info: SIMULATION PARAMETERS:
Info: TIMESTEP               1
Info: NUMBER OF STEPS        0
Info: STEPS PER CYCLE        20
Info: LOAD BALANCER  Centralized
Info: LOAD BALANCING STRATEGY  New Load Balancers -- DEFAULT
Info: LDB PERIOD             4000 steps
Info: FIRST LDB TIMESTEP     100
Info: LAST LDB TIMESTEP     -1
Info: LDB BACKGROUND SCALING 1
Info: HOM BACKGROUND SCALING 1
Info: MIN ATOMS PER PATCH    40
Info: VELOCITY FILE          1_16_adk-step1.restart.vel
Info: CENTER OF MASS MOVING INITIALLY? NO
Info: DIELECTRIC             80
Info: EXCLUDE                SCALED ONE-FOUR
Info: 1-4 ELECTROSTATICS SCALED BY 1
Info: MODIFIED 1-4 VDW PARAMETERS WILL BE USED
Info: DCD FILENAME           adk-step1.dcd
Info: DCD FREQUENCY          1000
Info: DCD FIRST STEP         1000
Info: NO EXTENDED SYSTEM TRAJECTORY OUTPUT
Info: NO VELOCITY DCD OUTPUT
Info: NO FORCE DCD OUTPUT
Info: OUTPUT FILENAME        adk-step1
Info: BINARY OUTPUT FILES WILL BE USED
Info: RESTART FILENAME       adk-step1.restart
Info: RESTART FREQUENCY      1000
Info: BINARY RESTART FILES WILL BE USED
Info: SWITCHING ACTIVE
Info: SWITCHING ON           9
Info: SWITCHING OFF          10
Info: PAIRLIST DISTANCE      11
Info: PAIRLIST SHRINK RATE   0.01
Info: PAIRLIST GROW RATE     0.01
Info: PAIRLIST TRIGGER       0.3
Info: PAIRLISTS PER CYCLE    2
Info: PAIRLISTS ENABLED
Info: MARGIN                 0
Info: HYDROGEN GROUP CUTOFF  2.5
Info: PATCH DIMENSION        13.5
Info: ENERGY OUTPUT STEPS    100
Info: CROSSTERM ENERGY INCLUDED IN DIHEDRAL
Info: TIMING OUTPUT STEPS    1000
Info: PRESSURE OUTPUT STEPS  100
Info: GRID FORCE ACTIVE
Info:  Please include this reference in published work using
Info:  the Gridforce module of NAMD: David Wells, Volha Abramkina,
Info:  and Aleksei Aksimentiev, J. Chem. Phys. 127:125101-10 (2007).
Info: MGRIDFORCE key 0
Info:            Potfile 4ake-target_autopsf-grid.dx
Info:            Scale 0.3 0.3 0.3
Info:            File 1ake-docked-noh_autopsf-grid.pdb
Info:            Col O
Info:            ChargeCol B
Info:            VOffset 0 0 0
Info:            Continuous K1 FALSE
Info:            Continuous K2 FALSE
Info:            Continuous K3 FALSE
Info:            Volts FALSE
Info:            Gridforce-Lite FALSE
Info:            Gridforce-CheckSize TRUE
Info: LANGEVIN DYNAMICS ACTIVE
Info: LANGEVIN TEMPERATURE   300
Info: LANGEVIN USING BBK INTEGRATOR
Info: LANGEVIN DAMPING COEFFICIENT IS 5 INVERSE PS
Info: LANGEVIN DYNAMICS NOT APPLIED TO HYDROGENS
Info: USING VERLET I (r-RESPA) MTS SCHEME.
Info: C1 SPLITTING OF LONG RANGE ELECTROSTATICS
Info: PLACING ATOMS IN PATCHES BY HYDROGEN GROUPS
Info: RIGID BONDS TO HYDROGEN : WATER
Info:         ERROR TOLERANCE : 1e-08
Info:          MAX ITERATIONS : 100
Info: RIGID WATER USING SETTLE ALGORITHM
Info: NONBONDED FORCES EVALUATED EVERY 2 STEPS
Info: RANDOM NUMBER SEED     1609822706
Info: USE HYDROGEN BONDS?    NO
Info: COORDINATE PDB         1ake-docked-noh_autopsf.pdb
Info: STRUCTURE FILE         1ake-docked-noh_autopsf.psf
Info: PARAMETER file: CHARMM format! 
Info: PARAMETERS             par_all36_prot.prm
Info: USING ARITHMETIC MEAN TO COMBINE L-J SIGMA PARAMETERS
Info: BINARY COORDINATES     1_16_adk-step1.restart.coor
Info: SUMMARY OF PARAMETERS:
Info: 132 BONDS
Info: 362 ANGLES
Info: 702 DIHEDRAL
Info: 35 IMPROPER
Info: 6 CROSSTERM
Info: 53 VDW
Info: 0 VDW_PAIRS
Info: 0 NBTHOLE_PAIRS
Info: TIME FOR READING PSF FILE: 0.429448
Info: READING EXTRA BONDS FILE 1ake-extrabonds.txt
Info: READING EXTRA BONDS FILE 1ake-extrabonds-cispeptide.txt
Info: READING EXTRA BONDS FILE 1ake-extrabonds-chirality.txt
Info: READ 80 EXTRA BONDS
Info: READ 80 EXTRA ANGLES
Warning: EXTRA ANGLES ARE COSINE-BASED BY DEFAULT TO MATCH PREVIOUS VERSIONS
Warning: FOR NORMAL HARMONIC EXTRA ANGLES SET extraBondsCosAngles off
Info: READ 493 EXTRA DIHEDRALS
Info: READ 438 EXTRA IMPROPERS
Info: Reading pdb file 1ake-docked-noh_autopsf.pdb
Info: TIME FOR READING PDB FILE: 0.0746321
Info: 
Info: ****************************
Info: STRUCTURE SUMMARY:
Info: 3341 ATOMS
Info: 3445 BONDS
Info: 6203 ANGLES
Info: 9414 DIHEDRALS
Info: 1005 IMPROPERS
Info: 212 CROSSTERMS
Info: 0 EXCLUSIONS
Info: 0 RIGID BONDS
Info: 1 GRIDS ACTIVE
Info: 10023 DEGREES OF FREEDOM
Info: 1656 HYDROGEN GROUPS
Info: 4 ATOMS IN LARGEST HYDROGEN GROUP
Info: 1656 MIGRATION GROUPS
Info: 4 ATOMS IN LARGEST MIGRATION GROUP
Info: TOTAL MASS = 23582 amu
Info: TOTAL CHARGE = -4 e
Info: *****************************
Info: Reading from binary file 1_16_adk-step1.restart.coor
Info: 
Info: Entering startup at 2.54692 s, 798.812 MB of memory in use
Info: Startup phase 0 took 0.000250444 s, 798.938 MB of memory in use
Info: ADDED 18308 IMPLICIT EXCLUSIONS
Info: Startup phase 1 took 0.00781222 s, 799.062 MB of memory in use
Info: NONBONDED TABLE R-SQUARED SPACING: 0.0625
Info: NONBONDED TABLE SIZE: 705 POINTS
Info: ABSOLUTE IMPRECISION IN FAST TABLE ENERGY: 3.38813e-21 AT 9.89634
Info: RELATIVE IMPRECISION IN FAST TABLE ENERGY: 4.23384e-15 AT 9.94673
Info: ABSOLUTE IMPRECISION IN FAST TABLE FORCE: 6.35275e-22 AT 9.94673
Info: RELATIVE IMPRECISION IN FAST TABLE FORCE: 5.07982e-16 AT 9.94673
Info: INCONSISTENCY IN FAST TABLE ENERGY VS FORCE: 0.000290185 AT 0.251946
Info: ABSOLUTE IMPRECISION IN VDWA TABLE ENERGY: 1.57772e-30 AT 9.89634
Info: RELATIVE IMPRECISION IN VDWA TABLE ENERGY: 4.54938e-15 AT 9.94673
Info: ABSOLUTE IMPRECISION IN VDWA TABLE FORCE: 5.91646e-31 AT 9.94673
Info: RELATIVE IMPRECISION IN VDWA TABLE FORCE: 5.6823e-16 AT 9.94673
Info: INCONSISTENCY IN VDWA TABLE ENERGY VS FORCE: 0.0040507 AT 0.251946
Info: ABSOLUTE IMPRECISION IN VDWB TABLE ENERGY: 4.71751e-25 AT 9.94673
Info: RELATIVE IMPRECISION IN VDWB TABLE ENERGY: 1.45371e-14 AT 9.94673
Info: ABSOLUTE IMPRECISION IN VDWB TABLE FORCE: 6.20385e-25 AT 9.94673
Info: RELATIVE IMPRECISION IN VDWB TABLE FORCE: 5.97512e-16 AT 9.94673
Info: INCONSISTENCY IN VDWB TABLE ENERGY VS FORCE: 0.00377068 AT 9.07951
Info: Startup phase 2 took 0.000778624 s, 800.188 MB of memory in use
Info: Startup phase 3 took 0.000216483 s, 800.188 MB of memory in use
Info: Startup phase 4 took 0.000291921 s, 800.312 MB of memory in use
Info: Startup phase 5 took 0.000197415 s, 800.375 MB of memory in use
Info: ORIGINAL ATOMS MINMAX IS -20.6119 -33.1343 -37.896  17.2535 23.1624 15.9772
Info: ADJUSTED ATOMS MINMAX IS -15.805 -28.1475 -33.0233  11.6522 15.6298 8.35357
Info: PATCH GRID IS 3 BY 4 BY 4
Info: PATCH GRID IS 1-AWAY BY 1-AWAY BY 1-AWAY
Info: Reading from binary file 1_16_adk-step1.restart.vel
Info: REMOVING COM VELOCITY 0.0119997 -0.0454077 0.0283652
Info: LARGEST PATCH (16) HAS 238 ATOMS
Info: TORUS A SIZE 1 USING 0
Info: TORUS B SIZE 1 USING 0
Info: TORUS C SIZE 1 USING 0
Info: TORUS MINIMAL MESH SIZE IS 1 BY 1 BY 1
Info: Placed 100% of base nodes on same physical node as patch
Info: Startup phase 6 took 0.00920021 s, 800.562 MB of memory in use
Info: Startup phase 7 took 0.000213418 s, 801.375 MB of memory in use
Info: Updated CUDA force table with 4096 elements.
Info: Updated CUDA LJ table with 53 x 53 elements.
Info: Updated CUDA force table with 4096 elements.
Info: Updated CUDA LJ table with 53 x 53 elements.
Info: Updated CUDA force table with 4096 elements.
Info: Updated CUDA force table with 4096 elements.
Info: Updated CUDA LJ table with 53 x 53 elements.
Info: Updated CUDA force table with 4096 elements.
Info: Updated CUDA LJ table with 53 x 53 elements.
Info: Updated CUDA LJ table with 53 x 53 elements.
Info: Updated CUDA force table with 4096 elements.
Info: Updated CUDA LJ table with 53 x 53 elements.
Info: Startup phase 8 took 0.00362278 s, 801.562 MB of memory in use
Info: Startup phase 9 took 0.000378071 s, 801.688 MB of memory in use
Info: Startup phase 10 took 0.000210004 s, 801.75 MB of memory in use
Info: Startup phase 11 took 0.00112984 s, 801.938 MB of memory in use
LDB: Central LB being created...
Info: Startup phase 12 took 0.00214473 s, 803.062 MB of memory in use
Info: CREATING 1046 COMPUTE OBJECTS
Info: Found 278 unique exclusion lists needing 900 bytes
Info: Found 278 unique exclusion lists needing 900 bytes
Info: Found 278 unique exclusion lists needing 900 bytes
Info: Found 278 unique exclusion lists needing 900 bytes
Info: Found 278 unique exclusion lists needing 900 bytes
Info: Found 278 unique exclusion lists needing 900 bytes
Info: useSync: 0 useProxySync: 0
Info: Startup phase 13 took 0.0160465 s, 804 MB of memory in use
Info: Building spanning tree ... send: 1 recv: 0 with branch factor 4
Info: Startup phase 14 took 0.00022521 s, 804.188 MB of memory in use
Info: Startup phase 15 took 0.000251571 s, 804.312 MB of memory in use
Info: Finished startup at 2.58989 s, 804.5 MB of memory in use

TCL: Running for 5000 steps
PRESSURE: 0 0 0 0 0 0 0 0 0 0
GPRESSURE: 0 0 0 0 0 0 0 0 0 0
ETITLE:      TS           BOND          ANGLE          DIHED          IMPRP               ELECT            VDW       BOUNDARY           MISC        KINETIC               TOTAL           TEMP      POTENTIAL         TOTAL3        TEMPAVG

ENERGY:       0      1093.2770      1726.3568      2074.0091       153.4827            -41.6583      -809.8649         0.0000      3717.5008      2947.5072          10860.6104       295.9699      7913.1032     10884.4592       295.9699

LDB: ============= START OF LOAD BALANCING ============== 2.60611
LDB: ============== END OF LOAD BALANCING =============== 2.60616
Info: useSync: 0 useProxySync: 0
LDB: =============== DONE WITH MIGRATION ================ 2.60627
LDB: ============= START OF LOAD BALANCING ============== 2.66002
LDB: Partitioning computes with target load 0.000000
LDB: Increased migratable compute count from 0 to 0
LDB: Largest unpartitionable compute is 0.000000
LDB: ============== END OF LOAD BALANCING =============== 2.66039
Info: build node-aware spanning tree with send: 1, recv: 0 with branch factor 4
Info: useSync: 0 useProxySync: 0
LDB: =============== DONE WITH MIGRATION ================ 2.6613
PRESSURE: 100 0 0 0 0 0 0 0 0 0
GPRESSURE: 100 0 0 0 0 0 0 0 0 0
PRESSAVG: 100 0 0 0 0 0 0 0 0 0
GPRESSAVG: 100 0 0 0 0 0 0 0 0 0
Info: Initial time: 42 CPUs 0.000671591 s/step 0.00777304 days/ns 823.438 MB memory
ENERGY:     100      1079.2740      1676.1365      2080.8783       147.3568            -41.2548      -781.2911         0.0000      3726.9561      2912.2832          10800.3389       292.4329      7888.0558     10822.6777       295.4209

LDB: ============= START OF LOAD BALANCING ============== 2.67442
LDB: ============== END OF LOAD BALANCING =============== 2.67447
Info: useSync: 0 useProxySync: 0
LDB: =============== DONE WITH MIGRATION ================ 2.67456
LDB: ============= START OF LOAD BALANCING ============== 2.7292
LDB: TIME 2.72951 LOAD: AVG 0.0124254 MAX 0.0397034  PROXIES: TOTAL 185 MAXPE 10 MAXPATCH 7 None MEM: 824.125 MB
LDB: TIME 2.72977 LOAD: AVG 0.0124254 MAX 0.0397034  PROXIES: TOTAL 185 MAXPE 10 MAXPATCH 7 TorusLB MEM: 824.25 MB
LDB: ============== END OF LOAD BALANCING =============== 2.73005
Info: build node-aware spanning tree with send: 1, recv: 0 with branch factor 4
Info: useSync: 0 useProxySync: 0
LDB: =============== DONE WITH MIGRATION ================ 2.73086
PRESSURE: 200 0 0 0 0 0 0 0 0 0
GPRESSURE: 200 0 0 0 0 0 0 0 0 0
PRESSAVG: 200 0 0 0 0 0 0 0 0 0
GPRESSAVG: 200 0 0 0 0 0 0 0 0 0
Info: Initial time: 42 CPUs 0.000676099 s/step 0.00782522 days/ns 824.25 MB memory
ENERGY:     200      1098.0934      1688.5927      2089.1261       148.3066            -41.3059      -789.7354         0.0000      3724.6497      2899.3167          10817.0438       291.1309      7917.7271     10839.7506       292.9960

LDB: ============= START OF LOAD BALANCING ============== 2.80029
LDB: TIME 2.8006 LOAD: AVG 0.0156637 MAX 0.0490837  PROXIES: TOTAL 185 MAXPE 10 MAXPATCH 7 None MEM: 825.125 MB
LDB: TIME 2.80083 LOAD: AVG 0.0156637 MAX 0.0490837  PROXIES: TOTAL 185 MAXPE 10 MAXPATCH 7 RefineTorusLB MEM: 825.188 MB
LDB: TIME 2.80099 LOAD: AVG 0.0156637 MAX 0.0490837  PROXIES: TOTAL 185 MAXPE 10 MAXPATCH 7 RefineTorusLB MEM: 825.188 MB
LDB: Reverting to original mapping
LDB: ============== END OF LOAD BALANCING =============== 2.80127
Info: build node-aware spanning tree with send: 1, recv: 0 with branch factor 4
Info: useSync: 0 useProxySync: 0
LDB: =============== DONE WITH MIGRATION ================ 2.80207
PRESSURE: 300 0 0 0 0 0 0 0 0 0
GPRESSURE: 300 0 0 0 0 0 0 0 0 0
PRESSAVG: 300 0 0 0 0 0 0 0 0 0
GPRESSAVG: 300 0 0 0 0 0 0 0 0 0
Info: Initial time: 42 CPUs 0.000694328 s/step 0.0080362 days/ns 825.188 MB memory
ENERGY:     300      1094.0373      1682.2245      2083.3632       152.4674            -41.0790      -777.2503         0.0000      3721.1422      2946.2751          10861.1805       295.8462      7914.9054     10887.1994       293.8939

LDB: ============= START OF LOAD BALANCING ============== 2.87212
LDB: TIME 2.87241 LOAD: AVG 0.0156318 MAX 0.0494335  PROXIES: TOTAL 185 MAXPE 10 MAXPATCH 7 None MEM: 826.188 MB
LDB: TIME 2.87262 LOAD: AVG 0.0156318 MAX 0.0494335  PROXIES: TOTAL 185 MAXPE 10 MAXPATCH 7 RefineTorusLB MEM: 826.25 MB
LDB: TIME 2.87278 LOAD: AVG 0.0156318 MAX 0.0494335  PROXIES: TOTAL 185 MAXPE 10 MAXPATCH 7 RefineTorusLB MEM: 826.25 MB
LDB: Reverting to original mapping
LDB: ============== END OF LOAD BALANCING =============== 2.87305
Info: build node-aware spanning tree with send: 1, recv: 0 with branch factor 4
Info: useSync: 0 useProxySync: 0
LDB: =============== DONE WITH MIGRATION ================ 2.87387
PRESSURE: 400 0 0 0 0 0 0 0 0 0
GPRESSURE: 400 0 0 0 0 0 0 0 0 0
PRESSAVG: 400 0 0 0 0 0 0 0 0 0
GPRESSAVG: 400 0 0 0 0 0 0 0 0 0
Info: Benchmark time: 42 CPUs 0.000696464 s/step 0.00806092 days/ns 826.25 MB memory
ENERGY:     400      1083.1796      1684.6762      2065.3596       147.4796            -41.6826      -766.3581         0.0000      3721.4942      2978.9256          10873.0740       299.1247      7894.1484     10897.4788       295.8885

PRESSURE: 500 0 0 0 0 0 0 0 0 0
GPRESSURE: 500 0 0 0 0 0 0 0 0 0
PRESSAVG: 500 0 0 0 0 0 0 0 0 0
GPRESSAVG: 500 0 0 0 0 0 0 0 0 0
Info: Benchmark time: 42 CPUs 0.000701075 s/step 0.0081143 days/ns 827.125 MB memory
ENERGY:     500      1116.7060      1655.4601      2095.9274       144.3407            -41.3576      -782.6369         0.0000      3719.5449      2975.5695          10883.5541       298.7877      7907.9846     10906.5046       295.7283

PRESSURE: 600 0 0 0 0 0 0 0 0 0
GPRESSURE: 600 0 0 0 0 0 0 0 0 0
PRESSAVG: 600 0 0 0 0 0 0 0 0 0
GPRESSAVG: 600 0 0 0 0 0 0 0 0 0
Info: Benchmark time: 42 CPUs 0.000670807 s/step 0.00776397 days/ns 827.125 MB memory
ENERGY:     600      1103.1784      1674.1211      2052.3817       150.0418            -42.0118      -767.0123         0.0000      3715.6158      2962.3501          10848.6648       297.4603      7886.3147     10872.9403       297.8779

PRESSURE: 700 0 0 0 0 0 0 0 0 0
GPRESSURE: 700 0 0 0 0 0 0 0 0 0
PRESSAVG: 700 0 0 0 0 0 0 0 0 0
GPRESSAVG: 700 0 0 0 0 0 0 0 0 0
Info: Benchmark time: 42 CPUs 0.000663041 s/step 0.00767408 days/ns 827.125 MB memory
ENERGY:     700      1133.2246      1650.5207      2090.7414       146.9869            -42.6229      -797.7784         0.0000      3718.2921      2983.5726          10882.9371       299.5913      7899.3645     10909.1719       297.5305

PRESSURE: 800 0 0 0 0 0 0 0 0 0
GPRESSURE: 800 0 0 0 0 0 0 0 0 0
PRESSAVG: 800 0 0 0 0 0 0 0 0 0
GPRESSAVG: 800 0 0 0 0 0 0 0 0 0
Info: Benchmark time: 42 CPUs 0.000656076 s/step 0.00759347 days/ns 827.125 MB memory
ENERGY:     800      1128.0451      1694.1787      2100.8459       156.0560            -42.8039      -774.5448         0.0000      3719.9066      2927.1875          10908.8711       293.9295      7981.6836     10933.5973       297.7622

PRESSURE: 900 0 0 0 0 0 0 0 0 0
GPRESSURE: 900 0 0 0 0 0 0 0 0 0
PRESSAVG: 900 0 0 0 0 0 0 0 0 0
GPRESSAVG: 900 0 0 0 0 0 0 0 0 0
Info: Benchmark time: 42 CPUs 0.000665271 s/step 0.0076999 days/ns 827.125 MB memory
ENERGY:     900      1080.9106      1798.2670      2086.1851       143.2111            -43.4350      -758.4162         0.0000      3706.9452      2954.1092          10967.7770       296.6328      8013.6678     10990.1210       299.8595

OPENING COORDINATE DCD FILE
WRITING COORDINATES TO DCD FILE adk-step1.dcd AT STEP 1000
WRITING COORDINATES TO RESTART FILE AT STEP 1000
FINISHED WRITING RESTART COORDINATES
The last position output (seq=1000) takes 0.007 seconds, 827.125 MB of memory in use
PRESSURE: 1000 0 0 0 0 0 0 0 0 0
GPRESSURE: 1000 0 0 0 0 0 0 0 0 0
PRESSAVG: 1000 0 0 0 0 0 0 0 0 0
GPRESSAVG: 1000 0 0 0 0 0 0 0 0 0
TIMING: 1000  CPU: 0.705212, 0.000686129/step  Wall: 0.711715, 0.00069103/step, 0.000767811 hours remaining, 827.375000 MB of memory in use.
ETITLE:      TS           BOND          ANGLE          DIHED          IMPRP               ELECT            VDW       BOUNDARY           MISC        KINETIC               TOTAL           TEMP      POTENTIAL         TOTAL3        TEMPAVG

ENERGY:    1000      1141.9910      1736.2793      2091.1630       145.5346            -42.8995      -813.2300         0.0000      3715.5221      2989.2205          10963.5810       300.1585      7974.3605     10987.6027       302.7148

WRITING EXTENDED SYSTEM TO RESTART FILE AT STEP 1000
WRITING VELOCITIES TO RESTART FILE AT STEP 1000
FINISHED WRITING RESTART VELOCITIES
The last velocity output (seq=1000) takes 0.002 seconds, 827.375 MB of memory in use
PRESSURE: 1100 0 0 0 0 0 0 0 0 0
GPRESSURE: 1100 0 0 0 0 0 0 0 0 0
PRESSAVG: 1100 0 0 0 0 0 0 0 0 0
GPRESSAVG: 1100 0 0 0 0 0 0 0 0 0
ENERGY:    1100      1083.7889      1727.8950      2063.5538       148.4424            -42.5411      -754.9772         0.0000      3715.0836      3015.6449          10956.8903       302.8118      7941.2455     10987.6494       300.4220

PRESSURE: 1200 0 0 0 0 0 0 0 0 0
GPRESSURE: 1200 0 0 0 0 0 0 0 0 0
PRESSAVG: 1200 0 0 0 0 0 0 0 0 0
GPRESSAVG: 1200 0 0 0 0 0 0 0 0 0
ENERGY:    1200      1167.3945      1716.6530      2059.7786       148.7888            -43.2212      -792.1856         0.0000      3713.7376      2908.6588          10879.6045       292.0690      7970.9457     10905.8031       300.1372

PRESSURE: 1300 0 0 0 0 0 0 0 0 0
GPRESSURE: 1300 0 0 0 0 0 0 0 0 0
PRESSAVG: 1300 0 0 0 0 0 0 0 0 0
GPRESSAVG: 1300 0 0 0 0 0 0 0 0 0
ENERGY:    1300      1089.0910      1694.8279      2053.5872       156.3823            -42.7561      -779.9268         0.0000      3714.0141      3026.7369          10911.9565       303.9256      7885.2196     10936.8394       298.8711

PRESSURE: 1400 0 0 0 0 0 0 0 0 0
GPRESSURE: 1400 0 0 0 0 0 0 0 0 0
PRESSAVG: 1400 0 0 0 0 0 0 0 0 0
GPRESSAVG: 1400 0 0 0 0 0 0 0 0 0
ENERGY:    1400      1130.0771      1691.3664      2078.1891       141.3764            -41.3908      -799.1259         0.0000      3724.2160      2927.1500          10851.8584       293.9258      7924.7083     10875.9809       297.7894

PRESSURE: 1500 0 0 0 0 0 0 0 0 0
GPRESSURE: 1500 0 0 0 0 0 0 0 0 0
PRESSAVG: 1500 0 0 0 0 0 0 0 0 0
GPRESSAVG: 1500 0 0 0 0 0 0 0 0 0
ENERGY:    1500      1135.4500      1705.3013      2075.3904       142.4132            -41.7192      -782.5128         0.0000      3727.9734      2991.3551          10953.6514       300.3728      7962.2964     10978.6469       298.5194

PRESSURE: 1600 0 0 0 0 0 0 0 0 0
GPRESSURE: 1600 0 0 0 0 0 0 0 0 0
PRESSAVG: 1600 0 0 0 0 0 0 0 0 0
GPRESSAVG: 1600 0 0 0 0 0 0 0 0 0
ENERGY:    1600      1114.2199      1710.1437      2081.3598       148.1050            -42.3008      -768.6176         0.0000      3721.7110      2969.1167          10933.7375       298.1398      7964.6209     10958.9068       302.0496

PRESSURE: 1700 0 0 0 0 0 0 0 0 0
GPRESSURE: 1700 0 0 0 0 0 0 0 0 0
PRESSAVG: 1700 0 0 0 0 0 0 0 0 0
GPRESSAVG: 1700 0 0 0 0 0 0 0 0 0
ENERGY:    1700      1118.4707      1740.8289      2078.0814       139.3773            -42.6071      -763.8154         0.0000      3713.6517      2948.0834          10932.0709       296.0277      7983.9876     10954.6384       299.9869

PRESSURE: 1800 0 0 0 0 0 0 0 0 0
GPRESSURE: 1800 0 0 0 0 0 0 0 0 0
PRESSAVG: 1800 0 0 0 0 0 0 0 0 0
GPRESSAVG: 1800 0 0 0 0 0 0 0 0 0
ENERGY:    1800      1107.4191      1747.2184      2099.9719       155.3438            -42.2528      -776.1666         0.0000      3703.0613      3010.1954          11004.7904       302.2646      7994.5951     11027.5273       303.2491

PRESSURE: 1900 0 0 0 0 0 0 0 0 0
GPRESSURE: 1900 0 0 0 0 0 0 0 0 0
PRESSAVG: 1900 0 0 0 0 0 0 0 0 0
GPRESSAVG: 1900 0 0 0 0 0 0 0 0 0
ENERGY:    1900      1158.1147      1702.5755      2091.0485       151.9777            -42.5300      -779.4207         0.0000      3704.9169      2993.7318          10980.4144       300.6115      7986.6826     11004.9157       305.4749

PRESSURE: 2000 0 0 0 0 0 0 0 0 0
GPRESSURE: 2000 0 0 0 0 0 0 0 0 0
PRESSAVG: 2000 0 0 0 0 0 0 0 0 0
GPRESSAVG: 2000 0 0 0 0 0 0 0 0 0
TIMING: 2000  CPU: 1.36706, 0.000661853/step  Wall: 1.38471, 0.000672998/step, 0.000560831 hours remaining, 827.375000 MB of memory in use.
ETITLE:      TS           BOND          ANGLE          DIHED          IMPRP               ELECT            VDW       BOUNDARY           MISC        KINETIC               TOTAL           TEMP      POTENTIAL         TOTAL3        TEMPAVG

ENERGY:    2000      1110.7052      1699.4355      2090.3394       160.2359            -43.3790      -792.0649         0.0000      3708.2107      3035.7382          10969.2211       304.8295      7933.4829     10992.8635       303.0741

WRITING EXTENDED SYSTEM TO RESTART FILE AT STEP 2000
WRITING COORDINATES TO DCD FILE adk-step1.dcd AT STEP 2000
WRITING COORDINATES TO RESTART FILE AT STEP 2000
FINISHED WRITING RESTART COORDINATES
The last position output (seq=2000) takes 0.002 seconds, 827.375 MB of memory in use
WRITING VELOCITIES TO RESTART FILE AT STEP 2000
FINISHED WRITING RESTART VELOCITIES
The last velocity output (seq=2000) takes 0.002 seconds, 827.375 MB of memory in use
PRESSURE: 2100 0 0 0 0 0 0 0 0 0
GPRESSURE: 2100 0 0 0 0 0 0 0 0 0
PRESSAVG: 2100 0 0 0 0 0 0 0 0 0
GPRESSAVG: 2100 0 0 0 0 0 0 0 0 0
ENERGY:    2100      1134.6087      1671.8234      2119.5649       167.0728            -43.1009      -756.9553         0.0000      3704.9428      2997.5638          10995.5202       300.9963      7997.9563     11018.6810       304.1361

PRESSURE: 2200 0 0 0 0 0 0 0 0 0
GPRESSURE: 2200 0 0 0 0 0 0 0 0 0
PRESSAVG: 2200 0 0 0 0 0 0 0 0 0
GPRESSAVG: 2200 0 0 0 0 0 0 0 0 0
ENERGY:    2200      1111.8814      1712.0669      2092.9323       144.5486            -42.9407      -789.5669         0.0000      3703.0259      2994.0671          10926.0146       300.6451      7931.9475     10950.4868       302.3693

PRESSURE: 2300 0 0 0 0 0 0 0 0 0
GPRESSURE: 2300 0 0 0 0 0 0 0 0 0
PRESSAVG: 2300 0 0 0 0 0 0 0 0 0
GPRESSAVG: 2300 0 0 0 0 0 0 0 0 0
ENERGY:    2300      1161.4854      1707.2646      2081.6119       153.2512            -42.8595      -796.4012         0.0000      3709.3352      3004.8061          10978.4937       301.7235      7973.6876     11007.5052       302.3911

PRESSURE: 2400 0 0 0 0 0 0 0 0 0
GPRESSURE: 2400 0 0 0 0 0 0 0 0 0
PRESSAVG: 2400 0 0 0 0 0 0 0 0 0
GPRESSAVG: 2400 0 0 0 0 0 0 0 0 0
ENERGY:    2400      1124.7005      1728.8609      2092.3417       165.0681            -42.0952      -790.5306         0.0000      3711.0780      2986.6017          10976.0251       299.8955      7989.4235     11005.8363       301.7312

PRESSURE: 2500 0 0 0 0 0 0 0 0 0
GPRESSURE: 2500 0 0 0 0 0 0 0 0 0
PRESSAVG: 2500 0 0 0 0 0 0 0 0 0
GPRESSAVG: 2500 0 0 0 0 0 0 0 0 0
ENERGY:    2500      1131.7129      1693.7722      2065.9297       152.0411            -42.1821      -785.9065         0.0000      3700.5933      3041.0134          10956.9740       305.3592      7915.9607     10983.2414       303.3164

PRESSURE: 2600 0 0 0 0 0 0 0 0 0
GPRESSURE: 2600 0 0 0 0 0 0 0 0 0
PRESSAVG: 2600 0 0 0 0 0 0 0 0 0
GPRESSAVG: 2600 0 0 0 0 0 0 0 0 0
ENERGY:    2600      1124.7246      1726.2518      2085.5566       168.1554            -41.6759      -789.3768         0.0000      3708.7226      3043.9445          11026.3028       305.6535      7982.3583     11051.6261       303.5081

PRESSURE: 2700 0 0 0 0 0 0 0 0 0
GPRESSURE: 2700 0 0 0 0 0 0 0 0 0
PRESSAVG: 2700 0 0 0 0 0 0 0 0 0
GPRESSAVG: 2700 0 0 0 0 0 0 0 0 0
ENERGY:    2700      1125.8081      1739.7823      2096.9292       163.6426            -41.2313      -774.3725         0.0000      3710.5779      3030.4779          11051.6141       304.3013      8021.1363     11075.1252       305.5350

PRESSURE: 2800 0 0 0 0 0 0 0 0 0
GPRESSURE: 2800 0 0 0 0 0 0 0 0 0
PRESSAVG: 2800 0 0 0 0 0 0 0 0 0
GPRESSAVG: 2800 0 0 0 0 0 0 0 0 0
ENERGY:    2800      1142.7097      1704.8119      2094.4424       158.2456            -41.5732      -770.1076         0.0000      3718.6229      3056.9341          11064.0859       306.9578      8007.1519     11084.2279       308.0161

PRESSURE: 2900 0 0 0 0 0 0 0 0 0
GPRESSURE: 2900 0 0 0 0 0 0 0 0 0
PRESSAVG: 2900 0 0 0 0 0 0 0 0 0
GPRESSAVG: 2900 0 0 0 0 0 0 0 0 0
ENERGY:    2900      1165.5416      1752.9146      2095.7474       148.9609            -41.9468      -762.8676         0.0000      3727.7879      3019.6887          11105.8268       303.2179      8086.1381     11130.6046       308.7436

PRESSURE: 3000 0 0 0 0 0 0 0 0 0
GPRESSURE: 3000 0 0 0 0 0 0 0 0 0
PRESSAVG: 3000 0 0 0 0 0 0 0 0 0
GPRESSAVG: 3000 0 0 0 0 0 0 0 0 0
TIMING: 3000  CPU: 2.0323, 0.000665239/step  Wall: 2.0527, 0.00066799/step, 0.000371106 hours remaining, 827.375000 MB of memory in use.
ETITLE:      TS           BOND          ANGLE          DIHED          IMPRP               ELECT            VDW       BOUNDARY           MISC        KINETIC               TOTAL           TEMP      POTENTIAL         TOTAL3        TEMPAVG

ENERGY:    3000      1158.6528      1694.8285      2083.5220       156.2920            -42.5643      -790.2803         0.0000      3725.3122      3072.9943          11058.7572       308.5705      7985.7629     11085.6801       307.4175

WRITING EXTENDED SYSTEM TO RESTART FILE AT STEP 3000
WRITING COORDINATES TO DCD FILE adk-step1.dcd AT STEP 3000
WRITING COORDINATES TO RESTART FILE AT STEP 3000
FINISHED WRITING RESTART COORDINATES
The last position output (seq=3000) takes 0.002 seconds, 827.375 MB of memory in use
WRITING VELOCITIES TO RESTART FILE AT STEP 3000
FINISHED WRITING RESTART VELOCITIES
The last velocity output (seq=3000) takes 0.002 seconds, 827.375 MB of memory in use
PRESSURE: 3100 0 0 0 0 0 0 0 0 0
GPRESSURE: 3100 0 0 0 0 0 0 0 0 0
PRESSAVG: 3100 0 0 0 0 0 0 0 0 0
GPRESSAVG: 3100 0 0 0 0 0 0 0 0 0
ENERGY:    3100      1171.3131      1712.2061      2082.7811       158.9003            -42.5241      -784.5312         0.0000      3716.3192      3029.0819          11043.5463       304.1611      8014.4645     11073.7187       306.1778

PRESSURE: 3200 0 0 0 0 0 0 0 0 0
GPRESSURE: 3200 0 0 0 0 0 0 0 0 0
PRESSAVG: 3200 0 0 0 0 0 0 0 0 0
GPRESSAVG: 3200 0 0 0 0 0 0 0 0 0
ENERGY:    3200      1156.7324      1696.8987      2086.9625       143.3587            -43.2238      -792.1732         0.0000      3708.4052      3102.9331          11059.8937       311.5768      7956.9605     11084.0748       306.7857

PRESSURE: 3300 0 0 0 0 0 0 0 0 0
GPRESSURE: 3300 0 0 0 0 0 0 0 0 0
PRESSAVG: 3300 0 0 0 0 0 0 0 0 0
GPRESSAVG: 3300 0 0 0 0 0 0 0 0 0
ENERGY:    3300      1121.7977      1690.5544      2112.9383       142.8445            -43.2668      -759.3135         0.0000      3703.5891      3053.9908          11023.1344       306.6623      7969.1436     11051.6390       305.9406

PRESSURE: 3400 0 0 0 0 0 0 0 0 0
GPRESSURE: 3400 0 0 0 0 0 0 0 0 0
PRESSAVG: 3400 0 0 0 0 0 0 0 0 0
GPRESSAVG: 3400 0 0 0 0 0 0 0 0 0
ENERGY:    3400      1134.8183      1699.8580      2105.6841       152.3053            -42.6619      -797.5122         0.0000      3712.3516      3080.8668          11045.7100       309.3610      7964.8432     11072.9366       305.3639

PRESSURE: 3500 0 0 0 0 0 0 0 0 0
GPRESSURE: 3500 0 0 0 0 0 0 0 0 0
PRESSAVG: 3500 0 0 0 0 0 0 0 0 0
GPRESSAVG: 3500 0 0 0 0 0 0 0 0 0
ENERGY:    3500      1182.2814      1683.7094      2078.2470       139.8065            -41.1844      -763.8214         0.0000      3720.5433      3043.2102          11042.7921       305.5798      7999.5820     11069.1229       305.6403

PRESSURE: 3600 0 0 0 0 0 0 0 0 0
GPRESSURE: 3600 0 0 0 0 0 0 0 0 0
PRESSAVG: 3600 0 0 0 0 0 0 0 0 0
GPRESSAVG: 3600 0 0 0 0 0 0 0 0 0
ENERGY:    3600      1178.8437      1708.9912      2095.3874       153.1840            -41.5181      -780.1114         0.0000      3734.6275      2957.1974          11006.6017       296.9429      8049.4043     11029.8162       305.5778

PRESSURE: 3700 0 0 0 0 0 0 0 0 0
GPRESSURE: 3700 0 0 0 0 0 0 0 0 0
PRESSAVG: 3700 0 0 0 0 0 0 0 0 0
GPRESSAVG: 3700 0 0 0 0 0 0 0 0 0
ENERGY:    3700      1164.9302      1736.2338      2088.4494       161.6364            -42.4825      -796.3155         0.0000      3721.4971      2934.1423          10968.0912       294.6279      8033.9489     10987.5727       302.2024

PRESSURE: 3800 0 0 0 0 0 0 0 0 0
GPRESSURE: 3800 0 0 0 0 0 0 0 0 0
PRESSAVG: 3800 0 0 0 0 0 0 0 0 0
GPRESSAVG: 3800 0 0 0 0 0 0 0 0 0
ENERGY:    3800      1181.9795      1678.0503      2080.7336       149.5574            -40.5584      -785.7265         0.0000      3713.0004      2972.7870          10949.8234       298.5083      7977.0364     10973.7567       302.6979

PRESSURE: 3900 0 0 0 0 0 0 0 0 0
GPRESSURE: 3900 0 0 0 0 0 0 0 0 0
PRESSAVG: 3900 0 0 0 0 0 0 0 0 0
GPRESSAVG: 3900 0 0 0 0 0 0 0 0 0
ENERGY:    3900      1156.0064      1742.8679      2072.1317       153.1989            -41.5454      -800.0667         0.0000      3710.0546      2923.3724          10916.0197       293.5464      7992.6473     10940.4505       300.9195

PRESSURE: 4000 0 0 0 0 0 0 0 0 0
GPRESSURE: 4000 0 0 0 0 0 0 0 0 0
PRESSAVG: 4000 0 0 0 0 0 0 0 0 0
GPRESSAVG: 4000 0 0 0 0 0 0 0 0 0
TIMING: 4000  CPU: 2.69725, 0.000664942/step  Wall: 2.71713, 0.000664431/step, 0.000184564 hours remaining, 827.375000 MB of memory in use.
ETITLE:      TS           BOND          ANGLE          DIHED          IMPRP               ELECT            VDW       BOUNDARY           MISC        KINETIC               TOTAL           TEMP      POTENTIAL         TOTAL3        TEMPAVG

ENERGY:    4000      1111.3721      1698.8801      2085.1269       144.4774            -41.1263      -791.7678         0.0000      3697.3829      2982.8964          10887.2417       299.5234      7904.3453     10911.5100       300.3988

WRITING EXTENDED SYSTEM TO RESTART FILE AT STEP 4000
WRITING COORDINATES TO DCD FILE adk-step1.dcd AT STEP 4000
WRITING COORDINATES TO RESTART FILE AT STEP 4000
FINISHED WRITING RESTART COORDINATES
The last position output (seq=4000) takes 0.002 seconds, 827.375 MB of memory in use
WRITING VELOCITIES TO RESTART FILE AT STEP 4000
FINISHED WRITING RESTART VELOCITIES
The last velocity output (seq=4000) takes 0.002 seconds, 827.375 MB of memory in use
PRESSURE: 4100 0 0 0 0 0 0 0 0 0
GPRESSURE: 4100 0 0 0 0 0 0 0 0 0
PRESSAVG: 4100 0 0 0 0 0 0 0 0 0
GPRESSAVG: 4100 0 0 0 0 0 0 0 0 0
ENERGY:    4100      1114.4908      1710.3894      2112.4776       154.6464            -41.3971      -788.3284         0.0000      3696.6283      2931.9586          10890.8657       294.4086      7958.9071     10916.5005       299.7510

PRESSURE: 4200 0 0 0 0 0 0 0 0 0
GPRESSURE: 4200 0 0 0 0 0 0 0 0 0
PRESSAVG: 4200 0 0 0 0 0 0 0 0 0
GPRESSAVG: 4200 0 0 0 0 0 0 0 0 0
ENERGY:    4200      1132.9625      1696.6548      2063.7484       154.5249            -41.1703      -797.6368         0.0000      3695.7135      2997.0056          10901.8026       300.9402      7904.7970     10925.5750       298.4709

LDB: ============= START OF LOAD BALANCING ============== 5.49354
LDB: ============== END OF LOAD BALANCING =============== 5.49361
Info: useSync: 0 useProxySync: 0
LDB: =============== DONE WITH MIGRATION ================ 5.49371
PRESSURE: 4300 0 0 0 0 0 0 0 0 0
GPRESSURE: 4300 0 0 0 0 0 0 0 0 0
PRESSAVG: 4300 0 0 0 0 0 0 0 0 0
GPRESSAVG: 4300 0 0 0 0 0 0 0 0 0
ENERGY:    4300      1082.8748      1729.9842      2106.3929       142.7599            -41.2218      -758.5866         0.0000      3700.7664      2950.6687          10913.6385       296.2873      7962.9698     10938.8041       298.2084

LDB: ============= START OF LOAD BALANCING ============== 5.56121
LDB: TIME 5.56145 LOAD: AVG 0.0145071 MAX 0.0493119  PROXIES: TOTAL 185 MAXPE 10 MAXPATCH 7 None MEM: 827.375 MB
LDB: TIME 5.56163 LOAD: AVG 0.0145071 MAX 0.0493119  PROXIES: TOTAL 185 MAXPE 10 MAXPATCH 7 RefineTorusLB MEM: 827.438 MB
LDB: TIME 5.56176 LOAD: AVG 0.0145071 MAX 0.0493119  PROXIES: TOTAL 185 MAXPE 10 MAXPATCH 7 RefineTorusLB MEM: 827.438 MB
LDB: Reverting to original mapping
LDB: ============== END OF LOAD BALANCING =============== 5.56198
Info: build node-aware spanning tree with send: 1, recv: 0 with branch factor 4
Info: useSync: 0 useProxySync: 0
LDB: =============== DONE WITH MIGRATION ================ 5.56266
PRESSURE: 4400 0 0 0 0 0 0 0 0 0
GPRESSURE: 4400 0 0 0 0 0 0 0 0 0
PRESSAVG: 4400 0 0 0 0 0 0 0 0 0
GPRESSAVG: 4400 0 0 0 0 0 0 0 0 0
ENERGY:    4400      1056.8535      1725.2251      2090.4301       150.0191            -41.5632      -806.7387         0.0000      3702.8298      3012.2762          10889.3318       302.4736      7877.0556     10915.5695       299.8653

PRESSURE: 4500 0 0 0 0 0 0 0 0 0
GPRESSURE: 4500 0 0 0 0 0 0 0 0 0
PRESSAVG: 4500 0 0 0 0 0 0 0 0 0
GPRESSAVG: 4500 0 0 0 0 0 0 0 0 0
ENERGY:    4500      1125.8868      1697.8478      2082.0497       161.2260            -41.7291      -784.0137         0.0000      3712.9497      2949.8012          10904.0184       296.2002      7954.2172     10926.1898       299.0761

PRESSURE: 4600 0 0 0 0 0 0 0 0 0
GPRESSURE: 4600 0 0 0 0 0 0 0 0 0
PRESSAVG: 4600 0 0 0 0 0 0 0 0 0
GPRESSAVG: 4600 0 0 0 0 0 0 0 0 0
ENERGY:    4600      1136.2598      1646.1150      2085.8774       145.3329            -42.2874      -784.6300         0.0000      3715.7987      3023.7685          10926.2349       303.6276      7902.4664     10952.8733       299.4521

PRESSURE: 4700 0 0 0 0 0 0 0 0 0
GPRESSURE: 4700 0 0 0 0 0 0 0 0 0
PRESSAVG: 4700 0 0 0 0 0 0 0 0 0
GPRESSAVG: 4700 0 0 0 0 0 0 0 0 0
ENERGY:    4700      1096.0961      1735.6655      2087.6161       156.5196            -42.0609      -789.4885         0.0000      3704.8351      3020.0750          10969.2579       303.2567      7949.1829     10994.3396       302.4972

PRESSURE: 4800 0 0 0 0 0 0 0 0 0
GPRESSURE: 4800 0 0 0 0 0 0 0 0 0
PRESSAVG: 4800 0 0 0 0 0 0 0 0 0
GPRESSAVG: 4800 0 0 0 0 0 0 0 0 0
ENERGY:    4800      1105.5521      1717.8867      2105.3754       157.1017            -42.1850      -804.5100         0.0000      3706.7255      2997.8778          10943.8241       301.0278      7945.9463     10968.4894       303.6858

PRESSURE: 4900 0 0 0 0 0 0 0 0 0
GPRESSURE: 4900 0 0 0 0 0 0 0 0 0
PRESSAVG: 4900 0 0 0 0 0 0 0 0 0
GPRESSAVG: 4900 0 0 0 0 0 0 0 0 0
ENERGY:    4900      1091.7698      1698.5990      2108.3398       151.0141            -42.0913      -786.0179         0.0000      3711.4617      3016.4414          10949.5164       302.8918      7933.0750     10977.6154       300.6716

PRESSURE: 5000 0 0 0 0 0 0 0 0 0
GPRESSURE: 5000 0 0 0 0 0 0 0 0 0
PRESSAVG: 5000 0 0 0 0 0 0 0 0 0
GPRESSAVG: 5000 0 0 0 0 0 0 0 0 0
TIMING: 5000  CPU: 3.36147, 0.000664226/step  Wall: 3.3849, 0.000667763/step, 0 hours remaining, 827.437500 MB of memory in use.
ETITLE:      TS           BOND          ANGLE          DIHED          IMPRP               ELECT            VDW       BOUNDARY           MISC        KINETIC               TOTAL           TEMP      POTENTIAL         TOTAL3        TEMPAVG

ENERGY:    5000      1089.2971      1729.2792      2085.8676       162.5505            -41.6201      -785.4782         0.0000      3710.0289      2977.3694          10927.2945       298.9685      7949.9251     10948.2467       300.4368

WRITING EXTENDED SYSTEM TO RESTART FILE AT STEP 5000
WRITING COORDINATES TO DCD FILE adk-step1.dcd AT STEP 5000
WRITING COORDINATES TO RESTART FILE AT STEP 5000
FINISHED WRITING RESTART COORDINATES
The last position output (seq=5000) takes 0.002 seconds, 828.000 MB of memory in use
WRITING VELOCITIES TO RESTART FILE AT STEP 5000
FINISHED WRITING RESTART VELOCITIES
The last velocity output (seq=5000) takes 0.002 seconds, 828.000 MB of memory in use
WRITING EXTENDED SYSTEM TO OUTPUT FILE AT STEP 5000
WRITING COORDINATES TO OUTPUT FILE AT STEP 5000
CLOSING COORDINATE DCD FILE adk-step1.dcd
The last position output (seq=-2) takes 0.004 seconds, 828.000 MB of memory in use
WRITING VELOCITIES TO OUTPUT FILE AT STEP 5000
====================================================

WallClock: 5.967801  CPUTime: 4.436489  Memory: 828.000000 MB
End of program
