7_0_cc.dat
/gpfs/alpine/bip115/scratch/hrlee/radical.pilot.sandbox/re.session.login1.hrlee.018632.0003/pilot.0000/staging_area/7_0_cc.dat
7, 0
Choosing optimized barrier algorithm name I0:HybridBinomial:SHMEM:P2P
Converse/Charm++ Commit ID: v6.10.2-0-g7bf00fa-namd-charm-6.10.2-build-2020-Aug-05-556
Warning> Randomization of virtual memory (ASLR) is turned on in the kernel, thread migration may not work! Run 'echo 0 > /proc/sys/kernel/randomize_va_space' as root to disable it, or try running with '+isomalloc_sync'.
CharmLB> Load balancer assumes all CPUs are same.
Charm++> Running on 1 hosts (1 sockets x 7 cores x 4 PUs = 28-way SMP)
Charm++> cpu topology info is gathered in 0.003 seconds.
Info: Built with CUDA version 10010
Did not find +devices i,j,k,... argument, using all
Pe 9 physical rank 9 will use CUDA device of pe 7
Pe 3 physical rank 3 will use CUDA device of pe 4
Pe 20 physical rank 20 will use CUDA device of pe 14
Pe 24 physical rank 24 will use CUDA device of pe 21
Pe 30 physical rank 30 will use CUDA device of pe 28
Pe 10 physical rank 10 will use CUDA device of pe 7
Pe 40 physical rank 40 will use CUDA device of pe 35
Pe 16 physical rank 16 will use CUDA device of pe 14
Pe 26 physical rank 26 will use CUDA device of pe 21
Pe 32 physical rank 32 will use CUDA device of pe 28
Pe 13 physical rank 13 will use CUDA device of pe 7
Pe 38 physical rank 38 will use CUDA device of pe 35
Pe 5 physical rank 5 will use CUDA device of pe 4
Pe 19 physical rank 19 will use CUDA device of pe 14
Pe 27 physical rank 27 will use CUDA device of pe 21
Pe 33 physical rank 33 will use CUDA device of pe 28
Pe 12 physical rank 12 will use CUDA device of pe 7
Pe 39 physical rank 39 will use CUDA device of pe 35
Pe 2 physical rank 2 will use CUDA device of pe 4
Pe 17 physical rank 17 will use CUDA device of pe 14
Pe 23 physical rank 23 will use CUDA device of pe 21
Pe 31 physical rank 31 will use CUDA device of pe 28
Pe 11 physical rank 11 will use CUDA device of pe 7
Pe 37 physical rank 37 will use CUDA device of pe 35
Pe 6 physical rank 6 will use CUDA device of pe 4
Pe 18 physical rank 18 will use CUDA device of pe 14
Pe 25 physical rank 25 will use CUDA device of pe 21
Pe 34 physical rank 34 will use CUDA device of pe 28
Pe 8 physical rank 8 will use CUDA device of pe 7
Pe 36 physical rank 36 will use CUDA device of pe 35
Pe 1 physical rank 1 will use CUDA device of pe 4
Pe 15 physical rank 15 will use CUDA device of pe 14
Pe 22 physical rank 22 will use CUDA device of pe 21
Pe 29 physical rank 29 will use CUDA device of pe 28
Pe 41 physical rank 41 will use CUDA device of pe 35
Pe 0 physical rank 0 will use CUDA device of pe 4
Pe 7 physical rank 7 binding to CUDA device 0 on h23n15: 'Tesla V100-SXM2-16GB'  Mem: 16128MB  Rev: 7.0  PCI: 4:5:0
Pe 4 physical rank 4 binding to CUDA device 0 on h23n15: 'Tesla V100-SXM2-16GB'  Mem: 16128MB  Rev: 7.0  PCI: 4:4:0
Pe 14 physical rank 14 binding to CUDA device 0 on h23n15: 'Tesla V100-SXM2-16GB'  Mem: 16128MB  Rev: 7.0  PCI: 4:6:0
Pe 21 physical rank 21 binding to CUDA device 0 on h23n15: 'Tesla V100-SXM2-16GB'  Mem: 16128MB  Rev: 7.0  PCI: 35:3:0
Pe 28 physical rank 28 binding to CUDA device 0 on h23n15: 'Tesla V100-SXM2-16GB'  Mem: 16128MB  Rev: 7.0  PCI: 35:4:0
Pe 35 physical rank 35 binding to CUDA device 0 on h23n15: 'Tesla V100-SXM2-16GB'  Mem: 16128MB  Rev: 7.0  PCI: 35:5:0
Info: NAMD 2.14 for Linux-POWER-pami-smp-Summit-CUDA
Info: 
Info: Please visit http://www.ks.uiuc.edu/Research/namd/
Info: for updates, documentation, and support information.
Info: 
Info: Please cite Phillips et al., J. Chem. Phys. 153:044130 (2020) doi:10.1063/5.0014475
Info: in all publications reporting results obtained with NAMD.
Info: 
Info: Based on Charm++/Converse 61002 for pami-linux-ppc64le-smp
Info: Built Wed Aug 5 14:28:51 EDT 2020 by jimp on login2
Info: 1 NAMD  2.14  Linux-POWER-pami-smp-Summit-CUDA  42    h23n15  hrlee
Info: Running on 42 processors, 6 nodes, 1 physical nodes.
Info: CPU topology information available.
Info: Charm++/Converse parallel runtime startup completed at 1.34757 s
CkLoopLib is used in SMP with simple dynamic scheduling (converse-level notification)
Info: 791.75 MB of memory in use based on /proc/self/stat
Info: Configuration file is adk-step1.namd
Info: Working in the current directory /gpfs/alpine/bip115/scratch/hrlee/radical.pilot.sandbox/re.session.login1.hrlee.018632.0003/pilot.0000/unit.000108
TCL: Suspending until startup complete.
Info: SIMULATION PARAMETERS:
Info: TIMESTEP               1
Info: NUMBER OF STEPS        0
Info: STEPS PER CYCLE        20
Info: LOAD BALANCER  Centralized
Info: LOAD BALANCING STRATEGY  New Load Balancers -- DEFAULT
Info: LDB PERIOD             4000 steps
Info: FIRST LDB TIMESTEP     100
Info: LAST LDB TIMESTEP     -1
Info: LDB BACKGROUND SCALING 1
Info: HOM BACKGROUND SCALING 1
Info: MIN ATOMS PER PATCH    40
Info: VELOCITY FILE          7_0_adk-step1.restart.vel
Info: CENTER OF MASS MOVING INITIALLY? NO
Info: DIELECTRIC             80
Info: EXCLUDE                SCALED ONE-FOUR
Info: 1-4 ELECTROSTATICS SCALED BY 1
Info: MODIFIED 1-4 VDW PARAMETERS WILL BE USED
Info: DCD FILENAME           adk-step1.dcd
Info: DCD FREQUENCY          1000
Info: DCD FIRST STEP         1000
Info: NO EXTENDED SYSTEM TRAJECTORY OUTPUT
Info: NO VELOCITY DCD OUTPUT
Info: NO FORCE DCD OUTPUT
Info: OUTPUT FILENAME        adk-step1
Info: BINARY OUTPUT FILES WILL BE USED
Info: RESTART FILENAME       adk-step1.restart
Info: RESTART FREQUENCY      1000
Info: BINARY RESTART FILES WILL BE USED
Info: SWITCHING ACTIVE
Info: SWITCHING ON           9
Info: SWITCHING OFF          10
Info: PAIRLIST DISTANCE      11
Info: PAIRLIST SHRINK RATE   0.01
Info: PAIRLIST GROW RATE     0.01
Info: PAIRLIST TRIGGER       0.3
Info: PAIRLISTS PER CYCLE    2
Info: PAIRLISTS ENABLED
Info: MARGIN                 0
Info: HYDROGEN GROUP CUTOFF  2.5
Info: PATCH DIMENSION        13.5
Info: ENERGY OUTPUT STEPS    100
Info: CROSSTERM ENERGY INCLUDED IN DIHEDRAL
Info: TIMING OUTPUT STEPS    1000
Info: PRESSURE OUTPUT STEPS  100
Info: GRID FORCE ACTIVE
Info:  Please include this reference in published work using
Info:  the Gridforce module of NAMD: David Wells, Volha Abramkina,
Info:  and Aleksei Aksimentiev, J. Chem. Phys. 127:125101-10 (2007).
Info: MGRIDFORCE key 0
Info:            Potfile 4ake-target_autopsf-grid.dx
Info:            Scale 0.3 0.3 0.3
Info:            File 1ake-docked-noh_autopsf-grid.pdb
Info:            Col O
Info:            ChargeCol B
Info:            VOffset 0 0 0
Info:            Continuous K1 FALSE
Info:            Continuous K2 FALSE
Info:            Continuous K3 FALSE
Info:            Volts FALSE
Info:            Gridforce-Lite FALSE
Info:            Gridforce-CheckSize TRUE
Info: LANGEVIN DYNAMICS ACTIVE
Info: LANGEVIN TEMPERATURE   300
Info: LANGEVIN USING BBK INTEGRATOR
Info: LANGEVIN DAMPING COEFFICIENT IS 5 INVERSE PS
Info: LANGEVIN DYNAMICS NOT APPLIED TO HYDROGENS
Info: USING VERLET I (r-RESPA) MTS SCHEME.
Info: C1 SPLITTING OF LONG RANGE ELECTROSTATICS
Info: PLACING ATOMS IN PATCHES BY HYDROGEN GROUPS
Info: RIGID BONDS TO HYDROGEN : WATER
Info:         ERROR TOLERANCE : 1e-08
Info:          MAX ITERATIONS : 100
Info: RIGID WATER USING SETTLE ALGORITHM
Info: NONBONDED FORCES EVALUATED EVERY 2 STEPS
Info: RANDOM NUMBER SEED     1609821643
Info: USE HYDROGEN BONDS?    NO
Info: COORDINATE PDB         1ake-docked-noh_autopsf.pdb
Info: STRUCTURE FILE         1ake-docked-noh_autopsf.psf
Info: PARAMETER file: CHARMM format! 
Info: PARAMETERS             par_all36_prot.prm
Info: USING ARITHMETIC MEAN TO COMBINE L-J SIGMA PARAMETERS
Info: BINARY COORDINATES     7_0_adk-step1.restart.coor
Info: SUMMARY OF PARAMETERS:
Info: 132 BONDS
Info: 362 ANGLES
Info: 702 DIHEDRAL
Info: 35 IMPROPER
Info: 6 CROSSTERM
Info: 53 VDW
Info: 0 VDW_PAIRS
Info: 0 NBTHOLE_PAIRS
Info: TIME FOR READING PSF FILE: 0.418384
Info: READING EXTRA BONDS FILE 1ake-extrabonds.txt
Info: READING EXTRA BONDS FILE 1ake-extrabonds-cispeptide.txt
Info: READING EXTRA BONDS FILE 1ake-extrabonds-chirality.txt
Info: READ 80 EXTRA BONDS
Info: READ 80 EXTRA ANGLES
Warning: EXTRA ANGLES ARE COSINE-BASED BY DEFAULT TO MATCH PREVIOUS VERSIONS
Warning: FOR NORMAL HARMONIC EXTRA ANGLES SET extraBondsCosAngles off
Info: READ 493 EXTRA DIHEDRALS
Info: READ 438 EXTRA IMPROPERS
Info: Reading pdb file 1ake-docked-noh_autopsf.pdb
Info: TIME FOR READING PDB FILE: 0.126372
Info: 
Info: ****************************
Info: STRUCTURE SUMMARY:
Info: 3341 ATOMS
Info: 3445 BONDS
Info: 6203 ANGLES
Info: 9414 DIHEDRALS
Info: 1005 IMPROPERS
Info: 212 CROSSTERMS
Info: 0 EXCLUSIONS
Info: 0 RIGID BONDS
Info: 1 GRIDS ACTIVE
Info: 10023 DEGREES OF FREEDOM
Info: 1656 HYDROGEN GROUPS
Info: 4 ATOMS IN LARGEST HYDROGEN GROUP
Info: 1656 MIGRATION GROUPS
Info: 4 ATOMS IN LARGEST MIGRATION GROUP
Info: TOTAL MASS = 23582 amu
Info: TOTAL CHARGE = -4 e
Info: *****************************
Info: Reading from binary file 7_0_adk-step1.restart.coor
Info: 
Info: Entering startup at 2.4712 s, 798.875 MB of memory in use
Info: Startup phase 0 took 0.000242947 s, 799 MB of memory in use
Info: ADDED 18308 IMPLICIT EXCLUSIONS
Info: Startup phase 1 took 0.0074927 s, 799.125 MB of memory in use
Info: NONBONDED TABLE R-SQUARED SPACING: 0.0625
Info: NONBONDED TABLE SIZE: 705 POINTS
Info: ABSOLUTE IMPRECISION IN FAST TABLE ENERGY: 3.38813e-21 AT 9.89634
Info: RELATIVE IMPRECISION IN FAST TABLE ENERGY: 4.23384e-15 AT 9.94673
Info: ABSOLUTE IMPRECISION IN FAST TABLE FORCE: 6.35275e-22 AT 9.94673
Info: RELATIVE IMPRECISION IN FAST TABLE FORCE: 5.07982e-16 AT 9.94673
Info: INCONSISTENCY IN FAST TABLE ENERGY VS FORCE: 0.000290185 AT 0.251946
Info: ABSOLUTE IMPRECISION IN VDWA TABLE ENERGY: 1.57772e-30 AT 9.89634
Info: RELATIVE IMPRECISION IN VDWA TABLE ENERGY: 4.54938e-15 AT 9.94673
Info: ABSOLUTE IMPRECISION IN VDWA TABLE FORCE: 5.91646e-31 AT 9.94673
Info: RELATIVE IMPRECISION IN VDWA TABLE FORCE: 5.6823e-16 AT 9.94673
Info: INCONSISTENCY IN VDWA TABLE ENERGY VS FORCE: 0.0040507 AT 0.251946
Info: ABSOLUTE IMPRECISION IN VDWB TABLE ENERGY: 4.71751e-25 AT 9.94673
Info: RELATIVE IMPRECISION IN VDWB TABLE ENERGY: 1.45371e-14 AT 9.94673
Info: ABSOLUTE IMPRECISION IN VDWB TABLE FORCE: 6.20385e-25 AT 9.94673
Info: RELATIVE IMPRECISION IN VDWB TABLE FORCE: 5.97512e-16 AT 9.94673
Info: INCONSISTENCY IN VDWB TABLE ENERGY VS FORCE: 0.00377068 AT 9.07951
Info: Startup phase 2 took 0.000626093 s, 800.25 MB of memory in use
Info: Startup phase 3 took 0.000193719 s, 800.25 MB of memory in use
Info: Startup phase 4 took 0.000283396 s, 800.375 MB of memory in use
Info: Startup phase 5 took 0.000185963 s, 800.375 MB of memory in use
Info: ORIGINAL ATOMS MINMAX IS -22.7067 -33.161 -34.3825  16.6449 11.3268 15.0158
Info: ADJUSTED ATOMS MINMAX IS -17.23 -27.2197 -29.406  11.6644 7.41179 5.43342
Info: PATCH GRID IS 5 BY 3 BY 3
Info: PATCH GRID IS 2-AWAY BY 1-AWAY BY 1-AWAY
Info: Reading from binary file 7_0_adk-step1.restart.vel
Info: REMOVING COM VELOCITY 0.0712131 -0.0259865 0.136264
Info: LARGEST PATCH (37) HAS 148 ATOMS
Info: TORUS A SIZE 1 USING 0
Info: TORUS B SIZE 1 USING 0
Info: TORUS C SIZE 1 USING 0
Info: TORUS MINIMAL MESH SIZE IS 1 BY 1 BY 1
Info: Placed 100% of base nodes on same physical node as patch
Info: Startup phase 6 took 0.00804687 s, 800.625 MB of memory in use
Info: Startup phase 7 took 0.000193889 s, 801.562 MB of memory in use
Info: Updated CUDA force table with 4096 elements.
Info: Updated CUDA LJ table with 53 x 53 elements.
Info: Updated CUDA force table with 4096 elements.
Info: Updated CUDA LJ table with 53 x 53 elements.
Info: Updated CUDA force table with 4096 elements.
Info: Updated CUDA LJ table with 53 x 53 elements.
Info: Updated CUDA force table with 4096 elements.
Info: Updated CUDA force table with 4096 elements.
Info: Updated CUDA LJ table with 53 x 53 elements.
Info: Updated CUDA LJ table with 53 x 53 elements.
Info: Updated CUDA force table with 4096 elements.
Info: Updated CUDA LJ table with 53 x 53 elements.
Info: Startup phase 8 took 0.00369377 s, 801.688 MB of memory in use
Info: Startup phase 9 took 0.000362227 s, 801.75 MB of memory in use
Info: Startup phase 10 took 0.000179059 s, 801.812 MB of memory in use
Info: Startup phase 11 took 0.000735665 s, 802 MB of memory in use
LDB: Central LB being created...
Info: Startup phase 12 took 0.00206987 s, 802.75 MB of memory in use
Info: CREATING 1139 COMPUTE OBJECTS
Info: Found 278 unique exclusion lists needing 900 bytes
Info: Found 278 unique exclusion lists needing 900 bytes
Info: Found 278 unique exclusion lists needing 900 bytes
Info: Found 278 unique exclusion lists needing 900 bytes
Info: Found 278 unique exclusion lists needing 900 bytes
Info: Found 278 unique exclusion lists needing 900 bytes
Info: Startup phase 13 took 0.0175706 s, 803.562 MB of memory in use
Info: Building spanning tree ... send: 1 recv: 0 with branch factor 4
Info: useSync: 0 useProxySync: 0
Info: Startup phase 14 took 0.000255111 s, 803.75 MB of memory in use
Info: Startup phase 15 took 0.000224987 s, 803.875 MB of memory in use
Info: Finished startup at 2.51355 s, 804 MB of memory in use

TCL: Running for 5000 steps
PRESSURE: 0 0 0 0 0 0 0 0 0 0
GPRESSURE: 0 0 0 0 0 0 0 0 0 0
ETITLE:      TS           BOND          ANGLE          DIHED          IMPRP               ELECT            VDW       BOUNDARY           MISC        KINETIC               TOTAL           TEMP      POTENTIAL         TOTAL3        TEMPAVG

ENERGY:       0      1034.0054      1681.0129      2100.8708       156.4241            -40.9916      -824.1480         0.0000      4446.2466      2972.1411          11525.5613       298.4435      8553.4202     11548.9935       298.4435

LDB: ============= START OF LOAD BALANCING ============== 2.52481
LDB: ============== END OF LOAD BALANCING =============== 2.52486
Info: useSync: 0 useProxySync: 0
LDB: =============== DONE WITH MIGRATION ================ 2.52498
LDB: ============= START OF LOAD BALANCING ============== 2.56303
LDB: Partitioning computes with target load 0.000000
LDB: Increased migratable compute count from 0 to 0
LDB: Largest unpartitionable compute is 0.000000
LDB: ============== END OF LOAD BALANCING =============== 2.56331
Info: build node-aware spanning tree with send: 1, recv: 0 with branch factor 4
Info: useSync: 0 useProxySync: 0
LDB: =============== DONE WITH MIGRATION ================ 2.56417
PRESSURE: 100 0 0 0 0 0 0 0 0 0
GPRESSURE: 100 0 0 0 0 0 0 0 0 0
PRESSAVG: 100 0 0 0 0 0 0 0 0 0
GPRESSAVG: 100 0 0 0 0 0 0 0 0 0
Info: Initial time: 42 CPUs 0.000477256 s/step 0.0055238 days/ns 823.625 MB memory
ENERGY:     100      1133.8063      1650.8650      2064.3362       146.9049            -41.4560      -846.1354         0.0000      4438.1442      2984.0754          11530.5406       299.6418      8546.4652     11552.4991       295.6150

LDB: ============= START OF LOAD BALANCING ============== 2.57484
LDB: ============== END OF LOAD BALANCING =============== 2.57488
Info: useSync: 0 useProxySync: 0
LDB: =============== DONE WITH MIGRATION ================ 2.57499
LDB: ============= START OF LOAD BALANCING ============== 2.61437
LDB: TIME 2.61464 LOAD: AVG 0.0134802 MAX 0.0306063  PROXIES: TOTAL 174 MAXPE 7 MAXPATCH 7 None MEM: 825.375 MB
LDB: TIME 2.61489 LOAD: AVG 0.0134802 MAX 0.0306063  PROXIES: TOTAL 174 MAXPE 7 MAXPATCH 7 TorusLB MEM: 825.5 MB
LDB: Reverting to original mapping
LDB: ============== END OF LOAD BALANCING =============== 2.61512
Info: build node-aware spanning tree with send: 1, recv: 0 with branch factor 4
Info: useSync: 0 useProxySync: 0
LDB: =============== DONE WITH MIGRATION ================ 2.61595
PRESSURE: 200 0 0 0 0 0 0 0 0 0
GPRESSURE: 200 0 0 0 0 0 0 0 0 0
PRESSAVG: 200 0 0 0 0 0 0 0 0 0
GPRESSAVG: 200 0 0 0 0 0 0 0 0 0
Info: Initial time: 42 CPUs 0.000499897 s/step 0.00578584 days/ns 825.5 MB memory
ENERGY:     200      1054.7890      1736.6422      2051.2204       149.5934            -42.7981      -802.9422         0.0000      4428.1809      2984.9945          11559.6802       299.7341      8574.6856     11584.5284       299.1632

LDB: ============= START OF LOAD BALANCING ============== 2.66537
LDB: TIME 2.66565 LOAD: AVG 0.0168426 MAX 0.0385885  PROXIES: TOTAL 174 MAXPE 7 MAXPATCH 7 None MEM: 826.438 MB
LDB: TIME 2.66587 LOAD: AVG 0.0168426 MAX 0.0385885  PROXIES: TOTAL 174 MAXPE 7 MAXPATCH 7 RefineTorusLB MEM: 826.438 MB
LDB: TIME 2.66602 LOAD: AVG 0.0168426 MAX 0.0385885  PROXIES: TOTAL 174 MAXPE 7 MAXPATCH 7 RefineTorusLB MEM: 826.438 MB
LDB: Reverting to original mapping
LDB: ============== END OF LOAD BALANCING =============== 2.66714
Info: build node-aware spanning tree with send: 1, recv: 0 with branch factor 4
Info: useSync: 0 useProxySync: 0
LDB: =============== DONE WITH MIGRATION ================ 2.66803
PRESSURE: 300 0 0 0 0 0 0 0 0 0
GPRESSURE: 300 0 0 0 0 0 0 0 0 0
PRESSAVG: 300 0 0 0 0 0 0 0 0 0
GPRESSAVG: 300 0 0 0 0 0 0 0 0 0
Info: Initial time: 42 CPUs 0.00049159 s/step 0.0056897 days/ns 826.438 MB memory
ENERGY:     300      1095.7519      1663.9159      2081.8606       150.4569            -42.3544      -819.7931         0.0000      4429.0429      2972.0171          11530.8978       298.4310      8558.8807     11555.0149       299.7930

LDB: ============= START OF LOAD BALANCING ============== 2.72394
LDB: TIME 2.72424 LOAD: AVG 0.0168165 MAX 0.0311986  PROXIES: TOTAL 174 MAXPE 7 MAXPATCH 7 None MEM: 827.188 MB
LDB: TIME 2.72446 LOAD: AVG 0.0168165 MAX 0.0311986  PROXIES: TOTAL 174 MAXPE 7 MAXPATCH 7 RefineTorusLB MEM: 827.25 MB
LDB: TIME 2.7246 LOAD: AVG 0.0168165 MAX 0.0311986  PROXIES: TOTAL 174 MAXPE 7 MAXPATCH 7 RefineTorusLB MEM: 827.25 MB
LDB: Reverting to original mapping
LDB: ============== END OF LOAD BALANCING =============== 2.72486
Info: build node-aware spanning tree with send: 1, recv: 0 with branch factor 4
Info: useSync: 0 useProxySync: 0
LDB: =============== DONE WITH MIGRATION ================ 2.72566
PRESSURE: 400 0 0 0 0 0 0 0 0 0
GPRESSURE: 400 0 0 0 0 0 0 0 0 0
PRESSAVG: 400 0 0 0 0 0 0 0 0 0
GPRESSAVG: 400 0 0 0 0 0 0 0 0 0
Info: Benchmark time: 42 CPUs 0.000556785 s/step 0.00644427 days/ns 827.25 MB memory
ENERGY:     400      1069.8576      1669.7856      2097.2166       145.0575            -41.4887      -815.1074         0.0000      4428.4927      2922.8983          11476.7122       293.4988      8553.8139     11501.9929       297.0861

PRESSURE: 500 0 0 0 0 0 0 0 0 0
GPRESSURE: 500 0 0 0 0 0 0 0 0 0
PRESSAVG: 500 0 0 0 0 0 0 0 0 0
GPRESSAVG: 500 0 0 0 0 0 0 0 0 0
Info: Benchmark time: 42 CPUs 0.000563795 s/step 0.0065254 days/ns 827.75 MB memory
ENERGY:     500      1061.9178      1702.6923      2063.1674       153.9441            -42.0987      -819.3637         0.0000      4424.9120      2947.4199          11492.5910       295.9611      8545.1711     11515.2210       295.3835

PRESSURE: 600 0 0 0 0 0 0 0 0 0
GPRESSURE: 600 0 0 0 0 0 0 0 0 0
PRESSAVG: 600 0 0 0 0 0 0 0 0 0
GPRESSAVG: 600 0 0 0 0 0 0 0 0 0
Info: Benchmark time: 42 CPUs 0.00055512 s/step 0.006425 days/ns 827.75 MB memory
ENERGY:     600      1108.5353      1695.4663      2054.9712       147.6881            -41.2133      -820.6548         0.0000      4409.2184      2977.0060          11531.0172       298.9320      8554.0112     11554.8596       296.7269

PRESSURE: 700 0 0 0 0 0 0 0 0 0
GPRESSURE: 700 0 0 0 0 0 0 0 0 0
PRESSAVG: 700 0 0 0 0 0 0 0 0 0
GPRESSAVG: 700 0 0 0 0 0 0 0 0 0
Info: Benchmark time: 42 CPUs 0.000555029 s/step 0.00642394 days/ns 827.75 MB memory
ENERGY:     700      1090.7911      1722.7215      2058.7941       154.2311            -40.9925      -846.9718         0.0000      4395.5869      2955.8133          11489.9738       296.8039      8534.1604     11511.0579       297.6762

PRESSURE: 800 0 0 0 0 0 0 0 0 0
GPRESSURE: 800 0 0 0 0 0 0 0 0 0
PRESSAVG: 800 0 0 0 0 0 0 0 0 0
GPRESSAVG: 800 0 0 0 0 0 0 0 0 0
Info: Benchmark time: 42 CPUs 0.000553344 s/step 0.00640444 days/ns 827.75 MB memory
ENERGY:     800      1064.2194      1702.8278      2074.0716       165.8492            -41.2255      -811.6368         0.0000      4394.5969      2880.8620          11429.5646       289.2778      8548.7026     11452.0107       295.4140

PRESSURE: 900 0 0 0 0 0 0 0 0 0
GPRESSURE: 900 0 0 0 0 0 0 0 0 0
PRESSAVG: 900 0 0 0 0 0 0 0 0 0
GPRESSAVG: 900 0 0 0 0 0 0 0 0 0
Info: Benchmark time: 42 CPUs 0.000557321 s/step 0.00645048 days/ns 827.75 MB memory
ENERGY:     900      1060.0352      1670.2623      2059.3548       143.6697            -41.2418      -833.1253         0.0000      4391.9312      2982.7288          11433.6148       299.5066      8450.8861     11458.4371       293.9901

OPENING COORDINATE DCD FILE
WRITING COORDINATES TO DCD FILE adk-step1.dcd AT STEP 1000
WRITING COORDINATES TO RESTART FILE AT STEP 1000
FINISHED WRITING RESTART COORDINATES
The last position output (seq=1000) takes 0.007 seconds, 827.750 MB of memory in use
PRESSURE: 1000 0 0 0 0 0 0 0 0 0
GPRESSURE: 1000 0 0 0 0 0 0 0 0 0
PRESSAVG: 1000 0 0 0 0 0 0 0 0 0
GPRESSAVG: 1000 0 0 0 0 0 0 0 0 0
TIMING: 1000  CPU: 0.567871, 0.000547337/step  Wall: 0.573652, 0.000552906/step, 0.00061434 hours remaining, 827.875000 MB of memory in use.
ETITLE:      TS           BOND          ANGLE          DIHED          IMPRP               ELECT            VDW       BOUNDARY           MISC        KINETIC               TOTAL           TEMP      POTENTIAL         TOTAL3        TEMPAVG

ENERGY:    1000      1070.4586      1689.3334      2059.6367       136.7625            -42.2009      -822.5889         0.0000      4393.4922      2964.5917          11449.4852       297.6854      8484.8936     11475.7999       295.2054

WRITING EXTENDED SYSTEM TO RESTART FILE AT STEP 1000
WRITING VELOCITIES TO RESTART FILE AT STEP 1000
FINISHED WRITING RESTART VELOCITIES
The last velocity output (seq=1000) takes 0.002 seconds, 827.875 MB of memory in use
PRESSURE: 1100 0 0 0 0 0 0 0 0 0
GPRESSURE: 1100 0 0 0 0 0 0 0 0 0
PRESSAVG: 1100 0 0 0 0 0 0 0 0 0
GPRESSAVG: 1100 0 0 0 0 0 0 0 0 0
ENERGY:    1100      1082.5267      1664.4388      2075.9635       137.8343            -42.2703      -809.6789         0.0000      4393.1578      2953.1028          11455.0747       296.5318      8501.9719     11476.5873       295.6912

PRESSURE: 1200 0 0 0 0 0 0 0 0 0
GPRESSURE: 1200 0 0 0 0 0 0 0 0 0
PRESSAVG: 1200 0 0 0 0 0 0 0 0 0
GPRESSAVG: 1200 0 0 0 0 0 0 0 0 0
ENERGY:    1200      1120.5963      1685.9521      2082.7669       158.3084            -40.8571      -833.3405         0.0000      4382.2438      2884.6949          11440.3648       289.6627      8555.6699     11463.0822       295.9489

PRESSURE: 1300 0 0 0 0 0 0 0 0 0
GPRESSURE: 1300 0 0 0 0 0 0 0 0 0
PRESSAVG: 1300 0 0 0 0 0 0 0 0 0
GPRESSAVG: 1300 0 0 0 0 0 0 0 0 0
ENERGY:    1300      1053.5925      1673.8503      2070.2389       162.0565            -41.3991      -789.1379         0.0000      4366.8319      2961.1276          11457.1607       297.3376      8496.0331     11479.3565       295.4492

PRESSURE: 1400 0 0 0 0 0 0 0 0 0
GPRESSURE: 1400 0 0 0 0 0 0 0 0 0
PRESSAVG: 1400 0 0 0 0 0 0 0 0 0
GPRESSAVG: 1400 0 0 0 0 0 0 0 0 0
ENERGY:    1400      1068.0084      1666.6476      2068.5447       148.7190            -41.2543      -809.0099         0.0000      4369.8672      3040.6396          11512.1623       305.3216      8471.5227     11537.7242       298.9285

PRESSURE: 1500 0 0 0 0 0 0 0 0 0
GPRESSURE: 1500 0 0 0 0 0 0 0 0 0
PRESSAVG: 1500 0 0 0 0 0 0 0 0 0
GPRESSAVG: 1500 0 0 0 0 0 0 0 0 0
ENERGY:    1500      1111.1339      1709.3647      2094.9855       150.8364            -42.0314      -796.9194         0.0000      4384.7991      2971.5797          11583.7487       298.3871      8612.1689     11602.9088       300.7165

PRESSURE: 1600 0 0 0 0 0 0 0 0 0
GPRESSURE: 1600 0 0 0 0 0 0 0 0 0
PRESSAVG: 1600 0 0 0 0 0 0 0 0 0
GPRESSAVG: 1600 0 0 0 0 0 0 0 0 0
ENERGY:    1600      1069.4908      1745.5455      2091.6925       156.9169            -42.0686      -845.9626         0.0000      4379.1059      2984.9005          11539.6209       299.7247      8554.7204     11562.2866       299.9003

PRESSURE: 1700 0 0 0 0 0 0 0 0 0
GPRESSURE: 1700 0 0 0 0 0 0 0 0 0
PRESSAVG: 1700 0 0 0 0 0 0 0 0 0
GPRESSAVG: 1700 0 0 0 0 0 0 0 0 0
ENERGY:    1700      1094.5311      1717.5044      2092.3776       147.5510            -40.6541      -854.7484         0.0000      4367.6360      2992.5479          11516.7455       300.4926      8524.1976     11542.5304       300.0350

PRESSURE: 1800 0 0 0 0 0 0 0 0 0
GPRESSURE: 1800 0 0 0 0 0 0 0 0 0
PRESSAVG: 1800 0 0 0 0 0 0 0 0 0
GPRESSAVG: 1800 0 0 0 0 0 0 0 0 0
ENERGY:    1800      1114.8529      1693.1564      2084.9198       151.8590            -40.7659      -804.6916         0.0000      4359.9985      2962.8235          11522.1527       297.5079      8559.3292     11545.3163       300.6814

PRESSURE: 1900 0 0 0 0 0 0 0 0 0
GPRESSURE: 1900 0 0 0 0 0 0 0 0 0
PRESSAVG: 1900 0 0 0 0 0 0 0 0 0
GPRESSAVG: 1900 0 0 0 0 0 0 0 0 0
ENERGY:    1900      1102.8508      1741.6746      2066.1061       168.9764            -41.3652      -811.1364         0.0000      4350.3652      2972.2199          11549.6914       298.4514      8577.4716     11571.3922       299.6561

PRESSURE: 2000 0 0 0 0 0 0 0 0 0
GPRESSURE: 2000 0 0 0 0 0 0 0 0 0
PRESSAVG: 2000 0 0 0 0 0 0 0 0 0
GPRESSAVG: 2000 0 0 0 0 0 0 0 0 0
TIMING: 2000  CPU: 1.11289, 0.000545019/step  Wall: 1.12316, 0.000549509/step, 0.000457924 hours remaining, 827.875000 MB of memory in use.
ETITLE:      TS           BOND          ANGLE          DIHED          IMPRP               ELECT            VDW       BOUNDARY           MISC        KINETIC               TOTAL           TEMP      POTENTIAL         TOTAL3        TEMPAVG

ENERGY:    2000      1161.1104      1738.7124      2078.3616       147.1748            -41.2680      -835.8469         0.0000      4344.8720      3004.7944          11597.9106       301.7223      8593.1162     11620.4117       303.8572

WRITING EXTENDED SYSTEM TO RESTART FILE AT STEP 2000
WRITING COORDINATES TO DCD FILE adk-step1.dcd AT STEP 2000
WRITING COORDINATES TO RESTART FILE AT STEP 2000
FINISHED WRITING RESTART COORDINATES
The last position output (seq=2000) takes 0.003 seconds, 827.938 MB of memory in use
WRITING VELOCITIES TO RESTART FILE AT STEP 2000
FINISHED WRITING RESTART VELOCITIES
The last velocity output (seq=2000) takes 0.002 seconds, 827.938 MB of memory in use
PRESSURE: 2100 0 0 0 0 0 0 0 0 0
GPRESSURE: 2100 0 0 0 0 0 0 0 0 0
PRESSAVG: 2100 0 0 0 0 0 0 0 0 0
GPRESSAVG: 2100 0 0 0 0 0 0 0 0 0
ENERGY:    2100      1093.1036      1730.1858      2077.5958       153.5011            -41.9299      -801.1000         0.0000      4346.7659      3034.3585          11592.4808       304.6909      8558.1223     11618.6003       304.5627

PRESSURE: 2200 0 0 0 0 0 0 0 0 0
GPRESSURE: 2200 0 0 0 0 0 0 0 0 0
PRESSAVG: 2200 0 0 0 0 0 0 0 0 0
GPRESSAVG: 2200 0 0 0 0 0 0 0 0 0
ENERGY:    2200      1145.3286      1672.2838      2085.1153       159.7666            -41.5867      -845.5676         0.0000      4354.1711      3018.4225          11547.9336       303.0907      8529.5111     11572.5936       301.3839

PRESSURE: 2300 0 0 0 0 0 0 0 0 0
GPRESSURE: 2300 0 0 0 0 0 0 0 0 0
PRESSAVG: 2300 0 0 0 0 0 0 0 0 0
GPRESSAVG: 2300 0 0 0 0 0 0 0 0 0
ENERGY:    2300      1098.9932      1728.7560      2079.8776       137.7221            -40.6464      -815.1758         0.0000      4351.1047      2993.7967          11534.4281       300.6180      8540.6314     11556.4515       302.1176

PRESSURE: 2400 0 0 0 0 0 0 0 0 0
GPRESSURE: 2400 0 0 0 0 0 0 0 0 0
PRESSAVG: 2400 0 0 0 0 0 0 0 0 0
GPRESSAVG: 2400 0 0 0 0 0 0 0 0 0
ENERGY:    2400      1050.8855      1699.3569      2082.6442       146.4886            -40.2723      -833.6831         0.0000      4349.4566      3046.5187          11501.3951       305.9120      8454.8764     11528.9500       299.7571

PRESSURE: 2500 0 0 0 0 0 0 0 0 0
GPRESSURE: 2500 0 0 0 0 0 0 0 0 0
PRESSAVG: 2500 0 0 0 0 0 0 0 0 0
GPRESSAVG: 2500 0 0 0 0 0 0 0 0 0
ENERGY:    2500      1077.4080      1715.2623      2085.6749       154.4433            -40.0945      -791.7065         0.0000      4344.2072      2994.2923          11539.4870       300.6677      8545.1947     11563.9388       300.7233

PRESSURE: 2600 0 0 0 0 0 0 0 0 0
GPRESSURE: 2600 0 0 0 0 0 0 0 0 0
PRESSAVG: 2600 0 0 0 0 0 0 0 0 0
GPRESSAVG: 2600 0 0 0 0 0 0 0 0 0
ENERGY:    2600      1056.4091      1668.2190      2065.0452       145.9318            -41.1840      -785.3127         0.0000      4341.6776      3078.2144          11529.0003       309.0947      8450.7859     11555.6346       301.7535

PRESSURE: 2700 0 0 0 0 0 0 0 0 0
GPRESSURE: 2700 0 0 0 0 0 0 0 0 0
PRESSAVG: 2700 0 0 0 0 0 0 0 0 0
GPRESSAVG: 2700 0 0 0 0 0 0 0 0 0
ENERGY:    2700      1097.0028      1702.7339      2093.9245       158.9684            -41.2684      -821.5601         0.0000      4339.2018      2974.2048          11503.2078       298.6507      8529.0030     11527.2295       300.4269

PRESSURE: 2800 0 0 0 0 0 0 0 0 0
GPRESSURE: 2800 0 0 0 0 0 0 0 0 0
PRESSAVG: 2800 0 0 0 0 0 0 0 0 0
GPRESSAVG: 2800 0 0 0 0 0 0 0 0 0
ENERGY:    2800      1120.9334      1738.8966      2060.7194       150.4284            -40.9003      -813.7415         0.0000      4332.3618      2981.0399          11529.7377       299.3370      8548.6978     11549.6425       299.7443

PRESSURE: 2900 0 0 0 0 0 0 0 0 0
GPRESSURE: 2900 0 0 0 0 0 0 0 0 0
PRESSAVG: 2900 0 0 0 0 0 0 0 0 0
GPRESSAVG: 2900 0 0 0 0 0 0 0 0 0
ENERGY:    2900      1069.3059      1706.2283      2057.4297       157.9444            -40.7399      -826.4706         0.0000      4332.6299      3061.8506          11518.1784       307.4515      8456.3278     11546.8501       302.1821

PRESSURE: 3000 0 0 0 0 0 0 0 0 0
GPRESSURE: 3000 0 0 0 0 0 0 0 0 0
PRESSAVG: 3000 0 0 0 0 0 0 0 0 0
GPRESSAVG: 3000 0 0 0 0 0 0 0 0 0
TIMING: 3000  CPU: 1.59182, 0.00047893/step  Wall: 1.60561, 0.000482448/step, 0.000268027 hours remaining, 827.937500 MB of memory in use.
ETITLE:      TS           BOND          ANGLE          DIHED          IMPRP               ELECT            VDW       BOUNDARY           MISC        KINETIC               TOTAL           TEMP      POTENTIAL         TOTAL3        TEMPAVG

ENERGY:    3000      1119.7416      1709.7024      2068.9425       145.5610            -41.4386      -805.5926         0.0000      4347.4203      3033.3275          11577.6642       304.5874      8544.3367     11597.6453       301.9529

WRITING EXTENDED SYSTEM TO RESTART FILE AT STEP 3000
WRITING COORDINATES TO DCD FILE adk-step1.dcd AT STEP 3000
WRITING COORDINATES TO RESTART FILE AT STEP 3000
FINISHED WRITING RESTART COORDINATES
The last position output (seq=3000) takes 0.002 seconds, 827.938 MB of memory in use
WRITING VELOCITIES TO RESTART FILE AT STEP 3000
FINISHED WRITING RESTART VELOCITIES
The last velocity output (seq=3000) takes 0.002 seconds, 827.938 MB of memory in use
PRESSURE: 3100 0 0 0 0 0 0 0 0 0
GPRESSURE: 3100 0 0 0 0 0 0 0 0 0
PRESSAVG: 3100 0 0 0 0 0 0 0 0 0
GPRESSAVG: 3100 0 0 0 0 0 0 0 0 0
ENERGY:    3100      1149.0439      1693.3936      2077.8089       150.4646            -41.5622      -823.8302         0.0000      4357.4556      3017.3245          11580.0987       302.9805      8562.7742     11604.7708       304.4242

PRESSURE: 3200 0 0 0 0 0 0 0 0 0
GPRESSURE: 3200 0 0 0 0 0 0 0 0 0
PRESSAVG: 3200 0 0 0 0 0 0 0 0 0
GPRESSAVG: 3200 0 0 0 0 0 0 0 0 0
ENERGY:    3200      1120.2437      1664.8594      2074.9785       149.3141            -41.9422      -793.9309         0.0000      4349.3859      3056.7355          11579.6439       306.9379      8522.9084     11606.9141       302.8274

PRESSURE: 3300 0 0 0 0 0 0 0 0 0
GPRESSURE: 3300 0 0 0 0 0 0 0 0 0
PRESSAVG: 3300 0 0 0 0 0 0 0 0 0
GPRESSAVG: 3300 0 0 0 0 0 0 0 0 0
ENERGY:    3300      1120.1706      1757.3098      2076.6651       156.5954            -41.8033      -810.7206         0.0000      4339.1551      3022.8962          11620.2684       303.5400      8597.3721     11647.3061       303.6602

PRESSURE: 3400 0 0 0 0 0 0 0 0 0
GPRESSURE: 3400 0 0 0 0 0 0 0 0 0
PRESSAVG: 3400 0 0 0 0 0 0 0 0 0
GPRESSAVG: 3400 0 0 0 0 0 0 0 0 0
ENERGY:    3400      1071.7792      1725.6828      2060.5282       147.9926            -41.6143      -779.8614         0.0000      4334.6711      3007.5157          11526.6939       301.9956      8519.1782     11551.2202       303.1651

PRESSURE: 3500 0 0 0 0 0 0 0 0 0
GPRESSURE: 3500 0 0 0 0 0 0 0 0 0
PRESSAVG: 3500 0 0 0 0 0 0 0 0 0
GPRESSAVG: 3500 0 0 0 0 0 0 0 0 0
ENERGY:    3500      1058.3924      1709.9125      2052.2801       155.5943            -41.5396      -788.7209         0.0000      4326.3029      2987.4091          11459.6310       299.9766      8472.2219     11482.9356       300.1921

PRESSURE: 3600 0 0 0 0 0 0 0 0 0
GPRESSURE: 3600 0 0 0 0 0 0 0 0 0
PRESSAVG: 3600 0 0 0 0 0 0 0 0 0
GPRESSAVG: 3600 0 0 0 0 0 0 0 0 0
ENERGY:    3600      1100.3034      1712.6910      2101.1713       147.1704            -42.3682      -802.6031         0.0000      4333.1665      2981.4173          11530.9486       299.3749      8549.5313     11554.5005       299.5717

PRESSURE: 3700 0 0 0 0 0 0 0 0 0
GPRESSURE: 3700 0 0 0 0 0 0 0 0 0
PRESSAVG: 3700 0 0 0 0 0 0 0 0 0
GPRESSAVG: 3700 0 0 0 0 0 0 0 0 0
ENERGY:    3700      1123.0801      1669.8371      2092.1761       142.7001            -41.1998      -807.4097         0.0000      4335.5440      3040.1377          11554.8656       305.2713      8514.7279     11579.4698       302.2227

PRESSURE: 3800 0 0 0 0 0 0 0 0 0
GPRESSURE: 3800 0 0 0 0 0 0 0 0 0
PRESSAVG: 3800 0 0 0 0 0 0 0 0 0
GPRESSAVG: 3800 0 0 0 0 0 0 0 0 0
ENERGY:    3800      1116.1319      1709.4262      2089.2880       142.0728            -42.3889      -800.7542         0.0000      4342.8769      3047.6412          11604.2939       306.0247      8556.6527     11627.1737       304.7460

PRESSURE: 3900 0 0 0 0 0 0 0 0 0
GPRESSURE: 3900 0 0 0 0 0 0 0 0 0
PRESSAVG: 3900 0 0 0 0 0 0 0 0 0
GPRESSAVG: 3900 0 0 0 0 0 0 0 0 0
ENERGY:    3900      1151.1452      1693.5718      2076.3156       146.0567            -41.8769      -829.7459         0.0000      4350.6698      2963.2507          11509.3870       297.5508      8546.1363     11528.1958       300.9241

WRITING VELOCITIES TO RESTART FILE AT STEP 4000
FINISHED WRITING RESTART VELOCITIES
The last velocity output (seq=4000) takes 0.003 seconds, 827.938 MB of memory in use
WRITING COORDINATES TO DCD FILE adk-step1.dcd AT STEP 4000
WRITING COORDINATES TO RESTART FILE AT STEP 4000
FINISHED WRITING RESTART COORDINATES
The last position output (seq=4000) takes 0.002 seconds, 827.938 MB of memory in use
PRESSURE: 4000 0 0 0 0 0 0 0 0 0
GPRESSURE: 4000 0 0 0 0 0 0 0 0 0
PRESSAVG: 4000 0 0 0 0 0 0 0 0 0
GPRESSAVG: 4000 0 0 0 0 0 0 0 0 0
TIMING: 4000  CPU: 2.04487, 0.000453047/step  Wall: 2.06692, 0.000461315/step, 0.000128143 hours remaining, 827.937500 MB of memory in use.
ETITLE:      TS           BOND          ANGLE          DIHED          IMPRP               ELECT            VDW       BOUNDARY           MISC        KINETIC               TOTAL           TEMP      POTENTIAL         TOTAL3        TEMPAVG

ENERGY:    4000      1087.3632      1686.8531      2096.7749       137.5072            -41.6163      -815.0033         0.0000      4342.9841      2995.2314          11490.0943       300.7620      8494.8628     11515.1858       299.6891

WRITING EXTENDED SYSTEM TO RESTART FILE AT STEP 4000
PRESSURE: 4100 0 0 0 0 0 0 0 0 0
GPRESSURE: 4100 0 0 0 0 0 0 0 0 0
PRESSAVG: 4100 0 0 0 0 0 0 0 0 0
GPRESSAVG: 4100 0 0 0 0 0 0 0 0 0
ENERGY:    4100      1114.0876      1672.5050      2111.2065       146.2629            -42.3153      -814.2878         0.0000      4339.7782      2933.4851          11460.7222       294.5619      8527.2371     11482.3678       299.3707

PRESSURE: 4200 0 0 0 0 0 0 0 0 0
GPRESSURE: 4200 0 0 0 0 0 0 0 0 0
PRESSAVG: 4200 0 0 0 0 0 0 0 0 0
GPRESSAVG: 4200 0 0 0 0 0 0 0 0 0
ENERGY:    4200      1163.1500      1704.7934      2118.2551       130.9117            -41.6461      -834.0068         0.0000      4334.9147      2912.0189          11488.3908       292.4064      8576.3719     11512.3775       299.2199

LDB: ============= START OF LOAD BALANCING ============== 4.69095
LDB: ============== END OF LOAD BALANCING =============== 4.69103
Info: useSync: 0 useProxySync: 0
LDB: =============== DONE WITH MIGRATION ================ 4.69117
PRESSURE: 4300 0 0 0 0 0 0 0 0 0
GPRESSURE: 4300 0 0 0 0 0 0 0 0 0
PRESSAVG: 4300 0 0 0 0 0 0 0 0 0
GPRESSAVG: 4300 0 0 0 0 0 0 0 0 0
ENERGY:    4300      1090.8670      1656.9738      2106.0951       157.3660            -41.9757      -806.4561         0.0000      4318.6168      2974.2242          11455.7111       298.6526      8481.4869     11481.6348       299.2592

LDB: ============= START OF LOAD BALANCING ============== 4.73312
LDB: TIME 4.7334 LOAD: AVG 0.0143989 MAX 0.0258514  PROXIES: TOTAL 174 MAXPE 7 MAXPATCH 7 None MEM: 827.938 MB
LDB: TIME 4.73356 LOAD: AVG 0.0143989 MAX 0.0258514  PROXIES: TOTAL 174 MAXPE 7 MAXPATCH 7 RefineTorusLB MEM: 828.125 MB
LDB: TIME 4.73371 LOAD: AVG 0.0143989 MAX 0.0258514  PROXIES: TOTAL 174 MAXPE 7 MAXPATCH 7 RefineTorusLB MEM: 828.125 MB
LDB: Reverting to original mapping
LDB: ============== END OF LOAD BALANCING =============== 4.73397
Info: build node-aware spanning tree with send: 1, recv: 0 with branch factor 4
Info: useSync: 0 useProxySync: 0
LDB: =============== DONE WITH MIGRATION ================ 4.73477
PRESSURE: 4400 0 0 0 0 0 0 0 0 0
GPRESSURE: 4400 0 0 0 0 0 0 0 0 0
PRESSAVG: 4400 0 0 0 0 0 0 0 0 0
GPRESSAVG: 4400 0 0 0 0 0 0 0 0 0
ENERGY:    4400      1117.5552      1656.9429      2106.5292       146.9808            -41.8796      -822.8648         0.0000      4308.0865      3001.6590          11473.0090       301.4075      8471.3501     11500.1930       299.1918

PRESSURE: 4500 0 0 0 0 0 0 0 0 0
GPRESSURE: 4500 0 0 0 0 0 0 0 0 0
PRESSAVG: 4500 0 0 0 0 0 0 0 0 0
GPRESSAVG: 4500 0 0 0 0 0 0 0 0 0
ENERGY:    4500      1089.4714      1718.3161      2084.7761       143.0752            -41.7712      -792.7324         0.0000      4313.4070      2975.0375          11489.5796       298.7343      8514.5421     11514.6611       300.0165

PRESSURE: 4600 0 0 0 0 0 0 0 0 0
GPRESSURE: 4600 0 0 0 0 0 0 0 0 0
PRESSAVG: 4600 0 0 0 0 0 0 0 0 0
GPRESSAVG: 4600 0 0 0 0 0 0 0 0 0
ENERGY:    4600      1105.4864      1666.1671      2090.7838       142.6599            -42.7247      -812.1511         0.0000      4309.6658      3044.7821          11504.6692       305.7376      8459.8871     11532.0429       300.3049

PRESSURE: 4700 0 0 0 0 0 0 0 0 0
GPRESSURE: 4700 0 0 0 0 0 0 0 0 0
PRESSAVG: 4700 0 0 0 0 0 0 0 0 0
GPRESSAVG: 4700 0 0 0 0 0 0 0 0 0
ENERGY:    4700      1139.3151      1703.5757      2076.3032       152.7997            -42.5721      -839.4251         0.0000      4311.8755      3010.0712          11511.9432       302.2522      8501.8720     11533.9803       300.4957

PRESSURE: 4800 0 0 0 0 0 0 0 0 0
GPRESSURE: 4800 0 0 0 0 0 0 0 0 0
PRESSAVG: 4800 0 0 0 0 0 0 0 0 0
GPRESSAVG: 4800 0 0 0 0 0 0 0 0 0
ENERGY:    4800      1111.7807      1700.2122      2077.0903       149.3170            -42.4923      -809.6937         0.0000      4309.5842      3020.2914          11516.0897       303.2784      8495.7983     11540.1213       300.3769

PRESSURE: 4900 0 0 0 0 0 0 0 0 0
GPRESSURE: 4900 0 0 0 0 0 0 0 0 0
PRESSAVG: 4900 0 0 0 0 0 0 0 0 0
GPRESSAVG: 4900 0 0 0 0 0 0 0 0 0
ENERGY:    4900      1153.8751      1663.5371      2107.0069       143.7310            -40.6818      -827.8575         0.0000      4315.1909      3014.9920          11529.7936       302.7463      8514.8016     11553.9462       301.7062

PRESSURE: 5000 0 0 0 0 0 0 0 0 0
GPRESSURE: 5000 0 0 0 0 0 0 0 0 0
PRESSAVG: 5000 0 0 0 0 0 0 0 0 0
GPRESSAVG: 5000 0 0 0 0 0 0 0 0 0
TIMING: 5000  CPU: 2.4695, 0.000424635/step  Wall: 2.49298, 0.000426056/step, 0 hours remaining, 828.125000 MB of memory in use.
ETITLE:      TS           BOND          ANGLE          DIHED          IMPRP               ELECT            VDW       BOUNDARY           MISC        KINETIC               TOTAL           TEMP      POTENTIAL         TOTAL3        TEMPAVG

ENERGY:    5000      1083.6109      1683.2580      2089.7511       156.7413            -40.4931      -821.7561         0.0000      4306.7318      2970.8892          11428.7332       298.3178      8457.8439     11452.0119       300.1160

WRITING EXTENDED SYSTEM TO RESTART FILE AT STEP 5000
WRITING COORDINATES TO DCD FILE adk-step1.dcd AT STEP 5000
WRITING COORDINATES TO RESTART FILE AT STEP 5000
FINISHED WRITING RESTART COORDINATES
The last position output (seq=5000) takes 0.002 seconds, 828.812 MB of memory in use
WRITING VELOCITIES TO RESTART FILE AT STEP 5000
FINISHED WRITING RESTART VELOCITIES
The last velocity output (seq=5000) takes 0.002 seconds, 828.812 MB of memory in use
WRITING EXTENDED SYSTEM TO OUTPUT FILE AT STEP 5000
WRITING COORDINATES TO OUTPUT FILE AT STEP 5000
CLOSING COORDINATE DCD FILE adk-step1.dcd
The last position output (seq=-2) takes 0.004 seconds, 828.812 MB of memory in use
WRITING VELOCITIES TO OUTPUT FILE AT STEP 5000
====================================================

WallClock: 4.998072  CPUTime: 3.428159  Memory: 828.812500 MB
End of program
