2_8_cc.dat
/gpfs/alpine/bip115/scratch/hrlee/radical.pilot.sandbox/re.session.login1.hrlee.018632.0005/pilot.0000/staging_area/2_8_cc.dat
2, 8
Choosing optimized barrier algorithm name I0:HybridBinomial:SHMEM:P2P
Converse/Charm++ Commit ID: v6.10.2-0-g7bf00fa-namd-charm-6.10.2-build-2020-Aug-05-556
Warning> Randomization of virtual memory (ASLR) is turned on in the kernel, thread migration may not work! Run 'echo 0 > /proc/sys/kernel/randomize_va_space' as root to disable it, or try running with '+isomalloc_sync'.
CharmLB> Load balancer assumes all CPUs are same.
Charm++> Running on 1 hosts (1 sockets x 7 cores x 4 PUs = 28-way SMP)
Charm++> cpu topology info is gathered in 0.003 seconds.
Info: Built with CUDA version 10010
Did not find +devices i,j,k,... argument, using all
Pe 3 physical rank 3 will use CUDA device of pe 4
Pe 16 physical rank 16 will use CUDA device of pe 14
Pe 10 physical rank 10 will use CUDA device of pe 7
Pe 31 physical rank 31 will use CUDA device of pe 28
Pe 40 physical rank 40 will use CUDA device of pe 35
Pe 26 physical rank 26 will use CUDA device of pe 21
Pe 19 physical rank 19 will use CUDA device of pe 14
Pe 12 physical rank 12 will use CUDA device of pe 7
Pe 30 physical rank 30 will use CUDA device of pe 28
Pe 39 physical rank 39 will use CUDA device of pe 35
Pe 25 physical rank 25 will use CUDA device of pe 21
Pe 6 physical rank 6 will use CUDA device of pe 4
Pe 18 physical rank 18 will use CUDA device of pe 14
Pe 11 physical rank 11 will use CUDA device of pe 7
Pe 34 physical rank 34 will use CUDA device of pe 28
Pe 37 physical rank 37 will use CUDA device of pe 35
Pe 23 physical rank 23 will use CUDA device of pe 21
Pe 2 physical rank 2 will use CUDA device of pe 4
Pe 20 physical rank 20 will use CUDA device of pe 14
Pe 13 physical rank 13 will use CUDA device of pe 7
Pe 33 physical rank 33 will use CUDA device of pe 28
Pe 38 physical rank 38 will use CUDA device of pe 35
Pe 24 physical rank 24 will use CUDA device of pe 21
Pe 5 physical rank 5 will use CUDA device of pe 4
Pe 17 physical rank 17 will use CUDA device of pe 14
Pe 9 physical rank 9 will use CUDA device of pe 7
Pe 32 physical rank 32 will use CUDA device of pe 28
Pe 41 physical rank 41 will use CUDA device of pe 35
Pe 27 physical rank 27 will use CUDA device of pe 21
Pe 0 physical rank 0 will use CUDA device of pe 4
Pe 15 physical rank 15 will use CUDA device of pe 14
Pe 8 physical rank 8 will use CUDA device of pe 7
Pe 29 physical rank 29 will use CUDA device of pe 28
Pe 36 physical rank 36 will use CUDA device of pe 35
Pe 22 physical rank 22 will use CUDA device of pe 21
Pe 1 physical rank 1 will use CUDA device of pe 4
Pe 4 physical rank 4 binding to CUDA device 0 on h35n16: 'Tesla V100-SXM2-16GB'  Mem: 16128MB  Rev: 7.0  PCI: 4:4:0
Pe 14 physical rank 14 binding to CUDA device 0 on h35n16: 'Tesla V100-SXM2-16GB'  Mem: 16128MB  Rev: 7.0  PCI: 4:6:0
Pe 7 physical rank 7 binding to CUDA device 0 on h35n16: 'Tesla V100-SXM2-16GB'  Mem: 16128MB  Rev: 7.0  PCI: 4:5:0
Pe 28 physical rank 28 binding to CUDA device 0 on h35n16: 'Tesla V100-SXM2-16GB'  Mem: 16128MB  Rev: 7.0  PCI: 35:4:0
Pe 35 physical rank 35 binding to CUDA device 0 on h35n16: 'Tesla V100-SXM2-16GB'  Mem: 16128MB  Rev: 7.0  PCI: 35:5:0
Pe 21 physical rank 21 binding to CUDA device 0 on h35n16: 'Tesla V100-SXM2-16GB'  Mem: 16128MB  Rev: 7.0  PCI: 35:3:0
Info: NAMD 2.14 for Linux-POWER-pami-smp-Summit-CUDA
Info: 
Info: Please visit http://www.ks.uiuc.edu/Research/namd/
Info: for updates, documentation, and support information.
Info: 
Info: Please cite Phillips et al., J. Chem. Phys. 153:044130 (2020) doi:10.1063/5.0014475
Info: in all publications reporting results obtained with NAMD.
Info: 
Info: Based on Charm++/Converse 61002 for pami-linux-ppc64le-smp
Info: Built Wed Aug 5 14:28:51 EDT 2020 by jimp on login2
Info: 1 NAMD  2.14  Linux-POWER-pami-smp-Summit-CUDA  42    h35n16  hrlee
Info: Running on 42 processors, 6 nodes, 1 physical nodes.
Info: CPU topology information available.
Info: Charm++/Converse parallel runtime startup completed at 1.45268 s
CkLoopLib is used in SMP with simple dynamic scheduling (converse-level notification)
Info: 791.688 MB of memory in use based on /proc/self/stat
Info: Configuration file is adk-step1.namd
Info: Working in the current directory /gpfs/alpine/bip115/scratch/hrlee/radical.pilot.sandbox/re.session.login1.hrlee.018632.0005/pilot.0000/unit.000630
TCL: Suspending until startup complete.
Info: SIMULATION PARAMETERS:
Info: TIMESTEP               1
Info: NUMBER OF STEPS        0
Info: STEPS PER CYCLE        20
Info: LOAD BALANCER  Centralized
Info: LOAD BALANCING STRATEGY  New Load Balancers -- DEFAULT
Info: LDB PERIOD             4000 steps
Info: FIRST LDB TIMESTEP     100
Info: LAST LDB TIMESTEP     -1
Info: LDB BACKGROUND SCALING 1
Info: HOM BACKGROUND SCALING 1
Info: MIN ATOMS PER PATCH    40
Info: VELOCITY FILE          2_8_adk-step1.restart.vel
Info: CENTER OF MASS MOVING INITIALLY? NO
Info: DIELECTRIC             80
Info: EXCLUDE                SCALED ONE-FOUR
Info: 1-4 ELECTROSTATICS SCALED BY 1
Info: MODIFIED 1-4 VDW PARAMETERS WILL BE USED
Info: DCD FILENAME           adk-step1.dcd
Info: DCD FREQUENCY          1000
Info: DCD FIRST STEP         1000
Info: NO EXTENDED SYSTEM TRAJECTORY OUTPUT
Info: NO VELOCITY DCD OUTPUT
Info: NO FORCE DCD OUTPUT
Info: OUTPUT FILENAME        adk-step1
Info: BINARY OUTPUT FILES WILL BE USED
Info: RESTART FILENAME       adk-step1.restart
Info: RESTART FREQUENCY      1000
Info: BINARY RESTART FILES WILL BE USED
Info: SWITCHING ACTIVE
Info: SWITCHING ON           9
Info: SWITCHING OFF          10
Info: PAIRLIST DISTANCE      11
Info: PAIRLIST SHRINK RATE   0.01
Info: PAIRLIST GROW RATE     0.01
Info: PAIRLIST TRIGGER       0.3
Info: PAIRLISTS PER CYCLE    2
Info: PAIRLISTS ENABLED
Info: MARGIN                 0
Info: HYDROGEN GROUP CUTOFF  2.5
Info: PATCH DIMENSION        13.5
Info: ENERGY OUTPUT STEPS    100
Info: CROSSTERM ENERGY INCLUDED IN DIHEDRAL
Info: TIMING OUTPUT STEPS    1000
Info: PRESSURE OUTPUT STEPS  100
Info: GRID FORCE ACTIVE
Info:  Please include this reference in published work using
Info:  the Gridforce module of NAMD: David Wells, Volha Abramkina,
Info:  and Aleksei Aksimentiev, J. Chem. Phys. 127:125101-10 (2007).
Info: MGRIDFORCE key 0
Info:            Potfile 4ake-target_autopsf-grid.dx
Info:            Scale 0.3 0.3 0.3
Info:            File 1ake-docked-noh_autopsf-grid.pdb
Info:            Col O
Info:            ChargeCol B
Info:            VOffset 0 0 0
Info:            Continuous K1 FALSE
Info:            Continuous K2 FALSE
Info:            Continuous K3 FALSE
Info:            Volts FALSE
Info:            Gridforce-Lite FALSE
Info:            Gridforce-CheckSize TRUE
Info: LANGEVIN DYNAMICS ACTIVE
Info: LANGEVIN TEMPERATURE   300
Info: LANGEVIN USING BBK INTEGRATOR
Info: LANGEVIN DAMPING COEFFICIENT IS 5 INVERSE PS
Info: LANGEVIN DYNAMICS NOT APPLIED TO HYDROGENS
Info: USING VERLET I (r-RESPA) MTS SCHEME.
Info: C1 SPLITTING OF LONG RANGE ELECTROSTATICS
Info: PLACING ATOMS IN PATCHES BY HYDROGEN GROUPS
Info: RIGID BONDS TO HYDROGEN : WATER
Info:         ERROR TOLERANCE : 1e-08
Info:          MAX ITERATIONS : 100
Info: RIGID WATER USING SETTLE ALGORITHM
Info: NONBONDED FORCES EVALUATED EVERY 2 STEPS
Info: RANDOM NUMBER SEED     1609828106
Info: USE HYDROGEN BONDS?    NO
Info: COORDINATE PDB         1ake-docked-noh_autopsf.pdb
Info: STRUCTURE FILE         1ake-docked-noh_autopsf.psf
Info: PARAMETER file: CHARMM format! 
Info: PARAMETERS             par_all36_prot.prm
Info: USING ARITHMETIC MEAN TO COMBINE L-J SIGMA PARAMETERS
Info: BINARY COORDINATES     2_8_adk-step1.restart.coor
Info: SUMMARY OF PARAMETERS:
Info: 132 BONDS
Info: 362 ANGLES
Info: 702 DIHEDRAL
Info: 35 IMPROPER
Info: 6 CROSSTERM
Info: 53 VDW
Info: 0 VDW_PAIRS
Info: 0 NBTHOLE_PAIRS
Info: TIME FOR READING PSF FILE: 0.448982
Info: READING EXTRA BONDS FILE 1ake-extrabonds.txt
Info: READING EXTRA BONDS FILE 1ake-extrabonds-cispeptide.txt
Info: READING EXTRA BONDS FILE 1ake-extrabonds-chirality.txt
Info: READ 80 EXTRA BONDS
Info: READ 80 EXTRA ANGLES
Warning: EXTRA ANGLES ARE COSINE-BASED BY DEFAULT TO MATCH PREVIOUS VERSIONS
Warning: FOR NORMAL HARMONIC EXTRA ANGLES SET extraBondsCosAngles off
Info: READ 493 EXTRA DIHEDRALS
Info: READ 438 EXTRA IMPROPERS
Info: Reading pdb file 1ake-docked-noh_autopsf.pdb
Info: TIME FOR READING PDB FILE: 0.0573728
Info: 
Info: ****************************
Info: STRUCTURE SUMMARY:
Info: 3341 ATOMS
Info: 3445 BONDS
Info: 6203 ANGLES
Info: 9414 DIHEDRALS
Info: 1005 IMPROPERS
Info: 212 CROSSTERMS
Info: 0 EXCLUSIONS
Info: 0 RIGID BONDS
Info: 1 GRIDS ACTIVE
Info: 10023 DEGREES OF FREEDOM
Info: 1656 HYDROGEN GROUPS
Info: 4 ATOMS IN LARGEST HYDROGEN GROUP
Info: 1656 MIGRATION GROUPS
Info: 4 ATOMS IN LARGEST MIGRATION GROUP
Info: TOTAL MASS = 23582 amu
Info: TOTAL CHARGE = -4 e
Info: *****************************
Info: Reading from binary file 2_8_adk-step1.restart.coor
Info: 
Info: Entering startup at 2.53496 s, 798.438 MB of memory in use
Info: Startup phase 0 took 0.000367258 s, 798.562 MB of memory in use
Info: ADDED 18308 IMPLICIT EXCLUSIONS
Info: Startup phase 1 took 0.00734597 s, 798.688 MB of memory in use
Info: NONBONDED TABLE R-SQUARED SPACING: 0.0625
Info: NONBONDED TABLE SIZE: 705 POINTS
Info: ABSOLUTE IMPRECISION IN FAST TABLE ENERGY: 3.38813e-21 AT 9.89634
Info: RELATIVE IMPRECISION IN FAST TABLE ENERGY: 4.23384e-15 AT 9.94673
Info: ABSOLUTE IMPRECISION IN FAST TABLE FORCE: 6.35275e-22 AT 9.94673
Info: RELATIVE IMPRECISION IN FAST TABLE FORCE: 5.07982e-16 AT 9.94673
Info: INCONSISTENCY IN FAST TABLE ENERGY VS FORCE: 0.000290185 AT 0.251946
Info: ABSOLUTE IMPRECISION IN VDWA TABLE ENERGY: 1.57772e-30 AT 9.89634
Info: RELATIVE IMPRECISION IN VDWA TABLE ENERGY: 4.54938e-15 AT 9.94673
Info: ABSOLUTE IMPRECISION IN VDWA TABLE FORCE: 5.91646e-31 AT 9.94673
Info: RELATIVE IMPRECISION IN VDWA TABLE FORCE: 5.6823e-16 AT 9.94673
Info: INCONSISTENCY IN VDWA TABLE ENERGY VS FORCE: 0.0040507 AT 0.251946
Info: ABSOLUTE IMPRECISION IN VDWB TABLE ENERGY: 4.71751e-25 AT 9.94673
Info: RELATIVE IMPRECISION IN VDWB TABLE ENERGY: 1.45371e-14 AT 9.94673
Info: ABSOLUTE IMPRECISION IN VDWB TABLE FORCE: 6.20385e-25 AT 9.94673
Info: RELATIVE IMPRECISION IN VDWB TABLE FORCE: 5.97512e-16 AT 9.94673
Info: INCONSISTENCY IN VDWB TABLE ENERGY VS FORCE: 0.00377068 AT 9.07951
Info: Startup phase 2 took 0.000485803 s, 800 MB of memory in use
Info: Startup phase 3 took 0.000164447 s, 800.375 MB of memory in use
Info: Startup phase 4 took 0.000242776 s, 800.5 MB of memory in use
Info: Startup phase 5 took 0.000151966 s, 800.5 MB of memory in use
Info: ORIGINAL ATOMS MINMAX IS -21.6527 -33.2627 -34.5521  17.0284 12.777 18.2715
Info: ADJUSTED ATOMS MINMAX IS -17.4536 -27.13 -30.1162  11.7149 7.13637 7.54386
Info: PATCH GRID IS 5 BY 3 BY 3
Info: PATCH GRID IS 2-AWAY BY 1-AWAY BY 1-AWAY
Info: Reading from binary file 2_8_adk-step1.restart.vel
Info: REMOVING COM VELOCITY 0.168712 -0.0316452 0.100622
Info: LARGEST PATCH (37) HAS 145 ATOMS
Info: TORUS A SIZE 1 USING 0
Info: TORUS B SIZE 1 USING 0
Info: TORUS C SIZE 1 USING 0
Info: TORUS MINIMAL MESH SIZE IS 1 BY 1 BY 1
Info: Placed 100% of base nodes on same physical node as patch
Info: Startup phase 6 took 0.00759683 s, 800.625 MB of memory in use
Info: Startup phase 7 took 0.000156378 s, 801.562 MB of memory in use
Info: Updated CUDA force table with 4096 elements.
Info: Updated CUDA LJ table with 53 x 53 elements.
Info: Updated CUDA force table with 4096 elements.
Info: Updated CUDA LJ table with 53 x 53 elements.
Info: Updated CUDA force table with 4096 elements.
Info: Updated CUDA force table with 4096 elements.
Info: Updated CUDA LJ table with 53 x 53 elements.
Info: Updated CUDA LJ table with 53 x 53 elements.
Info: Updated CUDA force table with 4096 elements.
Info: Updated CUDA LJ table with 53 x 53 elements.
Info: Updated CUDA force table with 4096 elements.
Info: Updated CUDA LJ table with 53 x 53 elements.
Info: Startup phase 8 took 0.0032322 s, 801.688 MB of memory in use
Info: Startup phase 9 took 0.000350511 s, 801.75 MB of memory in use
Info: Startup phase 10 took 0.000154952 s, 801.812 MB of memory in use
Info: Startup phase 11 took 0.000729477 s, 801.938 MB of memory in use
LDB: Central LB being created...
Info: Startup phase 12 took 0.00206672 s, 802.75 MB of memory in use
Info: CREATING 1139 COMPUTE OBJECTS
Info: Found 278 unique exclusion lists needing 900 bytes
Info: Found 278 unique exclusion lists needing 900 bytes
Info: Found 278 unique exclusion lists needing 900 bytes
Info: Found 278 unique exclusion lists needing 900 bytes
Info: Found 278 unique exclusion lists needing 900 bytes
Info: Found 278 unique exclusion lists needing 900 bytes
Info: Startup phase 13 took 0.0147587 s, 803.625 MB of memory in use
Info: Building spanning tree ... send: 1 recv: 0 with branch factor 4
Info: useSync: 0 useProxySync: 0
Info: Startup phase 14 took 0.000199397 s, 803.812 MB of memory in use
Info: Startup phase 15 took 0.000173691 s, 803.938 MB of memory in use
Info: Finished startup at 2.57314 s, 804.062 MB of memory in use

TCL: Running for 5000 steps
PRESSURE: 0 0 0 0 0 0 0 0 0 0
GPRESSURE: 0 0 0 0 0 0 0 0 0 0
ETITLE:      TS           BOND          ANGLE          DIHED          IMPRP               ELECT            VDW       BOUNDARY           MISC        KINETIC               TOTAL           TEMP      POTENTIAL         TOTAL3        TEMPAVG

ENERGY:       0      1153.6795      1700.9792      2065.6180       148.8261            -39.4469      -827.7040         0.0000      5282.4385      3025.7013          12510.0917       303.8216      9484.3904     12534.7682       303.8216

LDB: ============= START OF LOAD BALANCING ============== 2.58402
LDB: ============== END OF LOAD BALANCING =============== 2.58407
Info: useSync: 0 useProxySync: 0
LDB: =============== DONE WITH MIGRATION ================ 2.58415
LDB: ============= START OF LOAD BALANCING ============== 2.62204
LDB: Partitioning computes with target load 0.000000
LDB: Increased migratable compute count from 0 to 0
LDB: Largest unpartitionable compute is 0.000000
LDB: ============== END OF LOAD BALANCING =============== 2.6223
Info: build node-aware spanning tree with send: 1, recv: 0 with branch factor 4
Info: useSync: 0 useProxySync: 0
LDB: =============== DONE WITH MIGRATION ================ 2.62297
PRESSURE: 100 0 0 0 0 0 0 0 0 0
GPRESSURE: 100 0 0 0 0 0 0 0 0 0
PRESSAVG: 100 0 0 0 0 0 0 0 0 0
GPRESSAVG: 100 0 0 0 0 0 0 0 0 0
Info: Initial time: 42 CPUs 0.000470929 s/step 0.00545057 days/ns 819.625 MB memory
ENERGY:     100      1095.5636      1722.8394      2073.0572       155.5118            -41.2024      -812.6039         0.0000      5290.5900      2983.9636          12467.7193       299.6306      9483.7557     12491.8445       301.6466

LDB: ============= START OF LOAD BALANCING ============== 2.63207
LDB: ============== END OF LOAD BALANCING =============== 2.6321
Info: useSync: 0 useProxySync: 0
LDB: =============== DONE WITH MIGRATION ================ 2.63218
LDB: ============= START OF LOAD BALANCING ============== 2.66821
LDB: TIME 2.66838 LOAD: AVG 0.0120024 MAX 0.021849  PROXIES: TOTAL 176 MAXPE 7 MAXPATCH 7 None MEM: 820.938 MB
LDB: TIME 2.66851 LOAD: AVG 0.0120024 MAX 0.021849  PROXIES: TOTAL 176 MAXPE 7 MAXPATCH 7 TorusLB MEM: 821.125 MB
LDB: ============== END OF LOAD BALANCING =============== 2.6687
Info: build node-aware spanning tree with send: 1, recv: 0 with branch factor 4
Info: useSync: 0 useProxySync: 0
LDB: =============== DONE WITH MIGRATION ================ 2.66932
PRESSURE: 200 0 0 0 0 0 0 0 0 0
GPRESSURE: 200 0 0 0 0 0 0 0 0 0
PRESSAVG: 200 0 0 0 0 0 0 0 0 0
GPRESSAVG: 200 0 0 0 0 0 0 0 0 0
Info: Initial time: 42 CPUs 0.000449914 s/step 0.00520734 days/ns 821.125 MB memory
ENERGY:     200      1098.6799      1651.3746      2078.2162       152.0972            -41.4524      -808.2208         0.0000      5284.1720      3043.4424          12458.3091       305.6031      9414.8667     12484.8849       300.4617

LDB: ============= START OF LOAD BALANCING ============== 2.71459
LDB: TIME 2.71475 LOAD: AVG 0.0149962 MAX 0.0275042  PROXIES: TOTAL 176 MAXPE 7 MAXPATCH 7 None MEM: 822.125 MB
LDB: TIME 2.71486 LOAD: AVG 0.0149962 MAX 0.0275042  PROXIES: TOTAL 176 MAXPE 7 MAXPATCH 7 RefineTorusLB MEM: 822.188 MB
LDB: TIME 2.71496 LOAD: AVG 0.0149962 MAX 0.0275042  PROXIES: TOTAL 176 MAXPE 7 MAXPATCH 7 RefineTorusLB MEM: 822.188 MB
LDB: ============== END OF LOAD BALANCING =============== 2.71514
Info: build node-aware spanning tree with send: 1, recv: 0 with branch factor 4
Info: useSync: 0 useProxySync: 0
LDB: =============== DONE WITH MIGRATION ================ 2.71575
PRESSURE: 300 0 0 0 0 0 0 0 0 0
GPRESSURE: 300 0 0 0 0 0 0 0 0 0
PRESSAVG: 300 0 0 0 0 0 0 0 0 0
GPRESSAVG: 300 0 0 0 0 0 0 0 0 0
Info: Initial time: 42 CPUs 0.000452193 s/step 0.00523371 days/ns 822.188 MB memory
ENERGY:     300      1081.4697      1669.4154      2081.6168       161.9729            -40.2681      -793.3851         0.0000      5278.7534      3009.0381          12448.6131       302.1484      9439.5749     12473.3908       299.5010

LDB: ============= START OF LOAD BALANCING ============== 2.76091
LDB: TIME 2.76108 LOAD: AVG 0.0149565 MAX 0.0273742  PROXIES: TOTAL 176 MAXPE 7 MAXPATCH 7 None MEM: 823 MB
LDB: TIME 2.76119 LOAD: AVG 0.0149565 MAX 0.0273742  PROXIES: TOTAL 176 MAXPE 7 MAXPATCH 7 RefineTorusLB MEM: 823 MB
LDB: TIME 2.7613 LOAD: AVG 0.0149565 MAX 0.0273742  PROXIES: TOTAL 176 MAXPE 7 MAXPATCH 7 RefineTorusLB MEM: 823 MB
LDB: ============== END OF LOAD BALANCING =============== 2.76149
Info: build node-aware spanning tree with send: 1, recv: 0 with branch factor 4
Info: useSync: 0 useProxySync: 0
LDB: =============== DONE WITH MIGRATION ================ 2.76211
PRESSURE: 400 0 0 0 0 0 0 0 0 0
GPRESSURE: 400 0 0 0 0 0 0 0 0 0
PRESSAVG: 400 0 0 0 0 0 0 0 0 0
GPRESSAVG: 400 0 0 0 0 0 0 0 0 0
Info: Benchmark time: 42 CPUs 0.000449049 s/step 0.00519733 days/ns 823 MB memory
ENERGY:     400      1079.3374      1691.1733      2082.5251       174.6892            -40.8972      -791.2502         0.0000      5275.9717      2959.0794          12430.6288       297.1319      9471.5494     12455.9990       299.8349

PRESSURE: 500 0 0 0 0 0 0 0 0 0
GPRESSURE: 500 0 0 0 0 0 0 0 0 0
PRESSAVG: 500 0 0 0 0 0 0 0 0 0
GPRESSAVG: 500 0 0 0 0 0 0 0 0 0
Info: Benchmark time: 42 CPUs 0.000449579 s/step 0.00520346 days/ns 823.688 MB memory
ENERGY:     500      1090.0445      1685.5797      2077.6668       150.7216            -40.4695      -780.6488         0.0000      5279.4552      2975.6318          12437.9812       298.7940      9462.3494     12466.0750       298.8960

PRESSURE: 600 0 0 0 0 0 0 0 0 0
GPRESSURE: 600 0 0 0 0 0 0 0 0 0
PRESSAVG: 600 0 0 0 0 0 0 0 0 0
GPRESSAVG: 600 0 0 0 0 0 0 0 0 0
Info: Benchmark time: 42 CPUs 0.000449392 s/step 0.0052013 days/ns 823.688 MB memory
ENERGY:     600      1107.3133      1687.1841      2084.3904       155.1142            -40.2163      -820.1271         0.0000      5283.6875      3029.2821          12486.6282       304.1812      9457.3461     12512.7768       300.8287

PRESSURE: 700 0 0 0 0 0 0 0 0 0
GPRESSURE: 700 0 0 0 0 0 0 0 0 0
PRESSAVG: 700 0 0 0 0 0 0 0 0 0
GPRESSAVG: 700 0 0 0 0 0 0 0 0 0
Info: Benchmark time: 42 CPUs 0.000449617 s/step 0.00520391 days/ns 827.562 MB memory
ENERGY:     700      1079.9398      1744.5762      2074.2562       152.5751            -39.9902      -812.1878         0.0000      5274.2235      2994.3281          12467.7207       300.6713      9473.3926     12491.7772       300.6585

PRESSURE: 800 0 0 0 0 0 0 0 0 0
GPRESSURE: 800 0 0 0 0 0 0 0 0 0
PRESSAVG: 800 0 0 0 0 0 0 0 0 0
GPRESSAVG: 800 0 0 0 0 0 0 0 0 0
Info: Benchmark time: 42 CPUs 0.000448311 s/step 0.00518878 days/ns 827.562 MB memory
ENERGY:     800      1148.5910      1741.7645      2073.0684       156.1816            -40.0261      -869.5937         0.0000      5287.0704      2952.1231          12449.1792       296.4334      9497.0561     12472.9369       300.9563

PRESSURE: 900 0 0 0 0 0 0 0 0 0
GPRESSURE: 900 0 0 0 0 0 0 0 0 0
PRESSAVG: 900 0 0 0 0 0 0 0 0 0
GPRESSAVG: 900 0 0 0 0 0 0 0 0 0
Info: Benchmark time: 42 CPUs 0.000450445 s/step 0.00521348 days/ns 827.562 MB memory
ENERGY:     900      1107.3491      1686.4375      2061.1167       150.0602            -40.2702      -808.6298         0.0000      5298.0285      2999.7874          12453.8793       301.2195      9454.0918     12478.0398       300.7882

PRESSURE: 1000 0 0 0 0 0 0 0 0 0
GPRESSURE: 1000 0 0 0 0 0 0 0 0 0
PRESSAVG: 1000 0 0 0 0 0 0 0 0 0
GPRESSAVG: 1000 0 0 0 0 0 0 0 0 0
TIMING: 1000  CPU: 0.474632, 0.000458655/step  Wall: 0.475663, 0.000457803/step, 0.00050867 hours remaining, 827.562500 MB of memory in use.
ETITLE:      TS           BOND          ANGLE          DIHED          IMPRP               ELECT            VDW       BOUNDARY           MISC        KINETIC               TOTAL           TEMP      POTENTIAL         TOTAL3        TEMPAVG

ENERGY:    1000      1078.5385      1716.0469      2075.7255       144.6534            -41.0130      -828.2155         0.0000      5297.8850      3041.0683          12484.6890       305.3647      9443.6207     12506.1160       301.3928

WRITING EXTENDED SYSTEM TO RESTART FILE AT STEP 1000
WRITING VELOCITIES TO RESTART FILE AT STEP 1000
FINISHED WRITING RESTART VELOCITIES
The last velocity output (seq=1000) takes 0.002 seconds, 827.688 MB of memory in use
OPENING COORDINATE DCD FILE
WRITING COORDINATES TO DCD FILE adk-step1.dcd AT STEP 1000
WRITING COORDINATES TO RESTART FILE AT STEP 1000
FINISHED WRITING RESTART COORDINATES
The last position output (seq=1000) takes 0.004 seconds, 827.688 MB of memory in use
PRESSURE: 1100 0 0 0 0 0 0 0 0 0
GPRESSURE: 1100 0 0 0 0 0 0 0 0 0
PRESSAVG: 1100 0 0 0 0 0 0 0 0 0
GPRESSAVG: 1100 0 0 0 0 0 0 0 0 0
ENERGY:    1100      1159.4636      1696.3053      2097.6099       155.5169            -41.5934      -834.4149         0.0000      5308.8740      2947.7840          12489.5453       295.9977      9541.7613     12515.5440       301.8226

PRESSURE: 1200 0 0 0 0 0 0 0 0 0
GPRESSURE: 1200 0 0 0 0 0 0 0 0 0
PRESSAVG: 1200 0 0 0 0 0 0 0 0 0
GPRESSAVG: 1200 0 0 0 0 0 0 0 0 0
ENERGY:    1200      1093.2385      1655.9571      2075.2602       156.5490            -41.6777      -852.0037         0.0000      5295.5197      2996.5760          12379.4193       300.8971      9382.8433     12405.0752       298.6948

PRESSURE: 1300 0 0 0 0 0 0 0 0 0
GPRESSURE: 1300 0 0 0 0 0 0 0 0 0
PRESSAVG: 1300 0 0 0 0 0 0 0 0 0
GPRESSAVG: 1300 0 0 0 0 0 0 0 0 0
ENERGY:    1300      1074.8501      1716.0165      2088.0650       147.8534            -40.6178      -853.7915         0.0000      5290.8436      2973.4390          12396.6583       298.5738      9423.2193     12422.1766       297.3266

PRESSURE: 1400 0 0 0 0 0 0 0 0 0
GPRESSURE: 1400 0 0 0 0 0 0 0 0 0
PRESSAVG: 1400 0 0 0 0 0 0 0 0 0
GPRESSAVG: 1400 0 0 0 0 0 0 0 0 0
ENERGY:    1400      1123.7495      1630.2768      2076.1201       154.4402            -41.6363      -835.7222         0.0000      5296.5482      3007.0582          12410.8345       301.9496      9403.7763     12433.3311       297.5992

PRESSURE: 1500 0 0 0 0 0 0 0 0 0
GPRESSURE: 1500 0 0 0 0 0 0 0 0 0
PRESSAVG: 1500 0 0 0 0 0 0 0 0 0
GPRESSAVG: 1500 0 0 0 0 0 0 0 0 0
ENERGY:    1500      1166.8395      1647.1541      2101.0932       146.3994            -41.7216      -851.9813         0.0000      5301.1120      2893.9692          12362.8645       290.5939      9468.8954     12386.7801       295.2531

PRESSURE: 1600 0 0 0 0 0 0 0 0 0
GPRESSURE: 1600 0 0 0 0 0 0 0 0 0
PRESSAVG: 1600 0 0 0 0 0 0 0 0 0
GPRESSAVG: 1600 0 0 0 0 0 0 0 0 0
ENERGY:    1600      1161.6238      1657.3790      2087.6433       152.5121            -40.4322      -861.1034         0.0000      5293.6338      2915.6003          12366.8567       292.7660      9451.2564     12393.6554       295.4343

PRESSURE: 1700 0 0 0 0 0 0 0 0 0
GPRESSURE: 1700 0 0 0 0 0 0 0 0 0
PRESSAVG: 1700 0 0 0 0 0 0 0 0 0
GPRESSAVG: 1700 0 0 0 0 0 0 0 0 0
ENERGY:    1700      1109.2660      1665.6856      2084.1293       151.1757            -40.2085      -815.6646         0.0000      5289.5642      2881.3323          12325.2800       289.3250      9443.9477     12346.3682       293.8646

PRESSURE: 1800 0 0 0 0 0 0 0 0 0
GPRESSURE: 1800 0 0 0 0 0 0 0 0 0
PRESSAVG: 1800 0 0 0 0 0 0 0 0 0
GPRESSAVG: 1800 0 0 0 0 0 0 0 0 0
ENERGY:    1800      1102.7430      1658.8487      2082.6987       164.6511            -40.1026      -833.7748         0.0000      5280.1574      2890.0798          12305.3012       290.2034      9415.2214     12329.4356       294.2195

PRESSURE: 1900 0 0 0 0 0 0 0 0 0
GPRESSURE: 1900 0 0 0 0 0 0 0 0 0
PRESSAVG: 1900 0 0 0 0 0 0 0 0 0
GPRESSAVG: 1900 0 0 0 0 0 0 0 0 0
ENERGY:    1900      1115.2828      1661.2502      2065.1693       155.4654            -41.2812      -823.7149         0.0000      5280.1155      2927.6262          12339.9132       293.9736      9412.2870     12363.8563       294.9077

PRESSURE: 2000 0 0 0 0 0 0 0 0 0
GPRESSURE: 2000 0 0 0 0 0 0 0 0 0
PRESSAVG: 2000 0 0 0 0 0 0 0 0 0
GPRESSAVG: 2000 0 0 0 0 0 0 0 0 0
TIMING: 2000  CPU: 0.925509, 0.000450877/step  Wall: 0.932976, 0.000457314/step, 0.000381095 hours remaining, 827.750000 MB of memory in use.
ETITLE:      TS           BOND          ANGLE          DIHED          IMPRP               ELECT            VDW       BOUNDARY           MISC        KINETIC               TOTAL           TEMP      POTENTIAL         TOTAL3        TEMPAVG

ENERGY:    2000      1039.4336      1718.1949      2061.0724       177.5318            -41.0678      -822.8023         0.0000      5284.0611      2941.1821          12357.6058       295.3348      9416.4237     12382.6104       295.4759

WRITING EXTENDED SYSTEM TO RESTART FILE AT STEP 2000
WRITING COORDINATES TO DCD FILE adk-step1.dcd AT STEP 2000
WRITING COORDINATES TO RESTART FILE AT STEP 2000
FINISHED WRITING RESTART COORDINATES
The last position output (seq=2000) takes 0.002 seconds, 827.750 MB of memory in use
WRITING VELOCITIES TO RESTART FILE AT STEP 2000
FINISHED WRITING RESTART VELOCITIES
The last velocity output (seq=2000) takes 0.002 seconds, 827.750 MB of memory in use
PRESSURE: 2100 0 0 0 0 0 0 0 0 0
GPRESSURE: 2100 0 0 0 0 0 0 0 0 0
PRESSAVG: 2100 0 0 0 0 0 0 0 0 0
GPRESSAVG: 2100 0 0 0 0 0 0 0 0 0
ENERGY:    2100      1094.8950      1664.0882      2067.6639       147.8526            -41.3861      -837.5521         0.0000      5281.3783      2937.9610          12314.9007       295.0113      9376.9396     12339.2455       295.5275

PRESSURE: 2200 0 0 0 0 0 0 0 0 0
GPRESSURE: 2200 0 0 0 0 0 0 0 0 0
PRESSAVG: 2200 0 0 0 0 0 0 0 0 0
GPRESSAVG: 2200 0 0 0 0 0 0 0 0 0
ENERGY:    2200      1065.1286      1707.0825      2095.5448       139.8511            -40.7959      -827.9361         0.0000      5271.6632      2952.9225          12363.4607       296.5137      9410.5383     12388.6501       295.1013

PRESSURE: 2300 0 0 0 0 0 0 0 0 0
GPRESSURE: 2300 0 0 0 0 0 0 0 0 0
PRESSAVG: 2300 0 0 0 0 0 0 0 0 0
GPRESSAVG: 2300 0 0 0 0 0 0 0 0 0
ENERGY:    2300      1059.5585      1674.3019      2106.7429       154.4012            -41.8543      -830.6494         0.0000      5268.1697      2925.6409          12316.3114       293.7742      9390.6705     12343.2040       295.9222

PRESSURE: 2400 0 0 0 0 0 0 0 0 0
GPRESSURE: 2400 0 0 0 0 0 0 0 0 0
PRESSAVG: 2400 0 0 0 0 0 0 0 0 0
GPRESSAVG: 2400 0 0 0 0 0 0 0 0 0
ENERGY:    2400      1134.2276      1648.7849      2063.8814       150.1911            -41.1924      -831.7996         0.0000      5275.9843      2933.4613          12333.5386       294.5595      9400.0773     12353.5169       294.4020

PRESSURE: 2500 0 0 0 0 0 0 0 0 0
GPRESSURE: 2500 0 0 0 0 0 0 0 0 0
PRESSAVG: 2500 0 0 0 0 0 0 0 0 0
GPRESSAVG: 2500 0 0 0 0 0 0 0 0 0
ENERGY:    2500      1109.6671      1652.4553      2065.3909       147.6456            -40.2748      -809.0534         0.0000      5282.9793      2999.0666          12407.8766       301.1472      9408.8099     12430.1586       297.6713

PRESSURE: 2600 0 0 0 0 0 0 0 0 0
GPRESSURE: 2600 0 0 0 0 0 0 0 0 0
PRESSAVG: 2600 0 0 0 0 0 0 0 0 0
GPRESSAVG: 2600 0 0 0 0 0 0 0 0 0
ENERGY:    2600      1127.6205      1675.1703      2074.4574       148.2687            -40.3267      -826.8313         0.0000      5279.5036      2986.4441          12424.3067       299.8797      9437.8626     12449.2974       298.3943

PRESSURE: 2700 0 0 0 0 0 0 0 0 0
GPRESSURE: 2700 0 0 0 0 0 0 0 0 0
PRESSAVG: 2700 0 0 0 0 0 0 0 0 0
GPRESSAVG: 2700 0 0 0 0 0 0 0 0 0
ENERGY:    2700      1091.0724      1630.6524      2092.7245       155.6889            -40.4266      -808.0081         0.0000      5279.5390      2970.8285          12372.0709       298.3117      9401.2424     12395.8095       297.5622

PRESSURE: 2800 0 0 0 0 0 0 0 0 0
GPRESSURE: 2800 0 0 0 0 0 0 0 0 0
PRESSAVG: 2800 0 0 0 0 0 0 0 0 0
GPRESSAVG: 2800 0 0 0 0 0 0 0 0 0
ENERGY:    2800      1079.7138      1728.3966      2093.9596       158.2879            -39.7990      -828.9067         0.0000      5276.0297      2921.9274          12389.6092       293.4013      9467.6819     12412.8066       296.2756

PRESSURE: 2900 0 0 0 0 0 0 0 0 0
GPRESSURE: 2900 0 0 0 0 0 0 0 0 0
PRESSAVG: 2900 0 0 0 0 0 0 0 0 0
GPRESSAVG: 2900 0 0 0 0 0 0 0 0 0
ENERGY:    2900      1093.8900      1707.1823      2091.0457       147.9703            -40.2881      -852.9598         0.0000      5267.4107      2943.3370          12357.5881       295.5511      9414.2512     12382.3353       297.0249

PRESSURE: 3000 0 0 0 0 0 0 0 0 0
GPRESSURE: 3000 0 0 0 0 0 0 0 0 0
PRESSAVG: 3000 0 0 0 0 0 0 0 0 0
GPRESSAVG: 3000 0 0 0 0 0 0 0 0 0
TIMING: 3000  CPU: 1.37473, 0.000449221/step  Wall: 1.38783, 0.00045485/step, 0.000252694 hours remaining, 827.750000 MB of memory in use.
ETITLE:      TS           BOND          ANGLE          DIHED          IMPRP               ELECT            VDW       BOUNDARY           MISC        KINETIC               TOTAL           TEMP      POTENTIAL         TOTAL3        TEMPAVG

ENERGY:    3000      1062.1162      1668.3196      2091.5543       154.3810            -41.0456      -819.2870         0.0000      5273.8539      2993.3166          12383.2090       300.5698      9389.8924     12408.6367       296.2036

WRITING EXTENDED SYSTEM TO RESTART FILE AT STEP 3000
WRITING COORDINATES TO DCD FILE adk-step1.dcd AT STEP 3000
WRITING COORDINATES TO RESTART FILE AT STEP 3000
FINISHED WRITING RESTART COORDINATES
The last position output (seq=3000) takes 0.002 seconds, 827.812 MB of memory in use
WRITING VELOCITIES TO RESTART FILE AT STEP 3000
FINISHED WRITING RESTART VELOCITIES
The last velocity output (seq=3000) takes 0.002 seconds, 827.812 MB of memory in use
PRESSURE: 3100 0 0 0 0 0 0 0 0 0
GPRESSURE: 3100 0 0 0 0 0 0 0 0 0
PRESSAVG: 3100 0 0 0 0 0 0 0 0 0
GPRESSAVG: 3100 0 0 0 0 0 0 0 0 0
ENERGY:    3100      1071.0428      1661.4095      2080.5041       157.0850            -40.6813      -793.0526         0.0000      5282.0554      2959.0377          12377.4007       297.1277      9418.3630     12400.8279       295.8467

PRESSURE: 3200 0 0 0 0 0 0 0 0 0
GPRESSURE: 3200 0 0 0 0 0 0 0 0 0
PRESSAVG: 3200 0 0 0 0 0 0 0 0 0
GPRESSAVG: 3200 0 0 0 0 0 0 0 0 0
ENERGY:    3200      1066.7763      1656.4125      2094.9055       143.0160            -39.4757      -807.8906         0.0000      5277.2913      2991.0073          12382.0426       300.3379      9391.0353     12408.0553       297.9830

PRESSURE: 3300 0 0 0 0 0 0 0 0 0
GPRESSURE: 3300 0 0 0 0 0 0 0 0 0
PRESSAVG: 3300 0 0 0 0 0 0 0 0 0
GPRESSAVG: 3300 0 0 0 0 0 0 0 0 0
ENERGY:    3300      1054.3416      1681.0270      2094.3423       156.5472            -39.7215      -804.8000         0.0000      5273.6570      2919.9300          12335.3235       293.2008      9415.3935     12360.3317       296.4770

PRESSURE: 3400 0 0 0 0 0 0 0 0 0
GPRESSURE: 3400 0 0 0 0 0 0 0 0 0
PRESSAVG: 3400 0 0 0 0 0 0 0 0 0
GPRESSAVG: 3400 0 0 0 0 0 0 0 0 0
ENERGY:    3400      1118.4952      1644.1362      2085.5493       154.5837            -39.3398      -810.5709         0.0000      5261.8000      2976.5930          12391.2468       298.8905      9414.6537     12416.7580       293.8365

PRESSURE: 3500 0 0 0 0 0 0 0 0 0
GPRESSURE: 3500 0 0 0 0 0 0 0 0 0
PRESSAVG: 3500 0 0 0 0 0 0 0 0 0
GPRESSAVG: 3500 0 0 0 0 0 0 0 0 0
ENERGY:    3500      1087.5570      1664.7439      2072.1281       151.5640            -39.5913      -820.8189         0.0000      5263.8827      3011.3511          12390.8165       302.3807      9379.4654     12412.3113       297.8527

PRESSURE: 3600 0 0 0 0 0 0 0 0 0
GPRESSURE: 3600 0 0 0 0 0 0 0 0 0
PRESSAVG: 3600 0 0 0 0 0 0 0 0 0
GPRESSAVG: 3600 0 0 0 0 0 0 0 0 0
ENERGY:    3600      1098.5518      1712.9520      2079.4690       153.3818            -39.3440      -812.7244         0.0000      5264.9673      2970.0001          12427.2537       298.2285      9457.2536     12451.4546       298.8900

PRESSURE: 3700 0 0 0 0 0 0 0 0 0
GPRESSURE: 3700 0 0 0 0 0 0 0 0 0
PRESSAVG: 3700 0 0 0 0 0 0 0 0 0
GPRESSAVG: 3700 0 0 0 0 0 0 0 0 0
ENERGY:    3700      1110.1672      1659.9342      2049.1981       151.5870            -40.4577      -795.8196         0.0000      5267.7882      3026.7670          12429.1644       303.9286      9402.3975     12454.0325       299.5005

PRESSURE: 3800 0 0 0 0 0 0 0 0 0
GPRESSURE: 3800 0 0 0 0 0 0 0 0 0
PRESSAVG: 3800 0 0 0 0 0 0 0 0 0
GPRESSAVG: 3800 0 0 0 0 0 0 0 0 0
ENERGY:    3800      1115.8096      1744.9018      2091.3405       154.5178            -41.2161      -785.6233         0.0000      5267.2778      2973.9027          12520.9109       298.6204      9547.0081     12547.7035       299.5996

PRESSURE: 3900 0 0 0 0 0 0 0 0 0
GPRESSURE: 3900 0 0 0 0 0 0 0 0 0
PRESSAVG: 3900 0 0 0 0 0 0 0 0 0
GPRESSAVG: 3900 0 0 0 0 0 0 0 0 0
ENERGY:    3900      1110.7271      1708.1211      2089.5178       149.6902            -41.4834      -796.7356         0.0000      5264.9774      2979.7157          12464.5303       299.2041      9484.8146     12485.4750       302.1223

PRESSURE: 4000 0 0 0 0 0 0 0 0 0
GPRESSURE: 4000 0 0 0 0 0 0 0 0 0
PRESSAVG: 4000 0 0 0 0 0 0 0 0 0
GPRESSAVG: 4000 0 0 0 0 0 0 0 0 0
TIMING: 4000  CPU: 1.83616, 0.000461426/step  Wall: 1.85235, 0.000464527/step, 0.000129035 hours remaining, 827.812500 MB of memory in use.
ETITLE:      TS           BOND          ANGLE          DIHED          IMPRP               ELECT            VDW       BOUNDARY           MISC        KINETIC               TOTAL           TEMP      POTENTIAL         TOTAL3        TEMPAVG

ENERGY:    4000      1128.2469      1684.3375      2018.6036       144.4051            -40.4798      -817.2957         0.0000      5280.9315      3026.3906          12425.1397       303.8909      9398.7491     12447.6461       299.7583

WRITING EXTENDED SYSTEM TO RESTART FILE AT STEP 4000
WRITING COORDINATES TO DCD FILE adk-step1.dcd AT STEP 4000
WRITING COORDINATES TO RESTART FILE AT STEP 4000
FINISHED WRITING RESTART COORDINATES
The last position output (seq=4000) takes 0.002 seconds, 827.812 MB of memory in use
WRITING VELOCITIES TO RESTART FILE AT STEP 4000
FINISHED WRITING RESTART VELOCITIES
The last velocity output (seq=4000) takes 0.002 seconds, 827.812 MB of memory in use
PRESSURE: 4100 0 0 0 0 0 0 0 0 0
GPRESSURE: 4100 0 0 0 0 0 0 0 0 0
PRESSAVG: 4100 0 0 0 0 0 0 0 0 0
GPRESSAVG: 4100 0 0 0 0 0 0 0 0 0
ENERGY:    4100      1076.2533      1695.0760      2090.6001       142.2839            -39.4659      -812.1390         0.0000      5283.4588      2921.3805          12357.4478       293.3464      9436.0672     12382.9405       298.3859

PRESSURE: 4200 0 0 0 0 0 0 0 0 0
GPRESSURE: 4200 0 0 0 0 0 0 0 0 0
PRESSAVG: 4200 0 0 0 0 0 0 0 0 0
GPRESSAVG: 4200 0 0 0 0 0 0 0 0 0
ENERGY:    4200      1113.7661      1672.2038      2062.0792       159.9524            -40.9861      -812.9103         0.0000      5273.0055      2951.3506          12378.4612       296.3558      9427.1106     12401.4697       296.1912

LDB: ============= START OF LOAD BALANCING ============== 4.55094
LDB: ============== END OF LOAD BALANCING =============== 4.55099
Info: useSync: 0 useProxySync: 0
LDB: =============== DONE WITH MIGRATION ================ 4.55109
PRESSURE: 4300 0 0 0 0 0 0 0 0 0
GPRESSURE: 4300 0 0 0 0 0 0 0 0 0
PRESSAVG: 4300 0 0 0 0 0 0 0 0 0
GPRESSAVG: 4300 0 0 0 0 0 0 0 0 0
ENERGY:    4300      1091.3648      1647.4940      2054.1170       149.0868            -40.7956      -776.7260         0.0000      5277.6732      2928.6292          12330.8434       294.0743      9402.2142     12354.8096       295.0860

LDB: ============= START OF LOAD BALANCING ============== 4.59669
LDB: TIME 4.59693 LOAD: AVG 0.0147714 MAX 0.0272566  PROXIES: TOTAL 176 MAXPE 7 MAXPATCH 7 None MEM: 827.812 MB
LDB: TIME 4.59707 LOAD: AVG 0.0147714 MAX 0.0272567  PROXIES: TOTAL 176 MAXPE 7 MAXPATCH 7 RefineTorusLB MEM: 827.938 MB
LDB: TIME 4.5972 LOAD: AVG 0.0147714 MAX 0.0272567  PROXIES: TOTAL 176 MAXPE 7 MAXPATCH 7 RefineTorusLB MEM: 827.938 MB
LDB: Reverting to original mapping
LDB: ============== END OF LOAD BALANCING =============== 4.59743
Info: build node-aware spanning tree with send: 1, recv: 0 with branch factor 4
Info: useSync: 0 useProxySync: 0
LDB: =============== DONE WITH MIGRATION ================ 4.59811
PRESSURE: 4400 0 0 0 0 0 0 0 0 0
GPRESSURE: 4400 0 0 0 0 0 0 0 0 0
PRESSAVG: 4400 0 0 0 0 0 0 0 0 0
GPRESSAVG: 4400 0 0 0 0 0 0 0 0 0
ENERGY:    4400      1103.6864      1654.8725      2088.2863       154.5953            -40.3158      -816.9444         0.0000      5279.4647      2885.5213          12309.1663       289.7457      9423.6450     12331.3216       292.5795

PRESSURE: 4500 0 0 0 0 0 0 0 0 0
GPRESSURE: 4500 0 0 0 0 0 0 0 0 0
PRESSAVG: 4500 0 0 0 0 0 0 0 0 0
GPRESSAVG: 4500 0 0 0 0 0 0 0 0 0
ENERGY:    4500      1072.2249      1669.9869      2073.5624       150.1167            -39.8551      -837.0037         0.0000      5264.4783      2944.7505          12298.2609       295.6931      9353.5104     12323.3561       291.7436

PRESSURE: 4600 0 0 0 0 0 0 0 0 0
GPRESSURE: 4600 0 0 0 0 0 0 0 0 0
PRESSAVG: 4600 0 0 0 0 0 0 0 0 0
GPRESSAVG: 4600 0 0 0 0 0 0 0 0 0
ENERGY:    4600      1101.1863      1697.6537      2081.3209       152.5350            -39.5074      -803.8134         0.0000      5260.2263      2850.7286          12300.3300       286.2520      9449.6014     12318.8470       292.7200

PRESSURE: 4700 0 0 0 0 0 0 0 0 0
GPRESSURE: 4700 0 0 0 0 0 0 0 0 0
PRESSAVG: 4700 0 0 0 0 0 0 0 0 0
GPRESSAVG: 4700 0 0 0 0 0 0 0 0 0
ENERGY:    4700      1129.4398      1689.3053      2051.8388       152.5741            -39.6398      -808.0570         0.0000      5267.3306      2873.9994          12316.7912       288.5887      9442.7918     12340.3315       294.0426

PRESSURE: 4800 0 0 0 0 0 0 0 0 0
GPRESSURE: 4800 0 0 0 0 0 0 0 0 0
PRESSAVG: 4800 0 0 0 0 0 0 0 0 0
GPRESSAVG: 4800 0 0 0 0 0 0 0 0 0
ENERGY:    4800      1104.5558      1743.7511      2072.9431       147.2618            -40.0889      -828.8626         0.0000      5271.3251      2879.5630          12350.4484       289.1474      9470.8854     12375.4846       291.3284

PRESSURE: 4900 0 0 0 0 0 0 0 0 0
GPRESSURE: 4900 0 0 0 0 0 0 0 0 0
PRESSAVG: 4900 0 0 0 0 0 0 0 0 0
GPRESSAVG: 4900 0 0 0 0 0 0 0 0 0
ENERGY:    4900      1068.2395      1711.8196      2054.9386       144.1056            -39.4203      -799.1491         0.0000      5265.4894      2977.0699          12383.0932       298.9384      9406.0232     12406.6833       294.2209

PRESSURE: 5000 0 0 0 0 0 0 0 0 0
GPRESSURE: 5000 0 0 0 0 0 0 0 0 0
PRESSAVG: 5000 0 0 0 0 0 0 0 0 0
GPRESSAVG: 5000 0 0 0 0 0 0 0 0 0
TIMING: 5000  CPU: 2.29164, 0.000455481/step  Wall: 2.31215, 0.000459799/step, 0 hours remaining, 827.937500 MB of memory in use.
ETITLE:      TS           BOND          ANGLE          DIHED          IMPRP               ELECT            VDW       BOUNDARY           MISC        KINETIC               TOTAL           TEMP      POTENTIAL         TOTAL3        TEMPAVG

ENERGY:    5000      1157.1167      1698.6413      2085.3095       148.9848            -39.6188      -850.5083         0.0000      5266.9485      2912.6348          12379.5084       292.4682      9466.8736     12400.9365       295.3485

WRITING EXTENDED SYSTEM TO RESTART FILE AT STEP 5000
WRITING COORDINATES TO DCD FILE adk-step1.dcd AT STEP 5000
WRITING COORDINATES TO RESTART FILE AT STEP 5000
FINISHED WRITING RESTART COORDINATES
The last position output (seq=5000) takes 0.002 seconds, 828.562 MB of memory in use
WRITING VELOCITIES TO RESTART FILE AT STEP 5000
FINISHED WRITING RESTART VELOCITIES
The last velocity output (seq=5000) takes 0.002 seconds, 828.562 MB of memory in use
WRITING EXTENDED SYSTEM TO OUTPUT FILE AT STEP 5000
WRITING COORDINATES TO OUTPUT FILE AT STEP 5000
CLOSING COORDINATE DCD FILE adk-step1.dcd
The last position output (seq=-2) takes 0.004 seconds, 828.562 MB of memory in use
WRITING VELOCITIES TO OUTPUT FILE AT STEP 5000
====================================================

WallClock: 4.878988  CPUTime: 3.220432  Memory: 828.562500 MB
End of program
