0_10_cc.dat
/gpfs/alpine/bip115/scratch/hrlee/radical.pilot.sandbox/re.session.login1.hrlee.018632.0003/pilot.0000/staging_area/0_10_cc.dat
0, 10
Choosing optimized barrier algorithm name I0:HybridBinomial:SHMEM:P2P
Converse/Charm++ Commit ID: v6.10.2-0-g7bf00fa-namd-charm-6.10.2-build-2020-Aug-05-556
Warning> Randomization of virtual memory (ASLR) is turned on in the kernel, thread migration may not work! Run 'echo 0 > /proc/sys/kernel/randomize_va_space' as root to disable it, or try running with '+isomalloc_sync'.
CharmLB> Load balancer assumes all CPUs are same.
Charm++> Running on 1 hosts (1 sockets x 7 cores x 4 PUs = 28-way SMP)
Charm++> cpu topology info is gathered in 0.003 seconds.
Info: Built with CUDA version 10010
Did not find +devices i,j,k,... argument, using all
Pe 2 physical rank 2 will use CUDA device of pe 4
Pe 12 physical rank 12 will use CUDA device of pe 7
Pe 19 physical rank 19 will use CUDA device of pe 14
Pe 30 physical rank 30 will use CUDA device of pe 28
Pe 24 physical rank 24 will use CUDA device of pe 21
Pe 37 physical rank 37 will use CUDA device of pe 35
Pe 9 physical rank 9 will use CUDA device of pe 7
Pe 16 physical rank 16 will use CUDA device of pe 14
Pe 33 physical rank 33 will use CUDA device of pe 28
Pe 23 physical rank 23 will use CUDA device of pe 21
Pe 38 physical rank 38 will use CUDA device of pe 35
Pe 6 physical rank 6 will use CUDA device of pe 4
Pe 10 physical rank 10 will use CUDA device of pe 7
Pe 17 physical rank 17 will use CUDA device of pe 14
Pe 34 physical rank 34 will use CUDA device of pe 28
Pe 25 physical rank 25 will use CUDA device of pe 21
Pe 40 physical rank 40 will use CUDA device of pe 35
Pe 3 physical rank 3 will use CUDA device of pe 4
Pe 13 physical rank 13 will use CUDA device of pe 7
Pe 18 physical rank 18 will use CUDA device of pe 14
Pe 32 physical rank 32 will use CUDA device of pe 28
Pe 27 physical rank 27 will use CUDA device of pe 21
Pe 41 physical rank 41 will use CUDA device of pe 35
Pe 5 physical rank 5 will use CUDA device of pe 4
Pe 11 physical rank 11 will use CUDA device of pe 7
Pe 20 physical rank 20 will use CUDA device of pe 14
Pe 31 physical rank 31 will use CUDA device of pe 28
Pe 26 physical rank 26 will use CUDA device of pe 21
Pe 39 physical rank 39 will use CUDA device of pe 35
Pe 1 physical rank 1 will use CUDA device of pe 4
Pe 8 physical rank 8 will use CUDA device of pe 7
Pe 15 physical rank 15 will use CUDA device of pe 14
Pe 29 physical rank 29 will use CUDA device of pe 28
Pe 22 physical rank 22 will use CUDA device of pe 21
Pe 36 physical rank 36 will use CUDA device of pe 35
Pe 0 physical rank 0 will use CUDA device of pe 4
Pe 4 physical rank 4 binding to CUDA device 0 on h23n11: 'Tesla V100-SXM2-16GB'  Mem: 16128MB  Rev: 7.0  PCI: 4:4:0
Pe 7 physical rank 7 binding to CUDA device 0 on h23n11: 'Tesla V100-SXM2-16GB'  Mem: 16128MB  Rev: 7.0  PCI: 4:5:0
Pe 14 physical rank 14 binding to CUDA device 0 on h23n11: 'Tesla V100-SXM2-16GB'  Mem: 16128MB  Rev: 7.0  PCI: 4:6:0
Pe 28 physical rank 28 binding to CUDA device 0 on h23n11: 'Tesla V100-SXM2-16GB'  Mem: 16128MB  Rev: 7.0  PCI: 35:4:0
Pe 21 physical rank 21 binding to CUDA device 0 on h23n11: 'Tesla V100-SXM2-16GB'  Mem: 16128MB  Rev: 7.0  PCI: 35:3:0
Pe 35 physical rank 35 binding to CUDA device 0 on h23n11: 'Tesla V100-SXM2-16GB'  Mem: 16128MB  Rev: 7.0  PCI: 35:5:0
Info: NAMD 2.14 for Linux-POWER-pami-smp-Summit-CUDA
Info: 
Info: Please visit http://www.ks.uiuc.edu/Research/namd/
Info: for updates, documentation, and support information.
Info: 
Info: Please cite Phillips et al., J. Chem. Phys. 153:044130 (2020) doi:10.1063/5.0014475
Info: in all publications reporting results obtained with NAMD.
Info: 
Info: Based on Charm++/Converse 61002 for pami-linux-ppc64le-smp
Info: Built Wed Aug 5 14:28:51 EDT 2020 by jimp on login2
Info: 1 NAMD  2.14  Linux-POWER-pami-smp-Summit-CUDA  42    h23n11  hrlee
Info: Running on 42 processors, 6 nodes, 1 physical nodes.
Info: CPU topology information available.
Info: Charm++/Converse parallel runtime startup completed at 1.34739 s
CkLoopLib is used in SMP with simple dynamic scheduling (converse-level notification)
Info: 791.75 MB of memory in use based on /proc/self/stat
Info: Configuration file is adk-step1.namd
Info: Working in the current directory /gpfs/alpine/bip115/scratch/hrlee/radical.pilot.sandbox/re.session.login1.hrlee.018632.0003/pilot.0000/unit.000730
TCL: Suspending until startup complete.
Info: SIMULATION PARAMETERS:
Info: TIMESTEP               1
Info: NUMBER OF STEPS        0
Info: STEPS PER CYCLE        20
Info: LOAD BALANCER  Centralized
Info: LOAD BALANCING STRATEGY  New Load Balancers -- DEFAULT
Info: LDB PERIOD             4000 steps
Info: FIRST LDB TIMESTEP     100
Info: LAST LDB TIMESTEP     -1
Info: LDB BACKGROUND SCALING 1
Info: HOM BACKGROUND SCALING 1
Info: MIN ATOMS PER PATCH    40
Info: VELOCITY FILE          0_10_adk-step1.restart.vel
Info: CENTER OF MASS MOVING INITIALLY? NO
Info: DIELECTRIC             80
Info: EXCLUDE                SCALED ONE-FOUR
Info: 1-4 ELECTROSTATICS SCALED BY 1
Info: MODIFIED 1-4 VDW PARAMETERS WILL BE USED
Info: DCD FILENAME           adk-step1.dcd
Info: DCD FREQUENCY          1000
Info: DCD FIRST STEP         1000
Info: NO EXTENDED SYSTEM TRAJECTORY OUTPUT
Info: NO VELOCITY DCD OUTPUT
Info: NO FORCE DCD OUTPUT
Info: OUTPUT FILENAME        adk-step1
Info: BINARY OUTPUT FILES WILL BE USED
Info: RESTART FILENAME       adk-step1.restart
Info: RESTART FREQUENCY      1000
Info: BINARY RESTART FILES WILL BE USED
Info: SWITCHING ACTIVE
Info: SWITCHING ON           9
Info: SWITCHING OFF          10
Info: PAIRLIST DISTANCE      11
Info: PAIRLIST SHRINK RATE   0.01
Info: PAIRLIST GROW RATE     0.01
Info: PAIRLIST TRIGGER       0.3
Info: PAIRLISTS PER CYCLE    2
Info: PAIRLISTS ENABLED
Info: MARGIN                 0
Info: HYDROGEN GROUP CUTOFF  2.5
Info: PATCH DIMENSION        13.5
Info: ENERGY OUTPUT STEPS    100
Info: CROSSTERM ENERGY INCLUDED IN DIHEDRAL
Info: TIMING OUTPUT STEPS    1000
Info: PRESSURE OUTPUT STEPS  100
Info: GRID FORCE ACTIVE
Info:  Please include this reference in published work using
Info:  the Gridforce module of NAMD: David Wells, Volha Abramkina,
Info:  and Aleksei Aksimentiev, J. Chem. Phys. 127:125101-10 (2007).
Info: MGRIDFORCE key 0
Info:            Potfile 4ake-target_autopsf-grid.dx
Info:            Scale 0.3 0.3 0.3
Info:            File 1ake-docked-noh_autopsf-grid.pdb
Info:            Col O
Info:            ChargeCol B
Info:            VOffset 0 0 0
Info:            Continuous K1 FALSE
Info:            Continuous K2 FALSE
Info:            Continuous K3 FALSE
Info:            Volts FALSE
Info:            Gridforce-Lite FALSE
Info:            Gridforce-CheckSize TRUE
Info: LANGEVIN DYNAMICS ACTIVE
Info: LANGEVIN TEMPERATURE   300
Info: LANGEVIN USING BBK INTEGRATOR
Info: LANGEVIN DAMPING COEFFICIENT IS 5 INVERSE PS
Info: LANGEVIN DYNAMICS NOT APPLIED TO HYDROGENS
Info: USING VERLET I (r-RESPA) MTS SCHEME.
Info: C1 SPLITTING OF LONG RANGE ELECTROSTATICS
Info: PLACING ATOMS IN PATCHES BY HYDROGEN GROUPS
Info: RIGID BONDS TO HYDROGEN : WATER
Info:         ERROR TOLERANCE : 1e-08
Info:          MAX ITERATIONS : 100
Info: RIGID WATER USING SETTLE ALGORITHM
Info: NONBONDED FORCES EVALUATED EVERY 2 STEPS
Info: RANDOM NUMBER SEED     1609822312
Info: USE HYDROGEN BONDS?    NO
Info: COORDINATE PDB         1ake-docked-noh_autopsf.pdb
Info: STRUCTURE FILE         1ake-docked-noh_autopsf.psf
Info: PARAMETER file: CHARMM format! 
Info: PARAMETERS             par_all36_prot.prm
Info: USING ARITHMETIC MEAN TO COMBINE L-J SIGMA PARAMETERS
Info: BINARY COORDINATES     0_10_adk-step1.restart.coor
Info: SUMMARY OF PARAMETERS:
Info: 132 BONDS
Info: 362 ANGLES
Info: 702 DIHEDRAL
Info: 35 IMPROPER
Info: 6 CROSSTERM
Info: 53 VDW
Info: 0 VDW_PAIRS
Info: 0 NBTHOLE_PAIRS
Info: TIME FOR READING PSF FILE: 0.362929
Info: READING EXTRA BONDS FILE 1ake-extrabonds.txt
Info: READING EXTRA BONDS FILE 1ake-extrabonds-cispeptide.txt
Info: READING EXTRA BONDS FILE 1ake-extrabonds-chirality.txt
Info: READ 80 EXTRA BONDS
Info: READ 80 EXTRA ANGLES
Warning: EXTRA ANGLES ARE COSINE-BASED BY DEFAULT TO MATCH PREVIOUS VERSIONS
Warning: FOR NORMAL HARMONIC EXTRA ANGLES SET extraBondsCosAngles off
Info: READ 493 EXTRA DIHEDRALS
Info: READ 438 EXTRA IMPROPERS
Info: Reading pdb file 1ake-docked-noh_autopsf.pdb
Info: TIME FOR READING PDB FILE: 0.0739259
Info: 
Info: ****************************
Info: STRUCTURE SUMMARY:
Info: 3341 ATOMS
Info: 3445 BONDS
Info: 6203 ANGLES
Info: 9414 DIHEDRALS
Info: 1005 IMPROPERS
Info: 212 CROSSTERMS
Info: 0 EXCLUSIONS
Info: 0 RIGID BONDS
Info: 1 GRIDS ACTIVE
Info: 10023 DEGREES OF FREEDOM
Info: 1656 HYDROGEN GROUPS
Info: 4 ATOMS IN LARGEST HYDROGEN GROUP
Info: 1656 MIGRATION GROUPS
Info: 4 ATOMS IN LARGEST MIGRATION GROUP
Info: TOTAL MASS = 23582 amu
Info: TOTAL CHARGE = -4 e
Info: *****************************
Info: Reading from binary file 0_10_adk-step1.restart.coor
Info: 
Info: Entering startup at 2.32027 s, 798.875 MB of memory in use
Info: Startup phase 0 took 0.000258541 s, 799 MB of memory in use
Info: ADDED 18308 IMPLICIT EXCLUSIONS
Info: Startup phase 1 took 0.0103377 s, 799.125 MB of memory in use
Info: NONBONDED TABLE R-SQUARED SPACING: 0.0625
Info: NONBONDED TABLE SIZE: 705 POINTS
Info: ABSOLUTE IMPRECISION IN FAST TABLE ENERGY: 3.38813e-21 AT 9.89634
Info: RELATIVE IMPRECISION IN FAST TABLE ENERGY: 4.23384e-15 AT 9.94673
Info: ABSOLUTE IMPRECISION IN FAST TABLE FORCE: 6.35275e-22 AT 9.94673
Info: RELATIVE IMPRECISION IN FAST TABLE FORCE: 5.07982e-16 AT 9.94673
Info: INCONSISTENCY IN FAST TABLE ENERGY VS FORCE: 0.000290185 AT 0.251946
Info: ABSOLUTE IMPRECISION IN VDWA TABLE ENERGY: 1.57772e-30 AT 9.89634
Info: RELATIVE IMPRECISION IN VDWA TABLE ENERGY: 4.54938e-15 AT 9.94673
Info: ABSOLUTE IMPRECISION IN VDWA TABLE FORCE: 5.91646e-31 AT 9.94673
Info: RELATIVE IMPRECISION IN VDWA TABLE FORCE: 5.6823e-16 AT 9.94673
Info: INCONSISTENCY IN VDWA TABLE ENERGY VS FORCE: 0.0040507 AT 0.251946
Info: ABSOLUTE IMPRECISION IN VDWB TABLE ENERGY: 4.71751e-25 AT 9.94673
Info: RELATIVE IMPRECISION IN VDWB TABLE ENERGY: 1.45371e-14 AT 9.94673
Info: ABSOLUTE IMPRECISION IN VDWB TABLE FORCE: 6.20385e-25 AT 9.94673
Info: RELATIVE IMPRECISION IN VDWB TABLE FORCE: 5.97512e-16 AT 9.94673
Info: INCONSISTENCY IN VDWB TABLE ENERGY VS FORCE: 0.00377068 AT 9.07951
Info: Startup phase 2 took 0.000788861 s, 800.25 MB of memory in use
Info: Startup phase 3 took 0.000227743 s, 800.25 MB of memory in use
Info: Startup phase 4 took 0.000313583 s, 800.375 MB of memory in use
Info: Startup phase 5 took 0.000207526 s, 800.438 MB of memory in use
Info: ORIGINAL ATOMS MINMAX IS -20.6638 -33.2037 -36.175  17.9575 18.9647 15.6897
Info: ADJUSTED ATOMS MINMAX IS -16.7375 -27.5813 -31.8701  11.6729 11.1063 8.19979
Info: PATCH GRID IS 5 BY 3 BY 3
Info: PATCH GRID IS 2-AWAY BY 1-AWAY BY 1-AWAY
Info: Reading from binary file 0_10_adk-step1.restart.vel
Info: REMOVING COM VELOCITY 0.0481108 0.112514 -0.130557
Info: LARGEST PATCH (11) HAS 199 ATOMS
Info: TORUS A SIZE 1 USING 0
Info: TORUS B SIZE 1 USING 0
Info: TORUS C SIZE 1 USING 0
Info: TORUS MINIMAL MESH SIZE IS 1 BY 1 BY 1
Info: Placed 100% of base nodes on same physical node as patch
Info: Startup phase 6 took 0.00862538 s, 800.625 MB of memory in use
Info: Startup phase 7 took 0.000222802 s, 801.625 MB of memory in use
Info: Updated CUDA force table with 4096 elements.
Info: Updated CUDA LJ table with 53 x 53 elements.
Info: Updated CUDA force table with 4096 elements.
Info: Updated CUDA LJ table with 53 x 53 elements.
Info: Updated CUDA force table with 4096 elements.
Info: Updated CUDA LJ table with 53 x 53 elements.
Info: Updated CUDA force table with 4096 elements.
Info: Updated CUDA LJ table with 53 x 53 elements.
Info: Updated CUDA force table with 4096 elements.
Info: Updated CUDA LJ table with 53 x 53 elements.
Info: Updated CUDA force table with 4096 elements.
Info: Updated CUDA LJ table with 53 x 53 elements.
Info: Startup phase 8 took 0.00366391 s, 801.75 MB of memory in use
Info: Startup phase 9 took 0.000402659 s, 801.812 MB of memory in use
Info: Startup phase 10 took 0.000220726 s, 801.875 MB of memory in use
Info: Startup phase 11 took 0.00105014 s, 802.062 MB of memory in use
LDB: Central LB being created...
Info: Startup phase 12 took 0.00243708 s, 802.812 MB of memory in use
Info: CREATING 1139 COMPUTE OBJECTS
Info: Found 278 unique exclusion lists needing 900 bytes
Info: Found 278 unique exclusion lists needing 900 bytes
Info: Found 278 unique exclusion lists needing 900 bytes
Info: Found 278 unique exclusion lists needing 900 bytes
Info: Found 278 unique exclusion lists needing 900 bytes
Info: Found 278 unique exclusion lists needing 900 bytes
Info: Startup phase 13 took 0.0164754 s, 803.562 MB of memory in use
Info: Building spanning tree ... send: 1 recv: 0 with branch factor 4
Info: useSync: 0 useProxySync: 0
Info: Startup phase 14 took 0.000222243 s, 803.812 MB of memory in use
Info: Startup phase 15 took 0.000294549 s, 803.938 MB of memory in use
Info: Finished startup at 2.36602 s, 804.062 MB of memory in use

TCL: Running for 5000 steps
PRESSURE: 0 0 0 0 0 0 0 0 0 0
GPRESSURE: 0 0 0 0 0 0 0 0 0 0
ETITLE:      TS           BOND          ANGLE          DIHED          IMPRP               ELECT            VDW       BOUNDARY           MISC        KINETIC               TOTAL           TEMP      POTENTIAL         TOTAL3        TEMPAVG

ENERGY:       0      1149.4080      1740.8504      2093.5739       157.3890            -41.7257      -797.7058         0.0000      3994.5268      3010.1128          11306.4294       302.2563      8296.3166     11331.2318       302.2563

LDB: ============= START OF LOAD BALANCING ============== 2.3816
LDB: ============== END OF LOAD BALANCING =============== 2.38165
Info: useSync: 0 useProxySync: 0
LDB: =============== DONE WITH MIGRATION ================ 2.38178
LDB: ============= START OF LOAD BALANCING ============== 2.43376
LDB: Partitioning computes with target load 0.000000
LDB: Increased migratable compute count from 0 to 0
LDB: Largest unpartitionable compute is 0.000000
LDB: ============== END OF LOAD BALANCING =============== 2.43417
Info: build node-aware spanning tree with send: 1, recv: 0 with branch factor 4
Info: useSync: 0 useProxySync: 0
LDB: =============== DONE WITH MIGRATION ================ 2.43524
PRESSURE: 100 0 0 0 0 0 0 0 0 0
GPRESSURE: 100 0 0 0 0 0 0 0 0 0
PRESSAVG: 100 0 0 0 0 0 0 0 0 0
GPRESSAVG: 100 0 0 0 0 0 0 0 0 0
Info: Initial time: 42 CPUs 0.000653113 s/step 0.00755918 days/ns 819.125 MB memory
ENERGY:     100      1096.1922      1700.4544      2117.9072       159.5358            -41.3286      -749.7593         0.0000      3986.4157      3028.9829          11298.4003       304.1512      8269.4174     11322.9985       303.9821

LDB: ============= START OF LOAD BALANCING ============== 2.44822
Info: useSync: 0 useProxySync: 0
LDB: ============== END OF LOAD BALANCING =============== 2.44827
LDB: =============== DONE WITH MIGRATION ================ 2.44837
LDB: ============= START OF LOAD BALANCING ============== 2.49997
LDB: TIME 2.50027 LOAD: AVG 0.0143059 MAX 0.0406349  PROXIES: TOTAL 171 MAXPE 10 MAXPATCH 7 None MEM: 820.375 MB
LDB: TIME 2.50054 LOAD: AVG 0.0143059 MAX 0.0406349  PROXIES: TOTAL 171 MAXPE 10 MAXPATCH 7 TorusLB MEM: 820.5 MB
LDB: Reverting to original mapping
LDB: ============== END OF LOAD BALANCING =============== 2.50082
Info: build node-aware spanning tree with send: 1, recv: 0 with branch factor 4
Info: useSync: 0 useProxySync: 0
LDB: =============== DONE WITH MIGRATION ================ 2.50179
PRESSURE: 200 0 0 0 0 0 0 0 0 0
GPRESSURE: 200 0 0 0 0 0 0 0 0 0
PRESSAVG: 200 0 0 0 0 0 0 0 0 0
GPRESSAVG: 200 0 0 0 0 0 0 0 0 0
Info: Initial time: 42 CPUs 0.000642685 s/step 0.00743848 days/ns 820.5 MB memory
ENERGY:     200      1121.4287      1751.4397      2091.4837       160.0406            -41.3261      -780.5188         0.0000      3989.3475      2974.9908          11266.8861       298.7296      8291.8953     11288.8383       300.7716

LDB: ============= START OF LOAD BALANCING ============== 2.56735
LDB: TIME 2.56764 LOAD: AVG 0.0180422 MAX 0.0515671  PROXIES: TOTAL 171 MAXPE 10 MAXPATCH 7 None MEM: 821.438 MB
LDB: TIME 2.56786 LOAD: AVG 0.0180422 MAX 0.0515671  PROXIES: TOTAL 171 MAXPE 10 MAXPATCH 7 RefineTorusLB MEM: 821.438 MB
LDB: TIME 2.56803 LOAD: AVG 0.0180422 MAX 0.0515671  PROXIES: TOTAL 171 MAXPE 10 MAXPATCH 7 RefineTorusLB MEM: 821.438 MB
LDB: ============== END OF LOAD BALANCING =============== 2.5683
Info: build node-aware spanning tree with send: 1, recv: 0 with branch factor 4
Info: useSync: 0 useProxySync: 0
LDB: =============== DONE WITH MIGRATION ================ 2.56925
PRESSURE: 300 0 0 0 0 0 0 0 0 0
GPRESSURE: 300 0 0 0 0 0 0 0 0 0
PRESSAVG: 300 0 0 0 0 0 0 0 0 0
GPRESSAVG: 300 0 0 0 0 0 0 0 0 0
Info: Initial time: 42 CPUs 0.00065355 s/step 0.00756424 days/ns 821.438 MB memory
ENERGY:     300      1044.9878      1739.6041      2113.3718       148.3162            -41.4486      -766.7181         0.0000      3984.9798      2992.6286          11215.7215       300.5007      8223.0930     11244.1628       301.9467

LDB: ============= START OF LOAD BALANCING ============== 2.63312
LDB: TIME 2.63341 LOAD: AVG 0.017695 MAX 0.0426915  PROXIES: TOTAL 171 MAXPE 10 MAXPATCH 7 None MEM: 822.188 MB
LDB: TIME 2.63363 LOAD: AVG 0.017695 MAX 0.0426915  PROXIES: TOTAL 171 MAXPE 10 MAXPATCH 7 RefineTorusLB MEM: 822.188 MB
LDB: TIME 2.63379 LOAD: AVG 0.017695 MAX 0.0426915  PROXIES: TOTAL 171 MAXPE 10 MAXPATCH 7 RefineTorusLB MEM: 822.188 MB
LDB: ============== END OF LOAD BALANCING =============== 2.63406
Info: build node-aware spanning tree with send: 1, recv: 0 with branch factor 4
Info: useSync: 0 useProxySync: 0
LDB: =============== DONE WITH MIGRATION ================ 2.63499
PRESSURE: 400 0 0 0 0 0 0 0 0 0
GPRESSURE: 400 0 0 0 0 0 0 0 0 0
PRESSAVG: 400 0 0 0 0 0 0 0 0 0
GPRESSAVG: 400 0 0 0 0 0 0 0 0 0
Info: Benchmark time: 42 CPUs 0.000636179 s/step 0.00736319 days/ns 822.188 MB memory
ENERGY:     400      1075.3317      1663.8935      2119.6242       151.6330            -42.2506      -779.1846         0.0000      3990.7318      3039.3309          11219.1098       305.1902      8179.7789     11246.6185       299.0165

PRESSURE: 500 0 0 0 0 0 0 0 0 0
GPRESSURE: 500 0 0 0 0 0 0 0 0 0
PRESSAVG: 500 0 0 0 0 0 0 0 0 0
GPRESSAVG: 500 0 0 0 0 0 0 0 0 0
Info: Benchmark time: 42 CPUs 0.000645302 s/step 0.00746878 days/ns 822.75 MB memory
ENERGY:     500      1131.7545      1662.4951      2079.6257       148.8417            -41.8948      -800.0189         0.0000      3996.4816      2994.8506          11172.1353       300.7238      8177.2848     11196.2756       298.5973

PRESSURE: 600 0 0 0 0 0 0 0 0 0
GPRESSURE: 600 0 0 0 0 0 0 0 0 0
PRESSAVG: 600 0 0 0 0 0 0 0 0 0
GPRESSAVG: 600 0 0 0 0 0 0 0 0 0
Info: Benchmark time: 42 CPUs 0.000641569 s/step 0.00742556 days/ns 822.75 MB memory
ENERGY:     600      1095.5046      1727.8497      2079.2953       166.9965            -43.1780      -826.2301         0.0000      3990.3899      3013.3466          11203.9745       302.5811      8190.6278     11227.2676       300.9855

PRESSURE: 700 0 0 0 0 0 0 0 0 0
GPRESSURE: 700 0 0 0 0 0 0 0 0 0
PRESSAVG: 700 0 0 0 0 0 0 0 0 0
GPRESSAVG: 700 0 0 0 0 0 0 0 0 0
Info: Benchmark time: 42 CPUs 0.000634163 s/step 0.00733985 days/ns 822.75 MB memory
ENERGY:     700      1061.3387      1674.1254      2098.0644       157.5112            -41.6246      -761.9460         0.0000      3985.0449      3040.6748          11213.1889       305.3252      8172.5141     11239.8540       299.9074

PRESSURE: 800 0 0 0 0 0 0 0 0 0
GPRESSURE: 800 0 0 0 0 0 0 0 0 0
PRESSAVG: 800 0 0 0 0 0 0 0 0 0
GPRESSAVG: 800 0 0 0 0 0 0 0 0 0
Info: Benchmark time: 42 CPUs 0.000623639 s/step 0.00721804 days/ns 822.75 MB memory
ENERGY:     800      1144.9601      1692.6265      2089.4918       156.4482            -41.1657      -789.2879         0.0000      3993.7728      2952.5238          11199.3696       296.4736      8246.8458     11224.0733       300.5072

PRESSURE: 900 0 0 0 0 0 0 0 0 0
GPRESSURE: 900 0 0 0 0 0 0 0 0 0
PRESSAVG: 900 0 0 0 0 0 0 0 0 0
GPRESSAVG: 900 0 0 0 0 0 0 0 0 0
Info: Benchmark time: 42 CPUs 0.000631986 s/step 0.00731465 days/ns 822.75 MB memory
ENERGY:     900      1123.8353      1685.2886      2092.3780       152.5735            -42.3011      -799.2490         0.0000      3999.6431      2990.7051          11202.8735       300.3075      8212.1684     11230.9420       300.1416

PRESSURE: 1000 0 0 0 0 0 0 0 0 0
GPRESSURE: 1000 0 0 0 0 0 0 0 0 0
PRESSAVG: 1000 0 0 0 0 0 0 0 0 0
GPRESSAVG: 1000 0 0 0 0 0 0 0 0 0
TIMING: 1000  CPU: 0.666443, 0.000647029/step  Wall: 0.670173, 0.000649457/step, 0.000721619 hours remaining, 822.750000 MB of memory in use.
ETITLE:      TS           BOND          ANGLE          DIHED          IMPRP               ELECT            VDW       BOUNDARY           MISC        KINETIC               TOTAL           TEMP      POTENTIAL         TOTAL3        TEMPAVG

ENERGY:    1000      1140.5210      1681.0441      2113.8518       163.5195            -42.5266      -789.6623         0.0000      3993.4386      2956.4420          11216.6278       296.8671      8260.1859     11238.0793       300.7115

WRITING EXTENDED SYSTEM TO RESTART FILE AT STEP 1000
OPENING COORDINATE DCD FILE
WRITING COORDINATES TO DCD FILE adk-step1.dcd AT STEP 1000
WRITING COORDINATES TO RESTART FILE AT STEP 1000
FINISHED WRITING RESTART COORDINATES
The last position output (seq=1000) takes 0.004 seconds, 822.875 MB of memory in use
WRITING VELOCITIES TO RESTART FILE AT STEP 1000
FINISHED WRITING RESTART VELOCITIES
The last velocity output (seq=1000) takes 0.002 seconds, 822.938 MB of memory in use
PRESSURE: 1100 0 0 0 0 0 0 0 0 0
GPRESSURE: 1100 0 0 0 0 0 0 0 0 0
PRESSAVG: 1100 0 0 0 0 0 0 0 0 0
GPRESSAVG: 1100 0 0 0 0 0 0 0 0 0
ENERGY:    1100      1133.2616      1684.0720      2082.9506       164.6348            -42.3053      -800.8203         0.0000      3989.0890      2912.2589          11123.1413       292.4305      8210.8824     11143.8565       297.6217

PRESSURE: 1200 0 0 0 0 0 0 0 0 0
GPRESSURE: 1200 0 0 0 0 0 0 0 0 0
PRESSAVG: 1200 0 0 0 0 0 0 0 0 0
GPRESSAVG: 1200 0 0 0 0 0 0 0 0 0
ENERGY:    1200      1115.1336      1698.7589      2071.3141       151.1015            -41.6338      -808.7648         0.0000      3985.0971      2992.7787          11163.7852       300.5158      8171.0065     11187.4393       296.6697

PRESSURE: 1300 0 0 0 0 0 0 0 0 0
GPRESSURE: 1300 0 0 0 0 0 0 0 0 0
PRESSAVG: 1300 0 0 0 0 0 0 0 0 0
GPRESSAVG: 1300 0 0 0 0 0 0 0 0 0
ENERGY:    1300      1098.6752      1673.2913      2089.9048       150.0786            -41.0839      -808.0323         0.0000      3992.1080      3006.4347          11161.3764       301.8870      8154.9417     11188.7136       297.8311

PRESSURE: 1400 0 0 0 0 0 0 0 0 0
GPRESSURE: 1400 0 0 0 0 0 0 0 0 0
PRESSAVG: 1400 0 0 0 0 0 0 0 0 0
GPRESSAVG: 1400 0 0 0 0 0 0 0 0 0
ENERGY:    1400      1071.6410      1701.0242      2085.7591       169.5561            -41.0990      -776.9666         0.0000      4001.0491      3010.7626          11221.7265       302.3216      8210.9640     11247.3391       298.8074

PRESSURE: 1500 0 0 0 0 0 0 0 0 0
GPRESSURE: 1500 0 0 0 0 0 0 0 0 0
PRESSAVG: 1500 0 0 0 0 0 0 0 0 0
GPRESSAVG: 1500 0 0 0 0 0 0 0 0 0
ENERGY:    1500      1127.5206      1673.1989      2103.0319       153.7993            -41.1259      -800.9433         0.0000      4009.4090      3001.6929          11226.5835       301.4109      8224.8906     11254.8234       299.9948

PRESSURE: 1600 0 0 0 0 0 0 0 0 0
GPRESSURE: 1600 0 0 0 0 0 0 0 0 0
PRESSAVG: 1600 0 0 0 0 0 0 0 0 0
GPRESSAVG: 1600 0 0 0 0 0 0 0 0 0
ENERGY:    1600      1080.4062      1711.7976      2077.9013       143.4205            -41.3316      -787.0521         0.0000      4003.1959      3017.7889          11206.1265       303.0271      8188.3376     11235.2538       299.8815

PRESSURE: 1700 0 0 0 0 0 0 0 0 0
GPRESSURE: 1700 0 0 0 0 0 0 0 0 0
PRESSAVG: 1700 0 0 0 0 0 0 0 0 0
GPRESSAVG: 1700 0 0 0 0 0 0 0 0 0
ENERGY:    1700      1127.4269      1683.0906      2058.2405       160.3279            -41.8974      -776.1540         0.0000      4001.2984      2950.3992          11162.7319       296.2603      8212.3328     11190.7448       297.8334

PRESSURE: 1800 0 0 0 0 0 0 0 0 0
GPRESSURE: 1800 0 0 0 0 0 0 0 0 0
PRESSAVG: 1800 0 0 0 0 0 0 0 0 0
GPRESSAVG: 1800 0 0 0 0 0 0 0 0 0
ENERGY:    1800      1075.9526      1735.2080      2076.6509       159.3401            -41.3253      -799.1345         0.0000      3998.8552      2978.5420          11184.0889       299.0862      8205.5469     11208.6876       298.8888

PRESSURE: 1900 0 0 0 0 0 0 0 0 0
GPRESSURE: 1900 0 0 0 0 0 0 0 0 0
PRESSAVG: 1900 0 0 0 0 0 0 0 0 0
GPRESSAVG: 1900 0 0 0 0 0 0 0 0 0
ENERGY:    1900      1070.3923      1718.4974      2078.8139       159.7258            -41.7420      -769.0627         0.0000      3997.9861      2950.4155          11165.0264       296.2619      8214.6108     11186.7386       297.9871

PRESSURE: 2000 0 0 0 0 0 0 0 0 0
GPRESSURE: 2000 0 0 0 0 0 0 0 0 0
PRESSAVG: 2000 0 0 0 0 0 0 0 0 0
GPRESSAVG: 2000 0 0 0 0 0 0 0 0 0
TIMING: 2000  CPU: 1.27913, 0.000612691/step  Wall: 1.2928, 0.000622627/step, 0.000518856 hours remaining, 822.937500 MB of memory in use.
ETITLE:      TS           BOND          ANGLE          DIHED          IMPRP               ELECT            VDW       BOUNDARY           MISC        KINETIC               TOTAL           TEMP      POTENTIAL         TOTAL3        TEMPAVG

ENERGY:    2000      1130.5885      1686.4254      2084.2507       161.8388            -42.3945      -773.8784         0.0000      3990.8111      2955.2610          11192.9026       296.7485      8237.6416     11214.9633       297.7797

WRITING EXTENDED SYSTEM TO RESTART FILE AT STEP 2000
WRITING VELOCITIES TO RESTART FILE AT STEP 2000
FINISHED WRITING RESTART VELOCITIES
The last velocity output (seq=2000) takes 0.002 seconds, 822.938 MB of memory in use
WRITING COORDINATES TO DCD FILE adk-step1.dcd AT STEP 2000
WRITING COORDINATES TO RESTART FILE AT STEP 2000
FINISHED WRITING RESTART COORDINATES
The last position output (seq=2000) takes 0.002 seconds, 822.938 MB of memory in use
PRESSURE: 2100 0 0 0 0 0 0 0 0 0
GPRESSURE: 2100 0 0 0 0 0 0 0 0 0
PRESSAVG: 2100 0 0 0 0 0 0 0 0 0
GPRESSAVG: 2100 0 0 0 0 0 0 0 0 0
ENERGY:    2100      1130.1450      1681.3660      2114.5732       154.7572            -42.3321      -786.2952         0.0000      3993.1421      2995.1387          11240.4949       300.7527      8245.3562     11264.5358       298.9041

PRESSURE: 2200 0 0 0 0 0 0 0 0 0
GPRESSURE: 2200 0 0 0 0 0 0 0 0 0
PRESSAVG: 2200 0 0 0 0 0 0 0 0 0
GPRESSAVG: 2200 0 0 0 0 0 0 0 0 0
ENERGY:    2200      1156.0252      1709.2672      2092.7615       151.0495            -42.2574      -797.5326         0.0000      3997.2829      2978.5145          11245.1108       299.0834      8266.5962     11268.4960       302.7326

PRESSURE: 2300 0 0 0 0 0 0 0 0 0
GPRESSURE: 2300 0 0 0 0 0 0 0 0 0
PRESSAVG: 2300 0 0 0 0 0 0 0 0 0
GPRESSAVG: 2300 0 0 0 0 0 0 0 0 0
ENERGY:    2300      1127.7818      1691.1931      2113.5922       147.3495            -41.0319      -783.8672         0.0000      4001.1621      3023.3204          11279.5001       303.5826      8256.1797     11303.3039       302.3714

PRESSURE: 2400 0 0 0 0 0 0 0 0 0
GPRESSURE: 2400 0 0 0 0 0 0 0 0 0
PRESSAVG: 2400 0 0 0 0 0 0 0 0 0
GPRESSAVG: 2400 0 0 0 0 0 0 0 0 0
ENERGY:    2400      1137.5176      1704.1811      2116.4449       165.0521            -40.4088      -778.2839         0.0000      3996.8064      2903.0308          11204.3402       291.5039      8301.3094     11229.2421       300.7538

PRESSURE: 2500 0 0 0 0 0 0 0 0 0
GPRESSURE: 2500 0 0 0 0 0 0 0 0 0
PRESSAVG: 2500 0 0 0 0 0 0 0 0 0
GPRESSAVG: 2500 0 0 0 0 0 0 0 0 0
ENERGY:    2500      1111.6839      1700.0454      2089.5818       150.6098            -40.1649      -780.6556         0.0000      3993.0805      2995.8870          11220.0679       300.8279      8224.1809     11241.9978       302.5174

PRESSURE: 2600 0 0 0 0 0 0 0 0 0
GPRESSURE: 2600 0 0 0 0 0 0 0 0 0
PRESSAVG: 2600 0 0 0 0 0 0 0 0 0
GPRESSAVG: 2600 0 0 0 0 0 0 0 0 0
ENERGY:    2600      1132.7531      1693.7812      2082.5261       172.7999            -40.7664      -842.5402         0.0000      4000.9736      3021.4356          11220.9630       303.3933      8199.5274     11243.6179       299.1939

PRESSURE: 2700 0 0 0 0 0 0 0 0 0
GPRESSURE: 2700 0 0 0 0 0 0 0 0 0
PRESSAVG: 2700 0 0 0 0 0 0 0 0 0
GPRESSAVG: 2700 0 0 0 0 0 0 0 0 0
ENERGY:    2700      1093.7091      1699.8406      2097.9636       157.9359            -41.1465      -781.1343         0.0000      3991.9369      2988.3189          11207.4242       300.0679      8219.1053     11230.5183       299.5948

PRESSURE: 2800 0 0 0 0 0 0 0 0 0
GPRESSURE: 2800 0 0 0 0 0 0 0 0 0
PRESSAVG: 2800 0 0 0 0 0 0 0 0 0
GPRESSAVG: 2800 0 0 0 0 0 0 0 0 0
ENERGY:    2800      1082.3873      1695.7371      2117.4867       144.5361            -40.5081      -801.5787         0.0000      3990.9027      2934.1878          11123.1509       294.6324      8188.9631     11149.5213       298.5264

PRESSURE: 2900 0 0 0 0 0 0 0 0 0
GPRESSURE: 2900 0 0 0 0 0 0 0 0 0
PRESSAVG: 2900 0 0 0 0 0 0 0 0 0
GPRESSAVG: 2900 0 0 0 0 0 0 0 0 0
ENERGY:    2900      1071.8489      1689.2079      2095.6084       151.7864            -40.7691      -807.2673         0.0000      3992.7038      3018.2582          11171.3772       303.0743      8153.1190     11198.9989       298.6270

PRESSURE: 3000 0 0 0 0 0 0 0 0 0
GPRESSURE: 3000 0 0 0 0 0 0 0 0 0
PRESSAVG: 3000 0 0 0 0 0 0 0 0 0
GPRESSAVG: 3000 0 0 0 0 0 0 0 0 0
TIMING: 3000  CPU: 1.88516, 0.000606023/step  Wall: 1.90135, 0.000608554/step, 0.000338086 hours remaining, 822.937500 MB of memory in use.
ETITLE:      TS           BOND          ANGLE          DIHED          IMPRP               ELECT            VDW       BOUNDARY           MISC        KINETIC               TOTAL           TEMP      POTENTIAL         TOTAL3        TEMPAVG

ENERGY:    3000      1092.3939      1717.3412      2119.8389       154.0708            -40.6431      -803.6241         0.0000      3986.6384      3006.1065          11232.1225       301.8541      8226.0160     11253.7964       300.0274

WRITING EXTENDED SYSTEM TO RESTART FILE AT STEP 3000
WRITING COORDINATES TO DCD FILE adk-step1.dcd AT STEP 3000
WRITING COORDINATES TO RESTART FILE AT STEP 3000
FINISHED WRITING RESTART COORDINATES
The last position output (seq=3000) takes 0.002 seconds, 822.938 MB of memory in use
WRITING VELOCITIES TO RESTART FILE AT STEP 3000
FINISHED WRITING RESTART VELOCITIES
The last velocity output (seq=3000) takes 0.002 seconds, 822.938 MB of memory in use
PRESSURE: 3100 0 0 0 0 0 0 0 0 0
GPRESSURE: 3100 0 0 0 0 0 0 0 0 0
PRESSAVG: 3100 0 0 0 0 0 0 0 0 0
GPRESSAVG: 3100 0 0 0 0 0 0 0 0 0
ENERGY:    3100      1116.5436      1681.7822      2118.7745       157.2487            -39.8564      -763.7495         0.0000      3980.2884      2973.6632          11224.6946       298.5963      8251.0314     11251.8569       301.7944

PRESSURE: 3200 0 0 0 0 0 0 0 0 0
GPRESSURE: 3200 0 0 0 0 0 0 0 0 0
PRESSAVG: 3200 0 0 0 0 0 0 0 0 0
GPRESSAVG: 3200 0 0 0 0 0 0 0 0 0
ENERGY:    3200      1082.7071      1675.9656      2093.6748       157.0027            -39.2228      -786.9249         0.0000      3982.6964      3049.9798          11215.8787       306.2595      8165.8989     11242.6137       301.4715

PRESSURE: 3300 0 0 0 0 0 0 0 0 0
GPRESSURE: 3300 0 0 0 0 0 0 0 0 0
PRESSAVG: 3300 0 0 0 0 0 0 0 0 0
GPRESSAVG: 3300 0 0 0 0 0 0 0 0 0
ENERGY:    3300      1133.6379      1687.0363      2096.3053       145.6821            -40.4327      -802.7580         0.0000      3992.4671      3020.2763          11232.2143       303.2769      8211.9380     11256.1392       300.9875

PRESSURE: 3400 0 0 0 0 0 0 0 0 0
GPRESSURE: 3400 0 0 0 0 0 0 0 0 0
PRESSAVG: 3400 0 0 0 0 0 0 0 0 0
GPRESSAVG: 3400 0 0 0 0 0 0 0 0 0
ENERGY:    3400      1139.5171      1688.6032      2093.9722       157.3179            -40.7274      -786.6479         0.0000      3992.2216      2971.1068          11215.3635       298.3396      8244.2568     11239.5231       300.1372

PRESSURE: 3500 0 0 0 0 0 0 0 0 0
GPRESSURE: 3500 0 0 0 0 0 0 0 0 0
PRESSAVG: 3500 0 0 0 0 0 0 0 0 0
GPRESSAVG: 3500 0 0 0 0 0 0 0 0 0
ENERGY:    3500      1161.0283      1663.2160      2093.4139       147.8819            -41.2712      -795.2757         0.0000      3990.6907      2922.8676          11142.5514       293.4957      8219.6839     11166.9254       299.8767

PRESSURE: 3600 0 0 0 0 0 0 0 0 0
GPRESSURE: 3600 0 0 0 0 0 0 0 0 0
PRESSAVG: 3600 0 0 0 0 0 0 0 0 0
GPRESSAVG: 3600 0 0 0 0 0 0 0 0 0
ENERGY:    3600      1091.1854      1662.2915      2088.0717       147.5129            -41.7220      -813.8513         0.0000      3990.5997      3010.2472          11134.3350       302.2698      8124.0878     11158.9304       297.1396

PRESSURE: 3700 0 0 0 0 0 0 0 0 0
GPRESSURE: 3700 0 0 0 0 0 0 0 0 0
PRESSAVG: 3700 0 0 0 0 0 0 0 0 0
GPRESSAVG: 3700 0 0 0 0 0 0 0 0 0
ENERGY:    3700      1087.1993      1696.6188      2087.4413       155.0535            -42.0080      -805.0651         0.0000      3982.4769      2977.1862          11138.9029       298.9501      8161.7167     11164.7590       297.9169

PRESSURE: 3800 0 0 0 0 0 0 0 0 0
GPRESSURE: 3800 0 0 0 0 0 0 0 0 0
PRESSAVG: 3800 0 0 0 0 0 0 0 0 0
GPRESSAVG: 3800 0 0 0 0 0 0 0 0 0
ENERGY:    3800      1095.1983      1658.1788      2107.5291       172.1167            -41.5281      -802.5996         0.0000      3982.5597      2919.2579          11090.7126       293.1333      8171.4548     11116.0180       296.7017

PRESSURE: 3900 0 0 0 0 0 0 0 0 0
GPRESSURE: 3900 0 0 0 0 0 0 0 0 0
PRESSAVG: 3900 0 0 0 0 0 0 0 0 0
GPRESSAVG: 3900 0 0 0 0 0 0 0 0 0
ENERGY:    3900      1100.1703      1652.7815      2070.0876       156.0703            -41.6734      -784.9596         0.0000      3992.8528      2922.0211          11067.3506       293.4107      8145.3295     11093.0446       293.6121

PRESSURE: 4000 0 0 0 0 0 0 0 0 0
GPRESSURE: 4000 0 0 0 0 0 0 0 0 0
PRESSAVG: 4000 0 0 0 0 0 0 0 0 0
GPRESSAVG: 4000 0 0 0 0 0 0 0 0 0
TIMING: 4000  CPU: 2.50435, 0.00061919/step  Wall: 2.52155, 0.000620195/step, 0.000172276 hours remaining, 822.937500 MB of memory in use.
ETITLE:      TS           BOND          ANGLE          DIHED          IMPRP               ELECT            VDW       BOUNDARY           MISC        KINETIC               TOTAL           TEMP      POTENTIAL         TOTAL3        TEMPAVG

ENERGY:    4000      1070.0420      1708.5511      2097.9034       161.4719            -41.6390      -814.5344         0.0000      3999.6377      2945.3186          11126.7513       295.7501      8181.4327     11152.2687       292.7489

WRITING EXTENDED SYSTEM TO RESTART FILE AT STEP 4000
WRITING VELOCITIES TO RESTART FILE AT STEP 4000
FINISHED WRITING RESTART VELOCITIES
The last velocity output (seq=4000) takes 0.002 seconds, 822.938 MB of memory in use
WRITING COORDINATES TO DCD FILE adk-step1.dcd AT STEP 4000
WRITING COORDINATES TO RESTART FILE AT STEP 4000
FINISHED WRITING RESTART COORDINATES
The last position output (seq=4000) takes 0.002 seconds, 822.938 MB of memory in use
PRESSURE: 4100 0 0 0 0 0 0 0 0 0
GPRESSURE: 4100 0 0 0 0 0 0 0 0 0
PRESSAVG: 4100 0 0 0 0 0 0 0 0 0
GPRESSAVG: 4100 0 0 0 0 0 0 0 0 0
ENERGY:    4100      1141.0419      1700.2123      2080.3532       143.3036            -41.4537      -796.8500         0.0000      3990.2247      2893.3962          11110.2282       290.5364      8216.8321     11130.8829       297.8439

PRESSURE: 4200 0 0 0 0 0 0 0 0 0
GPRESSURE: 4200 0 0 0 0 0 0 0 0 0
PRESSAVG: 4200 0 0 0 0 0 0 0 0 0
GPRESSAVG: 4200 0 0 0 0 0 0 0 0 0
ENERGY:    4200      1100.0421      1640.2654      2089.2017       146.8374            -41.7745      -765.4110         0.0000      3977.9752      2995.2603          11142.3966       300.7649      8147.1363     11164.4778       295.7138

LDB: ============= START OF LOAD BALANCING ============== 5.06183
LDB: ============== END OF LOAD BALANCING =============== 5.0619
Info: useSync: 0 useProxySync: 0
LDB: =============== DONE WITH MIGRATION ================ 5.06202
PRESSURE: 4300 0 0 0 0 0 0 0 0 0
GPRESSURE: 4300 0 0 0 0 0 0 0 0 0
PRESSAVG: 4300 0 0 0 0 0 0 0 0 0
GPRESSAVG: 4300 0 0 0 0 0 0 0 0 0
ENERGY:    4300      1081.5030      1685.4612      2090.0079       159.1131            -41.7249      -776.4420         0.0000      3975.7402      2930.0399          11103.6985       294.2159      8173.6586     11131.1256       296.1125

LDB: ============= START OF LOAD BALANCING ============== 5.12644
LDB: TIME 5.12665 LOAD: AVG 0.0160829 MAX 0.0413969  PROXIES: TOTAL 171 MAXPE 10 MAXPATCH 7 None MEM: 822.938 MB
LDB: TIME 5.12682 LOAD: AVG 0.0160829 MAX 0.0413969  PROXIES: TOTAL 171 MAXPE 10 MAXPATCH 7 RefineTorusLB MEM: 823 MB
LDB: TIME 5.12696 LOAD: AVG 0.0160829 MAX 0.0413969  PROXIES: TOTAL 171 MAXPE 10 MAXPATCH 7 RefineTorusLB MEM: 823 MB
LDB: Reverting to original mapping
LDB: ============== END OF LOAD BALANCING =============== 5.12719
Info: build node-aware spanning tree with send: 1, recv: 0 with branch factor 4
Info: useSync: 0 useProxySync: 0
LDB: =============== DONE WITH MIGRATION ================ 5.12805
PRESSURE: 4400 0 0 0 0 0 0 0 0 0
GPRESSURE: 4400 0 0 0 0 0 0 0 0 0
PRESSAVG: 4400 0 0 0 0 0 0 0 0 0
GPRESSAVG: 4400 0 0 0 0 0 0 0 0 0
ENERGY:    4400      1086.0026      1678.4871      2094.7803       152.5859            -41.5401      -792.5857         0.0000      3981.1295      2935.8132          11094.6728       294.7957      8158.8595     11118.3933       293.9515

PRESSURE: 4500 0 0 0 0 0 0 0 0 0
GPRESSURE: 4500 0 0 0 0 0 0 0 0 0
PRESSAVG: 4500 0 0 0 0 0 0 0 0 0
GPRESSAVG: 4500 0 0 0 0 0 0 0 0 0
ENERGY:    4500      1084.3845      1712.3987      2080.9774       167.5732            -41.4059      -787.8364         0.0000      3983.6570      2896.4364          11096.1850       290.8417      8199.7485     11116.3393       294.1877

PRESSURE: 4600 0 0 0 0 0 0 0 0 0
GPRESSURE: 4600 0 0 0 0 0 0 0 0 0
PRESSAVG: 4600 0 0 0 0 0 0 0 0 0
GPRESSAVG: 4600 0 0 0 0 0 0 0 0 0
ENERGY:    4600      1062.6541      1673.5294      2087.6842       164.3396            -40.9450      -802.2998         0.0000      3984.1063      2918.5622          11047.6311       293.0634      8129.0689     11074.9742       293.4121

PRESSURE: 4700 0 0 0 0 0 0 0 0 0
GPRESSURE: 4700 0 0 0 0 0 0 0 0 0
PRESSAVG: 4700 0 0 0 0 0 0 0 0 0
GPRESSAVG: 4700 0 0 0 0 0 0 0 0 0
ENERGY:    4700      1064.0657      1652.3575      2079.5520       170.5853            -41.7363      -748.7346         0.0000      3974.8645      2917.5344          11068.4885       292.9602      8150.9541     11090.4219       292.4484

PRESSURE: 4800 0 0 0 0 0 0 0 0 0
GPRESSURE: 4800 0 0 0 0 0 0 0 0 0
PRESSAVG: 4800 0 0 0 0 0 0 0 0 0
GPRESSAVG: 4800 0 0 0 0 0 0 0 0 0
ENERGY:    4800      1101.8294      1650.9740      2093.4771       162.7478            -42.6257      -798.9844         0.0000      3976.7717      2974.4676          11118.6574       298.6771      8144.1898     11137.6951       296.4857

PRESSURE: 4900 0 0 0 0 0 0 0 0 0
GPRESSURE: 4900 0 0 0 0 0 0 0 0 0
PRESSAVG: 4900 0 0 0 0 0 0 0 0 0
GPRESSAVG: 4900 0 0 0 0 0 0 0 0 0
ENERGY:    4900      1096.3917      1720.3721      2096.3545       141.0431            -42.4753      -818.0374         0.0000      3971.0702      2945.3760          11110.0949       295.7559      8164.7189     11136.3487       296.6798

PRESSURE: 5000 0 0 0 0 0 0 0 0 0
GPRESSURE: 5000 0 0 0 0 0 0 0 0 0
PRESSAVG: 5000 0 0 0 0 0 0 0 0 0
GPRESSAVG: 5000 0 0 0 0 0 0 0 0 0
TIMING: 5000  CPU: 3.13677, 0.000632427/step  Wall: 3.16243, 0.000640876/step, 0 hours remaining, 823.000000 MB of memory in use.
ETITLE:      TS           BOND          ANGLE          DIHED          IMPRP               ELECT            VDW       BOUNDARY           MISC        KINETIC               TOTAL           TEMP      POTENTIAL         TOTAL3        TEMPAVG

ENERGY:    5000      1078.1422      1738.1736      2095.1888       162.4967            -42.2744      -789.5452         0.0000      3975.5750      2957.9508          11175.7075       297.0186      8217.7567     11197.2472       298.2760

WRITING EXTENDED SYSTEM TO RESTART FILE AT STEP 5000
WRITING COORDINATES TO DCD FILE adk-step1.dcd AT STEP 5000
WRITING COORDINATES TO RESTART FILE AT STEP 5000
FINISHED WRITING RESTART COORDINATES
The last position output (seq=5000) takes 0.002 seconds, 823.750 MB of memory in use
WRITING VELOCITIES TO RESTART FILE AT STEP 5000
FINISHED WRITING RESTART VELOCITIES
The last velocity output (seq=5000) takes 0.002 seconds, 823.750 MB of memory in use
WRITING EXTENDED SYSTEM TO OUTPUT FILE AT STEP 5000
WRITING COORDINATES TO OUTPUT FILE AT STEP 5000
CLOSING COORDINATE DCD FILE adk-step1.dcd
The last position output (seq=-2) takes 0.003 seconds, 823.750 MB of memory in use
WRITING VELOCITIES TO OUTPUT FILE AT STEP 5000
====================================================

WallClock: 5.520740  CPUTime: 4.102756  Memory: 823.875000 MB
End of program
