0_3_cc.dat
/gpfs/alpine/bip115/scratch/hrlee/radical.pilot.sandbox/re.session.login2.hrlee.018634.0000/pilot.0000/staging_area/0_3_cc.dat
0, 3
Choosing optimized barrier algorithm name I0:HybridBinomial:SHMEM:P2P
Converse/Charm++ Commit ID: v6.10.2-0-g7bf00fa-namd-charm-6.10.2-build-2020-Aug-05-556
Warning> Randomization of virtual memory (ASLR) is turned on in the kernel, thread migration may not work! Run 'echo 0 > /proc/sys/kernel/randomize_va_space' as root to disable it, or try running with '+isomalloc_sync'.
CharmLB> Load balancer assumes all CPUs are same.
Charm++> Running on 1 hosts (1 sockets x 7 cores x 4 PUs = 28-way SMP)
Charm++> cpu topology info is gathered in 0.008 seconds.
Info: Built with CUDA version 10010
Did not find +devices i,j,k,... argument, using all
Pe 3 physical rank 3 will use CUDA device of pe 4
Pe 17 physical rank 17 will use CUDA device of pe 14
Pe 23 physical rank 23 will use CUDA device of pe 21
Pe 6 physical rank 6 will use CUDA device of pe 4
Pe 31 physical rank 31 will use CUDA device of pe 28
Pe 40 physical rank 40 will use CUDA device of pe 35
Pe 20 physical rank 20 will use CUDA device of pe 14
Pe 10 physical rank 10 will use CUDA device of pe 7
Pe 26 physical rank 26 will use CUDA device of pe 21
Pe 2 physical rank 2 will use CUDA device of pe 4
Pe 34 physical rank 34 will use CUDA device of pe 28
Pe 38 physical rank 38 will use CUDA device of pe 35
Pe 19 physical rank 19 will use CUDA device of pe 14
Pe 9 physical rank 9 will use CUDA device of pe 7
Pe 24 physical rank 24 will use CUDA device of pe 21
Pe 33 physical rank 33 will use CUDA device of pe 28
Pe 37 physical rank 37 will use CUDA device of pe 35
Pe 18 physical rank 18 will use CUDA device of pe 14
Pe 11 physical rank 11 will use CUDA device of pe 7
Pe 27 physical rank 27 will use CUDA device of pe 21
Pe 32 physical rank 32 will use CUDA device of pe 28
Pe 41 physical rank 41 will use CUDA device of pe 35
Pe 16 physical rank 16 will use CUDA device of pe 14
Pe 12 physical rank 12 will use CUDA device of pe 7
Pe 25 physical rank 25 will use CUDA device of pe 21
Pe 30 physical rank 30 will use CUDA device of pe 28
Pe 39 physical rank 39 will use CUDA device of pe 35
Pe 15 physical rank 15 will use CUDA device of pe 14
Pe 8 physical rank 8 will use CUDA device of pe 7
Pe 22 physical rank 22 will use CUDA device of pe 21
Pe 29 physical rank 29 will use CUDA device of pe 28
Pe 36 physical rank 36 will use CUDA device of pe 35
Pe 5 physical rank 5 will use CUDA device of pe 4
Pe 13 physical rank 13 will use CUDA device of pe 7
Pe 1 physical rank 1 will use CUDA device of pe 4
Pe 0 physical rank 0 will use CUDA device of pe 4
Pe 14 physical rank 14 binding to CUDA device 0 on h14n13: 'Tesla V100-SXM2-16GB'  Mem: 16128MB  Rev: 7.0  PCI: 4:6:0
Pe 21 physical rank 21 binding to CUDA device 0 on h14n13: 'Tesla V100-SXM2-16GB'  Mem: 16128MB  Rev: 7.0  PCI: 35:3:0
Pe 28 physical rank 28 binding to CUDA device 0 on h14n13: 'Tesla V100-SXM2-16GB'  Mem: 16128MB  Rev: 7.0  PCI: 35:4:0
Pe 35 physical rank 35 binding to CUDA device 0 on h14n13: 'Tesla V100-SXM2-16GB'  Mem: 16128MB  Rev: 7.0  PCI: 35:5:0
Pe 7 physical rank 7 binding to CUDA device 0 on h14n13: 'Tesla V100-SXM2-16GB'  Mem: 16128MB  Rev: 7.0  PCI: 4:5:0
Pe 4 physical rank 4 binding to CUDA device 0 on h14n13: 'Tesla V100-SXM2-16GB'  Mem: 16128MB  Rev: 7.0  PCI: 4:4:0
Info: NAMD 2.14 for Linux-POWER-pami-smp-Summit-CUDA
Info: 
Info: Please visit http://www.ks.uiuc.edu/Research/namd/
Info: for updates, documentation, and support information.
Info: 
Info: Please cite Phillips et al., J. Chem. Phys. 153:044130 (2020) doi:10.1063/5.0014475
Info: in all publications reporting results obtained with NAMD.
Info: 
Info: Based on Charm++/Converse 61002 for pami-linux-ppc64le-smp
Info: Built Wed Aug 5 14:28:51 EDT 2020 by jimp on login2
Info: 1 NAMD  2.14  Linux-POWER-pami-smp-Summit-CUDA  42    h14n13  hrlee
Info: Running on 42 processors, 6 nodes, 1 physical nodes.
Info: CPU topology information available.
Info: Charm++/Converse parallel runtime startup completed at 1.51625 s
CkLoopLib is used in SMP with simple dynamic scheduling (converse-level notification)
Info: 791.75 MB of memory in use based on /proc/self/stat
Info: Configuration file is adk-step1.namd
Info: Working in the current directory /gpfs/alpine/bip115/scratch/hrlee/radical.pilot.sandbox/re.session.login2.hrlee.018634.0000/pilot.0000/unit.000305
TCL: Suspending until startup complete.
Info: SIMULATION PARAMETERS:
Info: TIMESTEP               1
Info: NUMBER OF STEPS        0
Info: STEPS PER CYCLE        20
Info: LOAD BALANCER  Centralized
Info: LOAD BALANCING STRATEGY  New Load Balancers -- DEFAULT
Info: LDB PERIOD             4000 steps
Info: FIRST LDB TIMESTEP     100
Info: LAST LDB TIMESTEP     -1
Info: LDB BACKGROUND SCALING 1
Info: HOM BACKGROUND SCALING 1
Info: MIN ATOMS PER PATCH    40
Info: VELOCITY FILE          0_3_adk-step1.restart.vel
Info: CENTER OF MASS MOVING INITIALLY? NO
Info: DIELECTRIC             80
Info: EXCLUDE                SCALED ONE-FOUR
Info: 1-4 ELECTROSTATICS SCALED BY 1
Info: MODIFIED 1-4 VDW PARAMETERS WILL BE USED
Info: DCD FILENAME           adk-step1.dcd
Info: DCD FREQUENCY          1000
Info: DCD FIRST STEP         1000
Info: NO EXTENDED SYSTEM TRAJECTORY OUTPUT
Info: NO VELOCITY DCD OUTPUT
Info: NO FORCE DCD OUTPUT
Info: OUTPUT FILENAME        adk-step1
Info: BINARY OUTPUT FILES WILL BE USED
Info: RESTART FILENAME       adk-step1.restart
Info: RESTART FREQUENCY      1000
Info: BINARY RESTART FILES WILL BE USED
Info: SWITCHING ACTIVE
Info: SWITCHING ON           9
Info: SWITCHING OFF          10
Info: PAIRLIST DISTANCE      11
Info: PAIRLIST SHRINK RATE   0.01
Info: PAIRLIST GROW RATE     0.01
Info: PAIRLIST TRIGGER       0.3
Info: PAIRLISTS PER CYCLE    2
Info: PAIRLISTS ENABLED
Info: MARGIN                 0
Info: HYDROGEN GROUP CUTOFF  2.5
Info: PATCH DIMENSION        13.5
Info: ENERGY OUTPUT STEPS    100
Info: CROSSTERM ENERGY INCLUDED IN DIHEDRAL
Info: TIMING OUTPUT STEPS    1000
Info: PRESSURE OUTPUT STEPS  100
Info: GRID FORCE ACTIVE
Info:  Please include this reference in published work using
Info:  the Gridforce module of NAMD: David Wells, Volha Abramkina,
Info:  and Aleksei Aksimentiev, J. Chem. Phys. 127:125101-10 (2007).
Info: MGRIDFORCE key 0
Info:            Potfile 4ake-target_autopsf-grid.dx
Info:            Scale 0.3 0.3 0.3
Info:            File 1ake-docked-noh_autopsf-grid.pdb
Info:            Col O
Info:            ChargeCol B
Info:            VOffset 0 0 0
Info:            Continuous K1 FALSE
Info:            Continuous K2 FALSE
Info:            Continuous K3 FALSE
Info:            Volts FALSE
Info:            Gridforce-Lite FALSE
Info:            Gridforce-CheckSize TRUE
Info: LANGEVIN DYNAMICS ACTIVE
Info: LANGEVIN TEMPERATURE   300
Info: LANGEVIN USING BBK INTEGRATOR
Info: LANGEVIN DAMPING COEFFICIENT IS 5 INVERSE PS
Info: LANGEVIN DYNAMICS NOT APPLIED TO HYDROGENS
Info: USING VERLET I (r-RESPA) MTS SCHEME.
Info: C1 SPLITTING OF LONG RANGE ELECTROSTATICS
Info: PLACING ATOMS IN PATCHES BY HYDROGEN GROUPS
Info: RIGID BONDS TO HYDROGEN : WATER
Info:         ERROR TOLERANCE : 1e-08
Info:          MAX ITERATIONS : 100
Info: RIGID WATER USING SETTLE ALGORITHM
Info: NONBONDED FORCES EVALUATED EVERY 2 STEPS
Info: RANDOM NUMBER SEED     1609983924
Info: USE HYDROGEN BONDS?    NO
Info: COORDINATE PDB         1ake-docked-noh_autopsf.pdb
Info: STRUCTURE FILE         1ake-docked-noh_autopsf.psf
Info: PARAMETER file: CHARMM format! 
Info: PARAMETERS             par_all36_prot.prm
Info: USING ARITHMETIC MEAN TO COMBINE L-J SIGMA PARAMETERS
Info: BINARY COORDINATES     0_3_adk-step1.restart.coor
Info: SUMMARY OF PARAMETERS:
Info: 132 BONDS
Info: 362 ANGLES
Info: 702 DIHEDRAL
Info: 35 IMPROPER
Info: 6 CROSSTERM
Info: 53 VDW
Info: 0 VDW_PAIRS
Info: 0 NBTHOLE_PAIRS
Info: TIME FOR READING PSF FILE: 0.412572
Info: READING EXTRA BONDS FILE 1ake-extrabonds.txt
Info: READING EXTRA BONDS FILE 1ake-extrabonds-cispeptide.txt
Info: READING EXTRA BONDS FILE 1ake-extrabonds-chirality.txt
Info: READ 80 EXTRA BONDS
Info: READ 80 EXTRA ANGLES
Warning: EXTRA ANGLES ARE COSINE-BASED BY DEFAULT TO MATCH PREVIOUS VERSIONS
Warning: FOR NORMAL HARMONIC EXTRA ANGLES SET extraBondsCosAngles off
Info: READ 493 EXTRA DIHEDRALS
Info: READ 438 EXTRA IMPROPERS
Info: Reading pdb file 1ake-docked-noh_autopsf.pdb
Info: TIME FOR READING PDB FILE: 0.0762539
Info: 
Info: ****************************
Info: STRUCTURE SUMMARY:
Info: 3341 ATOMS
Info: 3445 BONDS
Info: 6203 ANGLES
Info: 9414 DIHEDRALS
Info: 1005 IMPROPERS
Info: 212 CROSSTERMS
Info: 0 EXCLUSIONS
Info: 0 RIGID BONDS
Info: 1 GRIDS ACTIVE
Info: 10023 DEGREES OF FREEDOM
Info: 1656 HYDROGEN GROUPS
Info: 4 ATOMS IN LARGEST HYDROGEN GROUP
Info: 1656 MIGRATION GROUPS
Info: 4 ATOMS IN LARGEST MIGRATION GROUP
Info: TOTAL MASS = 23582 amu
Info: TOTAL CHARGE = -4 e
Info: *****************************
Info: Reading from binary file 0_3_adk-step1.restart.coor
Info: 
Info: Entering startup at 2.79684 s, 799.75 MB of memory in use
Info: Startup phase 0 took 0.000252017 s, 799.875 MB of memory in use
Info: ADDED 18308 IMPLICIT EXCLUSIONS
Info: Startup phase 1 took 0.00937864 s, 800 MB of memory in use
Info: NONBONDED TABLE R-SQUARED SPACING: 0.0625
Info: NONBONDED TABLE SIZE: 705 POINTS
Info: ABSOLUTE IMPRECISION IN FAST TABLE ENERGY: 3.38813e-21 AT 9.89634
Info: RELATIVE IMPRECISION IN FAST TABLE ENERGY: 4.23384e-15 AT 9.94673
Info: ABSOLUTE IMPRECISION IN FAST TABLE FORCE: 6.35275e-22 AT 9.94673
Info: RELATIVE IMPRECISION IN FAST TABLE FORCE: 5.07982e-16 AT 9.94673
Info: INCONSISTENCY IN FAST TABLE ENERGY VS FORCE: 0.000290185 AT 0.251946
Info: ABSOLUTE IMPRECISION IN VDWA TABLE ENERGY: 1.57772e-30 AT 9.89634
Info: RELATIVE IMPRECISION IN VDWA TABLE ENERGY: 4.54938e-15 AT 9.94673
Info: ABSOLUTE IMPRECISION IN VDWA TABLE FORCE: 5.91646e-31 AT 9.94673
Info: RELATIVE IMPRECISION IN VDWA TABLE FORCE: 5.6823e-16 AT 9.94673
Info: INCONSISTENCY IN VDWA TABLE ENERGY VS FORCE: 0.0040507 AT 0.251946
Info: ABSOLUTE IMPRECISION IN VDWB TABLE ENERGY: 4.71751e-25 AT 9.94673
Info: RELATIVE IMPRECISION IN VDWB TABLE ENERGY: 1.45371e-14 AT 9.94673
Info: ABSOLUTE IMPRECISION IN VDWB TABLE FORCE: 6.20385e-25 AT 9.94673
Info: RELATIVE IMPRECISION IN VDWB TABLE FORCE: 5.97512e-16 AT 9.94673
Info: INCONSISTENCY IN VDWB TABLE ENERGY VS FORCE: 0.00377068 AT 9.07951
Info: Startup phase 2 took 0.000784466 s, 801 MB of memory in use
Info: Startup phase 3 took 0.000200175 s, 801.062 MB of memory in use
Info: Startup phase 4 took 0.000335754 s, 801.188 MB of memory in use
Info: Startup phase 5 took 0.000198365 s, 801.188 MB of memory in use
Info: ORIGINAL ATOMS MINMAX IS -20.5694 -33.3892 -37.433  16.9757 19.6461 17.2872
Info: ADJUSTED ATOMS MINMAX IS -16.5771 -27.7325 -31.7831  11.4247 12.6864 8.92652
Info: PATCH GRID IS 5 BY 3 BY 4
Info: PATCH GRID IS 2-AWAY BY 1-AWAY BY 1-AWAY
Info: Reading from binary file 0_3_adk-step1.restart.vel
Info: REMOVING COM VELOCITY -0.0843941 0.0297366 -0.0898597
Info: LARGEST PATCH (33) HAS 145 ATOMS
Info: TORUS A SIZE 1 USING 0
Info: TORUS B SIZE 1 USING 0
Info: TORUS C SIZE 1 USING 0
Info: TORUS MINIMAL MESH SIZE IS 1 BY 1 BY 1
Info: Placed 100% of base nodes on same physical node as patch
Info: Startup phase 6 took 0.00923197 s, 801.25 MB of memory in use
Info: Startup phase 7 took 0.000197875 s, 802.438 MB of memory in use
Info: Updated CUDA force table with 4096 elements.
Info: Updated CUDA LJ table with 53 x 53 elements.
Info: Updated CUDA force table with 4096 elements.
Info: Updated CUDA LJ table with 53 x 53 elements.
Info: Updated CUDA force table with 4096 elements.
Info: Updated CUDA force table with 4096 elements.
Info: Updated CUDA LJ table with 53 x 53 elements.
Info: Updated CUDA LJ table with 53 x 53 elements.
Info: Updated CUDA force table with 4096 elements.
Info: Updated CUDA LJ table with 53 x 53 elements.
Info: Updated CUDA force table with 4096 elements.
Info: Updated CUDA LJ table with 53 x 53 elements.
Info: Startup phase 8 took 0.00360662 s, 802.625 MB of memory in use
Info: Startup phase 9 took 0.000505264 s, 802.75 MB of memory in use
Info: Startup phase 10 took 0.000185905 s, 803.062 MB of memory in use
Info: Startup phase 11 took 0.000856891 s, 803.062 MB of memory in use
LDB: Central LB being created...
Info: Startup phase 12 took 0.0022455 s, 803.812 MB of memory in use
Info: CREATING 1451 COMPUTE OBJECTS
Info: Found 278 unique exclusion lists needing 900 bytes
Info: Found 278 unique exclusion lists needing 900 bytes
Info: Found 278 unique exclusion lists needing 900 bytes
Info: Found 278 unique exclusion lists needing 900 bytes
Info: Found 278 unique exclusion lists needing 900 bytes
Info: Found 278 unique exclusion lists needing 900 bytes
Info: useSync: 0 useProxySync: 0
Info: Startup phase 13 took 0.0164311 s, 804.688 MB of memory in use
Info: Building spanning tree ... send: 1 recv: 0 with branch factor 4
Info: Startup phase 14 took 0.000238262 s, 804.812 MB of memory in use
Info: Startup phase 15 took 0.000329593 s, 804.875 MB of memory in use
Info: Finished startup at 2.84182 s, 805.062 MB of memory in use

TCL: Running for 5000 steps
PRESSURE: 0 0 0 0 0 0 0 0 0 0
GPRESSURE: 0 0 0 0 0 0 0 0 0 0
ETITLE:      TS           BOND          ANGLE          DIHED          IMPRP               ELECT            VDW       BOUNDARY           MISC        KINETIC               TOTAL           TEMP      POTENTIAL         TOTAL3        TEMPAVG

ENERGY:       0      1128.6683      1685.3887      2051.4947       154.0022            -40.9861      -782.6568         0.0000      2638.0980      2903.4806           9737.4896       291.5490      6834.0090      9762.4140       291.5490

LDB: ============= START OF LOAD BALANCING ============== 2.85747
Info: useSync: 0 useProxySync: 0
LDB: ============== END OF LOAD BALANCING =============== 2.85752
LDB: =============== DONE WITH MIGRATION ================ 2.85761
LDB: ============= START OF LOAD BALANCING ============== 2.90991
LDB: Partitioning computes with target load 0.000000
LDB: Increased migratable compute count from 0 to 0
LDB: Largest unpartitionable compute is 0.000000
LDB: ============== END OF LOAD BALANCING =============== 2.91029
Info: build node-aware spanning tree with send: 1, recv: 0 with branch factor 4
Info: useSync: 0 useProxySync: 0
LDB: =============== DONE WITH MIGRATION ================ 2.91121
PRESSURE: 100 0 0 0 0 0 0 0 0 0
GPRESSURE: 100 0 0 0 0 0 0 0 0 0
PRESSAVG: 100 0 0 0 0 0 0 0 0 0
GPRESSAVG: 100 0 0 0 0 0 0 0 0 0
Info: Initial time: 42 CPUs 0.000658815 s/step 0.00762518 days/ns 831.625 MB memory
ENERGY:     100      1086.4901      1725.5503      2080.4595       141.0155            -41.8130      -799.0326         0.0000      2637.4694      2899.4738           9729.6130       291.1467      6830.1392      9750.7363       295.2102

LDB: ============= START OF LOAD BALANCING ============== 2.92451
LDB: ============== END OF LOAD BALANCING =============== 2.92455
Info: useSync: 0 useProxySync: 0
LDB: =============== DONE WITH MIGRATION ================ 2.92464
LDB: ============= START OF LOAD BALANCING ============== 2.97638
LDB: TIME 2.9767 LOAD: AVG 0.0137311 MAX 0.040811  PROXIES: TOTAL 213 MAXPE 10 MAXPATCH 7 None MEM: 833.125 MB
LDB: TIME 2.97694 LOAD: AVG 0.0137311 MAX 0.040811  PROXIES: TOTAL 213 MAXPE 10 MAXPATCH 7 TorusLB MEM: 833.312 MB
LDB: ============== END OF LOAD BALANCING =============== 2.97721
Info: build node-aware spanning tree with send: 1, recv: 0 with branch factor 4
Info: useSync: 0 useProxySync: 0
LDB: =============== DONE WITH MIGRATION ================ 2.97808
PRESSURE: 200 0 0 0 0 0 0 0 0 0
GPRESSURE: 200 0 0 0 0 0 0 0 0 0
PRESSAVG: 200 0 0 0 0 0 0 0 0 0
GPRESSAVG: 200 0 0 0 0 0 0 0 0 0
Info: Initial time: 42 CPUs 0.000645899 s/step 0.00747568 days/ns 833.312 MB memory
ENERGY:     200      1094.5064      1671.9368      2052.9640       160.0487            -41.7552      -782.6495         0.0000      2636.3776      2935.1878           9726.6167       294.7329      6791.4289      9747.7465       293.5559

LDB: ============= START OF LOAD BALANCING ============== 3.04296
LDB: TIME 3.04325 LOAD: AVG 0.0171348 MAX 0.0502957  PROXIES: TOTAL 213 MAXPE 10 MAXPATCH 7 None MEM: 834.25 MB
LDB: TIME 3.04346 LOAD: AVG 0.0171348 MAX 0.0502957  PROXIES: TOTAL 213 MAXPE 10 MAXPATCH 7 RefineTorusLB MEM: 834.25 MB
LDB: TIME 3.04361 LOAD: AVG 0.0171348 MAX 0.0502957  PROXIES: TOTAL 213 MAXPE 10 MAXPATCH 7 RefineTorusLB MEM: 834.25 MB
LDB: Reverting to original mapping
LDB: ============== END OF LOAD BALANCING =============== 3.04389
Info: build node-aware spanning tree with send: 1, recv: 0 with branch factor 4
Info: useSync: 0 useProxySync: 0
LDB: =============== DONE WITH MIGRATION ================ 3.04478
PRESSURE: 300 0 0 0 0 0 0 0 0 0
GPRESSURE: 300 0 0 0 0 0 0 0 0 0
PRESSAVG: 300 0 0 0 0 0 0 0 0 0
GPRESSAVG: 300 0 0 0 0 0 0 0 0 0
Info: Initial time: 42 CPUs 0.000647659 s/step 0.00749606 days/ns 834.25 MB memory
ENERGY:     300      1105.4284      1680.9707      2076.4005       141.9753            -41.2606      -767.7983         0.0000      2634.6876      2897.1591           9727.5626       290.9142      6830.4035      9749.7559       296.0339

LDB: ============= START OF LOAD BALANCING ============== 3.10831
LDB: TIME 3.10859 LOAD: AVG 0.0171399 MAX 0.0501344  PROXIES: TOTAL 213 MAXPE 10 MAXPATCH 7 None MEM: 835.062 MB
LDB: TIME 3.1088 LOAD: AVG 0.0171399 MAX 0.0501344  PROXIES: TOTAL 213 MAXPE 10 MAXPATCH 7 RefineTorusLB MEM: 835.062 MB
LDB: TIME 3.10895 LOAD: AVG 0.0171399 MAX 0.0501344  PROXIES: TOTAL 213 MAXPE 10 MAXPATCH 7 RefineTorusLB MEM: 835.062 MB
LDB: ============== END OF LOAD BALANCING =============== 3.10925
Info: build node-aware spanning tree with send: 1, recv: 0 with branch factor 4
Info: useSync: 0 useProxySync: 0
LDB: =============== DONE WITH MIGRATION ================ 3.11016
PRESSURE: 400 0 0 0 0 0 0 0 0 0
GPRESSURE: 400 0 0 0 0 0 0 0 0 0
PRESSAVG: 400 0 0 0 0 0 0 0 0 0
GPRESSAVG: 400 0 0 0 0 0 0 0 0 0
Info: Benchmark time: 42 CPUs 0.000633701 s/step 0.0073345 days/ns 835.062 MB memory
ENERGY:     400      1067.9134      1661.1615      2075.5980       145.0640            -41.2537      -773.1140         0.0000      2631.3591      2976.2100           9742.9382       298.8520      6766.7282      9771.7761       293.9676

PRESSURE: 500 0 0 0 0 0 0 0 0 0
GPRESSURE: 500 0 0 0 0 0 0 0 0 0
PRESSAVG: 500 0 0 0 0 0 0 0 0 0
GPRESSAVG: 500 0 0 0 0 0 0 0 0 0
Info: Benchmark time: 42 CPUs 0.000650357 s/step 0.00752729 days/ns 835.75 MB memory
ENERGY:     500      1080.1521      1650.6674      2077.9754       152.9922            -40.7622      -759.7254         0.0000      2625.3488      2968.2935           9754.9420       298.0571      6786.6485      9781.6554       295.8083

PRESSURE: 600 0 0 0 0 0 0 0 0 0
GPRESSURE: 600 0 0 0 0 0 0 0 0 0
PRESSAVG: 600 0 0 0 0 0 0 0 0 0
GPRESSAVG: 600 0 0 0 0 0 0 0 0 0
Info: Benchmark time: 42 CPUs 0.000649216 s/step 0.00751407 days/ns 835.75 MB memory
ENERGY:     600      1095.5374      1666.8877      2082.4272       151.6515            -42.0232      -784.4395         0.0000      2621.9157      2961.8195           9753.7763       297.4070      6791.9568      9778.3621       297.0082

PRESSURE: 700 0 0 0 0 0 0 0 0 0
GPRESSURE: 700 0 0 0 0 0 0 0 0 0
PRESSAVG: 700 0 0 0 0 0 0 0 0 0
GPRESSAVG: 700 0 0 0 0 0 0 0 0 0
Info: Benchmark time: 42 CPUs 0.000649516 s/step 0.00751754 days/ns 835.75 MB memory
ENERGY:     700      1068.8196      1674.5159      2056.9338       160.1613            -41.8462      -775.2418         0.0000      2624.7763      2991.4509           9759.5696       300.3824      6768.1187      9786.4450       298.3231

PRESSURE: 800 0 0 0 0 0 0 0 0 0
GPRESSURE: 800 0 0 0 0 0 0 0 0 0
PRESSAVG: 800 0 0 0 0 0 0 0 0 0
GPRESSAVG: 800 0 0 0 0 0 0 0 0 0
Info: Benchmark time: 42 CPUs 0.000646228 s/step 0.00747949 days/ns 835.75 MB memory
ENERGY:     800      1101.6953      1684.4038      2041.1788       154.9763            -41.3553      -747.2775         0.0000      2618.1411      2970.9660           9782.7286       298.3255      6811.7626      9806.6340       297.3961

PRESSURE: 900 0 0 0 0 0 0 0 0 0
GPRESSURE: 900 0 0 0 0 0 0 0 0 0
PRESSAVG: 900 0 0 0 0 0 0 0 0 0
GPRESSAVG: 900 0 0 0 0 0 0 0 0 0
Info: Benchmark time: 42 CPUs 0.00064943 s/step 0.00751655 days/ns 835.75 MB memory
ENERGY:     900      1078.5360      1682.6712      2075.9927       143.4767            -41.0418      -784.0299         0.0000      2613.5795      2980.1686           9749.3530       299.2495      6769.1844      9773.3404       297.3515

PRESSURE: 1000 0 0 0 0 0 0 0 0 0
GPRESSURE: 1000 0 0 0 0 0 0 0 0 0
PRESSAVG: 1000 0 0 0 0 0 0 0 0 0
GPRESSAVG: 1000 0 0 0 0 0 0 0 0 0
TIMING: 1000  CPU: 0.675941, 0.000656228/step  Wall: 0.677084, 0.000656777/step, 0.000729752 hours remaining, 835.750000 MB of memory in use.
ETITLE:      TS           BOND          ANGLE          DIHED          IMPRP               ELECT            VDW       BOUNDARY           MISC        KINETIC               TOTAL           TEMP      POTENTIAL         TOTAL3        TEMPAVG

ENERGY:    1000      1104.6952      1648.6583      2069.7473       145.5464            -41.1848      -748.9125         0.0000      2605.3846      3002.3356           9786.2701       301.4754      6783.9345      9812.1654       296.3647

WRITING EXTENDED SYSTEM TO RESTART FILE AT STEP 1000
OPENING COORDINATE DCD FILE
WRITING COORDINATES TO DCD FILE adk-step1.dcd AT STEP 1000
WRITING COORDINATES TO RESTART FILE AT STEP 1000
FINISHED WRITING RESTART COORDINATES
The last position output (seq=1000) takes 0.004 seconds, 835.875 MB of memory in use
WRITING VELOCITIES TO RESTART FILE AT STEP 1000
FINISHED WRITING RESTART VELOCITIES
The last velocity output (seq=1000) takes 0.002 seconds, 835.938 MB of memory in use
PRESSURE: 1100 0 0 0 0 0 0 0 0 0
GPRESSURE: 1100 0 0 0 0 0 0 0 0 0
PRESSAVG: 1100 0 0 0 0 0 0 0 0 0
GPRESSAVG: 1100 0 0 0 0 0 0 0 0 0
ENERGY:    1100      1113.8763      1665.4888      2078.3703       154.5726            -41.0838      -776.4910         0.0000      2610.2548      3014.1369           9819.1248       302.6604      6804.9879      9842.4452       299.2501

PRESSURE: 1200 0 0 0 0 0 0 0 0 0
GPRESSURE: 1200 0 0 0 0 0 0 0 0 0
PRESSAVG: 1200 0 0 0 0 0 0 0 0 0
GPRESSAVG: 1200 0 0 0 0 0 0 0 0 0
ENERGY:    1200      1132.0715      1675.7533      2074.7914       144.9620            -40.7063      -754.9336         0.0000      2609.5905      3027.7701           9869.2991       304.0294      6841.5289      9894.9533       301.5094

PRESSURE: 1300 0 0 0 0 0 0 0 0 0
GPRESSURE: 1300 0 0 0 0 0 0 0 0 0
PRESSAVG: 1300 0 0 0 0 0 0 0 0 0
GPRESSAVG: 1300 0 0 0 0 0 0 0 0 0
ENERGY:    1300      1105.8352      1726.7796      2084.3900       160.0355            -39.9693      -805.2603         0.0000      2617.8782      2999.2682           9848.9572       301.1674      6849.6889      9872.2342       302.8849

PRESSURE: 1400 0 0 0 0 0 0 0 0 0
GPRESSURE: 1400 0 0 0 0 0 0 0 0 0
PRESSAVG: 1400 0 0 0 0 0 0 0 0 0
GPRESSAVG: 1400 0 0 0 0 0 0 0 0 0
ENERGY:    1400      1115.7753      1695.9724      2073.6614       154.9409            -40.7364      -798.5427         0.0000      2611.2882      3038.9886           9851.3477       305.1559      6812.3592      9872.3141       303.3127

PRESSURE: 1500 0 0 0 0 0 0 0 0 0
GPRESSURE: 1500 0 0 0 0 0 0 0 0 0
PRESSAVG: 1500 0 0 0 0 0 0 0 0 0
GPRESSAVG: 1500 0 0 0 0 0 0 0 0 0
ENERGY:    1500      1074.9447      1750.0635      2099.1827       163.0193            -40.3188      -794.5365         0.0000      2607.3758      3014.9404           9874.6710       302.7411      6859.7306      9895.6791       302.8280

PRESSURE: 1600 0 0 0 0 0 0 0 0 0
GPRESSURE: 1600 0 0 0 0 0 0 0 0 0
PRESSAVG: 1600 0 0 0 0 0 0 0 0 0
GPRESSAVG: 1600 0 0 0 0 0 0 0 0 0
ENERGY:    1600      1061.8193      1713.0656      2084.3892       170.7295            -40.5545      -764.4636         0.0000      2593.3598      3027.5798           9845.9250       304.0103      6818.3452      9869.2973       303.8462

PRESSURE: 1700 0 0 0 0 0 0 0 0 0
GPRESSURE: 1700 0 0 0 0 0 0 0 0 0
PRESSAVG: 1700 0 0 0 0 0 0 0 0 0
GPRESSAVG: 1700 0 0 0 0 0 0 0 0 0
ENERGY:    1700      1089.8369      1704.5683      2073.0222       151.7597            -40.6614      -778.8779         0.0000      2595.8522      3052.7953           9848.2954       306.5422      6795.5001      9876.0517       301.8598

PRESSURE: 1800 0 0 0 0 0 0 0 0 0
GPRESSURE: 1800 0 0 0 0 0 0 0 0 0
PRESSAVG: 1800 0 0 0 0 0 0 0 0 0
GPRESSAVG: 1800 0 0 0 0 0 0 0 0 0
ENERGY:    1800      1073.7593      1698.0788      2081.2453       153.3102            -41.0327      -797.6070         0.0000      2597.2148      3069.8505           9834.8192       308.2548      6764.9687      9863.9858       302.1419

PRESSURE: 1900 0 0 0 0 0 0 0 0 0
GPRESSURE: 1900 0 0 0 0 0 0 0 0 0
PRESSAVG: 1900 0 0 0 0 0 0 0 0 0
GPRESSAVG: 1900 0 0 0 0 0 0 0 0 0
ENERGY:    1900      1095.7972      1679.0680      2097.7867       162.0849            -40.5761      -752.3626         0.0000      2589.3316      2976.6804           9807.8101       298.8993      6831.1298      9836.5627       301.8496

WRITING COORDINATES TO DCD FILE adk-step1.dcd AT STEP 2000
WRITING COORDINATES TO RESTART FILE AT STEP 2000
FINISHED WRITING RESTART COORDINATES
The last position output (seq=2000) takes 0.003 seconds, 835.938 MB of memory in use
WRITING VELOCITIES TO RESTART FILE AT STEP 2000
FINISHED WRITING RESTART VELOCITIES
The last velocity output (seq=2000) takes 0.002 seconds, 835.938 MB of memory in use
PRESSURE: 2000 0 0 0 0 0 0 0 0 0
GPRESSURE: 2000 0 0 0 0 0 0 0 0 0
PRESSAVG: 2000 0 0 0 0 0 0 0 0 0
GPRESSAVG: 2000 0 0 0 0 0 0 0 0 0
TIMING: 2000  CPU: 1.33503, 0.000659089/step  Wall: 1.34554, 0.000668453/step, 0.000557044 hours remaining, 835.937500 MB of memory in use.
ETITLE:      TS           BOND          ANGLE          DIHED          IMPRP               ELECT            VDW       BOUNDARY           MISC        KINETIC               TOTAL           TEMP      POTENTIAL         TOTAL3        TEMPAVG

ENERGY:    2000      1139.9250      1666.9920      2046.3894       144.7756            -40.1775      -782.3212         0.0000      2591.6652      3015.2927           9782.5412       302.7765      6767.2485      9802.8401       299.5307

WRITING EXTENDED SYSTEM TO RESTART FILE AT STEP 2000
PRESSURE: 2100 0 0 0 0 0 0 0 0 0
GPRESSURE: 2100 0 0 0 0 0 0 0 0 0
PRESSAVG: 2100 0 0 0 0 0 0 0 0 0
GPRESSAVG: 2100 0 0 0 0 0 0 0 0 0
ENERGY:    2100      1111.5373      1714.1854      2078.3739       147.7702            -39.6549      -785.2871         0.0000      2598.3553      2948.8580           9774.1382       296.1055      6825.2802      9799.4753       301.1026

PRESSURE: 2200 0 0 0 0 0 0 0 0 0
GPRESSURE: 2200 0 0 0 0 0 0 0 0 0
PRESSAVG: 2200 0 0 0 0 0 0 0 0 0
GPRESSAVG: 2200 0 0 0 0 0 0 0 0 0
ENERGY:    2200      1100.7705      1742.1435      2063.1825       140.8444            -40.4805      -771.8303         0.0000      2592.4587      2984.9398           9812.0286       299.7286      6827.0888      9837.1630       301.5218

PRESSURE: 2300 0 0 0 0 0 0 0 0 0
GPRESSURE: 2300 0 0 0 0 0 0 0 0 0
PRESSAVG: 2300 0 0 0 0 0 0 0 0 0
GPRESSAVG: 2300 0 0 0 0 0 0 0 0 0
ENERGY:    2300      1113.5793      1729.6472      2076.3086       150.4090            -39.9698      -809.3021         0.0000      2593.5549      3000.8605           9815.0876       301.3273      6814.2271      9839.7232       299.5658

PRESSURE: 2400 0 0 0 0 0 0 0 0 0
GPRESSURE: 2400 0 0 0 0 0 0 0 0 0
PRESSAVG: 2400 0 0 0 0 0 0 0 0 0
GPRESSAVG: 2400 0 0 0 0 0 0 0 0 0
ENERGY:    2400      1081.1727      1660.7027      2086.0086       147.9630            -40.0365      -796.4759         0.0000      2581.9525      3041.9566           9763.2436       305.4539      6721.2871      9792.5361       300.0524

PRESSURE: 2500 0 0 0 0 0 0 0 0 0
GPRESSURE: 2500 0 0 0 0 0 0 0 0 0
PRESSAVG: 2500 0 0 0 0 0 0 0 0 0
GPRESSAVG: 2500 0 0 0 0 0 0 0 0 0
ENERGY:    2500      1066.9034      1714.3425      2076.0043       151.3239            -39.4802      -799.6967         0.0000      2572.2210      3007.5453           9749.1635       301.9985      6741.6182      9773.4593       299.2514

PRESSURE: 2600 0 0 0 0 0 0 0 0 0
GPRESSURE: 2600 0 0 0 0 0 0 0 0 0
PRESSAVG: 2600 0 0 0 0 0 0 0 0 0
GPRESSAVG: 2600 0 0 0 0 0 0 0 0 0
ENERGY:    2600      1120.3041      1679.0908      2085.4506       137.9501            -40.0309      -757.5098         0.0000      2566.9445      2949.4657           9741.6652       296.1666      6792.1995      9765.5801       300.3503

PRESSURE: 2700 0 0 0 0 0 0 0 0 0
GPRESSURE: 2700 0 0 0 0 0 0 0 0 0
PRESSAVG: 2700 0 0 0 0 0 0 0 0 0
GPRESSAVG: 2700 0 0 0 0 0 0 0 0 0
ENERGY:    2700      1092.1349      1670.1940      2087.9621       148.6334            -40.8522      -775.7053         0.0000      2567.6213      2938.7572           9688.7454       295.0913      6749.9882      9716.3847       295.5870

PRESSURE: 2800 0 0 0 0 0 0 0 0 0
GPRESSURE: 2800 0 0 0 0 0 0 0 0 0
PRESSAVG: 2800 0 0 0 0 0 0 0 0 0
GPRESSAVG: 2800 0 0 0 0 0 0 0 0 0
ENERGY:    2800      1114.4287      1687.4912      2089.1288       150.4181            -41.0017      -762.7170         0.0000      2568.9093      2909.7367           9716.3940       292.1772      6806.6574      9743.4046       296.5645

PRESSURE: 2900 0 0 0 0 0 0 0 0 0
GPRESSURE: 2900 0 0 0 0 0 0 0 0 0
PRESSAVG: 2900 0 0 0 0 0 0 0 0 0
GPRESSAVG: 2900 0 0 0 0 0 0 0 0 0
ENERGY:    2900      1033.3079      1667.1214      2093.8054       161.2337            -40.3829      -776.6849         0.0000      2571.4393      2993.3876           9703.2274       300.5769      6709.8398      9730.5951       295.9140

PRESSURE: 3000 0 0 0 0 0 0 0 0 0
GPRESSURE: 3000 0 0 0 0 0 0 0 0 0
PRESSAVG: 3000 0 0 0 0 0 0 0 0 0
GPRESSAVG: 3000 0 0 0 0 0 0 0 0 0
TIMING: 3000  CPU: 1.97884, 0.000643809/step  Wall: 1.99426, 0.000648723/step, 0.000360402 hours remaining, 835.937500 MB of memory in use.
ETITLE:      TS           BOND          ANGLE          DIHED          IMPRP               ELECT            VDW       BOUNDARY           MISC        KINETIC               TOTAL           TEMP      POTENTIAL         TOTAL3        TEMPAVG

ENERGY:    3000      1093.3737      1756.4068      2074.9348       145.5678            -40.5377      -775.5057         0.0000      2571.2756      2934.8337           9760.3490       294.6973      6825.5153      9780.7123       298.2821

WRITING EXTENDED SYSTEM TO RESTART FILE AT STEP 3000
WRITING COORDINATES TO DCD FILE adk-step1.dcd AT STEP 3000
WRITING COORDINATES TO RESTART FILE AT STEP 3000
FINISHED WRITING RESTART COORDINATES
The last position output (seq=3000) takes 0.002 seconds, 835.938 MB of memory in use
WRITING VELOCITIES TO RESTART FILE AT STEP 3000
FINISHED WRITING RESTART VELOCITIES
The last velocity output (seq=3000) takes 0.002 seconds, 835.938 MB of memory in use
PRESSURE: 3100 0 0 0 0 0 0 0 0 0
GPRESSURE: 3100 0 0 0 0 0 0 0 0 0
PRESSAVG: 3100 0 0 0 0 0 0 0 0 0
GPRESSAVG: 3100 0 0 0 0 0 0 0 0 0
ENERGY:    3100      1113.4117      1702.4228      2080.5135       155.8235            -40.4357      -772.9063         0.0000      2570.6563      2931.5018           9740.9875       294.3627      6809.4857      9766.1918       297.6859

PRESSURE: 3200 0 0 0 0 0 0 0 0 0
GPRESSURE: 3200 0 0 0 0 0 0 0 0 0
PRESSAVG: 3200 0 0 0 0 0 0 0 0 0
GPRESSAVG: 3200 0 0 0 0 0 0 0 0 0
ENERGY:    3200      1064.9791      1727.5845      2076.2479       154.3392            -40.6719      -779.6569         0.0000      2570.2559      2968.9402           9742.0180       298.1221      6773.0778      9765.2161       297.9668

PRESSURE: 3300 0 0 0 0 0 0 0 0 0
GPRESSURE: 3300 0 0 0 0 0 0 0 0 0
PRESSAVG: 3300 0 0 0 0 0 0 0 0 0
GPRESSAVG: 3300 0 0 0 0 0 0 0 0 0
ENERGY:    3300      1150.9517      1674.5081      2091.0303       164.6489            -38.9372      -798.2834         0.0000      2570.3738      2902.3841           9716.6762       291.4389      6814.2921      9734.2038       296.5706

PRESSURE: 3400 0 0 0 0 0 0 0 0 0
GPRESSURE: 3400 0 0 0 0 0 0 0 0 0
PRESSAVG: 3400 0 0 0 0 0 0 0 0 0
GPRESSAVG: 3400 0 0 0 0 0 0 0 0 0
ENERGY:    3400      1080.6852      1692.5990      2092.8830       148.0192            -40.0671      -768.4095         0.0000      2555.2870      2983.5438           9744.5406       299.5885      6760.9967      9771.9440       297.6963

PRESSURE: 3500 0 0 0 0 0 0 0 0 0
GPRESSURE: 3500 0 0 0 0 0 0 0 0 0
PRESSAVG: 3500 0 0 0 0 0 0 0 0 0
GPRESSAVG: 3500 0 0 0 0 0 0 0 0 0
ENERGY:    3500      1086.2006      1713.5694      2093.6088       143.4047            -39.6766      -775.9137         0.0000      2553.0294      2964.1635           9738.3862       297.6424      6774.2227      9761.5491       297.8328

PRESSURE: 3600 0 0 0 0 0 0 0 0 0
GPRESSURE: 3600 0 0 0 0 0 0 0 0 0
PRESSAVG: 3600 0 0 0 0 0 0 0 0 0
GPRESSAVG: 3600 0 0 0 0 0 0 0 0 0
ENERGY:    3600      1060.5490      1698.1109      2089.1691       159.4709            -39.4866      -761.1095         0.0000      2545.8264      3005.0468           9757.5769       301.7476      6752.5301      9780.4609       299.7285

PRESSURE: 3700 0 0 0 0 0 0 0 0 0
GPRESSURE: 3700 0 0 0 0 0 0 0 0 0
PRESSAVG: 3700 0 0 0 0 0 0 0 0 0
GPRESSAVG: 3700 0 0 0 0 0 0 0 0 0
ENERGY:    3700      1099.9912      1696.7576      2108.8984       154.0715            -39.7447      -746.1308         0.0000      2534.7675      2964.3417           9772.9524       297.6603      6808.6107      9795.6117       302.3672

PRESSURE: 3800 0 0 0 0 0 0 0 0 0
GPRESSURE: 3800 0 0 0 0 0 0 0 0 0
PRESSAVG: 3800 0 0 0 0 0 0 0 0 0
GPRESSAVG: 3800 0 0 0 0 0 0 0 0 0
ENERGY:    3800      1103.9117      1726.5633      2078.2571       159.5467            -40.2246      -754.4999         0.0000      2532.8635      2986.6377           9793.0557       299.8991      6806.4181      9810.2873       302.0248

PRESSURE: 3900 0 0 0 0 0 0 0 0 0
GPRESSURE: 3900 0 0 0 0 0 0 0 0 0
PRESSAVG: 3900 0 0 0 0 0 0 0 0 0
GPRESSAVG: 3900 0 0 0 0 0 0 0 0 0
ENERGY:    3900      1103.7482      1731.0557      2084.0402       148.0871            -40.3348      -769.6138         0.0000      2532.8622      2953.9610           9743.8059       296.6179      6789.8449      9767.2667       301.6588

WRITING COORDINATES TO DCD FILE adk-step1.dcd AT STEP 4000
WRITING COORDINATES TO RESTART FILE AT STEP 4000
FINISHED WRITING RESTART COORDINATES
The last position output (seq=4000) takes 0.003 seconds, 835.938 MB of memory in use
WRITING VELOCITIES TO RESTART FILE AT STEP 4000
FINISHED WRITING RESTART VELOCITIES
The last velocity output (seq=4000) takes 0.002 seconds, 835.938 MB of memory in use
PRESSURE: 4000 0 0 0 0 0 0 0 0 0
GPRESSURE: 4000 0 0 0 0 0 0 0 0 0
PRESSAVG: 4000 0 0 0 0 0 0 0 0 0
GPRESSAVG: 4000 0 0 0 0 0 0 0 0 0
TIMING: 4000  CPU: 2.63711, 0.000658272/step  Wall: 2.67816, 0.000683904/step, 0.000189973 hours remaining, 835.937500 MB of memory in use.
ETITLE:      TS           BOND          ANGLE          DIHED          IMPRP               ELECT            VDW       BOUNDARY           MISC        KINETIC               TOTAL           TEMP      POTENTIAL         TOTAL3        TEMPAVG

ENERGY:    4000      1101.9075      1668.7805      2088.6382       134.8230            -40.0079      -782.2606         0.0000      2535.7875      2986.0814           9693.7496       299.8433      6707.6682      9719.5547       298.0434

WRITING EXTENDED SYSTEM TO RESTART FILE AT STEP 4000
PRESSURE: 4100 0 0 0 0 0 0 0 0 0
GPRESSURE: 4100 0 0 0 0 0 0 0 0 0
PRESSAVG: 4100 0 0 0 0 0 0 0 0 0
GPRESSAVG: 4100 0 0 0 0 0 0 0 0 0
ENERGY:    4100      1069.7482      1712.9531      2081.3520       142.4584            -40.5831      -796.1894         0.0000      2539.2899      2982.1121           9691.1411       299.4447      6709.0291      9712.4506       297.1333

PRESSURE: 4200 0 0 0 0 0 0 0 0 0
GPRESSURE: 4200 0 0 0 0 0 0 0 0 0
PRESSAVG: 4200 0 0 0 0 0 0 0 0 0
GPRESSAVG: 4200 0 0 0 0 0 0 0 0 0
ENERGY:    4200      1085.3782      1649.4157      2092.4498       149.7532            -40.2459      -790.4276         0.0000      2532.7564      3014.9679           9694.0477       302.7439      6679.0799      9719.1353       297.2548

LDB: ============= START OF LOAD BALANCING ============== 5.69798
LDB: ============== END OF LOAD BALANCING =============== 5.69807
Info: useSync: 0 useProxySync: 0
LDB: =============== DONE WITH MIGRATION ================ 5.69819
PRESSURE: 4300 0 0 0 0 0 0 0 0 0
GPRESSURE: 4300 0 0 0 0 0 0 0 0 0
PRESSAVG: 4300 0 0 0 0 0 0 0 0 0
GPRESSAVG: 4300 0 0 0 0 0 0 0 0 0
ENERGY:    4300      1158.2864      1656.1948      2117.8307       160.3928            -40.9760      -792.6463         0.0000      2533.1612      2969.5011           9761.7447       298.1784      6792.2436      9783.8541       298.7359

LDB: ============= START OF LOAD BALANCING ============== 5.76273
LDB: TIME 5.76306 LOAD: AVG 0.0169848 MAX 0.0497098  PROXIES: TOTAL 213 MAXPE 10 MAXPATCH 7 None MEM: 835.938 MB
LDB: TIME 5.76329 LOAD: AVG 0.0169848 MAX 0.0497098  PROXIES: TOTAL 213 MAXPE 10 MAXPATCH 7 RefineTorusLB MEM: 836.125 MB
LDB: TIME 5.76345 LOAD: AVG 0.0169848 MAX 0.0497098  PROXIES: TOTAL 213 MAXPE 10 MAXPATCH 7 RefineTorusLB MEM: 836.125 MB
LDB: ============== END OF LOAD BALANCING =============== 5.76371
Info: build node-aware spanning tree with send: 1, recv: 0 with branch factor 4
Info: useSync: 0 useProxySync: 0
LDB: =============== DONE WITH MIGRATION ================ 5.7646
PRESSURE: 4400 0 0 0 0 0 0 0 0 0
GPRESSURE: 4400 0 0 0 0 0 0 0 0 0
PRESSAVG: 4400 0 0 0 0 0 0 0 0 0
GPRESSAVG: 4400 0 0 0 0 0 0 0 0 0
ENERGY:    4400      1135.2953      1712.5507      2078.8985       143.8895            -40.3797      -817.7298         0.0000      2540.2139      2958.1756           9710.9142       297.0411      6752.7386      9734.5336       299.0126

PRESSURE: 4500 0 0 0 0 0 0 0 0 0
GPRESSURE: 4500 0 0 0 0 0 0 0 0 0
PRESSAVG: 4500 0 0 0 0 0 0 0 0 0
GPRESSAVG: 4500 0 0 0 0 0 0 0 0 0
ENERGY:    4500      1107.9879      1692.2326      2098.9386       148.3162            -40.7641      -770.6550         0.0000      2532.6434      2909.2323           9677.9319       292.1266      6768.6996      9699.3829       296.5541

PRESSURE: 4600 0 0 0 0 0 0 0 0 0
GPRESSURE: 4600 0 0 0 0 0 0 0 0 0
PRESSAVG: 4600 0 0 0 0 0 0 0 0 0
GPRESSAVG: 4600 0 0 0 0 0 0 0 0 0
ENERGY:    4600      1091.8119      1737.6180      2084.8339       156.4523            -40.1776      -791.1587         0.0000      2525.8044      2897.2721           9662.4562       290.9256      6765.1842      9686.6857       295.8839

PRESSURE: 4700 0 0 0 0 0 0 0 0 0
GPRESSURE: 4700 0 0 0 0 0 0 0 0 0
PRESSAVG: 4700 0 0 0 0 0 0 0 0 0
GPRESSAVG: 4700 0 0 0 0 0 0 0 0 0
ENERGY:    4700      1107.0480      1615.2070      2101.9842       137.8552            -41.9881      -767.9497         0.0000      2523.2835      3016.9785           9692.4185       302.9458      6675.4400      9716.6551       297.3751

PRESSURE: 4800 0 0 0 0 0 0 0 0 0
GPRESSURE: 4800 0 0 0 0 0 0 0 0 0
PRESSAVG: 4800 0 0 0 0 0 0 0 0 0
GPRESSAVG: 4800 0 0 0 0 0 0 0 0 0
ENERGY:    4800      1082.2246      1700.2466      2070.4432       152.7855            -41.3023      -781.2887         0.0000      2521.4161      3029.9431           9734.4681       304.2476      6704.5251      9758.6746       298.6447

PRESSURE: 4900 0 0 0 0 0 0 0 0 0
GPRESSURE: 4900 0 0 0 0 0 0 0 0 0
PRESSAVG: 4900 0 0 0 0 0 0 0 0 0
GPRESSAVG: 4900 0 0 0 0 0 0 0 0 0
ENERGY:    4900      1074.0130      1713.3368      2076.3906       158.4695            -41.4292      -784.1466         0.0000      2519.6277      2932.8186           9649.0805       294.4950      6716.2619      9676.2913       297.7167

PRESSURE: 5000 0 0 0 0 0 0 0 0 0
GPRESSURE: 5000 0 0 0 0 0 0 0 0 0
PRESSAVG: 5000 0 0 0 0 0 0 0 0 0
GPRESSAVG: 5000 0 0 0 0 0 0 0 0 0
TIMING: 5000  CPU: 3.2394, 0.000602287/step  Wall: 3.28159, 0.000603427/step, 0 hours remaining, 836.125000 MB of memory in use.
ETITLE:      TS           BOND          ANGLE          DIHED          IMPRP               ELECT            VDW       BOUNDARY           MISC        KINETIC               TOTAL           TEMP      POTENTIAL         TOTAL3        TEMPAVG

ENERGY:    5000      1125.5636      1684.6305      2075.0333       140.2247            -41.7021      -795.4130         0.0000      2518.9219      2922.3940           9629.6529       293.4482      6707.2589      9654.7378       293.1842

WRITING EXTENDED SYSTEM TO RESTART FILE AT STEP 5000
WRITING VELOCITIES TO RESTART FILE AT STEP 5000
FINISHED WRITING RESTART VELOCITIES
The last velocity output (seq=5000) takes 0.002 seconds, 836.750 MB of memory in use
WRITING COORDINATES TO DCD FILE adk-step1.dcd AT STEP 5000
WRITING COORDINATES TO RESTART FILE AT STEP 5000
FINISHED WRITING RESTART COORDINATES
The last position output (seq=5000) takes 0.002 seconds, 836.750 MB of memory in use
WRITING EXTENDED SYSTEM TO OUTPUT FILE AT STEP 5000
WRITING COORDINATES TO OUTPUT FILE AT STEP 5000
CLOSING COORDINATE DCD FILE adk-step1.dcd
The last position output (seq=-2) takes 0.004 seconds, 836.750 MB of memory in use
WRITING VELOCITIES TO OUTPUT FILE AT STEP 5000
====================================================

WallClock: 6.116979  CPUTime: 4.447733  Memory: 836.750000 MB
End of program
