Info) VMD for SUMMIT, version 1.9.3 (December 12, 2019)
Info) http://www.ks.uiuc.edu/Research/vmd/                         
Info) Email questions and bug reports to vmd@ks.uiuc.edu           
Info) Please include this reference in published work using VMD:   
Info)    Humphrey, W., Dalke, A. and Schulten, K., `VMD - Visual   
Info)    Molecular Dynamics', J. Molec. Graphics 1996, 14.1, 33-38.
Info) -------------------------------------------------------------
Info) Initializing parallel VMD instances via MPI...
Info) Found 1 VMD MPI node containing a total of 176 CPUs and 0 GPUs:
Info)    0: 176 CPUs, 563.9GB (93%) free mem, 0 GPUs, Name: h23n11
Info) No CUDA accelerator devices available.
psfplugin) Detected a Charmm PSF file
Info) Using plugin psf for structure file 1ake-docked-noh_autopsf.psf
Info) Analyzing structure ...
Info)    Atoms: 3341
Info)    Bonds: 3365
Info)    Angles: 6123  Dihedrals: 8921  Impropers: 567  Cross-terms: 212
Info)    Bondtypes: 0  Angletypes: 0  Dihedraltypes: 0  Impropertypes: 0
Info)    Residues: 214
Info)    Waters: 0
Info)    Segments: 1
Info)    Fragments: 1   Protein: 1   Nucleic: 0
0
dcdplugin) detected standard 32-bit DCD file of native endianness
dcdplugin) CHARMM format DCD file (also NAMD 2.1 and later)
Info) Using plugin dcd for coordinates from file adk-step1.dcd
Info) Finished with coordinate file adk-step1.dcd.
0
cc.dat
0.5
atomselect0
Warning: guessing atomic number for atoms with unknown element...
Info) volmap: Computing bounding box coordinates
Info) volmap: grid minmax = {-23 -35 -39} {20 24 18}
Info) volmap: grid size = 43x59x57 (0.6 MB)
Info) volmap: writing file "/tmp/mdff_sim7850506486301546.dx".
MAP <- "/tmp/mdff_sim7850506486301546.dx"
MAP :: gaussian blur (sigma = 1.5, regular)
MAP :: pad by x:5 5 y:5 5 z:5 5
MAP -> "/tmp/mdff_corr7082358210851605.dx"

Stats for MAP:
  WEIGHT:    1
  AVERAGE:   0.0745396
  STDEV:     0.228063
  MIN:       0
  MAX:       2.29896
  PMF_AVG:   0.0545182

0.855673
Info) volmap: Computing bounding box coordinates
Info) volmap: grid minmax = {-23 -35 -39} {20 24 18}
Info) volmap: grid size = 43x59x57 (0.6 MB)
Info) volmap: writing file "/tmp/mdff_sim07681006196737758.dx".
MAP <- "/tmp/mdff_sim07681006196737758.dx"
MAP :: gaussian blur (sigma = 1.5, regular)
MAP :: pad by x:5 5 y:5 5 z:5 5
MAP -> "/tmp/mdff_corr30841774600949967.dx"

Stats for MAP:
  WEIGHT:    1
  AVERAGE:   0.0742042
  STDEV:     0.226557
  MIN:       0
  MAX:       2.27677
  PMF_AVG:   0.0543968

0.854142
0.855673 0.854142
file34
Info) VMD for SUMMIT, version 1.9.3 (December 12, 2019)
Info) Exiting normally.
Info) All nodes have reached the MPI shutdown barrier.
