1_13_cc.dat
/gpfs/alpine/bip115/scratch/hrlee/radical.pilot.sandbox/re.session.login2.hrlee.018634.0000/pilot.0000/staging_area/1_13_cc.dat
1, 13
Choosing optimized barrier algorithm name I0:HybridBinomial:SHMEM:P2P
Converse/Charm++ Commit ID: v6.10.2-0-g7bf00fa-namd-charm-6.10.2-build-2020-Aug-05-556
Warning> Randomization of virtual memory (ASLR) is turned on in the kernel, thread migration may not work! Run 'echo 0 > /proc/sys/kernel/randomize_va_space' as root to disable it, or try running with '+isomalloc_sync'.
CharmLB> Load balancer assumes all CPUs are same.
Charm++> Running on 1 hosts (1 sockets x 7 cores x 4 PUs = 28-way SMP)
Charm++> cpu topology info is gathered in 0.003 seconds.
Info: Built with CUDA version 10010
Did not find +devices i,j,k,... argument, using all
Pe 25 physical rank 25 will use CUDA device of pe 21
Pe 39 physical rank 39 will use CUDA device of pe 35
Pe 2 physical rank 2 will use CUDA device of pe 4
Pe 34 physical rank 34 will use CUDA device of pe 28
Pe 11 physical rank 11 will use CUDA device of pe 7
Pe 17 physical rank 17 will use CUDA device of pe 14
Pe 24 physical rank 24 will use CUDA device of pe 21
Pe 37 physical rank 37 will use CUDA device of pe 35
Pe 32 physical rank 32 will use CUDA device of pe 28
Pe 10 physical rank 10 will use CUDA device of pe 7
Pe 19 physical rank 19 will use CUDA device of pe 14
Pe 23 physical rank 23 will use CUDA device of pe 21
Pe 40 physical rank 40 will use CUDA device of pe 35
Pe 5 physical rank 5 will use CUDA device of pe 4
Pe 31 physical rank 31 will use CUDA device of pe 28
Pe 12 physical rank 12 will use CUDA device of pe 7
Pe 20 physical rank 20 will use CUDA device of pe 14
Pe 26 physical rank 26 will use CUDA device of pe 21
Pe 38 physical rank 38 will use CUDA device of pe 35
Pe 3 physical rank 3 will use CUDA device of pe 4
Pe 33 physical rank 33 will use CUDA device of pe 28
Pe 8 physical rank 8 will use CUDA device of pe 7
Pe 18 physical rank 18 will use CUDA device of pe 14
Pe 27 physical rank 27 will use CUDA device of pe 21
Pe 41 physical rank 41 will use CUDA device of pe 35
Pe 6 physical rank 6 will use CUDA device of pe 4
Pe 30 physical rank 30 will use CUDA device of pe 28
Pe 9 physical rank 9 will use CUDA device of pe 7
Pe 16 physical rank 16 will use CUDA device of pe 14
Pe 22 physical rank 22 will use CUDA device of pe 21
Pe 36 physical rank 36 will use CUDA device of pe 35
Pe 1 physical rank 1 will use CUDA device of pe 4
Pe 29 physical rank 29 will use CUDA device of pe 28
Pe 13 physical rank 13 will use CUDA device of pe 7
Pe 15 physical rank 15 will use CUDA device of pe 14
Pe 0 physical rank 0 will use CUDA device of pe 4
Pe 7 physical rank 7 binding to CUDA device 0 on h14n10: 'Tesla V100-SXM2-16GB'  Mem: 16128MB  Rev: 7.0  PCI: 4:5:0
Pe 21 physical rank 21 binding to CUDA device 0 on h14n10: 'Tesla V100-SXM2-16GB'  Mem: 16128MB  Rev: 7.0  PCI: 35:3:0
Pe 35 physical rank 35 binding to CUDA device 0 on h14n10: 'Tesla V100-SXM2-16GB'  Mem: 16128MB  Rev: 7.0  PCI: 35:5:0
Pe 4 physical rank 4 binding to CUDA device 0 on h14n10: 'Tesla V100-SXM2-16GB'  Mem: 16128MB  Rev: 7.0  PCI: 4:4:0
Pe 28 physical rank 28 binding to CUDA device 0 on h14n10: 'Tesla V100-SXM2-16GB'  Mem: 16128MB  Rev: 7.0  PCI: 35:4:0
Pe 14 physical rank 14 binding to CUDA device 0 on h14n10: 'Tesla V100-SXM2-16GB'  Mem: 16128MB  Rev: 7.0  PCI: 4:6:0
Info: NAMD 2.14 for Linux-POWER-pami-smp-Summit-CUDA
Info: 
Info: Please visit http://www.ks.uiuc.edu/Research/namd/
Info: for updates, documentation, and support information.
Info: 
Info: Please cite Phillips et al., J. Chem. Phys. 153:044130 (2020) doi:10.1063/5.0014475
Info: in all publications reporting results obtained with NAMD.
Info: 
Info: Based on Charm++/Converse 61002 for pami-linux-ppc64le-smp
Info: Built Wed Aug 5 14:28:51 EDT 2020 by jimp on login2
Info: 1 NAMD  2.14  Linux-POWER-pami-smp-Summit-CUDA  42    h14n10  hrlee
Info: Running on 42 processors, 6 nodes, 1 physical nodes.
Info: CPU topology information available.
Info: Charm++/Converse parallel runtime startup completed at 1.38695 s
CkLoopLib is used in SMP with simple dynamic scheduling (converse-level notification)
Info: 791.812 MB of memory in use based on /proc/self/stat
Info: Configuration file is adk-step1.namd
Info: Working in the current directory /gpfs/alpine/bip115/scratch/hrlee/radical.pilot.sandbox/re.session.login2.hrlee.018634.0000/pilot.0000/unit.000955
TCL: Suspending until startup complete.
Info: SIMULATION PARAMETERS:
Info: TIMESTEP               1
Info: NUMBER OF STEPS        0
Info: STEPS PER CYCLE        20
Info: LOAD BALANCER  Centralized
Info: LOAD BALANCING STRATEGY  New Load Balancers -- DEFAULT
Info: LDB PERIOD             4000 steps
Info: FIRST LDB TIMESTEP     100
Info: LAST LDB TIMESTEP     -1
Info: LDB BACKGROUND SCALING 1
Info: HOM BACKGROUND SCALING 1
Info: MIN ATOMS PER PATCH    40
Info: VELOCITY FILE          1_13_adk-step1.restart.vel
Info: CENTER OF MASS MOVING INITIALLY? NO
Info: DIELECTRIC             80
Info: EXCLUDE                SCALED ONE-FOUR
Info: 1-4 ELECTROSTATICS SCALED BY 1
Info: MODIFIED 1-4 VDW PARAMETERS WILL BE USED
Info: DCD FILENAME           adk-step1.dcd
Info: DCD FREQUENCY          1000
Info: DCD FIRST STEP         1000
Info: NO EXTENDED SYSTEM TRAJECTORY OUTPUT
Info: NO VELOCITY DCD OUTPUT
Info: NO FORCE DCD OUTPUT
Info: OUTPUT FILENAME        adk-step1
Info: BINARY OUTPUT FILES WILL BE USED
Info: RESTART FILENAME       adk-step1.restart
Info: RESTART FREQUENCY      1000
Info: BINARY RESTART FILES WILL BE USED
Info: SWITCHING ACTIVE
Info: SWITCHING ON           9
Info: SWITCHING OFF          10
Info: PAIRLIST DISTANCE      11
Info: PAIRLIST SHRINK RATE   0.01
Info: PAIRLIST GROW RATE     0.01
Info: PAIRLIST TRIGGER       0.3
Info: PAIRLISTS PER CYCLE    2
Info: PAIRLISTS ENABLED
Info: MARGIN                 0
Info: HYDROGEN GROUP CUTOFF  2.5
Info: PATCH DIMENSION        13.5
Info: ENERGY OUTPUT STEPS    100
Info: CROSSTERM ENERGY INCLUDED IN DIHEDRAL
Info: TIMING OUTPUT STEPS    1000
Info: PRESSURE OUTPUT STEPS  100
Info: GRID FORCE ACTIVE
Info:  Please include this reference in published work using
Info:  the Gridforce module of NAMD: David Wells, Volha Abramkina,
Info:  and Aleksei Aksimentiev, J. Chem. Phys. 127:125101-10 (2007).
Info: MGRIDFORCE key 0
Info:            Potfile 4ake-target_autopsf-grid.dx
Info:            Scale 0.3 0.3 0.3
Info:            File 1ake-docked-noh_autopsf-grid.pdb
Info:            Col O
Info:            ChargeCol B
Info:            VOffset 0 0 0
Info:            Continuous K1 FALSE
Info:            Continuous K2 FALSE
Info:            Continuous K3 FALSE
Info:            Volts FALSE
Info:            Gridforce-Lite FALSE
Info:            Gridforce-CheckSize TRUE
Info: LANGEVIN DYNAMICS ACTIVE
Info: LANGEVIN TEMPERATURE   300
Info: LANGEVIN USING BBK INTEGRATOR
Info: LANGEVIN DAMPING COEFFICIENT IS 5 INVERSE PS
Info: LANGEVIN DYNAMICS NOT APPLIED TO HYDROGENS
Info: USING VERLET I (r-RESPA) MTS SCHEME.
Info: C1 SPLITTING OF LONG RANGE ELECTROSTATICS
Info: PLACING ATOMS IN PATCHES BY HYDROGEN GROUPS
Info: RIGID BONDS TO HYDROGEN : WATER
Info:         ERROR TOLERANCE : 1e-08
Info:          MAX ITERATIONS : 100
Info: RIGID WATER USING SETTLE ALGORITHM
Info: NONBONDED FORCES EVALUATED EVERY 2 STEPS
Info: RANDOM NUMBER SEED     1609984622
Info: USE HYDROGEN BONDS?    NO
Info: COORDINATE PDB         1ake-docked-noh_autopsf.pdb
Info: STRUCTURE FILE         1ake-docked-noh_autopsf.psf
Info: PARAMETER file: CHARMM format! 
Info: PARAMETERS             par_all36_prot.prm
Info: USING ARITHMETIC MEAN TO COMBINE L-J SIGMA PARAMETERS
Info: BINARY COORDINATES     1_13_adk-step1.restart.coor
Info: SUMMARY OF PARAMETERS:
Info: 132 BONDS
Info: 362 ANGLES
Info: 702 DIHEDRAL
Info: 35 IMPROPER
Info: 6 CROSSTERM
Info: 53 VDW
Info: 0 VDW_PAIRS
Info: 0 NBTHOLE_PAIRS
Info: TIME FOR READING PSF FILE: 0.414097
Info: READING EXTRA BONDS FILE 1ake-extrabonds.txt
Info: READING EXTRA BONDS FILE 1ake-extrabonds-cispeptide.txt
Info: READING EXTRA BONDS FILE 1ake-extrabonds-chirality.txt
Info: READ 80 EXTRA BONDS
Info: READ 80 EXTRA ANGLES
Warning: EXTRA ANGLES ARE COSINE-BASED BY DEFAULT TO MATCH PREVIOUS VERSIONS
Warning: FOR NORMAL HARMONIC EXTRA ANGLES SET extraBondsCosAngles off
Info: READ 493 EXTRA DIHEDRALS
Info: READ 438 EXTRA IMPROPERS
Info: Reading pdb file 1ake-docked-noh_autopsf.pdb
Info: TIME FOR READING PDB FILE: 0.0494933
Info: 
Info: ****************************
Info: STRUCTURE SUMMARY:
Info: 3341 ATOMS
Info: 3445 BONDS
Info: 6203 ANGLES
Info: 9414 DIHEDRALS
Info: 1005 IMPROPERS
Info: 212 CROSSTERMS
Info: 0 EXCLUSIONS
Info: 0 RIGID BONDS
Info: 1 GRIDS ACTIVE
Info: 10023 DEGREES OF FREEDOM
Info: 1656 HYDROGEN GROUPS
Info: 4 ATOMS IN LARGEST HYDROGEN GROUP
Info: 1656 MIGRATION GROUPS
Info: 4 ATOMS IN LARGEST MIGRATION GROUP
Info: TOTAL MASS = 23582 amu
Info: TOTAL CHARGE = -4 e
Info: *****************************
Info: Reading from binary file 1_13_adk-step1.restart.coor
Info: 
Info: Entering startup at 2.31224 s, 799.75 MB of memory in use
Info: Startup phase 0 took 0.000229499 s, 799.75 MB of memory in use
Info: ADDED 18308 IMPLICIT EXCLUSIONS
Info: Startup phase 1 took 0.00842844 s, 800 MB of memory in use
Info: NONBONDED TABLE R-SQUARED SPACING: 0.0625
Info: NONBONDED TABLE SIZE: 705 POINTS
Info: ABSOLUTE IMPRECISION IN FAST TABLE ENERGY: 3.38813e-21 AT 9.89634
Info: RELATIVE IMPRECISION IN FAST TABLE ENERGY: 4.23384e-15 AT 9.94673
Info: ABSOLUTE IMPRECISION IN FAST TABLE FORCE: 6.35275e-22 AT 9.94673
Info: RELATIVE IMPRECISION IN FAST TABLE FORCE: 5.07982e-16 AT 9.94673
Info: INCONSISTENCY IN FAST TABLE ENERGY VS FORCE: 0.000290185 AT 0.251946
Info: ABSOLUTE IMPRECISION IN VDWA TABLE ENERGY: 1.57772e-30 AT 9.89634
Info: RELATIVE IMPRECISION IN VDWA TABLE ENERGY: 4.54938e-15 AT 9.94673
Info: ABSOLUTE IMPRECISION IN VDWA TABLE FORCE: 5.91646e-31 AT 9.94673
Info: RELATIVE IMPRECISION IN VDWA TABLE FORCE: 5.6823e-16 AT 9.94673
Info: INCONSISTENCY IN VDWA TABLE ENERGY VS FORCE: 0.0040507 AT 0.251946
Info: ABSOLUTE IMPRECISION IN VDWB TABLE ENERGY: 4.71751e-25 AT 9.94673
Info: RELATIVE IMPRECISION IN VDWB TABLE ENERGY: 1.45371e-14 AT 9.94673
Info: ABSOLUTE IMPRECISION IN VDWB TABLE FORCE: 6.20385e-25 AT 9.94673
Info: RELATIVE IMPRECISION IN VDWB TABLE FORCE: 5.97512e-16 AT 9.94673
Info: INCONSISTENCY IN VDWB TABLE ENERGY VS FORCE: 0.00377068 AT 9.07951
Info: Startup phase 2 took 0.00062305 s, 800.938 MB of memory in use
Info: Startup phase 3 took 0.000194385 s, 800.938 MB of memory in use
Info: Startup phase 4 took 0.000302829 s, 801.125 MB of memory in use
Info: Startup phase 5 took 0.000184744 s, 801.125 MB of memory in use
Info: ORIGINAL ATOMS MINMAX IS -21.349 -33.4327 -38.287  16.9848 23.9198 15.9313
Info: ADJUSTED ATOMS MINMAX IS -15.9154 -28.1074 -33.1143  11.5383 15.5756 8.99412
Info: PATCH GRID IS 3 BY 4 BY 4
Info: PATCH GRID IS 1-AWAY BY 1-AWAY BY 1-AWAY
Info: Reading from binary file 1_13_adk-step1.restart.vel
Info: REMOVING COM VELOCITY -0.0996589 -0.230995 -0.0931179
Info: LARGEST PATCH (16) HAS 233 ATOMS
Info: TORUS A SIZE 1 USING 0
Info: TORUS B SIZE 1 USING 0
Info: TORUS C SIZE 1 USING 0
Info: TORUS MINIMAL MESH SIZE IS 1 BY 1 BY 1
Info: Placed 100% of base nodes on same physical node as patch
Info: Startup phase 6 took 0.00826253 s, 801.25 MB of memory in use
Info: Startup phase 7 took 0.000208691 s, 802.062 MB of memory in use
Info: Updated CUDA force table with 4096 elements.
Info: Updated CUDA LJ table with 53 x 53 elements.
Info: Updated CUDA force table with 4096 elements.
Info: Updated CUDA LJ table with 53 x 53 elements.
Info: Updated CUDA force table with 4096 elements.
Info: Updated CUDA LJ table with 53 x 53 elements.
Info: Updated CUDA force table with 4096 elements.
Info: Updated CUDA LJ table with 53 x 53 elements.
Info: Updated CUDA force table with 4096 elements.
Info: Updated CUDA force table with 4096 elements.
Info: Updated CUDA LJ table with 53 x 53 elements.
Info: Updated CUDA LJ table with 53 x 53 elements.
Info: Startup phase 8 took 0.00352608 s, 802.375 MB of memory in use
Info: Startup phase 9 took 0.000353561 s, 802.438 MB of memory in use
Info: Startup phase 10 took 0.000188191 s, 802.562 MB of memory in use
Info: Startup phase 11 took 0.00102046 s, 802.688 MB of memory in use
LDB: Central LB being created...
Info: Startup phase 12 took 0.00216292 s, 803.812 MB of memory in use
Info: CREATING 1046 COMPUTE OBJECTS
Info: Found 278 unique exclusion lists needing 900 bytes
Info: Found 278 unique exclusion lists needing 900 bytes
Info: Found 278 unique exclusion lists needing 900 bytes
Info: Found 278 unique exclusion lists needing 900 bytes
Info: Found 278 unique exclusion lists needing 900 bytes
Info: Found 278 unique exclusion lists needing 900 bytes
Info: useSync: 0 useProxySync: 0
Info: Startup phase 13 took 0.0149867 s, 804.875 MB of memory in use
Info: Building spanning tree ... send: 1 recv: 0 with branch factor 4
Info: Startup phase 14 took 0.000225462 s, 805.125 MB of memory in use
Info: Startup phase 15 took 0.000254662 s, 805.125 MB of memory in use
Info: Finished startup at 2.35339 s, 805.25 MB of memory in use

TCL: Running for 5000 steps
PRESSURE: 0 0 0 0 0 0 0 0 0 0
GPRESSURE: 0 0 0 0 0 0 0 0 0 0
ETITLE:      TS           BOND          ANGLE          DIHED          IMPRP               ELECT            VDW       BOUNDARY           MISC        KINETIC               TOTAL           TEMP      POTENTIAL         TOTAL3        TEMPAVG

ENERGY:       0      1059.0774      1750.9853      2129.0819       149.6285            -45.2062      -773.3365         0.0000      2380.4551      2898.0828           9548.7682       291.0070      6650.6854      9572.8573       291.0070

LDB: ============= START OF LOAD BALANCING ============== 2.36745
LDB: ============== END OF LOAD BALANCING =============== 2.3675
Info: useSync: 0 useProxySync: 0
LDB: =============== DONE WITH MIGRATION ================ 2.36761
LDB: ============= START OF LOAD BALANCING ============== 2.4147
LDB: Partitioning computes with target load 0.000000
LDB: Increased migratable compute count from 0 to 0
LDB: Largest unpartitionable compute is 0.000000
LDB: ============== END OF LOAD BALANCING =============== 2.415
Info: build node-aware spanning tree with send: 1, recv: 0 with branch factor 4
Info: useSync: 0 useProxySync: 0
LDB: =============== DONE WITH MIGRATION ================ 2.41632
PRESSURE: 100 0 0 0 0 0 0 0 0 0
GPRESSURE: 100 0 0 0 0 0 0 0 0 0
PRESSAVG: 100 0 0 0 0 0 0 0 0 0
GPRESSAVG: 100 0 0 0 0 0 0 0 0 0
Info: Initial time: 42 CPUs 0.000589292 s/step 0.00682051 days/ns 813.125 MB memory
ENERGY:     100      1054.1521      1711.2387      2106.1765       159.2315            -44.6573      -801.2601         0.0000      2385.8782      2981.5886           9552.3481       299.3921      6570.7595      9579.4526       299.0499

LDB: ============= START OF LOAD BALANCING ============== 2.42811
LDB: ============== END OF LOAD BALANCING =============== 2.42816
Info: useSync: 0 useProxySync: 0
LDB: =============== DONE WITH MIGRATION ================ 2.42826
LDB: ============= START OF LOAD BALANCING ============== 2.47457
LDB: TIME 2.47482 LOAD: AVG 0.0114404 MAX 0.0280369  PROXIES: TOTAL 185 MAXPE 10 MAXPATCH 7 None MEM: 817 MB
LDB: TIME 2.47505 LOAD: AVG 0.0114404 MAX 0.0280369  PROXIES: TOTAL 185 MAXPE 10 MAXPATCH 7 TorusLB MEM: 817.188 MB
LDB: ============== END OF LOAD BALANCING =============== 2.47532
Info: build node-aware spanning tree with send: 1, recv: 0 with branch factor 4
Info: useSync: 0 useProxySync: 0
LDB: =============== DONE WITH MIGRATION ================ 2.47597
PRESSURE: 200 0 0 0 0 0 0 0 0 0
GPRESSURE: 200 0 0 0 0 0 0 0 0 0
PRESSAVG: 200 0 0 0 0 0 0 0 0 0
GPRESSAVG: 200 0 0 0 0 0 0 0 0 0
Info: Initial time: 42 CPUs 0.000579918 s/step 0.00671202 days/ns 817.188 MB memory
ENERGY:     200      1058.0784      1669.8488      2100.0146       140.0557            -44.1095      -757.1484         0.0000      2382.0050      2947.9475           9496.6922       296.0141      6548.7447      9522.0714       299.4306

LDB: ============= START OF LOAD BALANCING ============== 2.53437
LDB: TIME 2.53461 LOAD: AVG 0.0142896 MAX 0.0351411  PROXIES: TOTAL 185 MAXPE 10 MAXPATCH 7 None MEM: 818.125 MB
LDB: TIME 2.53482 LOAD: AVG 0.0142896 MAX 0.0351411  PROXIES: TOTAL 185 MAXPE 10 MAXPATCH 7 RefineTorusLB MEM: 818.125 MB
LDB: TIME 2.53498 LOAD: AVG 0.0142896 MAX 0.0351411  PROXIES: TOTAL 185 MAXPE 10 MAXPATCH 7 RefineTorusLB MEM: 818.125 MB
LDB: Reverting to original mapping
LDB: ============== END OF LOAD BALANCING =============== 2.53523
Info: build node-aware spanning tree with send: 1, recv: 0 with branch factor 4
Info: useSync: 0 useProxySync: 0
LDB: =============== DONE WITH MIGRATION ================ 2.53592
PRESSURE: 300 0 0 0 0 0 0 0 0 0
GPRESSURE: 300 0 0 0 0 0 0 0 0 0
PRESSAVG: 300 0 0 0 0 0 0 0 0 0
GPRESSAVG: 300 0 0 0 0 0 0 0 0 0
Info: Initial time: 42 CPUs 0.000582252 s/step 0.00673902 days/ns 818.125 MB memory
ENERGY:     300      1074.7097      1682.9692      2093.7801       145.2994            -44.8135      -799.1158         0.0000      2390.0338      2992.8010           9535.6638       300.5180      6542.8628      9555.6012       297.3178

LDB: ============= START OF LOAD BALANCING ============== 2.59411
LDB: TIME 2.59437 LOAD: AVG 0.014267 MAX 0.0353595  PROXIES: TOTAL 185 MAXPE 10 MAXPATCH 7 None MEM: 819.188 MB
LDB: TIME 2.59453 LOAD: AVG 0.014267 MAX 0.0353595  PROXIES: TOTAL 185 MAXPE 10 MAXPATCH 7 RefineTorusLB MEM: 819.188 MB
LDB: TIME 2.59469 LOAD: AVG 0.014267 MAX 0.0353595  PROXIES: TOTAL 185 MAXPE 10 MAXPATCH 7 RefineTorusLB MEM: 819.188 MB
LDB: ============== END OF LOAD BALANCING =============== 2.59497
Info: build node-aware spanning tree with send: 1, recv: 0 with branch factor 4
Info: useSync: 0 useProxySync: 0
LDB: =============== DONE WITH MIGRATION ================ 2.59569
PRESSURE: 400 0 0 0 0 0 0 0 0 0
GPRESSURE: 400 0 0 0 0 0 0 0 0 0
PRESSAVG: 400 0 0 0 0 0 0 0 0 0
GPRESSAVG: 400 0 0 0 0 0 0 0 0 0
Info: Benchmark time: 42 CPUs 0.000582599 s/step 0.00674304 days/ns 819.188 MB memory
ENERGY:     400      1111.6076      1663.4088      2131.1791       156.9382            -44.4251      -802.0415         0.0000      2396.5732      2938.9764           9552.2168       295.1133      6613.2403      9578.0674       298.1401

PRESSURE: 500 0 0 0 0 0 0 0 0 0
GPRESSURE: 500 0 0 0 0 0 0 0 0 0
PRESSAVG: 500 0 0 0 0 0 0 0 0 0
GPRESSAVG: 500 0 0 0 0 0 0 0 0 0
Info: Benchmark time: 42 CPUs 0.000572428 s/step 0.00662532 days/ns 823.938 MB memory
ENERGY:     500      1117.6076      1722.3563      2101.9381       159.3531            -43.9565      -827.2388         0.0000      2398.6802      2983.0364           9611.7763       299.5375      6628.7399      9631.5754       301.5028

PRESSURE: 600 0 0 0 0 0 0 0 0 0
GPRESSURE: 600 0 0 0 0 0 0 0 0 0
PRESSAVG: 600 0 0 0 0 0 0 0 0 0
GPRESSAVG: 600 0 0 0 0 0 0 0 0 0
Info: Benchmark time: 42 CPUs 0.000577231 s/step 0.00668092 days/ns 823.938 MB memory
ENERGY:     600      1088.8978      1706.0434      2122.6979       145.1855            -44.7123      -760.4038         0.0000      2386.8920      2999.6207           9644.2212       301.2028      6644.6005      9668.5198       303.4666

PRESSURE: 700 0 0 0 0 0 0 0 0 0
GPRESSURE: 700 0 0 0 0 0 0 0 0 0
PRESSAVG: 700 0 0 0 0 0 0 0 0 0
GPRESSAVG: 700 0 0 0 0 0 0 0 0 0
Info: Benchmark time: 42 CPUs 0.000575536 s/step 0.0066613 days/ns 823.938 MB memory
ENERGY:     700      1092.4420      1636.2486      2119.4370       150.4259            -44.6299      -779.9623         0.0000      2385.3444      3051.7052           9611.0109       306.4328      6559.3056      9640.6460       302.2791

PRESSURE: 800 0 0 0 0 0 0 0 0 0
GPRESSURE: 800 0 0 0 0 0 0 0 0 0
PRESSAVG: 800 0 0 0 0 0 0 0 0 0
GPRESSAVG: 800 0 0 0 0 0 0 0 0 0
Info: Benchmark time: 42 CPUs 0.000576866 s/step 0.00667669 days/ns 823.938 MB memory
ENERGY:     800      1107.0608      1682.3822      2084.5903       143.3560            -44.2228      -799.9218         0.0000      2384.4942      3006.9393           9564.6782       301.9377      6557.7389      9588.3824       299.2492

PRESSURE: 900 0 0 0 0 0 0 0 0 0
GPRESSURE: 900 0 0 0 0 0 0 0 0 0
PRESSAVG: 900 0 0 0 0 0 0 0 0 0
GPRESSAVG: 900 0 0 0 0 0 0 0 0 0
Info: Benchmark time: 42 CPUs 0.00057236 s/step 0.00662453 days/ns 823.938 MB memory
ENERGY:     900      1076.8253      1668.9777      2147.8182       143.9138            -44.3020      -806.1375         0.0000      2383.1278      3015.9564           9586.1797       302.8431      6570.2233      9611.7680       300.8234

PRESSURE: 1000 0 0 0 0 0 0 0 0 0
GPRESSURE: 1000 0 0 0 0 0 0 0 0 0
PRESSAVG: 1000 0 0 0 0 0 0 0 0 0
GPRESSAVG: 1000 0 0 0 0 0 0 0 0 0
TIMING: 1000  CPU: 0.604386, 0.000587178/step  Wall: 0.605337, 0.00058658/step, 0.000651756 hours remaining, 823.937500 MB of memory in use.
ETITLE:      TS           BOND          ANGLE          DIHED          IMPRP               ELECT            VDW       BOUNDARY           MISC        KINETIC               TOTAL           TEMP      POTENTIAL         TOTAL3        TEMPAVG

ENERGY:    1000      1096.5910      1666.4697      2129.2761       145.4065            -43.2619      -777.7506         0.0000      2382.1481      2995.9917           9594.8707       300.8384      6598.8790      9619.4269       300.5967

WRITING EXTENDED SYSTEM TO RESTART FILE AT STEP 1000
OPENING COORDINATE DCD FILE
WRITING COORDINATES TO DCD FILE adk-step1.dcd AT STEP 1000
WRITING COORDINATES TO RESTART FILE AT STEP 1000
FINISHED WRITING RESTART COORDINATES
The last position output (seq=1000) takes 0.004 seconds, 824.250 MB of memory in use
WRITING VELOCITIES TO RESTART FILE AT STEP 1000
FINISHED WRITING RESTART VELOCITIES
The last velocity output (seq=1000) takes 0.002 seconds, 824.250 MB of memory in use
PRESSURE: 1100 0 0 0 0 0 0 0 0 0
GPRESSURE: 1100 0 0 0 0 0 0 0 0 0
PRESSAVG: 1100 0 0 0 0 0 0 0 0 0
GPRESSAVG: 1100 0 0 0 0 0 0 0 0 0
ENERGY:    1100      1117.5342      1685.2645      2095.5949       151.4593            -43.5907      -802.3303         0.0000      2379.7883      3017.0257           9600.7459       302.9505      6583.7203      9626.1283       302.9029

PRESSURE: 1200 0 0 0 0 0 0 0 0 0
GPRESSURE: 1200 0 0 0 0 0 0 0 0 0
PRESSAVG: 1200 0 0 0 0 0 0 0 0 0
GPRESSAVG: 1200 0 0 0 0 0 0 0 0 0
ENERGY:    1200      1071.7681      1707.1988      2095.5536       153.3954            -44.0960      -807.1681         0.0000      2383.0052      3030.0613           9589.7183       304.2594      6559.6570      9616.4354       302.9510

PRESSURE: 1300 0 0 0 0 0 0 0 0 0
GPRESSURE: 1300 0 0 0 0 0 0 0 0 0
PRESSAVG: 1300 0 0 0 0 0 0 0 0 0
GPRESSAVG: 1300 0 0 0 0 0 0 0 0 0
ENERGY:    1300      1127.9865      1685.3008      2129.0735       144.1770            -43.8313      -816.8641         0.0000      2391.3021      3020.0606           9637.2051       303.2552      6617.1445      9656.2028       301.8358

PRESSURE: 1400 0 0 0 0 0 0 0 0 0
GPRESSURE: 1400 0 0 0 0 0 0 0 0 0
PRESSAVG: 1400 0 0 0 0 0 0 0 0 0
GPRESSAVG: 1400 0 0 0 0 0 0 0 0 0
ENERGY:    1400      1096.1566      1692.6941      2106.9637       166.2542            -43.9926      -800.8380         0.0000      2385.8121      2941.2564           9544.3065       295.3422      6603.0501      9569.3030       300.2827

PRESSURE: 1500 0 0 0 0 0 0 0 0 0
GPRESSURE: 1500 0 0 0 0 0 0 0 0 0
PRESSAVG: 1500 0 0 0 0 0 0 0 0 0
GPRESSAVG: 1500 0 0 0 0 0 0 0 0 0
ENERGY:    1500      1055.1599      1715.8429      2088.1944       165.8266            -44.1761      -840.7902         0.0000      2380.8540      3001.8937           9522.8052       301.4310      6520.9115      9550.2336       298.0080

PRESSURE: 1600 0 0 0 0 0 0 0 0 0
GPRESSURE: 1600 0 0 0 0 0 0 0 0 0
PRESSAVG: 1600 0 0 0 0 0 0 0 0 0
GPRESSAVG: 1600 0 0 0 0 0 0 0 0 0
ENERGY:    1600      1085.1904      1673.7716      2088.9781       146.9526            -44.1354      -819.6268         0.0000      2369.5534      2940.3240           9441.0080       295.2486      6500.6840      9460.9817       296.7004

PRESSURE: 1700 0 0 0 0 0 0 0 0 0
GPRESSURE: 1700 0 0 0 0 0 0 0 0 0
PRESSAVG: 1700 0 0 0 0 0 0 0 0 0
GPRESSAVG: 1700 0 0 0 0 0 0 0 0 0
ENERGY:    1700      1108.2677      1741.3686      2068.5769       154.8063            -43.8170      -799.5127         0.0000      2358.6956      2947.9322           9536.3176       296.0126      6588.3853      9558.8584       297.3376

PRESSURE: 1800 0 0 0 0 0 0 0 0 0
GPRESSURE: 1800 0 0 0 0 0 0 0 0 0
PRESSAVG: 1800 0 0 0 0 0 0 0 0 0
GPRESSAVG: 1800 0 0 0 0 0 0 0 0 0
ENERGY:    1800      1090.8649      1714.5990      2097.5119       157.6452            -44.7098      -796.1226         0.0000      2365.6510      3024.3457           9609.7854       303.6855      6585.4396      9632.4177       301.5527

PRESSURE: 1900 0 0 0 0 0 0 0 0 0
GPRESSURE: 1900 0 0 0 0 0 0 0 0 0
PRESSAVG: 1900 0 0 0 0 0 0 0 0 0
GPRESSAVG: 1900 0 0 0 0 0 0 0 0 0
ENERGY:    1900      1106.8701      1706.9499      2126.6723       151.3550            -44.5805      -779.2626         0.0000      2373.5425      2981.8694           9623.4161       299.4203      6641.5466      9643.9991       303.3931

PRESSURE: 2000 0 0 0 0 0 0 0 0 0
GPRESSURE: 2000 0 0 0 0 0 0 0 0 0
PRESSAVG: 2000 0 0 0 0 0 0 0 0 0
GPRESSAVG: 2000 0 0 0 0 0 0 0 0 0
TIMING: 2000  CPU: 1.18002, 0.000575639/step  Wall: 1.18737, 0.000582038/step, 0.000485031 hours remaining, 824.250000 MB of memory in use.
ETITLE:      TS           BOND          ANGLE          DIHED          IMPRP               ELECT            VDW       BOUNDARY           MISC        KINETIC               TOTAL           TEMP      POTENTIAL         TOTAL3        TEMPAVG

ENERGY:    2000      1057.3619      1700.0207      2095.2197       160.5766            -43.2781      -767.1118         0.0000      2377.0041      3053.8181           9633.6112       306.6450      6579.7931      9657.6434       303.8067

WRITING EXTENDED SYSTEM TO RESTART FILE AT STEP 2000
WRITING COORDINATES TO DCD FILE adk-step1.dcd AT STEP 2000
WRITING COORDINATES TO RESTART FILE AT STEP 2000
FINISHED WRITING RESTART COORDINATES
The last position output (seq=2000) takes 0.002 seconds, 824.312 MB of memory in use
WRITING VELOCITIES TO RESTART FILE AT STEP 2000
FINISHED WRITING RESTART VELOCITIES
The last velocity output (seq=2000) takes 0.002 seconds, 824.312 MB of memory in use
PRESSURE: 2100 0 0 0 0 0 0 0 0 0
GPRESSURE: 2100 0 0 0 0 0 0 0 0 0
PRESSAVG: 2100 0 0 0 0 0 0 0 0 0
GPRESSAVG: 2100 0 0 0 0 0 0 0 0 0
ENERGY:    2100      1040.2995      1722.5569      2096.3189       156.6412            -43.5413      -833.4128         0.0000      2386.8830      3023.1169           9548.8623       303.5621      6525.7454      9577.5672       302.2625

PRESSURE: 2200 0 0 0 0 0 0 0 0 0
GPRESSURE: 2200 0 0 0 0 0 0 0 0 0
PRESSAVG: 2200 0 0 0 0 0 0 0 0 0
GPRESSAVG: 2200 0 0 0 0 0 0 0 0 0
ENERGY:    2200      1144.7140      1714.0073      2121.1134       134.3575            -44.3081      -789.0766         0.0000      2384.1501      2886.7463           9551.7038       289.8687      6664.9576      9573.8572       299.3106

PRESSURE: 2300 0 0 0 0 0 0 0 0 0
GPRESSURE: 2300 0 0 0 0 0 0 0 0 0
PRESSAVG: 2300 0 0 0 0 0 0 0 0 0
GPRESSAVG: 2300 0 0 0 0 0 0 0 0 0
ENERGY:    2300      1084.1978      1676.3028      2098.2625       145.9590            -44.0960      -776.5051         0.0000      2376.9610      2952.8708           9513.9528       296.5085      6561.0821      9537.6862       298.0065

PRESSURE: 2400 0 0 0 0 0 0 0 0 0
GPRESSURE: 2400 0 0 0 0 0 0 0 0 0
PRESSAVG: 2400 0 0 0 0 0 0 0 0 0
GPRESSAVG: 2400 0 0 0 0 0 0 0 0 0
ENERGY:    2400      1086.4666      1663.4190      2123.3487       138.4400            -43.3543      -823.0388         0.0000      2387.4944      2928.4083           9461.1839       294.0521      6532.7756      9486.0523       295.1861

PRESSURE: 2500 0 0 0 0 0 0 0 0 0
GPRESSURE: 2500 0 0 0 0 0 0 0 0 0
PRESSAVG: 2500 0 0 0 0 0 0 0 0 0
GPRESSAVG: 2500 0 0 0 0 0 0 0 0 0
ENERGY:    2500      1042.9696      1699.9308      2116.8436       154.9592            -43.5453      -786.6440         0.0000      2386.9653      2905.9771           9477.4562       291.7997      6571.4791      9504.9433       294.2445

PRESSURE: 2600 0 0 0 0 0 0 0 0 0
GPRESSURE: 2600 0 0 0 0 0 0 0 0 0
PRESSAVG: 2600 0 0 0 0 0 0 0 0 0
GPRESSAVG: 2600 0 0 0 0 0 0 0 0 0
ENERGY:    2600      1045.0751      1714.8345      2094.9492       159.0909            -42.9173      -802.7043         0.0000      2389.9522      2975.4126           9533.6929       298.7720      6558.2802      9559.1192       296.2756

PRESSURE: 2700 0 0 0 0 0 0 0 0 0
GPRESSURE: 2700 0 0 0 0 0 0 0 0 0
PRESSAVG: 2700 0 0 0 0 0 0 0 0 0
GPRESSAVG: 2700 0 0 0 0 0 0 0 0 0
ENERGY:    2700      1076.3476      1700.5728      2096.5602       147.6625            -42.2158      -821.3347         0.0000      2393.8021      2995.5677           9546.9624       300.7958      6551.3947      9570.3907       298.4589

PRESSURE: 2800 0 0 0 0 0 0 0 0 0
GPRESSURE: 2800 0 0 0 0 0 0 0 0 0
PRESSAVG: 2800 0 0 0 0 0 0 0 0 0
GPRESSAVG: 2800 0 0 0 0 0 0 0 0 0
ENERGY:    2800      1078.1305      1682.2380      2095.2812       146.5583            -42.4992      -767.7840         0.0000      2393.1871      2977.1940           9562.3060       298.9509      6585.1120      9584.0464       297.2098

PRESSURE: 2900 0 0 0 0 0 0 0 0 0
GPRESSURE: 2900 0 0 0 0 0 0 0 0 0
PRESSAVG: 2900 0 0 0 0 0 0 0 0 0
GPRESSAVG: 2900 0 0 0 0 0 0 0 0 0
ENERGY:    2900      1068.2515      1651.1840      2089.9038       146.4158            -43.0669      -786.8925         0.0000      2393.7178      2990.8578           9510.3713       300.3229      6519.5135      9532.7186       298.9770

PRESSURE: 3000 0 0 0 0 0 0 0 0 0
GPRESSURE: 3000 0 0 0 0 0 0 0 0 0
PRESSAVG: 3000 0 0 0 0 0 0 0 0 0
GPRESSAVG: 3000 0 0 0 0 0 0 0 0 0
TIMING: 3000  CPU: 1.74589, 0.000565865/step  Wall: 1.76174, 0.00057437/step, 0.000319094 hours remaining, 824.312500 MB of memory in use.
ETITLE:      TS           BOND          ANGLE          DIHED          IMPRP               ELECT            VDW       BOUNDARY           MISC        KINETIC               TOTAL           TEMP      POTENTIAL         TOTAL3        TEMPAVG

ENERGY:    3000      1125.7086      1675.8138      2093.2190       156.5279            -43.8493      -776.7065         0.0000      2389.7162      2936.6674           9557.0972       294.8814      6620.4297      9581.7172       300.0493

WRITING EXTENDED SYSTEM TO RESTART FILE AT STEP 3000
WRITING COORDINATES TO DCD FILE adk-step1.dcd AT STEP 3000
WRITING COORDINATES TO RESTART FILE AT STEP 3000
FINISHED WRITING RESTART COORDINATES
The last position output (seq=3000) takes 0.002 seconds, 824.312 MB of memory in use
WRITING VELOCITIES TO RESTART FILE AT STEP 3000
FINISHED WRITING RESTART VELOCITIES
The last velocity output (seq=3000) takes 0.002 seconds, 824.312 MB of memory in use
PRESSURE: 3100 0 0 0 0 0 0 0 0 0
GPRESSURE: 3100 0 0 0 0 0 0 0 0 0
PRESSAVG: 3100 0 0 0 0 0 0 0 0 0
GPRESSAVG: 3100 0 0 0 0 0 0 0 0 0
ENERGY:    3100      1054.1164      1664.4613      2114.9489       161.7782            -44.5638      -789.9245         0.0000      2388.3178      2989.3279           9538.4623       300.1693      6549.1344      9565.5634       300.1573

PRESSURE: 3200 0 0 0 0 0 0 0 0 0
GPRESSURE: 3200 0 0 0 0 0 0 0 0 0
PRESSAVG: 3200 0 0 0 0 0 0 0 0 0
GPRESSAVG: 3200 0 0 0 0 0 0 0 0 0
ENERGY:    3200      1074.0097      1656.9602      2117.2074       146.8881            -43.9243      -796.3887         0.0000      2386.0603      3038.4184           9579.2311       305.0986      6540.8126      9604.3749       300.4092

PRESSURE: 3300 0 0 0 0 0 0 0 0 0
GPRESSURE: 3300 0 0 0 0 0 0 0 0 0
PRESSAVG: 3300 0 0 0 0 0 0 0 0 0
GPRESSAVG: 3300 0 0 0 0 0 0 0 0 0
ENERGY:    3300      1095.9475      1630.5248      2136.1342       154.4675            -43.6067      -794.2575         0.0000      2385.7558      3015.7139           9580.6796       302.8188      6564.9657      9605.5297       301.3785

PRESSURE: 3400 0 0 0 0 0 0 0 0 0
GPRESSURE: 3400 0 0 0 0 0 0 0 0 0
PRESSAVG: 3400 0 0 0 0 0 0 0 0 0
GPRESSAVG: 3400 0 0 0 0 0 0 0 0 0
ENERGY:    3400      1106.4565      1686.1182      2111.2173       158.7823            -43.5541      -814.5439         0.0000      2384.7402      2988.0216           9577.2382       300.0381      6589.2166      9603.2665       300.9367

PRESSURE: 3500 0 0 0 0 0 0 0 0 0
GPRESSURE: 3500 0 0 0 0 0 0 0 0 0
PRESSAVG: 3500 0 0 0 0 0 0 0 0 0
GPRESSAVG: 3500 0 0 0 0 0 0 0 0 0
ENERGY:    3500      1102.2667      1657.1170      2121.7342       149.8101            -42.8115      -788.2405         0.0000      2386.9935      2992.8293           9579.6987       300.5208      6586.8694      9603.1591       300.0686

PRESSURE: 3600 0 0 0 0 0 0 0 0 0
GPRESSURE: 3600 0 0 0 0 0 0 0 0 0
PRESSAVG: 3600 0 0 0 0 0 0 0 0 0
GPRESSAVG: 3600 0 0 0 0 0 0 0 0 0
ENERGY:    3600      1056.2440      1667.2067      2091.4828       160.7409            -42.1691      -774.1835         0.0000      2387.2876      3038.3423           9584.9516       305.0910      6546.6093      9611.4542       299.5299

PRESSURE: 3700 0 0 0 0 0 0 0 0 0
GPRESSURE: 3700 0 0 0 0 0 0 0 0 0
PRESSAVG: 3700 0 0 0 0 0 0 0 0 0
GPRESSAVG: 3700 0 0 0 0 0 0 0 0 0
ENERGY:    3700      1113.6819      1692.1503      2119.6883       153.2695            -43.1711      -799.7699         0.0000      2395.8305      2942.7010           9574.3806       295.4873      6631.6795      9593.0127       299.2708

PRESSURE: 3800 0 0 0 0 0 0 0 0 0
GPRESSURE: 3800 0 0 0 0 0 0 0 0 0
PRESSAVG: 3800 0 0 0 0 0 0 0 0 0
GPRESSAVG: 3800 0 0 0 0 0 0 0 0 0
ENERGY:    3800      1060.5031      1706.3752      2110.4653       162.5824            -41.6712      -819.9509         0.0000      2398.1668      2984.2551           9560.7258       299.6599      6576.4708      9584.6536       299.3551

PRESSURE: 3900 0 0 0 0 0 0 0 0 0
GPRESSURE: 3900 0 0 0 0 0 0 0 0 0
PRESSAVG: 3900 0 0 0 0 0 0 0 0 0
GPRESSAVG: 3900 0 0 0 0 0 0 0 0 0
ENERGY:    3900      1112.3059      1682.4206      2128.0847       151.2730            -42.1321      -793.8798         0.0000      2394.9825      2982.4424           9615.4973       299.4779      6633.0549      9640.3480       299.4019

PRESSURE: 4000 0 0 0 0 0 0 0 0 0
GPRESSURE: 4000 0 0 0 0 0 0 0 0 0
PRESSAVG: 4000 0 0 0 0 0 0 0 0 0
GPRESSAVG: 4000 0 0 0 0 0 0 0 0 0
TIMING: 4000  CPU: 2.32104, 0.000575146/step  Wall: 2.33761, 0.000575863/step, 0.000159962 hours remaining, 824.312500 MB of memory in use.
ETITLE:      TS           BOND          ANGLE          DIHED          IMPRP               ELECT            VDW       BOUNDARY           MISC        KINETIC               TOTAL           TEMP      POTENTIAL         TOTAL3        TEMPAVG

ENERGY:    4000      1121.9969      1721.3360      2111.8891       149.4093            -41.3584      -801.1864         0.0000      2388.2246      3008.7206           9659.0317       302.1166      6650.3111      9679.9810       302.2301

WRITING EXTENDED SYSTEM TO RESTART FILE AT STEP 4000
WRITING COORDINATES TO DCD FILE adk-step1.dcd AT STEP 4000
WRITING COORDINATES TO RESTART FILE AT STEP 4000
FINISHED WRITING RESTART COORDINATES
The last position output (seq=4000) takes 0.002 seconds, 824.312 MB of memory in use
WRITING VELOCITIES TO RESTART FILE AT STEP 4000
FINISHED WRITING RESTART VELOCITIES
The last velocity output (seq=4000) takes 0.002 seconds, 824.312 MB of memory in use
PRESSURE: 4100 0 0 0 0 0 0 0 0 0
GPRESSURE: 4100 0 0 0 0 0 0 0 0 0
PRESSAVG: 4100 0 0 0 0 0 0 0 0 0
GPRESSAVG: 4100 0 0 0 0 0 0 0 0 0
ENERGY:    4100      1093.1614      1695.8813      2084.3924       150.9148            -41.4290      -791.9123         0.0000      2383.5799      3010.1246           9584.7130       302.2575      6574.5885      9605.6405       302.3577

PRESSURE: 4200 0 0 0 0 0 0 0 0 0
GPRESSURE: 4200 0 0 0 0 0 0 0 0 0
PRESSAVG: 4200 0 0 0 0 0 0 0 0 0
GPRESSAVG: 4200 0 0 0 0 0 0 0 0 0
ENERGY:    4200      1085.5586      1683.9586      2096.9291       146.3925            -42.0623      -782.6701         0.0000      2381.8277      3038.8324           9608.7666       305.1402      6569.9341      9633.5520       301.9888

LDB: ============= START OF LOAD BALANCING ============== 4.85059
Info: useSync: 0 useProxySync: 0
LDB: ============== END OF LOAD BALANCING =============== 4.85066
LDB: =============== DONE WITH MIGRATION ================ 4.85078
PRESSURE: 4300 0 0 0 0 0 0 0 0 0
GPRESSURE: 4300 0 0 0 0 0 0 0 0 0
PRESSAVG: 4300 0 0 0 0 0 0 0 0 0
GPRESSAVG: 4300 0 0 0 0 0 0 0 0 0
ENERGY:    4300      1106.8359      1714.9703      2091.4061       146.6014            -41.3855      -798.6768         0.0000      2387.9312      3004.9390           9612.6216       301.7368      6607.6826      9637.3331       302.7694

LDB: ============= START OF LOAD BALANCING ============== 4.90572
LDB: TIME 4.90602 LOAD: AVG 0.013399 MAX 0.0338066  PROXIES: TOTAL 185 MAXPE 10 MAXPATCH 7 None MEM: 824.312 MB
LDB: TIME 4.90622 LOAD: AVG 0.013399 MAX 0.0338066  PROXIES: TOTAL 185 MAXPE 10 MAXPATCH 7 RefineTorusLB MEM: 824.375 MB
LDB: TIME 4.90639 LOAD: AVG 0.013399 MAX 0.0338066  PROXIES: TOTAL 185 MAXPE 10 MAXPATCH 7 RefineTorusLB MEM: 824.375 MB
LDB: Reverting to original mapping
LDB: ============== END OF LOAD BALANCING =============== 4.90667
Info: build node-aware spanning tree with send: 1, recv: 0 with branch factor 4
Info: useSync: 0 useProxySync: 0
LDB: =============== DONE WITH MIGRATION ================ 4.90741
PRESSURE: 4400 0 0 0 0 0 0 0 0 0
GPRESSURE: 4400 0 0 0 0 0 0 0 0 0
PRESSAVG: 4400 0 0 0 0 0 0 0 0 0
GPRESSAVG: 4400 0 0 0 0 0 0 0 0 0
ENERGY:    4400      1063.1624      1737.9167      2102.0650       151.9128            -40.9070      -803.2160         0.0000      2388.7602      2967.4402           9567.1343       297.9714      6599.6940      9597.7629       300.5162

PRESSURE: 4500 0 0 0 0 0 0 0 0 0
GPRESSURE: 4500 0 0 0 0 0 0 0 0 0
PRESSAVG: 4500 0 0 0 0 0 0 0 0 0
GPRESSAVG: 4500 0 0 0 0 0 0 0 0 0
ENERGY:    4500      1065.9674      1696.5066      2085.2316       146.7069            -41.6681      -772.9450         0.0000      2378.0518      2993.7749           9551.6261       300.6158      6557.8512      9572.5436       299.0433

PRESSURE: 4600 0 0 0 0 0 0 0 0 0
GPRESSURE: 4600 0 0 0 0 0 0 0 0 0
PRESSAVG: 4600 0 0 0 0 0 0 0 0 0
GPRESSAVG: 4600 0 0 0 0 0 0 0 0 0
ENERGY:    4600      1107.6271      1627.0974      2108.2811       154.5044            -42.3403      -791.4387         0.0000      2378.6866      2939.1717           9481.5893       295.1329      6542.4176      9504.7232       297.8528

PRESSURE: 4700 0 0 0 0 0 0 0 0 0
GPRESSURE: 4700 0 0 0 0 0 0 0 0 0
PRESSAVG: 4700 0 0 0 0 0 0 0 0 0
GPRESSAVG: 4700 0 0 0 0 0 0 0 0 0
ENERGY:    4700      1083.7939      1671.6158      2076.9069       156.5961            -42.7740      -779.0782         0.0000      2376.0186      2960.3167           9503.3958       297.2561      6543.0791      9529.8259       295.0160

PRESSURE: 4800 0 0 0 0 0 0 0 0 0
GPRESSURE: 4800 0 0 0 0 0 0 0 0 0
PRESSAVG: 4800 0 0 0 0 0 0 0 0 0
GPRESSAVG: 4800 0 0 0 0 0 0 0 0 0
ENERGY:    4800      1078.8691      1670.6158      2056.5981       158.1971            -42.0412      -820.0923         0.0000      2370.9618      3021.7752           9494.8836       303.4274      6473.1084      9521.7572       296.8264

PRESSURE: 4900 0 0 0 0 0 0 0 0 0
GPRESSURE: 4900 0 0 0 0 0 0 0 0 0
PRESSAVG: 4900 0 0 0 0 0 0 0 0 0
GPRESSAVG: 4900 0 0 0 0 0 0 0 0 0
ENERGY:    4900      1059.0834      1690.5266      2106.8885       145.7017            -41.3813      -801.8553         0.0000      2373.6938      2997.3468           9530.0041       300.9745      6532.6574      9550.4177       297.6723

PRESSURE: 5000 0 0 0 0 0 0 0 0 0
GPRESSURE: 5000 0 0 0 0 0 0 0 0 0
PRESSAVG: 5000 0 0 0 0 0 0 0 0 0
GPRESSAVG: 5000 0 0 0 0 0 0 0 0 0
TIMING: 5000  CPU: 2.88687, 0.000565835/step  Wall: 2.90979, 0.000572184/step, 0 hours remaining, 824.375000 MB of memory in use.
ETITLE:      TS           BOND          ANGLE          DIHED          IMPRP               ELECT            VDW       BOUNDARY           MISC        KINETIC               TOTAL           TEMP      POTENTIAL         TOTAL3        TEMPAVG

ENERGY:    5000      1084.3947      1659.9882      2079.7010       150.9971            -42.6287      -778.3948         0.0000      2375.8864      2918.7620           9448.7059       293.0835      6529.9439      9473.4837       296.9558

WRITING EXTENDED SYSTEM TO RESTART FILE AT STEP 5000
WRITING COORDINATES TO DCD FILE adk-step1.dcd AT STEP 5000
WRITING COORDINATES TO RESTART FILE AT STEP 5000
FINISHED WRITING RESTART COORDINATES
The last position output (seq=5000) takes 0.002 seconds, 825.125 MB of memory in use
WRITING VELOCITIES TO RESTART FILE AT STEP 5000
FINISHED WRITING RESTART VELOCITIES
The last velocity output (seq=5000) takes 0.002 seconds, 825.125 MB of memory in use
WRITING EXTENDED SYSTEM TO OUTPUT FILE AT STEP 5000
WRITING COORDINATES TO OUTPUT FILE AT STEP 5000
CLOSING COORDINATE DCD FILE adk-step1.dcd
The last position output (seq=-2) takes 0.003 seconds, 825.125 MB of memory in use
WRITING VELOCITIES TO OUTPUT FILE AT STEP 5000
====================================================

WallClock: 5.257588  CPUTime: 3.754741  Memory: 825.125000 MB
End of program
