7_0_cc.dat
/gpfs/alpine/bip115/scratch/hrlee/radical.pilot.sandbox/re.session.login1.hrlee.018632.0003/pilot.0000/staging_area/7_0_cc.dat
7, 0
Choosing optimized barrier algorithm name I0:HybridBinomial:SHMEM:P2P
Converse/Charm++ Commit ID: v6.10.2-0-g7bf00fa-namd-charm-6.10.2-build-2020-Aug-05-556
Warning> Randomization of virtual memory (ASLR) is turned on in the kernel, thread migration may not work! Run 'echo 0 > /proc/sys/kernel/randomize_va_space' as root to disable it, or try running with '+isomalloc_sync'.
CharmLB> Load balancer assumes all CPUs are same.
Charm++> Running on 1 hosts (1 sockets x 7 cores x 4 PUs = 28-way SMP)
Charm++> cpu topology info is gathered in 0.002 seconds.
Info: Built with CUDA version 10010
Did not find +devices i,j,k,... argument, using all
Pe 6 physical rank 6 will use CUDA device of pe 4
Pe 18 physical rank 18 will use CUDA device of pe 14
Pe 23 physical rank 23 will use CUDA device of pe 21
Pe 31 physical rank 31 will use CUDA device of pe 28
Pe 37 physical rank 37 will use CUDA device of pe 35
Pe 11 physical rank 11 will use CUDA device of pe 7
Pe 1 physical rank 1 will use CUDA device of pe 4
Pe 20 physical rank 20 will use CUDA device of pe 14
Pe 26 physical rank 26 will use CUDA device of pe 21
Pe 32 physical rank 32 will use CUDA device of pe 28
Pe 40 physical rank 40 will use CUDA device of pe 35
Pe 8 physical rank 8 will use CUDA device of pe 7
Pe 2 physical rank 2 will use CUDA device of pe 4
Pe 17 physical rank 17 will use CUDA device of pe 14
Pe 25 physical rank 25 will use CUDA device of pe 21
Pe 30 physical rank 30 will use CUDA device of pe 28
Pe 41 physical rank 41 will use CUDA device of pe 35
Pe 9 physical rank 9 will use CUDA device of pe 7
Pe 16 physical rank 16 will use CUDA device of pe 14
Pe 27 physical rank 27 will use CUDA device of pe 21
Pe 34 physical rank 34 will use CUDA device of pe 28
Pe 38 physical rank 38 will use CUDA device of pe 35
Pe 10 physical rank 10 will use CUDA device of pe 7
Pe 5 physical rank 5 will use CUDA device of pe 4
Pe 19 physical rank 19 will use CUDA device of pe 14
Pe 24 physical rank 24 will use CUDA device of pe 21
Pe 33 physical rank 33 will use CUDA device of pe 28
Pe 36 physical rank 36 will use CUDA device of pe 35
Pe 12 physical rank 12 will use CUDA device of pe 7
Pe 3 physical rank 3 will use CUDA device of pe 4
Pe 15 physical rank 15 will use CUDA device of pe 14
Pe 22 physical rank 22 will use CUDA device of pe 21
Pe 29 physical rank 29 will use CUDA device of pe 28
Pe 39 physical rank 39 will use CUDA device of pe 35
Pe 13 physical rank 13 will use CUDA device of pe 7
Pe 0 physical rank 0 will use CUDA device of pe 4
Pe 7 physical rank 7 binding to CUDA device 0 on h50n07: 'Tesla V100-SXM2-16GB'  Mem: 16128MB  Rev: 7.0  PCI: 4:5:0
Pe 4 physical rank 4 binding to CUDA device 0 on h50n07: 'Tesla V100-SXM2-16GB'  Mem: 16128MB  Rev: 7.0  PCI: 4:4:0
Pe 14 physical rank 14 binding to CUDA device 0 on h50n07: 'Tesla V100-SXM2-16GB'  Mem: 16128MB  Rev: 7.0  PCI: 4:6:0
Pe 21 physical rank 21 binding to CUDA device 0 on h50n07: 'Tesla V100-SXM2-16GB'  Mem: 16128MB  Rev: 7.0  PCI: 35:3:0
Pe 28 physical rank 28 binding to CUDA device 0 on h50n07: 'Tesla V100-SXM2-16GB'  Mem: 16128MB  Rev: 7.0  PCI: 35:4:0
Pe 35 physical rank 35 binding to CUDA device 0 on h50n07: 'Tesla V100-SXM2-16GB'  Mem: 16128MB  Rev: 7.0  PCI: 35:5:0
Info: NAMD 2.14 for Linux-POWER-pami-smp-Summit-CUDA
Info: 
Info: Please visit http://www.ks.uiuc.edu/Research/namd/
Info: for updates, documentation, and support information.
Info: 
Info: Please cite Phillips et al., J. Chem. Phys. 153:044130 (2020) doi:10.1063/5.0014475
Info: in all publications reporting results obtained with NAMD.
Info: 
Info: Based on Charm++/Converse 61002 for pami-linux-ppc64le-smp
Info: Built Wed Aug 5 14:28:51 EDT 2020 by jimp on login2
Info: 1 NAMD  2.14  Linux-POWER-pami-smp-Summit-CUDA  42    h50n07  hrlee
Info: Running on 42 processors, 6 nodes, 1 physical nodes.
Info: CPU topology information available.
Info: Charm++/Converse parallel runtime startup completed at 1.44385 s
CkLoopLib is used in SMP with simple dynamic scheduling (converse-level notification)
Info: 791.688 MB of memory in use based on /proc/self/stat
Info: Configuration file is adk-step1.namd
Info: Working in the current directory /gpfs/alpine/bip115/scratch/hrlee/radical.pilot.sandbox/re.session.login1.hrlee.018632.0003/pilot.0000/unit.000110
TCL: Suspending until startup complete.
Info: SIMULATION PARAMETERS:
Info: TIMESTEP               1
Info: NUMBER OF STEPS        0
Info: STEPS PER CYCLE        20
Info: LOAD BALANCER  Centralized
Info: LOAD BALANCING STRATEGY  New Load Balancers -- DEFAULT
Info: LDB PERIOD             4000 steps
Info: FIRST LDB TIMESTEP     100
Info: LAST LDB TIMESTEP     -1
Info: LDB BACKGROUND SCALING 1
Info: HOM BACKGROUND SCALING 1
Info: MIN ATOMS PER PATCH    40
Info: VELOCITY FILE          7_0_adk-step1.restart.vel
Info: CENTER OF MASS MOVING INITIALLY? NO
Info: DIELECTRIC             80
Info: EXCLUDE                SCALED ONE-FOUR
Info: 1-4 ELECTROSTATICS SCALED BY 1
Info: MODIFIED 1-4 VDW PARAMETERS WILL BE USED
Info: DCD FILENAME           adk-step1.dcd
Info: DCD FREQUENCY          1000
Info: DCD FIRST STEP         1000
Info: NO EXTENDED SYSTEM TRAJECTORY OUTPUT
Info: NO VELOCITY DCD OUTPUT
Info: NO FORCE DCD OUTPUT
Info: OUTPUT FILENAME        adk-step1
Info: BINARY OUTPUT FILES WILL BE USED
Info: RESTART FILENAME       adk-step1.restart
Info: RESTART FREQUENCY      1000
Info: BINARY RESTART FILES WILL BE USED
Info: SWITCHING ACTIVE
Info: SWITCHING ON           9
Info: SWITCHING OFF          10
Info: PAIRLIST DISTANCE      11
Info: PAIRLIST SHRINK RATE   0.01
Info: PAIRLIST GROW RATE     0.01
Info: PAIRLIST TRIGGER       0.3
Info: PAIRLISTS PER CYCLE    2
Info: PAIRLISTS ENABLED
Info: MARGIN                 0
Info: HYDROGEN GROUP CUTOFF  2.5
Info: PATCH DIMENSION        13.5
Info: ENERGY OUTPUT STEPS    100
Info: CROSSTERM ENERGY INCLUDED IN DIHEDRAL
Info: TIMING OUTPUT STEPS    1000
Info: PRESSURE OUTPUT STEPS  100
Info: GRID FORCE ACTIVE
Info:  Please include this reference in published work using
Info:  the Gridforce module of NAMD: David Wells, Volha Abramkina,
Info:  and Aleksei Aksimentiev, J. Chem. Phys. 127:125101-10 (2007).
Info: MGRIDFORCE key 0
Info:            Potfile 4ake-target_autopsf-grid.dx
Info:            Scale 0.3 0.3 0.3
Info:            File 1ake-docked-noh_autopsf-grid.pdb
Info:            Col O
Info:            ChargeCol B
Info:            VOffset 0 0 0
Info:            Continuous K1 FALSE
Info:            Continuous K2 FALSE
Info:            Continuous K3 FALSE
Info:            Volts FALSE
Info:            Gridforce-Lite FALSE
Info:            Gridforce-CheckSize TRUE
Info: LANGEVIN DYNAMICS ACTIVE
Info: LANGEVIN TEMPERATURE   300
Info: LANGEVIN USING BBK INTEGRATOR
Info: LANGEVIN DAMPING COEFFICIENT IS 5 INVERSE PS
Info: LANGEVIN DYNAMICS NOT APPLIED TO HYDROGENS
Info: USING VERLET I (r-RESPA) MTS SCHEME.
Info: C1 SPLITTING OF LONG RANGE ELECTROSTATICS
Info: PLACING ATOMS IN PATCHES BY HYDROGEN GROUPS
Info: RIGID BONDS TO HYDROGEN : WATER
Info:         ERROR TOLERANCE : 1e-08
Info:          MAX ITERATIONS : 100
Info: RIGID WATER USING SETTLE ALGORITHM
Info: NONBONDED FORCES EVALUATED EVERY 2 STEPS
Info: RANDOM NUMBER SEED     1609821643
Info: USE HYDROGEN BONDS?    NO
Info: COORDINATE PDB         1ake-docked-noh_autopsf.pdb
Info: STRUCTURE FILE         1ake-docked-noh_autopsf.psf
Info: PARAMETER file: CHARMM format! 
Info: PARAMETERS             par_all36_prot.prm
Info: USING ARITHMETIC MEAN TO COMBINE L-J SIGMA PARAMETERS
Info: BINARY COORDINATES     7_0_adk-step1.restart.coor
Info: SUMMARY OF PARAMETERS:
Info: 132 BONDS
Info: 362 ANGLES
Info: 702 DIHEDRAL
Info: 35 IMPROPER
Info: 6 CROSSTERM
Info: 53 VDW
Info: 0 VDW_PAIRS
Info: 0 NBTHOLE_PAIRS
Info: TIME FOR READING PSF FILE: 0.389829
Info: READING EXTRA BONDS FILE 1ake-extrabonds.txt
Info: READING EXTRA BONDS FILE 1ake-extrabonds-cispeptide.txt
Info: READING EXTRA BONDS FILE 1ake-extrabonds-chirality.txt
Info: READ 80 EXTRA BONDS
Info: READ 80 EXTRA ANGLES
Warning: EXTRA ANGLES ARE COSINE-BASED BY DEFAULT TO MATCH PREVIOUS VERSIONS
Warning: FOR NORMAL HARMONIC EXTRA ANGLES SET extraBondsCosAngles off
Info: READ 493 EXTRA DIHEDRALS
Info: READ 438 EXTRA IMPROPERS
Info: Reading pdb file 1ake-docked-noh_autopsf.pdb
Info: TIME FOR READING PDB FILE: 0.117789
Info: 
Info: ****************************
Info: STRUCTURE SUMMARY:
Info: 3341 ATOMS
Info: 3445 BONDS
Info: 6203 ANGLES
Info: 9414 DIHEDRALS
Info: 1005 IMPROPERS
Info: 212 CROSSTERMS
Info: 0 EXCLUSIONS
Info: 0 RIGID BONDS
Info: 1 GRIDS ACTIVE
Info: 10023 DEGREES OF FREEDOM
Info: 1656 HYDROGEN GROUPS
Info: 4 ATOMS IN LARGEST HYDROGEN GROUP
Info: 1656 MIGRATION GROUPS
Info: 4 ATOMS IN LARGEST MIGRATION GROUP
Info: TOTAL MASS = 23582 amu
Info: TOTAL CHARGE = -4 e
Info: *****************************
Info: Reading from binary file 7_0_adk-step1.restart.coor
Info: 
Info: Entering startup at 2.42913 s, 798.812 MB of memory in use
Info: Startup phase 0 took 0.000205716 s, 798.938 MB of memory in use
Info: ADDED 18308 IMPLICIT EXCLUSIONS
Info: Startup phase 1 took 0.00759704 s, 799.062 MB of memory in use
Info: NONBONDED TABLE R-SQUARED SPACING: 0.0625
Info: NONBONDED TABLE SIZE: 705 POINTS
Info: ABSOLUTE IMPRECISION IN FAST TABLE ENERGY: 3.38813e-21 AT 9.89634
Info: RELATIVE IMPRECISION IN FAST TABLE ENERGY: 4.23384e-15 AT 9.94673
Info: ABSOLUTE IMPRECISION IN FAST TABLE FORCE: 6.35275e-22 AT 9.94673
Info: RELATIVE IMPRECISION IN FAST TABLE FORCE: 5.07982e-16 AT 9.94673
Info: INCONSISTENCY IN FAST TABLE ENERGY VS FORCE: 0.000290185 AT 0.251946
Info: ABSOLUTE IMPRECISION IN VDWA TABLE ENERGY: 1.57772e-30 AT 9.89634
Info: RELATIVE IMPRECISION IN VDWA TABLE ENERGY: 4.54938e-15 AT 9.94673
Info: ABSOLUTE IMPRECISION IN VDWA TABLE FORCE: 5.91646e-31 AT 9.94673
Info: RELATIVE IMPRECISION IN VDWA TABLE FORCE: 5.6823e-16 AT 9.94673
Info: INCONSISTENCY IN VDWA TABLE ENERGY VS FORCE: 0.0040507 AT 0.251946
Info: ABSOLUTE IMPRECISION IN VDWB TABLE ENERGY: 4.71751e-25 AT 9.94673
Info: RELATIVE IMPRECISION IN VDWB TABLE ENERGY: 1.45371e-14 AT 9.94673
Info: ABSOLUTE IMPRECISION IN VDWB TABLE FORCE: 6.20385e-25 AT 9.94673
Info: RELATIVE IMPRECISION IN VDWB TABLE FORCE: 5.97512e-16 AT 9.94673
Info: INCONSISTENCY IN VDWB TABLE ENERGY VS FORCE: 0.00377068 AT 9.07951
Info: Startup phase 2 took 0.00044864 s, 800.188 MB of memory in use
Info: Startup phase 3 took 0.000161504 s, 800.188 MB of memory in use
Info: Startup phase 4 took 0.000280805 s, 800.312 MB of memory in use
Info: Startup phase 5 took 0.000151375 s, 800.375 MB of memory in use
Info: ORIGINAL ATOMS MINMAX IS -22.7067 -33.161 -34.3825  16.6449 11.3268 15.0158
Info: ADJUSTED ATOMS MINMAX IS -17.23 -27.2197 -29.406  11.6644 7.41179 5.43342
Info: PATCH GRID IS 5 BY 3 BY 3
Info: PATCH GRID IS 2-AWAY BY 1-AWAY BY 1-AWAY
Info: Reading from binary file 7_0_adk-step1.restart.vel
Info: REMOVING COM VELOCITY 0.0712131 -0.0259865 0.136264
Info: LARGEST PATCH (37) HAS 148 ATOMS
Info: TORUS A SIZE 1 USING 0
Info: TORUS B SIZE 1 USING 0
Info: TORUS C SIZE 1 USING 0
Info: TORUS MINIMAL MESH SIZE IS 1 BY 1 BY 1
Info: Placed 100% of base nodes on same physical node as patch
Info: Startup phase 6 took 0.00873326 s, 800.562 MB of memory in use
Info: Startup phase 7 took 0.000157568 s, 801.5 MB of memory in use
Info: Updated CUDA force table with 4096 elements.
Info: Updated CUDA LJ table with 53 x 53 elements.
Info: Updated CUDA force table with 4096 elements.
Info: Updated CUDA force table with 4096 elements.
Info: Updated CUDA LJ table with 53 x 53 elements.
Info: Updated CUDA LJ table with 53 x 53 elements.
Info: Updated CUDA force table with 4096 elements.
Info: Updated CUDA force table with 4096 elements.
Info: Updated CUDA LJ table with 53 x 53 elements.
Info: Updated CUDA LJ table with 53 x 53 elements.
Info: Updated CUDA force table with 4096 elements.
Info: Updated CUDA LJ table with 53 x 53 elements.
Info: Startup phase 8 took 0.00301965 s, 801.625 MB of memory in use
Info: Startup phase 9 took 0.000329461 s, 801.688 MB of memory in use
Info: Startup phase 10 took 0.000159388 s, 801.75 MB of memory in use
Info: Startup phase 11 took 0.000798074 s, 801.938 MB of memory in use
LDB: Central LB being created...
Info: Startup phase 12 took 0.00210037 s, 802.688 MB of memory in use
Info: CREATING 1139 COMPUTE OBJECTS
Info: Found 278 unique exclusion lists needing 900 bytes
Info: Found 278 unique exclusion lists needing 900 bytes
Info: Found 278 unique exclusion lists needing 900 bytes
Info: Found 278 unique exclusion lists needing 900 bytes
Info: Found 278 unique exclusion lists needing 900 bytes
Info: Found 278 unique exclusion lists needing 900 bytes
Info: Startup phase 13 took 0.0144832 s, 803.5 MB of memory in use
Info: Building spanning tree ... send: 1 recv: 0 with branch factor 4
Info: useSync: 0 useProxySync: 0
Info: Startup phase 14 took 0.000207673 s, 803.688 MB of memory in use
Info: Startup phase 15 took 0.000253131 s, 803.812 MB of memory in use
Info: Finished startup at 2.46822 s, 803.938 MB of memory in use

TCL: Running for 5000 steps
PRESSURE: 0 0 0 0 0 0 0 0 0 0
GPRESSURE: 0 0 0 0 0 0 0 0 0 0
ETITLE:      TS           BOND          ANGLE          DIHED          IMPRP               ELECT            VDW       BOUNDARY           MISC        KINETIC               TOTAL           TEMP      POTENTIAL         TOTAL3        TEMPAVG

ENERGY:       0      1034.0054      1681.0129      2100.8708       156.4241            -40.9916      -824.1480         0.0000      4446.2466      2972.1411          11525.5613       298.4435      8553.4202     11548.9935       298.4435

LDB: ============= START OF LOAD BALANCING ============== 2.48044
LDB: ============== END OF LOAD BALANCING =============== 2.48048
Info: useSync: 0 useProxySync: 0
LDB: =============== DONE WITH MIGRATION ================ 2.48056
LDB: ============= START OF LOAD BALANCING ============== 2.52382
LDB: Partitioning computes with target load 0.000000
LDB: Increased migratable compute count from 0 to 0
LDB: Largest unpartitionable compute is 0.000000
LDB: ============== END OF LOAD BALANCING =============== 2.52406
Info: build node-aware spanning tree with send: 1, recv: 0 with branch factor 4
Info: useSync: 0 useProxySync: 0
LDB: =============== DONE WITH MIGRATION ================ 2.52477
PRESSURE: 100 0 0 0 0 0 0 0 0 0
GPRESSURE: 100 0 0 0 0 0 0 0 0 0
PRESSAVG: 100 0 0 0 0 0 0 0 0 0
GPRESSAVG: 100 0 0 0 0 0 0 0 0 0
Info: Initial time: 42 CPUs 0.00054194 s/step 0.00627246 days/ns 827.312 MB memory
ENERGY:     100      1132.4610      1650.7033      2064.3707       146.7648            -41.4661      -846.0105         0.0000      4438.2024      2979.9895          11525.0151       299.2315      8545.0257     11547.1568       295.4393

LDB: ============= START OF LOAD BALANCING ============== 2.53552
LDB: ============== END OF LOAD BALANCING =============== 2.53555
Info: useSync: 0 useProxySync: 0
LDB: =============== DONE WITH MIGRATION ================ 2.53563
LDB: ============= START OF LOAD BALANCING ============== 2.57863
LDB: TIME 2.57879 LOAD: AVG 0.0127123 MAX 0.0266363  PROXIES: TOTAL 174 MAXPE 7 MAXPATCH 7 None MEM: 829 MB
LDB: TIME 2.57895 LOAD: AVG 0.0127123 MAX 0.0266363  PROXIES: TOTAL 174 MAXPE 7 MAXPATCH 7 TorusLB MEM: 829.062 MB
LDB: Reverting to original mapping
LDB: ============== END OF LOAD BALANCING =============== 2.57914
Info: build node-aware spanning tree with send: 1, recv: 0 with branch factor 4
Info: useSync: 0 useProxySync: 0
LDB: =============== DONE WITH MIGRATION ================ 2.57976
PRESSURE: 200 0 0 0 0 0 0 0 0 0
GPRESSURE: 200 0 0 0 0 0 0 0 0 0
PRESSAVG: 200 0 0 0 0 0 0 0 0 0
GPRESSAVG: 200 0 0 0 0 0 0 0 0 0
Info: Initial time: 42 CPUs 0.000535983 s/step 0.00620351 days/ns 829.062 MB memory
ENERGY:     200      1060.2575      1733.1978      2052.4568       151.2695            -42.7679      -807.1110         0.0000      4428.4533      2982.8149          11558.5709       299.5153      8575.7560     11582.3662       298.8538

LDB: ============= START OF LOAD BALANCING ============== 2.63328
LDB: TIME 2.63345 LOAD: AVG 0.0153731 MAX 0.0332877  PROXIES: TOTAL 174 MAXPE 7 MAXPATCH 7 None MEM: 829.938 MB
LDB: TIME 2.63359 LOAD: AVG 0.0153731 MAX 0.0332877  PROXIES: TOTAL 174 MAXPE 7 MAXPATCH 7 RefineTorusLB MEM: 829.938 MB
LDB: TIME 2.63369 LOAD: AVG 0.0153731 MAX 0.0332877  PROXIES: TOTAL 174 MAXPE 7 MAXPATCH 7 RefineTorusLB MEM: 829.938 MB
LDB: Reverting to original mapping
LDB: ============== END OF LOAD BALANCING =============== 2.63388
Info: build node-aware spanning tree with send: 1, recv: 0 with branch factor 4
Info: useSync: 0 useProxySync: 0
LDB: =============== DONE WITH MIGRATION ================ 2.63449
PRESSURE: 300 0 0 0 0 0 0 0 0 0
GPRESSURE: 300 0 0 0 0 0 0 0 0 0
PRESSAVG: 300 0 0 0 0 0 0 0 0 0
GPRESSAVG: 300 0 0 0 0 0 0 0 0 0
Info: Initial time: 42 CPUs 0.000533602 s/step 0.00617595 days/ns 829.938 MB memory
ENERGY:     300      1111.0984      1662.7580      2066.9040       152.0805            -42.5377      -822.0500         0.0000      4426.7604      2954.8780          11509.8916       296.7100      8555.0136     11535.6985       299.0566

LDB: ============= START OF LOAD BALANCING ============== 2.69197
LDB: TIME 2.69213 LOAD: AVG 0.0155538 MAX 0.033152  PROXIES: TOTAL 174 MAXPE 7 MAXPATCH 7 None MEM: 830.75 MB
LDB: TIME 2.69228 LOAD: AVG 0.0155538 MAX 0.033152  PROXIES: TOTAL 174 MAXPE 7 MAXPATCH 7 RefineTorusLB MEM: 830.75 MB
LDB: TIME 2.69238 LOAD: AVG 0.0155538 MAX 0.033152  PROXIES: TOTAL 174 MAXPE 7 MAXPATCH 7 RefineTorusLB MEM: 830.75 MB
LDB: ============== END OF LOAD BALANCING =============== 2.69257
Info: build node-aware spanning tree with send: 1, recv: 0 with branch factor 4
Info: useSync: 0 useProxySync: 0
LDB: =============== DONE WITH MIGRATION ================ 2.69322
PRESSURE: 400 0 0 0 0 0 0 0 0 0
GPRESSURE: 400 0 0 0 0 0 0 0 0 0
PRESSAVG: 400 0 0 0 0 0 0 0 0 0
GPRESSAVG: 400 0 0 0 0 0 0 0 0 0
Info: Benchmark time: 42 CPUs 0.000573731 s/step 0.0066404 days/ns 830.75 MB memory
ENERGY:     400      1060.4673      1692.1369      2082.5491       136.7192            -41.3923      -834.8464         0.0000      4435.3990      2957.0773          11488.1103       296.9309      8531.0329     11509.3874       296.7939

PRESSURE: 500 0 0 0 0 0 0 0 0 0
GPRESSURE: 500 0 0 0 0 0 0 0 0 0
PRESSAVG: 500 0 0 0 0 0 0 0 0 0
GPRESSAVG: 500 0 0 0 0 0 0 0 0 0
Info: Benchmark time: 42 CPUs 0.000603907 s/step 0.00698967 days/ns 831.312 MB memory
ENERGY:     500      1044.1198      1654.7583      2058.8636       143.4286            -41.4760      -842.5081         0.0000      4437.2468      2960.0809          11414.5139       297.2325      8454.4329     11442.0007       293.6583

PRESSURE: 600 0 0 0 0 0 0 0 0 0
GPRESSURE: 600 0 0 0 0 0 0 0 0 0
PRESSAVG: 600 0 0 0 0 0 0 0 0 0
GPRESSAVG: 600 0 0 0 0 0 0 0 0 0
Info: Benchmark time: 42 CPUs 0.000600679 s/step 0.0069523 days/ns 831.312 MB memory
ENERGY:     600      1118.7656      1688.5124      2041.0751       149.6335            -41.1966      -806.6996         0.0000      4423.4863      2916.6228          11490.1995       292.8687      8573.5767     11509.7079       294.6876

PRESSURE: 700 0 0 0 0 0 0 0 0 0
GPRESSURE: 700 0 0 0 0 0 0 0 0 0
PRESSAVG: 700 0 0 0 0 0 0 0 0 0
GPRESSAVG: 700 0 0 0 0 0 0 0 0 0
Info: Benchmark time: 42 CPUs 0.000545802 s/step 0.00631715 days/ns 831.312 MB memory
ENERGY:     700      1062.9131      1709.8446      2054.5356       154.8869            -41.3342      -819.6017         0.0000      4416.4913      2929.9060          11467.6416       294.2025      8537.7356     11491.0499       296.3086

PRESSURE: 800 0 0 0 0 0 0 0 0 0
GPRESSURE: 800 0 0 0 0 0 0 0 0 0
PRESSAVG: 800 0 0 0 0 0 0 0 0 0
GPRESSAVG: 800 0 0 0 0 0 0 0 0 0
Info: Benchmark time: 42 CPUs 0.000534182 s/step 0.00618266 days/ns 831.312 MB memory
ENERGY:     800      1089.1650      1656.6556      2074.7729       138.4400            -40.7604      -810.9819         0.0000      4409.3302      2933.8621          11450.4836       294.5997      8516.6215     11471.0582       294.5925

PRESSURE: 900 0 0 0 0 0 0 0 0 0
GPRESSURE: 900 0 0 0 0 0 0 0 0 0
PRESSAVG: 900 0 0 0 0 0 0 0 0 0
GPRESSAVG: 900 0 0 0 0 0 0 0 0 0
Info: Benchmark time: 42 CPUs 0.000533823 s/step 0.00617851 days/ns 831.312 MB memory
ENERGY:     900      1092.6966      1678.0035      2063.5642       156.7401            -41.5739      -837.7470         0.0000      4402.3364      2926.8575          11440.8775       293.8964      8514.0200     11465.0368       294.2285

OPENING COORDINATE DCD FILE
WRITING COORDINATES TO DCD FILE adk-step1.dcd AT STEP 1000
WRITING COORDINATES TO RESTART FILE AT STEP 1000
FINISHED WRITING RESTART COORDINATES
The last position output (seq=1000) takes 0.008 seconds, 831.312 MB of memory in use
PRESSURE: 1000 0 0 0 0 0 0 0 0 0
GPRESSURE: 1000 0 0 0 0 0 0 0 0 0
PRESSAVG: 1000 0 0 0 0 0 0 0 0 0
GPRESSAVG: 1000 0 0 0 0 0 0 0 0 0
TIMING: 1000  CPU: 0.579559, 0.00056334/step  Wall: 0.587186, 0.000569673/step, 0.00063297 hours remaining, 831.500000 MB of memory in use.
ETITLE:      TS           BOND          ANGLE          DIHED          IMPRP               ELECT            VDW       BOUNDARY           MISC        KINETIC               TOTAL           TEMP      POTENTIAL         TOTAL3        TEMPAVG

ENERGY:    1000      1041.8749      1681.5234      2081.8233       145.1665            -41.1892      -848.7257         0.0000      4386.5208      2946.4809          11393.4748       295.8668      8446.9939     11418.7010       293.2491

WRITING EXTENDED SYSTEM TO RESTART FILE AT STEP 1000
WRITING VELOCITIES TO RESTART FILE AT STEP 1000
FINISHED WRITING RESTART VELOCITIES
The last velocity output (seq=1000) takes 0.002 seconds, 831.500 MB of memory in use
PRESSURE: 1100 0 0 0 0 0 0 0 0 0
GPRESSURE: 1100 0 0 0 0 0 0 0 0 0
PRESSAVG: 1100 0 0 0 0 0 0 0 0 0
GPRESSAVG: 1100 0 0 0 0 0 0 0 0 0
ENERGY:    1100      1101.5063      1648.9821      2059.5971       152.1936            -40.5932      -833.4962         0.0000      4371.2090      3010.9671          11470.3660       302.3421      8459.3989     11494.0777       294.0661

PRESSURE: 1200 0 0 0 0 0 0 0 0 0
GPRESSURE: 1200 0 0 0 0 0 0 0 0 0
PRESSAVG: 1200 0 0 0 0 0 0 0 0 0
GPRESSAVG: 1200 0 0 0 0 0 0 0 0 0
ENERGY:    1200      1138.2774      1669.6109      2057.6094       164.4792            -40.5676      -831.0259         0.0000      4354.6625      2915.1685          11428.2144       292.7226      8513.0458     11451.3984       297.6826

PRESSURE: 1300 0 0 0 0 0 0 0 0 0
GPRESSURE: 1300 0 0 0 0 0 0 0 0 0
PRESSAVG: 1300 0 0 0 0 0 0 0 0 0
GPRESSAVG: 1300 0 0 0 0 0 0 0 0 0
ENERGY:    1300      1108.0134      1652.8417      2083.4592       145.0866            -40.7426      -811.8123         0.0000      4353.0153      2901.6986          11391.5600       291.3701      8489.8615     11410.8420       293.8550

PRESSURE: 1400 0 0 0 0 0 0 0 0 0
GPRESSURE: 1400 0 0 0 0 0 0 0 0 0
PRESSAVG: 1400 0 0 0 0 0 0 0 0 0
GPRESSAVG: 1400 0 0 0 0 0 0 0 0 0
ENERGY:    1400      1033.3653      1690.3339      2049.2950       151.5302            -40.4091      -816.1984         0.0000      4361.7046      2980.7559          11410.3774       299.3085      8429.6215     11433.7083       294.3709

PRESSURE: 1500 0 0 0 0 0 0 0 0 0
GPRESSURE: 1500 0 0 0 0 0 0 0 0 0
PRESSAVG: 1500 0 0 0 0 0 0 0 0 0
GPRESSAVG: 1500 0 0 0 0 0 0 0 0 0
ENERGY:    1500      1122.9274      1699.1146      2045.3851       157.4465            -41.9212      -830.7975         0.0000      4368.0640      2868.2915          11388.5103       288.0155      8520.2189     11408.7849       294.1596

PRESSURE: 1600 0 0 0 0 0 0 0 0 0
GPRESSURE: 1600 0 0 0 0 0 0 0 0 0
PRESSAVG: 1600 0 0 0 0 0 0 0 0 0
GPRESSAVG: 1600 0 0 0 0 0 0 0 0 0
ENERGY:    1600      1078.5512      1688.7747      2068.5238       157.1435            -41.3250      -799.0837         0.0000      4367.3998      2900.2125          11420.1966       291.2209      8519.9842     11443.2970       293.7962

PRESSURE: 1700 0 0 0 0 0 0 0 0 0
GPRESSURE: 1700 0 0 0 0 0 0 0 0 0
PRESSAVG: 1700 0 0 0 0 0 0 0 0 0
GPRESSAVG: 1700 0 0 0 0 0 0 0 0 0
ENERGY:    1700      1057.0404      1730.6378      2081.4291       152.2753            -41.2294      -793.1790         0.0000      4369.1275      2884.2953          11440.3970       289.6226      8556.1017     11464.3001       294.4804

PRESSURE: 1800 0 0 0 0 0 0 0 0 0
GPRESSURE: 1800 0 0 0 0 0 0 0 0 0
PRESSAVG: 1800 0 0 0 0 0 0 0 0 0
GPRESSAVG: 1800 0 0 0 0 0 0 0 0 0
ENERGY:    1800      1104.2781      1666.2900      2076.7868       148.7368            -41.0810      -812.9637         0.0000      4376.2418      2956.9604          11475.2491       296.9191      8518.2886     11498.6025       297.1333

PRESSURE: 1900 0 0 0 0 0 0 0 0 0
GPRESSURE: 1900 0 0 0 0 0 0 0 0 0
PRESSAVG: 1900 0 0 0 0 0 0 0 0 0
GPRESSAVG: 1900 0 0 0 0 0 0 0 0 0
ENERGY:    1900      1116.9762      1688.1124      2042.8730       157.6153            -41.2488      -808.8054         0.0000      4374.3896      2987.7593          11517.6715       300.0117      8529.9122     11541.2165       296.3228

WRITING COORDINATES TO DCD FILE adk-step1.dcd AT STEP 2000
WRITING COORDINATES TO RESTART FILE AT STEP 2000
FINISHED WRITING RESTART COORDINATES
The last position output (seq=2000) takes 0.003 seconds, 831.500 MB of memory in use
PRESSURE: 2000 0 0 0 0 0 0 0 0 0
GPRESSURE: 2000 0 0 0 0 0 0 0 0 0
PRESSAVG: 2000 0 0 0 0 0 0 0 0 0
GPRESSAVG: 2000 0 0 0 0 0 0 0 0 0
TIMING: 2000  CPU: 1.08405, 0.000504496/step  Wall: 1.09619, 0.000509001/step, 0.000424168 hours remaining, 831.500000 MB of memory in use.
ETITLE:      TS           BOND          ANGLE          DIHED          IMPRP               ELECT            VDW       BOUNDARY           MISC        KINETIC               TOTAL           TEMP      POTENTIAL         TOTAL3        TEMPAVG

ENERGY:    2000      1070.7075      1698.6652      2076.3429       148.9230            -41.6086      -814.7708         0.0000      4360.7487      3022.6719          11521.6798       303.5174      8499.0079     11550.7812       299.0889

WRITING EXTENDED SYSTEM TO RESTART FILE AT STEP 2000
WRITING VELOCITIES TO RESTART FILE AT STEP 2000
FINISHED WRITING RESTART VELOCITIES
The last velocity output (seq=2000) takes 0.002 seconds, 831.562 MB of memory in use
PRESSURE: 2100 0 0 0 0 0 0 0 0 0
GPRESSURE: 2100 0 0 0 0 0 0 0 0 0
PRESSAVG: 2100 0 0 0 0 0 0 0 0 0
GPRESSAVG: 2100 0 0 0 0 0 0 0 0 0
ENERGY:    2100      1134.6375      1686.8828      2078.8003       150.7484            -41.2082      -804.1952         0.0000      4361.4618      3009.8902          11577.0176       302.2340      8567.1274     11602.8873       299.8531

PRESSURE: 2200 0 0 0 0 0 0 0 0 0
GPRESSURE: 2200 0 0 0 0 0 0 0 0 0
PRESSAVG: 2200 0 0 0 0 0 0 0 0 0
GPRESSAVG: 2200 0 0 0 0 0 0 0 0 0
ENERGY:    2200      1087.7876      1682.8550      2082.5628       158.5909            -41.0678      -804.0808         0.0000      4365.9393      3028.6340          11561.2210       304.1161      8532.5870     11586.4663       301.2548

PRESSURE: 2300 0 0 0 0 0 0 0 0 0
GPRESSURE: 2300 0 0 0 0 0 0 0 0 0
PRESSAVG: 2300 0 0 0 0 0 0 0 0 0
GPRESSAVG: 2300 0 0 0 0 0 0 0 0 0
ENERGY:    2300      1079.5151      1670.4021      2071.9919       150.3783            -40.6486      -786.0770         0.0000      4364.3899      3007.7101          11517.6618       302.0151      8509.9517     11541.7120       300.3488

PRESSURE: 2400 0 0 0 0 0 0 0 0 0
GPRESSURE: 2400 0 0 0 0 0 0 0 0 0
PRESSAVG: 2400 0 0 0 0 0 0 0 0 0
GPRESSAVG: 2400 0 0 0 0 0 0 0 0 0
ENERGY:    2400      1119.5617      1655.0257      2084.8989       153.8727            -40.8551      -805.8402         0.0000      4358.3006      3002.2927          11527.2571       301.4711      8524.9644     11553.7981       300.5533

PRESSURE: 2500 0 0 0 0 0 0 0 0 0
GPRESSURE: 2500 0 0 0 0 0 0 0 0 0
PRESSAVG: 2500 0 0 0 0 0 0 0 0 0
GPRESSAVG: 2500 0 0 0 0 0 0 0 0 0
ENERGY:    2500      1104.2555      1705.3104      2055.2882       155.3123            -41.0497      -824.8370         0.0000      4360.5271      3025.8750          11540.6818       303.8391      8514.8068     11568.2963       299.0354

PRESSURE: 2600 0 0 0 0 0 0 0 0 0
GPRESSURE: 2600 0 0 0 0 0 0 0 0 0
PRESSAVG: 2600 0 0 0 0 0 0 0 0 0
GPRESSAVG: 2600 0 0 0 0 0 0 0 0 0
ENERGY:    2600      1107.7360      1676.1869      2127.5022       160.1813            -41.0234      -818.2188         0.0000      4356.9825      2969.7018          11539.0484       298.1985      8569.3466     11562.8569       300.6553

PRESSURE: 2700 0 0 0 0 0 0 0 0 0
GPRESSURE: 2700 0 0 0 0 0 0 0 0 0
PRESSAVG: 2700 0 0 0 0 0 0 0 0 0
GPRESSAVG: 2700 0 0 0 0 0 0 0 0 0
ENERGY:    2700      1113.5151      1690.2695      2049.4495       146.6871            -41.0869      -816.9317         0.0000      4345.4230      3031.2089          11518.5345       304.3747      8487.3256     11542.2556       300.2692

PRESSURE: 2800 0 0 0 0 0 0 0 0 0
GPRESSURE: 2800 0 0 0 0 0 0 0 0 0
PRESSAVG: 2800 0 0 0 0 0 0 0 0 0
GPRESSAVG: 2800 0 0 0 0 0 0 0 0 0
ENERGY:    2800      1080.7616      1708.4555      2095.5248       164.5437            -40.6180      -806.1435         0.0000      4338.0991      3003.7612          11544.3843       301.6186      8540.6231     11568.4491       299.7444

PRESSURE: 2900 0 0 0 0 0 0 0 0 0
GPRESSURE: 2900 0 0 0 0 0 0 0 0 0
PRESSAVG: 2900 0 0 0 0 0 0 0 0 0
GPRESSAVG: 2900 0 0 0 0 0 0 0 0 0
ENERGY:    2900      1114.1482      1695.8442      2074.8840       141.0558            -41.2075      -802.0622         0.0000      4331.2062      3039.9686          11553.8373       305.2543      8513.8686     11576.1695       302.4471

PRESSURE: 3000 0 0 0 0 0 0 0 0 0
GPRESSURE: 3000 0 0 0 0 0 0 0 0 0
PRESSAVG: 3000 0 0 0 0 0 0 0 0 0
GPRESSAVG: 3000 0 0 0 0 0 0 0 0 0
TIMING: 3000  CPU: 1.59962, 0.000515564/step  Wall: 1.61546, 0.000519274/step, 0.000288485 hours remaining, 831.562500 MB of memory in use.
ETITLE:      TS           BOND          ANGLE          DIHED          IMPRP               ELECT            VDW       BOUNDARY           MISC        KINETIC               TOTAL           TEMP      POTENTIAL         TOTAL3        TEMPAVG

ENERGY:    3000      1117.5961      1730.2675      2042.5325       154.3343            -40.3056      -818.7018         0.0000      4337.0990      2997.6806          11520.5027       301.0080      8522.8221     11544.0494       300.2923

WRITING EXTENDED SYSTEM TO RESTART FILE AT STEP 3000
WRITING COORDINATES TO DCD FILE adk-step1.dcd AT STEP 3000
WRITING COORDINATES TO RESTART FILE AT STEP 3000
FINISHED WRITING RESTART COORDINATES
The last position output (seq=3000) takes 0.002 seconds, 831.562 MB of memory in use
WRITING VELOCITIES TO RESTART FILE AT STEP 3000
FINISHED WRITING RESTART VELOCITIES
The last velocity output (seq=3000) takes 0.002 seconds, 831.562 MB of memory in use
PRESSURE: 3100 0 0 0 0 0 0 0 0 0
GPRESSURE: 3100 0 0 0 0 0 0 0 0 0
PRESSAVG: 3100 0 0 0 0 0 0 0 0 0
GPRESSAVG: 3100 0 0 0 0 0 0 0 0 0
ENERGY:    3100      1181.7306      1682.8182      2078.5233       152.3499            -41.0603      -785.4654         0.0000      4336.5379      2965.8488          11571.2831       297.8116      8605.4343     11592.0817       301.1774

PRESSURE: 3200 0 0 0 0 0 0 0 0 0
GPRESSURE: 3200 0 0 0 0 0 0 0 0 0
PRESSAVG: 3200 0 0 0 0 0 0 0 0 0
GPRESSAVG: 3200 0 0 0 0 0 0 0 0 0
ENERGY:    3200      1088.4812      1732.5104      2090.0920       147.1139            -40.6188      -795.5213         0.0000      4336.1659      2913.3068          11471.5301       292.5357      8558.2233     11492.1447       301.0825

PRESSURE: 3300 0 0 0 0 0 0 0 0 0
GPRESSURE: 3300 0 0 0 0 0 0 0 0 0
PRESSAVG: 3300 0 0 0 0 0 0 0 0 0
GPRESSAVG: 3300 0 0 0 0 0 0 0 0 0
ENERGY:    3300      1131.7012      1698.4943      2066.6647       168.2804            -41.6314      -826.7635         0.0000      4338.5515      2973.3608          11508.6579       298.5659      8535.2971     11532.2315       299.2868

PRESSURE: 3400 0 0 0 0 0 0 0 0 0
GPRESSURE: 3400 0 0 0 0 0 0 0 0 0
PRESSAVG: 3400 0 0 0 0 0 0 0 0 0
GPRESSAVG: 3400 0 0 0 0 0 0 0 0 0
ENERGY:    3400      1111.3748      1699.1157      2078.7695       154.6404            -41.1435      -783.6541         0.0000      4332.7355      2923.0176          11474.8557       293.5108      8551.8382     11497.3814       298.6592

PRESSURE: 3500 0 0 0 0 0 0 0 0 0
GPRESSURE: 3500 0 0 0 0 0 0 0 0 0
PRESSAVG: 3500 0 0 0 0 0 0 0 0 0
GPRESSAVG: 3500 0 0 0 0 0 0 0 0 0
ENERGY:    3500      1125.8825      1634.1403      2054.4757       147.6763            -41.2471      -776.5956         0.0000      4326.3218      3008.8041          11479.4579       302.1249      8470.6538     11502.7062       298.7172

PRESSURE: 3600 0 0 0 0 0 0 0 0 0
GPRESSURE: 3600 0 0 0 0 0 0 0 0 0
PRESSAVG: 3600 0 0 0 0 0 0 0 0 0
GPRESSAVG: 3600 0 0 0 0 0 0 0 0 0
ENERGY:    3600      1128.3630      1689.1337      2082.2512       150.7887            -40.2047      -798.1722         0.0000      4321.7745      2946.4880          11480.4221       295.8675      8533.9342     11503.6572       298.2678

PRESSURE: 3700 0 0 0 0 0 0 0 0 0
GPRESSURE: 3700 0 0 0 0 0 0 0 0 0
PRESSAVG: 3700 0 0 0 0 0 0 0 0 0
GPRESSAVG: 3700 0 0 0 0 0 0 0 0 0
ENERGY:    3700      1106.7625      1698.5093      2093.1415       153.8203            -40.2547      -783.9137         0.0000      4316.2429      2956.9019          11501.2100       296.9132      8544.3081     11522.4360       299.4439

PRESSURE: 3800 0 0 0 0 0 0 0 0 0
GPRESSURE: 3800 0 0 0 0 0 0 0 0 0
PRESSAVG: 3800 0 0 0 0 0 0 0 0 0
GPRESSAVG: 3800 0 0 0 0 0 0 0 0 0
ENERGY:    3800      1042.2291      1680.7657      2098.7566       141.8399            -40.2829      -805.4980         0.0000      4319.0718      3006.7027          11443.5850       301.9139      8436.8824     11470.5855       297.5699

PRESSURE: 3900 0 0 0 0 0 0 0 0 0
GPRESSURE: 3900 0 0 0 0 0 0 0 0 0
PRESSAVG: 3900 0 0 0 0 0 0 0 0 0
GPRESSAVG: 3900 0 0 0 0 0 0 0 0 0
ENERGY:    3900      1111.9791      1679.3174      2080.9419       155.5467            -39.8036      -770.1591         0.0000      4324.4455      2921.4508          11463.7186       293.3535      8542.2678     11488.3420       295.7282

PRESSURE: 4000 0 0 0 0 0 0 0 0 0
GPRESSURE: 4000 0 0 0 0 0 0 0 0 0
PRESSAVG: 4000 0 0 0 0 0 0 0 0 0
GPRESSAVG: 4000 0 0 0 0 0 0 0 0 0
TIMING: 4000  CPU: 2.10402, 0.000504402/step  Wall: 2.13065, 0.000515189/step, 0.000143108 hours remaining, 831.562500 MB of memory in use.
ETITLE:      TS           BOND          ANGLE          DIHED          IMPRP               ELECT            VDW       BOUNDARY           MISC        KINETIC               TOTAL           TEMP      POTENTIAL         TOTAL3        TEMPAVG

ENERGY:    4000      1103.4030      1669.0149      2094.4193       161.3570            -40.3936      -824.4789         0.0000      4331.2201      2954.1104          11448.6523       296.6329      8494.5419     11469.3668       297.9251

WRITING EXTENDED SYSTEM TO RESTART FILE AT STEP 4000
WRITING VELOCITIES TO RESTART FILE AT STEP 4000
FINISHED WRITING RESTART VELOCITIES
The last velocity output (seq=4000) takes 0.002 seconds, 831.562 MB of memory in use
WRITING COORDINATES TO DCD FILE adk-step1.dcd AT STEP 4000
WRITING COORDINATES TO RESTART FILE AT STEP 4000
FINISHED WRITING RESTART COORDINATES
The last position output (seq=4000) takes 0.002 seconds, 831.562 MB of memory in use
PRESSURE: 4100 0 0 0 0 0 0 0 0 0
GPRESSURE: 4100 0 0 0 0 0 0 0 0 0
PRESSAVG: 4100 0 0 0 0 0 0 0 0 0
GPRESSAVG: 4100 0 0 0 0 0 0 0 0 0
ENERGY:    4100      1071.3281      1701.4138      2061.4143       147.4881            -40.4913      -806.7014         0.0000      4336.9522      2981.7009          11453.1046       299.4034      8471.4037     11479.4181       297.2491

PRESSURE: 4200 0 0 0 0 0 0 0 0 0
GPRESSURE: 4200 0 0 0 0 0 0 0 0 0
PRESSAVG: 4200 0 0 0 0 0 0 0 0 0
GPRESSAVG: 4200 0 0 0 0 0 0 0 0 0
ENERGY:    4200      1097.3942      1690.5911      2058.9127       146.9345            -40.8118      -815.9494         0.0000      4328.5049      2978.5320          11444.1083       299.0852      8465.5762     11466.2803       298.0133

LDB: ============= START OF LOAD BALANCING ============== 4.74856
LDB: ============== END OF LOAD BALANCING =============== 4.74862
Info: useSync: 0 useProxySync: 0
LDB: =============== DONE WITH MIGRATION ================ 4.74873
PRESSURE: 4300 0 0 0 0 0 0 0 0 0
GPRESSURE: 4300 0 0 0 0 0 0 0 0 0
PRESSAVG: 4300 0 0 0 0 0 0 0 0 0
GPRESSAVG: 4300 0 0 0 0 0 0 0 0 0
ENERGY:    4300      1146.9575      1644.1866      2059.7081       164.0811            -40.0885      -819.7398         0.0000      4319.7689      2906.1396          11381.0134       291.8160      8474.8738     11401.9515       295.7680

LDB: ============= START OF LOAD BALANCING ============== 4.79969
LDB: TIME 4.79988 LOAD: AVG 0.014033 MAX 0.0309681  PROXIES: TOTAL 174 MAXPE 7 MAXPATCH 7 None MEM: 831.562 MB
LDB: TIME 4.80005 LOAD: AVG 0.014033 MAX 0.0309681  PROXIES: TOTAL 174 MAXPE 7 MAXPATCH 7 RefineTorusLB MEM: 831.75 MB
LDB: TIME 4.80016 LOAD: AVG 0.014033 MAX 0.0309681  PROXIES: TOTAL 174 MAXPE 7 MAXPATCH 7 RefineTorusLB MEM: 831.75 MB
LDB: Reverting to original mapping
LDB: ============== END OF LOAD BALANCING =============== 4.80035
Info: build node-aware spanning tree with send: 1, recv: 0 with branch factor 4
Info: useSync: 0 useProxySync: 0
LDB: =============== DONE WITH MIGRATION ================ 4.80096
PRESSURE: 4400 0 0 0 0 0 0 0 0 0
GPRESSURE: 4400 0 0 0 0 0 0 0 0 0
PRESSAVG: 4400 0 0 0 0 0 0 0 0 0
GPRESSAVG: 4400 0 0 0 0 0 0 0 0 0
ENERGY:    4400      1084.2430      1756.0232      2060.9219       147.6598            -40.4344      -835.8322         0.0000      4319.1630      2935.4681          11427.2124       294.7610      8491.7443     11448.8557       295.9366

PRESSURE: 4500 0 0 0 0 0 0 0 0 0
GPRESSURE: 4500 0 0 0 0 0 0 0 0 0
PRESSAVG: 4500 0 0 0 0 0 0 0 0 0
GPRESSAVG: 4500 0 0 0 0 0 0 0 0 0
ENERGY:    4500      1070.0544      1694.0848      2086.5421       149.6078            -40.4108      -800.4831         0.0000      4320.9894      3005.2825          11485.6671       301.7713      8480.3846     11511.7664       298.5683

PRESSURE: 4600 0 0 0 0 0 0 0 0 0
GPRESSURE: 4600 0 0 0 0 0 0 0 0 0
PRESSAVG: 4600 0 0 0 0 0 0 0 0 0
GPRESSAVG: 4600 0 0 0 0 0 0 0 0 0
ENERGY:    4600      1131.4288      1711.0292      2074.4131       147.9045            -39.8095      -799.8357         0.0000      4320.7511      3029.6999          11575.5814       304.2232      8545.8815     11599.5833       301.0529

PRESSURE: 4700 0 0 0 0 0 0 0 0 0
GPRESSURE: 4700 0 0 0 0 0 0 0 0 0
PRESSAVG: 4700 0 0 0 0 0 0 0 0 0
GPRESSAVG: 4700 0 0 0 0 0 0 0 0 0
ENERGY:    4700      1097.9943      1755.9037      2080.7594       164.6868            -39.0878      -808.6493         0.0000      4319.8865      2936.7546          11508.2483       294.8902      8571.4937     11532.9406       301.8420

PRESSURE: 4800 0 0 0 0 0 0 0 0 0
GPRESSURE: 4800 0 0 0 0 0 0 0 0 0
PRESSAVG: 4800 0 0 0 0 0 0 0 0 0
GPRESSAVG: 4800 0 0 0 0 0 0 0 0 0
ENERGY:    4800      1085.8781      1700.7477      2093.2973       168.6141            -40.5980      -801.1152         0.0000      4312.8629      3037.3183          11557.0051       304.9881      8519.6868     11576.3841       300.6201

PRESSURE: 4900 0 0 0 0 0 0 0 0 0
GPRESSURE: 4900 0 0 0 0 0 0 0 0 0
PRESSAVG: 4900 0 0 0 0 0 0 0 0 0
GPRESSAVG: 4900 0 0 0 0 0 0 0 0 0
ENERGY:    4900      1117.0696      1667.3145      2063.5285       156.5871            -40.1224      -786.7882         0.0000      4311.6067      3011.4232          11500.6190       302.3879      8489.1958     11524.7446       301.7985

PRESSURE: 5000 0 0 0 0 0 0 0 0 0
GPRESSURE: 5000 0 0 0 0 0 0 0 0 0
PRESSAVG: 5000 0 0 0 0 0 0 0 0 0
GPRESSAVG: 5000 0 0 0 0 0 0 0 0 0
TIMING: 5000  CPU: 2.58899, 0.000484972/step  Wall: 2.61673, 0.000486081/step, 0 hours remaining, 831.750000 MB of memory in use.
ETITLE:      TS           BOND          ANGLE          DIHED          IMPRP               ELECT            VDW       BOUNDARY           MISC        KINETIC               TOTAL           TEMP      POTENTIAL         TOTAL3        TEMPAVG

ENERGY:    5000      1075.2655      1694.3223      2056.2251       142.4226            -40.0373      -773.9186         0.0000      4311.1206      2950.5249          11415.9251       296.2729      8465.4002     11441.8853       298.3648

WRITING EXTENDED SYSTEM TO RESTART FILE AT STEP 5000
WRITING COORDINATES TO DCD FILE adk-step1.dcd AT STEP 5000
WRITING COORDINATES TO RESTART FILE AT STEP 5000
FINISHED WRITING RESTART COORDINATES
The last position output (seq=5000) takes 0.002 seconds, 832.375 MB of memory in use
WRITING VELOCITIES TO RESTART FILE AT STEP 5000
FINISHED WRITING RESTART VELOCITIES
The last velocity output (seq=5000) takes 0.002 seconds, 832.375 MB of memory in use
WRITING EXTENDED SYSTEM TO OUTPUT FILE AT STEP 5000
WRITING COORDINATES TO OUTPUT FILE AT STEP 5000
CLOSING COORDINATE DCD FILE adk-step1.dcd
The last position output (seq=-2) takes 0.004 seconds, 832.375 MB of memory in use
WRITING VELOCITIES TO OUTPUT FILE AT STEP 5000
====================================================

WallClock: 5.081177  CPUTime: 3.409151  Memory: 832.375000 MB
End of program
