0_14_cc.dat
/gpfs/alpine/bip115/scratch/hrlee/radical.pilot.sandbox/re.session.login2.hrlee.018634.0000/pilot.0000/staging_area/0_14_cc.dat
0, 14
Choosing optimized barrier algorithm name I0:HybridBinomial:SHMEM:P2P
Converse/Charm++ Commit ID: v6.10.2-0-g7bf00fa-namd-charm-6.10.2-build-2020-Aug-05-556
Warning> Randomization of virtual memory (ASLR) is turned on in the kernel, thread migration may not work! Run 'echo 0 > /proc/sys/kernel/randomize_va_space' as root to disable it, or try running with '+isomalloc_sync'.
CharmLB> Load balancer assumes all CPUs are same.
Charm++> Running on 1 hosts (1 sockets x 7 cores x 4 PUs = 28-way SMP)
Charm++> cpu topology info is gathered in 0.003 seconds.
Info: Built with CUDA version 10010
Did not find +devices i,j,k,... argument, using all
Pe 12 physical rank 12 will use CUDA device of pe 7
Pe 5 physical rank 5 will use CUDA device of pe 4
Pe 20 physical rank 20 will use CUDA device of pe 14
Pe 26 physical rank 26 will use CUDA device of pe 21
Pe 34 physical rank 34 will use CUDA device of pe 28
Pe 13 physical rank 13 will use CUDA device of pe 7
Pe 19 physical rank 19 will use CUDA device of pe 14
Pe 24 physical rank 24 will use CUDA device of pe 21
Pe 32 physical rank 32 will use CUDA device of pe 28
Pe 10 physical rank 10 will use CUDA device of pe 7
Pe 17 physical rank 17 will use CUDA device of pe 14
Pe 3 physical rank 3 will use CUDA device of pe 4
Pe 41 physical rank 41 will use CUDA device of pe 35
Pe 23 physical rank 23 will use CUDA device of pe 21
Pe 30 physical rank 30 will use CUDA device of pe 28
Pe 9 physical rank 9 will use CUDA device of pe 7
Pe 16 physical rank 16 will use CUDA device of pe 14
Pe 6 physical rank 6 will use CUDA device of pe 4
Pe 39 physical rank 39 will use CUDA device of pe 35
Pe 27 physical rank 27 will use CUDA device of pe 21
Pe 33 physical rank 33 will use CUDA device of pe 28
Pe 11 physical rank 11 will use CUDA device of pe 7
Pe 18 physical rank 18 will use CUDA device of pe 14
Pe 2 physical rank 2 will use CUDA device of pe 4
Pe 40 physical rank 40 will use CUDA device of pe 35
Pe 25 physical rank 25 will use CUDA device of pe 21
Pe 31 physical rank 31 will use CUDA device of pe 28
Pe 8 physical rank 8 will use CUDA device of pe 7
Pe 15 physical rank 15 will use CUDA device of pe 14
Pe 1 physical rank 1 will use CUDA device of pe 4
Pe 38 physical rank 38 will use CUDA device of pe 35
Pe 22 physical rank 22 will use CUDA device of pe 21
Pe 29 physical rank 29 will use CUDA device of pe 28
Pe 0 physical rank 0 will use CUDA device of pe 4
Pe 37 physical rank 37 will use CUDA device of pe 35
Pe 36 physical rank 36 will use CUDA device of pe 35
Pe 7 physical rank 7 binding to CUDA device 0 on h14n10: 'Tesla V100-SXM2-16GB'  Mem: 16128MB  Rev: 7.0  PCI: 4:5:0
Pe 14 physical rank 14 binding to CUDA device 0 on h14n10: 'Tesla V100-SXM2-16GB'  Mem: 16128MB  Rev: 7.0  PCI: 4:6:0
Pe 4 physical rank 4 binding to CUDA device 0 on h14n10: 'Tesla V100-SXM2-16GB'  Mem: 16128MB  Rev: 7.0  PCI: 4:4:0
Pe 21 physical rank 21 binding to CUDA device 0 on h14n10: 'Tesla V100-SXM2-16GB'  Mem: 16128MB  Rev: 7.0  PCI: 35:3:0
Pe 28 physical rank 28 binding to CUDA device 0 on h14n10: 'Tesla V100-SXM2-16GB'  Mem: 16128MB  Rev: 7.0  PCI: 35:4:0
Pe 35 physical rank 35 binding to CUDA device 0 on h14n10: 'Tesla V100-SXM2-16GB'  Mem: 16128MB  Rev: 7.0  PCI: 35:5:0
Info: NAMD 2.14 for Linux-POWER-pami-smp-Summit-CUDA
Info: 
Info: Please visit http://www.ks.uiuc.edu/Research/namd/
Info: for updates, documentation, and support information.
Info: 
Info: Please cite Phillips et al., J. Chem. Phys. 153:044130 (2020) doi:10.1063/5.0014475
Info: in all publications reporting results obtained with NAMD.
Info: 
Info: Based on Charm++/Converse 61002 for pami-linux-ppc64le-smp
Info: Built Wed Aug 5 14:28:51 EDT 2020 by jimp on login2
Info: 1 NAMD  2.14  Linux-POWER-pami-smp-Summit-CUDA  42    h14n10  hrlee
Info: Running on 42 processors, 6 nodes, 1 physical nodes.
Info: CPU topology information available.
Info: Charm++/Converse parallel runtime startup completed at 1.39106 s
CkLoopLib is used in SMP with simple dynamic scheduling (converse-level notification)
Info: 791.812 MB of memory in use based on /proc/self/stat
Info: Configuration file is adk-step1.namd
Info: Working in the current directory /gpfs/alpine/bip115/scratch/hrlee/radical.pilot.sandbox/re.session.login2.hrlee.018634.0000/pilot.0000/unit.001025
TCL: Suspending until startup complete.
Info: SIMULATION PARAMETERS:
Info: TIMESTEP               1
Info: NUMBER OF STEPS        0
Info: STEPS PER CYCLE        20
Info: LOAD BALANCER  Centralized
Info: LOAD BALANCING STRATEGY  New Load Balancers -- DEFAULT
Info: LDB PERIOD             4000 steps
Info: FIRST LDB TIMESTEP     100
Info: LAST LDB TIMESTEP     -1
Info: LDB BACKGROUND SCALING 1
Info: HOM BACKGROUND SCALING 1
Info: MIN ATOMS PER PATCH    40
Info: VELOCITY FILE          0_14_adk-step1.restart.vel
Info: CENTER OF MASS MOVING INITIALLY? NO
Info: DIELECTRIC             80
Info: EXCLUDE                SCALED ONE-FOUR
Info: 1-4 ELECTROSTATICS SCALED BY 1
Info: MODIFIED 1-4 VDW PARAMETERS WILL BE USED
Info: DCD FILENAME           adk-step1.dcd
Info: DCD FREQUENCY          1000
Info: DCD FIRST STEP         1000
Info: NO EXTENDED SYSTEM TRAJECTORY OUTPUT
Info: NO VELOCITY DCD OUTPUT
Info: NO FORCE DCD OUTPUT
Info: OUTPUT FILENAME        adk-step1
Info: BINARY OUTPUT FILES WILL BE USED
Info: RESTART FILENAME       adk-step1.restart
Info: RESTART FREQUENCY      1000
Info: BINARY RESTART FILES WILL BE USED
Info: SWITCHING ACTIVE
Info: SWITCHING ON           9
Info: SWITCHING OFF          10
Info: PAIRLIST DISTANCE      11
Info: PAIRLIST SHRINK RATE   0.01
Info: PAIRLIST GROW RATE     0.01
Info: PAIRLIST TRIGGER       0.3
Info: PAIRLISTS PER CYCLE    2
Info: PAIRLISTS ENABLED
Info: MARGIN                 0
Info: HYDROGEN GROUP CUTOFF  2.5
Info: PATCH DIMENSION        13.5
Info: ENERGY OUTPUT STEPS    100
Info: CROSSTERM ENERGY INCLUDED IN DIHEDRAL
Info: TIMING OUTPUT STEPS    1000
Info: PRESSURE OUTPUT STEPS  100
Info: GRID FORCE ACTIVE
Info:  Please include this reference in published work using
Info:  the Gridforce module of NAMD: David Wells, Volha Abramkina,
Info:  and Aleksei Aksimentiev, J. Chem. Phys. 127:125101-10 (2007).
Info: MGRIDFORCE key 0
Info:            Potfile 4ake-target_autopsf-grid.dx
Info:            Scale 0.3 0.3 0.3
Info:            File 1ake-docked-noh_autopsf-grid.pdb
Info:            Col O
Info:            ChargeCol B
Info:            VOffset 0 0 0
Info:            Continuous K1 FALSE
Info:            Continuous K2 FALSE
Info:            Continuous K3 FALSE
Info:            Volts FALSE
Info:            Gridforce-Lite FALSE
Info:            Gridforce-CheckSize TRUE
Info: LANGEVIN DYNAMICS ACTIVE
Info: LANGEVIN TEMPERATURE   300
Info: LANGEVIN USING BBK INTEGRATOR
Info: LANGEVIN DAMPING COEFFICIENT IS 5 INVERSE PS
Info: LANGEVIN DYNAMICS NOT APPLIED TO HYDROGENS
Info: USING VERLET I (r-RESPA) MTS SCHEME.
Info: C1 SPLITTING OF LONG RANGE ELECTROSTATICS
Info: PLACING ATOMS IN PATCHES BY HYDROGEN GROUPS
Info: RIGID BONDS TO HYDROGEN : WATER
Info:         ERROR TOLERANCE : 1e-08
Info:          MAX ITERATIONS : 100
Info: RIGID WATER USING SETTLE ALGORITHM
Info: NONBONDED FORCES EVALUATED EVERY 2 STEPS
Info: RANDOM NUMBER SEED     1609984697
Info: USE HYDROGEN BONDS?    NO
Info: COORDINATE PDB         1ake-docked-noh_autopsf.pdb
Info: STRUCTURE FILE         1ake-docked-noh_autopsf.psf
Info: PARAMETER file: CHARMM format! 
Info: PARAMETERS             par_all36_prot.prm
Info: USING ARITHMETIC MEAN TO COMBINE L-J SIGMA PARAMETERS
Info: BINARY COORDINATES     0_14_adk-step1.restart.coor
Info: SUMMARY OF PARAMETERS:
Info: 132 BONDS
Info: 362 ANGLES
Info: 702 DIHEDRAL
Info: 35 IMPROPER
Info: 6 CROSSTERM
Info: 53 VDW
Info: 0 VDW_PAIRS
Info: 0 NBTHOLE_PAIRS
Info: TIME FOR READING PSF FILE: 0.396403
Info: READING EXTRA BONDS FILE 1ake-extrabonds.txt
Info: READING EXTRA BONDS FILE 1ake-extrabonds-cispeptide.txt
Info: READING EXTRA BONDS FILE 1ake-extrabonds-chirality.txt
Info: READ 80 EXTRA BONDS
Info: READ 80 EXTRA ANGLES
Warning: EXTRA ANGLES ARE COSINE-BASED BY DEFAULT TO MATCH PREVIOUS VERSIONS
Warning: FOR NORMAL HARMONIC EXTRA ANGLES SET extraBondsCosAngles off
Info: READ 493 EXTRA DIHEDRALS
Info: READ 438 EXTRA IMPROPERS
Info: Reading pdb file 1ake-docked-noh_autopsf.pdb
Info: TIME FOR READING PDB FILE: 0.119037
Info: 
Info: ****************************
Info: STRUCTURE SUMMARY:
Info: 3341 ATOMS
Info: 3445 BONDS
Info: 6203 ANGLES
Info: 9414 DIHEDRALS
Info: 1005 IMPROPERS
Info: 212 CROSSTERMS
Info: 0 EXCLUSIONS
Info: 0 RIGID BONDS
Info: 1 GRIDS ACTIVE
Info: 10023 DEGREES OF FREEDOM
Info: 1656 HYDROGEN GROUPS
Info: 4 ATOMS IN LARGEST HYDROGEN GROUP
Info: 1656 MIGRATION GROUPS
Info: 4 ATOMS IN LARGEST MIGRATION GROUP
Info: TOTAL MASS = 23582 amu
Info: TOTAL CHARGE = -4 e
Info: *****************************
Info: Reading from binary file 0_14_adk-step1.restart.coor
Info: 
Info: Entering startup at 2.622 s, 799.75 MB of memory in use
Info: Startup phase 0 took 0.000241347 s, 799.875 MB of memory in use
Info: ADDED 18308 IMPLICIT EXCLUSIONS
Info: Startup phase 1 took 0.00856027 s, 800 MB of memory in use
Info: NONBONDED TABLE R-SQUARED SPACING: 0.0625
Info: NONBONDED TABLE SIZE: 705 POINTS
Info: ABSOLUTE IMPRECISION IN FAST TABLE ENERGY: 3.38813e-21 AT 9.89634
Info: RELATIVE IMPRECISION IN FAST TABLE ENERGY: 4.23384e-15 AT 9.94673
Info: ABSOLUTE IMPRECISION IN FAST TABLE FORCE: 6.35275e-22 AT 9.94673
Info: RELATIVE IMPRECISION IN FAST TABLE FORCE: 5.07982e-16 AT 9.94673
Info: INCONSISTENCY IN FAST TABLE ENERGY VS FORCE: 0.000290185 AT 0.251946
Info: ABSOLUTE IMPRECISION IN VDWA TABLE ENERGY: 1.57772e-30 AT 9.89634
Info: RELATIVE IMPRECISION IN VDWA TABLE ENERGY: 4.54938e-15 AT 9.94673
Info: ABSOLUTE IMPRECISION IN VDWA TABLE FORCE: 5.91646e-31 AT 9.94673
Info: RELATIVE IMPRECISION IN VDWA TABLE FORCE: 5.6823e-16 AT 9.94673
Info: INCONSISTENCY IN VDWA TABLE ENERGY VS FORCE: 0.0040507 AT 0.251946
Info: ABSOLUTE IMPRECISION IN VDWB TABLE ENERGY: 4.71751e-25 AT 9.94673
Info: RELATIVE IMPRECISION IN VDWB TABLE ENERGY: 1.45371e-14 AT 9.94673
Info: ABSOLUTE IMPRECISION IN VDWB TABLE FORCE: 6.20385e-25 AT 9.94673
Info: RELATIVE IMPRECISION IN VDWB TABLE FORCE: 5.97512e-16 AT 9.94673
Info: INCONSISTENCY IN VDWB TABLE ENERGY VS FORCE: 0.00377068 AT 9.07951
Info: Startup phase 2 took 0.000821047 s, 801 MB of memory in use
Info: Startup phase 3 took 0.00020534 s, 801.062 MB of memory in use
Info: Startup phase 4 took 0.000327803 s, 801.188 MB of memory in use
Info: Startup phase 5 took 0.000208824 s, 801.188 MB of memory in use
Info: ORIGINAL ATOMS MINMAX IS -20.8167 -33.1872 -38.2037  17.0863 24.3777 16.2685
Info: ADJUSTED ATOMS MINMAX IS -15.6865 -28.1894 -33.0845  11.4393 15.6931 8.94653
Info: PATCH GRID IS 3 BY 4 BY 4
Info: PATCH GRID IS 1-AWAY BY 1-AWAY BY 1-AWAY
Info: Reading from binary file 0_14_adk-step1.restart.vel
Info: REMOVING COM VELOCITY -0.106905 -0.074974 0.0697434
Info: LARGEST PATCH (16) HAS 232 ATOMS
Info: TORUS A SIZE 1 USING 0
Info: TORUS B SIZE 1 USING 0
Info: TORUS C SIZE 1 USING 0
Info: TORUS MINIMAL MESH SIZE IS 1 BY 1 BY 1
Info: Placed 100% of base nodes on same physical node as patch
Info: Startup phase 6 took 0.00927874 s, 801.25 MB of memory in use
Info: Startup phase 7 took 0.000211738 s, 802.062 MB of memory in use
Info: Updated CUDA force table with 4096 elements.
Info: Updated CUDA LJ table with 53 x 53 elements.
Info: Updated CUDA force table with 4096 elements.
Info: Updated CUDA force table with 4096 elements.
Info: Updated CUDA LJ table with 53 x 53 elements.
Info: Updated CUDA LJ table with 53 x 53 elements.
Info: Updated CUDA force table with 4096 elements.
Info: Updated CUDA LJ table with 53 x 53 elements.
Info: Updated CUDA force table with 4096 elements.
Info: Updated CUDA LJ table with 53 x 53 elements.
Info: Updated CUDA force table with 4096 elements.
Info: Updated CUDA LJ table with 53 x 53 elements.
Info: Startup phase 8 took 0.00357535 s, 802.312 MB of memory in use
Info: Startup phase 9 took 0.000404988 s, 802.5 MB of memory in use
Info: Startup phase 10 took 0.000213701 s, 802.625 MB of memory in use
Info: Startup phase 11 took 0.00100742 s, 802.875 MB of memory in use
LDB: Central LB being created...
Info: Startup phase 12 took 0.00208756 s, 803.812 MB of memory in use
Info: CREATING 1046 COMPUTE OBJECTS
Info: Found 278 unique exclusion lists needing 900 bytes
Info: Found 278 unique exclusion lists needing 900 bytes
Info: Found 278 unique exclusion lists needing 900 bytes
Info: Found 278 unique exclusion lists needing 900 bytes
Info: Found 278 unique exclusion lists needing 900 bytes
Info: Found 278 unique exclusion lists needing 900 bytes
Info: useSync: 0 useProxySync: 0
Info: Startup phase 13 took 0.0146419 s, 804.688 MB of memory in use
Info: Building spanning tree ... send: 1 recv: 0 with branch factor 4
Info: Startup phase 14 took 0.000253634 s, 804.938 MB of memory in use
Info: Startup phase 15 took 0.000298759 s, 804.938 MB of memory in use
Info: Finished startup at 2.66434 s, 805.062 MB of memory in use

TCL: Running for 5000 steps
PRESSURE: 0 0 0 0 0 0 0 0 0 0
GPRESSURE: 0 0 0 0 0 0 0 0 0 0
ETITLE:      TS           BOND          ANGLE          DIHED          IMPRP               ELECT            VDW       BOUNDARY           MISC        KINETIC               TOTAL           TEMP      POTENTIAL         TOTAL3        TEMPAVG

ENERGY:       0      1059.2133      1693.0249      2085.2601       147.0837            -43.9006      -838.4106         0.0000      2375.0353      2972.1648           9449.4709       298.4459      6477.3060      9472.6901       298.4459

LDB: ============= START OF LOAD BALANCING ============== 2.67786
LDB: ============== END OF LOAD BALANCING =============== 2.67792
Info: useSync: 0 useProxySync: 0
LDB: =============== DONE WITH MIGRATION ================ 2.67808
LDB: ============= START OF LOAD BALANCING ============== 2.72277
LDB: Partitioning computes with target load 0.000000
LDB: Increased migratable compute count from 0 to 0
LDB: Largest unpartitionable compute is 0.000000
LDB: ============== END OF LOAD BALANCING =============== 2.72323
Info: build node-aware spanning tree with send: 1, recv: 0 with branch factor 4
Info: useSync: 0 useProxySync: 0
LDB: =============== DONE WITH MIGRATION ================ 2.7242
PRESSURE: 100 0 0 0 0 0 0 0 0 0
GPRESSURE: 100 0 0 0 0 0 0 0 0 0
PRESSAVG: 100 0 0 0 0 0 0 0 0 0
GPRESSAVG: 100 0 0 0 0 0 0 0 0 0
Info: Initial time: 42 CPUs 0.000560363 s/step 0.00648568 days/ns 820.375 MB memory
ENERGY:     100      1108.2150      1663.8871      2109.3711       156.0191            -43.8447      -821.1012         0.0000      2373.1543      2931.5961           9477.2968       294.3722      6545.7006      9496.5344       295.7836

LDB: ============= START OF LOAD BALANCING ============== 2.73543
LDB: ============== END OF LOAD BALANCING =============== 2.73548
Info: useSync: 0 useProxySync: 0
LDB: =============== DONE WITH MIGRATION ================ 2.7356
LDB: ============= START OF LOAD BALANCING ============== 2.78003
LDB: TIME 2.78036 LOAD: AVG 0.012158 MAX 0.0267999  PROXIES: TOTAL 185 MAXPE 10 MAXPATCH 7 None MEM: 820.5 MB
LDB: TIME 2.7806 LOAD: AVG 0.012158 MAX 0.0267999  PROXIES: TOTAL 185 MAXPE 10 MAXPATCH 7 TorusLB MEM: 820.562 MB
LDB: Reverting to original mapping
LDB: ============== END OF LOAD BALANCING =============== 2.78091
Info: build node-aware spanning tree with send: 1, recv: 0 with branch factor 4
Info: useSync: 0 useProxySync: 0
LDB: =============== DONE WITH MIGRATION ================ 2.78172
PRESSURE: 200 0 0 0 0 0 0 0 0 0
GPRESSURE: 200 0 0 0 0 0 0 0 0 0
PRESSAVG: 200 0 0 0 0 0 0 0 0 0
GPRESSAVG: 200 0 0 0 0 0 0 0 0 0
Info: Initial time: 42 CPUs 0.00055335 s/step 0.00640452 days/ns 820.562 MB memory
ENERGY:     200      1080.7435      1732.2135      2091.5086       153.3256            -43.5521      -811.1402         0.0000      2374.1393      2997.5079           9574.7461       300.9906      6577.2383      9598.7297       299.4768

LDB: ============= START OF LOAD BALANCING ============== 2.83693
LDB: TIME 2.83725 LOAD: AVG 0.0150058 MAX 0.0337074  PROXIES: TOTAL 185 MAXPE 10 MAXPATCH 7 None MEM: 821.75 MB
LDB: TIME 2.83747 LOAD: AVG 0.0150058 MAX 0.0337074  PROXIES: TOTAL 185 MAXPE 10 MAXPATCH 7 RefineTorusLB MEM: 821.812 MB
LDB: TIME 2.83765 LOAD: AVG 0.0150058 MAX 0.0337074  PROXIES: TOTAL 185 MAXPE 10 MAXPATCH 7 RefineTorusLB MEM: 821.812 MB
LDB: Reverting to original mapping
LDB: ============== END OF LOAD BALANCING =============== 2.83795
Info: build node-aware spanning tree with send: 1, recv: 0 with branch factor 4
Info: useSync: 0 useProxySync: 0
LDB: =============== DONE WITH MIGRATION ================ 2.83875
PRESSURE: 300 0 0 0 0 0 0 0 0 0
GPRESSURE: 300 0 0 0 0 0 0 0 0 0
PRESSAVG: 300 0 0 0 0 0 0 0 0 0
GPRESSAVG: 300 0 0 0 0 0 0 0 0 0
Info: Initial time: 42 CPUs 0.000550362 s/step 0.00636993 days/ns 821.812 MB memory
ENERGY:     300      1071.0154      1736.4223      2106.6324       143.2460            -43.7215      -790.4389         0.0000      2373.2722      3008.4097           9604.8377       302.0853      6596.4280      9626.9138       301.7623

LDB: ============= START OF LOAD BALANCING ============== 2.89425
LDB: TIME 2.8946 LOAD: AVG 0.0149611 MAX 0.0339734  PROXIES: TOTAL 185 MAXPE 10 MAXPATCH 7 None MEM: 822.688 MB
LDB: TIME 2.89484 LOAD: AVG 0.0149611 MAX 0.0339734  PROXIES: TOTAL 185 MAXPE 10 MAXPATCH 7 RefineTorusLB MEM: 822.688 MB
LDB: TIME 2.89502 LOAD: AVG 0.0149611 MAX 0.0339734  PROXIES: TOTAL 185 MAXPE 10 MAXPATCH 7 RefineTorusLB MEM: 822.688 MB
LDB: ============== END OF LOAD BALANCING =============== 2.89532
Info: build node-aware spanning tree with send: 1, recv: 0 with branch factor 4
Info: useSync: 0 useProxySync: 0
LDB: =============== DONE WITH MIGRATION ================ 2.89618
PRESSURE: 400 0 0 0 0 0 0 0 0 0
GPRESSURE: 400 0 0 0 0 0 0 0 0 0
PRESSAVG: 400 0 0 0 0 0 0 0 0 0
GPRESSAVG: 400 0 0 0 0 0 0 0 0 0
Info: Benchmark time: 42 CPUs 0.000553032 s/step 0.00640083 days/ns 822.688 MB memory
ENERGY:     400      1112.2245      1716.9716      2095.2953       163.7249            -43.0921      -823.8909         0.0000      2373.3725      3035.9700           9630.5759       304.8528      6594.6059      9654.0122       302.9440

PRESSURE: 500 0 0 0 0 0 0 0 0 0
GPRESSURE: 500 0 0 0 0 0 0 0 0 0
PRESSAVG: 500 0 0 0 0 0 0 0 0 0
GPRESSAVG: 500 0 0 0 0 0 0 0 0 0
Info: Benchmark time: 42 CPUs 0.000552961 s/step 0.00640001 days/ns 823.438 MB memory
ENERGY:     500      1094.1282      1704.4939      2095.8270       149.7556            -42.9657      -808.6080         0.0000      2376.4285      3021.7379           9590.7974       303.4237      6569.0595      9618.2098       302.7037

PRESSURE: 600 0 0 0 0 0 0 0 0 0
GPRESSURE: 600 0 0 0 0 0 0 0 0 0
PRESSAVG: 600 0 0 0 0 0 0 0 0 0
GPRESSAVG: 600 0 0 0 0 0 0 0 0 0
Info: Benchmark time: 42 CPUs 0.000550562 s/step 0.00637224 days/ns 823.438 MB memory
ENERGY:     600      1037.8201      1691.8195      2122.8355       166.1098            -43.9192      -816.8691         0.0000      2384.5443      3002.1840           9544.5250       301.4602      6542.3410      9566.9237       301.0698

PRESSURE: 700 0 0 0 0 0 0 0 0 0
GPRESSURE: 700 0 0 0 0 0 0 0 0 0
PRESSAVG: 700 0 0 0 0 0 0 0 0 0
GPRESSAVG: 700 0 0 0 0 0 0 0 0 0
Info: Benchmark time: 42 CPUs 0.000554022 s/step 0.00641229 days/ns 823.438 MB memory
ENERGY:     700      1049.0168      1646.9671      2083.7291       160.4278            -43.6070      -775.6597         0.0000      2379.4245      3007.8074           9508.1059       302.0248      6500.2986      9533.3330       299.2753

PRESSURE: 800 0 0 0 0 0 0 0 0 0
GPRESSURE: 800 0 0 0 0 0 0 0 0 0
PRESSAVG: 800 0 0 0 0 0 0 0 0 0
GPRESSAVG: 800 0 0 0 0 0 0 0 0 0
Info: Benchmark time: 42 CPUs 0.000547454 s/step 0.00633628 days/ns 823.438 MB memory
ENERGY:     800      1053.8333      1704.4111      2094.1220       154.5827            -42.5978      -823.4647         0.0000      2385.1993      3003.3090           9529.3950       301.5731      6526.0860      9555.6768       297.6862

PRESSURE: 900 0 0 0 0 0 0 0 0 0
GPRESSURE: 900 0 0 0 0 0 0 0 0 0
PRESSAVG: 900 0 0 0 0 0 0 0 0 0
GPRESSAVG: 900 0 0 0 0 0 0 0 0 0
Info: Benchmark time: 42 CPUs 0.000544469 s/step 0.00630173 days/ns 823.438 MB memory
ENERGY:     900      1051.6318      1714.9046      2108.2417       155.9038            -42.9343      -820.5558         0.0000      2392.8768      2966.0404           9526.1090       297.8309      6560.0686      9549.7616       298.8677

PRESSURE: 1000 0 0 0 0 0 0 0 0 0
GPRESSURE: 1000 0 0 0 0 0 0 0 0 0
PRESSAVG: 1000 0 0 0 0 0 0 0 0 0
GPRESSAVG: 1000 0 0 0 0 0 0 0 0 0
TIMING: 1000  CPU: 0.570017, 0.000554276/step  Wall: 0.579902, 0.000561289/step, 0.000623654 hours remaining, 823.437500 MB of memory in use.
ETITLE:      TS           BOND          ANGLE          DIHED          IMPRP               ELECT            VDW       BOUNDARY           MISC        KINETIC               TOTAL           TEMP      POTENTIAL         TOTAL3        TEMPAVG

ENERGY:    1000      1107.3591      1706.5209      2100.0299       140.9612            -43.4038      -825.6297         0.0000      2394.0352      2974.9125           9554.7853       298.7218      6579.8729      9580.6215       300.0760

WRITING EXTENDED SYSTEM TO RESTART FILE AT STEP 1000
OPENING COORDINATE DCD FILE
WRITING COORDINATES TO DCD FILE adk-step1.dcd AT STEP 1000
WRITING COORDINATES TO RESTART FILE AT STEP 1000
FINISHED WRITING RESTART COORDINATES
The last position output (seq=1000) takes 0.004 seconds, 823.812 MB of memory in use
WRITING VELOCITIES TO RESTART FILE AT STEP 1000
FINISHED WRITING RESTART VELOCITIES
The last velocity output (seq=1000) takes 0.002 seconds, 823.812 MB of memory in use
PRESSURE: 1100 0 0 0 0 0 0 0 0 0
GPRESSURE: 1100 0 0 0 0 0 0 0 0 0
PRESSAVG: 1100 0 0 0 0 0 0 0 0 0
GPRESSAVG: 1100 0 0 0 0 0 0 0 0 0
ENERGY:    1100      1075.0460      1720.1567      2043.8018       146.9238            -42.6934      -800.1611         0.0000      2385.9662      3000.7698           9529.8099       301.3182      6529.0401      9556.2856       299.3167

PRESSURE: 1200 0 0 0 0 0 0 0 0 0
GPRESSURE: 1200 0 0 0 0 0 0 0 0 0
PRESSAVG: 1200 0 0 0 0 0 0 0 0 0
GPRESSAVG: 1200 0 0 0 0 0 0 0 0 0
ENERGY:    1200      1086.8898      1654.7502      2115.2978       160.9747            -43.8316      -826.9727         0.0000      2383.4650      2932.0953           9462.6686       294.4223      6530.5733      9486.0750       297.0437

PRESSURE: 1300 0 0 0 0 0 0 0 0 0
GPRESSURE: 1300 0 0 0 0 0 0 0 0 0
PRESSAVG: 1300 0 0 0 0 0 0 0 0 0
GPRESSAVG: 1300 0 0 0 0 0 0 0 0 0
ENERGY:    1300      1089.4560      1679.1106      2105.4900       146.4468            -44.3103      -829.1620         0.0000      2383.3189      2917.2519           9447.6020       292.9318      6530.3500      9470.3672       293.8556

PRESSURE: 1400 0 0 0 0 0 0 0 0 0
GPRESSURE: 1400 0 0 0 0 0 0 0 0 0
PRESSAVG: 1400 0 0 0 0 0 0 0 0 0
GPRESSAVG: 1400 0 0 0 0 0 0 0 0 0
ENERGY:    1400      1078.4011      1653.2686      2066.8950       151.8608            -43.9665      -810.1154         0.0000      2382.3802      2917.4482           9396.1721       292.9516      6478.7239      9418.7840       293.0271

PRESSURE: 1500 0 0 0 0 0 0 0 0 0
GPRESSURE: 1500 0 0 0 0 0 0 0 0 0
PRESSAVG: 1500 0 0 0 0 0 0 0 0 0
GPRESSAVG: 1500 0 0 0 0 0 0 0 0 0
ENERGY:    1500      1070.1716      1628.7006      2086.2187       148.1942            -43.1739      -774.8477         0.0000      2380.1929      2915.9614           9411.4177       292.8023      6495.4563      9435.0467       292.7042

PRESSURE: 1600 0 0 0 0 0 0 0 0 0
GPRESSURE: 1600 0 0 0 0 0 0 0 0 0
PRESSAVG: 1600 0 0 0 0 0 0 0 0 0
GPRESSAVG: 1600 0 0 0 0 0 0 0 0 0
ENERGY:    1600      1073.7092      1685.1068      2075.7402       160.7728            -43.1855      -813.3769         0.0000      2385.7162      2938.7549           9463.2377       295.0910      6524.4828      9482.6338       293.6637

PRESSURE: 1700 0 0 0 0 0 0 0 0 0
GPRESSURE: 1700 0 0 0 0 0 0 0 0 0
PRESSAVG: 1700 0 0 0 0 0 0 0 0 0
GPRESSAVG: 1700 0 0 0 0 0 0 0 0 0
ENERGY:    1700      1061.3630      1672.5908      2082.6169       155.9700            -43.7808      -812.9983         0.0000      2379.9321      2931.3446           9427.0384       294.3469      6495.6938      9454.0827       294.3451

PRESSURE: 1800 0 0 0 0 0 0 0 0 0
GPRESSURE: 1800 0 0 0 0 0 0 0 0 0
PRESSAVG: 1800 0 0 0 0 0 0 0 0 0
GPRESSAVG: 1800 0 0 0 0 0 0 0 0 0
ENERGY:    1800      1115.2738      1707.8216      2076.2409       156.8686            -44.7178      -821.0005         0.0000      2374.8668      2913.3731           9478.7266       292.5424      6565.3535      9500.7060       295.2422

PRESSURE: 1900 0 0 0 0 0 0 0 0 0
GPRESSURE: 1900 0 0 0 0 0 0 0 0 0
PRESSAVG: 1900 0 0 0 0 0 0 0 0 0
GPRESSAVG: 1900 0 0 0 0 0 0 0 0 0
ENERGY:    1900      1061.1173      1665.5674      2104.2550       137.8763            -43.9970      -785.8877         0.0000      2371.9116      2985.4440           9496.2869       299.7793      6510.8429      9518.8580       297.4882

PRESSURE: 2000 0 0 0 0 0 0 0 0 0
GPRESSURE: 2000 0 0 0 0 0 0 0 0 0
PRESSAVG: 2000 0 0 0 0 0 0 0 0 0
GPRESSAVG: 2000 0 0 0 0 0 0 0 0 0
TIMING: 2000  CPU: 1.13661, 0.00056659/step  Wall: 1.14457, 0.000564664/step, 0.000470553 hours remaining, 823.812500 MB of memory in use.
ETITLE:      TS           BOND          ANGLE          DIHED          IMPRP               ELECT            VDW       BOUNDARY           MISC        KINETIC               TOTAL           TEMP      POTENTIAL         TOTAL3        TEMPAVG

ENERGY:    2000      1096.5808      1696.0935      2102.4353       150.0543            -44.0752      -823.7252         0.0000      2378.6429      2962.4854           9518.4917       297.4739      6556.0064      9542.3626       296.5483

WRITING EXTENDED SYSTEM TO RESTART FILE AT STEP 2000
WRITING COORDINATES TO DCD FILE adk-step1.dcd AT STEP 2000
WRITING COORDINATES TO RESTART FILE AT STEP 2000
FINISHED WRITING RESTART COORDINATES
The last position output (seq=2000) takes 0.002 seconds, 823.812 MB of memory in use
WRITING VELOCITIES TO RESTART FILE AT STEP 2000
FINISHED WRITING RESTART VELOCITIES
The last velocity output (seq=2000) takes 0.002 seconds, 823.812 MB of memory in use
PRESSURE: 2100 0 0 0 0 0 0 0 0 0
GPRESSURE: 2100 0 0 0 0 0 0 0 0 0
PRESSAVG: 2100 0 0 0 0 0 0 0 0 0
GPRESSAVG: 2100 0 0 0 0 0 0 0 0 0
ENERGY:    2100      1095.5943      1693.2868      2081.6091       147.4667            -44.3932      -806.1268         0.0000      2369.9935      2977.4242           9514.8545       298.9740      6537.4303      9539.9997       299.3348

PRESSURE: 2200 0 0 0 0 0 0 0 0 0
GPRESSURE: 2200 0 0 0 0 0 0 0 0 0
PRESSAVG: 2200 0 0 0 0 0 0 0 0 0
GPRESSAVG: 2200 0 0 0 0 0 0 0 0 0
ENERGY:    2200      1093.8983      1697.7049      2093.4642       148.5213            -44.4056      -795.7438         0.0000      2364.4350      2967.7923           9525.6666       298.0068      6557.8743      9552.7706       297.8991

PRESSURE: 2300 0 0 0 0 0 0 0 0 0
GPRESSURE: 2300 0 0 0 0 0 0 0 0 0
PRESSAVG: 2300 0 0 0 0 0 0 0 0 0
GPRESSAVG: 2300 0 0 0 0 0 0 0 0 0
ENERGY:    2300      1067.9018      1720.7443      2070.8589       159.7275            -44.5069      -829.4816         0.0000      2366.7174      3005.9403           9517.9018       301.8374      6511.9615      9545.5427       298.9156

PRESSURE: 2400 0 0 0 0 0 0 0 0 0
GPRESSURE: 2400 0 0 0 0 0 0 0 0 0
PRESSAVG: 2400 0 0 0 0 0 0 0 0 0
GPRESSAVG: 2400 0 0 0 0 0 0 0 0 0
ENERGY:    2400      1104.7529      1699.6123      2096.0816       154.5749            -45.4154      -815.9171         0.0000      2370.6723      2942.9312           9507.2926       295.5104      6564.3614      9529.7076       299.6845

PRESSURE: 2500 0 0 0 0 0 0 0 0 0
GPRESSURE: 2500 0 0 0 0 0 0 0 0 0
PRESSAVG: 2500 0 0 0 0 0 0 0 0 0
GPRESSAVG: 2500 0 0 0 0 0 0 0 0 0
ENERGY:    2500      1055.0576      1718.2251      2120.4982       143.7709            -43.8552      -808.9169         0.0000      2369.5115      2967.4159           9521.7071       297.9690      6554.2912      9546.9568       298.3881

PRESSURE: 2600 0 0 0 0 0 0 0 0 0
GPRESSURE: 2600 0 0 0 0 0 0 0 0 0
PRESSAVG: 2600 0 0 0 0 0 0 0 0 0
GPRESSAVG: 2600 0 0 0 0 0 0 0 0 0
ENERGY:    2600      1105.9015      1674.8542      2083.1152       158.1090            -43.0186      -775.0206         0.0000      2371.9246      2963.0629           9538.9281       297.5319      6575.8652      9564.4384       298.4744

PRESSURE: 2700 0 0 0 0 0 0 0 0 0
GPRESSURE: 2700 0 0 0 0 0 0 0 0 0
PRESSAVG: 2700 0 0 0 0 0 0 0 0 0
GPRESSAVG: 2700 0 0 0 0 0 0 0 0 0
ENERGY:    2700      1098.0291      1747.5616      2104.0328       156.0539            -43.0829      -843.2617         0.0000      2375.5527      2933.8112           9528.6968       294.5946      6594.8856      9554.4913       299.0866

PRESSURE: 2800 0 0 0 0 0 0 0 0 0
GPRESSURE: 2800 0 0 0 0 0 0 0 0 0
PRESSAVG: 2800 0 0 0 0 0 0 0 0 0
GPRESSAVG: 2800 0 0 0 0 0 0 0 0 0
ENERGY:    2800      1065.9122      1653.7346      2084.1756       157.8504            -42.7231      -828.3103         0.0000      2375.0300      3071.2738           9536.9431       308.3977      6465.6693      9560.7789       298.9542

PRESSURE: 2900 0 0 0 0 0 0 0 0 0
GPRESSURE: 2900 0 0 0 0 0 0 0 0 0
PRESSAVG: 2900 0 0 0 0 0 0 0 0 0
GPRESSAVG: 2900 0 0 0 0 0 0 0 0 0
ENERGY:    2900      1094.7190      1686.2852      2088.4648       150.0586            -43.2023      -824.8926         0.0000      2370.9322      2999.4279           9521.7928       301.1834      6522.3648      9544.9522       300.3319

PRESSURE: 3000 0 0 0 0 0 0 0 0 0
GPRESSURE: 3000 0 0 0 0 0 0 0 0 0
PRESSAVG: 3000 0 0 0 0 0 0 0 0 0
GPRESSAVG: 3000 0 0 0 0 0 0 0 0 0
TIMING: 3000  CPU: 1.68928, 0.000552677/step  Wall: 1.70478, 0.000560213/step, 0.000311229 hours remaining, 823.812500 MB of memory in use.
ETITLE:      TS           BOND          ANGLE          DIHED          IMPRP               ELECT            VDW       BOUNDARY           MISC        KINETIC               TOTAL           TEMP      POTENTIAL         TOTAL3        TEMPAVG

ENERGY:    3000      1048.0808      1736.7499      2090.0796       145.5657            -44.1851      -773.7514         0.0000      2367.6138      2944.0854           9514.2389       295.6263      6570.1535      9538.7540       298.0881

WRITING EXTENDED SYSTEM TO RESTART FILE AT STEP 3000
WRITING COORDINATES TO DCD FILE adk-step1.dcd AT STEP 3000
WRITING COORDINATES TO RESTART FILE AT STEP 3000
FINISHED WRITING RESTART COORDINATES
The last position output (seq=3000) takes 0.002 seconds, 823.812 MB of memory in use
WRITING VELOCITIES TO RESTART FILE AT STEP 3000
FINISHED WRITING RESTART VELOCITIES
The last velocity output (seq=3000) takes 0.002 seconds, 823.812 MB of memory in use
PRESSURE: 3100 0 0 0 0 0 0 0 0 0
GPRESSURE: 3100 0 0 0 0 0 0 0 0 0
PRESSAVG: 3100 0 0 0 0 0 0 0 0 0
GPRESSAVG: 3100 0 0 0 0 0 0 0 0 0
ENERGY:    3100      1127.9357      1700.2012      2073.7480       151.3678            -43.7842      -817.5511         0.0000      2380.3596      2913.3735           9485.6504       292.5424      6572.2769      9508.9844       298.9429

PRESSURE: 3200 0 0 0 0 0 0 0 0 0
GPRESSURE: 3200 0 0 0 0 0 0 0 0 0
PRESSAVG: 3200 0 0 0 0 0 0 0 0 0
GPRESSAVG: 3200 0 0 0 0 0 0 0 0 0
ENERGY:    3200      1117.8889      1624.0657      2105.9609       156.2047            -43.2553      -794.3451         0.0000      2381.2349      2932.7273           9480.4818       294.4858      6547.7545      9506.6086       294.9693

PRESSURE: 3300 0 0 0 0 0 0 0 0 0
GPRESSURE: 3300 0 0 0 0 0 0 0 0 0
PRESSAVG: 3300 0 0 0 0 0 0 0 0 0
GPRESSAVG: 3300 0 0 0 0 0 0 0 0 0
ENERGY:    3300      1091.4906      1657.6799      2081.7214       145.6970            -43.5214      -812.9432         0.0000      2386.2603      2959.2563           9465.6407       297.1497      6506.3844      9489.6734       296.1636

PRESSURE: 3400 0 0 0 0 0 0 0 0 0
GPRESSURE: 3400 0 0 0 0 0 0 0 0 0
PRESSAVG: 3400 0 0 0 0 0 0 0 0 0
GPRESSAVG: 3400 0 0 0 0 0 0 0 0 0
ENERGY:    3400      1086.3957      1680.4549      2100.9757       156.9825            -43.9611      -786.8477         0.0000      2377.2020      2972.0115           9543.2135       298.4305      6571.2020      9569.7053       299.1838

PRESSURE: 3500 0 0 0 0 0 0 0 0 0
GPRESSURE: 3500 0 0 0 0 0 0 0 0 0
PRESSAVG: 3500 0 0 0 0 0 0 0 0 0
GPRESSAVG: 3500 0 0 0 0 0 0 0 0 0
ENERGY:    3500      1134.0701      1712.9368      2085.0376       153.3184            -43.4723      -802.8889         0.0000      2377.6794      3001.0632           9617.7444       301.3476      6616.6812      9644.2480       301.2810

PRESSURE: 3600 0 0 0 0 0 0 0 0 0
GPRESSURE: 3600 0 0 0 0 0 0 0 0 0
PRESSAVG: 3600 0 0 0 0 0 0 0 0 0
GPRESSAVG: 3600 0 0 0 0 0 0 0 0 0
ENERGY:    3600      1111.1458      1680.4869      2079.8877       150.5559            -43.8507      -812.8421         0.0000      2378.3840      2983.7934           9527.5609       299.6135      6543.7675      9555.7754       301.1702

PRESSURE: 3700 0 0 0 0 0 0 0 0 0
GPRESSURE: 3700 0 0 0 0 0 0 0 0 0
PRESSAVG: 3700 0 0 0 0 0 0 0 0 0
GPRESSAVG: 3700 0 0 0 0 0 0 0 0 0
ENERGY:    3700      1111.3217      1642.5841      2081.2676       165.1664            -43.5145      -792.5665         0.0000      2376.8290      3018.0608           9559.1485       303.0544      6541.0877      9582.5557       299.4020

PRESSURE: 3800 0 0 0 0 0 0 0 0 0
GPRESSURE: 3800 0 0 0 0 0 0 0 0 0
PRESSAVG: 3800 0 0 0 0 0 0 0 0 0
GPRESSAVG: 3800 0 0 0 0 0 0 0 0 0
ENERGY:    3800      1094.6153      1688.5831      2098.2344       143.7021            -43.3696      -805.1966         0.0000      2378.3670      3000.8282           9555.7640       301.3240      6554.9357      9582.9618       299.6685

PRESSURE: 3900 0 0 0 0 0 0 0 0 0
GPRESSURE: 3900 0 0 0 0 0 0 0 0 0
PRESSAVG: 3900 0 0 0 0 0 0 0 0 0
GPRESSAVG: 3900 0 0 0 0 0 0 0 0 0
ENERGY:    3900      1094.2784      1690.5340      2094.0483       150.4526            -43.6547      -781.1210         0.0000      2377.6120      3007.6004           9589.7500       302.0041      6582.1496      9613.6361       300.4982

PRESSURE: 4000 0 0 0 0 0 0 0 0 0
GPRESSURE: 4000 0 0 0 0 0 0 0 0 0
PRESSAVG: 4000 0 0 0 0 0 0 0 0 0
GPRESSAVG: 4000 0 0 0 0 0 0 0 0 0
TIMING: 4000  CPU: 2.25002, 0.000560731/step  Wall: 2.26705, 0.000562268/step, 0.000156185 hours remaining, 823.812500 MB of memory in use.
ETITLE:      TS           BOND          ANGLE          DIHED          IMPRP               ELECT            VDW       BOUNDARY           MISC        KINETIC               TOTAL           TEMP      POTENTIAL         TOTAL3        TEMPAVG

ENERGY:    4000      1137.0701      1643.4065      2110.4852       145.5874            -43.7801      -798.8950         0.0000      2374.4106      3033.7253           9602.0100       304.6274      6568.2847      9625.9170       302.6742

WRITING EXTENDED SYSTEM TO RESTART FILE AT STEP 4000
WRITING COORDINATES TO DCD FILE adk-step1.dcd AT STEP 4000
WRITING COORDINATES TO RESTART FILE AT STEP 4000
FINISHED WRITING RESTART COORDINATES
The last position output (seq=4000) takes 0.002 seconds, 823.812 MB of memory in use
WRITING VELOCITIES TO RESTART FILE AT STEP 4000
FINISHED WRITING RESTART VELOCITIES
The last velocity output (seq=4000) takes 0.002 seconds, 823.812 MB of memory in use
PRESSURE: 4100 0 0 0 0 0 0 0 0 0
GPRESSURE: 4100 0 0 0 0 0 0 0 0 0
PRESSAVG: 4100 0 0 0 0 0 0 0 0 0
GPRESSAVG: 4100 0 0 0 0 0 0 0 0 0
ENERGY:    4100      1120.2580      1707.2848      2088.8601       148.6472            -42.6620      -768.6909         0.0000      2376.9927      2956.1204           9586.8104       296.8348      6630.6900      9608.6351       302.1555

PRESSURE: 4200 0 0 0 0 0 0 0 0 0
GPRESSURE: 4200 0 0 0 0 0 0 0 0 0
PRESSAVG: 4200 0 0 0 0 0 0 0 0 0
GPRESSAVG: 4200 0 0 0 0 0 0 0 0 0
ENERGY:    4200      1149.6465      1667.9460      2124.5620       157.8789            -43.0562      -792.2486         0.0000      2376.3779      2945.6631           9586.7695       295.7847      6641.1064      9610.3116       300.2253

LDB: ============= START OF LOAD BALANCING ============== 5.08762
LDB: ============== END OF LOAD BALANCING =============== 5.08768
Info: useSync: 0 useProxySync: 0
LDB: =============== DONE WITH MIGRATION ================ 5.08779
PRESSURE: 4300 0 0 0 0 0 0 0 0 0
GPRESSURE: 4300 0 0 0 0 0 0 0 0 0
PRESSAVG: 4300 0 0 0 0 0 0 0 0 0
GPRESSAVG: 4300 0 0 0 0 0 0 0 0 0
ENERGY:    4300      1133.5091      1644.6353      2124.0018       155.1071            -42.1724      -791.2948         0.0000      2379.8278      2983.0036           9586.6174       299.5342      6603.6139      9610.7514       298.9589

LDB: ============= START OF LOAD BALANCING ============== 5.14317
LDB: TIME 5.14346 LOAD: AVG 0.0145607 MAX 0.0336224  PROXIES: TOTAL 185 MAXPE 10 MAXPATCH 7 None MEM: 823.812 MB
LDB: TIME 5.14361 LOAD: AVG 0.0145607 MAX 0.0336224  PROXIES: TOTAL 185 MAXPE 10 MAXPATCH 7 RefineTorusLB MEM: 823.938 MB
LDB: TIME 5.14376 LOAD: AVG 0.0145607 MAX 0.0336224  PROXIES: TOTAL 185 MAXPE 10 MAXPATCH 7 RefineTorusLB MEM: 823.938 MB
LDB: Reverting to original mapping
LDB: ============== END OF LOAD BALANCING =============== 5.14403
Info: build node-aware spanning tree with send: 1, recv: 0 with branch factor 4
Info: useSync: 0 useProxySync: 0
LDB: =============== DONE WITH MIGRATION ================ 5.14475
PRESSURE: 4400 0 0 0 0 0 0 0 0 0
GPRESSURE: 4400 0 0 0 0 0 0 0 0 0
PRESSAVG: 4400 0 0 0 0 0 0 0 0 0
GPRESSAVG: 4400 0 0 0 0 0 0 0 0 0
ENERGY:    4400      1087.5784      1691.8473      2117.0730       162.6433            -41.7418      -778.7714         0.0000      2374.1398      3001.9458           9614.7143       301.4363      6612.7685      9639.4356       301.4880

PRESSURE: 4500 0 0 0 0 0 0 0 0 0
GPRESSURE: 4500 0 0 0 0 0 0 0 0 0
PRESSAVG: 4500 0 0 0 0 0 0 0 0 0
GPRESSAVG: 4500 0 0 0 0 0 0 0 0 0
ENERGY:    4500      1108.5864      1720.5159      2099.1065       162.8997            -42.1024      -824.9455         0.0000      2373.1527      2983.2187           9580.4319       299.5558      6597.2133      9605.0559       301.0386

PRESSURE: 4600 0 0 0 0 0 0 0 0 0
GPRESSURE: 4600 0 0 0 0 0 0 0 0 0
PRESSAVG: 4600 0 0 0 0 0 0 0 0 0
GPRESSAVG: 4600 0 0 0 0 0 0 0 0 0
ENERGY:    4600      1140.2485      1690.9008      2128.7097       151.6412            -42.6775      -811.9156         0.0000      2374.5396      2953.8483           9585.2950       296.6066      6631.4467      9606.0173       303.0859

PRESSURE: 4700 0 0 0 0 0 0 0 0 0
GPRESSURE: 4700 0 0 0 0 0 0 0 0 0
PRESSAVG: 4700 0 0 0 0 0 0 0 0 0
GPRESSAVG: 4700 0 0 0 0 0 0 0 0 0
ENERGY:    4700      1117.9187      1673.5589      2105.7443       152.7740            -42.8807      -806.8852         0.0000      2374.1048      2999.2331           9573.5679       301.1639      6574.3348      9599.9369       300.9321

PRESSURE: 4800 0 0 0 0 0 0 0 0 0
GPRESSURE: 4800 0 0 0 0 0 0 0 0 0
PRESSAVG: 4800 0 0 0 0 0 0 0 0 0
GPRESSAVG: 4800 0 0 0 0 0 0 0 0 0
ENERGY:    4800      1088.2368      1728.3646      2127.0276       140.9654            -42.5467      -808.4366         0.0000      2372.7883      2953.5789           9559.9783       296.5796      6606.3993      9580.2205       299.8653

PRESSURE: 4900 0 0 0 0 0 0 0 0 0
GPRESSURE: 4900 0 0 0 0 0 0 0 0 0
PRESSAVG: 4900 0 0 0 0 0 0 0 0 0
GPRESSAVG: 4900 0 0 0 0 0 0 0 0 0
ENERGY:    4900      1089.5889      1672.4607      2083.5319       165.0040            -41.9553      -794.5363         0.0000      2366.5134      3011.2252           9551.8325       302.3680      6540.6073      9575.3154       300.6597

PRESSURE: 5000 0 0 0 0 0 0 0 0 0
GPRESSURE: 5000 0 0 0 0 0 0 0 0 0
PRESSAVG: 5000 0 0 0 0 0 0 0 0 0
GPRESSAVG: 5000 0 0 0 0 0 0 0 0 0
TIMING: 5000  CPU: 2.80571, 0.000555691/step  Wall: 2.82701, 0.000559961/step, 0 hours remaining, 823.937500 MB of memory in use.
ETITLE:      TS           BOND          ANGLE          DIHED          IMPRP               ELECT            VDW       BOUNDARY           MISC        KINETIC               TOTAL           TEMP      POTENTIAL         TOTAL3        TEMPAVG

ENERGY:    5000      1071.9982      1693.7339      2112.4392       162.9365            -42.4303      -816.1767         0.0000      2371.5461      2973.0130           9527.0599       298.5310      6554.0469      9553.7888       299.6661

WRITING EXTENDED SYSTEM TO RESTART FILE AT STEP 5000
WRITING COORDINATES TO DCD FILE adk-step1.dcd AT STEP 5000
WRITING COORDINATES TO RESTART FILE AT STEP 5000
FINISHED WRITING RESTART COORDINATES
The last position output (seq=5000) takes 0.002 seconds, 824.500 MB of memory in use
WRITING VELOCITIES TO RESTART FILE AT STEP 5000
FINISHED WRITING RESTART VELOCITIES
The last velocity output (seq=5000) takes 0.002 seconds, 824.500 MB of memory in use
WRITING EXTENDED SYSTEM TO OUTPUT FILE AT STEP 5000
WRITING COORDINATES TO OUTPUT FILE AT STEP 5000
CLOSING COORDINATE DCD FILE adk-step1.dcd
The last position output (seq=-2) takes 0.003 seconds, 824.500 MB of memory in use
WRITING VELOCITIES TO OUTPUT FILE AT STEP 5000
====================================================

WallClock: 5.485633  CPUTime: 3.835000  Memory: 824.500000 MB
End of program
