1_0_cc.dat
/gpfs/alpine/bip115/scratch/hrlee/radical.pilot.sandbox/re.session.login2.hrlee.018634.0000/pilot.0000/staging_area/1_0_cc.dat
1, 0
Choosing optimized barrier algorithm name I0:HybridBinomial:SHMEM:P2P
Converse/Charm++ Commit ID: v6.10.2-0-g7bf00fa-namd-charm-6.10.2-build-2020-Aug-05-556
Warning> Randomization of virtual memory (ASLR) is turned on in the kernel, thread migration may not work! Run 'echo 0 > /proc/sys/kernel/randomize_va_space' as root to disable it, or try running with '+isomalloc_sync'.
CharmLB> Load balancer assumes all CPUs are same.
Charm++> Running on 1 hosts (1 sockets x 7 cores x 4 PUs = 28-way SMP)
Charm++> cpu topology info is gathered in 0.003 seconds.
Info: Built with CUDA version 10010
Did not find +devices i,j,k,... argument, using all
Pe 5 physical rank 5 will use CUDA device of pe 4
Pe 9 physical rank 9 will use CUDA device of pe 7
Pe 26 physical rank 26 will use CUDA device of pe 21
Pe 32 physical rank 32 will use CUDA device of pe 28
Pe 37 physical rank 37 will use CUDA device of pe 35
Pe 11 physical rank 11 will use CUDA device of pe 7
Pe 2 physical rank 2 will use CUDA device of pe 4
Pe 16 physical rank 16 will use CUDA device of pe 14
Pe 25 physical rank 25 will use CUDA device of pe 21
Pe 31 physical rank 31 will use CUDA device of pe 28
Pe 39 physical rank 39 will use CUDA device of pe 35
Pe 12 physical rank 12 will use CUDA device of pe 7
Pe 3 physical rank 3 will use CUDA device of pe 4
Pe 18 physical rank 18 will use CUDA device of pe 14
Pe 27 physical rank 27 will use CUDA device of pe 21
Pe 33 physical rank 33 will use CUDA device of pe 28
Pe 40 physical rank 40 will use CUDA device of pe 35
Pe 10 physical rank 10 will use CUDA device of pe 7
Pe 17 physical rank 17 will use CUDA device of pe 14
Pe 24 physical rank 24 will use CUDA device of pe 21
Pe 34 physical rank 34 will use CUDA device of pe 28
Pe 41 physical rank 41 will use CUDA device of pe 35
Pe 8 physical rank 8 will use CUDA device of pe 7
Pe 6 physical rank 6 will use CUDA device of pe 4
Pe 20 physical rank 20 will use CUDA device of pe 14
Pe 23 physical rank 23 will use CUDA device of pe 21
Pe 30 physical rank 30 will use CUDA device of pe 28
Pe 38 physical rank 38 will use CUDA device of pe 35
Pe 1 physical rank 1 will use CUDA device of pe 4
Pe 19 physical rank 19 will use CUDA device of pe 14
Pe 22 physical rank 22 will use CUDA device of pe 21
Pe 29 physical rank 29 will use CUDA device of pe 28
Pe 36 physical rank 36 will use CUDA device of pe 35
Pe 13 physical rank 13 will use CUDA device of pe 7
Pe 0 physical rank 0 will use CUDA device of pe 4
Pe 15 physical rank 15 will use CUDA device of pe 14
Pe 7 physical rank 7 binding to CUDA device 0 on h14n13: 'Tesla V100-SXM2-16GB'  Mem: 16128MB  Rev: 7.0  PCI: 4:5:0
Pe 4 physical rank 4 binding to CUDA device 0 on h14n13: 'Tesla V100-SXM2-16GB'  Mem: 16128MB  Rev: 7.0  PCI: 4:4:0
Pe 21 physical rank 21 binding to CUDA device 0 on h14n13: 'Tesla V100-SXM2-16GB'  Mem: 16128MB  Rev: 7.0  PCI: 35:3:0
Pe 28 physical rank 28 binding to CUDA device 0 on h14n13: 'Tesla V100-SXM2-16GB'  Mem: 16128MB  Rev: 7.0  PCI: 35:4:0
Pe 35 physical rank 35 binding to CUDA device 0 on h14n13: 'Tesla V100-SXM2-16GB'  Mem: 16128MB  Rev: 7.0  PCI: 35:5:0
Pe 14 physical rank 14 binding to CUDA device 0 on h14n13: 'Tesla V100-SXM2-16GB'  Mem: 16128MB  Rev: 7.0  PCI: 4:6:0
Info: NAMD 2.14 for Linux-POWER-pami-smp-Summit-CUDA
Info: 
Info: Please visit http://www.ks.uiuc.edu/Research/namd/
Info: for updates, documentation, and support information.
Info: 
Info: Please cite Phillips et al., J. Chem. Phys. 153:044130 (2020) doi:10.1063/5.0014475
Info: in all publications reporting results obtained with NAMD.
Info: 
Info: Based on Charm++/Converse 61002 for pami-linux-ppc64le-smp
Info: Built Wed Aug 5 14:28:51 EDT 2020 by jimp on login2
Info: 1 NAMD  2.14  Linux-POWER-pami-smp-Summit-CUDA  42    h14n13  hrlee
Info: Running on 42 processors, 6 nodes, 1 physical nodes.
Info: CPU topology information available.
Info: Charm++/Converse parallel runtime startup completed at 1.36768 s
CkLoopLib is used in SMP with simple dynamic scheduling (converse-level notification)
Info: 791.75 MB of memory in use based on /proc/self/stat
Info: Configuration file is adk-step1.namd
Info: Working in the current directory /gpfs/alpine/bip115/scratch/hrlee/radical.pilot.sandbox/re.session.login2.hrlee.018634.0000/pilot.0000/unit.000109
TCL: Suspending until startup complete.
Info: SIMULATION PARAMETERS:
Info: TIMESTEP               1
Info: NUMBER OF STEPS        0
Info: STEPS PER CYCLE        20
Info: LOAD BALANCER  Centralized
Info: LOAD BALANCING STRATEGY  New Load Balancers -- DEFAULT
Info: LDB PERIOD             4000 steps
Info: FIRST LDB TIMESTEP     100
Info: LAST LDB TIMESTEP     -1
Info: LDB BACKGROUND SCALING 1
Info: HOM BACKGROUND SCALING 1
Info: MIN ATOMS PER PATCH    40
Info: VELOCITY FILE          1_0_adk-step1.restart.vel
Info: CENTER OF MASS MOVING INITIALLY? NO
Info: DIELECTRIC             80
Info: EXCLUDE                SCALED ONE-FOUR
Info: 1-4 ELECTROSTATICS SCALED BY 1
Info: MODIFIED 1-4 VDW PARAMETERS WILL BE USED
Info: DCD FILENAME           adk-step1.dcd
Info: DCD FREQUENCY          1000
Info: DCD FIRST STEP         1000
Info: NO EXTENDED SYSTEM TRAJECTORY OUTPUT
Info: NO VELOCITY DCD OUTPUT
Info: NO FORCE DCD OUTPUT
Info: OUTPUT FILENAME        adk-step1
Info: BINARY OUTPUT FILES WILL BE USED
Info: RESTART FILENAME       adk-step1.restart
Info: RESTART FREQUENCY      1000
Info: BINARY RESTART FILES WILL BE USED
Info: SWITCHING ACTIVE
Info: SWITCHING ON           9
Info: SWITCHING OFF          10
Info: PAIRLIST DISTANCE      11
Info: PAIRLIST SHRINK RATE   0.01
Info: PAIRLIST GROW RATE     0.01
Info: PAIRLIST TRIGGER       0.3
Info: PAIRLISTS PER CYCLE    2
Info: PAIRLISTS ENABLED
Info: MARGIN                 0
Info: HYDROGEN GROUP CUTOFF  2.5
Info: PATCH DIMENSION        13.5
Info: ENERGY OUTPUT STEPS    100
Info: CROSSTERM ENERGY INCLUDED IN DIHEDRAL
Info: TIMING OUTPUT STEPS    1000
Info: PRESSURE OUTPUT STEPS  100
Info: GRID FORCE ACTIVE
Info:  Please include this reference in published work using
Info:  the Gridforce module of NAMD: David Wells, Volha Abramkina,
Info:  and Aleksei Aksimentiev, J. Chem. Phys. 127:125101-10 (2007).
Info: MGRIDFORCE key 0
Info:            Potfile 4ake-target_autopsf-grid.dx
Info:            Scale 0.3 0.3 0.3
Info:            File 1ake-docked-noh_autopsf-grid.pdb
Info:            Col O
Info:            ChargeCol B
Info:            VOffset 0 0 0
Info:            Continuous K1 FALSE
Info:            Continuous K2 FALSE
Info:            Continuous K3 FALSE
Info:            Volts FALSE
Info:            Gridforce-Lite FALSE
Info:            Gridforce-CheckSize TRUE
Info: LANGEVIN DYNAMICS ACTIVE
Info: LANGEVIN TEMPERATURE   300
Info: LANGEVIN USING BBK INTEGRATOR
Info: LANGEVIN DAMPING COEFFICIENT IS 5 INVERSE PS
Info: LANGEVIN DYNAMICS NOT APPLIED TO HYDROGENS
Info: USING VERLET I (r-RESPA) MTS SCHEME.
Info: C1 SPLITTING OF LONG RANGE ELECTROSTATICS
Info: PLACING ATOMS IN PATCHES BY HYDROGEN GROUPS
Info: RIGID BONDS TO HYDROGEN : WATER
Info:         ERROR TOLERANCE : 1e-08
Info:          MAX ITERATIONS : 100
Info: RIGID WATER USING SETTLE ALGORITHM
Info: NONBONDED FORCES EVALUATED EVERY 2 STEPS
Info: RANDOM NUMBER SEED     1609983720
Info: USE HYDROGEN BONDS?    NO
Info: COORDINATE PDB         1ake-docked-noh_autopsf.pdb
Info: STRUCTURE FILE         1ake-docked-noh_autopsf.psf
Info: PARAMETER file: CHARMM format! 
Info: PARAMETERS             par_all36_prot.prm
Info: USING ARITHMETIC MEAN TO COMBINE L-J SIGMA PARAMETERS
Info: BINARY COORDINATES     1_0_adk-step1.restart.coor
Info: SUMMARY OF PARAMETERS:
Info: 132 BONDS
Info: 362 ANGLES
Info: 702 DIHEDRAL
Info: 35 IMPROPER
Info: 6 CROSSTERM
Info: 53 VDW
Info: 0 VDW_PAIRS
Info: 0 NBTHOLE_PAIRS
Info: TIME FOR READING PSF FILE: 0.348923
Info: READING EXTRA BONDS FILE 1ake-extrabonds.txt
Info: READING EXTRA BONDS FILE 1ake-extrabonds-cispeptide.txt
Info: READING EXTRA BONDS FILE 1ake-extrabonds-chirality.txt
Info: READ 80 EXTRA BONDS
Info: READ 80 EXTRA ANGLES
Warning: EXTRA ANGLES ARE COSINE-BASED BY DEFAULT TO MATCH PREVIOUS VERSIONS
Warning: FOR NORMAL HARMONIC EXTRA ANGLES SET extraBondsCosAngles off
Info: READ 493 EXTRA DIHEDRALS
Info: READ 438 EXTRA IMPROPERS
Info: Reading pdb file 1ake-docked-noh_autopsf.pdb
Info: TIME FOR READING PDB FILE: 0.122805
Info: 
Info: ****************************
Info: STRUCTURE SUMMARY:
Info: 3341 ATOMS
Info: 3445 BONDS
Info: 6203 ANGLES
Info: 9414 DIHEDRALS
Info: 1005 IMPROPERS
Info: 212 CROSSTERMS
Info: 0 EXCLUSIONS
Info: 0 RIGID BONDS
Info: 1 GRIDS ACTIVE
Info: 10023 DEGREES OF FREEDOM
Info: 1656 HYDROGEN GROUPS
Info: 4 ATOMS IN LARGEST HYDROGEN GROUP
Info: 1656 MIGRATION GROUPS
Info: 4 ATOMS IN LARGEST MIGRATION GROUP
Info: TOTAL MASS = 23582 amu
Info: TOTAL CHARGE = -4 e
Info: *****************************
Info: Reading from binary file 1_0_adk-step1.restart.coor
Info: 
Info: Entering startup at 2.42252 s, 799.688 MB of memory in use
Info: Startup phase 0 took 0.000220484 s, 799.812 MB of memory in use
Info: ADDED 18308 IMPLICIT EXCLUSIONS
Info: Startup phase 1 took 0.00843772 s, 799.938 MB of memory in use
Info: NONBONDED TABLE R-SQUARED SPACING: 0.0625
Info: NONBONDED TABLE SIZE: 705 POINTS
Info: ABSOLUTE IMPRECISION IN FAST TABLE ENERGY: 3.38813e-21 AT 9.89634
Info: RELATIVE IMPRECISION IN FAST TABLE ENERGY: 4.23384e-15 AT 9.94673
Info: ABSOLUTE IMPRECISION IN FAST TABLE FORCE: 6.35275e-22 AT 9.94673
Info: RELATIVE IMPRECISION IN FAST TABLE FORCE: 5.07982e-16 AT 9.94673
Info: INCONSISTENCY IN FAST TABLE ENERGY VS FORCE: 0.000290185 AT 0.251946
Info: ABSOLUTE IMPRECISION IN VDWA TABLE ENERGY: 1.57772e-30 AT 9.89634
Info: RELATIVE IMPRECISION IN VDWA TABLE ENERGY: 4.54938e-15 AT 9.94673
Info: ABSOLUTE IMPRECISION IN VDWA TABLE FORCE: 5.91646e-31 AT 9.94673
Info: RELATIVE IMPRECISION IN VDWA TABLE FORCE: 5.6823e-16 AT 9.94673
Info: INCONSISTENCY IN VDWA TABLE ENERGY VS FORCE: 0.0040507 AT 0.251946
Info: ABSOLUTE IMPRECISION IN VDWB TABLE ENERGY: 4.71751e-25 AT 9.94673
Info: RELATIVE IMPRECISION IN VDWB TABLE ENERGY: 1.45371e-14 AT 9.94673
Info: ABSOLUTE IMPRECISION IN VDWB TABLE FORCE: 6.20385e-25 AT 9.94673
Info: RELATIVE IMPRECISION IN VDWB TABLE FORCE: 5.97512e-16 AT 9.94673
Info: INCONSISTENCY IN VDWB TABLE ENERGY VS FORCE: 0.00377068 AT 9.07951
Info: Startup phase 2 took 0.000705251 s, 800.938 MB of memory in use
Info: Startup phase 3 took 0.000192154 s, 801 MB of memory in use
Info: Startup phase 4 took 0.000310792 s, 801.125 MB of memory in use
Info: Startup phase 5 took 0.000179287 s, 801.125 MB of memory in use
Info: ORIGINAL ATOMS MINMAX IS -23.8555 -33.1603 -34.1812  17.1814 12.4089 14.7557
Info: ADJUSTED ATOMS MINMAX IS -17.3071 -27.1769 -29.4511  11.6898 8.08839 5.65132
Info: PATCH GRID IS 5 BY 3 BY 3
Info: PATCH GRID IS 2-AWAY BY 1-AWAY BY 1-AWAY
Info: Reading from binary file 1_0_adk-step1.restart.vel
Info: REMOVING COM VELOCITY -0.0556344 0.0230346 -0.00600149
Info: LARGEST PATCH (37) HAS 148 ATOMS
Info: TORUS A SIZE 1 USING 0
Info: TORUS B SIZE 1 USING 0
Info: TORUS C SIZE 1 USING 0
Info: TORUS MINIMAL MESH SIZE IS 1 BY 1 BY 1
Info: Placed 100% of base nodes on same physical node as patch
Info: Startup phase 6 took 0.00743209 s, 801.188 MB of memory in use
Info: Startup phase 7 took 0.000159295 s, 802.25 MB of memory in use
Info: Updated CUDA force table with 4096 elements.
Info: Updated CUDA LJ table with 53 x 53 elements.
Info: Updated CUDA force table with 4096 elements.
Info: Updated CUDA LJ table with 53 x 53 elements.
Info: Updated CUDA force table with 4096 elements.
Info: Updated CUDA LJ table with 53 x 53 elements.
Info: Updated CUDA force table with 4096 elements.
Info: Updated CUDA force table with 4096 elements.
Info: Updated CUDA LJ table with 53 x 53 elements.
Info: Updated CUDA LJ table with 53 x 53 elements.
Info: Updated CUDA force table with 4096 elements.
Info: Updated CUDA LJ table with 53 x 53 elements.
Info: Startup phase 8 took 0.00333844 s, 802.312 MB of memory in use
Info: Startup phase 9 took 0.000338711 s, 802.438 MB of memory in use
Info: Startup phase 10 took 0.000175543 s, 802.625 MB of memory in use
Info: Startup phase 11 took 0.000833501 s, 802.812 MB of memory in use
LDB: Central LB being created...
Info: Startup phase 12 took 0.00229758 s, 803.688 MB of memory in use
Info: CREATING 1139 COMPUTE OBJECTS
Info: Found 278 unique exclusion lists needing 900 bytes
Info: Found 278 unique exclusion lists needing 900 bytes
Info: Found 278 unique exclusion lists needing 900 bytes
Info: Found 278 unique exclusion lists needing 900 bytes
Info: Found 278 unique exclusion lists needing 900 bytes
Info: Found 278 unique exclusion lists needing 900 bytes
Info: Startup phase 13 took 0.015903 s, 804.688 MB of memory in use
Info: Building spanning tree ... send: 1 recv: 0 with branch factor 4
Info: useSync: 0 useProxySync: 0
Info: Startup phase 14 took 0.000250787 s, 804.75 MB of memory in use
Info: Startup phase 15 took 0.000236378 s, 804.75 MB of memory in use
Info: Finished startup at 2.46353 s, 804.938 MB of memory in use

TCL: Running for 5000 steps
PRESSURE: 0 0 0 0 0 0 0 0 0 0
GPRESSURE: 0 0 0 0 0 0 0 0 0 0
ETITLE:      TS           BOND          ANGLE          DIHED          IMPRP               ELECT            VDW       BOUNDARY           MISC        KINETIC               TOTAL           TEMP      POTENTIAL         TOTAL3        TEMPAVG

ENERGY:       0      1100.8986      1689.8100      2123.7241       141.7997            -40.5884      -821.1413         0.0000      3320.5789      3002.4708          10517.5524       301.4890      7515.0816     10541.7183       301.4890

LDB: ============= START OF LOAD BALANCING ============== 2.47669
LDB: ============== END OF LOAD BALANCING =============== 2.47674
Info: useSync: 0 useProxySync: 0
LDB: =============== DONE WITH MIGRATION ================ 2.47686
LDB: ============= START OF LOAD BALANCING ============== 2.51606
LDB: Partitioning computes with target load 0.000000
LDB: Increased migratable compute count from 0 to 0
LDB: Largest unpartitionable compute is 0.000000
LDB: ============== END OF LOAD BALANCING =============== 2.51724
Info: build node-aware spanning tree with send: 1, recv: 0 with branch factor 4
Info: useSync: 0 useProxySync: 0
LDB: =============== DONE WITH MIGRATION ================ 2.51802
PRESSURE: 100 0 0 0 0 0 0 0 0 0
GPRESSURE: 100 0 0 0 0 0 0 0 0 0
PRESSAVG: 100 0 0 0 0 0 0 0 0 0
GPRESSAVG: 100 0 0 0 0 0 0 0 0 0
Info: Initial time: 42 CPUs 0.000504514 s/step 0.00583929 days/ns 827.875 MB memory
ENERGY:     100      1122.1920      1693.4223      2102.1963       153.5854            -40.9152      -823.4899         0.0000      3318.1132      3013.9823          10539.0863       302.6449      7525.1040     10561.3096       302.3845

LDB: ============= START OF LOAD BALANCING ============== 2.5285
LDB: ============== END OF LOAD BALANCING =============== 2.52853
Info: useSync: 0 useProxySync: 0
LDB: =============== DONE WITH MIGRATION ================ 2.52864
LDB: ============= START OF LOAD BALANCING ============== 2.56942
LDB: TIME 2.56965 LOAD: AVG 0.0130299 MAX 0.0245483  PROXIES: TOTAL 174 MAXPE 7 MAXPATCH 7 None MEM: 829.75 MB
LDB: TIME 2.56985 LOAD: AVG 0.0130299 MAX 0.0245483  PROXIES: TOTAL 174 MAXPE 7 MAXPATCH 7 TorusLB MEM: 829.812 MB
LDB: Reverting to original mapping
LDB: ============== END OF LOAD BALANCING =============== 2.57011
Info: build node-aware spanning tree with send: 1, recv: 0 with branch factor 4
Info: useSync: 0 useProxySync: 0
LDB: =============== DONE WITH MIGRATION ================ 2.57091
PRESSURE: 200 0 0 0 0 0 0 0 0 0
GPRESSURE: 200 0 0 0 0 0 0 0 0 0
PRESSAVG: 200 0 0 0 0 0 0 0 0 0
GPRESSAVG: 200 0 0 0 0 0 0 0 0 0
Info: Initial time: 42 CPUs 0.000511554 s/step 0.00592076 days/ns 829.812 MB memory
ENERGY:     200      1113.3801      1669.6053      2096.4856       151.3320            -41.1015      -804.6854         0.0000      3318.5499      2950.2185          10453.7846       296.2421      7503.5661     10476.5339       300.7695

LDB: ============= START OF LOAD BALANCING ============== 2.62589
LDB: TIME 2.62611 LOAD: AVG 0.016449 MAX 0.036924  PROXIES: TOTAL 174 MAXPE 7 MAXPATCH 7 None MEM: 830.688 MB
LDB: TIME 2.62629 LOAD: AVG 0.016449 MAX 0.036924  PROXIES: TOTAL 174 MAXPE 7 MAXPATCH 7 RefineTorusLB MEM: 830.75 MB
LDB: TIME 2.62643 LOAD: AVG 0.016449 MAX 0.036924  PROXIES: TOTAL 174 MAXPE 7 MAXPATCH 7 RefineTorusLB MEM: 830.75 MB
LDB: Reverting to original mapping
LDB: ============== END OF LOAD BALANCING =============== 2.62669
Info: build node-aware spanning tree with send: 1, recv: 0 with branch factor 4
Info: useSync: 0 useProxySync: 0
LDB: =============== DONE WITH MIGRATION ================ 2.62746
PRESSURE: 300 0 0 0 0 0 0 0 0 0
GPRESSURE: 300 0 0 0 0 0 0 0 0 0
PRESSAVG: 300 0 0 0 0 0 0 0 0 0
GPRESSAVG: 300 0 0 0 0 0 0 0 0 0
Info: Initial time: 42 CPUs 0.000548013 s/step 0.00634275 days/ns 830.75 MB memory
ENERGY:     300      1087.2860      1694.4174      2078.8211       141.1157            -40.6927      -780.8979         0.0000      3314.6842      2899.0013          10393.7351       291.0992      7494.7338     10414.5523       296.3317

LDB: ============= START OF LOAD BALANCING ============== 2.67918
LDB: TIME 2.67936 LOAD: AVG 0.0158996 MAX 0.0305058  PROXIES: TOTAL 174 MAXPE 7 MAXPATCH 7 None MEM: 831.625 MB
LDB: TIME 2.67949 LOAD: AVG 0.0158996 MAX 0.0305058  PROXIES: TOTAL 174 MAXPE 7 MAXPATCH 7 RefineTorusLB MEM: 831.625 MB
LDB: TIME 2.67961 LOAD: AVG 0.0158996 MAX 0.0305058  PROXIES: TOTAL 174 MAXPE 7 MAXPATCH 7 RefineTorusLB MEM: 831.625 MB
LDB: ============== END OF LOAD BALANCING =============== 2.67982
Info: build node-aware spanning tree with send: 1, recv: 0 with branch factor 4
Info: useSync: 0 useProxySync: 0
LDB: =============== DONE WITH MIGRATION ================ 2.68059
PRESSURE: 400 0 0 0 0 0 0 0 0 0
GPRESSURE: 400 0 0 0 0 0 0 0 0 0
PRESSAVG: 400 0 0 0 0 0 0 0 0 0
GPRESSAVG: 400 0 0 0 0 0 0 0 0 0
Info: Benchmark time: 42 CPUs 0.000516535 s/step 0.00597841 days/ns 831.625 MB memory
ENERGY:     400      1072.4153      1663.0353      2067.6660       143.5811            -42.1829      -807.0045         0.0000      3312.6089      2978.7745          10388.8937       299.1095      7410.1192     10412.2215       298.3598

PRESSURE: 500 0 0 0 0 0 0 0 0 0
GPRESSURE: 500 0 0 0 0 0 0 0 0 0
PRESSAVG: 500 0 0 0 0 0 0 0 0 0
GPRESSAVG: 500 0 0 0 0 0 0 0 0 0
Info: Benchmark time: 42 CPUs 0.000513417 s/step 0.00594232 days/ns 832.375 MB memory
ENERGY:     500      1081.1563      1658.0828      2062.6250       147.7492            -41.0869      -796.0654         0.0000      3311.0093      2937.7148          10361.1851       294.9866      7423.4703     10385.6077       295.7480

PRESSURE: 600 0 0 0 0 0 0 0 0 0
GPRESSURE: 600 0 0 0 0 0 0 0 0 0
PRESSAVG: 600 0 0 0 0 0 0 0 0 0
GPRESSAVG: 600 0 0 0 0 0 0 0 0 0
Info: Benchmark time: 42 CPUs 0.00051236 s/step 0.00593009 days/ns 832.375 MB memory
ENERGY:     600      1062.8683      1686.8664      2085.0181       148.2737            -41.3395      -827.6121         0.0000      3305.6566      2928.3847          10348.1162       294.0497      7419.7315     10370.9915       294.0674

PRESSURE: 700 0 0 0 0 0 0 0 0 0
GPRESSURE: 700 0 0 0 0 0 0 0 0 0
PRESSAVG: 700 0 0 0 0 0 0 0 0 0
GPRESSAVG: 700 0 0 0 0 0 0 0 0 0
Info: Benchmark time: 42 CPUs 0.000504521 s/step 0.00583937 days/ns 832.375 MB memory
ENERGY:     700      1111.9597      1663.1258      2066.0833       152.3203            -41.2549      -844.0505         0.0000      3296.9585      2981.8787          10387.0210       299.4213      7405.1422     10411.2973       295.5897

PRESSURE: 800 0 0 0 0 0 0 0 0 0
GPRESSURE: 800 0 0 0 0 0 0 0 0 0
PRESSAVG: 800 0 0 0 0 0 0 0 0 0
GPRESSAVG: 800 0 0 0 0 0 0 0 0 0
Info: Benchmark time: 42 CPUs 0.000505279 s/step 0.00584814 days/ns 832.375 MB memory
ENERGY:     800      1102.3128      1653.3738      2052.4604       145.5943            -41.0961      -797.4365         0.0000      3288.9364      2898.4884          10302.6335       291.0477      7404.1451     10329.0726       294.2272

PRESSURE: 900 0 0 0 0 0 0 0 0 0
GPRESSURE: 900 0 0 0 0 0 0 0 0 0
PRESSAVG: 900 0 0 0 0 0 0 0 0 0
GPRESSAVG: 900 0 0 0 0 0 0 0 0 0
Info: Benchmark time: 42 CPUs 0.000506912 s/step 0.00586704 days/ns 832.375 MB memory
ENERGY:     900      1097.0603      1670.2164      2061.4789       141.1006            -41.3642      -822.2540         0.0000      3281.4879      2922.8443          10310.5701       293.4934      7387.7258     10336.8937       293.2087

PRESSURE: 1000 0 0 0 0 0 0 0 0 0
GPRESSURE: 1000 0 0 0 0 0 0 0 0 0
PRESSAVG: 1000 0 0 0 0 0 0 0 0 0
GPRESSAVG: 1000 0 0 0 0 0 0 0 0 0
TIMING: 1000  CPU: 0.538797, 0.000519795/step  Wall: 0.540681, 0.000521207/step, 0.000579118 hours remaining, 832.375000 MB of memory in use.
ETITLE:      TS           BOND          ANGLE          DIHED          IMPRP               ELECT            VDW       BOUNDARY           MISC        KINETIC               TOTAL           TEMP      POTENTIAL         TOTAL3        TEMPAVG

ENERGY:    1000      1111.1251      1658.6178      2087.1357       147.9654            -41.0781      -803.7159         0.0000      3276.5460      2904.6629          10341.2589       291.6677      7436.5960     10360.7080       295.4533

WRITING EXTENDED SYSTEM TO RESTART FILE AT STEP 1000
OPENING COORDINATE DCD FILE
WRITING COORDINATES TO DCD FILE adk-step1.dcd AT STEP 1000
WRITING COORDINATES TO RESTART FILE AT STEP 1000
FINISHED WRITING RESTART COORDINATES
The last position output (seq=1000) takes 0.004 seconds, 832.500 MB of memory in use
WRITING VELOCITIES TO RESTART FILE AT STEP 1000
FINISHED WRITING RESTART VELOCITIES
The last velocity output (seq=1000) takes 0.001 seconds, 832.500 MB of memory in use
PRESSURE: 1100 0 0 0 0 0 0 0 0 0
GPRESSURE: 1100 0 0 0 0 0 0 0 0 0
PRESSAVG: 1100 0 0 0 0 0 0 0 0 0
GPRESSAVG: 1100 0 0 0 0 0 0 0 0 0
ENERGY:    1100      1047.4728      1721.4549      2093.4438       152.1759            -41.6132      -804.7322         0.0000      3265.9071      2915.3767          10349.4858       292.7435      7434.1091     10372.9963       295.8115

PRESSURE: 1200 0 0 0 0 0 0 0 0 0
GPRESSURE: 1200 0 0 0 0 0 0 0 0 0
PRESSAVG: 1200 0 0 0 0 0 0 0 0 0
GPRESSAVG: 1200 0 0 0 0 0 0 0 0 0
ENERGY:    1200      1093.8220      1665.5067      2063.4506       168.9268            -41.6612      -815.8857         0.0000      3262.1351      2991.6952          10387.9895       300.4070      7396.2943     10413.3698       296.7130

PRESSURE: 1300 0 0 0 0 0 0 0 0 0
GPRESSURE: 1300 0 0 0 0 0 0 0 0 0
PRESSAVG: 1300 0 0 0 0 0 0 0 0 0
GPRESSAVG: 1300 0 0 0 0 0 0 0 0 0
ENERGY:    1300      1084.7786      1690.2193      2065.1102       131.4582            -41.9098      -838.3403         0.0000      3263.4984      3053.3181          10408.1326       306.5947      7354.8146     10433.5911       299.4565

PRESSURE: 1400 0 0 0 0 0 0 0 0 0
GPRESSURE: 1400 0 0 0 0 0 0 0 0 0
PRESSAVG: 1400 0 0 0 0 0 0 0 0 0
GPRESSAVG: 1400 0 0 0 0 0 0 0 0 0
ENERGY:    1400      1083.7240      1714.7785      2053.1260       162.3067            -41.5849      -782.8418         0.0000      3261.9082      2943.9036          10395.3204       295.6080      7451.4167     10421.2704       298.5560

PRESSURE: 1500 0 0 0 0 0 0 0 0 0
GPRESSURE: 1500 0 0 0 0 0 0 0 0 0
PRESSAVG: 1500 0 0 0 0 0 0 0 0 0
GPRESSAVG: 1500 0 0 0 0 0 0 0 0 0
ENERGY:    1500      1067.7325      1708.4974      2062.7838       151.1383            -41.6401      -811.1246         0.0000      3261.1556      3013.9666          10412.5095       302.6433      7398.5429     10435.9260       298.7802

PRESSURE: 1600 0 0 0 0 0 0 0 0 0
GPRESSURE: 1600 0 0 0 0 0 0 0 0 0
PRESSAVG: 1600 0 0 0 0 0 0 0 0 0
GPRESSAVG: 1600 0 0 0 0 0 0 0 0 0
ENERGY:    1600      1082.8529      1704.0956      2055.0431       150.3245            -42.5208      -789.5439         0.0000      3255.1056      2965.3504          10380.7074       297.7616      7415.3569     10401.8563       298.3028

PRESSURE: 1700 0 0 0 0 0 0 0 0 0
GPRESSURE: 1700 0 0 0 0 0 0 0 0 0
PRESSAVG: 1700 0 0 0 0 0 0 0 0 0
GPRESSAVG: 1700 0 0 0 0 0 0 0 0 0
ENERGY:    1700      1032.5111      1709.5201      2091.6478       157.3468            -41.9853      -788.7572         0.0000      3246.0692      2969.0018          10375.3544       298.1282      7406.3526     10399.4579       296.8250

PRESSURE: 1800 0 0 0 0 0 0 0 0 0
GPRESSURE: 1800 0 0 0 0 0 0 0 0 0
PRESSAVG: 1800 0 0 0 0 0 0 0 0 0
GPRESSAVG: 1800 0 0 0 0 0 0 0 0 0
ENERGY:    1800      1109.3408      1709.6599      2062.3616       151.9761            -42.2520      -794.2780         0.0000      3241.7684      3004.7259          10443.3026       301.7154      7438.5767     10464.9362       298.7891

PRESSURE: 1900 0 0 0 0 0 0 0 0 0
GPRESSURE: 1900 0 0 0 0 0 0 0 0 0
PRESSAVG: 1900 0 0 0 0 0 0 0 0 0
GPRESSAVG: 1900 0 0 0 0 0 0 0 0 0
ENERGY:    1900      1131.8378      1673.7897      2089.1477       150.2485            -41.7511      -778.9968         0.0000      3235.4284      2977.4633          10437.1675       298.9779      7459.7042     10458.4181       301.4847

PRESSURE: 2000 0 0 0 0 0 0 0 0 0
GPRESSURE: 2000 0 0 0 0 0 0 0 0 0
PRESSAVG: 2000 0 0 0 0 0 0 0 0 0
GPRESSAVG: 2000 0 0 0 0 0 0 0 0 0
TIMING: 2000  CPU: 1.05223, 0.000513436/step  Wall: 1.06004, 0.000519359/step, 0.000432799 hours remaining, 832.500000 MB of memory in use.
ETITLE:      TS           BOND          ANGLE          DIHED          IMPRP               ELECT            VDW       BOUNDARY           MISC        KINETIC               TOTAL           TEMP      POTENTIAL         TOTAL3        TEMPAVG

ENERGY:    2000      1086.6783      1662.2153      2081.0716       148.3639            -41.6880      -783.0369         0.0000      3237.4895      3036.2912          10427.3849       304.8850      7391.0937     10451.1158       299.8221

WRITING EXTENDED SYSTEM TO RESTART FILE AT STEP 2000
WRITING COORDINATES TO DCD FILE adk-step1.dcd AT STEP 2000
WRITING COORDINATES TO RESTART FILE AT STEP 2000
FINISHED WRITING RESTART COORDINATES
The last position output (seq=2000) takes 0.002 seconds, 832.562 MB of memory in use
WRITING VELOCITIES TO RESTART FILE AT STEP 2000
FINISHED WRITING RESTART VELOCITIES
The last velocity output (seq=2000) takes 0.002 seconds, 832.562 MB of memory in use
PRESSURE: 2100 0 0 0 0 0 0 0 0 0
GPRESSURE: 2100 0 0 0 0 0 0 0 0 0
PRESSAVG: 2100 0 0 0 0 0 0 0 0 0
GPRESSAVG: 2100 0 0 0 0 0 0 0 0 0
ENERGY:    2100      1075.3195      1654.7480      2074.5424       151.5084            -42.0903      -772.3265         0.0000      3237.5450      3002.9037          10382.1502       301.5324      7379.2466     10404.5063       299.9836

PRESSURE: 2200 0 0 0 0 0 0 0 0 0
GPRESSURE: 2200 0 0 0 0 0 0 0 0 0
PRESSAVG: 2200 0 0 0 0 0 0 0 0 0
GPRESSAVG: 2200 0 0 0 0 0 0 0 0 0
ENERGY:    2200      1061.4877      1680.8027      2088.3492       140.1405            -42.0866      -783.6782         0.0000      3229.9292      3031.6004          10406.5448       304.4140      7374.9445     10428.7951       299.4130

PRESSURE: 2300 0 0 0 0 0 0 0 0 0
GPRESSURE: 2300 0 0 0 0 0 0 0 0 0
PRESSAVG: 2300 0 0 0 0 0 0 0 0 0
GPRESSAVG: 2300 0 0 0 0 0 0 0 0 0
ENERGY:    2300      1090.2333      1703.2382      2068.9562       154.5869            -42.5768      -793.4340         0.0000      3226.2286      3026.3895          10433.6219       303.8907      7407.2324     10457.0873       300.4720

PRESSURE: 2400 0 0 0 0 0 0 0 0 0
GPRESSURE: 2400 0 0 0 0 0 0 0 0 0
PRESSAVG: 2400 0 0 0 0 0 0 0 0 0
GPRESSAVG: 2400 0 0 0 0 0 0 0 0 0
ENERGY:    2400      1093.4835      1687.3046      2095.8144       153.4318            -41.6201      -827.9278         0.0000      3219.7382      3017.9352          10398.1599       303.0418      7380.2247     10422.5021       301.8340

PRESSURE: 2500 0 0 0 0 0 0 0 0 0
GPRESSURE: 2500 0 0 0 0 0 0 0 0 0
PRESSAVG: 2500 0 0 0 0 0 0 0 0 0
GPRESSAVG: 2500 0 0 0 0 0 0 0 0 0
ENERGY:    2500      1101.9578      1681.3660      2074.0143       157.1276            -41.7368      -779.8995         0.0000      3214.1827      3016.2801          10423.2923       302.8756      7407.0122     10448.3515       302.3502

PRESSURE: 2600 0 0 0 0 0 0 0 0 0
GPRESSURE: 2600 0 0 0 0 0 0 0 0 0
PRESSAVG: 2600 0 0 0 0 0 0 0 0 0
GPRESSAVG: 2600 0 0 0 0 0 0 0 0 0
ENERGY:    2600      1138.7002      1699.0142      2084.0495       154.9505            -41.0355      -779.0987         0.0000      3207.0071      2986.6762          10450.2635       299.9030      7463.5873     10471.2998       303.0697

PRESSURE: 2700 0 0 0 0 0 0 0 0 0
GPRESSURE: 2700 0 0 0 0 0 0 0 0 0
PRESSAVG: 2700 0 0 0 0 0 0 0 0 0
GPRESSAVG: 2700 0 0 0 0 0 0 0 0 0
ENERGY:    2700      1123.7596      1711.3063      2063.7533       156.7255            -41.1823      -782.2798         0.0000      3200.6936      3010.6833          10443.4595       302.3136      7432.7762     10468.2059       305.4024

PRESSURE: 2800 0 0 0 0 0 0 0 0 0
GPRESSURE: 2800 0 0 0 0 0 0 0 0 0
PRESSAVG: 2800 0 0 0 0 0 0 0 0 0
GPRESSAVG: 2800 0 0 0 0 0 0 0 0 0
ENERGY:    2800      1155.4412      1690.3440      2095.1889       163.8277            -40.5354      -818.1121         0.0000      3199.9912      3030.6630          10476.8085       304.3199      7446.1455     10501.0958       304.3894

PRESSURE: 2900 0 0 0 0 0 0 0 0 0
GPRESSURE: 2900 0 0 0 0 0 0 0 0 0
PRESSAVG: 2900 0 0 0 0 0 0 0 0 0
GPRESSAVG: 2900 0 0 0 0 0 0 0 0 0
ENERGY:    2900      1084.1703      1710.8058      2055.4053       150.1562            -40.7435      -782.7307         0.0000      3190.6034      3032.8974          10400.5642       304.5442      7367.6669     10426.4816       301.9329

WRITING COORDINATES TO DCD FILE adk-step1.dcd AT STEP 3000
WRITING COORDINATES TO RESTART FILE AT STEP 3000
FINISHED WRITING RESTART COORDINATES
The last position output (seq=3000) takes 0.003 seconds, 832.562 MB of memory in use
PRESSURE: 3000 0 0 0 0 0 0 0 0 0
GPRESSURE: 3000 0 0 0 0 0 0 0 0 0
PRESSAVG: 3000 0 0 0 0 0 0 0 0 0
GPRESSAVG: 3000 0 0 0 0 0 0 0 0 0
TIMING: 3000  CPU: 1.55924, 0.000507004/step  Wall: 1.57243, 0.000512386/step, 0.000284659 hours remaining, 832.562500 MB of memory in use.
ETITLE:      TS           BOND          ANGLE          DIHED          IMPRP               ELECT            VDW       BOUNDARY           MISC        KINETIC               TOTAL           TEMP      POTENTIAL         TOTAL3        TEMPAVG

ENERGY:    3000      1091.3314      1752.8125      2061.9610       144.3407            -41.0731      -754.9841         0.0000      3187.9767      2999.4846          10441.8496       301.1891      7442.3650     10464.5712       305.2416

WRITING EXTENDED SYSTEM TO RESTART FILE AT STEP 3000
WRITING VELOCITIES TO RESTART FILE AT STEP 3000
FINISHED WRITING RESTART VELOCITIES
The last velocity output (seq=3000) takes 0.002 seconds, 832.562 MB of memory in use
PRESSURE: 3100 0 0 0 0 0 0 0 0 0
GPRESSURE: 3100 0 0 0 0 0 0 0 0 0
PRESSAVG: 3100 0 0 0 0 0 0 0 0 0
GPRESSAVG: 3100 0 0 0 0 0 0 0 0 0
ENERGY:    3100      1105.5147      1705.3713      2044.0867       140.6923            -42.4715      -805.0001         0.0000      3190.9759      3051.1617          10390.3309       306.3782      7339.1692     10416.0182       302.3856

PRESSURE: 3200 0 0 0 0 0 0 0 0 0
GPRESSURE: 3200 0 0 0 0 0 0 0 0 0
PRESSAVG: 3200 0 0 0 0 0 0 0 0 0
GPRESSAVG: 3200 0 0 0 0 0 0 0 0 0
ENERGY:    3200      1112.8861      1721.1042      2067.0199       147.4272            -42.6254      -806.4428         0.0000      3183.2045      3041.0539          10423.6277       305.3633      7382.5737     10447.9182       303.4915

PRESSURE: 3300 0 0 0 0 0 0 0 0 0
GPRESSURE: 3300 0 0 0 0 0 0 0 0 0
PRESSAVG: 3300 0 0 0 0 0 0 0 0 0
GPRESSAVG: 3300 0 0 0 0 0 0 0 0 0
ENERGY:    3300      1110.2740      1722.7310      2044.0418       135.4303            -41.5123      -778.6372         0.0000      3186.7085      3028.0427          10407.0787       304.0567      7379.0360     10429.2725       304.3330

PRESSURE: 3400 0 0 0 0 0 0 0 0 0
GPRESSURE: 3400 0 0 0 0 0 0 0 0 0
PRESSAVG: 3400 0 0 0 0 0 0 0 0 0
GPRESSAVG: 3400 0 0 0 0 0 0 0 0 0
ENERGY:    3400      1146.8527      1781.9707      2056.5530       139.8097            -41.0747      -806.4796         0.0000      3179.3936      2974.8932          10431.9185       298.7198      7457.0253     10456.7904       304.2568

PRESSURE: 3500 0 0 0 0 0 0 0 0 0
GPRESSURE: 3500 0 0 0 0 0 0 0 0 0
PRESSAVG: 3500 0 0 0 0 0 0 0 0 0
GPRESSAVG: 3500 0 0 0 0 0 0 0 0 0
ENERGY:    3500      1091.1214      1706.7267      2049.2295       141.2000            -39.9552      -802.1163         0.0000      3178.3070      3024.0445          10348.5576       303.6553      7324.5131     10371.7721       301.0637

PRESSURE: 3600 0 0 0 0 0 0 0 0 0
GPRESSURE: 3600 0 0 0 0 0 0 0 0 0
PRESSAVG: 3600 0 0 0 0 0 0 0 0 0
GPRESSAVG: 3600 0 0 0 0 0 0 0 0 0
ENERGY:    3600      1095.6134      1719.8218      2059.2960       157.0708            -40.9914      -772.9664         0.0000      3170.7790      2957.0937          10345.7169       296.9325      7388.6232     10370.8478       299.7795

PRESSURE: 3700 0 0 0 0 0 0 0 0 0
GPRESSURE: 3700 0 0 0 0 0 0 0 0 0
PRESSAVG: 3700 0 0 0 0 0 0 0 0 0
GPRESSAVG: 3700 0 0 0 0 0 0 0 0 0
ENERGY:    3700      1110.2148      1716.6914      2052.6657       156.7527            -40.9506      -820.1975         0.0000      3167.6759      2983.6125          10326.4649       299.5954      7342.8524     10352.5222       300.3781

PRESSURE: 3800 0 0 0 0 0 0 0 0 0
GPRESSURE: 3800 0 0 0 0 0 0 0 0 0
PRESSAVG: 3800 0 0 0 0 0 0 0 0 0
GPRESSAVG: 3800 0 0 0 0 0 0 0 0 0
ENERGY:    3800      1083.7465      1699.1203      2068.2093       148.0533            -41.8615      -775.1066         0.0000      3160.1473      2993.5076          10335.8161       300.5890      7342.3086     10359.5440       300.2842

PRESSURE: 3900 0 0 0 0 0 0 0 0 0
GPRESSURE: 3900 0 0 0 0 0 0 0 0 0
PRESSAVG: 3900 0 0 0 0 0 0 0 0 0
GPRESSAVG: 3900 0 0 0 0 0 0 0 0 0
ENERGY:    3900      1091.4978      1676.1957      2077.0301       146.0692            -42.3783      -773.1905         0.0000      3145.9204      3016.8935          10338.0379       302.9372      7321.1444     10365.0495       300.5017

PRESSURE: 4000 0 0 0 0 0 0 0 0 0
GPRESSURE: 4000 0 0 0 0 0 0 0 0 0
PRESSAVG: 4000 0 0 0 0 0 0 0 0 0
GPRESSAVG: 4000 0 0 0 0 0 0 0 0 0
TIMING: 4000  CPU: 2.05395, 0.000494709/step  Wall: 2.07754, 0.000505118/step, 0.000140311 hours remaining, 832.562500 MB of memory in use.
ETITLE:      TS           BOND          ANGLE          DIHED          IMPRP               ELECT            VDW       BOUNDARY           MISC        KINETIC               TOTAL           TEMP      POTENTIAL         TOTAL3        TEMPAVG

ENERGY:    4000      1105.5241      1676.8920      2062.0977       150.0492            -43.0960      -769.4696         0.0000      3145.4641      2967.9515          10295.4130       298.0228      7327.4615     10319.4294       299.5895

WRITING EXTENDED SYSTEM TO RESTART FILE AT STEP 4000
WRITING VELOCITIES TO RESTART FILE AT STEP 4000
FINISHED WRITING RESTART VELOCITIES
The last velocity output (seq=4000) takes 0.002 seconds, 832.562 MB of memory in use
WRITING COORDINATES TO DCD FILE adk-step1.dcd AT STEP 4000
WRITING COORDINATES TO RESTART FILE AT STEP 4000
FINISHED WRITING RESTART COORDINATES
The last position output (seq=4000) takes 0.002 seconds, 832.562 MB of memory in use
PRESSURE: 4100 0 0 0 0 0 0 0 0 0
GPRESSURE: 4100 0 0 0 0 0 0 0 0 0
PRESSAVG: 4100 0 0 0 0 0 0 0 0 0
GPRESSAVG: 4100 0 0 0 0 0 0 0 0 0
ENERGY:    4100      1096.8271      1650.0149      2056.7134       145.6300            -42.6632      -768.0893         0.0000      3140.9528      3000.5102          10279.8958       301.2921      7279.3856     10302.7241       298.6256

PRESSURE: 4200 0 0 0 0 0 0 0 0 0
GPRESSURE: 4200 0 0 0 0 0 0 0 0 0
PRESSAVG: 4200 0 0 0 0 0 0 0 0 0
GPRESSAVG: 4200 0 0 0 0 0 0 0 0 0
ENERGY:    4200      1109.5999      1681.5648      2063.9689       158.7156            -42.1543      -778.0064         0.0000      3149.1439      2932.1446          10274.9770       294.4273      7342.8323     10298.2660       298.9182

LDB: ============= START OF LOAD BALANCING ============== 4.67893
LDB: ============== END OF LOAD BALANCING =============== 4.679
Info: useSync: 0 useProxySync: 0
LDB: =============== DONE WITH MIGRATION ================ 4.67912
PRESSURE: 4300 0 0 0 0 0 0 0 0 0
GPRESSURE: 4300 0 0 0 0 0 0 0 0 0
PRESSAVG: 4300 0 0 0 0 0 0 0 0 0
GPRESSAVG: 4300 0 0 0 0 0 0 0 0 0
ENERGY:    4300      1125.8635      1698.3149      2069.0016       151.4620            -42.5781      -810.2196         0.0000      3150.9066      2990.8342          10333.5851       300.3205      7342.7510     10356.7340       299.8010

LDB: ============= START OF LOAD BALANCING ============== 4.72958
LDB: TIME 4.72985 LOAD: AVG 0.0152876 MAX 0.0298655  PROXIES: TOTAL 174 MAXPE 7 MAXPATCH 7 None MEM: 832.562 MB
LDB: TIME 4.73002 LOAD: AVG 0.0152876 MAX 0.0298655  PROXIES: TOTAL 174 MAXPE 7 MAXPATCH 7 RefineTorusLB MEM: 832.688 MB
LDB: TIME 4.73018 LOAD: AVG 0.0152876 MAX 0.0298655  PROXIES: TOTAL 174 MAXPE 7 MAXPATCH 7 RefineTorusLB MEM: 832.688 MB
LDB: ============== END OF LOAD BALANCING =============== 4.73046
Info: build node-aware spanning tree with send: 1, recv: 0 with branch factor 4
Info: useSync: 0 useProxySync: 0
LDB: =============== DONE WITH MIGRATION ================ 4.73122
PRESSURE: 4400 0 0 0 0 0 0 0 0 0
GPRESSURE: 4400 0 0 0 0 0 0 0 0 0
PRESSAVG: 4400 0 0 0 0 0 0 0 0 0
GPRESSAVG: 4400 0 0 0 0 0 0 0 0 0
ENERGY:    4400      1084.4596      1693.7428      2055.8364       154.6082            -42.2131      -757.1695         0.0000      3142.5926      3042.4942          10374.3512       305.5079      7331.8570     10399.7794       302.1703

PRESSURE: 4500 0 0 0 0 0 0 0 0 0
GPRESSURE: 4500 0 0 0 0 0 0 0 0 0
PRESSAVG: 4500 0 0 0 0 0 0 0 0 0
GPRESSAVG: 4500 0 0 0 0 0 0 0 0 0
ENERGY:    4500      1074.0113      1667.8434      2103.3368       157.2519            -41.6936      -763.6535         0.0000      3137.2178      2955.3976          10289.7117       296.7622      7334.3141     10315.8492       300.7492

PRESSURE: 4600 0 0 0 0 0 0 0 0 0
GPRESSURE: 4600 0 0 0 0 0 0 0 0 0
PRESSAVG: 4600 0 0 0 0 0 0 0 0 0
GPRESSAVG: 4600 0 0 0 0 0 0 0 0 0
ENERGY:    4600      1083.9601      1710.9506      2074.2978       157.1446            -41.2423      -831.4230         0.0000      3141.7560      3020.3539          10315.7978       303.2847      7295.4439     10343.9375       299.7034

PRESSURE: 4700 0 0 0 0 0 0 0 0 0
GPRESSURE: 4700 0 0 0 0 0 0 0 0 0
PRESSAVG: 4700 0 0 0 0 0 0 0 0 0
GPRESSAVG: 4700 0 0 0 0 0 0 0 0 0
ENERGY:    4700      1061.7993      1713.4821      2066.9637       153.1399            -40.6949      -787.3633         0.0000      3136.2511      2984.7395          10288.3173       299.7085      7303.5778     10312.3625       299.9438

PRESSURE: 4800 0 0 0 0 0 0 0 0 0
GPRESSURE: 4800 0 0 0 0 0 0 0 0 0
PRESSAVG: 4800 0 0 0 0 0 0 0 0 0
GPRESSAVG: 4800 0 0 0 0 0 0 0 0 0
ENERGY:    4800      1130.7182      1655.3845      2059.2616       141.2624            -39.9847      -769.3547         0.0000      3131.8225      2969.7386          10278.8486       298.2022      7309.1099     10299.9403       298.9934

PRESSURE: 4900 0 0 0 0 0 0 0 0 0
GPRESSURE: 4900 0 0 0 0 0 0 0 0 0
PRESSAVG: 4900 0 0 0 0 0 0 0 0 0
GPRESSAVG: 4900 0 0 0 0 0 0 0 0 0
ENERGY:    4900      1077.1222      1714.7093      2078.6676       157.8868            -40.7901      -773.6357         0.0000      3128.7217      2954.3878          10297.0696       296.6608      7342.6818     10321.5208       299.0735

PRESSURE: 5000 0 0 0 0 0 0 0 0 0
GPRESSURE: 5000 0 0 0 0 0 0 0 0 0
PRESSAVG: 5000 0 0 0 0 0 0 0 0 0
GPRESSAVG: 5000 0 0 0 0 0 0 0 0 0
TIMING: 5000  CPU: 2.56871, 0.000514763/step  Wall: 2.58861, 0.000511069/step, 0 hours remaining, 832.687500 MB of memory in use.
ETITLE:      TS           BOND          ANGLE          DIHED          IMPRP               ELECT            VDW       BOUNDARY           MISC        KINETIC               TOTAL           TEMP      POTENTIAL         TOTAL3        TEMPAVG

ENERGY:    5000      1038.3324      1721.9953      2081.8747       154.6237            -40.7047      -784.1453         0.0000      3130.0416      3013.9114          10315.9291       302.6378      7302.0177     10337.8138       301.3464

WRITING EXTENDED SYSTEM TO RESTART FILE AT STEP 5000
WRITING COORDINATES TO DCD FILE adk-step1.dcd AT STEP 5000
WRITING COORDINATES TO RESTART FILE AT STEP 5000
FINISHED WRITING RESTART COORDINATES
The last position output (seq=5000) takes 0.002 seconds, 833.438 MB of memory in use
WRITING VELOCITIES TO RESTART FILE AT STEP 5000
FINISHED WRITING RESTART VELOCITIES
The last velocity output (seq=5000) takes 0.002 seconds, 833.438 MB of memory in use
WRITING EXTENDED SYSTEM TO OUTPUT FILE AT STEP 5000
WRITING COORDINATES TO OUTPUT FILE AT STEP 5000
CLOSING COORDINATE DCD FILE adk-step1.dcd
The last position output (seq=-2) takes 0.004 seconds, 833.438 MB of memory in use
WRITING VELOCITIES TO OUTPUT FILE AT STEP 5000
====================================================

WallClock: 5.045399  CPUTime: 3.593908  Memory: 833.437500 MB
End of program
