0_11_cc.dat
/gpfs/alpine/bip115/scratch/hrlee/radical.pilot.sandbox/re.session.login1.hrlee.018632.0005/pilot.0000/staging_area/0_11_cc.dat
0, 11
Choosing optimized barrier algorithm name I0:HybridBinomial:SHMEM:P2P
Converse/Charm++ Commit ID: v6.10.2-0-g7bf00fa-namd-charm-6.10.2-build-2020-Aug-05-556
Warning> Randomization of virtual memory (ASLR) is turned on in the kernel, thread migration may not work! Run 'echo 0 > /proc/sys/kernel/randomize_va_space' as root to disable it, or try running with '+isomalloc_sync'.
CharmLB> Load balancer assumes all CPUs are same.
Charm++> Running on 1 hosts (1 sockets x 7 cores x 4 PUs = 28-way SMP)
Charm++> cpu topology info is gathered in 0.003 seconds.
Info: Built with CUDA version 10010
Did not find +devices i,j,k,... argument, using all
Pe 2 physical rank 2 will use CUDA device of pe 4
Pe 17 physical rank 17 will use CUDA device of pe 14
Pe 34 physical rank 34 will use CUDA device of pe 28
Pe 25 physical rank 25 will use CUDA device of pe 21
Pe 9 physical rank 9 will use CUDA device of pe 7
Pe 37 physical rank 37 will use CUDA device of pe 35
Pe 19 physical rank 19 will use CUDA device of pe 14
Pe 31 physical rank 31 will use CUDA device of pe 28
Pe 27 physical rank 27 will use CUDA device of pe 21
Pe 12 physical rank 12 will use CUDA device of pe 7
Pe 39 physical rank 39 will use CUDA device of pe 35
Pe 3 physical rank 3 will use CUDA device of pe 4
Pe 16 physical rank 16 will use CUDA device of pe 14
Pe 30 physical rank 30 will use CUDA device of pe 28
Pe 23 physical rank 23 will use CUDA device of pe 21
Pe 11 physical rank 11 will use CUDA device of pe 7
Pe 40 physical rank 40 will use CUDA device of pe 35
Pe 6 physical rank 6 will use CUDA device of pe 4
Pe 20 physical rank 20 will use CUDA device of pe 14
Pe 33 physical rank 33 will use CUDA device of pe 28
Pe 24 physical rank 24 will use CUDA device of pe 21
Pe 10 physical rank 10 will use CUDA device of pe 7
Pe 38 physical rank 38 will use CUDA device of pe 35
Pe 5 physical rank 5 will use CUDA device of pe 4
Pe 18 physical rank 18 will use CUDA device of pe 14
Pe 32 physical rank 32 will use CUDA device of pe 28
Pe 22 physical rank 22 will use CUDA device of pe 21
Pe 13 physical rank 13 will use CUDA device of pe 7
Pe 41 physical rank 41 will use CUDA device of pe 35
Pe 1 physical rank 1 will use CUDA device of pe 4
Pe 15 physical rank 15 will use CUDA device of pe 14
Pe 29 physical rank 29 will use CUDA device of pe 28
Pe 26 physical rank 26 will use CUDA device of pe 21
Pe 8 physical rank 8 will use CUDA device of pe 7
Pe 36 physical rank 36 will use CUDA device of pe 35
Pe 0 physical rank 0 will use CUDA device of pe 4
Pe 4 physical rank 4 binding to CUDA device 0 on h35n16: 'Tesla V100-SXM2-16GB'  Mem: 16128MB  Rev: 7.0  PCI: 4:4:0
Pe 14 physical rank 14 binding to CUDA device 0 on h35n16: 'Tesla V100-SXM2-16GB'  Mem: 16128MB  Rev: 7.0  PCI: 4:6:0
Pe 28 physical rank 28 binding to CUDA device 0 on h35n16: 'Tesla V100-SXM2-16GB'  Mem: 16128MB  Rev: 7.0  PCI: 35:4:0
Pe 21 physical rank 21 binding to CUDA device 0 on h35n16: 'Tesla V100-SXM2-16GB'  Mem: 16128MB  Rev: 7.0  PCI: 35:3:0
Pe 7 physical rank 7 binding to CUDA device 0 on h35n16: 'Tesla V100-SXM2-16GB'  Mem: 16128MB  Rev: 7.0  PCI: 4:5:0
Pe 35 physical rank 35 binding to CUDA device 0 on h35n16: 'Tesla V100-SXM2-16GB'  Mem: 16128MB  Rev: 7.0  PCI: 35:5:0
Info: NAMD 2.14 for Linux-POWER-pami-smp-Summit-CUDA
Info: 
Info: Please visit http://www.ks.uiuc.edu/Research/namd/
Info: for updates, documentation, and support information.
Info: 
Info: Please cite Phillips et al., J. Chem. Phys. 153:044130 (2020) doi:10.1063/5.0014475
Info: in all publications reporting results obtained with NAMD.
Info: 
Info: Based on Charm++/Converse 61002 for pami-linux-ppc64le-smp
Info: Built Wed Aug 5 14:28:51 EDT 2020 by jimp on login2
Info: 1 NAMD  2.14  Linux-POWER-pami-smp-Summit-CUDA  42    h35n16  hrlee
Info: Running on 42 processors, 6 nodes, 1 physical nodes.
Info: CPU topology information available.
Info: Charm++/Converse parallel runtime startup completed at 1.36225 s
CkLoopLib is used in SMP with simple dynamic scheduling (converse-level notification)
Info: 791.562 MB of memory in use based on /proc/self/stat
Info: Configuration file is adk-step1.namd
Info: Working in the current directory /gpfs/alpine/bip115/scratch/hrlee/radical.pilot.sandbox/re.session.login1.hrlee.018632.0005/pilot.0000/unit.000807
TCL: Suspending until startup complete.
Info: SIMULATION PARAMETERS:
Info: TIMESTEP               1
Info: NUMBER OF STEPS        0
Info: STEPS PER CYCLE        20
Info: LOAD BALANCER  Centralized
Info: LOAD BALANCING STRATEGY  New Load Balancers -- DEFAULT
Info: LDB PERIOD             4000 steps
Info: FIRST LDB TIMESTEP     100
Info: LAST LDB TIMESTEP     -1
Info: LDB BACKGROUND SCALING 1
Info: HOM BACKGROUND SCALING 1
Info: MIN ATOMS PER PATCH    40
Info: VELOCITY FILE          0_11_adk-step1.restart.vel
Info: CENTER OF MASS MOVING INITIALLY? NO
Info: DIELECTRIC             80
Info: EXCLUDE                SCALED ONE-FOUR
Info: 1-4 ELECTROSTATICS SCALED BY 1
Info: MODIFIED 1-4 VDW PARAMETERS WILL BE USED
Info: DCD FILENAME           adk-step1.dcd
Info: DCD FREQUENCY          1000
Info: DCD FIRST STEP         1000
Info: NO EXTENDED SYSTEM TRAJECTORY OUTPUT
Info: NO VELOCITY DCD OUTPUT
Info: NO FORCE DCD OUTPUT
Info: OUTPUT FILENAME        adk-step1
Info: BINARY OUTPUT FILES WILL BE USED
Info: RESTART FILENAME       adk-step1.restart
Info: RESTART FREQUENCY      1000
Info: BINARY RESTART FILES WILL BE USED
Info: SWITCHING ACTIVE
Info: SWITCHING ON           9
Info: SWITCHING OFF          10
Info: PAIRLIST DISTANCE      11
Info: PAIRLIST SHRINK RATE   0.01
Info: PAIRLIST GROW RATE     0.01
Info: PAIRLIST TRIGGER       0.3
Info: PAIRLISTS PER CYCLE    2
Info: PAIRLISTS ENABLED
Info: MARGIN                 0
Info: HYDROGEN GROUP CUTOFF  2.5
Info: PATCH DIMENSION        13.5
Info: ENERGY OUTPUT STEPS    100
Info: CROSSTERM ENERGY INCLUDED IN DIHEDRAL
Info: TIMING OUTPUT STEPS    1000
Info: PRESSURE OUTPUT STEPS  100
Info: GRID FORCE ACTIVE
Info:  Please include this reference in published work using
Info:  the Gridforce module of NAMD: David Wells, Volha Abramkina,
Info:  and Aleksei Aksimentiev, J. Chem. Phys. 127:125101-10 (2007).
Info: MGRIDFORCE key 0
Info:            Potfile 4ake-target_autopsf-grid.dx
Info:            Scale 0.3 0.3 0.3
Info:            File 1ake-docked-noh_autopsf-grid.pdb
Info:            Col O
Info:            ChargeCol B
Info:            VOffset 0 0 0
Info:            Continuous K1 FALSE
Info:            Continuous K2 FALSE
Info:            Continuous K3 FALSE
Info:            Volts FALSE
Info:            Gridforce-Lite FALSE
Info:            Gridforce-CheckSize TRUE
Info: LANGEVIN DYNAMICS ACTIVE
Info: LANGEVIN TEMPERATURE   300
Info: LANGEVIN USING BBK INTEGRATOR
Info: LANGEVIN DAMPING COEFFICIENT IS 5 INVERSE PS
Info: LANGEVIN DYNAMICS NOT APPLIED TO HYDROGENS
Info: USING VERLET I (r-RESPA) MTS SCHEME.
Info: C1 SPLITTING OF LONG RANGE ELECTROSTATICS
Info: PLACING ATOMS IN PATCHES BY HYDROGEN GROUPS
Info: RIGID BONDS TO HYDROGEN : WATER
Info:         ERROR TOLERANCE : 1e-08
Info:          MAX ITERATIONS : 100
Info: RIGID WATER USING SETTLE ALGORITHM
Info: NONBONDED FORCES EVALUATED EVERY 2 STEPS
Info: RANDOM NUMBER SEED     1609828285
Info: USE HYDROGEN BONDS?    NO
Info: COORDINATE PDB         1ake-docked-noh_autopsf.pdb
Info: STRUCTURE FILE         1ake-docked-noh_autopsf.psf
Info: PARAMETER file: CHARMM format! 
Info: PARAMETERS             par_all36_prot.prm
Info: USING ARITHMETIC MEAN TO COMBINE L-J SIGMA PARAMETERS
Info: BINARY COORDINATES     0_11_adk-step1.restart.coor
Info: SUMMARY OF PARAMETERS:
Info: 132 BONDS
Info: 362 ANGLES
Info: 702 DIHEDRAL
Info: 35 IMPROPER
Info: 6 CROSSTERM
Info: 53 VDW
Info: 0 VDW_PAIRS
Info: 0 NBTHOLE_PAIRS
Info: TIME FOR READING PSF FILE: 0.349807
Info: READING EXTRA BONDS FILE 1ake-extrabonds.txt
Info: READING EXTRA BONDS FILE 1ake-extrabonds-cispeptide.txt
Info: READING EXTRA BONDS FILE 1ake-extrabonds-chirality.txt
Info: READ 80 EXTRA BONDS
Info: READ 80 EXTRA ANGLES
Warning: EXTRA ANGLES ARE COSINE-BASED BY DEFAULT TO MATCH PREVIOUS VERSIONS
Warning: FOR NORMAL HARMONIC EXTRA ANGLES SET extraBondsCosAngles off
Info: READ 493 EXTRA DIHEDRALS
Info: READ 438 EXTRA IMPROPERS
Info: Reading pdb file 1ake-docked-noh_autopsf.pdb
Info: TIME FOR READING PDB FILE: 0.106795
Info: 
Info: ****************************
Info: STRUCTURE SUMMARY:
Info: 3341 ATOMS
Info: 3445 BONDS
Info: 6203 ANGLES
Info: 9414 DIHEDRALS
Info: 1005 IMPROPERS
Info: 212 CROSSTERMS
Info: 0 EXCLUSIONS
Info: 0 RIGID BONDS
Info: 1 GRIDS ACTIVE
Info: 10023 DEGREES OF FREEDOM
Info: 1656 HYDROGEN GROUPS
Info: 4 ATOMS IN LARGEST HYDROGEN GROUP
Info: 1656 MIGRATION GROUPS
Info: 4 ATOMS IN LARGEST MIGRATION GROUP
Info: TOTAL MASS = 23582 amu
Info: TOTAL CHARGE = -4 e
Info: *****************************
Info: Reading from binary file 0_11_adk-step1.restart.coor
Info: 
Info: Entering startup at 2.2991 s, 798.312 MB of memory in use
Info: Startup phase 0 took 0.000223891 s, 798.312 MB of memory in use
Info: ADDED 18308 IMPLICIT EXCLUSIONS
Info: Startup phase 1 took 0.00826339 s, 798.562 MB of memory in use
Info: NONBONDED TABLE R-SQUARED SPACING: 0.0625
Info: NONBONDED TABLE SIZE: 705 POINTS
Info: ABSOLUTE IMPRECISION IN FAST TABLE ENERGY: 3.38813e-21 AT 9.89634
Info: RELATIVE IMPRECISION IN FAST TABLE ENERGY: 4.23384e-15 AT 9.94673
Info: ABSOLUTE IMPRECISION IN FAST TABLE FORCE: 6.35275e-22 AT 9.94673
Info: RELATIVE IMPRECISION IN FAST TABLE FORCE: 5.07982e-16 AT 9.94673
Info: INCONSISTENCY IN FAST TABLE ENERGY VS FORCE: 0.000290185 AT 0.251946
Info: ABSOLUTE IMPRECISION IN VDWA TABLE ENERGY: 1.57772e-30 AT 9.89634
Info: RELATIVE IMPRECISION IN VDWA TABLE ENERGY: 4.54938e-15 AT 9.94673
Info: ABSOLUTE IMPRECISION IN VDWA TABLE FORCE: 5.91646e-31 AT 9.94673
Info: RELATIVE IMPRECISION IN VDWA TABLE FORCE: 5.6823e-16 AT 9.94673
Info: INCONSISTENCY IN VDWA TABLE ENERGY VS FORCE: 0.0040507 AT 0.251946
Info: ABSOLUTE IMPRECISION IN VDWB TABLE ENERGY: 4.71751e-25 AT 9.94673
Info: RELATIVE IMPRECISION IN VDWB TABLE ENERGY: 1.45371e-14 AT 9.94673
Info: ABSOLUTE IMPRECISION IN VDWB TABLE FORCE: 6.20385e-25 AT 9.94673
Info: RELATIVE IMPRECISION IN VDWB TABLE FORCE: 5.97512e-16 AT 9.94673
Info: INCONSISTENCY IN VDWB TABLE ENERGY VS FORCE: 0.00377068 AT 9.07951
Info: Startup phase 2 took 0.000628675 s, 799.938 MB of memory in use
Info: Startup phase 3 took 0.000206558 s, 800.25 MB of memory in use
Info: Startup phase 4 took 0.000309321 s, 800.438 MB of memory in use
Info: Startup phase 5 took 0.00019173 s, 800.438 MB of memory in use
Info: ORIGINAL ATOMS MINMAX IS -23.0126 -33.1723 -34.3581  16.7923 13.8138 17.4873
Info: ADJUSTED ATOMS MINMAX IS -17.6772 -27.2819 -30.0215  11.6314 7.30351 7.68666
Info: PATCH GRID IS 5 BY 3 BY 3
Info: PATCH GRID IS 2-AWAY BY 1-AWAY BY 1-AWAY
Info: Reading from binary file 0_11_adk-step1.restart.vel
Info: REMOVING COM VELOCITY 0.0690766 0.102029 -0.0359693
Info: LARGEST PATCH (37) HAS 145 ATOMS
Info: TORUS A SIZE 1 USING 0
Info: TORUS B SIZE 1 USING 0
Info: TORUS C SIZE 1 USING 0
Info: TORUS MINIMAL MESH SIZE IS 1 BY 1 BY 1
Info: Placed 100% of base nodes on same physical node as patch
Info: Startup phase 6 took 0.00867553 s, 800.562 MB of memory in use
Info: Startup phase 7 took 0.000204228 s, 801.438 MB of memory in use
Info: Updated CUDA force table with 4096 elements.
Info: Updated CUDA force table with 4096 elements.
Info: Updated CUDA LJ table with 53 x 53 elements.
Info: Updated CUDA force table with 4096 elements.
Info: Updated CUDA LJ table with 53 x 53 elements.
Info: Updated CUDA force table with 4096 elements.
Info: Updated CUDA LJ table with 53 x 53 elements.
Info: Updated CUDA LJ table with 53 x 53 elements.
Info: Updated CUDA force table with 4096 elements.
Info: Updated CUDA LJ table with 53 x 53 elements.
Info: Updated CUDA force table with 4096 elements.
Info: Updated CUDA LJ table with 53 x 53 elements.
Info: Startup phase 8 took 0.00349699 s, 801.625 MB of memory in use
Info: Startup phase 9 took 0.00036834 s, 801.688 MB of memory in use
Info: Startup phase 10 took 0.000173518 s, 801.75 MB of memory in use
Info: Startup phase 11 took 0.000710394 s, 801.812 MB of memory in use
LDB: Central LB being created...
Info: Startup phase 12 took 0.00218989 s, 802.562 MB of memory in use
Info: CREATING 1139 COMPUTE OBJECTS
Info: Found 278 unique exclusion lists needing 900 bytes
Info: Found 278 unique exclusion lists needing 900 bytes
Info: Found 278 unique exclusion lists needing 900 bytes
Info: Found 278 unique exclusion lists needing 900 bytes
Info: Found 278 unique exclusion lists needing 900 bytes
Info: Found 278 unique exclusion lists needing 900 bytes
Info: Startup phase 13 took 0.0153629 s, 803.5 MB of memory in use
Info: Building spanning tree ... send: 1 recv: 0 with branch factor 4
Info: useSync: 0 useProxySync: 0
Info: Startup phase 14 took 0.000249056 s, 803.688 MB of memory in use
Info: Startup phase 15 took 0.000244545 s, 803.812 MB of memory in use
Info: Finished startup at 2.3406 s, 803.875 MB of memory in use

TCL: Running for 5000 steps
PRESSURE: 0 0 0 0 0 0 0 0 0 0
GPRESSURE: 0 0 0 0 0 0 0 0 0 0
ETITLE:      TS           BOND          ANGLE          DIHED          IMPRP               ELECT            VDW       BOUNDARY           MISC        KINETIC               TOTAL           TEMP      POTENTIAL         TOTAL3        TEMPAVG

ENERGY:       0      1137.5772      1676.1037      2098.9500       159.0260            -41.2160      -821.3204         0.0000      5285.5719      2973.0012          12467.6936       298.5298      9494.6924     12492.3097       298.5298

LDB: ============= START OF LOAD BALANCING ============== 2.35378
Info: useSync: 0 useProxySync: 0
LDB: ============== END OF LOAD BALANCING =============== 2.35383
LDB: =============== DONE WITH MIGRATION ================ 2.35395
LDB: ============= START OF LOAD BALANCING ============== 2.39815
LDB: Partitioning computes with target load 0.000000
LDB: Increased migratable compute count from 0 to 0
LDB: Largest unpartitionable compute is 0.000000
LDB: ============== END OF LOAD BALANCING =============== 2.39845
Info: build node-aware spanning tree with send: 1, recv: 0 with branch factor 4
Info: useSync: 0 useProxySync: 0
LDB: =============== DONE WITH MIGRATION ================ 2.39934
PRESSURE: 100 0 0 0 0 0 0 0 0 0
GPRESSURE: 100 0 0 0 0 0 0 0 0 0
PRESSAVG: 100 0 0 0 0 0 0 0 0 0
GPRESSAVG: 100 0 0 0 0 0 0 0 0 0
Info: Initial time: 42 CPUs 0.00055275 s/step 0.00639757 days/ns 819.375 MB memory
ENERGY:     100      1118.2557      1692.6160      2057.3665       163.9182            -40.7147      -805.1656         0.0000      5280.4965      2966.5970          12433.3696       297.8868      9466.7725     12455.9902       300.1897

LDB: ============= START OF LOAD BALANCING ============== 2.41037
LDB: ============== END OF LOAD BALANCING =============== 2.4104
Info: useSync: 0 useProxySync: 0
LDB: =============== DONE WITH MIGRATION ================ 2.41051
LDB: ============= START OF LOAD BALANCING ============== 2.45273
LDB: TIME 2.45292 LOAD: AVG 0.0127563 MAX 0.0294687  PROXIES: TOTAL 171 MAXPE 10 MAXPATCH 7 None MEM: 820.438 MB
LDB: TIME 2.45309 LOAD: AVG 0.0127563 MAX 0.0294687  PROXIES: TOTAL 171 MAXPE 10 MAXPATCH 7 TorusLB MEM: 820.5 MB
LDB: ============== END OF LOAD BALANCING =============== 2.4533
Info: build node-aware spanning tree with send: 1, recv: 0 with branch factor 4
Info: useSync: 0 useProxySync: 0
LDB: =============== DONE WITH MIGRATION ================ 2.45412
PRESSURE: 200 0 0 0 0 0 0 0 0 0
GPRESSURE: 200 0 0 0 0 0 0 0 0 0
PRESSAVG: 200 0 0 0 0 0 0 0 0 0
GPRESSAVG: 200 0 0 0 0 0 0 0 0 0
Info: Initial time: 42 CPUs 0.000530867 s/step 0.00614429 days/ns 820.5 MB memory
ENERGY:     200      1091.7867      1706.8642      2071.0477       162.4288            -41.2295      -798.7048         0.0000      5275.3210      2995.8322          12463.3463       300.8224      9467.5141     12488.0438       298.8079

LDB: ============= START OF LOAD BALANCING ============== 2.50089
LDB: TIME 2.50116 LOAD: AVG 0.0157227 MAX 0.0368462  PROXIES: TOTAL 171 MAXPE 10 MAXPATCH 7 None MEM: 821.438 MB
LDB: TIME 2.50142 LOAD: AVG 0.0157227 MAX 0.0368462  PROXIES: TOTAL 171 MAXPE 10 MAXPATCH 7 RefineTorusLB MEM: 821.438 MB
LDB: TIME 2.50157 LOAD: AVG 0.0157227 MAX 0.0368462  PROXIES: TOTAL 171 MAXPE 10 MAXPATCH 7 RefineTorusLB MEM: 821.438 MB
LDB: Reverting to original mapping
LDB: ============== END OF LOAD BALANCING =============== 2.50184
Info: build node-aware spanning tree with send: 1, recv: 0 with branch factor 4
Info: useSync: 0 useProxySync: 0
LDB: =============== DONE WITH MIGRATION ================ 2.50263
PRESSURE: 300 0 0 0 0 0 0 0 0 0
GPRESSURE: 300 0 0 0 0 0 0 0 0 0
PRESSAVG: 300 0 0 0 0 0 0 0 0 0
GPRESSAVG: 300 0 0 0 0 0 0 0 0 0
Info: Initial time: 42 CPUs 0.000465025 s/step 0.00538223 days/ns 821.438 MB memory
ENERGY:     300      1131.9614      1674.0299      2068.7581       156.1467            -40.9050      -826.3346         0.0000      5279.2556      3001.6306          12444.5427       301.4046      9442.9121     12465.6964       300.0714

LDB: ============= START OF LOAD BALANCING ============== 2.54905
LDB: TIME 2.54924 LOAD: AVG 0.0157235 MAX 0.0366646  PROXIES: TOTAL 171 MAXPE 10 MAXPATCH 7 None MEM: 822.188 MB
LDB: TIME 2.54938 LOAD: AVG 0.0157235 MAX 0.0366646  PROXIES: TOTAL 171 MAXPE 10 MAXPATCH 7 RefineTorusLB MEM: 822.25 MB
LDB: TIME 2.54951 LOAD: AVG 0.0157235 MAX 0.0366646  PROXIES: TOTAL 171 MAXPE 10 MAXPATCH 7 RefineTorusLB MEM: 822.25 MB
LDB: ============== END OF LOAD BALANCING =============== 2.54978
Info: build node-aware spanning tree with send: 1, recv: 0 with branch factor 4
Info: useSync: 0 useProxySync: 0
LDB: =============== DONE WITH MIGRATION ================ 2.55061
PRESSURE: 400 0 0 0 0 0 0 0 0 0
GPRESSURE: 400 0 0 0 0 0 0 0 0 0
PRESSAVG: 400 0 0 0 0 0 0 0 0 0
GPRESSAVG: 400 0 0 0 0 0 0 0 0 0
Info: Benchmark time: 42 CPUs 0.000462764 s/step 0.00535607 days/ns 822.25 MB memory
ENERGY:     400      1113.5849      1673.3398      2075.0992       156.0970            -40.8835      -784.9318         0.0000      5273.5519      2973.5501          12439.4076       298.5850      9465.8575     12461.2250       300.0895

PRESSURE: 500 0 0 0 0 0 0 0 0 0
GPRESSURE: 500 0 0 0 0 0 0 0 0 0
PRESSAVG: 500 0 0 0 0 0 0 0 0 0
GPRESSAVG: 500 0 0 0 0 0 0 0 0 0
Info: Benchmark time: 42 CPUs 0.000463827 s/step 0.00536836 days/ns 822.938 MB memory
ENERGY:     500      1135.3781      1718.2257      2056.8776       172.9725            -41.2387      -838.4566         0.0000      5273.3249      2938.1424          12415.2260       295.0295      9477.0835     12439.0742       298.9252

PRESSURE: 600 0 0 0 0 0 0 0 0 0
GPRESSURE: 600 0 0 0 0 0 0 0 0 0
PRESSAVG: 600 0 0 0 0 0 0 0 0 0
GPRESSAVG: 600 0 0 0 0 0 0 0 0 0
Info: Benchmark time: 42 CPUs 0.000461847 s/step 0.00534546 days/ns 822.938 MB memory
ENERGY:     600      1060.0286      1675.7742      2046.4878       164.5530            -41.2936      -813.1982         0.0000      5277.3493      3003.2179          12372.9189       301.5640      9369.7010     12397.6272       296.0077

PRESSURE: 700 0 0 0 0 0 0 0 0 0
GPRESSURE: 700 0 0 0 0 0 0 0 0 0
PRESSAVG: 700 0 0 0 0 0 0 0 0 0
GPRESSAVG: 700 0 0 0 0 0 0 0 0 0
Info: Benchmark time: 42 CPUs 0.000465031 s/step 0.0053823 days/ns 822.938 MB memory
ENERGY:     700      1117.0471      1722.2226      2088.3486       148.2575            -41.5531      -824.3267         0.0000      5274.1958      2952.6914          12436.8832       296.4905      9484.1918     12464.4661       297.9611

PRESSURE: 800 0 0 0 0 0 0 0 0 0
GPRESSURE: 800 0 0 0 0 0 0 0 0 0
PRESSAVG: 800 0 0 0 0 0 0 0 0 0
GPRESSAVG: 800 0 0 0 0 0 0 0 0 0
Info: Benchmark time: 42 CPUs 0.000528435 s/step 0.00611615 days/ns 822.938 MB memory
ENERGY:     800      1103.9753      1727.7988      2046.0837       156.5503            -41.1843      -796.2017         0.0000      5270.2385      2931.4425          12398.7030       294.3568      9467.2606     12420.2944       298.8138

PRESSURE: 900 0 0 0 0 0 0 0 0 0
GPRESSURE: 900 0 0 0 0 0 0 0 0 0
PRESSAVG: 900 0 0 0 0 0 0 0 0 0
GPRESSAVG: 900 0 0 0 0 0 0 0 0 0
Info: Benchmark time: 42 CPUs 0.000524903 s/step 0.00607527 days/ns 822.938 MB memory
ENERGY:     900      1087.1088      1678.7329      2081.4581       154.9848            -40.8726      -786.4068         0.0000      5266.5536      2958.9559          12400.5147       297.1195      9441.5588     12422.5368       298.0102

PRESSURE: 1000 0 0 0 0 0 0 0 0 0
GPRESSURE: 1000 0 0 0 0 0 0 0 0 0
PRESSAVG: 1000 0 0 0 0 0 0 0 0 0
GPRESSAVG: 1000 0 0 0 0 0 0 0 0 0
TIMING: 1000  CPU: 0.515943, 0.000497496/step  Wall: 0.518328, 0.000499401/step, 0.00055489 hours remaining, 822.937500 MB of memory in use.
ETITLE:      TS           BOND          ANGLE          DIHED          IMPRP               ELECT            VDW       BOUNDARY           MISC        KINETIC               TOTAL           TEMP      POTENTIAL         TOTAL3        TEMPAVG

ENERGY:    1000      1095.7850      1703.2412      2083.8189       148.2744            -39.7072      -799.6156         0.0000      5274.0143      3053.3638          12519.1748       306.5993      9465.8110     12543.7200       299.2704

WRITING EXTENDED SYSTEM TO RESTART FILE AT STEP 1000
WRITING VELOCITIES TO RESTART FILE AT STEP 1000
FINISHED WRITING RESTART VELOCITIES
The last velocity output (seq=1000) takes 0.002 seconds, 823.125 MB of memory in use
OPENING COORDINATE DCD FILE
WRITING COORDINATES TO DCD FILE adk-step1.dcd AT STEP 1000
WRITING COORDINATES TO RESTART FILE AT STEP 1000
FINISHED WRITING RESTART COORDINATES
The last position output (seq=1000) takes 0.004 seconds, 823.125 MB of memory in use
PRESSURE: 1100 0 0 0 0 0 0 0 0 0
GPRESSURE: 1100 0 0 0 0 0 0 0 0 0
PRESSAVG: 1100 0 0 0 0 0 0 0 0 0
GPRESSAVG: 1100 0 0 0 0 0 0 0 0 0
ENERGY:    1100      1110.8072      1745.8383      2100.7062       163.3209            -40.3784      -826.1234         0.0000      5284.4316      2953.0187          12491.6211       296.5233      9538.6023     12514.1399       302.1066

PRESSURE: 1200 0 0 0 0 0 0 0 0 0
GPRESSURE: 1200 0 0 0 0 0 0 0 0 0
PRESSAVG: 1200 0 0 0 0 0 0 0 0 0
GPRESSAVG: 1200 0 0 0 0 0 0 0 0 0
ENERGY:    1200      1113.1171      1752.1843      2055.6281       159.0121            -41.6119      -810.0550         0.0000      5284.7326      2935.9197          12448.9271       294.8063      9513.0073     12474.6410       300.2234

PRESSURE: 1300 0 0 0 0 0 0 0 0 0
GPRESSURE: 1300 0 0 0 0 0 0 0 0 0
PRESSAVG: 1300 0 0 0 0 0 0 0 0 0
GPRESSAVG: 1300 0 0 0 0 0 0 0 0 0
ENERGY:    1300      1081.2863      1748.9687      2080.9783       160.4341            -41.6011      -812.7848         0.0000      5279.7355      2990.2202          12487.2373       300.2589      9497.0171     12512.1215       300.2408

PRESSURE: 1400 0 0 0 0 0 0 0 0 0
GPRESSURE: 1400 0 0 0 0 0 0 0 0 0
PRESSAVG: 1400 0 0 0 0 0 0 0 0 0
GPRESSAVG: 1400 0 0 0 0 0 0 0 0 0
ENERGY:    1400      1094.0514      1700.7732      2064.7947       154.6834            -41.3404      -779.2773         0.0000      5258.0706      3008.6028          12460.3584       302.1047      9451.7556     12490.8114       298.7316

PRESSURE: 1500 0 0 0 0 0 0 0 0 0
GPRESSURE: 1500 0 0 0 0 0 0 0 0 0
PRESSAVG: 1500 0 0 0 0 0 0 0 0 0
GPRESSAVG: 1500 0 0 0 0 0 0 0 0 0
ENERGY:    1500      1081.2207      1708.2366      2068.0171       159.6194            -41.6106      -832.4541         0.0000      5255.1470      3025.4935          12423.6695       303.8008      9398.1760     12452.4129       298.2072

PRESSURE: 1600 0 0 0 0 0 0 0 0 0
GPRESSURE: 1600 0 0 0 0 0 0 0 0 0
PRESSAVG: 1600 0 0 0 0 0 0 0 0 0
GPRESSAVG: 1600 0 0 0 0 0 0 0 0 0
ENERGY:    1600      1096.9616      1758.7602      2066.1257       143.2721            -41.4107      -821.0410         0.0000      5270.0732      2942.2209          12414.9621       295.4391      9472.7412     12441.7515       299.8150

PRESSURE: 1700 0 0 0 0 0 0 0 0 0
GPRESSURE: 1700 0 0 0 0 0 0 0 0 0
PRESSAVG: 1700 0 0 0 0 0 0 0 0 0
GPRESSAVG: 1700 0 0 0 0 0 0 0 0 0
ENERGY:    1700      1091.3418      1703.9744      2073.6591       156.9855            -42.1770      -813.7856         0.0000      5264.6807      2987.7974          12422.4762       300.0156      9434.6789     12448.1985       299.5474

PRESSURE: 1800 0 0 0 0 0 0 0 0 0
GPRESSURE: 1800 0 0 0 0 0 0 0 0 0
PRESSAVG: 1800 0 0 0 0 0 0 0 0 0
GPRESSAVG: 1800 0 0 0 0 0 0 0 0 0
ENERGY:    1800      1099.9491      1689.1188      2056.0077       147.6607            -41.8030      -803.6062         0.0000      5256.2601      2978.1809          12381.7683       299.0499      9403.5874     12405.6088       297.5430

PRESSURE: 1900 0 0 0 0 0 0 0 0 0
GPRESSURE: 1900 0 0 0 0 0 0 0 0 0
PRESSAVG: 1900 0 0 0 0 0 0 0 0 0
GPRESSAVG: 1900 0 0 0 0 0 0 0 0 0
ENERGY:    1900      1093.8906      1684.4630      2067.6966       161.2481            -41.4667      -818.8186         0.0000      5268.6550      2987.0612          12402.7291       299.9416      9415.6679     12427.1106       296.8207

WRITING COORDINATES TO DCD FILE adk-step1.dcd AT STEP 2000
WRITING COORDINATES TO RESTART FILE AT STEP 2000
FINISHED WRITING RESTART COORDINATES
The last position output (seq=2000) takes 0.003 seconds, 823.125 MB of memory in use
WRITING VELOCITIES TO RESTART FILE AT STEP 2000
FINISHED WRITING RESTART VELOCITIES
The last velocity output (seq=2000) takes 0.002 seconds, 823.125 MB of memory in use
PRESSURE: 2000 0 0 0 0 0 0 0 0 0
GPRESSURE: 2000 0 0 0 0 0 0 0 0 0
PRESSAVG: 2000 0 0 0 0 0 0 0 0 0
GPRESSAVG: 2000 0 0 0 0 0 0 0 0 0
TIMING: 2000  CPU: 1.05124, 0.000535299/step  Wall: 1.06189, 0.000543564/step, 0.00045297 hours remaining, 823.125000 MB of memory in use.
ETITLE:      TS           BOND          ANGLE          DIHED          IMPRP               ELECT            VDW       BOUNDARY           MISC        KINETIC               TOTAL           TEMP      POTENTIAL         TOTAL3        TEMPAVG

ENERGY:    2000      1084.7333      1689.1087      2077.0167       160.7313            -40.2814      -762.6926         0.0000      5270.7279      2939.4050          12418.7488       295.1563      9479.3439     12443.3727       297.2052

WRITING EXTENDED SYSTEM TO RESTART FILE AT STEP 2000
PRESSURE: 2100 0 0 0 0 0 0 0 0 0
GPRESSURE: 2100 0 0 0 0 0 0 0 0 0
PRESSAVG: 2100 0 0 0 0 0 0 0 0 0
GPRESSAVG: 2100 0 0 0 0 0 0 0 0 0
ENERGY:    2100      1076.5391      1652.5179      2079.7793       160.7470            -40.3959      -811.2159         0.0000      5276.4407      2985.3244          12379.7364       299.7672      9394.4121     12400.5635       296.6345

PRESSURE: 2200 0 0 0 0 0 0 0 0 0
GPRESSURE: 2200 0 0 0 0 0 0 0 0 0
PRESSAVG: 2200 0 0 0 0 0 0 0 0 0
GPRESSAVG: 2200 0 0 0 0 0 0 0 0 0
ENERGY:    2200      1108.5625      1730.1335      2085.1052       158.1500            -40.8936      -807.7375         0.0000      5284.3947      2958.2888          12476.0036       297.0525      9517.7148     12501.8430       299.1529

PRESSURE: 2300 0 0 0 0 0 0 0 0 0
GPRESSURE: 2300 0 0 0 0 0 0 0 0 0
PRESSAVG: 2300 0 0 0 0 0 0 0 0 0
GPRESSAVG: 2300 0 0 0 0 0 0 0 0 0
ENERGY:    2300      1098.5569      1688.5035      2068.8462       163.2636            -40.9793      -815.7649         0.0000      5297.2691      2970.0227          12429.7177       298.2307      9459.6950     12457.7838       300.6437

PRESSURE: 2400 0 0 0 0 0 0 0 0 0
GPRESSURE: 2400 0 0 0 0 0 0 0 0 0
PRESSAVG: 2400 0 0 0 0 0 0 0 0 0
GPRESSAVG: 2400 0 0 0 0 0 0 0 0 0
ENERGY:    2400      1097.8652      1754.3326      2054.8146       151.7292            -41.1998      -807.2957         0.0000      5294.7497      2917.5225          12422.5182       292.9590      9504.9957     12446.8079       297.5760

PRESSURE: 2500 0 0 0 0 0 0 0 0 0
GPRESSURE: 2500 0 0 0 0 0 0 0 0 0
PRESSAVG: 2500 0 0 0 0 0 0 0 0 0
GPRESSAVG: 2500 0 0 0 0 0 0 0 0 0
ENERGY:    2500      1145.3354      1625.1573      2085.1082       153.8174            -39.9553      -815.5617         0.0000      5287.9317      2927.9693          12369.8023       294.0080      9441.8330     12393.0369       296.7496

PRESSURE: 2600 0 0 0 0 0 0 0 0 0
GPRESSURE: 2600 0 0 0 0 0 0 0 0 0
PRESSAVG: 2600 0 0 0 0 0 0 0 0 0
GPRESSAVG: 2600 0 0 0 0 0 0 0 0 0
ENERGY:    2600      1091.6891      1683.3922      2049.2245       153.6106            -40.3483      -832.0859         0.0000      5276.6353      2954.8370          12336.9545       296.7059      9382.1175     12364.5137       295.6634

PRESSURE: 2700 0 0 0 0 0 0 0 0 0
GPRESSURE: 2700 0 0 0 0 0 0 0 0 0
PRESSAVG: 2700 0 0 0 0 0 0 0 0 0
GPRESSAVG: 2700 0 0 0 0 0 0 0 0 0
ENERGY:    2700      1130.2834      1673.9166      2041.6968       153.6277            -40.5589      -855.3853         0.0000      5274.3106      2929.9510          12307.8418       294.2070      9377.8908     12330.0892       293.2660

PRESSURE: 2800 0 0 0 0 0 0 0 0 0
GPRESSURE: 2800 0 0 0 0 0 0 0 0 0
PRESSAVG: 2800 0 0 0 0 0 0 0 0 0
GPRESSAVG: 2800 0 0 0 0 0 0 0 0 0
ENERGY:    2800      1067.1723      1712.3582      2064.3544       161.0023            -41.5542      -814.1566         0.0000      5269.3922      2938.1808          12356.7494       295.0334      9418.5686     12379.5153       295.5585

PRESSURE: 2900 0 0 0 0 0 0 0 0 0
GPRESSURE: 2900 0 0 0 0 0 0 0 0 0
PRESSAVG: 2900 0 0 0 0 0 0 0 0 0
GPRESSAVG: 2900 0 0 0 0 0 0 0 0 0
ENERGY:    2900      1132.0639      1652.1810      2059.2102       156.4424            -41.8063      -843.2778         0.0000      5272.0137      2984.5590          12371.3861       299.6904      9386.8271     12393.8908       295.9594

WRITING COORDINATES TO DCD FILE adk-step1.dcd AT STEP 3000
WRITING COORDINATES TO RESTART FILE AT STEP 3000
FINISHED WRITING RESTART COORDINATES
The last position output (seq=3000) takes 0.004 seconds, 823.125 MB of memory in use
WRITING VELOCITIES TO RESTART FILE AT STEP 3000
FINISHED WRITING RESTART VELOCITIES
The last velocity output (seq=3000) takes 0.002 seconds, 823.125 MB of memory in use
PRESSURE: 3000 0 0 0 0 0 0 0 0 0
GPRESSURE: 3000 0 0 0 0 0 0 0 0 0
PRESSAVG: 3000 0 0 0 0 0 0 0 0 0
GPRESSAVG: 3000 0 0 0 0 0 0 0 0 0
TIMING: 3000  CPU: 1.51813, 0.000466884/step  Wall: 1.53383, 0.000471934/step, 0.000262185 hours remaining, 823.125000 MB of memory in use.
ETITLE:      TS           BOND          ANGLE          DIHED          IMPRP               ELECT            VDW       BOUNDARY           MISC        KINETIC               TOTAL           TEMP      POTENTIAL         TOTAL3        TEMPAVG

ENERGY:    3000      1108.6060      1676.9481      2065.9395       147.7677            -41.3653      -831.2995         0.0000      5280.3762      2947.0982          12354.0709       295.9288      9406.9727     12378.1911       296.1772

WRITING EXTENDED SYSTEM TO RESTART FILE AT STEP 3000
PRESSURE: 3100 0 0 0 0 0 0 0 0 0
GPRESSURE: 3100 0 0 0 0 0 0 0 0 0
PRESSAVG: 3100 0 0 0 0 0 0 0 0 0
GPRESSAVG: 3100 0 0 0 0 0 0 0 0 0
ENERGY:    3100      1077.0179      1657.8866      2060.3767       161.3331            -40.1881      -800.5618         0.0000      5290.5077      2991.8867          12398.2588       300.4262      9406.3721     12421.9458       296.1732

PRESSURE: 3200 0 0 0 0 0 0 0 0 0
GPRESSURE: 3200 0 0 0 0 0 0 0 0 0
PRESSAVG: 3200 0 0 0 0 0 0 0 0 0
GPRESSAVG: 3200 0 0 0 0 0 0 0 0 0
ENERGY:    3200      1065.5614      1673.6302      2062.7372       151.4597            -39.9308      -818.9095         0.0000      5284.3934      2991.8226          12370.7643       300.4198      9378.9417     12390.1960       296.7933

PRESSURE: 3300 0 0 0 0 0 0 0 0 0
GPRESSURE: 3300 0 0 0 0 0 0 0 0 0
PRESSAVG: 3300 0 0 0 0 0 0 0 0 0
GPRESSAVG: 3300 0 0 0 0 0 0 0 0 0
ENERGY:    3300      1092.0594      1644.5277      2068.5842       156.2866            -41.4113      -829.0331         0.0000      5283.3742      2988.4846          12362.8723       300.0846      9374.3877     12387.3661       295.5592

PRESSURE: 3400 0 0 0 0 0 0 0 0 0
GPRESSURE: 3400 0 0 0 0 0 0 0 0 0
PRESSAVG: 3400 0 0 0 0 0 0 0 0 0
GPRESSAVG: 3400 0 0 0 0 0 0 0 0 0
ENERGY:    3400      1084.3403      1696.4454      2096.4118       179.6384            -42.0667      -817.4069         0.0000      5281.3372      2924.1745          12402.8739       293.6270      9478.6995     12425.0683       296.7753

PRESSURE: 3500 0 0 0 0 0 0 0 0 0
GPRESSURE: 3500 0 0 0 0 0 0 0 0 0
PRESSAVG: 3500 0 0 0 0 0 0 0 0 0
GPRESSAVG: 3500 0 0 0 0 0 0 0 0 0
ENERGY:    3500      1078.3099      1731.4208      2095.5478       157.0427            -41.1616      -807.7622         0.0000      5276.5523      2956.8589          12446.8085       296.9089      9489.9496     12469.5281       299.3222

PRESSURE: 3600 0 0 0 0 0 0 0 0 0
GPRESSURE: 3600 0 0 0 0 0 0 0 0 0
PRESSAVG: 3600 0 0 0 0 0 0 0 0 0
GPRESSAVG: 3600 0 0 0 0 0 0 0 0 0
ENERGY:    3600      1085.8226      1675.1616      2080.8202       161.4947            -41.1012      -807.4172         0.0000      5282.5511      3050.2824          12487.6142       306.2899      9437.3319     12508.6038       300.1856

PRESSURE: 3700 0 0 0 0 0 0 0 0 0
GPRESSURE: 3700 0 0 0 0 0 0 0 0 0
PRESSAVG: 3700 0 0 0 0 0 0 0 0 0
GPRESSAVG: 3700 0 0 0 0 0 0 0 0 0
ENERGY:    3700      1119.6409      1747.0154      2104.9663       155.7166            -41.6473      -858.1331         0.0000      5284.8288      2969.8484          12482.2361       298.2133      9512.3877     12507.9952       300.5525

PRESSURE: 3800 0 0 0 0 0 0 0 0 0
GPRESSURE: 3800 0 0 0 0 0 0 0 0 0
PRESSAVG: 3800 0 0 0 0 0 0 0 0 0
GPRESSAVG: 3800 0 0 0 0 0 0 0 0 0
ENERGY:    3800      1106.7878      1696.3127      2110.7675       154.1309            -41.9539      -779.1011         0.0000      5276.6881      2958.1194          12481.7514       297.0355      9523.6320     12505.1725       300.6894

PRESSURE: 3900 0 0 0 0 0 0 0 0 0
GPRESSURE: 3900 0 0 0 0 0 0 0 0 0
PRESSAVG: 3900 0 0 0 0 0 0 0 0 0
GPRESSAVG: 3900 0 0 0 0 0 0 0 0 0
ENERGY:    3900      1087.8190      1691.8996      2079.3355       151.0862            -42.9821      -793.3844         0.0000      5265.9723      2967.4662          12407.2123       297.9740      9439.7460     12432.0601       299.1762

PRESSURE: 4000 0 0 0 0 0 0 0 0 0
GPRESSURE: 4000 0 0 0 0 0 0 0 0 0
PRESSAVG: 4000 0 0 0 0 0 0 0 0 0
GPRESSAVG: 4000 0 0 0 0 0 0 0 0 0
TIMING: 4000  CPU: 1.98978, 0.000471654/step  Wall: 2.00951, 0.000475679/step, 0.000132133 hours remaining, 823.125000 MB of memory in use.
ETITLE:      TS           BOND          ANGLE          DIHED          IMPRP               ELECT            VDW       BOUNDARY           MISC        KINETIC               TOTAL           TEMP      POTENTIAL         TOTAL3        TEMPAVG

ENERGY:    4000      1077.5808      1706.2369      2103.9226       160.3199            -42.6378      -784.1875         0.0000      5277.8094      2999.5148          12498.5590       301.1922      9499.0442     12521.1056       300.6694

WRITING EXTENDED SYSTEM TO RESTART FILE AT STEP 4000
WRITING COORDINATES TO DCD FILE adk-step1.dcd AT STEP 4000
WRITING COORDINATES TO RESTART FILE AT STEP 4000
FINISHED WRITING RESTART COORDINATES
The last position output (seq=4000) takes 0.002 seconds, 823.125 MB of memory in use
WRITING VELOCITIES TO RESTART FILE AT STEP 4000
FINISHED WRITING RESTART VELOCITIES
The last velocity output (seq=4000) takes 0.002 seconds, 823.125 MB of memory in use
PRESSURE: 4100 0 0 0 0 0 0 0 0 0
GPRESSURE: 4100 0 0 0 0 0 0 0 0 0
PRESSAVG: 4100 0 0 0 0 0 0 0 0 0
GPRESSAVG: 4100 0 0 0 0 0 0 0 0 0
ENERGY:    4100      1062.9209      1713.7839      2081.8426       147.2839            -42.3261      -805.6972         0.0000      5275.1877      3022.6491          12455.6448       303.5152      9432.9957     12482.5438       299.4044

PRESSURE: 4200 0 0 0 0 0 0 0 0 0
GPRESSURE: 4200 0 0 0 0 0 0 0 0 0
PRESSAVG: 4200 0 0 0 0 0 0 0 0 0
GPRESSAVG: 4200 0 0 0 0 0 0 0 0 0
ENERGY:    4200      1112.0494      1711.0810      2089.3708       138.2884            -41.0595      -857.6151         0.0000      5271.7728      2978.1470          12402.0348       299.0465      9423.8879     12424.4112       297.4908

LDB: ============= START OF LOAD BALANCING ============== 4.47822
LDB: ============== END OF LOAD BALANCING =============== 4.47828
Info: useSync: 0 useProxySync: 0
LDB: =============== DONE WITH MIGRATION ================ 4.47841
PRESSURE: 4300 0 0 0 0 0 0 0 0 0
GPRESSURE: 4300 0 0 0 0 0 0 0 0 0
PRESSAVG: 4300 0 0 0 0 0 0 0 0 0
GPRESSAVG: 4300 0 0 0 0 0 0 0 0 0
ENERGY:    4300      1102.9490      1654.4718      2061.5278       149.9833            -41.2643      -805.1200         0.0000      5269.4915      2971.4331          12363.4722       298.3724      9392.0390     12388.3073       297.1471

LDB: ============= START OF LOAD BALANCING ============== 4.52524
LDB: TIME 4.52551 LOAD: AVG 0.0157864 MAX 0.0366165  PROXIES: TOTAL 171 MAXPE 10 MAXPATCH 7 None MEM: 823.125 MB
LDB: TIME 4.52568 LOAD: AVG 0.0157864 MAX 0.0366165  PROXIES: TOTAL 171 MAXPE 10 MAXPATCH 7 RefineTorusLB MEM: 823.25 MB
LDB: TIME 4.52583 LOAD: AVG 0.0157864 MAX 0.0366165  PROXIES: TOTAL 171 MAXPE 10 MAXPATCH 7 RefineTorusLB MEM: 823.25 MB
LDB: Reverting to original mapping
LDB: ============== END OF LOAD BALANCING =============== 4.5261
Info: build node-aware spanning tree with send: 1, recv: 0 with branch factor 4
Info: useSync: 0 useProxySync: 0
LDB: =============== DONE WITH MIGRATION ================ 4.52702
PRESSURE: 4400 0 0 0 0 0 0 0 0 0
GPRESSURE: 4400 0 0 0 0 0 0 0 0 0
PRESSAVG: 4400 0 0 0 0 0 0 0 0 0
GPRESSAVG: 4400 0 0 0 0 0 0 0 0 0
ENERGY:    4400      1058.2337      1680.3427      2065.8267       155.6463            -41.9693      -823.1184         0.0000      5273.3922      2997.0314          12365.3854       300.9428      9368.3540     12388.9043       294.8281

PRESSURE: 4500 0 0 0 0 0 0 0 0 0
GPRESSURE: 4500 0 0 0 0 0 0 0 0 0
PRESSAVG: 4500 0 0 0 0 0 0 0 0 0
GPRESSAVG: 4500 0 0 0 0 0 0 0 0 0
ENERGY:    4500      1049.8684      1694.2455      2095.4346       154.2905            -41.8754      -815.8423         0.0000      5277.2704      2995.4839          12408.8756       300.7874      9413.3918     12438.2637       296.4575

PRESSURE: 4600 0 0 0 0 0 0 0 0 0
GPRESSURE: 4600 0 0 0 0 0 0 0 0 0
PRESSAVG: 4600 0 0 0 0 0 0 0 0 0
GPRESSAVG: 4600 0 0 0 0 0 0 0 0 0
ENERGY:    4600      1080.5490      1677.2888      2075.9824       160.4301            -42.4846      -814.2417         0.0000      5277.2925      2951.2046          12366.0211       296.3412      9414.8165     12391.0507       295.8930

PRESSURE: 4700 0 0 0 0 0 0 0 0 0
GPRESSURE: 4700 0 0 0 0 0 0 0 0 0
PRESSAVG: 4700 0 0 0 0 0 0 0 0 0
GPRESSAVG: 4700 0 0 0 0 0 0 0 0 0
ENERGY:    4700      1100.7119      1651.7672      2099.6211       154.8440            -42.7861      -824.5297         0.0000      5271.8698      2916.8383          12328.3365       292.8903      9411.4982     12353.1853       294.3096

PRESSURE: 4800 0 0 0 0 0 0 0 0 0
GPRESSURE: 4800 0 0 0 0 0 0 0 0 0
PRESSAVG: 4800 0 0 0 0 0 0 0 0 0
GPRESSAVG: 4800 0 0 0 0 0 0 0 0 0
ENERGY:    4800      1103.7355      1673.2348      2083.1732       152.8924            -42.2428      -807.3765         0.0000      5268.0435      2941.1605          12372.6207       295.3326      9431.4602     12397.4020       295.2398

PRESSURE: 4900 0 0 0 0 0 0 0 0 0
GPRESSURE: 4900 0 0 0 0 0 0 0 0 0
PRESSAVG: 4900 0 0 0 0 0 0 0 0 0
GPRESSAVG: 4900 0 0 0 0 0 0 0 0 0
ENERGY:    4900      1095.0496      1670.4597      2114.5950       153.3314            -42.5858      -820.2238         0.0000      5261.7107      2975.9113          12408.2481       298.8221      9432.3368     12433.6143       296.4925

PRESSURE: 5000 0 0 0 0 0 0 0 0 0
GPRESSURE: 5000 0 0 0 0 0 0 0 0 0
PRESSAVG: 5000 0 0 0 0 0 0 0 0 0
GPRESSAVG: 5000 0 0 0 0 0 0 0 0 0
TIMING: 5000  CPU: 2.45557, 0.000465793/step  Wall: 2.4796, 0.000470098/step, 0 hours remaining, 823.250000 MB of memory in use.
ETITLE:      TS           BOND          ANGLE          DIHED          IMPRP               ELECT            VDW       BOUNDARY           MISC        KINETIC               TOTAL           TEMP      POTENTIAL         TOTAL3        TEMPAVG

ENERGY:    5000      1098.7311      1692.4486      2083.9244       168.3941            -41.4499      -794.1873         0.0000      5266.7208      2938.2111          12412.7929       295.0364      9474.5819     12439.7404       297.6991

WRITING EXTENDED SYSTEM TO RESTART FILE AT STEP 5000
WRITING COORDINATES TO DCD FILE adk-step1.dcd AT STEP 5000
WRITING COORDINATES TO RESTART FILE AT STEP 5000
FINISHED WRITING RESTART COORDINATES
The last position output (seq=5000) takes 0.003 seconds, 823.875 MB of memory in use
WRITING VELOCITIES TO RESTART FILE AT STEP 5000
FINISHED WRITING RESTART VELOCITIES
The last velocity output (seq=5000) takes 0.002 seconds, 823.875 MB of memory in use
WRITING EXTENDED SYSTEM TO OUTPUT FILE AT STEP 5000
WRITING COORDINATES TO OUTPUT FILE AT STEP 5000
CLOSING COORDINATE DCD FILE adk-step1.dcd
The last position output (seq=-2) takes 0.004 seconds, 823.875 MB of memory in use
WRITING VELOCITIES TO OUTPUT FILE AT STEP 5000
====================================================

WallClock: 4.814291  CPUTime: 3.319104  Memory: 823.875000 MB
End of program
