0_11_cc.dat
/gpfs/alpine/bip115/scratch/hrlee/radical.pilot.sandbox/re.session.login1.hrlee.018632.0005/pilot.0000/staging_area/0_11_cc.dat
0, 11
Choosing optimized barrier algorithm name I0:HybridBinomial:SHMEM:P2P
Converse/Charm++ Commit ID: v6.10.2-0-g7bf00fa-namd-charm-6.10.2-build-2020-Aug-05-556
Warning> Randomization of virtual memory (ASLR) is turned on in the kernel, thread migration may not work! Run 'echo 0 > /proc/sys/kernel/randomize_va_space' as root to disable it, or try running with '+isomalloc_sync'.
CharmLB> Load balancer assumes all CPUs are same.
Charm++> Running on 1 hosts (1 sockets x 7 cores x 4 PUs = 28-way SMP)
Charm++> cpu topology info is gathered in 0.003 seconds.
Info: Built with CUDA version 10010
Did not find +devices i,j,k,... argument, using all
Pe 18 physical rank 18 will use CUDA device of pe 14
Pe 38 physical rank 38 will use CUDA device of pe 35
Pe 31 physical rank 31 will use CUDA device of pe 28
Pe 23 physical rank 23 will use CUDA device of pe 21
Pe 9 physical rank 9 will use CUDA device of pe 7
Pe 1 physical rank 1 will use CUDA device of pe 4
Pe 19 physical rank 19 will use CUDA device of pe 14
Pe 41 physical rank 41 will use CUDA device of pe 35
Pe 33 physical rank 33 will use CUDA device of pe 28
Pe 26 physical rank 26 will use CUDA device of pe 21
Pe 13 physical rank 13 will use CUDA device of pe 7
Pe 16 physical rank 16 will use CUDA device of pe 14
Pe 39 physical rank 39 will use CUDA device of pe 35
Pe 34 physical rank 34 will use CUDA device of pe 28
Pe 25 physical rank 25 will use CUDA device of pe 21
Pe 11 physical rank 11 will use CUDA device of pe 7
Pe 2 physical rank 2 will use CUDA device of pe 4
Pe 20 physical rank 20 will use CUDA device of pe 14
Pe 40 physical rank 40 will use CUDA device of pe 35
Pe 30 physical rank 30 will use CUDA device of pe 28
Pe 24 physical rank 24 will use CUDA device of pe 21
Pe 12 physical rank 12 will use CUDA device of pe 7
Pe 5 physical rank 5 will use CUDA device of pe 4
Pe 17 physical rank 17 will use CUDA device of pe 14
Pe 36 physical rank 36 will use CUDA device of pe 35
Pe 32 physical rank 32 will use CUDA device of pe 28
Pe 27 physical rank 27 will use CUDA device of pe 21
Pe 10 physical rank 10 will use CUDA device of pe 7
Pe 3 physical rank 3 will use CUDA device of pe 4
Pe 15 physical rank 15 will use CUDA device of pe 14
Pe 37 physical rank 37 will use CUDA device of pe 35
Pe 29 physical rank 29 will use CUDA device of pe 28
Pe 22 physical rank 22 will use CUDA device of pe 21
Pe 8 physical rank 8 will use CUDA device of pe 7
Pe 0 physical rank 0 will use CUDA device of pe 4
Pe 6 physical rank 6 will use CUDA device of pe 4
Pe 14 physical rank 14 binding to CUDA device 0 on h35n17: 'Tesla V100-SXM2-16GB'  Mem: 16128MB  Rev: 7.0  PCI: 4:6:0
Pe 35 physical rank 35 binding to CUDA device 0 on h35n17: 'Tesla V100-SXM2-16GB'  Mem: 16128MB  Rev: 7.0  PCI: 35:5:0
Pe 28 physical rank 28 binding to CUDA device 0 on h35n17: 'Tesla V100-SXM2-16GB'  Mem: 16128MB  Rev: 7.0  PCI: 35:4:0
Pe 21 physical rank 21 binding to CUDA device 0 on h35n17: 'Tesla V100-SXM2-16GB'  Mem: 16128MB  Rev: 7.0  PCI: 35:3:0
Pe 7 physical rank 7 binding to CUDA device 0 on h35n17: 'Tesla V100-SXM2-16GB'  Mem: 16128MB  Rev: 7.0  PCI: 4:5:0
Pe 4 physical rank 4 binding to CUDA device 0 on h35n17: 'Tesla V100-SXM2-16GB'  Mem: 16128MB  Rev: 7.0  PCI: 4:4:0
Info: NAMD 2.14 for Linux-POWER-pami-smp-Summit-CUDA
Info: 
Info: Please visit http://www.ks.uiuc.edu/Research/namd/
Info: for updates, documentation, and support information.
Info: 
Info: Please cite Phillips et al., J. Chem. Phys. 153:044130 (2020) doi:10.1063/5.0014475
Info: in all publications reporting results obtained with NAMD.
Info: 
Info: Based on Charm++/Converse 61002 for pami-linux-ppc64le-smp
Info: Built Wed Aug 5 14:28:51 EDT 2020 by jimp on login2
Info: 1 NAMD  2.14  Linux-POWER-pami-smp-Summit-CUDA  42    h35n17  hrlee
Info: Running on 42 processors, 6 nodes, 1 physical nodes.
Info: CPU topology information available.
Info: Charm++/Converse parallel runtime startup completed at 1.36425 s
CkLoopLib is used in SMP with simple dynamic scheduling (converse-level notification)
Info: 791.688 MB of memory in use based on /proc/self/stat
Info: Configuration file is adk-step1.namd
Info: Working in the current directory /gpfs/alpine/bip115/scratch/hrlee/radical.pilot.sandbox/re.session.login1.hrlee.018632.0005/pilot.0000/unit.000823
TCL: Suspending until startup complete.
Info: SIMULATION PARAMETERS:
Info: TIMESTEP               1
Info: NUMBER OF STEPS        0
Info: STEPS PER CYCLE        20
Info: LOAD BALANCER  Centralized
Info: LOAD BALANCING STRATEGY  New Load Balancers -- DEFAULT
Info: LDB PERIOD             4000 steps
Info: FIRST LDB TIMESTEP     100
Info: LAST LDB TIMESTEP     -1
Info: LDB BACKGROUND SCALING 1
Info: HOM BACKGROUND SCALING 1
Info: MIN ATOMS PER PATCH    40
Info: VELOCITY FILE          0_11_adk-step1.restart.vel
Info: CENTER OF MASS MOVING INITIALLY? NO
Info: DIELECTRIC             80
Info: EXCLUDE                SCALED ONE-FOUR
Info: 1-4 ELECTROSTATICS SCALED BY 1
Info: MODIFIED 1-4 VDW PARAMETERS WILL BE USED
Info: DCD FILENAME           adk-step1.dcd
Info: DCD FREQUENCY          1000
Info: DCD FIRST STEP         1000
Info: NO EXTENDED SYSTEM TRAJECTORY OUTPUT
Info: NO VELOCITY DCD OUTPUT
Info: NO FORCE DCD OUTPUT
Info: OUTPUT FILENAME        adk-step1
Info: BINARY OUTPUT FILES WILL BE USED
Info: RESTART FILENAME       adk-step1.restart
Info: RESTART FREQUENCY      1000
Info: BINARY RESTART FILES WILL BE USED
Info: SWITCHING ACTIVE
Info: SWITCHING ON           9
Info: SWITCHING OFF          10
Info: PAIRLIST DISTANCE      11
Info: PAIRLIST SHRINK RATE   0.01
Info: PAIRLIST GROW RATE     0.01
Info: PAIRLIST TRIGGER       0.3
Info: PAIRLISTS PER CYCLE    2
Info: PAIRLISTS ENABLED
Info: MARGIN                 0
Info: HYDROGEN GROUP CUTOFF  2.5
Info: PATCH DIMENSION        13.5
Info: ENERGY OUTPUT STEPS    100
Info: CROSSTERM ENERGY INCLUDED IN DIHEDRAL
Info: TIMING OUTPUT STEPS    1000
Info: PRESSURE OUTPUT STEPS  100
Info: GRID FORCE ACTIVE
Info:  Please include this reference in published work using
Info:  the Gridforce module of NAMD: David Wells, Volha Abramkina,
Info:  and Aleksei Aksimentiev, J. Chem. Phys. 127:125101-10 (2007).
Info: MGRIDFORCE key 0
Info:            Potfile 4ake-target_autopsf-grid.dx
Info:            Scale 0.3 0.3 0.3
Info:            File 1ake-docked-noh_autopsf-grid.pdb
Info:            Col O
Info:            ChargeCol B
Info:            VOffset 0 0 0
Info:            Continuous K1 FALSE
Info:            Continuous K2 FALSE
Info:            Continuous K3 FALSE
Info:            Volts FALSE
Info:            Gridforce-Lite FALSE
Info:            Gridforce-CheckSize TRUE
Info: LANGEVIN DYNAMICS ACTIVE
Info: LANGEVIN TEMPERATURE   300
Info: LANGEVIN USING BBK INTEGRATOR
Info: LANGEVIN DAMPING COEFFICIENT IS 5 INVERSE PS
Info: LANGEVIN DYNAMICS NOT APPLIED TO HYDROGENS
Info: USING VERLET I (r-RESPA) MTS SCHEME.
Info: C1 SPLITTING OF LONG RANGE ELECTROSTATICS
Info: PLACING ATOMS IN PATCHES BY HYDROGEN GROUPS
Info: RIGID BONDS TO HYDROGEN : WATER
Info:         ERROR TOLERANCE : 1e-08
Info:          MAX ITERATIONS : 100
Info: RIGID WATER USING SETTLE ALGORITHM
Info: NONBONDED FORCES EVALUATED EVERY 2 STEPS
Info: RANDOM NUMBER SEED     1609828297
Info: USE HYDROGEN BONDS?    NO
Info: COORDINATE PDB         1ake-docked-noh_autopsf.pdb
Info: STRUCTURE FILE         1ake-docked-noh_autopsf.psf
Info: PARAMETER file: CHARMM format! 
Info: PARAMETERS             par_all36_prot.prm
Info: USING ARITHMETIC MEAN TO COMBINE L-J SIGMA PARAMETERS
Info: BINARY COORDINATES     0_11_adk-step1.restart.coor
Info: SUMMARY OF PARAMETERS:
Info: 132 BONDS
Info: 362 ANGLES
Info: 702 DIHEDRAL
Info: 35 IMPROPER
Info: 6 CROSSTERM
Info: 53 VDW
Info: 0 VDW_PAIRS
Info: 0 NBTHOLE_PAIRS
Info: TIME FOR READING PSF FILE: 0.360546
Info: READING EXTRA BONDS FILE 1ake-extrabonds.txt
Info: READING EXTRA BONDS FILE 1ake-extrabonds-cispeptide.txt
Info: READING EXTRA BONDS FILE 1ake-extrabonds-chirality.txt
Info: READ 80 EXTRA BONDS
Info: READ 80 EXTRA ANGLES
Warning: EXTRA ANGLES ARE COSINE-BASED BY DEFAULT TO MATCH PREVIOUS VERSIONS
Warning: FOR NORMAL HARMONIC EXTRA ANGLES SET extraBondsCosAngles off
Info: READ 493 EXTRA DIHEDRALS
Info: READ 438 EXTRA IMPROPERS
Info: Reading pdb file 1ake-docked-noh_autopsf.pdb
Info: TIME FOR READING PDB FILE: 0.095725
Info: 
Info: ****************************
Info: STRUCTURE SUMMARY:
Info: 3341 ATOMS
Info: 3445 BONDS
Info: 6203 ANGLES
Info: 9414 DIHEDRALS
Info: 1005 IMPROPERS
Info: 212 CROSSTERMS
Info: 0 EXCLUSIONS
Info: 0 RIGID BONDS
Info: 1 GRIDS ACTIVE
Info: 10023 DEGREES OF FREEDOM
Info: 1656 HYDROGEN GROUPS
Info: 4 ATOMS IN LARGEST HYDROGEN GROUP
Info: 1656 MIGRATION GROUPS
Info: 4 ATOMS IN LARGEST MIGRATION GROUP
Info: TOTAL MASS = 23582 amu
Info: TOTAL CHARGE = -4 e
Info: *****************************
Info: Reading from binary file 0_11_adk-step1.restart.coor
Info: 
Info: Entering startup at 2.16642 s, 798.438 MB of memory in use
Info: Startup phase 0 took 0.000190788 s, 798.562 MB of memory in use
Info: ADDED 18308 IMPLICIT EXCLUSIONS
Info: Startup phase 1 took 0.00723549 s, 798.688 MB of memory in use
Info: NONBONDED TABLE R-SQUARED SPACING: 0.0625
Info: NONBONDED TABLE SIZE: 705 POINTS
Info: ABSOLUTE IMPRECISION IN FAST TABLE ENERGY: 3.38813e-21 AT 9.89634
Info: RELATIVE IMPRECISION IN FAST TABLE ENERGY: 4.23384e-15 AT 9.94673
Info: ABSOLUTE IMPRECISION IN FAST TABLE FORCE: 6.35275e-22 AT 9.94673
Info: RELATIVE IMPRECISION IN FAST TABLE FORCE: 5.07982e-16 AT 9.94673
Info: INCONSISTENCY IN FAST TABLE ENERGY VS FORCE: 0.000290185 AT 0.251946
Info: ABSOLUTE IMPRECISION IN VDWA TABLE ENERGY: 1.57772e-30 AT 9.89634
Info: RELATIVE IMPRECISION IN VDWA TABLE ENERGY: 4.54938e-15 AT 9.94673
Info: ABSOLUTE IMPRECISION IN VDWA TABLE FORCE: 5.91646e-31 AT 9.94673
Info: RELATIVE IMPRECISION IN VDWA TABLE FORCE: 5.6823e-16 AT 9.94673
Info: INCONSISTENCY IN VDWA TABLE ENERGY VS FORCE: 0.0040507 AT 0.251946
Info: ABSOLUTE IMPRECISION IN VDWB TABLE ENERGY: 4.71751e-25 AT 9.94673
Info: RELATIVE IMPRECISION IN VDWB TABLE ENERGY: 1.45371e-14 AT 9.94673
Info: ABSOLUTE IMPRECISION IN VDWB TABLE FORCE: 6.20385e-25 AT 9.94673
Info: RELATIVE IMPRECISION IN VDWB TABLE FORCE: 5.97512e-16 AT 9.94673
Info: INCONSISTENCY IN VDWB TABLE ENERGY VS FORCE: 0.00377068 AT 9.07951
Info: Startup phase 2 took 0.000503478 s, 800 MB of memory in use
Info: Startup phase 3 took 0.000165967 s, 800.375 MB of memory in use
Info: Startup phase 4 took 0.000262762 s, 800.5 MB of memory in use
Info: Startup phase 5 took 0.000154333 s, 800.5 MB of memory in use
Info: ORIGINAL ATOMS MINMAX IS -23.0126 -33.1723 -34.3581  16.7923 13.8138 17.4873
Info: ADJUSTED ATOMS MINMAX IS -17.6772 -27.2819 -30.0215  11.6314 7.30351 7.68666
Info: PATCH GRID IS 5 BY 3 BY 3
Info: PATCH GRID IS 2-AWAY BY 1-AWAY BY 1-AWAY
Info: Reading from binary file 0_11_adk-step1.restart.vel
Info: REMOVING COM VELOCITY 0.0690766 0.102029 -0.0359693
Info: LARGEST PATCH (37) HAS 145 ATOMS
Info: TORUS A SIZE 1 USING 0
Info: TORUS B SIZE 1 USING 0
Info: TORUS C SIZE 1 USING 0
Info: TORUS MINIMAL MESH SIZE IS 1 BY 1 BY 1
Info: Placed 100% of base nodes on same physical node as patch
Info: Startup phase 6 took 0.00884603 s, 800.625 MB of memory in use
Info: Startup phase 7 took 0.000151091 s, 801.625 MB of memory in use
Info: Updated CUDA force table with 4096 elements.
Info: Updated CUDA LJ table with 53 x 53 elements.
Info: Updated CUDA force table with 4096 elements.
Info: Updated CUDA force table with 4096 elements.
Info: Updated CUDA LJ table with 53 x 53 elements.
Info: Updated CUDA force table with 4096 elements.
Info: Updated CUDA LJ table with 53 x 53 elements.
Info: Updated CUDA LJ table with 53 x 53 elements.
Info: Updated CUDA force table with 4096 elements.
Info: Updated CUDA LJ table with 53 x 53 elements.
Info: Updated CUDA force table with 4096 elements.
Info: Updated CUDA LJ table with 53 x 53 elements.
Info: Startup phase 8 took 0.00321879 s, 801.688 MB of memory in use
Info: Startup phase 9 took 0.000348706 s, 801.75 MB of memory in use
Info: Startup phase 10 took 0.000163373 s, 801.812 MB of memory in use
Info: Startup phase 11 took 0.000681677 s, 801.938 MB of memory in use
LDB: Central LB being created...
Info: Startup phase 12 took 0.00210246 s, 802.75 MB of memory in use
Info: CREATING 1139 COMPUTE OBJECTS
Info: Found 278 unique exclusion lists needing 900 bytes
Info: Found 278 unique exclusion lists needing 900 bytes
Info: Found 278 unique exclusion lists needing 900 bytes
Info: Found 278 unique exclusion lists needing 900 bytes
Info: Found 278 unique exclusion lists needing 900 bytes
Info: Found 278 unique exclusion lists needing 900 bytes
Info: useSync: 0 useProxySync: 0
Info: Startup phase 13 took 0.0157833 s, 803.875 MB of memory in use
Info: Building spanning tree ... send: 1 recv: 0 with branch factor 4
Info: Startup phase 14 took 0.000228792 s, 803.938 MB of memory in use
Info: Startup phase 15 took 0.000210759 s, 804.062 MB of memory in use
Info: Finished startup at 2.20667 s, 804.188 MB of memory in use

TCL: Running for 5000 steps
PRESSURE: 0 0 0 0 0 0 0 0 0 0
GPRESSURE: 0 0 0 0 0 0 0 0 0 0
ETITLE:      TS           BOND          ANGLE          DIHED          IMPRP               ELECT            VDW       BOUNDARY           MISC        KINETIC               TOTAL           TEMP      POTENTIAL         TOTAL3        TEMPAVG

ENERGY:       0      1137.5772      1676.1037      2098.9500       159.0260            -41.2160      -821.3204         0.0000      5285.5719      2973.0012          12467.6936       298.5298      9494.6924     12492.3097       298.5298

LDB: ============= START OF LOAD BALANCING ============== 2.22033
LDB: ============== END OF LOAD BALANCING =============== 2.22038
Info: useSync: 0 useProxySync: 0
LDB: =============== DONE WITH MIGRATION ================ 2.22047
LDB: ============= START OF LOAD BALANCING ============== 2.26455
LDB: Partitioning computes with target load 0.000000
LDB: Increased migratable compute count from 0 to 0
LDB: Largest unpartitionable compute is 0.000000
LDB: ============== END OF LOAD BALANCING =============== 2.26484
Info: build node-aware spanning tree with send: 1, recv: 0 with branch factor 4
Info: useSync: 0 useProxySync: 0
LDB: =============== DONE WITH MIGRATION ================ 2.26552
PRESSURE: 100 0 0 0 0 0 0 0 0 0
GPRESSURE: 100 0 0 0 0 0 0 0 0 0
PRESSAVG: 100 0 0 0 0 0 0 0 0 0
GPRESSAVG: 100 0 0 0 0 0 0 0 0 0
Info: Initial time: 42 CPUs 0.000557044 s/step 0.00644727 days/ns 819.875 MB memory
ENERGY:     100      1116.5711      1719.2863      2055.3347       159.6994            -41.0129      -796.2259         0.0000      5281.1753      2899.2769          12394.1049       291.1269      9494.8280     12419.2497       297.7281

LDB: ============= START OF LOAD BALANCING ============== 2.27604
LDB: ============== END OF LOAD BALANCING =============== 2.27606
Info: useSync: 0 useProxySync: 0
LDB: =============== DONE WITH MIGRATION ================ 2.27614
LDB: ============= START OF LOAD BALANCING ============== 2.31227
LDB: TIME 2.31248 LOAD: AVG 0.0113048 MAX 0.0277577  PROXIES: TOTAL 171 MAXPE 10 MAXPATCH 7 None MEM: 820.875 MB
LDB: TIME 2.31263 LOAD: AVG 0.0113048 MAX 0.0277577  PROXIES: TOTAL 171 MAXPE 10 MAXPATCH 7 TorusLB MEM: 820.938 MB
LDB: Reverting to original mapping
LDB: ============== END OF LOAD BALANCING =============== 2.31284
Info: build node-aware spanning tree with send: 1, recv: 0 with branch factor 4
Info: useSync: 0 useProxySync: 0
LDB: =============== DONE WITH MIGRATION ================ 2.31347
PRESSURE: 200 0 0 0 0 0 0 0 0 0
GPRESSURE: 200 0 0 0 0 0 0 0 0 0
PRESSAVG: 200 0 0 0 0 0 0 0 0 0
GPRESSAVG: 200 0 0 0 0 0 0 0 0 0
Info: Initial time: 42 CPUs 0.00046401 s/step 0.00537049 days/ns 820.938 MB memory
ENERGY:     200      1104.2353      1657.6537      2073.3755       152.4494            -40.1828      -810.9796         0.0000      5278.1713      2924.6115          12339.3342       293.6708      9414.7227     12362.7097       294.1871

LDB: ============= START OF LOAD BALANCING ============== 2.35831
LDB: TIME 2.35852 LOAD: AVG 0.0141054 MAX 0.0350706  PROXIES: TOTAL 171 MAXPE 10 MAXPATCH 7 None MEM: 821.812 MB
LDB: TIME 2.35864 LOAD: AVG 0.0141054 MAX 0.0350706  PROXIES: TOTAL 171 MAXPE 10 MAXPATCH 7 RefineTorusLB MEM: 821.875 MB
LDB: TIME 2.35877 LOAD: AVG 0.0141054 MAX 0.0350706  PROXIES: TOTAL 171 MAXPE 10 MAXPATCH 7 RefineTorusLB MEM: 821.875 MB
LDB: ============== END OF LOAD BALANCING =============== 2.359
Info: build node-aware spanning tree with send: 1, recv: 0 with branch factor 4
Info: useSync: 0 useProxySync: 0
LDB: =============== DONE WITH MIGRATION ================ 2.35965
PRESSURE: 300 0 0 0 0 0 0 0 0 0
GPRESSURE: 300 0 0 0 0 0 0 0 0 0
PRESSAVG: 300 0 0 0 0 0 0 0 0 0
GPRESSAVG: 300 0 0 0 0 0 0 0 0 0
Info: Initial time: 42 CPUs 0.000446603 s/step 0.00516901 days/ns 821.875 MB memory
ENERGY:     300      1100.8611      1665.0044      2084.1073       155.3071            -40.9044      -832.5520         0.0000      5271.2830      2932.8811          12335.9875       294.5012      9403.1064     12357.8028       293.9360

LDB: ============= START OF LOAD BALANCING ============== 2.4046
LDB: TIME 2.40481 LOAD: AVG 0.0139833 MAX 0.0357803  PROXIES: TOTAL 171 MAXPE 10 MAXPATCH 7 None MEM: 822.625 MB
LDB: TIME 2.40493 LOAD: AVG 0.0139833 MAX 0.0357803  PROXIES: TOTAL 171 MAXPE 10 MAXPATCH 7 RefineTorusLB MEM: 822.625 MB
LDB: TIME 2.40505 LOAD: AVG 0.0139833 MAX 0.0357803  PROXIES: TOTAL 171 MAXPE 10 MAXPATCH 7 RefineTorusLB MEM: 822.625 MB
LDB: ============== END OF LOAD BALANCING =============== 2.40524
Info: build node-aware spanning tree with send: 1, recv: 0 with branch factor 4
Info: useSync: 0 useProxySync: 0
LDB: =============== DONE WITH MIGRATION ================ 2.40586
PRESSURE: 400 0 0 0 0 0 0 0 0 0
GPRESSURE: 400 0 0 0 0 0 0 0 0 0
PRESSAVG: 400 0 0 0 0 0 0 0 0 0
GPRESSAVG: 400 0 0 0 0 0 0 0 0 0
Info: Benchmark time: 42 CPUs 0.000449037 s/step 0.00519719 days/ns 822.625 MB memory
ENERGY:     400      1120.9805      1667.6375      2086.5518       147.1846            -41.8854      -819.0800         0.0000      5266.8880      2932.4696          12360.7466       294.4599      9428.2769     12386.9717       294.2554

PRESSURE: 500 0 0 0 0 0 0 0 0 0
GPRESSURE: 500 0 0 0 0 0 0 0 0 0
PRESSAVG: 500 0 0 0 0 0 0 0 0 0
GPRESSAVG: 500 0 0 0 0 0 0 0 0 0
Info: Benchmark time: 42 CPUs 0.000447727 s/step 0.00518202 days/ns 827.5 MB memory
ENERGY:     500      1112.7695      1677.2997      2075.1616       148.8586            -40.2996      -818.9145         0.0000      5268.1240      2997.1644          12420.1638       300.9561      9422.9994     12446.2127       296.9944

PRESSURE: 600 0 0 0 0 0 0 0 0 0
GPRESSURE: 600 0 0 0 0 0 0 0 0 0
PRESSAVG: 600 0 0 0 0 0 0 0 0 0
GPRESSAVG: 600 0 0 0 0 0 0 0 0 0
Info: Benchmark time: 42 CPUs 0.000449492 s/step 0.00520246 days/ns 827.5 MB memory
ENERGY:     600      1094.6983      1753.6512      2096.8262       161.0785            -41.3194      -808.2201         0.0000      5275.4218      2919.2255          12451.3620       293.1300      9532.1365     12475.7883       298.2011

PRESSURE: 700 0 0 0 0 0 0 0 0 0
GPRESSURE: 700 0 0 0 0 0 0 0 0 0
PRESSAVG: 700 0 0 0 0 0 0 0 0 0
GPRESSAVG: 700 0 0 0 0 0 0 0 0 0
Info: Benchmark time: 42 CPUs 0.00044944 s/step 0.00520185 days/ns 827.5 MB memory
ENERGY:     700      1097.3233      1706.7262      2080.3428       164.2178            -41.2976      -792.7089         0.0000      5282.8297      2947.9241          12445.3574       296.0118      9497.4333     12465.3391       298.7236

PRESSURE: 800 0 0 0 0 0 0 0 0 0
GPRESSURE: 800 0 0 0 0 0 0 0 0 0
PRESSAVG: 800 0 0 0 0 0 0 0 0 0
GPRESSAVG: 800 0 0 0 0 0 0 0 0 0
Info: Benchmark time: 42 CPUs 0.00044861 s/step 0.00519224 days/ns 827.5 MB memory
ENERGY:     800      1091.7535      1685.7502      2094.2399       143.5132            -41.8934      -837.7296         0.0000      5286.8013      2987.4230          12409.8580       299.9780      9422.4350     12432.2280       296.3670

PRESSURE: 900 0 0 0 0 0 0 0 0 0
GPRESSURE: 900 0 0 0 0 0 0 0 0 0
PRESSAVG: 900 0 0 0 0 0 0 0 0 0
GPRESSAVG: 900 0 0 0 0 0 0 0 0 0
Info: Benchmark time: 42 CPUs 0.000462023 s/step 0.00534749 days/ns 827.5 MB memory
ENERGY:     900      1100.8776      1686.5321      2097.2883       160.4675            -42.1428      -833.1858         0.0000      5266.0345      2952.8170          12388.6883       296.5031      9435.8713     12411.1139       298.1413

PRESSURE: 1000 0 0 0 0 0 0 0 0 0
GPRESSURE: 1000 0 0 0 0 0 0 0 0 0
PRESSAVG: 1000 0 0 0 0 0 0 0 0 0
GPRESSAVG: 1000 0 0 0 0 0 0 0 0 0
TIMING: 1000  CPU: 0.488572, 0.000469835/step  Wall: 0.49568, 0.000476183/step, 0.000529092 hours remaining, 827.500000 MB of memory in use.
ETITLE:      TS           BOND          ANGLE          DIHED          IMPRP               ELECT            VDW       BOUNDARY           MISC        KINETIC               TOTAL           TEMP      POTENTIAL         TOTAL3        TEMPAVG

ENERGY:    1000      1118.7678      1616.6245      2092.0637       147.9182            -41.8524      -805.0519         0.0000      5258.4329      2950.8407          12337.7436       296.3046      9386.9029     12362.9250       293.0801

WRITING EXTENDED SYSTEM TO RESTART FILE AT STEP 1000
OPENING COORDINATE DCD FILE
WRITING COORDINATES TO DCD FILE adk-step1.dcd AT STEP 1000
WRITING COORDINATES TO RESTART FILE AT STEP 1000
FINISHED WRITING RESTART COORDINATES
The last position output (seq=1000) takes 0.007 seconds, 827.625 MB of memory in use
WRITING VELOCITIES TO RESTART FILE AT STEP 1000
FINISHED WRITING RESTART VELOCITIES
The last velocity output (seq=1000) takes 0.002 seconds, 827.688 MB of memory in use
PRESSURE: 1100 0 0 0 0 0 0 0 0 0
GPRESSURE: 1100 0 0 0 0 0 0 0 0 0
PRESSAVG: 1100 0 0 0 0 0 0 0 0 0
GPRESSAVG: 1100 0 0 0 0 0 0 0 0 0
ENERGY:    1100      1128.9400      1631.5903      2094.1827       155.2089            -40.7869      -797.8834         0.0000      5266.1099      2917.7497          12355.1112       292.9818      9437.3615     12379.7789       294.1777

PRESSURE: 1200 0 0 0 0 0 0 0 0 0
GPRESSURE: 1200 0 0 0 0 0 0 0 0 0
PRESSAVG: 1200 0 0 0 0 0 0 0 0 0
GPRESSAVG: 1200 0 0 0 0 0 0 0 0 0
ENERGY:    1200      1061.5749      1700.6414      2076.3079       144.6249            -41.8602      -813.1301         0.0000      5274.0768      2982.0536          12384.2892       299.4388      9402.2356     12407.4015       295.5729

PRESSURE: 1300 0 0 0 0 0 0 0 0 0
GPRESSURE: 1300 0 0 0 0 0 0 0 0 0
PRESSAVG: 1300 0 0 0 0 0 0 0 0 0
GPRESSAVG: 1300 0 0 0 0 0 0 0 0 0
ENERGY:    1300      1120.4907      1679.1314      2086.1963       162.4980            -40.8227      -808.2195         0.0000      5262.0568      2934.4159          12395.7469       294.6553      9461.3310     12418.7722       297.5436

PRESSURE: 1400 0 0 0 0 0 0 0 0 0
GPRESSURE: 1400 0 0 0 0 0 0 0 0 0
PRESSAVG: 1400 0 0 0 0 0 0 0 0 0
GPRESSAVG: 1400 0 0 0 0 0 0 0 0 0
ENERGY:    1400      1108.7373      1699.5289      2091.8858       154.0196            -40.3639      -799.5597         0.0000      5270.0209      2926.2146          12410.4836       293.8318      9484.2689     12433.6421       298.1810

PRESSURE: 1500 0 0 0 0 0 0 0 0 0
GPRESSURE: 1500 0 0 0 0 0 0 0 0 0
PRESSAVG: 1500 0 0 0 0 0 0 0 0 0
GPRESSAVG: 1500 0 0 0 0 0 0 0 0 0
ENERGY:    1500      1057.4137      1694.6202      2073.1205       152.7845            -40.1844      -808.1977         0.0000      5269.3696      2932.7545          12331.6809       294.4885      9398.9264     12355.8106       294.0512

PRESSURE: 1600 0 0 0 0 0 0 0 0 0
GPRESSURE: 1600 0 0 0 0 0 0 0 0 0
PRESSAVG: 1600 0 0 0 0 0 0 0 0 0
GPRESSAVG: 1600 0 0 0 0 0 0 0 0 0
ENERGY:    1600      1078.8311      1653.7976      2087.0143       155.7906            -39.5940      -768.8992         0.0000      5263.6563      2909.9148          12340.5113       292.1951      9430.5966     12366.8346       294.6383

PRESSURE: 1700 0 0 0 0 0 0 0 0 0
GPRESSURE: 1700 0 0 0 0 0 0 0 0 0
PRESSAVG: 1700 0 0 0 0 0 0 0 0 0
GPRESSAVG: 1700 0 0 0 0 0 0 0 0 0
ENERGY:    1700      1078.6136      1710.7923      2087.6861       148.1049            -41.2556      -837.0363         0.0000      5263.0220      2938.7132          12348.6401       295.0868      9409.9269     12373.9603       293.8704

PRESSURE: 1800 0 0 0 0 0 0 0 0 0
GPRESSURE: 1800 0 0 0 0 0 0 0 0 0
PRESSAVG: 1800 0 0 0 0 0 0 0 0 0
GPRESSAVG: 1800 0 0 0 0 0 0 0 0 0
ENERGY:    1800      1087.1568      1712.0237      2068.4534       145.0058            -41.8791      -810.0403         0.0000      5270.2983      2915.4636          12346.4822       292.7523      9431.0185     12367.3473       294.9297

PRESSURE: 1900 0 0 0 0 0 0 0 0 0
GPRESSURE: 1900 0 0 0 0 0 0 0 0 0
PRESSAVG: 1900 0 0 0 0 0 0 0 0 0
GPRESSAVG: 1900 0 0 0 0 0 0 0 0 0
ENERGY:    1900      1078.2314      1641.0481      2101.3061       148.8386            -41.4555      -783.8365         0.0000      5274.7294      2988.1245          12406.9861       300.0484      9418.8615     12426.7875       296.1113

PRESSURE: 2000 0 0 0 0 0 0 0 0 0
GPRESSURE: 2000 0 0 0 0 0 0 0 0 0
PRESSAVG: 2000 0 0 0 0 0 0 0 0 0
GPRESSAVG: 2000 0 0 0 0 0 0 0 0 0
TIMING: 2000  CPU: 0.973572, 0.000485/step  Wall: 0.986428, 0.000490747/step, 0.000408956 hours remaining, 827.687500 MB of memory in use.
ETITLE:      TS           BOND          ANGLE          DIHED          IMPRP               ELECT            VDW       BOUNDARY           MISC        KINETIC               TOTAL           TEMP      POTENTIAL         TOTAL3        TEMPAVG

ENERGY:    2000      1074.2155      1703.3762      2080.5862       151.5382            -40.6875      -801.1901         0.0000      5259.7905      3000.7445          12428.3734       301.3156      9427.6289     12451.4998       299.4952

WRITING EXTENDED SYSTEM TO RESTART FILE AT STEP 2000
WRITING COORDINATES TO DCD FILE adk-step1.dcd AT STEP 2000
WRITING COORDINATES TO RESTART FILE AT STEP 2000
FINISHED WRITING RESTART COORDINATES
The last position output (seq=2000) takes 0.002 seconds, 827.688 MB of memory in use
WRITING VELOCITIES TO RESTART FILE AT STEP 2000
FINISHED WRITING RESTART VELOCITIES
The last velocity output (seq=2000) takes 0.002 seconds, 827.688 MB of memory in use
PRESSURE: 2100 0 0 0 0 0 0 0 0 0
GPRESSURE: 2100 0 0 0 0 0 0 0 0 0
PRESSAVG: 2100 0 0 0 0 0 0 0 0 0
GPRESSAVG: 2100 0 0 0 0 0 0 0 0 0
ENERGY:    2100      1112.8822      1696.2166      2080.1526       153.0743            -40.1732      -809.7878         0.0000      5262.5186      2972.0354          12426.9186       298.4329      9454.8832     12450.4833       299.0747

PRESSURE: 2200 0 0 0 0 0 0 0 0 0
GPRESSURE: 2200 0 0 0 0 0 0 0 0 0
PRESSAVG: 2200 0 0 0 0 0 0 0 0 0
GPRESSAVG: 2200 0 0 0 0 0 0 0 0 0
ENERGY:    2200      1103.5682      1713.1055      2074.1897       160.5653            -39.7052      -840.5846         0.0000      5259.0411      2978.1111          12408.2911       299.0429      9430.1800     12431.0467       298.0164

PRESSURE: 2300 0 0 0 0 0 0 0 0 0
GPRESSURE: 2300 0 0 0 0 0 0 0 0 0
PRESSAVG: 2300 0 0 0 0 0 0 0 0 0
GPRESSAVG: 2300 0 0 0 0 0 0 0 0 0
ENERGY:    2300      1134.8887      1715.7804      2093.4735       149.8375            -41.0965      -837.0797         0.0000      5268.8991      2978.9264          12463.6294       299.1248      9484.7030     12490.8710       301.1291

PRESSURE: 2400 0 0 0 0 0 0 0 0 0
GPRESSURE: 2400 0 0 0 0 0 0 0 0 0
PRESSAVG: 2400 0 0 0 0 0 0 0 0 0
GPRESSAVG: 2400 0 0 0 0 0 0 0 0 0
ENERGY:    2400      1095.5101      1697.6956      2066.1580       158.6602            -40.3784      -795.8862         0.0000      5286.2717      2976.9374          12444.9683       298.9251      9468.0308     12470.8125       299.9530

PRESSURE: 2500 0 0 0 0 0 0 0 0 0
GPRESSURE: 2500 0 0 0 0 0 0 0 0 0
PRESSAVG: 2500 0 0 0 0 0 0 0 0 0
GPRESSAVG: 2500 0 0 0 0 0 0 0 0 0
ENERGY:    2500      1108.6218      1697.9291      2066.5029       145.9378            -40.4631      -846.4653         0.0000      5299.1046      2940.7824          12371.9503       295.2946      9431.1679     12393.1288       297.0716

PRESSURE: 2600 0 0 0 0 0 0 0 0 0
GPRESSURE: 2600 0 0 0 0 0 0 0 0 0
PRESSAVG: 2600 0 0 0 0 0 0 0 0 0
GPRESSAVG: 2600 0 0 0 0 0 0 0 0 0
ENERGY:    2600      1080.5659      1702.7861      2090.4466       154.7889            -40.8093      -816.8467         0.0000      5292.3732      2936.5552          12399.8601       294.8702      9463.3048     12422.7814       295.3435

PRESSURE: 2700 0 0 0 0 0 0 0 0 0
GPRESSURE: 2700 0 0 0 0 0 0 0 0 0
PRESSAVG: 2700 0 0 0 0 0 0 0 0 0
GPRESSAVG: 2700 0 0 0 0 0 0 0 0 0
ENERGY:    2700      1140.7094      1706.2883      2092.7785       142.8923            -40.6188      -804.1512         0.0000      5281.0231      2905.0682          12423.9899       291.7084      9518.9217     12444.0569       297.5544

PRESSURE: 2800 0 0 0 0 0 0 0 0 0
GPRESSURE: 2800 0 0 0 0 0 0 0 0 0
PRESSAVG: 2800 0 0 0 0 0 0 0 0 0
GPRESSAVG: 2800 0 0 0 0 0 0 0 0 0
ENERGY:    2800      1126.9693      1687.5584      2072.6644       141.2165            -40.9029      -812.8088         0.0000      5276.8667      2971.1520          12422.7157       298.3442      9451.5637     12445.9460       298.7598

PRESSURE: 2900 0 0 0 0 0 0 0 0 0
GPRESSURE: 2900 0 0 0 0 0 0 0 0 0
PRESSAVG: 2900 0 0 0 0 0 0 0 0 0
GPRESSAVG: 2900 0 0 0 0 0 0 0 0 0
ENERGY:    2900      1103.7424      1658.6946      2087.7114       145.5859            -39.8658      -833.6764         0.0000      5266.4971      2992.3450          12381.0344       300.4722      9388.6893     12404.6586       297.8991

WRITING COORDINATES TO DCD FILE adk-step1.dcd AT STEP 3000
WRITING COORDINATES TO RESTART FILE AT STEP 3000
FINISHED WRITING RESTART COORDINATES
The last position output (seq=3000) takes 0.003 seconds, 827.688 MB of memory in use
WRITING VELOCITIES TO RESTART FILE AT STEP 3000
FINISHED WRITING RESTART VELOCITIES
The last velocity output (seq=3000) takes 0.002 seconds, 827.750 MB of memory in use
PRESSURE: 3000 0 0 0 0 0 0 0 0 0
GPRESSURE: 3000 0 0 0 0 0 0 0 0 0
PRESSAVG: 3000 0 0 0 0 0 0 0 0 0
GPRESSAVG: 3000 0 0 0 0 0 0 0 0 0
TIMING: 3000  CPU: 1.46793, 0.000494359/step  Wall: 1.48701, 0.000500579/step, 0.000278099 hours remaining, 827.750000 MB of memory in use.
ETITLE:      TS           BOND          ANGLE          DIHED          IMPRP               ELECT            VDW       BOUNDARY           MISC        KINETIC               TOTAL           TEMP      POTENTIAL         TOTAL3        TEMPAVG

ENERGY:    3000      1090.2136      1697.0496      2112.6671       143.6365            -38.5439      -848.6956         0.0000      5278.2433      2951.8392          12386.4099       296.4049      9434.5707     12412.7456       296.7236

WRITING EXTENDED SYSTEM TO RESTART FILE AT STEP 3000
PRESSURE: 3100 0 0 0 0 0 0 0 0 0
GPRESSURE: 3100 0 0 0 0 0 0 0 0 0
PRESSAVG: 3100 0 0 0 0 0 0 0 0 0
GPRESSAVG: 3100 0 0 0 0 0 0 0 0 0
ENERGY:    3100      1113.7458      1688.3388      2107.5489       147.7569            -39.5686      -817.7616         0.0000      5268.1539      2947.1532          12415.3673       295.9343      9468.2141     12440.4892       297.1912

PRESSURE: 3200 0 0 0 0 0 0 0 0 0
GPRESSURE: 3200 0 0 0 0 0 0 0 0 0
PRESSAVG: 3200 0 0 0 0 0 0 0 0 0
GPRESSAVG: 3200 0 0 0 0 0 0 0 0 0
ENERGY:    3200      1142.7537      1739.4056      2110.2819       147.3718            -40.6471      -854.5278         0.0000      5269.0841      2938.8486          12452.5707       295.1004      9513.7222     12478.7316       298.4727

PRESSURE: 3300 0 0 0 0 0 0 0 0 0
GPRESSURE: 3300 0 0 0 0 0 0 0 0 0
PRESSAVG: 3300 0 0 0 0 0 0 0 0 0
GPRESSAVG: 3300 0 0 0 0 0 0 0 0 0
ENERGY:    3300      1116.0378      1734.3102      2074.4065       135.6757            -41.0606      -800.7290         0.0000      5280.8366      2957.3709          12456.8481       296.9603      9499.4772     12478.1770       299.9067

PRESSURE: 3400 0 0 0 0 0 0 0 0 0
GPRESSURE: 3400 0 0 0 0 0 0 0 0 0
PRESSAVG: 3400 0 0 0 0 0 0 0 0 0
GPRESSAVG: 3400 0 0 0 0 0 0 0 0 0
ENERGY:    3400      1108.6564      1637.1847      2116.1554       154.5403            -40.9747      -818.2191         0.0000      5287.2093      2992.1405          12436.6929       300.4517      9444.5524     12463.2695       297.6643

PRESSURE: 3500 0 0 0 0 0 0 0 0 0
GPRESSURE: 3500 0 0 0 0 0 0 0 0 0
PRESSAVG: 3500 0 0 0 0 0 0 0 0 0
GPRESSAVG: 3500 0 0 0 0 0 0 0 0 0
ENERGY:    3500      1139.9821      1710.0473      2081.2066       150.3787            -39.9250      -801.4216         0.0000      5275.6738      2914.6315          12430.5735       292.6687      9515.9420     12455.9756       296.6079

PRESSURE: 3600 0 0 0 0 0 0 0 0 0
GPRESSURE: 3600 0 0 0 0 0 0 0 0 0
PRESSAVG: 3600 0 0 0 0 0 0 0 0 0
GPRESSAVG: 3600 0 0 0 0 0 0 0 0 0
ENERGY:    3600      1091.9944      1687.4743      2070.2225       150.7372            -40.9591      -824.5319         0.0000      5263.3406      2983.7819          12382.0599       299.6124      9398.2780     12403.9245       297.5810

PRESSURE: 3700 0 0 0 0 0 0 0 0 0
GPRESSURE: 3700 0 0 0 0 0 0 0 0 0
PRESSAVG: 3700 0 0 0 0 0 0 0 0 0
GPRESSAVG: 3700 0 0 0 0 0 0 0 0 0
ENERGY:    3700      1086.8086      1712.4418      2089.7166       150.0593            -40.9050      -800.6820         0.0000      5264.2488      2984.9117          12446.5998       299.7258      9461.6880     12469.0890       297.3303

PRESSURE: 3800 0 0 0 0 0 0 0 0 0
GPRESSURE: 3800 0 0 0 0 0 0 0 0 0
PRESSAVG: 3800 0 0 0 0 0 0 0 0 0
GPRESSAVG: 3800 0 0 0 0 0 0 0 0 0
ENERGY:    3800      1091.8836      1715.2021      2105.7544       152.6349            -41.2673      -829.6485         0.0000      5268.8968      2964.9108          12428.3668       297.7174      9463.4560     12451.0827       301.8941

PRESSURE: 3900 0 0 0 0 0 0 0 0 0
GPRESSURE: 3900 0 0 0 0 0 0 0 0 0
PRESSAVG: 3900 0 0 0 0 0 0 0 0 0
GPRESSAVG: 3900 0 0 0 0 0 0 0 0 0
ENERGY:    3900      1096.7277      1703.4916      2083.5543       149.5306            -40.9660      -811.9138         0.0000      5278.9646      2963.6587          12423.0477       297.5917      9459.3890     12448.6135       298.2328

PRESSURE: 4000 0 0 0 0 0 0 0 0 0
GPRESSURE: 4000 0 0 0 0 0 0 0 0 0
PRESSAVG: 4000 0 0 0 0 0 0 0 0 0
GPRESSAVG: 4000 0 0 0 0 0 0 0 0 0
TIMING: 4000  CPU: 1.90967, 0.000441737/step  Wall: 1.93145, 0.000444444/step, 0.000123457 hours remaining, 827.750000 MB of memory in use.
ETITLE:      TS           BOND          ANGLE          DIHED          IMPRP               ELECT            VDW       BOUNDARY           MISC        KINETIC               TOTAL           TEMP      POTENTIAL         TOTAL3        TEMPAVG

ENERGY:    4000      1068.6781      1671.4871      2079.8013       157.8085            -40.3131      -772.4001         0.0000      5284.3625      2902.1274          12351.5517       291.4131      9449.4243     12377.0691       295.6833

WRITING EXTENDED SYSTEM TO RESTART FILE AT STEP 4000
WRITING COORDINATES TO DCD FILE adk-step1.dcd AT STEP 4000
WRITING COORDINATES TO RESTART FILE AT STEP 4000
FINISHED WRITING RESTART COORDINATES
The last position output (seq=4000) takes 0.002 seconds, 827.750 MB of memory in use
WRITING VELOCITIES TO RESTART FILE AT STEP 4000
FINISHED WRITING RESTART VELOCITIES
The last velocity output (seq=4000) takes 0.002 seconds, 827.750 MB of memory in use
PRESSURE: 4100 0 0 0 0 0 0 0 0 0
GPRESSURE: 4100 0 0 0 0 0 0 0 0 0
PRESSAVG: 4100 0 0 0 0 0 0 0 0 0
GPRESSAVG: 4100 0 0 0 0 0 0 0 0 0
ENERGY:    4100      1076.6769      1664.6542      2090.6105       148.9684            -41.2010      -825.5952         0.0000      5285.8353      2924.7965          12324.7457       293.6894      9399.9491     12348.9988       295.3693

PRESSURE: 4200 0 0 0 0 0 0 0 0 0
GPRESSURE: 4200 0 0 0 0 0 0 0 0 0
PRESSAVG: 4200 0 0 0 0 0 0 0 0 0
GPRESSAVG: 4200 0 0 0 0 0 0 0 0 0
ENERGY:    4200      1076.1817      1684.1564      2078.3084       160.4760            -40.4952      -830.4130         0.0000      5299.0091      2890.9650          12318.1883       290.2923      9427.2233     12341.6845       293.1249

LDB: ============= START OF LOAD BALANCING ============== 4.25864
LDB: ============== END OF LOAD BALANCING =============== 4.2587
Info: useSync: 0 useProxySync: 0
LDB: =============== DONE WITH MIGRATION ================ 4.2588
PRESSURE: 4300 0 0 0 0 0 0 0 0 0
GPRESSURE: 4300 0 0 0 0 0 0 0 0 0
PRESSAVG: 4300 0 0 0 0 0 0 0 0 0
GPRESSAVG: 4300 0 0 0 0 0 0 0 0 0
ENERGY:    4300      1077.3101      1669.9597      2078.9793       158.3286            -39.3274      -855.5130         0.0000      5301.1682      2943.9646          12334.8700       295.6142      9390.9054     12358.4743       291.2190

LDB: ============= START OF LOAD BALANCING ============== 4.30316
LDB: TIME 4.3034 LOAD: AVG 0.0131523 MAX 0.0366156  PROXIES: TOTAL 171 MAXPE 10 MAXPATCH 7 None MEM: 827.75 MB
LDB: TIME 4.30355 LOAD: AVG 0.0131523 MAX 0.0366156  PROXIES: TOTAL 171 MAXPE 10 MAXPATCH 7 RefineTorusLB MEM: 827.812 MB
LDB: TIME 4.30368 LOAD: AVG 0.0131523 MAX 0.0366156  PROXIES: TOTAL 171 MAXPE 10 MAXPATCH 7 RefineTorusLB MEM: 827.812 MB
LDB: Reverting to original mapping
LDB: ============== END OF LOAD BALANCING =============== 4.30391
Info: build node-aware spanning tree with send: 1, recv: 0 with branch factor 4
Info: useSync: 0 useProxySync: 0
LDB: =============== DONE WITH MIGRATION ================ 4.30456
PRESSURE: 4400 0 0 0 0 0 0 0 0 0
GPRESSURE: 4400 0 0 0 0 0 0 0 0 0
PRESSAVG: 4400 0 0 0 0 0 0 0 0 0
GPRESSAVG: 4400 0 0 0 0 0 0 0 0 0
ENERGY:    4400      1070.9419      1655.3308      2073.1821       146.5366            -38.7056      -786.9177         0.0000      5288.0900      2991.4854          12399.9435       300.3859      9408.4580     12427.7410       294.5934

PRESSURE: 4500 0 0 0 0 0 0 0 0 0
GPRESSURE: 4500 0 0 0 0 0 0 0 0 0
PRESSAVG: 4500 0 0 0 0 0 0 0 0 0
GPRESSAVG: 4500 0 0 0 0 0 0 0 0 0
ENERGY:    4500      1114.0850      1675.1464      2084.9707       163.5114            -38.8713      -813.4871         0.0000      5282.1251      2921.4732          12388.9535       293.3557      9467.4803     12411.3762       296.0673

PRESSURE: 4600 0 0 0 0 0 0 0 0 0
GPRESSURE: 4600 0 0 0 0 0 0 0 0 0
PRESSAVG: 4600 0 0 0 0 0 0 0 0 0
GPRESSAVG: 4600 0 0 0 0 0 0 0 0 0
ENERGY:    4600      1090.5513      1688.5123      2057.2054       146.4053            -39.3605      -817.6436         0.0000      5281.1477      3043.9106          12450.7286       305.6501      9406.8180     12471.9222       298.1477

PRESSURE: 4700 0 0 0 0 0 0 0 0 0
GPRESSURE: 4700 0 0 0 0 0 0 0 0 0
PRESSAVG: 4700 0 0 0 0 0 0 0 0 0
GPRESSAVG: 4700 0 0 0 0 0 0 0 0 0
ENERGY:    4700      1087.1150      1698.6709      2094.7126       169.0402            -39.4840      -810.8632         0.0000      5288.1883      2976.5010          12463.8809       298.8813      9487.3799     12490.1727       299.5657

PRESSURE: 4800 0 0 0 0 0 0 0 0 0
GPRESSURE: 4800 0 0 0 0 0 0 0 0 0
PRESSAVG: 4800 0 0 0 0 0 0 0 0 0
GPRESSAVG: 4800 0 0 0 0 0 0 0 0 0
ENERGY:    4800      1149.3125      1705.1119      2073.3795       151.3751            -39.5880      -806.1690         0.0000      5285.8957      2953.2456          12472.5634       296.5461      9519.3179     12494.4007       299.9917

PRESSURE: 4900 0 0 0 0 0 0 0 0 0
GPRESSURE: 4900 0 0 0 0 0 0 0 0 0
PRESSAVG: 4900 0 0 0 0 0 0 0 0 0
GPRESSAVG: 4900 0 0 0 0 0 0 0 0 0
ENERGY:    4900      1095.7329      1690.7585      2112.0478       169.9770            -39.6228      -833.5003         0.0000      5282.0295      3004.1301          12481.5529       301.6556      9477.4228     12505.9776       301.3894

PRESSURE: 5000 0 0 0 0 0 0 0 0 0
GPRESSURE: 5000 0 0 0 0 0 0 0 0 0
PRESSAVG: 5000 0 0 0 0 0 0 0 0 0
GPRESSAVG: 5000 0 0 0 0 0 0 0 0 0
TIMING: 5000  CPU: 2.35549, 0.000445826/step  Wall: 2.37992, 0.00044847/step, 0 hours remaining, 827.812500 MB of memory in use.
ETITLE:      TS           BOND          ANGLE          DIHED          IMPRP               ELECT            VDW       BOUNDARY           MISC        KINETIC               TOTAL           TEMP      POTENTIAL         TOTAL3        TEMPAVG

ENERGY:    5000      1105.0917      1675.3376      2070.1203       149.2873            -39.4570      -810.3112         0.0000      5285.7963      2984.0314          12419.8963       299.6374      9435.8649     12440.8862       298.6577

WRITING EXTENDED SYSTEM TO RESTART FILE AT STEP 5000
WRITING COORDINATES TO DCD FILE adk-step1.dcd AT STEP 5000
WRITING COORDINATES TO RESTART FILE AT STEP 5000
FINISHED WRITING RESTART COORDINATES
The last position output (seq=5000) takes 0.002 seconds, 828.500 MB of memory in use
WRITING VELOCITIES TO RESTART FILE AT STEP 5000
FINISHED WRITING RESTART VELOCITIES
The last velocity output (seq=5000) takes 0.002 seconds, 828.500 MB of memory in use
WRITING EXTENDED SYSTEM TO OUTPUT FILE AT STEP 5000
WRITING COORDINATES TO OUTPUT FILE AT STEP 5000
CLOSING COORDINATE DCD FILE adk-step1.dcd
The last position output (seq=-2) takes 0.004 seconds, 828.500 MB of memory in use
WRITING VELOCITIES TO OUTPUT FILE AT STEP 5000
====================================================

WallClock: 4.579134  CPUTime: 3.116593  Memory: 828.500000 MB
End of program
