5_17_cc.dat
/gpfs/alpine/bip115/scratch/hrlee/radical.pilot.sandbox/re.session.login1.hrlee.018632.0003/pilot.0000/staging_area/5_17_cc.dat
5, 17
Choosing optimized barrier algorithm name I0:HybridBinomial:SHMEM:P2P
Converse/Charm++ Commit ID: v6.10.2-0-g7bf00fa-namd-charm-6.10.2-build-2020-Aug-05-556
Warning> Randomization of virtual memory (ASLR) is turned on in the kernel, thread migration may not work! Run 'echo 0 > /proc/sys/kernel/randomize_va_space' as root to disable it, or try running with '+isomalloc_sync'.
CharmLB> Load balancer assumes all CPUs are same.
Charm++> Running on 1 hosts (1 sockets x 7 cores x 4 PUs = 28-way SMP)
Charm++> cpu topology info is gathered in 0.008 seconds.
Info: Built with CUDA version 10010
Did not find +devices i,j,k,... argument, using all
Pe 39 physical rank 39 will use CUDA device of pe 35
Pe 13 physical rank 13 will use CUDA device of pe 7
Pe 6 physical rank 6 will use CUDA device of pe 4
Pe 38 physical rank 38 will use CUDA device of pe 35
Pe 10 physical rank 10 will use CUDA device of pe 7
Pe 2 physical rank 2 will use CUDA device of pe 4
Pe 41 physical rank 41 will use CUDA device of pe 35
Pe 19 physical rank 19 will use CUDA device of pe 14
Pe 11 physical rank 11 will use CUDA device of pe 7
Pe 3 physical rank 3 will use CUDA device of pe 4
Pe 23 physical rank 23 will use CUDA device of pe 21
Pe 32 physical rank 32 will use CUDA device of pe 28
Pe 40 physical rank 40 will use CUDA device of pe 35
Pe 16 physical rank 16 will use CUDA device of pe 14
Pe 9 physical rank 9 will use CUDA device of pe 7
Pe 5 physical rank 5 will use CUDA device of pe 4
Pe 24 physical rank 24 will use CUDA device of pe 21
Pe 33 physical rank 33 will use CUDA device of pe 28
Pe 18 physical rank 18 will use CUDA device of pe 14
Pe 12 physical rank 12 will use CUDA device of pe 7
Pe 27 physical rank 27 will use CUDA device of pe 21
Pe 34 physical rank 34 will use CUDA device of pe 28
Pe 17 physical rank 17 will use CUDA device of pe 14
Pe 25 physical rank 25 will use CUDA device of pe 21
Pe 31 physical rank 31 will use CUDA device of pe 28
Pe 20 physical rank 20 will use CUDA device of pe 14
Pe 26 physical rank 26 will use CUDA device of pe 21
Pe 30 physical rank 30 will use CUDA device of pe 28
Pe 37 physical rank 37 will use CUDA device of pe 35
Pe 15 physical rank 15 will use CUDA device of pe 14
Pe 8 physical rank 8 will use CUDA device of pe 7
Pe 22 physical rank 22 will use CUDA device of pe 21
Pe 29 physical rank 29 will use CUDA device of pe 28
Pe 36 physical rank 36 will use CUDA device of pe 35
Pe 1 physical rank 1 will use CUDA device of pe 4
Pe 0 physical rank 0 will use CUDA device of pe 4
Pe 14 physical rank 14 binding to CUDA device 0 on g24n18: 'Tesla V100-SXM2-16GB'  Mem: 16128MB  Rev: 7.0  PCI: 4:6:0
Pe 7 physical rank 7 binding to CUDA device 0 on g24n18: 'Tesla V100-SXM2-16GB'  Mem: 16128MB  Rev: 7.0  PCI: 4:5:0
Pe 4 physical rank 4 binding to CUDA device 0 on g24n18: 'Tesla V100-SXM2-16GB'  Mem: 16128MB  Rev: 7.0  PCI: 4:4:0
Pe 21 physical rank 21 binding to CUDA device 0 on g24n18: 'Tesla V100-SXM2-16GB'  Mem: 16128MB  Rev: 7.0  PCI: 35:3:0
Pe 28 physical rank 28 binding to CUDA device 0 on g24n18: 'Tesla V100-SXM2-16GB'  Mem: 16128MB  Rev: 7.0  PCI: 35:4:0
Pe 35 physical rank 35 binding to CUDA device 0 on g24n18: 'Tesla V100-SXM2-16GB'  Mem: 16128MB  Rev: 7.0  PCI: 35:5:0
Info: NAMD 2.14 for Linux-POWER-pami-smp-Summit-CUDA
Info: 
Info: Please visit http://www.ks.uiuc.edu/Research/namd/
Info: for updates, documentation, and support information.
Info: 
Info: Please cite Phillips et al., J. Chem. Phys. 153:044130 (2020) doi:10.1063/5.0014475
Info: in all publications reporting results obtained with NAMD.
Info: 
Info: Based on Charm++/Converse 61002 for pami-linux-ppc64le-smp
Info: Built Wed Aug 5 14:28:51 EDT 2020 by jimp on login2
Info: 1 NAMD  2.14  Linux-POWER-pami-smp-Summit-CUDA  42    g24n18  hrlee
Info: Running on 42 processors, 6 nodes, 1 physical nodes.
Info: CPU topology information available.
Info: Charm++/Converse parallel runtime startup completed at 1.43016 s
CkLoopLib is used in SMP with simple dynamic scheduling (converse-level notification)
Info: 791.875 MB of memory in use based on /proc/self/stat
Info: Configuration file is adk-step1.namd
Info: Working in the current directory /gpfs/alpine/bip115/scratch/hrlee/radical.pilot.sandbox/re.session.login1.hrlee.018632.0003/pilot.0000/unit.001216
TCL: Suspending until startup complete.
Info: SIMULATION PARAMETERS:
Info: TIMESTEP               1
Info: NUMBER OF STEPS        0
Info: STEPS PER CYCLE        20
Info: LOAD BALANCER  Centralized
Info: LOAD BALANCING STRATEGY  New Load Balancers -- DEFAULT
Info: LDB PERIOD             4000 steps
Info: FIRST LDB TIMESTEP     100
Info: LAST LDB TIMESTEP     -1
Info: LDB BACKGROUND SCALING 1
Info: HOM BACKGROUND SCALING 1
Info: MIN ATOMS PER PATCH    40
Info: VELOCITY FILE          5_17_adk-step1.restart.vel
Info: CENTER OF MASS MOVING INITIALLY? NO
Info: DIELECTRIC             80
Info: EXCLUDE                SCALED ONE-FOUR
Info: 1-4 ELECTROSTATICS SCALED BY 1
Info: MODIFIED 1-4 VDW PARAMETERS WILL BE USED
Info: DCD FILENAME           adk-step1.dcd
Info: DCD FREQUENCY          1000
Info: DCD FIRST STEP         1000
Info: NO EXTENDED SYSTEM TRAJECTORY OUTPUT
Info: NO VELOCITY DCD OUTPUT
Info: NO FORCE DCD OUTPUT
Info: OUTPUT FILENAME        adk-step1
Info: BINARY OUTPUT FILES WILL BE USED
Info: RESTART FILENAME       adk-step1.restart
Info: RESTART FREQUENCY      1000
Info: BINARY RESTART FILES WILL BE USED
Info: SWITCHING ACTIVE
Info: SWITCHING ON           9
Info: SWITCHING OFF          10
Info: PAIRLIST DISTANCE      11
Info: PAIRLIST SHRINK RATE   0.01
Info: PAIRLIST GROW RATE     0.01
Info: PAIRLIST TRIGGER       0.3
Info: PAIRLISTS PER CYCLE    2
Info: PAIRLISTS ENABLED
Info: MARGIN                 0
Info: HYDROGEN GROUP CUTOFF  2.5
Info: PATCH DIMENSION        13.5
Info: ENERGY OUTPUT STEPS    100
Info: CROSSTERM ENERGY INCLUDED IN DIHEDRAL
Info: TIMING OUTPUT STEPS    1000
Info: PRESSURE OUTPUT STEPS  100
Info: GRID FORCE ACTIVE
Info:  Please include this reference in published work using
Info:  the Gridforce module of NAMD: David Wells, Volha Abramkina,
Info:  and Aleksei Aksimentiev, J. Chem. Phys. 127:125101-10 (2007).
Info: MGRIDFORCE key 0
Info:            Potfile 4ake-target_autopsf-grid.dx
Info:            Scale 0.3 0.3 0.3
Info:            File 1ake-docked-noh_autopsf-grid.pdb
Info:            Col O
Info:            ChargeCol B
Info:            VOffset 0 0 0
Info:            Continuous K1 FALSE
Info:            Continuous K2 FALSE
Info:            Continuous K3 FALSE
Info:            Volts FALSE
Info:            Gridforce-Lite FALSE
Info:            Gridforce-CheckSize TRUE
Info: LANGEVIN DYNAMICS ACTIVE
Info: LANGEVIN TEMPERATURE   300
Info: LANGEVIN USING BBK INTEGRATOR
Info: LANGEVIN DAMPING COEFFICIENT IS 5 INVERSE PS
Info: LANGEVIN DYNAMICS NOT APPLIED TO HYDROGENS
Info: USING VERLET I (r-RESPA) MTS SCHEME.
Info: C1 SPLITTING OF LONG RANGE ELECTROSTATICS
Info: PLACING ATOMS IN PATCHES BY HYDROGEN GROUPS
Info: RIGID BONDS TO HYDROGEN : WATER
Info:         ERROR TOLERANCE : 1e-08
Info:          MAX ITERATIONS : 100
Info: RIGID WATER USING SETTLE ALGORITHM
Info: NONBONDED FORCES EVALUATED EVERY 2 STEPS
Info: RANDOM NUMBER SEED     1609822839
Info: USE HYDROGEN BONDS?    NO
Info: COORDINATE PDB         1ake-docked-noh_autopsf.pdb
Info: STRUCTURE FILE         1ake-docked-noh_autopsf.psf
Info: PARAMETER file: CHARMM format! 
Info: PARAMETERS             par_all36_prot.prm
Info: USING ARITHMETIC MEAN TO COMBINE L-J SIGMA PARAMETERS
Info: BINARY COORDINATES     5_17_adk-step1.restart.coor
Info: SUMMARY OF PARAMETERS:
Info: 132 BONDS
Info: 362 ANGLES
Info: 702 DIHEDRAL
Info: 35 IMPROPER
Info: 6 CROSSTERM
Info: 53 VDW
Info: 0 VDW_PAIRS
Info: 0 NBTHOLE_PAIRS
Info: TIME FOR READING PSF FILE: 0.373292
Info: READING EXTRA BONDS FILE 1ake-extrabonds.txt
Info: READING EXTRA BONDS FILE 1ake-extrabonds-cispeptide.txt
Info: READING EXTRA BONDS FILE 1ake-extrabonds-chirality.txt
Info: READ 80 EXTRA BONDS
Info: READ 80 EXTRA ANGLES
Warning: EXTRA ANGLES ARE COSINE-BASED BY DEFAULT TO MATCH PREVIOUS VERSIONS
Warning: FOR NORMAL HARMONIC EXTRA ANGLES SET extraBondsCosAngles off
Info: READ 493 EXTRA DIHEDRALS
Info: READ 438 EXTRA IMPROPERS
Info: Reading pdb file 1ake-docked-noh_autopsf.pdb
Info: TIME FOR READING PDB FILE: 0.0655772
Info: 
Info: ****************************
Info: STRUCTURE SUMMARY:
Info: 3341 ATOMS
Info: 3445 BONDS
Info: 6203 ANGLES
Info: 9414 DIHEDRALS
Info: 1005 IMPROPERS
Info: 212 CROSSTERMS
Info: 0 EXCLUSIONS
Info: 0 RIGID BONDS
Info: 1 GRIDS ACTIVE
Info: 10023 DEGREES OF FREEDOM
Info: 1656 HYDROGEN GROUPS
Info: 4 ATOMS IN LARGEST HYDROGEN GROUP
Info: 1656 MIGRATION GROUPS
Info: 4 ATOMS IN LARGEST MIGRATION GROUP
Info: TOTAL MASS = 23582 amu
Info: TOTAL CHARGE = -4 e
Info: *****************************
Info: Reading from binary file 5_17_adk-step1.restart.coor
Info: 
Info: Entering startup at 2.40812 s, 799 MB of memory in use
Info: Startup phase 0 took 0.000210821 s, 799.125 MB of memory in use
Info: ADDED 18308 IMPLICIT EXCLUSIONS
Info: Startup phase 1 took 0.0085119 s, 799.25 MB of memory in use
Info: NONBONDED TABLE R-SQUARED SPACING: 0.0625
Info: NONBONDED TABLE SIZE: 705 POINTS
Info: ABSOLUTE IMPRECISION IN FAST TABLE ENERGY: 3.38813e-21 AT 9.89634
Info: RELATIVE IMPRECISION IN FAST TABLE ENERGY: 4.23384e-15 AT 9.94673
Info: ABSOLUTE IMPRECISION IN FAST TABLE FORCE: 6.35275e-22 AT 9.94673
Info: RELATIVE IMPRECISION IN FAST TABLE FORCE: 5.07982e-16 AT 9.94673
Info: INCONSISTENCY IN FAST TABLE ENERGY VS FORCE: 0.000290185 AT 0.251946
Info: ABSOLUTE IMPRECISION IN VDWA TABLE ENERGY: 1.57772e-30 AT 9.89634
Info: RELATIVE IMPRECISION IN VDWA TABLE ENERGY: 4.54938e-15 AT 9.94673
Info: ABSOLUTE IMPRECISION IN VDWA TABLE FORCE: 5.91646e-31 AT 9.94673
Info: RELATIVE IMPRECISION IN VDWA TABLE FORCE: 5.6823e-16 AT 9.94673
Info: INCONSISTENCY IN VDWA TABLE ENERGY VS FORCE: 0.0040507 AT 0.251946
Info: ABSOLUTE IMPRECISION IN VDWB TABLE ENERGY: 4.71751e-25 AT 9.94673
Info: RELATIVE IMPRECISION IN VDWB TABLE ENERGY: 1.45371e-14 AT 9.94673
Info: ABSOLUTE IMPRECISION IN VDWB TABLE FORCE: 6.20385e-25 AT 9.94673
Info: RELATIVE IMPRECISION IN VDWB TABLE FORCE: 5.97512e-16 AT 9.94673
Info: INCONSISTENCY IN VDWB TABLE ENERGY VS FORCE: 0.00377068 AT 9.07951
Info: Startup phase 2 took 0.000532216 s, 800.375 MB of memory in use
Info: Startup phase 3 took 0.000188953 s, 800.375 MB of memory in use
Info: Startup phase 4 took 0.000246093 s, 800.5 MB of memory in use
Info: Startup phase 5 took 0.000173659 s, 800.562 MB of memory in use
Info: ORIGINAL ATOMS MINMAX IS -21.4063 -33.3092 -37.5942  17.2431 23.3567 15.9638
Info: ADJUSTED ATOMS MINMAX IS -15.7236 -28.101 -32.9899  11.6859 15.8055 8.35167
Info: PATCH GRID IS 3 BY 4 BY 4
Info: PATCH GRID IS 1-AWAY BY 1-AWAY BY 1-AWAY
Info: Reading from binary file 5_17_adk-step1.restart.vel
Info: REMOVING COM VELOCITY 0.0769203 -0.053504 -0.120015
Info: LARGEST PATCH (16) HAS 239 ATOMS
Info: TORUS A SIZE 1 USING 0
Info: TORUS B SIZE 1 USING 0
Info: TORUS C SIZE 1 USING 0
Info: TORUS MINIMAL MESH SIZE IS 1 BY 1 BY 1
Info: Placed 100% of base nodes on same physical node as patch
Info: Startup phase 6 took 0.00873236 s, 800.75 MB of memory in use
Info: Startup phase 7 took 0.000180412 s, 801.562 MB of memory in use
Info: Updated CUDA force table with 4096 elements.
Info: Updated CUDA LJ table with 53 x 53 elements.
Info: Updated CUDA force table with 4096 elements.
Info: Updated CUDA LJ table with 53 x 53 elements.
Info: Updated CUDA force table with 4096 elements.
Info: Updated CUDA LJ table with 53 x 53 elements.
Info: Updated CUDA force table with 4096 elements.
Info: Updated CUDA LJ table with 53 x 53 elements.
Info: Updated CUDA force table with 4096 elements.
Info: Updated CUDA LJ table with 53 x 53 elements.
Info: Updated CUDA force table with 4096 elements.
Info: Updated CUDA LJ table with 53 x 53 elements.
Info: Startup phase 8 took 0.0033815 s, 801.75 MB of memory in use
Info: Startup phase 9 took 0.000353698 s, 801.875 MB of memory in use
Info: Startup phase 10 took 0.000183344 s, 801.938 MB of memory in use
Info: Startup phase 11 took 0.000909075 s, 802.125 MB of memory in use
LDB: Central LB being created...
Info: Startup phase 12 took 0.00218241 s, 803.062 MB of memory in use
Info: CREATING 1046 COMPUTE OBJECTS
Info: Found 278 unique exclusion lists needing 900 bytes
Info: Found 278 unique exclusion lists needing 900 bytes
Info: Found 278 unique exclusion lists needing 900 bytes
Info: Found 278 unique exclusion lists needing 900 bytes
Info: Found 278 unique exclusion lists needing 900 bytes
Info: Found 278 unique exclusion lists needing 900 bytes
Info: Startup phase 13 took 0.0159379 s, 803.875 MB of memory in use
Info: Building spanning tree ... send: 1 recv: 0 with branch factor 4
Info: useSync: 0 useProxySync: 0
Info: Startup phase 14 took 0.000203872 s, 804.125 MB of memory in use
Info: Startup phase 15 took 0.000209523 s, 804.25 MB of memory in use
Info: Finished startup at 2.45026 s, 804.375 MB of memory in use

TCL: Running for 5000 steps
PRESSURE: 0 0 0 0 0 0 0 0 0 0
GPRESSURE: 0 0 0 0 0 0 0 0 0 0
ETITLE:      TS           BOND          ANGLE          DIHED          IMPRP               ELECT            VDW       BOUNDARY           MISC        KINETIC               TOTAL           TEMP      POTENTIAL         TOTAL3        TEMPAVG

ENERGY:       0      1123.8181      1722.2775      2084.2295       170.5657            -41.8453      -797.3092         0.0000      3696.2993      3039.5123          10997.5480       305.2084      7958.0357     11022.2957       305.2084

LDB: ============= START OF LOAD BALANCING ============== 2.46369
LDB: ============== END OF LOAD BALANCING =============== 2.46374
Info: useSync: 0 useProxySync: 0
LDB: =============== DONE WITH MIGRATION ================ 2.46382
LDB: ============= START OF LOAD BALANCING ============== 2.51018
LDB: Partitioning computes with target load 0.000000
LDB: Increased migratable compute count from 0 to 0
LDB: Largest unpartitionable compute is 0.000000
LDB: ============== END OF LOAD BALANCING =============== 2.51044
Info: build node-aware spanning tree with send: 1, recv: 0 with branch factor 4
Info: useSync: 0 useProxySync: 0
LDB: =============== DONE WITH MIGRATION ================ 2.51112
PRESSURE: 100 0 0 0 0 0 0 0 0 0
GPRESSURE: 100 0 0 0 0 0 0 0 0 0
PRESSAVG: 100 0 0 0 0 0 0 0 0 0
GPRESSAVG: 100 0 0 0 0 0 0 0 0 0
Info: Initial time: 42 CPUs 0.000580533 s/step 0.00671913 days/ns 819.812 MB memory
ENERGY:     100      1146.8130      1758.3382      2117.4355       144.1947            -42.0285      -822.1469         0.0000      3705.7679      3024.1562          11032.5300       303.6665      8008.3738     11057.8177       306.0113

LDB: ============= START OF LOAD BALANCING ============== 2.52256
LDB: ============== END OF LOAD BALANCING =============== 2.52259
Info: useSync: 0 useProxySync: 0
LDB: =============== DONE WITH MIGRATION ================ 2.52266
LDB: ============= START OF LOAD BALANCING ============== 2.56843
LDB: TIME 2.56861 LOAD: AVG 0.011609 MAX 0.0268447  PROXIES: TOTAL 185 MAXPE 10 MAXPATCH 7 None MEM: 820.125 MB
LDB: TIME 2.56878 LOAD: AVG 0.011609 MAX 0.0268447  PROXIES: TOTAL 185 MAXPE 10 MAXPATCH 7 TorusLB MEM: 820.25 MB
LDB: ============== END OF LOAD BALANCING =============== 2.56897
Info: build node-aware spanning tree with send: 1, recv: 0 with branch factor 4
Info: useSync: 0 useProxySync: 0
LDB: =============== DONE WITH MIGRATION ================ 2.5696
PRESSURE: 200 0 0 0 0 0 0 0 0 0
GPRESSURE: 200 0 0 0 0 0 0 0 0 0
PRESSAVG: 200 0 0 0 0 0 0 0 0 0
GPRESSAVG: 200 0 0 0 0 0 0 0 0 0
Info: Initial time: 42 CPUs 0.00057008 s/step 0.00659814 days/ns 820.25 MB memory
ENERGY:     200      1148.7213      1743.9269      2089.8465       164.2997            -41.8243      -816.6897         0.0000      3710.6014      3015.4462          11014.3279       302.7919      7998.8817     11041.6727       304.4990

LDB: ============= START OF LOAD BALANCING ============== 2.62656
LDB: TIME 2.62675 LOAD: AVG 0.0145301 MAX 0.0335306  PROXIES: TOTAL 185 MAXPE 10 MAXPATCH 7 None MEM: 821.375 MB
LDB: TIME 2.6269 LOAD: AVG 0.0145301 MAX 0.0335306  PROXIES: TOTAL 185 MAXPE 10 MAXPATCH 7 RefineTorusLB MEM: 821.438 MB
LDB: TIME 2.62701 LOAD: AVG 0.0145301 MAX 0.0335306  PROXIES: TOTAL 185 MAXPE 10 MAXPATCH 7 RefineTorusLB MEM: 821.438 MB
LDB: Reverting to original mapping
LDB: ============== END OF LOAD BALANCING =============== 2.6272
Info: build node-aware spanning tree with send: 1, recv: 0 with branch factor 4
Info: useSync: 0 useProxySync: 0
LDB: =============== DONE WITH MIGRATION ================ 2.62781
PRESSURE: 300 0 0 0 0 0 0 0 0 0
GPRESSURE: 300 0 0 0 0 0 0 0 0 0
PRESSAVG: 300 0 0 0 0 0 0 0 0 0
GPRESSAVG: 300 0 0 0 0 0 0 0 0 0
Info: Initial time: 42 CPUs 0.000568649 s/step 0.00658158 days/ns 821.438 MB memory
ENERGY:     300      1114.1811      1753.6749      2068.7008       159.4699            -41.9406      -806.6252         0.0000      3712.8019      3022.3701          10982.6329       303.4871      7960.2627     11005.8763       305.0894

LDB: ============= START OF LOAD BALANCING ============== 2.68547
LDB: TIME 2.68566 LOAD: AVG 0.0145241 MAX 0.0329076  PROXIES: TOTAL 185 MAXPE 10 MAXPATCH 7 None MEM: 822.312 MB
LDB: TIME 2.68581 LOAD: AVG 0.0145241 MAX 0.0329076  PROXIES: TOTAL 185 MAXPE 10 MAXPATCH 7 RefineTorusLB MEM: 822.312 MB
LDB: TIME 2.68592 LOAD: AVG 0.0145241 MAX 0.0329076  PROXIES: TOTAL 185 MAXPE 10 MAXPATCH 7 RefineTorusLB MEM: 822.312 MB
LDB: Reverting to original mapping
LDB: ============== END OF LOAD BALANCING =============== 2.68611
Info: build node-aware spanning tree with send: 1, recv: 0 with branch factor 4
Info: useSync: 0 useProxySync: 0
LDB: =============== DONE WITH MIGRATION ================ 2.68673
PRESSURE: 400 0 0 0 0 0 0 0 0 0
GPRESSURE: 400 0 0 0 0 0 0 0 0 0
PRESSAVG: 400 0 0 0 0 0 0 0 0 0
GPRESSAVG: 400 0 0 0 0 0 0 0 0 0
Info: Benchmark time: 42 CPUs 0.000575673 s/step 0.00666288 days/ns 822.312 MB memory
ENERGY:     400      1118.9612      1680.8962      2065.0274       137.3609            -42.8009      -768.2210         0.0000      3720.2774      3085.2173          10996.7186       309.7979      7911.5013     11024.9774       302.9387

PRESSURE: 500 0 0 0 0 0 0 0 0 0
GPRESSURE: 500 0 0 0 0 0 0 0 0 0
PRESSAVG: 500 0 0 0 0 0 0 0 0 0
GPRESSAVG: 500 0 0 0 0 0 0 0 0 0
Info: Benchmark time: 42 CPUs 0.000574624 s/step 0.00665075 days/ns 823.125 MB memory
ENERGY:     500      1154.8840      1686.0353      2088.5194       144.6889            -42.3853      -774.9752         0.0000      3721.9240      3019.7735          10998.4647       303.2264      7978.6912     11023.2210       305.1603

PRESSURE: 600 0 0 0 0 0 0 0 0 0
GPRESSURE: 600 0 0 0 0 0 0 0 0 0
PRESSAVG: 600 0 0 0 0 0 0 0 0 0
GPRESSAVG: 600 0 0 0 0 0 0 0 0 0
Info: Benchmark time: 42 CPUs 0.000570453 s/step 0.00660247 days/ns 823.125 MB memory
ENERGY:     600      1121.3044      1699.3270      2104.2791       166.5978            -43.1112      -780.6542         0.0000      3718.5674      3016.9840          11003.2944       302.9463      7986.3103     11029.5784       304.8421

PRESSURE: 700 0 0 0 0 0 0 0 0 0
GPRESSURE: 700 0 0 0 0 0 0 0 0 0
PRESSAVG: 700 0 0 0 0 0 0 0 0 0
GPRESSAVG: 700 0 0 0 0 0 0 0 0 0
Info: Benchmark time: 42 CPUs 0.000576034 s/step 0.00666706 days/ns 823.125 MB memory
ENERGY:     700      1108.4518      1702.3082      2078.4533       151.5770            -42.8343      -787.4414         0.0000      3727.5790      2999.0858          10937.1794       301.1491      7938.0936     10962.0266       302.9435

PRESSURE: 800 0 0 0 0 0 0 0 0 0
GPRESSURE: 800 0 0 0 0 0 0 0 0 0
PRESSAVG: 800 0 0 0 0 0 0 0 0 0
GPRESSAVG: 800 0 0 0 0 0 0 0 0 0
Info: Benchmark time: 42 CPUs 0.000574057 s/step 0.00664418 days/ns 823.125 MB memory
ENERGY:     800      1126.2226      1687.9766      2096.7551       152.2285            -42.2954      -769.9670         0.0000      3718.1530      2988.7797          10957.8531       300.1142      7969.0734     10980.6548       300.8378

PRESSURE: 900 0 0 0 0 0 0 0 0 0
GPRESSURE: 900 0 0 0 0 0 0 0 0 0
PRESSAVG: 900 0 0 0 0 0 0 0 0 0
GPRESSAVG: 900 0 0 0 0 0 0 0 0 0
Info: Benchmark time: 42 CPUs 0.000576774 s/step 0.00667562 days/ns 827 MB memory
ENERGY:     900      1105.3798      1717.1028      2041.2686       149.6165            -42.4640      -795.3700         0.0000      3713.7013      3025.2331          10914.4682       303.7746      7889.2351     10939.3732       302.2480

PRESSURE: 1000 0 0 0 0 0 0 0 0 0
GPRESSURE: 1000 0 0 0 0 0 0 0 0 0
PRESSAVG: 1000 0 0 0 0 0 0 0 0 0
GPRESSAVG: 1000 0 0 0 0 0 0 0 0 0
TIMING: 1000  CPU: 0.594433, 0.000576382/step  Wall: 0.59962, 0.000580554/step, 0.00064506 hours remaining, 827.000000 MB of memory in use.
ETITLE:      TS           BOND          ANGLE          DIHED          IMPRP               ELECT            VDW       BOUNDARY           MISC        KINETIC               TOTAL           TEMP      POTENTIAL         TOTAL3        TEMPAVG

ENERGY:    1000      1130.6310      1700.7542      2104.3561       148.4623            -42.7563      -808.3838         0.0000      3722.0218      2974.1031          10929.1884       298.6405      7955.0853     10951.8935       299.9406

WRITING EXTENDED SYSTEM TO RESTART FILE AT STEP 1000
OPENING COORDINATE DCD FILE
WRITING COORDINATES TO DCD FILE adk-step1.dcd AT STEP 1000
WRITING COORDINATES TO RESTART FILE AT STEP 1000
FINISHED WRITING RESTART COORDINATES
The last position output (seq=1000) takes 0.004 seconds, 827.188 MB of memory in use
WRITING VELOCITIES TO RESTART FILE AT STEP 1000
FINISHED WRITING RESTART VELOCITIES
The last velocity output (seq=1000) takes 0.002 seconds, 827.188 MB of memory in use
PRESSURE: 1100 0 0 0 0 0 0 0 0 0
GPRESSURE: 1100 0 0 0 0 0 0 0 0 0
PRESSAVG: 1100 0 0 0 0 0 0 0 0 0
GPRESSAVG: 1100 0 0 0 0 0 0 0 0 0
ENERGY:    1100      1161.0928      1694.5362      2086.7983       154.7921            -44.0667      -808.1730         0.0000      3723.6782      2986.2672          10954.9250       299.8619      7968.6578     10982.3757       301.4964

PRESSURE: 1200 0 0 0 0 0 0 0 0 0
GPRESSURE: 1200 0 0 0 0 0 0 0 0 0
PRESSAVG: 1200 0 0 0 0 0 0 0 0 0
GPRESSAVG: 1200 0 0 0 0 0 0 0 0 0
ENERGY:    1200      1126.8815      1658.8021      2077.6981       149.6908            -43.9929      -793.8419         0.0000      3714.8695      3083.0285          10973.1357       309.5781      7890.1072     10995.9359       304.0328

PRESSURE: 1300 0 0 0 0 0 0 0 0 0
GPRESSURE: 1300 0 0 0 0 0 0 0 0 0
PRESSAVG: 1300 0 0 0 0 0 0 0 0 0
GPRESSAVG: 1300 0 0 0 0 0 0 0 0 0
ENERGY:    1300      1074.2058      1707.0096      2115.0924       161.6123            -42.9197      -786.9075         0.0000      3719.0552      2993.3652          10940.5134       300.5747      7947.1482     10965.3281       302.0298

PRESSURE: 1400 0 0 0 0 0 0 0 0 0
GPRESSURE: 1400 0 0 0 0 0 0 0 0 0
PRESSAVG: 1400 0 0 0 0 0 0 0 0 0
GPRESSAVG: 1400 0 0 0 0 0 0 0 0 0
ENERGY:    1400      1135.9736      1733.5094      2095.0629       157.3390            -42.1235      -812.0145         0.0000      3719.9525      3029.9901          11017.6896       304.2523      7987.6994     11038.0319       304.3387

PRESSURE: 1500 0 0 0 0 0 0 0 0 0
GPRESSURE: 1500 0 0 0 0 0 0 0 0 0
PRESSAVG: 1500 0 0 0 0 0 0 0 0 0
GPRESSAVG: 1500 0 0 0 0 0 0 0 0 0
ENERGY:    1500      1143.6534      1691.2583      2112.1082       160.0076            -42.2681      -768.7307         0.0000      3723.0080      2974.6227          10993.6592       298.6926      8019.0365     11020.3367       305.1273

PRESSURE: 1600 0 0 0 0 0 0 0 0 0
GPRESSURE: 1600 0 0 0 0 0 0 0 0 0
PRESSAVG: 1600 0 0 0 0 0 0 0 0 0
GPRESSAVG: 1600 0 0 0 0 0 0 0 0 0
ENERGY:    1600      1113.6096      1726.7943      2103.0759       167.6332            -42.2313      -813.0033         0.0000      3726.3784      3006.9553          10989.2121       301.9393      7982.2568     11016.1604       304.2286

PRESSURE: 1700 0 0 0 0 0 0 0 0 0
GPRESSURE: 1700 0 0 0 0 0 0 0 0 0
PRESSAVG: 1700 0 0 0 0 0 0 0 0 0
GPRESSAVG: 1700 0 0 0 0 0 0 0 0 0
ENERGY:    1700      1130.9102      1672.2767      2108.0228       152.6181            -41.9347      -775.5938         0.0000      3724.9197      3026.2403          10997.4593       303.8758      7971.2190     11023.4238       304.2331

PRESSURE: 1800 0 0 0 0 0 0 0 0 0
GPRESSURE: 1800 0 0 0 0 0 0 0 0 0
PRESSAVG: 1800 0 0 0 0 0 0 0 0 0
GPRESSAVG: 1800 0 0 0 0 0 0 0 0 0
ENERGY:    1800      1137.7835      1690.2930      2079.3923       151.0836            -41.8510      -768.7603         0.0000      3727.0481      3082.8448          11057.8341       309.5596      7974.9893     11082.7243       304.8489

PRESSURE: 1900 0 0 0 0 0 0 0 0 0
GPRESSURE: 1900 0 0 0 0 0 0 0 0 0
PRESSAVG: 1900 0 0 0 0 0 0 0 0 0
GPRESSAVG: 1900 0 0 0 0 0 0 0 0 0
ENERGY:    1900      1115.1995      1730.3473      2091.3113       155.0072            -42.6401      -787.4760         0.0000      3724.1090      3025.6849          11011.5432       303.8200      7985.8583     11036.0516       305.7756

WRITING COORDINATES TO DCD FILE adk-step1.dcd AT STEP 2000
WRITING COORDINATES TO RESTART FILE AT STEP 2000
FINISHED WRITING RESTART COORDINATES
The last position output (seq=2000) takes 0.002 seconds, 827.188 MB of memory in use
PRESSURE: 2000 0 0 0 0 0 0 0 0 0
GPRESSURE: 2000 0 0 0 0 0 0 0 0 0
PRESSAVG: 2000 0 0 0 0 0 0 0 0 0
GPRESSAVG: 2000 0 0 0 0 0 0 0 0 0
TIMING: 2000  CPU: 1.17717, 0.000582734/step  Wall: 1.18544, 0.000585822/step, 0.000488185 hours remaining, 827.250000 MB of memory in use.
ETITLE:      TS           BOND          ANGLE          DIHED          IMPRP               ELECT            VDW       BOUNDARY           MISC        KINETIC               TOTAL           TEMP      POTENTIAL         TOTAL3        TEMPAVG

ENERGY:    2000      1129.8626      1708.6302      2065.0088       141.9959            -42.0658      -760.1349         0.0000      3734.7854      3026.2944          11004.3766       303.8812      7978.0821     11031.1294       302.7532

WRITING EXTENDED SYSTEM TO RESTART FILE AT STEP 2000
WRITING VELOCITIES TO RESTART FILE AT STEP 2000
FINISHED WRITING RESTART VELOCITIES
The last velocity output (seq=2000) takes 0.002 seconds, 827.250 MB of memory in use
PRESSURE: 2100 0 0 0 0 0 0 0 0 0
GPRESSURE: 2100 0 0 0 0 0 0 0 0 0
PRESSAVG: 2100 0 0 0 0 0 0 0 0 0
GPRESSAVG: 2100 0 0 0 0 0 0 0 0 0
ENERGY:    2100      1074.3708      1739.8754      2074.3378       156.6767            -41.0696      -780.0114         0.0000      3735.9855      3033.0674          10993.2325       304.5613      7960.1652     11018.9699       302.8029

PRESSURE: 2200 0 0 0 0 0 0 0 0 0
GPRESSURE: 2200 0 0 0 0 0 0 0 0 0
PRESSAVG: 2200 0 0 0 0 0 0 0 0 0
GPRESSAVG: 2200 0 0 0 0 0 0 0 0 0
ENERGY:    2200      1088.7521      1729.1535      2060.6057       147.2058            -40.6393      -783.2109         0.0000      3731.9592      2970.9995          10904.8257       298.3288      7933.8262     10930.1877       302.2191

PRESSURE: 2300 0 0 0 0 0 0 0 0 0
GPRESSURE: 2300 0 0 0 0 0 0 0 0 0
PRESSAVG: 2300 0 0 0 0 0 0 0 0 0
GPRESSAVG: 2300 0 0 0 0 0 0 0 0 0
ENERGY:    2300      1070.6638      1714.7571      2079.8542       139.7772            -41.6177      -788.5693         0.0000      3722.0383      2956.2255          10853.1291       296.8453      7896.9036     10879.9786       298.8926

PRESSURE: 2400 0 0 0 0 0 0 0 0 0
GPRESSURE: 2400 0 0 0 0 0 0 0 0 0
PRESSAVG: 2400 0 0 0 0 0 0 0 0 0
GPRESSAVG: 2400 0 0 0 0 0 0 0 0 0
ENERGY:    2400      1093.2500      1731.5074      2085.0805       139.6178            -42.3946      -799.6820         0.0000      3724.6763      2938.7090          10870.7643       295.0864      7932.0553     10892.9943       296.8930

PRESSURE: 2500 0 0 0 0 0 0 0 0 0
GPRESSURE: 2500 0 0 0 0 0 0 0 0 0
PRESSAVG: 2500 0 0 0 0 0 0 0 0 0
GPRESSAVG: 2500 0 0 0 0 0 0 0 0 0
ENERGY:    2500      1112.0298      1705.5437      2075.3855       152.9175            -43.4031      -794.6070         0.0000      3723.1843      2948.9362          10879.9868       296.1134      7931.0506     10905.7936       298.5386

PRESSURE: 2600 0 0 0 0 0 0 0 0 0
GPRESSURE: 2600 0 0 0 0 0 0 0 0 0
PRESSAVG: 2600 0 0 0 0 0 0 0 0 0
GPRESSAVG: 2600 0 0 0 0 0 0 0 0 0
ENERGY:    2600      1105.9057      1682.0726      2083.1376       152.6625            -43.6813      -772.4387         0.0000      3713.5773      2943.1635          10864.3991       295.5337      7921.2357     10888.5809       297.4985

PRESSURE: 2700 0 0 0 0 0 0 0 0 0
GPRESSURE: 2700 0 0 0 0 0 0 0 0 0
PRESSAVG: 2700 0 0 0 0 0 0 0 0 0
GPRESSAVG: 2700 0 0 0 0 0 0 0 0 0
ENERGY:    2700      1099.3396      1662.7275      2093.1162       160.1508            -42.6496      -750.0810         0.0000      3707.5821      2942.3988          10872.5843       295.4569      7930.1855     10897.5370       297.5622

PRESSURE: 2800 0 0 0 0 0 0 0 0 0
GPRESSURE: 2800 0 0 0 0 0 0 0 0 0
PRESSAVG: 2800 0 0 0 0 0 0 0 0 0
GPRESSAVG: 2800 0 0 0 0 0 0 0 0 0
ENERGY:    2800      1080.0058      1690.1555      2081.2790       146.2038            -41.6695      -790.8208         0.0000      3724.8780      3004.1971          10894.2289       301.6623      7890.0318     10917.2679       298.1401

PRESSURE: 2900 0 0 0 0 0 0 0 0 0
GPRESSURE: 2900 0 0 0 0 0 0 0 0 0
PRESSAVG: 2900 0 0 0 0 0 0 0 0 0
GPRESSAVG: 2900 0 0 0 0 0 0 0 0 0
ENERGY:    2900      1075.5847      1667.9363      2099.8825       166.1588            -41.3788      -793.3052         0.0000      3728.3584      2982.4543          10885.6911       299.4791      7903.2368     10905.5769       297.4659

PRESSURE: 3000 0 0 0 0 0 0 0 0 0
GPRESSURE: 3000 0 0 0 0 0 0 0 0 0
PRESSAVG: 3000 0 0 0 0 0 0 0 0 0
GPRESSAVG: 3000 0 0 0 0 0 0 0 0 0
TIMING: 3000  CPU: 1.74774, 0.000570572/step  Wall: 1.7588, 0.000573359/step, 0.000318533 hours remaining, 827.250000 MB of memory in use.
ETITLE:      TS           BOND          ANGLE          DIHED          IMPRP               ELECT            VDW       BOUNDARY           MISC        KINETIC               TOTAL           TEMP      POTENTIAL         TOTAL3        TEMPAVG

ENERGY:    3000      1078.3800      1685.8699      2076.0686       141.3536            -42.0181      -778.4138         0.0000      3730.4411      3010.0482          10901.7294       302.2499      7891.6813     10927.0242       296.7666

WRITING EXTENDED SYSTEM TO RESTART FILE AT STEP 3000
WRITING COORDINATES TO DCD FILE adk-step1.dcd AT STEP 3000
WRITING COORDINATES TO RESTART FILE AT STEP 3000
FINISHED WRITING RESTART COORDINATES
The last position output (seq=3000) takes 0.002 seconds, 827.375 MB of memory in use
WRITING VELOCITIES TO RESTART FILE AT STEP 3000
FINISHED WRITING RESTART VELOCITIES
The last velocity output (seq=3000) takes 0.002 seconds, 827.375 MB of memory in use
PRESSURE: 3100 0 0 0 0 0 0 0 0 0
GPRESSURE: 3100 0 0 0 0 0 0 0 0 0
PRESSAVG: 3100 0 0 0 0 0 0 0 0 0
GPRESSAVG: 3100 0 0 0 0 0 0 0 0 0
ENERGY:    3100      1092.6298      1650.5376      2081.9424       155.3810            -42.9132      -782.1632         0.0000      3711.8433      2975.7365          10842.9942       298.8045      7867.2576     10870.7979       298.3204

PRESSURE: 3200 0 0 0 0 0 0 0 0 0
GPRESSURE: 3200 0 0 0 0 0 0 0 0 0
PRESSAVG: 3200 0 0 0 0 0 0 0 0 0
GPRESSAVG: 3200 0 0 0 0 0 0 0 0 0
ENERGY:    3200      1151.4176      1701.8939      2078.2536       146.4401            -42.7322      -790.1090         0.0000      3707.5486      2928.4967          10881.2091       294.0610      7952.7124     10907.1396       298.2603

PRESSURE: 3300 0 0 0 0 0 0 0 0 0
GPRESSURE: 3300 0 0 0 0 0 0 0 0 0
PRESSAVG: 3300 0 0 0 0 0 0 0 0 0
GPRESSAVG: 3300 0 0 0 0 0 0 0 0 0
ENERGY:    3300      1070.6909      1672.8379      2105.9784       174.5447            -42.1424      -795.5249         0.0000      3701.1503      2953.8925          10841.4273       296.6111      7887.5348     10867.5654       298.2427

PRESSURE: 3400 0 0 0 0 0 0 0 0 0
GPRESSURE: 3400 0 0 0 0 0 0 0 0 0
PRESSAVG: 3400 0 0 0 0 0 0 0 0 0
GPRESSAVG: 3400 0 0 0 0 0 0 0 0 0
ENERGY:    3400      1128.3878      1693.4748      2102.8041       149.3364            -42.5341      -806.5044         0.0000      3706.9954      2958.7991          10890.7592       297.1037      7931.9601     10914.6506       297.4555

PRESSURE: 3500 0 0 0 0 0 0 0 0 0
GPRESSURE: 3500 0 0 0 0 0 0 0 0 0
PRESSAVG: 3500 0 0 0 0 0 0 0 0 0
GPRESSAVG: 3500 0 0 0 0 0 0 0 0 0
ENERGY:    3500      1106.4182      1661.6106      2089.6033       151.8440            -41.5367      -803.7253         0.0000      3721.5567      2980.7007          10866.4717       299.3030      7885.7709     10895.7440       298.7085

PRESSURE: 3600 0 0 0 0 0 0 0 0 0
GPRESSURE: 3600 0 0 0 0 0 0 0 0 0
PRESSAVG: 3600 0 0 0 0 0 0 0 0 0
GPRESSAVG: 3600 0 0 0 0 0 0 0 0 0
ENERGY:    3600      1085.2923      1648.3960      2104.9431       160.2616            -41.0497      -809.1180         0.0000      3727.5600      2936.3874          10812.6725       294.8533      7876.2852     10838.8699       295.3947

PRESSURE: 3700 0 0 0 0 0 0 0 0 0
GPRESSURE: 3700 0 0 0 0 0 0 0 0 0
PRESSAVG: 3700 0 0 0 0 0 0 0 0 0
GPRESSAVG: 3700 0 0 0 0 0 0 0 0 0
ENERGY:    3700      1099.1621      1685.9962      2063.8330       149.5898            -41.6903      -791.4701         0.0000      3724.7810      2910.5215          10800.7232       292.2560      7890.2017     10825.5836       295.6336

PRESSURE: 3800 0 0 0 0 0 0 0 0 0
GPRESSURE: 3800 0 0 0 0 0 0 0 0 0
PRESSAVG: 3800 0 0 0 0 0 0 0 0 0
GPRESSAVG: 3800 0 0 0 0 0 0 0 0 0
ENERGY:    3800      1112.9243      1682.4530      2052.1226       162.5125            -42.6858      -815.3950         0.0000      3717.8475      3033.2692          10903.0483       304.5816      7869.7791     10925.7135       296.5347

PRESSURE: 3900 0 0 0 0 0 0 0 0 0
GPRESSURE: 3900 0 0 0 0 0 0 0 0 0
PRESSAVG: 3900 0 0 0 0 0 0 0 0 0
GPRESSAVG: 3900 0 0 0 0 0 0 0 0 0
ENERGY:    3900      1124.3170      1674.4947      2082.3621       148.4120            -43.7780      -793.0749         0.0000      3718.9998      2972.5712          10884.3038       298.4867      7911.7327     10908.3852       298.8247

PRESSURE: 4000 0 0 0 0 0 0 0 0 0
GPRESSURE: 4000 0 0 0 0 0 0 0 0 0
PRESSAVG: 4000 0 0 0 0 0 0 0 0 0
GPRESSAVG: 4000 0 0 0 0 0 0 0 0 0
TIMING: 4000  CPU: 2.32027, 0.000572529/step  Wall: 2.3409, 0.000582102/step, 0.000161695 hours remaining, 827.375000 MB of memory in use.
ETITLE:      TS           BOND          ANGLE          DIHED          IMPRP               ELECT            VDW       BOUNDARY           MISC        KINETIC               TOTAL           TEMP      POTENTIAL         TOTAL3        TEMPAVG

ENERGY:    4000      1087.5061      1681.9988      2087.6847       150.2813            -43.2269      -773.4387         0.0000      3719.0051      2981.1795          10890.9899       299.3510      7909.8104     10917.8055       298.6755

WRITING EXTENDED SYSTEM TO RESTART FILE AT STEP 4000
WRITING COORDINATES TO DCD FILE adk-step1.dcd AT STEP 4000
WRITING COORDINATES TO RESTART FILE AT STEP 4000
FINISHED WRITING RESTART COORDINATES
The last position output (seq=4000) takes 0.002 seconds, 827.375 MB of memory in use
WRITING VELOCITIES TO RESTART FILE AT STEP 4000
FINISHED WRITING RESTART VELOCITIES
The last velocity output (seq=4000) takes 0.002 seconds, 827.375 MB of memory in use
PRESSURE: 4100 0 0 0 0 0 0 0 0 0
GPRESSURE: 4100 0 0 0 0 0 0 0 0 0
PRESSAVG: 4100 0 0 0 0 0 0 0 0 0
GPRESSAVG: 4100 0 0 0 0 0 0 0 0 0
ENERGY:    4100      1150.9483      1701.7120      2077.4444       162.3126            -42.9995      -800.4699         0.0000      3720.8024      2975.8990          10945.6493       298.8208      7969.7503     10968.4668       300.9007

PRESSURE: 4200 0 0 0 0 0 0 0 0 0
GPRESSURE: 4200 0 0 0 0 0 0 0 0 0
PRESSAVG: 4200 0 0 0 0 0 0 0 0 0
GPRESSAVG: 4200 0 0 0 0 0 0 0 0 0
ENERGY:    4200      1104.9593      1711.6927      2094.2193       161.1439            -43.2121      -845.4825         0.0000      3718.2942      2993.3549          10894.9696       300.5736      7901.6147     10919.2033       300.4882

LDB: ============= START OF LOAD BALANCING ============== 4.95084
LDB: ============== END OF LOAD BALANCING =============== 4.9509
Info: useSync: 0 useProxySync: 0
LDB: =============== DONE WITH MIGRATION ================ 4.95101
PRESSURE: 4300 0 0 0 0 0 0 0 0 0
GPRESSURE: 4300 0 0 0 0 0 0 0 0 0
PRESSAVG: 4300 0 0 0 0 0 0 0 0 0
GPRESSAVG: 4300 0 0 0 0 0 0 0 0 0
ENERGY:    4300      1101.5076      1727.3916      2079.8169       169.7078            -42.5096      -765.6259         0.0000      3717.0311      3000.6838          10988.0032       301.3095      7987.3195     11007.4840       302.1805

LDB: ============= START OF LOAD BALANCING ============== 5.00871
LDB: TIME 5.00894 LOAD: AVG 0.0145412 MAX 0.0328372  PROXIES: TOTAL 185 MAXPE 10 MAXPATCH 7 None MEM: 827.375 MB
LDB: TIME 5.0091 LOAD: AVG 0.0145412 MAX 0.0328372  PROXIES: TOTAL 185 MAXPE 10 MAXPATCH 7 RefineTorusLB MEM: 827.5 MB
LDB: TIME 5.00921 LOAD: AVG 0.0145412 MAX 0.0328372  PROXIES: TOTAL 185 MAXPE 10 MAXPATCH 7 RefineTorusLB MEM: 827.5 MB
LDB: Reverting to original mapping
LDB: ============== END OF LOAD BALANCING =============== 5.00941
Info: build node-aware spanning tree with send: 1, recv: 0 with branch factor 4
Info: useSync: 0 useProxySync: 0
LDB: =============== DONE WITH MIGRATION ================ 5.01005
PRESSURE: 4400 0 0 0 0 0 0 0 0 0
GPRESSURE: 4400 0 0 0 0 0 0 0 0 0
PRESSAVG: 4400 0 0 0 0 0 0 0 0 0
GPRESSAVG: 4400 0 0 0 0 0 0 0 0 0
ENERGY:    4400      1076.9793      1725.4132      2077.9231       161.4283            -42.0859      -782.6080         0.0000      3728.2486      2970.8781          10916.1766       298.3166      7945.2985     10938.7881       303.0540

PRESSURE: 4500 0 0 0 0 0 0 0 0 0
GPRESSURE: 4500 0 0 0 0 0 0 0 0 0
PRESSAVG: 4500 0 0 0 0 0 0 0 0 0
GPRESSAVG: 4500 0 0 0 0 0 0 0 0 0
ENERGY:    4500      1091.4044      1715.9068      2072.5403       163.3305            -41.6903      -806.1534         0.0000      3725.1852      3005.2693          10925.7929       301.7700      7920.5236     10950.2649       299.9914

PRESSURE: 4600 0 0 0 0 0 0 0 0 0
GPRESSURE: 4600 0 0 0 0 0 0 0 0 0
PRESSAVG: 4600 0 0 0 0 0 0 0 0 0
GPRESSAVG: 4600 0 0 0 0 0 0 0 0 0
ENERGY:    4600      1103.2388      1708.3374      2047.4351       152.9542            -41.8531      -771.8595         0.0000      3726.8800      2976.7874          10901.9202       298.9100      7925.1328     10922.3841       300.5009

PRESSURE: 4700 0 0 0 0 0 0 0 0 0
GPRESSURE: 4700 0 0 0 0 0 0 0 0 0
PRESSAVG: 4700 0 0 0 0 0 0 0 0 0
GPRESSAVG: 4700 0 0 0 0 0 0 0 0 0
ENERGY:    4700      1153.2295      1697.9057      2065.8282       145.6268            -42.0050      -781.0864         0.0000      3730.6356      3012.6411          10982.7754       302.5102      7970.1343     11008.3368       303.1852

PRESSURE: 4800 0 0 0 0 0 0 0 0 0
GPRESSURE: 4800 0 0 0 0 0 0 0 0 0
PRESSAVG: 4800 0 0 0 0 0 0 0 0 0
GPRESSAVG: 4800 0 0 0 0 0 0 0 0 0
ENERGY:    4800      1066.4017      1731.2682      2087.7053       161.8561            -41.6048      -826.5581         0.0000      3731.9698      3002.7083          10913.7464       301.5128      7911.0381     10938.9449       300.3105

PRESSURE: 4900 0 0 0 0 0 0 0 0 0
GPRESSURE: 4900 0 0 0 0 0 0 0 0 0
PRESSAVG: 4900 0 0 0 0 0 0 0 0 0
GPRESSAVG: 4900 0 0 0 0 0 0 0 0 0
ENERGY:    4900      1086.1626      1721.8109      2067.7411       155.5096            -41.8983      -799.5549         0.0000      3723.3392      3026.7274          10939.8375       303.9247      7913.1101     10963.7305       300.5056

PRESSURE: 5000 0 0 0 0 0 0 0 0 0
GPRESSURE: 5000 0 0 0 0 0 0 0 0 0
PRESSAVG: 5000 0 0 0 0 0 0 0 0 0
GPRESSAVG: 5000 0 0 0 0 0 0 0 0 0
TIMING: 5000  CPU: 2.89625, 0.000575985/step  Wall: 2.92286, 0.000581952/step, 0 hours remaining, 827.500000 MB of memory in use.
ETITLE:      TS           BOND          ANGLE          DIHED          IMPRP               ELECT            VDW       BOUNDARY           MISC        KINETIC               TOTAL           TEMP      POTENTIAL         TOTAL3        TEMPAVG

ENERGY:    5000      1099.5900      1750.9276      2069.7765       148.7518            -42.5486      -789.6830         0.0000      3704.4387      2976.6288          10917.8818       298.8941      7941.2530     10940.9463       301.7353

WRITING EXTENDED SYSTEM TO RESTART FILE AT STEP 5000
WRITING COORDINATES TO DCD FILE adk-step1.dcd AT STEP 5000
WRITING COORDINATES TO RESTART FILE AT STEP 5000
FINISHED WRITING RESTART COORDINATES
The last position output (seq=5000) takes 0.002 seconds, 828.125 MB of memory in use
WRITING VELOCITIES TO RESTART FILE AT STEP 5000
FINISHED WRITING RESTART VELOCITIES
The last velocity output (seq=5000) takes 0.002 seconds, 828.125 MB of memory in use
WRITING EXTENDED SYSTEM TO OUTPUT FILE AT STEP 5000
WRITING COORDINATES TO OUTPUT FILE AT STEP 5000
CLOSING COORDINATE DCD FILE adk-step1.dcd
The last position output (seq=-2) takes 0.004 seconds, 828.125 MB of memory in use
WRITING VELOCITIES TO OUTPUT FILE AT STEP 5000
====================================================

WallClock: 5.365767  CPUTime: 3.853173  Memory: 828.125000 MB
End of program
